<?xml version="1.0" encoding="UTF-8"?>
<testsuites name="M05 - Edit Sosial Media" time="488.788" tests="18" failures="13" errors="1">
   <testsuite name="M05 - Edit Sosial Media" tests="18" failures="13" errors="1" time="488.788" skipped="0" timestamp="2023-09-29 10:50:32" hostname="USER - DESKTOP-22KTP91" id="Test Suites/M05 - Edit Sosial Media">
      <properties>
         <property name="deviceName" value=""/>
         <property name="devicePlatform" value=""/>
         <property name="logFolder" value="F:\\bootcamp\\Miniproject\\Tajalapak\\Reports\\20230929_105017\\M05 - Edit Sosial Media\\20230929_105017"/>
         <property name="logFiles" value="F:\\bootcamp\\Miniproject\\Tajalapak\\Reports\\20230929_105017\\M05 - Edit Sosial Media\\20230929_105017\\execution0.log"/>
         <property name="attachments" value="F:\\bootcamp\\Miniproject\\Tajalapak\\Reports\\20230929_105017\\M05 - Edit Sosial Media\\20230929_105017\\1695959694726.png, F:\\bootcamp\\Miniproject\\Tajalapak\\Reports\\20230929_105017\\M05 - Edit Sosial Media\\20230929_105017\\1695959720245.png, F:\\bootcamp\\Miniproject\\Tajalapak\\Reports\\20230929_105017\\M05 - Edit Sosial Media\\20230929_105017\\1695959843938.png, F:\\bootcamp\\Miniproject\\Tajalapak\\Reports\\20230929_105017\\M05 - Edit Sosial Media\\20230929_105017\\1695959870607.png, F:\\bootcamp\\Miniproject\\Tajalapak\\Reports\\20230929_105017\\M05 - Edit Sosial Media\\20230929_105017\\1695959895426.png, F:\\bootcamp\\Miniproject\\Tajalapak\\Reports\\20230929_105017\\M05 - Edit Sosial Media\\20230929_105017\\1695959920827.png"/>
         <property name="hostName" value="USER - DESKTOP-22KTP91"/>
         <property name="os" value="Windows 10 64bit"/>
         <property name="katalonVersion" value="8.6.5.208"/>
         <property name="browser" value="Firefox 117.0"/>
         <property name="hostAddress" value="10.9.2.65"/>
         <property name="sessionId" value="f1a8274c-78d0-42c4-b9e1-25ae41b86eef"/>
         <property name="seleniumVersion" value="3.141.59"/>
         <property name="proxyInformation" value="ProxyInformation { proxyOption=NO_PROXY, proxyServerType=HTTP, username=, password=********, proxyServerAddress=, proxyServerPort=0, executionList=&quot;&quot;, isApplyToDesiredCapabilities=true }"/>
         <property name="platform" value="Windows 10"/>
      </properties>
      <testcase name="Test Cases/M05 -Edit Sosial Media/TC-LS-001" time="21.263" classname="Test Cases/M05 -Edit Sosial Media/TC-LS-001" status="PASSED">
         <system-out><![CDATA[2023-09-29 10:50:33 - [TEST_CASE][PASSED] - Test Cases/M05 -Edit Sosial Media/TC-LS-001: Test Cases/M05 -Edit Sosial Media/TC-LS-001

2023-09-29 10:50:33 - [TEST_STEP][PASSED] - openBrowser(urlWeb): Browser is opened with url: 'https://10.9.2.63/ecommerce/'

2023-09-29 10:50:34 - [MESSAGE][INFO] - Starting 'Firefox' driver

2023-09-29 10:50:34 - [MESSAGE][INFO] - Action delay is set to 0 milliseconds

2023-09-29 10:50:48 - [MESSAGE][PASSED] - Browser is opened with url: 'https://10.9.2.63/ecommerce/'

2023-09-29 10:50:48 - [TEST_STEP][PASSED] - maximizeWindow(): Current window maximized

2023-09-29 10:50:48 - [MESSAGE][PASSED] - Current window maximized

2023-09-29 10:50:48 - [TEST_STEP][PASSED] - click(findTestObject("Login/a_Login")): Object: 'Object Repository/Login/a_Login' is clicked on

2023-09-29 10:50:49 - [MESSAGE][PASSED] - Object: 'Object Repository/Login/a_Login' is clicked on

2023-09-29 10:50:49 - [TEST_STEP][PASSED] - setText(findTestObject("Login/input_Username, Email atau No. Handphone_a"), "runa36"): Text 'runa36' is set on object 'Object Repository/Login/input_Username, Email atau No. Handphone_a'

2023-09-29 10:50:50 - [MESSAGE][PASSED] - Text 'runa36' is set on object 'Object Repository/Login/input_Username, Email atau No. Handphone_a'

2023-09-29 10:50:50 - [TEST_STEP][PASSED] - setEncryptedText(findTestObject("Login/input_Password di Login(Masuk)"), "qbkrdMwyWE4="): Text ****** has been set on object 'Object Repository/Login/input_Password di Login(Masuk)'

2023-09-29 10:50:51 - [MESSAGE][PASSED] - Text ****** has been set on object 'Object Repository/Login/input_Password di Login(Masuk)'

2023-09-29 10:50:51 - [TEST_STEP][PASSED] - click(findTestObject("Login/button_Masuk di halaman login")): Object: 'Object Repository/Login/button_Masuk di halaman login' is clicked on

2023-09-29 10:50:53 - [MESSAGE][PASSED] - Object: 'Object Repository/Login/button_Masuk di halaman login' is clicked on

2023-09-29 10:50:53 - [TEST_STEP][PASSED] - verifyElementPresent(findTestObject("edit sosial media/verifikasi masuk halaman biodata diri"), 0): Object 'Object Repository/edit sosial media/verifikasi masuk halaman biodata diri' is present

2023-09-29 10:50:54 - [MESSAGE][WARNING] - Timeout '0' is invalid. Using default page load timeout: '30'

2023-09-29 10:50:54 - [MESSAGE][PASSED] - Object 'Object Repository/edit sosial media/verifikasi masuk halaman biodata diri' is present]]></system-out>
         <system-err><![CDATA[]]></system-err>
      </testcase>
      <testcase name="Test Cases/M05 -Edit Sosial Media/TC-ESMS-001" time="37.842" classname="Test Cases/M05 -Edit Sosial Media/TC-ESMS-001" status="PASSED">
         <system-out><![CDATA[2023-09-29 10:50:54 - [TEST_CASE][PASSED] - Test Cases/M05 -Edit Sosial Media/TC-ESMS-001: Test Cases/M05 -Edit Sosial Media/TC-ESMS-001

2023-09-29 10:50:55 - [TEST_STEP][PASSED] - callTestCase(findTestCase("M05 -Edit Sosial Media/TC-LS-001"), [:], STOP_ON_FAILURE): Call Test Case 'Test Cases/M05 -Edit Sosial Media/TC-LS-001' successfully

2023-09-29 10:50:56 - [TEST_CASE][PASSED] - Test Cases/M05 -Edit Sosial Media/TC-LS-001: Test Cases/M05 -Edit Sosial Media/TC-LS-001

2023-09-29 10:50:56 - [TEST_STEP][PASSED] - openBrowser(urlWeb): Browser is opened with url: 'https://10.9.2.63/ecommerce/'

2023-09-29 10:50:56 - [MESSAGE][WARNING] - A browser is already opened. Closing browser and opening a new one

2023-09-29 10:50:57 - [MESSAGE][INFO] - Starting 'Firefox' driver

2023-09-29 10:50:57 - [MESSAGE][INFO] - Action delay is set to 0 milliseconds

2023-09-29 10:51:06 - [MESSAGE][PASSED] - Browser is opened with url: 'https://10.9.2.63/ecommerce/'

2023-09-29 10:51:06 - [TEST_STEP][PASSED] - maximizeWindow(): Current window maximized

2023-09-29 10:51:06 - [MESSAGE][PASSED] - Current window maximized

2023-09-29 10:51:06 - [TEST_STEP][PASSED] - click(findTestObject("Login/a_Login")): Object: 'Object Repository/Login/a_Login' is clicked on

2023-09-29 10:51:07 - [MESSAGE][PASSED] - Object: 'Object Repository/Login/a_Login' is clicked on

2023-09-29 10:51:07 - [TEST_STEP][PASSED] - setText(findTestObject("Login/input_Username, Email atau No. Handphone_a"), "runa36"): Text 'runa36' is set on object 'Object Repository/Login/input_Username, Email atau No. Handphone_a'

2023-09-29 10:51:08 - [MESSAGE][PASSED] - Text 'runa36' is set on object 'Object Repository/Login/input_Username, Email atau No. Handphone_a'

2023-09-29 10:51:08 - [TEST_STEP][PASSED] - setEncryptedText(findTestObject("Login/input_Password di Login(Masuk)"), "qbkrdMwyWE4="): Text ****** has been set on object 'Object Repository/Login/input_Password di Login(Masuk)'

2023-09-29 10:51:09 - [MESSAGE][PASSED] - Text ****** has been set on object 'Object Repository/Login/input_Password di Login(Masuk)'

2023-09-29 10:51:09 - [TEST_STEP][PASSED] - click(findTestObject("Login/button_Masuk di halaman login")): Object: 'Object Repository/Login/button_Masuk di halaman login' is clicked on

2023-09-29 10:51:10 - [MESSAGE][PASSED] - Object: 'Object Repository/Login/button_Masuk di halaman login' is clicked on

2023-09-29 10:51:10 - [TEST_STEP][PASSED] - verifyElementPresent(findTestObject("edit sosial media/verifikasi masuk halaman biodata diri"), 0): Object 'Object Repository/edit sosial media/verifikasi masuk halaman biodata diri' is present

2023-09-29 10:51:10 - [MESSAGE][WARNING] - Timeout '0' is invalid. Using default page load timeout: '30'

2023-09-29 10:51:11 - [MESSAGE][PASSED] - Object 'Object Repository/edit sosial media/verifikasi masuk halaman biodata diri' is present

2023-09-29 10:51:11 - [MESSAGE][PASSED] - Call Test Case 'Test Cases/M05 -Edit Sosial Media/TC-LS-001' successfully

2023-09-29 10:51:11 - [TEST_STEP][PASSED] - verifyElementPresent(findTestObject("edit sosial media/verifikasi masuk halaman biodata diri"), 0): Object 'Object Repository/edit sosial media/verifikasi masuk halaman biodata diri' is present

2023-09-29 10:51:11 - [MESSAGE][WARNING] - Timeout '0' is invalid. Using default page load timeout: '30'

2023-09-29 10:51:11 - [MESSAGE][PASSED] - Object 'Object Repository/edit sosial media/verifikasi masuk halaman biodata diri' is present

2023-09-29 10:51:11 - [TEST_STEP][PASSED] - click(findTestObject("edit sosial media/a_Sosmed")): Object: 'Object Repository/edit sosial media/a_Sosmed' is clicked on

2023-09-29 10:51:13 - [MESSAGE][PASSED] - Object: 'Object Repository/edit sosial media/a_Sosmed' is clicked on

2023-09-29 10:51:13 - [TEST_STEP][PASSED] - click(findTestObject("edit sosial media/Edit Sosial Media")): Object: 'Object Repository/edit sosial media/Edit Sosial Media' is clicked on

2023-09-29 10:51:15 - [MESSAGE][PASSED] - Object: 'Object Repository/edit sosial media/Edit Sosial Media' is clicked on

2023-09-29 10:51:15 - [TEST_STEP][PASSED] - clearText(findTestObject("edit sosial media/input_Facebook_a")): Text of object 'Object Repository/edit sosial media/input_Facebook_a' is cleared

2023-09-29 10:51:15 - [MESSAGE][PASSED] - Text of object 'Object Repository/edit sosial media/input_Facebook_a' is cleared

2023-09-29 10:51:15 - [TEST_STEP][PASSED] - setText(findTestObject("edit sosial media/input_Facebook_a"), Facebook): Text 'Runarun' is set on object 'Object Repository/edit sosial media/input_Facebook_a'

2023-09-29 10:51:16 - [MESSAGE][PASSED] - Text 'Runarun' is set on object 'Object Repository/edit sosial media/input_Facebook_a'

2023-09-29 10:51:16 - [TEST_STEP][PASSED] - clearText(findTestObject("edit sosial media/input_Twitter_b")): Text of object 'Object Repository/edit sosial media/input_Twitter_b' is cleared

2023-09-29 10:51:17 - [MESSAGE][PASSED] - Text of object 'Object Repository/edit sosial media/input_Twitter_b' is cleared

2023-09-29 10:51:17 - [TEST_STEP][PASSED] - setText(findTestObject("edit sosial media/input_Twitter_b"), Twitter): Text 'Runaya71' is set on object 'Object Repository/edit sosial media/input_Twitter_b'

2023-09-29 10:51:18 - [MESSAGE][PASSED] - Text 'Runaya71' is set on object 'Object Repository/edit sosial media/input_Twitter_b'

2023-09-29 10:51:18 - [TEST_STEP][PASSED] - clearText(findTestObject("edit sosial media/input_Instagram_c")): Text of object 'Object Repository/edit sosial media/input_Instagram_c' is cleared

2023-09-29 10:51:18 - [MESSAGE][PASSED] - Text of object 'Object Repository/edit sosial media/input_Instagram_c' is cleared

2023-09-29 10:51:18 - [TEST_STEP][PASSED] - setText(findTestObject("edit sosial media/input_Instagram_c"), Instagram): Text 'Runarun' is set on object 'Object Repository/edit sosial media/input_Instagram_c'

2023-09-29 10:51:19 - [MESSAGE][PASSED] - Text 'Runarun' is set on object 'Object Repository/edit sosial media/input_Instagram_c'

2023-09-29 10:51:19 - [TEST_STEP][PASSED] - clearText(findTestObject("edit sosial media/input_Whatsapp_d")): Text of object 'Object Repository/edit sosial media/input_Whatsapp_d' is cleared

2023-09-29 10:51:20 - [MESSAGE][PASSED] - Text of object 'Object Repository/edit sosial media/input_Whatsapp_d' is cleared

2023-09-29 10:51:20 - [TEST_STEP][PASSED] - setText(findTestObject("edit sosial media/input_Whatsapp_d"), Whatsapp): Text '+6281122223333' is set on object 'Object Repository/edit sosial media/input_Whatsapp_d'

2023-09-29 10:51:20 - [MESSAGE][PASSED] - Text '+6281122223333' is set on object 'Object Repository/edit sosial media/input_Whatsapp_d'

2023-09-29 10:51:20 - [TEST_STEP][PASSED] - clearText(findTestObject("edit sosial media/input_Telegram_e")): Text of object 'Object Repository/edit sosial media/input_Telegram_e' is cleared

2023-09-29 10:51:21 - [MESSAGE][PASSED] - Text of object 'Object Repository/edit sosial media/input_Telegram_e' is cleared

2023-09-29 10:51:21 - [TEST_STEP][PASSED] - setText(findTestObject("edit sosial media/input_Telegram_e"), Telegram): Text '@Runaya71' is set on object 'Object Repository/edit sosial media/input_Telegram_e'

2023-09-29 10:51:22 - [MESSAGE][PASSED] - Text '@Runaya71' is set on object 'Object Repository/edit sosial media/input_Telegram_e'

2023-09-29 10:51:22 - [TEST_STEP][PASSED] - clearText(findTestObject("edit sosial media/input_Youtube_f")): Text of object 'Object Repository/edit sosial media/input_Youtube_f' is cleared

2023-09-29 10:51:22 - [MESSAGE][PASSED] - Text of object 'Object Repository/edit sosial media/input_Youtube_f' is cleared

2023-09-29 10:51:22 - [TEST_STEP][PASSED] - setText(findTestObject("edit sosial media/input_Youtube_f"), Youtube): Text 'Runarun' is set on object 'Object Repository/edit sosial media/input_Youtube_f'

2023-09-29 10:51:23 - [MESSAGE][PASSED] - Text 'Runarun' is set on object 'Object Repository/edit sosial media/input_Youtube_f'

2023-09-29 10:51:23 - [TEST_STEP][PASSED] - clearText(findTestObject("edit sosial media/input_LinkedIn_g")): Text of object 'Object Repository/edit sosial media/input_LinkedIn_g' is cleared

2023-09-29 10:51:24 - [MESSAGE][PASSED] - Text of object 'Object Repository/edit sosial media/input_LinkedIn_g' is cleared

2023-09-29 10:51:24 - [TEST_STEP][PASSED] - setText(findTestObject("edit sosial media/input_LinkedIn_g"), LinkedIn): Text 'RunaOkta' is set on object 'Object Repository/edit sosial media/input_LinkedIn_g'

2023-09-29 10:51:25 - [MESSAGE][PASSED] - Text 'RunaOkta' is set on object 'Object Repository/edit sosial media/input_LinkedIn_g'

2023-09-29 10:51:25 - [TEST_STEP][PASSED] - clearText(findTestObject("edit sosial media/input_Google_h")): Text of object 'Object Repository/edit sosial media/input_Google_h' is cleared

2023-09-29 10:51:25 - [MESSAGE][PASSED] - Text of object 'Object Repository/edit sosial media/input_Google_h' is cleared

2023-09-29 10:51:25 - [TEST_STEP][PASSED] - setText(findTestObject("edit sosial media/input_Google_h"), Google): Text '+Runaya' is set on object 'Object Repository/edit sosial media/input_Google_h'

2023-09-29 10:51:26 - [MESSAGE][PASSED] - Text '+Runaya' is set on object 'Object Repository/edit sosial media/input_Google_h'

2023-09-29 10:51:26 - [TEST_STEP][PASSED] - click(findTestObject("edit sosial media/center_Simpan Sosial Media")): Object: 'Object Repository/edit sosial media/center_Simpan Sosial Media' is clicked on

2023-09-29 10:51:27 - [MESSAGE][PASSED] - Object: 'Object Repository/edit sosial media/center_Simpan Sosial Media' is clicked on

2023-09-29 10:51:27 - [TEST_STEP][PASSED] - face = getText(findTestObject("hasil sosmed/hasil facebook_a")): Text of object 'Object Repository/hasil sosmed/hasil facebook_a' is: 'Runarun'

2023-09-29 10:51:28 - [MESSAGE][PASSED] - Text of object 'Object Repository/hasil sosmed/hasil facebook_a' is: 'Runarun'

2023-09-29 10:51:28 - [TEST_STEP][PASSED] - Twit = getText(findTestObject("hasil sosmed/hasil twitter_b")): Text of object 'Object Repository/hasil sosmed/hasil twitter_b' is: 'Runaya71'

2023-09-29 10:51:29 - [MESSAGE][PASSED] - Text of object 'Object Repository/hasil sosmed/hasil twitter_b' is: 'Runaya71'

2023-09-29 10:51:29 - [TEST_STEP][PASSED] - insta = getText(findTestObject("hasil sosmed/hasil Instagram_c")): Text of object 'Object Repository/hasil sosmed/hasil Instagram_c' is: 'Runarun'

2023-09-29 10:51:29 - [MESSAGE][PASSED] - Text of object 'Object Repository/hasil sosmed/hasil Instagram_c' is: 'Runarun'

2023-09-29 10:51:29 - [TEST_STEP][PASSED] - wa = getText(findTestObject("hasil sosmed/hasil whatsapp d")): Text of object 'Object Repository/hasil sosmed/hasil whatsapp d' is: '+6281122223333'

2023-09-29 10:51:30 - [MESSAGE][PASSED] - Text of object 'Object Repository/hasil sosmed/hasil whatsapp d' is: '+6281122223333'

2023-09-29 10:51:30 - [TEST_STEP][PASSED] - tele = getText(findTestObject("hasil sosmed/hasil Telegram e")): Text of object 'Object Repository/hasil sosmed/hasil Telegram e' is: '@Runaya71'

2023-09-29 10:51:30 - [MESSAGE][PASSED] - Text of object 'Object Repository/hasil sosmed/hasil Telegram e' is: '@Runaya71'

2023-09-29 10:51:30 - [TEST_STEP][PASSED] - yout = getText(findTestObject("hasil sosmed/hasil youtube f")): Text of object 'Object Repository/hasil sosmed/hasil youtube f' is: 'Runarun'

2023-09-29 10:51:31 - [MESSAGE][PASSED] - Text of object 'Object Repository/hasil sosmed/hasil youtube f' is: 'Runarun'

2023-09-29 10:51:31 - [TEST_STEP][PASSED] - lin = getText(findTestObject("hasil sosmed/hasil linkedin g")): Text of object 'Object Repository/hasil sosmed/hasil linkedin g' is: 'RunaOkta'

2023-09-29 10:51:31 - [MESSAGE][PASSED] - Text of object 'Object Repository/hasil sosmed/hasil linkedin g' is: 'RunaOkta'

2023-09-29 10:51:31 - [TEST_STEP][PASSED] - goo = getText(findTestObject("hasil sosmed/hasil google h")): Text of object 'Object Repository/hasil sosmed/hasil google h' is: '+Runaya'

2023-09-29 10:51:32 - [MESSAGE][PASSED] - Text of object 'Object Repository/hasil sosmed/hasil google h' is: '+Runaya'

2023-09-29 10:51:32 - [TEST_STEP][PASSED] - assert trim().equalsIgnoreCase(Facebook.trim()): null

2023-09-29 10:51:32 - [TEST_STEP][PASSED] - assert trim().equalsIgnoreCase(Twitter.trim()): null

2023-09-29 10:51:32 - [TEST_STEP][PASSED] - assert trim().equalsIgnoreCase(Instagram.trim()): null

2023-09-29 10:51:32 - [TEST_STEP][PASSED] - assert trim().equalsIgnoreCase(Whatsapp.trim()): null

2023-09-29 10:51:32 - [TEST_STEP][PASSED] - assert trim().equalsIgnoreCase(Telegram.trim()): null

2023-09-29 10:51:32 - [TEST_STEP][PASSED] - assert trim().equalsIgnoreCase(Youtube.trim()): null

2023-09-29 10:51:32 - [TEST_STEP][PASSED] - assert trim().equalsIgnoreCase(LinkedIn.trim()): null

2023-09-29 10:51:32 - [TEST_STEP][PASSED] - assert trim().equalsIgnoreCase(Google.trim()): null]]></system-out>
         <system-err><![CDATA[]]></system-err>
      </testcase>
      <testcase name="Test Cases/M05 -Edit Sosial Media/TC-ESMS-002" time="27.304" classname="Test Cases/M05 -Edit Sosial Media/TC-ESMS-002" status="PASSED">
         <system-out><![CDATA[2023-09-29 10:51:32 - [TEST_CASE][PASSED] - Test Cases/M05 -Edit Sosial Media/TC-ESMS-002: Test Cases/M05 -Edit Sosial Media/TC-ESMS-002

2023-09-29 10:51:33 - [TEST_STEP][PASSED] - callTestCase(findTestCase("M05 -Edit Sosial Media/TC-LS-001"), [:], STOP_ON_FAILURE): Call Test Case 'Test Cases/M05 -Edit Sosial Media/TC-LS-001' successfully

2023-09-29 10:51:33 - [TEST_CASE][PASSED] - Test Cases/M05 -Edit Sosial Media/TC-LS-001: Test Cases/M05 -Edit Sosial Media/TC-LS-001

2023-09-29 10:51:33 - [TEST_STEP][PASSED] - openBrowser(urlWeb): Browser is opened with url: 'https://10.9.2.63/ecommerce/'

2023-09-29 10:51:33 - [MESSAGE][WARNING] - A browser is already opened. Closing browser and opening a new one

2023-09-29 10:51:35 - [MESSAGE][INFO] - Starting 'Firefox' driver

2023-09-29 10:51:35 - [MESSAGE][INFO] - Action delay is set to 0 milliseconds

2023-09-29 10:51:44 - [MESSAGE][PASSED] - Browser is opened with url: 'https://10.9.2.63/ecommerce/'

2023-09-29 10:51:44 - [TEST_STEP][PASSED] - maximizeWindow(): Current window maximized

2023-09-29 10:51:44 - [MESSAGE][PASSED] - Current window maximized

2023-09-29 10:51:44 - [TEST_STEP][PASSED] - click(findTestObject("Login/a_Login")): Object: 'Object Repository/Login/a_Login' is clicked on

2023-09-29 10:51:45 - [MESSAGE][PASSED] - Object: 'Object Repository/Login/a_Login' is clicked on

2023-09-29 10:51:45 - [TEST_STEP][PASSED] - setText(findTestObject("Login/input_Username, Email atau No. Handphone_a"), "runa36"): Text 'runa36' is set on object 'Object Repository/Login/input_Username, Email atau No. Handphone_a'

2023-09-29 10:51:46 - [MESSAGE][PASSED] - Text 'runa36' is set on object 'Object Repository/Login/input_Username, Email atau No. Handphone_a'

2023-09-29 10:51:46 - [TEST_STEP][PASSED] - setEncryptedText(findTestObject("Login/input_Password di Login(Masuk)"), "qbkrdMwyWE4="): Text ****** has been set on object 'Object Repository/Login/input_Password di Login(Masuk)'

2023-09-29 10:51:47 - [MESSAGE][PASSED] - Text ****** has been set on object 'Object Repository/Login/input_Password di Login(Masuk)'

2023-09-29 10:51:47 - [TEST_STEP][PASSED] - click(findTestObject("Login/button_Masuk di halaman login")): Object: 'Object Repository/Login/button_Masuk di halaman login' is clicked on

2023-09-29 10:51:49 - [MESSAGE][PASSED] - Object: 'Object Repository/Login/button_Masuk di halaman login' is clicked on

2023-09-29 10:51:49 - [TEST_STEP][PASSED] - verifyElementPresent(findTestObject("edit sosial media/verifikasi masuk halaman biodata diri"), 0): Object 'Object Repository/edit sosial media/verifikasi masuk halaman biodata diri' is present

2023-09-29 10:51:49 - [MESSAGE][WARNING] - Timeout '0' is invalid. Using default page load timeout: '30'

2023-09-29 10:51:49 - [MESSAGE][PASSED] - Object 'Object Repository/edit sosial media/verifikasi masuk halaman biodata diri' is present

2023-09-29 10:51:49 - [MESSAGE][PASSED] - Call Test Case 'Test Cases/M05 -Edit Sosial Media/TC-LS-001' successfully

2023-09-29 10:51:49 - [TEST_STEP][PASSED] - verifyElementPresent(findTestObject("edit sosial media/verifikasi masuk halaman biodata diri"), 0): Object 'Object Repository/edit sosial media/verifikasi masuk halaman biodata diri' is present

2023-09-29 10:51:50 - [MESSAGE][WARNING] - Timeout '0' is invalid. Using default page load timeout: '30'

2023-09-29 10:51:50 - [MESSAGE][PASSED] - Object 'Object Repository/edit sosial media/verifikasi masuk halaman biodata diri' is present

2023-09-29 10:51:50 - [TEST_STEP][PASSED] - click(findTestObject("edit sosial media/a_Sosmed")): Object: 'Object Repository/edit sosial media/a_Sosmed' is clicked on

2023-09-29 10:51:51 - [MESSAGE][PASSED] - Object: 'Object Repository/edit sosial media/a_Sosmed' is clicked on

2023-09-29 10:51:51 - [TEST_STEP][PASSED] - click(findTestObject("edit sosial media/Edit Sosial Media")): Object: 'Object Repository/edit sosial media/Edit Sosial Media' is clicked on

2023-09-29 10:51:53 - [MESSAGE][PASSED] - Object: 'Object Repository/edit sosial media/Edit Sosial Media' is clicked on

2023-09-29 10:51:53 - [TEST_STEP][PASSED] - clearText(findTestObject("edit sosial media/input_Facebook_a")): Text of object 'Object Repository/edit sosial media/input_Facebook_a' is cleared

2023-09-29 10:51:54 - [MESSAGE][PASSED] - Text of object 'Object Repository/edit sosial media/input_Facebook_a' is cleared

2023-09-29 10:51:54 - [TEST_STEP][PASSED] - setText(findTestObject("edit sosial media/input_Facebook_a"), facebook): Text 'Runaya' is set on object 'Object Repository/edit sosial media/input_Facebook_a'

2023-09-29 10:51:54 - [MESSAGE][PASSED] - Text 'Runaya' is set on object 'Object Repository/edit sosial media/input_Facebook_a'

2023-09-29 10:51:54 - [TEST_STEP][PASSED] - clearText(findTestObject("edit sosial media/input_Instagram_c")): Text of object 'Object Repository/edit sosial media/input_Instagram_c' is cleared

2023-09-29 10:51:55 - [MESSAGE][PASSED] - Text of object 'Object Repository/edit sosial media/input_Instagram_c' is cleared

2023-09-29 10:51:55 - [TEST_STEP][PASSED] - setText(findTestObject("edit sosial media/input_Instagram_c"), instagram): Text 'Runaya' is set on object 'Object Repository/edit sosial media/input_Instagram_c'

2023-09-29 10:51:56 - [MESSAGE][PASSED] - Text 'Runaya' is set on object 'Object Repository/edit sosial media/input_Instagram_c'

2023-09-29 10:51:56 - [TEST_STEP][PASSED] - click(findTestObject("edit sosial media/center_Simpan Sosial Media")): Object: 'Object Repository/edit sosial media/center_Simpan Sosial Media' is clicked on

2023-09-29 10:51:58 - [MESSAGE][PASSED] - Object: 'Object Repository/edit sosial media/center_Simpan Sosial Media' is clicked on

2023-09-29 10:51:58 - [TEST_STEP][PASSED] - face = getText(findTestObject("Object Repository/hasil sosmed/hasil facebook_a")): Text of object 'Object Repository/hasil sosmed/hasil facebook_a' is: 'Runaya'

2023-09-29 10:51:59 - [MESSAGE][PASSED] - Text of object 'Object Repository/hasil sosmed/hasil facebook_a' is: 'Runaya'

2023-09-29 10:51:59 - [TEST_STEP][PASSED] - insta = getText(findTestObject("Object Repository/hasil sosmed/hasil Instagram_c")): Text of object 'Object Repository/hasil sosmed/hasil Instagram_c' is: 'Runaya'

2023-09-29 10:51:59 - [MESSAGE][PASSED] - Text of object 'Object Repository/hasil sosmed/hasil Instagram_c' is: 'Runaya'

2023-09-29 10:51:59 - [TEST_STEP][PASSED] - assert trim().equalsIgnoreCase(facebook.trim()): null

2023-09-29 10:51:59 - [TEST_STEP][PASSED] - assert trim().equalsIgnoreCase(instagram.trim()): null]]></system-out>
         <system-err><![CDATA[]]></system-err>
      </testcase>
      <testcase name="Test Cases/M05 -Edit Sosial Media/TC-ESMS-003" time="21.086" classname="Test Cases/M05 -Edit Sosial Media/TC-ESMS-003" status="FAILED">
         <failure type="FAILED" message="Test Cases/M05 -Edit Sosial Media/TC-ESMS-003 FAILED.
Reason:
Assertion failed: 

assert twit.toString().trim().equalsIgnoreCase(twitter.trim())
       |    |          |      |                |       |
       -    -          -      false            &quot;&quot;      &quot;&quot;

	at TC-ESMS-003.run(TC-ESMS-003:36)
	at com.kms.katalon.core.main.ScriptEngine.run(ScriptEngine.java:194)
	at com.kms.katalon.core.main.ScriptEngine.runScriptAsRawText(ScriptEngine.java:119)
	at com.kms.katalon.core.main.TestCaseExecutor.runScript(TestCaseExecutor.java:448)
	at com.kms.katalon.core.main.TestCaseExecutor.doExecute(TestCaseExecutor.java:439)
	at com.kms.katalon.core.main.TestCaseExecutor.processExecutionPhase(TestCaseExecutor.java:418)
	at com.kms.katalon.core.main.TestCaseExecutor.accessMainPhase(TestCaseExecutor.java:410)
	at com.kms.katalon.core.main.TestCaseExecutor.execute(TestCaseExecutor.java:285)
	at com.kms.katalon.core.common.CommonExecutor.accessTestCaseMainPhase(CommonExecutor.java:65)
	at com.kms.katalon.core.main.TestSuiteExecutor.accessTestSuiteMainPhase(TestSuiteExecutor.java:148)
	at com.kms.katalon.core.main.TestSuiteExecutor.execute(TestSuiteExecutor.java:106)
	at com.kms.katalon.core.main.TestCaseMain.startTestSuite(TestCaseMain.java:187)
	at com.kms.katalon.core.main.TestCaseMain$startTestSuite$0.call(Unknown Source)
	at TempTestSuite1695959417111.run(TempTestSuite1695959417111.groovy:36)
"/>
         <system-out><![CDATA[2023-09-29 10:51:59 - [TEST_CASE][FAILED] - Test Cases/M05 -Edit Sosial Media/TC-ESMS-003: Test Cases/M05 -Edit Sosial Media/TC-ESMS-003 FAILED.
Reason:
Assertion failed: 

assert twit.toString().trim().equalsIgnoreCase(twitter.trim())
       |    |          |      |                |       |
       -    -          -      false            ""      ""

	at TC-ESMS-003.run(TC-ESMS-003:36)
	at com.kms.katalon.core.main.ScriptEngine.run(ScriptEngine.java:194)
	at com.kms.katalon.core.main.ScriptEngine.runScriptAsRawText(ScriptEngine.java:119)
	at com.kms.katalon.core.main.TestCaseExecutor.runScript(TestCaseExecutor.java:448)
	at com.kms.katalon.core.main.TestCaseExecutor.doExecute(TestCaseExecutor.java:439)
	at com.kms.katalon.core.main.TestCaseExecutor.processExecutionPhase(TestCaseExecutor.java:418)
	at com.kms.katalon.core.main.TestCaseExecutor.accessMainPhase(TestCaseExecutor.java:410)
	at com.kms.katalon.core.main.TestCaseExecutor.execute(TestCaseExecutor.java:285)
	at com.kms.katalon.core.common.CommonExecutor.accessTestCaseMainPhase(CommonExecutor.java:65)
	at com.kms.katalon.core.main.TestSuiteExecutor.accessTestSuiteMainPhase(TestSuiteExecutor.java:148)
	at com.kms.katalon.core.main.TestSuiteExecutor.execute(TestSuiteExecutor.java:106)
	at com.kms.katalon.core.main.TestCaseMain.startTestSuite(TestCaseMain.java:187)
	at com.kms.katalon.core.main.TestCaseMain$startTestSuite$0.call(Unknown Source)
	at TempTestSuite1695959417111.run(TempTestSuite1695959417111.groovy:36)


2023-09-29 10:52:00 - [TEST_STEP][PASSED] - callTestCase(findTestCase("M05 -Edit Sosial Media/TC-LS-001"), [:], STOP_ON_FAILURE): Call Test Case 'Test Cases/M05 -Edit Sosial Media/TC-LS-001' successfully

2023-09-29 10:52:00 - [TEST_CASE][PASSED] - Test Cases/M05 -Edit Sosial Media/TC-LS-001: Test Cases/M05 -Edit Sosial Media/TC-LS-001

2023-09-29 10:52:00 - [TEST_STEP][PASSED] - openBrowser(urlWeb): Browser is opened with url: 'https://10.9.2.63/ecommerce/'

2023-09-29 10:52:00 - [MESSAGE][WARNING] - A browser is already opened. Closing browser and opening a new one

2023-09-29 10:52:02 - [MESSAGE][INFO] - Starting 'Firefox' driver

2023-09-29 10:52:02 - [MESSAGE][INFO] - Action delay is set to 0 milliseconds

2023-09-29 10:52:09 - [MESSAGE][PASSED] - Browser is opened with url: 'https://10.9.2.63/ecommerce/'

2023-09-29 10:52:09 - [TEST_STEP][PASSED] - maximizeWindow(): Current window maximized

2023-09-29 10:52:09 - [MESSAGE][PASSED] - Current window maximized

2023-09-29 10:52:09 - [TEST_STEP][PASSED] - click(findTestObject("Login/a_Login")): Object: 'Object Repository/Login/a_Login' is clicked on

2023-09-29 10:52:10 - [MESSAGE][PASSED] - Object: 'Object Repository/Login/a_Login' is clicked on

2023-09-29 10:52:10 - [TEST_STEP][PASSED] - setText(findTestObject("Login/input_Username, Email atau No. Handphone_a"), "runa36"): Text 'runa36' is set on object 'Object Repository/Login/input_Username, Email atau No. Handphone_a'

2023-09-29 10:52:11 - [MESSAGE][PASSED] - Text 'runa36' is set on object 'Object Repository/Login/input_Username, Email atau No. Handphone_a'

2023-09-29 10:52:11 - [TEST_STEP][PASSED] - setEncryptedText(findTestObject("Login/input_Password di Login(Masuk)"), "qbkrdMwyWE4="): Text ****** has been set on object 'Object Repository/Login/input_Password di Login(Masuk)'

2023-09-29 10:52:11 - [MESSAGE][PASSED] - Text ****** has been set on object 'Object Repository/Login/input_Password di Login(Masuk)'

2023-09-29 10:52:11 - [TEST_STEP][PASSED] - click(findTestObject("Login/button_Masuk di halaman login")): Object: 'Object Repository/Login/button_Masuk di halaman login' is clicked on

2023-09-29 10:52:13 - [MESSAGE][PASSED] - Object: 'Object Repository/Login/button_Masuk di halaman login' is clicked on

2023-09-29 10:52:13 - [TEST_STEP][PASSED] - verifyElementPresent(findTestObject("edit sosial media/verifikasi masuk halaman biodata diri"), 0): Object 'Object Repository/edit sosial media/verifikasi masuk halaman biodata diri' is present

2023-09-29 10:52:13 - [MESSAGE][WARNING] - Timeout '0' is invalid. Using default page load timeout: '30'

2023-09-29 10:52:13 - [MESSAGE][PASSED] - Object 'Object Repository/edit sosial media/verifikasi masuk halaman biodata diri' is present

2023-09-29 10:52:13 - [MESSAGE][PASSED] - Call Test Case 'Test Cases/M05 -Edit Sosial Media/TC-LS-001' successfully

2023-09-29 10:52:13 - [TEST_STEP][PASSED] - verifyElementPresent(findTestObject("edit sosial media/verifikasi masuk halaman biodata diri"), 0): Object 'Object Repository/edit sosial media/verifikasi masuk halaman biodata diri' is present

2023-09-29 10:52:13 - [MESSAGE][WARNING] - Timeout '0' is invalid. Using default page load timeout: '30'

2023-09-29 10:52:14 - [MESSAGE][PASSED] - Object 'Object Repository/edit sosial media/verifikasi masuk halaman biodata diri' is present

2023-09-29 10:52:14 - [TEST_STEP][PASSED] - click(findTestObject("edit sosial media/a_Sosmed")): Object: 'Object Repository/edit sosial media/a_Sosmed' is clicked on

2023-09-29 10:52:15 - [MESSAGE][PASSED] - Object: 'Object Repository/edit sosial media/a_Sosmed' is clicked on

2023-09-29 10:52:15 - [TEST_STEP][PASSED] - click(findTestObject("edit sosial media/Edit Sosial Media")): Object: 'Object Repository/edit sosial media/Edit Sosial Media' is clicked on

2023-09-29 10:52:16 - [MESSAGE][PASSED] - Object: 'Object Repository/edit sosial media/Edit Sosial Media' is clicked on

2023-09-29 10:52:16 - [TEST_STEP][PASSED] - clearText(findTestObject("edit sosial media/input_Twitter_b")): Text of object 'Object Repository/edit sosial media/input_Twitter_b' is cleared

2023-09-29 10:52:17 - [MESSAGE][PASSED] - Text of object 'Object Repository/edit sosial media/input_Twitter_b' is cleared

2023-09-29 10:52:17 - [TEST_STEP][PASSED] - setText(findTestObject("edit sosial media/input_Twitter_b"), twitter): Text '' is set on object 'Object Repository/edit sosial media/input_Twitter_b'

2023-09-29 10:52:18 - [MESSAGE][PASSED] - Text '' is set on object 'Object Repository/edit sosial media/input_Twitter_b'

2023-09-29 10:52:18 - [TEST_STEP][PASSED] - click(findTestObject("edit sosial media/center_Simpan Sosial Media")): Object: 'Object Repository/edit sosial media/center_Simpan Sosial Media' is clicked on

2023-09-29 10:52:20 - [MESSAGE][PASSED] - Object: 'Object Repository/edit sosial media/center_Simpan Sosial Media' is clicked on

2023-09-29 10:52:20 - [TEST_STEP][PASSED] - twit = getText(findTestObject("Object Repository/hasil sosmed/hasil twitter_b")): Text of object 'Object Repository/hasil sosmed/hasil twitter_b' is: '-'

2023-09-29 10:52:20 - [MESSAGE][PASSED] - Text of object 'Object Repository/hasil sosmed/hasil twitter_b' is: '-'

2023-09-29 10:52:20 - [TEST_STEP][FAILED] - assert trim().equalsIgnoreCase(twitter.trim()): Test Cases/M05 -Edit Sosial Media/TC-ESMS-003 FAILED.
Reason:
Assertion failed: 

assert twit.toString().trim().equalsIgnoreCase(twitter.trim())
       |    |          |      |                |       |
       -    -          -      false            ""      ""

	at TC-ESMS-003.run(TC-ESMS-003:36)
	at com.kms.katalon.core.main.ScriptEngine.run(ScriptEngine.java:194)
	at com.kms.katalon.core.main.ScriptEngine.runScriptAsRawText(ScriptEngine.java:119)
	at com.kms.katalon.core.main.TestCaseExecutor.runScript(TestCaseExecutor.java:448)
	at com.kms.katalon.core.main.TestCaseExecutor.doExecute(TestCaseExecutor.java:439)
	at com.kms.katalon.core.main.TestCaseExecutor.processExecutionPhase(TestCaseExecutor.java:418)
	at com.kms.katalon.core.main.TestCaseExecutor.accessMainPhase(TestCaseExecutor.java:410)
	at com.kms.katalon.core.main.TestCaseExecutor.execute(TestCaseExecutor.java:285)
	at com.kms.katalon.core.common.CommonExecutor.accessTestCaseMainPhase(CommonExecutor.java:65)
	at com.kms.katalon.core.main.TestSuiteExecutor.accessTestSuiteMainPhase(TestSuiteExecutor.java:148)
	at com.kms.katalon.core.main.TestSuiteExecutor.execute(TestSuiteExecutor.java:106)
	at com.kms.katalon.core.main.TestCaseMain.startTestSuite(TestCaseMain.java:187)
	at com.kms.katalon.core.main.TestCaseMain$startTestSuite$0.call(Unknown Source)
	at TempTestSuite1695959417111.run(TempTestSuite1695959417111.groovy:36)


2023-09-29 10:52:20 - [MESSAGE][FAILED] - Test Cases/M05 -Edit Sosial Media/TC-ESMS-003 FAILED.
Reason:
Assertion failed: 

assert twit.toString().trim().equalsIgnoreCase(twitter.trim())
       |    |          |      |                |       |
       -    -          -      false            ""      ""

	at TC-ESMS-003.run(TC-ESMS-003:36)
	at com.kms.katalon.core.main.ScriptEngine.run(ScriptEngine.java:194)
	at com.kms.katalon.core.main.ScriptEngine.runScriptAsRawText(ScriptEngine.java:119)
	at com.kms.katalon.core.main.TestCaseExecutor.runScript(TestCaseExecutor.java:448)
	at com.kms.katalon.core.main.TestCaseExecutor.doExecute(TestCaseExecutor.java:439)
	at com.kms.katalon.core.main.TestCaseExecutor.processExecutionPhase(TestCaseExecutor.java:418)
	at com.kms.katalon.core.main.TestCaseExecutor.accessMainPhase(TestCaseExecutor.java:410)
	at com.kms.katalon.core.main.TestCaseExecutor.execute(TestCaseExecutor.java:285)
	at com.kms.katalon.core.common.CommonExecutor.accessTestCaseMainPhase(CommonExecutor.java:65)
	at com.kms.katalon.core.main.TestSuiteExecutor.accessTestSuiteMainPhase(TestSuiteExecutor.java:148)
	at com.kms.katalon.core.main.TestSuiteExecutor.execute(TestSuiteExecutor.java:106)
	at com.kms.katalon.core.main.TestCaseMain.startTestSuite(TestCaseMain.java:187)
	at com.kms.katalon.core.main.TestCaseMain$startTestSuite$0.call(Unknown Source)
	at TempTestSuite1695959417111.run(TempTestSuite1695959417111.groovy:36)]]></system-out>
         <system-err><![CDATA[2023-09-29 10:51:59 - [TEST_CASE][FAILED] - Test Cases/M05 -Edit Sosial Media/TC-ESMS-003: Test Cases/M05 -Edit Sosial Media/TC-ESMS-003 FAILED.
Reason:
Assertion failed: 

assert twit.toString().trim().equalsIgnoreCase(twitter.trim())
       |    |          |      |                |       |
       -    -          -      false            ""      ""

	at TC-ESMS-003.run(TC-ESMS-003:36)
	at com.kms.katalon.core.main.ScriptEngine.run(ScriptEngine.java:194)
	at com.kms.katalon.core.main.ScriptEngine.runScriptAsRawText(ScriptEngine.java:119)
	at com.kms.katalon.core.main.TestCaseExecutor.runScript(TestCaseExecutor.java:448)
	at com.kms.katalon.core.main.TestCaseExecutor.doExecute(TestCaseExecutor.java:439)
	at com.kms.katalon.core.main.TestCaseExecutor.processExecutionPhase(TestCaseExecutor.java:418)
	at com.kms.katalon.core.main.TestCaseExecutor.accessMainPhase(TestCaseExecutor.java:410)
	at com.kms.katalon.core.main.TestCaseExecutor.execute(TestCaseExecutor.java:285)
	at com.kms.katalon.core.common.CommonExecutor.accessTestCaseMainPhase(CommonExecutor.java:65)
	at com.kms.katalon.core.main.TestSuiteExecutor.accessTestSuiteMainPhase(TestSuiteExecutor.java:148)
	at com.kms.katalon.core.main.TestSuiteExecutor.execute(TestSuiteExecutor.java:106)
	at com.kms.katalon.core.main.TestCaseMain.startTestSuite(TestCaseMain.java:187)
	at com.kms.katalon.core.main.TestCaseMain$startTestSuite$0.call(Unknown Source)
	at TempTestSuite1695959417111.run(TempTestSuite1695959417111.groovy:36)]]></system-err>
      </testcase>
      <testcase name="Test Cases/M05 -Edit Sosial Media/TC-ESMS-004" time="27.258" classname="Test Cases/M05 -Edit Sosial Media/TC-ESMS-004" status="PASSED">
         <system-out><![CDATA[2023-09-29 10:52:20 - [TEST_CASE][PASSED] - Test Cases/M05 -Edit Sosial Media/TC-ESMS-004: Test Cases/M05 -Edit Sosial Media/TC-ESMS-004

2023-09-29 10:52:21 - [TEST_STEP][PASSED] - callTestCase(findTestCase("M05 -Edit Sosial Media/TC-LS-001"), [:], STOP_ON_FAILURE): Call Test Case 'Test Cases/M05 -Edit Sosial Media/TC-LS-001' successfully

2023-09-29 10:52:21 - [TEST_CASE][PASSED] - Test Cases/M05 -Edit Sosial Media/TC-LS-001: Test Cases/M05 -Edit Sosial Media/TC-LS-001

2023-09-29 10:52:21 - [TEST_STEP][PASSED] - openBrowser(urlWeb): Browser is opened with url: 'https://10.9.2.63/ecommerce/'

2023-09-29 10:52:21 - [MESSAGE][WARNING] - A browser is already opened. Closing browser and opening a new one

2023-09-29 10:52:23 - [MESSAGE][INFO] - Starting 'Firefox' driver

2023-09-29 10:52:23 - [MESSAGE][INFO] - Action delay is set to 0 milliseconds

2023-09-29 10:52:32 - [MESSAGE][PASSED] - Browser is opened with url: 'https://10.9.2.63/ecommerce/'

2023-09-29 10:52:32 - [TEST_STEP][PASSED] - maximizeWindow(): Current window maximized

2023-09-29 10:52:32 - [MESSAGE][PASSED] - Current window maximized

2023-09-29 10:52:32 - [TEST_STEP][PASSED] - click(findTestObject("Login/a_Login")): Object: 'Object Repository/Login/a_Login' is clicked on

2023-09-29 10:52:33 - [MESSAGE][PASSED] - Object: 'Object Repository/Login/a_Login' is clicked on

2023-09-29 10:52:33 - [TEST_STEP][PASSED] - setText(findTestObject("Login/input_Username, Email atau No. Handphone_a"), "runa36"): Text 'runa36' is set on object 'Object Repository/Login/input_Username, Email atau No. Handphone_a'

2023-09-29 10:52:34 - [MESSAGE][PASSED] - Text 'runa36' is set on object 'Object Repository/Login/input_Username, Email atau No. Handphone_a'

2023-09-29 10:52:34 - [TEST_STEP][PASSED] - setEncryptedText(findTestObject("Login/input_Password di Login(Masuk)"), "qbkrdMwyWE4="): Text ****** has been set on object 'Object Repository/Login/input_Password di Login(Masuk)'

2023-09-29 10:52:35 - [MESSAGE][PASSED] - Text ****** has been set on object 'Object Repository/Login/input_Password di Login(Masuk)'

2023-09-29 10:52:35 - [TEST_STEP][PASSED] - click(findTestObject("Login/button_Masuk di halaman login")): Object: 'Object Repository/Login/button_Masuk di halaman login' is clicked on

2023-09-29 10:52:36 - [MESSAGE][PASSED] - Object: 'Object Repository/Login/button_Masuk di halaman login' is clicked on

2023-09-29 10:52:36 - [TEST_STEP][PASSED] - verifyElementPresent(findTestObject("edit sosial media/verifikasi masuk halaman biodata diri"), 0): Object 'Object Repository/edit sosial media/verifikasi masuk halaman biodata diri' is present

2023-09-29 10:52:36 - [MESSAGE][WARNING] - Timeout '0' is invalid. Using default page load timeout: '30'

2023-09-29 10:52:37 - [MESSAGE][PASSED] - Object 'Object Repository/edit sosial media/verifikasi masuk halaman biodata diri' is present

2023-09-29 10:52:37 - [MESSAGE][PASSED] - Call Test Case 'Test Cases/M05 -Edit Sosial Media/TC-LS-001' successfully

2023-09-29 10:52:37 - [TEST_STEP][PASSED] - verifyElementPresent(findTestObject("edit sosial media/verifikasi masuk halaman biodata diri"), 0): Object 'Object Repository/edit sosial media/verifikasi masuk halaman biodata diri' is present

2023-09-29 10:52:37 - [MESSAGE][WARNING] - Timeout '0' is invalid. Using default page load timeout: '30'

2023-09-29 10:52:38 - [MESSAGE][PASSED] - Object 'Object Repository/edit sosial media/verifikasi masuk halaman biodata diri' is present

2023-09-29 10:52:38 - [TEST_STEP][PASSED] - click(findTestObject("edit sosial media/a_Sosmed")): Object: 'Object Repository/edit sosial media/a_Sosmed' is clicked on

2023-09-29 10:52:39 - [MESSAGE][PASSED] - Object: 'Object Repository/edit sosial media/a_Sosmed' is clicked on

2023-09-29 10:52:39 - [TEST_STEP][PASSED] - click(findTestObject("edit sosial media/Edit Sosial Media")): Object: 'Object Repository/edit sosial media/Edit Sosial Media' is clicked on

2023-09-29 10:52:41 - [MESSAGE][PASSED] - Object: 'Object Repository/edit sosial media/Edit Sosial Media' is clicked on

2023-09-29 10:52:41 - [TEST_STEP][PASSED] - clearText(findTestObject("edit sosial media/input_Youtube_f")): Text of object 'Object Repository/edit sosial media/input_Youtube_f' is cleared

2023-09-29 10:52:42 - [MESSAGE][PASSED] - Text of object 'Object Repository/edit sosial media/input_Youtube_f' is cleared

2023-09-29 10:52:42 - [TEST_STEP][PASSED] - setText(findTestObject("edit sosial media/input_Youtube_f"), youtube): Text 'https://www.youtube.com/@BLACKPINK' is set on object 'Object Repository/edit sosial media/input_Youtube_f'

2023-09-29 10:52:43 - [MESSAGE][PASSED] - Text 'https://www.youtube.com/@BLACKPINK' is set on object 'Object Repository/edit sosial media/input_Youtube_f'

2023-09-29 10:52:43 - [TEST_STEP][PASSED] - clearText(findTestObject("edit sosial media/input_LinkedIn_g")): Text of object 'Object Repository/edit sosial media/input_LinkedIn_g' is cleared

2023-09-29 10:52:44 - [MESSAGE][PASSED] - Text of object 'Object Repository/edit sosial media/input_LinkedIn_g' is cleared

2023-09-29 10:52:44 - [TEST_STEP][PASSED] - setText(findTestObject("edit sosial media/input_LinkedIn_g"), linkedin): Text 'www.linkedin.com/in/blackpink' is set on object 'Object Repository/edit sosial media/input_LinkedIn_g'

2023-09-29 10:52:45 - [MESSAGE][PASSED] - Text 'www.linkedin.com/in/blackpink' is set on object 'Object Repository/edit sosial media/input_LinkedIn_g'

2023-09-29 10:52:45 - [TEST_STEP][PASSED] - click(findTestObject("edit sosial media/center_Simpan Sosial Media")): Object: 'Object Repository/edit sosial media/center_Simpan Sosial Media' is clicked on

2023-09-29 10:52:46 - [MESSAGE][PASSED] - Object: 'Object Repository/edit sosial media/center_Simpan Sosial Media' is clicked on

2023-09-29 10:52:46 - [TEST_STEP][PASSED] - yt = getText(findTestObject("hasil sosmed/hasil youtube f")): Text of object 'Object Repository/hasil sosmed/hasil youtube f' is: 'https://www.youtube.com/@BLACKPINK'

2023-09-29 10:52:47 - [MESSAGE][PASSED] - Text of object 'Object Repository/hasil sosmed/hasil youtube f' is: 'https://www.youtube.com/@BLACKPINK'

2023-09-29 10:52:47 - [TEST_STEP][PASSED] - lind = getText(findTestObject("hasil sosmed/hasil linkedin g")): Text of object 'Object Repository/hasil sosmed/hasil linkedin g' is: 'www.linkedin.com/in/blackpink'

2023-09-29 10:52:48 - [MESSAGE][PASSED] - Text of object 'Object Repository/hasil sosmed/hasil linkedin g' is: 'www.linkedin.com/in/blackpink'

2023-09-29 10:52:48 - [TEST_STEP][PASSED] - assert trim().equalsIgnoreCase(youtube.trim()): null

2023-09-29 10:52:48 - [TEST_STEP][PASSED] - assert trim().equalsIgnoreCase(linkedin.trim()): null]]></system-out>
         <system-err><![CDATA[]]></system-err>
      </testcase>
      <testcase name="Test Cases/M05 -Edit Sosial Media/TC-ESMS-005" time="24.512" classname="Test Cases/M05 -Edit Sosial Media/TC-ESMS-005" status="FAILED">
         <failure type="FAILED" message="Test Cases/M05 -Edit Sosial Media/TC-ESMS-005 FAILED.
Reason:
Assertion failed: 

assert insta == instag
       |     |  |
       |     |  Runaya
       |     false
       Johndue

	at TC-ESMS-005.run(TC-ESMS-005:38)
	at com.kms.katalon.core.main.ScriptEngine.run(ScriptEngine.java:194)
	at com.kms.katalon.core.main.ScriptEngine.runScriptAsRawText(ScriptEngine.java:119)
	at com.kms.katalon.core.main.TestCaseExecutor.runScript(TestCaseExecutor.java:448)
	at com.kms.katalon.core.main.TestCaseExecutor.doExecute(TestCaseExecutor.java:439)
	at com.kms.katalon.core.main.TestCaseExecutor.processExecutionPhase(TestCaseExecutor.java:418)
	at com.kms.katalon.core.main.TestCaseExecutor.accessMainPhase(TestCaseExecutor.java:410)
	at com.kms.katalon.core.main.TestCaseExecutor.execute(TestCaseExecutor.java:285)
	at com.kms.katalon.core.common.CommonExecutor.accessTestCaseMainPhase(CommonExecutor.java:65)
	at com.kms.katalon.core.main.TestSuiteExecutor.accessTestSuiteMainPhase(TestSuiteExecutor.java:148)
	at com.kms.katalon.core.main.TestSuiteExecutor.execute(TestSuiteExecutor.java:106)
	at com.kms.katalon.core.main.TestCaseMain.startTestSuite(TestCaseMain.java:187)
	at com.kms.katalon.core.main.TestCaseMain$startTestSuite$0.call(Unknown Source)
	at TempTestSuite1695959417111.run(TempTestSuite1695959417111.groovy:36)
"/>
         <system-out><![CDATA[2023-09-29 10:52:48 - [TEST_CASE][FAILED] - Test Cases/M05 -Edit Sosial Media/TC-ESMS-005: Test Cases/M05 -Edit Sosial Media/TC-ESMS-005 FAILED.
Reason:
Assertion failed: 

assert insta == instag
       |     |  |
       |     |  Runaya
       |     false
       Johndue

	at TC-ESMS-005.run(TC-ESMS-005:38)
	at com.kms.katalon.core.main.ScriptEngine.run(ScriptEngine.java:194)
	at com.kms.katalon.core.main.ScriptEngine.runScriptAsRawText(ScriptEngine.java:119)
	at com.kms.katalon.core.main.TestCaseExecutor.runScript(TestCaseExecutor.java:448)
	at com.kms.katalon.core.main.TestCaseExecutor.doExecute(TestCaseExecutor.java:439)
	at com.kms.katalon.core.main.TestCaseExecutor.processExecutionPhase(TestCaseExecutor.java:418)
	at com.kms.katalon.core.main.TestCaseExecutor.accessMainPhase(TestCaseExecutor.java:410)
	at com.kms.katalon.core.main.TestCaseExecutor.execute(TestCaseExecutor.java:285)
	at com.kms.katalon.core.common.CommonExecutor.accessTestCaseMainPhase(CommonExecutor.java:65)
	at com.kms.katalon.core.main.TestSuiteExecutor.accessTestSuiteMainPhase(TestSuiteExecutor.java:148)
	at com.kms.katalon.core.main.TestSuiteExecutor.execute(TestSuiteExecutor.java:106)
	at com.kms.katalon.core.main.TestCaseMain.startTestSuite(TestCaseMain.java:187)
	at com.kms.katalon.core.main.TestCaseMain$startTestSuite$0.call(Unknown Source)
	at TempTestSuite1695959417111.run(TempTestSuite1695959417111.groovy:36)


2023-09-29 10:52:50 - [TEST_STEP][PASSED] - callTestCase(findTestCase("M05 -Edit Sosial Media/TC-LS-001"), [:], STOP_ON_FAILURE): Call Test Case 'Test Cases/M05 -Edit Sosial Media/TC-LS-001' successfully

2023-09-29 10:52:50 - [TEST_CASE][PASSED] - Test Cases/M05 -Edit Sosial Media/TC-LS-001: Test Cases/M05 -Edit Sosial Media/TC-LS-001

2023-09-29 10:52:50 - [TEST_STEP][PASSED] - openBrowser(urlWeb): Browser is opened with url: 'https://10.9.2.63/ecommerce/'

2023-09-29 10:52:50 - [MESSAGE][WARNING] - A browser is already opened. Closing browser and opening a new one

2023-09-29 10:52:51 - [MESSAGE][INFO] - Starting 'Firefox' driver

2023-09-29 10:52:51 - [MESSAGE][INFO] - Action delay is set to 0 milliseconds

2023-09-29 10:52:59 - [MESSAGE][PASSED] - Browser is opened with url: 'https://10.9.2.63/ecommerce/'

2023-09-29 10:52:59 - [TEST_STEP][PASSED] - maximizeWindow(): Current window maximized

2023-09-29 10:52:59 - [MESSAGE][PASSED] - Current window maximized

2023-09-29 10:52:59 - [TEST_STEP][PASSED] - click(findTestObject("Login/a_Login")): Object: 'Object Repository/Login/a_Login' is clicked on

2023-09-29 10:53:00 - [MESSAGE][PASSED] - Object: 'Object Repository/Login/a_Login' is clicked on

2023-09-29 10:53:00 - [TEST_STEP][PASSED] - setText(findTestObject("Login/input_Username, Email atau No. Handphone_a"), "runa36"): Text 'runa36' is set on object 'Object Repository/Login/input_Username, Email atau No. Handphone_a'

2023-09-29 10:53:01 - [MESSAGE][PASSED] - Text 'runa36' is set on object 'Object Repository/Login/input_Username, Email atau No. Handphone_a'

2023-09-29 10:53:01 - [TEST_STEP][PASSED] - setEncryptedText(findTestObject("Login/input_Password di Login(Masuk)"), "qbkrdMwyWE4="): Text ****** has been set on object 'Object Repository/Login/input_Password di Login(Masuk)'

2023-09-29 10:53:01 - [MESSAGE][PASSED] - Text ****** has been set on object 'Object Repository/Login/input_Password di Login(Masuk)'

2023-09-29 10:53:01 - [TEST_STEP][PASSED] - click(findTestObject("Login/button_Masuk di halaman login")): Object: 'Object Repository/Login/button_Masuk di halaman login' is clicked on

2023-09-29 10:53:03 - [MESSAGE][PASSED] - Object: 'Object Repository/Login/button_Masuk di halaman login' is clicked on

2023-09-29 10:53:03 - [TEST_STEP][PASSED] - verifyElementPresent(findTestObject("edit sosial media/verifikasi masuk halaman biodata diri"), 0): Object 'Object Repository/edit sosial media/verifikasi masuk halaman biodata diri' is present

2023-09-29 10:53:03 - [MESSAGE][WARNING] - Timeout '0' is invalid. Using default page load timeout: '30'

2023-09-29 10:53:04 - [MESSAGE][PASSED] - Object 'Object Repository/edit sosial media/verifikasi masuk halaman biodata diri' is present

2023-09-29 10:53:04 - [MESSAGE][PASSED] - Call Test Case 'Test Cases/M05 -Edit Sosial Media/TC-LS-001' successfully

2023-09-29 10:53:04 - [TEST_STEP][PASSED] - verifyElementPresent(findTestObject("edit sosial media/verifikasi masuk halaman biodata diri"), 0): Object 'Object Repository/edit sosial media/verifikasi masuk halaman biodata diri' is present

2023-09-29 10:53:04 - [MESSAGE][WARNING] - Timeout '0' is invalid. Using default page load timeout: '30'

2023-09-29 10:53:04 - [MESSAGE][PASSED] - Object 'Object Repository/edit sosial media/verifikasi masuk halaman biodata diri' is present

2023-09-29 10:53:04 - [TEST_STEP][PASSED] - click(findTestObject("edit sosial media/a_Sosmed")): Object: 'Object Repository/edit sosial media/a_Sosmed' is clicked on

2023-09-29 10:53:05 - [MESSAGE][PASSED] - Object: 'Object Repository/edit sosial media/a_Sosmed' is clicked on

2023-09-29 10:53:05 - [TEST_STEP][PASSED] - click(findTestObject("edit sosial media/Edit Sosial Media")): Object: 'Object Repository/edit sosial media/Edit Sosial Media' is clicked on

2023-09-29 10:53:07 - [MESSAGE][PASSED] - Object: 'Object Repository/edit sosial media/Edit Sosial Media' is clicked on

2023-09-29 10:53:07 - [TEST_STEP][PASSED] - clearText(findTestObject("edit sosial media/input_Instagram_c")): Text of object 'Object Repository/edit sosial media/input_Instagram_c' is cleared

2023-09-29 10:53:08 - [MESSAGE][PASSED] - Text of object 'Object Repository/edit sosial media/input_Instagram_c' is cleared

2023-09-29 10:53:08 - [TEST_STEP][PASSED] - setText(findTestObject("edit sosial media/input_Instagram_c"), insta): Text 'Johndue' is set on object 'Object Repository/edit sosial media/input_Instagram_c'

2023-09-29 10:53:08 - [MESSAGE][PASSED] - Text 'Johndue' is set on object 'Object Repository/edit sosial media/input_Instagram_c'

2023-09-29 10:53:08 - [TEST_STEP][PASSED] - click(findTestObject("edit sosial media/li_Profile")): Object: 'Object Repository/edit sosial media/li_Profile' is clicked on

2023-09-29 10:53:10 - [MESSAGE][PASSED] - Object: 'Object Repository/edit sosial media/li_Profile' is clicked on

2023-09-29 10:53:10 - [TEST_STEP][PASSED] - click(findTestObject("edit sosial media/a_Sosmed")): Object: 'Object Repository/edit sosial media/a_Sosmed' is clicked on

2023-09-29 10:53:12 - [MESSAGE][PASSED] - Object: 'Object Repository/edit sosial media/a_Sosmed' is clicked on

2023-09-29 10:53:12 - [TEST_STEP][PASSED] - instag = getText(findTestObject("Object Repository/hasil sosmed/hasil Instagram_c")): Text of object 'Object Repository/hasil sosmed/hasil Instagram_c' is: 'Runaya'

2023-09-29 10:53:12 - [MESSAGE][PASSED] - Text of object 'Object Repository/hasil sosmed/hasil Instagram_c' is: 'Runaya'

2023-09-29 10:53:12 - [TEST_STEP][FAILED] - assert insta == instag: Test Cases/M05 -Edit Sosial Media/TC-ESMS-005 FAILED.
Reason:
Assertion failed: 

assert insta == instag
       |     |  |
       |     |  Runaya
       |     false
       Johndue

	at TC-ESMS-005.run(TC-ESMS-005:38)
	at com.kms.katalon.core.main.ScriptEngine.run(ScriptEngine.java:194)
	at com.kms.katalon.core.main.ScriptEngine.runScriptAsRawText(ScriptEngine.java:119)
	at com.kms.katalon.core.main.TestCaseExecutor.runScript(TestCaseExecutor.java:448)
	at com.kms.katalon.core.main.TestCaseExecutor.doExecute(TestCaseExecutor.java:439)
	at com.kms.katalon.core.main.TestCaseExecutor.processExecutionPhase(TestCaseExecutor.java:418)
	at com.kms.katalon.core.main.TestCaseExecutor.accessMainPhase(TestCaseExecutor.java:410)
	at com.kms.katalon.core.main.TestCaseExecutor.execute(TestCaseExecutor.java:285)
	at com.kms.katalon.core.common.CommonExecutor.accessTestCaseMainPhase(CommonExecutor.java:65)
	at com.kms.katalon.core.main.TestSuiteExecutor.accessTestSuiteMainPhase(TestSuiteExecutor.java:148)
	at com.kms.katalon.core.main.TestSuiteExecutor.execute(TestSuiteExecutor.java:106)
	at com.kms.katalon.core.main.TestCaseMain.startTestSuite(TestCaseMain.java:187)
	at com.kms.katalon.core.main.TestCaseMain$startTestSuite$0.call(Unknown Source)
	at TempTestSuite1695959417111.run(TempTestSuite1695959417111.groovy:36)


2023-09-29 10:53:12 - [MESSAGE][FAILED] - Test Cases/M05 -Edit Sosial Media/TC-ESMS-005 FAILED.
Reason:
Assertion failed: 

assert insta == instag
       |     |  |
       |     |  Runaya
       |     false
       Johndue

	at TC-ESMS-005.run(TC-ESMS-005:38)
	at com.kms.katalon.core.main.ScriptEngine.run(ScriptEngine.java:194)
	at com.kms.katalon.core.main.ScriptEngine.runScriptAsRawText(ScriptEngine.java:119)
	at com.kms.katalon.core.main.TestCaseExecutor.runScript(TestCaseExecutor.java:448)
	at com.kms.katalon.core.main.TestCaseExecutor.doExecute(TestCaseExecutor.java:439)
	at com.kms.katalon.core.main.TestCaseExecutor.processExecutionPhase(TestCaseExecutor.java:418)
	at com.kms.katalon.core.main.TestCaseExecutor.accessMainPhase(TestCaseExecutor.java:410)
	at com.kms.katalon.core.main.TestCaseExecutor.execute(TestCaseExecutor.java:285)
	at com.kms.katalon.core.common.CommonExecutor.accessTestCaseMainPhase(CommonExecutor.java:65)
	at com.kms.katalon.core.main.TestSuiteExecutor.accessTestSuiteMainPhase(TestSuiteExecutor.java:148)
	at com.kms.katalon.core.main.TestSuiteExecutor.execute(TestSuiteExecutor.java:106)
	at com.kms.katalon.core.main.TestCaseMain.startTestSuite(TestCaseMain.java:187)
	at com.kms.katalon.core.main.TestCaseMain$startTestSuite$0.call(Unknown Source)
	at TempTestSuite1695959417111.run(TempTestSuite1695959417111.groovy:36)]]></system-out>
         <system-err><![CDATA[2023-09-29 10:52:48 - [TEST_CASE][FAILED] - Test Cases/M05 -Edit Sosial Media/TC-ESMS-005: Test Cases/M05 -Edit Sosial Media/TC-ESMS-005 FAILED.
Reason:
Assertion failed: 

assert insta == instag
       |     |  |
       |     |  Runaya
       |     false
       Johndue

	at TC-ESMS-005.run(TC-ESMS-005:38)
	at com.kms.katalon.core.main.ScriptEngine.run(ScriptEngine.java:194)
	at com.kms.katalon.core.main.ScriptEngine.runScriptAsRawText(ScriptEngine.java:119)
	at com.kms.katalon.core.main.TestCaseExecutor.runScript(TestCaseExecutor.java:448)
	at com.kms.katalon.core.main.TestCaseExecutor.doExecute(TestCaseExecutor.java:439)
	at com.kms.katalon.core.main.TestCaseExecutor.processExecutionPhase(TestCaseExecutor.java:418)
	at com.kms.katalon.core.main.TestCaseExecutor.accessMainPhase(TestCaseExecutor.java:410)
	at com.kms.katalon.core.main.TestCaseExecutor.execute(TestCaseExecutor.java:285)
	at com.kms.katalon.core.common.CommonExecutor.accessTestCaseMainPhase(CommonExecutor.java:65)
	at com.kms.katalon.core.main.TestSuiteExecutor.accessTestSuiteMainPhase(TestSuiteExecutor.java:148)
	at com.kms.katalon.core.main.TestSuiteExecutor.execute(TestSuiteExecutor.java:106)
	at com.kms.katalon.core.main.TestCaseMain.startTestSuite(TestCaseMain.java:187)
	at com.kms.katalon.core.main.TestCaseMain$startTestSuite$0.call(Unknown Source)
	at TempTestSuite1695959417111.run(TempTestSuite1695959417111.groovy:36)]]></system-err>
      </testcase>
      <testcase name="Test Cases/M05 -Edit Sosial Media/TC-ESMD-001" time="51.223" classname="Test Cases/M05 -Edit Sosial Media/TC-ESMD-001" status="FAILED">
         <failure type="FAILED" message="Test Cases/M05 -Edit Sosial Media/TC-ESMD-001 FAILED.
Reason:
Assertion failed: 

assert face.toString().trim().equalsIgnoreCase(facebook.trim())
       |    |          |      |                |        |
       -    -          -      false            &quot;&quot;       &quot;&quot;

	at TC-ESMD-001.run(TC-ESMD-001:60)
	at com.kms.katalon.core.main.ScriptEngine.run(ScriptEngine.java:194)
	at com.kms.katalon.core.main.ScriptEngine.runScriptAsRawText(ScriptEngine.java:119)
	at com.kms.katalon.core.main.TestCaseExecutor.runScript(TestCaseExecutor.java:448)
	at com.kms.katalon.core.main.TestCaseExecutor.doExecute(TestCaseExecutor.java:439)
	at com.kms.katalon.core.main.TestCaseExecutor.processExecutionPhase(TestCaseExecutor.java:418)
	at com.kms.katalon.core.main.TestCaseExecutor.accessMainPhase(TestCaseExecutor.java:410)
	at com.kms.katalon.core.main.TestCaseExecutor.execute(TestCaseExecutor.java:285)
	at com.kms.katalon.core.common.CommonExecutor.accessTestCaseMainPhase(CommonExecutor.java:65)
	at com.kms.katalon.core.main.TestSuiteExecutor.accessTestSuiteMainPhase(TestSuiteExecutor.java:148)
	at com.kms.katalon.core.main.TestSuiteExecutor.execute(TestSuiteExecutor.java:106)
	at com.kms.katalon.core.main.TestCaseMain.startTestSuite(TestCaseMain.java:187)
	at com.kms.katalon.core.main.TestCaseMain$startTestSuite$0.call(Unknown Source)
	at TempTestSuite1695959417111.run(TempTestSuite1695959417111.groovy:36)
"/>
         <system-out><![CDATA[2023-09-29 10:53:12 - [TEST_CASE][FAILED] - Test Cases/M05 -Edit Sosial Media/TC-ESMD-001: Test Cases/M05 -Edit Sosial Media/TC-ESMD-001 FAILED.
Reason:
Assertion failed: 

assert face.toString().trim().equalsIgnoreCase(facebook.trim())
       |    |          |      |                |        |
       -    -          -      false            ""       ""

	at TC-ESMD-001.run(TC-ESMD-001:60)
	at com.kms.katalon.core.main.ScriptEngine.run(ScriptEngine.java:194)
	at com.kms.katalon.core.main.ScriptEngine.runScriptAsRawText(ScriptEngine.java:119)
	at com.kms.katalon.core.main.TestCaseExecutor.runScript(TestCaseExecutor.java:448)
	at com.kms.katalon.core.main.TestCaseExecutor.doExecute(TestCaseExecutor.java:439)
	at com.kms.katalon.core.main.TestCaseExecutor.processExecutionPhase(TestCaseExecutor.java:418)
	at com.kms.katalon.core.main.TestCaseExecutor.accessMainPhase(TestCaseExecutor.java:410)
	at com.kms.katalon.core.main.TestCaseExecutor.execute(TestCaseExecutor.java:285)
	at com.kms.katalon.core.common.CommonExecutor.accessTestCaseMainPhase(CommonExecutor.java:65)
	at com.kms.katalon.core.main.TestSuiteExecutor.accessTestSuiteMainPhase(TestSuiteExecutor.java:148)
	at com.kms.katalon.core.main.TestSuiteExecutor.execute(TestSuiteExecutor.java:106)
	at com.kms.katalon.core.main.TestCaseMain.startTestSuite(TestCaseMain.java:187)
	at com.kms.katalon.core.main.TestCaseMain$startTestSuite$0.call(Unknown Source)
	at TempTestSuite1695959417111.run(TempTestSuite1695959417111.groovy:36)


2023-09-29 10:53:14 - [TEST_STEP][PASSED] - callTestCase(findTestCase("M05 -Edit Sosial Media/TC-ESMS-001"), ["Facebook":"Runarun", "Twitter":"Runaya71", "Instagram":"Runarun", "Whatsapp":"+6281122223333", "Telegram":"@Runaya71", "Youtube":"Runarun", ... ], STOP_ON_FAILURE): Call Test Case 'Test Cases/M05 -Edit Sosial Media/TC-ESMS-001' successfully

2023-09-29 10:53:14 - [TEST_CASE][PASSED] - Test Cases/M05 -Edit Sosial Media/TC-ESMS-001: Test Cases/M05 -Edit Sosial Media/TC-ESMS-001

2023-09-29 10:53:14 - [TEST_STEP][PASSED] - callTestCase(findTestCase("M05 -Edit Sosial Media/TC-LS-001"), [:], STOP_ON_FAILURE): Call Test Case 'Test Cases/M05 -Edit Sosial Media/TC-LS-001' successfully

2023-09-29 10:53:14 - [TEST_CASE][PASSED] - Test Cases/M05 -Edit Sosial Media/TC-LS-001: Test Cases/M05 -Edit Sosial Media/TC-LS-001

2023-09-29 10:53:14 - [TEST_STEP][PASSED] - openBrowser(urlWeb): Browser is opened with url: 'https://10.9.2.63/ecommerce/'

2023-09-29 10:53:14 - [MESSAGE][WARNING] - A browser is already opened. Closing browser and opening a new one

2023-09-29 10:53:15 - [MESSAGE][INFO] - Starting 'Firefox' driver

2023-09-29 10:53:15 - [MESSAGE][INFO] - Action delay is set to 0 milliseconds

2023-09-29 10:53:23 - [MESSAGE][PASSED] - Browser is opened with url: 'https://10.9.2.63/ecommerce/'

2023-09-29 10:53:23 - [TEST_STEP][PASSED] - maximizeWindow(): Current window maximized

2023-09-29 10:53:23 - [MESSAGE][PASSED] - Current window maximized

2023-09-29 10:53:23 - [TEST_STEP][PASSED] - click(findTestObject("Login/a_Login")): Object: 'Object Repository/Login/a_Login' is clicked on

2023-09-29 10:53:24 - [MESSAGE][PASSED] - Object: 'Object Repository/Login/a_Login' is clicked on

2023-09-29 10:53:24 - [TEST_STEP][PASSED] - setText(findTestObject("Login/input_Username, Email atau No. Handphone_a"), "runa36"): Text 'runa36' is set on object 'Object Repository/Login/input_Username, Email atau No. Handphone_a'

2023-09-29 10:53:25 - [MESSAGE][PASSED] - Text 'runa36' is set on object 'Object Repository/Login/input_Username, Email atau No. Handphone_a'

2023-09-29 10:53:25 - [TEST_STEP][PASSED] - setEncryptedText(findTestObject("Login/input_Password di Login(Masuk)"), "qbkrdMwyWE4="): Text ****** has been set on object 'Object Repository/Login/input_Password di Login(Masuk)'

2023-09-29 10:53:26 - [MESSAGE][PASSED] - Text ****** has been set on object 'Object Repository/Login/input_Password di Login(Masuk)'

2023-09-29 10:53:26 - [TEST_STEP][PASSED] - click(findTestObject("Login/button_Masuk di halaman login")): Object: 'Object Repository/Login/button_Masuk di halaman login' is clicked on

2023-09-29 10:53:27 - [MESSAGE][PASSED] - Object: 'Object Repository/Login/button_Masuk di halaman login' is clicked on

2023-09-29 10:53:27 - [TEST_STEP][PASSED] - verifyElementPresent(findTestObject("edit sosial media/verifikasi masuk halaman biodata diri"), 0): Object 'Object Repository/edit sosial media/verifikasi masuk halaman biodata diri' is present

2023-09-29 10:53:28 - [MESSAGE][WARNING] - Timeout '0' is invalid. Using default page load timeout: '30'

2023-09-29 10:53:28 - [MESSAGE][PASSED] - Object 'Object Repository/edit sosial media/verifikasi masuk halaman biodata diri' is present

2023-09-29 10:53:28 - [MESSAGE][PASSED] - Call Test Case 'Test Cases/M05 -Edit Sosial Media/TC-LS-001' successfully

2023-09-29 10:53:28 - [TEST_STEP][PASSED] - verifyElementPresent(findTestObject("edit sosial media/verifikasi masuk halaman biodata diri"), 0): Object 'Object Repository/edit sosial media/verifikasi masuk halaman biodata diri' is present

2023-09-29 10:53:28 - [MESSAGE][WARNING] - Timeout '0' is invalid. Using default page load timeout: '30'

2023-09-29 10:53:29 - [MESSAGE][PASSED] - Object 'Object Repository/edit sosial media/verifikasi masuk halaman biodata diri' is present

2023-09-29 10:53:29 - [TEST_STEP][PASSED] - click(findTestObject("edit sosial media/a_Sosmed")): Object: 'Object Repository/edit sosial media/a_Sosmed' is clicked on

2023-09-29 10:53:30 - [MESSAGE][PASSED] - Object: 'Object Repository/edit sosial media/a_Sosmed' is clicked on

2023-09-29 10:53:30 - [TEST_STEP][PASSED] - click(findTestObject("edit sosial media/Edit Sosial Media")): Object: 'Object Repository/edit sosial media/Edit Sosial Media' is clicked on

2023-09-29 10:53:32 - [MESSAGE][PASSED] - Object: 'Object Repository/edit sosial media/Edit Sosial Media' is clicked on

2023-09-29 10:53:32 - [TEST_STEP][PASSED] - clearText(findTestObject("edit sosial media/input_Facebook_a")): Text of object 'Object Repository/edit sosial media/input_Facebook_a' is cleared

2023-09-29 10:53:32 - [MESSAGE][PASSED] - Text of object 'Object Repository/edit sosial media/input_Facebook_a' is cleared

2023-09-29 10:53:32 - [TEST_STEP][PASSED] - setText(findTestObject("edit sosial media/input_Facebook_a"), Facebook): Text 'Runarun' is set on object 'Object Repository/edit sosial media/input_Facebook_a'

2023-09-29 10:53:33 - [MESSAGE][PASSED] - Text 'Runarun' is set on object 'Object Repository/edit sosial media/input_Facebook_a'

2023-09-29 10:53:33 - [TEST_STEP][PASSED] - clearText(findTestObject("edit sosial media/input_Twitter_b")): Text of object 'Object Repository/edit sosial media/input_Twitter_b' is cleared

2023-09-29 10:53:34 - [MESSAGE][PASSED] - Text of object 'Object Repository/edit sosial media/input_Twitter_b' is cleared

2023-09-29 10:53:34 - [TEST_STEP][PASSED] - setText(findTestObject("edit sosial media/input_Twitter_b"), Twitter): Text 'Runaya71' is set on object 'Object Repository/edit sosial media/input_Twitter_b'

2023-09-29 10:53:35 - [MESSAGE][PASSED] - Text 'Runaya71' is set on object 'Object Repository/edit sosial media/input_Twitter_b'

2023-09-29 10:53:35 - [TEST_STEP][PASSED] - clearText(findTestObject("edit sosial media/input_Instagram_c")): Text of object 'Object Repository/edit sosial media/input_Instagram_c' is cleared

2023-09-29 10:53:35 - [MESSAGE][PASSED] - Text of object 'Object Repository/edit sosial media/input_Instagram_c' is cleared

2023-09-29 10:53:35 - [TEST_STEP][PASSED] - setText(findTestObject("edit sosial media/input_Instagram_c"), Instagram): Text 'Runarun' is set on object 'Object Repository/edit sosial media/input_Instagram_c'

2023-09-29 10:53:36 - [MESSAGE][PASSED] - Text 'Runarun' is set on object 'Object Repository/edit sosial media/input_Instagram_c'

2023-09-29 10:53:36 - [TEST_STEP][PASSED] - clearText(findTestObject("edit sosial media/input_Whatsapp_d")): Text of object 'Object Repository/edit sosial media/input_Whatsapp_d' is cleared

2023-09-29 10:53:37 - [MESSAGE][PASSED] - Text of object 'Object Repository/edit sosial media/input_Whatsapp_d' is cleared

2023-09-29 10:53:37 - [TEST_STEP][PASSED] - setText(findTestObject("edit sosial media/input_Whatsapp_d"), Whatsapp): Text '+6281122223333' is set on object 'Object Repository/edit sosial media/input_Whatsapp_d'

2023-09-29 10:53:38 - [MESSAGE][PASSED] - Text '+6281122223333' is set on object 'Object Repository/edit sosial media/input_Whatsapp_d'

2023-09-29 10:53:38 - [TEST_STEP][PASSED] - clearText(findTestObject("edit sosial media/input_Telegram_e")): Text of object 'Object Repository/edit sosial media/input_Telegram_e' is cleared

2023-09-29 10:53:39 - [MESSAGE][PASSED] - Text of object 'Object Repository/edit sosial media/input_Telegram_e' is cleared

2023-09-29 10:53:39 - [TEST_STEP][PASSED] - setText(findTestObject("edit sosial media/input_Telegram_e"), Telegram): Text '@Runaya71' is set on object 'Object Repository/edit sosial media/input_Telegram_e'

2023-09-29 10:53:39 - [MESSAGE][PASSED] - Text '@Runaya71' is set on object 'Object Repository/edit sosial media/input_Telegram_e'

2023-09-29 10:53:39 - [TEST_STEP][PASSED] - clearText(findTestObject("edit sosial media/input_Youtube_f")): Text of object 'Object Repository/edit sosial media/input_Youtube_f' is cleared

2023-09-29 10:53:40 - [MESSAGE][PASSED] - Text of object 'Object Repository/edit sosial media/input_Youtube_f' is cleared

2023-09-29 10:53:40 - [TEST_STEP][PASSED] - setText(findTestObject("edit sosial media/input_Youtube_f"), Youtube): Text 'Runarun' is set on object 'Object Repository/edit sosial media/input_Youtube_f'

2023-09-29 10:53:41 - [MESSAGE][PASSED] - Text 'Runarun' is set on object 'Object Repository/edit sosial media/input_Youtube_f'

2023-09-29 10:53:41 - [TEST_STEP][PASSED] - clearText(findTestObject("edit sosial media/input_LinkedIn_g")): Text of object 'Object Repository/edit sosial media/input_LinkedIn_g' is cleared

2023-09-29 10:53:42 - [MESSAGE][PASSED] - Text of object 'Object Repository/edit sosial media/input_LinkedIn_g' is cleared

2023-09-29 10:53:42 - [TEST_STEP][PASSED] - setText(findTestObject("edit sosial media/input_LinkedIn_g"), LinkedIn): Text 'RunaOkta' is set on object 'Object Repository/edit sosial media/input_LinkedIn_g'

2023-09-29 10:53:43 - [MESSAGE][PASSED] - Text 'RunaOkta' is set on object 'Object Repository/edit sosial media/input_LinkedIn_g'

2023-09-29 10:53:43 - [TEST_STEP][PASSED] - clearText(findTestObject("edit sosial media/input_Google_h")): Text of object 'Object Repository/edit sosial media/input_Google_h' is cleared

2023-09-29 10:53:43 - [MESSAGE][PASSED] - Text of object 'Object Repository/edit sosial media/input_Google_h' is cleared

2023-09-29 10:53:43 - [TEST_STEP][PASSED] - setText(findTestObject("edit sosial media/input_Google_h"), Google): Text '+Runaya' is set on object 'Object Repository/edit sosial media/input_Google_h'

2023-09-29 10:53:44 - [MESSAGE][PASSED] - Text '+Runaya' is set on object 'Object Repository/edit sosial media/input_Google_h'

2023-09-29 10:53:44 - [TEST_STEP][PASSED] - click(findTestObject("edit sosial media/center_Simpan Sosial Media")): Object: 'Object Repository/edit sosial media/center_Simpan Sosial Media' is clicked on

2023-09-29 10:53:46 - [MESSAGE][PASSED] - Object: 'Object Repository/edit sosial media/center_Simpan Sosial Media' is clicked on

2023-09-29 10:53:46 - [TEST_STEP][PASSED] - face = getText(findTestObject("hasil sosmed/hasil facebook_a")): Text of object 'Object Repository/hasil sosmed/hasil facebook_a' is: 'Runarun'

2023-09-29 10:53:46 - [MESSAGE][PASSED] - Text of object 'Object Repository/hasil sosmed/hasil facebook_a' is: 'Runarun'

2023-09-29 10:53:46 - [TEST_STEP][PASSED] - Twit = getText(findTestObject("hasil sosmed/hasil twitter_b")): Text of object 'Object Repository/hasil sosmed/hasil twitter_b' is: 'Runaya71'

2023-09-29 10:53:47 - [MESSAGE][PASSED] - Text of object 'Object Repository/hasil sosmed/hasil twitter_b' is: 'Runaya71'

2023-09-29 10:53:47 - [TEST_STEP][PASSED] - insta = getText(findTestObject("hasil sosmed/hasil Instagram_c")): Text of object 'Object Repository/hasil sosmed/hasil Instagram_c' is: 'Runarun'

2023-09-29 10:53:48 - [MESSAGE][PASSED] - Text of object 'Object Repository/hasil sosmed/hasil Instagram_c' is: 'Runarun'

2023-09-29 10:53:48 - [TEST_STEP][PASSED] - wa = getText(findTestObject("hasil sosmed/hasil whatsapp d")): Text of object 'Object Repository/hasil sosmed/hasil whatsapp d' is: '+6281122223333'

2023-09-29 10:53:48 - [MESSAGE][PASSED] - Text of object 'Object Repository/hasil sosmed/hasil whatsapp d' is: '+6281122223333'

2023-09-29 10:53:48 - [TEST_STEP][PASSED] - tele = getText(findTestObject("hasil sosmed/hasil Telegram e")): Text of object 'Object Repository/hasil sosmed/hasil Telegram e' is: '@Runaya71'

2023-09-29 10:53:49 - [MESSAGE][PASSED] - Text of object 'Object Repository/hasil sosmed/hasil Telegram e' is: '@Runaya71'

2023-09-29 10:53:49 - [TEST_STEP][PASSED] - yout = getText(findTestObject("hasil sosmed/hasil youtube f")): Text of object 'Object Repository/hasil sosmed/hasil youtube f' is: 'Runarun'

2023-09-29 10:53:49 - [MESSAGE][PASSED] - Text of object 'Object Repository/hasil sosmed/hasil youtube f' is: 'Runarun'

2023-09-29 10:53:49 - [TEST_STEP][PASSED] - lin = getText(findTestObject("hasil sosmed/hasil linkedin g")): Text of object 'Object Repository/hasil sosmed/hasil linkedin g' is: 'RunaOkta'

2023-09-29 10:53:50 - [MESSAGE][PASSED] - Text of object 'Object Repository/hasil sosmed/hasil linkedin g' is: 'RunaOkta'

2023-09-29 10:53:50 - [TEST_STEP][PASSED] - goo = getText(findTestObject("hasil sosmed/hasil google h")): Text of object 'Object Repository/hasil sosmed/hasil google h' is: '+Runaya'

2023-09-29 10:53:50 - [MESSAGE][PASSED] - Text of object 'Object Repository/hasil sosmed/hasil google h' is: '+Runaya'

2023-09-29 10:53:50 - [TEST_STEP][PASSED] - assert trim().equalsIgnoreCase(Facebook.trim()): null

2023-09-29 10:53:50 - [TEST_STEP][PASSED] - assert trim().equalsIgnoreCase(Twitter.trim()): null

2023-09-29 10:53:50 - [TEST_STEP][PASSED] - assert trim().equalsIgnoreCase(Instagram.trim()): null

2023-09-29 10:53:50 - [TEST_STEP][PASSED] - assert trim().equalsIgnoreCase(Whatsapp.trim()): null

2023-09-29 10:53:50 - [TEST_STEP][PASSED] - assert trim().equalsIgnoreCase(Telegram.trim()): null

2023-09-29 10:53:50 - [TEST_STEP][PASSED] - assert trim().equalsIgnoreCase(Youtube.trim()): null

2023-09-29 10:53:50 - [TEST_STEP][PASSED] - assert trim().equalsIgnoreCase(LinkedIn.trim()): null

2023-09-29 10:53:50 - [TEST_STEP][PASSED] - assert trim().equalsIgnoreCase(Google.trim()): null

2023-09-29 10:53:50 - [MESSAGE][PASSED] - Call Test Case 'Test Cases/M05 -Edit Sosial Media/TC-ESMS-001' successfully

2023-09-29 10:53:50 - [TEST_STEP][PASSED] - click(findTestObject("edit sosial media/Edit Sosial Media")): Object: 'Object Repository/edit sosial media/Edit Sosial Media' is clicked on

2023-09-29 10:53:52 - [MESSAGE][PASSED] - Object: 'Object Repository/edit sosial media/Edit Sosial Media' is clicked on

2023-09-29 10:53:52 - [TEST_STEP][PASSED] - clearText(findTestObject("edit sosial media/input_Facebook_a")): Text of object 'Object Repository/edit sosial media/input_Facebook_a' is cleared

2023-09-29 10:53:52 - [MESSAGE][PASSED] - Text of object 'Object Repository/edit sosial media/input_Facebook_a' is cleared

2023-09-29 10:53:52 - [TEST_STEP][PASSED] - clearText(findTestObject("edit sosial media/input_Twitter_b")): Text of object 'Object Repository/edit sosial media/input_Twitter_b' is cleared

2023-09-29 10:53:53 - [MESSAGE][PASSED] - Text of object 'Object Repository/edit sosial media/input_Twitter_b' is cleared

2023-09-29 10:53:53 - [TEST_STEP][PASSED] - clearText(findTestObject("edit sosial media/input_Instagram_c")): Text of object 'Object Repository/edit sosial media/input_Instagram_c' is cleared

2023-09-29 10:53:54 - [MESSAGE][PASSED] - Text of object 'Object Repository/edit sosial media/input_Instagram_c' is cleared

2023-09-29 10:53:54 - [TEST_STEP][PASSED] - clearText(findTestObject("edit sosial media/input_Whatsapp_d")): Text of object 'Object Repository/edit sosial media/input_Whatsapp_d' is cleared

2023-09-29 10:53:54 - [MESSAGE][PASSED] - Text of object 'Object Repository/edit sosial media/input_Whatsapp_d' is cleared

2023-09-29 10:53:54 - [TEST_STEP][PASSED] - clearText(findTestObject("edit sosial media/input_Telegram_e")): Text of object 'Object Repository/edit sosial media/input_Telegram_e' is cleared

2023-09-29 10:53:55 - [MESSAGE][PASSED] - Text of object 'Object Repository/edit sosial media/input_Telegram_e' is cleared

2023-09-29 10:53:55 - [TEST_STEP][PASSED] - clearText(findTestObject("edit sosial media/input_Youtube_f")): Text of object 'Object Repository/edit sosial media/input_Youtube_f' is cleared

2023-09-29 10:53:56 - [MESSAGE][PASSED] - Text of object 'Object Repository/edit sosial media/input_Youtube_f' is cleared

2023-09-29 10:53:56 - [TEST_STEP][PASSED] - clearText(findTestObject("edit sosial media/input_LinkedIn_g")): Text of object 'Object Repository/edit sosial media/input_LinkedIn_g' is cleared

2023-09-29 10:53:56 - [MESSAGE][PASSED] - Text of object 'Object Repository/edit sosial media/input_LinkedIn_g' is cleared

2023-09-29 10:53:56 - [TEST_STEP][PASSED] - clearText(findTestObject("edit sosial media/input_Google_h")): Text of object 'Object Repository/edit sosial media/input_Google_h' is cleared

2023-09-29 10:53:57 - [MESSAGE][PASSED] - Text of object 'Object Repository/edit sosial media/input_Google_h' is cleared

2023-09-29 10:53:57 - [TEST_STEP][PASSED] - click(findTestObject("edit sosial media/center_Simpan Sosial Media")): Object: 'Object Repository/edit sosial media/center_Simpan Sosial Media' is clicked on

2023-09-29 10:53:59 - [MESSAGE][PASSED] - Object: 'Object Repository/edit sosial media/center_Simpan Sosial Media' is clicked on

2023-09-29 10:53:59 - [TEST_STEP][PASSED] - face = getText(findTestObject("Object Repository/hasil sosmed/hasil facebook_a")): Text of object 'Object Repository/hasil sosmed/hasil facebook_a' is: '-'

2023-09-29 10:54:00 - [MESSAGE][PASSED] - Text of object 'Object Repository/hasil sosmed/hasil facebook_a' is: '-'

2023-09-29 10:54:00 - [TEST_STEP][PASSED] - twit = getText(findTestObject("hasil sosmed/hasil twitter_b")): Text of object 'Object Repository/hasil sosmed/hasil twitter_b' is: '-'

2023-09-29 10:54:00 - [MESSAGE][PASSED] - Text of object 'Object Repository/hasil sosmed/hasil twitter_b' is: '-'

2023-09-29 10:54:00 - [TEST_STEP][PASSED] - insta = getText(findTestObject("hasil sosmed/hasil Instagram_c")): Text of object 'Object Repository/hasil sosmed/hasil Instagram_c' is: '-'

2023-09-29 10:54:01 - [MESSAGE][PASSED] - Text of object 'Object Repository/hasil sosmed/hasil Instagram_c' is: '-'

2023-09-29 10:54:01 - [TEST_STEP][PASSED] - wa = getText(findTestObject("hasil sosmed/hasil whatsapp d")): Text of object 'Object Repository/hasil sosmed/hasil whatsapp d' is: '-'

2023-09-29 10:54:01 - [MESSAGE][PASSED] - Text of object 'Object Repository/hasil sosmed/hasil whatsapp d' is: '-'

2023-09-29 10:54:01 - [TEST_STEP][PASSED] - tele = getText(findTestObject("hasil sosmed/hasil Telegram e")): Text of object 'Object Repository/hasil sosmed/hasil Telegram e' is: '-'

2023-09-29 10:54:02 - [MESSAGE][PASSED] - Text of object 'Object Repository/hasil sosmed/hasil Telegram e' is: '-'

2023-09-29 10:54:02 - [TEST_STEP][PASSED] - yout = getText(findTestObject("hasil sosmed/hasil youtube f")): Text of object 'Object Repository/hasil sosmed/hasil youtube f' is: '-'

2023-09-29 10:54:02 - [MESSAGE][PASSED] - Text of object 'Object Repository/hasil sosmed/hasil youtube f' is: '-'

2023-09-29 10:54:02 - [TEST_STEP][PASSED] - lin = getText(findTestObject("hasil sosmed/hasil linkedin g")): Text of object 'Object Repository/hasil sosmed/hasil linkedin g' is: '-'

2023-09-29 10:54:03 - [MESSAGE][PASSED] - Text of object 'Object Repository/hasil sosmed/hasil linkedin g' is: '-'

2023-09-29 10:54:03 - [TEST_STEP][PASSED] - goo = getText(findTestObject("hasil sosmed/hasil google h")): Text of object 'Object Repository/hasil sosmed/hasil google h' is: '-'

2023-09-29 10:54:03 - [MESSAGE][PASSED] - Text of object 'Object Repository/hasil sosmed/hasil google h' is: '-'

2023-09-29 10:54:03 - [TEST_STEP][FAILED] - assert trim().equalsIgnoreCase(facebook.trim()): Test Cases/M05 -Edit Sosial Media/TC-ESMD-001 FAILED.
Reason:
Assertion failed: 

assert face.toString().trim().equalsIgnoreCase(facebook.trim())
       |    |          |      |                |        |
       -    -          -      false            ""       ""

	at TC-ESMD-001.run(TC-ESMD-001:60)
	at com.kms.katalon.core.main.ScriptEngine.run(ScriptEngine.java:194)
	at com.kms.katalon.core.main.ScriptEngine.runScriptAsRawText(ScriptEngine.java:119)
	at com.kms.katalon.core.main.TestCaseExecutor.runScript(TestCaseExecutor.java:448)
	at com.kms.katalon.core.main.TestCaseExecutor.doExecute(TestCaseExecutor.java:439)
	at com.kms.katalon.core.main.TestCaseExecutor.processExecutionPhase(TestCaseExecutor.java:418)
	at com.kms.katalon.core.main.TestCaseExecutor.accessMainPhase(TestCaseExecutor.java:410)
	at com.kms.katalon.core.main.TestCaseExecutor.execute(TestCaseExecutor.java:285)
	at com.kms.katalon.core.common.CommonExecutor.accessTestCaseMainPhase(CommonExecutor.java:65)
	at com.kms.katalon.core.main.TestSuiteExecutor.accessTestSuiteMainPhase(TestSuiteExecutor.java:148)
	at com.kms.katalon.core.main.TestSuiteExecutor.execute(TestSuiteExecutor.java:106)
	at com.kms.katalon.core.main.TestCaseMain.startTestSuite(TestCaseMain.java:187)
	at com.kms.katalon.core.main.TestCaseMain$startTestSuite$0.call(Unknown Source)
	at TempTestSuite1695959417111.run(TempTestSuite1695959417111.groovy:36)


2023-09-29 10:54:03 - [MESSAGE][FAILED] - Test Cases/M05 -Edit Sosial Media/TC-ESMD-001 FAILED.
Reason:
Assertion failed: 

assert face.toString().trim().equalsIgnoreCase(facebook.trim())
       |    |          |      |                |        |
       -    -          -      false            ""       ""

	at TC-ESMD-001.run(TC-ESMD-001:60)
	at com.kms.katalon.core.main.ScriptEngine.run(ScriptEngine.java:194)
	at com.kms.katalon.core.main.ScriptEngine.runScriptAsRawText(ScriptEngine.java:119)
	at com.kms.katalon.core.main.TestCaseExecutor.runScript(TestCaseExecutor.java:448)
	at com.kms.katalon.core.main.TestCaseExecutor.doExecute(TestCaseExecutor.java:439)
	at com.kms.katalon.core.main.TestCaseExecutor.processExecutionPhase(TestCaseExecutor.java:418)
	at com.kms.katalon.core.main.TestCaseExecutor.accessMainPhase(TestCaseExecutor.java:410)
	at com.kms.katalon.core.main.TestCaseExecutor.execute(TestCaseExecutor.java:285)
	at com.kms.katalon.core.common.CommonExecutor.accessTestCaseMainPhase(CommonExecutor.java:65)
	at com.kms.katalon.core.main.TestSuiteExecutor.accessTestSuiteMainPhase(TestSuiteExecutor.java:148)
	at com.kms.katalon.core.main.TestSuiteExecutor.execute(TestSuiteExecutor.java:106)
	at com.kms.katalon.core.main.TestCaseMain.startTestSuite(TestCaseMain.java:187)
	at com.kms.katalon.core.main.TestCaseMain$startTestSuite$0.call(Unknown Source)
	at TempTestSuite1695959417111.run(TempTestSuite1695959417111.groovy:36)]]></system-out>
         <system-err><![CDATA[2023-09-29 10:53:12 - [TEST_CASE][FAILED] - Test Cases/M05 -Edit Sosial Media/TC-ESMD-001: Test Cases/M05 -Edit Sosial Media/TC-ESMD-001 FAILED.
Reason:
Assertion failed: 

assert face.toString().trim().equalsIgnoreCase(facebook.trim())
       |    |          |      |                |        |
       -    -          -      false            ""       ""

	at TC-ESMD-001.run(TC-ESMD-001:60)
	at com.kms.katalon.core.main.ScriptEngine.run(ScriptEngine.java:194)
	at com.kms.katalon.core.main.ScriptEngine.runScriptAsRawText(ScriptEngine.java:119)
	at com.kms.katalon.core.main.TestCaseExecutor.runScript(TestCaseExecutor.java:448)
	at com.kms.katalon.core.main.TestCaseExecutor.doExecute(TestCaseExecutor.java:439)
	at com.kms.katalon.core.main.TestCaseExecutor.processExecutionPhase(TestCaseExecutor.java:418)
	at com.kms.katalon.core.main.TestCaseExecutor.accessMainPhase(TestCaseExecutor.java:410)
	at com.kms.katalon.core.main.TestCaseExecutor.execute(TestCaseExecutor.java:285)
	at com.kms.katalon.core.common.CommonExecutor.accessTestCaseMainPhase(CommonExecutor.java:65)
	at com.kms.katalon.core.main.TestSuiteExecutor.accessTestSuiteMainPhase(TestSuiteExecutor.java:148)
	at com.kms.katalon.core.main.TestSuiteExecutor.execute(TestSuiteExecutor.java:106)
	at com.kms.katalon.core.main.TestCaseMain.startTestSuite(TestCaseMain.java:187)
	at com.kms.katalon.core.main.TestCaseMain$startTestSuite$0.call(Unknown Source)
	at TempTestSuite1695959417111.run(TempTestSuite1695959417111.groovy:36)]]></system-err>
      </testcase>
      <testcase name="Test Cases/M05 -Edit Sosial Media/TC-ESMF-001" time="27.422" classname="Test Cases/M05 -Edit Sosial Media/TC-ESMF-001" status="ERROR">
         <error type="ERROR" message="Test Cases/M05 -Edit Sosial Media/TC-ESMF-001 FAILED.
Reason:
org.openqa.selenium.NoAlertPresentException: 
Build info: version: '3.141.59', revision: 'e82be7d358', time: '2018-11-14T08:25:53'
System info: host: 'DESKTOP-22KTP91', ip: '10.9.2.65', os.name: 'Windows 10', os.arch: 'amd64', os.version: '10.0', java.version: '1.8.0_362'
Driver info: com.kms.katalon.core.webui.driver.firefox.CGeckoDriver
Capabilities {acceptInsecureCerts: true, browserName: firefox, browserVersion: 117.0.1, javascriptEnabled: true, moz:accessibilityChecks: false, moz:buildID: 20230912013654, moz:geckodriverVersion: 0.33.0, moz:headless: false, moz:platformVersion: 10.0, moz:processID: 20048, moz:profile: C:\Users\USER\AppData\Local..., moz:shutdownTimeout: 60000, moz:webdriverClick: true, moz:windowless: false, pageLoadStrategy: normal, platform: WINDOWS, platformName: WINDOWS, proxy: Proxy(direct), setWindowRect: true, strictFileInteractability: false, timeouts: {implicit: 0, pageLoad: 300000, script: 30000}, unhandledPromptBehavior: dismiss and notify}
Session ID: 0cca8f1d-9fe8-43d5-8c0f-9aea52ca0636
	at org.openqa.selenium.remote.http.W3CHttpResponseCodec.createException(W3CHttpResponseCodec.java:187)
	at org.openqa.selenium.remote.http.W3CHttpResponseCodec.decode(W3CHttpResponseCodec.java:122)
	at org.openqa.selenium.remote.http.W3CHttpResponseCodec.decode(W3CHttpResponseCodec.java:49)
	at org.openqa.selenium.remote.HttpCommandExecutor.execute(HttpCommandExecutor.java:158)
	at org.openqa.selenium.remote.service.DriverCommandExecutor.execute(DriverCommandExecutor.java:83)
	at org.openqa.selenium.remote.RemoteWebDriver.execute(RemoteWebDriver.java:552)
	at com.kms.katalon.selenium.driver.CFirefoxDriver.execute(CFirefoxDriver.java:27)
	at org.openqa.selenium.remote.RemoteWebDriver.execute(RemoteWebDriver.java:609)
	at org.openqa.selenium.remote.RemoteWebDriver$RemoteTargetLocator.alert(RemoteWebDriver.java:932)
	at org.openqa.selenium.support.events.EventFiringWebDriver$EventFiringTargetLocator.alert(EventFiringWebDriver.java:735)
	at org.openqa.selenium.WebDriver$TargetLocator$alert.call(Unknown Source)
	at TC-ESMF-001.run(TC-ESMF-001:35)
	at com.kms.katalon.core.main.ScriptEngine.run(ScriptEngine.java:194)
	at com.kms.katalon.core.main.ScriptEngine.runScriptAsRawText(ScriptEngine.java:119)
	at com.kms.katalon.core.main.TestCaseExecutor.runScript(TestCaseExecutor.java:448)
	at com.kms.katalon.core.main.TestCaseExecutor.doExecute(TestCaseExecutor.java:439)
	at com.kms.katalon.core.main.TestCaseExecutor.processExecutionPhase(TestCaseExecutor.java:418)
	at com.kms.katalon.core.main.TestCaseExecutor.accessMainPhase(TestCaseExecutor.java:410)
	at com.kms.katalon.core.main.TestCaseExecutor.execute(TestCaseExecutor.java:285)
	at com.kms.katalon.core.common.CommonExecutor.accessTestCaseMainPhase(CommonExecutor.java:65)
	at com.kms.katalon.core.main.TestSuiteExecutor.accessTestSuiteMainPhase(TestSuiteExecutor.java:148)
	at com.kms.katalon.core.main.TestSuiteExecutor.execute(TestSuiteExecutor.java:106)
	at com.kms.katalon.core.main.TestCaseMain.startTestSuite(TestCaseMain.java:187)
	at com.kms.katalon.core.main.TestCaseMain$startTestSuite$0.call(Unknown Source)
	at TempTestSuite1695959417111.run(TempTestSuite1695959417111.groovy:36)
"/>
         <system-out><![CDATA[2023-09-29 10:54:04 - [TEST_CASE][ERROR] - Test Cases/M05 -Edit Sosial Media/TC-ESMF-001: Test Cases/M05 -Edit Sosial Media/TC-ESMF-001 FAILED.
Reason:
org.openqa.selenium.NoAlertPresentException: 
Build info: version: '3.141.59', revision: 'e82be7d358', time: '2018-11-14T08:25:53'
System info: host: 'DESKTOP-22KTP91', ip: '10.9.2.65', os.name: 'Windows 10', os.arch: 'amd64', os.version: '10.0', java.version: '1.8.0_362'
Driver info: com.kms.katalon.core.webui.driver.firefox.CGeckoDriver
Capabilities {acceptInsecureCerts: true, browserName: firefox, browserVersion: 117.0.1, javascriptEnabled: true, moz:accessibilityChecks: false, moz:buildID: 20230912013654, moz:geckodriverVersion: 0.33.0, moz:headless: false, moz:platformVersion: 10.0, moz:processID: 20048, moz:profile: C:\Users\USER\AppData\Local..., moz:shutdownTimeout: 60000, moz:webdriverClick: true, moz:windowless: false, pageLoadStrategy: normal, platform: WINDOWS, platformName: WINDOWS, proxy: Proxy(direct), setWindowRect: true, strictFileInteractability: false, timeouts: {implicit: 0, pageLoad: 300000, script: 30000}, unhandledPromptBehavior: dismiss and notify}
Session ID: 0cca8f1d-9fe8-43d5-8c0f-9aea52ca0636
	at org.openqa.selenium.remote.http.W3CHttpResponseCodec.createException(W3CHttpResponseCodec.java:187)
	at org.openqa.selenium.remote.http.W3CHttpResponseCodec.decode(W3CHttpResponseCodec.java:122)
	at org.openqa.selenium.remote.http.W3CHttpResponseCodec.decode(W3CHttpResponseCodec.java:49)
	at org.openqa.selenium.remote.HttpCommandExecutor.execute(HttpCommandExecutor.java:158)
	at org.openqa.selenium.remote.service.DriverCommandExecutor.execute(DriverCommandExecutor.java:83)
	at org.openqa.selenium.remote.RemoteWebDriver.execute(RemoteWebDriver.java:552)
	at com.kms.katalon.selenium.driver.CFirefoxDriver.execute(CFirefoxDriver.java:27)
	at org.openqa.selenium.remote.RemoteWebDriver.execute(RemoteWebDriver.java:609)
	at org.openqa.selenium.remote.RemoteWebDriver$RemoteTargetLocator.alert(RemoteWebDriver.java:932)
	at org.openqa.selenium.support.events.EventFiringWebDriver$EventFiringTargetLocator.alert(EventFiringWebDriver.java:735)
	at org.openqa.selenium.WebDriver$TargetLocator$alert.call(Unknown Source)
	at TC-ESMF-001.run(TC-ESMF-001:35)
	at com.kms.katalon.core.main.ScriptEngine.run(ScriptEngine.java:194)
	at com.kms.katalon.core.main.ScriptEngine.runScriptAsRawText(ScriptEngine.java:119)
	at com.kms.katalon.core.main.TestCaseExecutor.runScript(TestCaseExecutor.java:448)
	at com.kms.katalon.core.main.TestCaseExecutor.doExecute(TestCaseExecutor.java:439)
	at com.kms.katalon.core.main.TestCaseExecutor.processExecutionPhase(TestCaseExecutor.java:418)
	at com.kms.katalon.core.main.TestCaseExecutor.accessMainPhase(TestCaseExecutor.java:410)
	at com.kms.katalon.core.main.TestCaseExecutor.execute(TestCaseExecutor.java:285)
	at com.kms.katalon.core.common.CommonExecutor.accessTestCaseMainPhase(CommonExecutor.java:65)
	at com.kms.katalon.core.main.TestSuiteExecutor.accessTestSuiteMainPhase(TestSuiteExecutor.java:148)
	at com.kms.katalon.core.main.TestSuiteExecutor.execute(TestSuiteExecutor.java:106)
	at com.kms.katalon.core.main.TestCaseMain.startTestSuite(TestCaseMain.java:187)
	at com.kms.katalon.core.main.TestCaseMain$startTestSuite$0.call(Unknown Source)
	at TempTestSuite1695959417111.run(TempTestSuite1695959417111.groovy:36)


2023-09-29 10:54:05 - [TEST_STEP][PASSED] - callTestCase(findTestCase("M05 -Edit Sosial Media/TC-LS-001"), [:], STOP_ON_FAILURE): Call Test Case 'Test Cases/M05 -Edit Sosial Media/TC-LS-001' successfully

2023-09-29 10:54:05 - [TEST_CASE][PASSED] - Test Cases/M05 -Edit Sosial Media/TC-LS-001: Test Cases/M05 -Edit Sosial Media/TC-LS-001

2023-09-29 10:54:05 - [TEST_STEP][PASSED] - openBrowser(urlWeb): Browser is opened with url: 'https://10.9.2.63/ecommerce/'

2023-09-29 10:54:05 - [MESSAGE][WARNING] - A browser is already opened. Closing browser and opening a new one

2023-09-29 10:54:09 - [MESSAGE][INFO] - Starting 'Firefox' driver

2023-09-29 10:54:09 - [MESSAGE][INFO] - Action delay is set to 0 milliseconds

2023-09-29 10:54:20 - [MESSAGE][PASSED] - Browser is opened with url: 'https://10.9.2.63/ecommerce/'

2023-09-29 10:54:20 - [TEST_STEP][PASSED] - maximizeWindow(): Current window maximized

2023-09-29 10:54:20 - [MESSAGE][PASSED] - Current window maximized

2023-09-29 10:54:20 - [TEST_STEP][PASSED] - click(findTestObject("Login/a_Login")): Object: 'Object Repository/Login/a_Login' is clicked on

2023-09-29 10:54:21 - [MESSAGE][PASSED] - Object: 'Object Repository/Login/a_Login' is clicked on

2023-09-29 10:54:21 - [TEST_STEP][PASSED] - setText(findTestObject("Login/input_Username, Email atau No. Handphone_a"), "runa36"): Text 'runa36' is set on object 'Object Repository/Login/input_Username, Email atau No. Handphone_a'

2023-09-29 10:54:22 - [MESSAGE][PASSED] - Text 'runa36' is set on object 'Object Repository/Login/input_Username, Email atau No. Handphone_a'

2023-09-29 10:54:22 - [TEST_STEP][PASSED] - setEncryptedText(findTestObject("Login/input_Password di Login(Masuk)"), "qbkrdMwyWE4="): Text ****** has been set on object 'Object Repository/Login/input_Password di Login(Masuk)'

2023-09-29 10:54:23 - [MESSAGE][PASSED] - Text ****** has been set on object 'Object Repository/Login/input_Password di Login(Masuk)'

2023-09-29 10:54:23 - [TEST_STEP][PASSED] - click(findTestObject("Login/button_Masuk di halaman login")): Object: 'Object Repository/Login/button_Masuk di halaman login' is clicked on

2023-09-29 10:54:25 - [MESSAGE][PASSED] - Object: 'Object Repository/Login/button_Masuk di halaman login' is clicked on

2023-09-29 10:54:25 - [TEST_STEP][PASSED] - verifyElementPresent(findTestObject("edit sosial media/verifikasi masuk halaman biodata diri"), 0): Object 'Object Repository/edit sosial media/verifikasi masuk halaman biodata diri' is present

2023-09-29 10:54:25 - [MESSAGE][WARNING] - Timeout '0' is invalid. Using default page load timeout: '30'

2023-09-29 10:54:25 - [MESSAGE][PASSED] - Object 'Object Repository/edit sosial media/verifikasi masuk halaman biodata diri' is present

2023-09-29 10:54:25 - [MESSAGE][PASSED] - Call Test Case 'Test Cases/M05 -Edit Sosial Media/TC-LS-001' successfully

2023-09-29 10:54:25 - [TEST_STEP][PASSED] - click(findTestObject("edit sosial media/a_Sosmed")): Object: 'Object Repository/edit sosial media/a_Sosmed' is clicked on

2023-09-29 10:54:27 - [MESSAGE][PASSED] - Object: 'Object Repository/edit sosial media/a_Sosmed' is clicked on

2023-09-29 10:54:27 - [TEST_STEP][PASSED] - click(findTestObject("edit sosial media/Edit Sosial Media")): Object: 'Object Repository/edit sosial media/Edit Sosial Media' is clicked on

2023-09-29 10:54:28 - [MESSAGE][PASSED] - Object: 'Object Repository/edit sosial media/Edit Sosial Media' is clicked on

2023-09-29 10:54:28 - [TEST_STEP][PASSED] - click(findTestObject("edit sosial media/input_Facebook_a")): Object: 'Object Repository/edit sosial media/input_Facebook_a' is clicked on

2023-09-29 10:54:29 - [MESSAGE][PASSED] - Object: 'Object Repository/edit sosial media/input_Facebook_a' is clicked on

2023-09-29 10:54:29 - [TEST_STEP][PASSED] - setText(findTestObject("edit sosial media/input_Facebook_a"), facebook): Text 'Runa run' is set on object 'Object Repository/edit sosial media/input_Facebook_a'

2023-09-29 10:54:31 - [MESSAGE][PASSED] - Text 'Runa run' is set on object 'Object Repository/edit sosial media/input_Facebook_a'

2023-09-29 10:54:31 - [TEST_STEP][PASSED] - webDriver = getWebDriver(): null

2023-09-29 10:54:31 - [TEST_STEP][ERROR] - AlertText = alert().getText(): Test Cases/M05 -Edit Sosial Media/TC-ESMF-001 FAILED.
Reason:
org.openqa.selenium.NoAlertPresentException: 
Build info: version: '3.141.59', revision: 'e82be7d358', time: '2018-11-14T08:25:53'
System info: host: 'DESKTOP-22KTP91', ip: '10.9.2.65', os.name: 'Windows 10', os.arch: 'amd64', os.version: '10.0', java.version: '1.8.0_362'
Driver info: com.kms.katalon.core.webui.driver.firefox.CGeckoDriver
Capabilities {acceptInsecureCerts: true, browserName: firefox, browserVersion: 117.0.1, javascriptEnabled: true, moz:accessibilityChecks: false, moz:buildID: 20230912013654, moz:geckodriverVersion: 0.33.0, moz:headless: false, moz:platformVersion: 10.0, moz:processID: 20048, moz:profile: C:\Users\USER\AppData\Local..., moz:shutdownTimeout: 60000, moz:webdriverClick: true, moz:windowless: false, pageLoadStrategy: normal, platform: WINDOWS, platformName: WINDOWS, proxy: Proxy(direct), setWindowRect: true, strictFileInteractability: false, timeouts: {implicit: 0, pageLoad: 300000, script: 30000}, unhandledPromptBehavior: dismiss and notify}
Session ID: 0cca8f1d-9fe8-43d5-8c0f-9aea52ca0636
	at org.openqa.selenium.remote.http.W3CHttpResponseCodec.createException(W3CHttpResponseCodec.java:187)
	at org.openqa.selenium.remote.http.W3CHttpResponseCodec.decode(W3CHttpResponseCodec.java:122)
	at org.openqa.selenium.remote.http.W3CHttpResponseCodec.decode(W3CHttpResponseCodec.java:49)
	at org.openqa.selenium.remote.HttpCommandExecutor.execute(HttpCommandExecutor.java:158)
	at org.openqa.selenium.remote.service.DriverCommandExecutor.execute(DriverCommandExecutor.java:83)
	at org.openqa.selenium.remote.RemoteWebDriver.execute(RemoteWebDriver.java:552)
	at com.kms.katalon.selenium.driver.CFirefoxDriver.execute(CFirefoxDriver.java:27)
	at org.openqa.selenium.remote.RemoteWebDriver.execute(RemoteWebDriver.java:609)
	at org.openqa.selenium.remote.RemoteWebDriver$RemoteTargetLocator.alert(RemoteWebDriver.java:932)
	at org.openqa.selenium.support.events.EventFiringWebDriver$EventFiringTargetLocator.alert(EventFiringWebDriver.java:735)
	at org.openqa.selenium.WebDriver$TargetLocator$alert.call(Unknown Source)
	at TC-ESMF-001.run(TC-ESMF-001:35)
	at com.kms.katalon.core.main.ScriptEngine.run(ScriptEngine.java:194)
	at com.kms.katalon.core.main.ScriptEngine.runScriptAsRawText(ScriptEngine.java:119)
	at com.kms.katalon.core.main.TestCaseExecutor.runScript(TestCaseExecutor.java:448)
	at com.kms.katalon.core.main.TestCaseExecutor.doExecute(TestCaseExecutor.java:439)
	at com.kms.katalon.core.main.TestCaseExecutor.processExecutionPhase(TestCaseExecutor.java:418)
	at com.kms.katalon.core.main.TestCaseExecutor.accessMainPhase(TestCaseExecutor.java:410)
	at com.kms.katalon.core.main.TestCaseExecutor.execute(TestCaseExecutor.java:285)
	at com.kms.katalon.core.common.CommonExecutor.accessTestCaseMainPhase(CommonExecutor.java:65)
	at com.kms.katalon.core.main.TestSuiteExecutor.accessTestSuiteMainPhase(TestSuiteExecutor.java:148)
	at com.kms.katalon.core.main.TestSuiteExecutor.execute(TestSuiteExecutor.java:106)
	at com.kms.katalon.core.main.TestCaseMain.startTestSuite(TestCaseMain.java:187)
	at com.kms.katalon.core.main.TestCaseMain$startTestSuite$0.call(Unknown Source)
	at TempTestSuite1695959417111.run(TempTestSuite1695959417111.groovy:36)


2023-09-29 10:54:31 - [MESSAGE][ERROR] - Test Cases/M05 -Edit Sosial Media/TC-ESMF-001 FAILED.
Reason:
org.openqa.selenium.NoAlertPresentException: 
Build info: version: '3.141.59', revision: 'e82be7d358', time: '2018-11-14T08:25:53'
System info: host: 'DESKTOP-22KTP91', ip: '10.9.2.65', os.name: 'Windows 10', os.arch: 'amd64', os.version: '10.0', java.version: '1.8.0_362'
Driver info: com.kms.katalon.core.webui.driver.firefox.CGeckoDriver
Capabilities {acceptInsecureCerts: true, browserName: firefox, browserVersion: 117.0.1, javascriptEnabled: true, moz:accessibilityChecks: false, moz:buildID: 20230912013654, moz:geckodriverVersion: 0.33.0, moz:headless: false, moz:platformVersion: 10.0, moz:processID: 20048, moz:profile: C:\Users\USER\AppData\Local..., moz:shutdownTimeout: 60000, moz:webdriverClick: true, moz:windowless: false, pageLoadStrategy: normal, platform: WINDOWS, platformName: WINDOWS, proxy: Proxy(direct), setWindowRect: true, strictFileInteractability: false, timeouts: {implicit: 0, pageLoad: 300000, script: 30000}, unhandledPromptBehavior: dismiss and notify}
Session ID: 0cca8f1d-9fe8-43d5-8c0f-9aea52ca0636
	at org.openqa.selenium.remote.http.W3CHttpResponseCodec.createException(W3CHttpResponseCodec.java:187)
	at org.openqa.selenium.remote.http.W3CHttpResponseCodec.decode(W3CHttpResponseCodec.java:122)
	at org.openqa.selenium.remote.http.W3CHttpResponseCodec.decode(W3CHttpResponseCodec.java:49)
	at org.openqa.selenium.remote.HttpCommandExecutor.execute(HttpCommandExecutor.java:158)
	at org.openqa.selenium.remote.service.DriverCommandExecutor.execute(DriverCommandExecutor.java:83)
	at org.openqa.selenium.remote.RemoteWebDriver.execute(RemoteWebDriver.java:552)
	at com.kms.katalon.selenium.driver.CFirefoxDriver.execute(CFirefoxDriver.java:27)
	at org.openqa.selenium.remote.RemoteWebDriver.execute(RemoteWebDriver.java:609)
	at org.openqa.selenium.remote.RemoteWebDriver$RemoteTargetLocator.alert(RemoteWebDriver.java:932)
	at org.openqa.selenium.support.events.EventFiringWebDriver$EventFiringTargetLocator.alert(EventFiringWebDriver.java:735)
	at org.openqa.selenium.WebDriver$TargetLocator$alert.call(Unknown Source)
	at TC-ESMF-001.run(TC-ESMF-001:35)
	at com.kms.katalon.core.main.ScriptEngine.run(ScriptEngine.java:194)
	at com.kms.katalon.core.main.ScriptEngine.runScriptAsRawText(ScriptEngine.java:119)
	at com.kms.katalon.core.main.TestCaseExecutor.runScript(TestCaseExecutor.java:448)
	at com.kms.katalon.core.main.TestCaseExecutor.doExecute(TestCaseExecutor.java:439)
	at com.kms.katalon.core.main.TestCaseExecutor.processExecutionPhase(TestCaseExecutor.java:418)
	at com.kms.katalon.core.main.TestCaseExecutor.accessMainPhase(TestCaseExecutor.java:410)
	at com.kms.katalon.core.main.TestCaseExecutor.execute(TestCaseExecutor.java:285)
	at com.kms.katalon.core.common.CommonExecutor.accessTestCaseMainPhase(CommonExecutor.java:65)
	at com.kms.katalon.core.main.TestSuiteExecutor.accessTestSuiteMainPhase(TestSuiteExecutor.java:148)
	at com.kms.katalon.core.main.TestSuiteExecutor.execute(TestSuiteExecutor.java:106)
	at com.kms.katalon.core.main.TestCaseMain.startTestSuite(TestCaseMain.java:187)
	at com.kms.katalon.core.main.TestCaseMain$startTestSuite$0.call(Unknown Source)
	at TempTestSuite1695959417111.run(TempTestSuite1695959417111.groovy:36)]]></system-out>
         <system-err><![CDATA[2023-09-29 10:54:04 - [TEST_CASE][ERROR] - Test Cases/M05 -Edit Sosial Media/TC-ESMF-001: Test Cases/M05 -Edit Sosial Media/TC-ESMF-001 FAILED.
Reason:
org.openqa.selenium.NoAlertPresentException: 
Build info: version: '3.141.59', revision: 'e82be7d358', time: '2018-11-14T08:25:53'
System info: host: 'DESKTOP-22KTP91', ip: '10.9.2.65', os.name: 'Windows 10', os.arch: 'amd64', os.version: '10.0', java.version: '1.8.0_362'
Driver info: com.kms.katalon.core.webui.driver.firefox.CGeckoDriver
Capabilities {acceptInsecureCerts: true, browserName: firefox, browserVersion: 117.0.1, javascriptEnabled: true, moz:accessibilityChecks: false, moz:buildID: 20230912013654, moz:geckodriverVersion: 0.33.0, moz:headless: false, moz:platformVersion: 10.0, moz:processID: 20048, moz:profile: C:\Users\USER\AppData\Local..., moz:shutdownTimeout: 60000, moz:webdriverClick: true, moz:windowless: false, pageLoadStrategy: normal, platform: WINDOWS, platformName: WINDOWS, proxy: Proxy(direct), setWindowRect: true, strictFileInteractability: false, timeouts: {implicit: 0, pageLoad: 300000, script: 30000}, unhandledPromptBehavior: dismiss and notify}
Session ID: 0cca8f1d-9fe8-43d5-8c0f-9aea52ca0636
	at org.openqa.selenium.remote.http.W3CHttpResponseCodec.createException(W3CHttpResponseCodec.java:187)
	at org.openqa.selenium.remote.http.W3CHttpResponseCodec.decode(W3CHttpResponseCodec.java:122)
	at org.openqa.selenium.remote.http.W3CHttpResponseCodec.decode(W3CHttpResponseCodec.java:49)
	at org.openqa.selenium.remote.HttpCommandExecutor.execute(HttpCommandExecutor.java:158)
	at org.openqa.selenium.remote.service.DriverCommandExecutor.execute(DriverCommandExecutor.java:83)
	at org.openqa.selenium.remote.RemoteWebDriver.execute(RemoteWebDriver.java:552)
	at com.kms.katalon.selenium.driver.CFirefoxDriver.execute(CFirefoxDriver.java:27)
	at org.openqa.selenium.remote.RemoteWebDriver.execute(RemoteWebDriver.java:609)
	at org.openqa.selenium.remote.RemoteWebDriver$RemoteTargetLocator.alert(RemoteWebDriver.java:932)
	at org.openqa.selenium.support.events.EventFiringWebDriver$EventFiringTargetLocator.alert(EventFiringWebDriver.java:735)
	at org.openqa.selenium.WebDriver$TargetLocator$alert.call(Unknown Source)
	at TC-ESMF-001.run(TC-ESMF-001:35)
	at com.kms.katalon.core.main.ScriptEngine.run(ScriptEngine.java:194)
	at com.kms.katalon.core.main.ScriptEngine.runScriptAsRawText(ScriptEngine.java:119)
	at com.kms.katalon.core.main.TestCaseExecutor.runScript(TestCaseExecutor.java:448)
	at com.kms.katalon.core.main.TestCaseExecutor.doExecute(TestCaseExecutor.java:439)
	at com.kms.katalon.core.main.TestCaseExecutor.processExecutionPhase(TestCaseExecutor.java:418)
	at com.kms.katalon.core.main.TestCaseExecutor.accessMainPhase(TestCaseExecutor.java:410)
	at com.kms.katalon.core.main.TestCaseExecutor.execute(TestCaseExecutor.java:285)
	at com.kms.katalon.core.common.CommonExecutor.accessTestCaseMainPhase(CommonExecutor.java:65)
	at com.kms.katalon.core.main.TestSuiteExecutor.accessTestSuiteMainPhase(TestSuiteExecutor.java:148)
	at com.kms.katalon.core.main.TestSuiteExecutor.execute(TestSuiteExecutor.java:106)
	at com.kms.katalon.core.main.TestCaseMain.startTestSuite(TestCaseMain.java:187)
	at com.kms.katalon.core.main.TestCaseMain$startTestSuite$0.call(Unknown Source)
	at TempTestSuite1695959417111.run(TempTestSuite1695959417111.groovy:36)]]></system-err>
      </testcase>
      <testcase name="Test Cases/M05 -Edit Sosial Media/TC-ESMF-002" time="23.931" classname="Test Cases/M05 -Edit Sosial Media/TC-ESMF-002" status="FAILED">
         <failure type="FAILED" message="Test Cases/M05 -Edit Sosial Media/TC-ESMF-002 FAILED.
Reason:
com.kms.katalon.core.exception.StepFailedException: Unable to verify text 'Please input an valid phone number' is present 
	at com.kms.katalon.core.webui.keyword.internal.WebUIKeywordMain.stepFailed(WebUIKeywordMain.groovy:64)
	at com.kms.katalon.core.webui.keyword.internal.WebUIKeywordMain.runKeyword(WebUIKeywordMain.groovy:26)
	at com.kms.katalon.core.webui.keyword.builtin.VerifyTextPresentKeyword.verifyTextPresent(VerifyTextPresentKeyword.groovy:83)
	at com.kms.katalon.core.webui.keyword.builtin.VerifyTextPresentKeyword.execute(VerifyTextPresentKeyword.groovy:68)
	at com.kms.katalon.core.keyword.internal.KeywordExecutor.executeKeywordForPlatform(KeywordExecutor.groovy:74)
	at com.kms.katalon.core.webui.keyword.WebUiBuiltInKeywords.verifyTextPresent(WebUiBuiltInKeywords.groovy:1723)
	at com.kms.katalon.core.webui.keyword.WebUiBuiltInKeywords$verifyTextPresent$7.call(Unknown Source)
	at TC-ESMF-002.run(TC-ESMF-002:32)
	at com.kms.katalon.core.main.ScriptEngine.run(ScriptEngine.java:194)
	at com.kms.katalon.core.main.ScriptEngine.runScriptAsRawText(ScriptEngine.java:119)
	at com.kms.katalon.core.main.TestCaseExecutor.runScript(TestCaseExecutor.java:448)
	at com.kms.katalon.core.main.TestCaseExecutor.doExecute(TestCaseExecutor.java:439)
	at com.kms.katalon.core.main.TestCaseExecutor.processExecutionPhase(TestCaseExecutor.java:418)
	at com.kms.katalon.core.main.TestCaseExecutor.accessMainPhase(TestCaseExecutor.java:410)
	at com.kms.katalon.core.main.TestCaseExecutor.execute(TestCaseExecutor.java:285)
	at com.kms.katalon.core.common.CommonExecutor.accessTestCaseMainPhase(CommonExecutor.java:65)
	at com.kms.katalon.core.main.TestSuiteExecutor.accessTestSuiteMainPhase(TestSuiteExecutor.java:148)
	at com.kms.katalon.core.main.TestSuiteExecutor.execute(TestSuiteExecutor.java:106)
	at com.kms.katalon.core.main.TestCaseMain.startTestSuite(TestCaseMain.java:187)
	at com.kms.katalon.core.main.TestCaseMain$startTestSuite$0.call(Unknown Source)
	at TempTestSuite1695959417111.run(TempTestSuite1695959417111.groovy:36)
Caused by: com.kms.katalon.core.exception.StepFailedException: Text 'Please input an valid phone number' is not present on page 
	at com.kms.katalon.core.webui.keyword.internal.WebUIKeywordMain.stepFailed(WebUIKeywordMain.groovy:64)
	at com.kms.katalon.core.webui.keyword.builtin.VerifyTextPresentKeyword$_verifyTextPresent_closure1.doCall(VerifyTextPresentKeyword.groovy:79)
	at com.kms.katalon.core.webui.keyword.builtin.VerifyTextPresentKeyword$_verifyTextPresent_closure1.call(VerifyTextPresentKeyword.groovy)
	at com.kms.katalon.core.webui.keyword.internal.WebUIKeywordMain.runKeyword(WebUIKeywordMain.groovy:20)
	... 19 more
"/>
         <system-out><![CDATA[2023-09-29 10:54:31 - [TEST_CASE][FAILED] - Test Cases/M05 -Edit Sosial Media/TC-ESMF-002: Test Cases/M05 -Edit Sosial Media/TC-ESMF-002 FAILED.
Reason:
com.kms.katalon.core.exception.StepFailedException: Unable to verify text 'Please input an valid phone number' is present 
	at com.kms.katalon.core.webui.keyword.internal.WebUIKeywordMain.stepFailed(WebUIKeywordMain.groovy:64)
	at com.kms.katalon.core.webui.keyword.internal.WebUIKeywordMain.runKeyword(WebUIKeywordMain.groovy:26)
	at com.kms.katalon.core.webui.keyword.builtin.VerifyTextPresentKeyword.verifyTextPresent(VerifyTextPresentKeyword.groovy:83)
	at com.kms.katalon.core.webui.keyword.builtin.VerifyTextPresentKeyword.execute(VerifyTextPresentKeyword.groovy:68)
	at com.kms.katalon.core.keyword.internal.KeywordExecutor.executeKeywordForPlatform(KeywordExecutor.groovy:74)
	at com.kms.katalon.core.webui.keyword.WebUiBuiltInKeywords.verifyTextPresent(WebUiBuiltInKeywords.groovy:1723)
	at com.kms.katalon.core.webui.keyword.WebUiBuiltInKeywords$verifyTextPresent$7.call(Unknown Source)
	at TC-ESMF-002.run(TC-ESMF-002:32)
	at com.kms.katalon.core.main.ScriptEngine.run(ScriptEngine.java:194)
	at com.kms.katalon.core.main.ScriptEngine.runScriptAsRawText(ScriptEngine.java:119)
	at com.kms.katalon.core.main.TestCaseExecutor.runScript(TestCaseExecutor.java:448)
	at com.kms.katalon.core.main.TestCaseExecutor.doExecute(TestCaseExecutor.java:439)
	at com.kms.katalon.core.main.TestCaseExecutor.processExecutionPhase(TestCaseExecutor.java:418)
	at com.kms.katalon.core.main.TestCaseExecutor.accessMainPhase(TestCaseExecutor.java:410)
	at com.kms.katalon.core.main.TestCaseExecutor.execute(TestCaseExecutor.java:285)
	at com.kms.katalon.core.common.CommonExecutor.accessTestCaseMainPhase(CommonExecutor.java:65)
	at com.kms.katalon.core.main.TestSuiteExecutor.accessTestSuiteMainPhase(TestSuiteExecutor.java:148)
	at com.kms.katalon.core.main.TestSuiteExecutor.execute(TestSuiteExecutor.java:106)
	at com.kms.katalon.core.main.TestCaseMain.startTestSuite(TestCaseMain.java:187)
	at com.kms.katalon.core.main.TestCaseMain$startTestSuite$0.call(Unknown Source)
	at TempTestSuite1695959417111.run(TempTestSuite1695959417111.groovy:36)
Caused by: com.kms.katalon.core.exception.StepFailedException: Text 'Please input an valid phone number' is not present on page 
	at com.kms.katalon.core.webui.keyword.internal.WebUIKeywordMain.stepFailed(WebUIKeywordMain.groovy:64)
	at com.kms.katalon.core.webui.keyword.builtin.VerifyTextPresentKeyword$_verifyTextPresent_closure1.doCall(VerifyTextPresentKeyword.groovy:79)
	at com.kms.katalon.core.webui.keyword.builtin.VerifyTextPresentKeyword$_verifyTextPresent_closure1.call(VerifyTextPresentKeyword.groovy)
	at com.kms.katalon.core.webui.keyword.internal.WebUIKeywordMain.runKeyword(WebUIKeywordMain.groovy:20)
	... 19 more


2023-09-29 10:54:32 - [TEST_STEP][PASSED] - callTestCase(findTestCase("M05 -Edit Sosial Media/TC-LS-001"), [:], STOP_ON_FAILURE): Call Test Case 'Test Cases/M05 -Edit Sosial Media/TC-LS-001' successfully

2023-09-29 10:54:32 - [TEST_CASE][PASSED] - Test Cases/M05 -Edit Sosial Media/TC-LS-001: Test Cases/M05 -Edit Sosial Media/TC-LS-001

2023-09-29 10:54:32 - [TEST_STEP][PASSED] - openBrowser(urlWeb): Browser is opened with url: 'https://10.9.2.63/ecommerce/'

2023-09-29 10:54:32 - [MESSAGE][WARNING] - A browser is already opened. Closing browser and opening a new one

2023-09-29 10:54:34 - [MESSAGE][INFO] - Starting 'Firefox' driver

2023-09-29 10:54:34 - [MESSAGE][INFO] - Action delay is set to 0 milliseconds

2023-09-29 10:54:42 - [MESSAGE][PASSED] - Browser is opened with url: 'https://10.9.2.63/ecommerce/'

2023-09-29 10:54:42 - [TEST_STEP][PASSED] - maximizeWindow(): Current window maximized

2023-09-29 10:54:42 - [MESSAGE][PASSED] - Current window maximized

2023-09-29 10:54:42 - [TEST_STEP][PASSED] - click(findTestObject("Login/a_Login")): Object: 'Object Repository/Login/a_Login' is clicked on

2023-09-29 10:54:42 - [MESSAGE][PASSED] - Object: 'Object Repository/Login/a_Login' is clicked on

2023-09-29 10:54:42 - [TEST_STEP][PASSED] - setText(findTestObject("Login/input_Username, Email atau No. Handphone_a"), "runa36"): Text 'runa36' is set on object 'Object Repository/Login/input_Username, Email atau No. Handphone_a'

2023-09-29 10:54:43 - [MESSAGE][PASSED] - Text 'runa36' is set on object 'Object Repository/Login/input_Username, Email atau No. Handphone_a'

2023-09-29 10:54:43 - [TEST_STEP][PASSED] - setEncryptedText(findTestObject("Login/input_Password di Login(Masuk)"), "qbkrdMwyWE4="): Text ****** has been set on object 'Object Repository/Login/input_Password di Login(Masuk)'

2023-09-29 10:54:44 - [MESSAGE][PASSED] - Text ****** has been set on object 'Object Repository/Login/input_Password di Login(Masuk)'

2023-09-29 10:54:44 - [TEST_STEP][PASSED] - click(findTestObject("Login/button_Masuk di halaman login")): Object: 'Object Repository/Login/button_Masuk di halaman login' is clicked on

2023-09-29 10:54:46 - [MESSAGE][PASSED] - Object: 'Object Repository/Login/button_Masuk di halaman login' is clicked on

2023-09-29 10:54:46 - [TEST_STEP][PASSED] - verifyElementPresent(findTestObject("edit sosial media/verifikasi masuk halaman biodata diri"), 0): Object 'Object Repository/edit sosial media/verifikasi masuk halaman biodata diri' is present

2023-09-29 10:54:46 - [MESSAGE][WARNING] - Timeout '0' is invalid. Using default page load timeout: '30'

2023-09-29 10:54:47 - [MESSAGE][PASSED] - Object 'Object Repository/edit sosial media/verifikasi masuk halaman biodata diri' is present

2023-09-29 10:54:47 - [MESSAGE][PASSED] - Call Test Case 'Test Cases/M05 -Edit Sosial Media/TC-LS-001' successfully

2023-09-29 10:54:47 - [TEST_STEP][PASSED] - click(findTestObject("edit sosial media/a_Sosmed")): Object: 'Object Repository/edit sosial media/a_Sosmed' is clicked on

2023-09-29 10:54:48 - [MESSAGE][PASSED] - Object: 'Object Repository/edit sosial media/a_Sosmed' is clicked on

2023-09-29 10:54:48 - [TEST_STEP][PASSED] - click(findTestObject("edit sosial media/Edit Sosial Media")): Object: 'Object Repository/edit sosial media/Edit Sosial Media' is clicked on

2023-09-29 10:54:50 - [MESSAGE][PASSED] - Object: 'Object Repository/edit sosial media/Edit Sosial Media' is clicked on

2023-09-29 10:54:50 - [TEST_STEP][PASSED] - clearText(findTestObject("edit sosial media/input_Whatsapp_d")): Text of object 'Object Repository/edit sosial media/input_Whatsapp_d' is cleared

2023-09-29 10:54:51 - [MESSAGE][PASSED] - Text of object 'Object Repository/edit sosial media/input_Whatsapp_d' is cleared

2023-09-29 10:54:51 - [TEST_STEP][PASSED] - setText(findTestObject("edit sosial media/input_Whatsapp_d"), Whatsapp): Text '+6285g4e9s996o' is set on object 'Object Repository/edit sosial media/input_Whatsapp_d'

2023-09-29 10:54:51 - [MESSAGE][PASSED] - Text '+6285g4e9s996o' is set on object 'Object Repository/edit sosial media/input_Whatsapp_d'

2023-09-29 10:54:51 - [TEST_STEP][PASSED] - click(findTestObject("edit sosial media/center_Simpan Sosial Media")): Object: 'Object Repository/edit sosial media/center_Simpan Sosial Media' is clicked on

2023-09-29 10:54:53 - [MESSAGE][PASSED] - Object: 'Object Repository/edit sosial media/center_Simpan Sosial Media' is clicked on

2023-09-29 10:54:53 - [TEST_STEP][FAILED] - verifyTextPresent("Please input an valid phone number", false): Unable to verify text 'Please input an valid phone number' is present  (Root cause: com.kms.katalon.core.exception.StepFailedException: Unable to verify text 'Please input an valid phone number' is present 
	at com.kms.katalon.core.webui.keyword.internal.WebUIKeywordMain.stepFailed(WebUIKeywordMain.groovy:64)
	at com.kms.katalon.core.webui.keyword.internal.WebUIKeywordMain.runKeyword(WebUIKeywordMain.groovy:26)
	at com.kms.katalon.core.webui.keyword.builtin.VerifyTextPresentKeyword.verifyTextPresent(VerifyTextPresentKeyword.groovy:83)
	at com.kms.katalon.core.webui.keyword.builtin.VerifyTextPresentKeyword.execute(VerifyTextPresentKeyword.groovy:68)
	at com.kms.katalon.core.keyword.internal.KeywordExecutor.executeKeywordForPlatform(KeywordExecutor.groovy:74)
	at com.kms.katalon.core.webui.keyword.WebUiBuiltInKeywords.verifyTextPresent(WebUiBuiltInKeywords.groovy:1723)
	at com.kms.katalon.core.webui.keyword.WebUiBuiltInKeywords$verifyTextPresent$7.call(Unknown Source)
	at TC-ESMF-002.run(TC-ESMF-002:32)
	at com.kms.katalon.core.main.ScriptEngine.run(ScriptEngine.java:194)
	at com.kms.katalon.core.main.ScriptEngine.runScriptAsRawText(ScriptEngine.java:119)
	at com.kms.katalon.core.main.TestCaseExecutor.runScript(TestCaseExecutor.java:448)
	at com.kms.katalon.core.main.TestCaseExecutor.doExecute(TestCaseExecutor.java:439)
	at com.kms.katalon.core.main.TestCaseExecutor.processExecutionPhase(TestCaseExecutor.java:418)
	at com.kms.katalon.core.main.TestCaseExecutor.accessMainPhase(TestCaseExecutor.java:410)
	at com.kms.katalon.core.main.TestCaseExecutor.execute(TestCaseExecutor.java:285)
	at com.kms.katalon.core.common.CommonExecutor.accessTestCaseMainPhase(CommonExecutor.java:65)
	at com.kms.katalon.core.main.TestSuiteExecutor.accessTestSuiteMainPhase(TestSuiteExecutor.java:148)
	at com.kms.katalon.core.main.TestSuiteExecutor.execute(TestSuiteExecutor.java:106)
	at com.kms.katalon.core.main.TestCaseMain.startTestSuite(TestCaseMain.java:187)
	at com.kms.katalon.core.main.TestCaseMain$startTestSuite$0.call(Unknown Source)
	at TempTestSuite1695959417111.run(TempTestSuite1695959417111.groovy:36)
Caused by: com.kms.katalon.core.exception.StepFailedException: Text 'Please input an valid phone number' is not present on page 
	at com.kms.katalon.core.webui.keyword.internal.WebUIKeywordMain.stepFailed(WebUIKeywordMain.groovy:64)
	at com.kms.katalon.core.webui.keyword.builtin.VerifyTextPresentKeyword$_verifyTextPresent_closure1.doCall(VerifyTextPresentKeyword.groovy:79)
	at com.kms.katalon.core.webui.keyword.builtin.VerifyTextPresentKeyword$_verifyTextPresent_closure1.call(VerifyTextPresentKeyword.groovy)
	at com.kms.katalon.core.webui.keyword.internal.WebUIKeywordMain.runKeyword(WebUIKeywordMain.groovy:20)
	... 19 more
)

2023-09-29 10:54:54 - [MESSAGE][FAILED] - Text 'Please input an valid phone number' is not present on page  (Root cause: com.kms.katalon.core.exception.StepFailedException: Text 'Please input an valid phone number' is not present on page 
	at com.kms.katalon.core.webui.keyword.internal.WebUIKeywordMain.stepFailed(WebUIKeywordMain.groovy:64)
	at com.kms.katalon.core.webui.keyword.builtin.VerifyTextPresentKeyword$_verifyTextPresent_closure1.doCall(VerifyTextPresentKeyword.groovy:79)
	at com.kms.katalon.core.webui.keyword.builtin.VerifyTextPresentKeyword$_verifyTextPresent_closure1.call(VerifyTextPresentKeyword.groovy)
	at com.kms.katalon.core.webui.keyword.internal.WebUIKeywordMain.runKeyword(WebUIKeywordMain.groovy:20)
	at com.kms.katalon.core.webui.keyword.builtin.VerifyTextPresentKeyword.verifyTextPresent(VerifyTextPresentKeyword.groovy:83)
	at com.kms.katalon.core.webui.keyword.builtin.VerifyTextPresentKeyword.execute(VerifyTextPresentKeyword.groovy:68)
	at com.kms.katalon.core.keyword.internal.KeywordExecutor.executeKeywordForPlatform(KeywordExecutor.groovy:74)
	at com.kms.katalon.core.webui.keyword.WebUiBuiltInKeywords.verifyTextPresent(WebUiBuiltInKeywords.groovy:1723)
	at com.kms.katalon.core.webui.keyword.WebUiBuiltInKeywords$verifyTextPresent$7.call(Unknown Source)
	at TC-ESMF-002.run(TC-ESMF-002:32)
	at com.kms.katalon.core.main.ScriptEngine.run(ScriptEngine.java:194)
	at com.kms.katalon.core.main.ScriptEngine.runScriptAsRawText(ScriptEngine.java:119)
	at com.kms.katalon.core.main.TestCaseExecutor.runScript(TestCaseExecutor.java:448)
	at com.kms.katalon.core.main.TestCaseExecutor.doExecute(TestCaseExecutor.java:439)
	at com.kms.katalon.core.main.TestCaseExecutor.processExecutionPhase(TestCaseExecutor.java:418)
	at com.kms.katalon.core.main.TestCaseExecutor.accessMainPhase(TestCaseExecutor.java:410)
	at com.kms.katalon.core.main.TestCaseExecutor.execute(TestCaseExecutor.java:285)
	at com.kms.katalon.core.common.CommonExecutor.accessTestCaseMainPhase(CommonExecutor.java:65)
	at com.kms.katalon.core.main.TestSuiteExecutor.accessTestSuiteMainPhase(TestSuiteExecutor.java:148)
	at com.kms.katalon.core.main.TestSuiteExecutor.execute(TestSuiteExecutor.java:106)
	at com.kms.katalon.core.main.TestCaseMain.startTestSuite(TestCaseMain.java:187)
	at com.kms.katalon.core.main.TestCaseMain$startTestSuite$0.call(Unknown Source)
	at TempTestSuite1695959417111.run(TempTestSuite1695959417111.groovy:36)
)

2023-09-29 10:54:55 - [MESSAGE][FAILED] - Unable to verify text 'Please input an valid phone number' is present  (Root cause: com.kms.katalon.core.exception.StepFailedException: Unable to verify text 'Please input an valid phone number' is present 
	at com.kms.katalon.core.webui.keyword.internal.WebUIKeywordMain.stepFailed(WebUIKeywordMain.groovy:64)
	at com.kms.katalon.core.webui.keyword.internal.WebUIKeywordMain.runKeyword(WebUIKeywordMain.groovy:26)
	at com.kms.katalon.core.webui.keyword.builtin.VerifyTextPresentKeyword.verifyTextPresent(VerifyTextPresentKeyword.groovy:83)
	at com.kms.katalon.core.webui.keyword.builtin.VerifyTextPresentKeyword.execute(VerifyTextPresentKeyword.groovy:68)
	at com.kms.katalon.core.keyword.internal.KeywordExecutor.executeKeywordForPlatform(KeywordExecutor.groovy:74)
	at com.kms.katalon.core.webui.keyword.WebUiBuiltInKeywords.verifyTextPresent(WebUiBuiltInKeywords.groovy:1723)
	at com.kms.katalon.core.webui.keyword.WebUiBuiltInKeywords$verifyTextPresent$7.call(Unknown Source)
	at TC-ESMF-002.run(TC-ESMF-002:32)
	at com.kms.katalon.core.main.ScriptEngine.run(ScriptEngine.java:194)
	at com.kms.katalon.core.main.ScriptEngine.runScriptAsRawText(ScriptEngine.java:119)
	at com.kms.katalon.core.main.TestCaseExecutor.runScript(TestCaseExecutor.java:448)
	at com.kms.katalon.core.main.TestCaseExecutor.doExecute(TestCaseExecutor.java:439)
	at com.kms.katalon.core.main.TestCaseExecutor.processExecutionPhase(TestCaseExecutor.java:418)
	at com.kms.katalon.core.main.TestCaseExecutor.accessMainPhase(TestCaseExecutor.java:410)
	at com.kms.katalon.core.main.TestCaseExecutor.execute(TestCaseExecutor.java:285)
	at com.kms.katalon.core.common.CommonExecutor.accessTestCaseMainPhase(CommonExecutor.java:65)
	at com.kms.katalon.core.main.TestSuiteExecutor.accessTestSuiteMainPhase(TestSuiteExecutor.java:148)
	at com.kms.katalon.core.main.TestSuiteExecutor.execute(TestSuiteExecutor.java:106)
	at com.kms.katalon.core.main.TestCaseMain.startTestSuite(TestCaseMain.java:187)
	at com.kms.katalon.core.main.TestCaseMain$startTestSuite$0.call(Unknown Source)
	at TempTestSuite1695959417111.run(TempTestSuite1695959417111.groovy:36)
Caused by: com.kms.katalon.core.exception.StepFailedException: Text 'Please input an valid phone number' is not present on page 
	at com.kms.katalon.core.webui.keyword.internal.WebUIKeywordMain.stepFailed(WebUIKeywordMain.groovy:64)
	at com.kms.katalon.core.webui.keyword.builtin.VerifyTextPresentKeyword$_verifyTextPresent_closure1.doCall(VerifyTextPresentKeyword.groovy:79)
	at com.kms.katalon.core.webui.keyword.builtin.VerifyTextPresentKeyword$_verifyTextPresent_closure1.call(VerifyTextPresentKeyword.groovy)
	at com.kms.katalon.core.webui.keyword.internal.WebUIKeywordMain.runKeyword(WebUIKeywordMain.groovy:20)
	... 19 more
)
[[ATTACHMENT|F:\\bootcamp\\Miniproject\\Tajalapak\\Reports\\20230929_105017\\M05 - Edit Sosial Media\\20230929_105017\\1695959694726.png]]]]></system-out>
         <system-err><![CDATA[2023-09-29 10:54:31 - [TEST_CASE][FAILED] - Test Cases/M05 -Edit Sosial Media/TC-ESMF-002: Test Cases/M05 -Edit Sosial Media/TC-ESMF-002 FAILED.
Reason:
com.kms.katalon.core.exception.StepFailedException: Unable to verify text 'Please input an valid phone number' is present 
	at com.kms.katalon.core.webui.keyword.internal.WebUIKeywordMain.stepFailed(WebUIKeywordMain.groovy:64)
	at com.kms.katalon.core.webui.keyword.internal.WebUIKeywordMain.runKeyword(WebUIKeywordMain.groovy:26)
	at com.kms.katalon.core.webui.keyword.builtin.VerifyTextPresentKeyword.verifyTextPresent(VerifyTextPresentKeyword.groovy:83)
	at com.kms.katalon.core.webui.keyword.builtin.VerifyTextPresentKeyword.execute(VerifyTextPresentKeyword.groovy:68)
	at com.kms.katalon.core.keyword.internal.KeywordExecutor.executeKeywordForPlatform(KeywordExecutor.groovy:74)
	at com.kms.katalon.core.webui.keyword.WebUiBuiltInKeywords.verifyTextPresent(WebUiBuiltInKeywords.groovy:1723)
	at com.kms.katalon.core.webui.keyword.WebUiBuiltInKeywords$verifyTextPresent$7.call(Unknown Source)
	at TC-ESMF-002.run(TC-ESMF-002:32)
	at com.kms.katalon.core.main.ScriptEngine.run(ScriptEngine.java:194)
	at com.kms.katalon.core.main.ScriptEngine.runScriptAsRawText(ScriptEngine.java:119)
	at com.kms.katalon.core.main.TestCaseExecutor.runScript(TestCaseExecutor.java:448)
	at com.kms.katalon.core.main.TestCaseExecutor.doExecute(TestCaseExecutor.java:439)
	at com.kms.katalon.core.main.TestCaseExecutor.processExecutionPhase(TestCaseExecutor.java:418)
	at com.kms.katalon.core.main.TestCaseExecutor.accessMainPhase(TestCaseExecutor.java:410)
	at com.kms.katalon.core.main.TestCaseExecutor.execute(TestCaseExecutor.java:285)
	at com.kms.katalon.core.common.CommonExecutor.accessTestCaseMainPhase(CommonExecutor.java:65)
	at com.kms.katalon.core.main.TestSuiteExecutor.accessTestSuiteMainPhase(TestSuiteExecutor.java:148)
	at com.kms.katalon.core.main.TestSuiteExecutor.execute(TestSuiteExecutor.java:106)
	at com.kms.katalon.core.main.TestCaseMain.startTestSuite(TestCaseMain.java:187)
	at com.kms.katalon.core.main.TestCaseMain$startTestSuite$0.call(Unknown Source)
	at TempTestSuite1695959417111.run(TempTestSuite1695959417111.groovy:36)
Caused by: com.kms.katalon.core.exception.StepFailedException: Text 'Please input an valid phone number' is not present on page 
	at com.kms.katalon.core.webui.keyword.internal.WebUIKeywordMain.stepFailed(WebUIKeywordMain.groovy:64)
	at com.kms.katalon.core.webui.keyword.builtin.VerifyTextPresentKeyword$_verifyTextPresent_closure1.doCall(VerifyTextPresentKeyword.groovy:79)
	at com.kms.katalon.core.webui.keyword.builtin.VerifyTextPresentKeyword$_verifyTextPresent_closure1.call(VerifyTextPresentKeyword.groovy)
	at com.kms.katalon.core.webui.keyword.internal.WebUIKeywordMain.runKeyword(WebUIKeywordMain.groovy:20)
	... 19 more]]></system-err>
      </testcase>
      <testcase name="Test Cases/M05 -Edit Sosial Media/TC-ESMF-003" time="25.041" classname="Test Cases/M05 -Edit Sosial Media/TC-ESMF-003" status="FAILED">
         <failure type="FAILED" message="Test Cases/M05 -Edit Sosial Media/TC-ESMF-003 FAILED.
Reason:
com.kms.katalon.core.exception.StepFailedException: Unable to verify text 'plese input an valid username' is present 
	at com.kms.katalon.core.webui.keyword.internal.WebUIKeywordMain.stepFailed(WebUIKeywordMain.groovy:64)
	at com.kms.katalon.core.webui.keyword.internal.WebUIKeywordMain.runKeyword(WebUIKeywordMain.groovy:26)
	at com.kms.katalon.core.webui.keyword.builtin.VerifyTextPresentKeyword.verifyTextPresent(VerifyTextPresentKeyword.groovy:83)
	at com.kms.katalon.core.webui.keyword.builtin.VerifyTextPresentKeyword.execute(VerifyTextPresentKeyword.groovy:68)
	at com.kms.katalon.core.keyword.internal.KeywordExecutor.executeKeywordForPlatform(KeywordExecutor.groovy:74)
	at com.kms.katalon.core.webui.keyword.WebUiBuiltInKeywords.verifyTextPresent(WebUiBuiltInKeywords.groovy:1723)
	at com.kms.katalon.core.webui.keyword.WebUiBuiltInKeywords$verifyTextPresent$7.call(Unknown Source)
	at TC-ESMF-003.run(TC-ESMF-003:36)
	at com.kms.katalon.core.main.ScriptEngine.run(ScriptEngine.java:194)
	at com.kms.katalon.core.main.ScriptEngine.runScriptAsRawText(ScriptEngine.java:119)
	at com.kms.katalon.core.main.TestCaseExecutor.runScript(TestCaseExecutor.java:448)
	at com.kms.katalon.core.main.TestCaseExecutor.doExecute(TestCaseExecutor.java:439)
	at com.kms.katalon.core.main.TestCaseExecutor.processExecutionPhase(TestCaseExecutor.java:418)
	at com.kms.katalon.core.main.TestCaseExecutor.accessMainPhase(TestCaseExecutor.java:410)
	at com.kms.katalon.core.main.TestCaseExecutor.execute(TestCaseExecutor.java:285)
	at com.kms.katalon.core.common.CommonExecutor.accessTestCaseMainPhase(CommonExecutor.java:65)
	at com.kms.katalon.core.main.TestSuiteExecutor.accessTestSuiteMainPhase(TestSuiteExecutor.java:148)
	at com.kms.katalon.core.main.TestSuiteExecutor.execute(TestSuiteExecutor.java:106)
	at com.kms.katalon.core.main.TestCaseMain.startTestSuite(TestCaseMain.java:187)
	at com.kms.katalon.core.main.TestCaseMain$startTestSuite$0.call(Unknown Source)
	at TempTestSuite1695959417111.run(TempTestSuite1695959417111.groovy:36)
Caused by: com.kms.katalon.core.exception.StepFailedException: Text 'plese input an valid username' is not present on page 
	at com.kms.katalon.core.webui.keyword.internal.WebUIKeywordMain.stepFailed(WebUIKeywordMain.groovy:64)
	at com.kms.katalon.core.webui.keyword.builtin.VerifyTextPresentKeyword$_verifyTextPresent_closure1.doCall(VerifyTextPresentKeyword.groovy:79)
	at com.kms.katalon.core.webui.keyword.builtin.VerifyTextPresentKeyword$_verifyTextPresent_closure1.call(VerifyTextPresentKeyword.groovy)
	at com.kms.katalon.core.webui.keyword.internal.WebUIKeywordMain.runKeyword(WebUIKeywordMain.groovy:20)
	... 19 more
"/>
         <system-out><![CDATA[2023-09-29 10:54:55 - [TEST_CASE][FAILED] - Test Cases/M05 -Edit Sosial Media/TC-ESMF-003: Test Cases/M05 -Edit Sosial Media/TC-ESMF-003 FAILED.
Reason:
com.kms.katalon.core.exception.StepFailedException: Unable to verify text 'plese input an valid username' is present 
	at com.kms.katalon.core.webui.keyword.internal.WebUIKeywordMain.stepFailed(WebUIKeywordMain.groovy:64)
	at com.kms.katalon.core.webui.keyword.internal.WebUIKeywordMain.runKeyword(WebUIKeywordMain.groovy:26)
	at com.kms.katalon.core.webui.keyword.builtin.VerifyTextPresentKeyword.verifyTextPresent(VerifyTextPresentKeyword.groovy:83)
	at com.kms.katalon.core.webui.keyword.builtin.VerifyTextPresentKeyword.execute(VerifyTextPresentKeyword.groovy:68)
	at com.kms.katalon.core.keyword.internal.KeywordExecutor.executeKeywordForPlatform(KeywordExecutor.groovy:74)
	at com.kms.katalon.core.webui.keyword.WebUiBuiltInKeywords.verifyTextPresent(WebUiBuiltInKeywords.groovy:1723)
	at com.kms.katalon.core.webui.keyword.WebUiBuiltInKeywords$verifyTextPresent$7.call(Unknown Source)
	at TC-ESMF-003.run(TC-ESMF-003:36)
	at com.kms.katalon.core.main.ScriptEngine.run(ScriptEngine.java:194)
	at com.kms.katalon.core.main.ScriptEngine.runScriptAsRawText(ScriptEngine.java:119)
	at com.kms.katalon.core.main.TestCaseExecutor.runScript(TestCaseExecutor.java:448)
	at com.kms.katalon.core.main.TestCaseExecutor.doExecute(TestCaseExecutor.java:439)
	at com.kms.katalon.core.main.TestCaseExecutor.processExecutionPhase(TestCaseExecutor.java:418)
	at com.kms.katalon.core.main.TestCaseExecutor.accessMainPhase(TestCaseExecutor.java:410)
	at com.kms.katalon.core.main.TestCaseExecutor.execute(TestCaseExecutor.java:285)
	at com.kms.katalon.core.common.CommonExecutor.accessTestCaseMainPhase(CommonExecutor.java:65)
	at com.kms.katalon.core.main.TestSuiteExecutor.accessTestSuiteMainPhase(TestSuiteExecutor.java:148)
	at com.kms.katalon.core.main.TestSuiteExecutor.execute(TestSuiteExecutor.java:106)
	at com.kms.katalon.core.main.TestCaseMain.startTestSuite(TestCaseMain.java:187)
	at com.kms.katalon.core.main.TestCaseMain$startTestSuite$0.call(Unknown Source)
	at TempTestSuite1695959417111.run(TempTestSuite1695959417111.groovy:36)
Caused by: com.kms.katalon.core.exception.StepFailedException: Text 'plese input an valid username' is not present on page 
	at com.kms.katalon.core.webui.keyword.internal.WebUIKeywordMain.stepFailed(WebUIKeywordMain.groovy:64)
	at com.kms.katalon.core.webui.keyword.builtin.VerifyTextPresentKeyword$_verifyTextPresent_closure1.doCall(VerifyTextPresentKeyword.groovy:79)
	at com.kms.katalon.core.webui.keyword.builtin.VerifyTextPresentKeyword$_verifyTextPresent_closure1.call(VerifyTextPresentKeyword.groovy)
	at com.kms.katalon.core.webui.keyword.internal.WebUIKeywordMain.runKeyword(WebUIKeywordMain.groovy:20)
	... 19 more


2023-09-29 10:54:56 - [TEST_STEP][PASSED] - callTestCase(findTestCase("M05 -Edit Sosial Media/TC-LS-001"), [:], STOP_ON_FAILURE): Call Test Case 'Test Cases/M05 -Edit Sosial Media/TC-LS-001' successfully

2023-09-29 10:54:56 - [TEST_CASE][PASSED] - Test Cases/M05 -Edit Sosial Media/TC-LS-001: Test Cases/M05 -Edit Sosial Media/TC-LS-001

2023-09-29 10:54:56 - [TEST_STEP][PASSED] - openBrowser(urlWeb): Browser is opened with url: 'https://10.9.2.63/ecommerce/'

2023-09-29 10:54:56 - [MESSAGE][WARNING] - A browser is already opened. Closing browser and opening a new one

2023-09-29 10:54:58 - [MESSAGE][INFO] - Starting 'Firefox' driver

2023-09-29 10:54:58 - [MESSAGE][INFO] - Action delay is set to 0 milliseconds

2023-09-29 10:55:06 - [MESSAGE][PASSED] - Browser is opened with url: 'https://10.9.2.63/ecommerce/'

2023-09-29 10:55:06 - [TEST_STEP][PASSED] - maximizeWindow(): Current window maximized

2023-09-29 10:55:06 - [MESSAGE][PASSED] - Current window maximized

2023-09-29 10:55:06 - [TEST_STEP][PASSED] - click(findTestObject("Login/a_Login")): Object: 'Object Repository/Login/a_Login' is clicked on

2023-09-29 10:55:07 - [MESSAGE][PASSED] - Object: 'Object Repository/Login/a_Login' is clicked on

2023-09-29 10:55:07 - [TEST_STEP][PASSED] - setText(findTestObject("Login/input_Username, Email atau No. Handphone_a"), "runa36"): Text 'runa36' is set on object 'Object Repository/Login/input_Username, Email atau No. Handphone_a'

2023-09-29 10:55:09 - [MESSAGE][PASSED] - Text 'runa36' is set on object 'Object Repository/Login/input_Username, Email atau No. Handphone_a'

2023-09-29 10:55:09 - [TEST_STEP][PASSED] - setEncryptedText(findTestObject("Login/input_Password di Login(Masuk)"), "qbkrdMwyWE4="): Text ****** has been set on object 'Object Repository/Login/input_Password di Login(Masuk)'

2023-09-29 10:55:09 - [MESSAGE][PASSED] - Text ****** has been set on object 'Object Repository/Login/input_Password di Login(Masuk)'

2023-09-29 10:55:09 - [TEST_STEP][PASSED] - click(findTestObject("Login/button_Masuk di halaman login")): Object: 'Object Repository/Login/button_Masuk di halaman login' is clicked on

2023-09-29 10:55:11 - [MESSAGE][PASSED] - Object: 'Object Repository/Login/button_Masuk di halaman login' is clicked on

2023-09-29 10:55:11 - [TEST_STEP][PASSED] - verifyElementPresent(findTestObject("edit sosial media/verifikasi masuk halaman biodata diri"), 0): Object 'Object Repository/edit sosial media/verifikasi masuk halaman biodata diri' is present

2023-09-29 10:55:11 - [MESSAGE][WARNING] - Timeout '0' is invalid. Using default page load timeout: '30'

2023-09-29 10:55:12 - [MESSAGE][PASSED] - Object 'Object Repository/edit sosial media/verifikasi masuk halaman biodata diri' is present

2023-09-29 10:55:12 - [MESSAGE][PASSED] - Call Test Case 'Test Cases/M05 -Edit Sosial Media/TC-LS-001' successfully

2023-09-29 10:55:12 - [TEST_STEP][PASSED] - click(findTestObject("edit sosial media/a_Sosmed")): Object: 'Object Repository/edit sosial media/a_Sosmed' is clicked on

2023-09-29 10:55:13 - [MESSAGE][PASSED] - Object: 'Object Repository/edit sosial media/a_Sosmed' is clicked on

2023-09-29 10:55:13 - [TEST_STEP][PASSED] - click(findTestObject("edit sosial media/Edit Sosial Media")): Object: 'Object Repository/edit sosial media/Edit Sosial Media' is clicked on

2023-09-29 10:55:15 - [MESSAGE][PASSED] - Object: 'Object Repository/edit sosial media/Edit Sosial Media' is clicked on

2023-09-29 10:55:15 - [TEST_STEP][PASSED] - clearText(findTestObject("edit sosial media/input_LinkedIn_g")): Text of object 'Object Repository/edit sosial media/input_LinkedIn_g' is cleared

2023-09-29 10:55:16 - [MESSAGE][PASSED] - Text of object 'Object Repository/edit sosial media/input_LinkedIn_g' is cleared

2023-09-29 10:55:16 - [TEST_STEP][PASSED] - setText(findTestObject("edit sosial media/input_LinkedIn_g"), LinkedIn): Text '!' is set on object 'Object Repository/edit sosial media/input_LinkedIn_g'

2023-09-29 10:55:17 - [MESSAGE][PASSED] - Text '!' is set on object 'Object Repository/edit sosial media/input_LinkedIn_g'

2023-09-29 10:55:17 - [TEST_STEP][PASSED] - click(findTestObject("edit sosial media/center_Simpan Sosial Media")): Object: 'Object Repository/edit sosial media/center_Simpan Sosial Media' is clicked on

2023-09-29 10:55:19 - [MESSAGE][PASSED] - Object: 'Object Repository/edit sosial media/center_Simpan Sosial Media' is clicked on

2023-09-29 10:55:19 - [TEST_STEP][FAILED] - verifyTextPresent("plese input an valid username", false): Unable to verify text 'plese input an valid username' is present  (Root cause: com.kms.katalon.core.exception.StepFailedException: Unable to verify text 'plese input an valid username' is present 
	at com.kms.katalon.core.webui.keyword.internal.WebUIKeywordMain.stepFailed(WebUIKeywordMain.groovy:64)
	at com.kms.katalon.core.webui.keyword.internal.WebUIKeywordMain.runKeyword(WebUIKeywordMain.groovy:26)
	at com.kms.katalon.core.webui.keyword.builtin.VerifyTextPresentKeyword.verifyTextPresent(VerifyTextPresentKeyword.groovy:83)
	at com.kms.katalon.core.webui.keyword.builtin.VerifyTextPresentKeyword.execute(VerifyTextPresentKeyword.groovy:68)
	at com.kms.katalon.core.keyword.internal.KeywordExecutor.executeKeywordForPlatform(KeywordExecutor.groovy:74)
	at com.kms.katalon.core.webui.keyword.WebUiBuiltInKeywords.verifyTextPresent(WebUiBuiltInKeywords.groovy:1723)
	at com.kms.katalon.core.webui.keyword.WebUiBuiltInKeywords$verifyTextPresent$7.call(Unknown Source)
	at TC-ESMF-003.run(TC-ESMF-003:36)
	at com.kms.katalon.core.main.ScriptEngine.run(ScriptEngine.java:194)
	at com.kms.katalon.core.main.ScriptEngine.runScriptAsRawText(ScriptEngine.java:119)
	at com.kms.katalon.core.main.TestCaseExecutor.runScript(TestCaseExecutor.java:448)
	at com.kms.katalon.core.main.TestCaseExecutor.doExecute(TestCaseExecutor.java:439)
	at com.kms.katalon.core.main.TestCaseExecutor.processExecutionPhase(TestCaseExecutor.java:418)
	at com.kms.katalon.core.main.TestCaseExecutor.accessMainPhase(TestCaseExecutor.java:410)
	at com.kms.katalon.core.main.TestCaseExecutor.execute(TestCaseExecutor.java:285)
	at com.kms.katalon.core.common.CommonExecutor.accessTestCaseMainPhase(CommonExecutor.java:65)
	at com.kms.katalon.core.main.TestSuiteExecutor.accessTestSuiteMainPhase(TestSuiteExecutor.java:148)
	at com.kms.katalon.core.main.TestSuiteExecutor.execute(TestSuiteExecutor.java:106)
	at com.kms.katalon.core.main.TestCaseMain.startTestSuite(TestCaseMain.java:187)
	at com.kms.katalon.core.main.TestCaseMain$startTestSuite$0.call(Unknown Source)
	at TempTestSuite1695959417111.run(TempTestSuite1695959417111.groovy:36)
Caused by: com.kms.katalon.core.exception.StepFailedException: Text 'plese input an valid username' is not present on page 
	at com.kms.katalon.core.webui.keyword.internal.WebUIKeywordMain.stepFailed(WebUIKeywordMain.groovy:64)
	at com.kms.katalon.core.webui.keyword.builtin.VerifyTextPresentKeyword$_verifyTextPresent_closure1.doCall(VerifyTextPresentKeyword.groovy:79)
	at com.kms.katalon.core.webui.keyword.builtin.VerifyTextPresentKeyword$_verifyTextPresent_closure1.call(VerifyTextPresentKeyword.groovy)
	at com.kms.katalon.core.webui.keyword.internal.WebUIKeywordMain.runKeyword(WebUIKeywordMain.groovy:20)
	... 19 more
)

2023-09-29 10:55:20 - [MESSAGE][FAILED] - Text 'plese input an valid username' is not present on page  (Root cause: com.kms.katalon.core.exception.StepFailedException: Text 'plese input an valid username' is not present on page 
	at com.kms.katalon.core.webui.keyword.internal.WebUIKeywordMain.stepFailed(WebUIKeywordMain.groovy:64)
	at com.kms.katalon.core.webui.keyword.builtin.VerifyTextPresentKeyword$_verifyTextPresent_closure1.doCall(VerifyTextPresentKeyword.groovy:79)
	at com.kms.katalon.core.webui.keyword.builtin.VerifyTextPresentKeyword$_verifyTextPresent_closure1.call(VerifyTextPresentKeyword.groovy)
	at com.kms.katalon.core.webui.keyword.internal.WebUIKeywordMain.runKeyword(WebUIKeywordMain.groovy:20)
	at com.kms.katalon.core.webui.keyword.builtin.VerifyTextPresentKeyword.verifyTextPresent(VerifyTextPresentKeyword.groovy:83)
	at com.kms.katalon.core.webui.keyword.builtin.VerifyTextPresentKeyword.execute(VerifyTextPresentKeyword.groovy:68)
	at com.kms.katalon.core.keyword.internal.KeywordExecutor.executeKeywordForPlatform(KeywordExecutor.groovy:74)
	at com.kms.katalon.core.webui.keyword.WebUiBuiltInKeywords.verifyTextPresent(WebUiBuiltInKeywords.groovy:1723)
	at com.kms.katalon.core.webui.keyword.WebUiBuiltInKeywords$verifyTextPresent$7.call(Unknown Source)
	at TC-ESMF-003.run(TC-ESMF-003:36)
	at com.kms.katalon.core.main.ScriptEngine.run(ScriptEngine.java:194)
	at com.kms.katalon.core.main.ScriptEngine.runScriptAsRawText(ScriptEngine.java:119)
	at com.kms.katalon.core.main.TestCaseExecutor.runScript(TestCaseExecutor.java:448)
	at com.kms.katalon.core.main.TestCaseExecutor.doExecute(TestCaseExecutor.java:439)
	at com.kms.katalon.core.main.TestCaseExecutor.processExecutionPhase(TestCaseExecutor.java:418)
	at com.kms.katalon.core.main.TestCaseExecutor.accessMainPhase(TestCaseExecutor.java:410)
	at com.kms.katalon.core.main.TestCaseExecutor.execute(TestCaseExecutor.java:285)
	at com.kms.katalon.core.common.CommonExecutor.accessTestCaseMainPhase(CommonExecutor.java:65)
	at com.kms.katalon.core.main.TestSuiteExecutor.accessTestSuiteMainPhase(TestSuiteExecutor.java:148)
	at com.kms.katalon.core.main.TestSuiteExecutor.execute(TestSuiteExecutor.java:106)
	at com.kms.katalon.core.main.TestCaseMain.startTestSuite(TestCaseMain.java:187)
	at com.kms.katalon.core.main.TestCaseMain$startTestSuite$0.call(Unknown Source)
	at TempTestSuite1695959417111.run(TempTestSuite1695959417111.groovy:36)
)

2023-09-29 10:55:20 - [MESSAGE][FAILED] - Unable to verify text 'plese input an valid username' is present  (Root cause: com.kms.katalon.core.exception.StepFailedException: Unable to verify text 'plese input an valid username' is present 
	at com.kms.katalon.core.webui.keyword.internal.WebUIKeywordMain.stepFailed(WebUIKeywordMain.groovy:64)
	at com.kms.katalon.core.webui.keyword.internal.WebUIKeywordMain.runKeyword(WebUIKeywordMain.groovy:26)
	at com.kms.katalon.core.webui.keyword.builtin.VerifyTextPresentKeyword.verifyTextPresent(VerifyTextPresentKeyword.groovy:83)
	at com.kms.katalon.core.webui.keyword.builtin.VerifyTextPresentKeyword.execute(VerifyTextPresentKeyword.groovy:68)
	at com.kms.katalon.core.keyword.internal.KeywordExecutor.executeKeywordForPlatform(KeywordExecutor.groovy:74)
	at com.kms.katalon.core.webui.keyword.WebUiBuiltInKeywords.verifyTextPresent(WebUiBuiltInKeywords.groovy:1723)
	at com.kms.katalon.core.webui.keyword.WebUiBuiltInKeywords$verifyTextPresent$7.call(Unknown Source)
	at TC-ESMF-003.run(TC-ESMF-003:36)
	at com.kms.katalon.core.main.ScriptEngine.run(ScriptEngine.java:194)
	at com.kms.katalon.core.main.ScriptEngine.runScriptAsRawText(ScriptEngine.java:119)
	at com.kms.katalon.core.main.TestCaseExecutor.runScript(TestCaseExecutor.java:448)
	at com.kms.katalon.core.main.TestCaseExecutor.doExecute(TestCaseExecutor.java:439)
	at com.kms.katalon.core.main.TestCaseExecutor.processExecutionPhase(TestCaseExecutor.java:418)
	at com.kms.katalon.core.main.TestCaseExecutor.accessMainPhase(TestCaseExecutor.java:410)
	at com.kms.katalon.core.main.TestCaseExecutor.execute(TestCaseExecutor.java:285)
	at com.kms.katalon.core.common.CommonExecutor.accessTestCaseMainPhase(CommonExecutor.java:65)
	at com.kms.katalon.core.main.TestSuiteExecutor.accessTestSuiteMainPhase(TestSuiteExecutor.java:148)
	at com.kms.katalon.core.main.TestSuiteExecutor.execute(TestSuiteExecutor.java:106)
	at com.kms.katalon.core.main.TestCaseMain.startTestSuite(TestCaseMain.java:187)
	at com.kms.katalon.core.main.TestCaseMain$startTestSuite$0.call(Unknown Source)
	at TempTestSuite1695959417111.run(TempTestSuite1695959417111.groovy:36)
Caused by: com.kms.katalon.core.exception.StepFailedException: Text 'plese input an valid username' is not present on page 
	at com.kms.katalon.core.webui.keyword.internal.WebUIKeywordMain.stepFailed(WebUIKeywordMain.groovy:64)
	at com.kms.katalon.core.webui.keyword.builtin.VerifyTextPresentKeyword$_verifyTextPresent_closure1.doCall(VerifyTextPresentKeyword.groovy:79)
	at com.kms.katalon.core.webui.keyword.builtin.VerifyTextPresentKeyword$_verifyTextPresent_closure1.call(VerifyTextPresentKeyword.groovy)
	at com.kms.katalon.core.webui.keyword.internal.WebUIKeywordMain.runKeyword(WebUIKeywordMain.groovy:20)
	... 19 more
)
[[ATTACHMENT|F:\\bootcamp\\Miniproject\\Tajalapak\\Reports\\20230929_105017\\M05 - Edit Sosial Media\\20230929_105017\\1695959720245.png]]]]></system-out>
         <system-err><![CDATA[2023-09-29 10:54:55 - [TEST_CASE][FAILED] - Test Cases/M05 -Edit Sosial Media/TC-ESMF-003: Test Cases/M05 -Edit Sosial Media/TC-ESMF-003 FAILED.
Reason:
com.kms.katalon.core.exception.StepFailedException: Unable to verify text 'plese input an valid username' is present 
	at com.kms.katalon.core.webui.keyword.internal.WebUIKeywordMain.stepFailed(WebUIKeywordMain.groovy:64)
	at com.kms.katalon.core.webui.keyword.internal.WebUIKeywordMain.runKeyword(WebUIKeywordMain.groovy:26)
	at com.kms.katalon.core.webui.keyword.builtin.VerifyTextPresentKeyword.verifyTextPresent(VerifyTextPresentKeyword.groovy:83)
	at com.kms.katalon.core.webui.keyword.builtin.VerifyTextPresentKeyword.execute(VerifyTextPresentKeyword.groovy:68)
	at com.kms.katalon.core.keyword.internal.KeywordExecutor.executeKeywordForPlatform(KeywordExecutor.groovy:74)
	at com.kms.katalon.core.webui.keyword.WebUiBuiltInKeywords.verifyTextPresent(WebUiBuiltInKeywords.groovy:1723)
	at com.kms.katalon.core.webui.keyword.WebUiBuiltInKeywords$verifyTextPresent$7.call(Unknown Source)
	at TC-ESMF-003.run(TC-ESMF-003:36)
	at com.kms.katalon.core.main.ScriptEngine.run(ScriptEngine.java:194)
	at com.kms.katalon.core.main.ScriptEngine.runScriptAsRawText(ScriptEngine.java:119)
	at com.kms.katalon.core.main.TestCaseExecutor.runScript(TestCaseExecutor.java:448)
	at com.kms.katalon.core.main.TestCaseExecutor.doExecute(TestCaseExecutor.java:439)
	at com.kms.katalon.core.main.TestCaseExecutor.processExecutionPhase(TestCaseExecutor.java:418)
	at com.kms.katalon.core.main.TestCaseExecutor.accessMainPhase(TestCaseExecutor.java:410)
	at com.kms.katalon.core.main.TestCaseExecutor.execute(TestCaseExecutor.java:285)
	at com.kms.katalon.core.common.CommonExecutor.accessTestCaseMainPhase(CommonExecutor.java:65)
	at com.kms.katalon.core.main.TestSuiteExecutor.accessTestSuiteMainPhase(TestSuiteExecutor.java:148)
	at com.kms.katalon.core.main.TestSuiteExecutor.execute(TestSuiteExecutor.java:106)
	at com.kms.katalon.core.main.TestCaseMain.startTestSuite(TestCaseMain.java:187)
	at com.kms.katalon.core.main.TestCaseMain$startTestSuite$0.call(Unknown Source)
	at TempTestSuite1695959417111.run(TempTestSuite1695959417111.groovy:36)
Caused by: com.kms.katalon.core.exception.StepFailedException: Text 'plese input an valid username' is not present on page 
	at com.kms.katalon.core.webui.keyword.internal.WebUIKeywordMain.stepFailed(WebUIKeywordMain.groovy:64)
	at com.kms.katalon.core.webui.keyword.builtin.VerifyTextPresentKeyword$_verifyTextPresent_closure1.doCall(VerifyTextPresentKeyword.groovy:79)
	at com.kms.katalon.core.webui.keyword.builtin.VerifyTextPresentKeyword$_verifyTextPresent_closure1.call(VerifyTextPresentKeyword.groovy)
	at com.kms.katalon.core.webui.keyword.internal.WebUIKeywordMain.runKeyword(WebUIKeywordMain.groovy:20)
	... 19 more]]></system-err>
      </testcase>
      <testcase name="Test Cases/M05 -Edit Sosial Media/TC-ESMF-004" time="25.345" classname="Test Cases/M05 -Edit Sosial Media/TC-ESMF-004" status="FAILED">
         <failure type="FAILED" message="Test Cases/M05 -Edit Sosial Media/TC-ESMF-004 FAILED.
Reason:
Assertion failed: 

assert error_message == 'please include an \'@\' in the first place username'
       |             |
       null          false

	at TC-ESMF-004.run(TC-ESMF-004:44)
	at com.kms.katalon.core.main.ScriptEngine.run(ScriptEngine.java:194)
	at com.kms.katalon.core.main.ScriptEngine.runScriptAsRawText(ScriptEngine.java:119)
	at com.kms.katalon.core.main.TestCaseExecutor.runScript(TestCaseExecutor.java:448)
	at com.kms.katalon.core.main.TestCaseExecutor.doExecute(TestCaseExecutor.java:439)
	at com.kms.katalon.core.main.TestCaseExecutor.processExecutionPhase(TestCaseExecutor.java:418)
	at com.kms.katalon.core.main.TestCaseExecutor.accessMainPhase(TestCaseExecutor.java:410)
	at com.kms.katalon.core.main.TestCaseExecutor.execute(TestCaseExecutor.java:285)
	at com.kms.katalon.core.common.CommonExecutor.accessTestCaseMainPhase(CommonExecutor.java:65)
	at com.kms.katalon.core.main.TestSuiteExecutor.accessTestSuiteMainPhase(TestSuiteExecutor.java:148)
	at com.kms.katalon.core.main.TestSuiteExecutor.execute(TestSuiteExecutor.java:106)
	at com.kms.katalon.core.main.TestCaseMain.startTestSuite(TestCaseMain.java:187)
	at com.kms.katalon.core.main.TestCaseMain$startTestSuite$0.call(Unknown Source)
	at TempTestSuite1695959417111.run(TempTestSuite1695959417111.groovy:36)
"/>
         <system-out><![CDATA[2023-09-29 10:55:20 - [TEST_CASE][FAILED] - Test Cases/M05 -Edit Sosial Media/TC-ESMF-004: Test Cases/M05 -Edit Sosial Media/TC-ESMF-004 FAILED.
Reason:
Assertion failed: 

assert error_message == 'please include an \'@\' in the first place username'
       |             |
       null          false

	at TC-ESMF-004.run(TC-ESMF-004:44)
	at com.kms.katalon.core.main.ScriptEngine.run(ScriptEngine.java:194)
	at com.kms.katalon.core.main.ScriptEngine.runScriptAsRawText(ScriptEngine.java:119)
	at com.kms.katalon.core.main.TestCaseExecutor.runScript(TestCaseExecutor.java:448)
	at com.kms.katalon.core.main.TestCaseExecutor.doExecute(TestCaseExecutor.java:439)
	at com.kms.katalon.core.main.TestCaseExecutor.processExecutionPhase(TestCaseExecutor.java:418)
	at com.kms.katalon.core.main.TestCaseExecutor.accessMainPhase(TestCaseExecutor.java:410)
	at com.kms.katalon.core.main.TestCaseExecutor.execute(TestCaseExecutor.java:285)
	at com.kms.katalon.core.common.CommonExecutor.accessTestCaseMainPhase(CommonExecutor.java:65)
	at com.kms.katalon.core.main.TestSuiteExecutor.accessTestSuiteMainPhase(TestSuiteExecutor.java:148)
	at com.kms.katalon.core.main.TestSuiteExecutor.execute(TestSuiteExecutor.java:106)
	at com.kms.katalon.core.main.TestCaseMain.startTestSuite(TestCaseMain.java:187)
	at com.kms.katalon.core.main.TestCaseMain$startTestSuite$0.call(Unknown Source)
	at TempTestSuite1695959417111.run(TempTestSuite1695959417111.groovy:36)


2023-09-29 10:55:22 - [TEST_STEP][PASSED] - callTestCase(findTestCase("M05 -Edit Sosial Media/TC-LS-001"), [:], STOP_ON_FAILURE): Call Test Case 'Test Cases/M05 -Edit Sosial Media/TC-LS-001' successfully

2023-09-29 10:55:22 - [TEST_CASE][PASSED] - Test Cases/M05 -Edit Sosial Media/TC-LS-001: Test Cases/M05 -Edit Sosial Media/TC-LS-001

2023-09-29 10:55:22 - [TEST_STEP][PASSED] - openBrowser(urlWeb): Browser is opened with url: 'https://10.9.2.63/ecommerce/'

2023-09-29 10:55:22 - [MESSAGE][WARNING] - A browser is already opened. Closing browser and opening a new one

2023-09-29 10:55:24 - [MESSAGE][INFO] - Starting 'Firefox' driver

2023-09-29 10:55:24 - [MESSAGE][INFO] - Action delay is set to 0 milliseconds

2023-09-29 10:55:32 - [MESSAGE][PASSED] - Browser is opened with url: 'https://10.9.2.63/ecommerce/'

2023-09-29 10:55:32 - [TEST_STEP][PASSED] - maximizeWindow(): Current window maximized

2023-09-29 10:55:32 - [MESSAGE][PASSED] - Current window maximized

2023-09-29 10:55:32 - [TEST_STEP][PASSED] - click(findTestObject("Login/a_Login")): Object: 'Object Repository/Login/a_Login' is clicked on

2023-09-29 10:55:33 - [MESSAGE][PASSED] - Object: 'Object Repository/Login/a_Login' is clicked on

2023-09-29 10:55:33 - [TEST_STEP][PASSED] - setText(findTestObject("Login/input_Username, Email atau No. Handphone_a"), "runa36"): Text 'runa36' is set on object 'Object Repository/Login/input_Username, Email atau No. Handphone_a'

2023-09-29 10:55:34 - [MESSAGE][PASSED] - Text 'runa36' is set on object 'Object Repository/Login/input_Username, Email atau No. Handphone_a'

2023-09-29 10:55:34 - [TEST_STEP][PASSED] - setEncryptedText(findTestObject("Login/input_Password di Login(Masuk)"), "qbkrdMwyWE4="): Text ****** has been set on object 'Object Repository/Login/input_Password di Login(Masuk)'

2023-09-29 10:55:35 - [MESSAGE][PASSED] - Text ****** has been set on object 'Object Repository/Login/input_Password di Login(Masuk)'

2023-09-29 10:55:35 - [TEST_STEP][PASSED] - click(findTestObject("Login/button_Masuk di halaman login")): Object: 'Object Repository/Login/button_Masuk di halaman login' is clicked on

2023-09-29 10:55:37 - [MESSAGE][PASSED] - Object: 'Object Repository/Login/button_Masuk di halaman login' is clicked on

2023-09-29 10:55:37 - [TEST_STEP][PASSED] - verifyElementPresent(findTestObject("edit sosial media/verifikasi masuk halaman biodata diri"), 0): Object 'Object Repository/edit sosial media/verifikasi masuk halaman biodata diri' is present

2023-09-29 10:55:37 - [MESSAGE][WARNING] - Timeout '0' is invalid. Using default page load timeout: '30'

2023-09-29 10:55:37 - [MESSAGE][PASSED] - Object 'Object Repository/edit sosial media/verifikasi masuk halaman biodata diri' is present

2023-09-29 10:55:37 - [MESSAGE][PASSED] - Call Test Case 'Test Cases/M05 -Edit Sosial Media/TC-LS-001' successfully

2023-09-29 10:55:37 - [TEST_STEP][PASSED] - click(findTestObject("edit sosial media/a_Sosmed")): Object: 'Object Repository/edit sosial media/a_Sosmed' is clicked on

2023-09-29 10:55:40 - [MESSAGE][PASSED] - Object: 'Object Repository/edit sosial media/a_Sosmed' is clicked on

2023-09-29 10:55:40 - [TEST_STEP][PASSED] - click(findTestObject("edit sosial media/Edit Sosial Media")): Object: 'Object Repository/edit sosial media/Edit Sosial Media' is clicked on

2023-09-29 10:55:41 - [MESSAGE][PASSED] - Object: 'Object Repository/edit sosial media/Edit Sosial Media' is clicked on

2023-09-29 10:55:41 - [TEST_STEP][PASSED] - clearText(findTestObject("edit sosial media/input_Telegram_e")): Text of object 'Object Repository/edit sosial media/input_Telegram_e' is cleared

2023-09-29 10:55:42 - [MESSAGE][PASSED] - Text of object 'Object Repository/edit sosial media/input_Telegram_e' is cleared

2023-09-29 10:55:42 - [TEST_STEP][PASSED] - setText(findTestObject("edit sosial media/input_Telegram_e"), Telegram): Text 'Runaya71' is set on object 'Object Repository/edit sosial media/input_Telegram_e'

2023-09-29 10:55:43 - [MESSAGE][PASSED] - Text 'Runaya71' is set on object 'Object Repository/edit sosial media/input_Telegram_e'

2023-09-29 10:55:43 - [TEST_STEP][PASSED] - click(findTestObject("edit sosial media/center_Simpan Sosial Media")): Object: 'Object Repository/edit sosial media/center_Simpan Sosial Media' is clicked on

2023-09-29 10:55:45 - [MESSAGE][PASSED] - Object: 'Object Repository/edit sosial media/center_Simpan Sosial Media' is clicked on

2023-09-29 10:55:45 - [TEST_STEP][PASSED] - webDriver = getWebDriver(): null

2023-09-29 10:55:45 - [TEST_STEP][PASSED] - field_telegram = webDriver.findElement(By.xpath("(.//*[normalize-space(text()) and normalize-space(.)="Telegram"])[1]/following::div[1]")): null

2023-09-29 10:55:45 - [TEST_STEP][PASSED] - error_message = webDriver.executeScript("return arguments[0].validationMessage", field_telegram): null

2023-09-29 10:55:45 - [TEST_STEP][PASSED] - println(error_message): null

2023-09-29 10:55:45 - [TEST_STEP][FAILED] - assert error_message == "please include an '@' in the first place username": Test Cases/M05 -Edit Sosial Media/TC-ESMF-004 FAILED.
Reason:
Assertion failed: 

assert error_message == 'please include an \'@\' in the first place username'
       |             |
       null          false

	at TC-ESMF-004.run(TC-ESMF-004:44)
	at com.kms.katalon.core.main.ScriptEngine.run(ScriptEngine.java:194)
	at com.kms.katalon.core.main.ScriptEngine.runScriptAsRawText(ScriptEngine.java:119)
	at com.kms.katalon.core.main.TestCaseExecutor.runScript(TestCaseExecutor.java:448)
	at com.kms.katalon.core.main.TestCaseExecutor.doExecute(TestCaseExecutor.java:439)
	at com.kms.katalon.core.main.TestCaseExecutor.processExecutionPhase(TestCaseExecutor.java:418)
	at com.kms.katalon.core.main.TestCaseExecutor.accessMainPhase(TestCaseExecutor.java:410)
	at com.kms.katalon.core.main.TestCaseExecutor.execute(TestCaseExecutor.java:285)
	at com.kms.katalon.core.common.CommonExecutor.accessTestCaseMainPhase(CommonExecutor.java:65)
	at com.kms.katalon.core.main.TestSuiteExecutor.accessTestSuiteMainPhase(TestSuiteExecutor.java:148)
	at com.kms.katalon.core.main.TestSuiteExecutor.execute(TestSuiteExecutor.java:106)
	at com.kms.katalon.core.main.TestCaseMain.startTestSuite(TestCaseMain.java:187)
	at com.kms.katalon.core.main.TestCaseMain$startTestSuite$0.call(Unknown Source)
	at TempTestSuite1695959417111.run(TempTestSuite1695959417111.groovy:36)


2023-09-29 10:55:45 - [MESSAGE][FAILED] - Test Cases/M05 -Edit Sosial Media/TC-ESMF-004 FAILED.
Reason:
Assertion failed: 

assert error_message == 'please include an \'@\' in the first place username'
       |             |
       null          false

	at TC-ESMF-004.run(TC-ESMF-004:44)
	at com.kms.katalon.core.main.ScriptEngine.run(ScriptEngine.java:194)
	at com.kms.katalon.core.main.ScriptEngine.runScriptAsRawText(ScriptEngine.java:119)
	at com.kms.katalon.core.main.TestCaseExecutor.runScript(TestCaseExecutor.java:448)
	at com.kms.katalon.core.main.TestCaseExecutor.doExecute(TestCaseExecutor.java:439)
	at com.kms.katalon.core.main.TestCaseExecutor.processExecutionPhase(TestCaseExecutor.java:418)
	at com.kms.katalon.core.main.TestCaseExecutor.accessMainPhase(TestCaseExecutor.java:410)
	at com.kms.katalon.core.main.TestCaseExecutor.execute(TestCaseExecutor.java:285)
	at com.kms.katalon.core.common.CommonExecutor.accessTestCaseMainPhase(CommonExecutor.java:65)
	at com.kms.katalon.core.main.TestSuiteExecutor.accessTestSuiteMainPhase(TestSuiteExecutor.java:148)
	at com.kms.katalon.core.main.TestSuiteExecutor.execute(TestSuiteExecutor.java:106)
	at com.kms.katalon.core.main.TestCaseMain.startTestSuite(TestCaseMain.java:187)
	at com.kms.katalon.core.main.TestCaseMain$startTestSuite$0.call(Unknown Source)
	at TempTestSuite1695959417111.run(TempTestSuite1695959417111.groovy:36)]]></system-out>
         <system-err><![CDATA[2023-09-29 10:55:20 - [TEST_CASE][FAILED] - Test Cases/M05 -Edit Sosial Media/TC-ESMF-004: Test Cases/M05 -Edit Sosial Media/TC-ESMF-004 FAILED.
Reason:
Assertion failed: 

assert error_message == 'please include an \'@\' in the first place username'
       |             |
       null          false

	at TC-ESMF-004.run(TC-ESMF-004:44)
	at com.kms.katalon.core.main.ScriptEngine.run(ScriptEngine.java:194)
	at com.kms.katalon.core.main.ScriptEngine.runScriptAsRawText(ScriptEngine.java:119)
	at com.kms.katalon.core.main.TestCaseExecutor.runScript(TestCaseExecutor.java:448)
	at com.kms.katalon.core.main.TestCaseExecutor.doExecute(TestCaseExecutor.java:439)
	at com.kms.katalon.core.main.TestCaseExecutor.processExecutionPhase(TestCaseExecutor.java:418)
	at com.kms.katalon.core.main.TestCaseExecutor.accessMainPhase(TestCaseExecutor.java:410)
	at com.kms.katalon.core.main.TestCaseExecutor.execute(TestCaseExecutor.java:285)
	at com.kms.katalon.core.common.CommonExecutor.accessTestCaseMainPhase(CommonExecutor.java:65)
	at com.kms.katalon.core.main.TestSuiteExecutor.accessTestSuiteMainPhase(TestSuiteExecutor.java:148)
	at com.kms.katalon.core.main.TestSuiteExecutor.execute(TestSuiteExecutor.java:106)
	at com.kms.katalon.core.main.TestCaseMain.startTestSuite(TestCaseMain.java:187)
	at com.kms.katalon.core.main.TestCaseMain$startTestSuite$0.call(Unknown Source)
	at TempTestSuite1695959417111.run(TempTestSuite1695959417111.groovy:36)]]></system-err>
      </testcase>
      <testcase name="Test Cases/M05 -Edit Sosial Media/TC-ESMF-005" time="26.127" classname="Test Cases/M05 -Edit Sosial Media/TC-ESMF-005" status="FAILED">
         <failure type="FAILED" message="Test Cases/M05 -Edit Sosial Media/TC-ESMF-005 FAILED.
Reason:
Assertion failed: 

assert validationMessage == 'please input username not exceed 50 character'
       |                 |
       null              false

	at TC-ESMF-005.run(TC-ESMF-005:41)
	at com.kms.katalon.core.main.ScriptEngine.run(ScriptEngine.java:194)
	at com.kms.katalon.core.main.ScriptEngine.runScriptAsRawText(ScriptEngine.java:119)
	at com.kms.katalon.core.main.TestCaseExecutor.runScript(TestCaseExecutor.java:448)
	at com.kms.katalon.core.main.TestCaseExecutor.doExecute(TestCaseExecutor.java:439)
	at com.kms.katalon.core.main.TestCaseExecutor.processExecutionPhase(TestCaseExecutor.java:418)
	at com.kms.katalon.core.main.TestCaseExecutor.accessMainPhase(TestCaseExecutor.java:410)
	at com.kms.katalon.core.main.TestCaseExecutor.execute(TestCaseExecutor.java:285)
	at com.kms.katalon.core.common.CommonExecutor.accessTestCaseMainPhase(CommonExecutor.java:65)
	at com.kms.katalon.core.main.TestSuiteExecutor.accessTestSuiteMainPhase(TestSuiteExecutor.java:148)
	at com.kms.katalon.core.main.TestSuiteExecutor.execute(TestSuiteExecutor.java:106)
	at com.kms.katalon.core.main.TestCaseMain.startTestSuite(TestCaseMain.java:187)
	at com.kms.katalon.core.main.TestCaseMain$startTestSuite$0.call(Unknown Source)
	at TempTestSuite1695959417111.run(TempTestSuite1695959417111.groovy:36)
"/>
         <system-out><![CDATA[2023-09-29 10:55:45 - [TEST_CASE][FAILED] - Test Cases/M05 -Edit Sosial Media/TC-ESMF-005: Test Cases/M05 -Edit Sosial Media/TC-ESMF-005 FAILED.
Reason:
Assertion failed: 

assert validationMessage == 'please input username not exceed 50 character'
       |                 |
       null              false

	at TC-ESMF-005.run(TC-ESMF-005:41)
	at com.kms.katalon.core.main.ScriptEngine.run(ScriptEngine.java:194)
	at com.kms.katalon.core.main.ScriptEngine.runScriptAsRawText(ScriptEngine.java:119)
	at com.kms.katalon.core.main.TestCaseExecutor.runScript(TestCaseExecutor.java:448)
	at com.kms.katalon.core.main.TestCaseExecutor.doExecute(TestCaseExecutor.java:439)
	at com.kms.katalon.core.main.TestCaseExecutor.processExecutionPhase(TestCaseExecutor.java:418)
	at com.kms.katalon.core.main.TestCaseExecutor.accessMainPhase(TestCaseExecutor.java:410)
	at com.kms.katalon.core.main.TestCaseExecutor.execute(TestCaseExecutor.java:285)
	at com.kms.katalon.core.common.CommonExecutor.accessTestCaseMainPhase(CommonExecutor.java:65)
	at com.kms.katalon.core.main.TestSuiteExecutor.accessTestSuiteMainPhase(TestSuiteExecutor.java:148)
	at com.kms.katalon.core.main.TestSuiteExecutor.execute(TestSuiteExecutor.java:106)
	at com.kms.katalon.core.main.TestCaseMain.startTestSuite(TestCaseMain.java:187)
	at com.kms.katalon.core.main.TestCaseMain$startTestSuite$0.call(Unknown Source)
	at TempTestSuite1695959417111.run(TempTestSuite1695959417111.groovy:36)


2023-09-29 10:55:47 - [TEST_STEP][PASSED] - callTestCase(findTestCase("M05 -Edit Sosial Media/TC-LS-001"), [:], STOP_ON_FAILURE): Call Test Case 'Test Cases/M05 -Edit Sosial Media/TC-LS-001' successfully

2023-09-29 10:55:47 - [TEST_CASE][PASSED] - Test Cases/M05 -Edit Sosial Media/TC-LS-001: Test Cases/M05 -Edit Sosial Media/TC-LS-001

2023-09-29 10:55:47 - [TEST_STEP][PASSED] - openBrowser(urlWeb): Browser is opened with url: 'https://10.9.2.63/ecommerce/'

2023-09-29 10:55:47 - [MESSAGE][WARNING] - A browser is already opened. Closing browser and opening a new one

2023-09-29 10:55:49 - [MESSAGE][INFO] - Starting 'Firefox' driver

2023-09-29 10:55:49 - [MESSAGE][INFO] - Action delay is set to 0 milliseconds

2023-09-29 10:55:57 - [MESSAGE][PASSED] - Browser is opened with url: 'https://10.9.2.63/ecommerce/'

2023-09-29 10:55:57 - [TEST_STEP][PASSED] - maximizeWindow(): Current window maximized

2023-09-29 10:55:57 - [MESSAGE][PASSED] - Current window maximized

2023-09-29 10:55:57 - [TEST_STEP][PASSED] - click(findTestObject("Login/a_Login")): Object: 'Object Repository/Login/a_Login' is clicked on

2023-09-29 10:55:58 - [MESSAGE][PASSED] - Object: 'Object Repository/Login/a_Login' is clicked on

2023-09-29 10:55:58 - [TEST_STEP][PASSED] - setText(findTestObject("Login/input_Username, Email atau No. Handphone_a"), "runa36"): Text 'runa36' is set on object 'Object Repository/Login/input_Username, Email atau No. Handphone_a'

2023-09-29 10:55:59 - [MESSAGE][PASSED] - Text 'runa36' is set on object 'Object Repository/Login/input_Username, Email atau No. Handphone_a'

2023-09-29 10:55:59 - [TEST_STEP][PASSED] - setEncryptedText(findTestObject("Login/input_Password di Login(Masuk)"), "qbkrdMwyWE4="): Text ****** has been set on object 'Object Repository/Login/input_Password di Login(Masuk)'

2023-09-29 10:56:00 - [MESSAGE][PASSED] - Text ****** has been set on object 'Object Repository/Login/input_Password di Login(Masuk)'

2023-09-29 10:56:00 - [TEST_STEP][PASSED] - click(findTestObject("Login/button_Masuk di halaman login")): Object: 'Object Repository/Login/button_Masuk di halaman login' is clicked on

2023-09-29 10:56:01 - [MESSAGE][PASSED] - Object: 'Object Repository/Login/button_Masuk di halaman login' is clicked on

2023-09-29 10:56:01 - [TEST_STEP][PASSED] - verifyElementPresent(findTestObject("edit sosial media/verifikasi masuk halaman biodata diri"), 0): Object 'Object Repository/edit sosial media/verifikasi masuk halaman biodata diri' is present

2023-09-29 10:56:02 - [MESSAGE][WARNING] - Timeout '0' is invalid. Using default page load timeout: '30'

2023-09-29 10:56:02 - [MESSAGE][PASSED] - Object 'Object Repository/edit sosial media/verifikasi masuk halaman biodata diri' is present

2023-09-29 10:56:02 - [MESSAGE][PASSED] - Call Test Case 'Test Cases/M05 -Edit Sosial Media/TC-LS-001' successfully

2023-09-29 10:56:02 - [TEST_STEP][PASSED] - click(findTestObject("edit sosial media/a_Sosmed")): Object: 'Object Repository/edit sosial media/a_Sosmed' is clicked on

2023-09-29 10:56:06 - [MESSAGE][PASSED] - Object: 'Object Repository/edit sosial media/a_Sosmed' is clicked on

2023-09-29 10:56:06 - [TEST_STEP][PASSED] - click(findTestObject("edit sosial media/Edit Sosial Media")): Object: 'Object Repository/edit sosial media/Edit Sosial Media' is clicked on

2023-09-29 10:56:07 - [MESSAGE][PASSED] - Object: 'Object Repository/edit sosial media/Edit Sosial Media' is clicked on

2023-09-29 10:56:07 - [TEST_STEP][PASSED] - clearText(findTestObject("edit sosial media/input_Instagram_c")): Text of object 'Object Repository/edit sosial media/input_Instagram_c' is cleared

2023-09-29 10:56:08 - [MESSAGE][PASSED] - Text of object 'Object Repository/edit sosial media/input_Instagram_c' is cleared

2023-09-29 10:56:08 - [TEST_STEP][PASSED] - setText(findTestObject("edit sosial media/input_Instagram_c"), Instagram): Text 'AkulahCintaDiLangitPrudenceLovelyPrincessOfAwanampwnw' is set on object 'Object Repository/edit sosial media/input_Instagram_c'

2023-09-29 10:56:09 - [MESSAGE][PASSED] - Text 'AkulahCintaDiLangitPrudenceLovelyPrincessOfAwanampwnw' is set on object 'Object Repository/edit sosial media/input_Instagram_c'

2023-09-29 10:56:09 - [TEST_STEP][PASSED] - click(findTestObject("edit sosial media/center_Simpan Sosial Media")): Object: 'Object Repository/edit sosial media/center_Simpan Sosial Media' is clicked on

2023-09-29 10:56:11 - [MESSAGE][PASSED] - Object: 'Object Repository/edit sosial media/center_Simpan Sosial Media' is clicked on

2023-09-29 10:56:11 - [TEST_STEP][PASSED] - webDriver = getWebDriver(): null

2023-09-29 10:56:11 - [TEST_STEP][PASSED] - field_insta = webDriver.findElement(By.xpath("(.//*[normalize-space(text()) and normalize-space(.)="Instagram"])[1]/following::div[1]")): null

2023-09-29 10:56:11 - [TEST_STEP][PASSED] - validationMessage = executeJavaScript("return arguments[0].validationMessage;", Arrays.asList(field_insta)): Execute JavaScript 'return arguments[0].validationMessage;' successfully

2023-09-29 10:56:11 - [MESSAGE][PASSED] - Execute JavaScript 'return arguments[0].validationMessage;' successfully

2023-09-29 10:56:11 - [TEST_STEP][FAILED] - assert validationMessage == "please input username not exceed 50 character": Test Cases/M05 -Edit Sosial Media/TC-ESMF-005 FAILED.
Reason:
Assertion failed: 

assert validationMessage == 'please input username not exceed 50 character'
       |                 |
       null              false

	at TC-ESMF-005.run(TC-ESMF-005:41)
	at com.kms.katalon.core.main.ScriptEngine.run(ScriptEngine.java:194)
	at com.kms.katalon.core.main.ScriptEngine.runScriptAsRawText(ScriptEngine.java:119)
	at com.kms.katalon.core.main.TestCaseExecutor.runScript(TestCaseExecutor.java:448)
	at com.kms.katalon.core.main.TestCaseExecutor.doExecute(TestCaseExecutor.java:439)
	at com.kms.katalon.core.main.TestCaseExecutor.processExecutionPhase(TestCaseExecutor.java:418)
	at com.kms.katalon.core.main.TestCaseExecutor.accessMainPhase(TestCaseExecutor.java:410)
	at com.kms.katalon.core.main.TestCaseExecutor.execute(TestCaseExecutor.java:285)
	at com.kms.katalon.core.common.CommonExecutor.accessTestCaseMainPhase(CommonExecutor.java:65)
	at com.kms.katalon.core.main.TestSuiteExecutor.accessTestSuiteMainPhase(TestSuiteExecutor.java:148)
	at com.kms.katalon.core.main.TestSuiteExecutor.execute(TestSuiteExecutor.java:106)
	at com.kms.katalon.core.main.TestCaseMain.startTestSuite(TestCaseMain.java:187)
	at com.kms.katalon.core.main.TestCaseMain$startTestSuite$0.call(Unknown Source)
	at TempTestSuite1695959417111.run(TempTestSuite1695959417111.groovy:36)


2023-09-29 10:56:11 - [MESSAGE][FAILED] - Test Cases/M05 -Edit Sosial Media/TC-ESMF-005 FAILED.
Reason:
Assertion failed: 

assert validationMessage == 'please input username not exceed 50 character'
       |                 |
       null              false

	at TC-ESMF-005.run(TC-ESMF-005:41)
	at com.kms.katalon.core.main.ScriptEngine.run(ScriptEngine.java:194)
	at com.kms.katalon.core.main.ScriptEngine.runScriptAsRawText(ScriptEngine.java:119)
	at com.kms.katalon.core.main.TestCaseExecutor.runScript(TestCaseExecutor.java:448)
	at com.kms.katalon.core.main.TestCaseExecutor.doExecute(TestCaseExecutor.java:439)
	at com.kms.katalon.core.main.TestCaseExecutor.processExecutionPhase(TestCaseExecutor.java:418)
	at com.kms.katalon.core.main.TestCaseExecutor.accessMainPhase(TestCaseExecutor.java:410)
	at com.kms.katalon.core.main.TestCaseExecutor.execute(TestCaseExecutor.java:285)
	at com.kms.katalon.core.common.CommonExecutor.accessTestCaseMainPhase(CommonExecutor.java:65)
	at com.kms.katalon.core.main.TestSuiteExecutor.accessTestSuiteMainPhase(TestSuiteExecutor.java:148)
	at com.kms.katalon.core.main.TestSuiteExecutor.execute(TestSuiteExecutor.java:106)
	at com.kms.katalon.core.main.TestCaseMain.startTestSuite(TestCaseMain.java:187)
	at com.kms.katalon.core.main.TestCaseMain$startTestSuite$0.call(Unknown Source)
	at TempTestSuite1695959417111.run(TempTestSuite1695959417111.groovy:36)]]></system-out>
         <system-err><![CDATA[2023-09-29 10:55:45 - [TEST_CASE][FAILED] - Test Cases/M05 -Edit Sosial Media/TC-ESMF-005: Test Cases/M05 -Edit Sosial Media/TC-ESMF-005 FAILED.
Reason:
Assertion failed: 

assert validationMessage == 'please input username not exceed 50 character'
       |                 |
       null              false

	at TC-ESMF-005.run(TC-ESMF-005:41)
	at com.kms.katalon.core.main.ScriptEngine.run(ScriptEngine.java:194)
	at com.kms.katalon.core.main.ScriptEngine.runScriptAsRawText(ScriptEngine.java:119)
	at com.kms.katalon.core.main.TestCaseExecutor.runScript(TestCaseExecutor.java:448)
	at com.kms.katalon.core.main.TestCaseExecutor.doExecute(TestCaseExecutor.java:439)
	at com.kms.katalon.core.main.TestCaseExecutor.processExecutionPhase(TestCaseExecutor.java:418)
	at com.kms.katalon.core.main.TestCaseExecutor.accessMainPhase(TestCaseExecutor.java:410)
	at com.kms.katalon.core.main.TestCaseExecutor.execute(TestCaseExecutor.java:285)
	at com.kms.katalon.core.common.CommonExecutor.accessTestCaseMainPhase(CommonExecutor.java:65)
	at com.kms.katalon.core.main.TestSuiteExecutor.accessTestSuiteMainPhase(TestSuiteExecutor.java:148)
	at com.kms.katalon.core.main.TestSuiteExecutor.execute(TestSuiteExecutor.java:106)
	at com.kms.katalon.core.main.TestCaseMain.startTestSuite(TestCaseMain.java:187)
	at com.kms.katalon.core.main.TestCaseMain$startTestSuite$0.call(Unknown Source)
	at TempTestSuite1695959417111.run(TempTestSuite1695959417111.groovy:36)]]></system-err>
      </testcase>
      <testcase name="Test Cases/M05 -Edit Sosial Media/TC-ESMF-006" time="23.341" classname="Test Cases/M05 -Edit Sosial Media/TC-ESMF-006" status="FAILED">
         <failure type="FAILED" message="Test Cases/M05 -Edit Sosial Media/TC-ESMF-006 FAILED.
Reason:
Assertion failed: 

assert error_message == 'Please include an \'+\' at the first place username'
       |             |
       null          false

	at TC-ESMF-006.run(TC-ESMF-006:44)
	at com.kms.katalon.core.main.ScriptEngine.run(ScriptEngine.java:194)
	at com.kms.katalon.core.main.ScriptEngine.runScriptAsRawText(ScriptEngine.java:119)
	at com.kms.katalon.core.main.TestCaseExecutor.runScript(TestCaseExecutor.java:448)
	at com.kms.katalon.core.main.TestCaseExecutor.doExecute(TestCaseExecutor.java:439)
	at com.kms.katalon.core.main.TestCaseExecutor.processExecutionPhase(TestCaseExecutor.java:418)
	at com.kms.katalon.core.main.TestCaseExecutor.accessMainPhase(TestCaseExecutor.java:410)
	at com.kms.katalon.core.main.TestCaseExecutor.execute(TestCaseExecutor.java:285)
	at com.kms.katalon.core.common.CommonExecutor.accessTestCaseMainPhase(CommonExecutor.java:65)
	at com.kms.katalon.core.main.TestSuiteExecutor.accessTestSuiteMainPhase(TestSuiteExecutor.java:148)
	at com.kms.katalon.core.main.TestSuiteExecutor.execute(TestSuiteExecutor.java:106)
	at com.kms.katalon.core.main.TestCaseMain.startTestSuite(TestCaseMain.java:187)
	at com.kms.katalon.core.main.TestCaseMain$startTestSuite$0.call(Unknown Source)
	at TempTestSuite1695959417111.run(TempTestSuite1695959417111.groovy:36)
"/>
         <system-out><![CDATA[2023-09-29 10:56:12 - [TEST_CASE][FAILED] - Test Cases/M05 -Edit Sosial Media/TC-ESMF-006: Test Cases/M05 -Edit Sosial Media/TC-ESMF-006 FAILED.
Reason:
Assertion failed: 

assert error_message == 'Please include an \'+\' at the first place username'
       |             |
       null          false

	at TC-ESMF-006.run(TC-ESMF-006:44)
	at com.kms.katalon.core.main.ScriptEngine.run(ScriptEngine.java:194)
	at com.kms.katalon.core.main.ScriptEngine.runScriptAsRawText(ScriptEngine.java:119)
	at com.kms.katalon.core.main.TestCaseExecutor.runScript(TestCaseExecutor.java:448)
	at com.kms.katalon.core.main.TestCaseExecutor.doExecute(TestCaseExecutor.java:439)
	at com.kms.katalon.core.main.TestCaseExecutor.processExecutionPhase(TestCaseExecutor.java:418)
	at com.kms.katalon.core.main.TestCaseExecutor.accessMainPhase(TestCaseExecutor.java:410)
	at com.kms.katalon.core.main.TestCaseExecutor.execute(TestCaseExecutor.java:285)
	at com.kms.katalon.core.common.CommonExecutor.accessTestCaseMainPhase(CommonExecutor.java:65)
	at com.kms.katalon.core.main.TestSuiteExecutor.accessTestSuiteMainPhase(TestSuiteExecutor.java:148)
	at com.kms.katalon.core.main.TestSuiteExecutor.execute(TestSuiteExecutor.java:106)
	at com.kms.katalon.core.main.TestCaseMain.startTestSuite(TestCaseMain.java:187)
	at com.kms.katalon.core.main.TestCaseMain$startTestSuite$0.call(Unknown Source)
	at TempTestSuite1695959417111.run(TempTestSuite1695959417111.groovy:36)


2023-09-29 10:56:13 - [TEST_STEP][PASSED] - callTestCase(findTestCase("M05 -Edit Sosial Media/TC-LS-001"), [:], STOP_ON_FAILURE): Call Test Case 'Test Cases/M05 -Edit Sosial Media/TC-LS-001' successfully

2023-09-29 10:56:13 - [TEST_CASE][PASSED] - Test Cases/M05 -Edit Sosial Media/TC-LS-001: Test Cases/M05 -Edit Sosial Media/TC-LS-001

2023-09-29 10:56:13 - [TEST_STEP][PASSED] - openBrowser(urlWeb): Browser is opened with url: 'https://10.9.2.63/ecommerce/'

2023-09-29 10:56:13 - [MESSAGE][WARNING] - A browser is already opened. Closing browser and opening a new one

2023-09-29 10:56:14 - [MESSAGE][INFO] - Starting 'Firefox' driver

2023-09-29 10:56:14 - [MESSAGE][INFO] - Action delay is set to 0 milliseconds

2023-09-29 10:56:23 - [MESSAGE][PASSED] - Browser is opened with url: 'https://10.9.2.63/ecommerce/'

2023-09-29 10:56:23 - [TEST_STEP][PASSED] - maximizeWindow(): Current window maximized

2023-09-29 10:56:23 - [MESSAGE][PASSED] - Current window maximized

2023-09-29 10:56:23 - [TEST_STEP][PASSED] - click(findTestObject("Login/a_Login")): Object: 'Object Repository/Login/a_Login' is clicked on

2023-09-29 10:56:24 - [MESSAGE][PASSED] - Object: 'Object Repository/Login/a_Login' is clicked on

2023-09-29 10:56:24 - [TEST_STEP][PASSED] - setText(findTestObject("Login/input_Username, Email atau No. Handphone_a"), "runa36"): Text 'runa36' is set on object 'Object Repository/Login/input_Username, Email atau No. Handphone_a'

2023-09-29 10:56:25 - [MESSAGE][PASSED] - Text 'runa36' is set on object 'Object Repository/Login/input_Username, Email atau No. Handphone_a'

2023-09-29 10:56:25 - [TEST_STEP][PASSED] - setEncryptedText(findTestObject("Login/input_Password di Login(Masuk)"), "qbkrdMwyWE4="): Text ****** has been set on object 'Object Repository/Login/input_Password di Login(Masuk)'

2023-09-29 10:56:26 - [MESSAGE][PASSED] - Text ****** has been set on object 'Object Repository/Login/input_Password di Login(Masuk)'

2023-09-29 10:56:26 - [TEST_STEP][PASSED] - click(findTestObject("Login/button_Masuk di halaman login")): Object: 'Object Repository/Login/button_Masuk di halaman login' is clicked on

2023-09-29 10:56:27 - [MESSAGE][PASSED] - Object: 'Object Repository/Login/button_Masuk di halaman login' is clicked on

2023-09-29 10:56:27 - [TEST_STEP][PASSED] - verifyElementPresent(findTestObject("edit sosial media/verifikasi masuk halaman biodata diri"), 0): Object 'Object Repository/edit sosial media/verifikasi masuk halaman biodata diri' is present

2023-09-29 10:56:28 - [MESSAGE][WARNING] - Timeout '0' is invalid. Using default page load timeout: '30'

2023-09-29 10:56:28 - [MESSAGE][PASSED] - Object 'Object Repository/edit sosial media/verifikasi masuk halaman biodata diri' is present

2023-09-29 10:56:28 - [MESSAGE][PASSED] - Call Test Case 'Test Cases/M05 -Edit Sosial Media/TC-LS-001' successfully

2023-09-29 10:56:28 - [TEST_STEP][PASSED] - click(findTestObject("edit sosial media/a_Sosmed")): Object: 'Object Repository/edit sosial media/a_Sosmed' is clicked on

2023-09-29 10:56:29 - [MESSAGE][PASSED] - Object: 'Object Repository/edit sosial media/a_Sosmed' is clicked on

2023-09-29 10:56:29 - [TEST_STEP][PASSED] - click(findTestObject("edit sosial media/Edit Sosial Media")): Object: 'Object Repository/edit sosial media/Edit Sosial Media' is clicked on

2023-09-29 10:56:31 - [MESSAGE][PASSED] - Object: 'Object Repository/edit sosial media/Edit Sosial Media' is clicked on

2023-09-29 10:56:31 - [TEST_STEP][PASSED] - clearText(findTestObject("edit sosial media/input_Google_h")): Text of object 'Object Repository/edit sosial media/input_Google_h' is cleared

2023-09-29 10:56:32 - [MESSAGE][PASSED] - Text of object 'Object Repository/edit sosial media/input_Google_h' is cleared

2023-09-29 10:56:32 - [TEST_STEP][PASSED] - setText(findTestObject("edit sosial media/input_Google_h"), Google): Text 'Runaya' is set on object 'Object Repository/edit sosial media/input_Google_h'

2023-09-29 10:56:32 - [MESSAGE][PASSED] - Text 'Runaya' is set on object 'Object Repository/edit sosial media/input_Google_h'

2023-09-29 10:56:32 - [TEST_STEP][PASSED] - click(findTestObject("edit sosial media/center_Simpan Sosial Media")): Object: 'Object Repository/edit sosial media/center_Simpan Sosial Media' is clicked on

2023-09-29 10:56:34 - [MESSAGE][PASSED] - Object: 'Object Repository/edit sosial media/center_Simpan Sosial Media' is clicked on

2023-09-29 10:56:34 - [TEST_STEP][PASSED] - webDriver = getWebDriver(): null

2023-09-29 10:56:34 - [TEST_STEP][PASSED] - field_google = webDriver.findElement(By.xpath("(.//*[normalize-space(text()) and normalize-space(.)="Google+"])[1]/following::div[1]")): null

2023-09-29 10:56:35 - [TEST_STEP][PASSED] - error_message = webDriver.executeScript("return arguments[0].validationMessage", field_google): null

2023-09-29 10:56:35 - [TEST_STEP][PASSED] - println(error_message): null

2023-09-29 10:56:35 - [TEST_STEP][FAILED] - assert error_message == "Please include an '+' at the first place username": Test Cases/M05 -Edit Sosial Media/TC-ESMF-006 FAILED.
Reason:
Assertion failed: 

assert error_message == 'Please include an \'+\' at the first place username'
       |             |
       null          false

	at TC-ESMF-006.run(TC-ESMF-006:44)
	at com.kms.katalon.core.main.ScriptEngine.run(ScriptEngine.java:194)
	at com.kms.katalon.core.main.ScriptEngine.runScriptAsRawText(ScriptEngine.java:119)
	at com.kms.katalon.core.main.TestCaseExecutor.runScript(TestCaseExecutor.java:448)
	at com.kms.katalon.core.main.TestCaseExecutor.doExecute(TestCaseExecutor.java:439)
	at com.kms.katalon.core.main.TestCaseExecutor.processExecutionPhase(TestCaseExecutor.java:418)
	at com.kms.katalon.core.main.TestCaseExecutor.accessMainPhase(TestCaseExecutor.java:410)
	at com.kms.katalon.core.main.TestCaseExecutor.execute(TestCaseExecutor.java:285)
	at com.kms.katalon.core.common.CommonExecutor.accessTestCaseMainPhase(CommonExecutor.java:65)
	at com.kms.katalon.core.main.TestSuiteExecutor.accessTestSuiteMainPhase(TestSuiteExecutor.java:148)
	at com.kms.katalon.core.main.TestSuiteExecutor.execute(TestSuiteExecutor.java:106)
	at com.kms.katalon.core.main.TestCaseMain.startTestSuite(TestCaseMain.java:187)
	at com.kms.katalon.core.main.TestCaseMain$startTestSuite$0.call(Unknown Source)
	at TempTestSuite1695959417111.run(TempTestSuite1695959417111.groovy:36)


2023-09-29 10:56:35 - [MESSAGE][FAILED] - Test Cases/M05 -Edit Sosial Media/TC-ESMF-006 FAILED.
Reason:
Assertion failed: 

assert error_message == 'Please include an \'+\' at the first place username'
       |             |
       null          false

	at TC-ESMF-006.run(TC-ESMF-006:44)
	at com.kms.katalon.core.main.ScriptEngine.run(ScriptEngine.java:194)
	at com.kms.katalon.core.main.ScriptEngine.runScriptAsRawText(ScriptEngine.java:119)
	at com.kms.katalon.core.main.TestCaseExecutor.runScript(TestCaseExecutor.java:448)
	at com.kms.katalon.core.main.TestCaseExecutor.doExecute(TestCaseExecutor.java:439)
	at com.kms.katalon.core.main.TestCaseExecutor.processExecutionPhase(TestCaseExecutor.java:418)
	at com.kms.katalon.core.main.TestCaseExecutor.accessMainPhase(TestCaseExecutor.java:410)
	at com.kms.katalon.core.main.TestCaseExecutor.execute(TestCaseExecutor.java:285)
	at com.kms.katalon.core.common.CommonExecutor.accessTestCaseMainPhase(CommonExecutor.java:65)
	at com.kms.katalon.core.main.TestSuiteExecutor.accessTestSuiteMainPhase(TestSuiteExecutor.java:148)
	at com.kms.katalon.core.main.TestSuiteExecutor.execute(TestSuiteExecutor.java:106)
	at com.kms.katalon.core.main.TestCaseMain.startTestSuite(TestCaseMain.java:187)
	at com.kms.katalon.core.main.TestCaseMain$startTestSuite$0.call(Unknown Source)
	at TempTestSuite1695959417111.run(TempTestSuite1695959417111.groovy:36)]]></system-out>
         <system-err><![CDATA[2023-09-29 10:56:12 - [TEST_CASE][FAILED] - Test Cases/M05 -Edit Sosial Media/TC-ESMF-006: Test Cases/M05 -Edit Sosial Media/TC-ESMF-006 FAILED.
Reason:
Assertion failed: 

assert error_message == 'Please include an \'+\' at the first place username'
       |             |
       null          false

	at TC-ESMF-006.run(TC-ESMF-006:44)
	at com.kms.katalon.core.main.ScriptEngine.run(ScriptEngine.java:194)
	at com.kms.katalon.core.main.ScriptEngine.runScriptAsRawText(ScriptEngine.java:119)
	at com.kms.katalon.core.main.TestCaseExecutor.runScript(TestCaseExecutor.java:448)
	at com.kms.katalon.core.main.TestCaseExecutor.doExecute(TestCaseExecutor.java:439)
	at com.kms.katalon.core.main.TestCaseExecutor.processExecutionPhase(TestCaseExecutor.java:418)
	at com.kms.katalon.core.main.TestCaseExecutor.accessMainPhase(TestCaseExecutor.java:410)
	at com.kms.katalon.core.main.TestCaseExecutor.execute(TestCaseExecutor.java:285)
	at com.kms.katalon.core.common.CommonExecutor.accessTestCaseMainPhase(CommonExecutor.java:65)
	at com.kms.katalon.core.main.TestSuiteExecutor.accessTestSuiteMainPhase(TestSuiteExecutor.java:148)
	at com.kms.katalon.core.main.TestSuiteExecutor.execute(TestSuiteExecutor.java:106)
	at com.kms.katalon.core.main.TestCaseMain.startTestSuite(TestCaseMain.java:187)
	at com.kms.katalon.core.main.TestCaseMain$startTestSuite$0.call(Unknown Source)
	at TempTestSuite1695959417111.run(TempTestSuite1695959417111.groovy:36)]]></system-err>
      </testcase>
      <testcase name="Test Cases/M05 -Edit Sosial Media/TC-ESMF-007" time="23.874" classname="Test Cases/M05 -Edit Sosial Media/TC-ESMF-007" status="FAILED">
         <failure type="FAILED" message="Test Cases/M05 -Edit Sosial Media/TC-ESMF-007 FAILED.
Reason:
Assertion failed: 

assert error_message == 'Please input an valid phone number'
       |             |
       null          false

	at TC-ESMF-007.run(TC-ESMF-007:45)
	at com.kms.katalon.core.main.ScriptEngine.run(ScriptEngine.java:194)
	at com.kms.katalon.core.main.ScriptEngine.runScriptAsRawText(ScriptEngine.java:119)
	at com.kms.katalon.core.main.TestCaseExecutor.runScript(TestCaseExecutor.java:448)
	at com.kms.katalon.core.main.TestCaseExecutor.doExecute(TestCaseExecutor.java:439)
	at com.kms.katalon.core.main.TestCaseExecutor.processExecutionPhase(TestCaseExecutor.java:418)
	at com.kms.katalon.core.main.TestCaseExecutor.accessMainPhase(TestCaseExecutor.java:410)
	at com.kms.katalon.core.main.TestCaseExecutor.execute(TestCaseExecutor.java:285)
	at com.kms.katalon.core.common.CommonExecutor.accessTestCaseMainPhase(CommonExecutor.java:65)
	at com.kms.katalon.core.main.TestSuiteExecutor.accessTestSuiteMainPhase(TestSuiteExecutor.java:148)
	at com.kms.katalon.core.main.TestSuiteExecutor.execute(TestSuiteExecutor.java:106)
	at com.kms.katalon.core.main.TestCaseMain.startTestSuite(TestCaseMain.java:187)
	at com.kms.katalon.core.main.TestCaseMain$startTestSuite$0.call(Unknown Source)
	at TempTestSuite1695959417111.run(TempTestSuite1695959417111.groovy:36)
"/>
         <system-out><![CDATA[2023-09-29 10:56:35 - [TEST_CASE][FAILED] - Test Cases/M05 -Edit Sosial Media/TC-ESMF-007: Test Cases/M05 -Edit Sosial Media/TC-ESMF-007 FAILED.
Reason:
Assertion failed: 

assert error_message == 'Please input an valid phone number'
       |             |
       null          false

	at TC-ESMF-007.run(TC-ESMF-007:45)
	at com.kms.katalon.core.main.ScriptEngine.run(ScriptEngine.java:194)
	at com.kms.katalon.core.main.ScriptEngine.runScriptAsRawText(ScriptEngine.java:119)
	at com.kms.katalon.core.main.TestCaseExecutor.runScript(TestCaseExecutor.java:448)
	at com.kms.katalon.core.main.TestCaseExecutor.doExecute(TestCaseExecutor.java:439)
	at com.kms.katalon.core.main.TestCaseExecutor.processExecutionPhase(TestCaseExecutor.java:418)
	at com.kms.katalon.core.main.TestCaseExecutor.accessMainPhase(TestCaseExecutor.java:410)
	at com.kms.katalon.core.main.TestCaseExecutor.execute(TestCaseExecutor.java:285)
	at com.kms.katalon.core.common.CommonExecutor.accessTestCaseMainPhase(CommonExecutor.java:65)
	at com.kms.katalon.core.main.TestSuiteExecutor.accessTestSuiteMainPhase(TestSuiteExecutor.java:148)
	at com.kms.katalon.core.main.TestSuiteExecutor.execute(TestSuiteExecutor.java:106)
	at com.kms.katalon.core.main.TestCaseMain.startTestSuite(TestCaseMain.java:187)
	at com.kms.katalon.core.main.TestCaseMain$startTestSuite$0.call(Unknown Source)
	at TempTestSuite1695959417111.run(TempTestSuite1695959417111.groovy:36)


2023-09-29 10:56:36 - [TEST_STEP][PASSED] - callTestCase(findTestCase("M05 -Edit Sosial Media/TC-LS-001"), [:], STOP_ON_FAILURE): Call Test Case 'Test Cases/M05 -Edit Sosial Media/TC-LS-001' successfully

2023-09-29 10:56:36 - [TEST_CASE][PASSED] - Test Cases/M05 -Edit Sosial Media/TC-LS-001: Test Cases/M05 -Edit Sosial Media/TC-LS-001

2023-09-29 10:56:36 - [TEST_STEP][PASSED] - openBrowser(urlWeb): Browser is opened with url: 'https://10.9.2.63/ecommerce/'

2023-09-29 10:56:36 - [MESSAGE][WARNING] - A browser is already opened. Closing browser and opening a new one

2023-09-29 10:56:38 - [MESSAGE][INFO] - Starting 'Firefox' driver

2023-09-29 10:56:38 - [MESSAGE][INFO] - Action delay is set to 0 milliseconds

2023-09-29 10:56:46 - [MESSAGE][PASSED] - Browser is opened with url: 'https://10.9.2.63/ecommerce/'

2023-09-29 10:56:46 - [TEST_STEP][PASSED] - maximizeWindow(): Current window maximized

2023-09-29 10:56:46 - [MESSAGE][PASSED] - Current window maximized

2023-09-29 10:56:46 - [TEST_STEP][PASSED] - click(findTestObject("Login/a_Login")): Object: 'Object Repository/Login/a_Login' is clicked on

2023-09-29 10:56:47 - [MESSAGE][PASSED] - Object: 'Object Repository/Login/a_Login' is clicked on

2023-09-29 10:56:47 - [TEST_STEP][PASSED] - setText(findTestObject("Login/input_Username, Email atau No. Handphone_a"), "runa36"): Text 'runa36' is set on object 'Object Repository/Login/input_Username, Email atau No. Handphone_a'

2023-09-29 10:56:48 - [MESSAGE][PASSED] - Text 'runa36' is set on object 'Object Repository/Login/input_Username, Email atau No. Handphone_a'

2023-09-29 10:56:48 - [TEST_STEP][PASSED] - setEncryptedText(findTestObject("Login/input_Password di Login(Masuk)"), "qbkrdMwyWE4="): Text ****** has been set on object 'Object Repository/Login/input_Password di Login(Masuk)'

2023-09-29 10:56:49 - [MESSAGE][PASSED] - Text ****** has been set on object 'Object Repository/Login/input_Password di Login(Masuk)'

2023-09-29 10:56:49 - [TEST_STEP][PASSED] - click(findTestObject("Login/button_Masuk di halaman login")): Object: 'Object Repository/Login/button_Masuk di halaman login' is clicked on

2023-09-29 10:56:51 - [MESSAGE][PASSED] - Object: 'Object Repository/Login/button_Masuk di halaman login' is clicked on

2023-09-29 10:56:51 - [TEST_STEP][PASSED] - verifyElementPresent(findTestObject("edit sosial media/verifikasi masuk halaman biodata diri"), 0): Object 'Object Repository/edit sosial media/verifikasi masuk halaman biodata diri' is present

2023-09-29 10:56:51 - [MESSAGE][WARNING] - Timeout '0' is invalid. Using default page load timeout: '30'

2023-09-29 10:56:51 - [MESSAGE][PASSED] - Object 'Object Repository/edit sosial media/verifikasi masuk halaman biodata diri' is present

2023-09-29 10:56:51 - [MESSAGE][PASSED] - Call Test Case 'Test Cases/M05 -Edit Sosial Media/TC-LS-001' successfully

2023-09-29 10:56:51 - [TEST_STEP][PASSED] - click(findTestObject("edit sosial media/a_Sosmed")): Object: 'Object Repository/edit sosial media/a_Sosmed' is clicked on

2023-09-29 10:56:53 - [MESSAGE][PASSED] - Object: 'Object Repository/edit sosial media/a_Sosmed' is clicked on

2023-09-29 10:56:53 - [TEST_STEP][PASSED] - click(findTestObject("edit sosial media/Edit Sosial Media")): Object: 'Object Repository/edit sosial media/Edit Sosial Media' is clicked on

2023-09-29 10:56:55 - [MESSAGE][PASSED] - Object: 'Object Repository/edit sosial media/Edit Sosial Media' is clicked on

2023-09-29 10:56:55 - [TEST_STEP][PASSED] - clearText(findTestObject("edit sosial media/input_Whatsapp_d")): Text of object 'Object Repository/edit sosial media/input_Whatsapp_d' is cleared

2023-09-29 10:56:56 - [MESSAGE][PASSED] - Text of object 'Object Repository/edit sosial media/input_Whatsapp_d' is cleared

2023-09-29 10:56:56 - [TEST_STEP][PASSED] - setText(findTestObject("edit sosial media/input_Whatsapp_d"), Whatsapp): Text '085944999968' is set on object 'Object Repository/edit sosial media/input_Whatsapp_d'

2023-09-29 10:56:57 - [MESSAGE][PASSED] - Text '085944999968' is set on object 'Object Repository/edit sosial media/input_Whatsapp_d'

2023-09-29 10:56:57 - [TEST_STEP][PASSED] - click(findTestObject("edit sosial media/center_Simpan Sosial Media")): Object: 'Object Repository/edit sosial media/center_Simpan Sosial Media' is clicked on

2023-09-29 10:56:58 - [MESSAGE][PASSED] - Object: 'Object Repository/edit sosial media/center_Simpan Sosial Media' is clicked on

2023-09-29 10:56:58 - [TEST_STEP][PASSED] - webDriver = getWebDriver(): null

2023-09-29 10:56:58 - [TEST_STEP][PASSED] - field_wa = webDriver.findElement(By.xpath("(.//*[normalize-space(text()) and normalize-space(.)="Whatsapp"])[1]/following::div[1]")): null

2023-09-29 10:56:59 - [TEST_STEP][PASSED] - error_message = webDriver.executeScript("return arguments[0].validationMessage", field_wa): null

2023-09-29 10:56:59 - [TEST_STEP][PASSED] - println(error_message): null

2023-09-29 10:56:59 - [TEST_STEP][FAILED] - assert error_message == "Please input an valid phone number": Test Cases/M05 -Edit Sosial Media/TC-ESMF-007 FAILED.
Reason:
Assertion failed: 

assert error_message == 'Please input an valid phone number'
       |             |
       null          false

	at TC-ESMF-007.run(TC-ESMF-007:45)
	at com.kms.katalon.core.main.ScriptEngine.run(ScriptEngine.java:194)
	at com.kms.katalon.core.main.ScriptEngine.runScriptAsRawText(ScriptEngine.java:119)
	at com.kms.katalon.core.main.TestCaseExecutor.runScript(TestCaseExecutor.java:448)
	at com.kms.katalon.core.main.TestCaseExecutor.doExecute(TestCaseExecutor.java:439)
	at com.kms.katalon.core.main.TestCaseExecutor.processExecutionPhase(TestCaseExecutor.java:418)
	at com.kms.katalon.core.main.TestCaseExecutor.accessMainPhase(TestCaseExecutor.java:410)
	at com.kms.katalon.core.main.TestCaseExecutor.execute(TestCaseExecutor.java:285)
	at com.kms.katalon.core.common.CommonExecutor.accessTestCaseMainPhase(CommonExecutor.java:65)
	at com.kms.katalon.core.main.TestSuiteExecutor.accessTestSuiteMainPhase(TestSuiteExecutor.java:148)
	at com.kms.katalon.core.main.TestSuiteExecutor.execute(TestSuiteExecutor.java:106)
	at com.kms.katalon.core.main.TestCaseMain.startTestSuite(TestCaseMain.java:187)
	at com.kms.katalon.core.main.TestCaseMain$startTestSuite$0.call(Unknown Source)
	at TempTestSuite1695959417111.run(TempTestSuite1695959417111.groovy:36)


2023-09-29 10:56:59 - [MESSAGE][FAILED] - Test Cases/M05 -Edit Sosial Media/TC-ESMF-007 FAILED.
Reason:
Assertion failed: 

assert error_message == 'Please input an valid phone number'
       |             |
       null          false

	at TC-ESMF-007.run(TC-ESMF-007:45)
	at com.kms.katalon.core.main.ScriptEngine.run(ScriptEngine.java:194)
	at com.kms.katalon.core.main.ScriptEngine.runScriptAsRawText(ScriptEngine.java:119)
	at com.kms.katalon.core.main.TestCaseExecutor.runScript(TestCaseExecutor.java:448)
	at com.kms.katalon.core.main.TestCaseExecutor.doExecute(TestCaseExecutor.java:439)
	at com.kms.katalon.core.main.TestCaseExecutor.processExecutionPhase(TestCaseExecutor.java:418)
	at com.kms.katalon.core.main.TestCaseExecutor.accessMainPhase(TestCaseExecutor.java:410)
	at com.kms.katalon.core.main.TestCaseExecutor.execute(TestCaseExecutor.java:285)
	at com.kms.katalon.core.common.CommonExecutor.accessTestCaseMainPhase(CommonExecutor.java:65)
	at com.kms.katalon.core.main.TestSuiteExecutor.accessTestSuiteMainPhase(TestSuiteExecutor.java:148)
	at com.kms.katalon.core.main.TestSuiteExecutor.execute(TestSuiteExecutor.java:106)
	at com.kms.katalon.core.main.TestCaseMain.startTestSuite(TestCaseMain.java:187)
	at com.kms.katalon.core.main.TestCaseMain$startTestSuite$0.call(Unknown Source)
	at TempTestSuite1695959417111.run(TempTestSuite1695959417111.groovy:36)]]></system-out>
         <system-err><![CDATA[2023-09-29 10:56:35 - [TEST_CASE][FAILED] - Test Cases/M05 -Edit Sosial Media/TC-ESMF-007: Test Cases/M05 -Edit Sosial Media/TC-ESMF-007 FAILED.
Reason:
Assertion failed: 

assert error_message == 'Please input an valid phone number'
       |             |
       null          false

	at TC-ESMF-007.run(TC-ESMF-007:45)
	at com.kms.katalon.core.main.ScriptEngine.run(ScriptEngine.java:194)
	at com.kms.katalon.core.main.ScriptEngine.runScriptAsRawText(ScriptEngine.java:119)
	at com.kms.katalon.core.main.TestCaseExecutor.runScript(TestCaseExecutor.java:448)
	at com.kms.katalon.core.main.TestCaseExecutor.doExecute(TestCaseExecutor.java:439)
	at com.kms.katalon.core.main.TestCaseExecutor.processExecutionPhase(TestCaseExecutor.java:418)
	at com.kms.katalon.core.main.TestCaseExecutor.accessMainPhase(TestCaseExecutor.java:410)
	at com.kms.katalon.core.main.TestCaseExecutor.execute(TestCaseExecutor.java:285)
	at com.kms.katalon.core.common.CommonExecutor.accessTestCaseMainPhase(CommonExecutor.java:65)
	at com.kms.katalon.core.main.TestSuiteExecutor.accessTestSuiteMainPhase(TestSuiteExecutor.java:148)
	at com.kms.katalon.core.main.TestSuiteExecutor.execute(TestSuiteExecutor.java:106)
	at com.kms.katalon.core.main.TestCaseMain.startTestSuite(TestCaseMain.java:187)
	at com.kms.katalon.core.main.TestCaseMain$startTestSuite$0.call(Unknown Source)
	at TempTestSuite1695959417111.run(TempTestSuite1695959417111.groovy:36)]]></system-err>
      </testcase>
      <testcase name="Test Cases/M05 -Edit Sosial Media/TC-ESMF-008" time="24.884" classname="Test Cases/M05 -Edit Sosial Media/TC-ESMF-008" status="FAILED">
         <failure type="FAILED" message="Test Cases/M05 -Edit Sosial Media/TC-ESMF-008 FAILED.
Reason:
com.kms.katalon.core.exception.StepFailedException: Unable to verify text 'please input an valid number' is present 
	at com.kms.katalon.core.webui.keyword.internal.WebUIKeywordMain.stepFailed(WebUIKeywordMain.groovy:64)
	at com.kms.katalon.core.webui.keyword.internal.WebUIKeywordMain.runKeyword(WebUIKeywordMain.groovy:26)
	at com.kms.katalon.core.webui.keyword.builtin.VerifyTextPresentKeyword.verifyTextPresent(VerifyTextPresentKeyword.groovy:83)
	at com.kms.katalon.core.webui.keyword.builtin.VerifyTextPresentKeyword.execute(VerifyTextPresentKeyword.groovy:68)
	at com.kms.katalon.core.keyword.internal.KeywordExecutor.executeKeywordForPlatform(KeywordExecutor.groovy:74)
	at com.kms.katalon.core.webui.keyword.WebUiBuiltInKeywords.verifyTextPresent(WebUiBuiltInKeywords.groovy:1723)
	at com.kms.katalon.core.webui.keyword.WebUiBuiltInKeywords$verifyTextPresent$7.call(Unknown Source)
	at TC-ESMF-008.run(TC-ESMF-008:34)
	at com.kms.katalon.core.main.ScriptEngine.run(ScriptEngine.java:194)
	at com.kms.katalon.core.main.ScriptEngine.runScriptAsRawText(ScriptEngine.java:119)
	at com.kms.katalon.core.main.TestCaseExecutor.runScript(TestCaseExecutor.java:448)
	at com.kms.katalon.core.main.TestCaseExecutor.doExecute(TestCaseExecutor.java:439)
	at com.kms.katalon.core.main.TestCaseExecutor.processExecutionPhase(TestCaseExecutor.java:418)
	at com.kms.katalon.core.main.TestCaseExecutor.accessMainPhase(TestCaseExecutor.java:410)
	at com.kms.katalon.core.main.TestCaseExecutor.execute(TestCaseExecutor.java:285)
	at com.kms.katalon.core.common.CommonExecutor.accessTestCaseMainPhase(CommonExecutor.java:65)
	at com.kms.katalon.core.main.TestSuiteExecutor.accessTestSuiteMainPhase(TestSuiteExecutor.java:148)
	at com.kms.katalon.core.main.TestSuiteExecutor.execute(TestSuiteExecutor.java:106)
	at com.kms.katalon.core.main.TestCaseMain.startTestSuite(TestCaseMain.java:187)
	at com.kms.katalon.core.main.TestCaseMain$startTestSuite$0.call(Unknown Source)
	at TempTestSuite1695959417111.run(TempTestSuite1695959417111.groovy:36)
Caused by: com.kms.katalon.core.exception.StepFailedException: Text 'please input an valid number' is not present on page 
	at com.kms.katalon.core.webui.keyword.internal.WebUIKeywordMain.stepFailed(WebUIKeywordMain.groovy:64)
	at com.kms.katalon.core.webui.keyword.builtin.VerifyTextPresentKeyword$_verifyTextPresent_closure1.doCall(VerifyTextPresentKeyword.groovy:79)
	at com.kms.katalon.core.webui.keyword.builtin.VerifyTextPresentKeyword$_verifyTextPresent_closure1.call(VerifyTextPresentKeyword.groovy)
	at com.kms.katalon.core.webui.keyword.internal.WebUIKeywordMain.runKeyword(WebUIKeywordMain.groovy:20)
	... 19 more
"/>
         <system-out><![CDATA[2023-09-29 10:56:59 - [TEST_CASE][FAILED] - Test Cases/M05 -Edit Sosial Media/TC-ESMF-008: Test Cases/M05 -Edit Sosial Media/TC-ESMF-008 FAILED.
Reason:
com.kms.katalon.core.exception.StepFailedException: Unable to verify text 'please input an valid number' is present 
	at com.kms.katalon.core.webui.keyword.internal.WebUIKeywordMain.stepFailed(WebUIKeywordMain.groovy:64)
	at com.kms.katalon.core.webui.keyword.internal.WebUIKeywordMain.runKeyword(WebUIKeywordMain.groovy:26)
	at com.kms.katalon.core.webui.keyword.builtin.VerifyTextPresentKeyword.verifyTextPresent(VerifyTextPresentKeyword.groovy:83)
	at com.kms.katalon.core.webui.keyword.builtin.VerifyTextPresentKeyword.execute(VerifyTextPresentKeyword.groovy:68)
	at com.kms.katalon.core.keyword.internal.KeywordExecutor.executeKeywordForPlatform(KeywordExecutor.groovy:74)
	at com.kms.katalon.core.webui.keyword.WebUiBuiltInKeywords.verifyTextPresent(WebUiBuiltInKeywords.groovy:1723)
	at com.kms.katalon.core.webui.keyword.WebUiBuiltInKeywords$verifyTextPresent$7.call(Unknown Source)
	at TC-ESMF-008.run(TC-ESMF-008:34)
	at com.kms.katalon.core.main.ScriptEngine.run(ScriptEngine.java:194)
	at com.kms.katalon.core.main.ScriptEngine.runScriptAsRawText(ScriptEngine.java:119)
	at com.kms.katalon.core.main.TestCaseExecutor.runScript(TestCaseExecutor.java:448)
	at com.kms.katalon.core.main.TestCaseExecutor.doExecute(TestCaseExecutor.java:439)
	at com.kms.katalon.core.main.TestCaseExecutor.processExecutionPhase(TestCaseExecutor.java:418)
	at com.kms.katalon.core.main.TestCaseExecutor.accessMainPhase(TestCaseExecutor.java:410)
	at com.kms.katalon.core.main.TestCaseExecutor.execute(TestCaseExecutor.java:285)
	at com.kms.katalon.core.common.CommonExecutor.accessTestCaseMainPhase(CommonExecutor.java:65)
	at com.kms.katalon.core.main.TestSuiteExecutor.accessTestSuiteMainPhase(TestSuiteExecutor.java:148)
	at com.kms.katalon.core.main.TestSuiteExecutor.execute(TestSuiteExecutor.java:106)
	at com.kms.katalon.core.main.TestCaseMain.startTestSuite(TestCaseMain.java:187)
	at com.kms.katalon.core.main.TestCaseMain$startTestSuite$0.call(Unknown Source)
	at TempTestSuite1695959417111.run(TempTestSuite1695959417111.groovy:36)
Caused by: com.kms.katalon.core.exception.StepFailedException: Text 'please input an valid number' is not present on page 
	at com.kms.katalon.core.webui.keyword.internal.WebUIKeywordMain.stepFailed(WebUIKeywordMain.groovy:64)
	at com.kms.katalon.core.webui.keyword.builtin.VerifyTextPresentKeyword$_verifyTextPresent_closure1.doCall(VerifyTextPresentKeyword.groovy:79)
	at com.kms.katalon.core.webui.keyword.builtin.VerifyTextPresentKeyword$_verifyTextPresent_closure1.call(VerifyTextPresentKeyword.groovy)
	at com.kms.katalon.core.webui.keyword.internal.WebUIKeywordMain.runKeyword(WebUIKeywordMain.groovy:20)
	... 19 more


2023-09-29 10:57:00 - [TEST_STEP][PASSED] - callTestCase(findTestCase("M05 -Edit Sosial Media/TC-LS-001"), [:], STOP_ON_FAILURE): Call Test Case 'Test Cases/M05 -Edit Sosial Media/TC-LS-001' successfully

2023-09-29 10:57:00 - [TEST_CASE][PASSED] - Test Cases/M05 -Edit Sosial Media/TC-LS-001: Test Cases/M05 -Edit Sosial Media/TC-LS-001

2023-09-29 10:57:00 - [TEST_STEP][PASSED] - openBrowser(urlWeb): Browser is opened with url: 'https://10.9.2.63/ecommerce/'

2023-09-29 10:57:00 - [MESSAGE][WARNING] - A browser is already opened. Closing browser and opening a new one

2023-09-29 10:57:02 - [MESSAGE][INFO] - Starting 'Firefox' driver

2023-09-29 10:57:02 - [MESSAGE][INFO] - Action delay is set to 0 milliseconds

2023-09-29 10:57:10 - [MESSAGE][PASSED] - Browser is opened with url: 'https://10.9.2.63/ecommerce/'

2023-09-29 10:57:10 - [TEST_STEP][PASSED] - maximizeWindow(): Current window maximized

2023-09-29 10:57:10 - [MESSAGE][PASSED] - Current window maximized

2023-09-29 10:57:10 - [TEST_STEP][PASSED] - click(findTestObject("Login/a_Login")): Object: 'Object Repository/Login/a_Login' is clicked on

2023-09-29 10:57:11 - [MESSAGE][PASSED] - Object: 'Object Repository/Login/a_Login' is clicked on

2023-09-29 10:57:11 - [TEST_STEP][PASSED] - setText(findTestObject("Login/input_Username, Email atau No. Handphone_a"), "runa36"): Text 'runa36' is set on object 'Object Repository/Login/input_Username, Email atau No. Handphone_a'

2023-09-29 10:57:12 - [MESSAGE][PASSED] - Text 'runa36' is set on object 'Object Repository/Login/input_Username, Email atau No. Handphone_a'

2023-09-29 10:57:12 - [TEST_STEP][PASSED] - setEncryptedText(findTestObject("Login/input_Password di Login(Masuk)"), "qbkrdMwyWE4="): Text ****** has been set on object 'Object Repository/Login/input_Password di Login(Masuk)'

2023-09-29 10:57:13 - [MESSAGE][PASSED] - Text ****** has been set on object 'Object Repository/Login/input_Password di Login(Masuk)'

2023-09-29 10:57:13 - [TEST_STEP][PASSED] - click(findTestObject("Login/button_Masuk di halaman login")): Object: 'Object Repository/Login/button_Masuk di halaman login' is clicked on

2023-09-29 10:57:14 - [MESSAGE][PASSED] - Object: 'Object Repository/Login/button_Masuk di halaman login' is clicked on

2023-09-29 10:57:14 - [TEST_STEP][PASSED] - verifyElementPresent(findTestObject("edit sosial media/verifikasi masuk halaman biodata diri"), 0): Object 'Object Repository/edit sosial media/verifikasi masuk halaman biodata diri' is present

2023-09-29 10:57:14 - [MESSAGE][WARNING] - Timeout '0' is invalid. Using default page load timeout: '30'

2023-09-29 10:57:15 - [MESSAGE][PASSED] - Object 'Object Repository/edit sosial media/verifikasi masuk halaman biodata diri' is present

2023-09-29 10:57:15 - [MESSAGE][PASSED] - Call Test Case 'Test Cases/M05 -Edit Sosial Media/TC-LS-001' successfully

2023-09-29 10:57:15 - [TEST_STEP][PASSED] - verifyElementPresent(findTestObject("edit sosial media/verifikasi masuk halaman biodata diri"), 0): Object 'Object Repository/edit sosial media/verifikasi masuk halaman biodata diri' is present

2023-09-29 10:57:15 - [MESSAGE][WARNING] - Timeout '0' is invalid. Using default page load timeout: '30'

2023-09-29 10:57:16 - [MESSAGE][PASSED] - Object 'Object Repository/edit sosial media/verifikasi masuk halaman biodata diri' is present

2023-09-29 10:57:16 - [TEST_STEP][PASSED] - click(findTestObject("edit sosial media/a_Sosmed")): Object: 'Object Repository/edit sosial media/a_Sosmed' is clicked on

2023-09-29 10:57:17 - [MESSAGE][PASSED] - Object: 'Object Repository/edit sosial media/a_Sosmed' is clicked on

2023-09-29 10:57:17 - [TEST_STEP][PASSED] - click(findTestObject("edit sosial media/Edit Sosial Media")): Object: 'Object Repository/edit sosial media/Edit Sosial Media' is clicked on

2023-09-29 10:57:19 - [MESSAGE][PASSED] - Object: 'Object Repository/edit sosial media/Edit Sosial Media' is clicked on

2023-09-29 10:57:19 - [TEST_STEP][PASSED] - clearText(findTestObject("edit sosial media/input_Whatsapp_d")): Text of object 'Object Repository/edit sosial media/input_Whatsapp_d' is cleared

2023-09-29 10:57:20 - [MESSAGE][PASSED] - Text of object 'Object Repository/edit sosial media/input_Whatsapp_d' is cleared

2023-09-29 10:57:20 - [TEST_STEP][PASSED] - setText(findTestObject("edit sosial media/input_Whatsapp_d"), whatsapp): Text '+628112222333344445555' is set on object 'Object Repository/edit sosial media/input_Whatsapp_d'

2023-09-29 10:57:21 - [MESSAGE][PASSED] - Text '+628112222333344445555' is set on object 'Object Repository/edit sosial media/input_Whatsapp_d'

2023-09-29 10:57:21 - [TEST_STEP][PASSED] - click(findTestObject("edit sosial media/center_Simpan Sosial Media")): Object: 'Object Repository/edit sosial media/center_Simpan Sosial Media' is clicked on

2023-09-29 10:57:22 - [MESSAGE][PASSED] - Object: 'Object Repository/edit sosial media/center_Simpan Sosial Media' is clicked on

2023-09-29 10:57:22 - [TEST_STEP][FAILED] - verifyTextPresent("please input an valid number", false): Unable to verify text 'please input an valid number' is present  (Root cause: com.kms.katalon.core.exception.StepFailedException: Unable to verify text 'please input an valid number' is present 
	at com.kms.katalon.core.webui.keyword.internal.WebUIKeywordMain.stepFailed(WebUIKeywordMain.groovy:64)
	at com.kms.katalon.core.webui.keyword.internal.WebUIKeywordMain.runKeyword(WebUIKeywordMain.groovy:26)
	at com.kms.katalon.core.webui.keyword.builtin.VerifyTextPresentKeyword.verifyTextPresent(VerifyTextPresentKeyword.groovy:83)
	at com.kms.katalon.core.webui.keyword.builtin.VerifyTextPresentKeyword.execute(VerifyTextPresentKeyword.groovy:68)
	at com.kms.katalon.core.keyword.internal.KeywordExecutor.executeKeywordForPlatform(KeywordExecutor.groovy:74)
	at com.kms.katalon.core.webui.keyword.WebUiBuiltInKeywords.verifyTextPresent(WebUiBuiltInKeywords.groovy:1723)
	at com.kms.katalon.core.webui.keyword.WebUiBuiltInKeywords$verifyTextPresent$7.call(Unknown Source)
	at TC-ESMF-008.run(TC-ESMF-008:34)
	at com.kms.katalon.core.main.ScriptEngine.run(ScriptEngine.java:194)
	at com.kms.katalon.core.main.ScriptEngine.runScriptAsRawText(ScriptEngine.java:119)
	at com.kms.katalon.core.main.TestCaseExecutor.runScript(TestCaseExecutor.java:448)
	at com.kms.katalon.core.main.TestCaseExecutor.doExecute(TestCaseExecutor.java:439)
	at com.kms.katalon.core.main.TestCaseExecutor.processExecutionPhase(TestCaseExecutor.java:418)
	at com.kms.katalon.core.main.TestCaseExecutor.accessMainPhase(TestCaseExecutor.java:410)
	at com.kms.katalon.core.main.TestCaseExecutor.execute(TestCaseExecutor.java:285)
	at com.kms.katalon.core.common.CommonExecutor.accessTestCaseMainPhase(CommonExecutor.java:65)
	at com.kms.katalon.core.main.TestSuiteExecutor.accessTestSuiteMainPhase(TestSuiteExecutor.java:148)
	at com.kms.katalon.core.main.TestSuiteExecutor.execute(TestSuiteExecutor.java:106)
	at com.kms.katalon.core.main.TestCaseMain.startTestSuite(TestCaseMain.java:187)
	at com.kms.katalon.core.main.TestCaseMain$startTestSuite$0.call(Unknown Source)
	at TempTestSuite1695959417111.run(TempTestSuite1695959417111.groovy:36)
Caused by: com.kms.katalon.core.exception.StepFailedException: Text 'please input an valid number' is not present on page 
	at com.kms.katalon.core.webui.keyword.internal.WebUIKeywordMain.stepFailed(WebUIKeywordMain.groovy:64)
	at com.kms.katalon.core.webui.keyword.builtin.VerifyTextPresentKeyword$_verifyTextPresent_closure1.doCall(VerifyTextPresentKeyword.groovy:79)
	at com.kms.katalon.core.webui.keyword.builtin.VerifyTextPresentKeyword$_verifyTextPresent_closure1.call(VerifyTextPresentKeyword.groovy)
	at com.kms.katalon.core.webui.keyword.internal.WebUIKeywordMain.runKeyword(WebUIKeywordMain.groovy:20)
	... 19 more
)

2023-09-29 10:57:23 - [MESSAGE][FAILED] - Text 'please input an valid number' is not present on page  (Root cause: com.kms.katalon.core.exception.StepFailedException: Text 'please input an valid number' is not present on page 
	at com.kms.katalon.core.webui.keyword.internal.WebUIKeywordMain.stepFailed(WebUIKeywordMain.groovy:64)
	at com.kms.katalon.core.webui.keyword.builtin.VerifyTextPresentKeyword$_verifyTextPresent_closure1.doCall(VerifyTextPresentKeyword.groovy:79)
	at com.kms.katalon.core.webui.keyword.builtin.VerifyTextPresentKeyword$_verifyTextPresent_closure1.call(VerifyTextPresentKeyword.groovy)
	at com.kms.katalon.core.webui.keyword.internal.WebUIKeywordMain.runKeyword(WebUIKeywordMain.groovy:20)
	at com.kms.katalon.core.webui.keyword.builtin.VerifyTextPresentKeyword.verifyTextPresent(VerifyTextPresentKeyword.groovy:83)
	at com.kms.katalon.core.webui.keyword.builtin.VerifyTextPresentKeyword.execute(VerifyTextPresentKeyword.groovy:68)
	at com.kms.katalon.core.keyword.internal.KeywordExecutor.executeKeywordForPlatform(KeywordExecutor.groovy:74)
	at com.kms.katalon.core.webui.keyword.WebUiBuiltInKeywords.verifyTextPresent(WebUiBuiltInKeywords.groovy:1723)
	at com.kms.katalon.core.webui.keyword.WebUiBuiltInKeywords$verifyTextPresent$7.call(Unknown Source)
	at TC-ESMF-008.run(TC-ESMF-008:34)
	at com.kms.katalon.core.main.ScriptEngine.run(ScriptEngine.java:194)
	at com.kms.katalon.core.main.ScriptEngine.runScriptAsRawText(ScriptEngine.java:119)
	at com.kms.katalon.core.main.TestCaseExecutor.runScript(TestCaseExecutor.java:448)
	at com.kms.katalon.core.main.TestCaseExecutor.doExecute(TestCaseExecutor.java:439)
	at com.kms.katalon.core.main.TestCaseExecutor.processExecutionPhase(TestCaseExecutor.java:418)
	at com.kms.katalon.core.main.TestCaseExecutor.accessMainPhase(TestCaseExecutor.java:410)
	at com.kms.katalon.core.main.TestCaseExecutor.execute(TestCaseExecutor.java:285)
	at com.kms.katalon.core.common.CommonExecutor.accessTestCaseMainPhase(CommonExecutor.java:65)
	at com.kms.katalon.core.main.TestSuiteExecutor.accessTestSuiteMainPhase(TestSuiteExecutor.java:148)
	at com.kms.katalon.core.main.TestSuiteExecutor.execute(TestSuiteExecutor.java:106)
	at com.kms.katalon.core.main.TestCaseMain.startTestSuite(TestCaseMain.java:187)
	at com.kms.katalon.core.main.TestCaseMain$startTestSuite$0.call(Unknown Source)
	at TempTestSuite1695959417111.run(TempTestSuite1695959417111.groovy:36)
)

2023-09-29 10:57:24 - [MESSAGE][FAILED] - Unable to verify text 'please input an valid number' is present  (Root cause: com.kms.katalon.core.exception.StepFailedException: Unable to verify text 'please input an valid number' is present 
	at com.kms.katalon.core.webui.keyword.internal.WebUIKeywordMain.stepFailed(WebUIKeywordMain.groovy:64)
	at com.kms.katalon.core.webui.keyword.internal.WebUIKeywordMain.runKeyword(WebUIKeywordMain.groovy:26)
	at com.kms.katalon.core.webui.keyword.builtin.VerifyTextPresentKeyword.verifyTextPresent(VerifyTextPresentKeyword.groovy:83)
	at com.kms.katalon.core.webui.keyword.builtin.VerifyTextPresentKeyword.execute(VerifyTextPresentKeyword.groovy:68)
	at com.kms.katalon.core.keyword.internal.KeywordExecutor.executeKeywordForPlatform(KeywordExecutor.groovy:74)
	at com.kms.katalon.core.webui.keyword.WebUiBuiltInKeywords.verifyTextPresent(WebUiBuiltInKeywords.groovy:1723)
	at com.kms.katalon.core.webui.keyword.WebUiBuiltInKeywords$verifyTextPresent$7.call(Unknown Source)
	at TC-ESMF-008.run(TC-ESMF-008:34)
	at com.kms.katalon.core.main.ScriptEngine.run(ScriptEngine.java:194)
	at com.kms.katalon.core.main.ScriptEngine.runScriptAsRawText(ScriptEngine.java:119)
	at com.kms.katalon.core.main.TestCaseExecutor.runScript(TestCaseExecutor.java:448)
	at com.kms.katalon.core.main.TestCaseExecutor.doExecute(TestCaseExecutor.java:439)
	at com.kms.katalon.core.main.TestCaseExecutor.processExecutionPhase(TestCaseExecutor.java:418)
	at com.kms.katalon.core.main.TestCaseExecutor.accessMainPhase(TestCaseExecutor.java:410)
	at com.kms.katalon.core.main.TestCaseExecutor.execute(TestCaseExecutor.java:285)
	at com.kms.katalon.core.common.CommonExecutor.accessTestCaseMainPhase(CommonExecutor.java:65)
	at com.kms.katalon.core.main.TestSuiteExecutor.accessTestSuiteMainPhase(TestSuiteExecutor.java:148)
	at com.kms.katalon.core.main.TestSuiteExecutor.execute(TestSuiteExecutor.java:106)
	at com.kms.katalon.core.main.TestCaseMain.startTestSuite(TestCaseMain.java:187)
	at com.kms.katalon.core.main.TestCaseMain$startTestSuite$0.call(Unknown Source)
	at TempTestSuite1695959417111.run(TempTestSuite1695959417111.groovy:36)
Caused by: com.kms.katalon.core.exception.StepFailedException: Text 'please input an valid number' is not present on page 
	at com.kms.katalon.core.webui.keyword.internal.WebUIKeywordMain.stepFailed(WebUIKeywordMain.groovy:64)
	at com.kms.katalon.core.webui.keyword.builtin.VerifyTextPresentKeyword$_verifyTextPresent_closure1.doCall(VerifyTextPresentKeyword.groovy:79)
	at com.kms.katalon.core.webui.keyword.builtin.VerifyTextPresentKeyword$_verifyTextPresent_closure1.call(VerifyTextPresentKeyword.groovy)
	at com.kms.katalon.core.webui.keyword.internal.WebUIKeywordMain.runKeyword(WebUIKeywordMain.groovy:20)
	... 19 more
)
[[ATTACHMENT|F:\\bootcamp\\Miniproject\\Tajalapak\\Reports\\20230929_105017\\M05 - Edit Sosial Media\\20230929_105017\\1695959843938.png]]]]></system-out>
         <system-err><![CDATA[2023-09-29 10:56:59 - [TEST_CASE][FAILED] - Test Cases/M05 -Edit Sosial Media/TC-ESMF-008: Test Cases/M05 -Edit Sosial Media/TC-ESMF-008 FAILED.
Reason:
com.kms.katalon.core.exception.StepFailedException: Unable to verify text 'please input an valid number' is present 
	at com.kms.katalon.core.webui.keyword.internal.WebUIKeywordMain.stepFailed(WebUIKeywordMain.groovy:64)
	at com.kms.katalon.core.webui.keyword.internal.WebUIKeywordMain.runKeyword(WebUIKeywordMain.groovy:26)
	at com.kms.katalon.core.webui.keyword.builtin.VerifyTextPresentKeyword.verifyTextPresent(VerifyTextPresentKeyword.groovy:83)
	at com.kms.katalon.core.webui.keyword.builtin.VerifyTextPresentKeyword.execute(VerifyTextPresentKeyword.groovy:68)
	at com.kms.katalon.core.keyword.internal.KeywordExecutor.executeKeywordForPlatform(KeywordExecutor.groovy:74)
	at com.kms.katalon.core.webui.keyword.WebUiBuiltInKeywords.verifyTextPresent(WebUiBuiltInKeywords.groovy:1723)
	at com.kms.katalon.core.webui.keyword.WebUiBuiltInKeywords$verifyTextPresent$7.call(Unknown Source)
	at TC-ESMF-008.run(TC-ESMF-008:34)
	at com.kms.katalon.core.main.ScriptEngine.run(ScriptEngine.java:194)
	at com.kms.katalon.core.main.ScriptEngine.runScriptAsRawText(ScriptEngine.java:119)
	at com.kms.katalon.core.main.TestCaseExecutor.runScript(TestCaseExecutor.java:448)
	at com.kms.katalon.core.main.TestCaseExecutor.doExecute(TestCaseExecutor.java:439)
	at com.kms.katalon.core.main.TestCaseExecutor.processExecutionPhase(TestCaseExecutor.java:418)
	at com.kms.katalon.core.main.TestCaseExecutor.accessMainPhase(TestCaseExecutor.java:410)
	at com.kms.katalon.core.main.TestCaseExecutor.execute(TestCaseExecutor.java:285)
	at com.kms.katalon.core.common.CommonExecutor.accessTestCaseMainPhase(CommonExecutor.java:65)
	at com.kms.katalon.core.main.TestSuiteExecutor.accessTestSuiteMainPhase(TestSuiteExecutor.java:148)
	at com.kms.katalon.core.main.TestSuiteExecutor.execute(TestSuiteExecutor.java:106)
	at com.kms.katalon.core.main.TestCaseMain.startTestSuite(TestCaseMain.java:187)
	at com.kms.katalon.core.main.TestCaseMain$startTestSuite$0.call(Unknown Source)
	at TempTestSuite1695959417111.run(TempTestSuite1695959417111.groovy:36)
Caused by: com.kms.katalon.core.exception.StepFailedException: Text 'please input an valid number' is not present on page 
	at com.kms.katalon.core.webui.keyword.internal.WebUIKeywordMain.stepFailed(WebUIKeywordMain.groovy:64)
	at com.kms.katalon.core.webui.keyword.builtin.VerifyTextPresentKeyword$_verifyTextPresent_closure1.doCall(VerifyTextPresentKeyword.groovy:79)
	at com.kms.katalon.core.webui.keyword.builtin.VerifyTextPresentKeyword$_verifyTextPresent_closure1.call(VerifyTextPresentKeyword.groovy)
	at com.kms.katalon.core.webui.keyword.internal.WebUIKeywordMain.runKeyword(WebUIKeywordMain.groovy:20)
	... 19 more]]></system-err>
      </testcase>
      <testcase name="Test Cases/M05 -Edit Sosial Media/TC-ESMF-009" time="26.702" classname="Test Cases/M05 -Edit Sosial Media/TC-ESMF-009" status="FAILED">
         <failure type="FAILED" message="Test Cases/M05 -Edit Sosial Media/TC-ESMF-009 FAILED.
Reason:
com.kms.katalon.core.exception.StepFailedException: Unable to verify text 'please input an valid number' is present 
	at com.kms.katalon.core.webui.keyword.internal.WebUIKeywordMain.stepFailed(WebUIKeywordMain.groovy:64)
	at com.kms.katalon.core.webui.keyword.internal.WebUIKeywordMain.runKeyword(WebUIKeywordMain.groovy:26)
	at com.kms.katalon.core.webui.keyword.builtin.VerifyTextPresentKeyword.verifyTextPresent(VerifyTextPresentKeyword.groovy:83)
	at com.kms.katalon.core.webui.keyword.builtin.VerifyTextPresentKeyword.execute(VerifyTextPresentKeyword.groovy:68)
	at com.kms.katalon.core.keyword.internal.KeywordExecutor.executeKeywordForPlatform(KeywordExecutor.groovy:74)
	at com.kms.katalon.core.webui.keyword.WebUiBuiltInKeywords.verifyTextPresent(WebUiBuiltInKeywords.groovy:1723)
	at com.kms.katalon.core.webui.keyword.WebUiBuiltInKeywords$verifyTextPresent$7.call(Unknown Source)
	at TC-ESMF-009.run(TC-ESMF-009:34)
	at com.kms.katalon.core.main.ScriptEngine.run(ScriptEngine.java:194)
	at com.kms.katalon.core.main.ScriptEngine.runScriptAsRawText(ScriptEngine.java:119)
	at com.kms.katalon.core.main.TestCaseExecutor.runScript(TestCaseExecutor.java:448)
	at com.kms.katalon.core.main.TestCaseExecutor.doExecute(TestCaseExecutor.java:439)
	at com.kms.katalon.core.main.TestCaseExecutor.processExecutionPhase(TestCaseExecutor.java:418)
	at com.kms.katalon.core.main.TestCaseExecutor.accessMainPhase(TestCaseExecutor.java:410)
	at com.kms.katalon.core.main.TestCaseExecutor.execute(TestCaseExecutor.java:285)
	at com.kms.katalon.core.common.CommonExecutor.accessTestCaseMainPhase(CommonExecutor.java:65)
	at com.kms.katalon.core.main.TestSuiteExecutor.accessTestSuiteMainPhase(TestSuiteExecutor.java:148)
	at com.kms.katalon.core.main.TestSuiteExecutor.execute(TestSuiteExecutor.java:106)
	at com.kms.katalon.core.main.TestCaseMain.startTestSuite(TestCaseMain.java:187)
	at com.kms.katalon.core.main.TestCaseMain$startTestSuite$0.call(Unknown Source)
	at TempTestSuite1695959417111.run(TempTestSuite1695959417111.groovy:36)
Caused by: com.kms.katalon.core.exception.StepFailedException: Text 'please input an valid number' is not present on page 
	at com.kms.katalon.core.webui.keyword.internal.WebUIKeywordMain.stepFailed(WebUIKeywordMain.groovy:64)
	at com.kms.katalon.core.webui.keyword.builtin.VerifyTextPresentKeyword$_verifyTextPresent_closure1.doCall(VerifyTextPresentKeyword.groovy:79)
	at com.kms.katalon.core.webui.keyword.builtin.VerifyTextPresentKeyword$_verifyTextPresent_closure1.call(VerifyTextPresentKeyword.groovy)
	at com.kms.katalon.core.webui.keyword.internal.WebUIKeywordMain.runKeyword(WebUIKeywordMain.groovy:20)
	... 19 more
"/>
         <system-out><![CDATA[2023-09-29 10:57:24 - [TEST_CASE][FAILED] - Test Cases/M05 -Edit Sosial Media/TC-ESMF-009: Test Cases/M05 -Edit Sosial Media/TC-ESMF-009 FAILED.
Reason:
com.kms.katalon.core.exception.StepFailedException: Unable to verify text 'please input an valid number' is present 
	at com.kms.katalon.core.webui.keyword.internal.WebUIKeywordMain.stepFailed(WebUIKeywordMain.groovy:64)
	at com.kms.katalon.core.webui.keyword.internal.WebUIKeywordMain.runKeyword(WebUIKeywordMain.groovy:26)
	at com.kms.katalon.core.webui.keyword.builtin.VerifyTextPresentKeyword.verifyTextPresent(VerifyTextPresentKeyword.groovy:83)
	at com.kms.katalon.core.webui.keyword.builtin.VerifyTextPresentKeyword.execute(VerifyTextPresentKeyword.groovy:68)
	at com.kms.katalon.core.keyword.internal.KeywordExecutor.executeKeywordForPlatform(KeywordExecutor.groovy:74)
	at com.kms.katalon.core.webui.keyword.WebUiBuiltInKeywords.verifyTextPresent(WebUiBuiltInKeywords.groovy:1723)
	at com.kms.katalon.core.webui.keyword.WebUiBuiltInKeywords$verifyTextPresent$7.call(Unknown Source)
	at TC-ESMF-009.run(TC-ESMF-009:34)
	at com.kms.katalon.core.main.ScriptEngine.run(ScriptEngine.java:194)
	at com.kms.katalon.core.main.ScriptEngine.runScriptAsRawText(ScriptEngine.java:119)
	at com.kms.katalon.core.main.TestCaseExecutor.runScript(TestCaseExecutor.java:448)
	at com.kms.katalon.core.main.TestCaseExecutor.doExecute(TestCaseExecutor.java:439)
	at com.kms.katalon.core.main.TestCaseExecutor.processExecutionPhase(TestCaseExecutor.java:418)
	at com.kms.katalon.core.main.TestCaseExecutor.accessMainPhase(TestCaseExecutor.java:410)
	at com.kms.katalon.core.main.TestCaseExecutor.execute(TestCaseExecutor.java:285)
	at com.kms.katalon.core.common.CommonExecutor.accessTestCaseMainPhase(CommonExecutor.java:65)
	at com.kms.katalon.core.main.TestSuiteExecutor.accessTestSuiteMainPhase(TestSuiteExecutor.java:148)
	at com.kms.katalon.core.main.TestSuiteExecutor.execute(TestSuiteExecutor.java:106)
	at com.kms.katalon.core.main.TestCaseMain.startTestSuite(TestCaseMain.java:187)
	at com.kms.katalon.core.main.TestCaseMain$startTestSuite$0.call(Unknown Source)
	at TempTestSuite1695959417111.run(TempTestSuite1695959417111.groovy:36)
Caused by: com.kms.katalon.core.exception.StepFailedException: Text 'please input an valid number' is not present on page 
	at com.kms.katalon.core.webui.keyword.internal.WebUIKeywordMain.stepFailed(WebUIKeywordMain.groovy:64)
	at com.kms.katalon.core.webui.keyword.builtin.VerifyTextPresentKeyword$_verifyTextPresent_closure1.doCall(VerifyTextPresentKeyword.groovy:79)
	at com.kms.katalon.core.webui.keyword.builtin.VerifyTextPresentKeyword$_verifyTextPresent_closure1.call(VerifyTextPresentKeyword.groovy)
	at com.kms.katalon.core.webui.keyword.internal.WebUIKeywordMain.runKeyword(WebUIKeywordMain.groovy:20)
	... 19 more


2023-09-29 10:57:25 - [TEST_STEP][PASSED] - callTestCase(findTestCase("M05 -Edit Sosial Media/TC-LS-001"), [:], STOP_ON_FAILURE): Call Test Case 'Test Cases/M05 -Edit Sosial Media/TC-LS-001' successfully

2023-09-29 10:57:25 - [TEST_CASE][PASSED] - Test Cases/M05 -Edit Sosial Media/TC-LS-001: Test Cases/M05 -Edit Sosial Media/TC-LS-001

2023-09-29 10:57:25 - [TEST_STEP][PASSED] - openBrowser(urlWeb): Browser is opened with url: 'https://10.9.2.63/ecommerce/'

2023-09-29 10:57:25 - [MESSAGE][WARNING] - A browser is already opened. Closing browser and opening a new one

2023-09-29 10:57:28 - [MESSAGE][INFO] - Starting 'Firefox' driver

2023-09-29 10:57:28 - [MESSAGE][INFO] - Action delay is set to 0 milliseconds

2023-09-29 10:57:37 - [MESSAGE][PASSED] - Browser is opened with url: 'https://10.9.2.63/ecommerce/'

2023-09-29 10:57:37 - [TEST_STEP][PASSED] - maximizeWindow(): Current window maximized

2023-09-29 10:57:37 - [MESSAGE][PASSED] - Current window maximized

2023-09-29 10:57:37 - [TEST_STEP][PASSED] - click(findTestObject("Login/a_Login")): Object: 'Object Repository/Login/a_Login' is clicked on

2023-09-29 10:57:38 - [MESSAGE][PASSED] - Object: 'Object Repository/Login/a_Login' is clicked on

2023-09-29 10:57:38 - [TEST_STEP][PASSED] - setText(findTestObject("Login/input_Username, Email atau No. Handphone_a"), "runa36"): Text 'runa36' is set on object 'Object Repository/Login/input_Username, Email atau No. Handphone_a'

2023-09-29 10:57:39 - [MESSAGE][PASSED] - Text 'runa36' is set on object 'Object Repository/Login/input_Username, Email atau No. Handphone_a'

2023-09-29 10:57:39 - [TEST_STEP][PASSED] - setEncryptedText(findTestObject("Login/input_Password di Login(Masuk)"), "qbkrdMwyWE4="): Text ****** has been set on object 'Object Repository/Login/input_Password di Login(Masuk)'

2023-09-29 10:57:40 - [MESSAGE][PASSED] - Text ****** has been set on object 'Object Repository/Login/input_Password di Login(Masuk)'

2023-09-29 10:57:40 - [TEST_STEP][PASSED] - click(findTestObject("Login/button_Masuk di halaman login")): Object: 'Object Repository/Login/button_Masuk di halaman login' is clicked on

2023-09-29 10:57:42 - [MESSAGE][PASSED] - Object: 'Object Repository/Login/button_Masuk di halaman login' is clicked on

2023-09-29 10:57:42 - [TEST_STEP][PASSED] - verifyElementPresent(findTestObject("edit sosial media/verifikasi masuk halaman biodata diri"), 0): Object 'Object Repository/edit sosial media/verifikasi masuk halaman biodata diri' is present

2023-09-29 10:57:42 - [MESSAGE][WARNING] - Timeout '0' is invalid. Using default page load timeout: '30'

2023-09-29 10:57:42 - [MESSAGE][PASSED] - Object 'Object Repository/edit sosial media/verifikasi masuk halaman biodata diri' is present

2023-09-29 10:57:42 - [MESSAGE][PASSED] - Call Test Case 'Test Cases/M05 -Edit Sosial Media/TC-LS-001' successfully

2023-09-29 10:57:42 - [TEST_STEP][PASSED] - verifyElementPresent(findTestObject("edit sosial media/verifikasi masuk halaman biodata diri"), 0): Object 'Object Repository/edit sosial media/verifikasi masuk halaman biodata diri' is present

2023-09-29 10:57:43 - [MESSAGE][WARNING] - Timeout '0' is invalid. Using default page load timeout: '30'

2023-09-29 10:57:43 - [MESSAGE][PASSED] - Object 'Object Repository/edit sosial media/verifikasi masuk halaman biodata diri' is present

2023-09-29 10:57:43 - [TEST_STEP][PASSED] - click(findTestObject("edit sosial media/a_Sosmed")): Object: 'Object Repository/edit sosial media/a_Sosmed' is clicked on

2023-09-29 10:57:45 - [MESSAGE][PASSED] - Object: 'Object Repository/edit sosial media/a_Sosmed' is clicked on

2023-09-29 10:57:45 - [TEST_STEP][PASSED] - click(findTestObject("edit sosial media/Edit Sosial Media")): Object: 'Object Repository/edit sosial media/Edit Sosial Media' is clicked on

2023-09-29 10:57:46 - [MESSAGE][PASSED] - Object: 'Object Repository/edit sosial media/Edit Sosial Media' is clicked on

2023-09-29 10:57:46 - [TEST_STEP][PASSED] - clearText(findTestObject("edit sosial media/input_Whatsapp_d")): Text of object 'Object Repository/edit sosial media/input_Whatsapp_d' is cleared

2023-09-29 10:57:47 - [MESSAGE][PASSED] - Text of object 'Object Repository/edit sosial media/input_Whatsapp_d' is cleared

2023-09-29 10:57:47 - [TEST_STEP][PASSED] - setText(findTestObject("edit sosial media/input_Whatsapp_d"), "+6281122"): Text '+6281122' is set on object 'Object Repository/edit sosial media/input_Whatsapp_d'

2023-09-29 10:57:48 - [MESSAGE][PASSED] - Text '+6281122' is set on object 'Object Repository/edit sosial media/input_Whatsapp_d'

2023-09-29 10:57:48 - [TEST_STEP][PASSED] - click(findTestObject("edit sosial media/center_Simpan Sosial Media")): Object: 'Object Repository/edit sosial media/center_Simpan Sosial Media' is clicked on

2023-09-29 10:57:49 - [MESSAGE][PASSED] - Object: 'Object Repository/edit sosial media/center_Simpan Sosial Media' is clicked on

2023-09-29 10:57:49 - [TEST_STEP][FAILED] - verifyTextPresent("please input an valid number", false): Unable to verify text 'please input an valid number' is present  (Root cause: com.kms.katalon.core.exception.StepFailedException: Unable to verify text 'please input an valid number' is present 
	at com.kms.katalon.core.webui.keyword.internal.WebUIKeywordMain.stepFailed(WebUIKeywordMain.groovy:64)
	at com.kms.katalon.core.webui.keyword.internal.WebUIKeywordMain.runKeyword(WebUIKeywordMain.groovy:26)
	at com.kms.katalon.core.webui.keyword.builtin.VerifyTextPresentKeyword.verifyTextPresent(VerifyTextPresentKeyword.groovy:83)
	at com.kms.katalon.core.webui.keyword.builtin.VerifyTextPresentKeyword.execute(VerifyTextPresentKeyword.groovy:68)
	at com.kms.katalon.core.keyword.internal.KeywordExecutor.executeKeywordForPlatform(KeywordExecutor.groovy:74)
	at com.kms.katalon.core.webui.keyword.WebUiBuiltInKeywords.verifyTextPresent(WebUiBuiltInKeywords.groovy:1723)
	at com.kms.katalon.core.webui.keyword.WebUiBuiltInKeywords$verifyTextPresent$7.call(Unknown Source)
	at TC-ESMF-009.run(TC-ESMF-009:34)
	at com.kms.katalon.core.main.ScriptEngine.run(ScriptEngine.java:194)
	at com.kms.katalon.core.main.ScriptEngine.runScriptAsRawText(ScriptEngine.java:119)
	at com.kms.katalon.core.main.TestCaseExecutor.runScript(TestCaseExecutor.java:448)
	at com.kms.katalon.core.main.TestCaseExecutor.doExecute(TestCaseExecutor.java:439)
	at com.kms.katalon.core.main.TestCaseExecutor.processExecutionPhase(TestCaseExecutor.java:418)
	at com.kms.katalon.core.main.TestCaseExecutor.accessMainPhase(TestCaseExecutor.java:410)
	at com.kms.katalon.core.main.TestCaseExecutor.execute(TestCaseExecutor.java:285)
	at com.kms.katalon.core.common.CommonExecutor.accessTestCaseMainPhase(CommonExecutor.java:65)
	at com.kms.katalon.core.main.TestSuiteExecutor.accessTestSuiteMainPhase(TestSuiteExecutor.java:148)
	at com.kms.katalon.core.main.TestSuiteExecutor.execute(TestSuiteExecutor.java:106)
	at com.kms.katalon.core.main.TestCaseMain.startTestSuite(TestCaseMain.java:187)
	at com.kms.katalon.core.main.TestCaseMain$startTestSuite$0.call(Unknown Source)
	at TempTestSuite1695959417111.run(TempTestSuite1695959417111.groovy:36)
Caused by: com.kms.katalon.core.exception.StepFailedException: Text 'please input an valid number' is not present on page 
	at com.kms.katalon.core.webui.keyword.internal.WebUIKeywordMain.stepFailed(WebUIKeywordMain.groovy:64)
	at com.kms.katalon.core.webui.keyword.builtin.VerifyTextPresentKeyword$_verifyTextPresent_closure1.doCall(VerifyTextPresentKeyword.groovy:79)
	at com.kms.katalon.core.webui.keyword.builtin.VerifyTextPresentKeyword$_verifyTextPresent_closure1.call(VerifyTextPresentKeyword.groovy)
	at com.kms.katalon.core.webui.keyword.internal.WebUIKeywordMain.runKeyword(WebUIKeywordMain.groovy:20)
	... 19 more
)

2023-09-29 10:57:50 - [MESSAGE][FAILED] - Text 'please input an valid number' is not present on page  (Root cause: com.kms.katalon.core.exception.StepFailedException: Text 'please input an valid number' is not present on page 
	at com.kms.katalon.core.webui.keyword.internal.WebUIKeywordMain.stepFailed(WebUIKeywordMain.groovy:64)
	at com.kms.katalon.core.webui.keyword.builtin.VerifyTextPresentKeyword$_verifyTextPresent_closure1.doCall(VerifyTextPresentKeyword.groovy:79)
	at com.kms.katalon.core.webui.keyword.builtin.VerifyTextPresentKeyword$_verifyTextPresent_closure1.call(VerifyTextPresentKeyword.groovy)
	at com.kms.katalon.core.webui.keyword.internal.WebUIKeywordMain.runKeyword(WebUIKeywordMain.groovy:20)
	at com.kms.katalon.core.webui.keyword.builtin.VerifyTextPresentKeyword.verifyTextPresent(VerifyTextPresentKeyword.groovy:83)
	at com.kms.katalon.core.webui.keyword.builtin.VerifyTextPresentKeyword.execute(VerifyTextPresentKeyword.groovy:68)
	at com.kms.katalon.core.keyword.internal.KeywordExecutor.executeKeywordForPlatform(KeywordExecutor.groovy:74)
	at com.kms.katalon.core.webui.keyword.WebUiBuiltInKeywords.verifyTextPresent(WebUiBuiltInKeywords.groovy:1723)
	at com.kms.katalon.core.webui.keyword.WebUiBuiltInKeywords$verifyTextPresent$7.call(Unknown Source)
	at TC-ESMF-009.run(TC-ESMF-009:34)
	at com.kms.katalon.core.main.ScriptEngine.run(ScriptEngine.java:194)
	at com.kms.katalon.core.main.ScriptEngine.runScriptAsRawText(ScriptEngine.java:119)
	at com.kms.katalon.core.main.TestCaseExecutor.runScript(TestCaseExecutor.java:448)
	at com.kms.katalon.core.main.TestCaseExecutor.doExecute(TestCaseExecutor.java:439)
	at com.kms.katalon.core.main.TestCaseExecutor.processExecutionPhase(TestCaseExecutor.java:418)
	at com.kms.katalon.core.main.TestCaseExecutor.accessMainPhase(TestCaseExecutor.java:410)
	at com.kms.katalon.core.main.TestCaseExecutor.execute(TestCaseExecutor.java:285)
	at com.kms.katalon.core.common.CommonExecutor.accessTestCaseMainPhase(CommonExecutor.java:65)
	at com.kms.katalon.core.main.TestSuiteExecutor.accessTestSuiteMainPhase(TestSuiteExecutor.java:148)
	at com.kms.katalon.core.main.TestSuiteExecutor.execute(TestSuiteExecutor.java:106)
	at com.kms.katalon.core.main.TestCaseMain.startTestSuite(TestCaseMain.java:187)
	at com.kms.katalon.core.main.TestCaseMain$startTestSuite$0.call(Unknown Source)
	at TempTestSuite1695959417111.run(TempTestSuite1695959417111.groovy:36)
)

2023-09-29 10:57:50 - [MESSAGE][FAILED] - Unable to verify text 'please input an valid number' is present  (Root cause: com.kms.katalon.core.exception.StepFailedException: Unable to verify text 'please input an valid number' is present 
	at com.kms.katalon.core.webui.keyword.internal.WebUIKeywordMain.stepFailed(WebUIKeywordMain.groovy:64)
	at com.kms.katalon.core.webui.keyword.internal.WebUIKeywordMain.runKeyword(WebUIKeywordMain.groovy:26)
	at com.kms.katalon.core.webui.keyword.builtin.VerifyTextPresentKeyword.verifyTextPresent(VerifyTextPresentKeyword.groovy:83)
	at com.kms.katalon.core.webui.keyword.builtin.VerifyTextPresentKeyword.execute(VerifyTextPresentKeyword.groovy:68)
	at com.kms.katalon.core.keyword.internal.KeywordExecutor.executeKeywordForPlatform(KeywordExecutor.groovy:74)
	at com.kms.katalon.core.webui.keyword.WebUiBuiltInKeywords.verifyTextPresent(WebUiBuiltInKeywords.groovy:1723)
	at com.kms.katalon.core.webui.keyword.WebUiBuiltInKeywords$verifyTextPresent$7.call(Unknown Source)
	at TC-ESMF-009.run(TC-ESMF-009:34)
	at com.kms.katalon.core.main.ScriptEngine.run(ScriptEngine.java:194)
	at com.kms.katalon.core.main.ScriptEngine.runScriptAsRawText(ScriptEngine.java:119)
	at com.kms.katalon.core.main.TestCaseExecutor.runScript(TestCaseExecutor.java:448)
	at com.kms.katalon.core.main.TestCaseExecutor.doExecute(TestCaseExecutor.java:439)
	at com.kms.katalon.core.main.TestCaseExecutor.processExecutionPhase(TestCaseExecutor.java:418)
	at com.kms.katalon.core.main.TestCaseExecutor.accessMainPhase(TestCaseExecutor.java:410)
	at com.kms.katalon.core.main.TestCaseExecutor.execute(TestCaseExecutor.java:285)
	at com.kms.katalon.core.common.CommonExecutor.accessTestCaseMainPhase(CommonExecutor.java:65)
	at com.kms.katalon.core.main.TestSuiteExecutor.accessTestSuiteMainPhase(TestSuiteExecutor.java:148)
	at com.kms.katalon.core.main.TestSuiteExecutor.execute(TestSuiteExecutor.java:106)
	at com.kms.katalon.core.main.TestCaseMain.startTestSuite(TestCaseMain.java:187)
	at com.kms.katalon.core.main.TestCaseMain$startTestSuite$0.call(Unknown Source)
	at TempTestSuite1695959417111.run(TempTestSuite1695959417111.groovy:36)
Caused by: com.kms.katalon.core.exception.StepFailedException: Text 'please input an valid number' is not present on page 
	at com.kms.katalon.core.webui.keyword.internal.WebUIKeywordMain.stepFailed(WebUIKeywordMain.groovy:64)
	at com.kms.katalon.core.webui.keyword.builtin.VerifyTextPresentKeyword$_verifyTextPresent_closure1.doCall(VerifyTextPresentKeyword.groovy:79)
	at com.kms.katalon.core.webui.keyword.builtin.VerifyTextPresentKeyword$_verifyTextPresent_closure1.call(VerifyTextPresentKeyword.groovy)
	at com.kms.katalon.core.webui.keyword.internal.WebUIKeywordMain.runKeyword(WebUIKeywordMain.groovy:20)
	... 19 more
)
[[ATTACHMENT|F:\\bootcamp\\Miniproject\\Tajalapak\\Reports\\20230929_105017\\M05 - Edit Sosial Media\\20230929_105017\\1695959870607.png]]]]></system-out>
         <system-err><![CDATA[2023-09-29 10:57:24 - [TEST_CASE][FAILED] - Test Cases/M05 -Edit Sosial Media/TC-ESMF-009: Test Cases/M05 -Edit Sosial Media/TC-ESMF-009 FAILED.
Reason:
com.kms.katalon.core.exception.StepFailedException: Unable to verify text 'please input an valid number' is present 
	at com.kms.katalon.core.webui.keyword.internal.WebUIKeywordMain.stepFailed(WebUIKeywordMain.groovy:64)
	at com.kms.katalon.core.webui.keyword.internal.WebUIKeywordMain.runKeyword(WebUIKeywordMain.groovy:26)
	at com.kms.katalon.core.webui.keyword.builtin.VerifyTextPresentKeyword.verifyTextPresent(VerifyTextPresentKeyword.groovy:83)
	at com.kms.katalon.core.webui.keyword.builtin.VerifyTextPresentKeyword.execute(VerifyTextPresentKeyword.groovy:68)
	at com.kms.katalon.core.keyword.internal.KeywordExecutor.executeKeywordForPlatform(KeywordExecutor.groovy:74)
	at com.kms.katalon.core.webui.keyword.WebUiBuiltInKeywords.verifyTextPresent(WebUiBuiltInKeywords.groovy:1723)
	at com.kms.katalon.core.webui.keyword.WebUiBuiltInKeywords$verifyTextPresent$7.call(Unknown Source)
	at TC-ESMF-009.run(TC-ESMF-009:34)
	at com.kms.katalon.core.main.ScriptEngine.run(ScriptEngine.java:194)
	at com.kms.katalon.core.main.ScriptEngine.runScriptAsRawText(ScriptEngine.java:119)
	at com.kms.katalon.core.main.TestCaseExecutor.runScript(TestCaseExecutor.java:448)
	at com.kms.katalon.core.main.TestCaseExecutor.doExecute(TestCaseExecutor.java:439)
	at com.kms.katalon.core.main.TestCaseExecutor.processExecutionPhase(TestCaseExecutor.java:418)
	at com.kms.katalon.core.main.TestCaseExecutor.accessMainPhase(TestCaseExecutor.java:410)
	at com.kms.katalon.core.main.TestCaseExecutor.execute(TestCaseExecutor.java:285)
	at com.kms.katalon.core.common.CommonExecutor.accessTestCaseMainPhase(CommonExecutor.java:65)
	at com.kms.katalon.core.main.TestSuiteExecutor.accessTestSuiteMainPhase(TestSuiteExecutor.java:148)
	at com.kms.katalon.core.main.TestSuiteExecutor.execute(TestSuiteExecutor.java:106)
	at com.kms.katalon.core.main.TestCaseMain.startTestSuite(TestCaseMain.java:187)
	at com.kms.katalon.core.main.TestCaseMain$startTestSuite$0.call(Unknown Source)
	at TempTestSuite1695959417111.run(TempTestSuite1695959417111.groovy:36)
Caused by: com.kms.katalon.core.exception.StepFailedException: Text 'please input an valid number' is not present on page 
	at com.kms.katalon.core.webui.keyword.internal.WebUIKeywordMain.stepFailed(WebUIKeywordMain.groovy:64)
	at com.kms.katalon.core.webui.keyword.builtin.VerifyTextPresentKeyword$_verifyTextPresent_closure1.doCall(VerifyTextPresentKeyword.groovy:79)
	at com.kms.katalon.core.webui.keyword.builtin.VerifyTextPresentKeyword$_verifyTextPresent_closure1.call(VerifyTextPresentKeyword.groovy)
	at com.kms.katalon.core.webui.keyword.internal.WebUIKeywordMain.runKeyword(WebUIKeywordMain.groovy:20)
	... 19 more]]></system-err>
      </testcase>
      <testcase name="Test Cases/M05 -Edit Sosial Media/TC-ESMF-010" time="24.625" classname="Test Cases/M05 -Edit Sosial Media/TC-ESMF-010" status="FAILED">
         <failure type="FAILED" message="Test Cases/M05 -Edit Sosial Media/TC-ESMF-010 FAILED.
Reason:
com.kms.katalon.core.exception.StepFailedException: Unable to verify text 'plese input an valid username' is present 
	at com.kms.katalon.core.webui.keyword.internal.WebUIKeywordMain.stepFailed(WebUIKeywordMain.groovy:64)
	at com.kms.katalon.core.webui.keyword.internal.WebUIKeywordMain.runKeyword(WebUIKeywordMain.groovy:26)
	at com.kms.katalon.core.webui.keyword.builtin.VerifyTextPresentKeyword.verifyTextPresent(VerifyTextPresentKeyword.groovy:83)
	at com.kms.katalon.core.webui.keyword.builtin.VerifyTextPresentKeyword.execute(VerifyTextPresentKeyword.groovy:68)
	at com.kms.katalon.core.keyword.internal.KeywordExecutor.executeKeywordForPlatform(KeywordExecutor.groovy:74)
	at com.kms.katalon.core.webui.keyword.WebUiBuiltInKeywords.verifyTextPresent(WebUiBuiltInKeywords.groovy:1723)
	at com.kms.katalon.core.webui.keyword.WebUiBuiltInKeywords$verifyTextPresent$7.call(Unknown Source)
	at TC-ESMF-010.run(TC-ESMF-010:32)
	at com.kms.katalon.core.main.ScriptEngine.run(ScriptEngine.java:194)
	at com.kms.katalon.core.main.ScriptEngine.runScriptAsRawText(ScriptEngine.java:119)
	at com.kms.katalon.core.main.TestCaseExecutor.runScript(TestCaseExecutor.java:448)
	at com.kms.katalon.core.main.TestCaseExecutor.doExecute(TestCaseExecutor.java:439)
	at com.kms.katalon.core.main.TestCaseExecutor.processExecutionPhase(TestCaseExecutor.java:418)
	at com.kms.katalon.core.main.TestCaseExecutor.accessMainPhase(TestCaseExecutor.java:410)
	at com.kms.katalon.core.main.TestCaseExecutor.execute(TestCaseExecutor.java:285)
	at com.kms.katalon.core.common.CommonExecutor.accessTestCaseMainPhase(CommonExecutor.java:65)
	at com.kms.katalon.core.main.TestSuiteExecutor.accessTestSuiteMainPhase(TestSuiteExecutor.java:148)
	at com.kms.katalon.core.main.TestSuiteExecutor.execute(TestSuiteExecutor.java:106)
	at com.kms.katalon.core.main.TestCaseMain.startTestSuite(TestCaseMain.java:187)
	at com.kms.katalon.core.main.TestCaseMain$startTestSuite$0.call(Unknown Source)
	at TempTestSuite1695959417111.run(TempTestSuite1695959417111.groovy:36)
Caused by: com.kms.katalon.core.exception.StepFailedException: Text 'plese input an valid username' is not present on page 
	at com.kms.katalon.core.webui.keyword.internal.WebUIKeywordMain.stepFailed(WebUIKeywordMain.groovy:64)
	at com.kms.katalon.core.webui.keyword.builtin.VerifyTextPresentKeyword$_verifyTextPresent_closure1.doCall(VerifyTextPresentKeyword.groovy:79)
	at com.kms.katalon.core.webui.keyword.builtin.VerifyTextPresentKeyword$_verifyTextPresent_closure1.call(VerifyTextPresentKeyword.groovy)
	at com.kms.katalon.core.webui.keyword.internal.WebUIKeywordMain.runKeyword(WebUIKeywordMain.groovy:20)
	... 19 more
"/>
         <system-out><![CDATA[2023-09-29 10:57:51 - [TEST_CASE][FAILED] - Test Cases/M05 -Edit Sosial Media/TC-ESMF-010: Test Cases/M05 -Edit Sosial Media/TC-ESMF-010 FAILED.
Reason:
com.kms.katalon.core.exception.StepFailedException: Unable to verify text 'plese input an valid username' is present 
	at com.kms.katalon.core.webui.keyword.internal.WebUIKeywordMain.stepFailed(WebUIKeywordMain.groovy:64)
	at com.kms.katalon.core.webui.keyword.internal.WebUIKeywordMain.runKeyword(WebUIKeywordMain.groovy:26)
	at com.kms.katalon.core.webui.keyword.builtin.VerifyTextPresentKeyword.verifyTextPresent(VerifyTextPresentKeyword.groovy:83)
	at com.kms.katalon.core.webui.keyword.builtin.VerifyTextPresentKeyword.execute(VerifyTextPresentKeyword.groovy:68)
	at com.kms.katalon.core.keyword.internal.KeywordExecutor.executeKeywordForPlatform(KeywordExecutor.groovy:74)
	at com.kms.katalon.core.webui.keyword.WebUiBuiltInKeywords.verifyTextPresent(WebUiBuiltInKeywords.groovy:1723)
	at com.kms.katalon.core.webui.keyword.WebUiBuiltInKeywords$verifyTextPresent$7.call(Unknown Source)
	at TC-ESMF-010.run(TC-ESMF-010:32)
	at com.kms.katalon.core.main.ScriptEngine.run(ScriptEngine.java:194)
	at com.kms.katalon.core.main.ScriptEngine.runScriptAsRawText(ScriptEngine.java:119)
	at com.kms.katalon.core.main.TestCaseExecutor.runScript(TestCaseExecutor.java:448)
	at com.kms.katalon.core.main.TestCaseExecutor.doExecute(TestCaseExecutor.java:439)
	at com.kms.katalon.core.main.TestCaseExecutor.processExecutionPhase(TestCaseExecutor.java:418)
	at com.kms.katalon.core.main.TestCaseExecutor.accessMainPhase(TestCaseExecutor.java:410)
	at com.kms.katalon.core.main.TestCaseExecutor.execute(TestCaseExecutor.java:285)
	at com.kms.katalon.core.common.CommonExecutor.accessTestCaseMainPhase(CommonExecutor.java:65)
	at com.kms.katalon.core.main.TestSuiteExecutor.accessTestSuiteMainPhase(TestSuiteExecutor.java:148)
	at com.kms.katalon.core.main.TestSuiteExecutor.execute(TestSuiteExecutor.java:106)
	at com.kms.katalon.core.main.TestCaseMain.startTestSuite(TestCaseMain.java:187)
	at com.kms.katalon.core.main.TestCaseMain$startTestSuite$0.call(Unknown Source)
	at TempTestSuite1695959417111.run(TempTestSuite1695959417111.groovy:36)
Caused by: com.kms.katalon.core.exception.StepFailedException: Text 'plese input an valid username' is not present on page 
	at com.kms.katalon.core.webui.keyword.internal.WebUIKeywordMain.stepFailed(WebUIKeywordMain.groovy:64)
	at com.kms.katalon.core.webui.keyword.builtin.VerifyTextPresentKeyword$_verifyTextPresent_closure1.doCall(VerifyTextPresentKeyword.groovy:79)
	at com.kms.katalon.core.webui.keyword.builtin.VerifyTextPresentKeyword$_verifyTextPresent_closure1.call(VerifyTextPresentKeyword.groovy)
	at com.kms.katalon.core.webui.keyword.internal.WebUIKeywordMain.runKeyword(WebUIKeywordMain.groovy:20)
	... 19 more


2023-09-29 10:57:52 - [TEST_STEP][PASSED] - callTestCase(findTestCase("M05 -Edit Sosial Media/TC-LS-001"), [:], STOP_ON_FAILURE): Call Test Case 'Test Cases/M05 -Edit Sosial Media/TC-LS-001' successfully

2023-09-29 10:57:52 - [TEST_CASE][PASSED] - Test Cases/M05 -Edit Sosial Media/TC-LS-001: Test Cases/M05 -Edit Sosial Media/TC-LS-001

2023-09-29 10:57:52 - [TEST_STEP][PASSED] - openBrowser(urlWeb): Browser is opened with url: 'https://10.9.2.63/ecommerce/'

2023-09-29 10:57:52 - [MESSAGE][WARNING] - A browser is already opened. Closing browser and opening a new one

2023-09-29 10:57:53 - [MESSAGE][INFO] - Starting 'Firefox' driver

2023-09-29 10:57:53 - [MESSAGE][INFO] - Action delay is set to 0 milliseconds

2023-09-29 10:58:02 - [MESSAGE][PASSED] - Browser is opened with url: 'https://10.9.2.63/ecommerce/'

2023-09-29 10:58:02 - [TEST_STEP][PASSED] - maximizeWindow(): Current window maximized

2023-09-29 10:58:02 - [MESSAGE][PASSED] - Current window maximized

2023-09-29 10:58:02 - [TEST_STEP][PASSED] - click(findTestObject("Login/a_Login")): Object: 'Object Repository/Login/a_Login' is clicked on

2023-09-29 10:58:03 - [MESSAGE][PASSED] - Object: 'Object Repository/Login/a_Login' is clicked on

2023-09-29 10:58:03 - [TEST_STEP][PASSED] - setText(findTestObject("Login/input_Username, Email atau No. Handphone_a"), "runa36"): Text 'runa36' is set on object 'Object Repository/Login/input_Username, Email atau No. Handphone_a'

2023-09-29 10:58:04 - [MESSAGE][PASSED] - Text 'runa36' is set on object 'Object Repository/Login/input_Username, Email atau No. Handphone_a'

2023-09-29 10:58:04 - [TEST_STEP][PASSED] - setEncryptedText(findTestObject("Login/input_Password di Login(Masuk)"), "qbkrdMwyWE4="): Text ****** has been set on object 'Object Repository/Login/input_Password di Login(Masuk)'

2023-09-29 10:58:04 - [MESSAGE][PASSED] - Text ****** has been set on object 'Object Repository/Login/input_Password di Login(Masuk)'

2023-09-29 10:58:04 - [TEST_STEP][PASSED] - click(findTestObject("Login/button_Masuk di halaman login")): Object: 'Object Repository/Login/button_Masuk di halaman login' is clicked on

2023-09-29 10:58:06 - [MESSAGE][PASSED] - Object: 'Object Repository/Login/button_Masuk di halaman login' is clicked on

2023-09-29 10:58:06 - [TEST_STEP][PASSED] - verifyElementPresent(findTestObject("edit sosial media/verifikasi masuk halaman biodata diri"), 0): Object 'Object Repository/edit sosial media/verifikasi masuk halaman biodata diri' is present

2023-09-29 10:58:06 - [MESSAGE][WARNING] - Timeout '0' is invalid. Using default page load timeout: '30'

2023-09-29 10:58:07 - [MESSAGE][PASSED] - Object 'Object Repository/edit sosial media/verifikasi masuk halaman biodata diri' is present

2023-09-29 10:58:07 - [MESSAGE][PASSED] - Call Test Case 'Test Cases/M05 -Edit Sosial Media/TC-LS-001' successfully

2023-09-29 10:58:07 - [TEST_STEP][PASSED] - click(findTestObject("edit sosial media/a_Sosmed")): Object: 'Object Repository/edit sosial media/a_Sosmed' is clicked on

2023-09-29 10:58:08 - [MESSAGE][PASSED] - Object: 'Object Repository/edit sosial media/a_Sosmed' is clicked on

2023-09-29 10:58:08 - [TEST_STEP][PASSED] - click(findTestObject("edit sosial media/Edit Sosial Media")): Object: 'Object Repository/edit sosial media/Edit Sosial Media' is clicked on

2023-09-29 10:58:10 - [MESSAGE][PASSED] - Object: 'Object Repository/edit sosial media/Edit Sosial Media' is clicked on

2023-09-29 10:58:10 - [TEST_STEP][PASSED] - clearText(findTestObject("edit sosial media/input_LinkedIn_g")): Text of object 'Object Repository/edit sosial media/input_LinkedIn_g' is cleared

2023-09-29 10:58:11 - [MESSAGE][PASSED] - Text of object 'Object Repository/edit sosial media/input_LinkedIn_g' is cleared

2023-09-29 10:58:11 - [TEST_STEP][PASSED] - setText(findTestObject("edit sosial media/input_LinkedIn_g"), linkedin): Text '081112222' is set on object 'Object Repository/edit sosial media/input_LinkedIn_g'

2023-09-29 10:58:12 - [MESSAGE][PASSED] - Text '081112222' is set on object 'Object Repository/edit sosial media/input_LinkedIn_g'

2023-09-29 10:58:12 - [TEST_STEP][PASSED] - click(findTestObject("edit sosial media/center_Simpan Sosial Media")): Object: 'Object Repository/edit sosial media/center_Simpan Sosial Media' is clicked on

2023-09-29 10:58:14 - [MESSAGE][PASSED] - Object: 'Object Repository/edit sosial media/center_Simpan Sosial Media' is clicked on

2023-09-29 10:58:14 - [TEST_STEP][FAILED] - verifyTextPresent("plese input an valid username", false): Unable to verify text 'plese input an valid username' is present  (Root cause: com.kms.katalon.core.exception.StepFailedException: Unable to verify text 'plese input an valid username' is present 
	at com.kms.katalon.core.webui.keyword.internal.WebUIKeywordMain.stepFailed(WebUIKeywordMain.groovy:64)
	at com.kms.katalon.core.webui.keyword.internal.WebUIKeywordMain.runKeyword(WebUIKeywordMain.groovy:26)
	at com.kms.katalon.core.webui.keyword.builtin.VerifyTextPresentKeyword.verifyTextPresent(VerifyTextPresentKeyword.groovy:83)
	at com.kms.katalon.core.webui.keyword.builtin.VerifyTextPresentKeyword.execute(VerifyTextPresentKeyword.groovy:68)
	at com.kms.katalon.core.keyword.internal.KeywordExecutor.executeKeywordForPlatform(KeywordExecutor.groovy:74)
	at com.kms.katalon.core.webui.keyword.WebUiBuiltInKeywords.verifyTextPresent(WebUiBuiltInKeywords.groovy:1723)
	at com.kms.katalon.core.webui.keyword.WebUiBuiltInKeywords$verifyTextPresent$7.call(Unknown Source)
	at TC-ESMF-010.run(TC-ESMF-010:32)
	at com.kms.katalon.core.main.ScriptEngine.run(ScriptEngine.java:194)
	at com.kms.katalon.core.main.ScriptEngine.runScriptAsRawText(ScriptEngine.java:119)
	at com.kms.katalon.core.main.TestCaseExecutor.runScript(TestCaseExecutor.java:448)
	at com.kms.katalon.core.main.TestCaseExecutor.doExecute(TestCaseExecutor.java:439)
	at com.kms.katalon.core.main.TestCaseExecutor.processExecutionPhase(TestCaseExecutor.java:418)
	at com.kms.katalon.core.main.TestCaseExecutor.accessMainPhase(TestCaseExecutor.java:410)
	at com.kms.katalon.core.main.TestCaseExecutor.execute(TestCaseExecutor.java:285)
	at com.kms.katalon.core.common.CommonExecutor.accessTestCaseMainPhase(CommonExecutor.java:65)
	at com.kms.katalon.core.main.TestSuiteExecutor.accessTestSuiteMainPhase(TestSuiteExecutor.java:148)
	at com.kms.katalon.core.main.TestSuiteExecutor.execute(TestSuiteExecutor.java:106)
	at com.kms.katalon.core.main.TestCaseMain.startTestSuite(TestCaseMain.java:187)
	at com.kms.katalon.core.main.TestCaseMain$startTestSuite$0.call(Unknown Source)
	at TempTestSuite1695959417111.run(TempTestSuite1695959417111.groovy:36)
Caused by: com.kms.katalon.core.exception.StepFailedException: Text 'plese input an valid username' is not present on page 
	at com.kms.katalon.core.webui.keyword.internal.WebUIKeywordMain.stepFailed(WebUIKeywordMain.groovy:64)
	at com.kms.katalon.core.webui.keyword.builtin.VerifyTextPresentKeyword$_verifyTextPresent_closure1.doCall(VerifyTextPresentKeyword.groovy:79)
	at com.kms.katalon.core.webui.keyword.builtin.VerifyTextPresentKeyword$_verifyTextPresent_closure1.call(VerifyTextPresentKeyword.groovy)
	at com.kms.katalon.core.webui.keyword.internal.WebUIKeywordMain.runKeyword(WebUIKeywordMain.groovy:20)
	... 19 more
)

2023-09-29 10:58:15 - [MESSAGE][FAILED] - Text 'plese input an valid username' is not present on page  (Root cause: com.kms.katalon.core.exception.StepFailedException: Text 'plese input an valid username' is not present on page 
	at com.kms.katalon.core.webui.keyword.internal.WebUIKeywordMain.stepFailed(WebUIKeywordMain.groovy:64)
	at com.kms.katalon.core.webui.keyword.builtin.VerifyTextPresentKeyword$_verifyTextPresent_closure1.doCall(VerifyTextPresentKeyword.groovy:79)
	at com.kms.katalon.core.webui.keyword.builtin.VerifyTextPresentKeyword$_verifyTextPresent_closure1.call(VerifyTextPresentKeyword.groovy)
	at com.kms.katalon.core.webui.keyword.internal.WebUIKeywordMain.runKeyword(WebUIKeywordMain.groovy:20)
	at com.kms.katalon.core.webui.keyword.builtin.VerifyTextPresentKeyword.verifyTextPresent(VerifyTextPresentKeyword.groovy:83)
	at com.kms.katalon.core.webui.keyword.builtin.VerifyTextPresentKeyword.execute(VerifyTextPresentKeyword.groovy:68)
	at com.kms.katalon.core.keyword.internal.KeywordExecutor.executeKeywordForPlatform(KeywordExecutor.groovy:74)
	at com.kms.katalon.core.webui.keyword.WebUiBuiltInKeywords.verifyTextPresent(WebUiBuiltInKeywords.groovy:1723)
	at com.kms.katalon.core.webui.keyword.WebUiBuiltInKeywords$verifyTextPresent$7.call(Unknown Source)
	at TC-ESMF-010.run(TC-ESMF-010:32)
	at com.kms.katalon.core.main.ScriptEngine.run(ScriptEngine.java:194)
	at com.kms.katalon.core.main.ScriptEngine.runScriptAsRawText(ScriptEngine.java:119)
	at com.kms.katalon.core.main.TestCaseExecutor.runScript(TestCaseExecutor.java:448)
	at com.kms.katalon.core.main.TestCaseExecutor.doExecute(TestCaseExecutor.java:439)
	at com.kms.katalon.core.main.TestCaseExecutor.processExecutionPhase(TestCaseExecutor.java:418)
	at com.kms.katalon.core.main.TestCaseExecutor.accessMainPhase(TestCaseExecutor.java:410)
	at com.kms.katalon.core.main.TestCaseExecutor.execute(TestCaseExecutor.java:285)
	at com.kms.katalon.core.common.CommonExecutor.accessTestCaseMainPhase(CommonExecutor.java:65)
	at com.kms.katalon.core.main.TestSuiteExecutor.accessTestSuiteMainPhase(TestSuiteExecutor.java:148)
	at com.kms.katalon.core.main.TestSuiteExecutor.execute(TestSuiteExecutor.java:106)
	at com.kms.katalon.core.main.TestCaseMain.startTestSuite(TestCaseMain.java:187)
	at com.kms.katalon.core.main.TestCaseMain$startTestSuite$0.call(Unknown Source)
	at TempTestSuite1695959417111.run(TempTestSuite1695959417111.groovy:36)
)

2023-09-29 10:58:15 - [MESSAGE][FAILED] - Unable to verify text 'plese input an valid username' is present  (Root cause: com.kms.katalon.core.exception.StepFailedException: Unable to verify text 'plese input an valid username' is present 
	at com.kms.katalon.core.webui.keyword.internal.WebUIKeywordMain.stepFailed(WebUIKeywordMain.groovy:64)
	at com.kms.katalon.core.webui.keyword.internal.WebUIKeywordMain.runKeyword(WebUIKeywordMain.groovy:26)
	at com.kms.katalon.core.webui.keyword.builtin.VerifyTextPresentKeyword.verifyTextPresent(VerifyTextPresentKeyword.groovy:83)
	at com.kms.katalon.core.webui.keyword.builtin.VerifyTextPresentKeyword.execute(VerifyTextPresentKeyword.groovy:68)
	at com.kms.katalon.core.keyword.internal.KeywordExecutor.executeKeywordForPlatform(KeywordExecutor.groovy:74)
	at com.kms.katalon.core.webui.keyword.WebUiBuiltInKeywords.verifyTextPresent(WebUiBuiltInKeywords.groovy:1723)
	at com.kms.katalon.core.webui.keyword.WebUiBuiltInKeywords$verifyTextPresent$7.call(Unknown Source)
	at TC-ESMF-010.run(TC-ESMF-010:32)
	at com.kms.katalon.core.main.ScriptEngine.run(ScriptEngine.java:194)
	at com.kms.katalon.core.main.ScriptEngine.runScriptAsRawText(ScriptEngine.java:119)
	at com.kms.katalon.core.main.TestCaseExecutor.runScript(TestCaseExecutor.java:448)
	at com.kms.katalon.core.main.TestCaseExecutor.doExecute(TestCaseExecutor.java:439)
	at com.kms.katalon.core.main.TestCaseExecutor.processExecutionPhase(TestCaseExecutor.java:418)
	at com.kms.katalon.core.main.TestCaseExecutor.accessMainPhase(TestCaseExecutor.java:410)
	at com.kms.katalon.core.main.TestCaseExecutor.execute(TestCaseExecutor.java:285)
	at com.kms.katalon.core.common.CommonExecutor.accessTestCaseMainPhase(CommonExecutor.java:65)
	at com.kms.katalon.core.main.TestSuiteExecutor.accessTestSuiteMainPhase(TestSuiteExecutor.java:148)
	at com.kms.katalon.core.main.TestSuiteExecutor.execute(TestSuiteExecutor.java:106)
	at com.kms.katalon.core.main.TestCaseMain.startTestSuite(TestCaseMain.java:187)
	at com.kms.katalon.core.main.TestCaseMain$startTestSuite$0.call(Unknown Source)
	at TempTestSuite1695959417111.run(TempTestSuite1695959417111.groovy:36)
Caused by: com.kms.katalon.core.exception.StepFailedException: Text 'plese input an valid username' is not present on page 
	at com.kms.katalon.core.webui.keyword.internal.WebUIKeywordMain.stepFailed(WebUIKeywordMain.groovy:64)
	at com.kms.katalon.core.webui.keyword.builtin.VerifyTextPresentKeyword$_verifyTextPresent_closure1.doCall(VerifyTextPresentKeyword.groovy:79)
	at com.kms.katalon.core.webui.keyword.builtin.VerifyTextPresentKeyword$_verifyTextPresent_closure1.call(VerifyTextPresentKeyword.groovy)
	at com.kms.katalon.core.webui.keyword.internal.WebUIKeywordMain.runKeyword(WebUIKeywordMain.groovy:20)
	... 19 more
)
[[ATTACHMENT|F:\\bootcamp\\Miniproject\\Tajalapak\\Reports\\20230929_105017\\M05 - Edit Sosial Media\\20230929_105017\\1695959895426.png]]]]></system-out>
         <system-err><![CDATA[2023-09-29 10:57:51 - [TEST_CASE][FAILED] - Test Cases/M05 -Edit Sosial Media/TC-ESMF-010: Test Cases/M05 -Edit Sosial Media/TC-ESMF-010 FAILED.
Reason:
com.kms.katalon.core.exception.StepFailedException: Unable to verify text 'plese input an valid username' is present 
	at com.kms.katalon.core.webui.keyword.internal.WebUIKeywordMain.stepFailed(WebUIKeywordMain.groovy:64)
	at com.kms.katalon.core.webui.keyword.internal.WebUIKeywordMain.runKeyword(WebUIKeywordMain.groovy:26)
	at com.kms.katalon.core.webui.keyword.builtin.VerifyTextPresentKeyword.verifyTextPresent(VerifyTextPresentKeyword.groovy:83)
	at com.kms.katalon.core.webui.keyword.builtin.VerifyTextPresentKeyword.execute(VerifyTextPresentKeyword.groovy:68)
	at com.kms.katalon.core.keyword.internal.KeywordExecutor.executeKeywordForPlatform(KeywordExecutor.groovy:74)
	at com.kms.katalon.core.webui.keyword.WebUiBuiltInKeywords.verifyTextPresent(WebUiBuiltInKeywords.groovy:1723)
	at com.kms.katalon.core.webui.keyword.WebUiBuiltInKeywords$verifyTextPresent$7.call(Unknown Source)
	at TC-ESMF-010.run(TC-ESMF-010:32)
	at com.kms.katalon.core.main.ScriptEngine.run(ScriptEngine.java:194)
	at com.kms.katalon.core.main.ScriptEngine.runScriptAsRawText(ScriptEngine.java:119)
	at com.kms.katalon.core.main.TestCaseExecutor.runScript(TestCaseExecutor.java:448)
	at com.kms.katalon.core.main.TestCaseExecutor.doExecute(TestCaseExecutor.java:439)
	at com.kms.katalon.core.main.TestCaseExecutor.processExecutionPhase(TestCaseExecutor.java:418)
	at com.kms.katalon.core.main.TestCaseExecutor.accessMainPhase(TestCaseExecutor.java:410)
	at com.kms.katalon.core.main.TestCaseExecutor.execute(TestCaseExecutor.java:285)
	at com.kms.katalon.core.common.CommonExecutor.accessTestCaseMainPhase(CommonExecutor.java:65)
	at com.kms.katalon.core.main.TestSuiteExecutor.accessTestSuiteMainPhase(TestSuiteExecutor.java:148)
	at com.kms.katalon.core.main.TestSuiteExecutor.execute(TestSuiteExecutor.java:106)
	at com.kms.katalon.core.main.TestCaseMain.startTestSuite(TestCaseMain.java:187)
	at com.kms.katalon.core.main.TestCaseMain$startTestSuite$0.call(Unknown Source)
	at TempTestSuite1695959417111.run(TempTestSuite1695959417111.groovy:36)
Caused by: com.kms.katalon.core.exception.StepFailedException: Text 'plese input an valid username' is not present on page 
	at com.kms.katalon.core.webui.keyword.internal.WebUIKeywordMain.stepFailed(WebUIKeywordMain.groovy:64)
	at com.kms.katalon.core.webui.keyword.builtin.VerifyTextPresentKeyword$_verifyTextPresent_closure1.doCall(VerifyTextPresentKeyword.groovy:79)
	at com.kms.katalon.core.webui.keyword.builtin.VerifyTextPresentKeyword$_verifyTextPresent_closure1.call(VerifyTextPresentKeyword.groovy)
	at com.kms.katalon.core.webui.keyword.internal.WebUIKeywordMain.runKeyword(WebUIKeywordMain.groovy:20)
	... 19 more]]></system-err>
      </testcase>
      <testcase name="Test Cases/M05 -Edit Sosial Media/TC-ESMF-011" time="25.436" classname="Test Cases/M05 -Edit Sosial Media/TC-ESMF-011" status="FAILED">
         <failure type="FAILED" message="Test Cases/M05 -Edit Sosial Media/TC-ESMF-011 FAILED.
Reason:
com.kms.katalon.core.exception.StepFailedException: Unable to verify text 'plese input an valid username' is present 
	at com.kms.katalon.core.webui.keyword.internal.WebUIKeywordMain.stepFailed(WebUIKeywordMain.groovy:64)
	at com.kms.katalon.core.webui.keyword.internal.WebUIKeywordMain.runKeyword(WebUIKeywordMain.groovy:26)
	at com.kms.katalon.core.webui.keyword.builtin.VerifyTextPresentKeyword.verifyTextPresent(VerifyTextPresentKeyword.groovy:83)
	at com.kms.katalon.core.webui.keyword.builtin.VerifyTextPresentKeyword.execute(VerifyTextPresentKeyword.groovy:68)
	at com.kms.katalon.core.keyword.internal.KeywordExecutor.executeKeywordForPlatform(KeywordExecutor.groovy:74)
	at com.kms.katalon.core.webui.keyword.WebUiBuiltInKeywords.verifyTextPresent(WebUiBuiltInKeywords.groovy:1723)
	at com.kms.katalon.core.webui.keyword.WebUiBuiltInKeywords$verifyTextPresent$7.call(Unknown Source)
	at TC-ESMF-011.run(TC-ESMF-011:32)
	at com.kms.katalon.core.main.ScriptEngine.run(ScriptEngine.java:194)
	at com.kms.katalon.core.main.ScriptEngine.runScriptAsRawText(ScriptEngine.java:119)
	at com.kms.katalon.core.main.TestCaseExecutor.runScript(TestCaseExecutor.java:448)
	at com.kms.katalon.core.main.TestCaseExecutor.doExecute(TestCaseExecutor.java:439)
	at com.kms.katalon.core.main.TestCaseExecutor.processExecutionPhase(TestCaseExecutor.java:418)
	at com.kms.katalon.core.main.TestCaseExecutor.accessMainPhase(TestCaseExecutor.java:410)
	at com.kms.katalon.core.main.TestCaseExecutor.execute(TestCaseExecutor.java:285)
	at com.kms.katalon.core.common.CommonExecutor.accessTestCaseMainPhase(CommonExecutor.java:65)
	at com.kms.katalon.core.main.TestSuiteExecutor.accessTestSuiteMainPhase(TestSuiteExecutor.java:148)
	at com.kms.katalon.core.main.TestSuiteExecutor.execute(TestSuiteExecutor.java:106)
	at com.kms.katalon.core.main.TestCaseMain.startTestSuite(TestCaseMain.java:187)
	at com.kms.katalon.core.main.TestCaseMain$startTestSuite$0.call(Unknown Source)
	at TempTestSuite1695959417111.run(TempTestSuite1695959417111.groovy:36)
Caused by: com.kms.katalon.core.exception.StepFailedException: Text 'plese input an valid username' is not present on page 
	at com.kms.katalon.core.webui.keyword.internal.WebUIKeywordMain.stepFailed(WebUIKeywordMain.groovy:64)
	at com.kms.katalon.core.webui.keyword.builtin.VerifyTextPresentKeyword$_verifyTextPresent_closure1.doCall(VerifyTextPresentKeyword.groovy:79)
	at com.kms.katalon.core.webui.keyword.builtin.VerifyTextPresentKeyword$_verifyTextPresent_closure1.call(VerifyTextPresentKeyword.groovy)
	at com.kms.katalon.core.webui.keyword.internal.WebUIKeywordMain.runKeyword(WebUIKeywordMain.groovy:20)
	... 19 more
"/>
         <system-out><![CDATA[2023-09-29 10:58:15 - [TEST_CASE][FAILED] - Test Cases/M05 -Edit Sosial Media/TC-ESMF-011: Test Cases/M05 -Edit Sosial Media/TC-ESMF-011 FAILED.
Reason:
com.kms.katalon.core.exception.StepFailedException: Unable to verify text 'plese input an valid username' is present 
	at com.kms.katalon.core.webui.keyword.internal.WebUIKeywordMain.stepFailed(WebUIKeywordMain.groovy:64)
	at com.kms.katalon.core.webui.keyword.internal.WebUIKeywordMain.runKeyword(WebUIKeywordMain.groovy:26)
	at com.kms.katalon.core.webui.keyword.builtin.VerifyTextPresentKeyword.verifyTextPresent(VerifyTextPresentKeyword.groovy:83)
	at com.kms.katalon.core.webui.keyword.builtin.VerifyTextPresentKeyword.execute(VerifyTextPresentKeyword.groovy:68)
	at com.kms.katalon.core.keyword.internal.KeywordExecutor.executeKeywordForPlatform(KeywordExecutor.groovy:74)
	at com.kms.katalon.core.webui.keyword.WebUiBuiltInKeywords.verifyTextPresent(WebUiBuiltInKeywords.groovy:1723)
	at com.kms.katalon.core.webui.keyword.WebUiBuiltInKeywords$verifyTextPresent$7.call(Unknown Source)
	at TC-ESMF-011.run(TC-ESMF-011:32)
	at com.kms.katalon.core.main.ScriptEngine.run(ScriptEngine.java:194)
	at com.kms.katalon.core.main.ScriptEngine.runScriptAsRawText(ScriptEngine.java:119)
	at com.kms.katalon.core.main.TestCaseExecutor.runScript(TestCaseExecutor.java:448)
	at com.kms.katalon.core.main.TestCaseExecutor.doExecute(TestCaseExecutor.java:439)
	at com.kms.katalon.core.main.TestCaseExecutor.processExecutionPhase(TestCaseExecutor.java:418)
	at com.kms.katalon.core.main.TestCaseExecutor.accessMainPhase(TestCaseExecutor.java:410)
	at com.kms.katalon.core.main.TestCaseExecutor.execute(TestCaseExecutor.java:285)
	at com.kms.katalon.core.common.CommonExecutor.accessTestCaseMainPhase(CommonExecutor.java:65)
	at com.kms.katalon.core.main.TestSuiteExecutor.accessTestSuiteMainPhase(TestSuiteExecutor.java:148)
	at com.kms.katalon.core.main.TestSuiteExecutor.execute(TestSuiteExecutor.java:106)
	at com.kms.katalon.core.main.TestCaseMain.startTestSuite(TestCaseMain.java:187)
	at com.kms.katalon.core.main.TestCaseMain$startTestSuite$0.call(Unknown Source)
	at TempTestSuite1695959417111.run(TempTestSuite1695959417111.groovy:36)
Caused by: com.kms.katalon.core.exception.StepFailedException: Text 'plese input an valid username' is not present on page 
	at com.kms.katalon.core.webui.keyword.internal.WebUIKeywordMain.stepFailed(WebUIKeywordMain.groovy:64)
	at com.kms.katalon.core.webui.keyword.builtin.VerifyTextPresentKeyword$_verifyTextPresent_closure1.doCall(VerifyTextPresentKeyword.groovy:79)
	at com.kms.katalon.core.webui.keyword.builtin.VerifyTextPresentKeyword$_verifyTextPresent_closure1.call(VerifyTextPresentKeyword.groovy)
	at com.kms.katalon.core.webui.keyword.internal.WebUIKeywordMain.runKeyword(WebUIKeywordMain.groovy:20)
	... 19 more


2023-09-29 10:58:16 - [TEST_STEP][PASSED] - callTestCase(findTestCase("M05 -Edit Sosial Media/TC-LS-001"), [:], STOP_ON_FAILURE): Call Test Case 'Test Cases/M05 -Edit Sosial Media/TC-LS-001' successfully

2023-09-29 10:58:17 - [TEST_CASE][PASSED] - Test Cases/M05 -Edit Sosial Media/TC-LS-001: Test Cases/M05 -Edit Sosial Media/TC-LS-001

2023-09-29 10:58:17 - [TEST_STEP][PASSED] - openBrowser(urlWeb): Browser is opened with url: 'https://10.9.2.63/ecommerce/'

2023-09-29 10:58:17 - [MESSAGE][WARNING] - A browser is already opened. Closing browser and opening a new one

2023-09-29 10:58:18 - [MESSAGE][INFO] - Starting 'Firefox' driver

2023-09-29 10:58:18 - [MESSAGE][INFO] - Action delay is set to 0 milliseconds

2023-09-29 10:58:26 - [MESSAGE][PASSED] - Browser is opened with url: 'https://10.9.2.63/ecommerce/'

2023-09-29 10:58:26 - [TEST_STEP][PASSED] - maximizeWindow(): Current window maximized

2023-09-29 10:58:27 - [MESSAGE][PASSED] - Current window maximized

2023-09-29 10:58:27 - [TEST_STEP][PASSED] - click(findTestObject("Login/a_Login")): Object: 'Object Repository/Login/a_Login' is clicked on

2023-09-29 10:58:28 - [MESSAGE][PASSED] - Object: 'Object Repository/Login/a_Login' is clicked on

2023-09-29 10:58:28 - [TEST_STEP][PASSED] - setText(findTestObject("Login/input_Username, Email atau No. Handphone_a"), "runa36"): Text 'runa36' is set on object 'Object Repository/Login/input_Username, Email atau No. Handphone_a'

2023-09-29 10:58:29 - [MESSAGE][PASSED] - Text 'runa36' is set on object 'Object Repository/Login/input_Username, Email atau No. Handphone_a'

2023-09-29 10:58:29 - [TEST_STEP][PASSED] - setEncryptedText(findTestObject("Login/input_Password di Login(Masuk)"), "qbkrdMwyWE4="): Text ****** has been set on object 'Object Repository/Login/input_Password di Login(Masuk)'

2023-09-29 10:58:29 - [MESSAGE][PASSED] - Text ****** has been set on object 'Object Repository/Login/input_Password di Login(Masuk)'

2023-09-29 10:58:29 - [TEST_STEP][PASSED] - click(findTestObject("Login/button_Masuk di halaman login")): Object: 'Object Repository/Login/button_Masuk di halaman login' is clicked on

2023-09-29 10:58:32 - [MESSAGE][PASSED] - Object: 'Object Repository/Login/button_Masuk di halaman login' is clicked on

2023-09-29 10:58:32 - [TEST_STEP][PASSED] - verifyElementPresent(findTestObject("edit sosial media/verifikasi masuk halaman biodata diri"), 0): Object 'Object Repository/edit sosial media/verifikasi masuk halaman biodata diri' is present

2023-09-29 10:58:32 - [MESSAGE][WARNING] - Timeout '0' is invalid. Using default page load timeout: '30'

2023-09-29 10:58:32 - [MESSAGE][PASSED] - Object 'Object Repository/edit sosial media/verifikasi masuk halaman biodata diri' is present

2023-09-29 10:58:32 - [MESSAGE][PASSED] - Call Test Case 'Test Cases/M05 -Edit Sosial Media/TC-LS-001' successfully

2023-09-29 10:58:32 - [TEST_STEP][PASSED] - click(findTestObject("edit sosial media/a_Sosmed")): Object: 'Object Repository/edit sosial media/a_Sosmed' is clicked on

2023-09-29 10:58:34 - [MESSAGE][PASSED] - Object: 'Object Repository/edit sosial media/a_Sosmed' is clicked on

2023-09-29 10:58:34 - [TEST_STEP][PASSED] - click(findTestObject("edit sosial media/Edit Sosial Media")): Object: 'Object Repository/edit sosial media/Edit Sosial Media' is clicked on

2023-09-29 10:58:36 - [MESSAGE][PASSED] - Object: 'Object Repository/edit sosial media/Edit Sosial Media' is clicked on

2023-09-29 10:58:36 - [TEST_STEP][PASSED] - clearText(findTestObject("edit sosial media/input_LinkedIn_g")): Text of object 'Object Repository/edit sosial media/input_LinkedIn_g' is cleared

2023-09-29 10:58:37 - [MESSAGE][PASSED] - Text of object 'Object Repository/edit sosial media/input_LinkedIn_g' is cleared

2023-09-29 10:58:37 - [TEST_STEP][PASSED] - setText(findTestObject("edit sosial media/input_LinkedIn_g"), linkedin): Text '%$#' is set on object 'Object Repository/edit sosial media/input_LinkedIn_g'

2023-09-29 10:58:38 - [MESSAGE][PASSED] - Text '%$#' is set on object 'Object Repository/edit sosial media/input_LinkedIn_g'

2023-09-29 10:58:38 - [TEST_STEP][PASSED] - click(findTestObject("edit sosial media/center_Simpan Sosial Media")): Object: 'Object Repository/edit sosial media/center_Simpan Sosial Media' is clicked on

2023-09-29 10:58:39 - [MESSAGE][PASSED] - Object: 'Object Repository/edit sosial media/center_Simpan Sosial Media' is clicked on

2023-09-29 10:58:39 - [TEST_STEP][FAILED] - verifyTextPresent("plese input an valid username", false): Unable to verify text 'plese input an valid username' is present  (Root cause: com.kms.katalon.core.exception.StepFailedException: Unable to verify text 'plese input an valid username' is present 
	at com.kms.katalon.core.webui.keyword.internal.WebUIKeywordMain.stepFailed(WebUIKeywordMain.groovy:64)
	at com.kms.katalon.core.webui.keyword.internal.WebUIKeywordMain.runKeyword(WebUIKeywordMain.groovy:26)
	at com.kms.katalon.core.webui.keyword.builtin.VerifyTextPresentKeyword.verifyTextPresent(VerifyTextPresentKeyword.groovy:83)
	at com.kms.katalon.core.webui.keyword.builtin.VerifyTextPresentKeyword.execute(VerifyTextPresentKeyword.groovy:68)
	at com.kms.katalon.core.keyword.internal.KeywordExecutor.executeKeywordForPlatform(KeywordExecutor.groovy:74)
	at com.kms.katalon.core.webui.keyword.WebUiBuiltInKeywords.verifyTextPresent(WebUiBuiltInKeywords.groovy:1723)
	at com.kms.katalon.core.webui.keyword.WebUiBuiltInKeywords$verifyTextPresent$7.call(Unknown Source)
	at TC-ESMF-011.run(TC-ESMF-011:32)
	at com.kms.katalon.core.main.ScriptEngine.run(ScriptEngine.java:194)
	at com.kms.katalon.core.main.ScriptEngine.runScriptAsRawText(ScriptEngine.java:119)
	at com.kms.katalon.core.main.TestCaseExecutor.runScript(TestCaseExecutor.java:448)
	at com.kms.katalon.core.main.TestCaseExecutor.doExecute(TestCaseExecutor.java:439)
	at com.kms.katalon.core.main.TestCaseExecutor.processExecutionPhase(TestCaseExecutor.java:418)
	at com.kms.katalon.core.main.TestCaseExecutor.accessMainPhase(TestCaseExecutor.java:410)
	at com.kms.katalon.core.main.TestCaseExecutor.execute(TestCaseExecutor.java:285)
	at com.kms.katalon.core.common.CommonExecutor.accessTestCaseMainPhase(CommonExecutor.java:65)
	at com.kms.katalon.core.main.TestSuiteExecutor.accessTestSuiteMainPhase(TestSuiteExecutor.java:148)
	at com.kms.katalon.core.main.TestSuiteExecutor.execute(TestSuiteExecutor.java:106)
	at com.kms.katalon.core.main.TestCaseMain.startTestSuite(TestCaseMain.java:187)
	at com.kms.katalon.core.main.TestCaseMain$startTestSuite$0.call(Unknown Source)
	at TempTestSuite1695959417111.run(TempTestSuite1695959417111.groovy:36)
Caused by: com.kms.katalon.core.exception.StepFailedException: Text 'plese input an valid username' is not present on page 
	at com.kms.katalon.core.webui.keyword.internal.WebUIKeywordMain.stepFailed(WebUIKeywordMain.groovy:64)
	at com.kms.katalon.core.webui.keyword.builtin.VerifyTextPresentKeyword$_verifyTextPresent_closure1.doCall(VerifyTextPresentKeyword.groovy:79)
	at com.kms.katalon.core.webui.keyword.builtin.VerifyTextPresentKeyword$_verifyTextPresent_closure1.call(VerifyTextPresentKeyword.groovy)
	at com.kms.katalon.core.webui.keyword.internal.WebUIKeywordMain.runKeyword(WebUIKeywordMain.groovy:20)
	... 19 more
)

2023-09-29 10:58:40 - [MESSAGE][FAILED] - Text 'plese input an valid username' is not present on page  (Root cause: com.kms.katalon.core.exception.StepFailedException: Text 'plese input an valid username' is not present on page 
	at com.kms.katalon.core.webui.keyword.internal.WebUIKeywordMain.stepFailed(WebUIKeywordMain.groovy:64)
	at com.kms.katalon.core.webui.keyword.builtin.VerifyTextPresentKeyword$_verifyTextPresent_closure1.doCall(VerifyTextPresentKeyword.groovy:79)
	at com.kms.katalon.core.webui.keyword.builtin.VerifyTextPresentKeyword$_verifyTextPresent_closure1.call(VerifyTextPresentKeyword.groovy)
	at com.kms.katalon.core.webui.keyword.internal.WebUIKeywordMain.runKeyword(WebUIKeywordMain.groovy:20)
	at com.kms.katalon.core.webui.keyword.builtin.VerifyTextPresentKeyword.verifyTextPresent(VerifyTextPresentKeyword.groovy:83)
	at com.kms.katalon.core.webui.keyword.builtin.VerifyTextPresentKeyword.execute(VerifyTextPresentKeyword.groovy:68)
	at com.kms.katalon.core.keyword.internal.KeywordExecutor.executeKeywordForPlatform(KeywordExecutor.groovy:74)
	at com.kms.katalon.core.webui.keyword.WebUiBuiltInKeywords.verifyTextPresent(WebUiBuiltInKeywords.groovy:1723)
	at com.kms.katalon.core.webui.keyword.WebUiBuiltInKeywords$verifyTextPresent$7.call(Unknown Source)
	at TC-ESMF-011.run(TC-ESMF-011:32)
	at com.kms.katalon.core.main.ScriptEngine.run(ScriptEngine.java:194)
	at com.kms.katalon.core.main.ScriptEngine.runScriptAsRawText(ScriptEngine.java:119)
	at com.kms.katalon.core.main.TestCaseExecutor.runScript(TestCaseExecutor.java:448)
	at com.kms.katalon.core.main.TestCaseExecutor.doExecute(TestCaseExecutor.java:439)
	at com.kms.katalon.core.main.TestCaseExecutor.processExecutionPhase(TestCaseExecutor.java:418)
	at com.kms.katalon.core.main.TestCaseExecutor.accessMainPhase(TestCaseExecutor.java:410)
	at com.kms.katalon.core.main.TestCaseExecutor.execute(TestCaseExecutor.java:285)
	at com.kms.katalon.core.common.CommonExecutor.accessTestCaseMainPhase(CommonExecutor.java:65)
	at com.kms.katalon.core.main.TestSuiteExecutor.accessTestSuiteMainPhase(TestSuiteExecutor.java:148)
	at com.kms.katalon.core.main.TestSuiteExecutor.execute(TestSuiteExecutor.java:106)
	at com.kms.katalon.core.main.TestCaseMain.startTestSuite(TestCaseMain.java:187)
	at com.kms.katalon.core.main.TestCaseMain$startTestSuite$0.call(Unknown Source)
	at TempTestSuite1695959417111.run(TempTestSuite1695959417111.groovy:36)
)

2023-09-29 10:58:41 - [MESSAGE][FAILED] - Unable to verify text 'plese input an valid username' is present  (Root cause: com.kms.katalon.core.exception.StepFailedException: Unable to verify text 'plese input an valid username' is present 
	at com.kms.katalon.core.webui.keyword.internal.WebUIKeywordMain.stepFailed(WebUIKeywordMain.groovy:64)
	at com.kms.katalon.core.webui.keyword.internal.WebUIKeywordMain.runKeyword(WebUIKeywordMain.groovy:26)
	at com.kms.katalon.core.webui.keyword.builtin.VerifyTextPresentKeyword.verifyTextPresent(VerifyTextPresentKeyword.groovy:83)
	at com.kms.katalon.core.webui.keyword.builtin.VerifyTextPresentKeyword.execute(VerifyTextPresentKeyword.groovy:68)
	at com.kms.katalon.core.keyword.internal.KeywordExecutor.executeKeywordForPlatform(KeywordExecutor.groovy:74)
	at com.kms.katalon.core.webui.keyword.WebUiBuiltInKeywords.verifyTextPresent(WebUiBuiltInKeywords.groovy:1723)
	at com.kms.katalon.core.webui.keyword.WebUiBuiltInKeywords$verifyTextPresent$7.call(Unknown Source)
	at TC-ESMF-011.run(TC-ESMF-011:32)
	at com.kms.katalon.core.main.ScriptEngine.run(ScriptEngine.java:194)
	at com.kms.katalon.core.main.ScriptEngine.runScriptAsRawText(ScriptEngine.java:119)
	at com.kms.katalon.core.main.TestCaseExecutor.runScript(TestCaseExecutor.java:448)
	at com.kms.katalon.core.main.TestCaseExecutor.doExecute(TestCaseExecutor.java:439)
	at com.kms.katalon.core.main.TestCaseExecutor.processExecutionPhase(TestCaseExecutor.java:418)
	at com.kms.katalon.core.main.TestCaseExecutor.accessMainPhase(TestCaseExecutor.java:410)
	at com.kms.katalon.core.main.TestCaseExecutor.execute(TestCaseExecutor.java:285)
	at com.kms.katalon.core.common.CommonExecutor.accessTestCaseMainPhase(CommonExecutor.java:65)
	at com.kms.katalon.core.main.TestSuiteExecutor.accessTestSuiteMainPhase(TestSuiteExecutor.java:148)
	at com.kms.katalon.core.main.TestSuiteExecutor.execute(TestSuiteExecutor.java:106)
	at com.kms.katalon.core.main.TestCaseMain.startTestSuite(TestCaseMain.java:187)
	at com.kms.katalon.core.main.TestCaseMain$startTestSuite$0.call(Unknown Source)
	at TempTestSuite1695959417111.run(TempTestSuite1695959417111.groovy:36)
Caused by: com.kms.katalon.core.exception.StepFailedException: Text 'plese input an valid username' is not present on page 
	at com.kms.katalon.core.webui.keyword.internal.WebUIKeywordMain.stepFailed(WebUIKeywordMain.groovy:64)
	at com.kms.katalon.core.webui.keyword.builtin.VerifyTextPresentKeyword$_verifyTextPresent_closure1.doCall(VerifyTextPresentKeyword.groovy:79)
	at com.kms.katalon.core.webui.keyword.builtin.VerifyTextPresentKeyword$_verifyTextPresent_closure1.call(VerifyTextPresentKeyword.groovy)
	at com.kms.katalon.core.webui.keyword.internal.WebUIKeywordMain.runKeyword(WebUIKeywordMain.groovy:20)
	... 19 more
)
[[ATTACHMENT|F:\\bootcamp\\Miniproject\\Tajalapak\\Reports\\20230929_105017\\M05 - Edit Sosial Media\\20230929_105017\\1695959920827.png]]]]></system-out>
         <system-err><![CDATA[2023-09-29 10:58:15 - [TEST_CASE][FAILED] - Test Cases/M05 -Edit Sosial Media/TC-ESMF-011: Test Cases/M05 -Edit Sosial Media/TC-ESMF-011 FAILED.
Reason:
com.kms.katalon.core.exception.StepFailedException: Unable to verify text 'plese input an valid username' is present 
	at com.kms.katalon.core.webui.keyword.internal.WebUIKeywordMain.stepFailed(WebUIKeywordMain.groovy:64)
	at com.kms.katalon.core.webui.keyword.internal.WebUIKeywordMain.runKeyword(WebUIKeywordMain.groovy:26)
	at com.kms.katalon.core.webui.keyword.builtin.VerifyTextPresentKeyword.verifyTextPresent(VerifyTextPresentKeyword.groovy:83)
	at com.kms.katalon.core.webui.keyword.builtin.VerifyTextPresentKeyword.execute(VerifyTextPresentKeyword.groovy:68)
	at com.kms.katalon.core.keyword.internal.KeywordExecutor.executeKeywordForPlatform(KeywordExecutor.groovy:74)
	at com.kms.katalon.core.webui.keyword.WebUiBuiltInKeywords.verifyTextPresent(WebUiBuiltInKeywords.groovy:1723)
	at com.kms.katalon.core.webui.keyword.WebUiBuiltInKeywords$verifyTextPresent$7.call(Unknown Source)
	at TC-ESMF-011.run(TC-ESMF-011:32)
	at com.kms.katalon.core.main.ScriptEngine.run(ScriptEngine.java:194)
	at com.kms.katalon.core.main.ScriptEngine.runScriptAsRawText(ScriptEngine.java:119)
	at com.kms.katalon.core.main.TestCaseExecutor.runScript(TestCaseExecutor.java:448)
	at com.kms.katalon.core.main.TestCaseExecutor.doExecute(TestCaseExecutor.java:439)
	at com.kms.katalon.core.main.TestCaseExecutor.processExecutionPhase(TestCaseExecutor.java:418)
	at com.kms.katalon.core.main.TestCaseExecutor.accessMainPhase(TestCaseExecutor.java:410)
	at com.kms.katalon.core.main.TestCaseExecutor.execute(TestCaseExecutor.java:285)
	at com.kms.katalon.core.common.CommonExecutor.accessTestCaseMainPhase(CommonExecutor.java:65)
	at com.kms.katalon.core.main.TestSuiteExecutor.accessTestSuiteMainPhase(TestSuiteExecutor.java:148)
	at com.kms.katalon.core.main.TestSuiteExecutor.execute(TestSuiteExecutor.java:106)
	at com.kms.katalon.core.main.TestCaseMain.startTestSuite(TestCaseMain.java:187)
	at com.kms.katalon.core.main.TestCaseMain$startTestSuite$0.call(Unknown Source)
	at TempTestSuite1695959417111.run(TempTestSuite1695959417111.groovy:36)
Caused by: com.kms.katalon.core.exception.StepFailedException: Text 'plese input an valid username' is not present on page 
	at com.kms.katalon.core.webui.keyword.internal.WebUIKeywordMain.stepFailed(WebUIKeywordMain.groovy:64)
	at com.kms.katalon.core.webui.keyword.builtin.VerifyTextPresentKeyword$_verifyTextPresent_closure1.doCall(VerifyTextPresentKeyword.groovy:79)
	at com.kms.katalon.core.webui.keyword.builtin.VerifyTextPresentKeyword$_verifyTextPresent_closure1.call(VerifyTextPresentKeyword.groovy)
	at com.kms.katalon.core.webui.keyword.internal.WebUIKeywordMain.runKeyword(WebUIKeywordMain.groovy:20)
	... 19 more]]></system-err>
      </testcase>
      <system-out><![CDATA[2023-09-29 10:50:32 - [TEST_SUITE][FAILED] - M05 - Edit Sosial Media: Test Cases/M05 -Edit Sosial Media/TC-ESMS-003 FAILED.
Reason:
Assertion failed: 

assert twit.toString().trim().equalsIgnoreCase(twitter.trim())
       |    |          |      |                |       |
       -    -          -      false            ""      ""

	at TC-ESMS-003.run(TC-ESMS-003:36)
	at com.kms.katalon.core.main.ScriptEngine.run(ScriptEngine.java:194)
	at com.kms.katalon.core.main.ScriptEngine.runScriptAsRawText(ScriptEngine.java:119)
	at com.kms.katalon.core.main.TestCaseExecutor.runScript(TestCaseExecutor.java:448)
	at com.kms.katalon.core.main.TestCaseExecutor.doExecute(TestCaseExecutor.java:439)
	at com.kms.katalon.core.main.TestCaseExecutor.processExecutionPhase(TestCaseExecutor.java:418)
	at com.kms.katalon.core.main.TestCaseExecutor.accessMainPhase(TestCaseExecutor.java:410)
	at com.kms.katalon.core.main.TestCaseExecutor.execute(TestCaseExecutor.java:285)
	at com.kms.katalon.core.common.CommonExecutor.accessTestCaseMainPhase(CommonExecutor.java:65)
	at com.kms.katalon.core.main.TestSuiteExecutor.accessTestSuiteMainPhase(TestSuiteExecutor.java:148)
	at com.kms.katalon.core.main.TestSuiteExecutor.execute(TestSuiteExecutor.java:106)
	at com.kms.katalon.core.main.TestCaseMain.startTestSuite(TestCaseMain.java:187)
	at com.kms.katalon.core.main.TestCaseMain$startTestSuite$0.call(Unknown Source)
	at TempTestSuite1695959417111.run(TempTestSuite1695959417111.groovy:36)]]></system-out>
      <system-err><![CDATA[2023-09-29 10:50:32 - [TEST_SUITE][FAILED] - M05 - Edit Sosial Media: Test Cases/M05 -Edit Sosial Media/TC-ESMS-003 FAILED.
Reason:
Assertion failed: 

assert twit.toString().trim().equalsIgnoreCase(twitter.trim())
       |    |          |      |                |       |
       -    -          -      false            ""      ""

	at TC-ESMS-003.run(TC-ESMS-003:36)
	at com.kms.katalon.core.main.ScriptEngine.run(ScriptEngine.java:194)
	at com.kms.katalon.core.main.ScriptEngine.runScriptAsRawText(ScriptEngine.java:119)
	at com.kms.katalon.core.main.TestCaseExecutor.runScript(TestCaseExecutor.java:448)
	at com.kms.katalon.core.main.TestCaseExecutor.doExecute(TestCaseExecutor.java:439)
	at com.kms.katalon.core.main.TestCaseExecutor.processExecutionPhase(TestCaseExecutor.java:418)
	at com.kms.katalon.core.main.TestCaseExecutor.accessMainPhase(TestCaseExecutor.java:410)
	at com.kms.katalon.core.main.TestCaseExecutor.execute(TestCaseExecutor.java:285)
	at com.kms.katalon.core.common.CommonExecutor.accessTestCaseMainPhase(CommonExecutor.java:65)
	at com.kms.katalon.core.main.TestSuiteExecutor.accessTestSuiteMainPhase(TestSuiteExecutor.java:148)
	at com.kms.katalon.core.main.TestSuiteExecutor.execute(TestSuiteExecutor.java:106)
	at com.kms.katalon.core.main.TestCaseMain.startTestSuite(TestCaseMain.java:187)
	at com.kms.katalon.core.main.TestCaseMain$startTestSuite$0.call(Unknown Source)
	at TempTestSuite1695959417111.run(TempTestSuite1695959417111.groovy:36)]]></system-err>
   </testsuite>
</testsuites>
