<?xml version="1.0" encoding="UTF-8"?>
<testsuites name="M05 - Edit Sosial Media" time="365.414" tests="18" failures="13" errors="0">
   <testsuite name="M05 - Edit Sosial Media" tests="18" failures="13" errors="0" time="365.414" skipped="0" timestamp="2023-10-03 13:48:13" hostname="USER - DESKTOP-22KTP91" id="Test Suites/M05 - Edit Sosial Media">
      <properties>
         <property name="deviceName" value=""/>
         <property name="devicePlatform" value=""/>
         <property name="logFolder" value="F:\\bootcamp\\Miniproject\\Tajalapak\\Reports\\20231003_134746\\M05 - Edit Sosial Media\\20231003_134747"/>
         <property name="logFiles" value="F:\\bootcamp\\Miniproject\\Tajalapak\\Reports\\20231003_134746\\M05 - Edit Sosial Media\\20231003_134747\\execution0.log"/>
         <property name="attachments" value="F:\\bootcamp\\Miniproject\\Tajalapak\\Reports\\20231003_134746\\M05 - Edit Sosial Media\\20231003_134747\\1696315891261.png, F:\\bootcamp\\Miniproject\\Tajalapak\\Reports\\20231003_134746\\M05 - Edit Sosial Media\\20231003_134747\\1696315909314.png, F:\\bootcamp\\Miniproject\\Tajalapak\\Reports\\20231003_134746\\M05 - Edit Sosial Media\\20231003_134747\\1696316003364.png, F:\\bootcamp\\Miniproject\\Tajalapak\\Reports\\20231003_134746\\M05 - Edit Sosial Media\\20231003_134747\\1696316022697.png, F:\\bootcamp\\Miniproject\\Tajalapak\\Reports\\20231003_134746\\M05 - Edit Sosial Media\\20231003_134747\\1696316040675.png, F:\\bootcamp\\Miniproject\\Tajalapak\\Reports\\20231003_134746\\M05 - Edit Sosial Media\\20231003_134747\\1696316058871.png"/>
         <property name="hostName" value="USER - DESKTOP-22KTP91"/>
         <property name="os" value="Windows 10 64bit"/>
         <property name="katalonVersion" value="8.6.5.208"/>
         <property name="browser" value="Edge Chromium 117"/>
         <property name="hostAddress" value="10.9.2.48"/>
         <property name="sessionId" value="71bd524ebae8d90be4814bd818805ff4"/>
         <property name="seleniumVersion" value="3.141.59"/>
         <property name="proxyInformation" value="ProxyInformation { proxyOption=NO_PROXY, proxyServerType=HTTP, username=, password=********, proxyServerAddress=, proxyServerPort=0, executionList=&quot;&quot;, isApplyToDesiredCapabilities=true }"/>
         <property name="platform" value="Windows 10"/>
      </properties>
      <testcase name="Test Cases/M05 -Edit Sosial Media/TC-LS-001" time="14.553" classname="Test Cases/M05 -Edit Sosial Media/TC-LS-001" status="PASSED">
         <system-out><![CDATA[2023-10-03 13:48:14 - [TEST_CASE][PASSED] - Test Cases/M05 -Edit Sosial Media/TC-LS-001: Test Cases/M05 -Edit Sosial Media/TC-LS-001

2023-10-03 13:48:14 - [TEST_STEP][PASSED] - openBrowser(urlWeb): Browser is opened with url: 'https://10.9.2.63/ecommerce/'

2023-10-03 13:48:15 - [MESSAGE][INFO] - Starting 'Edge Chromium' driver

2023-10-03 13:48:15 - [MESSAGE][INFO] - User set preference: ['acceptInsecureCerts', 'true']

2023-10-03 13:48:17 - [MESSAGE][INFO] - Action delay is set to 0 milliseconds

2023-10-03 13:48:23 - [MESSAGE][PASSED] - Browser is opened with url: 'https://10.9.2.63/ecommerce/'

2023-10-03 13:48:23 - [TEST_STEP][PASSED] - maximizeWindow(): Current window maximized

2023-10-03 13:48:23 - [MESSAGE][PASSED] - Current window maximized

2023-10-03 13:48:23 - [TEST_STEP][PASSED] - click(findTestObject("Login/a_Login")): Object: 'Object Repository/Login/a_Login' is clicked on

2023-10-03 13:48:24 - [MESSAGE][PASSED] - Object: 'Object Repository/Login/a_Login' is clicked on

2023-10-03 13:48:24 - [TEST_STEP][PASSED] - setText(findTestObject("Login/input_Username, Email atau No. Handphone_a"), "runa36"): Text 'runa36' is set on object 'Object Repository/Login/input_Username, Email atau No. Handphone_a'

2023-10-03 13:48:25 - [MESSAGE][PASSED] - Text 'runa36' is set on object 'Object Repository/Login/input_Username, Email atau No. Handphone_a'

2023-10-03 13:48:25 - [TEST_STEP][PASSED] - setEncryptedText(findTestObject("Login/input_Password di Login(Masuk)"), "qbkrdMwyWE4="): Text ****** has been set on object 'Object Repository/Login/input_Password di Login(Masuk)'

2023-10-03 13:48:26 - [MESSAGE][PASSED] - Text ****** has been set on object 'Object Repository/Login/input_Password di Login(Masuk)'

2023-10-03 13:48:26 - [TEST_STEP][PASSED] - click(findTestObject("Login/button_Masuk di halaman login")): Object: 'Object Repository/Login/button_Masuk di halaman login' is clicked on

2023-10-03 13:48:27 - [MESSAGE][PASSED] - Object: 'Object Repository/Login/button_Masuk di halaman login' is clicked on

2023-10-03 13:48:27 - [TEST_STEP][PASSED] - verifyElementPresent(findTestObject("edit sosial media/verifikasi masuk halaman biodata diri"), 0): Object 'Object Repository/edit sosial media/verifikasi masuk halaman biodata diri' is present

2023-10-03 13:48:28 - [MESSAGE][WARNING] - Timeout '0' is invalid. Using default page load timeout: '30'

2023-10-03 13:48:28 - [MESSAGE][PASSED] - Object 'Object Repository/edit sosial media/verifikasi masuk halaman biodata diri' is present]]></system-out>
         <system-err><![CDATA[]]></system-err>
      </testcase>
      <testcase name="Test Cases/M05 -Edit Sosial Media/TC-ESMS-001" time="32.083" classname="Test Cases/M05 -Edit Sosial Media/TC-ESMS-001" status="PASSED">
         <system-out><![CDATA[2023-10-03 13:48:28 - [TEST_CASE][PASSED] - Test Cases/M05 -Edit Sosial Media/TC-ESMS-001: Test Cases/M05 -Edit Sosial Media/TC-ESMS-001

2023-10-03 13:48:29 - [TEST_STEP][PASSED] - callTestCase(findTestCase("M05 -Edit Sosial Media/TC-LS-001"), [:], STOP_ON_FAILURE): Call Test Case 'Test Cases/M05 -Edit Sosial Media/TC-LS-001' successfully

2023-10-03 13:48:29 - [TEST_CASE][PASSED] - Test Cases/M05 -Edit Sosial Media/TC-LS-001: Test Cases/M05 -Edit Sosial Media/TC-LS-001

2023-10-03 13:48:29 - [TEST_STEP][PASSED] - openBrowser(urlWeb): Browser is opened with url: 'https://10.9.2.63/ecommerce/'

2023-10-03 13:48:29 - [MESSAGE][WARNING] - A browser is already opened. Closing browser and opening a new one

2023-10-03 13:48:30 - [MESSAGE][INFO] - Starting 'Edge Chromium' driver

2023-10-03 13:48:30 - [MESSAGE][INFO] - User set preference: ['acceptInsecureCerts', 'true']

2023-10-03 13:48:32 - [MESSAGE][INFO] - Action delay is set to 0 milliseconds

2023-10-03 13:48:36 - [MESSAGE][PASSED] - Browser is opened with url: 'https://10.9.2.63/ecommerce/'

2023-10-03 13:48:36 - [TEST_STEP][PASSED] - maximizeWindow(): Current window maximized

2023-10-03 13:48:36 - [MESSAGE][PASSED] - Current window maximized

2023-10-03 13:48:36 - [TEST_STEP][PASSED] - click(findTestObject("Login/a_Login")): Object: 'Object Repository/Login/a_Login' is clicked on

2023-10-03 13:48:37 - [MESSAGE][PASSED] - Object: 'Object Repository/Login/a_Login' is clicked on

2023-10-03 13:48:37 - [TEST_STEP][PASSED] - setText(findTestObject("Login/input_Username, Email atau No. Handphone_a"), "runa36"): Text 'runa36' is set on object 'Object Repository/Login/input_Username, Email atau No. Handphone_a'

2023-10-03 13:48:38 - [MESSAGE][PASSED] - Text 'runa36' is set on object 'Object Repository/Login/input_Username, Email atau No. Handphone_a'

2023-10-03 13:48:38 - [TEST_STEP][PASSED] - setEncryptedText(findTestObject("Login/input_Password di Login(Masuk)"), "qbkrdMwyWE4="): Text ****** has been set on object 'Object Repository/Login/input_Password di Login(Masuk)'

2023-10-03 13:48:38 - [MESSAGE][PASSED] - Text ****** has been set on object 'Object Repository/Login/input_Password di Login(Masuk)'

2023-10-03 13:48:38 - [TEST_STEP][PASSED] - click(findTestObject("Login/button_Masuk di halaman login")): Object: 'Object Repository/Login/button_Masuk di halaman login' is clicked on

2023-10-03 13:48:39 - [MESSAGE][PASSED] - Object: 'Object Repository/Login/button_Masuk di halaman login' is clicked on

2023-10-03 13:48:39 - [TEST_STEP][PASSED] - verifyElementPresent(findTestObject("edit sosial media/verifikasi masuk halaman biodata diri"), 0): Object 'Object Repository/edit sosial media/verifikasi masuk halaman biodata diri' is present

2023-10-03 13:48:39 - [MESSAGE][WARNING] - Timeout '0' is invalid. Using default page load timeout: '30'

2023-10-03 13:48:40 - [MESSAGE][PASSED] - Object 'Object Repository/edit sosial media/verifikasi masuk halaman biodata diri' is present

2023-10-03 13:48:40 - [MESSAGE][PASSED] - Call Test Case 'Test Cases/M05 -Edit Sosial Media/TC-LS-001' successfully

2023-10-03 13:48:40 - [TEST_STEP][PASSED] - verifyElementPresent(findTestObject("edit sosial media/verifikasi masuk halaman biodata diri"), 0): Object 'Object Repository/edit sosial media/verifikasi masuk halaman biodata diri' is present

2023-10-03 13:48:40 - [MESSAGE][WARNING] - Timeout '0' is invalid. Using default page load timeout: '30'

2023-10-03 13:48:40 - [MESSAGE][PASSED] - Object 'Object Repository/edit sosial media/verifikasi masuk halaman biodata diri' is present

2023-10-03 13:48:40 - [TEST_STEP][PASSED] - click(findTestObject("edit sosial media/a_Sosmed")): Object: 'Object Repository/edit sosial media/a_Sosmed' is clicked on

2023-10-03 13:48:42 - [MESSAGE][PASSED] - Object: 'Object Repository/edit sosial media/a_Sosmed' is clicked on

2023-10-03 13:48:42 - [TEST_STEP][PASSED] - click(findTestObject("edit sosial media/Edit Sosial Media")): Object: 'Object Repository/edit sosial media/Edit Sosial Media' is clicked on

2023-10-03 13:48:43 - [MESSAGE][PASSED] - Object: 'Object Repository/edit sosial media/Edit Sosial Media' is clicked on

2023-10-03 13:48:43 - [TEST_STEP][PASSED] - clearText(findTestObject("edit sosial media/input_Facebook_a")): Text of object 'Object Repository/edit sosial media/input_Facebook_a' is cleared

2023-10-03 13:48:44 - [MESSAGE][PASSED] - Text of object 'Object Repository/edit sosial media/input_Facebook_a' is cleared

2023-10-03 13:48:44 - [TEST_STEP][PASSED] - setText(findTestObject("edit sosial media/input_Facebook_a"), Facebook): Text 'Runarun' is set on object 'Object Repository/edit sosial media/input_Facebook_a'

2023-10-03 13:48:45 - [MESSAGE][PASSED] - Text 'Runarun' is set on object 'Object Repository/edit sosial media/input_Facebook_a'

2023-10-03 13:48:45 - [TEST_STEP][PASSED] - clearText(findTestObject("edit sosial media/input_Twitter_b")): Text of object 'Object Repository/edit sosial media/input_Twitter_b' is cleared

2023-10-03 13:48:45 - [MESSAGE][PASSED] - Text of object 'Object Repository/edit sosial media/input_Twitter_b' is cleared

2023-10-03 13:48:45 - [TEST_STEP][PASSED] - setText(findTestObject("edit sosial media/input_Twitter_b"), Twitter): Text 'Runaya71' is set on object 'Object Repository/edit sosial media/input_Twitter_b'

2023-10-03 13:48:46 - [MESSAGE][PASSED] - Text 'Runaya71' is set on object 'Object Repository/edit sosial media/input_Twitter_b'

2023-10-03 13:48:46 - [TEST_STEP][PASSED] - clearText(findTestObject("edit sosial media/input_Instagram_c")): Text of object 'Object Repository/edit sosial media/input_Instagram_c' is cleared

2023-10-03 13:48:47 - [MESSAGE][PASSED] - Text of object 'Object Repository/edit sosial media/input_Instagram_c' is cleared

2023-10-03 13:48:47 - [TEST_STEP][PASSED] - setText(findTestObject("edit sosial media/input_Instagram_c"), Instagram): Text 'Runarun' is set on object 'Object Repository/edit sosial media/input_Instagram_c'

2023-10-03 13:48:48 - [MESSAGE][PASSED] - Text 'Runarun' is set on object 'Object Repository/edit sosial media/input_Instagram_c'

2023-10-03 13:48:48 - [TEST_STEP][PASSED] - clearText(findTestObject("edit sosial media/input_Whatsapp_d")): Text of object 'Object Repository/edit sosial media/input_Whatsapp_d' is cleared

2023-10-03 13:48:48 - [MESSAGE][PASSED] - Text of object 'Object Repository/edit sosial media/input_Whatsapp_d' is cleared

2023-10-03 13:48:48 - [TEST_STEP][PASSED] - setText(findTestObject("edit sosial media/input_Whatsapp_d"), Whatsapp): Text '+6281122223333' is set on object 'Object Repository/edit sosial media/input_Whatsapp_d'

2023-10-03 13:48:49 - [MESSAGE][PASSED] - Text '+6281122223333' is set on object 'Object Repository/edit sosial media/input_Whatsapp_d'

2023-10-03 13:48:49 - [TEST_STEP][PASSED] - clearText(findTestObject("edit sosial media/input_Telegram_e")): Text of object 'Object Repository/edit sosial media/input_Telegram_e' is cleared

2023-10-03 13:48:50 - [MESSAGE][PASSED] - Text of object 'Object Repository/edit sosial media/input_Telegram_e' is cleared

2023-10-03 13:48:50 - [TEST_STEP][PASSED] - setText(findTestObject("edit sosial media/input_Telegram_e"), Telegram): Text '@Runaya71' is set on object 'Object Repository/edit sosial media/input_Telegram_e'

2023-10-03 13:48:51 - [MESSAGE][PASSED] - Text '@Runaya71' is set on object 'Object Repository/edit sosial media/input_Telegram_e'

2023-10-03 13:48:51 - [TEST_STEP][PASSED] - clearText(findTestObject("edit sosial media/input_Youtube_f")): Text of object 'Object Repository/edit sosial media/input_Youtube_f' is cleared

2023-10-03 13:48:51 - [MESSAGE][PASSED] - Text of object 'Object Repository/edit sosial media/input_Youtube_f' is cleared

2023-10-03 13:48:51 - [TEST_STEP][PASSED] - setText(findTestObject("edit sosial media/input_Youtube_f"), Youtube): Text 'Runarun' is set on object 'Object Repository/edit sosial media/input_Youtube_f'

2023-10-03 13:48:52 - [MESSAGE][PASSED] - Text 'Runarun' is set on object 'Object Repository/edit sosial media/input_Youtube_f'

2023-10-03 13:48:52 - [TEST_STEP][PASSED] - clearText(findTestObject("edit sosial media/input_LinkedIn_g")): Text of object 'Object Repository/edit sosial media/input_LinkedIn_g' is cleared

2023-10-03 13:48:53 - [MESSAGE][PASSED] - Text of object 'Object Repository/edit sosial media/input_LinkedIn_g' is cleared

2023-10-03 13:48:53 - [TEST_STEP][PASSED] - setText(findTestObject("edit sosial media/input_LinkedIn_g"), LinkedIn): Text 'RunaOkta' is set on object 'Object Repository/edit sosial media/input_LinkedIn_g'

2023-10-03 13:48:53 - [MESSAGE][PASSED] - Text 'RunaOkta' is set on object 'Object Repository/edit sosial media/input_LinkedIn_g'

2023-10-03 13:48:53 - [TEST_STEP][PASSED] - clearText(findTestObject("edit sosial media/input_Google_h")): Text of object 'Object Repository/edit sosial media/input_Google_h' is cleared

2023-10-03 13:48:54 - [MESSAGE][PASSED] - Text of object 'Object Repository/edit sosial media/input_Google_h' is cleared

2023-10-03 13:48:54 - [TEST_STEP][PASSED] - setText(findTestObject("edit sosial media/input_Google_h"), Google): Text '+Runaya' is set on object 'Object Repository/edit sosial media/input_Google_h'

2023-10-03 13:48:55 - [MESSAGE][PASSED] - Text '+Runaya' is set on object 'Object Repository/edit sosial media/input_Google_h'

2023-10-03 13:48:55 - [TEST_STEP][PASSED] - click(findTestObject("edit sosial media/center_Simpan Sosial Media")): Object: 'Object Repository/edit sosial media/center_Simpan Sosial Media' is clicked on

2023-10-03 13:48:56 - [MESSAGE][PASSED] - Object: 'Object Repository/edit sosial media/center_Simpan Sosial Media' is clicked on

2023-10-03 13:48:56 - [TEST_STEP][PASSED] - face = getText(findTestObject("hasil sosmed/hasil facebook_a")): Text of object 'Object Repository/hasil sosmed/hasil facebook_a' is: 'Runarun'

2023-10-03 13:48:57 - [MESSAGE][PASSED] - Text of object 'Object Repository/hasil sosmed/hasil facebook_a' is: 'Runarun'

2023-10-03 13:48:57 - [TEST_STEP][PASSED] - Twit = getText(findTestObject("hasil sosmed/hasil twitter_b")): Text of object 'Object Repository/hasil sosmed/hasil twitter_b' is: 'Runaya71'

2023-10-03 13:48:57 - [MESSAGE][PASSED] - Text of object 'Object Repository/hasil sosmed/hasil twitter_b' is: 'Runaya71'

2023-10-03 13:48:57 - [TEST_STEP][PASSED] - insta = getText(findTestObject("hasil sosmed/hasil Instagram_c")): Text of object 'Object Repository/hasil sosmed/hasil Instagram_c' is: 'Runarun'

2023-10-03 13:48:58 - [MESSAGE][PASSED] - Text of object 'Object Repository/hasil sosmed/hasil Instagram_c' is: 'Runarun'

2023-10-03 13:48:58 - [TEST_STEP][PASSED] - wa = getText(findTestObject("hasil sosmed/hasil whatsapp d")): Text of object 'Object Repository/hasil sosmed/hasil whatsapp d' is: '+6281122223333'

2023-10-03 13:48:58 - [MESSAGE][PASSED] - Text of object 'Object Repository/hasil sosmed/hasil whatsapp d' is: '+6281122223333'

2023-10-03 13:48:58 - [TEST_STEP][PASSED] - tele = getText(findTestObject("hasil sosmed/hasil Telegram e")): Text of object 'Object Repository/hasil sosmed/hasil Telegram e' is: '@Runaya71'

2023-10-03 13:48:59 - [MESSAGE][PASSED] - Text of object 'Object Repository/hasil sosmed/hasil Telegram e' is: '@Runaya71'

2023-10-03 13:48:59 - [TEST_STEP][PASSED] - yout = getText(findTestObject("hasil sosmed/hasil youtube f")): Text of object 'Object Repository/hasil sosmed/hasil youtube f' is: 'Runarun'

2023-10-03 13:48:59 - [MESSAGE][PASSED] - Text of object 'Object Repository/hasil sosmed/hasil youtube f' is: 'Runarun'

2023-10-03 13:48:59 - [TEST_STEP][PASSED] - lin = getText(findTestObject("hasil sosmed/hasil linkedin g")): Text of object 'Object Repository/hasil sosmed/hasil linkedin g' is: 'RunaOkta'

2023-10-03 13:49:00 - [MESSAGE][PASSED] - Text of object 'Object Repository/hasil sosmed/hasil linkedin g' is: 'RunaOkta'

2023-10-03 13:49:00 - [TEST_STEP][PASSED] - goo = getText(findTestObject("hasil sosmed/hasil google h")): Text of object 'Object Repository/hasil sosmed/hasil google h' is: '+Runaya'

2023-10-03 13:49:00 - [MESSAGE][PASSED] - Text of object 'Object Repository/hasil sosmed/hasil google h' is: '+Runaya'

2023-10-03 13:49:00 - [TEST_STEP][PASSED] - assert trim().equalsIgnoreCase(Facebook.trim()): null

2023-10-03 13:49:00 - [TEST_STEP][PASSED] - assert trim().equalsIgnoreCase(Twitter.trim()): null

2023-10-03 13:49:00 - [TEST_STEP][PASSED] - assert trim().equalsIgnoreCase(Instagram.trim()): null

2023-10-03 13:49:00 - [TEST_STEP][PASSED] - assert trim().equalsIgnoreCase(Whatsapp.trim()): null

2023-10-03 13:49:00 - [TEST_STEP][PASSED] - assert trim().equalsIgnoreCase(Telegram.trim()): null

2023-10-03 13:49:00 - [TEST_STEP][PASSED] - assert trim().equalsIgnoreCase(Youtube.trim()): null

2023-10-03 13:49:00 - [TEST_STEP][PASSED] - assert trim().equalsIgnoreCase(LinkedIn.trim()): null

2023-10-03 13:49:00 - [TEST_STEP][PASSED] - assert trim().equalsIgnoreCase(Google.trim()): null]]></system-out>
         <system-err><![CDATA[]]></system-err>
      </testcase>
      <testcase name="Test Cases/M05 -Edit Sosial Media/TC-ESMS-002" time="19.939" classname="Test Cases/M05 -Edit Sosial Media/TC-ESMS-002" status="PASSED">
         <system-out><![CDATA[2023-10-03 13:49:00 - [TEST_CASE][PASSED] - Test Cases/M05 -Edit Sosial Media/TC-ESMS-002: Test Cases/M05 -Edit Sosial Media/TC-ESMS-002

2023-10-03 13:49:01 - [TEST_STEP][PASSED] - callTestCase(findTestCase("M05 -Edit Sosial Media/TC-LS-001"), [:], STOP_ON_FAILURE): Call Test Case 'Test Cases/M05 -Edit Sosial Media/TC-LS-001' successfully

2023-10-03 13:49:01 - [TEST_CASE][PASSED] - Test Cases/M05 -Edit Sosial Media/TC-LS-001: Test Cases/M05 -Edit Sosial Media/TC-LS-001

2023-10-03 13:49:01 - [TEST_STEP][PASSED] - openBrowser(urlWeb): Browser is opened with url: 'https://10.9.2.63/ecommerce/'

2023-10-03 13:49:01 - [MESSAGE][WARNING] - A browser is already opened. Closing browser and opening a new one

2023-10-03 13:49:02 - [MESSAGE][INFO] - Starting 'Edge Chromium' driver

2023-10-03 13:49:02 - [MESSAGE][INFO] - User set preference: ['acceptInsecureCerts', 'true']

2023-10-03 13:49:04 - [MESSAGE][INFO] - Action delay is set to 0 milliseconds

2023-10-03 13:49:08 - [MESSAGE][PASSED] - Browser is opened with url: 'https://10.9.2.63/ecommerce/'

2023-10-03 13:49:08 - [TEST_STEP][PASSED] - maximizeWindow(): Current window maximized

2023-10-03 13:49:09 - [MESSAGE][PASSED] - Current window maximized

2023-10-03 13:49:09 - [TEST_STEP][PASSED] - click(findTestObject("Login/a_Login")): Object: 'Object Repository/Login/a_Login' is clicked on

2023-10-03 13:49:10 - [MESSAGE][PASSED] - Object: 'Object Repository/Login/a_Login' is clicked on

2023-10-03 13:49:10 - [TEST_STEP][PASSED] - setText(findTestObject("Login/input_Username, Email atau No. Handphone_a"), "runa36"): Text 'runa36' is set on object 'Object Repository/Login/input_Username, Email atau No. Handphone_a'

2023-10-03 13:49:11 - [MESSAGE][PASSED] - Text 'runa36' is set on object 'Object Repository/Login/input_Username, Email atau No. Handphone_a'

2023-10-03 13:49:11 - [TEST_STEP][PASSED] - setEncryptedText(findTestObject("Login/input_Password di Login(Masuk)"), "qbkrdMwyWE4="): Text ****** has been set on object 'Object Repository/Login/input_Password di Login(Masuk)'

2023-10-03 13:49:11 - [MESSAGE][PASSED] - Text ****** has been set on object 'Object Repository/Login/input_Password di Login(Masuk)'

2023-10-03 13:49:11 - [TEST_STEP][PASSED] - click(findTestObject("Login/button_Masuk di halaman login")): Object: 'Object Repository/Login/button_Masuk di halaman login' is clicked on

2023-10-03 13:49:12 - [MESSAGE][PASSED] - Object: 'Object Repository/Login/button_Masuk di halaman login' is clicked on

2023-10-03 13:49:12 - [TEST_STEP][PASSED] - verifyElementPresent(findTestObject("edit sosial media/verifikasi masuk halaman biodata diri"), 0): Object 'Object Repository/edit sosial media/verifikasi masuk halaman biodata diri' is present

2023-10-03 13:49:12 - [MESSAGE][WARNING] - Timeout '0' is invalid. Using default page load timeout: '30'

2023-10-03 13:49:13 - [MESSAGE][PASSED] - Object 'Object Repository/edit sosial media/verifikasi masuk halaman biodata diri' is present

2023-10-03 13:49:13 - [MESSAGE][PASSED] - Call Test Case 'Test Cases/M05 -Edit Sosial Media/TC-LS-001' successfully

2023-10-03 13:49:13 - [TEST_STEP][PASSED] - verifyElementPresent(findTestObject("edit sosial media/verifikasi masuk halaman biodata diri"), 0): Object 'Object Repository/edit sosial media/verifikasi masuk halaman biodata diri' is present

2023-10-03 13:49:13 - [MESSAGE][WARNING] - Timeout '0' is invalid. Using default page load timeout: '30'

2023-10-03 13:49:13 - [MESSAGE][PASSED] - Object 'Object Repository/edit sosial media/verifikasi masuk halaman biodata diri' is present

2023-10-03 13:49:13 - [TEST_STEP][PASSED] - click(findTestObject("edit sosial media/a_Sosmed")): Object: 'Object Repository/edit sosial media/a_Sosmed' is clicked on

2023-10-03 13:49:14 - [MESSAGE][PASSED] - Object: 'Object Repository/edit sosial media/a_Sosmed' is clicked on

2023-10-03 13:49:14 - [TEST_STEP][PASSED] - click(findTestObject("edit sosial media/Edit Sosial Media")): Object: 'Object Repository/edit sosial media/Edit Sosial Media' is clicked on

2023-10-03 13:49:15 - [MESSAGE][PASSED] - Object: 'Object Repository/edit sosial media/Edit Sosial Media' is clicked on

2023-10-03 13:49:15 - [TEST_STEP][PASSED] - clearText(findTestObject("edit sosial media/input_Facebook_a")): Text of object 'Object Repository/edit sosial media/input_Facebook_a' is cleared

2023-10-03 13:49:16 - [MESSAGE][PASSED] - Text of object 'Object Repository/edit sosial media/input_Facebook_a' is cleared

2023-10-03 13:49:16 - [TEST_STEP][PASSED] - setText(findTestObject("edit sosial media/input_Facebook_a"), facebook): Text 'Runaya' is set on object 'Object Repository/edit sosial media/input_Facebook_a'

2023-10-03 13:49:17 - [MESSAGE][PASSED] - Text 'Runaya' is set on object 'Object Repository/edit sosial media/input_Facebook_a'

2023-10-03 13:49:17 - [TEST_STEP][PASSED] - clearText(findTestObject("edit sosial media/input_Instagram_c")): Text of object 'Object Repository/edit sosial media/input_Instagram_c' is cleared

2023-10-03 13:49:18 - [MESSAGE][PASSED] - Text of object 'Object Repository/edit sosial media/input_Instagram_c' is cleared

2023-10-03 13:49:18 - [TEST_STEP][PASSED] - setText(findTestObject("edit sosial media/input_Instagram_c"), instagram): Text 'Runaya' is set on object 'Object Repository/edit sosial media/input_Instagram_c'

2023-10-03 13:49:18 - [MESSAGE][PASSED] - Text 'Runaya' is set on object 'Object Repository/edit sosial media/input_Instagram_c'

2023-10-03 13:49:18 - [TEST_STEP][PASSED] - click(findTestObject("edit sosial media/center_Simpan Sosial Media")): Object: 'Object Repository/edit sosial media/center_Simpan Sosial Media' is clicked on

2023-10-03 13:49:19 - [MESSAGE][PASSED] - Object: 'Object Repository/edit sosial media/center_Simpan Sosial Media' is clicked on

2023-10-03 13:49:19 - [TEST_STEP][PASSED] - face = getText(findTestObject("Object Repository/hasil sosmed/hasil facebook_a")): Text of object 'Object Repository/hasil sosmed/hasil facebook_a' is: 'Runaya'

2023-10-03 13:49:20 - [MESSAGE][PASSED] - Text of object 'Object Repository/hasil sosmed/hasil facebook_a' is: 'Runaya'

2023-10-03 13:49:20 - [TEST_STEP][PASSED] - insta = getText(findTestObject("Object Repository/hasil sosmed/hasil Instagram_c")): Text of object 'Object Repository/hasil sosmed/hasil Instagram_c' is: 'Runaya'

2023-10-03 13:49:20 - [MESSAGE][PASSED] - Text of object 'Object Repository/hasil sosmed/hasil Instagram_c' is: 'Runaya'

2023-10-03 13:49:20 - [TEST_STEP][PASSED] - assert trim().equalsIgnoreCase(facebook.trim()): null

2023-10-03 13:49:20 - [TEST_STEP][PASSED] - assert trim().equalsIgnoreCase(instagram.trim()): null]]></system-out>
         <system-err><![CDATA[]]></system-err>
      </testcase>
      <testcase name="Test Cases/M05 -Edit Sosial Media/TC-ESMS-003" time="18.183" classname="Test Cases/M05 -Edit Sosial Media/TC-ESMS-003" status="FAILED">
         <failure type="FAILED" message="Test Cases/M05 -Edit Sosial Media/TC-ESMS-003 FAILED.
Reason:
Assertion failed: 

assert twit.toString().trim().equalsIgnoreCase(twitter.trim())
       |    |          |      |                |       |
       -    -          -      false            &quot;&quot;      &quot;&quot;

	at TC-ESMS-003.run(TC-ESMS-003:36)
	at com.kms.katalon.core.main.ScriptEngine.run(ScriptEngine.java:194)
	at com.kms.katalon.core.main.ScriptEngine.runScriptAsRawText(ScriptEngine.java:119)
	at com.kms.katalon.core.main.TestCaseExecutor.runScript(TestCaseExecutor.java:448)
	at com.kms.katalon.core.main.TestCaseExecutor.doExecute(TestCaseExecutor.java:439)
	at com.kms.katalon.core.main.TestCaseExecutor.processExecutionPhase(TestCaseExecutor.java:418)
	at com.kms.katalon.core.main.TestCaseExecutor.accessMainPhase(TestCaseExecutor.java:410)
	at com.kms.katalon.core.main.TestCaseExecutor.execute(TestCaseExecutor.java:285)
	at com.kms.katalon.core.common.CommonExecutor.accessTestCaseMainPhase(CommonExecutor.java:65)
	at com.kms.katalon.core.main.TestSuiteExecutor.accessTestSuiteMainPhase(TestSuiteExecutor.java:148)
	at com.kms.katalon.core.main.TestSuiteExecutor.execute(TestSuiteExecutor.java:106)
	at com.kms.katalon.core.main.TestCaseMain.startTestSuite(TestCaseMain.java:187)
	at com.kms.katalon.core.main.TestCaseMain$startTestSuite$0.call(Unknown Source)
	at TempTestSuite1696315667156.run(TempTestSuite1696315667156.groovy:36)
"/>
         <system-out><![CDATA[2023-10-03 13:49:21 - [TEST_CASE][FAILED] - Test Cases/M05 -Edit Sosial Media/TC-ESMS-003: Test Cases/M05 -Edit Sosial Media/TC-ESMS-003 FAILED.
Reason:
Assertion failed: 

assert twit.toString().trim().equalsIgnoreCase(twitter.trim())
       |    |          |      |                |       |
       -    -          -      false            ""      ""

	at TC-ESMS-003.run(TC-ESMS-003:36)
	at com.kms.katalon.core.main.ScriptEngine.run(ScriptEngine.java:194)
	at com.kms.katalon.core.main.ScriptEngine.runScriptAsRawText(ScriptEngine.java:119)
	at com.kms.katalon.core.main.TestCaseExecutor.runScript(TestCaseExecutor.java:448)
	at com.kms.katalon.core.main.TestCaseExecutor.doExecute(TestCaseExecutor.java:439)
	at com.kms.katalon.core.main.TestCaseExecutor.processExecutionPhase(TestCaseExecutor.java:418)
	at com.kms.katalon.core.main.TestCaseExecutor.accessMainPhase(TestCaseExecutor.java:410)
	at com.kms.katalon.core.main.TestCaseExecutor.execute(TestCaseExecutor.java:285)
	at com.kms.katalon.core.common.CommonExecutor.accessTestCaseMainPhase(CommonExecutor.java:65)
	at com.kms.katalon.core.main.TestSuiteExecutor.accessTestSuiteMainPhase(TestSuiteExecutor.java:148)
	at com.kms.katalon.core.main.TestSuiteExecutor.execute(TestSuiteExecutor.java:106)
	at com.kms.katalon.core.main.TestCaseMain.startTestSuite(TestCaseMain.java:187)
	at com.kms.katalon.core.main.TestCaseMain$startTestSuite$0.call(Unknown Source)
	at TempTestSuite1696315667156.run(TempTestSuite1696315667156.groovy:36)


2023-10-03 13:49:21 - [TEST_STEP][PASSED] - callTestCase(findTestCase("M05 -Edit Sosial Media/TC-LS-001"), [:], STOP_ON_FAILURE): Call Test Case 'Test Cases/M05 -Edit Sosial Media/TC-LS-001' successfully

2023-10-03 13:49:21 - [TEST_CASE][PASSED] - Test Cases/M05 -Edit Sosial Media/TC-LS-001: Test Cases/M05 -Edit Sosial Media/TC-LS-001

2023-10-03 13:49:21 - [TEST_STEP][PASSED] - openBrowser(urlWeb): Browser is opened with url: 'https://10.9.2.63/ecommerce/'

2023-10-03 13:49:21 - [MESSAGE][WARNING] - A browser is already opened. Closing browser and opening a new one

2023-10-03 13:49:22 - [MESSAGE][INFO] - Starting 'Edge Chromium' driver

2023-10-03 13:49:22 - [MESSAGE][INFO] - User set preference: ['acceptInsecureCerts', 'true']

2023-10-03 13:49:24 - [MESSAGE][INFO] - Action delay is set to 0 milliseconds

2023-10-03 13:49:28 - [MESSAGE][PASSED] - Browser is opened with url: 'https://10.9.2.63/ecommerce/'

2023-10-03 13:49:28 - [TEST_STEP][PASSED] - maximizeWindow(): Current window maximized

2023-10-03 13:49:28 - [MESSAGE][PASSED] - Current window maximized

2023-10-03 13:49:28 - [TEST_STEP][PASSED] - click(findTestObject("Login/a_Login")): Object: 'Object Repository/Login/a_Login' is clicked on

2023-10-03 13:49:29 - [MESSAGE][PASSED] - Object: 'Object Repository/Login/a_Login' is clicked on

2023-10-03 13:49:29 - [TEST_STEP][PASSED] - setText(findTestObject("Login/input_Username, Email atau No. Handphone_a"), "runa36"): Text 'runa36' is set on object 'Object Repository/Login/input_Username, Email atau No. Handphone_a'

2023-10-03 13:49:30 - [MESSAGE][PASSED] - Text 'runa36' is set on object 'Object Repository/Login/input_Username, Email atau No. Handphone_a'

2023-10-03 13:49:30 - [TEST_STEP][PASSED] - setEncryptedText(findTestObject("Login/input_Password di Login(Masuk)"), "qbkrdMwyWE4="): Text ****** has been set on object 'Object Repository/Login/input_Password di Login(Masuk)'

2023-10-03 13:49:31 - [MESSAGE][PASSED] - Text ****** has been set on object 'Object Repository/Login/input_Password di Login(Masuk)'

2023-10-03 13:49:31 - [TEST_STEP][PASSED] - click(findTestObject("Login/button_Masuk di halaman login")): Object: 'Object Repository/Login/button_Masuk di halaman login' is clicked on

2023-10-03 13:49:32 - [MESSAGE][PASSED] - Object: 'Object Repository/Login/button_Masuk di halaman login' is clicked on

2023-10-03 13:49:32 - [TEST_STEP][PASSED] - verifyElementPresent(findTestObject("edit sosial media/verifikasi masuk halaman biodata diri"), 0): Object 'Object Repository/edit sosial media/verifikasi masuk halaman biodata diri' is present

2023-10-03 13:49:32 - [MESSAGE][WARNING] - Timeout '0' is invalid. Using default page load timeout: '30'

2023-10-03 13:49:33 - [MESSAGE][PASSED] - Object 'Object Repository/edit sosial media/verifikasi masuk halaman biodata diri' is present

2023-10-03 13:49:33 - [MESSAGE][PASSED] - Call Test Case 'Test Cases/M05 -Edit Sosial Media/TC-LS-001' successfully

2023-10-03 13:49:33 - [TEST_STEP][PASSED] - verifyElementPresent(findTestObject("edit sosial media/verifikasi masuk halaman biodata diri"), 0): Object 'Object Repository/edit sosial media/verifikasi masuk halaman biodata diri' is present

2023-10-03 13:49:33 - [MESSAGE][WARNING] - Timeout '0' is invalid. Using default page load timeout: '30'

2023-10-03 13:49:33 - [MESSAGE][PASSED] - Object 'Object Repository/edit sosial media/verifikasi masuk halaman biodata diri' is present

2023-10-03 13:49:33 - [TEST_STEP][PASSED] - click(findTestObject("edit sosial media/a_Sosmed")): Object: 'Object Repository/edit sosial media/a_Sosmed' is clicked on

2023-10-03 13:49:34 - [MESSAGE][PASSED] - Object: 'Object Repository/edit sosial media/a_Sosmed' is clicked on

2023-10-03 13:49:34 - [TEST_STEP][PASSED] - click(findTestObject("edit sosial media/Edit Sosial Media")): Object: 'Object Repository/edit sosial media/Edit Sosial Media' is clicked on

2023-10-03 13:49:35 - [MESSAGE][PASSED] - Object: 'Object Repository/edit sosial media/Edit Sosial Media' is clicked on

2023-10-03 13:49:35 - [TEST_STEP][PASSED] - clearText(findTestObject("edit sosial media/input_Twitter_b")): Text of object 'Object Repository/edit sosial media/input_Twitter_b' is cleared

2023-10-03 13:49:36 - [MESSAGE][PASSED] - Text of object 'Object Repository/edit sosial media/input_Twitter_b' is cleared

2023-10-03 13:49:36 - [TEST_STEP][PASSED] - setText(findTestObject("edit sosial media/input_Twitter_b"), twitter): Text '' is set on object 'Object Repository/edit sosial media/input_Twitter_b'

2023-10-03 13:49:37 - [MESSAGE][PASSED] - Text '' is set on object 'Object Repository/edit sosial media/input_Twitter_b'

2023-10-03 13:49:37 - [TEST_STEP][PASSED] - click(findTestObject("edit sosial media/center_Simpan Sosial Media")): Object: 'Object Repository/edit sosial media/center_Simpan Sosial Media' is clicked on

2023-10-03 13:49:38 - [MESSAGE][PASSED] - Object: 'Object Repository/edit sosial media/center_Simpan Sosial Media' is clicked on

2023-10-03 13:49:38 - [TEST_STEP][PASSED] - twit = getText(findTestObject("Object Repository/hasil sosmed/hasil twitter_b")): Text of object 'Object Repository/hasil sosmed/hasil twitter_b' is: '-'

2023-10-03 13:49:39 - [MESSAGE][PASSED] - Text of object 'Object Repository/hasil sosmed/hasil twitter_b' is: '-'

2023-10-03 13:49:39 - [TEST_STEP][FAILED] - assert trim().equalsIgnoreCase(twitter.trim()): Test Cases/M05 -Edit Sosial Media/TC-ESMS-003 FAILED.
Reason:
Assertion failed: 

assert twit.toString().trim().equalsIgnoreCase(twitter.trim())
       |    |          |      |                |       |
       -    -          -      false            ""      ""

	at TC-ESMS-003.run(TC-ESMS-003:36)
	at com.kms.katalon.core.main.ScriptEngine.run(ScriptEngine.java:194)
	at com.kms.katalon.core.main.ScriptEngine.runScriptAsRawText(ScriptEngine.java:119)
	at com.kms.katalon.core.main.TestCaseExecutor.runScript(TestCaseExecutor.java:448)
	at com.kms.katalon.core.main.TestCaseExecutor.doExecute(TestCaseExecutor.java:439)
	at com.kms.katalon.core.main.TestCaseExecutor.processExecutionPhase(TestCaseExecutor.java:418)
	at com.kms.katalon.core.main.TestCaseExecutor.accessMainPhase(TestCaseExecutor.java:410)
	at com.kms.katalon.core.main.TestCaseExecutor.execute(TestCaseExecutor.java:285)
	at com.kms.katalon.core.common.CommonExecutor.accessTestCaseMainPhase(CommonExecutor.java:65)
	at com.kms.katalon.core.main.TestSuiteExecutor.accessTestSuiteMainPhase(TestSuiteExecutor.java:148)
	at com.kms.katalon.core.main.TestSuiteExecutor.execute(TestSuiteExecutor.java:106)
	at com.kms.katalon.core.main.TestCaseMain.startTestSuite(TestCaseMain.java:187)
	at com.kms.katalon.core.main.TestCaseMain$startTestSuite$0.call(Unknown Source)
	at TempTestSuite1696315667156.run(TempTestSuite1696315667156.groovy:36)


2023-10-03 13:49:39 - [MESSAGE][FAILED] - Test Cases/M05 -Edit Sosial Media/TC-ESMS-003 FAILED.
Reason:
Assertion failed: 

assert twit.toString().trim().equalsIgnoreCase(twitter.trim())
       |    |          |      |                |       |
       -    -          -      false            ""      ""

	at TC-ESMS-003.run(TC-ESMS-003:36)
	at com.kms.katalon.core.main.ScriptEngine.run(ScriptEngine.java:194)
	at com.kms.katalon.core.main.ScriptEngine.runScriptAsRawText(ScriptEngine.java:119)
	at com.kms.katalon.core.main.TestCaseExecutor.runScript(TestCaseExecutor.java:448)
	at com.kms.katalon.core.main.TestCaseExecutor.doExecute(TestCaseExecutor.java:439)
	at com.kms.katalon.core.main.TestCaseExecutor.processExecutionPhase(TestCaseExecutor.java:418)
	at com.kms.katalon.core.main.TestCaseExecutor.accessMainPhase(TestCaseExecutor.java:410)
	at com.kms.katalon.core.main.TestCaseExecutor.execute(TestCaseExecutor.java:285)
	at com.kms.katalon.core.common.CommonExecutor.accessTestCaseMainPhase(CommonExecutor.java:65)
	at com.kms.katalon.core.main.TestSuiteExecutor.accessTestSuiteMainPhase(TestSuiteExecutor.java:148)
	at com.kms.katalon.core.main.TestSuiteExecutor.execute(TestSuiteExecutor.java:106)
	at com.kms.katalon.core.main.TestCaseMain.startTestSuite(TestCaseMain.java:187)
	at com.kms.katalon.core.main.TestCaseMain$startTestSuite$0.call(Unknown Source)
	at TempTestSuite1696315667156.run(TempTestSuite1696315667156.groovy:36)]]></system-out>
         <system-err><![CDATA[2023-10-03 13:49:21 - [TEST_CASE][FAILED] - Test Cases/M05 -Edit Sosial Media/TC-ESMS-003: Test Cases/M05 -Edit Sosial Media/TC-ESMS-003 FAILED.
Reason:
Assertion failed: 

assert twit.toString().trim().equalsIgnoreCase(twitter.trim())
       |    |          |      |                |       |
       -    -          -      false            ""      ""

	at TC-ESMS-003.run(TC-ESMS-003:36)
	at com.kms.katalon.core.main.ScriptEngine.run(ScriptEngine.java:194)
	at com.kms.katalon.core.main.ScriptEngine.runScriptAsRawText(ScriptEngine.java:119)
	at com.kms.katalon.core.main.TestCaseExecutor.runScript(TestCaseExecutor.java:448)
	at com.kms.katalon.core.main.TestCaseExecutor.doExecute(TestCaseExecutor.java:439)
	at com.kms.katalon.core.main.TestCaseExecutor.processExecutionPhase(TestCaseExecutor.java:418)
	at com.kms.katalon.core.main.TestCaseExecutor.accessMainPhase(TestCaseExecutor.java:410)
	at com.kms.katalon.core.main.TestCaseExecutor.execute(TestCaseExecutor.java:285)
	at com.kms.katalon.core.common.CommonExecutor.accessTestCaseMainPhase(CommonExecutor.java:65)
	at com.kms.katalon.core.main.TestSuiteExecutor.accessTestSuiteMainPhase(TestSuiteExecutor.java:148)
	at com.kms.katalon.core.main.TestSuiteExecutor.execute(TestSuiteExecutor.java:106)
	at com.kms.katalon.core.main.TestCaseMain.startTestSuite(TestCaseMain.java:187)
	at com.kms.katalon.core.main.TestCaseMain$startTestSuite$0.call(Unknown Source)
	at TempTestSuite1696315667156.run(TempTestSuite1696315667156.groovy:36)]]></system-err>
      </testcase>
      <testcase name="Test Cases/M05 -Edit Sosial Media/TC-ESMS-004" time="19.849" classname="Test Cases/M05 -Edit Sosial Media/TC-ESMS-004" status="PASSED">
         <system-out><![CDATA[2023-10-03 13:49:39 - [TEST_CASE][PASSED] - Test Cases/M05 -Edit Sosial Media/TC-ESMS-004: Test Cases/M05 -Edit Sosial Media/TC-ESMS-004

2023-10-03 13:49:40 - [TEST_STEP][PASSED] - callTestCase(findTestCase("M05 -Edit Sosial Media/TC-LS-001"), [:], STOP_ON_FAILURE): Call Test Case 'Test Cases/M05 -Edit Sosial Media/TC-LS-001' successfully

2023-10-03 13:49:40 - [TEST_CASE][PASSED] - Test Cases/M05 -Edit Sosial Media/TC-LS-001: Test Cases/M05 -Edit Sosial Media/TC-LS-001

2023-10-03 13:49:40 - [TEST_STEP][PASSED] - openBrowser(urlWeb): Browser is opened with url: 'https://10.9.2.63/ecommerce/'

2023-10-03 13:49:40 - [MESSAGE][WARNING] - A browser is already opened. Closing browser and opening a new one

2023-10-03 13:49:41 - [MESSAGE][INFO] - Starting 'Edge Chromium' driver

2023-10-03 13:49:41 - [MESSAGE][INFO] - User set preference: ['acceptInsecureCerts', 'true']

2023-10-03 13:49:43 - [MESSAGE][INFO] - Action delay is set to 0 milliseconds

2023-10-03 13:49:46 - [MESSAGE][PASSED] - Browser is opened with url: 'https://10.9.2.63/ecommerce/'

2023-10-03 13:49:46 - [TEST_STEP][PASSED] - maximizeWindow(): Current window maximized

2023-10-03 13:49:47 - [MESSAGE][PASSED] - Current window maximized

2023-10-03 13:49:47 - [TEST_STEP][PASSED] - click(findTestObject("Login/a_Login")): Object: 'Object Repository/Login/a_Login' is clicked on

2023-10-03 13:49:47 - [MESSAGE][PASSED] - Object: 'Object Repository/Login/a_Login' is clicked on

2023-10-03 13:49:47 - [TEST_STEP][PASSED] - setText(findTestObject("Login/input_Username, Email atau No. Handphone_a"), "runa36"): Text 'runa36' is set on object 'Object Repository/Login/input_Username, Email atau No. Handphone_a'

2023-10-03 13:49:48 - [MESSAGE][PASSED] - Text 'runa36' is set on object 'Object Repository/Login/input_Username, Email atau No. Handphone_a'

2023-10-03 13:49:48 - [TEST_STEP][PASSED] - setEncryptedText(findTestObject("Login/input_Password di Login(Masuk)"), "qbkrdMwyWE4="): Text ****** has been set on object 'Object Repository/Login/input_Password di Login(Masuk)'

2023-10-03 13:49:49 - [MESSAGE][PASSED] - Text ****** has been set on object 'Object Repository/Login/input_Password di Login(Masuk)'

2023-10-03 13:49:49 - [TEST_STEP][PASSED] - click(findTestObject("Login/button_Masuk di halaman login")): Object: 'Object Repository/Login/button_Masuk di halaman login' is clicked on

2023-10-03 13:49:50 - [MESSAGE][PASSED] - Object: 'Object Repository/Login/button_Masuk di halaman login' is clicked on

2023-10-03 13:49:50 - [TEST_STEP][PASSED] - verifyElementPresent(findTestObject("edit sosial media/verifikasi masuk halaman biodata diri"), 0): Object 'Object Repository/edit sosial media/verifikasi masuk halaman biodata diri' is present

2023-10-03 13:49:50 - [MESSAGE][WARNING] - Timeout '0' is invalid. Using default page load timeout: '30'

2023-10-03 13:49:51 - [MESSAGE][PASSED] - Object 'Object Repository/edit sosial media/verifikasi masuk halaman biodata diri' is present

2023-10-03 13:49:51 - [MESSAGE][PASSED] - Call Test Case 'Test Cases/M05 -Edit Sosial Media/TC-LS-001' successfully

2023-10-03 13:49:51 - [TEST_STEP][PASSED] - verifyElementPresent(findTestObject("edit sosial media/verifikasi masuk halaman biodata diri"), 0): Object 'Object Repository/edit sosial media/verifikasi masuk halaman biodata diri' is present

2023-10-03 13:49:51 - [MESSAGE][WARNING] - Timeout '0' is invalid. Using default page load timeout: '30'

2023-10-03 13:49:51 - [MESSAGE][PASSED] - Object 'Object Repository/edit sosial media/verifikasi masuk halaman biodata diri' is present

2023-10-03 13:49:51 - [TEST_STEP][PASSED] - click(findTestObject("edit sosial media/a_Sosmed")): Object: 'Object Repository/edit sosial media/a_Sosmed' is clicked on

2023-10-03 13:49:52 - [MESSAGE][PASSED] - Object: 'Object Repository/edit sosial media/a_Sosmed' is clicked on

2023-10-03 13:49:52 - [TEST_STEP][PASSED] - click(findTestObject("edit sosial media/Edit Sosial Media")): Object: 'Object Repository/edit sosial media/Edit Sosial Media' is clicked on

2023-10-03 13:49:53 - [MESSAGE][PASSED] - Object: 'Object Repository/edit sosial media/Edit Sosial Media' is clicked on

2023-10-03 13:49:53 - [TEST_STEP][PASSED] - clearText(findTestObject("edit sosial media/input_Youtube_f")): Text of object 'Object Repository/edit sosial media/input_Youtube_f' is cleared

2023-10-03 13:49:54 - [MESSAGE][PASSED] - Text of object 'Object Repository/edit sosial media/input_Youtube_f' is cleared

2023-10-03 13:49:54 - [TEST_STEP][PASSED] - setText(findTestObject("edit sosial media/input_Youtube_f"), youtube): Text 'https://www.youtube.com/@BLACKPINK' is set on object 'Object Repository/edit sosial media/input_Youtube_f'

2023-10-03 13:49:55 - [MESSAGE][PASSED] - Text 'https://www.youtube.com/@BLACKPINK' is set on object 'Object Repository/edit sosial media/input_Youtube_f'

2023-10-03 13:49:55 - [TEST_STEP][PASSED] - clearText(findTestObject("edit sosial media/input_LinkedIn_g")): Text of object 'Object Repository/edit sosial media/input_LinkedIn_g' is cleared

2023-10-03 13:49:56 - [MESSAGE][PASSED] - Text of object 'Object Repository/edit sosial media/input_LinkedIn_g' is cleared

2023-10-03 13:49:56 - [TEST_STEP][PASSED] - setText(findTestObject("edit sosial media/input_LinkedIn_g"), linkedin): Text 'www.linkedin.com/in/blackpink' is set on object 'Object Repository/edit sosial media/input_LinkedIn_g'

2023-10-03 13:49:56 - [MESSAGE][PASSED] - Text 'www.linkedin.com/in/blackpink' is set on object 'Object Repository/edit sosial media/input_LinkedIn_g'

2023-10-03 13:49:56 - [TEST_STEP][PASSED] - click(findTestObject("edit sosial media/center_Simpan Sosial Media")): Object: 'Object Repository/edit sosial media/center_Simpan Sosial Media' is clicked on

2023-10-03 13:49:58 - [MESSAGE][PASSED] - Object: 'Object Repository/edit sosial media/center_Simpan Sosial Media' is clicked on

2023-10-03 13:49:58 - [TEST_STEP][PASSED] - yt = getText(findTestObject("hasil sosmed/hasil youtube f")): Text of object 'Object Repository/hasil sosmed/hasil youtube f' is: 'https://www.youtube.com/@BLACKPINK'

2023-10-03 13:49:58 - [MESSAGE][PASSED] - Text of object 'Object Repository/hasil sosmed/hasil youtube f' is: 'https://www.youtube.com/@BLACKPINK'

2023-10-03 13:49:58 - [TEST_STEP][PASSED] - lind = getText(findTestObject("hasil sosmed/hasil linkedin g")): Text of object 'Object Repository/hasil sosmed/hasil linkedin g' is: 'www.linkedin.com/in/blackpink'

2023-10-03 13:49:59 - [MESSAGE][PASSED] - Text of object 'Object Repository/hasil sosmed/hasil linkedin g' is: 'www.linkedin.com/in/blackpink'

2023-10-03 13:49:59 - [TEST_STEP][PASSED] - assert trim().equalsIgnoreCase(youtube.trim()): null

2023-10-03 13:49:59 - [TEST_STEP][PASSED] - assert trim().equalsIgnoreCase(linkedin.trim()): null]]></system-out>
         <system-err><![CDATA[]]></system-err>
      </testcase>
      <testcase name="Test Cases/M05 -Edit Sosial Media/TC-ESMS-005" time="18.041" classname="Test Cases/M05 -Edit Sosial Media/TC-ESMS-005" status="FAILED">
         <failure type="FAILED" message="Test Cases/M05 -Edit Sosial Media/TC-ESMS-005 FAILED.
Reason:
Assertion failed: 

assert insta == instag
       |     |  |
       |     |  Runaya
       |     false
       Johndue

	at TC-ESMS-005.run(TC-ESMS-005:38)
	at com.kms.katalon.core.main.ScriptEngine.run(ScriptEngine.java:194)
	at com.kms.katalon.core.main.ScriptEngine.runScriptAsRawText(ScriptEngine.java:119)
	at com.kms.katalon.core.main.TestCaseExecutor.runScript(TestCaseExecutor.java:448)
	at com.kms.katalon.core.main.TestCaseExecutor.doExecute(TestCaseExecutor.java:439)
	at com.kms.katalon.core.main.TestCaseExecutor.processExecutionPhase(TestCaseExecutor.java:418)
	at com.kms.katalon.core.main.TestCaseExecutor.accessMainPhase(TestCaseExecutor.java:410)
	at com.kms.katalon.core.main.TestCaseExecutor.execute(TestCaseExecutor.java:285)
	at com.kms.katalon.core.common.CommonExecutor.accessTestCaseMainPhase(CommonExecutor.java:65)
	at com.kms.katalon.core.main.TestSuiteExecutor.accessTestSuiteMainPhase(TestSuiteExecutor.java:148)
	at com.kms.katalon.core.main.TestSuiteExecutor.execute(TestSuiteExecutor.java:106)
	at com.kms.katalon.core.main.TestCaseMain.startTestSuite(TestCaseMain.java:187)
	at com.kms.katalon.core.main.TestCaseMain$startTestSuite$0.call(Unknown Source)
	at TempTestSuite1696315667156.run(TempTestSuite1696315667156.groovy:36)
"/>
         <system-out><![CDATA[2023-10-03 13:49:59 - [TEST_CASE][FAILED] - Test Cases/M05 -Edit Sosial Media/TC-ESMS-005: Test Cases/M05 -Edit Sosial Media/TC-ESMS-005 FAILED.
Reason:
Assertion failed: 

assert insta == instag
       |     |  |
       |     |  Runaya
       |     false
       Johndue

	at TC-ESMS-005.run(TC-ESMS-005:38)
	at com.kms.katalon.core.main.ScriptEngine.run(ScriptEngine.java:194)
	at com.kms.katalon.core.main.ScriptEngine.runScriptAsRawText(ScriptEngine.java:119)
	at com.kms.katalon.core.main.TestCaseExecutor.runScript(TestCaseExecutor.java:448)
	at com.kms.katalon.core.main.TestCaseExecutor.doExecute(TestCaseExecutor.java:439)
	at com.kms.katalon.core.main.TestCaseExecutor.processExecutionPhase(TestCaseExecutor.java:418)
	at com.kms.katalon.core.main.TestCaseExecutor.accessMainPhase(TestCaseExecutor.java:410)
	at com.kms.katalon.core.main.TestCaseExecutor.execute(TestCaseExecutor.java:285)
	at com.kms.katalon.core.common.CommonExecutor.accessTestCaseMainPhase(CommonExecutor.java:65)
	at com.kms.katalon.core.main.TestSuiteExecutor.accessTestSuiteMainPhase(TestSuiteExecutor.java:148)
	at com.kms.katalon.core.main.TestSuiteExecutor.execute(TestSuiteExecutor.java:106)
	at com.kms.katalon.core.main.TestCaseMain.startTestSuite(TestCaseMain.java:187)
	at com.kms.katalon.core.main.TestCaseMain$startTestSuite$0.call(Unknown Source)
	at TempTestSuite1696315667156.run(TempTestSuite1696315667156.groovy:36)


2023-10-03 13:49:59 - [TEST_STEP][PASSED] - callTestCase(findTestCase("M05 -Edit Sosial Media/TC-LS-001"), [:], STOP_ON_FAILURE): Call Test Case 'Test Cases/M05 -Edit Sosial Media/TC-LS-001' successfully

2023-10-03 13:49:59 - [TEST_CASE][PASSED] - Test Cases/M05 -Edit Sosial Media/TC-LS-001: Test Cases/M05 -Edit Sosial Media/TC-LS-001

2023-10-03 13:49:59 - [TEST_STEP][PASSED] - openBrowser(urlWeb): Browser is opened with url: 'https://10.9.2.63/ecommerce/'

2023-10-03 13:49:59 - [MESSAGE][WARNING] - A browser is already opened. Closing browser and opening a new one

2023-10-03 13:50:00 - [MESSAGE][INFO] - Starting 'Edge Chromium' driver

2023-10-03 13:50:00 - [MESSAGE][INFO] - User set preference: ['acceptInsecureCerts', 'true']

2023-10-03 13:50:03 - [MESSAGE][INFO] - Action delay is set to 0 milliseconds

2023-10-03 13:50:05 - [MESSAGE][PASSED] - Browser is opened with url: 'https://10.9.2.63/ecommerce/'

2023-10-03 13:50:05 - [TEST_STEP][PASSED] - maximizeWindow(): Current window maximized

2023-10-03 13:50:05 - [MESSAGE][PASSED] - Current window maximized

2023-10-03 13:50:05 - [TEST_STEP][PASSED] - click(findTestObject("Login/a_Login")): Object: 'Object Repository/Login/a_Login' is clicked on

2023-10-03 13:50:06 - [MESSAGE][PASSED] - Object: 'Object Repository/Login/a_Login' is clicked on

2023-10-03 13:50:06 - [TEST_STEP][PASSED] - setText(findTestObject("Login/input_Username, Email atau No. Handphone_a"), "runa36"): Text 'runa36' is set on object 'Object Repository/Login/input_Username, Email atau No. Handphone_a'

2023-10-03 13:50:07 - [MESSAGE][PASSED] - Text 'runa36' is set on object 'Object Repository/Login/input_Username, Email atau No. Handphone_a'

2023-10-03 13:50:07 - [TEST_STEP][PASSED] - setEncryptedText(findTestObject("Login/input_Password di Login(Masuk)"), "qbkrdMwyWE4="): Text ****** has been set on object 'Object Repository/Login/input_Password di Login(Masuk)'

2023-10-03 13:50:08 - [MESSAGE][PASSED] - Text ****** has been set on object 'Object Repository/Login/input_Password di Login(Masuk)'

2023-10-03 13:50:08 - [TEST_STEP][PASSED] - click(findTestObject("Login/button_Masuk di halaman login")): Object: 'Object Repository/Login/button_Masuk di halaman login' is clicked on

2023-10-03 13:50:09 - [MESSAGE][PASSED] - Object: 'Object Repository/Login/button_Masuk di halaman login' is clicked on

2023-10-03 13:50:09 - [TEST_STEP][PASSED] - verifyElementPresent(findTestObject("edit sosial media/verifikasi masuk halaman biodata diri"), 0): Object 'Object Repository/edit sosial media/verifikasi masuk halaman biodata diri' is present

2023-10-03 13:50:09 - [MESSAGE][WARNING] - Timeout '0' is invalid. Using default page load timeout: '30'

2023-10-03 13:50:10 - [MESSAGE][PASSED] - Object 'Object Repository/edit sosial media/verifikasi masuk halaman biodata diri' is present

2023-10-03 13:50:10 - [MESSAGE][PASSED] - Call Test Case 'Test Cases/M05 -Edit Sosial Media/TC-LS-001' successfully

2023-10-03 13:50:10 - [TEST_STEP][PASSED] - verifyElementPresent(findTestObject("edit sosial media/verifikasi masuk halaman biodata diri"), 0): Object 'Object Repository/edit sosial media/verifikasi masuk halaman biodata diri' is present

2023-10-03 13:50:10 - [MESSAGE][WARNING] - Timeout '0' is invalid. Using default page load timeout: '30'

2023-10-03 13:50:10 - [MESSAGE][PASSED] - Object 'Object Repository/edit sosial media/verifikasi masuk halaman biodata diri' is present

2023-10-03 13:50:10 - [TEST_STEP][PASSED] - click(findTestObject("edit sosial media/a_Sosmed")): Object: 'Object Repository/edit sosial media/a_Sosmed' is clicked on

2023-10-03 13:50:11 - [MESSAGE][PASSED] - Object: 'Object Repository/edit sosial media/a_Sosmed' is clicked on

2023-10-03 13:50:11 - [TEST_STEP][PASSED] - click(findTestObject("edit sosial media/Edit Sosial Media")): Object: 'Object Repository/edit sosial media/Edit Sosial Media' is clicked on

2023-10-03 13:50:12 - [MESSAGE][PASSED] - Object: 'Object Repository/edit sosial media/Edit Sosial Media' is clicked on

2023-10-03 13:50:12 - [TEST_STEP][PASSED] - clearText(findTestObject("edit sosial media/input_Instagram_c")): Text of object 'Object Repository/edit sosial media/input_Instagram_c' is cleared

2023-10-03 13:50:13 - [MESSAGE][PASSED] - Text of object 'Object Repository/edit sosial media/input_Instagram_c' is cleared

2023-10-03 13:50:13 - [TEST_STEP][PASSED] - setText(findTestObject("edit sosial media/input_Instagram_c"), insta): Text 'Johndue' is set on object 'Object Repository/edit sosial media/input_Instagram_c'

2023-10-03 13:50:14 - [MESSAGE][PASSED] - Text 'Johndue' is set on object 'Object Repository/edit sosial media/input_Instagram_c'

2023-10-03 13:50:14 - [TEST_STEP][PASSED] - click(findTestObject("edit sosial media/li_Profile")): Object: 'Object Repository/edit sosial media/li_Profile' is clicked on

2023-10-03 13:50:15 - [MESSAGE][PASSED] - Object: 'Object Repository/edit sosial media/li_Profile' is clicked on

2023-10-03 13:50:15 - [TEST_STEP][PASSED] - click(findTestObject("edit sosial media/a_Sosmed")): Object: 'Object Repository/edit sosial media/a_Sosmed' is clicked on

2023-10-03 13:50:16 - [MESSAGE][PASSED] - Object: 'Object Repository/edit sosial media/a_Sosmed' is clicked on

2023-10-03 13:50:16 - [TEST_STEP][PASSED] - instag = getText(findTestObject("Object Repository/hasil sosmed/hasil Instagram_c")): Text of object 'Object Repository/hasil sosmed/hasil Instagram_c' is: 'Runaya'

2023-10-03 13:50:17 - [MESSAGE][PASSED] - Text of object 'Object Repository/hasil sosmed/hasil Instagram_c' is: 'Runaya'

2023-10-03 13:50:17 - [TEST_STEP][FAILED] - assert insta == instag: Test Cases/M05 -Edit Sosial Media/TC-ESMS-005 FAILED.
Reason:
Assertion failed: 

assert insta == instag
       |     |  |
       |     |  Runaya
       |     false
       Johndue

	at TC-ESMS-005.run(TC-ESMS-005:38)
	at com.kms.katalon.core.main.ScriptEngine.run(ScriptEngine.java:194)
	at com.kms.katalon.core.main.ScriptEngine.runScriptAsRawText(ScriptEngine.java:119)
	at com.kms.katalon.core.main.TestCaseExecutor.runScript(TestCaseExecutor.java:448)
	at com.kms.katalon.core.main.TestCaseExecutor.doExecute(TestCaseExecutor.java:439)
	at com.kms.katalon.core.main.TestCaseExecutor.processExecutionPhase(TestCaseExecutor.java:418)
	at com.kms.katalon.core.main.TestCaseExecutor.accessMainPhase(TestCaseExecutor.java:410)
	at com.kms.katalon.core.main.TestCaseExecutor.execute(TestCaseExecutor.java:285)
	at com.kms.katalon.core.common.CommonExecutor.accessTestCaseMainPhase(CommonExecutor.java:65)
	at com.kms.katalon.core.main.TestSuiteExecutor.accessTestSuiteMainPhase(TestSuiteExecutor.java:148)
	at com.kms.katalon.core.main.TestSuiteExecutor.execute(TestSuiteExecutor.java:106)
	at com.kms.katalon.core.main.TestCaseMain.startTestSuite(TestCaseMain.java:187)
	at com.kms.katalon.core.main.TestCaseMain$startTestSuite$0.call(Unknown Source)
	at TempTestSuite1696315667156.run(TempTestSuite1696315667156.groovy:36)


2023-10-03 13:50:17 - [MESSAGE][FAILED] - Test Cases/M05 -Edit Sosial Media/TC-ESMS-005 FAILED.
Reason:
Assertion failed: 

assert insta == instag
       |     |  |
       |     |  Runaya
       |     false
       Johndue

	at TC-ESMS-005.run(TC-ESMS-005:38)
	at com.kms.katalon.core.main.ScriptEngine.run(ScriptEngine.java:194)
	at com.kms.katalon.core.main.ScriptEngine.runScriptAsRawText(ScriptEngine.java:119)
	at com.kms.katalon.core.main.TestCaseExecutor.runScript(TestCaseExecutor.java:448)
	at com.kms.katalon.core.main.TestCaseExecutor.doExecute(TestCaseExecutor.java:439)
	at com.kms.katalon.core.main.TestCaseExecutor.processExecutionPhase(TestCaseExecutor.java:418)
	at com.kms.katalon.core.main.TestCaseExecutor.accessMainPhase(TestCaseExecutor.java:410)
	at com.kms.katalon.core.main.TestCaseExecutor.execute(TestCaseExecutor.java:285)
	at com.kms.katalon.core.common.CommonExecutor.accessTestCaseMainPhase(CommonExecutor.java:65)
	at com.kms.katalon.core.main.TestSuiteExecutor.accessTestSuiteMainPhase(TestSuiteExecutor.java:148)
	at com.kms.katalon.core.main.TestSuiteExecutor.execute(TestSuiteExecutor.java:106)
	at com.kms.katalon.core.main.TestCaseMain.startTestSuite(TestCaseMain.java:187)
	at com.kms.katalon.core.main.TestCaseMain$startTestSuite$0.call(Unknown Source)
	at TempTestSuite1696315667156.run(TempTestSuite1696315667156.groovy:36)]]></system-out>
         <system-err><![CDATA[2023-10-03 13:49:59 - [TEST_CASE][FAILED] - Test Cases/M05 -Edit Sosial Media/TC-ESMS-005: Test Cases/M05 -Edit Sosial Media/TC-ESMS-005 FAILED.
Reason:
Assertion failed: 

assert insta == instag
       |     |  |
       |     |  Runaya
       |     false
       Johndue

	at TC-ESMS-005.run(TC-ESMS-005:38)
	at com.kms.katalon.core.main.ScriptEngine.run(ScriptEngine.java:194)
	at com.kms.katalon.core.main.ScriptEngine.runScriptAsRawText(ScriptEngine.java:119)
	at com.kms.katalon.core.main.TestCaseExecutor.runScript(TestCaseExecutor.java:448)
	at com.kms.katalon.core.main.TestCaseExecutor.doExecute(TestCaseExecutor.java:439)
	at com.kms.katalon.core.main.TestCaseExecutor.processExecutionPhase(TestCaseExecutor.java:418)
	at com.kms.katalon.core.main.TestCaseExecutor.accessMainPhase(TestCaseExecutor.java:410)
	at com.kms.katalon.core.main.TestCaseExecutor.execute(TestCaseExecutor.java:285)
	at com.kms.katalon.core.common.CommonExecutor.accessTestCaseMainPhase(CommonExecutor.java:65)
	at com.kms.katalon.core.main.TestSuiteExecutor.accessTestSuiteMainPhase(TestSuiteExecutor.java:148)
	at com.kms.katalon.core.main.TestSuiteExecutor.execute(TestSuiteExecutor.java:106)
	at com.kms.katalon.core.main.TestCaseMain.startTestSuite(TestCaseMain.java:187)
	at com.kms.katalon.core.main.TestCaseMain$startTestSuite$0.call(Unknown Source)
	at TempTestSuite1696315667156.run(TempTestSuite1696315667156.groovy:36)]]></system-err>
      </testcase>
      <testcase name="Test Cases/M05 -Edit Sosial Media/TC-ESMD-001" time="39.654" classname="Test Cases/M05 -Edit Sosial Media/TC-ESMD-001" status="FAILED">
         <failure type="FAILED" message="Test Cases/M05 -Edit Sosial Media/TC-ESMD-001 FAILED.
Reason:
Assertion failed: 

assert face.toString().trim().equalsIgnoreCase(facebook.trim())
       |    |          |      |                |        |
       -    -          -      false            &quot;&quot;       &quot;&quot;

	at TC-ESMD-001.run(TC-ESMD-001:60)
	at com.kms.katalon.core.main.ScriptEngine.run(ScriptEngine.java:194)
	at com.kms.katalon.core.main.ScriptEngine.runScriptAsRawText(ScriptEngine.java:119)
	at com.kms.katalon.core.main.TestCaseExecutor.runScript(TestCaseExecutor.java:448)
	at com.kms.katalon.core.main.TestCaseExecutor.doExecute(TestCaseExecutor.java:439)
	at com.kms.katalon.core.main.TestCaseExecutor.processExecutionPhase(TestCaseExecutor.java:418)
	at com.kms.katalon.core.main.TestCaseExecutor.accessMainPhase(TestCaseExecutor.java:410)
	at com.kms.katalon.core.main.TestCaseExecutor.execute(TestCaseExecutor.java:285)
	at com.kms.katalon.core.common.CommonExecutor.accessTestCaseMainPhase(CommonExecutor.java:65)
	at com.kms.katalon.core.main.TestSuiteExecutor.accessTestSuiteMainPhase(TestSuiteExecutor.java:148)
	at com.kms.katalon.core.main.TestSuiteExecutor.execute(TestSuiteExecutor.java:106)
	at com.kms.katalon.core.main.TestCaseMain.startTestSuite(TestCaseMain.java:187)
	at com.kms.katalon.core.main.TestCaseMain$startTestSuite$0.call(Unknown Source)
	at TempTestSuite1696315667156.run(TempTestSuite1696315667156.groovy:36)
"/>
         <system-out><![CDATA[2023-10-03 13:50:17 - [TEST_CASE][FAILED] - Test Cases/M05 -Edit Sosial Media/TC-ESMD-001: Test Cases/M05 -Edit Sosial Media/TC-ESMD-001 FAILED.
Reason:
Assertion failed: 

assert face.toString().trim().equalsIgnoreCase(facebook.trim())
       |    |          |      |                |        |
       -    -          -      false            ""       ""

	at TC-ESMD-001.run(TC-ESMD-001:60)
	at com.kms.katalon.core.main.ScriptEngine.run(ScriptEngine.java:194)
	at com.kms.katalon.core.main.ScriptEngine.runScriptAsRawText(ScriptEngine.java:119)
	at com.kms.katalon.core.main.TestCaseExecutor.runScript(TestCaseExecutor.java:448)
	at com.kms.katalon.core.main.TestCaseExecutor.doExecute(TestCaseExecutor.java:439)
	at com.kms.katalon.core.main.TestCaseExecutor.processExecutionPhase(TestCaseExecutor.java:418)
	at com.kms.katalon.core.main.TestCaseExecutor.accessMainPhase(TestCaseExecutor.java:410)
	at com.kms.katalon.core.main.TestCaseExecutor.execute(TestCaseExecutor.java:285)
	at com.kms.katalon.core.common.CommonExecutor.accessTestCaseMainPhase(CommonExecutor.java:65)
	at com.kms.katalon.core.main.TestSuiteExecutor.accessTestSuiteMainPhase(TestSuiteExecutor.java:148)
	at com.kms.katalon.core.main.TestSuiteExecutor.execute(TestSuiteExecutor.java:106)
	at com.kms.katalon.core.main.TestCaseMain.startTestSuite(TestCaseMain.java:187)
	at com.kms.katalon.core.main.TestCaseMain$startTestSuite$0.call(Unknown Source)
	at TempTestSuite1696315667156.run(TempTestSuite1696315667156.groovy:36)


2023-10-03 13:50:18 - [TEST_STEP][PASSED] - callTestCase(findTestCase("M05 -Edit Sosial Media/TC-ESMS-001"), ["Facebook":"Runarun", "Twitter":"Runaya71", "Instagram":"Runarun", "Whatsapp":"+6281122223333", "Telegram":"@Runaya71", "Youtube":"Runarun", ... ], STOP_ON_FAILURE): Call Test Case 'Test Cases/M05 -Edit Sosial Media/TC-ESMS-001' successfully

2023-10-03 13:50:18 - [TEST_CASE][PASSED] - Test Cases/M05 -Edit Sosial Media/TC-ESMS-001: Test Cases/M05 -Edit Sosial Media/TC-ESMS-001

2023-10-03 13:50:18 - [TEST_STEP][PASSED] - callTestCase(findTestCase("M05 -Edit Sosial Media/TC-LS-001"), [:], STOP_ON_FAILURE): Call Test Case 'Test Cases/M05 -Edit Sosial Media/TC-LS-001' successfully

2023-10-03 13:50:18 - [TEST_CASE][PASSED] - Test Cases/M05 -Edit Sosial Media/TC-LS-001: Test Cases/M05 -Edit Sosial Media/TC-LS-001

2023-10-03 13:50:18 - [TEST_STEP][PASSED] - openBrowser(urlWeb): Browser is opened with url: 'https://10.9.2.63/ecommerce/'

2023-10-03 13:50:18 - [MESSAGE][WARNING] - A browser is already opened. Closing browser and opening a new one

2023-10-03 13:50:19 - [MESSAGE][INFO] - Starting 'Edge Chromium' driver

2023-10-03 13:50:19 - [MESSAGE][INFO] - User set preference: ['acceptInsecureCerts', 'true']

2023-10-03 13:50:21 - [MESSAGE][INFO] - Action delay is set to 0 milliseconds

2023-10-03 13:50:24 - [MESSAGE][PASSED] - Browser is opened with url: 'https://10.9.2.63/ecommerce/'

2023-10-03 13:50:24 - [TEST_STEP][PASSED] - maximizeWindow(): Current window maximized

2023-10-03 13:50:24 - [MESSAGE][PASSED] - Current window maximized

2023-10-03 13:50:24 - [TEST_STEP][PASSED] - click(findTestObject("Login/a_Login")): Object: 'Object Repository/Login/a_Login' is clicked on

2023-10-03 13:50:25 - [MESSAGE][PASSED] - Object: 'Object Repository/Login/a_Login' is clicked on

2023-10-03 13:50:25 - [TEST_STEP][PASSED] - setText(findTestObject("Login/input_Username, Email atau No. Handphone_a"), "runa36"): Text 'runa36' is set on object 'Object Repository/Login/input_Username, Email atau No. Handphone_a'

2023-10-03 13:50:26 - [MESSAGE][PASSED] - Text 'runa36' is set on object 'Object Repository/Login/input_Username, Email atau No. Handphone_a'

2023-10-03 13:50:26 - [TEST_STEP][PASSED] - setEncryptedText(findTestObject("Login/input_Password di Login(Masuk)"), "qbkrdMwyWE4="): Text ****** has been set on object 'Object Repository/Login/input_Password di Login(Masuk)'

2023-10-03 13:50:27 - [MESSAGE][PASSED] - Text ****** has been set on object 'Object Repository/Login/input_Password di Login(Masuk)'

2023-10-03 13:50:27 - [TEST_STEP][PASSED] - click(findTestObject("Login/button_Masuk di halaman login")): Object: 'Object Repository/Login/button_Masuk di halaman login' is clicked on

2023-10-03 13:50:28 - [MESSAGE][PASSED] - Object: 'Object Repository/Login/button_Masuk di halaman login' is clicked on

2023-10-03 13:50:28 - [TEST_STEP][PASSED] - verifyElementPresent(findTestObject("edit sosial media/verifikasi masuk halaman biodata diri"), 0): Object 'Object Repository/edit sosial media/verifikasi masuk halaman biodata diri' is present

2023-10-03 13:50:28 - [MESSAGE][WARNING] - Timeout '0' is invalid. Using default page load timeout: '30'

2023-10-03 13:50:29 - [MESSAGE][PASSED] - Object 'Object Repository/edit sosial media/verifikasi masuk halaman biodata diri' is present

2023-10-03 13:50:29 - [MESSAGE][PASSED] - Call Test Case 'Test Cases/M05 -Edit Sosial Media/TC-LS-001' successfully

2023-10-03 13:50:29 - [TEST_STEP][PASSED] - verifyElementPresent(findTestObject("edit sosial media/verifikasi masuk halaman biodata diri"), 0): Object 'Object Repository/edit sosial media/verifikasi masuk halaman biodata diri' is present

2023-10-03 13:50:29 - [MESSAGE][WARNING] - Timeout '0' is invalid. Using default page load timeout: '30'

2023-10-03 13:50:29 - [MESSAGE][PASSED] - Object 'Object Repository/edit sosial media/verifikasi masuk halaman biodata diri' is present

2023-10-03 13:50:29 - [TEST_STEP][PASSED] - click(findTestObject("edit sosial media/a_Sosmed")): Object: 'Object Repository/edit sosial media/a_Sosmed' is clicked on

2023-10-03 13:50:30 - [MESSAGE][PASSED] - Object: 'Object Repository/edit sosial media/a_Sosmed' is clicked on

2023-10-03 13:50:30 - [TEST_STEP][PASSED] - click(findTestObject("edit sosial media/Edit Sosial Media")): Object: 'Object Repository/edit sosial media/Edit Sosial Media' is clicked on

2023-10-03 13:50:31 - [MESSAGE][PASSED] - Object: 'Object Repository/edit sosial media/Edit Sosial Media' is clicked on

2023-10-03 13:50:31 - [TEST_STEP][PASSED] - clearText(findTestObject("edit sosial media/input_Facebook_a")): Text of object 'Object Repository/edit sosial media/input_Facebook_a' is cleared

2023-10-03 13:50:32 - [MESSAGE][PASSED] - Text of object 'Object Repository/edit sosial media/input_Facebook_a' is cleared

2023-10-03 13:50:32 - [TEST_STEP][PASSED] - setText(findTestObject("edit sosial media/input_Facebook_a"), Facebook): Text 'Runarun' is set on object 'Object Repository/edit sosial media/input_Facebook_a'

2023-10-03 13:50:33 - [MESSAGE][PASSED] - Text 'Runarun' is set on object 'Object Repository/edit sosial media/input_Facebook_a'

2023-10-03 13:50:33 - [TEST_STEP][PASSED] - clearText(findTestObject("edit sosial media/input_Twitter_b")): Text of object 'Object Repository/edit sosial media/input_Twitter_b' is cleared

2023-10-03 13:50:33 - [MESSAGE][PASSED] - Text of object 'Object Repository/edit sosial media/input_Twitter_b' is cleared

2023-10-03 13:50:33 - [TEST_STEP][PASSED] - setText(findTestObject("edit sosial media/input_Twitter_b"), Twitter): Text 'Runaya71' is set on object 'Object Repository/edit sosial media/input_Twitter_b'

2023-10-03 13:50:34 - [MESSAGE][PASSED] - Text 'Runaya71' is set on object 'Object Repository/edit sosial media/input_Twitter_b'

2023-10-03 13:50:34 - [TEST_STEP][PASSED] - clearText(findTestObject("edit sosial media/input_Instagram_c")): Text of object 'Object Repository/edit sosial media/input_Instagram_c' is cleared

2023-10-03 13:50:34 - [MESSAGE][PASSED] - Text of object 'Object Repository/edit sosial media/input_Instagram_c' is cleared

2023-10-03 13:50:34 - [TEST_STEP][PASSED] - setText(findTestObject("edit sosial media/input_Instagram_c"), Instagram): Text 'Runarun' is set on object 'Object Repository/edit sosial media/input_Instagram_c'

2023-10-03 13:50:35 - [MESSAGE][PASSED] - Text 'Runarun' is set on object 'Object Repository/edit sosial media/input_Instagram_c'

2023-10-03 13:50:35 - [TEST_STEP][PASSED] - clearText(findTestObject("edit sosial media/input_Whatsapp_d")): Text of object 'Object Repository/edit sosial media/input_Whatsapp_d' is cleared

2023-10-03 13:50:36 - [MESSAGE][PASSED] - Text of object 'Object Repository/edit sosial media/input_Whatsapp_d' is cleared

2023-10-03 13:50:36 - [TEST_STEP][PASSED] - setText(findTestObject("edit sosial media/input_Whatsapp_d"), Whatsapp): Text '+6281122223333' is set on object 'Object Repository/edit sosial media/input_Whatsapp_d'

2023-10-03 13:50:37 - [MESSAGE][PASSED] - Text '+6281122223333' is set on object 'Object Repository/edit sosial media/input_Whatsapp_d'

2023-10-03 13:50:37 - [TEST_STEP][PASSED] - clearText(findTestObject("edit sosial media/input_Telegram_e")): Text of object 'Object Repository/edit sosial media/input_Telegram_e' is cleared

2023-10-03 13:50:37 - [MESSAGE][PASSED] - Text of object 'Object Repository/edit sosial media/input_Telegram_e' is cleared

2023-10-03 13:50:37 - [TEST_STEP][PASSED] - setText(findTestObject("edit sosial media/input_Telegram_e"), Telegram): Text '@Runaya71' is set on object 'Object Repository/edit sosial media/input_Telegram_e'

2023-10-03 13:50:38 - [MESSAGE][PASSED] - Text '@Runaya71' is set on object 'Object Repository/edit sosial media/input_Telegram_e'

2023-10-03 13:50:38 - [TEST_STEP][PASSED] - clearText(findTestObject("edit sosial media/input_Youtube_f")): Text of object 'Object Repository/edit sosial media/input_Youtube_f' is cleared

2023-10-03 13:50:39 - [MESSAGE][PASSED] - Text of object 'Object Repository/edit sosial media/input_Youtube_f' is cleared

2023-10-03 13:50:39 - [TEST_STEP][PASSED] - setText(findTestObject("edit sosial media/input_Youtube_f"), Youtube): Text 'Runarun' is set on object 'Object Repository/edit sosial media/input_Youtube_f'

2023-10-03 13:50:40 - [MESSAGE][PASSED] - Text 'Runarun' is set on object 'Object Repository/edit sosial media/input_Youtube_f'

2023-10-03 13:50:40 - [TEST_STEP][PASSED] - clearText(findTestObject("edit sosial media/input_LinkedIn_g")): Text of object 'Object Repository/edit sosial media/input_LinkedIn_g' is cleared

2023-10-03 13:50:40 - [MESSAGE][PASSED] - Text of object 'Object Repository/edit sosial media/input_LinkedIn_g' is cleared

2023-10-03 13:50:40 - [TEST_STEP][PASSED] - setText(findTestObject("edit sosial media/input_LinkedIn_g"), LinkedIn): Text 'RunaOkta' is set on object 'Object Repository/edit sosial media/input_LinkedIn_g'

2023-10-03 13:50:41 - [MESSAGE][PASSED] - Text 'RunaOkta' is set on object 'Object Repository/edit sosial media/input_LinkedIn_g'

2023-10-03 13:50:41 - [TEST_STEP][PASSED] - clearText(findTestObject("edit sosial media/input_Google_h")): Text of object 'Object Repository/edit sosial media/input_Google_h' is cleared

2023-10-03 13:50:41 - [MESSAGE][PASSED] - Text of object 'Object Repository/edit sosial media/input_Google_h' is cleared

2023-10-03 13:50:41 - [TEST_STEP][PASSED] - setText(findTestObject("edit sosial media/input_Google_h"), Google): Text '+Runaya' is set on object 'Object Repository/edit sosial media/input_Google_h'

2023-10-03 13:50:42 - [MESSAGE][PASSED] - Text '+Runaya' is set on object 'Object Repository/edit sosial media/input_Google_h'

2023-10-03 13:50:42 - [TEST_STEP][PASSED] - click(findTestObject("edit sosial media/center_Simpan Sosial Media")): Object: 'Object Repository/edit sosial media/center_Simpan Sosial Media' is clicked on

2023-10-03 13:50:43 - [MESSAGE][PASSED] - Object: 'Object Repository/edit sosial media/center_Simpan Sosial Media' is clicked on

2023-10-03 13:50:43 - [TEST_STEP][PASSED] - face = getText(findTestObject("hasil sosmed/hasil facebook_a")): Text of object 'Object Repository/hasil sosmed/hasil facebook_a' is: 'Runarun'

2023-10-03 13:50:44 - [MESSAGE][PASSED] - Text of object 'Object Repository/hasil sosmed/hasil facebook_a' is: 'Runarun'

2023-10-03 13:50:44 - [TEST_STEP][PASSED] - Twit = getText(findTestObject("hasil sosmed/hasil twitter_b")): Text of object 'Object Repository/hasil sosmed/hasil twitter_b' is: 'Runaya71'

2023-10-03 13:50:45 - [MESSAGE][PASSED] - Text of object 'Object Repository/hasil sosmed/hasil twitter_b' is: 'Runaya71'

2023-10-03 13:50:45 - [TEST_STEP][PASSED] - insta = getText(findTestObject("hasil sosmed/hasil Instagram_c")): Text of object 'Object Repository/hasil sosmed/hasil Instagram_c' is: 'Runarun'

2023-10-03 13:50:45 - [MESSAGE][PASSED] - Text of object 'Object Repository/hasil sosmed/hasil Instagram_c' is: 'Runarun'

2023-10-03 13:50:45 - [TEST_STEP][PASSED] - wa = getText(findTestObject("hasil sosmed/hasil whatsapp d")): Text of object 'Object Repository/hasil sosmed/hasil whatsapp d' is: '+6281122223333'

2023-10-03 13:50:45 - [MESSAGE][PASSED] - Text of object 'Object Repository/hasil sosmed/hasil whatsapp d' is: '+6281122223333'

2023-10-03 13:50:45 - [TEST_STEP][PASSED] - tele = getText(findTestObject("hasil sosmed/hasil Telegram e")): Text of object 'Object Repository/hasil sosmed/hasil Telegram e' is: '@Runaya71'

2023-10-03 13:50:46 - [MESSAGE][PASSED] - Text of object 'Object Repository/hasil sosmed/hasil Telegram e' is: '@Runaya71'

2023-10-03 13:50:46 - [TEST_STEP][PASSED] - yout = getText(findTestObject("hasil sosmed/hasil youtube f")): Text of object 'Object Repository/hasil sosmed/hasil youtube f' is: 'Runarun'

2023-10-03 13:50:46 - [MESSAGE][PASSED] - Text of object 'Object Repository/hasil sosmed/hasil youtube f' is: 'Runarun'

2023-10-03 13:50:46 - [TEST_STEP][PASSED] - lin = getText(findTestObject("hasil sosmed/hasil linkedin g")): Text of object 'Object Repository/hasil sosmed/hasil linkedin g' is: 'RunaOkta'

2023-10-03 13:50:47 - [MESSAGE][PASSED] - Text of object 'Object Repository/hasil sosmed/hasil linkedin g' is: 'RunaOkta'

2023-10-03 13:50:47 - [TEST_STEP][PASSED] - goo = getText(findTestObject("hasil sosmed/hasil google h")): Text of object 'Object Repository/hasil sosmed/hasil google h' is: '+Runaya'

2023-10-03 13:50:47 - [MESSAGE][PASSED] - Text of object 'Object Repository/hasil sosmed/hasil google h' is: '+Runaya'

2023-10-03 13:50:47 - [TEST_STEP][PASSED] - assert trim().equalsIgnoreCase(Facebook.trim()): null

2023-10-03 13:50:47 - [TEST_STEP][PASSED] - assert trim().equalsIgnoreCase(Twitter.trim()): null

2023-10-03 13:50:47 - [TEST_STEP][PASSED] - assert trim().equalsIgnoreCase(Instagram.trim()): null

2023-10-03 13:50:47 - [TEST_STEP][PASSED] - assert trim().equalsIgnoreCase(Whatsapp.trim()): null

2023-10-03 13:50:47 - [TEST_STEP][PASSED] - assert trim().equalsIgnoreCase(Telegram.trim()): null

2023-10-03 13:50:47 - [TEST_STEP][PASSED] - assert trim().equalsIgnoreCase(Youtube.trim()): null

2023-10-03 13:50:47 - [TEST_STEP][PASSED] - assert trim().equalsIgnoreCase(LinkedIn.trim()): null

2023-10-03 13:50:47 - [TEST_STEP][PASSED] - assert trim().equalsIgnoreCase(Google.trim()): null

2023-10-03 13:50:47 - [MESSAGE][PASSED] - Call Test Case 'Test Cases/M05 -Edit Sosial Media/TC-ESMS-001' successfully

2023-10-03 13:50:47 - [TEST_STEP][PASSED] - click(findTestObject("edit sosial media/Edit Sosial Media")): Object: 'Object Repository/edit sosial media/Edit Sosial Media' is clicked on

2023-10-03 13:50:48 - [MESSAGE][PASSED] - Object: 'Object Repository/edit sosial media/Edit Sosial Media' is clicked on

2023-10-03 13:50:48 - [TEST_STEP][PASSED] - clearText(findTestObject("edit sosial media/input_Facebook_a")): Text of object 'Object Repository/edit sosial media/input_Facebook_a' is cleared

2023-10-03 13:50:48 - [MESSAGE][PASSED] - Text of object 'Object Repository/edit sosial media/input_Facebook_a' is cleared

2023-10-03 13:50:48 - [TEST_STEP][PASSED] - clearText(findTestObject("edit sosial media/input_Twitter_b")): Text of object 'Object Repository/edit sosial media/input_Twitter_b' is cleared

2023-10-03 13:50:49 - [MESSAGE][PASSED] - Text of object 'Object Repository/edit sosial media/input_Twitter_b' is cleared

2023-10-03 13:50:49 - [TEST_STEP][PASSED] - clearText(findTestObject("edit sosial media/input_Instagram_c")): Text of object 'Object Repository/edit sosial media/input_Instagram_c' is cleared

2023-10-03 13:50:49 - [MESSAGE][PASSED] - Text of object 'Object Repository/edit sosial media/input_Instagram_c' is cleared

2023-10-03 13:50:49 - [TEST_STEP][PASSED] - clearText(findTestObject("edit sosial media/input_Whatsapp_d")): Text of object 'Object Repository/edit sosial media/input_Whatsapp_d' is cleared

2023-10-03 13:50:50 - [MESSAGE][PASSED] - Text of object 'Object Repository/edit sosial media/input_Whatsapp_d' is cleared

2023-10-03 13:50:50 - [TEST_STEP][PASSED] - clearText(findTestObject("edit sosial media/input_Telegram_e")): Text of object 'Object Repository/edit sosial media/input_Telegram_e' is cleared

2023-10-03 13:50:50 - [MESSAGE][PASSED] - Text of object 'Object Repository/edit sosial media/input_Telegram_e' is cleared

2023-10-03 13:50:50 - [TEST_STEP][PASSED] - clearText(findTestObject("edit sosial media/input_Youtube_f")): Text of object 'Object Repository/edit sosial media/input_Youtube_f' is cleared

2023-10-03 13:50:51 - [MESSAGE][PASSED] - Text of object 'Object Repository/edit sosial media/input_Youtube_f' is cleared

2023-10-03 13:50:51 - [TEST_STEP][PASSED] - clearText(findTestObject("edit sosial media/input_LinkedIn_g")): Text of object 'Object Repository/edit sosial media/input_LinkedIn_g' is cleared

2023-10-03 13:50:51 - [MESSAGE][PASSED] - Text of object 'Object Repository/edit sosial media/input_LinkedIn_g' is cleared

2023-10-03 13:50:51 - [TEST_STEP][PASSED] - clearText(findTestObject("edit sosial media/input_Google_h")): Text of object 'Object Repository/edit sosial media/input_Google_h' is cleared

2023-10-03 13:50:52 - [MESSAGE][PASSED] - Text of object 'Object Repository/edit sosial media/input_Google_h' is cleared

2023-10-03 13:50:52 - [TEST_STEP][PASSED] - click(findTestObject("edit sosial media/center_Simpan Sosial Media")): Object: 'Object Repository/edit sosial media/center_Simpan Sosial Media' is clicked on

2023-10-03 13:50:53 - [MESSAGE][PASSED] - Object: 'Object Repository/edit sosial media/center_Simpan Sosial Media' is clicked on

2023-10-03 13:50:53 - [TEST_STEP][PASSED] - face = getText(findTestObject("Object Repository/hasil sosmed/hasil facebook_a")): Text of object 'Object Repository/hasil sosmed/hasil facebook_a' is: '-'

2023-10-03 13:50:54 - [MESSAGE][PASSED] - Text of object 'Object Repository/hasil sosmed/hasil facebook_a' is: '-'

2023-10-03 13:50:54 - [TEST_STEP][PASSED] - twit = getText(findTestObject("hasil sosmed/hasil twitter_b")): Text of object 'Object Repository/hasil sosmed/hasil twitter_b' is: '-'

2023-10-03 13:50:54 - [MESSAGE][PASSED] - Text of object 'Object Repository/hasil sosmed/hasil twitter_b' is: '-'

2023-10-03 13:50:54 - [TEST_STEP][PASSED] - insta = getText(findTestObject("hasil sosmed/hasil Instagram_c")): Text of object 'Object Repository/hasil sosmed/hasil Instagram_c' is: '-'

2023-10-03 13:50:54 - [MESSAGE][PASSED] - Text of object 'Object Repository/hasil sosmed/hasil Instagram_c' is: '-'

2023-10-03 13:50:54 - [TEST_STEP][PASSED] - wa = getText(findTestObject("hasil sosmed/hasil whatsapp d")): Text of object 'Object Repository/hasil sosmed/hasil whatsapp d' is: '-'

2023-10-03 13:50:55 - [MESSAGE][PASSED] - Text of object 'Object Repository/hasil sosmed/hasil whatsapp d' is: '-'

2023-10-03 13:50:55 - [TEST_STEP][PASSED] - tele = getText(findTestObject("hasil sosmed/hasil Telegram e")): Text of object 'Object Repository/hasil sosmed/hasil Telegram e' is: '-'

2023-10-03 13:50:55 - [MESSAGE][PASSED] - Text of object 'Object Repository/hasil sosmed/hasil Telegram e' is: '-'

2023-10-03 13:50:55 - [TEST_STEP][PASSED] - yout = getText(findTestObject("hasil sosmed/hasil youtube f")): Text of object 'Object Repository/hasil sosmed/hasil youtube f' is: '-'

2023-10-03 13:50:56 - [MESSAGE][PASSED] - Text of object 'Object Repository/hasil sosmed/hasil youtube f' is: '-'

2023-10-03 13:50:56 - [TEST_STEP][PASSED] - lin = getText(findTestObject("hasil sosmed/hasil linkedin g")): Text of object 'Object Repository/hasil sosmed/hasil linkedin g' is: '-'

2023-10-03 13:50:56 - [MESSAGE][PASSED] - Text of object 'Object Repository/hasil sosmed/hasil linkedin g' is: '-'

2023-10-03 13:50:56 - [TEST_STEP][PASSED] - goo = getText(findTestObject("hasil sosmed/hasil google h")): Text of object 'Object Repository/hasil sosmed/hasil google h' is: '-'

2023-10-03 13:50:57 - [MESSAGE][PASSED] - Text of object 'Object Repository/hasil sosmed/hasil google h' is: '-'

2023-10-03 13:50:57 - [TEST_STEP][FAILED] - assert trim().equalsIgnoreCase(facebook.trim()): Test Cases/M05 -Edit Sosial Media/TC-ESMD-001 FAILED.
Reason:
Assertion failed: 

assert face.toString().trim().equalsIgnoreCase(facebook.trim())
       |    |          |      |                |        |
       -    -          -      false            ""       ""

	at TC-ESMD-001.run(TC-ESMD-001:60)
	at com.kms.katalon.core.main.ScriptEngine.run(ScriptEngine.java:194)
	at com.kms.katalon.core.main.ScriptEngine.runScriptAsRawText(ScriptEngine.java:119)
	at com.kms.katalon.core.main.TestCaseExecutor.runScript(TestCaseExecutor.java:448)
	at com.kms.katalon.core.main.TestCaseExecutor.doExecute(TestCaseExecutor.java:439)
	at com.kms.katalon.core.main.TestCaseExecutor.processExecutionPhase(TestCaseExecutor.java:418)
	at com.kms.katalon.core.main.TestCaseExecutor.accessMainPhase(TestCaseExecutor.java:410)
	at com.kms.katalon.core.main.TestCaseExecutor.execute(TestCaseExecutor.java:285)
	at com.kms.katalon.core.common.CommonExecutor.accessTestCaseMainPhase(CommonExecutor.java:65)
	at com.kms.katalon.core.main.TestSuiteExecutor.accessTestSuiteMainPhase(TestSuiteExecutor.java:148)
	at com.kms.katalon.core.main.TestSuiteExecutor.execute(TestSuiteExecutor.java:106)
	at com.kms.katalon.core.main.TestCaseMain.startTestSuite(TestCaseMain.java:187)
	at com.kms.katalon.core.main.TestCaseMain$startTestSuite$0.call(Unknown Source)
	at TempTestSuite1696315667156.run(TempTestSuite1696315667156.groovy:36)


2023-10-03 13:50:57 - [MESSAGE][FAILED] - Test Cases/M05 -Edit Sosial Media/TC-ESMD-001 FAILED.
Reason:
Assertion failed: 

assert face.toString().trim().equalsIgnoreCase(facebook.trim())
       |    |          |      |                |        |
       -    -          -      false            ""       ""

	at TC-ESMD-001.run(TC-ESMD-001:60)
	at com.kms.katalon.core.main.ScriptEngine.run(ScriptEngine.java:194)
	at com.kms.katalon.core.main.ScriptEngine.runScriptAsRawText(ScriptEngine.java:119)
	at com.kms.katalon.core.main.TestCaseExecutor.runScript(TestCaseExecutor.java:448)
	at com.kms.katalon.core.main.TestCaseExecutor.doExecute(TestCaseExecutor.java:439)
	at com.kms.katalon.core.main.TestCaseExecutor.processExecutionPhase(TestCaseExecutor.java:418)
	at com.kms.katalon.core.main.TestCaseExecutor.accessMainPhase(TestCaseExecutor.java:410)
	at com.kms.katalon.core.main.TestCaseExecutor.execute(TestCaseExecutor.java:285)
	at com.kms.katalon.core.common.CommonExecutor.accessTestCaseMainPhase(CommonExecutor.java:65)
	at com.kms.katalon.core.main.TestSuiteExecutor.accessTestSuiteMainPhase(TestSuiteExecutor.java:148)
	at com.kms.katalon.core.main.TestSuiteExecutor.execute(TestSuiteExecutor.java:106)
	at com.kms.katalon.core.main.TestCaseMain.startTestSuite(TestCaseMain.java:187)
	at com.kms.katalon.core.main.TestCaseMain$startTestSuite$0.call(Unknown Source)
	at TempTestSuite1696315667156.run(TempTestSuite1696315667156.groovy:36)]]></system-out>
         <system-err><![CDATA[2023-10-03 13:50:17 - [TEST_CASE][FAILED] - Test Cases/M05 -Edit Sosial Media/TC-ESMD-001: Test Cases/M05 -Edit Sosial Media/TC-ESMD-001 FAILED.
Reason:
Assertion failed: 

assert face.toString().trim().equalsIgnoreCase(facebook.trim())
       |    |          |      |                |        |
       -    -          -      false            ""       ""

	at TC-ESMD-001.run(TC-ESMD-001:60)
	at com.kms.katalon.core.main.ScriptEngine.run(ScriptEngine.java:194)
	at com.kms.katalon.core.main.ScriptEngine.runScriptAsRawText(ScriptEngine.java:119)
	at com.kms.katalon.core.main.TestCaseExecutor.runScript(TestCaseExecutor.java:448)
	at com.kms.katalon.core.main.TestCaseExecutor.doExecute(TestCaseExecutor.java:439)
	at com.kms.katalon.core.main.TestCaseExecutor.processExecutionPhase(TestCaseExecutor.java:418)
	at com.kms.katalon.core.main.TestCaseExecutor.accessMainPhase(TestCaseExecutor.java:410)
	at com.kms.katalon.core.main.TestCaseExecutor.execute(TestCaseExecutor.java:285)
	at com.kms.katalon.core.common.CommonExecutor.accessTestCaseMainPhase(CommonExecutor.java:65)
	at com.kms.katalon.core.main.TestSuiteExecutor.accessTestSuiteMainPhase(TestSuiteExecutor.java:148)
	at com.kms.katalon.core.main.TestSuiteExecutor.execute(TestSuiteExecutor.java:106)
	at com.kms.katalon.core.main.TestCaseMain.startTestSuite(TestCaseMain.java:187)
	at com.kms.katalon.core.main.TestCaseMain$startTestSuite$0.call(Unknown Source)
	at TempTestSuite1696315667156.run(TempTestSuite1696315667156.groovy:36)]]></system-err>
      </testcase>
      <testcase name="Test Cases/M05 -Edit Sosial Media/TC-ESMF-001" time="16.212" classname="Test Cases/M05 -Edit Sosial Media/TC-ESMF-001" status="PASSED">
         <system-out><![CDATA[2023-10-03 13:50:57 - [TEST_CASE][PASSED] - Test Cases/M05 -Edit Sosial Media/TC-ESMF-001: Test Cases/M05 -Edit Sosial Media/TC-ESMF-001

2023-10-03 13:50:57 - [TEST_STEP][PASSED] - callTestCase(findTestCase("M05 -Edit Sosial Media/TC-LS-001"), [:], STOP_ON_FAILURE): Call Test Case 'Test Cases/M05 -Edit Sosial Media/TC-LS-001' successfully

2023-10-03 13:50:57 - [TEST_CASE][PASSED] - Test Cases/M05 -Edit Sosial Media/TC-LS-001: Test Cases/M05 -Edit Sosial Media/TC-LS-001

2023-10-03 13:50:57 - [TEST_STEP][PASSED] - openBrowser(urlWeb): Browser is opened with url: 'https://10.9.2.63/ecommerce/'

2023-10-03 13:50:57 - [MESSAGE][WARNING] - A browser is already opened. Closing browser and opening a new one

2023-10-03 13:50:58 - [MESSAGE][INFO] - Starting 'Edge Chromium' driver

2023-10-03 13:50:58 - [MESSAGE][INFO] - User set preference: ['acceptInsecureCerts', 'true']

2023-10-03 13:51:00 - [MESSAGE][INFO] - Action delay is set to 0 milliseconds

2023-10-03 13:51:03 - [MESSAGE][PASSED] - Browser is opened with url: 'https://10.9.2.63/ecommerce/'

2023-10-03 13:51:03 - [TEST_STEP][PASSED] - maximizeWindow(): Current window maximized

2023-10-03 13:51:04 - [MESSAGE][PASSED] - Current window maximized

2023-10-03 13:51:04 - [TEST_STEP][PASSED] - click(findTestObject("Login/a_Login")): Object: 'Object Repository/Login/a_Login' is clicked on

2023-10-03 13:51:04 - [MESSAGE][PASSED] - Object: 'Object Repository/Login/a_Login' is clicked on

2023-10-03 13:51:04 - [TEST_STEP][PASSED] - setText(findTestObject("Login/input_Username, Email atau No. Handphone_a"), "runa36"): Text 'runa36' is set on object 'Object Repository/Login/input_Username, Email atau No. Handphone_a'

2023-10-03 13:51:06 - [MESSAGE][PASSED] - Text 'runa36' is set on object 'Object Repository/Login/input_Username, Email atau No. Handphone_a'

2023-10-03 13:51:06 - [TEST_STEP][PASSED] - setEncryptedText(findTestObject("Login/input_Password di Login(Masuk)"), "qbkrdMwyWE4="): Text ****** has been set on object 'Object Repository/Login/input_Password di Login(Masuk)'

2023-10-03 13:51:06 - [MESSAGE][PASSED] - Text ****** has been set on object 'Object Repository/Login/input_Password di Login(Masuk)'

2023-10-03 13:51:06 - [TEST_STEP][PASSED] - click(findTestObject("Login/button_Masuk di halaman login")): Object: 'Object Repository/Login/button_Masuk di halaman login' is clicked on

2023-10-03 13:51:07 - [MESSAGE][PASSED] - Object: 'Object Repository/Login/button_Masuk di halaman login' is clicked on

2023-10-03 13:51:07 - [TEST_STEP][PASSED] - verifyElementPresent(findTestObject("edit sosial media/verifikasi masuk halaman biodata diri"), 0): Object 'Object Repository/edit sosial media/verifikasi masuk halaman biodata diri' is present

2023-10-03 13:51:07 - [MESSAGE][WARNING] - Timeout '0' is invalid. Using default page load timeout: '30'

2023-10-03 13:51:08 - [MESSAGE][PASSED] - Object 'Object Repository/edit sosial media/verifikasi masuk halaman biodata diri' is present

2023-10-03 13:51:08 - [MESSAGE][PASSED] - Call Test Case 'Test Cases/M05 -Edit Sosial Media/TC-LS-001' successfully

2023-10-03 13:51:08 - [TEST_STEP][PASSED] - click(findTestObject("edit sosial media/a_Sosmed")): Object: 'Object Repository/edit sosial media/a_Sosmed' is clicked on

2023-10-03 13:51:09 - [MESSAGE][PASSED] - Object: 'Object Repository/edit sosial media/a_Sosmed' is clicked on

2023-10-03 13:51:09 - [TEST_STEP][PASSED] - click(findTestObject("edit sosial media/Edit Sosial Media")): Object: 'Object Repository/edit sosial media/Edit Sosial Media' is clicked on

2023-10-03 13:51:11 - [MESSAGE][PASSED] - Object: 'Object Repository/edit sosial media/Edit Sosial Media' is clicked on

2023-10-03 13:51:11 - [TEST_STEP][PASSED] - click(findTestObject("edit sosial media/input_Facebook_a")): Object: 'Object Repository/edit sosial media/input_Facebook_a' is clicked on

2023-10-03 13:51:11 - [MESSAGE][PASSED] - Object: 'Object Repository/edit sosial media/input_Facebook_a' is clicked on

2023-10-03 13:51:11 - [TEST_STEP][PASSED] - setText(findTestObject("edit sosial media/input_Facebook_a"), facebook, CONTINUE_ON_FAILURE): Text 'Runa run' is set on object 'Object Repository/edit sosial media/input_Facebook_a'

2023-10-03 13:51:12 - [MESSAGE][PASSED] - Text 'Runa run' is set on object 'Object Repository/edit sosial media/input_Facebook_a'

2023-10-03 13:51:12 - [TEST_STEP][PASSED] - waitForAlert(5, OPTIONAL): Alert is present after 5 second(s).

2023-10-03 13:51:13 - [MESSAGE][PASSED] - Alert is present after 5 second(s).

2023-10-03 13:51:13 - [TEST_STEP][PASSED] - webDriver = getWebDriver(): null

2023-10-03 13:51:13 - [TEST_STEP][PASSED] - AlertText = alert().getText(): null

2023-10-03 13:51:13 - [TEST_STEP][PASSED] - verifyEqual(AlertText, "Maaf, Tidak Boleh Menggunakan Spasi,.."): Actual object 'Maaf, Tidak Boleh Menggunakan Spasi,..' and expected object 'Maaf, Tidak Boleh Menggunakan Spasi,..' are equal

2023-10-03 13:51:13 - [MESSAGE][PASSED] - Actual object 'Maaf, Tidak Boleh Menggunakan Spasi,..' and expected object 'Maaf, Tidak Boleh Menggunakan Spasi,..' are equal]]></system-out>
         <system-err><![CDATA[]]></system-err>
      </testcase>
      <testcase name="Test Cases/M05 -Edit Sosial Media/TC-ESMF-002" time="18.137" classname="Test Cases/M05 -Edit Sosial Media/TC-ESMF-002" status="FAILED">
         <failure type="FAILED" message="Test Cases/M05 -Edit Sosial Media/TC-ESMF-002 FAILED.
Reason:
com.kms.katalon.core.exception.StepFailedException: Unable to verify text 'Please input an valid phone number' is present 
	at com.kms.katalon.core.webui.keyword.internal.WebUIKeywordMain.stepFailed(WebUIKeywordMain.groovy:64)
	at com.kms.katalon.core.webui.keyword.internal.WebUIKeywordMain.runKeyword(WebUIKeywordMain.groovy:26)
	at com.kms.katalon.core.webui.keyword.builtin.VerifyTextPresentKeyword.verifyTextPresent(VerifyTextPresentKeyword.groovy:83)
	at com.kms.katalon.core.webui.keyword.builtin.VerifyTextPresentKeyword.execute(VerifyTextPresentKeyword.groovy:68)
	at com.kms.katalon.core.keyword.internal.KeywordExecutor.executeKeywordForPlatform(KeywordExecutor.groovy:74)
	at com.kms.katalon.core.webui.keyword.WebUiBuiltInKeywords.verifyTextPresent(WebUiBuiltInKeywords.groovy:1723)
	at com.kms.katalon.core.webui.keyword.WebUiBuiltInKeywords$verifyTextPresent$9.call(Unknown Source)
	at TC-ESMF-002.run(TC-ESMF-002:32)
	at com.kms.katalon.core.main.ScriptEngine.run(ScriptEngine.java:194)
	at com.kms.katalon.core.main.ScriptEngine.runScriptAsRawText(ScriptEngine.java:119)
	at com.kms.katalon.core.main.TestCaseExecutor.runScript(TestCaseExecutor.java:448)
	at com.kms.katalon.core.main.TestCaseExecutor.doExecute(TestCaseExecutor.java:439)
	at com.kms.katalon.core.main.TestCaseExecutor.processExecutionPhase(TestCaseExecutor.java:418)
	at com.kms.katalon.core.main.TestCaseExecutor.accessMainPhase(TestCaseExecutor.java:410)
	at com.kms.katalon.core.main.TestCaseExecutor.execute(TestCaseExecutor.java:285)
	at com.kms.katalon.core.common.CommonExecutor.accessTestCaseMainPhase(CommonExecutor.java:65)
	at com.kms.katalon.core.main.TestSuiteExecutor.accessTestSuiteMainPhase(TestSuiteExecutor.java:148)
	at com.kms.katalon.core.main.TestSuiteExecutor.execute(TestSuiteExecutor.java:106)
	at com.kms.katalon.core.main.TestCaseMain.startTestSuite(TestCaseMain.java:187)
	at com.kms.katalon.core.main.TestCaseMain$startTestSuite$0.call(Unknown Source)
	at TempTestSuite1696315667156.run(TempTestSuite1696315667156.groovy:36)
Caused by: com.kms.katalon.core.exception.StepFailedException: Text 'Please input an valid phone number' is not present on page 
	at com.kms.katalon.core.webui.keyword.internal.WebUIKeywordMain.stepFailed(WebUIKeywordMain.groovy:64)
	at com.kms.katalon.core.webui.keyword.builtin.VerifyTextPresentKeyword$_verifyTextPresent_closure1.doCall(VerifyTextPresentKeyword.groovy:79)
	at com.kms.katalon.core.webui.keyword.builtin.VerifyTextPresentKeyword$_verifyTextPresent_closure1.call(VerifyTextPresentKeyword.groovy)
	at com.kms.katalon.core.webui.keyword.internal.WebUIKeywordMain.runKeyword(WebUIKeywordMain.groovy:20)
	... 19 more
"/>
         <system-out><![CDATA[2023-10-03 13:51:13 - [TEST_CASE][FAILED] - Test Cases/M05 -Edit Sosial Media/TC-ESMF-002: Test Cases/M05 -Edit Sosial Media/TC-ESMF-002 FAILED.
Reason:
com.kms.katalon.core.exception.StepFailedException: Unable to verify text 'Please input an valid phone number' is present 
	at com.kms.katalon.core.webui.keyword.internal.WebUIKeywordMain.stepFailed(WebUIKeywordMain.groovy:64)
	at com.kms.katalon.core.webui.keyword.internal.WebUIKeywordMain.runKeyword(WebUIKeywordMain.groovy:26)
	at com.kms.katalon.core.webui.keyword.builtin.VerifyTextPresentKeyword.verifyTextPresent(VerifyTextPresentKeyword.groovy:83)
	at com.kms.katalon.core.webui.keyword.builtin.VerifyTextPresentKeyword.execute(VerifyTextPresentKeyword.groovy:68)
	at com.kms.katalon.core.keyword.internal.KeywordExecutor.executeKeywordForPlatform(KeywordExecutor.groovy:74)
	at com.kms.katalon.core.webui.keyword.WebUiBuiltInKeywords.verifyTextPresent(WebUiBuiltInKeywords.groovy:1723)
	at com.kms.katalon.core.webui.keyword.WebUiBuiltInKeywords$verifyTextPresent$9.call(Unknown Source)
	at TC-ESMF-002.run(TC-ESMF-002:32)
	at com.kms.katalon.core.main.ScriptEngine.run(ScriptEngine.java:194)
	at com.kms.katalon.core.main.ScriptEngine.runScriptAsRawText(ScriptEngine.java:119)
	at com.kms.katalon.core.main.TestCaseExecutor.runScript(TestCaseExecutor.java:448)
	at com.kms.katalon.core.main.TestCaseExecutor.doExecute(TestCaseExecutor.java:439)
	at com.kms.katalon.core.main.TestCaseExecutor.processExecutionPhase(TestCaseExecutor.java:418)
	at com.kms.katalon.core.main.TestCaseExecutor.accessMainPhase(TestCaseExecutor.java:410)
	at com.kms.katalon.core.main.TestCaseExecutor.execute(TestCaseExecutor.java:285)
	at com.kms.katalon.core.common.CommonExecutor.accessTestCaseMainPhase(CommonExecutor.java:65)
	at com.kms.katalon.core.main.TestSuiteExecutor.accessTestSuiteMainPhase(TestSuiteExecutor.java:148)
	at com.kms.katalon.core.main.TestSuiteExecutor.execute(TestSuiteExecutor.java:106)
	at com.kms.katalon.core.main.TestCaseMain.startTestSuite(TestCaseMain.java:187)
	at com.kms.katalon.core.main.TestCaseMain$startTestSuite$0.call(Unknown Source)
	at TempTestSuite1696315667156.run(TempTestSuite1696315667156.groovy:36)
Caused by: com.kms.katalon.core.exception.StepFailedException: Text 'Please input an valid phone number' is not present on page 
	at com.kms.katalon.core.webui.keyword.internal.WebUIKeywordMain.stepFailed(WebUIKeywordMain.groovy:64)
	at com.kms.katalon.core.webui.keyword.builtin.VerifyTextPresentKeyword$_verifyTextPresent_closure1.doCall(VerifyTextPresentKeyword.groovy:79)
	at com.kms.katalon.core.webui.keyword.builtin.VerifyTextPresentKeyword$_verifyTextPresent_closure1.call(VerifyTextPresentKeyword.groovy)
	at com.kms.katalon.core.webui.keyword.internal.WebUIKeywordMain.runKeyword(WebUIKeywordMain.groovy:20)
	... 19 more


2023-10-03 13:51:14 - [TEST_STEP][PASSED] - callTestCase(findTestCase("M05 -Edit Sosial Media/TC-LS-001"), [:], STOP_ON_FAILURE): Call Test Case 'Test Cases/M05 -Edit Sosial Media/TC-LS-001' successfully

2023-10-03 13:51:14 - [TEST_CASE][PASSED] - Test Cases/M05 -Edit Sosial Media/TC-LS-001: Test Cases/M05 -Edit Sosial Media/TC-LS-001

2023-10-03 13:51:14 - [TEST_STEP][PASSED] - openBrowser(urlWeb): Browser is opened with url: 'https://10.9.2.63/ecommerce/'

2023-10-03 13:51:14 - [MESSAGE][WARNING] - A browser is already opened. Closing browser and opening a new one

2023-10-03 13:51:15 - [MESSAGE][INFO] - Starting 'Edge Chromium' driver

2023-10-03 13:51:15 - [MESSAGE][INFO] - User set preference: ['acceptInsecureCerts', 'true']

2023-10-03 13:51:17 - [MESSAGE][INFO] - Action delay is set to 0 milliseconds

2023-10-03 13:51:21 - [MESSAGE][PASSED] - Browser is opened with url: 'https://10.9.2.63/ecommerce/'

2023-10-03 13:51:21 - [TEST_STEP][PASSED] - maximizeWindow(): Current window maximized

2023-10-03 13:51:21 - [MESSAGE][PASSED] - Current window maximized

2023-10-03 13:51:21 - [TEST_STEP][PASSED] - click(findTestObject("Login/a_Login")): Object: 'Object Repository/Login/a_Login' is clicked on

2023-10-03 13:51:22 - [MESSAGE][PASSED] - Object: 'Object Repository/Login/a_Login' is clicked on

2023-10-03 13:51:22 - [TEST_STEP][PASSED] - setText(findTestObject("Login/input_Username, Email atau No. Handphone_a"), "runa36"): Text 'runa36' is set on object 'Object Repository/Login/input_Username, Email atau No. Handphone_a'

2023-10-03 13:51:23 - [MESSAGE][PASSED] - Text 'runa36' is set on object 'Object Repository/Login/input_Username, Email atau No. Handphone_a'

2023-10-03 13:51:23 - [TEST_STEP][PASSED] - setEncryptedText(findTestObject("Login/input_Password di Login(Masuk)"), "qbkrdMwyWE4="): Text ****** has been set on object 'Object Repository/Login/input_Password di Login(Masuk)'

2023-10-03 13:51:23 - [MESSAGE][PASSED] - Text ****** has been set on object 'Object Repository/Login/input_Password di Login(Masuk)'

2023-10-03 13:51:23 - [TEST_STEP][PASSED] - click(findTestObject("Login/button_Masuk di halaman login")): Object: 'Object Repository/Login/button_Masuk di halaman login' is clicked on

2023-10-03 13:51:24 - [MESSAGE][PASSED] - Object: 'Object Repository/Login/button_Masuk di halaman login' is clicked on

2023-10-03 13:51:24 - [TEST_STEP][PASSED] - verifyElementPresent(findTestObject("edit sosial media/verifikasi masuk halaman biodata diri"), 0): Object 'Object Repository/edit sosial media/verifikasi masuk halaman biodata diri' is present

2023-10-03 13:51:24 - [MESSAGE][WARNING] - Timeout '0' is invalid. Using default page load timeout: '30'

2023-10-03 13:51:25 - [MESSAGE][PASSED] - Object 'Object Repository/edit sosial media/verifikasi masuk halaman biodata diri' is present

2023-10-03 13:51:25 - [MESSAGE][PASSED] - Call Test Case 'Test Cases/M05 -Edit Sosial Media/TC-LS-001' successfully

2023-10-03 13:51:25 - [TEST_STEP][PASSED] - click(findTestObject("edit sosial media/a_Sosmed")): Object: 'Object Repository/edit sosial media/a_Sosmed' is clicked on

2023-10-03 13:51:26 - [MESSAGE][PASSED] - Object: 'Object Repository/edit sosial media/a_Sosmed' is clicked on

2023-10-03 13:51:26 - [TEST_STEP][PASSED] - click(findTestObject("edit sosial media/Edit Sosial Media")): Object: 'Object Repository/edit sosial media/Edit Sosial Media' is clicked on

2023-10-03 13:51:27 - [MESSAGE][PASSED] - Object: 'Object Repository/edit sosial media/Edit Sosial Media' is clicked on

2023-10-03 13:51:27 - [TEST_STEP][PASSED] - clearText(findTestObject("edit sosial media/input_Whatsapp_d")): Text of object 'Object Repository/edit sosial media/input_Whatsapp_d' is cleared

2023-10-03 13:51:28 - [MESSAGE][PASSED] - Text of object 'Object Repository/edit sosial media/input_Whatsapp_d' is cleared

2023-10-03 13:51:28 - [TEST_STEP][PASSED] - setText(findTestObject("edit sosial media/input_Whatsapp_d"), Whatsapp): Text '+6285g4e9s996o' is set on object 'Object Repository/edit sosial media/input_Whatsapp_d'

2023-10-03 13:51:29 - [MESSAGE][PASSED] - Text '+6285g4e9s996o' is set on object 'Object Repository/edit sosial media/input_Whatsapp_d'

2023-10-03 13:51:29 - [TEST_STEP][PASSED] - click(findTestObject("edit sosial media/center_Simpan Sosial Media")): Object: 'Object Repository/edit sosial media/center_Simpan Sosial Media' is clicked on

2023-10-03 13:51:30 - [MESSAGE][PASSED] - Object: 'Object Repository/edit sosial media/center_Simpan Sosial Media' is clicked on

2023-10-03 13:51:30 - [TEST_STEP][FAILED] - verifyTextPresent("Please input an valid phone number", false): Unable to verify text 'Please input an valid phone number' is present  (Root cause: com.kms.katalon.core.exception.StepFailedException: Unable to verify text 'Please input an valid phone number' is present 
	at com.kms.katalon.core.webui.keyword.internal.WebUIKeywordMain.stepFailed(WebUIKeywordMain.groovy:64)
	at com.kms.katalon.core.webui.keyword.internal.WebUIKeywordMain.runKeyword(WebUIKeywordMain.groovy:26)
	at com.kms.katalon.core.webui.keyword.builtin.VerifyTextPresentKeyword.verifyTextPresent(VerifyTextPresentKeyword.groovy:83)
	at com.kms.katalon.core.webui.keyword.builtin.VerifyTextPresentKeyword.execute(VerifyTextPresentKeyword.groovy:68)
	at com.kms.katalon.core.keyword.internal.KeywordExecutor.executeKeywordForPlatform(KeywordExecutor.groovy:74)
	at com.kms.katalon.core.webui.keyword.WebUiBuiltInKeywords.verifyTextPresent(WebUiBuiltInKeywords.groovy:1723)
	at com.kms.katalon.core.webui.keyword.WebUiBuiltInKeywords$verifyTextPresent$9.call(Unknown Source)
	at TC-ESMF-002.run(TC-ESMF-002:32)
	at com.kms.katalon.core.main.ScriptEngine.run(ScriptEngine.java:194)
	at com.kms.katalon.core.main.ScriptEngine.runScriptAsRawText(ScriptEngine.java:119)
	at com.kms.katalon.core.main.TestCaseExecutor.runScript(TestCaseExecutor.java:448)
	at com.kms.katalon.core.main.TestCaseExecutor.doExecute(TestCaseExecutor.java:439)
	at com.kms.katalon.core.main.TestCaseExecutor.processExecutionPhase(TestCaseExecutor.java:418)
	at com.kms.katalon.core.main.TestCaseExecutor.accessMainPhase(TestCaseExecutor.java:410)
	at com.kms.katalon.core.main.TestCaseExecutor.execute(TestCaseExecutor.java:285)
	at com.kms.katalon.core.common.CommonExecutor.accessTestCaseMainPhase(CommonExecutor.java:65)
	at com.kms.katalon.core.main.TestSuiteExecutor.accessTestSuiteMainPhase(TestSuiteExecutor.java:148)
	at com.kms.katalon.core.main.TestSuiteExecutor.execute(TestSuiteExecutor.java:106)
	at com.kms.katalon.core.main.TestCaseMain.startTestSuite(TestCaseMain.java:187)
	at com.kms.katalon.core.main.TestCaseMain$startTestSuite$0.call(Unknown Source)
	at TempTestSuite1696315667156.run(TempTestSuite1696315667156.groovy:36)
Caused by: com.kms.katalon.core.exception.StepFailedException: Text 'Please input an valid phone number' is not present on page 
	at com.kms.katalon.core.webui.keyword.internal.WebUIKeywordMain.stepFailed(WebUIKeywordMain.groovy:64)
	at com.kms.katalon.core.webui.keyword.builtin.VerifyTextPresentKeyword$_verifyTextPresent_closure1.doCall(VerifyTextPresentKeyword.groovy:79)
	at com.kms.katalon.core.webui.keyword.builtin.VerifyTextPresentKeyword$_verifyTextPresent_closure1.call(VerifyTextPresentKeyword.groovy)
	at com.kms.katalon.core.webui.keyword.internal.WebUIKeywordMain.runKeyword(WebUIKeywordMain.groovy:20)
	... 19 more
)

2023-10-03 13:51:31 - [MESSAGE][FAILED] - Text 'Please input an valid phone number' is not present on page  (Root cause: com.kms.katalon.core.exception.StepFailedException: Text 'Please input an valid phone number' is not present on page 
	at com.kms.katalon.core.webui.keyword.internal.WebUIKeywordMain.stepFailed(WebUIKeywordMain.groovy:64)
	at com.kms.katalon.core.webui.keyword.builtin.VerifyTextPresentKeyword$_verifyTextPresent_closure1.doCall(VerifyTextPresentKeyword.groovy:79)
	at com.kms.katalon.core.webui.keyword.builtin.VerifyTextPresentKeyword$_verifyTextPresent_closure1.call(VerifyTextPresentKeyword.groovy)
	at com.kms.katalon.core.webui.keyword.internal.WebUIKeywordMain.runKeyword(WebUIKeywordMain.groovy:20)
	at com.kms.katalon.core.webui.keyword.builtin.VerifyTextPresentKeyword.verifyTextPresent(VerifyTextPresentKeyword.groovy:83)
	at com.kms.katalon.core.webui.keyword.builtin.VerifyTextPresentKeyword.execute(VerifyTextPresentKeyword.groovy:68)
	at com.kms.katalon.core.keyword.internal.KeywordExecutor.executeKeywordForPlatform(KeywordExecutor.groovy:74)
	at com.kms.katalon.core.webui.keyword.WebUiBuiltInKeywords.verifyTextPresent(WebUiBuiltInKeywords.groovy:1723)
	at com.kms.katalon.core.webui.keyword.WebUiBuiltInKeywords$verifyTextPresent$9.call(Unknown Source)
	at TC-ESMF-002.run(TC-ESMF-002:32)
	at com.kms.katalon.core.main.ScriptEngine.run(ScriptEngine.java:194)
	at com.kms.katalon.core.main.ScriptEngine.runScriptAsRawText(ScriptEngine.java:119)
	at com.kms.katalon.core.main.TestCaseExecutor.runScript(TestCaseExecutor.java:448)
	at com.kms.katalon.core.main.TestCaseExecutor.doExecute(TestCaseExecutor.java:439)
	at com.kms.katalon.core.main.TestCaseExecutor.processExecutionPhase(TestCaseExecutor.java:418)
	at com.kms.katalon.core.main.TestCaseExecutor.accessMainPhase(TestCaseExecutor.java:410)
	at com.kms.katalon.core.main.TestCaseExecutor.execute(TestCaseExecutor.java:285)
	at com.kms.katalon.core.common.CommonExecutor.accessTestCaseMainPhase(CommonExecutor.java:65)
	at com.kms.katalon.core.main.TestSuiteExecutor.accessTestSuiteMainPhase(TestSuiteExecutor.java:148)
	at com.kms.katalon.core.main.TestSuiteExecutor.execute(TestSuiteExecutor.java:106)
	at com.kms.katalon.core.main.TestCaseMain.startTestSuite(TestCaseMain.java:187)
	at com.kms.katalon.core.main.TestCaseMain$startTestSuite$0.call(Unknown Source)
	at TempTestSuite1696315667156.run(TempTestSuite1696315667156.groovy:36)
)

2023-10-03 13:51:31 - [MESSAGE][FAILED] - Unable to verify text 'Please input an valid phone number' is present  (Root cause: com.kms.katalon.core.exception.StepFailedException: Unable to verify text 'Please input an valid phone number' is present 
	at com.kms.katalon.core.webui.keyword.internal.WebUIKeywordMain.stepFailed(WebUIKeywordMain.groovy:64)
	at com.kms.katalon.core.webui.keyword.internal.WebUIKeywordMain.runKeyword(WebUIKeywordMain.groovy:26)
	at com.kms.katalon.core.webui.keyword.builtin.VerifyTextPresentKeyword.verifyTextPresent(VerifyTextPresentKeyword.groovy:83)
	at com.kms.katalon.core.webui.keyword.builtin.VerifyTextPresentKeyword.execute(VerifyTextPresentKeyword.groovy:68)
	at com.kms.katalon.core.keyword.internal.KeywordExecutor.executeKeywordForPlatform(KeywordExecutor.groovy:74)
	at com.kms.katalon.core.webui.keyword.WebUiBuiltInKeywords.verifyTextPresent(WebUiBuiltInKeywords.groovy:1723)
	at com.kms.katalon.core.webui.keyword.WebUiBuiltInKeywords$verifyTextPresent$9.call(Unknown Source)
	at TC-ESMF-002.run(TC-ESMF-002:32)
	at com.kms.katalon.core.main.ScriptEngine.run(ScriptEngine.java:194)
	at com.kms.katalon.core.main.ScriptEngine.runScriptAsRawText(ScriptEngine.java:119)
	at com.kms.katalon.core.main.TestCaseExecutor.runScript(TestCaseExecutor.java:448)
	at com.kms.katalon.core.main.TestCaseExecutor.doExecute(TestCaseExecutor.java:439)
	at com.kms.katalon.core.main.TestCaseExecutor.processExecutionPhase(TestCaseExecutor.java:418)
	at com.kms.katalon.core.main.TestCaseExecutor.accessMainPhase(TestCaseExecutor.java:410)
	at com.kms.katalon.core.main.TestCaseExecutor.execute(TestCaseExecutor.java:285)
	at com.kms.katalon.core.common.CommonExecutor.accessTestCaseMainPhase(CommonExecutor.java:65)
	at com.kms.katalon.core.main.TestSuiteExecutor.accessTestSuiteMainPhase(TestSuiteExecutor.java:148)
	at com.kms.katalon.core.main.TestSuiteExecutor.execute(TestSuiteExecutor.java:106)
	at com.kms.katalon.core.main.TestCaseMain.startTestSuite(TestCaseMain.java:187)
	at com.kms.katalon.core.main.TestCaseMain$startTestSuite$0.call(Unknown Source)
	at TempTestSuite1696315667156.run(TempTestSuite1696315667156.groovy:36)
Caused by: com.kms.katalon.core.exception.StepFailedException: Text 'Please input an valid phone number' is not present on page 
	at com.kms.katalon.core.webui.keyword.internal.WebUIKeywordMain.stepFailed(WebUIKeywordMain.groovy:64)
	at com.kms.katalon.core.webui.keyword.builtin.VerifyTextPresentKeyword$_verifyTextPresent_closure1.doCall(VerifyTextPresentKeyword.groovy:79)
	at com.kms.katalon.core.webui.keyword.builtin.VerifyTextPresentKeyword$_verifyTextPresent_closure1.call(VerifyTextPresentKeyword.groovy)
	at com.kms.katalon.core.webui.keyword.internal.WebUIKeywordMain.runKeyword(WebUIKeywordMain.groovy:20)
	... 19 more
)
[[ATTACHMENT|F:\\bootcamp\\Miniproject\\Tajalapak\\Reports\\20231003_134746\\M05 - Edit Sosial Media\\20231003_134747\\1696315891261.png]]]]></system-out>
         <system-err><![CDATA[2023-10-03 13:51:13 - [TEST_CASE][FAILED] - Test Cases/M05 -Edit Sosial Media/TC-ESMF-002: Test Cases/M05 -Edit Sosial Media/TC-ESMF-002 FAILED.
Reason:
com.kms.katalon.core.exception.StepFailedException: Unable to verify text 'Please input an valid phone number' is present 
	at com.kms.katalon.core.webui.keyword.internal.WebUIKeywordMain.stepFailed(WebUIKeywordMain.groovy:64)
	at com.kms.katalon.core.webui.keyword.internal.WebUIKeywordMain.runKeyword(WebUIKeywordMain.groovy:26)
	at com.kms.katalon.core.webui.keyword.builtin.VerifyTextPresentKeyword.verifyTextPresent(VerifyTextPresentKeyword.groovy:83)
	at com.kms.katalon.core.webui.keyword.builtin.VerifyTextPresentKeyword.execute(VerifyTextPresentKeyword.groovy:68)
	at com.kms.katalon.core.keyword.internal.KeywordExecutor.executeKeywordForPlatform(KeywordExecutor.groovy:74)
	at com.kms.katalon.core.webui.keyword.WebUiBuiltInKeywords.verifyTextPresent(WebUiBuiltInKeywords.groovy:1723)
	at com.kms.katalon.core.webui.keyword.WebUiBuiltInKeywords$verifyTextPresent$9.call(Unknown Source)
	at TC-ESMF-002.run(TC-ESMF-002:32)
	at com.kms.katalon.core.main.ScriptEngine.run(ScriptEngine.java:194)
	at com.kms.katalon.core.main.ScriptEngine.runScriptAsRawText(ScriptEngine.java:119)
	at com.kms.katalon.core.main.TestCaseExecutor.runScript(TestCaseExecutor.java:448)
	at com.kms.katalon.core.main.TestCaseExecutor.doExecute(TestCaseExecutor.java:439)
	at com.kms.katalon.core.main.TestCaseExecutor.processExecutionPhase(TestCaseExecutor.java:418)
	at com.kms.katalon.core.main.TestCaseExecutor.accessMainPhase(TestCaseExecutor.java:410)
	at com.kms.katalon.core.main.TestCaseExecutor.execute(TestCaseExecutor.java:285)
	at com.kms.katalon.core.common.CommonExecutor.accessTestCaseMainPhase(CommonExecutor.java:65)
	at com.kms.katalon.core.main.TestSuiteExecutor.accessTestSuiteMainPhase(TestSuiteExecutor.java:148)
	at com.kms.katalon.core.main.TestSuiteExecutor.execute(TestSuiteExecutor.java:106)
	at com.kms.katalon.core.main.TestCaseMain.startTestSuite(TestCaseMain.java:187)
	at com.kms.katalon.core.main.TestCaseMain$startTestSuite$0.call(Unknown Source)
	at TempTestSuite1696315667156.run(TempTestSuite1696315667156.groovy:36)
Caused by: com.kms.katalon.core.exception.StepFailedException: Text 'Please input an valid phone number' is not present on page 
	at com.kms.katalon.core.webui.keyword.internal.WebUIKeywordMain.stepFailed(WebUIKeywordMain.groovy:64)
	at com.kms.katalon.core.webui.keyword.builtin.VerifyTextPresentKeyword$_verifyTextPresent_closure1.doCall(VerifyTextPresentKeyword.groovy:79)
	at com.kms.katalon.core.webui.keyword.builtin.VerifyTextPresentKeyword$_verifyTextPresent_closure1.call(VerifyTextPresentKeyword.groovy)
	at com.kms.katalon.core.webui.keyword.internal.WebUIKeywordMain.runKeyword(WebUIKeywordMain.groovy:20)
	... 19 more]]></system-err>
      </testcase>
      <testcase name="Test Cases/M05 -Edit Sosial Media/TC-ESMF-003" time="18.017" classname="Test Cases/M05 -Edit Sosial Media/TC-ESMF-003" status="FAILED">
         <failure type="FAILED" message="Test Cases/M05 -Edit Sosial Media/TC-ESMF-003 FAILED.
Reason:
com.kms.katalon.core.exception.StepFailedException: Unable to verify text 'plese input an valid username' is present 
	at com.kms.katalon.core.webui.keyword.internal.WebUIKeywordMain.stepFailed(WebUIKeywordMain.groovy:64)
	at com.kms.katalon.core.webui.keyword.internal.WebUIKeywordMain.runKeyword(WebUIKeywordMain.groovy:26)
	at com.kms.katalon.core.webui.keyword.builtin.VerifyTextPresentKeyword.verifyTextPresent(VerifyTextPresentKeyword.groovy:83)
	at com.kms.katalon.core.webui.keyword.builtin.VerifyTextPresentKeyword.execute(VerifyTextPresentKeyword.groovy:68)
	at com.kms.katalon.core.keyword.internal.KeywordExecutor.executeKeywordForPlatform(KeywordExecutor.groovy:74)
	at com.kms.katalon.core.webui.keyword.WebUiBuiltInKeywords.verifyTextPresent(WebUiBuiltInKeywords.groovy:1723)
	at com.kms.katalon.core.webui.keyword.WebUiBuiltInKeywords$verifyTextPresent$9.call(Unknown Source)
	at TC-ESMF-003.run(TC-ESMF-003:36)
	at com.kms.katalon.core.main.ScriptEngine.run(ScriptEngine.java:194)
	at com.kms.katalon.core.main.ScriptEngine.runScriptAsRawText(ScriptEngine.java:119)
	at com.kms.katalon.core.main.TestCaseExecutor.runScript(TestCaseExecutor.java:448)
	at com.kms.katalon.core.main.TestCaseExecutor.doExecute(TestCaseExecutor.java:439)
	at com.kms.katalon.core.main.TestCaseExecutor.processExecutionPhase(TestCaseExecutor.java:418)
	at com.kms.katalon.core.main.TestCaseExecutor.accessMainPhase(TestCaseExecutor.java:410)
	at com.kms.katalon.core.main.TestCaseExecutor.execute(TestCaseExecutor.java:285)
	at com.kms.katalon.core.common.CommonExecutor.accessTestCaseMainPhase(CommonExecutor.java:65)
	at com.kms.katalon.core.main.TestSuiteExecutor.accessTestSuiteMainPhase(TestSuiteExecutor.java:148)
	at com.kms.katalon.core.main.TestSuiteExecutor.execute(TestSuiteExecutor.java:106)
	at com.kms.katalon.core.main.TestCaseMain.startTestSuite(TestCaseMain.java:187)
	at com.kms.katalon.core.main.TestCaseMain$startTestSuite$0.call(Unknown Source)
	at TempTestSuite1696315667156.run(TempTestSuite1696315667156.groovy:36)
Caused by: com.kms.katalon.core.exception.StepFailedException: Text 'plese input an valid username' is not present on page 
	at com.kms.katalon.core.webui.keyword.internal.WebUIKeywordMain.stepFailed(WebUIKeywordMain.groovy:64)
	at com.kms.katalon.core.webui.keyword.builtin.VerifyTextPresentKeyword$_verifyTextPresent_closure1.doCall(VerifyTextPresentKeyword.groovy:79)
	at com.kms.katalon.core.webui.keyword.builtin.VerifyTextPresentKeyword$_verifyTextPresent_closure1.call(VerifyTextPresentKeyword.groovy)
	at com.kms.katalon.core.webui.keyword.internal.WebUIKeywordMain.runKeyword(WebUIKeywordMain.groovy:20)
	... 19 more
"/>
         <system-out><![CDATA[2023-10-03 13:51:31 - [TEST_CASE][FAILED] - Test Cases/M05 -Edit Sosial Media/TC-ESMF-003: Test Cases/M05 -Edit Sosial Media/TC-ESMF-003 FAILED.
Reason:
com.kms.katalon.core.exception.StepFailedException: Unable to verify text 'plese input an valid username' is present 
	at com.kms.katalon.core.webui.keyword.internal.WebUIKeywordMain.stepFailed(WebUIKeywordMain.groovy:64)
	at com.kms.katalon.core.webui.keyword.internal.WebUIKeywordMain.runKeyword(WebUIKeywordMain.groovy:26)
	at com.kms.katalon.core.webui.keyword.builtin.VerifyTextPresentKeyword.verifyTextPresent(VerifyTextPresentKeyword.groovy:83)
	at com.kms.katalon.core.webui.keyword.builtin.VerifyTextPresentKeyword.execute(VerifyTextPresentKeyword.groovy:68)
	at com.kms.katalon.core.keyword.internal.KeywordExecutor.executeKeywordForPlatform(KeywordExecutor.groovy:74)
	at com.kms.katalon.core.webui.keyword.WebUiBuiltInKeywords.verifyTextPresent(WebUiBuiltInKeywords.groovy:1723)
	at com.kms.katalon.core.webui.keyword.WebUiBuiltInKeywords$verifyTextPresent$9.call(Unknown Source)
	at TC-ESMF-003.run(TC-ESMF-003:36)
	at com.kms.katalon.core.main.ScriptEngine.run(ScriptEngine.java:194)
	at com.kms.katalon.core.main.ScriptEngine.runScriptAsRawText(ScriptEngine.java:119)
	at com.kms.katalon.core.main.TestCaseExecutor.runScript(TestCaseExecutor.java:448)
	at com.kms.katalon.core.main.TestCaseExecutor.doExecute(TestCaseExecutor.java:439)
	at com.kms.katalon.core.main.TestCaseExecutor.processExecutionPhase(TestCaseExecutor.java:418)
	at com.kms.katalon.core.main.TestCaseExecutor.accessMainPhase(TestCaseExecutor.java:410)
	at com.kms.katalon.core.main.TestCaseExecutor.execute(TestCaseExecutor.java:285)
	at com.kms.katalon.core.common.CommonExecutor.accessTestCaseMainPhase(CommonExecutor.java:65)
	at com.kms.katalon.core.main.TestSuiteExecutor.accessTestSuiteMainPhase(TestSuiteExecutor.java:148)
	at com.kms.katalon.core.main.TestSuiteExecutor.execute(TestSuiteExecutor.java:106)
	at com.kms.katalon.core.main.TestCaseMain.startTestSuite(TestCaseMain.java:187)
	at com.kms.katalon.core.main.TestCaseMain$startTestSuite$0.call(Unknown Source)
	at TempTestSuite1696315667156.run(TempTestSuite1696315667156.groovy:36)
Caused by: com.kms.katalon.core.exception.StepFailedException: Text 'plese input an valid username' is not present on page 
	at com.kms.katalon.core.webui.keyword.internal.WebUIKeywordMain.stepFailed(WebUIKeywordMain.groovy:64)
	at com.kms.katalon.core.webui.keyword.builtin.VerifyTextPresentKeyword$_verifyTextPresent_closure1.doCall(VerifyTextPresentKeyword.groovy:79)
	at com.kms.katalon.core.webui.keyword.builtin.VerifyTextPresentKeyword$_verifyTextPresent_closure1.call(VerifyTextPresentKeyword.groovy)
	at com.kms.katalon.core.webui.keyword.internal.WebUIKeywordMain.runKeyword(WebUIKeywordMain.groovy:20)
	... 19 more


2023-10-03 13:51:32 - [TEST_STEP][PASSED] - callTestCase(findTestCase("M05 -Edit Sosial Media/TC-LS-001"), [:], STOP_ON_FAILURE): Call Test Case 'Test Cases/M05 -Edit Sosial Media/TC-LS-001' successfully

2023-10-03 13:51:32 - [TEST_CASE][PASSED] - Test Cases/M05 -Edit Sosial Media/TC-LS-001: Test Cases/M05 -Edit Sosial Media/TC-LS-001

2023-10-03 13:51:32 - [TEST_STEP][PASSED] - openBrowser(urlWeb): Browser is opened with url: 'https://10.9.2.63/ecommerce/'

2023-10-03 13:51:32 - [MESSAGE][WARNING] - A browser is already opened. Closing browser and opening a new one

2023-10-03 13:51:33 - [MESSAGE][INFO] - Starting 'Edge Chromium' driver

2023-10-03 13:51:33 - [MESSAGE][INFO] - User set preference: ['acceptInsecureCerts', 'true']

2023-10-03 13:51:35 - [MESSAGE][INFO] - Action delay is set to 0 milliseconds

2023-10-03 13:51:38 - [MESSAGE][PASSED] - Browser is opened with url: 'https://10.9.2.63/ecommerce/'

2023-10-03 13:51:38 - [TEST_STEP][PASSED] - maximizeWindow(): Current window maximized

2023-10-03 13:51:38 - [MESSAGE][PASSED] - Current window maximized

2023-10-03 13:51:38 - [TEST_STEP][PASSED] - click(findTestObject("Login/a_Login")): Object: 'Object Repository/Login/a_Login' is clicked on

2023-10-03 13:51:39 - [MESSAGE][PASSED] - Object: 'Object Repository/Login/a_Login' is clicked on

2023-10-03 13:51:39 - [TEST_STEP][PASSED] - setText(findTestObject("Login/input_Username, Email atau No. Handphone_a"), "runa36"): Text 'runa36' is set on object 'Object Repository/Login/input_Username, Email atau No. Handphone_a'

2023-10-03 13:51:40 - [MESSAGE][PASSED] - Text 'runa36' is set on object 'Object Repository/Login/input_Username, Email atau No. Handphone_a'

2023-10-03 13:51:40 - [TEST_STEP][PASSED] - setEncryptedText(findTestObject("Login/input_Password di Login(Masuk)"), "qbkrdMwyWE4="): Text ****** has been set on object 'Object Repository/Login/input_Password di Login(Masuk)'

2023-10-03 13:51:41 - [MESSAGE][PASSED] - Text ****** has been set on object 'Object Repository/Login/input_Password di Login(Masuk)'

2023-10-03 13:51:41 - [TEST_STEP][PASSED] - click(findTestObject("Login/button_Masuk di halaman login")): Object: 'Object Repository/Login/button_Masuk di halaman login' is clicked on

2023-10-03 13:51:42 - [MESSAGE][PASSED] - Object: 'Object Repository/Login/button_Masuk di halaman login' is clicked on

2023-10-03 13:51:42 - [TEST_STEP][PASSED] - verifyElementPresent(findTestObject("edit sosial media/verifikasi masuk halaman biodata diri"), 0): Object 'Object Repository/edit sosial media/verifikasi masuk halaman biodata diri' is present

2023-10-03 13:51:42 - [MESSAGE][WARNING] - Timeout '0' is invalid. Using default page load timeout: '30'

2023-10-03 13:51:43 - [MESSAGE][PASSED] - Object 'Object Repository/edit sosial media/verifikasi masuk halaman biodata diri' is present

2023-10-03 13:51:43 - [MESSAGE][PASSED] - Call Test Case 'Test Cases/M05 -Edit Sosial Media/TC-LS-001' successfully

2023-10-03 13:51:43 - [TEST_STEP][PASSED] - click(findTestObject("edit sosial media/a_Sosmed")): Object: 'Object Repository/edit sosial media/a_Sosmed' is clicked on

2023-10-03 13:51:44 - [MESSAGE][PASSED] - Object: 'Object Repository/edit sosial media/a_Sosmed' is clicked on

2023-10-03 13:51:44 - [TEST_STEP][PASSED] - click(findTestObject("edit sosial media/Edit Sosial Media")): Object: 'Object Repository/edit sosial media/Edit Sosial Media' is clicked on

2023-10-03 13:51:45 - [MESSAGE][PASSED] - Object: 'Object Repository/edit sosial media/Edit Sosial Media' is clicked on

2023-10-03 13:51:45 - [TEST_STEP][PASSED] - clearText(findTestObject("edit sosial media/input_LinkedIn_g")): Text of object 'Object Repository/edit sosial media/input_LinkedIn_g' is cleared

2023-10-03 13:51:46 - [MESSAGE][PASSED] - Text of object 'Object Repository/edit sosial media/input_LinkedIn_g' is cleared

2023-10-03 13:51:46 - [TEST_STEP][PASSED] - setText(findTestObject("edit sosial media/input_LinkedIn_g"), LinkedIn): Text '!' is set on object 'Object Repository/edit sosial media/input_LinkedIn_g'

2023-10-03 13:51:47 - [MESSAGE][PASSED] - Text '!' is set on object 'Object Repository/edit sosial media/input_LinkedIn_g'

2023-10-03 13:51:47 - [TEST_STEP][PASSED] - click(findTestObject("edit sosial media/center_Simpan Sosial Media")): Object: 'Object Repository/edit sosial media/center_Simpan Sosial Media' is clicked on

2023-10-03 13:51:48 - [MESSAGE][PASSED] - Object: 'Object Repository/edit sosial media/center_Simpan Sosial Media' is clicked on

2023-10-03 13:51:48 - [TEST_STEP][FAILED] - verifyTextPresent("plese input an valid username", false): Unable to verify text 'plese input an valid username' is present  (Root cause: com.kms.katalon.core.exception.StepFailedException: Unable to verify text 'plese input an valid username' is present 
	at com.kms.katalon.core.webui.keyword.internal.WebUIKeywordMain.stepFailed(WebUIKeywordMain.groovy:64)
	at com.kms.katalon.core.webui.keyword.internal.WebUIKeywordMain.runKeyword(WebUIKeywordMain.groovy:26)
	at com.kms.katalon.core.webui.keyword.builtin.VerifyTextPresentKeyword.verifyTextPresent(VerifyTextPresentKeyword.groovy:83)
	at com.kms.katalon.core.webui.keyword.builtin.VerifyTextPresentKeyword.execute(VerifyTextPresentKeyword.groovy:68)
	at com.kms.katalon.core.keyword.internal.KeywordExecutor.executeKeywordForPlatform(KeywordExecutor.groovy:74)
	at com.kms.katalon.core.webui.keyword.WebUiBuiltInKeywords.verifyTextPresent(WebUiBuiltInKeywords.groovy:1723)
	at com.kms.katalon.core.webui.keyword.WebUiBuiltInKeywords$verifyTextPresent$9.call(Unknown Source)
	at TC-ESMF-003.run(TC-ESMF-003:36)
	at com.kms.katalon.core.main.ScriptEngine.run(ScriptEngine.java:194)
	at com.kms.katalon.core.main.ScriptEngine.runScriptAsRawText(ScriptEngine.java:119)
	at com.kms.katalon.core.main.TestCaseExecutor.runScript(TestCaseExecutor.java:448)
	at com.kms.katalon.core.main.TestCaseExecutor.doExecute(TestCaseExecutor.java:439)
	at com.kms.katalon.core.main.TestCaseExecutor.processExecutionPhase(TestCaseExecutor.java:418)
	at com.kms.katalon.core.main.TestCaseExecutor.accessMainPhase(TestCaseExecutor.java:410)
	at com.kms.katalon.core.main.TestCaseExecutor.execute(TestCaseExecutor.java:285)
	at com.kms.katalon.core.common.CommonExecutor.accessTestCaseMainPhase(CommonExecutor.java:65)
	at com.kms.katalon.core.main.TestSuiteExecutor.accessTestSuiteMainPhase(TestSuiteExecutor.java:148)
	at com.kms.katalon.core.main.TestSuiteExecutor.execute(TestSuiteExecutor.java:106)
	at com.kms.katalon.core.main.TestCaseMain.startTestSuite(TestCaseMain.java:187)
	at com.kms.katalon.core.main.TestCaseMain$startTestSuite$0.call(Unknown Source)
	at TempTestSuite1696315667156.run(TempTestSuite1696315667156.groovy:36)
Caused by: com.kms.katalon.core.exception.StepFailedException: Text 'plese input an valid username' is not present on page 
	at com.kms.katalon.core.webui.keyword.internal.WebUIKeywordMain.stepFailed(WebUIKeywordMain.groovy:64)
	at com.kms.katalon.core.webui.keyword.builtin.VerifyTextPresentKeyword$_verifyTextPresent_closure1.doCall(VerifyTextPresentKeyword.groovy:79)
	at com.kms.katalon.core.webui.keyword.builtin.VerifyTextPresentKeyword$_verifyTextPresent_closure1.call(VerifyTextPresentKeyword.groovy)
	at com.kms.katalon.core.webui.keyword.internal.WebUIKeywordMain.runKeyword(WebUIKeywordMain.groovy:20)
	... 19 more
)

2023-10-03 13:51:49 - [MESSAGE][FAILED] - Text 'plese input an valid username' is not present on page  (Root cause: com.kms.katalon.core.exception.StepFailedException: Text 'plese input an valid username' is not present on page 
	at com.kms.katalon.core.webui.keyword.internal.WebUIKeywordMain.stepFailed(WebUIKeywordMain.groovy:64)
	at com.kms.katalon.core.webui.keyword.builtin.VerifyTextPresentKeyword$_verifyTextPresent_closure1.doCall(VerifyTextPresentKeyword.groovy:79)
	at com.kms.katalon.core.webui.keyword.builtin.VerifyTextPresentKeyword$_verifyTextPresent_closure1.call(VerifyTextPresentKeyword.groovy)
	at com.kms.katalon.core.webui.keyword.internal.WebUIKeywordMain.runKeyword(WebUIKeywordMain.groovy:20)
	at com.kms.katalon.core.webui.keyword.builtin.VerifyTextPresentKeyword.verifyTextPresent(VerifyTextPresentKeyword.groovy:83)
	at com.kms.katalon.core.webui.keyword.builtin.VerifyTextPresentKeyword.execute(VerifyTextPresentKeyword.groovy:68)
	at com.kms.katalon.core.keyword.internal.KeywordExecutor.executeKeywordForPlatform(KeywordExecutor.groovy:74)
	at com.kms.katalon.core.webui.keyword.WebUiBuiltInKeywords.verifyTextPresent(WebUiBuiltInKeywords.groovy:1723)
	at com.kms.katalon.core.webui.keyword.WebUiBuiltInKeywords$verifyTextPresent$9.call(Unknown Source)
	at TC-ESMF-003.run(TC-ESMF-003:36)
	at com.kms.katalon.core.main.ScriptEngine.run(ScriptEngine.java:194)
	at com.kms.katalon.core.main.ScriptEngine.runScriptAsRawText(ScriptEngine.java:119)
	at com.kms.katalon.core.main.TestCaseExecutor.runScript(TestCaseExecutor.java:448)
	at com.kms.katalon.core.main.TestCaseExecutor.doExecute(TestCaseExecutor.java:439)
	at com.kms.katalon.core.main.TestCaseExecutor.processExecutionPhase(TestCaseExecutor.java:418)
	at com.kms.katalon.core.main.TestCaseExecutor.accessMainPhase(TestCaseExecutor.java:410)
	at com.kms.katalon.core.main.TestCaseExecutor.execute(TestCaseExecutor.java:285)
	at com.kms.katalon.core.common.CommonExecutor.accessTestCaseMainPhase(CommonExecutor.java:65)
	at com.kms.katalon.core.main.TestSuiteExecutor.accessTestSuiteMainPhase(TestSuiteExecutor.java:148)
	at com.kms.katalon.core.main.TestSuiteExecutor.execute(TestSuiteExecutor.java:106)
	at com.kms.katalon.core.main.TestCaseMain.startTestSuite(TestCaseMain.java:187)
	at com.kms.katalon.core.main.TestCaseMain$startTestSuite$0.call(Unknown Source)
	at TempTestSuite1696315667156.run(TempTestSuite1696315667156.groovy:36)
)

2023-10-03 13:51:49 - [MESSAGE][FAILED] - Unable to verify text 'plese input an valid username' is present  (Root cause: com.kms.katalon.core.exception.StepFailedException: Unable to verify text 'plese input an valid username' is present 
	at com.kms.katalon.core.webui.keyword.internal.WebUIKeywordMain.stepFailed(WebUIKeywordMain.groovy:64)
	at com.kms.katalon.core.webui.keyword.internal.WebUIKeywordMain.runKeyword(WebUIKeywordMain.groovy:26)
	at com.kms.katalon.core.webui.keyword.builtin.VerifyTextPresentKeyword.verifyTextPresent(VerifyTextPresentKeyword.groovy:83)
	at com.kms.katalon.core.webui.keyword.builtin.VerifyTextPresentKeyword.execute(VerifyTextPresentKeyword.groovy:68)
	at com.kms.katalon.core.keyword.internal.KeywordExecutor.executeKeywordForPlatform(KeywordExecutor.groovy:74)
	at com.kms.katalon.core.webui.keyword.WebUiBuiltInKeywords.verifyTextPresent(WebUiBuiltInKeywords.groovy:1723)
	at com.kms.katalon.core.webui.keyword.WebUiBuiltInKeywords$verifyTextPresent$9.call(Unknown Source)
	at TC-ESMF-003.run(TC-ESMF-003:36)
	at com.kms.katalon.core.main.ScriptEngine.run(ScriptEngine.java:194)
	at com.kms.katalon.core.main.ScriptEngine.runScriptAsRawText(ScriptEngine.java:119)
	at com.kms.katalon.core.main.TestCaseExecutor.runScript(TestCaseExecutor.java:448)
	at com.kms.katalon.core.main.TestCaseExecutor.doExecute(TestCaseExecutor.java:439)
	at com.kms.katalon.core.main.TestCaseExecutor.processExecutionPhase(TestCaseExecutor.java:418)
	at com.kms.katalon.core.main.TestCaseExecutor.accessMainPhase(TestCaseExecutor.java:410)
	at com.kms.katalon.core.main.TestCaseExecutor.execute(TestCaseExecutor.java:285)
	at com.kms.katalon.core.common.CommonExecutor.accessTestCaseMainPhase(CommonExecutor.java:65)
	at com.kms.katalon.core.main.TestSuiteExecutor.accessTestSuiteMainPhase(TestSuiteExecutor.java:148)
	at com.kms.katalon.core.main.TestSuiteExecutor.execute(TestSuiteExecutor.java:106)
	at com.kms.katalon.core.main.TestCaseMain.startTestSuite(TestCaseMain.java:187)
	at com.kms.katalon.core.main.TestCaseMain$startTestSuite$0.call(Unknown Source)
	at TempTestSuite1696315667156.run(TempTestSuite1696315667156.groovy:36)
Caused by: com.kms.katalon.core.exception.StepFailedException: Text 'plese input an valid username' is not present on page 
	at com.kms.katalon.core.webui.keyword.internal.WebUIKeywordMain.stepFailed(WebUIKeywordMain.groovy:64)
	at com.kms.katalon.core.webui.keyword.builtin.VerifyTextPresentKeyword$_verifyTextPresent_closure1.doCall(VerifyTextPresentKeyword.groovy:79)
	at com.kms.katalon.core.webui.keyword.builtin.VerifyTextPresentKeyword$_verifyTextPresent_closure1.call(VerifyTextPresentKeyword.groovy)
	at com.kms.katalon.core.webui.keyword.internal.WebUIKeywordMain.runKeyword(WebUIKeywordMain.groovy:20)
	... 19 more
)
[[ATTACHMENT|F:\\bootcamp\\Miniproject\\Tajalapak\\Reports\\20231003_134746\\M05 - Edit Sosial Media\\20231003_134747\\1696315909314.png]]]]></system-out>
         <system-err><![CDATA[2023-10-03 13:51:31 - [TEST_CASE][FAILED] - Test Cases/M05 -Edit Sosial Media/TC-ESMF-003: Test Cases/M05 -Edit Sosial Media/TC-ESMF-003 FAILED.
Reason:
com.kms.katalon.core.exception.StepFailedException: Unable to verify text 'plese input an valid username' is present 
	at com.kms.katalon.core.webui.keyword.internal.WebUIKeywordMain.stepFailed(WebUIKeywordMain.groovy:64)
	at com.kms.katalon.core.webui.keyword.internal.WebUIKeywordMain.runKeyword(WebUIKeywordMain.groovy:26)
	at com.kms.katalon.core.webui.keyword.builtin.VerifyTextPresentKeyword.verifyTextPresent(VerifyTextPresentKeyword.groovy:83)
	at com.kms.katalon.core.webui.keyword.builtin.VerifyTextPresentKeyword.execute(VerifyTextPresentKeyword.groovy:68)
	at com.kms.katalon.core.keyword.internal.KeywordExecutor.executeKeywordForPlatform(KeywordExecutor.groovy:74)
	at com.kms.katalon.core.webui.keyword.WebUiBuiltInKeywords.verifyTextPresent(WebUiBuiltInKeywords.groovy:1723)
	at com.kms.katalon.core.webui.keyword.WebUiBuiltInKeywords$verifyTextPresent$9.call(Unknown Source)
	at TC-ESMF-003.run(TC-ESMF-003:36)
	at com.kms.katalon.core.main.ScriptEngine.run(ScriptEngine.java:194)
	at com.kms.katalon.core.main.ScriptEngine.runScriptAsRawText(ScriptEngine.java:119)
	at com.kms.katalon.core.main.TestCaseExecutor.runScript(TestCaseExecutor.java:448)
	at com.kms.katalon.core.main.TestCaseExecutor.doExecute(TestCaseExecutor.java:439)
	at com.kms.katalon.core.main.TestCaseExecutor.processExecutionPhase(TestCaseExecutor.java:418)
	at com.kms.katalon.core.main.TestCaseExecutor.accessMainPhase(TestCaseExecutor.java:410)
	at com.kms.katalon.core.main.TestCaseExecutor.execute(TestCaseExecutor.java:285)
	at com.kms.katalon.core.common.CommonExecutor.accessTestCaseMainPhase(CommonExecutor.java:65)
	at com.kms.katalon.core.main.TestSuiteExecutor.accessTestSuiteMainPhase(TestSuiteExecutor.java:148)
	at com.kms.katalon.core.main.TestSuiteExecutor.execute(TestSuiteExecutor.java:106)
	at com.kms.katalon.core.main.TestCaseMain.startTestSuite(TestCaseMain.java:187)
	at com.kms.katalon.core.main.TestCaseMain$startTestSuite$0.call(Unknown Source)
	at TempTestSuite1696315667156.run(TempTestSuite1696315667156.groovy:36)
Caused by: com.kms.katalon.core.exception.StepFailedException: Text 'plese input an valid username' is not present on page 
	at com.kms.katalon.core.webui.keyword.internal.WebUIKeywordMain.stepFailed(WebUIKeywordMain.groovy:64)
	at com.kms.katalon.core.webui.keyword.builtin.VerifyTextPresentKeyword$_verifyTextPresent_closure1.doCall(VerifyTextPresentKeyword.groovy:79)
	at com.kms.katalon.core.webui.keyword.builtin.VerifyTextPresentKeyword$_verifyTextPresent_closure1.call(VerifyTextPresentKeyword.groovy)
	at com.kms.katalon.core.webui.keyword.internal.WebUIKeywordMain.runKeyword(WebUIKeywordMain.groovy:20)
	... 19 more]]></system-err>
      </testcase>
      <testcase name="Test Cases/M05 -Edit Sosial Media/TC-ESMF-004" time="18.327" classname="Test Cases/M05 -Edit Sosial Media/TC-ESMF-004" status="FAILED">
         <failure type="FAILED" message="Test Cases/M05 -Edit Sosial Media/TC-ESMF-004 FAILED.
Reason:
Assertion failed: 

assert error_message == 'please include an \'@\' in the first place username'
       |             |
       null          false

	at TC-ESMF-004.run(TC-ESMF-004:44)
	at com.kms.katalon.core.main.ScriptEngine.run(ScriptEngine.java:194)
	at com.kms.katalon.core.main.ScriptEngine.runScriptAsRawText(ScriptEngine.java:119)
	at com.kms.katalon.core.main.TestCaseExecutor.runScript(TestCaseExecutor.java:448)
	at com.kms.katalon.core.main.TestCaseExecutor.doExecute(TestCaseExecutor.java:439)
	at com.kms.katalon.core.main.TestCaseExecutor.processExecutionPhase(TestCaseExecutor.java:418)
	at com.kms.katalon.core.main.TestCaseExecutor.accessMainPhase(TestCaseExecutor.java:410)
	at com.kms.katalon.core.main.TestCaseExecutor.execute(TestCaseExecutor.java:285)
	at com.kms.katalon.core.common.CommonExecutor.accessTestCaseMainPhase(CommonExecutor.java:65)
	at com.kms.katalon.core.main.TestSuiteExecutor.accessTestSuiteMainPhase(TestSuiteExecutor.java:148)
	at com.kms.katalon.core.main.TestSuiteExecutor.execute(TestSuiteExecutor.java:106)
	at com.kms.katalon.core.main.TestCaseMain.startTestSuite(TestCaseMain.java:187)
	at com.kms.katalon.core.main.TestCaseMain$startTestSuite$0.call(Unknown Source)
	at TempTestSuite1696315667156.run(TempTestSuite1696315667156.groovy:36)
"/>
         <system-out><![CDATA[2023-10-03 13:51:49 - [TEST_CASE][FAILED] - Test Cases/M05 -Edit Sosial Media/TC-ESMF-004: Test Cases/M05 -Edit Sosial Media/TC-ESMF-004 FAILED.
Reason:
Assertion failed: 

assert error_message == 'please include an \'@\' in the first place username'
       |             |
       null          false

	at TC-ESMF-004.run(TC-ESMF-004:44)
	at com.kms.katalon.core.main.ScriptEngine.run(ScriptEngine.java:194)
	at com.kms.katalon.core.main.ScriptEngine.runScriptAsRawText(ScriptEngine.java:119)
	at com.kms.katalon.core.main.TestCaseExecutor.runScript(TestCaseExecutor.java:448)
	at com.kms.katalon.core.main.TestCaseExecutor.doExecute(TestCaseExecutor.java:439)
	at com.kms.katalon.core.main.TestCaseExecutor.processExecutionPhase(TestCaseExecutor.java:418)
	at com.kms.katalon.core.main.TestCaseExecutor.accessMainPhase(TestCaseExecutor.java:410)
	at com.kms.katalon.core.main.TestCaseExecutor.execute(TestCaseExecutor.java:285)
	at com.kms.katalon.core.common.CommonExecutor.accessTestCaseMainPhase(CommonExecutor.java:65)
	at com.kms.katalon.core.main.TestSuiteExecutor.accessTestSuiteMainPhase(TestSuiteExecutor.java:148)
	at com.kms.katalon.core.main.TestSuiteExecutor.execute(TestSuiteExecutor.java:106)
	at com.kms.katalon.core.main.TestCaseMain.startTestSuite(TestCaseMain.java:187)
	at com.kms.katalon.core.main.TestCaseMain$startTestSuite$0.call(Unknown Source)
	at TempTestSuite1696315667156.run(TempTestSuite1696315667156.groovy:36)


2023-10-03 13:51:50 - [TEST_STEP][PASSED] - callTestCase(findTestCase("M05 -Edit Sosial Media/TC-LS-001"), [:], STOP_ON_FAILURE): Call Test Case 'Test Cases/M05 -Edit Sosial Media/TC-LS-001' successfully

2023-10-03 13:51:50 - [TEST_CASE][PASSED] - Test Cases/M05 -Edit Sosial Media/TC-LS-001: Test Cases/M05 -Edit Sosial Media/TC-LS-001

2023-10-03 13:51:50 - [TEST_STEP][PASSED] - openBrowser(urlWeb): Browser is opened with url: 'https://10.9.2.63/ecommerce/'

2023-10-03 13:51:50 - [MESSAGE][WARNING] - A browser is already opened. Closing browser and opening a new one

2023-10-03 13:51:51 - [MESSAGE][INFO] - Starting 'Edge Chromium' driver

2023-10-03 13:51:51 - [MESSAGE][INFO] - User set preference: ['acceptInsecureCerts', 'true']

2023-10-03 13:51:53 - [MESSAGE][INFO] - Action delay is set to 0 milliseconds

2023-10-03 13:51:57 - [MESSAGE][PASSED] - Browser is opened with url: 'https://10.9.2.63/ecommerce/'

2023-10-03 13:51:57 - [TEST_STEP][PASSED] - maximizeWindow(): Current window maximized

2023-10-03 13:51:57 - [MESSAGE][PASSED] - Current window maximized

2023-10-03 13:51:57 - [TEST_STEP][PASSED] - click(findTestObject("Login/a_Login")): Object: 'Object Repository/Login/a_Login' is clicked on

2023-10-03 13:51:58 - [MESSAGE][PASSED] - Object: 'Object Repository/Login/a_Login' is clicked on

2023-10-03 13:51:58 - [TEST_STEP][PASSED] - setText(findTestObject("Login/input_Username, Email atau No. Handphone_a"), "runa36"): Text 'runa36' is set on object 'Object Repository/Login/input_Username, Email atau No. Handphone_a'

2023-10-03 13:51:59 - [MESSAGE][PASSED] - Text 'runa36' is set on object 'Object Repository/Login/input_Username, Email atau No. Handphone_a'

2023-10-03 13:51:59 - [TEST_STEP][PASSED] - setEncryptedText(findTestObject("Login/input_Password di Login(Masuk)"), "qbkrdMwyWE4="): Text ****** has been set on object 'Object Repository/Login/input_Password di Login(Masuk)'

2023-10-03 13:52:00 - [MESSAGE][PASSED] - Text ****** has been set on object 'Object Repository/Login/input_Password di Login(Masuk)'

2023-10-03 13:52:00 - [TEST_STEP][PASSED] - click(findTestObject("Login/button_Masuk di halaman login")): Object: 'Object Repository/Login/button_Masuk di halaman login' is clicked on

2023-10-03 13:52:01 - [MESSAGE][PASSED] - Object: 'Object Repository/Login/button_Masuk di halaman login' is clicked on

2023-10-03 13:52:01 - [TEST_STEP][PASSED] - verifyElementPresent(findTestObject("edit sosial media/verifikasi masuk halaman biodata diri"), 0): Object 'Object Repository/edit sosial media/verifikasi masuk halaman biodata diri' is present

2023-10-03 13:52:01 - [MESSAGE][WARNING] - Timeout '0' is invalid. Using default page load timeout: '30'

2023-10-03 13:52:02 - [MESSAGE][PASSED] - Object 'Object Repository/edit sosial media/verifikasi masuk halaman biodata diri' is present

2023-10-03 13:52:02 - [MESSAGE][PASSED] - Call Test Case 'Test Cases/M05 -Edit Sosial Media/TC-LS-001' successfully

2023-10-03 13:52:02 - [TEST_STEP][PASSED] - click(findTestObject("edit sosial media/a_Sosmed")): Object: 'Object Repository/edit sosial media/a_Sosmed' is clicked on

2023-10-03 13:52:03 - [MESSAGE][PASSED] - Object: 'Object Repository/edit sosial media/a_Sosmed' is clicked on

2023-10-03 13:52:03 - [TEST_STEP][PASSED] - click(findTestObject("edit sosial media/Edit Sosial Media")): Object: 'Object Repository/edit sosial media/Edit Sosial Media' is clicked on

2023-10-03 13:52:04 - [MESSAGE][PASSED] - Object: 'Object Repository/edit sosial media/Edit Sosial Media' is clicked on

2023-10-03 13:52:04 - [TEST_STEP][PASSED] - clearText(findTestObject("edit sosial media/input_Telegram_e")): Text of object 'Object Repository/edit sosial media/input_Telegram_e' is cleared

2023-10-03 13:52:05 - [MESSAGE][PASSED] - Text of object 'Object Repository/edit sosial media/input_Telegram_e' is cleared

2023-10-03 13:52:05 - [TEST_STEP][PASSED] - setText(findTestObject("edit sosial media/input_Telegram_e"), Telegram): Text 'Runaya71' is set on object 'Object Repository/edit sosial media/input_Telegram_e'

2023-10-03 13:52:06 - [MESSAGE][PASSED] - Text 'Runaya71' is set on object 'Object Repository/edit sosial media/input_Telegram_e'

2023-10-03 13:52:06 - [TEST_STEP][PASSED] - click(findTestObject("edit sosial media/center_Simpan Sosial Media")): Object: 'Object Repository/edit sosial media/center_Simpan Sosial Media' is clicked on

2023-10-03 13:52:07 - [MESSAGE][PASSED] - Object: 'Object Repository/edit sosial media/center_Simpan Sosial Media' is clicked on

2023-10-03 13:52:07 - [TEST_STEP][PASSED] - webDriver = getWebDriver(): null

2023-10-03 13:52:07 - [TEST_STEP][PASSED] - field_telegram = webDriver.findElement(By.xpath("(.//*[normalize-space(text()) and normalize-space(.)="Telegram"])[1]/following::div[1]")): null

2023-10-03 13:52:07 - [TEST_STEP][PASSED] - error_message = webDriver.executeScript("return arguments[0].validationMessage", field_telegram): null

2023-10-03 13:52:07 - [TEST_STEP][PASSED] - println(error_message): null

2023-10-03 13:52:07 - [TEST_STEP][FAILED] - assert error_message == "please include an '@' in the first place username": Test Cases/M05 -Edit Sosial Media/TC-ESMF-004 FAILED.
Reason:
Assertion failed: 

assert error_message == 'please include an \'@\' in the first place username'
       |             |
       null          false

	at TC-ESMF-004.run(TC-ESMF-004:44)
	at com.kms.katalon.core.main.ScriptEngine.run(ScriptEngine.java:194)
	at com.kms.katalon.core.main.ScriptEngine.runScriptAsRawText(ScriptEngine.java:119)
	at com.kms.katalon.core.main.TestCaseExecutor.runScript(TestCaseExecutor.java:448)
	at com.kms.katalon.core.main.TestCaseExecutor.doExecute(TestCaseExecutor.java:439)
	at com.kms.katalon.core.main.TestCaseExecutor.processExecutionPhase(TestCaseExecutor.java:418)
	at com.kms.katalon.core.main.TestCaseExecutor.accessMainPhase(TestCaseExecutor.java:410)
	at com.kms.katalon.core.main.TestCaseExecutor.execute(TestCaseExecutor.java:285)
	at com.kms.katalon.core.common.CommonExecutor.accessTestCaseMainPhase(CommonExecutor.java:65)
	at com.kms.katalon.core.main.TestSuiteExecutor.accessTestSuiteMainPhase(TestSuiteExecutor.java:148)
	at com.kms.katalon.core.main.TestSuiteExecutor.execute(TestSuiteExecutor.java:106)
	at com.kms.katalon.core.main.TestCaseMain.startTestSuite(TestCaseMain.java:187)
	at com.kms.katalon.core.main.TestCaseMain$startTestSuite$0.call(Unknown Source)
	at TempTestSuite1696315667156.run(TempTestSuite1696315667156.groovy:36)


2023-10-03 13:52:07 - [MESSAGE][FAILED] - Test Cases/M05 -Edit Sosial Media/TC-ESMF-004 FAILED.
Reason:
Assertion failed: 

assert error_message == 'please include an \'@\' in the first place username'
       |             |
       null          false

	at TC-ESMF-004.run(TC-ESMF-004:44)
	at com.kms.katalon.core.main.ScriptEngine.run(ScriptEngine.java:194)
	at com.kms.katalon.core.main.ScriptEngine.runScriptAsRawText(ScriptEngine.java:119)
	at com.kms.katalon.core.main.TestCaseExecutor.runScript(TestCaseExecutor.java:448)
	at com.kms.katalon.core.main.TestCaseExecutor.doExecute(TestCaseExecutor.java:439)
	at com.kms.katalon.core.main.TestCaseExecutor.processExecutionPhase(TestCaseExecutor.java:418)
	at com.kms.katalon.core.main.TestCaseExecutor.accessMainPhase(TestCaseExecutor.java:410)
	at com.kms.katalon.core.main.TestCaseExecutor.execute(TestCaseExecutor.java:285)
	at com.kms.katalon.core.common.CommonExecutor.accessTestCaseMainPhase(CommonExecutor.java:65)
	at com.kms.katalon.core.main.TestSuiteExecutor.accessTestSuiteMainPhase(TestSuiteExecutor.java:148)
	at com.kms.katalon.core.main.TestSuiteExecutor.execute(TestSuiteExecutor.java:106)
	at com.kms.katalon.core.main.TestCaseMain.startTestSuite(TestCaseMain.java:187)
	at com.kms.katalon.core.main.TestCaseMain$startTestSuite$0.call(Unknown Source)
	at TempTestSuite1696315667156.run(TempTestSuite1696315667156.groovy:36)]]></system-out>
         <system-err><![CDATA[2023-10-03 13:51:49 - [TEST_CASE][FAILED] - Test Cases/M05 -Edit Sosial Media/TC-ESMF-004: Test Cases/M05 -Edit Sosial Media/TC-ESMF-004 FAILED.
Reason:
Assertion failed: 

assert error_message == 'please include an \'@\' in the first place username'
       |             |
       null          false

	at TC-ESMF-004.run(TC-ESMF-004:44)
	at com.kms.katalon.core.main.ScriptEngine.run(ScriptEngine.java:194)
	at com.kms.katalon.core.main.ScriptEngine.runScriptAsRawText(ScriptEngine.java:119)
	at com.kms.katalon.core.main.TestCaseExecutor.runScript(TestCaseExecutor.java:448)
	at com.kms.katalon.core.main.TestCaseExecutor.doExecute(TestCaseExecutor.java:439)
	at com.kms.katalon.core.main.TestCaseExecutor.processExecutionPhase(TestCaseExecutor.java:418)
	at com.kms.katalon.core.main.TestCaseExecutor.accessMainPhase(TestCaseExecutor.java:410)
	at com.kms.katalon.core.main.TestCaseExecutor.execute(TestCaseExecutor.java:285)
	at com.kms.katalon.core.common.CommonExecutor.accessTestCaseMainPhase(CommonExecutor.java:65)
	at com.kms.katalon.core.main.TestSuiteExecutor.accessTestSuiteMainPhase(TestSuiteExecutor.java:148)
	at com.kms.katalon.core.main.TestSuiteExecutor.execute(TestSuiteExecutor.java:106)
	at com.kms.katalon.core.main.TestCaseMain.startTestSuite(TestCaseMain.java:187)
	at com.kms.katalon.core.main.TestCaseMain$startTestSuite$0.call(Unknown Source)
	at TempTestSuite1696315667156.run(TempTestSuite1696315667156.groovy:36)]]></system-err>
      </testcase>
      <testcase name="Test Cases/M05 -Edit Sosial Media/TC-ESMF-005" time="18.225" classname="Test Cases/M05 -Edit Sosial Media/TC-ESMF-005" status="FAILED">
         <failure type="FAILED" message="Test Cases/M05 -Edit Sosial Media/TC-ESMF-005 FAILED.
Reason:
Assertion failed: 

assert validationMessage == 'please input username not exceed 50 character'
       |                 |
       null              false

	at TC-ESMF-005.run(TC-ESMF-005:41)
	at com.kms.katalon.core.main.ScriptEngine.run(ScriptEngine.java:194)
	at com.kms.katalon.core.main.ScriptEngine.runScriptAsRawText(ScriptEngine.java:119)
	at com.kms.katalon.core.main.TestCaseExecutor.runScript(TestCaseExecutor.java:448)
	at com.kms.katalon.core.main.TestCaseExecutor.doExecute(TestCaseExecutor.java:439)
	at com.kms.katalon.core.main.TestCaseExecutor.processExecutionPhase(TestCaseExecutor.java:418)
	at com.kms.katalon.core.main.TestCaseExecutor.accessMainPhase(TestCaseExecutor.java:410)
	at com.kms.katalon.core.main.TestCaseExecutor.execute(TestCaseExecutor.java:285)
	at com.kms.katalon.core.common.CommonExecutor.accessTestCaseMainPhase(CommonExecutor.java:65)
	at com.kms.katalon.core.main.TestSuiteExecutor.accessTestSuiteMainPhase(TestSuiteExecutor.java:148)
	at com.kms.katalon.core.main.TestSuiteExecutor.execute(TestSuiteExecutor.java:106)
	at com.kms.katalon.core.main.TestCaseMain.startTestSuite(TestCaseMain.java:187)
	at com.kms.katalon.core.main.TestCaseMain$startTestSuite$0.call(Unknown Source)
	at TempTestSuite1696315667156.run(TempTestSuite1696315667156.groovy:36)
"/>
         <system-out><![CDATA[2023-10-03 13:52:08 - [TEST_CASE][FAILED] - Test Cases/M05 -Edit Sosial Media/TC-ESMF-005: Test Cases/M05 -Edit Sosial Media/TC-ESMF-005 FAILED.
Reason:
Assertion failed: 

assert validationMessage == 'please input username not exceed 50 character'
       |                 |
       null              false

	at TC-ESMF-005.run(TC-ESMF-005:41)
	at com.kms.katalon.core.main.ScriptEngine.run(ScriptEngine.java:194)
	at com.kms.katalon.core.main.ScriptEngine.runScriptAsRawText(ScriptEngine.java:119)
	at com.kms.katalon.core.main.TestCaseExecutor.runScript(TestCaseExecutor.java:448)
	at com.kms.katalon.core.main.TestCaseExecutor.doExecute(TestCaseExecutor.java:439)
	at com.kms.katalon.core.main.TestCaseExecutor.processExecutionPhase(TestCaseExecutor.java:418)
	at com.kms.katalon.core.main.TestCaseExecutor.accessMainPhase(TestCaseExecutor.java:410)
	at com.kms.katalon.core.main.TestCaseExecutor.execute(TestCaseExecutor.java:285)
	at com.kms.katalon.core.common.CommonExecutor.accessTestCaseMainPhase(CommonExecutor.java:65)
	at com.kms.katalon.core.main.TestSuiteExecutor.accessTestSuiteMainPhase(TestSuiteExecutor.java:148)
	at com.kms.katalon.core.main.TestSuiteExecutor.execute(TestSuiteExecutor.java:106)
	at com.kms.katalon.core.main.TestCaseMain.startTestSuite(TestCaseMain.java:187)
	at com.kms.katalon.core.main.TestCaseMain$startTestSuite$0.call(Unknown Source)
	at TempTestSuite1696315667156.run(TempTestSuite1696315667156.groovy:36)


2023-10-03 13:52:08 - [TEST_STEP][PASSED] - callTestCase(findTestCase("M05 -Edit Sosial Media/TC-LS-001"), [:], STOP_ON_FAILURE): Call Test Case 'Test Cases/M05 -Edit Sosial Media/TC-LS-001' successfully

2023-10-03 13:52:08 - [TEST_CASE][PASSED] - Test Cases/M05 -Edit Sosial Media/TC-LS-001: Test Cases/M05 -Edit Sosial Media/TC-LS-001

2023-10-03 13:52:08 - [TEST_STEP][PASSED] - openBrowser(urlWeb): Browser is opened with url: 'https://10.9.2.63/ecommerce/'

2023-10-03 13:52:08 - [MESSAGE][WARNING] - A browser is already opened. Closing browser and opening a new one

2023-10-03 13:52:09 - [MESSAGE][INFO] - Starting 'Edge Chromium' driver

2023-10-03 13:52:09 - [MESSAGE][INFO] - User set preference: ['acceptInsecureCerts', 'true']

2023-10-03 13:52:11 - [MESSAGE][INFO] - Action delay is set to 0 milliseconds

2023-10-03 13:52:15 - [MESSAGE][PASSED] - Browser is opened with url: 'https://10.9.2.63/ecommerce/'

2023-10-03 13:52:15 - [TEST_STEP][PASSED] - maximizeWindow(): Current window maximized

2023-10-03 13:52:15 - [MESSAGE][PASSED] - Current window maximized

2023-10-03 13:52:15 - [TEST_STEP][PASSED] - click(findTestObject("Login/a_Login")): Object: 'Object Repository/Login/a_Login' is clicked on

2023-10-03 13:52:16 - [MESSAGE][PASSED] - Object: 'Object Repository/Login/a_Login' is clicked on

2023-10-03 13:52:16 - [TEST_STEP][PASSED] - setText(findTestObject("Login/input_Username, Email atau No. Handphone_a"), "runa36"): Text 'runa36' is set on object 'Object Repository/Login/input_Username, Email atau No. Handphone_a'

2023-10-03 13:52:18 - [MESSAGE][PASSED] - Text 'runa36' is set on object 'Object Repository/Login/input_Username, Email atau No. Handphone_a'

2023-10-03 13:52:18 - [TEST_STEP][PASSED] - setEncryptedText(findTestObject("Login/input_Password di Login(Masuk)"), "qbkrdMwyWE4="): Text ****** has been set on object 'Object Repository/Login/input_Password di Login(Masuk)'

2023-10-03 13:52:18 - [MESSAGE][PASSED] - Text ****** has been set on object 'Object Repository/Login/input_Password di Login(Masuk)'

2023-10-03 13:52:18 - [TEST_STEP][PASSED] - click(findTestObject("Login/button_Masuk di halaman login")): Object: 'Object Repository/Login/button_Masuk di halaman login' is clicked on

2023-10-03 13:52:20 - [MESSAGE][PASSED] - Object: 'Object Repository/Login/button_Masuk di halaman login' is clicked on

2023-10-03 13:52:20 - [TEST_STEP][PASSED] - verifyElementPresent(findTestObject("edit sosial media/verifikasi masuk halaman biodata diri"), 0): Object 'Object Repository/edit sosial media/verifikasi masuk halaman biodata diri' is present

2023-10-03 13:52:20 - [MESSAGE][WARNING] - Timeout '0' is invalid. Using default page load timeout: '30'

2023-10-03 13:52:20 - [MESSAGE][PASSED] - Object 'Object Repository/edit sosial media/verifikasi masuk halaman biodata diri' is present

2023-10-03 13:52:20 - [MESSAGE][PASSED] - Call Test Case 'Test Cases/M05 -Edit Sosial Media/TC-LS-001' successfully

2023-10-03 13:52:20 - [TEST_STEP][PASSED] - click(findTestObject("edit sosial media/a_Sosmed")): Object: 'Object Repository/edit sosial media/a_Sosmed' is clicked on

2023-10-03 13:52:21 - [MESSAGE][PASSED] - Object: 'Object Repository/edit sosial media/a_Sosmed' is clicked on

2023-10-03 13:52:21 - [TEST_STEP][PASSED] - click(findTestObject("edit sosial media/Edit Sosial Media")): Object: 'Object Repository/edit sosial media/Edit Sosial Media' is clicked on

2023-10-03 13:52:22 - [MESSAGE][PASSED] - Object: 'Object Repository/edit sosial media/Edit Sosial Media' is clicked on

2023-10-03 13:52:22 - [TEST_STEP][PASSED] - clearText(findTestObject("edit sosial media/input_Instagram_c")): Text of object 'Object Repository/edit sosial media/input_Instagram_c' is cleared

2023-10-03 13:52:23 - [MESSAGE][PASSED] - Text of object 'Object Repository/edit sosial media/input_Instagram_c' is cleared

2023-10-03 13:52:23 - [TEST_STEP][PASSED] - setText(findTestObject("edit sosial media/input_Instagram_c"), Instagram): Text 'AkulahCintaDiLangitPrudenceLovelyPrincessOfAwanampwnw' is set on object 'Object Repository/edit sosial media/input_Instagram_c'

2023-10-03 13:52:24 - [MESSAGE][PASSED] - Text 'AkulahCintaDiLangitPrudenceLovelyPrincessOfAwanampwnw' is set on object 'Object Repository/edit sosial media/input_Instagram_c'

2023-10-03 13:52:24 - [TEST_STEP][PASSED] - click(findTestObject("edit sosial media/center_Simpan Sosial Media")): Object: 'Object Repository/edit sosial media/center_Simpan Sosial Media' is clicked on

2023-10-03 13:52:25 - [MESSAGE][PASSED] - Object: 'Object Repository/edit sosial media/center_Simpan Sosial Media' is clicked on

2023-10-03 13:52:25 - [TEST_STEP][PASSED] - webDriver = getWebDriver(): null

2023-10-03 13:52:25 - [TEST_STEP][PASSED] - field_insta = webDriver.findElement(By.xpath("(.//*[normalize-space(text()) and normalize-space(.)="Instagram"])[1]/following::div[1]")): null

2023-10-03 13:52:26 - [TEST_STEP][PASSED] - validationMessage = executeJavaScript("return arguments[0].validationMessage;", Arrays.asList(field_insta)): Execute JavaScript 'return arguments[0].validationMessage;' successfully

2023-10-03 13:52:26 - [MESSAGE][PASSED] - Execute JavaScript 'return arguments[0].validationMessage;' successfully

2023-10-03 13:52:26 - [TEST_STEP][FAILED] - assert validationMessage == "please input username not exceed 50 character": Test Cases/M05 -Edit Sosial Media/TC-ESMF-005 FAILED.
Reason:
Assertion failed: 

assert validationMessage == 'please input username not exceed 50 character'
       |                 |
       null              false

	at TC-ESMF-005.run(TC-ESMF-005:41)
	at com.kms.katalon.core.main.ScriptEngine.run(ScriptEngine.java:194)
	at com.kms.katalon.core.main.ScriptEngine.runScriptAsRawText(ScriptEngine.java:119)
	at com.kms.katalon.core.main.TestCaseExecutor.runScript(TestCaseExecutor.java:448)
	at com.kms.katalon.core.main.TestCaseExecutor.doExecute(TestCaseExecutor.java:439)
	at com.kms.katalon.core.main.TestCaseExecutor.processExecutionPhase(TestCaseExecutor.java:418)
	at com.kms.katalon.core.main.TestCaseExecutor.accessMainPhase(TestCaseExecutor.java:410)
	at com.kms.katalon.core.main.TestCaseExecutor.execute(TestCaseExecutor.java:285)
	at com.kms.katalon.core.common.CommonExecutor.accessTestCaseMainPhase(CommonExecutor.java:65)
	at com.kms.katalon.core.main.TestSuiteExecutor.accessTestSuiteMainPhase(TestSuiteExecutor.java:148)
	at com.kms.katalon.core.main.TestSuiteExecutor.execute(TestSuiteExecutor.java:106)
	at com.kms.katalon.core.main.TestCaseMain.startTestSuite(TestCaseMain.java:187)
	at com.kms.katalon.core.main.TestCaseMain$startTestSuite$0.call(Unknown Source)
	at TempTestSuite1696315667156.run(TempTestSuite1696315667156.groovy:36)


2023-10-03 13:52:26 - [MESSAGE][FAILED] - Test Cases/M05 -Edit Sosial Media/TC-ESMF-005 FAILED.
Reason:
Assertion failed: 

assert validationMessage == 'please input username not exceed 50 character'
       |                 |
       null              false

	at TC-ESMF-005.run(TC-ESMF-005:41)
	at com.kms.katalon.core.main.ScriptEngine.run(ScriptEngine.java:194)
	at com.kms.katalon.core.main.ScriptEngine.runScriptAsRawText(ScriptEngine.java:119)
	at com.kms.katalon.core.main.TestCaseExecutor.runScript(TestCaseExecutor.java:448)
	at com.kms.katalon.core.main.TestCaseExecutor.doExecute(TestCaseExecutor.java:439)
	at com.kms.katalon.core.main.TestCaseExecutor.processExecutionPhase(TestCaseExecutor.java:418)
	at com.kms.katalon.core.main.TestCaseExecutor.accessMainPhase(TestCaseExecutor.java:410)
	at com.kms.katalon.core.main.TestCaseExecutor.execute(TestCaseExecutor.java:285)
	at com.kms.katalon.core.common.CommonExecutor.accessTestCaseMainPhase(CommonExecutor.java:65)
	at com.kms.katalon.core.main.TestSuiteExecutor.accessTestSuiteMainPhase(TestSuiteExecutor.java:148)
	at com.kms.katalon.core.main.TestSuiteExecutor.execute(TestSuiteExecutor.java:106)
	at com.kms.katalon.core.main.TestCaseMain.startTestSuite(TestCaseMain.java:187)
	at com.kms.katalon.core.main.TestCaseMain$startTestSuite$0.call(Unknown Source)
	at TempTestSuite1696315667156.run(TempTestSuite1696315667156.groovy:36)]]></system-out>
         <system-err><![CDATA[2023-10-03 13:52:08 - [TEST_CASE][FAILED] - Test Cases/M05 -Edit Sosial Media/TC-ESMF-005: Test Cases/M05 -Edit Sosial Media/TC-ESMF-005 FAILED.
Reason:
Assertion failed: 

assert validationMessage == 'please input username not exceed 50 character'
       |                 |
       null              false

	at TC-ESMF-005.run(TC-ESMF-005:41)
	at com.kms.katalon.core.main.ScriptEngine.run(ScriptEngine.java:194)
	at com.kms.katalon.core.main.ScriptEngine.runScriptAsRawText(ScriptEngine.java:119)
	at com.kms.katalon.core.main.TestCaseExecutor.runScript(TestCaseExecutor.java:448)
	at com.kms.katalon.core.main.TestCaseExecutor.doExecute(TestCaseExecutor.java:439)
	at com.kms.katalon.core.main.TestCaseExecutor.processExecutionPhase(TestCaseExecutor.java:418)
	at com.kms.katalon.core.main.TestCaseExecutor.accessMainPhase(TestCaseExecutor.java:410)
	at com.kms.katalon.core.main.TestCaseExecutor.execute(TestCaseExecutor.java:285)
	at com.kms.katalon.core.common.CommonExecutor.accessTestCaseMainPhase(CommonExecutor.java:65)
	at com.kms.katalon.core.main.TestSuiteExecutor.accessTestSuiteMainPhase(TestSuiteExecutor.java:148)
	at com.kms.katalon.core.main.TestSuiteExecutor.execute(TestSuiteExecutor.java:106)
	at com.kms.katalon.core.main.TestCaseMain.startTestSuite(TestCaseMain.java:187)
	at com.kms.katalon.core.main.TestCaseMain$startTestSuite$0.call(Unknown Source)
	at TempTestSuite1696315667156.run(TempTestSuite1696315667156.groovy:36)]]></system-err>
      </testcase>
      <testcase name="Test Cases/M05 -Edit Sosial Media/TC-ESMF-006" time="19.968" classname="Test Cases/M05 -Edit Sosial Media/TC-ESMF-006" status="FAILED">
         <failure type="FAILED" message="Test Cases/M05 -Edit Sosial Media/TC-ESMF-006 FAILED.
Reason:
Assertion failed: 

assert error_message == 'Please include an \'+\' at the first place username'
       |             |
       null          false

	at TC-ESMF-006.run(TC-ESMF-006:44)
	at com.kms.katalon.core.main.ScriptEngine.run(ScriptEngine.java:194)
	at com.kms.katalon.core.main.ScriptEngine.runScriptAsRawText(ScriptEngine.java:119)
	at com.kms.katalon.core.main.TestCaseExecutor.runScript(TestCaseExecutor.java:448)
	at com.kms.katalon.core.main.TestCaseExecutor.doExecute(TestCaseExecutor.java:439)
	at com.kms.katalon.core.main.TestCaseExecutor.processExecutionPhase(TestCaseExecutor.java:418)
	at com.kms.katalon.core.main.TestCaseExecutor.accessMainPhase(TestCaseExecutor.java:410)
	at com.kms.katalon.core.main.TestCaseExecutor.execute(TestCaseExecutor.java:285)
	at com.kms.katalon.core.common.CommonExecutor.accessTestCaseMainPhase(CommonExecutor.java:65)
	at com.kms.katalon.core.main.TestSuiteExecutor.accessTestSuiteMainPhase(TestSuiteExecutor.java:148)
	at com.kms.katalon.core.main.TestSuiteExecutor.execute(TestSuiteExecutor.java:106)
	at com.kms.katalon.core.main.TestCaseMain.startTestSuite(TestCaseMain.java:187)
	at com.kms.katalon.core.main.TestCaseMain$startTestSuite$0.call(Unknown Source)
	at TempTestSuite1696315667156.run(TempTestSuite1696315667156.groovy:36)
"/>
         <system-out><![CDATA[2023-10-03 13:52:26 - [TEST_CASE][FAILED] - Test Cases/M05 -Edit Sosial Media/TC-ESMF-006: Test Cases/M05 -Edit Sosial Media/TC-ESMF-006 FAILED.
Reason:
Assertion failed: 

assert error_message == 'Please include an \'+\' at the first place username'
       |             |
       null          false

	at TC-ESMF-006.run(TC-ESMF-006:44)
	at com.kms.katalon.core.main.ScriptEngine.run(ScriptEngine.java:194)
	at com.kms.katalon.core.main.ScriptEngine.runScriptAsRawText(ScriptEngine.java:119)
	at com.kms.katalon.core.main.TestCaseExecutor.runScript(TestCaseExecutor.java:448)
	at com.kms.katalon.core.main.TestCaseExecutor.doExecute(TestCaseExecutor.java:439)
	at com.kms.katalon.core.main.TestCaseExecutor.processExecutionPhase(TestCaseExecutor.java:418)
	at com.kms.katalon.core.main.TestCaseExecutor.accessMainPhase(TestCaseExecutor.java:410)
	at com.kms.katalon.core.main.TestCaseExecutor.execute(TestCaseExecutor.java:285)
	at com.kms.katalon.core.common.CommonExecutor.accessTestCaseMainPhase(CommonExecutor.java:65)
	at com.kms.katalon.core.main.TestSuiteExecutor.accessTestSuiteMainPhase(TestSuiteExecutor.java:148)
	at com.kms.katalon.core.main.TestSuiteExecutor.execute(TestSuiteExecutor.java:106)
	at com.kms.katalon.core.main.TestCaseMain.startTestSuite(TestCaseMain.java:187)
	at com.kms.katalon.core.main.TestCaseMain$startTestSuite$0.call(Unknown Source)
	at TempTestSuite1696315667156.run(TempTestSuite1696315667156.groovy:36)


2023-10-03 13:52:27 - [TEST_STEP][PASSED] - callTestCase(findTestCase("M05 -Edit Sosial Media/TC-LS-001"), [:], STOP_ON_FAILURE): Call Test Case 'Test Cases/M05 -Edit Sosial Media/TC-LS-001' successfully

2023-10-03 13:52:27 - [TEST_CASE][PASSED] - Test Cases/M05 -Edit Sosial Media/TC-LS-001: Test Cases/M05 -Edit Sosial Media/TC-LS-001

2023-10-03 13:52:27 - [TEST_STEP][PASSED] - openBrowser(urlWeb): Browser is opened with url: 'https://10.9.2.63/ecommerce/'

2023-10-03 13:52:27 - [MESSAGE][WARNING] - A browser is already opened. Closing browser and opening a new one

2023-10-03 13:52:27 - [MESSAGE][INFO] - Starting 'Edge Chromium' driver

2023-10-03 13:52:27 - [MESSAGE][INFO] - User set preference: ['acceptInsecureCerts', 'true']

2023-10-03 13:52:30 - [MESSAGE][INFO] - Action delay is set to 0 milliseconds

2023-10-03 13:52:33 - [MESSAGE][PASSED] - Browser is opened with url: 'https://10.9.2.63/ecommerce/'

2023-10-03 13:52:33 - [TEST_STEP][PASSED] - maximizeWindow(): Current window maximized

2023-10-03 13:52:34 - [MESSAGE][PASSED] - Current window maximized

2023-10-03 13:52:34 - [TEST_STEP][PASSED] - click(findTestObject("Login/a_Login")): Object: 'Object Repository/Login/a_Login' is clicked on

2023-10-03 13:52:34 - [MESSAGE][PASSED] - Object: 'Object Repository/Login/a_Login' is clicked on

2023-10-03 13:52:34 - [TEST_STEP][PASSED] - setText(findTestObject("Login/input_Username, Email atau No. Handphone_a"), "runa36"): Text 'runa36' is set on object 'Object Repository/Login/input_Username, Email atau No. Handphone_a'

2023-10-03 13:52:36 - [MESSAGE][PASSED] - Text 'runa36' is set on object 'Object Repository/Login/input_Username, Email atau No. Handphone_a'

2023-10-03 13:52:36 - [TEST_STEP][PASSED] - setEncryptedText(findTestObject("Login/input_Password di Login(Masuk)"), "qbkrdMwyWE4="): Text ****** has been set on object 'Object Repository/Login/input_Password di Login(Masuk)'

2023-10-03 13:52:37 - [MESSAGE][PASSED] - Text ****** has been set on object 'Object Repository/Login/input_Password di Login(Masuk)'

2023-10-03 13:52:37 - [TEST_STEP][PASSED] - click(findTestObject("Login/button_Masuk di halaman login")): Object: 'Object Repository/Login/button_Masuk di halaman login' is clicked on

2023-10-03 13:52:39 - [MESSAGE][PASSED] - Object: 'Object Repository/Login/button_Masuk di halaman login' is clicked on

2023-10-03 13:52:39 - [TEST_STEP][PASSED] - verifyElementPresent(findTestObject("edit sosial media/verifikasi masuk halaman biodata diri"), 0): Object 'Object Repository/edit sosial media/verifikasi masuk halaman biodata diri' is present

2023-10-03 13:52:39 - [MESSAGE][WARNING] - Timeout '0' is invalid. Using default page load timeout: '30'

2023-10-03 13:52:40 - [MESSAGE][PASSED] - Object 'Object Repository/edit sosial media/verifikasi masuk halaman biodata diri' is present

2023-10-03 13:52:40 - [MESSAGE][PASSED] - Call Test Case 'Test Cases/M05 -Edit Sosial Media/TC-LS-001' successfully

2023-10-03 13:52:40 - [TEST_STEP][PASSED] - click(findTestObject("edit sosial media/a_Sosmed")): Object: 'Object Repository/edit sosial media/a_Sosmed' is clicked on

2023-10-03 13:52:41 - [MESSAGE][PASSED] - Object: 'Object Repository/edit sosial media/a_Sosmed' is clicked on

2023-10-03 13:52:41 - [TEST_STEP][PASSED] - click(findTestObject("edit sosial media/Edit Sosial Media")): Object: 'Object Repository/edit sosial media/Edit Sosial Media' is clicked on

2023-10-03 13:52:42 - [MESSAGE][PASSED] - Object: 'Object Repository/edit sosial media/Edit Sosial Media' is clicked on

2023-10-03 13:52:42 - [TEST_STEP][PASSED] - clearText(findTestObject("edit sosial media/input_Google_h")): Text of object 'Object Repository/edit sosial media/input_Google_h' is cleared

2023-10-03 13:52:43 - [MESSAGE][PASSED] - Text of object 'Object Repository/edit sosial media/input_Google_h' is cleared

2023-10-03 13:52:43 - [TEST_STEP][PASSED] - setText(findTestObject("edit sosial media/input_Google_h"), Google): Text 'Runaya' is set on object 'Object Repository/edit sosial media/input_Google_h'

2023-10-03 13:52:44 - [MESSAGE][PASSED] - Text 'Runaya' is set on object 'Object Repository/edit sosial media/input_Google_h'

2023-10-03 13:52:44 - [TEST_STEP][PASSED] - click(findTestObject("edit sosial media/center_Simpan Sosial Media")): Object: 'Object Repository/edit sosial media/center_Simpan Sosial Media' is clicked on

2023-10-03 13:52:45 - [MESSAGE][PASSED] - Object: 'Object Repository/edit sosial media/center_Simpan Sosial Media' is clicked on

2023-10-03 13:52:45 - [TEST_STEP][PASSED] - webDriver = getWebDriver(): null

2023-10-03 13:52:45 - [TEST_STEP][PASSED] - field_google = webDriver.findElement(By.xpath("(.//*[normalize-space(text()) and normalize-space(.)="Google+"])[1]/following::div[1]")): null

2023-10-03 13:52:46 - [TEST_STEP][PASSED] - error_message = webDriver.executeScript("return arguments[0].validationMessage", field_google): null

2023-10-03 13:52:46 - [TEST_STEP][PASSED] - println(error_message): null

2023-10-03 13:52:46 - [TEST_STEP][FAILED] - assert error_message == "Please include an '+' at the first place username": Test Cases/M05 -Edit Sosial Media/TC-ESMF-006 FAILED.
Reason:
Assertion failed: 

assert error_message == 'Please include an \'+\' at the first place username'
       |             |
       null          false

	at TC-ESMF-006.run(TC-ESMF-006:44)
	at com.kms.katalon.core.main.ScriptEngine.run(ScriptEngine.java:194)
	at com.kms.katalon.core.main.ScriptEngine.runScriptAsRawText(ScriptEngine.java:119)
	at com.kms.katalon.core.main.TestCaseExecutor.runScript(TestCaseExecutor.java:448)
	at com.kms.katalon.core.main.TestCaseExecutor.doExecute(TestCaseExecutor.java:439)
	at com.kms.katalon.core.main.TestCaseExecutor.processExecutionPhase(TestCaseExecutor.java:418)
	at com.kms.katalon.core.main.TestCaseExecutor.accessMainPhase(TestCaseExecutor.java:410)
	at com.kms.katalon.core.main.TestCaseExecutor.execute(TestCaseExecutor.java:285)
	at com.kms.katalon.core.common.CommonExecutor.accessTestCaseMainPhase(CommonExecutor.java:65)
	at com.kms.katalon.core.main.TestSuiteExecutor.accessTestSuiteMainPhase(TestSuiteExecutor.java:148)
	at com.kms.katalon.core.main.TestSuiteExecutor.execute(TestSuiteExecutor.java:106)
	at com.kms.katalon.core.main.TestCaseMain.startTestSuite(TestCaseMain.java:187)
	at com.kms.katalon.core.main.TestCaseMain$startTestSuite$0.call(Unknown Source)
	at TempTestSuite1696315667156.run(TempTestSuite1696315667156.groovy:36)


2023-10-03 13:52:46 - [MESSAGE][FAILED] - Test Cases/M05 -Edit Sosial Media/TC-ESMF-006 FAILED.
Reason:
Assertion failed: 

assert error_message == 'Please include an \'+\' at the first place username'
       |             |
       null          false

	at TC-ESMF-006.run(TC-ESMF-006:44)
	at com.kms.katalon.core.main.ScriptEngine.run(ScriptEngine.java:194)
	at com.kms.katalon.core.main.ScriptEngine.runScriptAsRawText(ScriptEngine.java:119)
	at com.kms.katalon.core.main.TestCaseExecutor.runScript(TestCaseExecutor.java:448)
	at com.kms.katalon.core.main.TestCaseExecutor.doExecute(TestCaseExecutor.java:439)
	at com.kms.katalon.core.main.TestCaseExecutor.processExecutionPhase(TestCaseExecutor.java:418)
	at com.kms.katalon.core.main.TestCaseExecutor.accessMainPhase(TestCaseExecutor.java:410)
	at com.kms.katalon.core.main.TestCaseExecutor.execute(TestCaseExecutor.java:285)
	at com.kms.katalon.core.common.CommonExecutor.accessTestCaseMainPhase(CommonExecutor.java:65)
	at com.kms.katalon.core.main.TestSuiteExecutor.accessTestSuiteMainPhase(TestSuiteExecutor.java:148)
	at com.kms.katalon.core.main.TestSuiteExecutor.execute(TestSuiteExecutor.java:106)
	at com.kms.katalon.core.main.TestCaseMain.startTestSuite(TestCaseMain.java:187)
	at com.kms.katalon.core.main.TestCaseMain$startTestSuite$0.call(Unknown Source)
	at TempTestSuite1696315667156.run(TempTestSuite1696315667156.groovy:36)]]></system-out>
         <system-err><![CDATA[2023-10-03 13:52:26 - [TEST_CASE][FAILED] - Test Cases/M05 -Edit Sosial Media/TC-ESMF-006: Test Cases/M05 -Edit Sosial Media/TC-ESMF-006 FAILED.
Reason:
Assertion failed: 

assert error_message == 'Please include an \'+\' at the first place username'
       |             |
       null          false

	at TC-ESMF-006.run(TC-ESMF-006:44)
	at com.kms.katalon.core.main.ScriptEngine.run(ScriptEngine.java:194)
	at com.kms.katalon.core.main.ScriptEngine.runScriptAsRawText(ScriptEngine.java:119)
	at com.kms.katalon.core.main.TestCaseExecutor.runScript(TestCaseExecutor.java:448)
	at com.kms.katalon.core.main.TestCaseExecutor.doExecute(TestCaseExecutor.java:439)
	at com.kms.katalon.core.main.TestCaseExecutor.processExecutionPhase(TestCaseExecutor.java:418)
	at com.kms.katalon.core.main.TestCaseExecutor.accessMainPhase(TestCaseExecutor.java:410)
	at com.kms.katalon.core.main.TestCaseExecutor.execute(TestCaseExecutor.java:285)
	at com.kms.katalon.core.common.CommonExecutor.accessTestCaseMainPhase(CommonExecutor.java:65)
	at com.kms.katalon.core.main.TestSuiteExecutor.accessTestSuiteMainPhase(TestSuiteExecutor.java:148)
	at com.kms.katalon.core.main.TestSuiteExecutor.execute(TestSuiteExecutor.java:106)
	at com.kms.katalon.core.main.TestCaseMain.startTestSuite(TestCaseMain.java:187)
	at com.kms.katalon.core.main.TestCaseMain$startTestSuite$0.call(Unknown Source)
	at TempTestSuite1696315667156.run(TempTestSuite1696315667156.groovy:36)]]></system-err>
      </testcase>
      <testcase name="Test Cases/M05 -Edit Sosial Media/TC-ESMF-007" time="18.263" classname="Test Cases/M05 -Edit Sosial Media/TC-ESMF-007" status="FAILED">
         <failure type="FAILED" message="Test Cases/M05 -Edit Sosial Media/TC-ESMF-007 FAILED.
Reason:
Assertion failed: 

assert error_message == 'Please input an valid phone number'
       |             |
       null          false

	at TC-ESMF-007.run(TC-ESMF-007:45)
	at com.kms.katalon.core.main.ScriptEngine.run(ScriptEngine.java:194)
	at com.kms.katalon.core.main.ScriptEngine.runScriptAsRawText(ScriptEngine.java:119)
	at com.kms.katalon.core.main.TestCaseExecutor.runScript(TestCaseExecutor.java:448)
	at com.kms.katalon.core.main.TestCaseExecutor.doExecute(TestCaseExecutor.java:439)
	at com.kms.katalon.core.main.TestCaseExecutor.processExecutionPhase(TestCaseExecutor.java:418)
	at com.kms.katalon.core.main.TestCaseExecutor.accessMainPhase(TestCaseExecutor.java:410)
	at com.kms.katalon.core.main.TestCaseExecutor.execute(TestCaseExecutor.java:285)
	at com.kms.katalon.core.common.CommonExecutor.accessTestCaseMainPhase(CommonExecutor.java:65)
	at com.kms.katalon.core.main.TestSuiteExecutor.accessTestSuiteMainPhase(TestSuiteExecutor.java:148)
	at com.kms.katalon.core.main.TestSuiteExecutor.execute(TestSuiteExecutor.java:106)
	at com.kms.katalon.core.main.TestCaseMain.startTestSuite(TestCaseMain.java:187)
	at com.kms.katalon.core.main.TestCaseMain$startTestSuite$0.call(Unknown Source)
	at TempTestSuite1696315667156.run(TempTestSuite1696315667156.groovy:36)
"/>
         <system-out><![CDATA[2023-10-03 13:52:46 - [TEST_CASE][FAILED] - Test Cases/M05 -Edit Sosial Media/TC-ESMF-007: Test Cases/M05 -Edit Sosial Media/TC-ESMF-007 FAILED.
Reason:
Assertion failed: 

assert error_message == 'Please input an valid phone number'
       |             |
       null          false

	at TC-ESMF-007.run(TC-ESMF-007:45)
	at com.kms.katalon.core.main.ScriptEngine.run(ScriptEngine.java:194)
	at com.kms.katalon.core.main.ScriptEngine.runScriptAsRawText(ScriptEngine.java:119)
	at com.kms.katalon.core.main.TestCaseExecutor.runScript(TestCaseExecutor.java:448)
	at com.kms.katalon.core.main.TestCaseExecutor.doExecute(TestCaseExecutor.java:439)
	at com.kms.katalon.core.main.TestCaseExecutor.processExecutionPhase(TestCaseExecutor.java:418)
	at com.kms.katalon.core.main.TestCaseExecutor.accessMainPhase(TestCaseExecutor.java:410)
	at com.kms.katalon.core.main.TestCaseExecutor.execute(TestCaseExecutor.java:285)
	at com.kms.katalon.core.common.CommonExecutor.accessTestCaseMainPhase(CommonExecutor.java:65)
	at com.kms.katalon.core.main.TestSuiteExecutor.accessTestSuiteMainPhase(TestSuiteExecutor.java:148)
	at com.kms.katalon.core.main.TestSuiteExecutor.execute(TestSuiteExecutor.java:106)
	at com.kms.katalon.core.main.TestCaseMain.startTestSuite(TestCaseMain.java:187)
	at com.kms.katalon.core.main.TestCaseMain$startTestSuite$0.call(Unknown Source)
	at TempTestSuite1696315667156.run(TempTestSuite1696315667156.groovy:36)


2023-10-03 13:52:47 - [TEST_STEP][PASSED] - callTestCase(findTestCase("M05 -Edit Sosial Media/TC-LS-001"), [:], STOP_ON_FAILURE): Call Test Case 'Test Cases/M05 -Edit Sosial Media/TC-LS-001' successfully

2023-10-03 13:52:47 - [TEST_CASE][PASSED] - Test Cases/M05 -Edit Sosial Media/TC-LS-001: Test Cases/M05 -Edit Sosial Media/TC-LS-001

2023-10-03 13:52:47 - [TEST_STEP][PASSED] - openBrowser(urlWeb): Browser is opened with url: 'https://10.9.2.63/ecommerce/'

2023-10-03 13:52:47 - [MESSAGE][WARNING] - A browser is already opened. Closing browser and opening a new one

2023-10-03 13:52:48 - [MESSAGE][INFO] - Starting 'Edge Chromium' driver

2023-10-03 13:52:48 - [MESSAGE][INFO] - User set preference: ['acceptInsecureCerts', 'true']

2023-10-03 13:52:50 - [MESSAGE][INFO] - Action delay is set to 0 milliseconds

2023-10-03 13:52:54 - [MESSAGE][PASSED] - Browser is opened with url: 'https://10.9.2.63/ecommerce/'

2023-10-03 13:52:54 - [TEST_STEP][PASSED] - maximizeWindow(): Current window maximized

2023-10-03 13:52:55 - [MESSAGE][PASSED] - Current window maximized

2023-10-03 13:52:55 - [TEST_STEP][PASSED] - click(findTestObject("Login/a_Login")): Object: 'Object Repository/Login/a_Login' is clicked on

2023-10-03 13:52:56 - [MESSAGE][PASSED] - Object: 'Object Repository/Login/a_Login' is clicked on

2023-10-03 13:52:56 - [TEST_STEP][PASSED] - setText(findTestObject("Login/input_Username, Email atau No. Handphone_a"), "runa36"): Text 'runa36' is set on object 'Object Repository/Login/input_Username, Email atau No. Handphone_a'

2023-10-03 13:52:57 - [MESSAGE][PASSED] - Text 'runa36' is set on object 'Object Repository/Login/input_Username, Email atau No. Handphone_a'

2023-10-03 13:52:57 - [TEST_STEP][PASSED] - setEncryptedText(findTestObject("Login/input_Password di Login(Masuk)"), "qbkrdMwyWE4="): Text ****** has been set on object 'Object Repository/Login/input_Password di Login(Masuk)'

2023-10-03 13:52:57 - [MESSAGE][PASSED] - Text ****** has been set on object 'Object Repository/Login/input_Password di Login(Masuk)'

2023-10-03 13:52:57 - [TEST_STEP][PASSED] - click(findTestObject("Login/button_Masuk di halaman login")): Object: 'Object Repository/Login/button_Masuk di halaman login' is clicked on

2023-10-03 13:52:59 - [MESSAGE][PASSED] - Object: 'Object Repository/Login/button_Masuk di halaman login' is clicked on

2023-10-03 13:52:59 - [TEST_STEP][PASSED] - verifyElementPresent(findTestObject("edit sosial media/verifikasi masuk halaman biodata diri"), 0): Object 'Object Repository/edit sosial media/verifikasi masuk halaman biodata diri' is present

2023-10-03 13:52:59 - [MESSAGE][WARNING] - Timeout '0' is invalid. Using default page load timeout: '30'

2023-10-03 13:53:00 - [MESSAGE][PASSED] - Object 'Object Repository/edit sosial media/verifikasi masuk halaman biodata diri' is present

2023-10-03 13:53:00 - [MESSAGE][PASSED] - Call Test Case 'Test Cases/M05 -Edit Sosial Media/TC-LS-001' successfully

2023-10-03 13:53:00 - [TEST_STEP][PASSED] - click(findTestObject("edit sosial media/a_Sosmed")): Object: 'Object Repository/edit sosial media/a_Sosmed' is clicked on

2023-10-03 13:53:01 - [MESSAGE][PASSED] - Object: 'Object Repository/edit sosial media/a_Sosmed' is clicked on

2023-10-03 13:53:01 - [TEST_STEP][PASSED] - click(findTestObject("edit sosial media/Edit Sosial Media")): Object: 'Object Repository/edit sosial media/Edit Sosial Media' is clicked on

2023-10-03 13:53:02 - [MESSAGE][PASSED] - Object: 'Object Repository/edit sosial media/Edit Sosial Media' is clicked on

2023-10-03 13:53:02 - [TEST_STEP][PASSED] - clearText(findTestObject("edit sosial media/input_Whatsapp_d")): Text of object 'Object Repository/edit sosial media/input_Whatsapp_d' is cleared

2023-10-03 13:53:02 - [MESSAGE][PASSED] - Text of object 'Object Repository/edit sosial media/input_Whatsapp_d' is cleared

2023-10-03 13:53:02 - [TEST_STEP][PASSED] - setText(findTestObject("edit sosial media/input_Whatsapp_d"), Whatsapp): Text '085944999968' is set on object 'Object Repository/edit sosial media/input_Whatsapp_d'

2023-10-03 13:53:03 - [MESSAGE][PASSED] - Text '085944999968' is set on object 'Object Repository/edit sosial media/input_Whatsapp_d'

2023-10-03 13:53:03 - [TEST_STEP][PASSED] - click(findTestObject("edit sosial media/center_Simpan Sosial Media")): Object: 'Object Repository/edit sosial media/center_Simpan Sosial Media' is clicked on

2023-10-03 13:53:04 - [MESSAGE][PASSED] - Object: 'Object Repository/edit sosial media/center_Simpan Sosial Media' is clicked on

2023-10-03 13:53:04 - [TEST_STEP][PASSED] - webDriver = getWebDriver(): null

2023-10-03 13:53:04 - [TEST_STEP][PASSED] - field_wa = webDriver.findElement(By.xpath("(.//*[normalize-space(text()) and normalize-space(.)="Whatsapp"])[1]/following::div[1]")): null

2023-10-03 13:53:04 - [TEST_STEP][PASSED] - error_message = webDriver.executeScript("return arguments[0].validationMessage", field_wa): null

2023-10-03 13:53:04 - [TEST_STEP][PASSED] - println(error_message): null

2023-10-03 13:53:04 - [TEST_STEP][FAILED] - assert error_message == "Please input an valid phone number": Test Cases/M05 -Edit Sosial Media/TC-ESMF-007 FAILED.
Reason:
Assertion failed: 

assert error_message == 'Please input an valid phone number'
       |             |
       null          false

	at TC-ESMF-007.run(TC-ESMF-007:45)
	at com.kms.katalon.core.main.ScriptEngine.run(ScriptEngine.java:194)
	at com.kms.katalon.core.main.ScriptEngine.runScriptAsRawText(ScriptEngine.java:119)
	at com.kms.katalon.core.main.TestCaseExecutor.runScript(TestCaseExecutor.java:448)
	at com.kms.katalon.core.main.TestCaseExecutor.doExecute(TestCaseExecutor.java:439)
	at com.kms.katalon.core.main.TestCaseExecutor.processExecutionPhase(TestCaseExecutor.java:418)
	at com.kms.katalon.core.main.TestCaseExecutor.accessMainPhase(TestCaseExecutor.java:410)
	at com.kms.katalon.core.main.TestCaseExecutor.execute(TestCaseExecutor.java:285)
	at com.kms.katalon.core.common.CommonExecutor.accessTestCaseMainPhase(CommonExecutor.java:65)
	at com.kms.katalon.core.main.TestSuiteExecutor.accessTestSuiteMainPhase(TestSuiteExecutor.java:148)
	at com.kms.katalon.core.main.TestSuiteExecutor.execute(TestSuiteExecutor.java:106)
	at com.kms.katalon.core.main.TestCaseMain.startTestSuite(TestCaseMain.java:187)
	at com.kms.katalon.core.main.TestCaseMain$startTestSuite$0.call(Unknown Source)
	at TempTestSuite1696315667156.run(TempTestSuite1696315667156.groovy:36)


2023-10-03 13:53:04 - [MESSAGE][FAILED] - Test Cases/M05 -Edit Sosial Media/TC-ESMF-007 FAILED.
Reason:
Assertion failed: 

assert error_message == 'Please input an valid phone number'
       |             |
       null          false

	at TC-ESMF-007.run(TC-ESMF-007:45)
	at com.kms.katalon.core.main.ScriptEngine.run(ScriptEngine.java:194)
	at com.kms.katalon.core.main.ScriptEngine.runScriptAsRawText(ScriptEngine.java:119)
	at com.kms.katalon.core.main.TestCaseExecutor.runScript(TestCaseExecutor.java:448)
	at com.kms.katalon.core.main.TestCaseExecutor.doExecute(TestCaseExecutor.java:439)
	at com.kms.katalon.core.main.TestCaseExecutor.processExecutionPhase(TestCaseExecutor.java:418)
	at com.kms.katalon.core.main.TestCaseExecutor.accessMainPhase(TestCaseExecutor.java:410)
	at com.kms.katalon.core.main.TestCaseExecutor.execute(TestCaseExecutor.java:285)
	at com.kms.katalon.core.common.CommonExecutor.accessTestCaseMainPhase(CommonExecutor.java:65)
	at com.kms.katalon.core.main.TestSuiteExecutor.accessTestSuiteMainPhase(TestSuiteExecutor.java:148)
	at com.kms.katalon.core.main.TestSuiteExecutor.execute(TestSuiteExecutor.java:106)
	at com.kms.katalon.core.main.TestCaseMain.startTestSuite(TestCaseMain.java:187)
	at com.kms.katalon.core.main.TestCaseMain$startTestSuite$0.call(Unknown Source)
	at TempTestSuite1696315667156.run(TempTestSuite1696315667156.groovy:36)]]></system-out>
         <system-err><![CDATA[2023-10-03 13:52:46 - [TEST_CASE][FAILED] - Test Cases/M05 -Edit Sosial Media/TC-ESMF-007: Test Cases/M05 -Edit Sosial Media/TC-ESMF-007 FAILED.
Reason:
Assertion failed: 

assert error_message == 'Please input an valid phone number'
       |             |
       null          false

	at TC-ESMF-007.run(TC-ESMF-007:45)
	at com.kms.katalon.core.main.ScriptEngine.run(ScriptEngine.java:194)
	at com.kms.katalon.core.main.ScriptEngine.runScriptAsRawText(ScriptEngine.java:119)
	at com.kms.katalon.core.main.TestCaseExecutor.runScript(TestCaseExecutor.java:448)
	at com.kms.katalon.core.main.TestCaseExecutor.doExecute(TestCaseExecutor.java:439)
	at com.kms.katalon.core.main.TestCaseExecutor.processExecutionPhase(TestCaseExecutor.java:418)
	at com.kms.katalon.core.main.TestCaseExecutor.accessMainPhase(TestCaseExecutor.java:410)
	at com.kms.katalon.core.main.TestCaseExecutor.execute(TestCaseExecutor.java:285)
	at com.kms.katalon.core.common.CommonExecutor.accessTestCaseMainPhase(CommonExecutor.java:65)
	at com.kms.katalon.core.main.TestSuiteExecutor.accessTestSuiteMainPhase(TestSuiteExecutor.java:148)
	at com.kms.katalon.core.main.TestSuiteExecutor.execute(TestSuiteExecutor.java:106)
	at com.kms.katalon.core.main.TestCaseMain.startTestSuite(TestCaseMain.java:187)
	at com.kms.katalon.core.main.TestCaseMain$startTestSuite$0.call(Unknown Source)
	at TempTestSuite1696315667156.run(TempTestSuite1696315667156.groovy:36)]]></system-err>
      </testcase>
      <testcase name="Test Cases/M05 -Edit Sosial Media/TC-ESMF-008" time="18.911" classname="Test Cases/M05 -Edit Sosial Media/TC-ESMF-008" status="FAILED">
         <failure type="FAILED" message="Test Cases/M05 -Edit Sosial Media/TC-ESMF-008 FAILED.
Reason:
com.kms.katalon.core.exception.StepFailedException: Unable to verify text 'please input an valid number' is present 
	at com.kms.katalon.core.webui.keyword.internal.WebUIKeywordMain.stepFailed(WebUIKeywordMain.groovy:64)
	at com.kms.katalon.core.webui.keyword.internal.WebUIKeywordMain.runKeyword(WebUIKeywordMain.groovy:26)
	at com.kms.katalon.core.webui.keyword.builtin.VerifyTextPresentKeyword.verifyTextPresent(VerifyTextPresentKeyword.groovy:83)
	at com.kms.katalon.core.webui.keyword.builtin.VerifyTextPresentKeyword.execute(VerifyTextPresentKeyword.groovy:68)
	at com.kms.katalon.core.keyword.internal.KeywordExecutor.executeKeywordForPlatform(KeywordExecutor.groovy:74)
	at com.kms.katalon.core.webui.keyword.WebUiBuiltInKeywords.verifyTextPresent(WebUiBuiltInKeywords.groovy:1723)
	at com.kms.katalon.core.webui.keyword.WebUiBuiltInKeywords$verifyTextPresent$9.call(Unknown Source)
	at TC-ESMF-008.run(TC-ESMF-008:34)
	at com.kms.katalon.core.main.ScriptEngine.run(ScriptEngine.java:194)
	at com.kms.katalon.core.main.ScriptEngine.runScriptAsRawText(ScriptEngine.java:119)
	at com.kms.katalon.core.main.TestCaseExecutor.runScript(TestCaseExecutor.java:448)
	at com.kms.katalon.core.main.TestCaseExecutor.doExecute(TestCaseExecutor.java:439)
	at com.kms.katalon.core.main.TestCaseExecutor.processExecutionPhase(TestCaseExecutor.java:418)
	at com.kms.katalon.core.main.TestCaseExecutor.accessMainPhase(TestCaseExecutor.java:410)
	at com.kms.katalon.core.main.TestCaseExecutor.execute(TestCaseExecutor.java:285)
	at com.kms.katalon.core.common.CommonExecutor.accessTestCaseMainPhase(CommonExecutor.java:65)
	at com.kms.katalon.core.main.TestSuiteExecutor.accessTestSuiteMainPhase(TestSuiteExecutor.java:148)
	at com.kms.katalon.core.main.TestSuiteExecutor.execute(TestSuiteExecutor.java:106)
	at com.kms.katalon.core.main.TestCaseMain.startTestSuite(TestCaseMain.java:187)
	at com.kms.katalon.core.main.TestCaseMain$startTestSuite$0.call(Unknown Source)
	at TempTestSuite1696315667156.run(TempTestSuite1696315667156.groovy:36)
Caused by: com.kms.katalon.core.exception.StepFailedException: Text 'please input an valid number' is not present on page 
	at com.kms.katalon.core.webui.keyword.internal.WebUIKeywordMain.stepFailed(WebUIKeywordMain.groovy:64)
	at com.kms.katalon.core.webui.keyword.builtin.VerifyTextPresentKeyword$_verifyTextPresent_closure1.doCall(VerifyTextPresentKeyword.groovy:79)
	at com.kms.katalon.core.webui.keyword.builtin.VerifyTextPresentKeyword$_verifyTextPresent_closure1.call(VerifyTextPresentKeyword.groovy)
	at com.kms.katalon.core.webui.keyword.internal.WebUIKeywordMain.runKeyword(WebUIKeywordMain.groovy:20)
	... 19 more
"/>
         <system-out><![CDATA[2023-10-03 13:53:04 - [TEST_CASE][FAILED] - Test Cases/M05 -Edit Sosial Media/TC-ESMF-008: Test Cases/M05 -Edit Sosial Media/TC-ESMF-008 FAILED.
Reason:
com.kms.katalon.core.exception.StepFailedException: Unable to verify text 'please input an valid number' is present 
	at com.kms.katalon.core.webui.keyword.internal.WebUIKeywordMain.stepFailed(WebUIKeywordMain.groovy:64)
	at com.kms.katalon.core.webui.keyword.internal.WebUIKeywordMain.runKeyword(WebUIKeywordMain.groovy:26)
	at com.kms.katalon.core.webui.keyword.builtin.VerifyTextPresentKeyword.verifyTextPresent(VerifyTextPresentKeyword.groovy:83)
	at com.kms.katalon.core.webui.keyword.builtin.VerifyTextPresentKeyword.execute(VerifyTextPresentKeyword.groovy:68)
	at com.kms.katalon.core.keyword.internal.KeywordExecutor.executeKeywordForPlatform(KeywordExecutor.groovy:74)
	at com.kms.katalon.core.webui.keyword.WebUiBuiltInKeywords.verifyTextPresent(WebUiBuiltInKeywords.groovy:1723)
	at com.kms.katalon.core.webui.keyword.WebUiBuiltInKeywords$verifyTextPresent$9.call(Unknown Source)
	at TC-ESMF-008.run(TC-ESMF-008:34)
	at com.kms.katalon.core.main.ScriptEngine.run(ScriptEngine.java:194)
	at com.kms.katalon.core.main.ScriptEngine.runScriptAsRawText(ScriptEngine.java:119)
	at com.kms.katalon.core.main.TestCaseExecutor.runScript(TestCaseExecutor.java:448)
	at com.kms.katalon.core.main.TestCaseExecutor.doExecute(TestCaseExecutor.java:439)
	at com.kms.katalon.core.main.TestCaseExecutor.processExecutionPhase(TestCaseExecutor.java:418)
	at com.kms.katalon.core.main.TestCaseExecutor.accessMainPhase(TestCaseExecutor.java:410)
	at com.kms.katalon.core.main.TestCaseExecutor.execute(TestCaseExecutor.java:285)
	at com.kms.katalon.core.common.CommonExecutor.accessTestCaseMainPhase(CommonExecutor.java:65)
	at com.kms.katalon.core.main.TestSuiteExecutor.accessTestSuiteMainPhase(TestSuiteExecutor.java:148)
	at com.kms.katalon.core.main.TestSuiteExecutor.execute(TestSuiteExecutor.java:106)
	at com.kms.katalon.core.main.TestCaseMain.startTestSuite(TestCaseMain.java:187)
	at com.kms.katalon.core.main.TestCaseMain$startTestSuite$0.call(Unknown Source)
	at TempTestSuite1696315667156.run(TempTestSuite1696315667156.groovy:36)
Caused by: com.kms.katalon.core.exception.StepFailedException: Text 'please input an valid number' is not present on page 
	at com.kms.katalon.core.webui.keyword.internal.WebUIKeywordMain.stepFailed(WebUIKeywordMain.groovy:64)
	at com.kms.katalon.core.webui.keyword.builtin.VerifyTextPresentKeyword$_verifyTextPresent_closure1.doCall(VerifyTextPresentKeyword.groovy:79)
	at com.kms.katalon.core.webui.keyword.builtin.VerifyTextPresentKeyword$_verifyTextPresent_closure1.call(VerifyTextPresentKeyword.groovy)
	at com.kms.katalon.core.webui.keyword.internal.WebUIKeywordMain.runKeyword(WebUIKeywordMain.groovy:20)
	... 19 more


2023-10-03 13:53:05 - [TEST_STEP][PASSED] - callTestCase(findTestCase("M05 -Edit Sosial Media/TC-LS-001"), [:], STOP_ON_FAILURE): Call Test Case 'Test Cases/M05 -Edit Sosial Media/TC-LS-001' successfully

2023-10-03 13:53:05 - [TEST_CASE][PASSED] - Test Cases/M05 -Edit Sosial Media/TC-LS-001: Test Cases/M05 -Edit Sosial Media/TC-LS-001

2023-10-03 13:53:05 - [TEST_STEP][PASSED] - openBrowser(urlWeb): Browser is opened with url: 'https://10.9.2.63/ecommerce/'

2023-10-03 13:53:05 - [MESSAGE][WARNING] - A browser is already opened. Closing browser and opening a new one

2023-10-03 13:53:06 - [MESSAGE][INFO] - Starting 'Edge Chromium' driver

2023-10-03 13:53:06 - [MESSAGE][INFO] - User set preference: ['acceptInsecureCerts', 'true']

2023-10-03 13:53:08 - [MESSAGE][INFO] - Action delay is set to 0 milliseconds

2023-10-03 13:53:12 - [MESSAGE][PASSED] - Browser is opened with url: 'https://10.9.2.63/ecommerce/'

2023-10-03 13:53:12 - [TEST_STEP][PASSED] - maximizeWindow(): Current window maximized

2023-10-03 13:53:12 - [MESSAGE][PASSED] - Current window maximized

2023-10-03 13:53:12 - [TEST_STEP][PASSED] - click(findTestObject("Login/a_Login")): Object: 'Object Repository/Login/a_Login' is clicked on

2023-10-03 13:53:13 - [MESSAGE][PASSED] - Object: 'Object Repository/Login/a_Login' is clicked on

2023-10-03 13:53:13 - [TEST_STEP][PASSED] - setText(findTestObject("Login/input_Username, Email atau No. Handphone_a"), "runa36"): Text 'runa36' is set on object 'Object Repository/Login/input_Username, Email atau No. Handphone_a'

2023-10-03 13:53:14 - [MESSAGE][PASSED] - Text 'runa36' is set on object 'Object Repository/Login/input_Username, Email atau No. Handphone_a'

2023-10-03 13:53:14 - [TEST_STEP][PASSED] - setEncryptedText(findTestObject("Login/input_Password di Login(Masuk)"), "qbkrdMwyWE4="): Text ****** has been set on object 'Object Repository/Login/input_Password di Login(Masuk)'

2023-10-03 13:53:15 - [MESSAGE][PASSED] - Text ****** has been set on object 'Object Repository/Login/input_Password di Login(Masuk)'

2023-10-03 13:53:15 - [TEST_STEP][PASSED] - click(findTestObject("Login/button_Masuk di halaman login")): Object: 'Object Repository/Login/button_Masuk di halaman login' is clicked on

2023-10-03 13:53:16 - [MESSAGE][PASSED] - Object: 'Object Repository/Login/button_Masuk di halaman login' is clicked on

2023-10-03 13:53:16 - [TEST_STEP][PASSED] - verifyElementPresent(findTestObject("edit sosial media/verifikasi masuk halaman biodata diri"), 0): Object 'Object Repository/edit sosial media/verifikasi masuk halaman biodata diri' is present

2023-10-03 13:53:16 - [MESSAGE][WARNING] - Timeout '0' is invalid. Using default page load timeout: '30'

2023-10-03 13:53:17 - [MESSAGE][PASSED] - Object 'Object Repository/edit sosial media/verifikasi masuk halaman biodata diri' is present

2023-10-03 13:53:17 - [MESSAGE][PASSED] - Call Test Case 'Test Cases/M05 -Edit Sosial Media/TC-LS-001' successfully

2023-10-03 13:53:17 - [TEST_STEP][PASSED] - verifyElementPresent(findTestObject("edit sosial media/verifikasi masuk halaman biodata diri"), 0): Object 'Object Repository/edit sosial media/verifikasi masuk halaman biodata diri' is present

2023-10-03 13:53:17 - [MESSAGE][WARNING] - Timeout '0' is invalid. Using default page load timeout: '30'

2023-10-03 13:53:17 - [MESSAGE][PASSED] - Object 'Object Repository/edit sosial media/verifikasi masuk halaman biodata diri' is present

2023-10-03 13:53:17 - [TEST_STEP][PASSED] - click(findTestObject("edit sosial media/a_Sosmed")): Object: 'Object Repository/edit sosial media/a_Sosmed' is clicked on

2023-10-03 13:53:18 - [MESSAGE][PASSED] - Object: 'Object Repository/edit sosial media/a_Sosmed' is clicked on

2023-10-03 13:53:18 - [TEST_STEP][PASSED] - click(findTestObject("edit sosial media/Edit Sosial Media")): Object: 'Object Repository/edit sosial media/Edit Sosial Media' is clicked on

2023-10-03 13:53:19 - [MESSAGE][PASSED] - Object: 'Object Repository/edit sosial media/Edit Sosial Media' is clicked on

2023-10-03 13:53:19 - [TEST_STEP][PASSED] - clearText(findTestObject("edit sosial media/input_Whatsapp_d")): Text of object 'Object Repository/edit sosial media/input_Whatsapp_d' is cleared

2023-10-03 13:53:20 - [MESSAGE][PASSED] - Text of object 'Object Repository/edit sosial media/input_Whatsapp_d' is cleared

2023-10-03 13:53:20 - [TEST_STEP][PASSED] - setText(findTestObject("edit sosial media/input_Whatsapp_d"), whatsapp): Text '+628112222333344445555' is set on object 'Object Repository/edit sosial media/input_Whatsapp_d'

2023-10-03 13:53:21 - [MESSAGE][PASSED] - Text '+628112222333344445555' is set on object 'Object Repository/edit sosial media/input_Whatsapp_d'

2023-10-03 13:53:21 - [TEST_STEP][PASSED] - click(findTestObject("edit sosial media/center_Simpan Sosial Media")): Object: 'Object Repository/edit sosial media/center_Simpan Sosial Media' is clicked on

2023-10-03 13:53:22 - [MESSAGE][PASSED] - Object: 'Object Repository/edit sosial media/center_Simpan Sosial Media' is clicked on

2023-10-03 13:53:22 - [TEST_STEP][FAILED] - verifyTextPresent("please input an valid number", false): Unable to verify text 'please input an valid number' is present  (Root cause: com.kms.katalon.core.exception.StepFailedException: Unable to verify text 'please input an valid number' is present 
	at com.kms.katalon.core.webui.keyword.internal.WebUIKeywordMain.stepFailed(WebUIKeywordMain.groovy:64)
	at com.kms.katalon.core.webui.keyword.internal.WebUIKeywordMain.runKeyword(WebUIKeywordMain.groovy:26)
	at com.kms.katalon.core.webui.keyword.builtin.VerifyTextPresentKeyword.verifyTextPresent(VerifyTextPresentKeyword.groovy:83)
	at com.kms.katalon.core.webui.keyword.builtin.VerifyTextPresentKeyword.execute(VerifyTextPresentKeyword.groovy:68)
	at com.kms.katalon.core.keyword.internal.KeywordExecutor.executeKeywordForPlatform(KeywordExecutor.groovy:74)
	at com.kms.katalon.core.webui.keyword.WebUiBuiltInKeywords.verifyTextPresent(WebUiBuiltInKeywords.groovy:1723)
	at com.kms.katalon.core.webui.keyword.WebUiBuiltInKeywords$verifyTextPresent$9.call(Unknown Source)
	at TC-ESMF-008.run(TC-ESMF-008:34)
	at com.kms.katalon.core.main.ScriptEngine.run(ScriptEngine.java:194)
	at com.kms.katalon.core.main.ScriptEngine.runScriptAsRawText(ScriptEngine.java:119)
	at com.kms.katalon.core.main.TestCaseExecutor.runScript(TestCaseExecutor.java:448)
	at com.kms.katalon.core.main.TestCaseExecutor.doExecute(TestCaseExecutor.java:439)
	at com.kms.katalon.core.main.TestCaseExecutor.processExecutionPhase(TestCaseExecutor.java:418)
	at com.kms.katalon.core.main.TestCaseExecutor.accessMainPhase(TestCaseExecutor.java:410)
	at com.kms.katalon.core.main.TestCaseExecutor.execute(TestCaseExecutor.java:285)
	at com.kms.katalon.core.common.CommonExecutor.accessTestCaseMainPhase(CommonExecutor.java:65)
	at com.kms.katalon.core.main.TestSuiteExecutor.accessTestSuiteMainPhase(TestSuiteExecutor.java:148)
	at com.kms.katalon.core.main.TestSuiteExecutor.execute(TestSuiteExecutor.java:106)
	at com.kms.katalon.core.main.TestCaseMain.startTestSuite(TestCaseMain.java:187)
	at com.kms.katalon.core.main.TestCaseMain$startTestSuite$0.call(Unknown Source)
	at TempTestSuite1696315667156.run(TempTestSuite1696315667156.groovy:36)
Caused by: com.kms.katalon.core.exception.StepFailedException: Text 'please input an valid number' is not present on page 
	at com.kms.katalon.core.webui.keyword.internal.WebUIKeywordMain.stepFailed(WebUIKeywordMain.groovy:64)
	at com.kms.katalon.core.webui.keyword.builtin.VerifyTextPresentKeyword$_verifyTextPresent_closure1.doCall(VerifyTextPresentKeyword.groovy:79)
	at com.kms.katalon.core.webui.keyword.builtin.VerifyTextPresentKeyword$_verifyTextPresent_closure1.call(VerifyTextPresentKeyword.groovy)
	at com.kms.katalon.core.webui.keyword.internal.WebUIKeywordMain.runKeyword(WebUIKeywordMain.groovy:20)
	... 19 more
)

2023-10-03 13:53:23 - [MESSAGE][FAILED] - Text 'please input an valid number' is not present on page  (Root cause: com.kms.katalon.core.exception.StepFailedException: Text 'please input an valid number' is not present on page 
	at com.kms.katalon.core.webui.keyword.internal.WebUIKeywordMain.stepFailed(WebUIKeywordMain.groovy:64)
	at com.kms.katalon.core.webui.keyword.builtin.VerifyTextPresentKeyword$_verifyTextPresent_closure1.doCall(VerifyTextPresentKeyword.groovy:79)
	at com.kms.katalon.core.webui.keyword.builtin.VerifyTextPresentKeyword$_verifyTextPresent_closure1.call(VerifyTextPresentKeyword.groovy)
	at com.kms.katalon.core.webui.keyword.internal.WebUIKeywordMain.runKeyword(WebUIKeywordMain.groovy:20)
	at com.kms.katalon.core.webui.keyword.builtin.VerifyTextPresentKeyword.verifyTextPresent(VerifyTextPresentKeyword.groovy:83)
	at com.kms.katalon.core.webui.keyword.builtin.VerifyTextPresentKeyword.execute(VerifyTextPresentKeyword.groovy:68)
	at com.kms.katalon.core.keyword.internal.KeywordExecutor.executeKeywordForPlatform(KeywordExecutor.groovy:74)
	at com.kms.katalon.core.webui.keyword.WebUiBuiltInKeywords.verifyTextPresent(WebUiBuiltInKeywords.groovy:1723)
	at com.kms.katalon.core.webui.keyword.WebUiBuiltInKeywords$verifyTextPresent$9.call(Unknown Source)
	at TC-ESMF-008.run(TC-ESMF-008:34)
	at com.kms.katalon.core.main.ScriptEngine.run(ScriptEngine.java:194)
	at com.kms.katalon.core.main.ScriptEngine.runScriptAsRawText(ScriptEngine.java:119)
	at com.kms.katalon.core.main.TestCaseExecutor.runScript(TestCaseExecutor.java:448)
	at com.kms.katalon.core.main.TestCaseExecutor.doExecute(TestCaseExecutor.java:439)
	at com.kms.katalon.core.main.TestCaseExecutor.processExecutionPhase(TestCaseExecutor.java:418)
	at com.kms.katalon.core.main.TestCaseExecutor.accessMainPhase(TestCaseExecutor.java:410)
	at com.kms.katalon.core.main.TestCaseExecutor.execute(TestCaseExecutor.java:285)
	at com.kms.katalon.core.common.CommonExecutor.accessTestCaseMainPhase(CommonExecutor.java:65)
	at com.kms.katalon.core.main.TestSuiteExecutor.accessTestSuiteMainPhase(TestSuiteExecutor.java:148)
	at com.kms.katalon.core.main.TestSuiteExecutor.execute(TestSuiteExecutor.java:106)
	at com.kms.katalon.core.main.TestCaseMain.startTestSuite(TestCaseMain.java:187)
	at com.kms.katalon.core.main.TestCaseMain$startTestSuite$0.call(Unknown Source)
	at TempTestSuite1696315667156.run(TempTestSuite1696315667156.groovy:36)
)

2023-10-03 13:53:23 - [MESSAGE][FAILED] - Unable to verify text 'please input an valid number' is present  (Root cause: com.kms.katalon.core.exception.StepFailedException: Unable to verify text 'please input an valid number' is present 
	at com.kms.katalon.core.webui.keyword.internal.WebUIKeywordMain.stepFailed(WebUIKeywordMain.groovy:64)
	at com.kms.katalon.core.webui.keyword.internal.WebUIKeywordMain.runKeyword(WebUIKeywordMain.groovy:26)
	at com.kms.katalon.core.webui.keyword.builtin.VerifyTextPresentKeyword.verifyTextPresent(VerifyTextPresentKeyword.groovy:83)
	at com.kms.katalon.core.webui.keyword.builtin.VerifyTextPresentKeyword.execute(VerifyTextPresentKeyword.groovy:68)
	at com.kms.katalon.core.keyword.internal.KeywordExecutor.executeKeywordForPlatform(KeywordExecutor.groovy:74)
	at com.kms.katalon.core.webui.keyword.WebUiBuiltInKeywords.verifyTextPresent(WebUiBuiltInKeywords.groovy:1723)
	at com.kms.katalon.core.webui.keyword.WebUiBuiltInKeywords$verifyTextPresent$9.call(Unknown Source)
	at TC-ESMF-008.run(TC-ESMF-008:34)
	at com.kms.katalon.core.main.ScriptEngine.run(ScriptEngine.java:194)
	at com.kms.katalon.core.main.ScriptEngine.runScriptAsRawText(ScriptEngine.java:119)
	at com.kms.katalon.core.main.TestCaseExecutor.runScript(TestCaseExecutor.java:448)
	at com.kms.katalon.core.main.TestCaseExecutor.doExecute(TestCaseExecutor.java:439)
	at com.kms.katalon.core.main.TestCaseExecutor.processExecutionPhase(TestCaseExecutor.java:418)
	at com.kms.katalon.core.main.TestCaseExecutor.accessMainPhase(TestCaseExecutor.java:410)
	at com.kms.katalon.core.main.TestCaseExecutor.execute(TestCaseExecutor.java:285)
	at com.kms.katalon.core.common.CommonExecutor.accessTestCaseMainPhase(CommonExecutor.java:65)
	at com.kms.katalon.core.main.TestSuiteExecutor.accessTestSuiteMainPhase(TestSuiteExecutor.java:148)
	at com.kms.katalon.core.main.TestSuiteExecutor.execute(TestSuiteExecutor.java:106)
	at com.kms.katalon.core.main.TestCaseMain.startTestSuite(TestCaseMain.java:187)
	at com.kms.katalon.core.main.TestCaseMain$startTestSuite$0.call(Unknown Source)
	at TempTestSuite1696315667156.run(TempTestSuite1696315667156.groovy:36)
Caused by: com.kms.katalon.core.exception.StepFailedException: Text 'please input an valid number' is not present on page 
	at com.kms.katalon.core.webui.keyword.internal.WebUIKeywordMain.stepFailed(WebUIKeywordMain.groovy:64)
	at com.kms.katalon.core.webui.keyword.builtin.VerifyTextPresentKeyword$_verifyTextPresent_closure1.doCall(VerifyTextPresentKeyword.groovy:79)
	at com.kms.katalon.core.webui.keyword.builtin.VerifyTextPresentKeyword$_verifyTextPresent_closure1.call(VerifyTextPresentKeyword.groovy)
	at com.kms.katalon.core.webui.keyword.internal.WebUIKeywordMain.runKeyword(WebUIKeywordMain.groovy:20)
	... 19 more
)
[[ATTACHMENT|F:\\bootcamp\\Miniproject\\Tajalapak\\Reports\\20231003_134746\\M05 - Edit Sosial Media\\20231003_134747\\1696316003364.png]]]]></system-out>
         <system-err><![CDATA[2023-10-03 13:53:04 - [TEST_CASE][FAILED] - Test Cases/M05 -Edit Sosial Media/TC-ESMF-008: Test Cases/M05 -Edit Sosial Media/TC-ESMF-008 FAILED.
Reason:
com.kms.katalon.core.exception.StepFailedException: Unable to verify text 'please input an valid number' is present 
	at com.kms.katalon.core.webui.keyword.internal.WebUIKeywordMain.stepFailed(WebUIKeywordMain.groovy:64)
	at com.kms.katalon.core.webui.keyword.internal.WebUIKeywordMain.runKeyword(WebUIKeywordMain.groovy:26)
	at com.kms.katalon.core.webui.keyword.builtin.VerifyTextPresentKeyword.verifyTextPresent(VerifyTextPresentKeyword.groovy:83)
	at com.kms.katalon.core.webui.keyword.builtin.VerifyTextPresentKeyword.execute(VerifyTextPresentKeyword.groovy:68)
	at com.kms.katalon.core.keyword.internal.KeywordExecutor.executeKeywordForPlatform(KeywordExecutor.groovy:74)
	at com.kms.katalon.core.webui.keyword.WebUiBuiltInKeywords.verifyTextPresent(WebUiBuiltInKeywords.groovy:1723)
	at com.kms.katalon.core.webui.keyword.WebUiBuiltInKeywords$verifyTextPresent$9.call(Unknown Source)
	at TC-ESMF-008.run(TC-ESMF-008:34)
	at com.kms.katalon.core.main.ScriptEngine.run(ScriptEngine.java:194)
	at com.kms.katalon.core.main.ScriptEngine.runScriptAsRawText(ScriptEngine.java:119)
	at com.kms.katalon.core.main.TestCaseExecutor.runScript(TestCaseExecutor.java:448)
	at com.kms.katalon.core.main.TestCaseExecutor.doExecute(TestCaseExecutor.java:439)
	at com.kms.katalon.core.main.TestCaseExecutor.processExecutionPhase(TestCaseExecutor.java:418)
	at com.kms.katalon.core.main.TestCaseExecutor.accessMainPhase(TestCaseExecutor.java:410)
	at com.kms.katalon.core.main.TestCaseExecutor.execute(TestCaseExecutor.java:285)
	at com.kms.katalon.core.common.CommonExecutor.accessTestCaseMainPhase(CommonExecutor.java:65)
	at com.kms.katalon.core.main.TestSuiteExecutor.accessTestSuiteMainPhase(TestSuiteExecutor.java:148)
	at com.kms.katalon.core.main.TestSuiteExecutor.execute(TestSuiteExecutor.java:106)
	at com.kms.katalon.core.main.TestCaseMain.startTestSuite(TestCaseMain.java:187)
	at com.kms.katalon.core.main.TestCaseMain$startTestSuite$0.call(Unknown Source)
	at TempTestSuite1696315667156.run(TempTestSuite1696315667156.groovy:36)
Caused by: com.kms.katalon.core.exception.StepFailedException: Text 'please input an valid number' is not present on page 
	at com.kms.katalon.core.webui.keyword.internal.WebUIKeywordMain.stepFailed(WebUIKeywordMain.groovy:64)
	at com.kms.katalon.core.webui.keyword.builtin.VerifyTextPresentKeyword$_verifyTextPresent_closure1.doCall(VerifyTextPresentKeyword.groovy:79)
	at com.kms.katalon.core.webui.keyword.builtin.VerifyTextPresentKeyword$_verifyTextPresent_closure1.call(VerifyTextPresentKeyword.groovy)
	at com.kms.katalon.core.webui.keyword.internal.WebUIKeywordMain.runKeyword(WebUIKeywordMain.groovy:20)
	... 19 more]]></system-err>
      </testcase>
      <testcase name="Test Cases/M05 -Edit Sosial Media/TC-ESMF-009" time="19.046" classname="Test Cases/M05 -Edit Sosial Media/TC-ESMF-009" status="FAILED">
         <failure type="FAILED" message="Test Cases/M05 -Edit Sosial Media/TC-ESMF-009 FAILED.
Reason:
com.kms.katalon.core.exception.StepFailedException: Unable to verify text 'please input an valid number' is present 
	at com.kms.katalon.core.webui.keyword.internal.WebUIKeywordMain.stepFailed(WebUIKeywordMain.groovy:64)
	at com.kms.katalon.core.webui.keyword.internal.WebUIKeywordMain.runKeyword(WebUIKeywordMain.groovy:26)
	at com.kms.katalon.core.webui.keyword.builtin.VerifyTextPresentKeyword.verifyTextPresent(VerifyTextPresentKeyword.groovy:83)
	at com.kms.katalon.core.webui.keyword.builtin.VerifyTextPresentKeyword.execute(VerifyTextPresentKeyword.groovy:68)
	at com.kms.katalon.core.keyword.internal.KeywordExecutor.executeKeywordForPlatform(KeywordExecutor.groovy:74)
	at com.kms.katalon.core.webui.keyword.WebUiBuiltInKeywords.verifyTextPresent(WebUiBuiltInKeywords.groovy:1723)
	at com.kms.katalon.core.webui.keyword.WebUiBuiltInKeywords$verifyTextPresent$9.call(Unknown Source)
	at TC-ESMF-009.run(TC-ESMF-009:34)
	at com.kms.katalon.core.main.ScriptEngine.run(ScriptEngine.java:194)
	at com.kms.katalon.core.main.ScriptEngine.runScriptAsRawText(ScriptEngine.java:119)
	at com.kms.katalon.core.main.TestCaseExecutor.runScript(TestCaseExecutor.java:448)
	at com.kms.katalon.core.main.TestCaseExecutor.doExecute(TestCaseExecutor.java:439)
	at com.kms.katalon.core.main.TestCaseExecutor.processExecutionPhase(TestCaseExecutor.java:418)
	at com.kms.katalon.core.main.TestCaseExecutor.accessMainPhase(TestCaseExecutor.java:410)
	at com.kms.katalon.core.main.TestCaseExecutor.execute(TestCaseExecutor.java:285)
	at com.kms.katalon.core.common.CommonExecutor.accessTestCaseMainPhase(CommonExecutor.java:65)
	at com.kms.katalon.core.main.TestSuiteExecutor.accessTestSuiteMainPhase(TestSuiteExecutor.java:148)
	at com.kms.katalon.core.main.TestSuiteExecutor.execute(TestSuiteExecutor.java:106)
	at com.kms.katalon.core.main.TestCaseMain.startTestSuite(TestCaseMain.java:187)
	at com.kms.katalon.core.main.TestCaseMain$startTestSuite$0.call(Unknown Source)
	at TempTestSuite1696315667156.run(TempTestSuite1696315667156.groovy:36)
Caused by: com.kms.katalon.core.exception.StepFailedException: Text 'please input an valid number' is not present on page 
	at com.kms.katalon.core.webui.keyword.internal.WebUIKeywordMain.stepFailed(WebUIKeywordMain.groovy:64)
	at com.kms.katalon.core.webui.keyword.builtin.VerifyTextPresentKeyword$_verifyTextPresent_closure1.doCall(VerifyTextPresentKeyword.groovy:79)
	at com.kms.katalon.core.webui.keyword.builtin.VerifyTextPresentKeyword$_verifyTextPresent_closure1.call(VerifyTextPresentKeyword.groovy)
	at com.kms.katalon.core.webui.keyword.internal.WebUIKeywordMain.runKeyword(WebUIKeywordMain.groovy:20)
	... 19 more
"/>
         <system-out><![CDATA[2023-10-03 13:53:23 - [TEST_CASE][FAILED] - Test Cases/M05 -Edit Sosial Media/TC-ESMF-009: Test Cases/M05 -Edit Sosial Media/TC-ESMF-009 FAILED.
Reason:
com.kms.katalon.core.exception.StepFailedException: Unable to verify text 'please input an valid number' is present 
	at com.kms.katalon.core.webui.keyword.internal.WebUIKeywordMain.stepFailed(WebUIKeywordMain.groovy:64)
	at com.kms.katalon.core.webui.keyword.internal.WebUIKeywordMain.runKeyword(WebUIKeywordMain.groovy:26)
	at com.kms.katalon.core.webui.keyword.builtin.VerifyTextPresentKeyword.verifyTextPresent(VerifyTextPresentKeyword.groovy:83)
	at com.kms.katalon.core.webui.keyword.builtin.VerifyTextPresentKeyword.execute(VerifyTextPresentKeyword.groovy:68)
	at com.kms.katalon.core.keyword.internal.KeywordExecutor.executeKeywordForPlatform(KeywordExecutor.groovy:74)
	at com.kms.katalon.core.webui.keyword.WebUiBuiltInKeywords.verifyTextPresent(WebUiBuiltInKeywords.groovy:1723)
	at com.kms.katalon.core.webui.keyword.WebUiBuiltInKeywords$verifyTextPresent$9.call(Unknown Source)
	at TC-ESMF-009.run(TC-ESMF-009:34)
	at com.kms.katalon.core.main.ScriptEngine.run(ScriptEngine.java:194)
	at com.kms.katalon.core.main.ScriptEngine.runScriptAsRawText(ScriptEngine.java:119)
	at com.kms.katalon.core.main.TestCaseExecutor.runScript(TestCaseExecutor.java:448)
	at com.kms.katalon.core.main.TestCaseExecutor.doExecute(TestCaseExecutor.java:439)
	at com.kms.katalon.core.main.TestCaseExecutor.processExecutionPhase(TestCaseExecutor.java:418)
	at com.kms.katalon.core.main.TestCaseExecutor.accessMainPhase(TestCaseExecutor.java:410)
	at com.kms.katalon.core.main.TestCaseExecutor.execute(TestCaseExecutor.java:285)
	at com.kms.katalon.core.common.CommonExecutor.accessTestCaseMainPhase(CommonExecutor.java:65)
	at com.kms.katalon.core.main.TestSuiteExecutor.accessTestSuiteMainPhase(TestSuiteExecutor.java:148)
	at com.kms.katalon.core.main.TestSuiteExecutor.execute(TestSuiteExecutor.java:106)
	at com.kms.katalon.core.main.TestCaseMain.startTestSuite(TestCaseMain.java:187)
	at com.kms.katalon.core.main.TestCaseMain$startTestSuite$0.call(Unknown Source)
	at TempTestSuite1696315667156.run(TempTestSuite1696315667156.groovy:36)
Caused by: com.kms.katalon.core.exception.StepFailedException: Text 'please input an valid number' is not present on page 
	at com.kms.katalon.core.webui.keyword.internal.WebUIKeywordMain.stepFailed(WebUIKeywordMain.groovy:64)
	at com.kms.katalon.core.webui.keyword.builtin.VerifyTextPresentKeyword$_verifyTextPresent_closure1.doCall(VerifyTextPresentKeyword.groovy:79)
	at com.kms.katalon.core.webui.keyword.builtin.VerifyTextPresentKeyword$_verifyTextPresent_closure1.call(VerifyTextPresentKeyword.groovy)
	at com.kms.katalon.core.webui.keyword.internal.WebUIKeywordMain.runKeyword(WebUIKeywordMain.groovy:20)
	... 19 more


2023-10-03 13:53:24 - [TEST_STEP][PASSED] - callTestCase(findTestCase("M05 -Edit Sosial Media/TC-LS-001"), [:], STOP_ON_FAILURE): Call Test Case 'Test Cases/M05 -Edit Sosial Media/TC-LS-001' successfully

2023-10-03 13:53:24 - [TEST_CASE][PASSED] - Test Cases/M05 -Edit Sosial Media/TC-LS-001: Test Cases/M05 -Edit Sosial Media/TC-LS-001

2023-10-03 13:53:24 - [TEST_STEP][PASSED] - openBrowser(urlWeb): Browser is opened with url: 'https://10.9.2.63/ecommerce/'

2023-10-03 13:53:24 - [MESSAGE][WARNING] - A browser is already opened. Closing browser and opening a new one

2023-10-03 13:53:25 - [MESSAGE][INFO] - Starting 'Edge Chromium' driver

2023-10-03 13:53:25 - [MESSAGE][INFO] - User set preference: ['acceptInsecureCerts', 'true']

2023-10-03 13:53:27 - [MESSAGE][INFO] - Action delay is set to 0 milliseconds

2023-10-03 13:53:31 - [MESSAGE][PASSED] - Browser is opened with url: 'https://10.9.2.63/ecommerce/'

2023-10-03 13:53:31 - [TEST_STEP][PASSED] - maximizeWindow(): Current window maximized

2023-10-03 13:53:32 - [MESSAGE][PASSED] - Current window maximized

2023-10-03 13:53:32 - [TEST_STEP][PASSED] - click(findTestObject("Login/a_Login")): Object: 'Object Repository/Login/a_Login' is clicked on

2023-10-03 13:53:32 - [MESSAGE][PASSED] - Object: 'Object Repository/Login/a_Login' is clicked on

2023-10-03 13:53:32 - [TEST_STEP][PASSED] - setText(findTestObject("Login/input_Username, Email atau No. Handphone_a"), "runa36"): Text 'runa36' is set on object 'Object Repository/Login/input_Username, Email atau No. Handphone_a'

2023-10-03 13:53:34 - [MESSAGE][PASSED] - Text 'runa36' is set on object 'Object Repository/Login/input_Username, Email atau No. Handphone_a'

2023-10-03 13:53:34 - [TEST_STEP][PASSED] - setEncryptedText(findTestObject("Login/input_Password di Login(Masuk)"), "qbkrdMwyWE4="): Text ****** has been set on object 'Object Repository/Login/input_Password di Login(Masuk)'

2023-10-03 13:53:34 - [MESSAGE][PASSED] - Text ****** has been set on object 'Object Repository/Login/input_Password di Login(Masuk)'

2023-10-03 13:53:34 - [TEST_STEP][PASSED] - click(findTestObject("Login/button_Masuk di halaman login")): Object: 'Object Repository/Login/button_Masuk di halaman login' is clicked on

2023-10-03 13:53:35 - [MESSAGE][PASSED] - Object: 'Object Repository/Login/button_Masuk di halaman login' is clicked on

2023-10-03 13:53:35 - [TEST_STEP][PASSED] - verifyElementPresent(findTestObject("edit sosial media/verifikasi masuk halaman biodata diri"), 0): Object 'Object Repository/edit sosial media/verifikasi masuk halaman biodata diri' is present

2023-10-03 13:53:36 - [MESSAGE][WARNING] - Timeout '0' is invalid. Using default page load timeout: '30'

2023-10-03 13:53:36 - [MESSAGE][PASSED] - Object 'Object Repository/edit sosial media/verifikasi masuk halaman biodata diri' is present

2023-10-03 13:53:36 - [MESSAGE][PASSED] - Call Test Case 'Test Cases/M05 -Edit Sosial Media/TC-LS-001' successfully

2023-10-03 13:53:36 - [TEST_STEP][PASSED] - verifyElementPresent(findTestObject("edit sosial media/verifikasi masuk halaman biodata diri"), 0): Object 'Object Repository/edit sosial media/verifikasi masuk halaman biodata diri' is present

2023-10-03 13:53:36 - [MESSAGE][WARNING] - Timeout '0' is invalid. Using default page load timeout: '30'

2023-10-03 13:53:36 - [MESSAGE][PASSED] - Object 'Object Repository/edit sosial media/verifikasi masuk halaman biodata diri' is present

2023-10-03 13:53:36 - [TEST_STEP][PASSED] - click(findTestObject("edit sosial media/a_Sosmed")): Object: 'Object Repository/edit sosial media/a_Sosmed' is clicked on

2023-10-03 13:53:37 - [MESSAGE][PASSED] - Object: 'Object Repository/edit sosial media/a_Sosmed' is clicked on

2023-10-03 13:53:37 - [TEST_STEP][PASSED] - click(findTestObject("edit sosial media/Edit Sosial Media")): Object: 'Object Repository/edit sosial media/Edit Sosial Media' is clicked on

2023-10-03 13:53:39 - [MESSAGE][PASSED] - Object: 'Object Repository/edit sosial media/Edit Sosial Media' is clicked on

2023-10-03 13:53:39 - [TEST_STEP][PASSED] - clearText(findTestObject("edit sosial media/input_Whatsapp_d")): Text of object 'Object Repository/edit sosial media/input_Whatsapp_d' is cleared

2023-10-03 13:53:39 - [MESSAGE][PASSED] - Text of object 'Object Repository/edit sosial media/input_Whatsapp_d' is cleared

2023-10-03 13:53:39 - [TEST_STEP][PASSED] - setText(findTestObject("edit sosial media/input_Whatsapp_d"), "+6281122"): Text '+6281122' is set on object 'Object Repository/edit sosial media/input_Whatsapp_d'

2023-10-03 13:53:40 - [MESSAGE][PASSED] - Text '+6281122' is set on object 'Object Repository/edit sosial media/input_Whatsapp_d'

2023-10-03 13:53:40 - [TEST_STEP][PASSED] - click(findTestObject("edit sosial media/center_Simpan Sosial Media")): Object: 'Object Repository/edit sosial media/center_Simpan Sosial Media' is clicked on

2023-10-03 13:53:41 - [MESSAGE][PASSED] - Object: 'Object Repository/edit sosial media/center_Simpan Sosial Media' is clicked on

2023-10-03 13:53:41 - [TEST_STEP][FAILED] - verifyTextPresent("please input an valid number", false): Unable to verify text 'please input an valid number' is present  (Root cause: com.kms.katalon.core.exception.StepFailedException: Unable to verify text 'please input an valid number' is present 
	at com.kms.katalon.core.webui.keyword.internal.WebUIKeywordMain.stepFailed(WebUIKeywordMain.groovy:64)
	at com.kms.katalon.core.webui.keyword.internal.WebUIKeywordMain.runKeyword(WebUIKeywordMain.groovy:26)
	at com.kms.katalon.core.webui.keyword.builtin.VerifyTextPresentKeyword.verifyTextPresent(VerifyTextPresentKeyword.groovy:83)
	at com.kms.katalon.core.webui.keyword.builtin.VerifyTextPresentKeyword.execute(VerifyTextPresentKeyword.groovy:68)
	at com.kms.katalon.core.keyword.internal.KeywordExecutor.executeKeywordForPlatform(KeywordExecutor.groovy:74)
	at com.kms.katalon.core.webui.keyword.WebUiBuiltInKeywords.verifyTextPresent(WebUiBuiltInKeywords.groovy:1723)
	at com.kms.katalon.core.webui.keyword.WebUiBuiltInKeywords$verifyTextPresent$9.call(Unknown Source)
	at TC-ESMF-009.run(TC-ESMF-009:34)
	at com.kms.katalon.core.main.ScriptEngine.run(ScriptEngine.java:194)
	at com.kms.katalon.core.main.ScriptEngine.runScriptAsRawText(ScriptEngine.java:119)
	at com.kms.katalon.core.main.TestCaseExecutor.runScript(TestCaseExecutor.java:448)
	at com.kms.katalon.core.main.TestCaseExecutor.doExecute(TestCaseExecutor.java:439)
	at com.kms.katalon.core.main.TestCaseExecutor.processExecutionPhase(TestCaseExecutor.java:418)
	at com.kms.katalon.core.main.TestCaseExecutor.accessMainPhase(TestCaseExecutor.java:410)
	at com.kms.katalon.core.main.TestCaseExecutor.execute(TestCaseExecutor.java:285)
	at com.kms.katalon.core.common.CommonExecutor.accessTestCaseMainPhase(CommonExecutor.java:65)
	at com.kms.katalon.core.main.TestSuiteExecutor.accessTestSuiteMainPhase(TestSuiteExecutor.java:148)
	at com.kms.katalon.core.main.TestSuiteExecutor.execute(TestSuiteExecutor.java:106)
	at com.kms.katalon.core.main.TestCaseMain.startTestSuite(TestCaseMain.java:187)
	at com.kms.katalon.core.main.TestCaseMain$startTestSuite$0.call(Unknown Source)
	at TempTestSuite1696315667156.run(TempTestSuite1696315667156.groovy:36)
Caused by: com.kms.katalon.core.exception.StepFailedException: Text 'please input an valid number' is not present on page 
	at com.kms.katalon.core.webui.keyword.internal.WebUIKeywordMain.stepFailed(WebUIKeywordMain.groovy:64)
	at com.kms.katalon.core.webui.keyword.builtin.VerifyTextPresentKeyword$_verifyTextPresent_closure1.doCall(VerifyTextPresentKeyword.groovy:79)
	at com.kms.katalon.core.webui.keyword.builtin.VerifyTextPresentKeyword$_verifyTextPresent_closure1.call(VerifyTextPresentKeyword.groovy)
	at com.kms.katalon.core.webui.keyword.internal.WebUIKeywordMain.runKeyword(WebUIKeywordMain.groovy:20)
	... 19 more
)

2023-10-03 13:53:42 - [MESSAGE][FAILED] - Text 'please input an valid number' is not present on page  (Root cause: com.kms.katalon.core.exception.StepFailedException: Text 'please input an valid number' is not present on page 
	at com.kms.katalon.core.webui.keyword.internal.WebUIKeywordMain.stepFailed(WebUIKeywordMain.groovy:64)
	at com.kms.katalon.core.webui.keyword.builtin.VerifyTextPresentKeyword$_verifyTextPresent_closure1.doCall(VerifyTextPresentKeyword.groovy:79)
	at com.kms.katalon.core.webui.keyword.builtin.VerifyTextPresentKeyword$_verifyTextPresent_closure1.call(VerifyTextPresentKeyword.groovy)
	at com.kms.katalon.core.webui.keyword.internal.WebUIKeywordMain.runKeyword(WebUIKeywordMain.groovy:20)
	at com.kms.katalon.core.webui.keyword.builtin.VerifyTextPresentKeyword.verifyTextPresent(VerifyTextPresentKeyword.groovy:83)
	at com.kms.katalon.core.webui.keyword.builtin.VerifyTextPresentKeyword.execute(VerifyTextPresentKeyword.groovy:68)
	at com.kms.katalon.core.keyword.internal.KeywordExecutor.executeKeywordForPlatform(KeywordExecutor.groovy:74)
	at com.kms.katalon.core.webui.keyword.WebUiBuiltInKeywords.verifyTextPresent(WebUiBuiltInKeywords.groovy:1723)
	at com.kms.katalon.core.webui.keyword.WebUiBuiltInKeywords$verifyTextPresent$9.call(Unknown Source)
	at TC-ESMF-009.run(TC-ESMF-009:34)
	at com.kms.katalon.core.main.ScriptEngine.run(ScriptEngine.java:194)
	at com.kms.katalon.core.main.ScriptEngine.runScriptAsRawText(ScriptEngine.java:119)
	at com.kms.katalon.core.main.TestCaseExecutor.runScript(TestCaseExecutor.java:448)
	at com.kms.katalon.core.main.TestCaseExecutor.doExecute(TestCaseExecutor.java:439)
	at com.kms.katalon.core.main.TestCaseExecutor.processExecutionPhase(TestCaseExecutor.java:418)
	at com.kms.katalon.core.main.TestCaseExecutor.accessMainPhase(TestCaseExecutor.java:410)
	at com.kms.katalon.core.main.TestCaseExecutor.execute(TestCaseExecutor.java:285)
	at com.kms.katalon.core.common.CommonExecutor.accessTestCaseMainPhase(CommonExecutor.java:65)
	at com.kms.katalon.core.main.TestSuiteExecutor.accessTestSuiteMainPhase(TestSuiteExecutor.java:148)
	at com.kms.katalon.core.main.TestSuiteExecutor.execute(TestSuiteExecutor.java:106)
	at com.kms.katalon.core.main.TestCaseMain.startTestSuite(TestCaseMain.java:187)
	at com.kms.katalon.core.main.TestCaseMain$startTestSuite$0.call(Unknown Source)
	at TempTestSuite1696315667156.run(TempTestSuite1696315667156.groovy:36)
)

2023-10-03 13:53:42 - [MESSAGE][FAILED] - Unable to verify text 'please input an valid number' is present  (Root cause: com.kms.katalon.core.exception.StepFailedException: Unable to verify text 'please input an valid number' is present 
	at com.kms.katalon.core.webui.keyword.internal.WebUIKeywordMain.stepFailed(WebUIKeywordMain.groovy:64)
	at com.kms.katalon.core.webui.keyword.internal.WebUIKeywordMain.runKeyword(WebUIKeywordMain.groovy:26)
	at com.kms.katalon.core.webui.keyword.builtin.VerifyTextPresentKeyword.verifyTextPresent(VerifyTextPresentKeyword.groovy:83)
	at com.kms.katalon.core.webui.keyword.builtin.VerifyTextPresentKeyword.execute(VerifyTextPresentKeyword.groovy:68)
	at com.kms.katalon.core.keyword.internal.KeywordExecutor.executeKeywordForPlatform(KeywordExecutor.groovy:74)
	at com.kms.katalon.core.webui.keyword.WebUiBuiltInKeywords.verifyTextPresent(WebUiBuiltInKeywords.groovy:1723)
	at com.kms.katalon.core.webui.keyword.WebUiBuiltInKeywords$verifyTextPresent$9.call(Unknown Source)
	at TC-ESMF-009.run(TC-ESMF-009:34)
	at com.kms.katalon.core.main.ScriptEngine.run(ScriptEngine.java:194)
	at com.kms.katalon.core.main.ScriptEngine.runScriptAsRawText(ScriptEngine.java:119)
	at com.kms.katalon.core.main.TestCaseExecutor.runScript(TestCaseExecutor.java:448)
	at com.kms.katalon.core.main.TestCaseExecutor.doExecute(TestCaseExecutor.java:439)
	at com.kms.katalon.core.main.TestCaseExecutor.processExecutionPhase(TestCaseExecutor.java:418)
	at com.kms.katalon.core.main.TestCaseExecutor.accessMainPhase(TestCaseExecutor.java:410)
	at com.kms.katalon.core.main.TestCaseExecutor.execute(TestCaseExecutor.java:285)
	at com.kms.katalon.core.common.CommonExecutor.accessTestCaseMainPhase(CommonExecutor.java:65)
	at com.kms.katalon.core.main.TestSuiteExecutor.accessTestSuiteMainPhase(TestSuiteExecutor.java:148)
	at com.kms.katalon.core.main.TestSuiteExecutor.execute(TestSuiteExecutor.java:106)
	at com.kms.katalon.core.main.TestCaseMain.startTestSuite(TestCaseMain.java:187)
	at com.kms.katalon.core.main.TestCaseMain$startTestSuite$0.call(Unknown Source)
	at TempTestSuite1696315667156.run(TempTestSuite1696315667156.groovy:36)
Caused by: com.kms.katalon.core.exception.StepFailedException: Text 'please input an valid number' is not present on page 
	at com.kms.katalon.core.webui.keyword.internal.WebUIKeywordMain.stepFailed(WebUIKeywordMain.groovy:64)
	at com.kms.katalon.core.webui.keyword.builtin.VerifyTextPresentKeyword$_verifyTextPresent_closure1.doCall(VerifyTextPresentKeyword.groovy:79)
	at com.kms.katalon.core.webui.keyword.builtin.VerifyTextPresentKeyword$_verifyTextPresent_closure1.call(VerifyTextPresentKeyword.groovy)
	at com.kms.katalon.core.webui.keyword.internal.WebUIKeywordMain.runKeyword(WebUIKeywordMain.groovy:20)
	... 19 more
)
[[ATTACHMENT|F:\\bootcamp\\Miniproject\\Tajalapak\\Reports\\20231003_134746\\M05 - Edit Sosial Media\\20231003_134747\\1696316022697.png]]]]></system-out>
         <system-err><![CDATA[2023-10-03 13:53:23 - [TEST_CASE][FAILED] - Test Cases/M05 -Edit Sosial Media/TC-ESMF-009: Test Cases/M05 -Edit Sosial Media/TC-ESMF-009 FAILED.
Reason:
com.kms.katalon.core.exception.StepFailedException: Unable to verify text 'please input an valid number' is present 
	at com.kms.katalon.core.webui.keyword.internal.WebUIKeywordMain.stepFailed(WebUIKeywordMain.groovy:64)
	at com.kms.katalon.core.webui.keyword.internal.WebUIKeywordMain.runKeyword(WebUIKeywordMain.groovy:26)
	at com.kms.katalon.core.webui.keyword.builtin.VerifyTextPresentKeyword.verifyTextPresent(VerifyTextPresentKeyword.groovy:83)
	at com.kms.katalon.core.webui.keyword.builtin.VerifyTextPresentKeyword.execute(VerifyTextPresentKeyword.groovy:68)
	at com.kms.katalon.core.keyword.internal.KeywordExecutor.executeKeywordForPlatform(KeywordExecutor.groovy:74)
	at com.kms.katalon.core.webui.keyword.WebUiBuiltInKeywords.verifyTextPresent(WebUiBuiltInKeywords.groovy:1723)
	at com.kms.katalon.core.webui.keyword.WebUiBuiltInKeywords$verifyTextPresent$9.call(Unknown Source)
	at TC-ESMF-009.run(TC-ESMF-009:34)
	at com.kms.katalon.core.main.ScriptEngine.run(ScriptEngine.java:194)
	at com.kms.katalon.core.main.ScriptEngine.runScriptAsRawText(ScriptEngine.java:119)
	at com.kms.katalon.core.main.TestCaseExecutor.runScript(TestCaseExecutor.java:448)
	at com.kms.katalon.core.main.TestCaseExecutor.doExecute(TestCaseExecutor.java:439)
	at com.kms.katalon.core.main.TestCaseExecutor.processExecutionPhase(TestCaseExecutor.java:418)
	at com.kms.katalon.core.main.TestCaseExecutor.accessMainPhase(TestCaseExecutor.java:410)
	at com.kms.katalon.core.main.TestCaseExecutor.execute(TestCaseExecutor.java:285)
	at com.kms.katalon.core.common.CommonExecutor.accessTestCaseMainPhase(CommonExecutor.java:65)
	at com.kms.katalon.core.main.TestSuiteExecutor.accessTestSuiteMainPhase(TestSuiteExecutor.java:148)
	at com.kms.katalon.core.main.TestSuiteExecutor.execute(TestSuiteExecutor.java:106)
	at com.kms.katalon.core.main.TestCaseMain.startTestSuite(TestCaseMain.java:187)
	at com.kms.katalon.core.main.TestCaseMain$startTestSuite$0.call(Unknown Source)
	at TempTestSuite1696315667156.run(TempTestSuite1696315667156.groovy:36)
Caused by: com.kms.katalon.core.exception.StepFailedException: Text 'please input an valid number' is not present on page 
	at com.kms.katalon.core.webui.keyword.internal.WebUIKeywordMain.stepFailed(WebUIKeywordMain.groovy:64)
	at com.kms.katalon.core.webui.keyword.builtin.VerifyTextPresentKeyword$_verifyTextPresent_closure1.doCall(VerifyTextPresentKeyword.groovy:79)
	at com.kms.katalon.core.webui.keyword.builtin.VerifyTextPresentKeyword$_verifyTextPresent_closure1.call(VerifyTextPresentKeyword.groovy)
	at com.kms.katalon.core.webui.keyword.internal.WebUIKeywordMain.runKeyword(WebUIKeywordMain.groovy:20)
	... 19 more]]></system-err>
      </testcase>
      <testcase name="Test Cases/M05 -Edit Sosial Media/TC-ESMF-010" time="17.861" classname="Test Cases/M05 -Edit Sosial Media/TC-ESMF-010" status="FAILED">
         <failure type="FAILED" message="Test Cases/M05 -Edit Sosial Media/TC-ESMF-010 FAILED.
Reason:
com.kms.katalon.core.exception.StepFailedException: Unable to verify text 'plese input an valid username' is present 
	at com.kms.katalon.core.webui.keyword.internal.WebUIKeywordMain.stepFailed(WebUIKeywordMain.groovy:64)
	at com.kms.katalon.core.webui.keyword.internal.WebUIKeywordMain.runKeyword(WebUIKeywordMain.groovy:26)
	at com.kms.katalon.core.webui.keyword.builtin.VerifyTextPresentKeyword.verifyTextPresent(VerifyTextPresentKeyword.groovy:83)
	at com.kms.katalon.core.webui.keyword.builtin.VerifyTextPresentKeyword.execute(VerifyTextPresentKeyword.groovy:68)
	at com.kms.katalon.core.keyword.internal.KeywordExecutor.executeKeywordForPlatform(KeywordExecutor.groovy:74)
	at com.kms.katalon.core.webui.keyword.WebUiBuiltInKeywords.verifyTextPresent(WebUiBuiltInKeywords.groovy:1723)
	at com.kms.katalon.core.webui.keyword.WebUiBuiltInKeywords$verifyTextPresent$9.call(Unknown Source)
	at TC-ESMF-010.run(TC-ESMF-010:32)
	at com.kms.katalon.core.main.ScriptEngine.run(ScriptEngine.java:194)
	at com.kms.katalon.core.main.ScriptEngine.runScriptAsRawText(ScriptEngine.java:119)
	at com.kms.katalon.core.main.TestCaseExecutor.runScript(TestCaseExecutor.java:448)
	at com.kms.katalon.core.main.TestCaseExecutor.doExecute(TestCaseExecutor.java:439)
	at com.kms.katalon.core.main.TestCaseExecutor.processExecutionPhase(TestCaseExecutor.java:418)
	at com.kms.katalon.core.main.TestCaseExecutor.accessMainPhase(TestCaseExecutor.java:410)
	at com.kms.katalon.core.main.TestCaseExecutor.execute(TestCaseExecutor.java:285)
	at com.kms.katalon.core.common.CommonExecutor.accessTestCaseMainPhase(CommonExecutor.java:65)
	at com.kms.katalon.core.main.TestSuiteExecutor.accessTestSuiteMainPhase(TestSuiteExecutor.java:148)
	at com.kms.katalon.core.main.TestSuiteExecutor.execute(TestSuiteExecutor.java:106)
	at com.kms.katalon.core.main.TestCaseMain.startTestSuite(TestCaseMain.java:187)
	at com.kms.katalon.core.main.TestCaseMain$startTestSuite$0.call(Unknown Source)
	at TempTestSuite1696315667156.run(TempTestSuite1696315667156.groovy:36)
Caused by: com.kms.katalon.core.exception.StepFailedException: Text 'plese input an valid username' is not present on page 
	at com.kms.katalon.core.webui.keyword.internal.WebUIKeywordMain.stepFailed(WebUIKeywordMain.groovy:64)
	at com.kms.katalon.core.webui.keyword.builtin.VerifyTextPresentKeyword$_verifyTextPresent_closure1.doCall(VerifyTextPresentKeyword.groovy:79)
	at com.kms.katalon.core.webui.keyword.builtin.VerifyTextPresentKeyword$_verifyTextPresent_closure1.call(VerifyTextPresentKeyword.groovy)
	at com.kms.katalon.core.webui.keyword.internal.WebUIKeywordMain.runKeyword(WebUIKeywordMain.groovy:20)
	... 19 more
"/>
         <system-out><![CDATA[2023-10-03 13:53:42 - [TEST_CASE][FAILED] - Test Cases/M05 -Edit Sosial Media/TC-ESMF-010: Test Cases/M05 -Edit Sosial Media/TC-ESMF-010 FAILED.
Reason:
com.kms.katalon.core.exception.StepFailedException: Unable to verify text 'plese input an valid username' is present 
	at com.kms.katalon.core.webui.keyword.internal.WebUIKeywordMain.stepFailed(WebUIKeywordMain.groovy:64)
	at com.kms.katalon.core.webui.keyword.internal.WebUIKeywordMain.runKeyword(WebUIKeywordMain.groovy:26)
	at com.kms.katalon.core.webui.keyword.builtin.VerifyTextPresentKeyword.verifyTextPresent(VerifyTextPresentKeyword.groovy:83)
	at com.kms.katalon.core.webui.keyword.builtin.VerifyTextPresentKeyword.execute(VerifyTextPresentKeyword.groovy:68)
	at com.kms.katalon.core.keyword.internal.KeywordExecutor.executeKeywordForPlatform(KeywordExecutor.groovy:74)
	at com.kms.katalon.core.webui.keyword.WebUiBuiltInKeywords.verifyTextPresent(WebUiBuiltInKeywords.groovy:1723)
	at com.kms.katalon.core.webui.keyword.WebUiBuiltInKeywords$verifyTextPresent$9.call(Unknown Source)
	at TC-ESMF-010.run(TC-ESMF-010:32)
	at com.kms.katalon.core.main.ScriptEngine.run(ScriptEngine.java:194)
	at com.kms.katalon.core.main.ScriptEngine.runScriptAsRawText(ScriptEngine.java:119)
	at com.kms.katalon.core.main.TestCaseExecutor.runScript(TestCaseExecutor.java:448)
	at com.kms.katalon.core.main.TestCaseExecutor.doExecute(TestCaseExecutor.java:439)
	at com.kms.katalon.core.main.TestCaseExecutor.processExecutionPhase(TestCaseExecutor.java:418)
	at com.kms.katalon.core.main.TestCaseExecutor.accessMainPhase(TestCaseExecutor.java:410)
	at com.kms.katalon.core.main.TestCaseExecutor.execute(TestCaseExecutor.java:285)
	at com.kms.katalon.core.common.CommonExecutor.accessTestCaseMainPhase(CommonExecutor.java:65)
	at com.kms.katalon.core.main.TestSuiteExecutor.accessTestSuiteMainPhase(TestSuiteExecutor.java:148)
	at com.kms.katalon.core.main.TestSuiteExecutor.execute(TestSuiteExecutor.java:106)
	at com.kms.katalon.core.main.TestCaseMain.startTestSuite(TestCaseMain.java:187)
	at com.kms.katalon.core.main.TestCaseMain$startTestSuite$0.call(Unknown Source)
	at TempTestSuite1696315667156.run(TempTestSuite1696315667156.groovy:36)
Caused by: com.kms.katalon.core.exception.StepFailedException: Text 'plese input an valid username' is not present on page 
	at com.kms.katalon.core.webui.keyword.internal.WebUIKeywordMain.stepFailed(WebUIKeywordMain.groovy:64)
	at com.kms.katalon.core.webui.keyword.builtin.VerifyTextPresentKeyword$_verifyTextPresent_closure1.doCall(VerifyTextPresentKeyword.groovy:79)
	at com.kms.katalon.core.webui.keyword.builtin.VerifyTextPresentKeyword$_verifyTextPresent_closure1.call(VerifyTextPresentKeyword.groovy)
	at com.kms.katalon.core.webui.keyword.internal.WebUIKeywordMain.runKeyword(WebUIKeywordMain.groovy:20)
	... 19 more


2023-10-03 13:53:43 - [TEST_STEP][PASSED] - callTestCase(findTestCase("M05 -Edit Sosial Media/TC-LS-001"), [:], STOP_ON_FAILURE): Call Test Case 'Test Cases/M05 -Edit Sosial Media/TC-LS-001' successfully

2023-10-03 13:53:43 - [TEST_CASE][PASSED] - Test Cases/M05 -Edit Sosial Media/TC-LS-001: Test Cases/M05 -Edit Sosial Media/TC-LS-001

2023-10-03 13:53:43 - [TEST_STEP][PASSED] - openBrowser(urlWeb): Browser is opened with url: 'https://10.9.2.63/ecommerce/'

2023-10-03 13:53:43 - [MESSAGE][WARNING] - A browser is already opened. Closing browser and opening a new one

2023-10-03 13:53:44 - [MESSAGE][INFO] - Starting 'Edge Chromium' driver

2023-10-03 13:53:44 - [MESSAGE][INFO] - User set preference: ['acceptInsecureCerts', 'true']

2023-10-03 13:53:46 - [MESSAGE][INFO] - Action delay is set to 0 milliseconds

2023-10-03 13:53:49 - [MESSAGE][PASSED] - Browser is opened with url: 'https://10.9.2.63/ecommerce/'

2023-10-03 13:53:49 - [TEST_STEP][PASSED] - maximizeWindow(): Current window maximized

2023-10-03 13:53:49 - [MESSAGE][PASSED] - Current window maximized

2023-10-03 13:53:49 - [TEST_STEP][PASSED] - click(findTestObject("Login/a_Login")): Object: 'Object Repository/Login/a_Login' is clicked on

2023-10-03 13:53:50 - [MESSAGE][PASSED] - Object: 'Object Repository/Login/a_Login' is clicked on

2023-10-03 13:53:50 - [TEST_STEP][PASSED] - setText(findTestObject("Login/input_Username, Email atau No. Handphone_a"), "runa36"): Text 'runa36' is set on object 'Object Repository/Login/input_Username, Email atau No. Handphone_a'

2023-10-03 13:53:51 - [MESSAGE][PASSED] - Text 'runa36' is set on object 'Object Repository/Login/input_Username, Email atau No. Handphone_a'

2023-10-03 13:53:51 - [TEST_STEP][PASSED] - setEncryptedText(findTestObject("Login/input_Password di Login(Masuk)"), "qbkrdMwyWE4="): Text ****** has been set on object 'Object Repository/Login/input_Password di Login(Masuk)'

2023-10-03 13:53:52 - [MESSAGE][PASSED] - Text ****** has been set on object 'Object Repository/Login/input_Password di Login(Masuk)'

2023-10-03 13:53:52 - [TEST_STEP][PASSED] - click(findTestObject("Login/button_Masuk di halaman login")): Object: 'Object Repository/Login/button_Masuk di halaman login' is clicked on

2023-10-03 13:53:54 - [MESSAGE][PASSED] - Object: 'Object Repository/Login/button_Masuk di halaman login' is clicked on

2023-10-03 13:53:54 - [TEST_STEP][PASSED] - verifyElementPresent(findTestObject("edit sosial media/verifikasi masuk halaman biodata diri"), 0): Object 'Object Repository/edit sosial media/verifikasi masuk halaman biodata diri' is present

2023-10-03 13:53:54 - [MESSAGE][WARNING] - Timeout '0' is invalid. Using default page load timeout: '30'

2023-10-03 13:53:54 - [MESSAGE][PASSED] - Object 'Object Repository/edit sosial media/verifikasi masuk halaman biodata diri' is present

2023-10-03 13:53:54 - [MESSAGE][PASSED] - Call Test Case 'Test Cases/M05 -Edit Sosial Media/TC-LS-001' successfully

2023-10-03 13:53:54 - [TEST_STEP][PASSED] - click(findTestObject("edit sosial media/a_Sosmed")): Object: 'Object Repository/edit sosial media/a_Sosmed' is clicked on

2023-10-03 13:53:55 - [MESSAGE][PASSED] - Object: 'Object Repository/edit sosial media/a_Sosmed' is clicked on

2023-10-03 13:53:55 - [TEST_STEP][PASSED] - click(findTestObject("edit sosial media/Edit Sosial Media")): Object: 'Object Repository/edit sosial media/Edit Sosial Media' is clicked on

2023-10-03 13:53:57 - [MESSAGE][PASSED] - Object: 'Object Repository/edit sosial media/Edit Sosial Media' is clicked on

2023-10-03 13:53:57 - [TEST_STEP][PASSED] - clearText(findTestObject("edit sosial media/input_LinkedIn_g")): Text of object 'Object Repository/edit sosial media/input_LinkedIn_g' is cleared

2023-10-03 13:53:57 - [MESSAGE][PASSED] - Text of object 'Object Repository/edit sosial media/input_LinkedIn_g' is cleared

2023-10-03 13:53:57 - [TEST_STEP][PASSED] - setText(findTestObject("edit sosial media/input_LinkedIn_g"), linkedin): Text '081112222' is set on object 'Object Repository/edit sosial media/input_LinkedIn_g'

2023-10-03 13:53:58 - [MESSAGE][PASSED] - Text '081112222' is set on object 'Object Repository/edit sosial media/input_LinkedIn_g'

2023-10-03 13:53:58 - [TEST_STEP][PASSED] - click(findTestObject("edit sosial media/center_Simpan Sosial Media")): Object: 'Object Repository/edit sosial media/center_Simpan Sosial Media' is clicked on

2023-10-03 13:53:59 - [MESSAGE][PASSED] - Object: 'Object Repository/edit sosial media/center_Simpan Sosial Media' is clicked on

2023-10-03 13:53:59 - [TEST_STEP][FAILED] - verifyTextPresent("plese input an valid username", false): Unable to verify text 'plese input an valid username' is present  (Root cause: com.kms.katalon.core.exception.StepFailedException: Unable to verify text 'plese input an valid username' is present 
	at com.kms.katalon.core.webui.keyword.internal.WebUIKeywordMain.stepFailed(WebUIKeywordMain.groovy:64)
	at com.kms.katalon.core.webui.keyword.internal.WebUIKeywordMain.runKeyword(WebUIKeywordMain.groovy:26)
	at com.kms.katalon.core.webui.keyword.builtin.VerifyTextPresentKeyword.verifyTextPresent(VerifyTextPresentKeyword.groovy:83)
	at com.kms.katalon.core.webui.keyword.builtin.VerifyTextPresentKeyword.execute(VerifyTextPresentKeyword.groovy:68)
	at com.kms.katalon.core.keyword.internal.KeywordExecutor.executeKeywordForPlatform(KeywordExecutor.groovy:74)
	at com.kms.katalon.core.webui.keyword.WebUiBuiltInKeywords.verifyTextPresent(WebUiBuiltInKeywords.groovy:1723)
	at com.kms.katalon.core.webui.keyword.WebUiBuiltInKeywords$verifyTextPresent$9.call(Unknown Source)
	at TC-ESMF-010.run(TC-ESMF-010:32)
	at com.kms.katalon.core.main.ScriptEngine.run(ScriptEngine.java:194)
	at com.kms.katalon.core.main.ScriptEngine.runScriptAsRawText(ScriptEngine.java:119)
	at com.kms.katalon.core.main.TestCaseExecutor.runScript(TestCaseExecutor.java:448)
	at com.kms.katalon.core.main.TestCaseExecutor.doExecute(TestCaseExecutor.java:439)
	at com.kms.katalon.core.main.TestCaseExecutor.processExecutionPhase(TestCaseExecutor.java:418)
	at com.kms.katalon.core.main.TestCaseExecutor.accessMainPhase(TestCaseExecutor.java:410)
	at com.kms.katalon.core.main.TestCaseExecutor.execute(TestCaseExecutor.java:285)
	at com.kms.katalon.core.common.CommonExecutor.accessTestCaseMainPhase(CommonExecutor.java:65)
	at com.kms.katalon.core.main.TestSuiteExecutor.accessTestSuiteMainPhase(TestSuiteExecutor.java:148)
	at com.kms.katalon.core.main.TestSuiteExecutor.execute(TestSuiteExecutor.java:106)
	at com.kms.katalon.core.main.TestCaseMain.startTestSuite(TestCaseMain.java:187)
	at com.kms.katalon.core.main.TestCaseMain$startTestSuite$0.call(Unknown Source)
	at TempTestSuite1696315667156.run(TempTestSuite1696315667156.groovy:36)
Caused by: com.kms.katalon.core.exception.StepFailedException: Text 'plese input an valid username' is not present on page 
	at com.kms.katalon.core.webui.keyword.internal.WebUIKeywordMain.stepFailed(WebUIKeywordMain.groovy:64)
	at com.kms.katalon.core.webui.keyword.builtin.VerifyTextPresentKeyword$_verifyTextPresent_closure1.doCall(VerifyTextPresentKeyword.groovy:79)
	at com.kms.katalon.core.webui.keyword.builtin.VerifyTextPresentKeyword$_verifyTextPresent_closure1.call(VerifyTextPresentKeyword.groovy)
	at com.kms.katalon.core.webui.keyword.internal.WebUIKeywordMain.runKeyword(WebUIKeywordMain.groovy:20)
	... 19 more
)

2023-10-03 13:54:00 - [MESSAGE][FAILED] - Text 'plese input an valid username' is not present on page  (Root cause: com.kms.katalon.core.exception.StepFailedException: Text 'plese input an valid username' is not present on page 
	at com.kms.katalon.core.webui.keyword.internal.WebUIKeywordMain.stepFailed(WebUIKeywordMain.groovy:64)
	at com.kms.katalon.core.webui.keyword.builtin.VerifyTextPresentKeyword$_verifyTextPresent_closure1.doCall(VerifyTextPresentKeyword.groovy:79)
	at com.kms.katalon.core.webui.keyword.builtin.VerifyTextPresentKeyword$_verifyTextPresent_closure1.call(VerifyTextPresentKeyword.groovy)
	at com.kms.katalon.core.webui.keyword.internal.WebUIKeywordMain.runKeyword(WebUIKeywordMain.groovy:20)
	at com.kms.katalon.core.webui.keyword.builtin.VerifyTextPresentKeyword.verifyTextPresent(VerifyTextPresentKeyword.groovy:83)
	at com.kms.katalon.core.webui.keyword.builtin.VerifyTextPresentKeyword.execute(VerifyTextPresentKeyword.groovy:68)
	at com.kms.katalon.core.keyword.internal.KeywordExecutor.executeKeywordForPlatform(KeywordExecutor.groovy:74)
	at com.kms.katalon.core.webui.keyword.WebUiBuiltInKeywords.verifyTextPresent(WebUiBuiltInKeywords.groovy:1723)
	at com.kms.katalon.core.webui.keyword.WebUiBuiltInKeywords$verifyTextPresent$9.call(Unknown Source)
	at TC-ESMF-010.run(TC-ESMF-010:32)
	at com.kms.katalon.core.main.ScriptEngine.run(ScriptEngine.java:194)
	at com.kms.katalon.core.main.ScriptEngine.runScriptAsRawText(ScriptEngine.java:119)
	at com.kms.katalon.core.main.TestCaseExecutor.runScript(TestCaseExecutor.java:448)
	at com.kms.katalon.core.main.TestCaseExecutor.doExecute(TestCaseExecutor.java:439)
	at com.kms.katalon.core.main.TestCaseExecutor.processExecutionPhase(TestCaseExecutor.java:418)
	at com.kms.katalon.core.main.TestCaseExecutor.accessMainPhase(TestCaseExecutor.java:410)
	at com.kms.katalon.core.main.TestCaseExecutor.execute(TestCaseExecutor.java:285)
	at com.kms.katalon.core.common.CommonExecutor.accessTestCaseMainPhase(CommonExecutor.java:65)
	at com.kms.katalon.core.main.TestSuiteExecutor.accessTestSuiteMainPhase(TestSuiteExecutor.java:148)
	at com.kms.katalon.core.main.TestSuiteExecutor.execute(TestSuiteExecutor.java:106)
	at com.kms.katalon.core.main.TestCaseMain.startTestSuite(TestCaseMain.java:187)
	at com.kms.katalon.core.main.TestCaseMain$startTestSuite$0.call(Unknown Source)
	at TempTestSuite1696315667156.run(TempTestSuite1696315667156.groovy:36)
)

2023-10-03 13:54:00 - [MESSAGE][FAILED] - Unable to verify text 'plese input an valid username' is present  (Root cause: com.kms.katalon.core.exception.StepFailedException: Unable to verify text 'plese input an valid username' is present 
	at com.kms.katalon.core.webui.keyword.internal.WebUIKeywordMain.stepFailed(WebUIKeywordMain.groovy:64)
	at com.kms.katalon.core.webui.keyword.internal.WebUIKeywordMain.runKeyword(WebUIKeywordMain.groovy:26)
	at com.kms.katalon.core.webui.keyword.builtin.VerifyTextPresentKeyword.verifyTextPresent(VerifyTextPresentKeyword.groovy:83)
	at com.kms.katalon.core.webui.keyword.builtin.VerifyTextPresentKeyword.execute(VerifyTextPresentKeyword.groovy:68)
	at com.kms.katalon.core.keyword.internal.KeywordExecutor.executeKeywordForPlatform(KeywordExecutor.groovy:74)
	at com.kms.katalon.core.webui.keyword.WebUiBuiltInKeywords.verifyTextPresent(WebUiBuiltInKeywords.groovy:1723)
	at com.kms.katalon.core.webui.keyword.WebUiBuiltInKeywords$verifyTextPresent$9.call(Unknown Source)
	at TC-ESMF-010.run(TC-ESMF-010:32)
	at com.kms.katalon.core.main.ScriptEngine.run(ScriptEngine.java:194)
	at com.kms.katalon.core.main.ScriptEngine.runScriptAsRawText(ScriptEngine.java:119)
	at com.kms.katalon.core.main.TestCaseExecutor.runScript(TestCaseExecutor.java:448)
	at com.kms.katalon.core.main.TestCaseExecutor.doExecute(TestCaseExecutor.java:439)
	at com.kms.katalon.core.main.TestCaseExecutor.processExecutionPhase(TestCaseExecutor.java:418)
	at com.kms.katalon.core.main.TestCaseExecutor.accessMainPhase(TestCaseExecutor.java:410)
	at com.kms.katalon.core.main.TestCaseExecutor.execute(TestCaseExecutor.java:285)
	at com.kms.katalon.core.common.CommonExecutor.accessTestCaseMainPhase(CommonExecutor.java:65)
	at com.kms.katalon.core.main.TestSuiteExecutor.accessTestSuiteMainPhase(TestSuiteExecutor.java:148)
	at com.kms.katalon.core.main.TestSuiteExecutor.execute(TestSuiteExecutor.java:106)
	at com.kms.katalon.core.main.TestCaseMain.startTestSuite(TestCaseMain.java:187)
	at com.kms.katalon.core.main.TestCaseMain$startTestSuite$0.call(Unknown Source)
	at TempTestSuite1696315667156.run(TempTestSuite1696315667156.groovy:36)
Caused by: com.kms.katalon.core.exception.StepFailedException: Text 'plese input an valid username' is not present on page 
	at com.kms.katalon.core.webui.keyword.internal.WebUIKeywordMain.stepFailed(WebUIKeywordMain.groovy:64)
	at com.kms.katalon.core.webui.keyword.builtin.VerifyTextPresentKeyword$_verifyTextPresent_closure1.doCall(VerifyTextPresentKeyword.groovy:79)
	at com.kms.katalon.core.webui.keyword.builtin.VerifyTextPresentKeyword$_verifyTextPresent_closure1.call(VerifyTextPresentKeyword.groovy)
	at com.kms.katalon.core.webui.keyword.internal.WebUIKeywordMain.runKeyword(WebUIKeywordMain.groovy:20)
	... 19 more
)
[[ATTACHMENT|F:\\bootcamp\\Miniproject\\Tajalapak\\Reports\\20231003_134746\\M05 - Edit Sosial Media\\20231003_134747\\1696316040675.png]]]]></system-out>
         <system-err><![CDATA[2023-10-03 13:53:42 - [TEST_CASE][FAILED] - Test Cases/M05 -Edit Sosial Media/TC-ESMF-010: Test Cases/M05 -Edit Sosial Media/TC-ESMF-010 FAILED.
Reason:
com.kms.katalon.core.exception.StepFailedException: Unable to verify text 'plese input an valid username' is present 
	at com.kms.katalon.core.webui.keyword.internal.WebUIKeywordMain.stepFailed(WebUIKeywordMain.groovy:64)
	at com.kms.katalon.core.webui.keyword.internal.WebUIKeywordMain.runKeyword(WebUIKeywordMain.groovy:26)
	at com.kms.katalon.core.webui.keyword.builtin.VerifyTextPresentKeyword.verifyTextPresent(VerifyTextPresentKeyword.groovy:83)
	at com.kms.katalon.core.webui.keyword.builtin.VerifyTextPresentKeyword.execute(VerifyTextPresentKeyword.groovy:68)
	at com.kms.katalon.core.keyword.internal.KeywordExecutor.executeKeywordForPlatform(KeywordExecutor.groovy:74)
	at com.kms.katalon.core.webui.keyword.WebUiBuiltInKeywords.verifyTextPresent(WebUiBuiltInKeywords.groovy:1723)
	at com.kms.katalon.core.webui.keyword.WebUiBuiltInKeywords$verifyTextPresent$9.call(Unknown Source)
	at TC-ESMF-010.run(TC-ESMF-010:32)
	at com.kms.katalon.core.main.ScriptEngine.run(ScriptEngine.java:194)
	at com.kms.katalon.core.main.ScriptEngine.runScriptAsRawText(ScriptEngine.java:119)
	at com.kms.katalon.core.main.TestCaseExecutor.runScript(TestCaseExecutor.java:448)
	at com.kms.katalon.core.main.TestCaseExecutor.doExecute(TestCaseExecutor.java:439)
	at com.kms.katalon.core.main.TestCaseExecutor.processExecutionPhase(TestCaseExecutor.java:418)
	at com.kms.katalon.core.main.TestCaseExecutor.accessMainPhase(TestCaseExecutor.java:410)
	at com.kms.katalon.core.main.TestCaseExecutor.execute(TestCaseExecutor.java:285)
	at com.kms.katalon.core.common.CommonExecutor.accessTestCaseMainPhase(CommonExecutor.java:65)
	at com.kms.katalon.core.main.TestSuiteExecutor.accessTestSuiteMainPhase(TestSuiteExecutor.java:148)
	at com.kms.katalon.core.main.TestSuiteExecutor.execute(TestSuiteExecutor.java:106)
	at com.kms.katalon.core.main.TestCaseMain.startTestSuite(TestCaseMain.java:187)
	at com.kms.katalon.core.main.TestCaseMain$startTestSuite$0.call(Unknown Source)
	at TempTestSuite1696315667156.run(TempTestSuite1696315667156.groovy:36)
Caused by: com.kms.katalon.core.exception.StepFailedException: Text 'plese input an valid username' is not present on page 
	at com.kms.katalon.core.webui.keyword.internal.WebUIKeywordMain.stepFailed(WebUIKeywordMain.groovy:64)
	at com.kms.katalon.core.webui.keyword.builtin.VerifyTextPresentKeyword$_verifyTextPresent_closure1.doCall(VerifyTextPresentKeyword.groovy:79)
	at com.kms.katalon.core.webui.keyword.builtin.VerifyTextPresentKeyword$_verifyTextPresent_closure1.call(VerifyTextPresentKeyword.groovy)
	at com.kms.katalon.core.webui.keyword.internal.WebUIKeywordMain.runKeyword(WebUIKeywordMain.groovy:20)
	... 19 more]]></system-err>
      </testcase>
      <testcase name="Test Cases/M05 -Edit Sosial Media/TC-ESMF-011" time="18.229" classname="Test Cases/M05 -Edit Sosial Media/TC-ESMF-011" status="FAILED">
         <failure type="FAILED" message="Test Cases/M05 -Edit Sosial Media/TC-ESMF-011 FAILED.
Reason:
com.kms.katalon.core.exception.StepFailedException: Unable to verify text 'plese input an valid username' is present 
	at com.kms.katalon.core.webui.keyword.internal.WebUIKeywordMain.stepFailed(WebUIKeywordMain.groovy:64)
	at com.kms.katalon.core.webui.keyword.internal.WebUIKeywordMain.runKeyword(WebUIKeywordMain.groovy:26)
	at com.kms.katalon.core.webui.keyword.builtin.VerifyTextPresentKeyword.verifyTextPresent(VerifyTextPresentKeyword.groovy:83)
	at com.kms.katalon.core.webui.keyword.builtin.VerifyTextPresentKeyword.execute(VerifyTextPresentKeyword.groovy:68)
	at com.kms.katalon.core.keyword.internal.KeywordExecutor.executeKeywordForPlatform(KeywordExecutor.groovy:74)
	at com.kms.katalon.core.webui.keyword.WebUiBuiltInKeywords.verifyTextPresent(WebUiBuiltInKeywords.groovy:1723)
	at com.kms.katalon.core.webui.keyword.WebUiBuiltInKeywords$verifyTextPresent$9.call(Unknown Source)
	at TC-ESMF-011.run(TC-ESMF-011:32)
	at com.kms.katalon.core.main.ScriptEngine.run(ScriptEngine.java:194)
	at com.kms.katalon.core.main.ScriptEngine.runScriptAsRawText(ScriptEngine.java:119)
	at com.kms.katalon.core.main.TestCaseExecutor.runScript(TestCaseExecutor.java:448)
	at com.kms.katalon.core.main.TestCaseExecutor.doExecute(TestCaseExecutor.java:439)
	at com.kms.katalon.core.main.TestCaseExecutor.processExecutionPhase(TestCaseExecutor.java:418)
	at com.kms.katalon.core.main.TestCaseExecutor.accessMainPhase(TestCaseExecutor.java:410)
	at com.kms.katalon.core.main.TestCaseExecutor.execute(TestCaseExecutor.java:285)
	at com.kms.katalon.core.common.CommonExecutor.accessTestCaseMainPhase(CommonExecutor.java:65)
	at com.kms.katalon.core.main.TestSuiteExecutor.accessTestSuiteMainPhase(TestSuiteExecutor.java:148)
	at com.kms.katalon.core.main.TestSuiteExecutor.execute(TestSuiteExecutor.java:106)
	at com.kms.katalon.core.main.TestCaseMain.startTestSuite(TestCaseMain.java:187)
	at com.kms.katalon.core.main.TestCaseMain$startTestSuite$0.call(Unknown Source)
	at TempTestSuite1696315667156.run(TempTestSuite1696315667156.groovy:36)
Caused by: com.kms.katalon.core.exception.StepFailedException: Text 'plese input an valid username' is not present on page 
	at com.kms.katalon.core.webui.keyword.internal.WebUIKeywordMain.stepFailed(WebUIKeywordMain.groovy:64)
	at com.kms.katalon.core.webui.keyword.builtin.VerifyTextPresentKeyword$_verifyTextPresent_closure1.doCall(VerifyTextPresentKeyword.groovy:79)
	at com.kms.katalon.core.webui.keyword.builtin.VerifyTextPresentKeyword$_verifyTextPresent_closure1.call(VerifyTextPresentKeyword.groovy)
	at com.kms.katalon.core.webui.keyword.internal.WebUIKeywordMain.runKeyword(WebUIKeywordMain.groovy:20)
	... 19 more
"/>
         <system-out><![CDATA[2023-10-03 13:54:00 - [TEST_CASE][FAILED] - Test Cases/M05 -Edit Sosial Media/TC-ESMF-011: Test Cases/M05 -Edit Sosial Media/TC-ESMF-011 FAILED.
Reason:
com.kms.katalon.core.exception.StepFailedException: Unable to verify text 'plese input an valid username' is present 
	at com.kms.katalon.core.webui.keyword.internal.WebUIKeywordMain.stepFailed(WebUIKeywordMain.groovy:64)
	at com.kms.katalon.core.webui.keyword.internal.WebUIKeywordMain.runKeyword(WebUIKeywordMain.groovy:26)
	at com.kms.katalon.core.webui.keyword.builtin.VerifyTextPresentKeyword.verifyTextPresent(VerifyTextPresentKeyword.groovy:83)
	at com.kms.katalon.core.webui.keyword.builtin.VerifyTextPresentKeyword.execute(VerifyTextPresentKeyword.groovy:68)
	at com.kms.katalon.core.keyword.internal.KeywordExecutor.executeKeywordForPlatform(KeywordExecutor.groovy:74)
	at com.kms.katalon.core.webui.keyword.WebUiBuiltInKeywords.verifyTextPresent(WebUiBuiltInKeywords.groovy:1723)
	at com.kms.katalon.core.webui.keyword.WebUiBuiltInKeywords$verifyTextPresent$9.call(Unknown Source)
	at TC-ESMF-011.run(TC-ESMF-011:32)
	at com.kms.katalon.core.main.ScriptEngine.run(ScriptEngine.java:194)
	at com.kms.katalon.core.main.ScriptEngine.runScriptAsRawText(ScriptEngine.java:119)
	at com.kms.katalon.core.main.TestCaseExecutor.runScript(TestCaseExecutor.java:448)
	at com.kms.katalon.core.main.TestCaseExecutor.doExecute(TestCaseExecutor.java:439)
	at com.kms.katalon.core.main.TestCaseExecutor.processExecutionPhase(TestCaseExecutor.java:418)
	at com.kms.katalon.core.main.TestCaseExecutor.accessMainPhase(TestCaseExecutor.java:410)
	at com.kms.katalon.core.main.TestCaseExecutor.execute(TestCaseExecutor.java:285)
	at com.kms.katalon.core.common.CommonExecutor.accessTestCaseMainPhase(CommonExecutor.java:65)
	at com.kms.katalon.core.main.TestSuiteExecutor.accessTestSuiteMainPhase(TestSuiteExecutor.java:148)
	at com.kms.katalon.core.main.TestSuiteExecutor.execute(TestSuiteExecutor.java:106)
	at com.kms.katalon.core.main.TestCaseMain.startTestSuite(TestCaseMain.java:187)
	at com.kms.katalon.core.main.TestCaseMain$startTestSuite$0.call(Unknown Source)
	at TempTestSuite1696315667156.run(TempTestSuite1696315667156.groovy:36)
Caused by: com.kms.katalon.core.exception.StepFailedException: Text 'plese input an valid username' is not present on page 
	at com.kms.katalon.core.webui.keyword.internal.WebUIKeywordMain.stepFailed(WebUIKeywordMain.groovy:64)
	at com.kms.katalon.core.webui.keyword.builtin.VerifyTextPresentKeyword$_verifyTextPresent_closure1.doCall(VerifyTextPresentKeyword.groovy:79)
	at com.kms.katalon.core.webui.keyword.builtin.VerifyTextPresentKeyword$_verifyTextPresent_closure1.call(VerifyTextPresentKeyword.groovy)
	at com.kms.katalon.core.webui.keyword.internal.WebUIKeywordMain.runKeyword(WebUIKeywordMain.groovy:20)
	... 19 more


2023-10-03 13:54:01 - [TEST_STEP][PASSED] - callTestCase(findTestCase("M05 -Edit Sosial Media/TC-LS-001"), [:], STOP_ON_FAILURE): Call Test Case 'Test Cases/M05 -Edit Sosial Media/TC-LS-001' successfully

2023-10-03 13:54:01 - [TEST_CASE][PASSED] - Test Cases/M05 -Edit Sosial Media/TC-LS-001: Test Cases/M05 -Edit Sosial Media/TC-LS-001

2023-10-03 13:54:01 - [TEST_STEP][PASSED] - openBrowser(urlWeb): Browser is opened with url: 'https://10.9.2.63/ecommerce/'

2023-10-03 13:54:01 - [MESSAGE][WARNING] - A browser is already opened. Closing browser and opening a new one

2023-10-03 13:54:02 - [MESSAGE][INFO] - Starting 'Edge Chromium' driver

2023-10-03 13:54:02 - [MESSAGE][INFO] - User set preference: ['acceptInsecureCerts', 'true']

2023-10-03 13:54:04 - [MESSAGE][INFO] - Action delay is set to 0 milliseconds

2023-10-03 13:54:08 - [MESSAGE][PASSED] - Browser is opened with url: 'https://10.9.2.63/ecommerce/'

2023-10-03 13:54:08 - [TEST_STEP][PASSED] - maximizeWindow(): Current window maximized

2023-10-03 13:54:08 - [MESSAGE][PASSED] - Current window maximized

2023-10-03 13:54:08 - [TEST_STEP][PASSED] - click(findTestObject("Login/a_Login")): Object: 'Object Repository/Login/a_Login' is clicked on

2023-10-03 13:54:09 - [MESSAGE][PASSED] - Object: 'Object Repository/Login/a_Login' is clicked on

2023-10-03 13:54:09 - [TEST_STEP][PASSED] - setText(findTestObject("Login/input_Username, Email atau No. Handphone_a"), "runa36"): Text 'runa36' is set on object 'Object Repository/Login/input_Username, Email atau No. Handphone_a'

2023-10-03 13:54:10 - [MESSAGE][PASSED] - Text 'runa36' is set on object 'Object Repository/Login/input_Username, Email atau No. Handphone_a'

2023-10-03 13:54:10 - [TEST_STEP][PASSED] - setEncryptedText(findTestObject("Login/input_Password di Login(Masuk)"), "qbkrdMwyWE4="): Text ****** has been set on object 'Object Repository/Login/input_Password di Login(Masuk)'

2023-10-03 13:54:11 - [MESSAGE][PASSED] - Text ****** has been set on object 'Object Repository/Login/input_Password di Login(Masuk)'

2023-10-03 13:54:11 - [TEST_STEP][PASSED] - click(findTestObject("Login/button_Masuk di halaman login")): Object: 'Object Repository/Login/button_Masuk di halaman login' is clicked on

2023-10-03 13:54:12 - [MESSAGE][PASSED] - Object: 'Object Repository/Login/button_Masuk di halaman login' is clicked on

2023-10-03 13:54:12 - [TEST_STEP][PASSED] - verifyElementPresent(findTestObject("edit sosial media/verifikasi masuk halaman biodata diri"), 0): Object 'Object Repository/edit sosial media/verifikasi masuk halaman biodata diri' is present

2023-10-03 13:54:12 - [MESSAGE][WARNING] - Timeout '0' is invalid. Using default page load timeout: '30'

2023-10-03 13:54:13 - [MESSAGE][PASSED] - Object 'Object Repository/edit sosial media/verifikasi masuk halaman biodata diri' is present

2023-10-03 13:54:13 - [MESSAGE][PASSED] - Call Test Case 'Test Cases/M05 -Edit Sosial Media/TC-LS-001' successfully

2023-10-03 13:54:13 - [TEST_STEP][PASSED] - click(findTestObject("edit sosial media/a_Sosmed")): Object: 'Object Repository/edit sosial media/a_Sosmed' is clicked on

2023-10-03 13:54:13 - [MESSAGE][PASSED] - Object: 'Object Repository/edit sosial media/a_Sosmed' is clicked on

2023-10-03 13:54:13 - [TEST_STEP][PASSED] - click(findTestObject("edit sosial media/Edit Sosial Media")): Object: 'Object Repository/edit sosial media/Edit Sosial Media' is clicked on

2023-10-03 13:54:15 - [MESSAGE][PASSED] - Object: 'Object Repository/edit sosial media/Edit Sosial Media' is clicked on

2023-10-03 13:54:15 - [TEST_STEP][PASSED] - clearText(findTestObject("edit sosial media/input_LinkedIn_g")): Text of object 'Object Repository/edit sosial media/input_LinkedIn_g' is cleared

2023-10-03 13:54:15 - [MESSAGE][PASSED] - Text of object 'Object Repository/edit sosial media/input_LinkedIn_g' is cleared

2023-10-03 13:54:15 - [TEST_STEP][PASSED] - setText(findTestObject("edit sosial media/input_LinkedIn_g"), linkedin): Text '%$#' is set on object 'Object Repository/edit sosial media/input_LinkedIn_g'

2023-10-03 13:54:16 - [MESSAGE][PASSED] - Text '%$#' is set on object 'Object Repository/edit sosial media/input_LinkedIn_g'

2023-10-03 13:54:16 - [TEST_STEP][PASSED] - click(findTestObject("edit sosial media/center_Simpan Sosial Media")): Object: 'Object Repository/edit sosial media/center_Simpan Sosial Media' is clicked on

2023-10-03 13:54:18 - [MESSAGE][PASSED] - Object: 'Object Repository/edit sosial media/center_Simpan Sosial Media' is clicked on

2023-10-03 13:54:18 - [TEST_STEP][FAILED] - verifyTextPresent("plese input an valid username", false): Unable to verify text 'plese input an valid username' is present  (Root cause: com.kms.katalon.core.exception.StepFailedException: Unable to verify text 'plese input an valid username' is present 
	at com.kms.katalon.core.webui.keyword.internal.WebUIKeywordMain.stepFailed(WebUIKeywordMain.groovy:64)
	at com.kms.katalon.core.webui.keyword.internal.WebUIKeywordMain.runKeyword(WebUIKeywordMain.groovy:26)
	at com.kms.katalon.core.webui.keyword.builtin.VerifyTextPresentKeyword.verifyTextPresent(VerifyTextPresentKeyword.groovy:83)
	at com.kms.katalon.core.webui.keyword.builtin.VerifyTextPresentKeyword.execute(VerifyTextPresentKeyword.groovy:68)
	at com.kms.katalon.core.keyword.internal.KeywordExecutor.executeKeywordForPlatform(KeywordExecutor.groovy:74)
	at com.kms.katalon.core.webui.keyword.WebUiBuiltInKeywords.verifyTextPresent(WebUiBuiltInKeywords.groovy:1723)
	at com.kms.katalon.core.webui.keyword.WebUiBuiltInKeywords$verifyTextPresent$9.call(Unknown Source)
	at TC-ESMF-011.run(TC-ESMF-011:32)
	at com.kms.katalon.core.main.ScriptEngine.run(ScriptEngine.java:194)
	at com.kms.katalon.core.main.ScriptEngine.runScriptAsRawText(ScriptEngine.java:119)
	at com.kms.katalon.core.main.TestCaseExecutor.runScript(TestCaseExecutor.java:448)
	at com.kms.katalon.core.main.TestCaseExecutor.doExecute(TestCaseExecutor.java:439)
	at com.kms.katalon.core.main.TestCaseExecutor.processExecutionPhase(TestCaseExecutor.java:418)
	at com.kms.katalon.core.main.TestCaseExecutor.accessMainPhase(TestCaseExecutor.java:410)
	at com.kms.katalon.core.main.TestCaseExecutor.execute(TestCaseExecutor.java:285)
	at com.kms.katalon.core.common.CommonExecutor.accessTestCaseMainPhase(CommonExecutor.java:65)
	at com.kms.katalon.core.main.TestSuiteExecutor.accessTestSuiteMainPhase(TestSuiteExecutor.java:148)
	at com.kms.katalon.core.main.TestSuiteExecutor.execute(TestSuiteExecutor.java:106)
	at com.kms.katalon.core.main.TestCaseMain.startTestSuite(TestCaseMain.java:187)
	at com.kms.katalon.core.main.TestCaseMain$startTestSuite$0.call(Unknown Source)
	at TempTestSuite1696315667156.run(TempTestSuite1696315667156.groovy:36)
Caused by: com.kms.katalon.core.exception.StepFailedException: Text 'plese input an valid username' is not present on page 
	at com.kms.katalon.core.webui.keyword.internal.WebUIKeywordMain.stepFailed(WebUIKeywordMain.groovy:64)
	at com.kms.katalon.core.webui.keyword.builtin.VerifyTextPresentKeyword$_verifyTextPresent_closure1.doCall(VerifyTextPresentKeyword.groovy:79)
	at com.kms.katalon.core.webui.keyword.builtin.VerifyTextPresentKeyword$_verifyTextPresent_closure1.call(VerifyTextPresentKeyword.groovy)
	at com.kms.katalon.core.webui.keyword.internal.WebUIKeywordMain.runKeyword(WebUIKeywordMain.groovy:20)
	... 19 more
)

2023-10-03 13:54:18 - [MESSAGE][FAILED] - Text 'plese input an valid username' is not present on page  (Root cause: com.kms.katalon.core.exception.StepFailedException: Text 'plese input an valid username' is not present on page 
	at com.kms.katalon.core.webui.keyword.internal.WebUIKeywordMain.stepFailed(WebUIKeywordMain.groovy:64)
	at com.kms.katalon.core.webui.keyword.builtin.VerifyTextPresentKeyword$_verifyTextPresent_closure1.doCall(VerifyTextPresentKeyword.groovy:79)
	at com.kms.katalon.core.webui.keyword.builtin.VerifyTextPresentKeyword$_verifyTextPresent_closure1.call(VerifyTextPresentKeyword.groovy)
	at com.kms.katalon.core.webui.keyword.internal.WebUIKeywordMain.runKeyword(WebUIKeywordMain.groovy:20)
	at com.kms.katalon.core.webui.keyword.builtin.VerifyTextPresentKeyword.verifyTextPresent(VerifyTextPresentKeyword.groovy:83)
	at com.kms.katalon.core.webui.keyword.builtin.VerifyTextPresentKeyword.execute(VerifyTextPresentKeyword.groovy:68)
	at com.kms.katalon.core.keyword.internal.KeywordExecutor.executeKeywordForPlatform(KeywordExecutor.groovy:74)
	at com.kms.katalon.core.webui.keyword.WebUiBuiltInKeywords.verifyTextPresent(WebUiBuiltInKeywords.groovy:1723)
	at com.kms.katalon.core.webui.keyword.WebUiBuiltInKeywords$verifyTextPresent$9.call(Unknown Source)
	at TC-ESMF-011.run(TC-ESMF-011:32)
	at com.kms.katalon.core.main.ScriptEngine.run(ScriptEngine.java:194)
	at com.kms.katalon.core.main.ScriptEngine.runScriptAsRawText(ScriptEngine.java:119)
	at com.kms.katalon.core.main.TestCaseExecutor.runScript(TestCaseExecutor.java:448)
	at com.kms.katalon.core.main.TestCaseExecutor.doExecute(TestCaseExecutor.java:439)
	at com.kms.katalon.core.main.TestCaseExecutor.processExecutionPhase(TestCaseExecutor.java:418)
	at com.kms.katalon.core.main.TestCaseExecutor.accessMainPhase(TestCaseExecutor.java:410)
	at com.kms.katalon.core.main.TestCaseExecutor.execute(TestCaseExecutor.java:285)
	at com.kms.katalon.core.common.CommonExecutor.accessTestCaseMainPhase(CommonExecutor.java:65)
	at com.kms.katalon.core.main.TestSuiteExecutor.accessTestSuiteMainPhase(TestSuiteExecutor.java:148)
	at com.kms.katalon.core.main.TestSuiteExecutor.execute(TestSuiteExecutor.java:106)
	at com.kms.katalon.core.main.TestCaseMain.startTestSuite(TestCaseMain.java:187)
	at com.kms.katalon.core.main.TestCaseMain$startTestSuite$0.call(Unknown Source)
	at TempTestSuite1696315667156.run(TempTestSuite1696315667156.groovy:36)
)

2023-10-03 13:54:19 - [MESSAGE][FAILED] - Unable to verify text 'plese input an valid username' is present  (Root cause: com.kms.katalon.core.exception.StepFailedException: Unable to verify text 'plese input an valid username' is present 
	at com.kms.katalon.core.webui.keyword.internal.WebUIKeywordMain.stepFailed(WebUIKeywordMain.groovy:64)
	at com.kms.katalon.core.webui.keyword.internal.WebUIKeywordMain.runKeyword(WebUIKeywordMain.groovy:26)
	at com.kms.katalon.core.webui.keyword.builtin.VerifyTextPresentKeyword.verifyTextPresent(VerifyTextPresentKeyword.groovy:83)
	at com.kms.katalon.core.webui.keyword.builtin.VerifyTextPresentKeyword.execute(VerifyTextPresentKeyword.groovy:68)
	at com.kms.katalon.core.keyword.internal.KeywordExecutor.executeKeywordForPlatform(KeywordExecutor.groovy:74)
	at com.kms.katalon.core.webui.keyword.WebUiBuiltInKeywords.verifyTextPresent(WebUiBuiltInKeywords.groovy:1723)
	at com.kms.katalon.core.webui.keyword.WebUiBuiltInKeywords$verifyTextPresent$9.call(Unknown Source)
	at TC-ESMF-011.run(TC-ESMF-011:32)
	at com.kms.katalon.core.main.ScriptEngine.run(ScriptEngine.java:194)
	at com.kms.katalon.core.main.ScriptEngine.runScriptAsRawText(ScriptEngine.java:119)
	at com.kms.katalon.core.main.TestCaseExecutor.runScript(TestCaseExecutor.java:448)
	at com.kms.katalon.core.main.TestCaseExecutor.doExecute(TestCaseExecutor.java:439)
	at com.kms.katalon.core.main.TestCaseExecutor.processExecutionPhase(TestCaseExecutor.java:418)
	at com.kms.katalon.core.main.TestCaseExecutor.accessMainPhase(TestCaseExecutor.java:410)
	at com.kms.katalon.core.main.TestCaseExecutor.execute(TestCaseExecutor.java:285)
	at com.kms.katalon.core.common.CommonExecutor.accessTestCaseMainPhase(CommonExecutor.java:65)
	at com.kms.katalon.core.main.TestSuiteExecutor.accessTestSuiteMainPhase(TestSuiteExecutor.java:148)
	at com.kms.katalon.core.main.TestSuiteExecutor.execute(TestSuiteExecutor.java:106)
	at com.kms.katalon.core.main.TestCaseMain.startTestSuite(TestCaseMain.java:187)
	at com.kms.katalon.core.main.TestCaseMain$startTestSuite$0.call(Unknown Source)
	at TempTestSuite1696315667156.run(TempTestSuite1696315667156.groovy:36)
Caused by: com.kms.katalon.core.exception.StepFailedException: Text 'plese input an valid username' is not present on page 
	at com.kms.katalon.core.webui.keyword.internal.WebUIKeywordMain.stepFailed(WebUIKeywordMain.groovy:64)
	at com.kms.katalon.core.webui.keyword.builtin.VerifyTextPresentKeyword$_verifyTextPresent_closure1.doCall(VerifyTextPresentKeyword.groovy:79)
	at com.kms.katalon.core.webui.keyword.builtin.VerifyTextPresentKeyword$_verifyTextPresent_closure1.call(VerifyTextPresentKeyword.groovy)
	at com.kms.katalon.core.webui.keyword.internal.WebUIKeywordMain.runKeyword(WebUIKeywordMain.groovy:20)
	... 19 more
)
[[ATTACHMENT|F:\\bootcamp\\Miniproject\\Tajalapak\\Reports\\20231003_134746\\M05 - Edit Sosial Media\\20231003_134747\\1696316058871.png]]]]></system-out>
         <system-err><![CDATA[2023-10-03 13:54:00 - [TEST_CASE][FAILED] - Test Cases/M05 -Edit Sosial Media/TC-ESMF-011: Test Cases/M05 -Edit Sosial Media/TC-ESMF-011 FAILED.
Reason:
com.kms.katalon.core.exception.StepFailedException: Unable to verify text 'plese input an valid username' is present 
	at com.kms.katalon.core.webui.keyword.internal.WebUIKeywordMain.stepFailed(WebUIKeywordMain.groovy:64)
	at com.kms.katalon.core.webui.keyword.internal.WebUIKeywordMain.runKeyword(WebUIKeywordMain.groovy:26)
	at com.kms.katalon.core.webui.keyword.builtin.VerifyTextPresentKeyword.verifyTextPresent(VerifyTextPresentKeyword.groovy:83)
	at com.kms.katalon.core.webui.keyword.builtin.VerifyTextPresentKeyword.execute(VerifyTextPresentKeyword.groovy:68)
	at com.kms.katalon.core.keyword.internal.KeywordExecutor.executeKeywordForPlatform(KeywordExecutor.groovy:74)
	at com.kms.katalon.core.webui.keyword.WebUiBuiltInKeywords.verifyTextPresent(WebUiBuiltInKeywords.groovy:1723)
	at com.kms.katalon.core.webui.keyword.WebUiBuiltInKeywords$verifyTextPresent$9.call(Unknown Source)
	at TC-ESMF-011.run(TC-ESMF-011:32)
	at com.kms.katalon.core.main.ScriptEngine.run(ScriptEngine.java:194)
	at com.kms.katalon.core.main.ScriptEngine.runScriptAsRawText(ScriptEngine.java:119)
	at com.kms.katalon.core.main.TestCaseExecutor.runScript(TestCaseExecutor.java:448)
	at com.kms.katalon.core.main.TestCaseExecutor.doExecute(TestCaseExecutor.java:439)
	at com.kms.katalon.core.main.TestCaseExecutor.processExecutionPhase(TestCaseExecutor.java:418)
	at com.kms.katalon.core.main.TestCaseExecutor.accessMainPhase(TestCaseExecutor.java:410)
	at com.kms.katalon.core.main.TestCaseExecutor.execute(TestCaseExecutor.java:285)
	at com.kms.katalon.core.common.CommonExecutor.accessTestCaseMainPhase(CommonExecutor.java:65)
	at com.kms.katalon.core.main.TestSuiteExecutor.accessTestSuiteMainPhase(TestSuiteExecutor.java:148)
	at com.kms.katalon.core.main.TestSuiteExecutor.execute(TestSuiteExecutor.java:106)
	at com.kms.katalon.core.main.TestCaseMain.startTestSuite(TestCaseMain.java:187)
	at com.kms.katalon.core.main.TestCaseMain$startTestSuite$0.call(Unknown Source)
	at TempTestSuite1696315667156.run(TempTestSuite1696315667156.groovy:36)
Caused by: com.kms.katalon.core.exception.StepFailedException: Text 'plese input an valid username' is not present on page 
	at com.kms.katalon.core.webui.keyword.internal.WebUIKeywordMain.stepFailed(WebUIKeywordMain.groovy:64)
	at com.kms.katalon.core.webui.keyword.builtin.VerifyTextPresentKeyword$_verifyTextPresent_closure1.doCall(VerifyTextPresentKeyword.groovy:79)
	at com.kms.katalon.core.webui.keyword.builtin.VerifyTextPresentKeyword$_verifyTextPresent_closure1.call(VerifyTextPresentKeyword.groovy)
	at com.kms.katalon.core.webui.keyword.internal.WebUIKeywordMain.runKeyword(WebUIKeywordMain.groovy:20)
	... 19 more]]></system-err>
      </testcase>
      <system-out><![CDATA[2023-10-03 13:48:13 - [TEST_SUITE][FAILED] - M05 - Edit Sosial Media: Test Cases/M05 -Edit Sosial Media/TC-ESMS-003 FAILED.
Reason:
Assertion failed: 

assert twit.toString().trim().equalsIgnoreCase(twitter.trim())
       |    |          |      |                |       |
       -    -          -      false            ""      ""

	at TC-ESMS-003.run(TC-ESMS-003:36)
	at com.kms.katalon.core.main.ScriptEngine.run(ScriptEngine.java:194)
	at com.kms.katalon.core.main.ScriptEngine.runScriptAsRawText(ScriptEngine.java:119)
	at com.kms.katalon.core.main.TestCaseExecutor.runScript(TestCaseExecutor.java:448)
	at com.kms.katalon.core.main.TestCaseExecutor.doExecute(TestCaseExecutor.java:439)
	at com.kms.katalon.core.main.TestCaseExecutor.processExecutionPhase(TestCaseExecutor.java:418)
	at com.kms.katalon.core.main.TestCaseExecutor.accessMainPhase(TestCaseExecutor.java:410)
	at com.kms.katalon.core.main.TestCaseExecutor.execute(TestCaseExecutor.java:285)
	at com.kms.katalon.core.common.CommonExecutor.accessTestCaseMainPhase(CommonExecutor.java:65)
	at com.kms.katalon.core.main.TestSuiteExecutor.accessTestSuiteMainPhase(TestSuiteExecutor.java:148)
	at com.kms.katalon.core.main.TestSuiteExecutor.execute(TestSuiteExecutor.java:106)
	at com.kms.katalon.core.main.TestCaseMain.startTestSuite(TestCaseMain.java:187)
	at com.kms.katalon.core.main.TestCaseMain$startTestSuite$0.call(Unknown Source)
	at TempTestSuite1696315667156.run(TempTestSuite1696315667156.groovy:36)]]></system-out>
      <system-err><![CDATA[2023-10-03 13:48:13 - [TEST_SUITE][FAILED] - M05 - Edit Sosial Media: Test Cases/M05 -Edit Sosial Media/TC-ESMS-003 FAILED.
Reason:
Assertion failed: 

assert twit.toString().trim().equalsIgnoreCase(twitter.trim())
       |    |          |      |                |       |
       -    -          -      false            ""      ""

	at TC-ESMS-003.run(TC-ESMS-003:36)
	at com.kms.katalon.core.main.ScriptEngine.run(ScriptEngine.java:194)
	at com.kms.katalon.core.main.ScriptEngine.runScriptAsRawText(ScriptEngine.java:119)
	at com.kms.katalon.core.main.TestCaseExecutor.runScript(TestCaseExecutor.java:448)
	at com.kms.katalon.core.main.TestCaseExecutor.doExecute(TestCaseExecutor.java:439)
	at com.kms.katalon.core.main.TestCaseExecutor.processExecutionPhase(TestCaseExecutor.java:418)
	at com.kms.katalon.core.main.TestCaseExecutor.accessMainPhase(TestCaseExecutor.java:410)
	at com.kms.katalon.core.main.TestCaseExecutor.execute(TestCaseExecutor.java:285)
	at com.kms.katalon.core.common.CommonExecutor.accessTestCaseMainPhase(CommonExecutor.java:65)
	at com.kms.katalon.core.main.TestSuiteExecutor.accessTestSuiteMainPhase(TestSuiteExecutor.java:148)
	at com.kms.katalon.core.main.TestSuiteExecutor.execute(TestSuiteExecutor.java:106)
	at com.kms.katalon.core.main.TestCaseMain.startTestSuite(TestCaseMain.java:187)
	at com.kms.katalon.core.main.TestCaseMain$startTestSuite$0.call(Unknown Source)
	at TempTestSuite1696315667156.run(TempTestSuite1696315667156.groovy:36)]]></system-err>
   </testsuite>
</testsuites>
