<?xml version="1.0" encoding="UTF-8"?>
<testsuites name="T08 - Konfirmasi Pesanan" time="1760.484" tests="29" failures="12" errors="0">
   <testsuite name="T08 - Konfirmasi Pesanan" tests="29" failures="12" errors="0" time="1760.484" skipped="0" timestamp="2023-10-06 12:13:11" hostname="USER - DESKTOP-22KTP91" id="Test Suites/T08 - Konfirmasi Pesanan">
      <properties>
         <property name="deviceName" value=""/>
         <property name="devicePlatform" value=""/>
         <property name="logFolder" value="F:\\bootcamp\\Miniproject\\Tajalapak\\Reports\\20231006_121256\\T08 - Konfirmasi Pesanan\\20231006_121256"/>
         <property name="logFiles" value="F:\\bootcamp\\Miniproject\\Tajalapak\\Reports\\20231006_121256\\T08 - Konfirmasi Pesanan\\20231006_121256\\execution0.log"/>
         <property name="attachments" value="F:\\bootcamp\\Miniproject\\Tajalapak\\Reports\\20231006_121256\\T08 - Konfirmasi Pesanan\\20231006_121256\\1696569429099.png, F:\\bootcamp\\Miniproject\\Tajalapak\\Reports\\20231006_121256\\T08 - Konfirmasi Pesanan\\20231006_121256\\1696569429745.png, F:\\bootcamp\\Miniproject\\Tajalapak\\Reports\\20231006_121256\\T08 - Konfirmasi Pesanan\\20231006_121256\\1696570335380.png, F:\\bootcamp\\Miniproject\\Tajalapak\\Reports\\20231006_121256\\T08 - Konfirmasi Pesanan\\20231006_121256\\1696570362064.png, F:\\bootcamp\\Miniproject\\Tajalapak\\Reports\\20231006_121256\\T08 - Konfirmasi Pesanan\\20231006_121256\\1696570419842.png, F:\\bootcamp\\Miniproject\\Tajalapak\\Reports\\20231006_121256\\T08 - Konfirmasi Pesanan\\20231006_121256\\1696570479178.png, F:\\bootcamp\\Miniproject\\Tajalapak\\Reports\\20231006_121256\\T08 - Konfirmasi Pesanan\\20231006_121256\\1696570599509.png, F:\\bootcamp\\Miniproject\\Tajalapak\\Reports\\20231006_121256\\T08 - Konfirmasi Pesanan\\20231006_121256\\1696570658195.png, F:\\bootcamp\\Miniproject\\Tajalapak\\Reports\\20231006_121256\\T08 - Konfirmasi Pesanan\\20231006_121256\\1696570717900.png, F:\\bootcamp\\Miniproject\\Tajalapak\\Reports\\20231006_121256\\T08 - Konfirmasi Pesanan\\20231006_121256\\1696570777158.png, F:\\bootcamp\\Miniproject\\Tajalapak\\Reports\\20231006_121256\\T08 - Konfirmasi Pesanan\\20231006_121256\\1696570833397.png, F:\\bootcamp\\Miniproject\\Tajalapak\\Reports\\20231006_121256\\T08 - Konfirmasi Pesanan\\20231006_121256\\1696570893503.png, F:\\bootcamp\\Miniproject\\Tajalapak\\Reports\\20231006_121256\\T08 - Konfirmasi Pesanan\\20231006_121256\\1696570951698.png"/>
         <property name="hostName" value="USER - DESKTOP-22KTP91"/>
         <property name="os" value="Windows 10 64bit"/>
         <property name="katalonVersion" value="8.6.5.208"/>
         <property name="browser" value="Firefox 117.0"/>
         <property name="hostAddress" value="10.9.2.52"/>
         <property name="sessionId" value="bfd4434a-55d2-476d-8371-641941368e22"/>
         <property name="seleniumVersion" value="3.141.59"/>
         <property name="proxyInformation" value="ProxyInformation { proxyOption=NO_PROXY, proxyServerType=HTTP, username=, password=********, proxyServerAddress=, proxyServerPort=0, executionList=&quot;&quot;, isApplyToDesiredCapabilities=true }"/>
         <property name="platform" value="Windows 10"/>
      </properties>
      <testcase name="Test Cases/T08 - Konfirmasi Pesanan/TC-LS-001" time="19.47" classname="Test Cases/T08 - Konfirmasi Pesanan/TC-LS-001" status="PASSED">
         <system-out><![CDATA[2023-10-06 12:13:12 - [TEST_CASE][PASSED] - Test Cases/T08 - Konfirmasi Pesanan/TC-LS-001: Test Cases/T08 - Konfirmasi Pesanan/TC-LS-001

2023-10-06 12:13:12 - [TEST_STEP][PASSED] - openBrowser(urlWeb): Browser is opened with url: 'https://10.9.2.63/ecommerce/'

2023-10-06 12:13:13 - [MESSAGE][INFO] - Starting 'Firefox' driver

2023-10-06 12:13:13 - [MESSAGE][INFO] - User set preference: ['args', '[window-size=1500,1000, ignore-certificate-errors, UnexpectedAlertBehaviour=ignore]']

2023-10-06 12:13:13 - [MESSAGE][INFO] - Action delay is set to 0 milliseconds

2023-10-06 12:13:26 - [MESSAGE][PASSED] - Browser is opened with url: 'https://10.9.2.63/ecommerce/'

2023-10-06 12:13:26 - [TEST_STEP][PASSED] - maximizeWindow(): Current window maximized

2023-10-06 12:13:26 - [MESSAGE][PASSED] - Current window maximized

2023-10-06 12:13:26 - [TEST_STEP][PASSED] - click(findTestObject("Login/a_Login")): Object: 'Object Repository/Login/a_Login' is clicked on

2023-10-06 12:13:27 - [MESSAGE][PASSED] - Object: 'Object Repository/Login/a_Login' is clicked on

2023-10-06 12:13:27 - [TEST_STEP][PASSED] - setText(findTestObject("Login/input_Username, Email atau No. Handphone_a"), "runa36"): Text 'runa36' is set on object 'Object Repository/Login/input_Username, Email atau No. Handphone_a'

2023-10-06 12:13:28 - [MESSAGE][PASSED] - Text 'runa36' is set on object 'Object Repository/Login/input_Username, Email atau No. Handphone_a'

2023-10-06 12:13:28 - [TEST_STEP][PASSED] - setEncryptedText(findTestObject("Login/input_Password di Login(Masuk)"), "qbkrdMwyWE4="): Text ****** has been set on object 'Object Repository/Login/input_Password di Login(Masuk)'

2023-10-06 12:13:29 - [MESSAGE][PASSED] - Text ****** has been set on object 'Object Repository/Login/input_Password di Login(Masuk)'

2023-10-06 12:13:29 - [TEST_STEP][PASSED] - click(findTestObject("Login/button_Masuk di halaman login")): Object: 'Object Repository/Login/button_Masuk di halaman login' is clicked on

2023-10-06 12:13:30 - [MESSAGE][PASSED] - Object: 'Object Repository/Login/button_Masuk di halaman login' is clicked on

2023-10-06 12:13:30 - [TEST_STEP][PASSED] - verifyElementPresent(findTestObject("Pendaftaran/verifikasi MASUK di halaman Login"), 0): Object 'Object Repository/Pendaftaran/verifikasi MASUK di halaman Login' is present

2023-10-06 12:13:30 - [MESSAGE][WARNING] - Timeout '0' is invalid. Using default page load timeout: '30'

2023-10-06 12:13:31 - [MESSAGE][PASSED] - Object 'Object Repository/Pendaftaran/verifikasi MASUK di halaman Login' is present]]></system-out>
         <system-err><![CDATA[]]></system-err>
      </testcase>
      <testcase name="Test Cases/T08 - Konfirmasi Pesanan/TC-OS-001" time="42.892" classname="Test Cases/T08 - Konfirmasi Pesanan/TC-OS-001" status="PASSED">
         <system-out><![CDATA[2023-10-06 12:13:31 - [TEST_CASE][PASSED] - Test Cases/T08 - Konfirmasi Pesanan/TC-OS-001: Test Cases/T08 - Konfirmasi Pesanan/TC-OS-001

2023-10-06 12:13:32 - [TEST_STEP][PASSED] - callTestCase(findTestCase("T08 - Konfirmasi Pesanan/TC-LS-001"), [:], STOP_ON_FAILURE): Call Test Case 'Test Cases/T08 - Konfirmasi Pesanan/TC-LS-001' successfully

2023-10-06 12:13:32 - [TEST_CASE][PASSED] - Test Cases/T08 - Konfirmasi Pesanan/TC-LS-001: Test Cases/T08 - Konfirmasi Pesanan/TC-LS-001

2023-10-06 12:13:32 - [TEST_STEP][PASSED] - openBrowser(urlWeb): Browser is opened with url: 'https://10.9.2.63/ecommerce/'

2023-10-06 12:13:32 - [MESSAGE][WARNING] - A browser is already opened. Closing browser and opening a new one

2023-10-06 12:13:34 - [MESSAGE][INFO] - Starting 'Firefox' driver

2023-10-06 12:13:34 - [MESSAGE][INFO] - User set preference: ['args', '[window-size=1500,1000, ignore-certificate-errors, UnexpectedAlertBehaviour=ignore]']

2023-10-06 12:13:34 - [MESSAGE][INFO] - Action delay is set to 0 milliseconds

2023-10-06 12:13:44 - [MESSAGE][PASSED] - Browser is opened with url: 'https://10.9.2.63/ecommerce/'

2023-10-06 12:13:44 - [TEST_STEP][PASSED] - maximizeWindow(): Current window maximized

2023-10-06 12:13:44 - [MESSAGE][PASSED] - Current window maximized

2023-10-06 12:13:44 - [TEST_STEP][PASSED] - click(findTestObject("Login/a_Login")): Object: 'Object Repository/Login/a_Login' is clicked on

2023-10-06 12:13:45 - [MESSAGE][PASSED] - Object: 'Object Repository/Login/a_Login' is clicked on

2023-10-06 12:13:45 - [TEST_STEP][PASSED] - setText(findTestObject("Login/input_Username, Email atau No. Handphone_a"), "runa36"): Text 'runa36' is set on object 'Object Repository/Login/input_Username, Email atau No. Handphone_a'

2023-10-06 12:13:46 - [MESSAGE][PASSED] - Text 'runa36' is set on object 'Object Repository/Login/input_Username, Email atau No. Handphone_a'

2023-10-06 12:13:46 - [TEST_STEP][PASSED] - setEncryptedText(findTestObject("Login/input_Password di Login(Masuk)"), "qbkrdMwyWE4="): Text ****** has been set on object 'Object Repository/Login/input_Password di Login(Masuk)'

2023-10-06 12:13:46 - [MESSAGE][PASSED] - Text ****** has been set on object 'Object Repository/Login/input_Password di Login(Masuk)'

2023-10-06 12:13:46 - [TEST_STEP][PASSED] - click(findTestObject("Login/button_Masuk di halaman login")): Object: 'Object Repository/Login/button_Masuk di halaman login' is clicked on

2023-10-06 12:13:48 - [MESSAGE][PASSED] - Object: 'Object Repository/Login/button_Masuk di halaman login' is clicked on

2023-10-06 12:13:48 - [TEST_STEP][PASSED] - verifyElementPresent(findTestObject("Pendaftaran/verifikasi MASUK di halaman Login"), 0): Object 'Object Repository/Pendaftaran/verifikasi MASUK di halaman Login' is present

2023-10-06 12:13:48 - [MESSAGE][WARNING] - Timeout '0' is invalid. Using default page load timeout: '30'

2023-10-06 12:13:49 - [MESSAGE][PASSED] - Object 'Object Repository/Pendaftaran/verifikasi MASUK di halaman Login' is present

2023-10-06 12:13:49 - [MESSAGE][PASSED] - Call Test Case 'Test Cases/T08 - Konfirmasi Pesanan/TC-LS-001' successfully

2023-10-06 12:13:49 - [TEST_STEP][PASSED] - setText(findTestObject("chekout/input aku mau belanja"), "acer"): Text 'acer' is set on object 'Object Repository/chekout/input aku mau belanja'

2023-10-06 12:13:50 - [MESSAGE][PASSED] - Text 'acer' is set on object 'Object Repository/chekout/input aku mau belanja'

2023-10-06 12:13:50 - [TEST_STEP][PASSED] - click(findTestObject("chekout/button_Cari di halaman tajalapak")): Object: 'Object Repository/chekout/button_Cari di halaman tajalapak' is clicked on

2023-10-06 12:13:51 - [MESSAGE][PASSED] - Object: 'Object Repository/chekout/button_Cari di halaman tajalapak' is clicked on

2023-10-06 12:13:51 - [TEST_STEP][PASSED] - click(findTestObject("chekout/NEW read more acer")): Object: 'Object Repository/chekout/NEW read more acer' is clicked on

2023-10-06 12:13:53 - [MESSAGE][PASSED] - Object: 'Object Repository/chekout/NEW read more acer' is clicked on

2023-10-06 12:13:53 - [TEST_STEP][PASSED] - click(findTestObject("chekout/button_Beli Sekarang di detail produk")): Object: 'Object Repository/chekout/button_Beli Sekarang di detail produk' is clicked on

2023-10-06 12:13:55 - [MESSAGE][PASSED] - Object: 'Object Repository/chekout/button_Beli Sekarang di detail produk' is clicked on

2023-10-06 12:13:55 - [TEST_STEP][PASSED] - verifyElementPresent(findTestObject("chekout/halaman keranjang belanja"), 0): Object 'Object Repository/chekout/halaman keranjang belanja' is present

2023-10-06 12:13:56 - [MESSAGE][WARNING] - Timeout '0' is invalid. Using default page load timeout: '30'

2023-10-06 12:13:57 - [MESSAGE][PASSED] - Object 'Object Repository/chekout/halaman keranjang belanja' is present

2023-10-06 12:13:57 - [TEST_STEP][PASSED] - click(findTestObject("chekout/button_Lanjut ke Pembayaran")): Object: 'Object Repository/chekout/button_Lanjut ke Pembayaran' is clicked on

2023-10-06 12:13:59 - [MESSAGE][PASSED] - Object: 'Object Repository/chekout/button_Lanjut ke Pembayaran' is clicked on

2023-10-06 12:13:59 - [TEST_STEP][PASSED] - selectOptionByValue(findTestObject("Object Repository/chekout/select_- Kirim via Kurir Lokal -Roda 2Roda 4"), Roda, false): All options with value '2' are selected in object 'Object Repository/chekout/select_- Kirim via Kurir Lokal -Roda 2Roda 4' 

2023-10-06 12:14:01 - [MESSAGE][PASSED] - All options with value '2' are selected in object 'Object Repository/chekout/select_- Kirim via Kurir Lokal -Roda 2Roda 4' 

2023-10-06 12:14:01 - [TEST_STEP][PASSED] - click(findTestObject("chekout/jenis kendaraan")): Object: 'Object Repository/chekout/jenis kendaraan' is clicked on

2023-10-06 12:14:01 - [MESSAGE][PASSED] - Object: 'Object Repository/chekout/jenis kendaraan' is clicked on

2023-10-06 12:14:01 - [TEST_STEP][PASSED] - if (toString().equalsIgnoreCase("transfer")): Object 'Object Repository/chekout/input metode tf bank' is checked

2023-10-06 12:14:01 - [TEST_STEP][PASSED] - check(findTestObject("chekout/input metode tf bank")): Object 'Object Repository/chekout/input metode tf bank' is checked

2023-10-06 12:14:02 - [MESSAGE][PASSED] - Object 'Object Repository/chekout/input metode tf bank' is checked

2023-10-06 12:14:02 - [TEST_STEP][PASSED] - click(findTestObject("chekout/button_Proses Pembayaran")): Object: 'Object Repository/chekout/button_Proses Pembayaran' is clicked on

2023-10-06 12:14:08 - [MESSAGE][PASSED] - Object: 'Object Repository/chekout/button_Proses Pembayaran' is clicked on

2023-10-06 12:14:08 - [TEST_STEP][PASSED] - noPesanan = getText(findTestObject("Object Repository/chekout/nomor invoice dari halaman menunggu pembayaran")): Text of object 'Object Repository/chekout/nomor invoice dari halaman menunggu pembayaran' is: 'TRX91.20231006121402'

2023-10-06 12:14:08 - [MESSAGE][PASSED] - Text of object 'Object Repository/chekout/nomor invoice dari halaman menunggu pembayaran' is: 'TRX91.20231006121402'

2023-10-06 12:14:08 - [TEST_STEP][PASSED] - println(noPesanan): null

2023-10-06 12:14:08 - [TEST_STEP][PASSED] - pengirim = getText(findTestObject("Object Repository/chekout/dikirim kepada sama dengan pengirim di tf di konfirmaasi bayar")): Text of object 'Object Repository/chekout/dikirim kepada sama dengan pengirim di tf di konfirmaasi bayar' is: 'runarun'

2023-10-06 12:14:09 - [MESSAGE][PASSED] - Text of object 'Object Repository/chekout/dikirim kepada sama dengan pengirim di tf di konfirmaasi bayar' is: 'runarun'

2023-10-06 12:14:09 - [TEST_STEP][PASSED] - totalharga = getText(findTestObject("Object Repository/chekout/total harga bayar")): Text of object 'Object Repository/chekout/total harga bayar' is: '17,148'

2023-10-06 12:14:10 - [MESSAGE][PASSED] - Text of object 'Object Repository/chekout/total harga bayar' is: '17,148'

2023-10-06 12:14:10 - [TEST_STEP][PASSED] - ongkir = getText(findTestObject("co saldo akun/new ongkir tf")): Text of object 'Object Repository/co saldo akun/new ongkir tf' is: 'Rp 13,000'

2023-10-06 12:14:11 - [MESSAGE][PASSED] - Text of object 'Object Repository/co saldo akun/new ongkir tf' is: 'Rp 13,000'

2023-10-06 12:14:11 - [TEST_STEP][PASSED] - ongkirr = replace(",", "").trim(): null

2023-10-06 12:14:11 - [TEST_STEP][PASSED] - ongkir1 = Integer.parseInt(ongkirr): null

2023-10-06 12:14:11 - [TEST_STEP][PASSED] - println(ongkir1): null

2023-10-06 12:14:11 - [TEST_STEP][PASSED] - biayaAdmin = getText(findTestObject("co saldo akun/new fee admin tf")): Text of object 'Object Repository/co saldo akun/new fee admin tf' is: 'Rp 1,500'

2023-10-06 12:14:11 - [MESSAGE][PASSED] - Text of object 'Object Repository/co saldo akun/new fee admin tf' is: 'Rp 1,500'

2023-10-06 12:14:11 - [TEST_STEP][PASSED] - bAdmin = replace(",", "").trim(): null

2023-10-06 12:14:11 - [TEST_STEP][PASSED] - Integer.parseInt(bAdmin): null

2023-10-06 12:14:11 - [TEST_STEP][PASSED] - Admin = Double.parseDouble(bAdmin): null

2023-10-06 12:14:11 - [TEST_STEP][PASSED] - println(Admin): null

2023-10-06 12:14:11 - [TEST_STEP][PASSED] - subtotal = getText(findTestObject("co saldo akun/new subtotal tf")): Text of object 'Object Repository/co saldo akun/new subtotal tf' is: 'Rp 2,246'

2023-10-06 12:14:12 - [MESSAGE][PASSED] - Text of object 'Object Repository/co saldo akun/new subtotal tf' is: 'Rp 2,246'

2023-10-06 12:14:12 - [TEST_STEP][PASSED] - subtotall = replace(",", "").trim(): null

2023-10-06 12:14:12 - [TEST_STEP][PASSED] - Integer.parseInt(subtotall): null

2023-10-06 12:14:12 - [TEST_STEP][PASSED] - sub = Double.parseDouble(subtotall): null

2023-10-06 12:14:12 - [TEST_STEP][PASSED] - println(sub): null

2023-10-06 12:14:12 - [TEST_STEP][PASSED] - kode = getText(findTestObject("co saldo akun/new kode unik tf")): Text of object 'Object Repository/co saldo akun/new kode unik tf' is: '+402'

2023-10-06 12:14:13 - [MESSAGE][PASSED] - Text of object 'Object Repository/co saldo akun/new kode unik tf' is: '+402'

2023-10-06 12:14:13 - [TEST_STEP][PASSED] - kodee = replace("+", "").trim(): null

2023-10-06 12:14:13 - [TEST_STEP][PASSED] - Integer.parseInt(kodee): null

2023-10-06 12:14:13 - [TEST_STEP][PASSED] - code = Double.parseDouble(kodee): null

2023-10-06 12:14:13 - [TEST_STEP][PASSED] - tOng = ongkir1 + sub: null

2023-10-06 12:14:13 - [TEST_STEP][PASSED] - println(tOng): null

2023-10-06 12:14:13 - [TEST_STEP][PASSED] - totalBayar = tOng + Admin + code: null

2023-10-06 12:14:13 - [TEST_STEP][PASSED] - println(totalBayar): null

2023-10-06 12:14:13 - [TEST_STEP][PASSED] - totalBayar1 = totalBayar: null

2023-10-06 12:14:13 - [TEST_STEP][PASSED] - println(totalBayar1): null

2023-10-06 12:14:13 - [TEST_STEP][PASSED] - total = getText(findTestObject("co saldo akun/new total harga tf")): Text of object 'Object Repository/co saldo akun/new total harga tf' is: '17,148'

2023-10-06 12:14:14 - [MESSAGE][PASSED] - Text of object 'Object Repository/co saldo akun/new total harga tf' is: '17,148'

2023-10-06 12:14:14 - [TEST_STEP][PASSED] - total1 = replace(",", "").trim(): null

2023-10-06 12:14:14 - [TEST_STEP][PASSED] - total2 = Integer.parseInt(total1): null

2023-10-06 12:14:14 - [TEST_STEP][PASSED] - println(total2): null

2023-10-06 12:14:14 - [TEST_STEP][PASSED] - assert totalBayar1 == total2: null

2023-10-06 12:14:14 - [TEST_STEP][PASSED] - data = new java.util.HashMap(): null

2023-10-06 12:14:14 - [TEST_STEP][PASSED] - data.put("invoice", noPesanan): null

2023-10-06 12:14:14 - [TEST_STEP][PASSED] - data.put("namaPengirim", pengirim): null

2023-10-06 12:14:14 - [TEST_STEP][PASSED] - data.put("totalBayar", totalharga): null

2023-10-06 12:14:14 - [TEST_STEP][PASSED] - data.put("totalOngkir", tOng): null

2023-10-06 12:14:14 - [TEST_STEP][PASSED] - return data: null]]></system-out>
         <system-err><![CDATA[]]></system-err>
      </testcase>
      <testcase name="Test Cases/T08 - Konfirmasi Pesanan/TC-OS-002" time="50.643" classname="Test Cases/T08 - Konfirmasi Pesanan/TC-OS-002" status="PASSED">
         <system-out><![CDATA[2023-10-06 12:14:14 - [TEST_CASE][PASSED] - Test Cases/T08 - Konfirmasi Pesanan/TC-OS-002: Test Cases/T08 - Konfirmasi Pesanan/TC-OS-002

2023-10-06 12:14:18 - [TEST_STEP][PASSED] - callTestCase(findTestCase("T08 - Konfirmasi Pesanan/TC-LS-001"), [:], STOP_ON_FAILURE): Call Test Case 'Test Cases/T08 - Konfirmasi Pesanan/TC-LS-001' successfully

2023-10-06 12:14:18 - [TEST_CASE][PASSED] - Test Cases/T08 - Konfirmasi Pesanan/TC-LS-001: Test Cases/T08 - Konfirmasi Pesanan/TC-LS-001

2023-10-06 12:14:18 - [TEST_STEP][PASSED] - openBrowser(urlWeb): Browser is opened with url: 'https://10.9.2.63/ecommerce/'

2023-10-06 12:14:18 - [MESSAGE][WARNING] - A browser is already opened. Closing browser and opening a new one

2023-10-06 12:14:22 - [MESSAGE][INFO] - Starting 'Firefox' driver

2023-10-06 12:14:22 - [MESSAGE][INFO] - User set preference: ['args', '[window-size=1500,1000, ignore-certificate-errors, UnexpectedAlertBehaviour=ignore]']

2023-10-06 12:14:22 - [MESSAGE][INFO] - Action delay is set to 0 milliseconds

2023-10-06 12:14:32 - [MESSAGE][PASSED] - Browser is opened with url: 'https://10.9.2.63/ecommerce/'

2023-10-06 12:14:32 - [TEST_STEP][PASSED] - maximizeWindow(): Current window maximized

2023-10-06 12:14:32 - [MESSAGE][PASSED] - Current window maximized

2023-10-06 12:14:32 - [TEST_STEP][PASSED] - click(findTestObject("Login/a_Login")): Object: 'Object Repository/Login/a_Login' is clicked on

2023-10-06 12:14:32 - [MESSAGE][PASSED] - Object: 'Object Repository/Login/a_Login' is clicked on

2023-10-06 12:14:32 - [TEST_STEP][PASSED] - setText(findTestObject("Login/input_Username, Email atau No. Handphone_a"), "runa36"): Text 'runa36' is set on object 'Object Repository/Login/input_Username, Email atau No. Handphone_a'

2023-10-06 12:14:34 - [MESSAGE][PASSED] - Text 'runa36' is set on object 'Object Repository/Login/input_Username, Email atau No. Handphone_a'

2023-10-06 12:14:34 - [TEST_STEP][PASSED] - setEncryptedText(findTestObject("Login/input_Password di Login(Masuk)"), "qbkrdMwyWE4="): Text ****** has been set on object 'Object Repository/Login/input_Password di Login(Masuk)'

2023-10-06 12:14:34 - [MESSAGE][PASSED] - Text ****** has been set on object 'Object Repository/Login/input_Password di Login(Masuk)'

2023-10-06 12:14:34 - [TEST_STEP][PASSED] - click(findTestObject("Login/button_Masuk di halaman login")): Object: 'Object Repository/Login/button_Masuk di halaman login' is clicked on

2023-10-06 12:14:36 - [MESSAGE][PASSED] - Object: 'Object Repository/Login/button_Masuk di halaman login' is clicked on

2023-10-06 12:14:36 - [TEST_STEP][PASSED] - verifyElementPresent(findTestObject("Pendaftaran/verifikasi MASUK di halaman Login"), 0): Object 'Object Repository/Pendaftaran/verifikasi MASUK di halaman Login' is present

2023-10-06 12:14:36 - [MESSAGE][WARNING] - Timeout '0' is invalid. Using default page load timeout: '30'

2023-10-06 12:14:37 - [MESSAGE][PASSED] - Object 'Object Repository/Pendaftaran/verifikasi MASUK di halaman Login' is present

2023-10-06 12:14:37 - [MESSAGE][PASSED] - Call Test Case 'Test Cases/T08 - Konfirmasi Pesanan/TC-LS-001' successfully

2023-10-06 12:14:37 - [TEST_STEP][PASSED] - sisaSaldo = replace(",", "").trim(): Text of object 'Object Repository/konfirmasi pesanan/sisa saldo rekening' is: 'Rp 1,440,678'

2023-10-06 12:14:37 - [MESSAGE][PASSED] - Text of object 'Object Repository/konfirmasi pesanan/sisa saldo rekening' is: 'Rp 1,440,678'

2023-10-06 12:14:37 - [TEST_STEP][PASSED] - println(sisaSaldo): null

2023-10-06 12:14:37 - [TEST_STEP][PASSED] - saldo = Integer.parseInt(sisaSaldo): null

2023-10-06 12:14:37 - [TEST_STEP][PASSED] - println(saldo): null

2023-10-06 12:14:37 - [TEST_STEP][PASSED] - setText(findTestObject("chekout/input aku mau belanja"), "acer"): Text 'acer' is set on object 'Object Repository/chekout/input aku mau belanja'

2023-10-06 12:14:38 - [MESSAGE][PASSED] - Text 'acer' is set on object 'Object Repository/chekout/input aku mau belanja'

2023-10-06 12:14:38 - [TEST_STEP][PASSED] - click(findTestObject("chekout/button_Cari di halaman tajalapak")): Object: 'Object Repository/chekout/button_Cari di halaman tajalapak' is clicked on

2023-10-06 12:14:40 - [MESSAGE][PASSED] - Object: 'Object Repository/chekout/button_Cari di halaman tajalapak' is clicked on

2023-10-06 12:14:40 - [TEST_STEP][PASSED] - click(findTestObject("chekout/NEW read more acer")): Object: 'Object Repository/chekout/NEW read more acer' is clicked on

2023-10-06 12:14:42 - [MESSAGE][PASSED] - Object: 'Object Repository/chekout/NEW read more acer' is clicked on

2023-10-06 12:14:42 - [TEST_STEP][PASSED] - click(findTestObject("chekout/button_Beli Sekarang di detail produk")): Object: 'Object Repository/chekout/button_Beli Sekarang di detail produk' is clicked on

2023-10-06 12:14:44 - [MESSAGE][PASSED] - Object: 'Object Repository/chekout/button_Beli Sekarang di detail produk' is clicked on

2023-10-06 12:14:44 - [TEST_STEP][PASSED] - verifyElementPresent(findTestObject("chekout/halaman keranjang belanja"), 0): Object 'Object Repository/chekout/halaman keranjang belanja' is present

2023-10-06 12:14:45 - [MESSAGE][WARNING] - Timeout '0' is invalid. Using default page load timeout: '30'

2023-10-06 12:14:46 - [MESSAGE][PASSED] - Object 'Object Repository/chekout/halaman keranjang belanja' is present

2023-10-06 12:14:46 - [TEST_STEP][PASSED] - click(findTestObject("chekout/button_Lanjut ke Pembayaran")): Object: 'Object Repository/chekout/button_Lanjut ke Pembayaran' is clicked on

2023-10-06 12:14:48 - [MESSAGE][PASSED] - Object: 'Object Repository/chekout/button_Lanjut ke Pembayaran' is clicked on

2023-10-06 12:14:48 - [TEST_STEP][PASSED] - selectOptionByValue(findTestObject("Object Repository/chekout/select_- Kirim via Kurir Lokal -Roda 2Roda 4"), Roda, false): All options with value '2' are selected in object 'Object Repository/chekout/select_- Kirim via Kurir Lokal -Roda 2Roda 4' 

2023-10-06 12:14:49 - [MESSAGE][PASSED] - All options with value '2' are selected in object 'Object Repository/chekout/select_- Kirim via Kurir Lokal -Roda 2Roda 4' 

2023-10-06 12:14:49 - [TEST_STEP][PASSED] - click(findTestObject("chekout/jenis kendaraan")): Object: 'Object Repository/chekout/jenis kendaraan' is clicked on

2023-10-06 12:14:50 - [MESSAGE][PASSED] - Object: 'Object Repository/chekout/jenis kendaraan' is clicked on

2023-10-06 12:14:50 - [TEST_STEP][PASSED] - if (toString().equalsIgnoreCase("transfer")): null

2023-10-06 12:14:50 - [TEST_STEP][PASSED] - else if (toString().equalsIgnoreCase("saldo")): Object 'Object Repository/co saldo akun/tf saldo akun' is checked

2023-10-06 12:14:50 - [TEST_STEP][PASSED] - check(findTestObject("Object Repository/co saldo akun/tf saldo akun")): Object 'Object Repository/co saldo akun/tf saldo akun' is checked

2023-10-06 12:14:51 - [MESSAGE][PASSED] - Object 'Object Repository/co saldo akun/tf saldo akun' is checked

2023-10-06 12:14:51 - [TEST_STEP][PASSED] - click(findTestObject("chekout/button_Proses Pembayaran")): Object: 'Object Repository/chekout/button_Proses Pembayaran' is clicked on

2023-10-06 12:14:57 - [MESSAGE][PASSED] - Object: 'Object Repository/chekout/button_Proses Pembayaran' is clicked on

2023-10-06 12:14:57 - [TEST_STEP][PASSED] - invoice = getText(findTestObject("Object Repository/co saldo akun/saldo akun no invoice")): Text of object 'Object Repository/co saldo akun/saldo akun no invoice' is: 'TRX91.20231006121452'

2023-10-06 12:14:58 - [MESSAGE][PASSED] - Text of object 'Object Repository/co saldo akun/saldo akun no invoice' is: 'TRX91.20231006121452'

2023-10-06 12:14:58 - [TEST_STEP][PASSED] - println(invoice): null

2023-10-06 12:14:58 - [TEST_STEP][PASSED] - penerima = getText(findTestObject("Object Repository/chekout/dikirim kepada sama dengan pengirim di tf di konfirmaasi bayar")): Text of object 'Object Repository/chekout/dikirim kepada sama dengan pengirim di tf di konfirmaasi bayar' is: 'runarun'

2023-10-06 12:14:59 - [MESSAGE][PASSED] - Text of object 'Object Repository/chekout/dikirim kepada sama dengan pengirim di tf di konfirmaasi bayar' is: 'runarun'

2023-10-06 12:14:59 - [TEST_STEP][PASSED] - println(penerima): null

2023-10-06 12:14:59 - [TEST_STEP][PASSED] - total = getText(findTestObject("Object Repository/chekout/total harga bayar")): Text of object 'Object Repository/chekout/total harga bayar' is: '17,198'

2023-10-06 12:14:59 - [MESSAGE][PASSED] - Text of object 'Object Repository/chekout/total harga bayar' is: '17,198'

2023-10-06 12:14:59 - [TEST_STEP][PASSED] - println(total): null

2023-10-06 12:14:59 - [TEST_STEP][PASSED] - total1 = replace(",", "").trim(): null

2023-10-06 12:14:59 - [TEST_STEP][PASSED] - totalHarga = Integer.parseInt(total1): null

2023-10-06 12:14:59 - [TEST_STEP][PASSED] - println(totalHarga): null

2023-10-06 12:14:59 - [TEST_STEP][PASSED] - ongkir = getText(findTestObject("Object Repository/co saldo akun/ongkir")): Text of object 'Object Repository/co saldo akun/ongkir' is: 'Rp 13,000'

2023-10-06 12:14:59 - [MESSAGE][PASSED] - Text of object 'Object Repository/co saldo akun/ongkir' is: 'Rp 13,000'

2023-10-06 12:14:59 - [TEST_STEP][PASSED] - ongkir1 = replace(",", "").trim(): null

2023-10-06 12:14:59 - [TEST_STEP][PASSED] - ongkosKirim = Integer.parseInt(ongkir1): null

2023-10-06 12:14:59 - [TEST_STEP][PASSED] - println(ongkosKirim): null

2023-10-06 12:14:59 - [TEST_STEP][PASSED] - admin = getText(findTestObject("Object Repository/co saldo akun/fee admin")): Text of object 'Object Repository/co saldo akun/fee admin' is: 'Rp 1,500'

2023-10-06 12:15:00 - [MESSAGE][PASSED] - Text of object 'Object Repository/co saldo akun/fee admin' is: 'Rp 1,500'

2023-10-06 12:15:00 - [TEST_STEP][PASSED] - admin1 = replace(",", "").trim(): null

2023-10-06 12:15:00 - [TEST_STEP][PASSED] - Badmin = Integer.parseInt(admin1): null

2023-10-06 12:15:00 - [TEST_STEP][PASSED] - println(Badmin): null

2023-10-06 12:15:00 - [TEST_STEP][PASSED] - sub = getText(findTestObject("Object Repository/co saldo akun/subtotal")): Text of object 'Object Repository/co saldo akun/subtotal' is: 'Rp 2,246'

2023-10-06 12:15:01 - [MESSAGE][PASSED] - Text of object 'Object Repository/co saldo akun/subtotal' is: 'Rp 2,246'

2023-10-06 12:15:01 - [TEST_STEP][PASSED] - sub1 = replace(",", "").trim(): null

2023-10-06 12:15:01 - [TEST_STEP][PASSED] - subtotal = Integer.parseInt(sub1): null

2023-10-06 12:15:01 - [TEST_STEP][PASSED] - println(subtotal): null

2023-10-06 12:15:01 - [TEST_STEP][PASSED] - tOng = ongkosKirim + subtotal: null

2023-10-06 12:15:01 - [TEST_STEP][PASSED] - println(tOng): null

2023-10-06 12:15:01 - [TEST_STEP][PASSED] - unik = getText(findTestObject("Object Repository/co saldo akun/kode unik")): Text of object 'Object Repository/co saldo akun/kode unik' is: '+452'

2023-10-06 12:15:01 - [MESSAGE][PASSED] - Text of object 'Object Repository/co saldo akun/kode unik' is: '+452'

2023-10-06 12:15:01 - [TEST_STEP][PASSED] - unik1 = replace("+", "").trim(): null

2023-10-06 12:15:01 - [TEST_STEP][PASSED] - kode = Integer.parseInt(unik1): null

2023-10-06 12:15:01 - [TEST_STEP][PASSED] - println(kode): null

2023-10-06 12:15:01 - [TEST_STEP][PASSED] - totalBayar = ongkosKirim + Badmin + subtotal + kode: null

2023-10-06 12:15:01 - [TEST_STEP][PASSED] - println(totalBayar): null

2023-10-06 12:15:01 - [TEST_STEP][PASSED] - assert totalBayar == totalHarga: null

2023-10-06 12:15:01 - [TEST_STEP][PASSED] - TotalSaldo = saldo - totalBayar: null

2023-10-06 12:15:01 - [TEST_STEP][PASSED] - println(TotalSaldo): null

2023-10-06 12:15:01 - [TEST_STEP][PASSED] - click(findTestObject("Object Repository/konfirmasi pesanan/a_Akun 0")): Object: 'Object Repository/konfirmasi pesanan/a_Akun 0' is clicked on

2023-10-06 12:15:02 - [MESSAGE][PASSED] - Object: 'Object Repository/konfirmasi pesanan/a_Akun 0' is clicked on

2023-10-06 12:15:02 - [TEST_STEP][PASSED] - click(findTestObject("Object Repository/konfirmasi pesanan/a_Profile")): Object: 'Object Repository/konfirmasi pesanan/a_Profile' is clicked on

2023-10-06 12:15:04 - [MESSAGE][PASSED] - Object: 'Object Repository/konfirmasi pesanan/a_Profile' is clicked on

2023-10-06 12:15:04 - [TEST_STEP][PASSED] - SiSaldo = replace(",", "").trim(): Text of object 'Object Repository/konfirmasi pesanan/sisa saldo rekening' is: 'Rp 1,423,480'

2023-10-06 12:15:05 - [MESSAGE][PASSED] - Text of object 'Object Repository/konfirmasi pesanan/sisa saldo rekening' is: 'Rp 1,423,480'

2023-10-06 12:15:05 - [TEST_STEP][PASSED] - println(SiSaldo): null

2023-10-06 12:15:05 - [TEST_STEP][PASSED] - saldo1 = Integer.parseInt(SiSaldo): null

2023-10-06 12:15:05 - [TEST_STEP][PASSED] - println(saldo1): null

2023-10-06 12:15:05 - [TEST_STEP][PASSED] - assert saldo1 == TotalSaldo: null

2023-10-06 12:15:05 - [TEST_STEP][PASSED] - data1 = new java.util.HashMap(): null

2023-10-06 12:15:05 - [TEST_STEP][PASSED] - data1.put("invoice", invoice): null

2023-10-06 12:15:05 - [TEST_STEP][PASSED] - data1.put("nmPengirim", penerima): null

2023-10-06 12:15:05 - [TEST_STEP][PASSED] - data1.put("hargaBayar", total): null

2023-10-06 12:15:05 - [TEST_STEP][PASSED] - data1.put("totalOngkir", tOng): null

2023-10-06 12:15:05 - [TEST_STEP][PASSED] - return data1: null]]></system-out>
         <system-err><![CDATA[]]></system-err>
      </testcase>
      <testcase name="Test Cases/T08 - Konfirmasi Pesanan/TC-KS-001" time="59.09" classname="Test Cases/T08 - Konfirmasi Pesanan/TC-KS-001" status="PASSED">
         <system-out><![CDATA[2023-10-06 12:15:05 - [TEST_CASE][PASSED] - Test Cases/T08 - Konfirmasi Pesanan/TC-KS-001: Test Cases/T08 - Konfirmasi Pesanan/TC-KS-001

2023-10-06 12:15:06 - [TEST_STEP][PASSED] - data = callTestCase(findTestCase("T08 - Konfirmasi Pesanan/TC-OS-001"), ["Roda":"2", "MetodePembayaran":"transfer"], STOP_ON_FAILURE): Call Test Case 'Test Cases/T08 - Konfirmasi Pesanan/TC-OS-001' successfully

2023-10-06 12:15:06 - [TEST_CASE][PASSED] - Test Cases/T08 - Konfirmasi Pesanan/TC-OS-001: Test Cases/T08 - Konfirmasi Pesanan/TC-OS-001

2023-10-06 12:15:06 - [TEST_STEP][PASSED] - callTestCase(findTestCase("T08 - Konfirmasi Pesanan/TC-LS-001"), [:], STOP_ON_FAILURE): Call Test Case 'Test Cases/T08 - Konfirmasi Pesanan/TC-LS-001' successfully

2023-10-06 12:15:06 - [TEST_CASE][PASSED] - Test Cases/T08 - Konfirmasi Pesanan/TC-LS-001: Test Cases/T08 - Konfirmasi Pesanan/TC-LS-001

2023-10-06 12:15:06 - [TEST_STEP][PASSED] - openBrowser(urlWeb): Browser is opened with url: 'https://10.9.2.63/ecommerce/'

2023-10-06 12:15:06 - [MESSAGE][WARNING] - A browser is already opened. Closing browser and opening a new one

2023-10-06 12:15:10 - [MESSAGE][INFO] - Starting 'Firefox' driver

2023-10-06 12:15:10 - [MESSAGE][INFO] - User set preference: ['args', '[window-size=1500,1000, ignore-certificate-errors, UnexpectedAlertBehaviour=ignore]']

2023-10-06 12:15:10 - [MESSAGE][INFO] - Action delay is set to 0 milliseconds

2023-10-06 12:15:19 - [MESSAGE][PASSED] - Browser is opened with url: 'https://10.9.2.63/ecommerce/'

2023-10-06 12:15:19 - [TEST_STEP][PASSED] - maximizeWindow(): Current window maximized

2023-10-06 12:15:19 - [MESSAGE][PASSED] - Current window maximized

2023-10-06 12:15:19 - [TEST_STEP][PASSED] - click(findTestObject("Login/a_Login")): Object: 'Object Repository/Login/a_Login' is clicked on

2023-10-06 12:15:20 - [MESSAGE][PASSED] - Object: 'Object Repository/Login/a_Login' is clicked on

2023-10-06 12:15:20 - [TEST_STEP][PASSED] - setText(findTestObject("Login/input_Username, Email atau No. Handphone_a"), "runa36"): Text 'runa36' is set on object 'Object Repository/Login/input_Username, Email atau No. Handphone_a'

2023-10-06 12:15:21 - [MESSAGE][PASSED] - Text 'runa36' is set on object 'Object Repository/Login/input_Username, Email atau No. Handphone_a'

2023-10-06 12:15:21 - [TEST_STEP][PASSED] - setEncryptedText(findTestObject("Login/input_Password di Login(Masuk)"), "qbkrdMwyWE4="): Text ****** has been set on object 'Object Repository/Login/input_Password di Login(Masuk)'

2023-10-06 12:15:21 - [MESSAGE][PASSED] - Text ****** has been set on object 'Object Repository/Login/input_Password di Login(Masuk)'

2023-10-06 12:15:21 - [TEST_STEP][PASSED] - click(findTestObject("Login/button_Masuk di halaman login")): Object: 'Object Repository/Login/button_Masuk di halaman login' is clicked on

2023-10-06 12:15:23 - [MESSAGE][PASSED] - Object: 'Object Repository/Login/button_Masuk di halaman login' is clicked on

2023-10-06 12:15:23 - [TEST_STEP][PASSED] - verifyElementPresent(findTestObject("Pendaftaran/verifikasi MASUK di halaman Login"), 0): Object 'Object Repository/Pendaftaran/verifikasi MASUK di halaman Login' is present

2023-10-06 12:15:23 - [MESSAGE][WARNING] - Timeout '0' is invalid. Using default page load timeout: '30'

2023-10-06 12:15:24 - [MESSAGE][PASSED] - Object 'Object Repository/Pendaftaran/verifikasi MASUK di halaman Login' is present

2023-10-06 12:15:24 - [MESSAGE][PASSED] - Call Test Case 'Test Cases/T08 - Konfirmasi Pesanan/TC-LS-001' successfully

2023-10-06 12:15:24 - [TEST_STEP][PASSED] - setText(findTestObject("chekout/input aku mau belanja"), "acer"): Text 'acer' is set on object 'Object Repository/chekout/input aku mau belanja'

2023-10-06 12:15:25 - [MESSAGE][PASSED] - Text 'acer' is set on object 'Object Repository/chekout/input aku mau belanja'

2023-10-06 12:15:25 - [TEST_STEP][PASSED] - click(findTestObject("chekout/button_Cari di halaman tajalapak")): Object: 'Object Repository/chekout/button_Cari di halaman tajalapak' is clicked on

2023-10-06 12:15:27 - [MESSAGE][PASSED] - Object: 'Object Repository/chekout/button_Cari di halaman tajalapak' is clicked on

2023-10-06 12:15:27 - [TEST_STEP][PASSED] - click(findTestObject("chekout/NEW read more acer")): Object: 'Object Repository/chekout/NEW read more acer' is clicked on

2023-10-06 12:15:29 - [MESSAGE][PASSED] - Object: 'Object Repository/chekout/NEW read more acer' is clicked on

2023-10-06 12:15:29 - [TEST_STEP][PASSED] - click(findTestObject("chekout/button_Beli Sekarang di detail produk")): Object: 'Object Repository/chekout/button_Beli Sekarang di detail produk' is clicked on

2023-10-06 12:15:31 - [MESSAGE][PASSED] - Object: 'Object Repository/chekout/button_Beli Sekarang di detail produk' is clicked on

2023-10-06 12:15:31 - [TEST_STEP][PASSED] - verifyElementPresent(findTestObject("chekout/halaman keranjang belanja"), 0): Object 'Object Repository/chekout/halaman keranjang belanja' is present

2023-10-06 12:15:31 - [MESSAGE][WARNING] - Timeout '0' is invalid. Using default page load timeout: '30'

2023-10-06 12:15:32 - [MESSAGE][PASSED] - Object 'Object Repository/chekout/halaman keranjang belanja' is present

2023-10-06 12:15:32 - [TEST_STEP][PASSED] - click(findTestObject("chekout/button_Lanjut ke Pembayaran")): Object: 'Object Repository/chekout/button_Lanjut ke Pembayaran' is clicked on

2023-10-06 12:15:34 - [MESSAGE][PASSED] - Object: 'Object Repository/chekout/button_Lanjut ke Pembayaran' is clicked on

2023-10-06 12:15:34 - [TEST_STEP][PASSED] - selectOptionByValue(findTestObject("Object Repository/chekout/select_- Kirim via Kurir Lokal -Roda 2Roda 4"), Roda, false): All options with value '2' are selected in object 'Object Repository/chekout/select_- Kirim via Kurir Lokal -Roda 2Roda 4' 

2023-10-06 12:15:36 - [MESSAGE][PASSED] - All options with value '2' are selected in object 'Object Repository/chekout/select_- Kirim via Kurir Lokal -Roda 2Roda 4' 

2023-10-06 12:15:36 - [TEST_STEP][PASSED] - click(findTestObject("chekout/jenis kendaraan")): Object: 'Object Repository/chekout/jenis kendaraan' is clicked on

2023-10-06 12:15:36 - [MESSAGE][PASSED] - Object: 'Object Repository/chekout/jenis kendaraan' is clicked on

2023-10-06 12:15:36 - [TEST_STEP][PASSED] - if (toString().equalsIgnoreCase("transfer")): Object 'Object Repository/chekout/input metode tf bank' is checked

2023-10-06 12:15:36 - [TEST_STEP][PASSED] - check(findTestObject("chekout/input metode tf bank")): Object 'Object Repository/chekout/input metode tf bank' is checked

2023-10-06 12:15:37 - [MESSAGE][PASSED] - Object 'Object Repository/chekout/input metode tf bank' is checked

2023-10-06 12:15:37 - [TEST_STEP][PASSED] - click(findTestObject("chekout/button_Proses Pembayaran")): Object: 'Object Repository/chekout/button_Proses Pembayaran' is clicked on

2023-10-06 12:15:43 - [MESSAGE][PASSED] - Object: 'Object Repository/chekout/button_Proses Pembayaran' is clicked on

2023-10-06 12:15:43 - [TEST_STEP][PASSED] - noPesanan = getText(findTestObject("Object Repository/chekout/nomor invoice dari halaman menunggu pembayaran")): Text of object 'Object Repository/chekout/nomor invoice dari halaman menunggu pembayaran' is: 'TRX91.20231006121537'

2023-10-06 12:15:44 - [MESSAGE][PASSED] - Text of object 'Object Repository/chekout/nomor invoice dari halaman menunggu pembayaran' is: 'TRX91.20231006121537'

2023-10-06 12:15:44 - [TEST_STEP][PASSED] - println(noPesanan): null

2023-10-06 12:15:45 - [TEST_STEP][PASSED] - pengirim = getText(findTestObject("Object Repository/chekout/dikirim kepada sama dengan pengirim di tf di konfirmaasi bayar")): Text of object 'Object Repository/chekout/dikirim kepada sama dengan pengirim di tf di konfirmaasi bayar' is: 'runarun'

2023-10-06 12:15:45 - [MESSAGE][PASSED] - Text of object 'Object Repository/chekout/dikirim kepada sama dengan pengirim di tf di konfirmaasi bayar' is: 'runarun'

2023-10-06 12:15:45 - [TEST_STEP][PASSED] - totalharga = getText(findTestObject("Object Repository/chekout/total harga bayar")): Text of object 'Object Repository/chekout/total harga bayar' is: '17,283'

2023-10-06 12:15:46 - [MESSAGE][PASSED] - Text of object 'Object Repository/chekout/total harga bayar' is: '17,283'

2023-10-06 12:15:46 - [TEST_STEP][PASSED] - ongkir = getText(findTestObject("co saldo akun/new ongkir tf")): Text of object 'Object Repository/co saldo akun/new ongkir tf' is: 'Rp 13,000'

2023-10-06 12:15:46 - [MESSAGE][PASSED] - Text of object 'Object Repository/co saldo akun/new ongkir tf' is: 'Rp 13,000'

2023-10-06 12:15:46 - [TEST_STEP][PASSED] - ongkirr = replace(",", "").trim(): null

2023-10-06 12:15:46 - [TEST_STEP][PASSED] - ongkir1 = Integer.parseInt(ongkirr): null

2023-10-06 12:15:46 - [TEST_STEP][PASSED] - println(ongkir1): null

2023-10-06 12:15:46 - [TEST_STEP][PASSED] - biayaAdmin = getText(findTestObject("co saldo akun/new fee admin tf")): Text of object 'Object Repository/co saldo akun/new fee admin tf' is: 'Rp 1,500'

2023-10-06 12:15:47 - [MESSAGE][PASSED] - Text of object 'Object Repository/co saldo akun/new fee admin tf' is: 'Rp 1,500'

2023-10-06 12:15:47 - [TEST_STEP][PASSED] - bAdmin = replace(",", "").trim(): null

2023-10-06 12:15:47 - [TEST_STEP][PASSED] - Integer.parseInt(bAdmin): null

2023-10-06 12:15:47 - [TEST_STEP][PASSED] - Admin = Double.parseDouble(bAdmin): null

2023-10-06 12:15:47 - [TEST_STEP][PASSED] - println(Admin): null

2023-10-06 12:15:47 - [TEST_STEP][PASSED] - subtotal = getText(findTestObject("co saldo akun/new subtotal tf")): Text of object 'Object Repository/co saldo akun/new subtotal tf' is: 'Rp 2,246'

2023-10-06 12:15:48 - [MESSAGE][PASSED] - Text of object 'Object Repository/co saldo akun/new subtotal tf' is: 'Rp 2,246'

2023-10-06 12:15:48 - [TEST_STEP][PASSED] - subtotall = replace(",", "").trim(): null

2023-10-06 12:15:48 - [TEST_STEP][PASSED] - Integer.parseInt(subtotall): null

2023-10-06 12:15:48 - [TEST_STEP][PASSED] - sub = Double.parseDouble(subtotall): null

2023-10-06 12:15:48 - [TEST_STEP][PASSED] - println(sub): null

2023-10-06 12:15:48 - [TEST_STEP][PASSED] - kode = getText(findTestObject("co saldo akun/new kode unik tf")): Text of object 'Object Repository/co saldo akun/new kode unik tf' is: '+537'

2023-10-06 12:15:48 - [MESSAGE][PASSED] - Text of object 'Object Repository/co saldo akun/new kode unik tf' is: '+537'

2023-10-06 12:15:48 - [TEST_STEP][PASSED] - kodee = replace("+", "").trim(): null

2023-10-06 12:15:48 - [TEST_STEP][PASSED] - Integer.parseInt(kodee): null

2023-10-06 12:15:48 - [TEST_STEP][PASSED] - code = Double.parseDouble(kodee): null

2023-10-06 12:15:48 - [TEST_STEP][PASSED] - tOng = ongkir1 + sub: null

2023-10-06 12:15:48 - [TEST_STEP][PASSED] - println(tOng): null

2023-10-06 12:15:48 - [TEST_STEP][PASSED] - totalBayar = tOng + Admin + code: null

2023-10-06 12:15:48 - [TEST_STEP][PASSED] - println(totalBayar): null

2023-10-06 12:15:48 - [TEST_STEP][PASSED] - totalBayar1 = totalBayar: null

2023-10-06 12:15:48 - [TEST_STEP][PASSED] - println(totalBayar1): null

2023-10-06 12:15:48 - [TEST_STEP][PASSED] - total = getText(findTestObject("co saldo akun/new total harga tf")): Text of object 'Object Repository/co saldo akun/new total harga tf' is: '17,283'

2023-10-06 12:15:49 - [MESSAGE][PASSED] - Text of object 'Object Repository/co saldo akun/new total harga tf' is: '17,283'

2023-10-06 12:15:49 - [TEST_STEP][PASSED] - total1 = replace(",", "").trim(): null

2023-10-06 12:15:49 - [TEST_STEP][PASSED] - total2 = Integer.parseInt(total1): null

2023-10-06 12:15:49 - [TEST_STEP][PASSED] - println(total2): null

2023-10-06 12:15:49 - [TEST_STEP][PASSED] - assert totalBayar1 == total2: null

2023-10-06 12:15:49 - [TEST_STEP][PASSED] - data = new java.util.HashMap(): null

2023-10-06 12:15:49 - [TEST_STEP][PASSED] - data.put("invoice", noPesanan): null

2023-10-06 12:15:49 - [TEST_STEP][PASSED] - data.put("namaPengirim", pengirim): null

2023-10-06 12:15:49 - [TEST_STEP][PASSED] - data.put("totalBayar", totalharga): null

2023-10-06 12:15:49 - [TEST_STEP][PASSED] - data.put("totalOngkir", tOng): null

2023-10-06 12:15:49 - [TEST_STEP][PASSED] - return data: null

2023-10-06 12:15:49 - [MESSAGE][PASSED] - Call Test Case 'Test Cases/T08 - Konfirmasi Pesanan/TC-OS-001' successfully

2023-10-06 12:15:49 - [TEST_STEP][PASSED] - noInvoice = data.get("invoice"): null

2023-10-06 12:15:49 - [TEST_STEP][PASSED] - nmPengirim = data.get("namaPengirim"): null

2023-10-06 12:15:49 - [TEST_STEP][PASSED] - ttlBayar = data.get("totalBayar"): null

2023-10-06 12:15:49 - [TEST_STEP][PASSED] - click(findTestObject("konfirmasi pesanan/a_Akun 0")): Object: 'Object Repository/konfirmasi pesanan/a_Akun 0' is clicked on

2023-10-06 12:15:50 - [MESSAGE][PASSED] - Object: 'Object Repository/konfirmasi pesanan/a_Akun 0' is clicked on

2023-10-06 12:15:50 - [TEST_STEP][PASSED] - click(findTestObject("konfirmasi pesanan/a_Profile")): Object: 'Object Repository/konfirmasi pesanan/a_Profile' is clicked on

2023-10-06 12:15:52 - [MESSAGE][PASSED] - Object: 'Object Repository/konfirmasi pesanan/a_Profile' is clicked on

2023-10-06 12:15:52 - [TEST_STEP][PASSED] - click(findTestObject("konfirmasi pesanan/a_Pembelian")): Object: 'Object Repository/konfirmasi pesanan/a_Pembelian' is clicked on

2023-10-06 12:15:54 - [MESSAGE][PASSED] - Object: 'Object Repository/konfirmasi pesanan/a_Pembelian' is clicked on

2023-10-06 12:15:54 - [TEST_STEP][PASSED] - click(findTestObject("konfirmasi pesanan/new konfirmasi bayar")): Object: 'Object Repository/konfirmasi pesanan/new konfirmasi bayar' is clicked on

2023-10-06 12:15:55 - [MESSAGE][PASSED] - Object: 'Object Repository/konfirmasi pesanan/new konfirmasi bayar' is clicked on

2023-10-06 12:15:55 - [TEST_STEP][PASSED] - verifyElementPresent(findTestObject("konfirmasi pesanan/verifikasi user masuk halaman konfirmasi bayar dari akun profil"), 0): Object 'Object Repository/konfirmasi pesanan/verifikasi user masuk halaman konfirmasi bayar dari akun profil' is present

2023-10-06 12:15:56 - [MESSAGE][WARNING] - Timeout '0' is invalid. Using default page load timeout: '30'

2023-10-06 12:15:56 - [MESSAGE][PASSED] - Object 'Object Repository/konfirmasi pesanan/verifikasi user masuk halaman konfirmasi bayar dari akun profil' is present

2023-10-06 12:15:56 - [TEST_STEP][PASSED] - uploadFile(findTestObject("konfirmasi pesanan/input_Upload Bukti Transfer_f"), "F:\bootcamp\Miniproject\transfer.jpg"): File 'F:\bootcamp\Miniproject\transfer.jpg' sent to object: 'Object Repository/konfirmasi pesanan/input_Upload Bukti Transfer_f'

2023-10-06 12:15:57 - [MESSAGE][PASSED] - File 'F:\bootcamp\Miniproject\transfer.jpg' sent to object: 'Object Repository/konfirmasi pesanan/input_Upload Bukti Transfer_f'

2023-10-06 12:15:57 - [TEST_STEP][PASSED] - totalBayar = getAttribute(findTestObject("Object Repository/konfirmasi pesanan/input_Total TagihanTransfer_b"), "value"): Attribute 'value' of object 'Object Repository/konfirmasi pesanan/input_Total TagihanTransfer_b' is: '17,283'

2023-10-06 12:15:58 - [MESSAGE][PASSED] - Attribute 'value' of object 'Object Repository/konfirmasi pesanan/input_Total TagihanTransfer_b' is: '17,283'

2023-10-06 12:15:58 - [TEST_STEP][PASSED] - selectOptionByValue(findTestObject("konfirmasi pesanan/select dropdown trasfer"), transfe, false): All options with value '2' are selected in object 'Object Repository/konfirmasi pesanan/select dropdown trasfer' 

2023-10-06 12:15:59 - [MESSAGE][PASSED] - All options with value '2' are selected in object 'Object Repository/konfirmasi pesanan/select dropdown trasfer' 

2023-10-06 12:15:59 - [TEST_STEP][PASSED] - naamaPengirim = getAttribute(findTestObject("Object Repository/konfirmasi pesanan/input_Nama Pengirim_d"), "value"): Attribute 'value' of object 'Object Repository/konfirmasi pesanan/input_Nama Pengirim_d' is: 'runarun'

2023-10-06 12:15:59 - [MESSAGE][PASSED] - Attribute 'value' of object 'Object Repository/konfirmasi pesanan/input_Nama Pengirim_d' is: 'runarun'

2023-10-06 12:15:59 - [TEST_STEP][PASSED] - println(naamaPengirim): null

2023-10-06 12:15:59 - [TEST_STEP][PASSED] - tanggal = getAttribute(findTestObject("Object Repository/konfirmasi pesanan/input_Tanggal Transfer_e"), "value"): Attribute 'value' of object 'Object Repository/konfirmasi pesanan/input_Tanggal Transfer_e' is: '2023-10-06'

2023-10-06 12:16:00 - [MESSAGE][PASSED] - Attribute 'value' of object 'Object Repository/konfirmasi pesanan/input_Tanggal Transfer_e' is: '2023-10-06'

2023-10-06 12:16:00 - [TEST_STEP][PASSED] - println(tanggal): null

2023-10-06 12:16:00 - [TEST_STEP][PASSED] - select = new org.openqa.selenium.support.ui.Select(com.kms.katalon.core.webui.driver.DriverFactory.getWebDriver().findElement(org.openqa.selenium.By.xpath(//select[@name="c"]))): null

2023-10-06 12:16:01 - [TEST_STEP][PASSED] - transfer = getFirstSelectedOption().getText(): null

2023-10-06 12:16:01 - [TEST_STEP][PASSED] - trans = transfer.split("-"): null

2023-10-06 12:16:01 - [TEST_STEP][PASSED] - transf = "": null

2023-10-06 12:16:01 - [TEST_STEP][PASSED] - for ([i = 0, i < length, (i++)]): null

2023-10-06 12:16:01 - [TEST_STEP][PASSED] - tf = trans[0].trim(): null

2023-10-06 12:16:01 - [TEST_STEP][PASSED] - transf = tf: null

2023-10-06 12:16:01 - [TEST_STEP][PASSED] - tf = trans[0].trim(): null

2023-10-06 12:16:01 - [TEST_STEP][PASSED] - transf = tf: null

2023-10-06 12:16:01 - [TEST_STEP][PASSED] - println(transf): null

2023-10-06 12:16:01 - [TEST_STEP][PASSED] - assert trim().equalsIgnoreCase(ttlBayar.trim()): null

2023-10-06 12:16:01 - [TEST_STEP][PASSED] - assert trim().equalsIgnoreCase(nmPengirim.trim()): null

2023-10-06 12:16:01 - [TEST_STEP][PASSED] - click(findTestObject("konfirmasi pesanan/button_Konfirmasi Pembayaran")): Object: 'Object Repository/konfirmasi pesanan/button_Konfirmasi Pembayaran' is clicked on

2023-10-06 12:16:03 - [MESSAGE][PASSED] - Object: 'Object Repository/konfirmasi pesanan/button_Konfirmasi Pembayaran' is clicked on

2023-10-06 12:16:03 - [TEST_STEP][PASSED] - verifyElementText(findTestObject("konfirmasi pesanan/verifikasi sukses melakukan pembayaran pesanan"), "Sukses Melakukan Konfirmasi Pembayaran Pesanan!"): Actual text and expected text of test object 'Object Repository/konfirmasi pesanan/verifikasi sukses melakukan pembayaran pesanan' are matched.

2023-10-06 12:16:04 - [MESSAGE][PASSED] - Actual text and expected text of test object 'Object Repository/konfirmasi pesanan/verifikasi sukses melakukan pembayaran pesanan' are matched.

2023-10-06 12:16:04 - [TEST_STEP][PASSED] - data.put("namaHasilInput", naamaPengirim): null

2023-10-06 12:16:04 - [TEST_STEP][PASSED] - data.put("date", tanggal): null

2023-10-06 12:16:04 - [TEST_STEP][PASSED] - data.put("noRekening", transf): null

2023-10-06 12:16:04 - [TEST_STEP][PASSED] - data.put("inputJmlTf", totalBayar): null

2023-10-06 12:16:04 - [TEST_STEP][PASSED] - return data: null]]></system-out>
         <system-err><![CDATA[]]></system-err>
      </testcase>
      <testcase name="Test Cases/T08 - Konfirmasi Pesanan/TC-KS-002" time="65.575" classname="Test Cases/T08 - Konfirmasi Pesanan/TC-KS-002" status="FAILED">
         <failure type="FAILED" message="Test Cases/T08 - Konfirmasi Pesanan/TC-KS-002 FAILED.
Reason:
com.kms.katalon.core.exception.StepFailedException: Verify element text of test object 'Object Repository/konfirmasi pesanan/verifikasi sudah melakukan konfirmasi sekali di menu akun' FAILED.
	at com.kms.katalon.core.webui.keyword.internal.WebUIKeywordMain.stepFailed(WebUIKeywordMain.groovy:64)
	at com.kms.katalon.core.webui.keyword.internal.WebUIKeywordMain.runKeyword(WebUIKeywordMain.groovy:26)
	at com.kms.katalon.core.webui.keyword.builtin.VerifyElementTextKeyword.verifyElementText(VerifyElementTextKeyword.groovy:72)
	at com.kms.katalon.core.webui.keyword.builtin.VerifyElementTextKeyword.execute(VerifyElementTextKeyword.groovy:40)
	at com.kms.katalon.core.keyword.internal.KeywordExecutor.executeKeywordForPlatform(KeywordExecutor.groovy:74)
	at com.kms.katalon.core.webui.keyword.WebUiBuiltInKeywords.verifyElementText(WebUiBuiltInKeywords.groovy:4749)
	at com.kms.katalon.core.webui.keyword.WebUiBuiltInKeywords$verifyElementText$10.call(Unknown Source)
	at TC-KS-002.run(TC-KS-002:35)
	at com.kms.katalon.core.main.ScriptEngine.run(ScriptEngine.java:194)
	at com.kms.katalon.core.main.ScriptEngine.runScriptAsRawText(ScriptEngine.java:119)
	at com.kms.katalon.core.main.TestCaseExecutor.runScript(TestCaseExecutor.java:448)
	at com.kms.katalon.core.main.TestCaseExecutor.doExecute(TestCaseExecutor.java:439)
	at com.kms.katalon.core.main.TestCaseExecutor.processExecutionPhase(TestCaseExecutor.java:418)
	at com.kms.katalon.core.main.TestCaseExecutor.accessMainPhase(TestCaseExecutor.java:410)
	at com.kms.katalon.core.main.TestCaseExecutor.execute(TestCaseExecutor.java:285)
	at com.kms.katalon.core.common.CommonExecutor.accessTestCaseMainPhase(CommonExecutor.java:65)
	at com.kms.katalon.core.main.TestSuiteExecutor.accessTestSuiteMainPhase(TestSuiteExecutor.java:148)
	at com.kms.katalon.core.main.TestSuiteExecutor.execute(TestSuiteExecutor.java:106)
	at com.kms.katalon.core.main.TestCaseMain.startTestSuite(TestCaseMain.java:187)
	at com.kms.katalon.core.main.TestCaseMain$startTestSuite$0.call(Unknown Source)
	at TempTestSuite1696569176253.run(TempTestSuite1696569176253.groovy:36)
Caused by: com.kms.katalon.core.exception.StepFailedException: Actual text 'PENTING - Pesanan ini sudah dikonfirmasi Sebelumnya sebanyak 1 kali,..' and expected text 'Sukses Melakukan Konfirmasi Pesanan!' of test object 'Object Repository/konfirmasi pesanan/verifikasi sudah melakukan konfirmasi sekali di menu akun' are NOT matched.
	at com.kms.katalon.core.webui.keyword.internal.WebUIKeywordMain.stepFailed(WebUIKeywordMain.groovy:64)
	at com.kms.katalon.core.webui.keyword.builtin.VerifyElementTextKeyword$_verifyElementText_closure1.doCall(VerifyElementTextKeyword.groovy:57)
	at com.kms.katalon.core.webui.keyword.builtin.VerifyElementTextKeyword$_verifyElementText_closure1.call(VerifyElementTextKeyword.groovy)
	at com.kms.katalon.core.webui.keyword.internal.WebUIKeywordMain.runKeyword(WebUIKeywordMain.groovy:20)
	... 19 more
"/>
         <system-out><![CDATA[2023-10-06 12:16:04 - [TEST_CASE][FAILED] - Test Cases/T08 - Konfirmasi Pesanan/TC-KS-002: Test Cases/T08 - Konfirmasi Pesanan/TC-KS-002 FAILED.
Reason:
com.kms.katalon.core.exception.StepFailedException: Verify element text of test object 'Object Repository/konfirmasi pesanan/verifikasi sudah melakukan konfirmasi sekali di menu akun' FAILED.
	at com.kms.katalon.core.webui.keyword.internal.WebUIKeywordMain.stepFailed(WebUIKeywordMain.groovy:64)
	at com.kms.katalon.core.webui.keyword.internal.WebUIKeywordMain.runKeyword(WebUIKeywordMain.groovy:26)
	at com.kms.katalon.core.webui.keyword.builtin.VerifyElementTextKeyword.verifyElementText(VerifyElementTextKeyword.groovy:72)
	at com.kms.katalon.core.webui.keyword.builtin.VerifyElementTextKeyword.execute(VerifyElementTextKeyword.groovy:40)
	at com.kms.katalon.core.keyword.internal.KeywordExecutor.executeKeywordForPlatform(KeywordExecutor.groovy:74)
	at com.kms.katalon.core.webui.keyword.WebUiBuiltInKeywords.verifyElementText(WebUiBuiltInKeywords.groovy:4749)
	at com.kms.katalon.core.webui.keyword.WebUiBuiltInKeywords$verifyElementText$10.call(Unknown Source)
	at TC-KS-002.run(TC-KS-002:35)
	at com.kms.katalon.core.main.ScriptEngine.run(ScriptEngine.java:194)
	at com.kms.katalon.core.main.ScriptEngine.runScriptAsRawText(ScriptEngine.java:119)
	at com.kms.katalon.core.main.TestCaseExecutor.runScript(TestCaseExecutor.java:448)
	at com.kms.katalon.core.main.TestCaseExecutor.doExecute(TestCaseExecutor.java:439)
	at com.kms.katalon.core.main.TestCaseExecutor.processExecutionPhase(TestCaseExecutor.java:418)
	at com.kms.katalon.core.main.TestCaseExecutor.accessMainPhase(TestCaseExecutor.java:410)
	at com.kms.katalon.core.main.TestCaseExecutor.execute(TestCaseExecutor.java:285)
	at com.kms.katalon.core.common.CommonExecutor.accessTestCaseMainPhase(CommonExecutor.java:65)
	at com.kms.katalon.core.main.TestSuiteExecutor.accessTestSuiteMainPhase(TestSuiteExecutor.java:148)
	at com.kms.katalon.core.main.TestSuiteExecutor.execute(TestSuiteExecutor.java:106)
	at com.kms.katalon.core.main.TestCaseMain.startTestSuite(TestCaseMain.java:187)
	at com.kms.katalon.core.main.TestCaseMain$startTestSuite$0.call(Unknown Source)
	at TempTestSuite1696569176253.run(TempTestSuite1696569176253.groovy:36)
Caused by: com.kms.katalon.core.exception.StepFailedException: Actual text 'PENTING - Pesanan ini sudah dikonfirmasi Sebelumnya sebanyak 1 kali,..' and expected text 'Sukses Melakukan Konfirmasi Pesanan!' of test object 'Object Repository/konfirmasi pesanan/verifikasi sudah melakukan konfirmasi sekali di menu akun' are NOT matched.
	at com.kms.katalon.core.webui.keyword.internal.WebUIKeywordMain.stepFailed(WebUIKeywordMain.groovy:64)
	at com.kms.katalon.core.webui.keyword.builtin.VerifyElementTextKeyword$_verifyElementText_closure1.doCall(VerifyElementTextKeyword.groovy:57)
	at com.kms.katalon.core.webui.keyword.builtin.VerifyElementTextKeyword$_verifyElementText_closure1.call(VerifyElementTextKeyword.groovy)
	at com.kms.katalon.core.webui.keyword.internal.WebUIKeywordMain.runKeyword(WebUIKeywordMain.groovy:20)
	... 19 more


2023-10-06 12:16:05 - [TEST_STEP][PASSED] - data = callTestCase(findTestCase("T08 - Konfirmasi Pesanan/TC-KS-001"), [:], STOP_ON_FAILURE): Call Test Case 'Test Cases/T08 - Konfirmasi Pesanan/TC-KS-001' successfully

2023-10-06 12:16:05 - [TEST_CASE][PASSED] - Test Cases/T08 - Konfirmasi Pesanan/TC-KS-001: Test Cases/T08 - Konfirmasi Pesanan/TC-KS-001

2023-10-06 12:16:05 - [TEST_STEP][PASSED] - data = callTestCase(findTestCase("T08 - Konfirmasi Pesanan/TC-OS-001"), ["Roda":"2", "MetodePembayaran":"transfer"], STOP_ON_FAILURE): Call Test Case 'Test Cases/T08 - Konfirmasi Pesanan/TC-OS-001' successfully

2023-10-06 12:16:06 - [TEST_CASE][PASSED] - Test Cases/T08 - Konfirmasi Pesanan/TC-OS-001: Test Cases/T08 - Konfirmasi Pesanan/TC-OS-001

2023-10-06 12:16:06 - [TEST_STEP][PASSED] - callTestCase(findTestCase("T08 - Konfirmasi Pesanan/TC-LS-001"), [:], STOP_ON_FAILURE): Call Test Case 'Test Cases/T08 - Konfirmasi Pesanan/TC-LS-001' successfully

2023-10-06 12:16:06 - [TEST_CASE][PASSED] - Test Cases/T08 - Konfirmasi Pesanan/TC-LS-001: Test Cases/T08 - Konfirmasi Pesanan/TC-LS-001

2023-10-06 12:16:06 - [TEST_STEP][PASSED] - openBrowser(urlWeb): Browser is opened with url: 'https://10.9.2.63/ecommerce/'

2023-10-06 12:16:06 - [MESSAGE][WARNING] - A browser is already opened. Closing browser and opening a new one

2023-10-06 12:16:11 - [MESSAGE][INFO] - Starting 'Firefox' driver

2023-10-06 12:16:11 - [MESSAGE][INFO] - User set preference: ['args', '[window-size=1500,1000, ignore-certificate-errors, UnexpectedAlertBehaviour=ignore]']

2023-10-06 12:16:11 - [MESSAGE][INFO] - Action delay is set to 0 milliseconds

2023-10-06 12:16:19 - [MESSAGE][PASSED] - Browser is opened with url: 'https://10.9.2.63/ecommerce/'

2023-10-06 12:16:19 - [TEST_STEP][PASSED] - maximizeWindow(): Current window maximized

2023-10-06 12:16:19 - [MESSAGE][PASSED] - Current window maximized

2023-10-06 12:16:19 - [TEST_STEP][PASSED] - click(findTestObject("Login/a_Login")): Object: 'Object Repository/Login/a_Login' is clicked on

2023-10-06 12:16:20 - [MESSAGE][PASSED] - Object: 'Object Repository/Login/a_Login' is clicked on

2023-10-06 12:16:20 - [TEST_STEP][PASSED] - setText(findTestObject("Login/input_Username, Email atau No. Handphone_a"), "runa36"): Text 'runa36' is set on object 'Object Repository/Login/input_Username, Email atau No. Handphone_a'

2023-10-06 12:16:21 - [MESSAGE][PASSED] - Text 'runa36' is set on object 'Object Repository/Login/input_Username, Email atau No. Handphone_a'

2023-10-06 12:16:21 - [TEST_STEP][PASSED] - setEncryptedText(findTestObject("Login/input_Password di Login(Masuk)"), "qbkrdMwyWE4="): Text ****** has been set on object 'Object Repository/Login/input_Password di Login(Masuk)'

2023-10-06 12:16:22 - [MESSAGE][PASSED] - Text ****** has been set on object 'Object Repository/Login/input_Password di Login(Masuk)'

2023-10-06 12:16:22 - [TEST_STEP][PASSED] - click(findTestObject("Login/button_Masuk di halaman login")): Object: 'Object Repository/Login/button_Masuk di halaman login' is clicked on

2023-10-06 12:16:24 - [MESSAGE][PASSED] - Object: 'Object Repository/Login/button_Masuk di halaman login' is clicked on

2023-10-06 12:16:24 - [TEST_STEP][PASSED] - verifyElementPresent(findTestObject("Pendaftaran/verifikasi MASUK di halaman Login"), 0): Object 'Object Repository/Pendaftaran/verifikasi MASUK di halaman Login' is present

2023-10-06 12:16:24 - [MESSAGE][WARNING] - Timeout '0' is invalid. Using default page load timeout: '30'

2023-10-06 12:16:24 - [MESSAGE][PASSED] - Object 'Object Repository/Pendaftaran/verifikasi MASUK di halaman Login' is present

2023-10-06 12:16:24 - [MESSAGE][PASSED] - Call Test Case 'Test Cases/T08 - Konfirmasi Pesanan/TC-LS-001' successfully

2023-10-06 12:16:24 - [TEST_STEP][PASSED] - setText(findTestObject("chekout/input aku mau belanja"), "acer"): Text 'acer' is set on object 'Object Repository/chekout/input aku mau belanja'

2023-10-06 12:16:25 - [MESSAGE][PASSED] - Text 'acer' is set on object 'Object Repository/chekout/input aku mau belanja'

2023-10-06 12:16:25 - [TEST_STEP][PASSED] - click(findTestObject("chekout/button_Cari di halaman tajalapak")): Object: 'Object Repository/chekout/button_Cari di halaman tajalapak' is clicked on

2023-10-06 12:16:27 - [MESSAGE][PASSED] - Object: 'Object Repository/chekout/button_Cari di halaman tajalapak' is clicked on

2023-10-06 12:16:27 - [TEST_STEP][PASSED] - click(findTestObject("chekout/NEW read more acer")): Object: 'Object Repository/chekout/NEW read more acer' is clicked on

2023-10-06 12:16:29 - [MESSAGE][PASSED] - Object: 'Object Repository/chekout/NEW read more acer' is clicked on

2023-10-06 12:16:29 - [TEST_STEP][PASSED] - click(findTestObject("chekout/button_Beli Sekarang di detail produk")): Object: 'Object Repository/chekout/button_Beli Sekarang di detail produk' is clicked on

2023-10-06 12:16:31 - [MESSAGE][PASSED] - Object: 'Object Repository/chekout/button_Beli Sekarang di detail produk' is clicked on

2023-10-06 12:16:31 - [TEST_STEP][PASSED] - verifyElementPresent(findTestObject("chekout/halaman keranjang belanja"), 0): Object 'Object Repository/chekout/halaman keranjang belanja' is present

2023-10-06 12:16:32 - [MESSAGE][WARNING] - Timeout '0' is invalid. Using default page load timeout: '30'

2023-10-06 12:16:32 - [MESSAGE][PASSED] - Object 'Object Repository/chekout/halaman keranjang belanja' is present

2023-10-06 12:16:32 - [TEST_STEP][PASSED] - click(findTestObject("chekout/button_Lanjut ke Pembayaran")): Object: 'Object Repository/chekout/button_Lanjut ke Pembayaran' is clicked on

2023-10-06 12:16:35 - [MESSAGE][PASSED] - Object: 'Object Repository/chekout/button_Lanjut ke Pembayaran' is clicked on

2023-10-06 12:16:35 - [TEST_STEP][PASSED] - selectOptionByValue(findTestObject("Object Repository/chekout/select_- Kirim via Kurir Lokal -Roda 2Roda 4"), Roda, false): All options with value '2' are selected in object 'Object Repository/chekout/select_- Kirim via Kurir Lokal -Roda 2Roda 4' 

2023-10-06 12:16:36 - [MESSAGE][PASSED] - All options with value '2' are selected in object 'Object Repository/chekout/select_- Kirim via Kurir Lokal -Roda 2Roda 4' 

2023-10-06 12:16:36 - [TEST_STEP][PASSED] - click(findTestObject("chekout/jenis kendaraan")): Object: 'Object Repository/chekout/jenis kendaraan' is clicked on

2023-10-06 12:16:37 - [MESSAGE][PASSED] - Object: 'Object Repository/chekout/jenis kendaraan' is clicked on

2023-10-06 12:16:37 - [TEST_STEP][PASSED] - if (toString().equalsIgnoreCase("transfer")): Object 'Object Repository/chekout/input metode tf bank' is checked

2023-10-06 12:16:37 - [TEST_STEP][PASSED] - check(findTestObject("chekout/input metode tf bank")): Object 'Object Repository/chekout/input metode tf bank' is checked

2023-10-06 12:16:38 - [MESSAGE][PASSED] - Object 'Object Repository/chekout/input metode tf bank' is checked

2023-10-06 12:16:38 - [TEST_STEP][PASSED] - click(findTestObject("chekout/button_Proses Pembayaran")): Object: 'Object Repository/chekout/button_Proses Pembayaran' is clicked on

2023-10-06 12:16:44 - [MESSAGE][PASSED] - Object: 'Object Repository/chekout/button_Proses Pembayaran' is clicked on

2023-10-06 12:16:44 - [TEST_STEP][PASSED] - noPesanan = getText(findTestObject("Object Repository/chekout/nomor invoice dari halaman menunggu pembayaran")): Text of object 'Object Repository/chekout/nomor invoice dari halaman menunggu pembayaran' is: 'TRX91.20231006121638'

2023-10-06 12:16:45 - [MESSAGE][PASSED] - Text of object 'Object Repository/chekout/nomor invoice dari halaman menunggu pembayaran' is: 'TRX91.20231006121638'

2023-10-06 12:16:45 - [TEST_STEP][PASSED] - println(noPesanan): null

2023-10-06 12:16:45 - [TEST_STEP][PASSED] - pengirim = getText(findTestObject("Object Repository/chekout/dikirim kepada sama dengan pengirim di tf di konfirmaasi bayar")): Text of object 'Object Repository/chekout/dikirim kepada sama dengan pengirim di tf di konfirmaasi bayar' is: 'runarun'

2023-10-06 12:16:45 - [MESSAGE][PASSED] - Text of object 'Object Repository/chekout/dikirim kepada sama dengan pengirim di tf di konfirmaasi bayar' is: 'runarun'

2023-10-06 12:16:45 - [TEST_STEP][PASSED] - totalharga = getText(findTestObject("Object Repository/chekout/total harga bayar")): Text of object 'Object Repository/chekout/total harga bayar' is: '17,384'

2023-10-06 12:16:46 - [MESSAGE][PASSED] - Text of object 'Object Repository/chekout/total harga bayar' is: '17,384'

2023-10-06 12:16:46 - [TEST_STEP][PASSED] - ongkir = getText(findTestObject("co saldo akun/new ongkir tf")): Text of object 'Object Repository/co saldo akun/new ongkir tf' is: 'Rp 13,000'

2023-10-06 12:16:46 - [MESSAGE][PASSED] - Text of object 'Object Repository/co saldo akun/new ongkir tf' is: 'Rp 13,000'

2023-10-06 12:16:46 - [TEST_STEP][PASSED] - ongkirr = replace(",", "").trim(): null

2023-10-06 12:16:46 - [TEST_STEP][PASSED] - ongkir1 = Integer.parseInt(ongkirr): null

2023-10-06 12:16:46 - [TEST_STEP][PASSED] - println(ongkir1): null

2023-10-06 12:16:46 - [TEST_STEP][PASSED] - biayaAdmin = getText(findTestObject("co saldo akun/new fee admin tf")): Text of object 'Object Repository/co saldo akun/new fee admin tf' is: 'Rp 1,500'

2023-10-06 12:16:47 - [MESSAGE][PASSED] - Text of object 'Object Repository/co saldo akun/new fee admin tf' is: 'Rp 1,500'

2023-10-06 12:16:47 - [TEST_STEP][PASSED] - bAdmin = replace(",", "").trim(): null

2023-10-06 12:16:47 - [TEST_STEP][PASSED] - Integer.parseInt(bAdmin): null

2023-10-06 12:16:47 - [TEST_STEP][PASSED] - Admin = Double.parseDouble(bAdmin): null

2023-10-06 12:16:47 - [TEST_STEP][PASSED] - println(Admin): null

2023-10-06 12:16:47 - [TEST_STEP][PASSED] - subtotal = getText(findTestObject("co saldo akun/new subtotal tf")): Text of object 'Object Repository/co saldo akun/new subtotal tf' is: 'Rp 2,246'

2023-10-06 12:16:48 - [MESSAGE][PASSED] - Text of object 'Object Repository/co saldo akun/new subtotal tf' is: 'Rp 2,246'

2023-10-06 12:16:48 - [TEST_STEP][PASSED] - subtotall = replace(",", "").trim(): null

2023-10-06 12:16:48 - [TEST_STEP][PASSED] - Integer.parseInt(subtotall): null

2023-10-06 12:16:48 - [TEST_STEP][PASSED] - sub = Double.parseDouble(subtotall): null

2023-10-06 12:16:48 - [TEST_STEP][PASSED] - println(sub): null

2023-10-06 12:16:48 - [TEST_STEP][PASSED] - kode = getText(findTestObject("co saldo akun/new kode unik tf")): Text of object 'Object Repository/co saldo akun/new kode unik tf' is: '+638'

2023-10-06 12:16:49 - [MESSAGE][PASSED] - Text of object 'Object Repository/co saldo akun/new kode unik tf' is: '+638'

2023-10-06 12:16:49 - [TEST_STEP][PASSED] - kodee = replace("+", "").trim(): null

2023-10-06 12:16:49 - [TEST_STEP][PASSED] - Integer.parseInt(kodee): null

2023-10-06 12:16:49 - [TEST_STEP][PASSED] - code = Double.parseDouble(kodee): null

2023-10-06 12:16:49 - [TEST_STEP][PASSED] - tOng = ongkir1 + sub: null

2023-10-06 12:16:49 - [TEST_STEP][PASSED] - println(tOng): null

2023-10-06 12:16:49 - [TEST_STEP][PASSED] - totalBayar = tOng + Admin + code: null

2023-10-06 12:16:49 - [TEST_STEP][PASSED] - println(totalBayar): null

2023-10-06 12:16:49 - [TEST_STEP][PASSED] - totalBayar1 = totalBayar: null

2023-10-06 12:16:49 - [TEST_STEP][PASSED] - println(totalBayar1): null

2023-10-06 12:16:49 - [TEST_STEP][PASSED] - total = getText(findTestObject("co saldo akun/new total harga tf")): Text of object 'Object Repository/co saldo akun/new total harga tf' is: '17,384'

2023-10-06 12:16:50 - [MESSAGE][PASSED] - Text of object 'Object Repository/co saldo akun/new total harga tf' is: '17,384'

2023-10-06 12:16:50 - [TEST_STEP][PASSED] - total1 = replace(",", "").trim(): null

2023-10-06 12:16:50 - [TEST_STEP][PASSED] - total2 = Integer.parseInt(total1): null

2023-10-06 12:16:50 - [TEST_STEP][PASSED] - println(total2): null

2023-10-06 12:16:50 - [TEST_STEP][PASSED] - assert totalBayar1 == total2: null

2023-10-06 12:16:50 - [TEST_STEP][PASSED] - data = new java.util.HashMap(): null

2023-10-06 12:16:50 - [TEST_STEP][PASSED] - data.put("invoice", noPesanan): null

2023-10-06 12:16:50 - [TEST_STEP][PASSED] - data.put("namaPengirim", pengirim): null

2023-10-06 12:16:50 - [TEST_STEP][PASSED] - data.put("totalBayar", totalharga): null

2023-10-06 12:16:50 - [TEST_STEP][PASSED] - data.put("totalOngkir", tOng): null

2023-10-06 12:16:50 - [TEST_STEP][PASSED] - return data: null

2023-10-06 12:16:50 - [MESSAGE][PASSED] - Call Test Case 'Test Cases/T08 - Konfirmasi Pesanan/TC-OS-001' successfully

2023-10-06 12:16:50 - [TEST_STEP][PASSED] - noInvoice = data.get("invoice"): null

2023-10-06 12:16:50 - [TEST_STEP][PASSED] - nmPengirim = data.get("namaPengirim"): null

2023-10-06 12:16:50 - [TEST_STEP][PASSED] - ttlBayar = data.get("totalBayar"): null

2023-10-06 12:16:50 - [TEST_STEP][PASSED] - click(findTestObject("konfirmasi pesanan/a_Akun 0")): Object: 'Object Repository/konfirmasi pesanan/a_Akun 0' is clicked on

2023-10-06 12:16:51 - [MESSAGE][PASSED] - Object: 'Object Repository/konfirmasi pesanan/a_Akun 0' is clicked on

2023-10-06 12:16:51 - [TEST_STEP][PASSED] - click(findTestObject("konfirmasi pesanan/a_Profile")): Object: 'Object Repository/konfirmasi pesanan/a_Profile' is clicked on

2023-10-06 12:16:52 - [MESSAGE][PASSED] - Object: 'Object Repository/konfirmasi pesanan/a_Profile' is clicked on

2023-10-06 12:16:52 - [TEST_STEP][PASSED] - click(findTestObject("konfirmasi pesanan/a_Pembelian")): Object: 'Object Repository/konfirmasi pesanan/a_Pembelian' is clicked on

2023-10-06 12:16:54 - [MESSAGE][PASSED] - Object: 'Object Repository/konfirmasi pesanan/a_Pembelian' is clicked on

2023-10-06 12:16:54 - [TEST_STEP][PASSED] - click(findTestObject("konfirmasi pesanan/new konfirmasi bayar")): Object: 'Object Repository/konfirmasi pesanan/new konfirmasi bayar' is clicked on

2023-10-06 12:16:56 - [MESSAGE][PASSED] - Object: 'Object Repository/konfirmasi pesanan/new konfirmasi bayar' is clicked on

2023-10-06 12:16:56 - [TEST_STEP][PASSED] - verifyElementPresent(findTestObject("konfirmasi pesanan/verifikasi user masuk halaman konfirmasi bayar dari akun profil"), 0): Object 'Object Repository/konfirmasi pesanan/verifikasi user masuk halaman konfirmasi bayar dari akun profil' is present

2023-10-06 12:16:56 - [MESSAGE][WARNING] - Timeout '0' is invalid. Using default page load timeout: '30'

2023-10-06 12:16:56 - [MESSAGE][PASSED] - Object 'Object Repository/konfirmasi pesanan/verifikasi user masuk halaman konfirmasi bayar dari akun profil' is present

2023-10-06 12:16:56 - [TEST_STEP][PASSED] - uploadFile(findTestObject("konfirmasi pesanan/input_Upload Bukti Transfer_f"), "F:\bootcamp\Miniproject\transfer.jpg"): File 'F:\bootcamp\Miniproject\transfer.jpg' sent to object: 'Object Repository/konfirmasi pesanan/input_Upload Bukti Transfer_f'

2023-10-06 12:16:57 - [MESSAGE][PASSED] - File 'F:\bootcamp\Miniproject\transfer.jpg' sent to object: 'Object Repository/konfirmasi pesanan/input_Upload Bukti Transfer_f'

2023-10-06 12:16:57 - [TEST_STEP][PASSED] - totalBayar = getAttribute(findTestObject("Object Repository/konfirmasi pesanan/input_Total TagihanTransfer_b"), "value"): Attribute 'value' of object 'Object Repository/konfirmasi pesanan/input_Total TagihanTransfer_b' is: '17,384'

2023-10-06 12:16:58 - [MESSAGE][PASSED] - Attribute 'value' of object 'Object Repository/konfirmasi pesanan/input_Total TagihanTransfer_b' is: '17,384'

2023-10-06 12:16:58 - [TEST_STEP][PASSED] - selectOptionByValue(findTestObject("konfirmasi pesanan/select dropdown trasfer"), transfe, false): All options with value '2' are selected in object 'Object Repository/konfirmasi pesanan/select dropdown trasfer' 

2023-10-06 12:16:59 - [MESSAGE][PASSED] - All options with value '2' are selected in object 'Object Repository/konfirmasi pesanan/select dropdown trasfer' 

2023-10-06 12:16:59 - [TEST_STEP][PASSED] - naamaPengirim = getAttribute(findTestObject("Object Repository/konfirmasi pesanan/input_Nama Pengirim_d"), "value"): Attribute 'value' of object 'Object Repository/konfirmasi pesanan/input_Nama Pengirim_d' is: 'runarun'

2023-10-06 12:17:00 - [MESSAGE][PASSED] - Attribute 'value' of object 'Object Repository/konfirmasi pesanan/input_Nama Pengirim_d' is: 'runarun'

2023-10-06 12:17:00 - [TEST_STEP][PASSED] - println(naamaPengirim): null

2023-10-06 12:17:00 - [TEST_STEP][PASSED] - tanggal = getAttribute(findTestObject("Object Repository/konfirmasi pesanan/input_Tanggal Transfer_e"), "value"): Attribute 'value' of object 'Object Repository/konfirmasi pesanan/input_Tanggal Transfer_e' is: '2023-10-06'

2023-10-06 12:17:00 - [MESSAGE][PASSED] - Attribute 'value' of object 'Object Repository/konfirmasi pesanan/input_Tanggal Transfer_e' is: '2023-10-06'

2023-10-06 12:17:00 - [TEST_STEP][PASSED] - println(tanggal): null

2023-10-06 12:17:00 - [TEST_STEP][PASSED] - select = new org.openqa.selenium.support.ui.Select(com.kms.katalon.core.webui.driver.DriverFactory.getWebDriver().findElement(org.openqa.selenium.By.xpath(//select[@name="c"]))): null

2023-10-06 12:17:00 - [TEST_STEP][PASSED] - transfer = getFirstSelectedOption().getText(): null

2023-10-06 12:17:01 - [TEST_STEP][PASSED] - trans = transfer.split("-"): null

2023-10-06 12:17:01 - [TEST_STEP][PASSED] - transf = "": null

2023-10-06 12:17:01 - [TEST_STEP][PASSED] - for ([i = 0, i < length, (i++)]): null

2023-10-06 12:17:01 - [TEST_STEP][PASSED] - tf = trans[0].trim(): null

2023-10-06 12:17:01 - [TEST_STEP][PASSED] - transf = tf: null

2023-10-06 12:17:01 - [TEST_STEP][PASSED] - tf = trans[0].trim(): null

2023-10-06 12:17:01 - [TEST_STEP][PASSED] - transf = tf: null

2023-10-06 12:17:01 - [TEST_STEP][PASSED] - println(transf): null

2023-10-06 12:17:01 - [TEST_STEP][PASSED] - assert trim().equalsIgnoreCase(ttlBayar.trim()): null

2023-10-06 12:17:01 - [TEST_STEP][PASSED] - assert trim().equalsIgnoreCase(nmPengirim.trim()): null

2023-10-06 12:17:01 - [TEST_STEP][PASSED] - click(findTestObject("konfirmasi pesanan/button_Konfirmasi Pembayaran")): Object: 'Object Repository/konfirmasi pesanan/button_Konfirmasi Pembayaran' is clicked on

2023-10-06 12:17:03 - [MESSAGE][PASSED] - Object: 'Object Repository/konfirmasi pesanan/button_Konfirmasi Pembayaran' is clicked on

2023-10-06 12:17:03 - [TEST_STEP][PASSED] - verifyElementText(findTestObject("konfirmasi pesanan/verifikasi sukses melakukan pembayaran pesanan"), "Sukses Melakukan Konfirmasi Pembayaran Pesanan!"): Actual text and expected text of test object 'Object Repository/konfirmasi pesanan/verifikasi sukses melakukan pembayaran pesanan' are matched.

2023-10-06 12:17:04 - [MESSAGE][PASSED] - Actual text and expected text of test object 'Object Repository/konfirmasi pesanan/verifikasi sukses melakukan pembayaran pesanan' are matched.

2023-10-06 12:17:04 - [TEST_STEP][PASSED] - data.put("namaHasilInput", naamaPengirim): null

2023-10-06 12:17:04 - [TEST_STEP][PASSED] - data.put("date", tanggal): null

2023-10-06 12:17:04 - [TEST_STEP][PASSED] - data.put("noRekening", transf): null

2023-10-06 12:17:04 - [TEST_STEP][PASSED] - data.put("inputJmlTf", totalBayar): null

2023-10-06 12:17:04 - [TEST_STEP][PASSED] - return data: null

2023-10-06 12:17:04 - [MESSAGE][PASSED] - Call Test Case 'Test Cases/T08 - Konfirmasi Pesanan/TC-KS-001' successfully

2023-10-06 12:17:04 - [TEST_STEP][PASSED] - noPesanan = data.get("invoice"): null

2023-10-06 12:17:04 - [TEST_STEP][PASSED] - name = data.get("namaPengirim"): null

2023-10-06 12:17:04 - [TEST_STEP][PASSED] - count = data.get("totalBayar"): null

2023-10-06 12:17:04 - [TEST_STEP][PASSED] - setText(findTestObject("konfirmasi pesanan/input nomor pesanan"), noPesanan): Text 'TRX91.20231006121638' is set on object 'Object Repository/konfirmasi pesanan/input nomor pesanan'

2023-10-06 12:17:05 - [MESSAGE][PASSED] - Text 'TRX91.20231006121638' is set on object 'Object Repository/konfirmasi pesanan/input nomor pesanan'

2023-10-06 12:17:05 - [TEST_STEP][PASSED] - setText(findTestObject("konfirmasi pesanan/input email di konfirmasi pesanan"), email): Text 'runarun@gmail.com' is set on object 'Object Repository/konfirmasi pesanan/input email di konfirmasi pesanan'

2023-10-06 12:17:06 - [MESSAGE][PASSED] - Text 'runarun@gmail.com' is set on object 'Object Repository/konfirmasi pesanan/input email di konfirmasi pesanan'

2023-10-06 12:17:06 - [TEST_STEP][PASSED] - click(findTestObject("konfirmasi pesanan/button_Submit")): Object: 'Object Repository/konfirmasi pesanan/button_Submit' is clicked on

2023-10-06 12:17:08 - [MESSAGE][PASSED] - Object: 'Object Repository/konfirmasi pesanan/button_Submit' is clicked on

2023-10-06 12:17:08 - [TEST_STEP][FAILED] - verifyElementText(findTestObject("konfirmasi pesanan/verifikasi sudah melakukan konfirmasi sekali di menu akun"), "Sukses Melakukan Konfirmasi Pesanan!"): Verify element text of test object 'Object Repository/konfirmasi pesanan/verifikasi sudah melakukan konfirmasi sekali di menu akun' FAILED. (Root cause: com.kms.katalon.core.exception.StepFailedException: Verify element text of test object 'Object Repository/konfirmasi pesanan/verifikasi sudah melakukan konfirmasi sekali di menu akun' FAILED.
	at com.kms.katalon.core.webui.keyword.internal.WebUIKeywordMain.stepFailed(WebUIKeywordMain.groovy:64)
	at com.kms.katalon.core.webui.keyword.internal.WebUIKeywordMain.runKeyword(WebUIKeywordMain.groovy:26)
	at com.kms.katalon.core.webui.keyword.builtin.VerifyElementTextKeyword.verifyElementText(VerifyElementTextKeyword.groovy:72)
	at com.kms.katalon.core.webui.keyword.builtin.VerifyElementTextKeyword.execute(VerifyElementTextKeyword.groovy:40)
	at com.kms.katalon.core.keyword.internal.KeywordExecutor.executeKeywordForPlatform(KeywordExecutor.groovy:74)
	at com.kms.katalon.core.webui.keyword.WebUiBuiltInKeywords.verifyElementText(WebUiBuiltInKeywords.groovy:4749)
	at com.kms.katalon.core.webui.keyword.WebUiBuiltInKeywords$verifyElementText$10.call(Unknown Source)
	at TC-KS-002.run(TC-KS-002:35)
	at com.kms.katalon.core.main.ScriptEngine.run(ScriptEngine.java:194)
	at com.kms.katalon.core.main.ScriptEngine.runScriptAsRawText(ScriptEngine.java:119)
	at com.kms.katalon.core.main.TestCaseExecutor.runScript(TestCaseExecutor.java:448)
	at com.kms.katalon.core.main.TestCaseExecutor.doExecute(TestCaseExecutor.java:439)
	at com.kms.katalon.core.main.TestCaseExecutor.processExecutionPhase(TestCaseExecutor.java:418)
	at com.kms.katalon.core.main.TestCaseExecutor.accessMainPhase(TestCaseExecutor.java:410)
	at com.kms.katalon.core.main.TestCaseExecutor.execute(TestCaseExecutor.java:285)
	at com.kms.katalon.core.common.CommonExecutor.accessTestCaseMainPhase(CommonExecutor.java:65)
	at com.kms.katalon.core.main.TestSuiteExecutor.accessTestSuiteMainPhase(TestSuiteExecutor.java:148)
	at com.kms.katalon.core.main.TestSuiteExecutor.execute(TestSuiteExecutor.java:106)
	at com.kms.katalon.core.main.TestCaseMain.startTestSuite(TestCaseMain.java:187)
	at com.kms.katalon.core.main.TestCaseMain$startTestSuite$0.call(Unknown Source)
	at TempTestSuite1696569176253.run(TempTestSuite1696569176253.groovy:36)
Caused by: com.kms.katalon.core.exception.StepFailedException: Actual text 'PENTING - Pesanan ini sudah dikonfirmasi Sebelumnya sebanyak 1 kali,..' and expected text 'Sukses Melakukan Konfirmasi Pesanan!' of test object 'Object Repository/konfirmasi pesanan/verifikasi sudah melakukan konfirmasi sekali di menu akun' are NOT matched.
	at com.kms.katalon.core.webui.keyword.internal.WebUIKeywordMain.stepFailed(WebUIKeywordMain.groovy:64)
	at com.kms.katalon.core.webui.keyword.builtin.VerifyElementTextKeyword$_verifyElementText_closure1.doCall(VerifyElementTextKeyword.groovy:57)
	at com.kms.katalon.core.webui.keyword.builtin.VerifyElementTextKeyword$_verifyElementText_closure1.call(VerifyElementTextKeyword.groovy)
	at com.kms.katalon.core.webui.keyword.internal.WebUIKeywordMain.runKeyword(WebUIKeywordMain.groovy:20)
	... 19 more
)

2023-10-06 12:17:09 - [MESSAGE][FAILED] - Actual text 'PENTING - Pesanan ini sudah dikonfirmasi Sebelumnya sebanyak 1 kali,..' and expected text 'Sukses Melakukan Konfirmasi Pesanan!' of test object 'Object Repository/konfirmasi pesanan/verifikasi sudah melakukan konfirmasi sekali di menu akun' are NOT matched. (Root cause: com.kms.katalon.core.exception.StepFailedException: Actual text 'PENTING - Pesanan ini sudah dikonfirmasi Sebelumnya sebanyak 1 kali,..' and expected text 'Sukses Melakukan Konfirmasi Pesanan!' of test object 'Object Repository/konfirmasi pesanan/verifikasi sudah melakukan konfirmasi sekali di menu akun' are NOT matched.
	at com.kms.katalon.core.webui.keyword.internal.WebUIKeywordMain.stepFailed(WebUIKeywordMain.groovy:64)
	at com.kms.katalon.core.webui.keyword.builtin.VerifyElementTextKeyword$_verifyElementText_closure1.doCall(VerifyElementTextKeyword.groovy:57)
	at com.kms.katalon.core.webui.keyword.builtin.VerifyElementTextKeyword$_verifyElementText_closure1.call(VerifyElementTextKeyword.groovy)
	at com.kms.katalon.core.webui.keyword.internal.WebUIKeywordMain.runKeyword(WebUIKeywordMain.groovy:20)
	at com.kms.katalon.core.webui.keyword.builtin.VerifyElementTextKeyword.verifyElementText(VerifyElementTextKeyword.groovy:72)
	at com.kms.katalon.core.webui.keyword.builtin.VerifyElementTextKeyword.execute(VerifyElementTextKeyword.groovy:40)
	at com.kms.katalon.core.keyword.internal.KeywordExecutor.executeKeywordForPlatform(KeywordExecutor.groovy:74)
	at com.kms.katalon.core.webui.keyword.WebUiBuiltInKeywords.verifyElementText(WebUiBuiltInKeywords.groovy:4749)
	at com.kms.katalon.core.webui.keyword.WebUiBuiltInKeywords$verifyElementText$10.call(Unknown Source)
	at TC-KS-002.run(TC-KS-002:35)
	at com.kms.katalon.core.main.ScriptEngine.run(ScriptEngine.java:194)
	at com.kms.katalon.core.main.ScriptEngine.runScriptAsRawText(ScriptEngine.java:119)
	at com.kms.katalon.core.main.TestCaseExecutor.runScript(TestCaseExecutor.java:448)
	at com.kms.katalon.core.main.TestCaseExecutor.doExecute(TestCaseExecutor.java:439)
	at com.kms.katalon.core.main.TestCaseExecutor.processExecutionPhase(TestCaseExecutor.java:418)
	at com.kms.katalon.core.main.TestCaseExecutor.accessMainPhase(TestCaseExecutor.java:410)
	at com.kms.katalon.core.main.TestCaseExecutor.execute(TestCaseExecutor.java:285)
	at com.kms.katalon.core.common.CommonExecutor.accessTestCaseMainPhase(CommonExecutor.java:65)
	at com.kms.katalon.core.main.TestSuiteExecutor.accessTestSuiteMainPhase(TestSuiteExecutor.java:148)
	at com.kms.katalon.core.main.TestSuiteExecutor.execute(TestSuiteExecutor.java:106)
	at com.kms.katalon.core.main.TestCaseMain.startTestSuite(TestCaseMain.java:187)
	at com.kms.katalon.core.main.TestCaseMain$startTestSuite$0.call(Unknown Source)
	at TempTestSuite1696569176253.run(TempTestSuite1696569176253.groovy:36)
)
[[ATTACHMENT|F:\\bootcamp\\Miniproject\\Tajalapak\\Reports\\20231006_121256\\T08 - Konfirmasi Pesanan\\20231006_121256\\1696569429099.png]]

2023-10-06 12:17:09 - [MESSAGE][FAILED] - Verify element text of test object 'Object Repository/konfirmasi pesanan/verifikasi sudah melakukan konfirmasi sekali di menu akun' FAILED. (Root cause: com.kms.katalon.core.exception.StepFailedException: Verify element text of test object 'Object Repository/konfirmasi pesanan/verifikasi sudah melakukan konfirmasi sekali di menu akun' FAILED.
	at com.kms.katalon.core.webui.keyword.internal.WebUIKeywordMain.stepFailed(WebUIKeywordMain.groovy:64)
	at com.kms.katalon.core.webui.keyword.internal.WebUIKeywordMain.runKeyword(WebUIKeywordMain.groovy:26)
	at com.kms.katalon.core.webui.keyword.builtin.VerifyElementTextKeyword.verifyElementText(VerifyElementTextKeyword.groovy:72)
	at com.kms.katalon.core.webui.keyword.builtin.VerifyElementTextKeyword.execute(VerifyElementTextKeyword.groovy:40)
	at com.kms.katalon.core.keyword.internal.KeywordExecutor.executeKeywordForPlatform(KeywordExecutor.groovy:74)
	at com.kms.katalon.core.webui.keyword.WebUiBuiltInKeywords.verifyElementText(WebUiBuiltInKeywords.groovy:4749)
	at com.kms.katalon.core.webui.keyword.WebUiBuiltInKeywords$verifyElementText$10.call(Unknown Source)
	at TC-KS-002.run(TC-KS-002:35)
	at com.kms.katalon.core.main.ScriptEngine.run(ScriptEngine.java:194)
	at com.kms.katalon.core.main.ScriptEngine.runScriptAsRawText(ScriptEngine.java:119)
	at com.kms.katalon.core.main.TestCaseExecutor.runScript(TestCaseExecutor.java:448)
	at com.kms.katalon.core.main.TestCaseExecutor.doExecute(TestCaseExecutor.java:439)
	at com.kms.katalon.core.main.TestCaseExecutor.processExecutionPhase(TestCaseExecutor.java:418)
	at com.kms.katalon.core.main.TestCaseExecutor.accessMainPhase(TestCaseExecutor.java:410)
	at com.kms.katalon.core.main.TestCaseExecutor.execute(TestCaseExecutor.java:285)
	at com.kms.katalon.core.common.CommonExecutor.accessTestCaseMainPhase(CommonExecutor.java:65)
	at com.kms.katalon.core.main.TestSuiteExecutor.accessTestSuiteMainPhase(TestSuiteExecutor.java:148)
	at com.kms.katalon.core.main.TestSuiteExecutor.execute(TestSuiteExecutor.java:106)
	at com.kms.katalon.core.main.TestCaseMain.startTestSuite(TestCaseMain.java:187)
	at com.kms.katalon.core.main.TestCaseMain$startTestSuite$0.call(Unknown Source)
	at TempTestSuite1696569176253.run(TempTestSuite1696569176253.groovy:36)
Caused by: com.kms.katalon.core.exception.StepFailedException: Actual text 'PENTING - Pesanan ini sudah dikonfirmasi Sebelumnya sebanyak 1 kali,..' and expected text 'Sukses Melakukan Konfirmasi Pesanan!' of test object 'Object Repository/konfirmasi pesanan/verifikasi sudah melakukan konfirmasi sekali di menu akun' are NOT matched.
	at com.kms.katalon.core.webui.keyword.internal.WebUIKeywordMain.stepFailed(WebUIKeywordMain.groovy:64)
	at com.kms.katalon.core.webui.keyword.builtin.VerifyElementTextKeyword$_verifyElementText_closure1.doCall(VerifyElementTextKeyword.groovy:57)
	at com.kms.katalon.core.webui.keyword.builtin.VerifyElementTextKeyword$_verifyElementText_closure1.call(VerifyElementTextKeyword.groovy)
	at com.kms.katalon.core.webui.keyword.internal.WebUIKeywordMain.runKeyword(WebUIKeywordMain.groovy:20)
	... 19 more
)
[[ATTACHMENT|F:\\bootcamp\\Miniproject\\Tajalapak\\Reports\\20231006_121256\\T08 - Konfirmasi Pesanan\\20231006_121256\\1696569429745.png]]]]></system-out>
         <system-err><![CDATA[2023-10-06 12:16:04 - [TEST_CASE][FAILED] - Test Cases/T08 - Konfirmasi Pesanan/TC-KS-002: Test Cases/T08 - Konfirmasi Pesanan/TC-KS-002 FAILED.
Reason:
com.kms.katalon.core.exception.StepFailedException: Verify element text of test object 'Object Repository/konfirmasi pesanan/verifikasi sudah melakukan konfirmasi sekali di menu akun' FAILED.
	at com.kms.katalon.core.webui.keyword.internal.WebUIKeywordMain.stepFailed(WebUIKeywordMain.groovy:64)
	at com.kms.katalon.core.webui.keyword.internal.WebUIKeywordMain.runKeyword(WebUIKeywordMain.groovy:26)
	at com.kms.katalon.core.webui.keyword.builtin.VerifyElementTextKeyword.verifyElementText(VerifyElementTextKeyword.groovy:72)
	at com.kms.katalon.core.webui.keyword.builtin.VerifyElementTextKeyword.execute(VerifyElementTextKeyword.groovy:40)
	at com.kms.katalon.core.keyword.internal.KeywordExecutor.executeKeywordForPlatform(KeywordExecutor.groovy:74)
	at com.kms.katalon.core.webui.keyword.WebUiBuiltInKeywords.verifyElementText(WebUiBuiltInKeywords.groovy:4749)
	at com.kms.katalon.core.webui.keyword.WebUiBuiltInKeywords$verifyElementText$10.call(Unknown Source)
	at TC-KS-002.run(TC-KS-002:35)
	at com.kms.katalon.core.main.ScriptEngine.run(ScriptEngine.java:194)
	at com.kms.katalon.core.main.ScriptEngine.runScriptAsRawText(ScriptEngine.java:119)
	at com.kms.katalon.core.main.TestCaseExecutor.runScript(TestCaseExecutor.java:448)
	at com.kms.katalon.core.main.TestCaseExecutor.doExecute(TestCaseExecutor.java:439)
	at com.kms.katalon.core.main.TestCaseExecutor.processExecutionPhase(TestCaseExecutor.java:418)
	at com.kms.katalon.core.main.TestCaseExecutor.accessMainPhase(TestCaseExecutor.java:410)
	at com.kms.katalon.core.main.TestCaseExecutor.execute(TestCaseExecutor.java:285)
	at com.kms.katalon.core.common.CommonExecutor.accessTestCaseMainPhase(CommonExecutor.java:65)
	at com.kms.katalon.core.main.TestSuiteExecutor.accessTestSuiteMainPhase(TestSuiteExecutor.java:148)
	at com.kms.katalon.core.main.TestSuiteExecutor.execute(TestSuiteExecutor.java:106)
	at com.kms.katalon.core.main.TestCaseMain.startTestSuite(TestCaseMain.java:187)
	at com.kms.katalon.core.main.TestCaseMain$startTestSuite$0.call(Unknown Source)
	at TempTestSuite1696569176253.run(TempTestSuite1696569176253.groovy:36)
Caused by: com.kms.katalon.core.exception.StepFailedException: Actual text 'PENTING - Pesanan ini sudah dikonfirmasi Sebelumnya sebanyak 1 kali,..' and expected text 'Sukses Melakukan Konfirmasi Pesanan!' of test object 'Object Repository/konfirmasi pesanan/verifikasi sudah melakukan konfirmasi sekali di menu akun' are NOT matched.
	at com.kms.katalon.core.webui.keyword.internal.WebUIKeywordMain.stepFailed(WebUIKeywordMain.groovy:64)
	at com.kms.katalon.core.webui.keyword.builtin.VerifyElementTextKeyword$_verifyElementText_closure1.doCall(VerifyElementTextKeyword.groovy:57)
	at com.kms.katalon.core.webui.keyword.builtin.VerifyElementTextKeyword$_verifyElementText_closure1.call(VerifyElementTextKeyword.groovy)
	at com.kms.katalon.core.webui.keyword.internal.WebUIKeywordMain.runKeyword(WebUIKeywordMain.groovy:20)
	... 19 more]]></system-err>
      </testcase>
      <testcase name="Test Cases/T08 - Konfirmasi Pesanan/TC-KS-003" time="57.284" classname="Test Cases/T08 - Konfirmasi Pesanan/TC-KS-003" status="PASSED">
         <system-out><![CDATA[2023-10-06 12:17:09 - [TEST_CASE][PASSED] - Test Cases/T08 - Konfirmasi Pesanan/TC-KS-003: Test Cases/T08 - Konfirmasi Pesanan/TC-KS-003

2023-10-06 12:17:10 - [TEST_STEP][PASSED] - data = callTestCase(findTestCase("T08 - Konfirmasi Pesanan/TC-OS-001"), ["Roda":"2", "MetodePembayaran":"transfer"], STOP_ON_FAILURE): Call Test Case 'Test Cases/T08 - Konfirmasi Pesanan/TC-OS-001' successfully

2023-10-06 12:17:10 - [TEST_CASE][PASSED] - Test Cases/T08 - Konfirmasi Pesanan/TC-OS-001: Test Cases/T08 - Konfirmasi Pesanan/TC-OS-001

2023-10-06 12:17:11 - [TEST_STEP][PASSED] - callTestCase(findTestCase("T08 - Konfirmasi Pesanan/TC-LS-001"), [:], STOP_ON_FAILURE): Call Test Case 'Test Cases/T08 - Konfirmasi Pesanan/TC-LS-001' successfully

2023-10-06 12:17:11 - [TEST_CASE][PASSED] - Test Cases/T08 - Konfirmasi Pesanan/TC-LS-001: Test Cases/T08 - Konfirmasi Pesanan/TC-LS-001

2023-10-06 12:17:11 - [TEST_STEP][PASSED] - openBrowser(urlWeb): Browser is opened with url: 'https://10.9.2.63/ecommerce/'

2023-10-06 12:17:11 - [MESSAGE][WARNING] - A browser is already opened. Closing browser and opening a new one

2023-10-06 12:17:15 - [MESSAGE][INFO] - Starting 'Firefox' driver

2023-10-06 12:17:15 - [MESSAGE][INFO] - User set preference: ['args', '[window-size=1500,1000, ignore-certificate-errors, UnexpectedAlertBehaviour=ignore]']

2023-10-06 12:17:15 - [MESSAGE][INFO] - Action delay is set to 0 milliseconds

2023-10-06 12:17:25 - [MESSAGE][PASSED] - Browser is opened with url: 'https://10.9.2.63/ecommerce/'

2023-10-06 12:17:25 - [TEST_STEP][PASSED] - maximizeWindow(): Current window maximized

2023-10-06 12:17:25 - [MESSAGE][PASSED] - Current window maximized

2023-10-06 12:17:25 - [TEST_STEP][PASSED] - click(findTestObject("Login/a_Login")): Object: 'Object Repository/Login/a_Login' is clicked on

2023-10-06 12:17:26 - [MESSAGE][PASSED] - Object: 'Object Repository/Login/a_Login' is clicked on

2023-10-06 12:17:26 - [TEST_STEP][PASSED] - setText(findTestObject("Login/input_Username, Email atau No. Handphone_a"), "runa36"): Text 'runa36' is set on object 'Object Repository/Login/input_Username, Email atau No. Handphone_a'

2023-10-06 12:17:27 - [MESSAGE][PASSED] - Text 'runa36' is set on object 'Object Repository/Login/input_Username, Email atau No. Handphone_a'

2023-10-06 12:17:27 - [TEST_STEP][PASSED] - setEncryptedText(findTestObject("Login/input_Password di Login(Masuk)"), "qbkrdMwyWE4="): Text ****** has been set on object 'Object Repository/Login/input_Password di Login(Masuk)'

2023-10-06 12:17:28 - [MESSAGE][PASSED] - Text ****** has been set on object 'Object Repository/Login/input_Password di Login(Masuk)'

2023-10-06 12:17:28 - [TEST_STEP][PASSED] - click(findTestObject("Login/button_Masuk di halaman login")): Object: 'Object Repository/Login/button_Masuk di halaman login' is clicked on

2023-10-06 12:17:30 - [MESSAGE][PASSED] - Object: 'Object Repository/Login/button_Masuk di halaman login' is clicked on

2023-10-06 12:17:30 - [TEST_STEP][PASSED] - verifyElementPresent(findTestObject("Pendaftaran/verifikasi MASUK di halaman Login"), 0): Object 'Object Repository/Pendaftaran/verifikasi MASUK di halaman Login' is present

2023-10-06 12:17:30 - [MESSAGE][WARNING] - Timeout '0' is invalid. Using default page load timeout: '30'

2023-10-06 12:17:30 - [MESSAGE][PASSED] - Object 'Object Repository/Pendaftaran/verifikasi MASUK di halaman Login' is present

2023-10-06 12:17:30 - [MESSAGE][PASSED] - Call Test Case 'Test Cases/T08 - Konfirmasi Pesanan/TC-LS-001' successfully

2023-10-06 12:17:30 - [TEST_STEP][PASSED] - setText(findTestObject("chekout/input aku mau belanja"), "acer"): Text 'acer' is set on object 'Object Repository/chekout/input aku mau belanja'

2023-10-06 12:17:31 - [MESSAGE][PASSED] - Text 'acer' is set on object 'Object Repository/chekout/input aku mau belanja'

2023-10-06 12:17:31 - [TEST_STEP][PASSED] - click(findTestObject("chekout/button_Cari di halaman tajalapak")): Object: 'Object Repository/chekout/button_Cari di halaman tajalapak' is clicked on

2023-10-06 12:17:33 - [MESSAGE][PASSED] - Object: 'Object Repository/chekout/button_Cari di halaman tajalapak' is clicked on

2023-10-06 12:17:33 - [TEST_STEP][PASSED] - click(findTestObject("chekout/NEW read more acer")): Object: 'Object Repository/chekout/NEW read more acer' is clicked on

2023-10-06 12:17:35 - [MESSAGE][PASSED] - Object: 'Object Repository/chekout/NEW read more acer' is clicked on

2023-10-06 12:17:35 - [TEST_STEP][PASSED] - click(findTestObject("chekout/button_Beli Sekarang di detail produk")): Object: 'Object Repository/chekout/button_Beli Sekarang di detail produk' is clicked on

2023-10-06 12:17:37 - [MESSAGE][PASSED] - Object: 'Object Repository/chekout/button_Beli Sekarang di detail produk' is clicked on

2023-10-06 12:17:37 - [TEST_STEP][PASSED] - verifyElementPresent(findTestObject("chekout/halaman keranjang belanja"), 0): Object 'Object Repository/chekout/halaman keranjang belanja' is present

2023-10-06 12:17:37 - [MESSAGE][WARNING] - Timeout '0' is invalid. Using default page load timeout: '30'

2023-10-06 12:17:38 - [MESSAGE][PASSED] - Object 'Object Repository/chekout/halaman keranjang belanja' is present

2023-10-06 12:17:38 - [TEST_STEP][PASSED] - click(findTestObject("chekout/button_Lanjut ke Pembayaran")): Object: 'Object Repository/chekout/button_Lanjut ke Pembayaran' is clicked on

2023-10-06 12:17:41 - [MESSAGE][PASSED] - Object: 'Object Repository/chekout/button_Lanjut ke Pembayaran' is clicked on

2023-10-06 12:17:41 - [TEST_STEP][PASSED] - selectOptionByValue(findTestObject("Object Repository/chekout/select_- Kirim via Kurir Lokal -Roda 2Roda 4"), Roda, false): All options with value '2' are selected in object 'Object Repository/chekout/select_- Kirim via Kurir Lokal -Roda 2Roda 4' 

2023-10-06 12:17:42 - [MESSAGE][PASSED] - All options with value '2' are selected in object 'Object Repository/chekout/select_- Kirim via Kurir Lokal -Roda 2Roda 4' 

2023-10-06 12:17:42 - [TEST_STEP][PASSED] - click(findTestObject("chekout/jenis kendaraan")): Object: 'Object Repository/chekout/jenis kendaraan' is clicked on

2023-10-06 12:17:43 - [MESSAGE][PASSED] - Object: 'Object Repository/chekout/jenis kendaraan' is clicked on

2023-10-06 12:17:43 - [TEST_STEP][PASSED] - if (toString().equalsIgnoreCase("transfer")): Object 'Object Repository/chekout/input metode tf bank' is checked

2023-10-06 12:17:43 - [TEST_STEP][PASSED] - check(findTestObject("chekout/input metode tf bank")): Object 'Object Repository/chekout/input metode tf bank' is checked

2023-10-06 12:17:44 - [MESSAGE][PASSED] - Object 'Object Repository/chekout/input metode tf bank' is checked

2023-10-06 12:17:44 - [TEST_STEP][PASSED] - click(findTestObject("chekout/button_Proses Pembayaran")): Object: 'Object Repository/chekout/button_Proses Pembayaran' is clicked on

2023-10-06 12:17:50 - [MESSAGE][PASSED] - Object: 'Object Repository/chekout/button_Proses Pembayaran' is clicked on

2023-10-06 12:17:50 - [TEST_STEP][PASSED] - noPesanan = getText(findTestObject("Object Repository/chekout/nomor invoice dari halaman menunggu pembayaran")): Text of object 'Object Repository/chekout/nomor invoice dari halaman menunggu pembayaran' is: 'TRX91.20231006121745'

2023-10-06 12:17:51 - [MESSAGE][PASSED] - Text of object 'Object Repository/chekout/nomor invoice dari halaman menunggu pembayaran' is: 'TRX91.20231006121745'

2023-10-06 12:17:51 - [TEST_STEP][PASSED] - println(noPesanan): null

2023-10-06 12:17:51 - [TEST_STEP][PASSED] - pengirim = getText(findTestObject("Object Repository/chekout/dikirim kepada sama dengan pengirim di tf di konfirmaasi bayar")): Text of object 'Object Repository/chekout/dikirim kepada sama dengan pengirim di tf di konfirmaasi bayar' is: 'runarun'

2023-10-06 12:17:52 - [MESSAGE][PASSED] - Text of object 'Object Repository/chekout/dikirim kepada sama dengan pengirim di tf di konfirmaasi bayar' is: 'runarun'

2023-10-06 12:17:52 - [TEST_STEP][PASSED] - totalharga = getText(findTestObject("Object Repository/chekout/total harga bayar")): Text of object 'Object Repository/chekout/total harga bayar' is: '17,491'

2023-10-06 12:17:53 - [MESSAGE][PASSED] - Text of object 'Object Repository/chekout/total harga bayar' is: '17,491'

2023-10-06 12:17:53 - [TEST_STEP][PASSED] - ongkir = getText(findTestObject("co saldo akun/new ongkir tf")): Text of object 'Object Repository/co saldo akun/new ongkir tf' is: 'Rp 13,000'

2023-10-06 12:17:54 - [MESSAGE][PASSED] - Text of object 'Object Repository/co saldo akun/new ongkir tf' is: 'Rp 13,000'

2023-10-06 12:17:54 - [TEST_STEP][PASSED] - ongkirr = replace(",", "").trim(): null

2023-10-06 12:17:54 - [TEST_STEP][PASSED] - ongkir1 = Integer.parseInt(ongkirr): null

2023-10-06 12:17:54 - [TEST_STEP][PASSED] - println(ongkir1): null

2023-10-06 12:17:54 - [TEST_STEP][PASSED] - biayaAdmin = getText(findTestObject("co saldo akun/new fee admin tf")): Text of object 'Object Repository/co saldo akun/new fee admin tf' is: 'Rp 1,500'

2023-10-06 12:17:55 - [MESSAGE][PASSED] - Text of object 'Object Repository/co saldo akun/new fee admin tf' is: 'Rp 1,500'

2023-10-06 12:17:55 - [TEST_STEP][PASSED] - bAdmin = replace(",", "").trim(): null

2023-10-06 12:17:55 - [TEST_STEP][PASSED] - Integer.parseInt(bAdmin): null

2023-10-06 12:17:55 - [TEST_STEP][PASSED] - Admin = Double.parseDouble(bAdmin): null

2023-10-06 12:17:55 - [TEST_STEP][PASSED] - println(Admin): null

2023-10-06 12:17:55 - [TEST_STEP][PASSED] - subtotal = getText(findTestObject("co saldo akun/new subtotal tf")): Text of object 'Object Repository/co saldo akun/new subtotal tf' is: 'Rp 2,246'

2023-10-06 12:17:55 - [MESSAGE][PASSED] - Text of object 'Object Repository/co saldo akun/new subtotal tf' is: 'Rp 2,246'

2023-10-06 12:17:55 - [TEST_STEP][PASSED] - subtotall = replace(",", "").trim(): null

2023-10-06 12:17:55 - [TEST_STEP][PASSED] - Integer.parseInt(subtotall): null

2023-10-06 12:17:55 - [TEST_STEP][PASSED] - sub = Double.parseDouble(subtotall): null

2023-10-06 12:17:55 - [TEST_STEP][PASSED] - println(sub): null

2023-10-06 12:17:55 - [TEST_STEP][PASSED] - kode = getText(findTestObject("co saldo akun/new kode unik tf")): Text of object 'Object Repository/co saldo akun/new kode unik tf' is: '+745'

2023-10-06 12:17:56 - [MESSAGE][PASSED] - Text of object 'Object Repository/co saldo akun/new kode unik tf' is: '+745'

2023-10-06 12:17:56 - [TEST_STEP][PASSED] - kodee = replace("+", "").trim(): null

2023-10-06 12:17:56 - [TEST_STEP][PASSED] - Integer.parseInt(kodee): null

2023-10-06 12:17:56 - [TEST_STEP][PASSED] - code = Double.parseDouble(kodee): null

2023-10-06 12:17:56 - [TEST_STEP][PASSED] - tOng = ongkir1 + sub: null

2023-10-06 12:17:56 - [TEST_STEP][PASSED] - println(tOng): null

2023-10-06 12:17:56 - [TEST_STEP][PASSED] - totalBayar = tOng + Admin + code: null

2023-10-06 12:17:56 - [TEST_STEP][PASSED] - println(totalBayar): null

2023-10-06 12:17:56 - [TEST_STEP][PASSED] - totalBayar1 = totalBayar: null

2023-10-06 12:17:56 - [TEST_STEP][PASSED] - println(totalBayar1): null

2023-10-06 12:17:56 - [TEST_STEP][PASSED] - total = getText(findTestObject("co saldo akun/new total harga tf")): Text of object 'Object Repository/co saldo akun/new total harga tf' is: '17,491'

2023-10-06 12:17:57 - [MESSAGE][PASSED] - Text of object 'Object Repository/co saldo akun/new total harga tf' is: '17,491'

2023-10-06 12:17:57 - [TEST_STEP][PASSED] - total1 = replace(",", "").trim(): null

2023-10-06 12:17:57 - [TEST_STEP][PASSED] - total2 = Integer.parseInt(total1): null

2023-10-06 12:17:57 - [TEST_STEP][PASSED] - println(total2): null

2023-10-06 12:17:57 - [TEST_STEP][PASSED] - assert totalBayar1 == total2: null

2023-10-06 12:17:57 - [TEST_STEP][PASSED] - data = new java.util.HashMap(): null

2023-10-06 12:17:57 - [TEST_STEP][PASSED] - data.put("invoice", noPesanan): null

2023-10-06 12:17:57 - [TEST_STEP][PASSED] - data.put("namaPengirim", pengirim): null

2023-10-06 12:17:57 - [TEST_STEP][PASSED] - data.put("totalBayar", totalharga): null

2023-10-06 12:17:57 - [TEST_STEP][PASSED] - data.put("totalOngkir", tOng): null

2023-10-06 12:17:57 - [TEST_STEP][PASSED] - return data: null

2023-10-06 12:17:57 - [MESSAGE][PASSED] - Call Test Case 'Test Cases/T08 - Konfirmasi Pesanan/TC-OS-001' successfully

2023-10-06 12:17:57 - [TEST_STEP][PASSED] - noPesanan = data.get("invoice"): null

2023-10-06 12:17:57 - [TEST_STEP][PASSED] - name = data.get("namaPengirim"): null

2023-10-06 12:17:57 - [TEST_STEP][PASSED] - count = data.get("totalBayar"): null

2023-10-06 12:17:57 - [TEST_STEP][PASSED] - click(findTestObject("konfirmasi pesanan/a_Logout")): Object: 'Object Repository/konfirmasi pesanan/a_Logout' is clicked on

2023-10-06 12:18:00 - [MESSAGE][PASSED] - Object: 'Object Repository/konfirmasi pesanan/a_Logout' is clicked on

2023-10-06 12:18:00 - [TEST_STEP][PASSED] - verifyElementPresent(findTestObject("verifikasi halaman tajalapak sebelum daftar"), 0): Object 'Object Repository/verifikasi halaman tajalapak sebelum daftar' is present

2023-10-06 12:18:00 - [MESSAGE][WARNING] - Timeout '0' is invalid. Using default page load timeout: '30'

2023-10-06 12:18:00 - [MESSAGE][PASSED] - Object 'Object Repository/verifikasi halaman tajalapak sebelum daftar' is present

2023-10-06 12:18:00 - [TEST_STEP][PASSED] - mouseOver(findTestObject("konfirmasi pesanan/a_Shop")): Object: 'Object Repository/konfirmasi pesanan/a_Shop' is hovered

2023-10-06 12:18:02 - [MESSAGE][PASSED] - Object: 'Object Repository/konfirmasi pesanan/a_Shop' is hovered

2023-10-06 12:18:02 - [TEST_STEP][PASSED] - click(findTestObject("konfirmasi pesanan/a_Konfirmasi Orders")): Object: 'Object Repository/konfirmasi pesanan/a_Konfirmasi Orders' is clicked on

2023-10-06 12:18:03 - [MESSAGE][PASSED] - Object: 'Object Repository/konfirmasi pesanan/a_Konfirmasi Orders' is clicked on

2023-10-06 12:18:03 - [TEST_STEP][PASSED] - setText(findTestObject("konfirmasi pesanan/input_No Pesanan_a di shop"), noPesanan): Text 'TRX91.20231006121745' is set on object 'Object Repository/konfirmasi pesanan/input_No Pesanan_a di shop'

2023-10-06 12:18:04 - [MESSAGE][PASSED] - Text 'TRX91.20231006121745' is set on object 'Object Repository/konfirmasi pesanan/input_No Pesanan_a di shop'

2023-10-06 12:18:04 - [TEST_STEP][PASSED] - setText(findTestObject("konfirmasi pesanan/input_Alamat E-mail_form-control"), email): Text 'runarun@gmail.com' is set on object 'Object Repository/konfirmasi pesanan/input_Alamat E-mail_form-control'

2023-10-06 12:18:05 - [MESSAGE][PASSED] - Text 'runarun@gmail.com' is set on object 'Object Repository/konfirmasi pesanan/input_Alamat E-mail_form-control'

2023-10-06 12:18:05 - [TEST_STEP][PASSED] - click(findTestObject("konfirmasi pesanan/button_Submit")): Object: 'Object Repository/konfirmasi pesanan/button_Submit' is clicked on

2023-10-06 12:18:07 - [MESSAGE][PASSED] - Object: 'Object Repository/konfirmasi pesanan/button_Submit' is clicked on

2023-10-06 12:18:07 - [TEST_STEP][PASSED] - return data: null]]></system-out>
         <system-err><![CDATA[]]></system-err>
      </testcase>
      <testcase name="Test Cases/T08 - Konfirmasi Pesanan/TC-KS-004" time="63.312" classname="Test Cases/T08 - Konfirmasi Pesanan/TC-KS-004" status="PASSED">
         <system-out><![CDATA[2023-10-06 12:18:07 - [TEST_CASE][PASSED] - Test Cases/T08 - Konfirmasi Pesanan/TC-KS-004: Test Cases/T08 - Konfirmasi Pesanan/TC-KS-004

2023-10-06 12:18:08 - [TEST_STEP][PASSED] - data = callTestCase(findTestCase("T08 - Konfirmasi Pesanan/TC-KS-003"), ["noInvoice":" 	TRX91.20230911105711", "email":"runarun@gmail.com"], STOP_ON_FAILURE): Call Test Case 'Test Cases/T08 - Konfirmasi Pesanan/TC-KS-003' successfully

2023-10-06 12:18:08 - [TEST_CASE][PASSED] - Test Cases/T08 - Konfirmasi Pesanan/TC-KS-003: Test Cases/T08 - Konfirmasi Pesanan/TC-KS-003

2023-10-06 12:18:08 - [TEST_STEP][PASSED] - data = callTestCase(findTestCase("T08 - Konfirmasi Pesanan/TC-OS-001"), ["Roda":"2", "MetodePembayaran":"transfer"], STOP_ON_FAILURE): Call Test Case 'Test Cases/T08 - Konfirmasi Pesanan/TC-OS-001' successfully

2023-10-06 12:18:08 - [TEST_CASE][PASSED] - Test Cases/T08 - Konfirmasi Pesanan/TC-OS-001: Test Cases/T08 - Konfirmasi Pesanan/TC-OS-001

2023-10-06 12:18:08 - [TEST_STEP][PASSED] - callTestCase(findTestCase("T08 - Konfirmasi Pesanan/TC-LS-001"), [:], STOP_ON_FAILURE): Call Test Case 'Test Cases/T08 - Konfirmasi Pesanan/TC-LS-001' successfully

2023-10-06 12:18:08 - [TEST_CASE][PASSED] - Test Cases/T08 - Konfirmasi Pesanan/TC-LS-001: Test Cases/T08 - Konfirmasi Pesanan/TC-LS-001

2023-10-06 12:18:08 - [TEST_STEP][PASSED] - openBrowser(urlWeb): Browser is opened with url: 'https://10.9.2.63/ecommerce/'

2023-10-06 12:18:08 - [MESSAGE][WARNING] - A browser is already opened. Closing browser and opening a new one

2023-10-06 12:18:13 - [MESSAGE][INFO] - Starting 'Firefox' driver

2023-10-06 12:18:13 - [MESSAGE][INFO] - User set preference: ['args', '[window-size=1500,1000, ignore-certificate-errors, UnexpectedAlertBehaviour=ignore]']

2023-10-06 12:18:13 - [MESSAGE][INFO] - Action delay is set to 0 milliseconds

2023-10-06 12:18:23 - [MESSAGE][PASSED] - Browser is opened with url: 'https://10.9.2.63/ecommerce/'

2023-10-06 12:18:23 - [TEST_STEP][PASSED] - maximizeWindow(): Current window maximized

2023-10-06 12:18:23 - [MESSAGE][PASSED] - Current window maximized

2023-10-06 12:18:23 - [TEST_STEP][PASSED] - click(findTestObject("Login/a_Login")): Object: 'Object Repository/Login/a_Login' is clicked on

2023-10-06 12:18:24 - [MESSAGE][PASSED] - Object: 'Object Repository/Login/a_Login' is clicked on

2023-10-06 12:18:24 - [TEST_STEP][PASSED] - setText(findTestObject("Login/input_Username, Email atau No. Handphone_a"), "runa36"): Text 'runa36' is set on object 'Object Repository/Login/input_Username, Email atau No. Handphone_a'

2023-10-06 12:18:25 - [MESSAGE][PASSED] - Text 'runa36' is set on object 'Object Repository/Login/input_Username, Email atau No. Handphone_a'

2023-10-06 12:18:25 - [TEST_STEP][PASSED] - setEncryptedText(findTestObject("Login/input_Password di Login(Masuk)"), "qbkrdMwyWE4="): Text ****** has been set on object 'Object Repository/Login/input_Password di Login(Masuk)'

2023-10-06 12:18:26 - [MESSAGE][PASSED] - Text ****** has been set on object 'Object Repository/Login/input_Password di Login(Masuk)'

2023-10-06 12:18:26 - [TEST_STEP][PASSED] - click(findTestObject("Login/button_Masuk di halaman login")): Object: 'Object Repository/Login/button_Masuk di halaman login' is clicked on

2023-10-06 12:18:28 - [MESSAGE][PASSED] - Object: 'Object Repository/Login/button_Masuk di halaman login' is clicked on

2023-10-06 12:18:28 - [TEST_STEP][PASSED] - verifyElementPresent(findTestObject("Pendaftaran/verifikasi MASUK di halaman Login"), 0): Object 'Object Repository/Pendaftaran/verifikasi MASUK di halaman Login' is present

2023-10-06 12:18:28 - [MESSAGE][WARNING] - Timeout '0' is invalid. Using default page load timeout: '30'

2023-10-06 12:18:28 - [MESSAGE][PASSED] - Object 'Object Repository/Pendaftaran/verifikasi MASUK di halaman Login' is present

2023-10-06 12:18:28 - [MESSAGE][PASSED] - Call Test Case 'Test Cases/T08 - Konfirmasi Pesanan/TC-LS-001' successfully

2023-10-06 12:18:28 - [TEST_STEP][PASSED] - setText(findTestObject("chekout/input aku mau belanja"), "acer"): Text 'acer' is set on object 'Object Repository/chekout/input aku mau belanja'

2023-10-06 12:18:29 - [MESSAGE][PASSED] - Text 'acer' is set on object 'Object Repository/chekout/input aku mau belanja'

2023-10-06 12:18:29 - [TEST_STEP][PASSED] - click(findTestObject("chekout/button_Cari di halaman tajalapak")): Object: 'Object Repository/chekout/button_Cari di halaman tajalapak' is clicked on

2023-10-06 12:18:31 - [MESSAGE][PASSED] - Object: 'Object Repository/chekout/button_Cari di halaman tajalapak' is clicked on

2023-10-06 12:18:31 - [TEST_STEP][PASSED] - click(findTestObject("chekout/NEW read more acer")): Object: 'Object Repository/chekout/NEW read more acer' is clicked on

2023-10-06 12:18:33 - [MESSAGE][PASSED] - Object: 'Object Repository/chekout/NEW read more acer' is clicked on

2023-10-06 12:18:33 - [TEST_STEP][PASSED] - click(findTestObject("chekout/button_Beli Sekarang di detail produk")): Object: 'Object Repository/chekout/button_Beli Sekarang di detail produk' is clicked on

2023-10-06 12:18:35 - [MESSAGE][PASSED] - Object: 'Object Repository/chekout/button_Beli Sekarang di detail produk' is clicked on

2023-10-06 12:18:35 - [TEST_STEP][PASSED] - verifyElementPresent(findTestObject("chekout/halaman keranjang belanja"), 0): Object 'Object Repository/chekout/halaman keranjang belanja' is present

2023-10-06 12:18:35 - [MESSAGE][WARNING] - Timeout '0' is invalid. Using default page load timeout: '30'

2023-10-06 12:18:36 - [MESSAGE][PASSED] - Object 'Object Repository/chekout/halaman keranjang belanja' is present

2023-10-06 12:18:36 - [TEST_STEP][PASSED] - click(findTestObject("chekout/button_Lanjut ke Pembayaran")): Object: 'Object Repository/chekout/button_Lanjut ke Pembayaran' is clicked on

2023-10-06 12:18:39 - [MESSAGE][PASSED] - Object: 'Object Repository/chekout/button_Lanjut ke Pembayaran' is clicked on

2023-10-06 12:18:39 - [TEST_STEP][PASSED] - selectOptionByValue(findTestObject("Object Repository/chekout/select_- Kirim via Kurir Lokal -Roda 2Roda 4"), Roda, false): All options with value '2' are selected in object 'Object Repository/chekout/select_- Kirim via Kurir Lokal -Roda 2Roda 4' 

2023-10-06 12:18:40 - [MESSAGE][PASSED] - All options with value '2' are selected in object 'Object Repository/chekout/select_- Kirim via Kurir Lokal -Roda 2Roda 4' 

2023-10-06 12:18:40 - [TEST_STEP][PASSED] - click(findTestObject("chekout/jenis kendaraan")): Object: 'Object Repository/chekout/jenis kendaraan' is clicked on

2023-10-06 12:18:41 - [MESSAGE][PASSED] - Object: 'Object Repository/chekout/jenis kendaraan' is clicked on

2023-10-06 12:18:41 - [TEST_STEP][PASSED] - if (toString().equalsIgnoreCase("transfer")): Object 'Object Repository/chekout/input metode tf bank' is checked

2023-10-06 12:18:41 - [TEST_STEP][PASSED] - check(findTestObject("chekout/input metode tf bank")): Object 'Object Repository/chekout/input metode tf bank' is checked

2023-10-06 12:18:41 - [MESSAGE][PASSED] - Object 'Object Repository/chekout/input metode tf bank' is checked

2023-10-06 12:18:41 - [TEST_STEP][PASSED] - click(findTestObject("chekout/button_Proses Pembayaran")): Object: 'Object Repository/chekout/button_Proses Pembayaran' is clicked on

2023-10-06 12:18:47 - [MESSAGE][PASSED] - Object: 'Object Repository/chekout/button_Proses Pembayaran' is clicked on

2023-10-06 12:18:47 - [TEST_STEP][PASSED] - noPesanan = getText(findTestObject("Object Repository/chekout/nomor invoice dari halaman menunggu pembayaran")): Text of object 'Object Repository/chekout/nomor invoice dari halaman menunggu pembayaran' is: 'TRX91.20231006121842'

2023-10-06 12:18:49 - [MESSAGE][PASSED] - Text of object 'Object Repository/chekout/nomor invoice dari halaman menunggu pembayaran' is: 'TRX91.20231006121842'

2023-10-06 12:18:49 - [TEST_STEP][PASSED] - println(noPesanan): null

2023-10-06 12:18:49 - [TEST_STEP][PASSED] - pengirim = getText(findTestObject("Object Repository/chekout/dikirim kepada sama dengan pengirim di tf di konfirmaasi bayar")): Text of object 'Object Repository/chekout/dikirim kepada sama dengan pengirim di tf di konfirmaasi bayar' is: 'runarun'

2023-10-06 12:18:49 - [MESSAGE][PASSED] - Text of object 'Object Repository/chekout/dikirim kepada sama dengan pengirim di tf di konfirmaasi bayar' is: 'runarun'

2023-10-06 12:18:49 - [TEST_STEP][PASSED] - totalharga = getText(findTestObject("Object Repository/chekout/total harga bayar")): Text of object 'Object Repository/chekout/total harga bayar' is: '17,588'

2023-10-06 12:18:50 - [MESSAGE][PASSED] - Text of object 'Object Repository/chekout/total harga bayar' is: '17,588'

2023-10-06 12:18:50 - [TEST_STEP][PASSED] - ongkir = getText(findTestObject("co saldo akun/new ongkir tf")): Text of object 'Object Repository/co saldo akun/new ongkir tf' is: 'Rp 13,000'

2023-10-06 12:18:51 - [MESSAGE][PASSED] - Text of object 'Object Repository/co saldo akun/new ongkir tf' is: 'Rp 13,000'

2023-10-06 12:18:51 - [TEST_STEP][PASSED] - ongkirr = replace(",", "").trim(): null

2023-10-06 12:18:51 - [TEST_STEP][PASSED] - ongkir1 = Integer.parseInt(ongkirr): null

2023-10-06 12:18:51 - [TEST_STEP][PASSED] - println(ongkir1): null

2023-10-06 12:18:51 - [TEST_STEP][PASSED] - biayaAdmin = getText(findTestObject("co saldo akun/new fee admin tf")): Text of object 'Object Repository/co saldo akun/new fee admin tf' is: 'Rp 1,500'

2023-10-06 12:18:51 - [MESSAGE][PASSED] - Text of object 'Object Repository/co saldo akun/new fee admin tf' is: 'Rp 1,500'

2023-10-06 12:18:51 - [TEST_STEP][PASSED] - bAdmin = replace(",", "").trim(): null

2023-10-06 12:18:51 - [TEST_STEP][PASSED] - Integer.parseInt(bAdmin): null

2023-10-06 12:18:51 - [TEST_STEP][PASSED] - Admin = Double.parseDouble(bAdmin): null

2023-10-06 12:18:51 - [TEST_STEP][PASSED] - println(Admin): null

2023-10-06 12:18:51 - [TEST_STEP][PASSED] - subtotal = getText(findTestObject("co saldo akun/new subtotal tf")): Text of object 'Object Repository/co saldo akun/new subtotal tf' is: 'Rp 2,246'

2023-10-06 12:18:52 - [MESSAGE][PASSED] - Text of object 'Object Repository/co saldo akun/new subtotal tf' is: 'Rp 2,246'

2023-10-06 12:18:52 - [TEST_STEP][PASSED] - subtotall = replace(",", "").trim(): null

2023-10-06 12:18:52 - [TEST_STEP][PASSED] - Integer.parseInt(subtotall): null

2023-10-06 12:18:52 - [TEST_STEP][PASSED] - sub = Double.parseDouble(subtotall): null

2023-10-06 12:18:52 - [TEST_STEP][PASSED] - println(sub): null

2023-10-06 12:18:52 - [TEST_STEP][PASSED] - kode = getText(findTestObject("co saldo akun/new kode unik tf")): Text of object 'Object Repository/co saldo akun/new kode unik tf' is: '+842'

2023-10-06 12:18:53 - [MESSAGE][PASSED] - Text of object 'Object Repository/co saldo akun/new kode unik tf' is: '+842'

2023-10-06 12:18:53 - [TEST_STEP][PASSED] - kodee = replace("+", "").trim(): null

2023-10-06 12:18:53 - [TEST_STEP][PASSED] - Integer.parseInt(kodee): null

2023-10-06 12:18:53 - [TEST_STEP][PASSED] - code = Double.parseDouble(kodee): null

2023-10-06 12:18:53 - [TEST_STEP][PASSED] - tOng = ongkir1 + sub: null

2023-10-06 12:18:53 - [TEST_STEP][PASSED] - println(tOng): null

2023-10-06 12:18:53 - [TEST_STEP][PASSED] - totalBayar = tOng + Admin + code: null

2023-10-06 12:18:53 - [TEST_STEP][PASSED] - println(totalBayar): null

2023-10-06 12:18:53 - [TEST_STEP][PASSED] - totalBayar1 = totalBayar: null

2023-10-06 12:18:53 - [TEST_STEP][PASSED] - println(totalBayar1): null

2023-10-06 12:18:53 - [TEST_STEP][PASSED] - total = getText(findTestObject("co saldo akun/new total harga tf")): Text of object 'Object Repository/co saldo akun/new total harga tf' is: '17,588'

2023-10-06 12:18:53 - [MESSAGE][PASSED] - Text of object 'Object Repository/co saldo akun/new total harga tf' is: '17,588'

2023-10-06 12:18:53 - [TEST_STEP][PASSED] - total1 = replace(",", "").trim(): null

2023-10-06 12:18:53 - [TEST_STEP][PASSED] - total2 = Integer.parseInt(total1): null

2023-10-06 12:18:53 - [TEST_STEP][PASSED] - println(total2): null

2023-10-06 12:18:53 - [TEST_STEP][PASSED] - assert totalBayar1 == total2: null

2023-10-06 12:18:53 - [TEST_STEP][PASSED] - data = new java.util.HashMap(): null

2023-10-06 12:18:53 - [TEST_STEP][PASSED] - data.put("invoice", noPesanan): null

2023-10-06 12:18:53 - [TEST_STEP][PASSED] - data.put("namaPengirim", pengirim): null

2023-10-06 12:18:53 - [TEST_STEP][PASSED] - data.put("totalBayar", totalharga): null

2023-10-06 12:18:53 - [TEST_STEP][PASSED] - data.put("totalOngkir", tOng): null

2023-10-06 12:18:53 - [TEST_STEP][PASSED] - return data: null

2023-10-06 12:18:53 - [MESSAGE][PASSED] - Call Test Case 'Test Cases/T08 - Konfirmasi Pesanan/TC-OS-001' successfully

2023-10-06 12:18:53 - [TEST_STEP][PASSED] - noPesanan = data.get("invoice"): null

2023-10-06 12:18:53 - [TEST_STEP][PASSED] - name = data.get("namaPengirim"): null

2023-10-06 12:18:53 - [TEST_STEP][PASSED] - count = data.get("totalBayar"): null

2023-10-06 12:18:53 - [TEST_STEP][PASSED] - click(findTestObject("konfirmasi pesanan/a_Logout")): Object: 'Object Repository/konfirmasi pesanan/a_Logout' is clicked on

2023-10-06 12:18:56 - [MESSAGE][PASSED] - Object: 'Object Repository/konfirmasi pesanan/a_Logout' is clicked on

2023-10-06 12:18:56 - [TEST_STEP][PASSED] - verifyElementPresent(findTestObject("verifikasi halaman tajalapak sebelum daftar"), 0): Object 'Object Repository/verifikasi halaman tajalapak sebelum daftar' is present

2023-10-06 12:18:57 - [MESSAGE][WARNING] - Timeout '0' is invalid. Using default page load timeout: '30'

2023-10-06 12:18:57 - [MESSAGE][PASSED] - Object 'Object Repository/verifikasi halaman tajalapak sebelum daftar' is present

2023-10-06 12:18:57 - [TEST_STEP][PASSED] - mouseOver(findTestObject("konfirmasi pesanan/a_Shop")): Object: 'Object Repository/konfirmasi pesanan/a_Shop' is hovered

2023-10-06 12:18:58 - [MESSAGE][PASSED] - Object: 'Object Repository/konfirmasi pesanan/a_Shop' is hovered

2023-10-06 12:18:58 - [TEST_STEP][PASSED] - click(findTestObject("konfirmasi pesanan/a_Konfirmasi Orders")): Object: 'Object Repository/konfirmasi pesanan/a_Konfirmasi Orders' is clicked on

2023-10-06 12:18:59 - [MESSAGE][PASSED] - Object: 'Object Repository/konfirmasi pesanan/a_Konfirmasi Orders' is clicked on

2023-10-06 12:18:59 - [TEST_STEP][PASSED] - setText(findTestObject("konfirmasi pesanan/input_No Pesanan_a di shop"), noPesanan): Text 'TRX91.20231006121842' is set on object 'Object Repository/konfirmasi pesanan/input_No Pesanan_a di shop'

2023-10-06 12:19:01 - [MESSAGE][PASSED] - Text 'TRX91.20231006121842' is set on object 'Object Repository/konfirmasi pesanan/input_No Pesanan_a di shop'

2023-10-06 12:19:01 - [TEST_STEP][PASSED] - setText(findTestObject("konfirmasi pesanan/input_Alamat E-mail_form-control"), email): Text 'runarun@gmail.com' is set on object 'Object Repository/konfirmasi pesanan/input_Alamat E-mail_form-control'

2023-10-06 12:19:01 - [MESSAGE][PASSED] - Text 'runarun@gmail.com' is set on object 'Object Repository/konfirmasi pesanan/input_Alamat E-mail_form-control'

2023-10-06 12:19:01 - [TEST_STEP][PASSED] - click(findTestObject("konfirmasi pesanan/button_Submit")): Object: 'Object Repository/konfirmasi pesanan/button_Submit' is clicked on

2023-10-06 12:19:03 - [MESSAGE][PASSED] - Object: 'Object Repository/konfirmasi pesanan/button_Submit' is clicked on

2023-10-06 12:19:03 - [TEST_STEP][PASSED] - return data: null

2023-10-06 12:19:03 - [MESSAGE][PASSED] - Call Test Case 'Test Cases/T08 - Konfirmasi Pesanan/TC-KS-003' successfully

2023-10-06 12:19:03 - [TEST_STEP][PASSED] - noPesanan = data.get("invoice"): null

2023-10-06 12:19:03 - [TEST_STEP][PASSED] - name = data.get("namaPengirim"): null

2023-10-06 12:19:03 - [TEST_STEP][PASSED] - count = data.get("totalBayar"): null

2023-10-06 12:19:03 - [TEST_STEP][PASSED] - clearText(findTestObject("konfirmasi pesanan/input_Total TagihanTransfer_b")): Text of object 'Object Repository/konfirmasi pesanan/input_Total TagihanTransfer_b' is cleared

2023-10-06 12:19:04 - [MESSAGE][PASSED] - Text of object 'Object Repository/konfirmasi pesanan/input_Total TagihanTransfer_b' is cleared

2023-10-06 12:19:04 - [TEST_STEP][PASSED] - setText(findTestObject("konfirmasi pesanan/input_Total TagihanTransfer_b"), count): Text '17,588' is set on object 'Object Repository/konfirmasi pesanan/input_Total TagihanTransfer_b'

2023-10-06 12:19:04 - [MESSAGE][PASSED] - Text '17,588' is set on object 'Object Repository/konfirmasi pesanan/input_Total TagihanTransfer_b'

2023-10-06 12:19:04 - [TEST_STEP][PASSED] - selectOptionByValue(findTestObject("konfirmasi pesanan/select dropdown trasfer"), transfer, false): All options with value '1' are selected in object 'Object Repository/konfirmasi pesanan/select dropdown trasfer' 

2023-10-06 12:19:05 - [MESSAGE][PASSED] - All options with value '1' are selected in object 'Object Repository/konfirmasi pesanan/select dropdown trasfer' 

2023-10-06 12:19:05 - [TEST_STEP][PASSED] - clearText(findTestObject("konfirmasi pesanan/input_Nama Pengirim_d")): Text of object 'Object Repository/konfirmasi pesanan/input_Nama Pengirim_d' is cleared

2023-10-06 12:19:06 - [MESSAGE][PASSED] - Text of object 'Object Repository/konfirmasi pesanan/input_Nama Pengirim_d' is cleared

2023-10-06 12:19:06 - [TEST_STEP][PASSED] - setText(findTestObject("konfirmasi pesanan/input_Nama Pengirim_d"), name): Text 'runarun' is set on object 'Object Repository/konfirmasi pesanan/input_Nama Pengirim_d'

2023-10-06 12:19:07 - [MESSAGE][PASSED] - Text 'runarun' is set on object 'Object Repository/konfirmasi pesanan/input_Nama Pengirim_d'

2023-10-06 12:19:07 - [TEST_STEP][PASSED] - uploadFile(findTestObject("konfirmasi pesanan/input_Upload Bukti Transfer_f"), "F:\bootcamp\Miniproject\transfer.jpg"): File 'F:\bootcamp\Miniproject\transfer.jpg' sent to object: 'Object Repository/konfirmasi pesanan/input_Upload Bukti Transfer_f'

2023-10-06 12:19:07 - [MESSAGE][PASSED] - File 'F:\bootcamp\Miniproject\transfer.jpg' sent to object: 'Object Repository/konfirmasi pesanan/input_Upload Bukti Transfer_f'

2023-10-06 12:19:07 - [TEST_STEP][PASSED] - click(findTestObject("konfirmasi pesanan/button_Konfirmasi Pembayaran")): Object: 'Object Repository/konfirmasi pesanan/button_Konfirmasi Pembayaran' is clicked on

2023-10-06 12:19:09 - [MESSAGE][PASSED] - Object: 'Object Repository/konfirmasi pesanan/button_Konfirmasi Pembayaran' is clicked on

2023-10-06 12:19:09 - [TEST_STEP][PASSED] - verifyElementText(findTestObject("konfirmasi pesanan/verifikasi sukses melakukan pembayaran dari menu shop"), "Sukses Melakukan Konfirmasi Pembayaran Pesanan!"): Actual text and expected text of test object 'Object Repository/konfirmasi pesanan/verifikasi sukses melakukan pembayaran dari menu shop' are matched.

2023-10-06 12:19:10 - [MESSAGE][PASSED] - Actual text and expected text of test object 'Object Repository/konfirmasi pesanan/verifikasi sukses melakukan pembayaran dari menu shop' are matched.

2023-10-06 12:19:10 - [TEST_STEP][PASSED] - return data: null]]></system-out>
         <system-err><![CDATA[]]></system-err>
      </testcase>
      <testcase name="Test Cases/T08 - Konfirmasi Pesanan/TC-KS-005" time="57.853" classname="Test Cases/T08 - Konfirmasi Pesanan/TC-KS-005" status="PASSED">
         <system-out><![CDATA[2023-10-06 12:19:10 - [TEST_CASE][PASSED] - Test Cases/T08 - Konfirmasi Pesanan/TC-KS-005: Test Cases/T08 - Konfirmasi Pesanan/TC-KS-005

2023-10-06 12:19:11 - [TEST_STEP][PASSED] - data = callTestCase(findTestCase("T08 - Konfirmasi Pesanan/TC-OS-001"), ["Roda":"2", "MetodePembayaran":"transfer"], STOP_ON_FAILURE): Call Test Case 'Test Cases/T08 - Konfirmasi Pesanan/TC-OS-001' successfully

2023-10-06 12:19:11 - [TEST_CASE][PASSED] - Test Cases/T08 - Konfirmasi Pesanan/TC-OS-001: Test Cases/T08 - Konfirmasi Pesanan/TC-OS-001

2023-10-06 12:19:11 - [TEST_STEP][PASSED] - callTestCase(findTestCase("T08 - Konfirmasi Pesanan/TC-LS-001"), [:], STOP_ON_FAILURE): Call Test Case 'Test Cases/T08 - Konfirmasi Pesanan/TC-LS-001' successfully

2023-10-06 12:19:11 - [TEST_CASE][PASSED] - Test Cases/T08 - Konfirmasi Pesanan/TC-LS-001: Test Cases/T08 - Konfirmasi Pesanan/TC-LS-001

2023-10-06 12:19:11 - [TEST_STEP][PASSED] - openBrowser(urlWeb): Browser is opened with url: 'https://10.9.2.63/ecommerce/'

2023-10-06 12:19:11 - [MESSAGE][WARNING] - A browser is already opened. Closing browser and opening a new one

2023-10-06 12:19:15 - [MESSAGE][INFO] - Starting 'Firefox' driver

2023-10-06 12:19:15 - [MESSAGE][INFO] - User set preference: ['args', '[window-size=1500,1000, ignore-certificate-errors, UnexpectedAlertBehaviour=ignore]']

2023-10-06 12:19:15 - [MESSAGE][INFO] - Action delay is set to 0 milliseconds

2023-10-06 12:19:25 - [MESSAGE][PASSED] - Browser is opened with url: 'https://10.9.2.63/ecommerce/'

2023-10-06 12:19:25 - [TEST_STEP][PASSED] - maximizeWindow(): Current window maximized

2023-10-06 12:19:25 - [MESSAGE][PASSED] - Current window maximized

2023-10-06 12:19:25 - [TEST_STEP][PASSED] - click(findTestObject("Login/a_Login")): Object: 'Object Repository/Login/a_Login' is clicked on

2023-10-06 12:19:26 - [MESSAGE][PASSED] - Object: 'Object Repository/Login/a_Login' is clicked on

2023-10-06 12:19:26 - [TEST_STEP][PASSED] - setText(findTestObject("Login/input_Username, Email atau No. Handphone_a"), "runa36"): Text 'runa36' is set on object 'Object Repository/Login/input_Username, Email atau No. Handphone_a'

2023-10-06 12:19:27 - [MESSAGE][PASSED] - Text 'runa36' is set on object 'Object Repository/Login/input_Username, Email atau No. Handphone_a'

2023-10-06 12:19:27 - [TEST_STEP][PASSED] - setEncryptedText(findTestObject("Login/input_Password di Login(Masuk)"), "qbkrdMwyWE4="): Text ****** has been set on object 'Object Repository/Login/input_Password di Login(Masuk)'

2023-10-06 12:19:28 - [MESSAGE][PASSED] - Text ****** has been set on object 'Object Repository/Login/input_Password di Login(Masuk)'

2023-10-06 12:19:28 - [TEST_STEP][PASSED] - click(findTestObject("Login/button_Masuk di halaman login")): Object: 'Object Repository/Login/button_Masuk di halaman login' is clicked on

2023-10-06 12:19:29 - [MESSAGE][PASSED] - Object: 'Object Repository/Login/button_Masuk di halaman login' is clicked on

2023-10-06 12:19:29 - [TEST_STEP][PASSED] - verifyElementPresent(findTestObject("Pendaftaran/verifikasi MASUK di halaman Login"), 0): Object 'Object Repository/Pendaftaran/verifikasi MASUK di halaman Login' is present

2023-10-06 12:19:29 - [MESSAGE][WARNING] - Timeout '0' is invalid. Using default page load timeout: '30'

2023-10-06 12:19:30 - [MESSAGE][PASSED] - Object 'Object Repository/Pendaftaran/verifikasi MASUK di halaman Login' is present

2023-10-06 12:19:30 - [MESSAGE][PASSED] - Call Test Case 'Test Cases/T08 - Konfirmasi Pesanan/TC-LS-001' successfully

2023-10-06 12:19:30 - [TEST_STEP][PASSED] - setText(findTestObject("chekout/input aku mau belanja"), "acer"): Text 'acer' is set on object 'Object Repository/chekout/input aku mau belanja'

2023-10-06 12:19:31 - [MESSAGE][PASSED] - Text 'acer' is set on object 'Object Repository/chekout/input aku mau belanja'

2023-10-06 12:19:31 - [TEST_STEP][PASSED] - click(findTestObject("chekout/button_Cari di halaman tajalapak")): Object: 'Object Repository/chekout/button_Cari di halaman tajalapak' is clicked on

2023-10-06 12:19:32 - [MESSAGE][PASSED] - Object: 'Object Repository/chekout/button_Cari di halaman tajalapak' is clicked on

2023-10-06 12:19:32 - [TEST_STEP][PASSED] - click(findTestObject("chekout/NEW read more acer")): Object: 'Object Repository/chekout/NEW read more acer' is clicked on

2023-10-06 12:19:35 - [MESSAGE][PASSED] - Object: 'Object Repository/chekout/NEW read more acer' is clicked on

2023-10-06 12:19:35 - [TEST_STEP][PASSED] - click(findTestObject("chekout/button_Beli Sekarang di detail produk")): Object: 'Object Repository/chekout/button_Beli Sekarang di detail produk' is clicked on

2023-10-06 12:19:36 - [MESSAGE][PASSED] - Object: 'Object Repository/chekout/button_Beli Sekarang di detail produk' is clicked on

2023-10-06 12:19:36 - [TEST_STEP][PASSED] - verifyElementPresent(findTestObject("chekout/halaman keranjang belanja"), 0): Object 'Object Repository/chekout/halaman keranjang belanja' is present

2023-10-06 12:19:37 - [MESSAGE][WARNING] - Timeout '0' is invalid. Using default page load timeout: '30'

2023-10-06 12:19:38 - [MESSAGE][PASSED] - Object 'Object Repository/chekout/halaman keranjang belanja' is present

2023-10-06 12:19:38 - [TEST_STEP][PASSED] - click(findTestObject("chekout/button_Lanjut ke Pembayaran")): Object: 'Object Repository/chekout/button_Lanjut ke Pembayaran' is clicked on

2023-10-06 12:19:40 - [MESSAGE][PASSED] - Object: 'Object Repository/chekout/button_Lanjut ke Pembayaran' is clicked on

2023-10-06 12:19:40 - [TEST_STEP][PASSED] - selectOptionByValue(findTestObject("Object Repository/chekout/select_- Kirim via Kurir Lokal -Roda 2Roda 4"), Roda, false): All options with value '2' are selected in object 'Object Repository/chekout/select_- Kirim via Kurir Lokal -Roda 2Roda 4' 

2023-10-06 12:19:41 - [MESSAGE][PASSED] - All options with value '2' are selected in object 'Object Repository/chekout/select_- Kirim via Kurir Lokal -Roda 2Roda 4' 

2023-10-06 12:19:41 - [TEST_STEP][PASSED] - click(findTestObject("chekout/jenis kendaraan")): Object: 'Object Repository/chekout/jenis kendaraan' is clicked on

2023-10-06 12:19:42 - [MESSAGE][PASSED] - Object: 'Object Repository/chekout/jenis kendaraan' is clicked on

2023-10-06 12:19:42 - [TEST_STEP][PASSED] - if (toString().equalsIgnoreCase("transfer")): Object 'Object Repository/chekout/input metode tf bank' is checked

2023-10-06 12:19:42 - [TEST_STEP][PASSED] - check(findTestObject("chekout/input metode tf bank")): Object 'Object Repository/chekout/input metode tf bank' is checked

2023-10-06 12:19:43 - [MESSAGE][PASSED] - Object 'Object Repository/chekout/input metode tf bank' is checked

2023-10-06 12:19:43 - [TEST_STEP][PASSED] - click(findTestObject("chekout/button_Proses Pembayaran")): Object: 'Object Repository/chekout/button_Proses Pembayaran' is clicked on

2023-10-06 12:19:49 - [MESSAGE][PASSED] - Object: 'Object Repository/chekout/button_Proses Pembayaran' is clicked on

2023-10-06 12:19:49 - [TEST_STEP][PASSED] - noPesanan = getText(findTestObject("Object Repository/chekout/nomor invoice dari halaman menunggu pembayaran")): Text of object 'Object Repository/chekout/nomor invoice dari halaman menunggu pembayaran' is: 'TRX91.20231006121943'

2023-10-06 12:19:50 - [MESSAGE][PASSED] - Text of object 'Object Repository/chekout/nomor invoice dari halaman menunggu pembayaran' is: 'TRX91.20231006121943'

2023-10-06 12:19:50 - [TEST_STEP][PASSED] - println(noPesanan): null

2023-10-06 12:19:50 - [TEST_STEP][PASSED] - pengirim = getText(findTestObject("Object Repository/chekout/dikirim kepada sama dengan pengirim di tf di konfirmaasi bayar")): Text of object 'Object Repository/chekout/dikirim kepada sama dengan pengirim di tf di konfirmaasi bayar' is: 'runarun'

2023-10-06 12:19:50 - [MESSAGE][PASSED] - Text of object 'Object Repository/chekout/dikirim kepada sama dengan pengirim di tf di konfirmaasi bayar' is: 'runarun'

2023-10-06 12:19:50 - [TEST_STEP][PASSED] - totalharga = getText(findTestObject("Object Repository/chekout/total harga bayar")): Text of object 'Object Repository/chekout/total harga bayar' is: '17,689'

2023-10-06 12:19:51 - [MESSAGE][PASSED] - Text of object 'Object Repository/chekout/total harga bayar' is: '17,689'

2023-10-06 12:19:51 - [TEST_STEP][PASSED] - ongkir = getText(findTestObject("co saldo akun/new ongkir tf")): Text of object 'Object Repository/co saldo akun/new ongkir tf' is: 'Rp 13,000'

2023-10-06 12:19:52 - [MESSAGE][PASSED] - Text of object 'Object Repository/co saldo akun/new ongkir tf' is: 'Rp 13,000'

2023-10-06 12:19:52 - [TEST_STEP][PASSED] - ongkirr = replace(",", "").trim(): null

2023-10-06 12:19:52 - [TEST_STEP][PASSED] - ongkir1 = Integer.parseInt(ongkirr): null

2023-10-06 12:19:52 - [TEST_STEP][PASSED] - println(ongkir1): null

2023-10-06 12:19:52 - [TEST_STEP][PASSED] - biayaAdmin = getText(findTestObject("co saldo akun/new fee admin tf")): Text of object 'Object Repository/co saldo akun/new fee admin tf' is: 'Rp 1,500'

2023-10-06 12:19:53 - [MESSAGE][PASSED] - Text of object 'Object Repository/co saldo akun/new fee admin tf' is: 'Rp 1,500'

2023-10-06 12:19:53 - [TEST_STEP][PASSED] - bAdmin = replace(",", "").trim(): null

2023-10-06 12:19:53 - [TEST_STEP][PASSED] - Integer.parseInt(bAdmin): null

2023-10-06 12:19:53 - [TEST_STEP][PASSED] - Admin = Double.parseDouble(bAdmin): null

2023-10-06 12:19:53 - [TEST_STEP][PASSED] - println(Admin): null

2023-10-06 12:19:53 - [TEST_STEP][PASSED] - subtotal = getText(findTestObject("co saldo akun/new subtotal tf")): Text of object 'Object Repository/co saldo akun/new subtotal tf' is: 'Rp 2,246'

2023-10-06 12:19:53 - [MESSAGE][PASSED] - Text of object 'Object Repository/co saldo akun/new subtotal tf' is: 'Rp 2,246'

2023-10-06 12:19:53 - [TEST_STEP][PASSED] - subtotall = replace(",", "").trim(): null

2023-10-06 12:19:53 - [TEST_STEP][PASSED] - Integer.parseInt(subtotall): null

2023-10-06 12:19:53 - [TEST_STEP][PASSED] - sub = Double.parseDouble(subtotall): null

2023-10-06 12:19:54 - [TEST_STEP][PASSED] - println(sub): null

2023-10-06 12:19:54 - [TEST_STEP][PASSED] - kode = getText(findTestObject("co saldo akun/new kode unik tf")): Text of object 'Object Repository/co saldo akun/new kode unik tf' is: '+943'

2023-10-06 12:19:55 - [MESSAGE][PASSED] - Text of object 'Object Repository/co saldo akun/new kode unik tf' is: '+943'

2023-10-06 12:19:55 - [TEST_STEP][PASSED] - kodee = replace("+", "").trim(): null

2023-10-06 12:19:55 - [TEST_STEP][PASSED] - Integer.parseInt(kodee): null

2023-10-06 12:19:55 - [TEST_STEP][PASSED] - code = Double.parseDouble(kodee): null

2023-10-06 12:19:55 - [TEST_STEP][PASSED] - tOng = ongkir1 + sub: null

2023-10-06 12:19:55 - [TEST_STEP][PASSED] - println(tOng): null

2023-10-06 12:19:55 - [TEST_STEP][PASSED] - totalBayar = tOng + Admin + code: null

2023-10-06 12:19:55 - [TEST_STEP][PASSED] - println(totalBayar): null

2023-10-06 12:19:55 - [TEST_STEP][PASSED] - totalBayar1 = totalBayar: null

2023-10-06 12:19:55 - [TEST_STEP][PASSED] - println(totalBayar1): null

2023-10-06 12:19:55 - [TEST_STEP][PASSED] - total = getText(findTestObject("co saldo akun/new total harga tf")): Text of object 'Object Repository/co saldo akun/new total harga tf' is: '17,689'

2023-10-06 12:19:55 - [MESSAGE][PASSED] - Text of object 'Object Repository/co saldo akun/new total harga tf' is: '17,689'

2023-10-06 12:19:55 - [TEST_STEP][PASSED] - total1 = replace(",", "").trim(): null

2023-10-06 12:19:55 - [TEST_STEP][PASSED] - total2 = Integer.parseInt(total1): null

2023-10-06 12:19:55 - [TEST_STEP][PASSED] - println(total2): null

2023-10-06 12:19:55 - [TEST_STEP][PASSED] - assert totalBayar1 == total2: null

2023-10-06 12:19:55 - [TEST_STEP][PASSED] - data = new java.util.HashMap(): null

2023-10-06 12:19:55 - [TEST_STEP][PASSED] - data.put("invoice", noPesanan): null

2023-10-06 12:19:55 - [TEST_STEP][PASSED] - data.put("namaPengirim", pengirim): null

2023-10-06 12:19:55 - [TEST_STEP][PASSED] - data.put("totalBayar", totalharga): null

2023-10-06 12:19:55 - [TEST_STEP][PASSED] - data.put("totalOngkir", tOng): null

2023-10-06 12:19:55 - [TEST_STEP][PASSED] - return data: null

2023-10-06 12:19:55 - [MESSAGE][PASSED] - Call Test Case 'Test Cases/T08 - Konfirmasi Pesanan/TC-OS-001' successfully

2023-10-06 12:19:55 - [TEST_STEP][PASSED] - noInvoice = data.get("invoice"): null

2023-10-06 12:19:55 - [TEST_STEP][PASSED] - nmPengirim = data.get("namaPengirim"): null

2023-10-06 12:19:55 - [TEST_STEP][PASSED] - ttlBayar = data.get("totalBayar"): null

2023-10-06 12:19:55 - [TEST_STEP][PASSED] - click(findTestObject("konfirmasi pesanan/a_Akun 0")): Object: 'Object Repository/konfirmasi pesanan/a_Akun 0' is clicked on

2023-10-06 12:19:56 - [MESSAGE][PASSED] - Object: 'Object Repository/konfirmasi pesanan/a_Akun 0' is clicked on

2023-10-06 12:19:56 - [TEST_STEP][PASSED] - click(findTestObject("konfirmasi order konsumen/pembelian dari akun")): Object: 'Object Repository/konfirmasi order konsumen/pembelian dari akun' is clicked on

2023-10-06 12:19:58 - [MESSAGE][PASSED] - Object: 'Object Repository/konfirmasi order konsumen/pembelian dari akun' is clicked on

2023-10-06 12:19:58 - [TEST_STEP][PASSED] - click(findTestObject("konfirmasi pesanan/new konfirmasi bayar")): Object: 'Object Repository/konfirmasi pesanan/new konfirmasi bayar' is clicked on

2023-10-06 12:19:59 - [MESSAGE][PASSED] - Object: 'Object Repository/konfirmasi pesanan/new konfirmasi bayar' is clicked on

2023-10-06 12:19:59 - [TEST_STEP][PASSED] - verifyElementPresent(findTestObject("konfirmasi pesanan/verifikasi user masuk halaman konfirmasi bayar dari akun profil"), 0): Object 'Object Repository/konfirmasi pesanan/verifikasi user masuk halaman konfirmasi bayar dari akun profil' is present

2023-10-06 12:20:00 - [MESSAGE][WARNING] - Timeout '0' is invalid. Using default page load timeout: '30'

2023-10-06 12:20:00 - [MESSAGE][PASSED] - Object 'Object Repository/konfirmasi pesanan/verifikasi user masuk halaman konfirmasi bayar dari akun profil' is present

2023-10-06 12:20:00 - [TEST_STEP][PASSED] - clearText(findTestObject("konfirmasi pesanan/input_Total TagihanTransfer_b")): Text of object 'Object Repository/konfirmasi pesanan/input_Total TagihanTransfer_b' is cleared

2023-10-06 12:20:01 - [MESSAGE][PASSED] - Text of object 'Object Repository/konfirmasi pesanan/input_Total TagihanTransfer_b' is cleared

2023-10-06 12:20:01 - [TEST_STEP][PASSED] - setText(findTestObject("konfirmasi pesanan/input_Total TagihanTransfer_b"), ttlBayar): Text '17,689' is set on object 'Object Repository/konfirmasi pesanan/input_Total TagihanTransfer_b'

2023-10-06 12:20:02 - [MESSAGE][PASSED] - Text '17,689' is set on object 'Object Repository/konfirmasi pesanan/input_Total TagihanTransfer_b'

2023-10-06 12:20:02 - [TEST_STEP][PASSED] - selectOptionByValue(findTestObject("konfirmasi pesanan/select dropdown trasfer"), transfer, false): All options with value '1' are selected in object 'Object Repository/konfirmasi pesanan/select dropdown trasfer' 

2023-10-06 12:20:03 - [MESSAGE][PASSED] - All options with value '1' are selected in object 'Object Repository/konfirmasi pesanan/select dropdown trasfer' 

2023-10-06 12:20:03 - [TEST_STEP][PASSED] - uploadFile(findTestObject("konfirmasi pesanan/input_Upload Bukti Transfer_f"), "F:\bootcamp\Miniproject\Transfer.pdf"): File 'F:\bootcamp\Miniproject\Transfer.pdf' sent to object: 'Object Repository/konfirmasi pesanan/input_Upload Bukti Transfer_f'

2023-10-06 12:20:03 - [MESSAGE][PASSED] - File 'F:\bootcamp\Miniproject\Transfer.pdf' sent to object: 'Object Repository/konfirmasi pesanan/input_Upload Bukti Transfer_f'

2023-10-06 12:20:03 - [TEST_STEP][PASSED] - totalBayar = getAttribute(findTestObject("Object Repository/konfirmasi pesanan/input_Total TagihanTransfer_b"), "value"): Attribute 'value' of object 'Object Repository/konfirmasi pesanan/input_Total TagihanTransfer_b' is: '17,689'

2023-10-06 12:20:05 - [MESSAGE][PASSED] - Attribute 'value' of object 'Object Repository/konfirmasi pesanan/input_Total TagihanTransfer_b' is: '17,689'

2023-10-06 12:20:05 - [TEST_STEP][PASSED] - naamaPengirim = getAttribute(findTestObject("Object Repository/konfirmasi pesanan/input_Nama Pengirim_d"), "value"): Attribute 'value' of object 'Object Repository/konfirmasi pesanan/input_Nama Pengirim_d' is: 'runarun'

2023-10-06 12:20:05 - [MESSAGE][PASSED] - Attribute 'value' of object 'Object Repository/konfirmasi pesanan/input_Nama Pengirim_d' is: 'runarun'

2023-10-06 12:20:05 - [TEST_STEP][PASSED] - assert totalBayar == ttlBayar: null

2023-10-06 12:20:05 - [TEST_STEP][PASSED] - assert naamaPengirim == nmPengirim: null

2023-10-06 12:20:05 - [TEST_STEP][PASSED] - click(findTestObject("konfirmasi pesanan/button_Konfirmasi Pembayaran")): Object: 'Object Repository/konfirmasi pesanan/button_Konfirmasi Pembayaran' is clicked on

2023-10-06 12:20:07 - [MESSAGE][PASSED] - Object: 'Object Repository/konfirmasi pesanan/button_Konfirmasi Pembayaran' is clicked on

2023-10-06 12:20:07 - [TEST_STEP][PASSED] - verifyElementText(findTestObject("konfirmasi pesanan/verifikasi sukses melakukan pembayaran pesanan"), "Sukses Melakukan Konfirmasi Pembayaran Pesanan!"): Actual text and expected text of test object 'Object Repository/konfirmasi pesanan/verifikasi sukses melakukan pembayaran pesanan' are matched.

2023-10-06 12:20:08 - [MESSAGE][PASSED] - Actual text and expected text of test object 'Object Repository/konfirmasi pesanan/verifikasi sukses melakukan pembayaran pesanan' are matched.]]></system-out>
         <system-err><![CDATA[]]></system-err>
      </testcase>
      <testcase name="Test Cases/T08 - Konfirmasi Pesanan/TC-KD-001" time="69.379" classname="Test Cases/T08 - Konfirmasi Pesanan/TC-KD-001" status="PASSED">
         <system-out><![CDATA[2023-10-06 12:20:08 - [TEST_CASE][PASSED] - Test Cases/T08 - Konfirmasi Pesanan/TC-KD-001: Test Cases/T08 - Konfirmasi Pesanan/TC-KD-001

2023-10-06 12:20:09 - [TEST_STEP][PASSED] - data = callTestCase(findTestCase("T08 - Konfirmasi Pesanan/TC-KS-004"), ["transfer":"1", "name":"runarun", "date":"2023-09-12"], STOP_ON_FAILURE): Call Test Case 'Test Cases/T08 - Konfirmasi Pesanan/TC-KS-004' successfully

2023-10-06 12:20:10 - [TEST_CASE][PASSED] - Test Cases/T08 - Konfirmasi Pesanan/TC-KS-004: Test Cases/T08 - Konfirmasi Pesanan/TC-KS-004

2023-10-06 12:20:10 - [TEST_STEP][PASSED] - data = callTestCase(findTestCase("T08 - Konfirmasi Pesanan/TC-KS-003"), ["noInvoice":" 	TRX91.20230911105711", "email":"runarun@gmail.com"], STOP_ON_FAILURE): Call Test Case 'Test Cases/T08 - Konfirmasi Pesanan/TC-KS-003' successfully

2023-10-06 12:20:10 - [TEST_CASE][PASSED] - Test Cases/T08 - Konfirmasi Pesanan/TC-KS-003: Test Cases/T08 - Konfirmasi Pesanan/TC-KS-003

2023-10-06 12:20:10 - [TEST_STEP][PASSED] - data = callTestCase(findTestCase("T08 - Konfirmasi Pesanan/TC-OS-001"), ["Roda":"2", "MetodePembayaran":"transfer"], STOP_ON_FAILURE): Call Test Case 'Test Cases/T08 - Konfirmasi Pesanan/TC-OS-001' successfully

2023-10-06 12:20:10 - [TEST_CASE][PASSED] - Test Cases/T08 - Konfirmasi Pesanan/TC-OS-001: Test Cases/T08 - Konfirmasi Pesanan/TC-OS-001

2023-10-06 12:20:10 - [TEST_STEP][PASSED] - callTestCase(findTestCase("T08 - Konfirmasi Pesanan/TC-LS-001"), [:], STOP_ON_FAILURE): Call Test Case 'Test Cases/T08 - Konfirmasi Pesanan/TC-LS-001' successfully

2023-10-06 12:20:10 - [TEST_CASE][PASSED] - Test Cases/T08 - Konfirmasi Pesanan/TC-LS-001: Test Cases/T08 - Konfirmasi Pesanan/TC-LS-001

2023-10-06 12:20:10 - [TEST_STEP][PASSED] - openBrowser(urlWeb): Browser is opened with url: 'https://10.9.2.63/ecommerce/'

2023-10-06 12:20:10 - [MESSAGE][WARNING] - A browser is already opened. Closing browser and opening a new one

2023-10-06 12:20:14 - [MESSAGE][INFO] - Starting 'Firefox' driver

2023-10-06 12:20:14 - [MESSAGE][INFO] - User set preference: ['args', '[window-size=1500,1000, ignore-certificate-errors, UnexpectedAlertBehaviour=ignore]']

2023-10-06 12:20:14 - [MESSAGE][INFO] - Action delay is set to 0 milliseconds

2023-10-06 12:20:24 - [MESSAGE][PASSED] - Browser is opened with url: 'https://10.9.2.63/ecommerce/'

2023-10-06 12:20:24 - [TEST_STEP][PASSED] - maximizeWindow(): Current window maximized

2023-10-06 12:20:24 - [MESSAGE][PASSED] - Current window maximized

2023-10-06 12:20:24 - [TEST_STEP][PASSED] - click(findTestObject("Login/a_Login")): Object: 'Object Repository/Login/a_Login' is clicked on

2023-10-06 12:20:25 - [MESSAGE][PASSED] - Object: 'Object Repository/Login/a_Login' is clicked on

2023-10-06 12:20:25 - [TEST_STEP][PASSED] - setText(findTestObject("Login/input_Username, Email atau No. Handphone_a"), "runa36"): Text 'runa36' is set on object 'Object Repository/Login/input_Username, Email atau No. Handphone_a'

2023-10-06 12:20:26 - [MESSAGE][PASSED] - Text 'runa36' is set on object 'Object Repository/Login/input_Username, Email atau No. Handphone_a'

2023-10-06 12:20:26 - [TEST_STEP][PASSED] - setEncryptedText(findTestObject("Login/input_Password di Login(Masuk)"), "qbkrdMwyWE4="): Text ****** has been set on object 'Object Repository/Login/input_Password di Login(Masuk)'

2023-10-06 12:20:27 - [MESSAGE][PASSED] - Text ****** has been set on object 'Object Repository/Login/input_Password di Login(Masuk)'

2023-10-06 12:20:27 - [TEST_STEP][PASSED] - click(findTestObject("Login/button_Masuk di halaman login")): Object: 'Object Repository/Login/button_Masuk di halaman login' is clicked on

2023-10-06 12:20:29 - [MESSAGE][PASSED] - Object: 'Object Repository/Login/button_Masuk di halaman login' is clicked on

2023-10-06 12:20:29 - [TEST_STEP][PASSED] - verifyElementPresent(findTestObject("Pendaftaran/verifikasi MASUK di halaman Login"), 0): Object 'Object Repository/Pendaftaran/verifikasi MASUK di halaman Login' is present

2023-10-06 12:20:29 - [MESSAGE][WARNING] - Timeout '0' is invalid. Using default page load timeout: '30'

2023-10-06 12:20:29 - [MESSAGE][PASSED] - Object 'Object Repository/Pendaftaran/verifikasi MASUK di halaman Login' is present

2023-10-06 12:20:29 - [MESSAGE][PASSED] - Call Test Case 'Test Cases/T08 - Konfirmasi Pesanan/TC-LS-001' successfully

2023-10-06 12:20:29 - [TEST_STEP][PASSED] - setText(findTestObject("chekout/input aku mau belanja"), "acer"): Text 'acer' is set on object 'Object Repository/chekout/input aku mau belanja'

2023-10-06 12:20:30 - [MESSAGE][PASSED] - Text 'acer' is set on object 'Object Repository/chekout/input aku mau belanja'

2023-10-06 12:20:30 - [TEST_STEP][PASSED] - click(findTestObject("chekout/button_Cari di halaman tajalapak")): Object: 'Object Repository/chekout/button_Cari di halaman tajalapak' is clicked on

2023-10-06 12:20:32 - [MESSAGE][PASSED] - Object: 'Object Repository/chekout/button_Cari di halaman tajalapak' is clicked on

2023-10-06 12:20:32 - [TEST_STEP][PASSED] - click(findTestObject("chekout/NEW read more acer")): Object: 'Object Repository/chekout/NEW read more acer' is clicked on

2023-10-06 12:20:34 - [MESSAGE][PASSED] - Object: 'Object Repository/chekout/NEW read more acer' is clicked on

2023-10-06 12:20:34 - [TEST_STEP][PASSED] - click(findTestObject("chekout/button_Beli Sekarang di detail produk")): Object: 'Object Repository/chekout/button_Beli Sekarang di detail produk' is clicked on

2023-10-06 12:20:36 - [MESSAGE][PASSED] - Object: 'Object Repository/chekout/button_Beli Sekarang di detail produk' is clicked on

2023-10-06 12:20:36 - [TEST_STEP][PASSED] - verifyElementPresent(findTestObject("chekout/halaman keranjang belanja"), 0): Object 'Object Repository/chekout/halaman keranjang belanja' is present

2023-10-06 12:20:36 - [MESSAGE][WARNING] - Timeout '0' is invalid. Using default page load timeout: '30'

2023-10-06 12:20:37 - [MESSAGE][PASSED] - Object 'Object Repository/chekout/halaman keranjang belanja' is present

2023-10-06 12:20:37 - [TEST_STEP][PASSED] - click(findTestObject("chekout/button_Lanjut ke Pembayaran")): Object: 'Object Repository/chekout/button_Lanjut ke Pembayaran' is clicked on

2023-10-06 12:20:39 - [MESSAGE][PASSED] - Object: 'Object Repository/chekout/button_Lanjut ke Pembayaran' is clicked on

2023-10-06 12:20:39 - [TEST_STEP][PASSED] - selectOptionByValue(findTestObject("Object Repository/chekout/select_- Kirim via Kurir Lokal -Roda 2Roda 4"), Roda, false): All options with value '2' are selected in object 'Object Repository/chekout/select_- Kirim via Kurir Lokal -Roda 2Roda 4' 

2023-10-06 12:20:40 - [MESSAGE][PASSED] - All options with value '2' are selected in object 'Object Repository/chekout/select_- Kirim via Kurir Lokal -Roda 2Roda 4' 

2023-10-06 12:20:40 - [TEST_STEP][PASSED] - click(findTestObject("chekout/jenis kendaraan")): Object: 'Object Repository/chekout/jenis kendaraan' is clicked on

2023-10-06 12:20:41 - [MESSAGE][PASSED] - Object: 'Object Repository/chekout/jenis kendaraan' is clicked on

2023-10-06 12:20:41 - [TEST_STEP][PASSED] - if (toString().equalsIgnoreCase("transfer")): Object 'Object Repository/chekout/input metode tf bank' is checked

2023-10-06 12:20:41 - [TEST_STEP][PASSED] - check(findTestObject("chekout/input metode tf bank")): Object 'Object Repository/chekout/input metode tf bank' is checked

2023-10-06 12:20:42 - [MESSAGE][PASSED] - Object 'Object Repository/chekout/input metode tf bank' is checked

2023-10-06 12:20:42 - [TEST_STEP][PASSED] - click(findTestObject("chekout/button_Proses Pembayaran")): Object: 'Object Repository/chekout/button_Proses Pembayaran' is clicked on

2023-10-06 12:20:48 - [MESSAGE][PASSED] - Object: 'Object Repository/chekout/button_Proses Pembayaran' is clicked on

2023-10-06 12:20:48 - [TEST_STEP][PASSED] - noPesanan = getText(findTestObject("Object Repository/chekout/nomor invoice dari halaman menunggu pembayaran")): Text of object 'Object Repository/chekout/nomor invoice dari halaman menunggu pembayaran' is: 'TRX91.20231006122043'

2023-10-06 12:20:49 - [MESSAGE][PASSED] - Text of object 'Object Repository/chekout/nomor invoice dari halaman menunggu pembayaran' is: 'TRX91.20231006122043'

2023-10-06 12:20:49 - [TEST_STEP][PASSED] - println(noPesanan): null

2023-10-06 12:20:49 - [TEST_STEP][PASSED] - pengirim = getText(findTestObject("Object Repository/chekout/dikirim kepada sama dengan pengirim di tf di konfirmaasi bayar")): Text of object 'Object Repository/chekout/dikirim kepada sama dengan pengirim di tf di konfirmaasi bayar' is: 'runarun'

2023-10-06 12:20:50 - [MESSAGE][PASSED] - Text of object 'Object Repository/chekout/dikirim kepada sama dengan pengirim di tf di konfirmaasi bayar' is: 'runarun'

2023-10-06 12:20:50 - [TEST_STEP][PASSED] - totalharga = getText(findTestObject("Object Repository/chekout/total harga bayar")): Text of object 'Object Repository/chekout/total harga bayar' is: '16,789'

2023-10-06 12:20:51 - [MESSAGE][PASSED] - Text of object 'Object Repository/chekout/total harga bayar' is: '16,789'

2023-10-06 12:20:51 - [TEST_STEP][PASSED] - ongkir = getText(findTestObject("co saldo akun/new ongkir tf")): Text of object 'Object Repository/co saldo akun/new ongkir tf' is: 'Rp 13,000'

2023-10-06 12:20:52 - [MESSAGE][PASSED] - Text of object 'Object Repository/co saldo akun/new ongkir tf' is: 'Rp 13,000'

2023-10-06 12:20:52 - [TEST_STEP][PASSED] - ongkirr = replace(",", "").trim(): null

2023-10-06 12:20:52 - [TEST_STEP][PASSED] - ongkir1 = Integer.parseInt(ongkirr): null

2023-10-06 12:20:52 - [TEST_STEP][PASSED] - println(ongkir1): null

2023-10-06 12:20:52 - [TEST_STEP][PASSED] - biayaAdmin = getText(findTestObject("co saldo akun/new fee admin tf")): Text of object 'Object Repository/co saldo akun/new fee admin tf' is: 'Rp 1,500'

2023-10-06 12:20:53 - [MESSAGE][PASSED] - Text of object 'Object Repository/co saldo akun/new fee admin tf' is: 'Rp 1,500'

2023-10-06 12:20:53 - [TEST_STEP][PASSED] - bAdmin = replace(",", "").trim(): null

2023-10-06 12:20:53 - [TEST_STEP][PASSED] - Integer.parseInt(bAdmin): null

2023-10-06 12:20:53 - [TEST_STEP][PASSED] - Admin = Double.parseDouble(bAdmin): null

2023-10-06 12:20:53 - [TEST_STEP][PASSED] - println(Admin): null

2023-10-06 12:20:53 - [TEST_STEP][PASSED] - subtotal = getText(findTestObject("co saldo akun/new subtotal tf")): Text of object 'Object Repository/co saldo akun/new subtotal tf' is: 'Rp 2,246'

2023-10-06 12:20:54 - [MESSAGE][PASSED] - Text of object 'Object Repository/co saldo akun/new subtotal tf' is: 'Rp 2,246'

2023-10-06 12:20:54 - [TEST_STEP][PASSED] - subtotall = replace(",", "").trim(): null

2023-10-06 12:20:54 - [TEST_STEP][PASSED] - Integer.parseInt(subtotall): null

2023-10-06 12:20:54 - [TEST_STEP][PASSED] - sub = Double.parseDouble(subtotall): null

2023-10-06 12:20:54 - [TEST_STEP][PASSED] - println(sub): null

2023-10-06 12:20:54 - [TEST_STEP][PASSED] - kode = getText(findTestObject("co saldo akun/new kode unik tf")): Text of object 'Object Repository/co saldo akun/new kode unik tf' is: '+043'

2023-10-06 12:20:55 - [MESSAGE][PASSED] - Text of object 'Object Repository/co saldo akun/new kode unik tf' is: '+043'

2023-10-06 12:20:55 - [TEST_STEP][PASSED] - kodee = replace("+", "").trim(): null

2023-10-06 12:20:55 - [TEST_STEP][PASSED] - Integer.parseInt(kodee): null

2023-10-06 12:20:55 - [TEST_STEP][PASSED] - code = Double.parseDouble(kodee): null

2023-10-06 12:20:55 - [TEST_STEP][PASSED] - tOng = ongkir1 + sub: null

2023-10-06 12:20:55 - [TEST_STEP][PASSED] - println(tOng): null

2023-10-06 12:20:55 - [TEST_STEP][PASSED] - totalBayar = tOng + Admin + code: null

2023-10-06 12:20:55 - [TEST_STEP][PASSED] - println(totalBayar): null

2023-10-06 12:20:55 - [TEST_STEP][PASSED] - totalBayar1 = totalBayar: null

2023-10-06 12:20:55 - [TEST_STEP][PASSED] - println(totalBayar1): null

2023-10-06 12:20:55 - [TEST_STEP][PASSED] - total = getText(findTestObject("co saldo akun/new total harga tf")): Text of object 'Object Repository/co saldo akun/new total harga tf' is: '16,789'

2023-10-06 12:20:56 - [MESSAGE][PASSED] - Text of object 'Object Repository/co saldo akun/new total harga tf' is: '16,789'

2023-10-06 12:20:56 - [TEST_STEP][PASSED] - total1 = replace(",", "").trim(): null

2023-10-06 12:20:56 - [TEST_STEP][PASSED] - total2 = Integer.parseInt(total1): null

2023-10-06 12:20:56 - [TEST_STEP][PASSED] - println(total2): null

2023-10-06 12:20:56 - [TEST_STEP][PASSED] - assert totalBayar1 == total2: null

2023-10-06 12:20:56 - [TEST_STEP][PASSED] - data = new java.util.HashMap(): null

2023-10-06 12:20:56 - [TEST_STEP][PASSED] - data.put("invoice", noPesanan): null

2023-10-06 12:20:56 - [TEST_STEP][PASSED] - data.put("namaPengirim", pengirim): null

2023-10-06 12:20:56 - [TEST_STEP][PASSED] - data.put("totalBayar", totalharga): null

2023-10-06 12:20:56 - [TEST_STEP][PASSED] - data.put("totalOngkir", tOng): null

2023-10-06 12:20:56 - [TEST_STEP][PASSED] - return data: null

2023-10-06 12:20:56 - [MESSAGE][PASSED] - Call Test Case 'Test Cases/T08 - Konfirmasi Pesanan/TC-OS-001' successfully

2023-10-06 12:20:56 - [TEST_STEP][PASSED] - noPesanan = data.get("invoice"): null

2023-10-06 12:20:56 - [TEST_STEP][PASSED] - name = data.get("namaPengirim"): null

2023-10-06 12:20:56 - [TEST_STEP][PASSED] - count = data.get("totalBayar"): null

2023-10-06 12:20:56 - [TEST_STEP][PASSED] - click(findTestObject("konfirmasi pesanan/a_Logout")): Object: 'Object Repository/konfirmasi pesanan/a_Logout' is clicked on

2023-10-06 12:20:59 - [MESSAGE][PASSED] - Object: 'Object Repository/konfirmasi pesanan/a_Logout' is clicked on

2023-10-06 12:20:59 - [TEST_STEP][PASSED] - verifyElementPresent(findTestObject("verifikasi halaman tajalapak sebelum daftar"), 0): Object 'Object Repository/verifikasi halaman tajalapak sebelum daftar' is present

2023-10-06 12:20:59 - [MESSAGE][WARNING] - Timeout '0' is invalid. Using default page load timeout: '30'

2023-10-06 12:21:00 - [MESSAGE][PASSED] - Object 'Object Repository/verifikasi halaman tajalapak sebelum daftar' is present

2023-10-06 12:21:00 - [TEST_STEP][PASSED] - mouseOver(findTestObject("konfirmasi pesanan/a_Shop")): Object: 'Object Repository/konfirmasi pesanan/a_Shop' is hovered

2023-10-06 12:21:00 - [MESSAGE][PASSED] - Object: 'Object Repository/konfirmasi pesanan/a_Shop' is hovered

2023-10-06 12:21:00 - [TEST_STEP][PASSED] - click(findTestObject("konfirmasi pesanan/a_Konfirmasi Orders")): Object: 'Object Repository/konfirmasi pesanan/a_Konfirmasi Orders' is clicked on

2023-10-06 12:21:02 - [MESSAGE][PASSED] - Object: 'Object Repository/konfirmasi pesanan/a_Konfirmasi Orders' is clicked on

2023-10-06 12:21:02 - [TEST_STEP][PASSED] - setText(findTestObject("konfirmasi pesanan/input_No Pesanan_a di shop"), noPesanan): Text 'TRX91.20231006122043' is set on object 'Object Repository/konfirmasi pesanan/input_No Pesanan_a di shop'

2023-10-06 12:21:03 - [MESSAGE][PASSED] - Text 'TRX91.20231006122043' is set on object 'Object Repository/konfirmasi pesanan/input_No Pesanan_a di shop'

2023-10-06 12:21:03 - [TEST_STEP][PASSED] - setText(findTestObject("konfirmasi pesanan/input_Alamat E-mail_form-control"), email): Text 'runarun@gmail.com' is set on object 'Object Repository/konfirmasi pesanan/input_Alamat E-mail_form-control'

2023-10-06 12:21:04 - [MESSAGE][PASSED] - Text 'runarun@gmail.com' is set on object 'Object Repository/konfirmasi pesanan/input_Alamat E-mail_form-control'

2023-10-06 12:21:04 - [TEST_STEP][PASSED] - click(findTestObject("konfirmasi pesanan/button_Submit")): Object: 'Object Repository/konfirmasi pesanan/button_Submit' is clicked on

2023-10-06 12:21:06 - [MESSAGE][PASSED] - Object: 'Object Repository/konfirmasi pesanan/button_Submit' is clicked on

2023-10-06 12:21:06 - [TEST_STEP][PASSED] - return data: null

2023-10-06 12:21:06 - [MESSAGE][PASSED] - Call Test Case 'Test Cases/T08 - Konfirmasi Pesanan/TC-KS-003' successfully

2023-10-06 12:21:06 - [TEST_STEP][PASSED] - noPesanan = data.get("invoice"): null

2023-10-06 12:21:06 - [TEST_STEP][PASSED] - name = data.get("namaPengirim"): null

2023-10-06 12:21:06 - [TEST_STEP][PASSED] - count = data.get("totalBayar"): null

2023-10-06 12:21:06 - [TEST_STEP][PASSED] - clearText(findTestObject("konfirmasi pesanan/input_Total TagihanTransfer_b")): Text of object 'Object Repository/konfirmasi pesanan/input_Total TagihanTransfer_b' is cleared

2023-10-06 12:21:06 - [MESSAGE][PASSED] - Text of object 'Object Repository/konfirmasi pesanan/input_Total TagihanTransfer_b' is cleared

2023-10-06 12:21:06 - [TEST_STEP][PASSED] - setText(findTestObject("konfirmasi pesanan/input_Total TagihanTransfer_b"), count): Text '16,789' is set on object 'Object Repository/konfirmasi pesanan/input_Total TagihanTransfer_b'

2023-10-06 12:21:07 - [MESSAGE][PASSED] - Text '16,789' is set on object 'Object Repository/konfirmasi pesanan/input_Total TagihanTransfer_b'

2023-10-06 12:21:07 - [TEST_STEP][PASSED] - selectOptionByValue(findTestObject("konfirmasi pesanan/select dropdown trasfer"), transfer, false): All options with value '1' are selected in object 'Object Repository/konfirmasi pesanan/select dropdown trasfer' 

2023-10-06 12:21:08 - [MESSAGE][PASSED] - All options with value '1' are selected in object 'Object Repository/konfirmasi pesanan/select dropdown trasfer' 

2023-10-06 12:21:08 - [TEST_STEP][PASSED] - clearText(findTestObject("konfirmasi pesanan/input_Nama Pengirim_d")): Text of object 'Object Repository/konfirmasi pesanan/input_Nama Pengirim_d' is cleared

2023-10-06 12:21:09 - [MESSAGE][PASSED] - Text of object 'Object Repository/konfirmasi pesanan/input_Nama Pengirim_d' is cleared

2023-10-06 12:21:09 - [TEST_STEP][PASSED] - setText(findTestObject("konfirmasi pesanan/input_Nama Pengirim_d"), name): Text 'runarun' is set on object 'Object Repository/konfirmasi pesanan/input_Nama Pengirim_d'

2023-10-06 12:21:10 - [MESSAGE][PASSED] - Text 'runarun' is set on object 'Object Repository/konfirmasi pesanan/input_Nama Pengirim_d'

2023-10-06 12:21:10 - [TEST_STEP][PASSED] - uploadFile(findTestObject("konfirmasi pesanan/input_Upload Bukti Transfer_f"), "F:\bootcamp\Miniproject\transfer.jpg"): File 'F:\bootcamp\Miniproject\transfer.jpg' sent to object: 'Object Repository/konfirmasi pesanan/input_Upload Bukti Transfer_f'

2023-10-06 12:21:10 - [MESSAGE][PASSED] - File 'F:\bootcamp\Miniproject\transfer.jpg' sent to object: 'Object Repository/konfirmasi pesanan/input_Upload Bukti Transfer_f'

2023-10-06 12:21:10 - [TEST_STEP][PASSED] - click(findTestObject("konfirmasi pesanan/button_Konfirmasi Pembayaran")): Object: 'Object Repository/konfirmasi pesanan/button_Konfirmasi Pembayaran' is clicked on

2023-10-06 12:21:12 - [MESSAGE][PASSED] - Object: 'Object Repository/konfirmasi pesanan/button_Konfirmasi Pembayaran' is clicked on

2023-10-06 12:21:12 - [TEST_STEP][PASSED] - verifyElementText(findTestObject("konfirmasi pesanan/verifikasi sukses melakukan pembayaran dari menu shop"), "Sukses Melakukan Konfirmasi Pembayaran Pesanan!"): Actual text and expected text of test object 'Object Repository/konfirmasi pesanan/verifikasi sukses melakukan pembayaran dari menu shop' are matched.

2023-10-06 12:21:13 - [MESSAGE][PASSED] - Actual text and expected text of test object 'Object Repository/konfirmasi pesanan/verifikasi sukses melakukan pembayaran dari menu shop' are matched.

2023-10-06 12:21:13 - [TEST_STEP][PASSED] - return data: null

2023-10-06 12:21:13 - [MESSAGE][PASSED] - Call Test Case 'Test Cases/T08 - Konfirmasi Pesanan/TC-KS-004' successfully

2023-10-06 12:21:13 - [TEST_STEP][PASSED] - noPesanan = data.get("invoice"): null

2023-10-06 12:21:13 - [TEST_STEP][PASSED] - name = data.get("namaPengirim"): null

2023-10-06 12:21:13 - [TEST_STEP][PASSED] - count = data.get("totalBayar"): null

2023-10-06 12:21:13 - [TEST_STEP][PASSED] - setText(findTestObject("konfirmasi pesanan/input_No Pesanan_a di shop"), noPesanan): Text 'TRX91.20231006122043' is set on object 'Object Repository/konfirmasi pesanan/input_No Pesanan_a di shop'

2023-10-06 12:21:14 - [MESSAGE][PASSED] - Text 'TRX91.20231006122043' is set on object 'Object Repository/konfirmasi pesanan/input_No Pesanan_a di shop'

2023-10-06 12:21:14 - [TEST_STEP][PASSED] - setText(findTestObject("konfirmasi pesanan/input_Alamat E-mail_form-control"), "email"): Text 'email' is set on object 'Object Repository/konfirmasi pesanan/input_Alamat E-mail_form-control'

2023-10-06 12:21:15 - [MESSAGE][PASSED] - Text 'email' is set on object 'Object Repository/konfirmasi pesanan/input_Alamat E-mail_form-control'

2023-10-06 12:21:15 - [TEST_STEP][PASSED] - click(findTestObject("konfirmasi pesanan/button_Submit")): Object: 'Object Repository/konfirmasi pesanan/button_Submit' is clicked on

2023-10-06 12:21:17 - [MESSAGE][PASSED] - Object: 'Object Repository/konfirmasi pesanan/button_Submit' is clicked on

2023-10-06 12:21:17 - [TEST_STEP][PASSED] - verifyElementText(findTestObject("konfirmasi pesanan/verifikasi sudah verifikasi order sekali dari menu shop"), "PENTING - Pesanan ini sudah dikonfirmasi Sebelumnya sebanyak 1 kali,.."): Actual text and expected text of test object 'Object Repository/konfirmasi pesanan/verifikasi sudah verifikasi order sekali dari menu shop' are matched.

2023-10-06 12:21:17 - [MESSAGE][PASSED] - Actual text and expected text of test object 'Object Repository/konfirmasi pesanan/verifikasi sudah verifikasi order sekali dari menu shop' are matched.]]></system-out>
         <system-err><![CDATA[]]></system-err>
      </testcase>
      <testcase name="Test Cases/T08 - Konfirmasi Pesanan/TC-AK-001" time="88.763" classname="Test Cases/T08 - Konfirmasi Pesanan/TC-AK-001" status="PASSED">
         <system-out><![CDATA[2023-10-06 12:21:17 - [TEST_CASE][PASSED] - Test Cases/T08 - Konfirmasi Pesanan/TC-AK-001: Test Cases/T08 - Konfirmasi Pesanan/TC-AK-001

2023-10-06 12:21:19 - [TEST_STEP][PASSED] - data = callTestCase(findTestCase("T08 - Konfirmasi Pesanan/TC-OS-001"), ["Roda":"2", "MetodePembayaran":"transfer"], STOP_ON_FAILURE): Call Test Case 'Test Cases/T08 - Konfirmasi Pesanan/TC-OS-001' successfully

2023-10-06 12:21:19 - [TEST_CASE][PASSED] - Test Cases/T08 - Konfirmasi Pesanan/TC-OS-001: Test Cases/T08 - Konfirmasi Pesanan/TC-OS-001

2023-10-06 12:21:19 - [TEST_STEP][PASSED] - callTestCase(findTestCase("T08 - Konfirmasi Pesanan/TC-LS-001"), [:], STOP_ON_FAILURE): Call Test Case 'Test Cases/T08 - Konfirmasi Pesanan/TC-LS-001' successfully

2023-10-06 12:21:20 - [TEST_CASE][PASSED] - Test Cases/T08 - Konfirmasi Pesanan/TC-LS-001: Test Cases/T08 - Konfirmasi Pesanan/TC-LS-001

2023-10-06 12:21:20 - [TEST_STEP][PASSED] - openBrowser(urlWeb): Browser is opened with url: 'https://10.9.2.63/ecommerce/'

2023-10-06 12:21:20 - [MESSAGE][WARNING] - A browser is already opened. Closing browser and opening a new one

2023-10-06 12:21:24 - [MESSAGE][INFO] - Starting 'Firefox' driver

2023-10-06 12:21:24 - [MESSAGE][INFO] - User set preference: ['args', '[window-size=1500,1000, ignore-certificate-errors, UnexpectedAlertBehaviour=ignore]']

2023-10-06 12:21:24 - [MESSAGE][INFO] - Action delay is set to 0 milliseconds

2023-10-06 12:21:35 - [MESSAGE][PASSED] - Browser is opened with url: 'https://10.9.2.63/ecommerce/'

2023-10-06 12:21:35 - [TEST_STEP][PASSED] - maximizeWindow(): Current window maximized

2023-10-06 12:21:35 - [MESSAGE][PASSED] - Current window maximized

2023-10-06 12:21:35 - [TEST_STEP][PASSED] - click(findTestObject("Login/a_Login")): Object: 'Object Repository/Login/a_Login' is clicked on

2023-10-06 12:21:36 - [MESSAGE][PASSED] - Object: 'Object Repository/Login/a_Login' is clicked on

2023-10-06 12:21:36 - [TEST_STEP][PASSED] - setText(findTestObject("Login/input_Username, Email atau No. Handphone_a"), "runa36"): Text 'runa36' is set on object 'Object Repository/Login/input_Username, Email atau No. Handphone_a'

2023-10-06 12:21:36 - [MESSAGE][PASSED] - Text 'runa36' is set on object 'Object Repository/Login/input_Username, Email atau No. Handphone_a'

2023-10-06 12:21:37 - [TEST_STEP][PASSED] - setEncryptedText(findTestObject("Login/input_Password di Login(Masuk)"), "qbkrdMwyWE4="): Text ****** has been set on object 'Object Repository/Login/input_Password di Login(Masuk)'

2023-10-06 12:21:37 - [MESSAGE][PASSED] - Text ****** has been set on object 'Object Repository/Login/input_Password di Login(Masuk)'

2023-10-06 12:21:37 - [TEST_STEP][PASSED] - click(findTestObject("Login/button_Masuk di halaman login")): Object: 'Object Repository/Login/button_Masuk di halaman login' is clicked on

2023-10-06 12:21:39 - [MESSAGE][PASSED] - Object: 'Object Repository/Login/button_Masuk di halaman login' is clicked on

2023-10-06 12:21:39 - [TEST_STEP][PASSED] - verifyElementPresent(findTestObject("Pendaftaran/verifikasi MASUK di halaman Login"), 0): Object 'Object Repository/Pendaftaran/verifikasi MASUK di halaman Login' is present

2023-10-06 12:21:39 - [MESSAGE][WARNING] - Timeout '0' is invalid. Using default page load timeout: '30'

2023-10-06 12:21:40 - [MESSAGE][PASSED] - Object 'Object Repository/Pendaftaran/verifikasi MASUK di halaman Login' is present

2023-10-06 12:21:40 - [MESSAGE][PASSED] - Call Test Case 'Test Cases/T08 - Konfirmasi Pesanan/TC-LS-001' successfully

2023-10-06 12:21:40 - [TEST_STEP][PASSED] - setText(findTestObject("chekout/input aku mau belanja"), "acer"): Text 'acer' is set on object 'Object Repository/chekout/input aku mau belanja'

2023-10-06 12:21:40 - [MESSAGE][PASSED] - Text 'acer' is set on object 'Object Repository/chekout/input aku mau belanja'

2023-10-06 12:21:40 - [TEST_STEP][PASSED] - click(findTestObject("chekout/button_Cari di halaman tajalapak")): Object: 'Object Repository/chekout/button_Cari di halaman tajalapak' is clicked on

2023-10-06 12:21:42 - [MESSAGE][PASSED] - Object: 'Object Repository/chekout/button_Cari di halaman tajalapak' is clicked on

2023-10-06 12:21:42 - [TEST_STEP][PASSED] - click(findTestObject("chekout/NEW read more acer")): Object: 'Object Repository/chekout/NEW read more acer' is clicked on

2023-10-06 12:21:45 - [MESSAGE][PASSED] - Object: 'Object Repository/chekout/NEW read more acer' is clicked on

2023-10-06 12:21:45 - [TEST_STEP][PASSED] - click(findTestObject("chekout/button_Beli Sekarang di detail produk")): Object: 'Object Repository/chekout/button_Beli Sekarang di detail produk' is clicked on

2023-10-06 12:21:46 - [MESSAGE][PASSED] - Object: 'Object Repository/chekout/button_Beli Sekarang di detail produk' is clicked on

2023-10-06 12:21:46 - [TEST_STEP][PASSED] - verifyElementPresent(findTestObject("chekout/halaman keranjang belanja"), 0): Object 'Object Repository/chekout/halaman keranjang belanja' is present

2023-10-06 12:21:47 - [MESSAGE][WARNING] - Timeout '0' is invalid. Using default page load timeout: '30'

2023-10-06 12:21:48 - [MESSAGE][PASSED] - Object 'Object Repository/chekout/halaman keranjang belanja' is present

2023-10-06 12:21:48 - [TEST_STEP][PASSED] - click(findTestObject("chekout/button_Lanjut ke Pembayaran")): Object: 'Object Repository/chekout/button_Lanjut ke Pembayaran' is clicked on

2023-10-06 12:21:50 - [MESSAGE][PASSED] - Object: 'Object Repository/chekout/button_Lanjut ke Pembayaran' is clicked on

2023-10-06 12:21:50 - [TEST_STEP][PASSED] - selectOptionByValue(findTestObject("Object Repository/chekout/select_- Kirim via Kurir Lokal -Roda 2Roda 4"), Roda, false): All options with value '2' are selected in object 'Object Repository/chekout/select_- Kirim via Kurir Lokal -Roda 2Roda 4' 

2023-10-06 12:21:51 - [MESSAGE][PASSED] - All options with value '2' are selected in object 'Object Repository/chekout/select_- Kirim via Kurir Lokal -Roda 2Roda 4' 

2023-10-06 12:21:51 - [TEST_STEP][PASSED] - click(findTestObject("chekout/jenis kendaraan")): Object: 'Object Repository/chekout/jenis kendaraan' is clicked on

2023-10-06 12:21:52 - [MESSAGE][PASSED] - Object: 'Object Repository/chekout/jenis kendaraan' is clicked on

2023-10-06 12:21:52 - [TEST_STEP][PASSED] - if (toString().equalsIgnoreCase("transfer")): Object 'Object Repository/chekout/input metode tf bank' is checked

2023-10-06 12:21:52 - [TEST_STEP][PASSED] - check(findTestObject("chekout/input metode tf bank")): Object 'Object Repository/chekout/input metode tf bank' is checked

2023-10-06 12:21:52 - [MESSAGE][PASSED] - Object 'Object Repository/chekout/input metode tf bank' is checked

2023-10-06 12:21:52 - [TEST_STEP][PASSED] - click(findTestObject("chekout/button_Proses Pembayaran")): Object: 'Object Repository/chekout/button_Proses Pembayaran' is clicked on

2023-10-06 12:21:58 - [MESSAGE][PASSED] - Object: 'Object Repository/chekout/button_Proses Pembayaran' is clicked on

2023-10-06 12:21:58 - [TEST_STEP][PASSED] - noPesanan = getText(findTestObject("Object Repository/chekout/nomor invoice dari halaman menunggu pembayaran")): Text of object 'Object Repository/chekout/nomor invoice dari halaman menunggu pembayaran' is: 'TRX91.20231006122153'

2023-10-06 12:22:00 - [MESSAGE][PASSED] - Text of object 'Object Repository/chekout/nomor invoice dari halaman menunggu pembayaran' is: 'TRX91.20231006122153'

2023-10-06 12:22:00 - [TEST_STEP][PASSED] - println(noPesanan): null

2023-10-06 12:22:00 - [TEST_STEP][PASSED] - pengirim = getText(findTestObject("Object Repository/chekout/dikirim kepada sama dengan pengirim di tf di konfirmaasi bayar")): Text of object 'Object Repository/chekout/dikirim kepada sama dengan pengirim di tf di konfirmaasi bayar' is: 'runarun'

2023-10-06 12:22:00 - [MESSAGE][PASSED] - Text of object 'Object Repository/chekout/dikirim kepada sama dengan pengirim di tf di konfirmaasi bayar' is: 'runarun'

2023-10-06 12:22:00 - [TEST_STEP][PASSED] - totalharga = getText(findTestObject("Object Repository/chekout/total harga bayar")): Text of object 'Object Repository/chekout/total harga bayar' is: '16,899'

2023-10-06 12:22:01 - [MESSAGE][PASSED] - Text of object 'Object Repository/chekout/total harga bayar' is: '16,899'

2023-10-06 12:22:01 - [TEST_STEP][PASSED] - ongkir = getText(findTestObject("co saldo akun/new ongkir tf")): Text of object 'Object Repository/co saldo akun/new ongkir tf' is: 'Rp 13,000'

2023-10-06 12:22:02 - [MESSAGE][PASSED] - Text of object 'Object Repository/co saldo akun/new ongkir tf' is: 'Rp 13,000'

2023-10-06 12:22:02 - [TEST_STEP][PASSED] - ongkirr = replace(",", "").trim(): null

2023-10-06 12:22:02 - [TEST_STEP][PASSED] - ongkir1 = Integer.parseInt(ongkirr): null

2023-10-06 12:22:02 - [TEST_STEP][PASSED] - println(ongkir1): null

2023-10-06 12:22:02 - [TEST_STEP][PASSED] - biayaAdmin = getText(findTestObject("co saldo akun/new fee admin tf")): Text of object 'Object Repository/co saldo akun/new fee admin tf' is: 'Rp 1,500'

2023-10-06 12:22:03 - [MESSAGE][PASSED] - Text of object 'Object Repository/co saldo akun/new fee admin tf' is: 'Rp 1,500'

2023-10-06 12:22:03 - [TEST_STEP][PASSED] - bAdmin = replace(",", "").trim(): null

2023-10-06 12:22:03 - [TEST_STEP][PASSED] - Integer.parseInt(bAdmin): null

2023-10-06 12:22:03 - [TEST_STEP][PASSED] - Admin = Double.parseDouble(bAdmin): null

2023-10-06 12:22:03 - [TEST_STEP][PASSED] - println(Admin): null

2023-10-06 12:22:03 - [TEST_STEP][PASSED] - subtotal = getText(findTestObject("co saldo akun/new subtotal tf")): Text of object 'Object Repository/co saldo akun/new subtotal tf' is: 'Rp 2,246'

2023-10-06 12:22:04 - [MESSAGE][PASSED] - Text of object 'Object Repository/co saldo akun/new subtotal tf' is: 'Rp 2,246'

2023-10-06 12:22:04 - [TEST_STEP][PASSED] - subtotall = replace(",", "").trim(): null

2023-10-06 12:22:04 - [TEST_STEP][PASSED] - Integer.parseInt(subtotall): null

2023-10-06 12:22:04 - [TEST_STEP][PASSED] - sub = Double.parseDouble(subtotall): null

2023-10-06 12:22:04 - [TEST_STEP][PASSED] - println(sub): null

2023-10-06 12:22:04 - [TEST_STEP][PASSED] - kode = getText(findTestObject("co saldo akun/new kode unik tf")): Text of object 'Object Repository/co saldo akun/new kode unik tf' is: '+153'

2023-10-06 12:22:05 - [MESSAGE][PASSED] - Text of object 'Object Repository/co saldo akun/new kode unik tf' is: '+153'

2023-10-06 12:22:05 - [TEST_STEP][PASSED] - kodee = replace("+", "").trim(): null

2023-10-06 12:22:05 - [TEST_STEP][PASSED] - Integer.parseInt(kodee): null

2023-10-06 12:22:05 - [TEST_STEP][PASSED] - code = Double.parseDouble(kodee): null

2023-10-06 12:22:05 - [TEST_STEP][PASSED] - tOng = ongkir1 + sub: null

2023-10-06 12:22:05 - [TEST_STEP][PASSED] - println(tOng): null

2023-10-06 12:22:05 - [TEST_STEP][PASSED] - totalBayar = tOng + Admin + code: null

2023-10-06 12:22:05 - [TEST_STEP][PASSED] - println(totalBayar): null

2023-10-06 12:22:05 - [TEST_STEP][PASSED] - totalBayar1 = totalBayar: null

2023-10-06 12:22:05 - [TEST_STEP][PASSED] - println(totalBayar1): null

2023-10-06 12:22:05 - [TEST_STEP][PASSED] - total = getText(findTestObject("co saldo akun/new total harga tf")): Text of object 'Object Repository/co saldo akun/new total harga tf' is: '16,899'

2023-10-06 12:22:05 - [MESSAGE][PASSED] - Text of object 'Object Repository/co saldo akun/new total harga tf' is: '16,899'

2023-10-06 12:22:05 - [TEST_STEP][PASSED] - total1 = replace(",", "").trim(): null

2023-10-06 12:22:05 - [TEST_STEP][PASSED] - total2 = Integer.parseInt(total1): null

2023-10-06 12:22:05 - [TEST_STEP][PASSED] - println(total2): null

2023-10-06 12:22:05 - [TEST_STEP][PASSED] - assert totalBayar1 == total2: null

2023-10-06 12:22:05 - [TEST_STEP][PASSED] - data = new java.util.HashMap(): null

2023-10-06 12:22:05 - [TEST_STEP][PASSED] - data.put("invoice", noPesanan): null

2023-10-06 12:22:05 - [TEST_STEP][PASSED] - data.put("namaPengirim", pengirim): null

2023-10-06 12:22:05 - [TEST_STEP][PASSED] - data.put("totalBayar", totalharga): null

2023-10-06 12:22:05 - [TEST_STEP][PASSED] - data.put("totalOngkir", tOng): null

2023-10-06 12:22:05 - [TEST_STEP][PASSED] - return data: null

2023-10-06 12:22:05 - [MESSAGE][PASSED] - Call Test Case 'Test Cases/T08 - Konfirmasi Pesanan/TC-OS-001' successfully

2023-10-06 12:22:05 - [TEST_STEP][PASSED] - noInvoice = data.get("invoice"): null

2023-10-06 12:22:05 - [TEST_STEP][PASSED] - nmPengirim = data.get("namaPengirim"): null

2023-10-06 12:22:05 - [TEST_STEP][PASSED] - ttlBayar = data.get("totalBayar"): null

2023-10-06 12:22:05 - [TEST_STEP][PASSED] - navigateToUrl("https://10.9.2.63/ecommerce/administrator/"): Navigate to 'https://10.9.2.63/ecommerce/administrator/' successfully

2023-10-06 12:22:06 - [MESSAGE][PASSED] - Navigate to 'https://10.9.2.63/ecommerce/administrator/' successfully

2023-10-06 12:22:06 - [TEST_STEP][PASSED] - setText(findTestObject("halaman admin/input_ADMIN_a"), "admin"): Text 'admin' is set on object 'Object Repository/halaman admin/input_ADMIN_a'

2023-10-06 12:22:07 - [MESSAGE][PASSED] - Text 'admin' is set on object 'Object Repository/halaman admin/input_ADMIN_a'

2023-10-06 12:22:07 - [TEST_STEP][PASSED] - setEncryptedText(findTestObject("halaman admin/input_ADMIN_password"), "374mkdZ/lqyNS21oH+MJZQ=="): Text ****** has been set on object 'Object Repository/halaman admin/input_ADMIN_password'

2023-10-06 12:22:08 - [MESSAGE][PASSED] - Text ****** has been set on object 'Object Repository/halaman admin/input_ADMIN_password'

2023-10-06 12:22:08 - [TEST_STEP][PASSED] - delay(10): Delayed 10 second(s)

2023-10-06 12:22:18 - [MESSAGE][PASSED] - Delayed 10 second(s)

2023-10-06 12:22:18 - [TEST_STEP][PASSED] - click(findTestObject("halaman admin/input_login admin")): Object: 'Object Repository/halaman admin/input_login admin' is clicked on

2023-10-06 12:22:23 - [MESSAGE][PASSED] - Object: 'Object Repository/halaman admin/input_login admin' is clicked on

2023-10-06 12:22:23 - [TEST_STEP][PASSED] - verifyElementPresent(findTestObject("halaman admin/VERIFIKASI MASUK DASHBORD ADMIN"), 0): Object 'Object Repository/halaman admin/VERIFIKASI MASUK DASHBORD ADMIN' is present

2023-10-06 12:22:24 - [MESSAGE][WARNING] - Timeout '0' is invalid. Using default page load timeout: '30'

2023-10-06 12:22:30 - [MESSAGE][PASSED] - Object 'Object Repository/halaman admin/VERIFIKASI MASUK DASHBORD ADMIN' is present

2023-10-06 12:22:30 - [TEST_STEP][PASSED] - click(findTestObject("halaman admin/a_Transaksi Market")): Object: 'Object Repository/halaman admin/a_Transaksi Market' is clicked on

2023-10-06 12:22:31 - [MESSAGE][PASSED] - Object: 'Object Repository/halaman admin/a_Transaksi Market' is clicked on

2023-10-06 12:22:31 - [TEST_STEP][PASSED] - click(findTestObject("halaman admin/a_Penjualan ke Konsumen")): Object: 'Object Repository/halaman admin/a_Penjualan ke Konsumen' is clicked on

2023-10-06 12:22:34 - [MESSAGE][PASSED] - Object: 'Object Repository/halaman admin/a_Penjualan ke Konsumen' is clicked on

2023-10-06 12:22:34 - [TEST_STEP][PASSED] - verifyElementPresent(findTestObject("halaman admin/VERIFIKASI MASUK KE penjual ke konsumen"), 0): Object 'Object Repository/halaman admin/VERIFIKASI MASUK KE penjual ke konsumen' is present

2023-10-06 12:22:34 - [MESSAGE][WARNING] - Timeout '0' is invalid. Using default page load timeout: '30'

2023-10-06 12:22:41 - [MESSAGE][PASSED] - Object 'Object Repository/halaman admin/VERIFIKASI MASUK KE penjual ke konsumen' is present

2023-10-06 12:22:41 - [TEST_STEP][PASSED] - click(findTestObject("halaman admin/search di penjual ke konsumen")): Object: 'Object Repository/halaman admin/search di penjual ke konsumen' is clicked on

2023-10-06 12:22:43 - [MESSAGE][PASSED] - Object: 'Object Repository/halaman admin/search di penjual ke konsumen' is clicked on

2023-10-06 12:22:43 - [TEST_STEP][PASSED] - setText(findTestObject("halaman admin/search di penjual ke konsumen"), noInvoice): Text 'TRX91.20231006122153' is set on object 'Object Repository/halaman admin/search di penjual ke konsumen'

2023-10-06 12:22:45 - [MESSAGE][PASSED] - Text 'TRX91.20231006122153' is set on object 'Object Repository/halaman admin/search di penjual ke konsumen'

2023-10-06 12:22:45 - [TEST_STEP][PASSED] - status = getText(findTestObject("Object Repository/halaman admin/td_Pending")): Text of object 'Object Repository/halaman admin/td_Pending' is: 'Pending'

2023-10-06 12:22:45 - [MESSAGE][PASSED] - Text of object 'Object Repository/halaman admin/td_Pending' is: 'Pending'

2023-10-06 12:22:45 - [TEST_STEP][PASSED] - println(status): null

2023-10-06 12:22:45 - [TEST_STEP][PASSED] - totalOng = getText(findTestObject("Object Repository/halaman admin/td_Rp 15,246 (1 Produk)")): Text of object 'Object Repository/halaman admin/td_Rp 15,246 (1 Produk)' is: 'Rp 15,246 (1 Produk)'

2023-10-06 12:22:46 - [MESSAGE][PASSED] - Text of object 'Object Repository/halaman admin/td_Rp 15,246 (1 Produk)' is: 'Rp 15,246 (1 Produk)'

2023-10-06 12:22:46 - [TEST_STEP][PASSED] - println(totalOng): null

2023-10-06 12:22:46 - [TEST_STEP][PASSED] - harga = totalOng.substring(3, 9): null

2023-10-06 12:22:46 - [TEST_STEP][PASSED] - println(harga): null

2023-10-06 12:22:46 - [TEST_STEP][PASSED] - assert status == "Pending": null]]></system-out>
         <system-err><![CDATA[]]></system-err>
      </testcase>
      <testcase name="Test Cases/T08 - Konfirmasi Pesanan/TC-AK-002" time="93.782" classname="Test Cases/T08 - Konfirmasi Pesanan/TC-AK-002" status="PASSED">
         <system-out><![CDATA[2023-10-06 12:22:47 - [TEST_CASE][PASSED] - Test Cases/T08 - Konfirmasi Pesanan/TC-AK-002: Test Cases/T08 - Konfirmasi Pesanan/TC-AK-002

2023-10-06 12:22:48 - [TEST_STEP][PASSED] - data = callTestCase(findTestCase("T08 - Konfirmasi Pesanan/TC-KS-001"), [:], STOP_ON_FAILURE): Call Test Case 'Test Cases/T08 - Konfirmasi Pesanan/TC-KS-001' successfully

2023-10-06 12:22:48 - [TEST_CASE][PASSED] - Test Cases/T08 - Konfirmasi Pesanan/TC-KS-001: Test Cases/T08 - Konfirmasi Pesanan/TC-KS-001

2023-10-06 12:22:48 - [TEST_STEP][PASSED] - data = callTestCase(findTestCase("T08 - Konfirmasi Pesanan/TC-OS-001"), ["Roda":"2", "MetodePembayaran":"transfer"], STOP_ON_FAILURE): Call Test Case 'Test Cases/T08 - Konfirmasi Pesanan/TC-OS-001' successfully

2023-10-06 12:22:48 - [TEST_CASE][PASSED] - Test Cases/T08 - Konfirmasi Pesanan/TC-OS-001: Test Cases/T08 - Konfirmasi Pesanan/TC-OS-001

2023-10-06 12:22:49 - [TEST_STEP][PASSED] - callTestCase(findTestCase("T08 - Konfirmasi Pesanan/TC-LS-001"), [:], STOP_ON_FAILURE): Call Test Case 'Test Cases/T08 - Konfirmasi Pesanan/TC-LS-001' successfully

2023-10-06 12:22:49 - [TEST_CASE][PASSED] - Test Cases/T08 - Konfirmasi Pesanan/TC-LS-001: Test Cases/T08 - Konfirmasi Pesanan/TC-LS-001

2023-10-06 12:22:49 - [TEST_STEP][PASSED] - openBrowser(urlWeb): Browser is opened with url: 'https://10.9.2.63/ecommerce/'

2023-10-06 12:22:49 - [MESSAGE][WARNING] - A browser is already opened. Closing browser and opening a new one

2023-10-06 12:22:53 - [MESSAGE][INFO] - Starting 'Firefox' driver

2023-10-06 12:22:53 - [MESSAGE][INFO] - User set preference: ['args', '[window-size=1500,1000, ignore-certificate-errors, UnexpectedAlertBehaviour=ignore]']

2023-10-06 12:22:53 - [MESSAGE][INFO] - Action delay is set to 0 milliseconds

2023-10-06 12:23:03 - [MESSAGE][PASSED] - Browser is opened with url: 'https://10.9.2.63/ecommerce/'

2023-10-06 12:23:03 - [TEST_STEP][PASSED] - maximizeWindow(): Current window maximized

2023-10-06 12:23:03 - [MESSAGE][PASSED] - Current window maximized

2023-10-06 12:23:03 - [TEST_STEP][PASSED] - click(findTestObject("Login/a_Login")): Object: 'Object Repository/Login/a_Login' is clicked on

2023-10-06 12:23:04 - [MESSAGE][PASSED] - Object: 'Object Repository/Login/a_Login' is clicked on

2023-10-06 12:23:04 - [TEST_STEP][PASSED] - setText(findTestObject("Login/input_Username, Email atau No. Handphone_a"), "runa36"): Text 'runa36' is set on object 'Object Repository/Login/input_Username, Email atau No. Handphone_a'

2023-10-06 12:23:05 - [MESSAGE][PASSED] - Text 'runa36' is set on object 'Object Repository/Login/input_Username, Email atau No. Handphone_a'

2023-10-06 12:23:05 - [TEST_STEP][PASSED] - setEncryptedText(findTestObject("Login/input_Password di Login(Masuk)"), "qbkrdMwyWE4="): Text ****** has been set on object 'Object Repository/Login/input_Password di Login(Masuk)'

2023-10-06 12:23:06 - [MESSAGE][PASSED] - Text ****** has been set on object 'Object Repository/Login/input_Password di Login(Masuk)'

2023-10-06 12:23:06 - [TEST_STEP][PASSED] - click(findTestObject("Login/button_Masuk di halaman login")): Object: 'Object Repository/Login/button_Masuk di halaman login' is clicked on

2023-10-06 12:23:07 - [MESSAGE][PASSED] - Object: 'Object Repository/Login/button_Masuk di halaman login' is clicked on

2023-10-06 12:23:07 - [TEST_STEP][PASSED] - verifyElementPresent(findTestObject("Pendaftaran/verifikasi MASUK di halaman Login"), 0): Object 'Object Repository/Pendaftaran/verifikasi MASUK di halaman Login' is present

2023-10-06 12:23:07 - [MESSAGE][WARNING] - Timeout '0' is invalid. Using default page load timeout: '30'

2023-10-06 12:23:08 - [MESSAGE][PASSED] - Object 'Object Repository/Pendaftaran/verifikasi MASUK di halaman Login' is present

2023-10-06 12:23:08 - [MESSAGE][PASSED] - Call Test Case 'Test Cases/T08 - Konfirmasi Pesanan/TC-LS-001' successfully

2023-10-06 12:23:08 - [TEST_STEP][PASSED] - setText(findTestObject("chekout/input aku mau belanja"), "acer"): Text 'acer' is set on object 'Object Repository/chekout/input aku mau belanja'

2023-10-06 12:23:09 - [MESSAGE][PASSED] - Text 'acer' is set on object 'Object Repository/chekout/input aku mau belanja'

2023-10-06 12:23:09 - [TEST_STEP][PASSED] - click(findTestObject("chekout/button_Cari di halaman tajalapak")): Object: 'Object Repository/chekout/button_Cari di halaman tajalapak' is clicked on

2023-10-06 12:23:11 - [MESSAGE][PASSED] - Object: 'Object Repository/chekout/button_Cari di halaman tajalapak' is clicked on

2023-10-06 12:23:11 - [TEST_STEP][PASSED] - click(findTestObject("chekout/NEW read more acer")): Object: 'Object Repository/chekout/NEW read more acer' is clicked on

2023-10-06 12:23:13 - [MESSAGE][PASSED] - Object: 'Object Repository/chekout/NEW read more acer' is clicked on

2023-10-06 12:23:13 - [TEST_STEP][PASSED] - click(findTestObject("chekout/button_Beli Sekarang di detail produk")): Object: 'Object Repository/chekout/button_Beli Sekarang di detail produk' is clicked on

2023-10-06 12:23:15 - [MESSAGE][PASSED] - Object: 'Object Repository/chekout/button_Beli Sekarang di detail produk' is clicked on

2023-10-06 12:23:15 - [TEST_STEP][PASSED] - verifyElementPresent(findTestObject("chekout/halaman keranjang belanja"), 0): Object 'Object Repository/chekout/halaman keranjang belanja' is present

2023-10-06 12:23:15 - [MESSAGE][WARNING] - Timeout '0' is invalid. Using default page load timeout: '30'

2023-10-06 12:23:16 - [MESSAGE][PASSED] - Object 'Object Repository/chekout/halaman keranjang belanja' is present

2023-10-06 12:23:16 - [TEST_STEP][PASSED] - click(findTestObject("chekout/button_Lanjut ke Pembayaran")): Object: 'Object Repository/chekout/button_Lanjut ke Pembayaran' is clicked on

2023-10-06 12:23:19 - [MESSAGE][PASSED] - Object: 'Object Repository/chekout/button_Lanjut ke Pembayaran' is clicked on

2023-10-06 12:23:19 - [TEST_STEP][PASSED] - selectOptionByValue(findTestObject("Object Repository/chekout/select_- Kirim via Kurir Lokal -Roda 2Roda 4"), Roda, false): All options with value '2' are selected in object 'Object Repository/chekout/select_- Kirim via Kurir Lokal -Roda 2Roda 4' 

2023-10-06 12:23:20 - [MESSAGE][PASSED] - All options with value '2' are selected in object 'Object Repository/chekout/select_- Kirim via Kurir Lokal -Roda 2Roda 4' 

2023-10-06 12:23:20 - [TEST_STEP][PASSED] - click(findTestObject("chekout/jenis kendaraan")): Object: 'Object Repository/chekout/jenis kendaraan' is clicked on

2023-10-06 12:23:21 - [MESSAGE][PASSED] - Object: 'Object Repository/chekout/jenis kendaraan' is clicked on

2023-10-06 12:23:21 - [TEST_STEP][PASSED] - if (toString().equalsIgnoreCase("transfer")): Object 'Object Repository/chekout/input metode tf bank' is checked

2023-10-06 12:23:21 - [TEST_STEP][PASSED] - check(findTestObject("chekout/input metode tf bank")): Object 'Object Repository/chekout/input metode tf bank' is checked

2023-10-06 12:23:21 - [MESSAGE][PASSED] - Object 'Object Repository/chekout/input metode tf bank' is checked

2023-10-06 12:23:21 - [TEST_STEP][PASSED] - click(findTestObject("chekout/button_Proses Pembayaran")): Object: 'Object Repository/chekout/button_Proses Pembayaran' is clicked on

2023-10-06 12:23:27 - [MESSAGE][PASSED] - Object: 'Object Repository/chekout/button_Proses Pembayaran' is clicked on

2023-10-06 12:23:27 - [TEST_STEP][PASSED] - noPesanan = getText(findTestObject("Object Repository/chekout/nomor invoice dari halaman menunggu pembayaran")): Text of object 'Object Repository/chekout/nomor invoice dari halaman menunggu pembayaran' is: 'TRX91.20231006122322'

2023-10-06 12:23:28 - [MESSAGE][PASSED] - Text of object 'Object Repository/chekout/nomor invoice dari halaman menunggu pembayaran' is: 'TRX91.20231006122322'

2023-10-06 12:23:28 - [TEST_STEP][PASSED] - println(noPesanan): null

2023-10-06 12:23:28 - [TEST_STEP][PASSED] - pengirim = getText(findTestObject("Object Repository/chekout/dikirim kepada sama dengan pengirim di tf di konfirmaasi bayar")): Text of object 'Object Repository/chekout/dikirim kepada sama dengan pengirim di tf di konfirmaasi bayar' is: 'runarun'

2023-10-06 12:23:29 - [MESSAGE][PASSED] - Text of object 'Object Repository/chekout/dikirim kepada sama dengan pengirim di tf di konfirmaasi bayar' is: 'runarun'

2023-10-06 12:23:29 - [TEST_STEP][PASSED] - totalharga = getText(findTestObject("Object Repository/chekout/total harga bayar")): Text of object 'Object Repository/chekout/total harga bayar' is: '17,068'

2023-10-06 12:23:30 - [MESSAGE][PASSED] - Text of object 'Object Repository/chekout/total harga bayar' is: '17,068'

2023-10-06 12:23:30 - [TEST_STEP][PASSED] - ongkir = getText(findTestObject("co saldo akun/new ongkir tf")): Text of object 'Object Repository/co saldo akun/new ongkir tf' is: 'Rp 13,000'

2023-10-06 12:23:31 - [MESSAGE][PASSED] - Text of object 'Object Repository/co saldo akun/new ongkir tf' is: 'Rp 13,000'

2023-10-06 12:23:31 - [TEST_STEP][PASSED] - ongkirr = replace(",", "").trim(): null

2023-10-06 12:23:31 - [TEST_STEP][PASSED] - ongkir1 = Integer.parseInt(ongkirr): null

2023-10-06 12:23:31 - [TEST_STEP][PASSED] - println(ongkir1): null

2023-10-06 12:23:31 - [TEST_STEP][PASSED] - biayaAdmin = getText(findTestObject("co saldo akun/new fee admin tf")): Text of object 'Object Repository/co saldo akun/new fee admin tf' is: 'Rp 1,500'

2023-10-06 12:23:31 - [MESSAGE][PASSED] - Text of object 'Object Repository/co saldo akun/new fee admin tf' is: 'Rp 1,500'

2023-10-06 12:23:31 - [TEST_STEP][PASSED] - bAdmin = replace(",", "").trim(): null

2023-10-06 12:23:31 - [TEST_STEP][PASSED] - Integer.parseInt(bAdmin): null

2023-10-06 12:23:31 - [TEST_STEP][PASSED] - Admin = Double.parseDouble(bAdmin): null

2023-10-06 12:23:31 - [TEST_STEP][PASSED] - println(Admin): null

2023-10-06 12:23:31 - [TEST_STEP][PASSED] - subtotal = getText(findTestObject("co saldo akun/new subtotal tf")): Text of object 'Object Repository/co saldo akun/new subtotal tf' is: 'Rp 2,246'

2023-10-06 12:23:32 - [MESSAGE][PASSED] - Text of object 'Object Repository/co saldo akun/new subtotal tf' is: 'Rp 2,246'

2023-10-06 12:23:32 - [TEST_STEP][PASSED] - subtotall = replace(",", "").trim(): null

2023-10-06 12:23:32 - [TEST_STEP][PASSED] - Integer.parseInt(subtotall): null

2023-10-06 12:23:32 - [TEST_STEP][PASSED] - sub = Double.parseDouble(subtotall): null

2023-10-06 12:23:32 - [TEST_STEP][PASSED] - println(sub): null

2023-10-06 12:23:32 - [TEST_STEP][PASSED] - kode = getText(findTestObject("co saldo akun/new kode unik tf")): Text of object 'Object Repository/co saldo akun/new kode unik tf' is: '+322'

2023-10-06 12:23:33 - [MESSAGE][PASSED] - Text of object 'Object Repository/co saldo akun/new kode unik tf' is: '+322'

2023-10-06 12:23:33 - [TEST_STEP][PASSED] - kodee = replace("+", "").trim(): null

2023-10-06 12:23:33 - [TEST_STEP][PASSED] - Integer.parseInt(kodee): null

2023-10-06 12:23:33 - [TEST_STEP][PASSED] - code = Double.parseDouble(kodee): null

2023-10-06 12:23:33 - [TEST_STEP][PASSED] - tOng = ongkir1 + sub: null

2023-10-06 12:23:33 - [TEST_STEP][PASSED] - println(tOng): null

2023-10-06 12:23:33 - [TEST_STEP][PASSED] - totalBayar = tOng + Admin + code: null

2023-10-06 12:23:33 - [TEST_STEP][PASSED] - println(totalBayar): null

2023-10-06 12:23:33 - [TEST_STEP][PASSED] - totalBayar1 = totalBayar: null

2023-10-06 12:23:33 - [TEST_STEP][PASSED] - println(totalBayar1): null

2023-10-06 12:23:33 - [TEST_STEP][PASSED] - total = getText(findTestObject("co saldo akun/new total harga tf")): Text of object 'Object Repository/co saldo akun/new total harga tf' is: '17,068'

2023-10-06 12:23:34 - [MESSAGE][PASSED] - Text of object 'Object Repository/co saldo akun/new total harga tf' is: '17,068'

2023-10-06 12:23:34 - [TEST_STEP][PASSED] - total1 = replace(",", "").trim(): null

2023-10-06 12:23:34 - [TEST_STEP][PASSED] - total2 = Integer.parseInt(total1): null

2023-10-06 12:23:34 - [TEST_STEP][PASSED] - println(total2): null

2023-10-06 12:23:34 - [TEST_STEP][PASSED] - assert totalBayar1 == total2: null

2023-10-06 12:23:34 - [TEST_STEP][PASSED] - data = new java.util.HashMap(): null

2023-10-06 12:23:34 - [TEST_STEP][PASSED] - data.put("invoice", noPesanan): null

2023-10-06 12:23:34 - [TEST_STEP][PASSED] - data.put("namaPengirim", pengirim): null

2023-10-06 12:23:34 - [TEST_STEP][PASSED] - data.put("totalBayar", totalharga): null

2023-10-06 12:23:34 - [TEST_STEP][PASSED] - data.put("totalOngkir", tOng): null

2023-10-06 12:23:34 - [TEST_STEP][PASSED] - return data: null

2023-10-06 12:23:34 - [MESSAGE][PASSED] - Call Test Case 'Test Cases/T08 - Konfirmasi Pesanan/TC-OS-001' successfully

2023-10-06 12:23:34 - [TEST_STEP][PASSED] - noInvoice = data.get("invoice"): null

2023-10-06 12:23:34 - [TEST_STEP][PASSED] - nmPengirim = data.get("namaPengirim"): null

2023-10-06 12:23:34 - [TEST_STEP][PASSED] - ttlBayar = data.get("totalBayar"): null

2023-10-06 12:23:34 - [TEST_STEP][PASSED] - click(findTestObject("konfirmasi pesanan/a_Akun 0")): Object: 'Object Repository/konfirmasi pesanan/a_Akun 0' is clicked on

2023-10-06 12:23:35 - [MESSAGE][PASSED] - Object: 'Object Repository/konfirmasi pesanan/a_Akun 0' is clicked on

2023-10-06 12:23:35 - [TEST_STEP][PASSED] - click(findTestObject("konfirmasi pesanan/a_Profile")): Object: 'Object Repository/konfirmasi pesanan/a_Profile' is clicked on

2023-10-06 12:23:37 - [MESSAGE][PASSED] - Object: 'Object Repository/konfirmasi pesanan/a_Profile' is clicked on

2023-10-06 12:23:37 - [TEST_STEP][PASSED] - click(findTestObject("konfirmasi pesanan/a_Pembelian")): Object: 'Object Repository/konfirmasi pesanan/a_Pembelian' is clicked on

2023-10-06 12:23:39 - [MESSAGE][PASSED] - Object: 'Object Repository/konfirmasi pesanan/a_Pembelian' is clicked on

2023-10-06 12:23:39 - [TEST_STEP][PASSED] - click(findTestObject("konfirmasi pesanan/new konfirmasi bayar")): Object: 'Object Repository/konfirmasi pesanan/new konfirmasi bayar' is clicked on

2023-10-06 12:23:40 - [MESSAGE][PASSED] - Object: 'Object Repository/konfirmasi pesanan/new konfirmasi bayar' is clicked on

2023-10-06 12:23:40 - [TEST_STEP][PASSED] - verifyElementPresent(findTestObject("konfirmasi pesanan/verifikasi user masuk halaman konfirmasi bayar dari akun profil"), 0): Object 'Object Repository/konfirmasi pesanan/verifikasi user masuk halaman konfirmasi bayar dari akun profil' is present

2023-10-06 12:23:41 - [MESSAGE][WARNING] - Timeout '0' is invalid. Using default page load timeout: '30'

2023-10-06 12:23:41 - [MESSAGE][PASSED] - Object 'Object Repository/konfirmasi pesanan/verifikasi user masuk halaman konfirmasi bayar dari akun profil' is present

2023-10-06 12:23:41 - [TEST_STEP][PASSED] - uploadFile(findTestObject("konfirmasi pesanan/input_Upload Bukti Transfer_f"), "F:\bootcamp\Miniproject\transfer.jpg"): File 'F:\bootcamp\Miniproject\transfer.jpg' sent to object: 'Object Repository/konfirmasi pesanan/input_Upload Bukti Transfer_f'

2023-10-06 12:23:41 - [MESSAGE][PASSED] - File 'F:\bootcamp\Miniproject\transfer.jpg' sent to object: 'Object Repository/konfirmasi pesanan/input_Upload Bukti Transfer_f'

2023-10-06 12:23:41 - [TEST_STEP][PASSED] - totalBayar = getAttribute(findTestObject("Object Repository/konfirmasi pesanan/input_Total TagihanTransfer_b"), "value"): Attribute 'value' of object 'Object Repository/konfirmasi pesanan/input_Total TagihanTransfer_b' is: '17,068'

2023-10-06 12:23:42 - [MESSAGE][PASSED] - Attribute 'value' of object 'Object Repository/konfirmasi pesanan/input_Total TagihanTransfer_b' is: '17,068'

2023-10-06 12:23:42 - [TEST_STEP][PASSED] - selectOptionByValue(findTestObject("konfirmasi pesanan/select dropdown trasfer"), transfe, false): All options with value '2' are selected in object 'Object Repository/konfirmasi pesanan/select dropdown trasfer' 

2023-10-06 12:23:43 - [MESSAGE][PASSED] - All options with value '2' are selected in object 'Object Repository/konfirmasi pesanan/select dropdown trasfer' 

2023-10-06 12:23:43 - [TEST_STEP][PASSED] - naamaPengirim = getAttribute(findTestObject("Object Repository/konfirmasi pesanan/input_Nama Pengirim_d"), "value"): Attribute 'value' of object 'Object Repository/konfirmasi pesanan/input_Nama Pengirim_d' is: 'runarun'

2023-10-06 12:23:44 - [MESSAGE][PASSED] - Attribute 'value' of object 'Object Repository/konfirmasi pesanan/input_Nama Pengirim_d' is: 'runarun'

2023-10-06 12:23:44 - [TEST_STEP][PASSED] - println(naamaPengirim): null

2023-10-06 12:23:44 - [TEST_STEP][PASSED] - tanggal = getAttribute(findTestObject("Object Repository/konfirmasi pesanan/input_Tanggal Transfer_e"), "value"): Attribute 'value' of object 'Object Repository/konfirmasi pesanan/input_Tanggal Transfer_e' is: '2023-10-06'

2023-10-06 12:23:44 - [MESSAGE][PASSED] - Attribute 'value' of object 'Object Repository/konfirmasi pesanan/input_Tanggal Transfer_e' is: '2023-10-06'

2023-10-06 12:23:44 - [TEST_STEP][PASSED] - println(tanggal): null

2023-10-06 12:23:44 - [TEST_STEP][PASSED] - select = new org.openqa.selenium.support.ui.Select(com.kms.katalon.core.webui.driver.DriverFactory.getWebDriver().findElement(org.openqa.selenium.By.xpath(//select[@name="c"]))): null

2023-10-06 12:23:45 - [TEST_STEP][PASSED] - transfer = getFirstSelectedOption().getText(): null

2023-10-06 12:23:45 - [TEST_STEP][PASSED] - trans = transfer.split("-"): null

2023-10-06 12:23:45 - [TEST_STEP][PASSED] - transf = "": null

2023-10-06 12:23:45 - [TEST_STEP][PASSED] - for ([i = 0, i < length, (i++)]): null

2023-10-06 12:23:45 - [TEST_STEP][PASSED] - tf = trans[0].trim(): null

2023-10-06 12:23:45 - [TEST_STEP][PASSED] - transf = tf: null

2023-10-06 12:23:45 - [TEST_STEP][PASSED] - tf = trans[0].trim(): null

2023-10-06 12:23:45 - [TEST_STEP][PASSED] - transf = tf: null

2023-10-06 12:23:45 - [TEST_STEP][PASSED] - println(transf): null

2023-10-06 12:23:45 - [TEST_STEP][PASSED] - assert trim().equalsIgnoreCase(ttlBayar.trim()): null

2023-10-06 12:23:45 - [TEST_STEP][PASSED] - assert trim().equalsIgnoreCase(nmPengirim.trim()): null

2023-10-06 12:23:45 - [TEST_STEP][PASSED] - click(findTestObject("konfirmasi pesanan/button_Konfirmasi Pembayaran")): Object: 'Object Repository/konfirmasi pesanan/button_Konfirmasi Pembayaran' is clicked on

2023-10-06 12:23:47 - [MESSAGE][PASSED] - Object: 'Object Repository/konfirmasi pesanan/button_Konfirmasi Pembayaran' is clicked on

2023-10-06 12:23:47 - [TEST_STEP][PASSED] - verifyElementText(findTestObject("konfirmasi pesanan/verifikasi sukses melakukan pembayaran pesanan"), "Sukses Melakukan Konfirmasi Pembayaran Pesanan!"): Actual text and expected text of test object 'Object Repository/konfirmasi pesanan/verifikasi sukses melakukan pembayaran pesanan' are matched.

2023-10-06 12:23:48 - [MESSAGE][PASSED] - Actual text and expected text of test object 'Object Repository/konfirmasi pesanan/verifikasi sukses melakukan pembayaran pesanan' are matched.

2023-10-06 12:23:48 - [TEST_STEP][PASSED] - data.put("namaHasilInput", naamaPengirim): null

2023-10-06 12:23:48 - [TEST_STEP][PASSED] - data.put("date", tanggal): null

2023-10-06 12:23:48 - [TEST_STEP][PASSED] - data.put("noRekening", transf): null

2023-10-06 12:23:48 - [TEST_STEP][PASSED] - data.put("inputJmlTf", totalBayar): null

2023-10-06 12:23:48 - [TEST_STEP][PASSED] - return data: null

2023-10-06 12:23:48 - [MESSAGE][PASSED] - Call Test Case 'Test Cases/T08 - Konfirmasi Pesanan/TC-KS-001' successfully

2023-10-06 12:23:48 - [TEST_STEP][PASSED] - noInvoice = data.get("invoice"): null

2023-10-06 12:23:48 - [TEST_STEP][PASSED] - nmPengirim = data.get("namaPengirim"): null

2023-10-06 12:23:48 - [TEST_STEP][PASSED] - ttlBayar = data.get("totalBayar"): null

2023-10-06 12:23:48 - [TEST_STEP][PASSED] - ttlOngkir = data.get("totalOngkir"): null

2023-10-06 12:23:48 - [TEST_STEP][PASSED] - navigateToUrl("https://10.9.2.63/ecommerce/administrator/"): Navigate to 'https://10.9.2.63/ecommerce/administrator/' successfully

2023-10-06 12:23:49 - [MESSAGE][PASSED] - Navigate to 'https://10.9.2.63/ecommerce/administrator/' successfully

2023-10-06 12:23:49 - [TEST_STEP][PASSED] - setText(findTestObject("halaman admin/input_ADMIN_a"), "admin"): Text 'admin' is set on object 'Object Repository/halaman admin/input_ADMIN_a'

2023-10-06 12:23:50 - [MESSAGE][PASSED] - Text 'admin' is set on object 'Object Repository/halaman admin/input_ADMIN_a'

2023-10-06 12:23:50 - [TEST_STEP][PASSED] - setEncryptedText(findTestObject("halaman admin/input_ADMIN_password"), "374mkdZ/lqyNS21oH+MJZQ=="): Text ****** has been set on object 'Object Repository/halaman admin/input_ADMIN_password'

2023-10-06 12:23:50 - [MESSAGE][PASSED] - Text ****** has been set on object 'Object Repository/halaman admin/input_ADMIN_password'

2023-10-06 12:23:50 - [TEST_STEP][PASSED] - delay(10): Delayed 10 second(s)

2023-10-06 12:24:00 - [MESSAGE][PASSED] - Delayed 10 second(s)

2023-10-06 12:24:00 - [TEST_STEP][PASSED] - click(findTestObject("halaman admin/input_login admin")): Object: 'Object Repository/halaman admin/input_login admin' is clicked on

2023-10-06 12:24:03 - [MESSAGE][PASSED] - Object: 'Object Repository/halaman admin/input_login admin' is clicked on

2023-10-06 12:24:03 - [TEST_STEP][PASSED] - verifyElementPresent(findTestObject("halaman admin/VERIFIKASI MASUK DASHBORD ADMIN"), 0): Object 'Object Repository/halaman admin/VERIFIKASI MASUK DASHBORD ADMIN' is present

2023-10-06 12:24:03 - [MESSAGE][WARNING] - Timeout '0' is invalid. Using default page load timeout: '30'

2023-10-06 12:24:08 - [MESSAGE][PASSED] - Object 'Object Repository/halaman admin/VERIFIKASI MASUK DASHBORD ADMIN' is present

2023-10-06 12:24:08 - [TEST_STEP][PASSED] - click(findTestObject("halaman admin/a_Transaksi Market")): Object: 'Object Repository/halaman admin/a_Transaksi Market' is clicked on

2023-10-06 12:24:09 - [MESSAGE][PASSED] - Object: 'Object Repository/halaman admin/a_Transaksi Market' is clicked on

2023-10-06 12:24:09 - [TEST_STEP][PASSED] - click(findTestObject("halaman admin/a_Penjualan ke Konsumen")): Object: 'Object Repository/halaman admin/a_Penjualan ke Konsumen' is clicked on

2023-10-06 12:24:12 - [MESSAGE][PASSED] - Object: 'Object Repository/halaman admin/a_Penjualan ke Konsumen' is clicked on

2023-10-06 12:24:12 - [TEST_STEP][PASSED] - verifyElementPresent(findTestObject("halaman admin/VERIFIKASI MASUK KE penjual ke konsumen"), 0): Object 'Object Repository/halaman admin/VERIFIKASI MASUK KE penjual ke konsumen' is present

2023-10-06 12:24:12 - [MESSAGE][WARNING] - Timeout '0' is invalid. Using default page load timeout: '30'

2023-10-06 12:24:16 - [MESSAGE][PASSED] - Object 'Object Repository/halaman admin/VERIFIKASI MASUK KE penjual ke konsumen' is present

2023-10-06 12:24:16 - [TEST_STEP][PASSED] - click(findTestObject("halaman admin/search di penjual ke konsumen")): Object: 'Object Repository/halaman admin/search di penjual ke konsumen' is clicked on

2023-10-06 12:24:17 - [MESSAGE][PASSED] - Object: 'Object Repository/halaman admin/search di penjual ke konsumen' is clicked on

2023-10-06 12:24:17 - [TEST_STEP][PASSED] - setText(findTestObject("halaman admin/search di penjual ke konsumen"), noInvoice): Text 'TRX91.20231006122322' is set on object 'Object Repository/halaman admin/search di penjual ke konsumen'

2023-10-06 12:24:19 - [MESSAGE][PASSED] - Text 'TRX91.20231006122322' is set on object 'Object Repository/halaman admin/search di penjual ke konsumen'

2023-10-06 12:24:19 - [TEST_STEP][PASSED] - status = getText(findTestObject("Object Repository/halaman admin/td_Pending")): Text of object 'Object Repository/halaman admin/td_Pending' is: 'Konfirmasi'

2023-10-06 12:24:19 - [MESSAGE][PASSED] - Text of object 'Object Repository/halaman admin/td_Pending' is: 'Konfirmasi'

2023-10-06 12:24:19 - [TEST_STEP][PASSED] - println(status): null

2023-10-06 12:24:19 - [TEST_STEP][PASSED] - totalOng = getText(findTestObject("Object Repository/halaman admin/td_Rp 15,246 (1 Produk)")): Text of object 'Object Repository/halaman admin/td_Rp 15,246 (1 Produk)' is: 'Rp 15,246 (1 Produk)
Pending Payment'

2023-10-06 12:24:20 - [MESSAGE][PASSED] - Text of object 'Object Repository/halaman admin/td_Rp 15,246 (1 Produk)' is: 'Rp 15,246 (1 Produk)
Pending Payment'

2023-10-06 12:24:20 - [TEST_STEP][PASSED] - println(totalOng): null

2023-10-06 12:24:20 - [TEST_STEP][PASSED] - harga = trim().replace(",", ""): null

2023-10-06 12:24:20 - [TEST_STEP][PASSED] - Hargaa = Integer.parseInt(harga): null

2023-10-06 12:24:20 - [TEST_STEP][PASSED] - println(Hargaa): null

2023-10-06 12:24:20 - [TEST_STEP][PASSED] - konsumen = getText(findTestObject("Object Repository/halaman admin/KONSUMEN DI PENJUAL KE KONSUMEN")): Text of object 'Object Repository/halaman admin/KONSUMEN DI PENJUAL KE KONSUMEN' is: 'runarun'

2023-10-06 12:24:21 - [MESSAGE][PASSED] - Text of object 'Object Repository/halaman admin/KONSUMEN DI PENJUAL KE KONSUMEN' is: 'runarun'

2023-10-06 12:24:21 - [TEST_STEP][PASSED] - println(konsumen): null

2023-10-06 12:24:21 - [TEST_STEP][PASSED] - assert status == "Konfirmasi": null

2023-10-06 12:24:21 - [TEST_STEP][PASSED] - assert ttlOngkir == Hargaa: null

2023-10-06 12:24:21 - [TEST_STEP][PASSED] - assert konsumen == nmPengirim: null]]></system-out>
         <system-err><![CDATA[]]></system-err>
      </testcase>
      <testcase name="Test Cases/T08 - Konfirmasi Pesanan/TC-AK-003" time="80.344" classname="Test Cases/T08 - Konfirmasi Pesanan/TC-AK-003" status="PASSED">
         <system-out><![CDATA[2023-10-06 12:24:22 - [TEST_CASE][PASSED] - Test Cases/T08 - Konfirmasi Pesanan/TC-AK-003: Test Cases/T08 - Konfirmasi Pesanan/TC-AK-003

2023-10-06 12:24:23 - [TEST_STEP][PASSED] - data = callTestCase(findTestCase("T08 - Konfirmasi Pesanan/TC-OS-001"), ["Roda":"2", "MetodePembayaran":"transfer"], STOP_ON_FAILURE): Call Test Case 'Test Cases/T08 - Konfirmasi Pesanan/TC-OS-001' successfully

2023-10-06 12:24:23 - [TEST_CASE][PASSED] - Test Cases/T08 - Konfirmasi Pesanan/TC-OS-001: Test Cases/T08 - Konfirmasi Pesanan/TC-OS-001

2023-10-06 12:24:23 - [TEST_STEP][PASSED] - callTestCase(findTestCase("T08 - Konfirmasi Pesanan/TC-LS-001"), [:], STOP_ON_FAILURE): Call Test Case 'Test Cases/T08 - Konfirmasi Pesanan/TC-LS-001' successfully

2023-10-06 12:24:23 - [TEST_CASE][PASSED] - Test Cases/T08 - Konfirmasi Pesanan/TC-LS-001: Test Cases/T08 - Konfirmasi Pesanan/TC-LS-001

2023-10-06 12:24:23 - [TEST_STEP][PASSED] - openBrowser(urlWeb): Browser is opened with url: 'https://10.9.2.63/ecommerce/'

2023-10-06 12:24:23 - [MESSAGE][WARNING] - A browser is already opened. Closing browser and opening a new one

2023-10-06 12:24:29 - [MESSAGE][INFO] - Starting 'Firefox' driver

2023-10-06 12:24:29 - [MESSAGE][INFO] - User set preference: ['args', '[window-size=1500,1000, ignore-certificate-errors, UnexpectedAlertBehaviour=ignore]']

2023-10-06 12:24:29 - [MESSAGE][INFO] - Action delay is set to 0 milliseconds

2023-10-06 12:24:38 - [MESSAGE][PASSED] - Browser is opened with url: 'https://10.9.2.63/ecommerce/'

2023-10-06 12:24:38 - [TEST_STEP][PASSED] - maximizeWindow(): Current window maximized

2023-10-06 12:24:38 - [MESSAGE][PASSED] - Current window maximized

2023-10-06 12:24:38 - [TEST_STEP][PASSED] - click(findTestObject("Login/a_Login")): Object: 'Object Repository/Login/a_Login' is clicked on

2023-10-06 12:24:39 - [MESSAGE][PASSED] - Object: 'Object Repository/Login/a_Login' is clicked on

2023-10-06 12:24:39 - [TEST_STEP][PASSED] - setText(findTestObject("Login/input_Username, Email atau No. Handphone_a"), "runa36"): Text 'runa36' is set on object 'Object Repository/Login/input_Username, Email atau No. Handphone_a'

2023-10-06 12:24:40 - [MESSAGE][PASSED] - Text 'runa36' is set on object 'Object Repository/Login/input_Username, Email atau No. Handphone_a'

2023-10-06 12:24:40 - [TEST_STEP][PASSED] - setEncryptedText(findTestObject("Login/input_Password di Login(Masuk)"), "qbkrdMwyWE4="): Text ****** has been set on object 'Object Repository/Login/input_Password di Login(Masuk)'

2023-10-06 12:24:41 - [MESSAGE][PASSED] - Text ****** has been set on object 'Object Repository/Login/input_Password di Login(Masuk)'

2023-10-06 12:24:41 - [TEST_STEP][PASSED] - click(findTestObject("Login/button_Masuk di halaman login")): Object: 'Object Repository/Login/button_Masuk di halaman login' is clicked on

2023-10-06 12:24:43 - [MESSAGE][PASSED] - Object: 'Object Repository/Login/button_Masuk di halaman login' is clicked on

2023-10-06 12:24:43 - [TEST_STEP][PASSED] - verifyElementPresent(findTestObject("Pendaftaran/verifikasi MASUK di halaman Login"), 0): Object 'Object Repository/Pendaftaran/verifikasi MASUK di halaman Login' is present

2023-10-06 12:24:43 - [MESSAGE][WARNING] - Timeout '0' is invalid. Using default page load timeout: '30'

2023-10-06 12:24:44 - [MESSAGE][PASSED] - Object 'Object Repository/Pendaftaran/verifikasi MASUK di halaman Login' is present

2023-10-06 12:24:44 - [MESSAGE][PASSED] - Call Test Case 'Test Cases/T08 - Konfirmasi Pesanan/TC-LS-001' successfully

2023-10-06 12:24:44 - [TEST_STEP][PASSED] - setText(findTestObject("chekout/input aku mau belanja"), "acer"): Text 'acer' is set on object 'Object Repository/chekout/input aku mau belanja'

2023-10-06 12:24:44 - [MESSAGE][PASSED] - Text 'acer' is set on object 'Object Repository/chekout/input aku mau belanja'

2023-10-06 12:24:44 - [TEST_STEP][PASSED] - click(findTestObject("chekout/button_Cari di halaman tajalapak")): Object: 'Object Repository/chekout/button_Cari di halaman tajalapak' is clicked on

2023-10-06 12:24:46 - [MESSAGE][PASSED] - Object: 'Object Repository/chekout/button_Cari di halaman tajalapak' is clicked on

2023-10-06 12:24:46 - [TEST_STEP][PASSED] - click(findTestObject("chekout/NEW read more acer")): Object: 'Object Repository/chekout/NEW read more acer' is clicked on

2023-10-06 12:24:49 - [MESSAGE][PASSED] - Object: 'Object Repository/chekout/NEW read more acer' is clicked on

2023-10-06 12:24:49 - [TEST_STEP][PASSED] - click(findTestObject("chekout/button_Beli Sekarang di detail produk")): Object: 'Object Repository/chekout/button_Beli Sekarang di detail produk' is clicked on

2023-10-06 12:24:51 - [MESSAGE][PASSED] - Object: 'Object Repository/chekout/button_Beli Sekarang di detail produk' is clicked on

2023-10-06 12:24:51 - [TEST_STEP][PASSED] - verifyElementPresent(findTestObject("chekout/halaman keranjang belanja"), 0): Object 'Object Repository/chekout/halaman keranjang belanja' is present

2023-10-06 12:24:51 - [MESSAGE][WARNING] - Timeout '0' is invalid. Using default page load timeout: '30'

2023-10-06 12:24:52 - [MESSAGE][PASSED] - Object 'Object Repository/chekout/halaman keranjang belanja' is present

2023-10-06 12:24:52 - [TEST_STEP][PASSED] - click(findTestObject("chekout/button_Lanjut ke Pembayaran")): Object: 'Object Repository/chekout/button_Lanjut ke Pembayaran' is clicked on

2023-10-06 12:24:53 - [MESSAGE][PASSED] - Object: 'Object Repository/chekout/button_Lanjut ke Pembayaran' is clicked on

2023-10-06 12:24:53 - [TEST_STEP][PASSED] - selectOptionByValue(findTestObject("Object Repository/chekout/select_- Kirim via Kurir Lokal -Roda 2Roda 4"), Roda, false): All options with value '2' are selected in object 'Object Repository/chekout/select_- Kirim via Kurir Lokal -Roda 2Roda 4' 

2023-10-06 12:24:55 - [MESSAGE][PASSED] - All options with value '2' are selected in object 'Object Repository/chekout/select_- Kirim via Kurir Lokal -Roda 2Roda 4' 

2023-10-06 12:24:55 - [TEST_STEP][PASSED] - click(findTestObject("chekout/jenis kendaraan")): Object: 'Object Repository/chekout/jenis kendaraan' is clicked on

2023-10-06 12:24:56 - [MESSAGE][PASSED] - Object: 'Object Repository/chekout/jenis kendaraan' is clicked on

2023-10-06 12:24:56 - [TEST_STEP][PASSED] - if (toString().equalsIgnoreCase("transfer")): Object 'Object Repository/chekout/input metode tf bank' is checked

2023-10-06 12:24:56 - [TEST_STEP][PASSED] - check(findTestObject("chekout/input metode tf bank")): Object 'Object Repository/chekout/input metode tf bank' is checked

2023-10-06 12:24:56 - [MESSAGE][PASSED] - Object 'Object Repository/chekout/input metode tf bank' is checked

2023-10-06 12:24:56 - [TEST_STEP][PASSED] - click(findTestObject("chekout/button_Proses Pembayaran")): Object: 'Object Repository/chekout/button_Proses Pembayaran' is clicked on

2023-10-06 12:25:03 - [MESSAGE][PASSED] - Object: 'Object Repository/chekout/button_Proses Pembayaran' is clicked on

2023-10-06 12:25:03 - [TEST_STEP][PASSED] - noPesanan = getText(findTestObject("Object Repository/chekout/nomor invoice dari halaman menunggu pembayaran")): Text of object 'Object Repository/chekout/nomor invoice dari halaman menunggu pembayaran' is: 'TRX91.20231006122457'

2023-10-06 12:25:03 - [MESSAGE][PASSED] - Text of object 'Object Repository/chekout/nomor invoice dari halaman menunggu pembayaran' is: 'TRX91.20231006122457'

2023-10-06 12:25:03 - [TEST_STEP][PASSED] - println(noPesanan): null

2023-10-06 12:25:03 - [TEST_STEP][PASSED] - pengirim = getText(findTestObject("Object Repository/chekout/dikirim kepada sama dengan pengirim di tf di konfirmaasi bayar")): Text of object 'Object Repository/chekout/dikirim kepada sama dengan pengirim di tf di konfirmaasi bayar' is: 'runarun'

2023-10-06 12:25:04 - [MESSAGE][PASSED] - Text of object 'Object Repository/chekout/dikirim kepada sama dengan pengirim di tf di konfirmaasi bayar' is: 'runarun'

2023-10-06 12:25:04 - [TEST_STEP][PASSED] - totalharga = getText(findTestObject("Object Repository/chekout/total harga bayar")): Text of object 'Object Repository/chekout/total harga bayar' is: '17,203'

2023-10-06 12:25:05 - [MESSAGE][PASSED] - Text of object 'Object Repository/chekout/total harga bayar' is: '17,203'

2023-10-06 12:25:05 - [TEST_STEP][PASSED] - ongkir = getText(findTestObject("co saldo akun/new ongkir tf")): Text of object 'Object Repository/co saldo akun/new ongkir tf' is: 'Rp 13,000'

2023-10-06 12:25:06 - [MESSAGE][PASSED] - Text of object 'Object Repository/co saldo akun/new ongkir tf' is: 'Rp 13,000'

2023-10-06 12:25:06 - [TEST_STEP][PASSED] - ongkirr = replace(",", "").trim(): null

2023-10-06 12:25:06 - [TEST_STEP][PASSED] - ongkir1 = Integer.parseInt(ongkirr): null

2023-10-06 12:25:06 - [TEST_STEP][PASSED] - println(ongkir1): null

2023-10-06 12:25:06 - [TEST_STEP][PASSED] - biayaAdmin = getText(findTestObject("co saldo akun/new fee admin tf")): Text of object 'Object Repository/co saldo akun/new fee admin tf' is: 'Rp 1,500'

2023-10-06 12:25:06 - [MESSAGE][PASSED] - Text of object 'Object Repository/co saldo akun/new fee admin tf' is: 'Rp 1,500'

2023-10-06 12:25:06 - [TEST_STEP][PASSED] - bAdmin = replace(",", "").trim(): null

2023-10-06 12:25:06 - [TEST_STEP][PASSED] - Integer.parseInt(bAdmin): null

2023-10-06 12:25:06 - [TEST_STEP][PASSED] - Admin = Double.parseDouble(bAdmin): null

2023-10-06 12:25:06 - [TEST_STEP][PASSED] - println(Admin): null

2023-10-06 12:25:06 - [TEST_STEP][PASSED] - subtotal = getText(findTestObject("co saldo akun/new subtotal tf")): Text of object 'Object Repository/co saldo akun/new subtotal tf' is: 'Rp 2,246'

2023-10-06 12:25:07 - [MESSAGE][PASSED] - Text of object 'Object Repository/co saldo akun/new subtotal tf' is: 'Rp 2,246'

2023-10-06 12:25:07 - [TEST_STEP][PASSED] - subtotall = replace(",", "").trim(): null

2023-10-06 12:25:07 - [TEST_STEP][PASSED] - Integer.parseInt(subtotall): null

2023-10-06 12:25:07 - [TEST_STEP][PASSED] - sub = Double.parseDouble(subtotall): null

2023-10-06 12:25:07 - [TEST_STEP][PASSED] - println(sub): null

2023-10-06 12:25:07 - [TEST_STEP][PASSED] - kode = getText(findTestObject("co saldo akun/new kode unik tf")): Text of object 'Object Repository/co saldo akun/new kode unik tf' is: '+457'

2023-10-06 12:25:08 - [MESSAGE][PASSED] - Text of object 'Object Repository/co saldo akun/new kode unik tf' is: '+457'

2023-10-06 12:25:08 - [TEST_STEP][PASSED] - kodee = replace("+", "").trim(): null

2023-10-06 12:25:08 - [TEST_STEP][PASSED] - Integer.parseInt(kodee): null

2023-10-06 12:25:08 - [TEST_STEP][PASSED] - code = Double.parseDouble(kodee): null

2023-10-06 12:25:08 - [TEST_STEP][PASSED] - tOng = ongkir1 + sub: null

2023-10-06 12:25:08 - [TEST_STEP][PASSED] - println(tOng): null

2023-10-06 12:25:08 - [TEST_STEP][PASSED] - totalBayar = tOng + Admin + code: null

2023-10-06 12:25:08 - [TEST_STEP][PASSED] - println(totalBayar): null

2023-10-06 12:25:08 - [TEST_STEP][PASSED] - totalBayar1 = totalBayar: null

2023-10-06 12:25:08 - [TEST_STEP][PASSED] - println(totalBayar1): null

2023-10-06 12:25:08 - [TEST_STEP][PASSED] - total = getText(findTestObject("co saldo akun/new total harga tf")): Text of object 'Object Repository/co saldo akun/new total harga tf' is: '17,203'

2023-10-06 12:25:09 - [MESSAGE][PASSED] - Text of object 'Object Repository/co saldo akun/new total harga tf' is: '17,203'

2023-10-06 12:25:09 - [TEST_STEP][PASSED] - total1 = replace(",", "").trim(): null

2023-10-06 12:25:09 - [TEST_STEP][PASSED] - total2 = Integer.parseInt(total1): null

2023-10-06 12:25:09 - [TEST_STEP][PASSED] - println(total2): null

2023-10-06 12:25:09 - [TEST_STEP][PASSED] - assert totalBayar1 == total2: null

2023-10-06 12:25:09 - [TEST_STEP][PASSED] - data = new java.util.HashMap(): null

2023-10-06 12:25:09 - [TEST_STEP][PASSED] - data.put("invoice", noPesanan): null

2023-10-06 12:25:09 - [TEST_STEP][PASSED] - data.put("namaPengirim", pengirim): null

2023-10-06 12:25:09 - [TEST_STEP][PASSED] - data.put("totalBayar", totalharga): null

2023-10-06 12:25:09 - [TEST_STEP][PASSED] - data.put("totalOngkir", tOng): null

2023-10-06 12:25:09 - [TEST_STEP][PASSED] - return data: null

2023-10-06 12:25:09 - [MESSAGE][PASSED] - Call Test Case 'Test Cases/T08 - Konfirmasi Pesanan/TC-OS-001' successfully

2023-10-06 12:25:09 - [TEST_STEP][PASSED] - nopesanan = data.get("invoice"): null

2023-10-06 12:25:09 - [TEST_STEP][PASSED] - navigateToUrl("https://10.9.2.63/ecommerce/administrator/"): Navigate to 'https://10.9.2.63/ecommerce/administrator/' successfully

2023-10-06 12:25:10 - [MESSAGE][PASSED] - Navigate to 'https://10.9.2.63/ecommerce/administrator/' successfully

2023-10-06 12:25:10 - [TEST_STEP][PASSED] - verifyElementPresent(findTestObject("halaman admin/verifikasi masuk masuk website admin"), 0): Object 'Object Repository/halaman admin/verifikasi masuk masuk website admin' is present

2023-10-06 12:25:10 - [MESSAGE][WARNING] - Timeout '0' is invalid. Using default page load timeout: '30'

2023-10-06 12:25:11 - [MESSAGE][PASSED] - Object 'Object Repository/halaman admin/verifikasi masuk masuk website admin' is present

2023-10-06 12:25:11 - [TEST_STEP][PASSED] - setText(findTestObject("halaman admin/input_ADMIN_a"), "admin"): Text 'admin' is set on object 'Object Repository/halaman admin/input_ADMIN_a'

2023-10-06 12:25:12 - [MESSAGE][PASSED] - Text 'admin' is set on object 'Object Repository/halaman admin/input_ADMIN_a'

2023-10-06 12:25:12 - [TEST_STEP][PASSED] - setEncryptedText(findTestObject("halaman admin/input_ADMIN_password"), "374mkdZ/lqyNS21oH+MJZQ=="): Text ****** has been set on object 'Object Repository/halaman admin/input_ADMIN_password'

2023-10-06 12:25:13 - [MESSAGE][PASSED] - Text ****** has been set on object 'Object Repository/halaman admin/input_ADMIN_password'

2023-10-06 12:25:13 - [TEST_STEP][PASSED] - delay(10): Delayed 10 second(s)

2023-10-06 12:25:23 - [MESSAGE][PASSED] - Delayed 10 second(s)

2023-10-06 12:25:23 - [TEST_STEP][PASSED] - click(findTestObject("halaman admin/input_login admin")): Object: 'Object Repository/halaman admin/input_login admin' is clicked on

2023-10-06 12:25:25 - [MESSAGE][PASSED] - Object: 'Object Repository/halaman admin/input_login admin' is clicked on

2023-10-06 12:25:25 - [TEST_STEP][PASSED] - verifyElementPresent(findTestObject("halaman admin/VERIFIKASI MASUK DASHBORD ADMIN"), 0): Object 'Object Repository/halaman admin/VERIFIKASI MASUK DASHBORD ADMIN' is present

2023-10-06 12:25:25 - [MESSAGE][WARNING] - Timeout '0' is invalid. Using default page load timeout: '30'

2023-10-06 12:25:31 - [MESSAGE][PASSED] - Object 'Object Repository/halaman admin/VERIFIKASI MASUK DASHBORD ADMIN' is present

2023-10-06 12:25:31 - [TEST_STEP][PASSED] - click(findTestObject("halaman admin/a_Transaksi Market")): Object: 'Object Repository/halaman admin/a_Transaksi Market' is clicked on

2023-10-06 12:25:32 - [MESSAGE][PASSED] - Object: 'Object Repository/halaman admin/a_Transaksi Market' is clicked on

2023-10-06 12:25:32 - [TEST_STEP][PASSED] - click(findTestObject("konfirmasi order konsumen/MENU Konf. Order Konsumen")): Object: 'Object Repository/konfirmasi order konsumen/MENU Konf. Order Konsumen' is clicked on

2023-10-06 12:25:33 - [MESSAGE][PASSED] - Object: 'Object Repository/konfirmasi order konsumen/MENU Konf. Order Konsumen' is clicked on

2023-10-06 12:25:33 - [TEST_STEP][PASSED] - verifyElementPresent(findTestObject("konfirmasi order konsumen/HALAMAN Data Konfirmasi Pembayaran Konsumen"), 0): Object 'Object Repository/konfirmasi order konsumen/HALAMAN Data Konfirmasi Pembayaran Konsumen' is present

2023-10-06 12:25:33 - [MESSAGE][WARNING] - Timeout '0' is invalid. Using default page load timeout: '30'

2023-10-06 12:25:39 - [MESSAGE][PASSED] - Object 'Object Repository/konfirmasi order konsumen/HALAMAN Data Konfirmasi Pembayaran Konsumen' is present

2023-10-06 12:25:39 - [TEST_STEP][PASSED] - click(findTestObject("konfirmasi order konsumen/input_Search_ DI KON PEMBAYARAN")): Object: 'Object Repository/konfirmasi order konsumen/input_Search_ DI KON PEMBAYARAN' is clicked on

2023-10-06 12:25:40 - [MESSAGE][PASSED] - Object: 'Object Repository/konfirmasi order konsumen/input_Search_ DI KON PEMBAYARAN' is clicked on

2023-10-06 12:25:40 - [TEST_STEP][PASSED] - setText(findTestObject("konfirmasi order konsumen/input_Search_ DI KON PEMBAYARAN"), nopesanan): Text 'TRX91.20231006122457' is set on object 'Object Repository/konfirmasi order konsumen/input_Search_ DI KON PEMBAYARAN'

2023-10-06 12:25:41 - [MESSAGE][PASSED] - Text 'TRX91.20231006122457' is set on object 'Object Repository/konfirmasi order konsumen/input_Search_ DI KON PEMBAYARAN'

2023-10-06 12:25:41 - [TEST_STEP][PASSED] - verifyElementPresent(findTestObject("konfirmasi order konsumen/td_No matching records found"), 0): Object 'Object Repository/konfirmasi order konsumen/td_No matching records found' is present

2023-10-06 12:25:42 - [MESSAGE][WARNING] - Timeout '0' is invalid. Using default page load timeout: '30'

2023-10-06 12:25:42 - [MESSAGE][PASSED] - Object 'Object Repository/konfirmasi order konsumen/td_No matching records found' is present]]></system-out>
         <system-err><![CDATA[]]></system-err>
      </testcase>
      <testcase name="Test Cases/T08 - Konfirmasi Pesanan/TC-AK-004" time="116.355" classname="Test Cases/T08 - Konfirmasi Pesanan/TC-AK-004" status="PASSED">
         <system-out><![CDATA[2023-10-06 12:25:42 - [TEST_CASE][PASSED] - Test Cases/T08 - Konfirmasi Pesanan/TC-AK-004: Test Cases/T08 - Konfirmasi Pesanan/TC-AK-004

2023-10-06 12:25:44 - [TEST_STEP][PASSED] - data = callTestCase(findTestCase("T08 - Konfirmasi Pesanan/TC-KS-001"), ["transfe":"2"], STOP_ON_FAILURE): Call Test Case 'Test Cases/T08 - Konfirmasi Pesanan/TC-KS-001' successfully

2023-10-06 12:25:44 - [TEST_CASE][PASSED] - Test Cases/T08 - Konfirmasi Pesanan/TC-KS-001: Test Cases/T08 - Konfirmasi Pesanan/TC-KS-001

2023-10-06 12:25:44 - [TEST_STEP][PASSED] - data = callTestCase(findTestCase("T08 - Konfirmasi Pesanan/TC-OS-001"), ["Roda":"2", "MetodePembayaran":"transfer"], STOP_ON_FAILURE): Call Test Case 'Test Cases/T08 - Konfirmasi Pesanan/TC-OS-001' successfully

2023-10-06 12:25:44 - [TEST_CASE][PASSED] - Test Cases/T08 - Konfirmasi Pesanan/TC-OS-001: Test Cases/T08 - Konfirmasi Pesanan/TC-OS-001

2023-10-06 12:25:44 - [TEST_STEP][PASSED] - callTestCase(findTestCase("T08 - Konfirmasi Pesanan/TC-LS-001"), [:], STOP_ON_FAILURE): Call Test Case 'Test Cases/T08 - Konfirmasi Pesanan/TC-LS-001' successfully

2023-10-06 12:25:44 - [TEST_CASE][PASSED] - Test Cases/T08 - Konfirmasi Pesanan/TC-LS-001: Test Cases/T08 - Konfirmasi Pesanan/TC-LS-001

2023-10-06 12:25:45 - [TEST_STEP][PASSED] - openBrowser(urlWeb): Browser is opened with url: 'https://10.9.2.63/ecommerce/'

2023-10-06 12:25:45 - [MESSAGE][WARNING] - A browser is already opened. Closing browser and opening a new one

2023-10-06 12:25:49 - [MESSAGE][INFO] - Starting 'Firefox' driver

2023-10-06 12:25:49 - [MESSAGE][INFO] - User set preference: ['args', '[window-size=1500,1000, ignore-certificate-errors, UnexpectedAlertBehaviour=ignore]']

2023-10-06 12:25:49 - [MESSAGE][INFO] - Action delay is set to 0 milliseconds

2023-10-06 12:25:59 - [MESSAGE][PASSED] - Browser is opened with url: 'https://10.9.2.63/ecommerce/'

2023-10-06 12:25:59 - [TEST_STEP][PASSED] - maximizeWindow(): Current window maximized

2023-10-06 12:25:59 - [MESSAGE][PASSED] - Current window maximized

2023-10-06 12:25:59 - [TEST_STEP][PASSED] - click(findTestObject("Login/a_Login")): Object: 'Object Repository/Login/a_Login' is clicked on

2023-10-06 12:26:00 - [MESSAGE][PASSED] - Object: 'Object Repository/Login/a_Login' is clicked on

2023-10-06 12:26:00 - [TEST_STEP][PASSED] - setText(findTestObject("Login/input_Username, Email atau No. Handphone_a"), "runa36"): Text 'runa36' is set on object 'Object Repository/Login/input_Username, Email atau No. Handphone_a'

2023-10-06 12:26:01 - [MESSAGE][PASSED] - Text 'runa36' is set on object 'Object Repository/Login/input_Username, Email atau No. Handphone_a'

2023-10-06 12:26:01 - [TEST_STEP][PASSED] - setEncryptedText(findTestObject("Login/input_Password di Login(Masuk)"), "qbkrdMwyWE4="): Text ****** has been set on object 'Object Repository/Login/input_Password di Login(Masuk)'

2023-10-06 12:26:02 - [MESSAGE][PASSED] - Text ****** has been set on object 'Object Repository/Login/input_Password di Login(Masuk)'

2023-10-06 12:26:02 - [TEST_STEP][PASSED] - click(findTestObject("Login/button_Masuk di halaman login")): Object: 'Object Repository/Login/button_Masuk di halaman login' is clicked on

2023-10-06 12:26:03 - [MESSAGE][PASSED] - Object: 'Object Repository/Login/button_Masuk di halaman login' is clicked on

2023-10-06 12:26:03 - [TEST_STEP][PASSED] - verifyElementPresent(findTestObject("Pendaftaran/verifikasi MASUK di halaman Login"), 0): Object 'Object Repository/Pendaftaran/verifikasi MASUK di halaman Login' is present

2023-10-06 12:26:03 - [MESSAGE][WARNING] - Timeout '0' is invalid. Using default page load timeout: '30'

2023-10-06 12:26:04 - [MESSAGE][PASSED] - Object 'Object Repository/Pendaftaran/verifikasi MASUK di halaman Login' is present

2023-10-06 12:26:04 - [MESSAGE][PASSED] - Call Test Case 'Test Cases/T08 - Konfirmasi Pesanan/TC-LS-001' successfully

2023-10-06 12:26:04 - [TEST_STEP][PASSED] - setText(findTestObject("chekout/input aku mau belanja"), "acer"): Text 'acer' is set on object 'Object Repository/chekout/input aku mau belanja'

2023-10-06 12:26:05 - [MESSAGE][PASSED] - Text 'acer' is set on object 'Object Repository/chekout/input aku mau belanja'

2023-10-06 12:26:05 - [TEST_STEP][PASSED] - click(findTestObject("chekout/button_Cari di halaman tajalapak")): Object: 'Object Repository/chekout/button_Cari di halaman tajalapak' is clicked on

2023-10-06 12:26:07 - [MESSAGE][PASSED] - Object: 'Object Repository/chekout/button_Cari di halaman tajalapak' is clicked on

2023-10-06 12:26:07 - [TEST_STEP][PASSED] - click(findTestObject("chekout/NEW read more acer")): Object: 'Object Repository/chekout/NEW read more acer' is clicked on

2023-10-06 12:26:09 - [MESSAGE][PASSED] - Object: 'Object Repository/chekout/NEW read more acer' is clicked on

2023-10-06 12:26:09 - [TEST_STEP][PASSED] - click(findTestObject("chekout/button_Beli Sekarang di detail produk")): Object: 'Object Repository/chekout/button_Beli Sekarang di detail produk' is clicked on

2023-10-06 12:26:11 - [MESSAGE][PASSED] - Object: 'Object Repository/chekout/button_Beli Sekarang di detail produk' is clicked on

2023-10-06 12:26:11 - [TEST_STEP][PASSED] - verifyElementPresent(findTestObject("chekout/halaman keranjang belanja"), 0): Object 'Object Repository/chekout/halaman keranjang belanja' is present

2023-10-06 12:26:11 - [MESSAGE][WARNING] - Timeout '0' is invalid. Using default page load timeout: '30'

2023-10-06 12:26:12 - [MESSAGE][PASSED] - Object 'Object Repository/chekout/halaman keranjang belanja' is present

2023-10-06 12:26:12 - [TEST_STEP][PASSED] - click(findTestObject("chekout/button_Lanjut ke Pembayaran")): Object: 'Object Repository/chekout/button_Lanjut ke Pembayaran' is clicked on

2023-10-06 12:26:15 - [MESSAGE][PASSED] - Object: 'Object Repository/chekout/button_Lanjut ke Pembayaran' is clicked on

2023-10-06 12:26:15 - [TEST_STEP][PASSED] - selectOptionByValue(findTestObject("Object Repository/chekout/select_- Kirim via Kurir Lokal -Roda 2Roda 4"), Roda, false): All options with value '2' are selected in object 'Object Repository/chekout/select_- Kirim via Kurir Lokal -Roda 2Roda 4' 

2023-10-06 12:26:16 - [MESSAGE][PASSED] - All options with value '2' are selected in object 'Object Repository/chekout/select_- Kirim via Kurir Lokal -Roda 2Roda 4' 

2023-10-06 12:26:16 - [TEST_STEP][PASSED] - click(findTestObject("chekout/jenis kendaraan")): Object: 'Object Repository/chekout/jenis kendaraan' is clicked on

2023-10-06 12:26:17 - [MESSAGE][PASSED] - Object: 'Object Repository/chekout/jenis kendaraan' is clicked on

2023-10-06 12:26:17 - [TEST_STEP][PASSED] - if (toString().equalsIgnoreCase("transfer")): Object 'Object Repository/chekout/input metode tf bank' is checked

2023-10-06 12:26:17 - [TEST_STEP][PASSED] - check(findTestObject("chekout/input metode tf bank")): Object 'Object Repository/chekout/input metode tf bank' is checked

2023-10-06 12:26:17 - [MESSAGE][PASSED] - Object 'Object Repository/chekout/input metode tf bank' is checked

2023-10-06 12:26:17 - [TEST_STEP][PASSED] - click(findTestObject("chekout/button_Proses Pembayaran")): Object: 'Object Repository/chekout/button_Proses Pembayaran' is clicked on

2023-10-06 12:26:24 - [MESSAGE][PASSED] - Object: 'Object Repository/chekout/button_Proses Pembayaran' is clicked on

2023-10-06 12:26:24 - [TEST_STEP][PASSED] - noPesanan = getText(findTestObject("Object Repository/chekout/nomor invoice dari halaman menunggu pembayaran")): Text of object 'Object Repository/chekout/nomor invoice dari halaman menunggu pembayaran' is: 'TRX91.20231006122618'

2023-10-06 12:26:24 - [MESSAGE][PASSED] - Text of object 'Object Repository/chekout/nomor invoice dari halaman menunggu pembayaran' is: 'TRX91.20231006122618'

2023-10-06 12:26:24 - [TEST_STEP][PASSED] - println(noPesanan): null

2023-10-06 12:26:24 - [TEST_STEP][PASSED] - pengirim = getText(findTestObject("Object Repository/chekout/dikirim kepada sama dengan pengirim di tf di konfirmaasi bayar")): Text of object 'Object Repository/chekout/dikirim kepada sama dengan pengirim di tf di konfirmaasi bayar' is: 'runarun'

2023-10-06 12:26:25 - [MESSAGE][PASSED] - Text of object 'Object Repository/chekout/dikirim kepada sama dengan pengirim di tf di konfirmaasi bayar' is: 'runarun'

2023-10-06 12:26:25 - [TEST_STEP][PASSED] - totalharga = getText(findTestObject("Object Repository/chekout/total harga bayar")): Text of object 'Object Repository/chekout/total harga bayar' is: '17,364'

2023-10-06 12:26:26 - [MESSAGE][PASSED] - Text of object 'Object Repository/chekout/total harga bayar' is: '17,364'

2023-10-06 12:26:26 - [TEST_STEP][PASSED] - ongkir = getText(findTestObject("co saldo akun/new ongkir tf")): Text of object 'Object Repository/co saldo akun/new ongkir tf' is: 'Rp 13,000'

2023-10-06 12:26:26 - [MESSAGE][PASSED] - Text of object 'Object Repository/co saldo akun/new ongkir tf' is: 'Rp 13,000'

2023-10-06 12:26:26 - [TEST_STEP][PASSED] - ongkirr = replace(",", "").trim(): null

2023-10-06 12:26:26 - [TEST_STEP][PASSED] - ongkir1 = Integer.parseInt(ongkirr): null

2023-10-06 12:26:26 - [TEST_STEP][PASSED] - println(ongkir1): null

2023-10-06 12:26:26 - [TEST_STEP][PASSED] - biayaAdmin = getText(findTestObject("co saldo akun/new fee admin tf")): Text of object 'Object Repository/co saldo akun/new fee admin tf' is: 'Rp 1,500'

2023-10-06 12:26:27 - [MESSAGE][PASSED] - Text of object 'Object Repository/co saldo akun/new fee admin tf' is: 'Rp 1,500'

2023-10-06 12:26:27 - [TEST_STEP][PASSED] - bAdmin = replace(",", "").trim(): null

2023-10-06 12:26:27 - [TEST_STEP][PASSED] - Integer.parseInt(bAdmin): null

2023-10-06 12:26:27 - [TEST_STEP][PASSED] - Admin = Double.parseDouble(bAdmin): null

2023-10-06 12:26:27 - [TEST_STEP][PASSED] - println(Admin): null

2023-10-06 12:26:27 - [TEST_STEP][PASSED] - subtotal = getText(findTestObject("co saldo akun/new subtotal tf")): Text of object 'Object Repository/co saldo akun/new subtotal tf' is: 'Rp 2,246'

2023-10-06 12:26:28 - [MESSAGE][PASSED] - Text of object 'Object Repository/co saldo akun/new subtotal tf' is: 'Rp 2,246'

2023-10-06 12:26:28 - [TEST_STEP][PASSED] - subtotall = replace(",", "").trim(): null

2023-10-06 12:26:28 - [TEST_STEP][PASSED] - Integer.parseInt(subtotall): null

2023-10-06 12:26:28 - [TEST_STEP][PASSED] - sub = Double.parseDouble(subtotall): null

2023-10-06 12:26:28 - [TEST_STEP][PASSED] - println(sub): null

2023-10-06 12:26:28 - [TEST_STEP][PASSED] - kode = getText(findTestObject("co saldo akun/new kode unik tf")): Text of object 'Object Repository/co saldo akun/new kode unik tf' is: '+618'

2023-10-06 12:26:29 - [MESSAGE][PASSED] - Text of object 'Object Repository/co saldo akun/new kode unik tf' is: '+618'

2023-10-06 12:26:29 - [TEST_STEP][PASSED] - kodee = replace("+", "").trim(): null

2023-10-06 12:26:29 - [TEST_STEP][PASSED] - Integer.parseInt(kodee): null

2023-10-06 12:26:29 - [TEST_STEP][PASSED] - code = Double.parseDouble(kodee): null

2023-10-06 12:26:29 - [TEST_STEP][PASSED] - tOng = ongkir1 + sub: null

2023-10-06 12:26:29 - [TEST_STEP][PASSED] - println(tOng): null

2023-10-06 12:26:29 - [TEST_STEP][PASSED] - totalBayar = tOng + Admin + code: null

2023-10-06 12:26:29 - [TEST_STEP][PASSED] - println(totalBayar): null

2023-10-06 12:26:29 - [TEST_STEP][PASSED] - totalBayar1 = totalBayar: null

2023-10-06 12:26:29 - [TEST_STEP][PASSED] - println(totalBayar1): null

2023-10-06 12:26:29 - [TEST_STEP][PASSED] - total = getText(findTestObject("co saldo akun/new total harga tf")): Text of object 'Object Repository/co saldo akun/new total harga tf' is: '17,364'

2023-10-06 12:26:30 - [MESSAGE][PASSED] - Text of object 'Object Repository/co saldo akun/new total harga tf' is: '17,364'

2023-10-06 12:26:30 - [TEST_STEP][PASSED] - total1 = replace(",", "").trim(): null

2023-10-06 12:26:30 - [TEST_STEP][PASSED] - total2 = Integer.parseInt(total1): null

2023-10-06 12:26:30 - [TEST_STEP][PASSED] - println(total2): null

2023-10-06 12:26:30 - [TEST_STEP][PASSED] - assert totalBayar1 == total2: null

2023-10-06 12:26:30 - [TEST_STEP][PASSED] - data = new java.util.HashMap(): null

2023-10-06 12:26:30 - [TEST_STEP][PASSED] - data.put("invoice", noPesanan): null

2023-10-06 12:26:30 - [TEST_STEP][PASSED] - data.put("namaPengirim", pengirim): null

2023-10-06 12:26:30 - [TEST_STEP][PASSED] - data.put("totalBayar", totalharga): null

2023-10-06 12:26:30 - [TEST_STEP][PASSED] - data.put("totalOngkir", tOng): null

2023-10-06 12:26:30 - [TEST_STEP][PASSED] - return data: null

2023-10-06 12:26:30 - [MESSAGE][PASSED] - Call Test Case 'Test Cases/T08 - Konfirmasi Pesanan/TC-OS-001' successfully

2023-10-06 12:26:30 - [TEST_STEP][PASSED] - noInvoice = data.get("invoice"): null

2023-10-06 12:26:30 - [TEST_STEP][PASSED] - nmPengirim = data.get("namaPengirim"): null

2023-10-06 12:26:30 - [TEST_STEP][PASSED] - ttlBayar = data.get("totalBayar"): null

2023-10-06 12:26:30 - [TEST_STEP][PASSED] - click(findTestObject("konfirmasi pesanan/a_Akun 0")): Object: 'Object Repository/konfirmasi pesanan/a_Akun 0' is clicked on

2023-10-06 12:26:31 - [MESSAGE][PASSED] - Object: 'Object Repository/konfirmasi pesanan/a_Akun 0' is clicked on

2023-10-06 12:26:31 - [TEST_STEP][PASSED] - click(findTestObject("konfirmasi pesanan/a_Profile")): Object: 'Object Repository/konfirmasi pesanan/a_Profile' is clicked on

2023-10-06 12:26:33 - [MESSAGE][PASSED] - Object: 'Object Repository/konfirmasi pesanan/a_Profile' is clicked on

2023-10-06 12:26:33 - [TEST_STEP][PASSED] - click(findTestObject("konfirmasi pesanan/a_Pembelian")): Object: 'Object Repository/konfirmasi pesanan/a_Pembelian' is clicked on

2023-10-06 12:26:35 - [MESSAGE][PASSED] - Object: 'Object Repository/konfirmasi pesanan/a_Pembelian' is clicked on

2023-10-06 12:26:35 - [TEST_STEP][PASSED] - click(findTestObject("konfirmasi pesanan/new konfirmasi bayar")): Object: 'Object Repository/konfirmasi pesanan/new konfirmasi bayar' is clicked on

2023-10-06 12:26:37 - [MESSAGE][PASSED] - Object: 'Object Repository/konfirmasi pesanan/new konfirmasi bayar' is clicked on

2023-10-06 12:26:37 - [TEST_STEP][PASSED] - verifyElementPresent(findTestObject("konfirmasi pesanan/verifikasi user masuk halaman konfirmasi bayar dari akun profil"), 0): Object 'Object Repository/konfirmasi pesanan/verifikasi user masuk halaman konfirmasi bayar dari akun profil' is present

2023-10-06 12:26:38 - [MESSAGE][WARNING] - Timeout '0' is invalid. Using default page load timeout: '30'

2023-10-06 12:26:38 - [MESSAGE][PASSED] - Object 'Object Repository/konfirmasi pesanan/verifikasi user masuk halaman konfirmasi bayar dari akun profil' is present

2023-10-06 12:26:38 - [TEST_STEP][PASSED] - uploadFile(findTestObject("konfirmasi pesanan/input_Upload Bukti Transfer_f"), "F:\bootcamp\Miniproject\transfer.jpg"): File 'F:\bootcamp\Miniproject\transfer.jpg' sent to object: 'Object Repository/konfirmasi pesanan/input_Upload Bukti Transfer_f'

2023-10-06 12:26:38 - [MESSAGE][PASSED] - File 'F:\bootcamp\Miniproject\transfer.jpg' sent to object: 'Object Repository/konfirmasi pesanan/input_Upload Bukti Transfer_f'

2023-10-06 12:26:38 - [TEST_STEP][PASSED] - totalBayar = getAttribute(findTestObject("Object Repository/konfirmasi pesanan/input_Total TagihanTransfer_b"), "value"): Attribute 'value' of object 'Object Repository/konfirmasi pesanan/input_Total TagihanTransfer_b' is: '17,364'

2023-10-06 12:26:39 - [MESSAGE][PASSED] - Attribute 'value' of object 'Object Repository/konfirmasi pesanan/input_Total TagihanTransfer_b' is: '17,364'

2023-10-06 12:26:39 - [TEST_STEP][PASSED] - selectOptionByValue(findTestObject("konfirmasi pesanan/select dropdown trasfer"), transfe, false): All options with value '2' are selected in object 'Object Repository/konfirmasi pesanan/select dropdown trasfer' 

2023-10-06 12:26:40 - [MESSAGE][PASSED] - All options with value '2' are selected in object 'Object Repository/konfirmasi pesanan/select dropdown trasfer' 

2023-10-06 12:26:40 - [TEST_STEP][PASSED] - naamaPengirim = getAttribute(findTestObject("Object Repository/konfirmasi pesanan/input_Nama Pengirim_d"), "value"): Attribute 'value' of object 'Object Repository/konfirmasi pesanan/input_Nama Pengirim_d' is: 'runarun'

2023-10-06 12:26:41 - [MESSAGE][PASSED] - Attribute 'value' of object 'Object Repository/konfirmasi pesanan/input_Nama Pengirim_d' is: 'runarun'

2023-10-06 12:26:41 - [TEST_STEP][PASSED] - println(naamaPengirim): null

2023-10-06 12:26:41 - [TEST_STEP][PASSED] - tanggal = getAttribute(findTestObject("Object Repository/konfirmasi pesanan/input_Tanggal Transfer_e"), "value"): Attribute 'value' of object 'Object Repository/konfirmasi pesanan/input_Tanggal Transfer_e' is: '2023-10-06'

2023-10-06 12:26:41 - [MESSAGE][PASSED] - Attribute 'value' of object 'Object Repository/konfirmasi pesanan/input_Tanggal Transfer_e' is: '2023-10-06'

2023-10-06 12:26:41 - [TEST_STEP][PASSED] - println(tanggal): null

2023-10-06 12:26:41 - [TEST_STEP][PASSED] - select = new org.openqa.selenium.support.ui.Select(com.kms.katalon.core.webui.driver.DriverFactory.getWebDriver().findElement(org.openqa.selenium.By.xpath(//select[@name="c"]))): null

2023-10-06 12:26:42 - [TEST_STEP][PASSED] - transfer = getFirstSelectedOption().getText(): null

2023-10-06 12:26:42 - [TEST_STEP][PASSED] - trans = transfer.split("-"): null

2023-10-06 12:26:42 - [TEST_STEP][PASSED] - transf = "": null

2023-10-06 12:26:42 - [TEST_STEP][PASSED] - for ([i = 0, i < length, (i++)]): null

2023-10-06 12:26:42 - [TEST_STEP][PASSED] - tf = trans[0].trim(): null

2023-10-06 12:26:42 - [TEST_STEP][PASSED] - transf = tf: null

2023-10-06 12:26:42 - [TEST_STEP][PASSED] - tf = trans[0].trim(): null

2023-10-06 12:26:42 - [TEST_STEP][PASSED] - transf = tf: null

2023-10-06 12:26:42 - [TEST_STEP][PASSED] - println(transf): null

2023-10-06 12:26:42 - [TEST_STEP][PASSED] - assert trim().equalsIgnoreCase(ttlBayar.trim()): null

2023-10-06 12:26:42 - [TEST_STEP][PASSED] - assert trim().equalsIgnoreCase(nmPengirim.trim()): null

2023-10-06 12:26:42 - [TEST_STEP][PASSED] - click(findTestObject("konfirmasi pesanan/button_Konfirmasi Pembayaran")): Object: 'Object Repository/konfirmasi pesanan/button_Konfirmasi Pembayaran' is clicked on

2023-10-06 12:26:44 - [MESSAGE][PASSED] - Object: 'Object Repository/konfirmasi pesanan/button_Konfirmasi Pembayaran' is clicked on

2023-10-06 12:26:44 - [TEST_STEP][PASSED] - verifyElementText(findTestObject("konfirmasi pesanan/verifikasi sukses melakukan pembayaran pesanan"), "Sukses Melakukan Konfirmasi Pembayaran Pesanan!"): Actual text and expected text of test object 'Object Repository/konfirmasi pesanan/verifikasi sukses melakukan pembayaran pesanan' are matched.

2023-10-06 12:26:45 - [MESSAGE][PASSED] - Actual text and expected text of test object 'Object Repository/konfirmasi pesanan/verifikasi sukses melakukan pembayaran pesanan' are matched.

2023-10-06 12:26:45 - [TEST_STEP][PASSED] - data.put("namaHasilInput", naamaPengirim): null

2023-10-06 12:26:45 - [TEST_STEP][PASSED] - data.put("date", tanggal): null

2023-10-06 12:26:45 - [TEST_STEP][PASSED] - data.put("noRekening", transf): null

2023-10-06 12:26:45 - [TEST_STEP][PASSED] - data.put("inputJmlTf", totalBayar): null

2023-10-06 12:26:45 - [TEST_STEP][PASSED] - return data: null

2023-10-06 12:26:45 - [MESSAGE][PASSED] - Call Test Case 'Test Cases/T08 - Konfirmasi Pesanan/TC-KS-001' successfully

2023-10-06 12:26:45 - [TEST_STEP][PASSED] - nopesanan = data.get("invoice"): null

2023-10-06 12:26:45 - [TEST_STEP][PASSED] - println(nopesanan): null

2023-10-06 12:26:45 - [TEST_STEP][PASSED] - count = data.get("totalBayar"): null

2023-10-06 12:26:45 - [TEST_STEP][PASSED] - namaInput = data.get("namaHasilInput"): null

2023-10-06 12:26:45 - [TEST_STEP][PASSED] - date = data.get("date"): null

2023-10-06 12:26:45 - [TEST_STEP][PASSED] - tujuanTf = data.get("noRekening"): null

2023-10-06 12:26:45 - [TEST_STEP][PASSED] - jmlTF = data.get("inputJmlTf"): null

2023-10-06 12:26:45 - [TEST_STEP][PASSED] - navigateToUrl("https://10.9.2.63/ecommerce/administrator/"): Navigate to 'https://10.9.2.63/ecommerce/administrator/' successfully

2023-10-06 12:26:46 - [MESSAGE][PASSED] - Navigate to 'https://10.9.2.63/ecommerce/administrator/' successfully

2023-10-06 12:26:46 - [TEST_STEP][PASSED] - verifyElementPresent(findTestObject("halaman admin/verifikasi masuk masuk website admin"), 0): Object 'Object Repository/halaman admin/verifikasi masuk masuk website admin' is present

2023-10-06 12:26:46 - [MESSAGE][WARNING] - Timeout '0' is invalid. Using default page load timeout: '30'

2023-10-06 12:26:46 - [MESSAGE][PASSED] - Object 'Object Repository/halaman admin/verifikasi masuk masuk website admin' is present

2023-10-06 12:26:46 - [TEST_STEP][PASSED] - setText(findTestObject("halaman admin/input_ADMIN_a"), "admin"): Text 'admin' is set on object 'Object Repository/halaman admin/input_ADMIN_a'

2023-10-06 12:26:47 - [MESSAGE][PASSED] - Text 'admin' is set on object 'Object Repository/halaman admin/input_ADMIN_a'

2023-10-06 12:26:47 - [TEST_STEP][PASSED] - setEncryptedText(findTestObject("halaman admin/input_ADMIN_password"), "374mkdZ/lqyNS21oH+MJZQ=="): Text ****** has been set on object 'Object Repository/halaman admin/input_ADMIN_password'

2023-10-06 12:26:48 - [MESSAGE][PASSED] - Text ****** has been set on object 'Object Repository/halaman admin/input_ADMIN_password'

2023-10-06 12:26:48 - [TEST_STEP][PASSED] - delay(10): Delayed 10 second(s)

2023-10-06 12:26:58 - [MESSAGE][PASSED] - Delayed 10 second(s)

2023-10-06 12:26:58 - [TEST_STEP][PASSED] - click(findTestObject("halaman admin/input_login admin")): Object: 'Object Repository/halaman admin/input_login admin' is clicked on

2023-10-06 12:27:00 - [MESSAGE][PASSED] - Object: 'Object Repository/halaman admin/input_login admin' is clicked on

2023-10-06 12:27:00 - [TEST_STEP][PASSED] - verifyElementPresent(findTestObject("halaman admin/VERIFIKASI MASUK DASHBORD ADMIN"), 0): Object 'Object Repository/halaman admin/VERIFIKASI MASUK DASHBORD ADMIN' is present

2023-10-06 12:27:01 - [MESSAGE][WARNING] - Timeout '0' is invalid. Using default page load timeout: '30'

2023-10-06 12:27:06 - [MESSAGE][PASSED] - Object 'Object Repository/halaman admin/VERIFIKASI MASUK DASHBORD ADMIN' is present

2023-10-06 12:27:06 - [TEST_STEP][PASSED] - click(findTestObject("halaman admin/a_Transaksi Market")): Object: 'Object Repository/halaman admin/a_Transaksi Market' is clicked on

2023-10-06 12:27:07 - [MESSAGE][PASSED] - Object: 'Object Repository/halaman admin/a_Transaksi Market' is clicked on

2023-10-06 12:27:07 - [TEST_STEP][PASSED] - click(findTestObject("konfirmasi order konsumen/MENU Konf. Order Konsumen")): Object: 'Object Repository/konfirmasi order konsumen/MENU Konf. Order Konsumen' is clicked on

2023-10-06 12:27:09 - [MESSAGE][PASSED] - Object: 'Object Repository/konfirmasi order konsumen/MENU Konf. Order Konsumen' is clicked on

2023-10-06 12:27:09 - [TEST_STEP][PASSED] - verifyElementPresent(findTestObject("konfirmasi order konsumen/HALAMAN Data Konfirmasi Pembayaran Konsumen"), 0): Object 'Object Repository/konfirmasi order konsumen/HALAMAN Data Konfirmasi Pembayaran Konsumen' is present

2023-10-06 12:27:09 - [MESSAGE][WARNING] - Timeout '0' is invalid. Using default page load timeout: '30'

2023-10-06 12:27:16 - [MESSAGE][PASSED] - Object 'Object Repository/konfirmasi order konsumen/HALAMAN Data Konfirmasi Pembayaran Konsumen' is present

2023-10-06 12:27:16 - [TEST_STEP][PASSED] - click(findTestObject("konfirmasi order konsumen/input_Search_ DI KON PEMBAYARAN")): Object: 'Object Repository/konfirmasi order konsumen/input_Search_ DI KON PEMBAYARAN' is clicked on

2023-10-06 12:27:17 - [MESSAGE][PASSED] - Object: 'Object Repository/konfirmasi order konsumen/input_Search_ DI KON PEMBAYARAN' is clicked on

2023-10-06 12:27:17 - [TEST_STEP][PASSED] - setText(findTestObject("konfirmasi order konsumen/input_Search_ DI KON PEMBAYARAN"), nopesanan): Text 'TRX91.20231006122618' is set on object 'Object Repository/konfirmasi order konsumen/input_Search_ DI KON PEMBAYARAN'

2023-10-06 12:27:18 - [MESSAGE][PASSED] - Text 'TRX91.20231006122618' is set on object 'Object Repository/konfirmasi order konsumen/input_Search_ DI KON PEMBAYARAN'

2023-10-06 12:27:18 - [TEST_STEP][PASSED] - Uangtf = getText(findTestObject("Object Repository/konfirmasi order konsumen/UANG YANG di transfer")): Text of object 'Object Repository/konfirmasi order konsumen/UANG YANG di transfer' is: '17,364'

2023-10-06 12:27:19 - [MESSAGE][PASSED] - Text of object 'Object Repository/konfirmasi order konsumen/UANG YANG di transfer' is: '17,364'

2023-10-06 12:27:19 - [TEST_STEP][PASSED] - name = getText(findTestObject("Object Repository/konfirmasi order konsumen/nama yang tf")): Text of object 'Object Repository/konfirmasi order konsumen/nama yang tf' is: 'runarun'

2023-10-06 12:27:19 - [MESSAGE][PASSED] - Text of object 'Object Repository/konfirmasi order konsumen/nama yang tf' is: 'runarun'

2023-10-06 12:27:19 - [TEST_STEP][PASSED] - rekening = getText(findTestObject("Object Repository/konfirmasi order konsumen/ke rekening")): Text of object 'Object Repository/konfirmasi order konsumen/ke rekening' is: 'Bank Mandiri Syariah'

2023-10-06 12:27:20 - [MESSAGE][PASSED] - Text of object 'Object Repository/konfirmasi order konsumen/ke rekening' is: 'Bank Mandiri Syariah'

2023-10-06 12:27:20 - [TEST_STEP][PASSED] - waktu = getText(findTestObject("Object Repository/konfirmasi order konsumen/tanggal transfer")): Text of object 'Object Repository/konfirmasi order konsumen/tanggal transfer' is: '06 Okt 2023'

2023-10-06 12:27:21 - [MESSAGE][PASSED] - Text of object 'Object Repository/konfirmasi order konsumen/tanggal transfer' is: '06 Okt 2023'

2023-10-06 12:27:21 - [TEST_STEP][PASSED] - click(findTestObject("halaman admin/new bukti tf di halaman order konsumen")): Object: 'Object Repository/halaman admin/new bukti tf di halaman order konsumen' is clicked on

2023-10-06 12:27:27 - [MESSAGE][PASSED] - Object: 'Object Repository/halaman admin/new bukti tf di halaman order konsumen' is clicked on

2023-10-06 12:27:27 - [TEST_STEP][PASSED] - delay(10): Delayed 10 second(s)

2023-10-06 12:27:37 - [MESSAGE][PASSED] - Delayed 10 second(s)

2023-10-06 12:27:37 - [TEST_STEP][PASSED] - loc = new java.util.Locale(id, ID): null

2023-10-06 12:27:37 - [TEST_STEP][PASSED] - sdf = new java.text.SimpleDateFormat(dd MMM yyyy, loc): null

2023-10-06 12:27:37 - [TEST_STEP][PASSED] - parseDate = null: null

2023-10-06 12:27:37 - [TEST_STEP][PASSED] - SentDate = waktu: null

2023-10-06 12:27:37 - [TEST_STEP][PASSED] - parseDate = sdf.parse(SentDate): null

2023-10-06 12:27:37 - [TEST_STEP][PASSED] - print = new java.text.SimpleDateFormat(yyyy-MM-dd, loc): null

2023-10-06 12:27:37 - [TEST_STEP][PASSED] - tanggal = print.format(parseDate): null

2023-10-06 12:27:37 - [TEST_STEP][PASSED] - println(tanggal): null

2023-10-06 12:27:37 - [TEST_STEP][PASSED] - status = getText(findTestObject("Object Repository/konfirmasi order konsumen/keterangan lunas apa pending")): Text of object 'Object Repository/konfirmasi order konsumen/keterangan lunas apa pending' is: 'Lunas'

2023-10-06 12:27:38 - [MESSAGE][PASSED] - Text of object 'Object Repository/konfirmasi order konsumen/keterangan lunas apa pending' is: 'Lunas'

2023-10-06 12:27:38 - [TEST_STEP][PASSED] - berkas1 = getAttribute(findTestObject("Object Repository/halaman admin/new bukti tf di halaman order konsumen"), "href").split("/"): Attribute 'href' of object 'Object Repository/halaman admin/new bukti tf di halaman order konsumen' is: 'https://10.9.2.63/ecommerce/reseller/download/transfer93.jpg'

2023-10-06 12:27:38 - [MESSAGE][PASSED] - Attribute 'href' of object 'Object Repository/halaman admin/new bukti tf di halaman order konsumen' is: 'https://10.9.2.63/ecommerce/reseller/download/transfer93.jpg'

2023-10-06 12:27:38 - [TEST_STEP][PASSED] - println(berkas1): null

2023-10-06 12:27:38 - [TEST_STEP][PASSED] - berkasUrl = berkas1[berkas1.size() - 1]: null

2023-10-06 12:27:38 - [TEST_STEP][PASSED] - println(berkasUrl): null

2023-10-06 12:27:38 - [TEST_STEP][PASSED] - downloadFolder = new java.io.File(C:\Users\USER\Downloads): null

2023-10-06 12:27:38 - [TEST_STEP][PASSED] - namesOfFiles = Arrays.asList(downloadFolder.list()): null

2023-10-06 12:27:38 - [TEST_STEP][PASSED] - assert namesOfFiles.contains(berkasUrl): null

2023-10-06 12:27:38 - [TEST_STEP][PASSED] - assert count == Uangtf: null

2023-10-06 12:27:38 - [TEST_STEP][PASSED] - assert namaInput == name: null

2023-10-06 12:27:38 - [TEST_STEP][PASSED] - assert tujuanTf == rekening: null

2023-10-06 12:27:38 - [TEST_STEP][PASSED] - assert date == tanggal: null

2023-10-06 12:27:38 - [TEST_STEP][PASSED] - assert status == "Lunas": null]]></system-out>
         <system-err><![CDATA[]]></system-err>
      </testcase>
      <testcase name="Test Cases/T08 - Konfirmasi Pesanan/TC-AK-005" time="85.532" classname="Test Cases/T08 - Konfirmasi Pesanan/TC-AK-005" status="PASSED">
         <system-out><![CDATA[2023-10-06 12:27:39 - [TEST_CASE][PASSED] - Test Cases/T08 - Konfirmasi Pesanan/TC-AK-005: Test Cases/T08 - Konfirmasi Pesanan/TC-AK-005

2023-10-06 12:27:40 - [TEST_STEP][PASSED] - data1 = callTestCase(findTestCase("T08 - Konfirmasi Pesanan/TC-OS-002"), ["Roda":"2", "MetodePembayaran":"saldo"], STOP_ON_FAILURE): Call Test Case 'Test Cases/T08 - Konfirmasi Pesanan/TC-OS-002' successfully

2023-10-06 12:27:41 - [TEST_CASE][PASSED] - Test Cases/T08 - Konfirmasi Pesanan/TC-OS-002: Test Cases/T08 - Konfirmasi Pesanan/TC-OS-002

2023-10-06 12:27:41 - [TEST_STEP][PASSED] - callTestCase(findTestCase("T08 - Konfirmasi Pesanan/TC-LS-001"), [:], STOP_ON_FAILURE): Call Test Case 'Test Cases/T08 - Konfirmasi Pesanan/TC-LS-001' successfully

2023-10-06 12:27:41 - [TEST_CASE][PASSED] - Test Cases/T08 - Konfirmasi Pesanan/TC-LS-001: Test Cases/T08 - Konfirmasi Pesanan/TC-LS-001

2023-10-06 12:27:41 - [TEST_STEP][PASSED] - openBrowser(urlWeb): Browser is opened with url: 'https://10.9.2.63/ecommerce/'

2023-10-06 12:27:41 - [MESSAGE][WARNING] - A browser is already opened. Closing browser and opening a new one

2023-10-06 12:27:46 - [MESSAGE][INFO] - Starting 'Firefox' driver

2023-10-06 12:27:46 - [MESSAGE][INFO] - User set preference: ['args', '[window-size=1500,1000, ignore-certificate-errors, UnexpectedAlertBehaviour=ignore]']

2023-10-06 12:27:46 - [MESSAGE][INFO] - Action delay is set to 0 milliseconds

2023-10-06 12:27:55 - [MESSAGE][PASSED] - Browser is opened with url: 'https://10.9.2.63/ecommerce/'

2023-10-06 12:27:55 - [TEST_STEP][PASSED] - maximizeWindow(): Current window maximized

2023-10-06 12:27:55 - [MESSAGE][PASSED] - Current window maximized

2023-10-06 12:27:55 - [TEST_STEP][PASSED] - click(findTestObject("Login/a_Login")): Object: 'Object Repository/Login/a_Login' is clicked on

2023-10-06 12:27:57 - [MESSAGE][PASSED] - Object: 'Object Repository/Login/a_Login' is clicked on

2023-10-06 12:27:57 - [TEST_STEP][PASSED] - setText(findTestObject("Login/input_Username, Email atau No. Handphone_a"), "runa36"): Text 'runa36' is set on object 'Object Repository/Login/input_Username, Email atau No. Handphone_a'

2023-10-06 12:27:58 - [MESSAGE][PASSED] - Text 'runa36' is set on object 'Object Repository/Login/input_Username, Email atau No. Handphone_a'

2023-10-06 12:27:58 - [TEST_STEP][PASSED] - setEncryptedText(findTestObject("Login/input_Password di Login(Masuk)"), "qbkrdMwyWE4="): Text ****** has been set on object 'Object Repository/Login/input_Password di Login(Masuk)'

2023-10-06 12:27:59 - [MESSAGE][PASSED] - Text ****** has been set on object 'Object Repository/Login/input_Password di Login(Masuk)'

2023-10-06 12:27:59 - [TEST_STEP][PASSED] - click(findTestObject("Login/button_Masuk di halaman login")): Object: 'Object Repository/Login/button_Masuk di halaman login' is clicked on

2023-10-06 12:28:00 - [MESSAGE][PASSED] - Object: 'Object Repository/Login/button_Masuk di halaman login' is clicked on

2023-10-06 12:28:00 - [TEST_STEP][PASSED] - verifyElementPresent(findTestObject("Pendaftaran/verifikasi MASUK di halaman Login"), 0): Object 'Object Repository/Pendaftaran/verifikasi MASUK di halaman Login' is present

2023-10-06 12:28:00 - [MESSAGE][WARNING] - Timeout '0' is invalid. Using default page load timeout: '30'

2023-10-06 12:28:01 - [MESSAGE][PASSED] - Object 'Object Repository/Pendaftaran/verifikasi MASUK di halaman Login' is present

2023-10-06 12:28:01 - [MESSAGE][PASSED] - Call Test Case 'Test Cases/T08 - Konfirmasi Pesanan/TC-LS-001' successfully

2023-10-06 12:28:01 - [TEST_STEP][PASSED] - sisaSaldo = replace(",", "").trim(): Text of object 'Object Repository/konfirmasi pesanan/sisa saldo rekening' is: 'Rp 1,423,480'

2023-10-06 12:28:02 - [MESSAGE][PASSED] - Text of object 'Object Repository/konfirmasi pesanan/sisa saldo rekening' is: 'Rp 1,423,480'

2023-10-06 12:28:02 - [TEST_STEP][PASSED] - println(sisaSaldo): null

2023-10-06 12:28:02 - [TEST_STEP][PASSED] - saldo = Integer.parseInt(sisaSaldo): null

2023-10-06 12:28:02 - [TEST_STEP][PASSED] - println(saldo): null

2023-10-06 12:28:02 - [TEST_STEP][PASSED] - setText(findTestObject("chekout/input aku mau belanja"), "acer"): Text 'acer' is set on object 'Object Repository/chekout/input aku mau belanja'

2023-10-06 12:28:03 - [MESSAGE][PASSED] - Text 'acer' is set on object 'Object Repository/chekout/input aku mau belanja'

2023-10-06 12:28:03 - [TEST_STEP][PASSED] - click(findTestObject("chekout/button_Cari di halaman tajalapak")): Object: 'Object Repository/chekout/button_Cari di halaman tajalapak' is clicked on

2023-10-06 12:28:04 - [MESSAGE][PASSED] - Object: 'Object Repository/chekout/button_Cari di halaman tajalapak' is clicked on

2023-10-06 12:28:04 - [TEST_STEP][PASSED] - click(findTestObject("chekout/NEW read more acer")): Object: 'Object Repository/chekout/NEW read more acer' is clicked on

2023-10-06 12:28:06 - [MESSAGE][PASSED] - Object: 'Object Repository/chekout/NEW read more acer' is clicked on

2023-10-06 12:28:06 - [TEST_STEP][PASSED] - click(findTestObject("chekout/button_Beli Sekarang di detail produk")): Object: 'Object Repository/chekout/button_Beli Sekarang di detail produk' is clicked on

2023-10-06 12:28:08 - [MESSAGE][PASSED] - Object: 'Object Repository/chekout/button_Beli Sekarang di detail produk' is clicked on

2023-10-06 12:28:08 - [TEST_STEP][PASSED] - verifyElementPresent(findTestObject("chekout/halaman keranjang belanja"), 0): Object 'Object Repository/chekout/halaman keranjang belanja' is present

2023-10-06 12:28:09 - [MESSAGE][WARNING] - Timeout '0' is invalid. Using default page load timeout: '30'

2023-10-06 12:28:10 - [MESSAGE][PASSED] - Object 'Object Repository/chekout/halaman keranjang belanja' is present

2023-10-06 12:28:10 - [TEST_STEP][PASSED] - click(findTestObject("chekout/button_Lanjut ke Pembayaran")): Object: 'Object Repository/chekout/button_Lanjut ke Pembayaran' is clicked on

2023-10-06 12:28:12 - [MESSAGE][PASSED] - Object: 'Object Repository/chekout/button_Lanjut ke Pembayaran' is clicked on

2023-10-06 12:28:12 - [TEST_STEP][PASSED] - selectOptionByValue(findTestObject("Object Repository/chekout/select_- Kirim via Kurir Lokal -Roda 2Roda 4"), Roda, false): All options with value '2' are selected in object 'Object Repository/chekout/select_- Kirim via Kurir Lokal -Roda 2Roda 4' 

2023-10-06 12:28:13 - [MESSAGE][PASSED] - All options with value '2' are selected in object 'Object Repository/chekout/select_- Kirim via Kurir Lokal -Roda 2Roda 4' 

2023-10-06 12:28:13 - [TEST_STEP][PASSED] - click(findTestObject("chekout/jenis kendaraan")): Object: 'Object Repository/chekout/jenis kendaraan' is clicked on

2023-10-06 12:28:14 - [MESSAGE][PASSED] - Object: 'Object Repository/chekout/jenis kendaraan' is clicked on

2023-10-06 12:28:14 - [TEST_STEP][PASSED] - if (toString().equalsIgnoreCase("transfer")): null

2023-10-06 12:28:14 - [TEST_STEP][PASSED] - else if (toString().equalsIgnoreCase("saldo")): Object 'Object Repository/co saldo akun/tf saldo akun' is checked

2023-10-06 12:28:14 - [TEST_STEP][PASSED] - check(findTestObject("Object Repository/co saldo akun/tf saldo akun")): Object 'Object Repository/co saldo akun/tf saldo akun' is checked

2023-10-06 12:28:15 - [MESSAGE][PASSED] - Object 'Object Repository/co saldo akun/tf saldo akun' is checked

2023-10-06 12:28:15 - [TEST_STEP][PASSED] - click(findTestObject("chekout/button_Proses Pembayaran")): Object: 'Object Repository/chekout/button_Proses Pembayaran' is clicked on

2023-10-06 12:28:21 - [MESSAGE][PASSED] - Object: 'Object Repository/chekout/button_Proses Pembayaran' is clicked on

2023-10-06 12:28:21 - [TEST_STEP][PASSED] - invoice = getText(findTestObject("Object Repository/co saldo akun/saldo akun no invoice")): Text of object 'Object Repository/co saldo akun/saldo akun no invoice' is: 'TRX91.20231006122816'

2023-10-06 12:28:23 - [MESSAGE][PASSED] - Text of object 'Object Repository/co saldo akun/saldo akun no invoice' is: 'TRX91.20231006122816'

2023-10-06 12:28:23 - [TEST_STEP][PASSED] - println(invoice): null

2023-10-06 12:28:23 - [TEST_STEP][PASSED] - penerima = getText(findTestObject("Object Repository/chekout/dikirim kepada sama dengan pengirim di tf di konfirmaasi bayar")): Text of object 'Object Repository/chekout/dikirim kepada sama dengan pengirim di tf di konfirmaasi bayar' is: 'runarun'

2023-10-06 12:28:23 - [MESSAGE][PASSED] - Text of object 'Object Repository/chekout/dikirim kepada sama dengan pengirim di tf di konfirmaasi bayar' is: 'runarun'

2023-10-06 12:28:23 - [TEST_STEP][PASSED] - println(penerima): null

2023-10-06 12:28:23 - [TEST_STEP][PASSED] - total = getText(findTestObject("Object Repository/chekout/total harga bayar")): Text of object 'Object Repository/chekout/total harga bayar' is: '17,562'

2023-10-06 12:28:24 - [MESSAGE][PASSED] - Text of object 'Object Repository/chekout/total harga bayar' is: '17,562'

2023-10-06 12:28:24 - [TEST_STEP][PASSED] - println(total): null

2023-10-06 12:28:24 - [TEST_STEP][PASSED] - total1 = replace(",", "").trim(): null

2023-10-06 12:28:24 - [TEST_STEP][PASSED] - totalHarga = Integer.parseInt(total1): null

2023-10-06 12:28:24 - [TEST_STEP][PASSED] - println(totalHarga): null

2023-10-06 12:28:24 - [TEST_STEP][PASSED] - ongkir = getText(findTestObject("Object Repository/co saldo akun/ongkir")): Text of object 'Object Repository/co saldo akun/ongkir' is: 'Rp 13,000'

2023-10-06 12:28:24 - [MESSAGE][PASSED] - Text of object 'Object Repository/co saldo akun/ongkir' is: 'Rp 13,000'

2023-10-06 12:28:24 - [TEST_STEP][PASSED] - ongkir1 = replace(",", "").trim(): null

2023-10-06 12:28:24 - [TEST_STEP][PASSED] - ongkosKirim = Integer.parseInt(ongkir1): null

2023-10-06 12:28:24 - [TEST_STEP][PASSED] - println(ongkosKirim): null

2023-10-06 12:28:24 - [TEST_STEP][PASSED] - admin = getText(findTestObject("Object Repository/co saldo akun/fee admin")): Text of object 'Object Repository/co saldo akun/fee admin' is: 'Rp 1,500'

2023-10-06 12:28:25 - [MESSAGE][PASSED] - Text of object 'Object Repository/co saldo akun/fee admin' is: 'Rp 1,500'

2023-10-06 12:28:25 - [TEST_STEP][PASSED] - admin1 = replace(",", "").trim(): null

2023-10-06 12:28:25 - [TEST_STEP][PASSED] - Badmin = Integer.parseInt(admin1): null

2023-10-06 12:28:25 - [TEST_STEP][PASSED] - println(Badmin): null

2023-10-06 12:28:25 - [TEST_STEP][PASSED] - sub = getText(findTestObject("Object Repository/co saldo akun/subtotal")): Text of object 'Object Repository/co saldo akun/subtotal' is: 'Rp 2,246'

2023-10-06 12:28:26 - [MESSAGE][PASSED] - Text of object 'Object Repository/co saldo akun/subtotal' is: 'Rp 2,246'

2023-10-06 12:28:26 - [TEST_STEP][PASSED] - sub1 = replace(",", "").trim(): null

2023-10-06 12:28:26 - [TEST_STEP][PASSED] - subtotal = Integer.parseInt(sub1): null

2023-10-06 12:28:26 - [TEST_STEP][PASSED] - println(subtotal): null

2023-10-06 12:28:26 - [TEST_STEP][PASSED] - tOng = ongkosKirim + subtotal: null

2023-10-06 12:28:26 - [TEST_STEP][PASSED] - println(tOng): null

2023-10-06 12:28:26 - [TEST_STEP][PASSED] - unik = getText(findTestObject("Object Repository/co saldo akun/kode unik")): Text of object 'Object Repository/co saldo akun/kode unik' is: '+816'

2023-10-06 12:28:26 - [MESSAGE][PASSED] - Text of object 'Object Repository/co saldo akun/kode unik' is: '+816'

2023-10-06 12:28:26 - [TEST_STEP][PASSED] - unik1 = replace("+", "").trim(): null

2023-10-06 12:28:26 - [TEST_STEP][PASSED] - kode = Integer.parseInt(unik1): null

2023-10-06 12:28:26 - [TEST_STEP][PASSED] - println(kode): null

2023-10-06 12:28:26 - [TEST_STEP][PASSED] - totalBayar = ongkosKirim + Badmin + subtotal + kode: null

2023-10-06 12:28:26 - [TEST_STEP][PASSED] - println(totalBayar): null

2023-10-06 12:28:26 - [TEST_STEP][PASSED] - assert totalBayar == totalHarga: null

2023-10-06 12:28:26 - [TEST_STEP][PASSED] - TotalSaldo = saldo - totalBayar: null

2023-10-06 12:28:26 - [TEST_STEP][PASSED] - println(TotalSaldo): null

2023-10-06 12:28:26 - [TEST_STEP][PASSED] - click(findTestObject("Object Repository/konfirmasi pesanan/a_Akun 0")): Object: 'Object Repository/konfirmasi pesanan/a_Akun 0' is clicked on

2023-10-06 12:28:27 - [MESSAGE][PASSED] - Object: 'Object Repository/konfirmasi pesanan/a_Akun 0' is clicked on

2023-10-06 12:28:27 - [TEST_STEP][PASSED] - click(findTestObject("Object Repository/konfirmasi pesanan/a_Profile")): Object: 'Object Repository/konfirmasi pesanan/a_Profile' is clicked on

2023-10-06 12:28:28 - [MESSAGE][PASSED] - Object: 'Object Repository/konfirmasi pesanan/a_Profile' is clicked on

2023-10-06 12:28:28 - [TEST_STEP][PASSED] - SiSaldo = replace(",", "").trim(): Text of object 'Object Repository/konfirmasi pesanan/sisa saldo rekening' is: 'Rp 1,405,918'

2023-10-06 12:28:29 - [MESSAGE][PASSED] - Text of object 'Object Repository/konfirmasi pesanan/sisa saldo rekening' is: 'Rp 1,405,918'

2023-10-06 12:28:29 - [TEST_STEP][PASSED] - println(SiSaldo): null

2023-10-06 12:28:29 - [TEST_STEP][PASSED] - saldo1 = Integer.parseInt(SiSaldo): null

2023-10-06 12:28:29 - [TEST_STEP][PASSED] - println(saldo1): null

2023-10-06 12:28:29 - [TEST_STEP][PASSED] - assert saldo1 == TotalSaldo: null

2023-10-06 12:28:29 - [TEST_STEP][PASSED] - data1 = new java.util.HashMap(): null

2023-10-06 12:28:29 - [TEST_STEP][PASSED] - data1.put("invoice", invoice): null

2023-10-06 12:28:29 - [TEST_STEP][PASSED] - data1.put("nmPengirim", penerima): null

2023-10-06 12:28:29 - [TEST_STEP][PASSED] - data1.put("hargaBayar", total): null

2023-10-06 12:28:29 - [TEST_STEP][PASSED] - data1.put("totalOngkir", tOng): null

2023-10-06 12:28:29 - [TEST_STEP][PASSED] - return data1: null

2023-10-06 12:28:29 - [MESSAGE][PASSED] - Call Test Case 'Test Cases/T08 - Konfirmasi Pesanan/TC-OS-002' successfully

2023-10-06 12:28:29 - [TEST_STEP][PASSED] - inv = data1.get("invoice"): null

2023-10-06 12:28:29 - [TEST_STEP][PASSED] - namaPengirim = data1.get("nmPengirim"): null

2023-10-06 12:28:29 - [TEST_STEP][PASSED] - tOng = data1.get("totalOngkir"): null

2023-10-06 12:28:29 - [TEST_STEP][PASSED] - navigateToUrl("https://10.9.2.63/ecommerce/administrator/"): Navigate to 'https://10.9.2.63/ecommerce/administrator/' successfully

2023-10-06 12:28:30 - [MESSAGE][PASSED] - Navigate to 'https://10.9.2.63/ecommerce/administrator/' successfully

2023-10-06 12:28:30 - [TEST_STEP][PASSED] - setText(findTestObject("halaman admin/input_ADMIN_a"), "admin"): Text 'admin' is set on object 'Object Repository/halaman admin/input_ADMIN_a'

2023-10-06 12:28:31 - [MESSAGE][PASSED] - Text 'admin' is set on object 'Object Repository/halaman admin/input_ADMIN_a'

2023-10-06 12:28:31 - [TEST_STEP][PASSED] - setEncryptedText(findTestObject("halaman admin/input_ADMIN_password"), "374mkdZ/lqyNS21oH+MJZQ=="): Text ****** has been set on object 'Object Repository/halaman admin/input_ADMIN_password'

2023-10-06 12:28:32 - [MESSAGE][PASSED] - Text ****** has been set on object 'Object Repository/halaman admin/input_ADMIN_password'

2023-10-06 12:28:32 - [TEST_STEP][PASSED] - delay(10): Delayed 10 second(s)

2023-10-06 12:28:42 - [MESSAGE][PASSED] - Delayed 10 second(s)

2023-10-06 12:28:42 - [TEST_STEP][PASSED] - click(findTestObject("halaman admin/input_login admin")): Object: 'Object Repository/halaman admin/input_login admin' is clicked on

2023-10-06 12:28:44 - [MESSAGE][PASSED] - Object: 'Object Repository/halaman admin/input_login admin' is clicked on

2023-10-06 12:28:44 - [TEST_STEP][PASSED] - verifyElementPresent(findTestObject("halaman admin/VERIFIKASI MASUK DASHBORD ADMIN"), 0): Object 'Object Repository/halaman admin/VERIFIKASI MASUK DASHBORD ADMIN' is present

2023-10-06 12:28:44 - [MESSAGE][WARNING] - Timeout '0' is invalid. Using default page load timeout: '30'

2023-10-06 12:28:50 - [MESSAGE][PASSED] - Object 'Object Repository/halaman admin/VERIFIKASI MASUK DASHBORD ADMIN' is present

2023-10-06 12:28:50 - [TEST_STEP][PASSED] - click(findTestObject("halaman admin/a_Transaksi Market")): Object: 'Object Repository/halaman admin/a_Transaksi Market' is clicked on

2023-10-06 12:28:51 - [MESSAGE][PASSED] - Object: 'Object Repository/halaman admin/a_Transaksi Market' is clicked on

2023-10-06 12:28:51 - [TEST_STEP][PASSED] - click(findTestObject("halaman admin/a_Penjualan ke Konsumen")): Object: 'Object Repository/halaman admin/a_Penjualan ke Konsumen' is clicked on

2023-10-06 12:28:54 - [MESSAGE][PASSED] - Object: 'Object Repository/halaman admin/a_Penjualan ke Konsumen' is clicked on

2023-10-06 12:28:54 - [TEST_STEP][PASSED] - verifyElementPresent(findTestObject("halaman admin/VERIFIKASI MASUK KE penjual ke konsumen"), 0): Object 'Object Repository/halaman admin/VERIFIKASI MASUK KE penjual ke konsumen' is present

2023-10-06 12:28:55 - [MESSAGE][WARNING] - Timeout '0' is invalid. Using default page load timeout: '30'

2023-10-06 12:29:00 - [MESSAGE][PASSED] - Object 'Object Repository/halaman admin/VERIFIKASI MASUK KE penjual ke konsumen' is present

2023-10-06 12:29:00 - [TEST_STEP][PASSED] - click(findTestObject("halaman admin/search di penjual ke konsumen")): Object: 'Object Repository/halaman admin/search di penjual ke konsumen' is clicked on

2023-10-06 12:29:01 - [MESSAGE][PASSED] - Object: 'Object Repository/halaman admin/search di penjual ke konsumen' is clicked on

2023-10-06 12:29:01 - [TEST_STEP][PASSED] - setText(findTestObject("halaman admin/search di penjual ke konsumen"), inv): Text 'TRX91.20231006122816' is set on object 'Object Repository/halaman admin/search di penjual ke konsumen'

2023-10-06 12:29:02 - [MESSAGE][PASSED] - Text 'TRX91.20231006122816' is set on object 'Object Repository/halaman admin/search di penjual ke konsumen'

2023-10-06 12:29:02 - [TEST_STEP][PASSED] - status = getText(findTestObject("Object Repository/halaman admin/td_Pending")): Text of object 'Object Repository/halaman admin/td_Pending' is: 'Konfirmasi'

2023-10-06 12:29:03 - [MESSAGE][PASSED] - Text of object 'Object Repository/halaman admin/td_Pending' is: 'Konfirmasi'

2023-10-06 12:29:03 - [TEST_STEP][PASSED] - println(status): null

2023-10-06 12:29:03 - [TEST_STEP][PASSED] - totalOng = getText(findTestObject("Object Repository/halaman admin/td_Rp 15,246 (1 Produk)")): Text of object 'Object Repository/halaman admin/td_Rp 15,246 (1 Produk)' is: 'Rp 15,246 (1 Produk)'

2023-10-06 12:29:04 - [MESSAGE][PASSED] - Text of object 'Object Repository/halaman admin/td_Rp 15,246 (1 Produk)' is: 'Rp 15,246 (1 Produk)'

2023-10-06 12:29:04 - [TEST_STEP][PASSED] - println(totalOng): null

2023-10-06 12:29:04 - [TEST_STEP][PASSED] - harga = trim().replace(",", ""): null

2023-10-06 12:29:04 - [TEST_STEP][PASSED] - Harga1 = Integer.parseInt(harga): null

2023-10-06 12:29:04 - [TEST_STEP][PASSED] - println(harga): null

2023-10-06 12:29:04 - [TEST_STEP][PASSED] - konsumen = getText(findTestObject("Object Repository/halaman admin/KONSUMEN DI PENJUAL KE KONSUMEN")): Text of object 'Object Repository/halaman admin/KONSUMEN DI PENJUAL KE KONSUMEN' is: 'runarun'

2023-10-06 12:29:04 - [MESSAGE][PASSED] - Text of object 'Object Repository/halaman admin/KONSUMEN DI PENJUAL KE KONSUMEN' is: 'runarun'

2023-10-06 12:29:04 - [TEST_STEP][PASSED] - println(konsumen): null

2023-10-06 12:29:04 - [TEST_STEP][PASSED] - assert status == "Konfirmasi": null

2023-10-06 12:29:04 - [TEST_STEP][PASSED] - assert Harga1 == tOng: null

2023-10-06 12:29:04 - [TEST_STEP][PASSED] - assert konsumen == namaPengirim: null]]></system-out>
         <system-err><![CDATA[]]></system-err>
      </testcase>
      <testcase name="Test Cases/T08 - Konfirmasi Pesanan/TC-KF-001" time="57.399" classname="Test Cases/T08 - Konfirmasi Pesanan/TC-KF-001" status="PASSED">
         <system-out><![CDATA[2023-10-06 12:29:05 - [TEST_CASE][PASSED] - Test Cases/T08 - Konfirmasi Pesanan/TC-KF-001: Test Cases/T08 - Konfirmasi Pesanan/TC-KF-001

2023-10-06 12:29:06 - [TEST_STEP][PASSED] - data = callTestCase(findTestCase("T08 - Konfirmasi Pesanan/TC-OS-001"), ["Roda":"2", "MetodePembayaran":"transfer"], STOP_ON_FAILURE): Call Test Case 'Test Cases/T08 - Konfirmasi Pesanan/TC-OS-001' successfully

2023-10-06 12:29:06 - [TEST_CASE][PASSED] - Test Cases/T08 - Konfirmasi Pesanan/TC-OS-001: Test Cases/T08 - Konfirmasi Pesanan/TC-OS-001

2023-10-06 12:29:06 - [TEST_STEP][PASSED] - callTestCase(findTestCase("T08 - Konfirmasi Pesanan/TC-LS-001"), [:], STOP_ON_FAILURE): Call Test Case 'Test Cases/T08 - Konfirmasi Pesanan/TC-LS-001' successfully

2023-10-06 12:29:06 - [TEST_CASE][PASSED] - Test Cases/T08 - Konfirmasi Pesanan/TC-LS-001: Test Cases/T08 - Konfirmasi Pesanan/TC-LS-001

2023-10-06 12:29:06 - [TEST_STEP][PASSED] - openBrowser(urlWeb): Browser is opened with url: 'https://10.9.2.63/ecommerce/'

2023-10-06 12:29:06 - [MESSAGE][WARNING] - A browser is already opened. Closing browser and opening a new one

2023-10-06 12:29:09 - [MESSAGE][INFO] - Starting 'Firefox' driver

2023-10-06 12:29:09 - [MESSAGE][INFO] - User set preference: ['args', '[window-size=1500,1000, ignore-certificate-errors, UnexpectedAlertBehaviour=ignore]']

2023-10-06 12:29:09 - [MESSAGE][INFO] - Action delay is set to 0 milliseconds

2023-10-06 12:29:19 - [MESSAGE][PASSED] - Browser is opened with url: 'https://10.9.2.63/ecommerce/'

2023-10-06 12:29:19 - [TEST_STEP][PASSED] - maximizeWindow(): Current window maximized

2023-10-06 12:29:19 - [MESSAGE][PASSED] - Current window maximized

2023-10-06 12:29:19 - [TEST_STEP][PASSED] - click(findTestObject("Login/a_Login")): Object: 'Object Repository/Login/a_Login' is clicked on

2023-10-06 12:29:20 - [MESSAGE][PASSED] - Object: 'Object Repository/Login/a_Login' is clicked on

2023-10-06 12:29:20 - [TEST_STEP][PASSED] - setText(findTestObject("Login/input_Username, Email atau No. Handphone_a"), "runa36"): Text 'runa36' is set on object 'Object Repository/Login/input_Username, Email atau No. Handphone_a'

2023-10-06 12:29:21 - [MESSAGE][PASSED] - Text 'runa36' is set on object 'Object Repository/Login/input_Username, Email atau No. Handphone_a'

2023-10-06 12:29:21 - [TEST_STEP][PASSED] - setEncryptedText(findTestObject("Login/input_Password di Login(Masuk)"), "qbkrdMwyWE4="): Text ****** has been set on object 'Object Repository/Login/input_Password di Login(Masuk)'

2023-10-06 12:29:22 - [MESSAGE][PASSED] - Text ****** has been set on object 'Object Repository/Login/input_Password di Login(Masuk)'

2023-10-06 12:29:22 - [TEST_STEP][PASSED] - click(findTestObject("Login/button_Masuk di halaman login")): Object: 'Object Repository/Login/button_Masuk di halaman login' is clicked on

2023-10-06 12:29:23 - [MESSAGE][PASSED] - Object: 'Object Repository/Login/button_Masuk di halaman login' is clicked on

2023-10-06 12:29:23 - [TEST_STEP][PASSED] - verifyElementPresent(findTestObject("Pendaftaran/verifikasi MASUK di halaman Login"), 0): Object 'Object Repository/Pendaftaran/verifikasi MASUK di halaman Login' is present

2023-10-06 12:29:23 - [MESSAGE][WARNING] - Timeout '0' is invalid. Using default page load timeout: '30'

2023-10-06 12:29:24 - [MESSAGE][PASSED] - Object 'Object Repository/Pendaftaran/verifikasi MASUK di halaman Login' is present

2023-10-06 12:29:24 - [MESSAGE][PASSED] - Call Test Case 'Test Cases/T08 - Konfirmasi Pesanan/TC-LS-001' successfully

2023-10-06 12:29:24 - [TEST_STEP][PASSED] - setText(findTestObject("chekout/input aku mau belanja"), "acer"): Text 'acer' is set on object 'Object Repository/chekout/input aku mau belanja'

2023-10-06 12:29:25 - [MESSAGE][PASSED] - Text 'acer' is set on object 'Object Repository/chekout/input aku mau belanja'

2023-10-06 12:29:25 - [TEST_STEP][PASSED] - click(findTestObject("chekout/button_Cari di halaman tajalapak")): Object: 'Object Repository/chekout/button_Cari di halaman tajalapak' is clicked on

2023-10-06 12:29:27 - [MESSAGE][PASSED] - Object: 'Object Repository/chekout/button_Cari di halaman tajalapak' is clicked on

2023-10-06 12:29:27 - [TEST_STEP][PASSED] - click(findTestObject("chekout/NEW read more acer")): Object: 'Object Repository/chekout/NEW read more acer' is clicked on

2023-10-06 12:29:29 - [MESSAGE][PASSED] - Object: 'Object Repository/chekout/NEW read more acer' is clicked on

2023-10-06 12:29:29 - [TEST_STEP][PASSED] - click(findTestObject("chekout/button_Beli Sekarang di detail produk")): Object: 'Object Repository/chekout/button_Beli Sekarang di detail produk' is clicked on

2023-10-06 12:29:31 - [MESSAGE][PASSED] - Object: 'Object Repository/chekout/button_Beli Sekarang di detail produk' is clicked on

2023-10-06 12:29:31 - [TEST_STEP][PASSED] - verifyElementPresent(findTestObject("chekout/halaman keranjang belanja"), 0): Object 'Object Repository/chekout/halaman keranjang belanja' is present

2023-10-06 12:29:31 - [MESSAGE][WARNING] - Timeout '0' is invalid. Using default page load timeout: '30'

2023-10-06 12:29:32 - [MESSAGE][PASSED] - Object 'Object Repository/chekout/halaman keranjang belanja' is present

2023-10-06 12:29:32 - [TEST_STEP][PASSED] - click(findTestObject("chekout/button_Lanjut ke Pembayaran")): Object: 'Object Repository/chekout/button_Lanjut ke Pembayaran' is clicked on

2023-10-06 12:29:34 - [MESSAGE][PASSED] - Object: 'Object Repository/chekout/button_Lanjut ke Pembayaran' is clicked on

2023-10-06 12:29:34 - [TEST_STEP][PASSED] - selectOptionByValue(findTestObject("Object Repository/chekout/select_- Kirim via Kurir Lokal -Roda 2Roda 4"), Roda, false): All options with value '2' are selected in object 'Object Repository/chekout/select_- Kirim via Kurir Lokal -Roda 2Roda 4' 

2023-10-06 12:29:35 - [MESSAGE][PASSED] - All options with value '2' are selected in object 'Object Repository/chekout/select_- Kirim via Kurir Lokal -Roda 2Roda 4' 

2023-10-06 12:29:35 - [TEST_STEP][PASSED] - click(findTestObject("chekout/jenis kendaraan")): Object: 'Object Repository/chekout/jenis kendaraan' is clicked on

2023-10-06 12:29:36 - [MESSAGE][PASSED] - Object: 'Object Repository/chekout/jenis kendaraan' is clicked on

2023-10-06 12:29:36 - [TEST_STEP][PASSED] - if (toString().equalsIgnoreCase("transfer")): Object 'Object Repository/chekout/input metode tf bank' is checked

2023-10-06 12:29:36 - [TEST_STEP][PASSED] - check(findTestObject("chekout/input metode tf bank")): Object 'Object Repository/chekout/input metode tf bank' is checked

2023-10-06 12:29:37 - [MESSAGE][PASSED] - Object 'Object Repository/chekout/input metode tf bank' is checked

2023-10-06 12:29:37 - [TEST_STEP][PASSED] - click(findTestObject("chekout/button_Proses Pembayaran")): Object: 'Object Repository/chekout/button_Proses Pembayaran' is clicked on

2023-10-06 12:29:43 - [MESSAGE][PASSED] - Object: 'Object Repository/chekout/button_Proses Pembayaran' is clicked on

2023-10-06 12:29:43 - [TEST_STEP][PASSED] - noPesanan = getText(findTestObject("Object Repository/chekout/nomor invoice dari halaman menunggu pembayaran")): Text of object 'Object Repository/chekout/nomor invoice dari halaman menunggu pembayaran' is: 'TRX91.20231006122937'

2023-10-06 12:29:46 - [MESSAGE][PASSED] - Text of object 'Object Repository/chekout/nomor invoice dari halaman menunggu pembayaran' is: 'TRX91.20231006122937'

2023-10-06 12:29:46 - [TEST_STEP][PASSED] - println(noPesanan): null

2023-10-06 12:29:46 - [TEST_STEP][PASSED] - pengirim = getText(findTestObject("Object Repository/chekout/dikirim kepada sama dengan pengirim di tf di konfirmaasi bayar")): Text of object 'Object Repository/chekout/dikirim kepada sama dengan pengirim di tf di konfirmaasi bayar' is: 'runarun'

2023-10-06 12:29:46 - [MESSAGE][PASSED] - Text of object 'Object Repository/chekout/dikirim kepada sama dengan pengirim di tf di konfirmaasi bayar' is: 'runarun'

2023-10-06 12:29:46 - [TEST_STEP][PASSED] - totalharga = getText(findTestObject("Object Repository/chekout/total harga bayar")): Text of object 'Object Repository/chekout/total harga bayar' is: '17,683'

2023-10-06 12:29:47 - [MESSAGE][PASSED] - Text of object 'Object Repository/chekout/total harga bayar' is: '17,683'

2023-10-06 12:29:47 - [TEST_STEP][PASSED] - ongkir = getText(findTestObject("co saldo akun/new ongkir tf")): Text of object 'Object Repository/co saldo akun/new ongkir tf' is: 'Rp 13,000'

2023-10-06 12:29:47 - [MESSAGE][PASSED] - Text of object 'Object Repository/co saldo akun/new ongkir tf' is: 'Rp 13,000'

2023-10-06 12:29:47 - [TEST_STEP][PASSED] - ongkirr = replace(",", "").trim(): null

2023-10-06 12:29:47 - [TEST_STEP][PASSED] - ongkir1 = Integer.parseInt(ongkirr): null

2023-10-06 12:29:47 - [TEST_STEP][PASSED] - println(ongkir1): null

2023-10-06 12:29:47 - [TEST_STEP][PASSED] - biayaAdmin = getText(findTestObject("co saldo akun/new fee admin tf")): Text of object 'Object Repository/co saldo akun/new fee admin tf' is: 'Rp 1,500'

2023-10-06 12:29:48 - [MESSAGE][PASSED] - Text of object 'Object Repository/co saldo akun/new fee admin tf' is: 'Rp 1,500'

2023-10-06 12:29:48 - [TEST_STEP][PASSED] - bAdmin = replace(",", "").trim(): null

2023-10-06 12:29:48 - [TEST_STEP][PASSED] - Integer.parseInt(bAdmin): null

2023-10-06 12:29:48 - [TEST_STEP][PASSED] - Admin = Double.parseDouble(bAdmin): null

2023-10-06 12:29:48 - [TEST_STEP][PASSED] - println(Admin): null

2023-10-06 12:29:48 - [TEST_STEP][PASSED] - subtotal = getText(findTestObject("co saldo akun/new subtotal tf")): Text of object 'Object Repository/co saldo akun/new subtotal tf' is: 'Rp 2,246'

2023-10-06 12:29:48 - [MESSAGE][PASSED] - Text of object 'Object Repository/co saldo akun/new subtotal tf' is: 'Rp 2,246'

2023-10-06 12:29:48 - [TEST_STEP][PASSED] - subtotall = replace(",", "").trim(): null

2023-10-06 12:29:48 - [TEST_STEP][PASSED] - Integer.parseInt(subtotall): null

2023-10-06 12:29:48 - [TEST_STEP][PASSED] - sub = Double.parseDouble(subtotall): null

2023-10-06 12:29:48 - [TEST_STEP][PASSED] - println(sub): null

2023-10-06 12:29:48 - [TEST_STEP][PASSED] - kode = getText(findTestObject("co saldo akun/new kode unik tf")): Text of object 'Object Repository/co saldo akun/new kode unik tf' is: '+937'

2023-10-06 12:29:49 - [MESSAGE][PASSED] - Text of object 'Object Repository/co saldo akun/new kode unik tf' is: '+937'

2023-10-06 12:29:49 - [TEST_STEP][PASSED] - kodee = replace("+", "").trim(): null

2023-10-06 12:29:49 - [TEST_STEP][PASSED] - Integer.parseInt(kodee): null

2023-10-06 12:29:49 - [TEST_STEP][PASSED] - code = Double.parseDouble(kodee): null

2023-10-06 12:29:49 - [TEST_STEP][PASSED] - tOng = ongkir1 + sub: null

2023-10-06 12:29:49 - [TEST_STEP][PASSED] - println(tOng): null

2023-10-06 12:29:49 - [TEST_STEP][PASSED] - totalBayar = tOng + Admin + code: null

2023-10-06 12:29:49 - [TEST_STEP][PASSED] - println(totalBayar): null

2023-10-06 12:29:49 - [TEST_STEP][PASSED] - totalBayar1 = totalBayar: null

2023-10-06 12:29:49 - [TEST_STEP][PASSED] - println(totalBayar1): null

2023-10-06 12:29:49 - [TEST_STEP][PASSED] - total = getText(findTestObject("co saldo akun/new total harga tf")): Text of object 'Object Repository/co saldo akun/new total harga tf' is: '17,683'

2023-10-06 12:29:50 - [MESSAGE][PASSED] - Text of object 'Object Repository/co saldo akun/new total harga tf' is: '17,683'

2023-10-06 12:29:50 - [TEST_STEP][PASSED] - total1 = replace(",", "").trim(): null

2023-10-06 12:29:50 - [TEST_STEP][PASSED] - total2 = Integer.parseInt(total1): null

2023-10-06 12:29:50 - [TEST_STEP][PASSED] - println(total2): null

2023-10-06 12:29:50 - [TEST_STEP][PASSED] - assert totalBayar1 == total2: null

2023-10-06 12:29:50 - [TEST_STEP][PASSED] - data = new java.util.HashMap(): null

2023-10-06 12:29:50 - [TEST_STEP][PASSED] - data.put("invoice", noPesanan): null

2023-10-06 12:29:50 - [TEST_STEP][PASSED] - data.put("namaPengirim", pengirim): null

2023-10-06 12:29:50 - [TEST_STEP][PASSED] - data.put("totalBayar", totalharga): null

2023-10-06 12:29:50 - [TEST_STEP][PASSED] - data.put("totalOngkir", tOng): null

2023-10-06 12:29:50 - [TEST_STEP][PASSED] - return data: null

2023-10-06 12:29:50 - [MESSAGE][PASSED] - Call Test Case 'Test Cases/T08 - Konfirmasi Pesanan/TC-OS-001' successfully

2023-10-06 12:29:50 - [TEST_STEP][PASSED] - noPesanan = data.get("invoice"): null

2023-10-06 12:29:50 - [TEST_STEP][PASSED] - nmPengirim = data.get("namaPengirim"): null

2023-10-06 12:29:50 - [TEST_STEP][PASSED] - ttlBayar = data.get("totalBayar"): null

2023-10-06 12:29:50 - [TEST_STEP][PASSED] - click(findTestObject("konfirmasi pesanan/a_Akun 0")): Object: 'Object Repository/konfirmasi pesanan/a_Akun 0' is clicked on

2023-10-06 12:29:51 - [MESSAGE][PASSED] - Object: 'Object Repository/konfirmasi pesanan/a_Akun 0' is clicked on

2023-10-06 12:29:51 - [TEST_STEP][PASSED] - click(findTestObject("konfirmasi pesanan/a_Profile")): Object: 'Object Repository/konfirmasi pesanan/a_Profile' is clicked on

2023-10-06 12:29:52 - [MESSAGE][PASSED] - Object: 'Object Repository/konfirmasi pesanan/a_Profile' is clicked on

2023-10-06 12:29:52 - [TEST_STEP][PASSED] - click(findTestObject("konfirmasi pesanan/a_Pembelian")): Object: 'Object Repository/konfirmasi pesanan/a_Pembelian' is clicked on

2023-10-06 12:29:54 - [MESSAGE][PASSED] - Object: 'Object Repository/konfirmasi pesanan/a_Pembelian' is clicked on

2023-10-06 12:29:54 - [TEST_STEP][PASSED] - click(findTestObject("konfirmasi pesanan/new konfirmasi bayar")): Object: 'Object Repository/konfirmasi pesanan/new konfirmasi bayar' is clicked on

2023-10-06 12:29:56 - [MESSAGE][PASSED] - Object: 'Object Repository/konfirmasi pesanan/new konfirmasi bayar' is clicked on

2023-10-06 12:29:56 - [TEST_STEP][PASSED] - verifyElementPresent(findTestObject("konfirmasi pesanan/verifikasi user masuk halaman konfirmasi bayar dari akun profil"), 0): Object 'Object Repository/konfirmasi pesanan/verifikasi user masuk halaman konfirmasi bayar dari akun profil' is present

2023-10-06 12:29:56 - [MESSAGE][WARNING] - Timeout '0' is invalid. Using default page load timeout: '30'

2023-10-06 12:29:57 - [MESSAGE][PASSED] - Object 'Object Repository/konfirmasi pesanan/verifikasi user masuk halaman konfirmasi bayar dari akun profil' is present

2023-10-06 12:29:57 - [TEST_STEP][PASSED] - selectOptionByValue(findTestObject("Object Repository/konfirmasi pesanan/select dropdown trasfer"), transfer, false): All options with value '1' are selected in object 'Object Repository/konfirmasi pesanan/select dropdown trasfer' 

2023-10-06 12:29:58 - [MESSAGE][PASSED] - All options with value '1' are selected in object 'Object Repository/konfirmasi pesanan/select dropdown trasfer' 

2023-10-06 12:29:58 - [TEST_STEP][PASSED] - clearText(findTestObject("konfirmasi pesanan/input_Nama Pengirim_d")): Text of object 'Object Repository/konfirmasi pesanan/input_Nama Pengirim_d' is cleared

2023-10-06 12:29:58 - [MESSAGE][PASSED] - Text of object 'Object Repository/konfirmasi pesanan/input_Nama Pengirim_d' is cleared

2023-10-06 12:29:58 - [TEST_STEP][PASSED] - setText(findTestObject("konfirmasi pesanan/input_Nama Pengirim_d"), name): Text 'runarun' is set on object 'Object Repository/konfirmasi pesanan/input_Nama Pengirim_d'

2023-10-06 12:29:59 - [MESSAGE][PASSED] - Text 'runarun' is set on object 'Object Repository/konfirmasi pesanan/input_Nama Pengirim_d'

2023-10-06 12:29:59 - [TEST_STEP][PASSED] - clearText(findTestObject("konfirmasi pesanan/input_Tanggal Transfer_e")): Text of object 'Object Repository/konfirmasi pesanan/input_Tanggal Transfer_e' is cleared

2023-10-06 12:30:00 - [MESSAGE][PASSED] - Text of object 'Object Repository/konfirmasi pesanan/input_Tanggal Transfer_e' is cleared

2023-10-06 12:30:00 - [TEST_STEP][PASSED] - setText(findTestObject("konfirmasi pesanan/input_Tanggal Transfer_e"), tanggal): Text '2023-09-11' is set on object 'Object Repository/konfirmasi pesanan/input_Tanggal Transfer_e'

2023-10-06 12:30:01 - [MESSAGE][PASSED] - Text '2023-09-11' is set on object 'Object Repository/konfirmasi pesanan/input_Tanggal Transfer_e'

2023-10-06 12:30:01 - [TEST_STEP][PASSED] - click(findTestObject("konfirmasi pesanan/button_Konfirmasi Pembayaran")): Object: 'Object Repository/konfirmasi pesanan/button_Konfirmasi Pembayaran' is clicked on

2023-10-06 12:30:02 - [MESSAGE][PASSED] - Object: 'Object Repository/konfirmasi pesanan/button_Konfirmasi Pembayaran' is clicked on

2023-10-06 12:30:02 - [TEST_STEP][PASSED] - webDriver = getWebDriver(): null

2023-10-06 12:30:02 - [TEST_STEP][PASSED] - field_photo = webDriver.findElement(By.xpath("//input[@name="f"]")): null

2023-10-06 12:30:02 - [TEST_STEP][PASSED] - error_message = webDriver.executeScript("return arguments[0].validationMessage", field_photo): null

2023-10-06 12:30:02 - [TEST_STEP][PASSED] - println(error_message): null

2023-10-06 12:30:02 - [TEST_STEP][PASSED] - assert error_message == "Please select a file.": null]]></system-out>
         <system-err><![CDATA[]]></system-err>
      </testcase>
      <testcase name="Test Cases/T08 - Konfirmasi Pesanan/TC-KF-002" time="58.041" classname="Test Cases/T08 - Konfirmasi Pesanan/TC-KF-002" status="PASSED">
         <system-out><![CDATA[2023-10-06 12:30:03 - [TEST_CASE][PASSED] - Test Cases/T08 - Konfirmasi Pesanan/TC-KF-002: Test Cases/T08 - Konfirmasi Pesanan/TC-KF-002

2023-10-06 12:30:04 - [TEST_STEP][PASSED] - callTestCase(findTestCase("T08 - Konfirmasi Pesanan/TC-OS-001"), ["Roda":"2", "MetodePembayaran":"transfer"], STOP_ON_FAILURE): Call Test Case 'Test Cases/T08 - Konfirmasi Pesanan/TC-OS-001' successfully

2023-10-06 12:30:04 - [TEST_CASE][PASSED] - Test Cases/T08 - Konfirmasi Pesanan/TC-OS-001: Test Cases/T08 - Konfirmasi Pesanan/TC-OS-001

2023-10-06 12:30:04 - [TEST_STEP][PASSED] - callTestCase(findTestCase("T08 - Konfirmasi Pesanan/TC-LS-001"), [:], STOP_ON_FAILURE): Call Test Case 'Test Cases/T08 - Konfirmasi Pesanan/TC-LS-001' successfully

2023-10-06 12:30:04 - [TEST_CASE][PASSED] - Test Cases/T08 - Konfirmasi Pesanan/TC-LS-001: Test Cases/T08 - Konfirmasi Pesanan/TC-LS-001

2023-10-06 12:30:04 - [TEST_STEP][PASSED] - openBrowser(urlWeb): Browser is opened with url: 'https://10.9.2.63/ecommerce/'

2023-10-06 12:30:04 - [MESSAGE][WARNING] - A browser is already opened. Closing browser and opening a new one

2023-10-06 12:30:07 - [MESSAGE][INFO] - Starting 'Firefox' driver

2023-10-06 12:30:07 - [MESSAGE][INFO] - User set preference: ['args', '[window-size=1500,1000, ignore-certificate-errors, UnexpectedAlertBehaviour=ignore]']

2023-10-06 12:30:07 - [MESSAGE][INFO] - Action delay is set to 0 milliseconds

2023-10-06 12:30:16 - [MESSAGE][PASSED] - Browser is opened with url: 'https://10.9.2.63/ecommerce/'

2023-10-06 12:30:16 - [TEST_STEP][PASSED] - maximizeWindow(): Current window maximized

2023-10-06 12:30:16 - [MESSAGE][PASSED] - Current window maximized

2023-10-06 12:30:16 - [TEST_STEP][PASSED] - click(findTestObject("Login/a_Login")): Object: 'Object Repository/Login/a_Login' is clicked on

2023-10-06 12:30:17 - [MESSAGE][PASSED] - Object: 'Object Repository/Login/a_Login' is clicked on

2023-10-06 12:30:17 - [TEST_STEP][PASSED] - setText(findTestObject("Login/input_Username, Email atau No. Handphone_a"), "runa36"): Text 'runa36' is set on object 'Object Repository/Login/input_Username, Email atau No. Handphone_a'

2023-10-06 12:30:18 - [MESSAGE][PASSED] - Text 'runa36' is set on object 'Object Repository/Login/input_Username, Email atau No. Handphone_a'

2023-10-06 12:30:18 - [TEST_STEP][PASSED] - setEncryptedText(findTestObject("Login/input_Password di Login(Masuk)"), "qbkrdMwyWE4="): Text ****** has been set on object 'Object Repository/Login/input_Password di Login(Masuk)'

2023-10-06 12:30:18 - [MESSAGE][PASSED] - Text ****** has been set on object 'Object Repository/Login/input_Password di Login(Masuk)'

2023-10-06 12:30:18 - [TEST_STEP][PASSED] - click(findTestObject("Login/button_Masuk di halaman login")): Object: 'Object Repository/Login/button_Masuk di halaman login' is clicked on

2023-10-06 12:30:20 - [MESSAGE][PASSED] - Object: 'Object Repository/Login/button_Masuk di halaman login' is clicked on

2023-10-06 12:30:20 - [TEST_STEP][PASSED] - verifyElementPresent(findTestObject("Pendaftaran/verifikasi MASUK di halaman Login"), 0): Object 'Object Repository/Pendaftaran/verifikasi MASUK di halaman Login' is present

2023-10-06 12:30:20 - [MESSAGE][WARNING] - Timeout '0' is invalid. Using default page load timeout: '30'

2023-10-06 12:30:21 - [MESSAGE][PASSED] - Object 'Object Repository/Pendaftaran/verifikasi MASUK di halaman Login' is present

2023-10-06 12:30:21 - [MESSAGE][PASSED] - Call Test Case 'Test Cases/T08 - Konfirmasi Pesanan/TC-LS-001' successfully

2023-10-06 12:30:21 - [TEST_STEP][PASSED] - setText(findTestObject("chekout/input aku mau belanja"), "acer"): Text 'acer' is set on object 'Object Repository/chekout/input aku mau belanja'

2023-10-06 12:30:22 - [MESSAGE][PASSED] - Text 'acer' is set on object 'Object Repository/chekout/input aku mau belanja'

2023-10-06 12:30:22 - [TEST_STEP][PASSED] - click(findTestObject("chekout/button_Cari di halaman tajalapak")): Object: 'Object Repository/chekout/button_Cari di halaman tajalapak' is clicked on

2023-10-06 12:30:23 - [MESSAGE][PASSED] - Object: 'Object Repository/chekout/button_Cari di halaman tajalapak' is clicked on

2023-10-06 12:30:23 - [TEST_STEP][PASSED] - click(findTestObject("chekout/NEW read more acer")): Object: 'Object Repository/chekout/NEW read more acer' is clicked on

2023-10-06 12:30:25 - [MESSAGE][PASSED] - Object: 'Object Repository/chekout/NEW read more acer' is clicked on

2023-10-06 12:30:25 - [TEST_STEP][PASSED] - click(findTestObject("chekout/button_Beli Sekarang di detail produk")): Object: 'Object Repository/chekout/button_Beli Sekarang di detail produk' is clicked on

2023-10-06 12:30:28 - [MESSAGE][PASSED] - Object: 'Object Repository/chekout/button_Beli Sekarang di detail produk' is clicked on

2023-10-06 12:30:28 - [TEST_STEP][PASSED] - verifyElementPresent(findTestObject("chekout/halaman keranjang belanja"), 0): Object 'Object Repository/chekout/halaman keranjang belanja' is present

2023-10-06 12:30:28 - [MESSAGE][WARNING] - Timeout '0' is invalid. Using default page load timeout: '30'

2023-10-06 12:30:30 - [MESSAGE][PASSED] - Object 'Object Repository/chekout/halaman keranjang belanja' is present

2023-10-06 12:30:30 - [TEST_STEP][PASSED] - click(findTestObject("chekout/button_Lanjut ke Pembayaran")): Object: 'Object Repository/chekout/button_Lanjut ke Pembayaran' is clicked on

2023-10-06 12:30:31 - [MESSAGE][PASSED] - Object: 'Object Repository/chekout/button_Lanjut ke Pembayaran' is clicked on

2023-10-06 12:30:31 - [TEST_STEP][PASSED] - selectOptionByValue(findTestObject("Object Repository/chekout/select_- Kirim via Kurir Lokal -Roda 2Roda 4"), Roda, false): All options with value '2' are selected in object 'Object Repository/chekout/select_- Kirim via Kurir Lokal -Roda 2Roda 4' 

2023-10-06 12:30:33 - [MESSAGE][PASSED] - All options with value '2' are selected in object 'Object Repository/chekout/select_- Kirim via Kurir Lokal -Roda 2Roda 4' 

2023-10-06 12:30:33 - [TEST_STEP][PASSED] - click(findTestObject("chekout/jenis kendaraan")): Object: 'Object Repository/chekout/jenis kendaraan' is clicked on

2023-10-06 12:30:34 - [MESSAGE][PASSED] - Object: 'Object Repository/chekout/jenis kendaraan' is clicked on

2023-10-06 12:30:34 - [TEST_STEP][PASSED] - if (toString().equalsIgnoreCase("transfer")): Object 'Object Repository/chekout/input metode tf bank' is checked

2023-10-06 12:30:34 - [TEST_STEP][PASSED] - check(findTestObject("chekout/input metode tf bank")): Object 'Object Repository/chekout/input metode tf bank' is checked

2023-10-06 12:30:34 - [MESSAGE][PASSED] - Object 'Object Repository/chekout/input metode tf bank' is checked

2023-10-06 12:30:35 - [TEST_STEP][PASSED] - click(findTestObject("chekout/button_Proses Pembayaran")): Object: 'Object Repository/chekout/button_Proses Pembayaran' is clicked on

2023-10-06 12:30:40 - [MESSAGE][PASSED] - Object: 'Object Repository/chekout/button_Proses Pembayaran' is clicked on

2023-10-06 12:30:40 - [TEST_STEP][PASSED] - noPesanan = getText(findTestObject("Object Repository/chekout/nomor invoice dari halaman menunggu pembayaran")): Text of object 'Object Repository/chekout/nomor invoice dari halaman menunggu pembayaran' is: 'TRX91.20231006123035'

2023-10-06 12:30:42 - [MESSAGE][PASSED] - Text of object 'Object Repository/chekout/nomor invoice dari halaman menunggu pembayaran' is: 'TRX91.20231006123035'

2023-10-06 12:30:42 - [TEST_STEP][PASSED] - println(noPesanan): null

2023-10-06 12:30:42 - [TEST_STEP][PASSED] - pengirim = getText(findTestObject("Object Repository/chekout/dikirim kepada sama dengan pengirim di tf di konfirmaasi bayar")): Text of object 'Object Repository/chekout/dikirim kepada sama dengan pengirim di tf di konfirmaasi bayar' is: 'runarun'

2023-10-06 12:30:43 - [MESSAGE][PASSED] - Text of object 'Object Repository/chekout/dikirim kepada sama dengan pengirim di tf di konfirmaasi bayar' is: 'runarun'

2023-10-06 12:30:43 - [TEST_STEP][PASSED] - totalharga = getText(findTestObject("Object Repository/chekout/total harga bayar")): Text of object 'Object Repository/chekout/total harga bayar' is: '16,781'

2023-10-06 12:30:43 - [MESSAGE][PASSED] - Text of object 'Object Repository/chekout/total harga bayar' is: '16,781'

2023-10-06 12:30:43 - [TEST_STEP][PASSED] - ongkir = getText(findTestObject("co saldo akun/new ongkir tf")): Text of object 'Object Repository/co saldo akun/new ongkir tf' is: 'Rp 13,000'

2023-10-06 12:30:44 - [MESSAGE][PASSED] - Text of object 'Object Repository/co saldo akun/new ongkir tf' is: 'Rp 13,000'

2023-10-06 12:30:44 - [TEST_STEP][PASSED] - ongkirr = replace(",", "").trim(): null

2023-10-06 12:30:44 - [TEST_STEP][PASSED] - ongkir1 = Integer.parseInt(ongkirr): null

2023-10-06 12:30:44 - [TEST_STEP][PASSED] - println(ongkir1): null

2023-10-06 12:30:44 - [TEST_STEP][PASSED] - biayaAdmin = getText(findTestObject("co saldo akun/new fee admin tf")): Text of object 'Object Repository/co saldo akun/new fee admin tf' is: 'Rp 1,500'

2023-10-06 12:30:44 - [MESSAGE][PASSED] - Text of object 'Object Repository/co saldo akun/new fee admin tf' is: 'Rp 1,500'

2023-10-06 12:30:44 - [TEST_STEP][PASSED] - bAdmin = replace(",", "").trim(): null

2023-10-06 12:30:44 - [TEST_STEP][PASSED] - Integer.parseInt(bAdmin): null

2023-10-06 12:30:44 - [TEST_STEP][PASSED] - Admin = Double.parseDouble(bAdmin): null

2023-10-06 12:30:44 - [TEST_STEP][PASSED] - println(Admin): null

2023-10-06 12:30:44 - [TEST_STEP][PASSED] - subtotal = getText(findTestObject("co saldo akun/new subtotal tf")): Text of object 'Object Repository/co saldo akun/new subtotal tf' is: 'Rp 2,246'

2023-10-06 12:30:45 - [MESSAGE][PASSED] - Text of object 'Object Repository/co saldo akun/new subtotal tf' is: 'Rp 2,246'

2023-10-06 12:30:45 - [TEST_STEP][PASSED] - subtotall = replace(",", "").trim(): null

2023-10-06 12:30:45 - [TEST_STEP][PASSED] - Integer.parseInt(subtotall): null

2023-10-06 12:30:45 - [TEST_STEP][PASSED] - sub = Double.parseDouble(subtotall): null

2023-10-06 12:30:45 - [TEST_STEP][PASSED] - println(sub): null

2023-10-06 12:30:45 - [TEST_STEP][PASSED] - kode = getText(findTestObject("co saldo akun/new kode unik tf")): Text of object 'Object Repository/co saldo akun/new kode unik tf' is: '+035'

2023-10-06 12:30:46 - [MESSAGE][PASSED] - Text of object 'Object Repository/co saldo akun/new kode unik tf' is: '+035'

2023-10-06 12:30:46 - [TEST_STEP][PASSED] - kodee = replace("+", "").trim(): null

2023-10-06 12:30:46 - [TEST_STEP][PASSED] - Integer.parseInt(kodee): null

2023-10-06 12:30:46 - [TEST_STEP][PASSED] - code = Double.parseDouble(kodee): null

2023-10-06 12:30:46 - [TEST_STEP][PASSED] - tOng = ongkir1 + sub: null

2023-10-06 12:30:46 - [TEST_STEP][PASSED] - println(tOng): null

2023-10-06 12:30:46 - [TEST_STEP][PASSED] - totalBayar = tOng + Admin + code: null

2023-10-06 12:30:46 - [TEST_STEP][PASSED] - println(totalBayar): null

2023-10-06 12:30:46 - [TEST_STEP][PASSED] - totalBayar1 = totalBayar: null

2023-10-06 12:30:46 - [TEST_STEP][PASSED] - println(totalBayar1): null

2023-10-06 12:30:46 - [TEST_STEP][PASSED] - total = getText(findTestObject("co saldo akun/new total harga tf")): Text of object 'Object Repository/co saldo akun/new total harga tf' is: '16,781'

2023-10-06 12:30:47 - [MESSAGE][PASSED] - Text of object 'Object Repository/co saldo akun/new total harga tf' is: '16,781'

2023-10-06 12:30:47 - [TEST_STEP][PASSED] - total1 = replace(",", "").trim(): null

2023-10-06 12:30:47 - [TEST_STEP][PASSED] - total2 = Integer.parseInt(total1): null

2023-10-06 12:30:47 - [TEST_STEP][PASSED] - println(total2): null

2023-10-06 12:30:47 - [TEST_STEP][PASSED] - assert totalBayar1 == total2: null

2023-10-06 12:30:47 - [TEST_STEP][PASSED] - data = new java.util.HashMap(): null

2023-10-06 12:30:47 - [TEST_STEP][PASSED] - data.put("invoice", noPesanan): null

2023-10-06 12:30:47 - [TEST_STEP][PASSED] - data.put("namaPengirim", pengirim): null

2023-10-06 12:30:47 - [TEST_STEP][PASSED] - data.put("totalBayar", totalharga): null

2023-10-06 12:30:47 - [TEST_STEP][PASSED] - data.put("totalOngkir", tOng): null

2023-10-06 12:30:47 - [TEST_STEP][PASSED] - return data: null

2023-10-06 12:30:47 - [MESSAGE][PASSED] - Call Test Case 'Test Cases/T08 - Konfirmasi Pesanan/TC-OS-001' successfully

2023-10-06 12:30:47 - [TEST_STEP][PASSED] - click(findTestObject("konfirmasi pesanan/a_Akun 0")): Object: 'Object Repository/konfirmasi pesanan/a_Akun 0' is clicked on

2023-10-06 12:30:48 - [MESSAGE][PASSED] - Object: 'Object Repository/konfirmasi pesanan/a_Akun 0' is clicked on

2023-10-06 12:30:48 - [TEST_STEP][PASSED] - click(findTestObject("konfirmasi pesanan/a_Profile")): Object: 'Object Repository/konfirmasi pesanan/a_Profile' is clicked on

2023-10-06 12:30:50 - [MESSAGE][PASSED] - Object: 'Object Repository/konfirmasi pesanan/a_Profile' is clicked on

2023-10-06 12:30:50 - [TEST_STEP][PASSED] - click(findTestObject("konfirmasi pesanan/a_Pembelian")): Object: 'Object Repository/konfirmasi pesanan/a_Pembelian' is clicked on

2023-10-06 12:30:52 - [MESSAGE][PASSED] - Object: 'Object Repository/konfirmasi pesanan/a_Pembelian' is clicked on

2023-10-06 12:30:52 - [TEST_STEP][PASSED] - click(findTestObject("konfirmasi pesanan/new konfirmasi bayar")): Object: 'Object Repository/konfirmasi pesanan/new konfirmasi bayar' is clicked on

2023-10-06 12:30:53 - [MESSAGE][PASSED] - Object: 'Object Repository/konfirmasi pesanan/new konfirmasi bayar' is clicked on

2023-10-06 12:30:53 - [TEST_STEP][PASSED] - clearText(findTestObject("konfirmasi pesanan/input_Total TagihanTransfer_b")): Text of object 'Object Repository/konfirmasi pesanan/input_Total TagihanTransfer_b' is cleared

2023-10-06 12:30:54 - [MESSAGE][PASSED] - Text of object 'Object Repository/konfirmasi pesanan/input_Total TagihanTransfer_b' is cleared

2023-10-06 12:30:54 - [TEST_STEP][PASSED] - selectOptionByValue(findTestObject("konfirmasi pesanan/select dropdown trasfer"), transfer, false): All options with value '1' are selected in object 'Object Repository/konfirmasi pesanan/select dropdown trasfer' 

2023-10-06 12:30:55 - [MESSAGE][PASSED] - All options with value '1' are selected in object 'Object Repository/konfirmasi pesanan/select dropdown trasfer' 

2023-10-06 12:30:55 - [TEST_STEP][PASSED] - clearText(findTestObject("konfirmasi pesanan/input_Nama Pengirim_d")): Text of object 'Object Repository/konfirmasi pesanan/input_Nama Pengirim_d' is cleared

2023-10-06 12:30:56 - [MESSAGE][PASSED] - Text of object 'Object Repository/konfirmasi pesanan/input_Nama Pengirim_d' is cleared

2023-10-06 12:30:56 - [TEST_STEP][PASSED] - setText(findTestObject("konfirmasi pesanan/input_Nama Pengirim_d"), name): Text 'runarun' is set on object 'Object Repository/konfirmasi pesanan/input_Nama Pengirim_d'

2023-10-06 12:30:57 - [MESSAGE][PASSED] - Text 'runarun' is set on object 'Object Repository/konfirmasi pesanan/input_Nama Pengirim_d'

2023-10-06 12:30:57 - [TEST_STEP][PASSED] - clearText(findTestObject("konfirmasi pesanan/input_Tanggal Transfer_e")): Text of object 'Object Repository/konfirmasi pesanan/input_Tanggal Transfer_e' is cleared

2023-10-06 12:30:58 - [MESSAGE][PASSED] - Text of object 'Object Repository/konfirmasi pesanan/input_Tanggal Transfer_e' is cleared

2023-10-06 12:30:58 - [TEST_STEP][PASSED] - setText(findTestObject("konfirmasi pesanan/input_Tanggal Transfer_e"), date): Text '2023-09-11' is set on object 'Object Repository/konfirmasi pesanan/input_Tanggal Transfer_e'

2023-10-06 12:30:59 - [MESSAGE][PASSED] - Text '2023-09-11' is set on object 'Object Repository/konfirmasi pesanan/input_Tanggal Transfer_e'

2023-10-06 12:30:59 - [TEST_STEP][PASSED] - uploadFile(findTestObject("konfirmasi pesanan/input_Upload Bukti Transfer_f"), "F:\bootcamp\Miniproject\transfer.jpg"): File 'F:\bootcamp\Miniproject\transfer.jpg' sent to object: 'Object Repository/konfirmasi pesanan/input_Upload Bukti Transfer_f'

2023-10-06 12:31:00 - [MESSAGE][PASSED] - File 'F:\bootcamp\Miniproject\transfer.jpg' sent to object: 'Object Repository/konfirmasi pesanan/input_Upload Bukti Transfer_f'

2023-10-06 12:31:00 - [TEST_STEP][PASSED] - click(findTestObject("konfirmasi pesanan/button_Konfirmasi Pembayaran")): Object: 'Object Repository/konfirmasi pesanan/button_Konfirmasi Pembayaran' is clicked on

2023-10-06 12:31:00 - [MESSAGE][PASSED] - Object: 'Object Repository/konfirmasi pesanan/button_Konfirmasi Pembayaran' is clicked on

2023-10-06 12:31:00 - [TEST_STEP][PASSED] - webDriver = getWebDriver(): null

2023-10-06 12:31:00 - [TEST_STEP][PASSED] - field_count = webDriver.findElement(By.xpath("(//input[@name="b"])[3]")): null

2023-10-06 12:31:01 - [TEST_STEP][PASSED] - error_message = webDriver.executeScript("return arguments[0].validationMessage", field_count): null

2023-10-06 12:31:01 - [TEST_STEP][PASSED] - println(error_message): null

2023-10-06 12:31:01 - [TEST_STEP][PASSED] - assert error_message == "Please fill out this field.": null]]></system-out>
         <system-err><![CDATA[]]></system-err>
      </testcase>
      <testcase name="Test Cases/T08 - Konfirmasi Pesanan/TC-KF-003" time="24.477" classname="Test Cases/T08 - Konfirmasi Pesanan/TC-KF-003" status="PASSED">
         <system-out><![CDATA[2023-10-06 12:31:01 - [TEST_CASE][PASSED] - Test Cases/T08 - Konfirmasi Pesanan/TC-KF-003: Test Cases/T08 - Konfirmasi Pesanan/TC-KF-003

2023-10-06 12:31:02 - [TEST_STEP][PASSED] - callTestCase(findTestCase("T08 - Konfirmasi Pesanan/TC-LS-001"), [:], STOP_ON_FAILURE): Call Test Case 'Test Cases/T08 - Konfirmasi Pesanan/TC-LS-001' successfully

2023-10-06 12:31:02 - [TEST_CASE][PASSED] - Test Cases/T08 - Konfirmasi Pesanan/TC-LS-001: Test Cases/T08 - Konfirmasi Pesanan/TC-LS-001

2023-10-06 12:31:02 - [TEST_STEP][PASSED] - openBrowser(urlWeb): Browser is opened with url: 'https://10.9.2.63/ecommerce/'

2023-10-06 12:31:02 - [MESSAGE][WARNING] - A browser is already opened. Closing browser and opening a new one

2023-10-06 12:31:07 - [MESSAGE][INFO] - Starting 'Firefox' driver

2023-10-06 12:31:07 - [MESSAGE][INFO] - User set preference: ['args', '[window-size=1500,1000, ignore-certificate-errors, UnexpectedAlertBehaviour=ignore]']

2023-10-06 12:31:07 - [MESSAGE][INFO] - Action delay is set to 0 milliseconds

2023-10-06 12:31:15 - [MESSAGE][PASSED] - Browser is opened with url: 'https://10.9.2.63/ecommerce/'

2023-10-06 12:31:15 - [TEST_STEP][PASSED] - maximizeWindow(): Current window maximized

2023-10-06 12:31:15 - [MESSAGE][PASSED] - Current window maximized

2023-10-06 12:31:15 - [TEST_STEP][PASSED] - click(findTestObject("Login/a_Login")): Object: 'Object Repository/Login/a_Login' is clicked on

2023-10-06 12:31:17 - [MESSAGE][PASSED] - Object: 'Object Repository/Login/a_Login' is clicked on

2023-10-06 12:31:17 - [TEST_STEP][PASSED] - setText(findTestObject("Login/input_Username, Email atau No. Handphone_a"), "runa36"): Text 'runa36' is set on object 'Object Repository/Login/input_Username, Email atau No. Handphone_a'

2023-10-06 12:31:18 - [MESSAGE][PASSED] - Text 'runa36' is set on object 'Object Repository/Login/input_Username, Email atau No. Handphone_a'

2023-10-06 12:31:18 - [TEST_STEP][PASSED] - setEncryptedText(findTestObject("Login/input_Password di Login(Masuk)"), "qbkrdMwyWE4="): Text ****** has been set on object 'Object Repository/Login/input_Password di Login(Masuk)'

2023-10-06 12:31:18 - [MESSAGE][PASSED] - Text ****** has been set on object 'Object Repository/Login/input_Password di Login(Masuk)'

2023-10-06 12:31:18 - [TEST_STEP][PASSED] - click(findTestObject("Login/button_Masuk di halaman login")): Object: 'Object Repository/Login/button_Masuk di halaman login' is clicked on

2023-10-06 12:31:20 - [MESSAGE][PASSED] - Object: 'Object Repository/Login/button_Masuk di halaman login' is clicked on

2023-10-06 12:31:20 - [TEST_STEP][PASSED] - verifyElementPresent(findTestObject("Pendaftaran/verifikasi MASUK di halaman Login"), 0): Object 'Object Repository/Pendaftaran/verifikasi MASUK di halaman Login' is present

2023-10-06 12:31:20 - [MESSAGE][WARNING] - Timeout '0' is invalid. Using default page load timeout: '30'

2023-10-06 12:31:21 - [MESSAGE][PASSED] - Object 'Object Repository/Pendaftaran/verifikasi MASUK di halaman Login' is present

2023-10-06 12:31:21 - [MESSAGE][PASSED] - Call Test Case 'Test Cases/T08 - Konfirmasi Pesanan/TC-LS-001' successfully

2023-10-06 12:31:21 - [TEST_STEP][PASSED] - mouseOver(findTestObject("konfirmasi pesanan/a_Shop")): Object: 'Object Repository/konfirmasi pesanan/a_Shop' is hovered

2023-10-06 12:31:21 - [MESSAGE][PASSED] - Object: 'Object Repository/konfirmasi pesanan/a_Shop' is hovered

2023-10-06 12:31:21 - [TEST_STEP][PASSED] - click(findTestObject("konfirmasi pesanan/New Konfirmasi_Orders")): Object: 'Object Repository/konfirmasi pesanan/New Konfirmasi_Orders' is clicked on

2023-10-06 12:31:23 - [MESSAGE][PASSED] - Object: 'Object Repository/konfirmasi pesanan/New Konfirmasi_Orders' is clicked on

2023-10-06 12:31:23 - [TEST_STEP][PASSED] - verifyElementPresent(findTestObject("konfirmasi pesanan/verifikasi masuk halaman konfirmasi pesanan"), 0): Object 'Object Repository/konfirmasi pesanan/verifikasi masuk halaman konfirmasi pesanan' is present

2023-10-06 12:31:24 - [MESSAGE][WARNING] - Timeout '0' is invalid. Using default page load timeout: '30'

2023-10-06 12:31:24 - [MESSAGE][PASSED] - Object 'Object Repository/konfirmasi pesanan/verifikasi masuk halaman konfirmasi pesanan' is present

2023-10-06 12:31:24 - [TEST_STEP][PASSED] - click(findTestObject("konfirmasi pesanan/button_Submit")): Object: 'Object Repository/konfirmasi pesanan/button_Submit' is clicked on

2023-10-06 12:31:25 - [MESSAGE][PASSED] - Object: 'Object Repository/konfirmasi pesanan/button_Submit' is clicked on

2023-10-06 12:31:25 - [TEST_STEP][PASSED] - webDriver = getWebDriver(): null

2023-10-06 12:31:25 - [TEST_STEP][PASSED] - field_invoice = webDriver.findElement(By.xpath("(//input[@name="a"])[3]")): null

2023-10-06 12:31:25 - [TEST_STEP][PASSED] - error_message = webDriver.executeScript("return arguments[0].validationMessage", field_invoice): null

2023-10-06 12:31:25 - [TEST_STEP][PASSED] - println(error_message): null

2023-10-06 12:31:25 - [TEST_STEP][PASSED] - assert error_message == "Please fill out this field.": null]]></system-out>
         <system-err><![CDATA[]]></system-err>
      </testcase>
      <testcase name="Test Cases/T08 - Konfirmasi Pesanan/TC-KF-004" time="50.041" classname="Test Cases/T08 - Konfirmasi Pesanan/TC-KF-004" status="FAILED">
         <failure type="FAILED" message="Test Cases/T08 - Konfirmasi Pesanan/TC-KF-004 FAILED.
Reason:
com.kms.katalon.core.exception.StepFailedException: Unable to verify text 'please input an valid email' is present 
	at com.kms.katalon.core.webui.keyword.internal.WebUIKeywordMain.stepFailed(WebUIKeywordMain.groovy:64)
	at com.kms.katalon.core.webui.keyword.internal.WebUIKeywordMain.runKeyword(WebUIKeywordMain.groovy:26)
	at com.kms.katalon.core.webui.keyword.builtin.VerifyTextPresentKeyword.verifyTextPresent(VerifyTextPresentKeyword.groovy:83)
	at com.kms.katalon.core.webui.keyword.builtin.VerifyTextPresentKeyword.execute(VerifyTextPresentKeyword.groovy:68)
	at com.kms.katalon.core.keyword.internal.KeywordExecutor.executeKeywordForPlatform(KeywordExecutor.groovy:74)
	at com.kms.katalon.core.webui.keyword.WebUiBuiltInKeywords.verifyTextPresent(WebUiBuiltInKeywords.groovy:1723)
	at com.kms.katalon.core.webui.keyword.WebUiBuiltInKeywords$verifyTextPresent$14.call(Unknown Source)
	at TC-KF-004.run(TC-KF-004:39)
	at com.kms.katalon.core.main.ScriptEngine.run(ScriptEngine.java:194)
	at com.kms.katalon.core.main.ScriptEngine.runScriptAsRawText(ScriptEngine.java:119)
	at com.kms.katalon.core.main.TestCaseExecutor.runScript(TestCaseExecutor.java:448)
	at com.kms.katalon.core.main.TestCaseExecutor.doExecute(TestCaseExecutor.java:439)
	at com.kms.katalon.core.main.TestCaseExecutor.processExecutionPhase(TestCaseExecutor.java:418)
	at com.kms.katalon.core.main.TestCaseExecutor.accessMainPhase(TestCaseExecutor.java:410)
	at com.kms.katalon.core.main.TestCaseExecutor.execute(TestCaseExecutor.java:285)
	at com.kms.katalon.core.common.CommonExecutor.accessTestCaseMainPhase(CommonExecutor.java:65)
	at com.kms.katalon.core.main.TestSuiteExecutor.accessTestSuiteMainPhase(TestSuiteExecutor.java:148)
	at com.kms.katalon.core.main.TestSuiteExecutor.execute(TestSuiteExecutor.java:106)
	at com.kms.katalon.core.main.TestCaseMain.startTestSuite(TestCaseMain.java:187)
	at com.kms.katalon.core.main.TestCaseMain$startTestSuite$0.call(Unknown Source)
	at TempTestSuite1696569176253.run(TempTestSuite1696569176253.groovy:36)
Caused by: com.kms.katalon.core.exception.StepFailedException: Text 'please input an valid email' is not present on page 
	at com.kms.katalon.core.webui.keyword.internal.WebUIKeywordMain.stepFailed(WebUIKeywordMain.groovy:64)
	at com.kms.katalon.core.webui.keyword.builtin.VerifyTextPresentKeyword$_verifyTextPresent_closure1.doCall(VerifyTextPresentKeyword.groovy:79)
	at com.kms.katalon.core.webui.keyword.builtin.VerifyTextPresentKeyword$_verifyTextPresent_closure1.call(VerifyTextPresentKeyword.groovy)
	at com.kms.katalon.core.webui.keyword.internal.WebUIKeywordMain.runKeyword(WebUIKeywordMain.groovy:20)
	... 19 more
"/>
         <system-out><![CDATA[2023-10-06 12:31:25 - [TEST_CASE][FAILED] - Test Cases/T08 - Konfirmasi Pesanan/TC-KF-004: Test Cases/T08 - Konfirmasi Pesanan/TC-KF-004 FAILED.
Reason:
com.kms.katalon.core.exception.StepFailedException: Unable to verify text 'please input an valid email' is present 
	at com.kms.katalon.core.webui.keyword.internal.WebUIKeywordMain.stepFailed(WebUIKeywordMain.groovy:64)
	at com.kms.katalon.core.webui.keyword.internal.WebUIKeywordMain.runKeyword(WebUIKeywordMain.groovy:26)
	at com.kms.katalon.core.webui.keyword.builtin.VerifyTextPresentKeyword.verifyTextPresent(VerifyTextPresentKeyword.groovy:83)
	at com.kms.katalon.core.webui.keyword.builtin.VerifyTextPresentKeyword.execute(VerifyTextPresentKeyword.groovy:68)
	at com.kms.katalon.core.keyword.internal.KeywordExecutor.executeKeywordForPlatform(KeywordExecutor.groovy:74)
	at com.kms.katalon.core.webui.keyword.WebUiBuiltInKeywords.verifyTextPresent(WebUiBuiltInKeywords.groovy:1723)
	at com.kms.katalon.core.webui.keyword.WebUiBuiltInKeywords$verifyTextPresent$14.call(Unknown Source)
	at TC-KF-004.run(TC-KF-004:39)
	at com.kms.katalon.core.main.ScriptEngine.run(ScriptEngine.java:194)
	at com.kms.katalon.core.main.ScriptEngine.runScriptAsRawText(ScriptEngine.java:119)
	at com.kms.katalon.core.main.TestCaseExecutor.runScript(TestCaseExecutor.java:448)
	at com.kms.katalon.core.main.TestCaseExecutor.doExecute(TestCaseExecutor.java:439)
	at com.kms.katalon.core.main.TestCaseExecutor.processExecutionPhase(TestCaseExecutor.java:418)
	at com.kms.katalon.core.main.TestCaseExecutor.accessMainPhase(TestCaseExecutor.java:410)
	at com.kms.katalon.core.main.TestCaseExecutor.execute(TestCaseExecutor.java:285)
	at com.kms.katalon.core.common.CommonExecutor.accessTestCaseMainPhase(CommonExecutor.java:65)
	at com.kms.katalon.core.main.TestSuiteExecutor.accessTestSuiteMainPhase(TestSuiteExecutor.java:148)
	at com.kms.katalon.core.main.TestSuiteExecutor.execute(TestSuiteExecutor.java:106)
	at com.kms.katalon.core.main.TestCaseMain.startTestSuite(TestCaseMain.java:187)
	at com.kms.katalon.core.main.TestCaseMain$startTestSuite$0.call(Unknown Source)
	at TempTestSuite1696569176253.run(TempTestSuite1696569176253.groovy:36)
Caused by: com.kms.katalon.core.exception.StepFailedException: Text 'please input an valid email' is not present on page 
	at com.kms.katalon.core.webui.keyword.internal.WebUIKeywordMain.stepFailed(WebUIKeywordMain.groovy:64)
	at com.kms.katalon.core.webui.keyword.builtin.VerifyTextPresentKeyword$_verifyTextPresent_closure1.doCall(VerifyTextPresentKeyword.groovy:79)
	at com.kms.katalon.core.webui.keyword.builtin.VerifyTextPresentKeyword$_verifyTextPresent_closure1.call(VerifyTextPresentKeyword.groovy)
	at com.kms.katalon.core.webui.keyword.internal.WebUIKeywordMain.runKeyword(WebUIKeywordMain.groovy:20)
	... 19 more


2023-10-06 12:31:26 - [TEST_STEP][PASSED] - data = callTestCase(findTestCase("T08 - Konfirmasi Pesanan/TC-OS-001"), ["Roda":"2", "MetodePembayaran":"transfer"], STOP_ON_FAILURE): Call Test Case 'Test Cases/T08 - Konfirmasi Pesanan/TC-OS-001' successfully

2023-10-06 12:31:27 - [TEST_CASE][PASSED] - Test Cases/T08 - Konfirmasi Pesanan/TC-OS-001: Test Cases/T08 - Konfirmasi Pesanan/TC-OS-001

2023-10-06 12:31:27 - [TEST_STEP][PASSED] - callTestCase(findTestCase("T08 - Konfirmasi Pesanan/TC-LS-001"), [:], STOP_ON_FAILURE): Call Test Case 'Test Cases/T08 - Konfirmasi Pesanan/TC-LS-001' successfully

2023-10-06 12:31:27 - [TEST_CASE][PASSED] - Test Cases/T08 - Konfirmasi Pesanan/TC-LS-001: Test Cases/T08 - Konfirmasi Pesanan/TC-LS-001

2023-10-06 12:31:27 - [TEST_STEP][PASSED] - openBrowser(urlWeb): Browser is opened with url: 'https://10.9.2.63/ecommerce/'

2023-10-06 12:31:27 - [MESSAGE][WARNING] - A browser is already opened. Closing browser and opening a new one

2023-10-06 12:31:29 - [MESSAGE][INFO] - Starting 'Firefox' driver

2023-10-06 12:31:29 - [MESSAGE][INFO] - User set preference: ['args', '[window-size=1500,1000, ignore-certificate-errors, UnexpectedAlertBehaviour=ignore]']

2023-10-06 12:31:29 - [MESSAGE][INFO] - Action delay is set to 0 milliseconds

2023-10-06 12:31:37 - [MESSAGE][PASSED] - Browser is opened with url: 'https://10.9.2.63/ecommerce/'

2023-10-06 12:31:37 - [TEST_STEP][PASSED] - maximizeWindow(): Current window maximized

2023-10-06 12:31:37 - [MESSAGE][PASSED] - Current window maximized

2023-10-06 12:31:37 - [TEST_STEP][PASSED] - click(findTestObject("Login/a_Login")): Object: 'Object Repository/Login/a_Login' is clicked on

2023-10-06 12:31:38 - [MESSAGE][PASSED] - Object: 'Object Repository/Login/a_Login' is clicked on

2023-10-06 12:31:38 - [TEST_STEP][PASSED] - setText(findTestObject("Login/input_Username, Email atau No. Handphone_a"), "runa36"): Text 'runa36' is set on object 'Object Repository/Login/input_Username, Email atau No. Handphone_a'

2023-10-06 12:31:39 - [MESSAGE][PASSED] - Text 'runa36' is set on object 'Object Repository/Login/input_Username, Email atau No. Handphone_a'

2023-10-06 12:31:39 - [TEST_STEP][PASSED] - setEncryptedText(findTestObject("Login/input_Password di Login(Masuk)"), "qbkrdMwyWE4="): Text ****** has been set on object 'Object Repository/Login/input_Password di Login(Masuk)'

2023-10-06 12:31:40 - [MESSAGE][PASSED] - Text ****** has been set on object 'Object Repository/Login/input_Password di Login(Masuk)'

2023-10-06 12:31:40 - [TEST_STEP][PASSED] - click(findTestObject("Login/button_Masuk di halaman login")): Object: 'Object Repository/Login/button_Masuk di halaman login' is clicked on

2023-10-06 12:31:42 - [MESSAGE][PASSED] - Object: 'Object Repository/Login/button_Masuk di halaman login' is clicked on

2023-10-06 12:31:42 - [TEST_STEP][PASSED] - verifyElementPresent(findTestObject("Pendaftaran/verifikasi MASUK di halaman Login"), 0): Object 'Object Repository/Pendaftaran/verifikasi MASUK di halaman Login' is present

2023-10-06 12:31:42 - [MESSAGE][WARNING] - Timeout '0' is invalid. Using default page load timeout: '30'

2023-10-06 12:31:43 - [MESSAGE][PASSED] - Object 'Object Repository/Pendaftaran/verifikasi MASUK di halaman Login' is present

2023-10-06 12:31:43 - [MESSAGE][PASSED] - Call Test Case 'Test Cases/T08 - Konfirmasi Pesanan/TC-LS-001' successfully

2023-10-06 12:31:43 - [TEST_STEP][PASSED] - setText(findTestObject("chekout/input aku mau belanja"), "acer"): Text 'acer' is set on object 'Object Repository/chekout/input aku mau belanja'

2023-10-06 12:31:44 - [MESSAGE][PASSED] - Text 'acer' is set on object 'Object Repository/chekout/input aku mau belanja'

2023-10-06 12:31:44 - [TEST_STEP][PASSED] - click(findTestObject("chekout/button_Cari di halaman tajalapak")): Object: 'Object Repository/chekout/button_Cari di halaman tajalapak' is clicked on

2023-10-06 12:31:45 - [MESSAGE][PASSED] - Object: 'Object Repository/chekout/button_Cari di halaman tajalapak' is clicked on

2023-10-06 12:31:45 - [TEST_STEP][PASSED] - click(findTestObject("chekout/NEW read more acer")): Object: 'Object Repository/chekout/NEW read more acer' is clicked on

2023-10-06 12:31:47 - [MESSAGE][PASSED] - Object: 'Object Repository/chekout/NEW read more acer' is clicked on

2023-10-06 12:31:47 - [TEST_STEP][PASSED] - click(findTestObject("chekout/button_Beli Sekarang di detail produk")): Object: 'Object Repository/chekout/button_Beli Sekarang di detail produk' is clicked on

2023-10-06 12:31:50 - [MESSAGE][PASSED] - Object: 'Object Repository/chekout/button_Beli Sekarang di detail produk' is clicked on

2023-10-06 12:31:50 - [TEST_STEP][PASSED] - verifyElementPresent(findTestObject("chekout/halaman keranjang belanja"), 0): Object 'Object Repository/chekout/halaman keranjang belanja' is present

2023-10-06 12:31:50 - [MESSAGE][WARNING] - Timeout '0' is invalid. Using default page load timeout: '30'

2023-10-06 12:31:51 - [MESSAGE][PASSED] - Object 'Object Repository/chekout/halaman keranjang belanja' is present

2023-10-06 12:31:51 - [TEST_STEP][PASSED] - click(findTestObject("chekout/button_Lanjut ke Pembayaran")): Object: 'Object Repository/chekout/button_Lanjut ke Pembayaran' is clicked on

2023-10-06 12:31:53 - [MESSAGE][PASSED] - Object: 'Object Repository/chekout/button_Lanjut ke Pembayaran' is clicked on

2023-10-06 12:31:53 - [TEST_STEP][PASSED] - selectOptionByValue(findTestObject("Object Repository/chekout/select_- Kirim via Kurir Lokal -Roda 2Roda 4"), Roda, false): All options with value '2' are selected in object 'Object Repository/chekout/select_- Kirim via Kurir Lokal -Roda 2Roda 4' 

2023-10-06 12:31:54 - [MESSAGE][PASSED] - All options with value '2' are selected in object 'Object Repository/chekout/select_- Kirim via Kurir Lokal -Roda 2Roda 4' 

2023-10-06 12:31:54 - [TEST_STEP][PASSED] - click(findTestObject("chekout/jenis kendaraan")): Object: 'Object Repository/chekout/jenis kendaraan' is clicked on

2023-10-06 12:31:55 - [MESSAGE][PASSED] - Object: 'Object Repository/chekout/jenis kendaraan' is clicked on

2023-10-06 12:31:55 - [TEST_STEP][PASSED] - if (toString().equalsIgnoreCase("transfer")): Object 'Object Repository/chekout/input metode tf bank' is checked

2023-10-06 12:31:55 - [TEST_STEP][PASSED] - check(findTestObject("chekout/input metode tf bank")): Object 'Object Repository/chekout/input metode tf bank' is checked

2023-10-06 12:31:56 - [MESSAGE][PASSED] - Object 'Object Repository/chekout/input metode tf bank' is checked

2023-10-06 12:31:56 - [TEST_STEP][PASSED] - click(findTestObject("chekout/button_Proses Pembayaran")): Object: 'Object Repository/chekout/button_Proses Pembayaran' is clicked on

2023-10-06 12:32:01 - [MESSAGE][PASSED] - Object: 'Object Repository/chekout/button_Proses Pembayaran' is clicked on

2023-10-06 12:32:01 - [TEST_STEP][PASSED] - noPesanan = getText(findTestObject("Object Repository/chekout/nomor invoice dari halaman menunggu pembayaran")): Text of object 'Object Repository/chekout/nomor invoice dari halaman menunggu pembayaran' is: 'TRX91.20231006123156'

2023-10-06 12:32:02 - [MESSAGE][PASSED] - Text of object 'Object Repository/chekout/nomor invoice dari halaman menunggu pembayaran' is: 'TRX91.20231006123156'

2023-10-06 12:32:02 - [TEST_STEP][PASSED] - println(noPesanan): null

2023-10-06 12:32:02 - [TEST_STEP][PASSED] - pengirim = getText(findTestObject("Object Repository/chekout/dikirim kepada sama dengan pengirim di tf di konfirmaasi bayar")): Text of object 'Object Repository/chekout/dikirim kepada sama dengan pengirim di tf di konfirmaasi bayar' is: 'runarun'

2023-10-06 12:32:03 - [MESSAGE][PASSED] - Text of object 'Object Repository/chekout/dikirim kepada sama dengan pengirim di tf di konfirmaasi bayar' is: 'runarun'

2023-10-06 12:32:03 - [TEST_STEP][PASSED] - totalharga = getText(findTestObject("Object Repository/chekout/total harga bayar")): Text of object 'Object Repository/chekout/total harga bayar' is: '16,902'

2023-10-06 12:32:04 - [MESSAGE][PASSED] - Text of object 'Object Repository/chekout/total harga bayar' is: '16,902'

2023-10-06 12:32:04 - [TEST_STEP][PASSED] - ongkir = getText(findTestObject("co saldo akun/new ongkir tf")): Text of object 'Object Repository/co saldo akun/new ongkir tf' is: 'Rp 13,000'

2023-10-06 12:32:04 - [MESSAGE][PASSED] - Text of object 'Object Repository/co saldo akun/new ongkir tf' is: 'Rp 13,000'

2023-10-06 12:32:04 - [TEST_STEP][PASSED] - ongkirr = replace(",", "").trim(): null

2023-10-06 12:32:04 - [TEST_STEP][PASSED] - ongkir1 = Integer.parseInt(ongkirr): null

2023-10-06 12:32:04 - [TEST_STEP][PASSED] - println(ongkir1): null

2023-10-06 12:32:04 - [TEST_STEP][PASSED] - biayaAdmin = getText(findTestObject("co saldo akun/new fee admin tf")): Text of object 'Object Repository/co saldo akun/new fee admin tf' is: 'Rp 1,500'

2023-10-06 12:32:05 - [MESSAGE][PASSED] - Text of object 'Object Repository/co saldo akun/new fee admin tf' is: 'Rp 1,500'

2023-10-06 12:32:05 - [TEST_STEP][PASSED] - bAdmin = replace(",", "").trim(): null

2023-10-06 12:32:05 - [TEST_STEP][PASSED] - Integer.parseInt(bAdmin): null

2023-10-06 12:32:05 - [TEST_STEP][PASSED] - Admin = Double.parseDouble(bAdmin): null

2023-10-06 12:32:05 - [TEST_STEP][PASSED] - println(Admin): null

2023-10-06 12:32:05 - [TEST_STEP][PASSED] - subtotal = getText(findTestObject("co saldo akun/new subtotal tf")): Text of object 'Object Repository/co saldo akun/new subtotal tf' is: 'Rp 2,246'

2023-10-06 12:32:05 - [MESSAGE][PASSED] - Text of object 'Object Repository/co saldo akun/new subtotal tf' is: 'Rp 2,246'

2023-10-06 12:32:05 - [TEST_STEP][PASSED] - subtotall = replace(",", "").trim(): null

2023-10-06 12:32:05 - [TEST_STEP][PASSED] - Integer.parseInt(subtotall): null

2023-10-06 12:32:05 - [TEST_STEP][PASSED] - sub = Double.parseDouble(subtotall): null

2023-10-06 12:32:05 - [TEST_STEP][PASSED] - println(sub): null

2023-10-06 12:32:05 - [TEST_STEP][PASSED] - kode = getText(findTestObject("co saldo akun/new kode unik tf")): Text of object 'Object Repository/co saldo akun/new kode unik tf' is: '+156'

2023-10-06 12:32:06 - [MESSAGE][PASSED] - Text of object 'Object Repository/co saldo akun/new kode unik tf' is: '+156'

2023-10-06 12:32:06 - [TEST_STEP][PASSED] - kodee = replace("+", "").trim(): null

2023-10-06 12:32:06 - [TEST_STEP][PASSED] - Integer.parseInt(kodee): null

2023-10-06 12:32:06 - [TEST_STEP][PASSED] - code = Double.parseDouble(kodee): null

2023-10-06 12:32:06 - [TEST_STEP][PASSED] - tOng = ongkir1 + sub: null

2023-10-06 12:32:06 - [TEST_STEP][PASSED] - println(tOng): null

2023-10-06 12:32:06 - [TEST_STEP][PASSED] - totalBayar = tOng + Admin + code: null

2023-10-06 12:32:06 - [TEST_STEP][PASSED] - println(totalBayar): null

2023-10-06 12:32:06 - [TEST_STEP][PASSED] - totalBayar1 = totalBayar: null

2023-10-06 12:32:06 - [TEST_STEP][PASSED] - println(totalBayar1): null

2023-10-06 12:32:06 - [TEST_STEP][PASSED] - total = getText(findTestObject("co saldo akun/new total harga tf")): Text of object 'Object Repository/co saldo akun/new total harga tf' is: '16,902'

2023-10-06 12:32:06 - [MESSAGE][PASSED] - Text of object 'Object Repository/co saldo akun/new total harga tf' is: '16,902'

2023-10-06 12:32:06 - [TEST_STEP][PASSED] - total1 = replace(",", "").trim(): null

2023-10-06 12:32:06 - [TEST_STEP][PASSED] - total2 = Integer.parseInt(total1): null

2023-10-06 12:32:06 - [TEST_STEP][PASSED] - println(total2): null

2023-10-06 12:32:06 - [TEST_STEP][PASSED] - assert totalBayar1 == total2: null

2023-10-06 12:32:06 - [TEST_STEP][PASSED] - data = new java.util.HashMap(): null

2023-10-06 12:32:06 - [TEST_STEP][PASSED] - data.put("invoice", noPesanan): null

2023-10-06 12:32:06 - [TEST_STEP][PASSED] - data.put("namaPengirim", pengirim): null

2023-10-06 12:32:06 - [TEST_STEP][PASSED] - data.put("totalBayar", totalharga): null

2023-10-06 12:32:06 - [TEST_STEP][PASSED] - data.put("totalOngkir", tOng): null

2023-10-06 12:32:06 - [TEST_STEP][PASSED] - return data: null

2023-10-06 12:32:06 - [MESSAGE][PASSED] - Call Test Case 'Test Cases/T08 - Konfirmasi Pesanan/TC-OS-001' successfully

2023-10-06 12:32:06 - [TEST_STEP][PASSED] - noInvoice = data.get("invoice"): null

2023-10-06 12:32:06 - [TEST_STEP][PASSED] - nmPengirim = data.get("namaPengirim"): null

2023-10-06 12:32:06 - [TEST_STEP][PASSED] - ttlBayar = data.get("totalBayar"): null

2023-10-06 12:32:06 - [TEST_STEP][PASSED] - mouseOver(findTestObject("konfirmasi pesanan/a_Shop")): Object: 'Object Repository/konfirmasi pesanan/a_Shop' is hovered

2023-10-06 12:32:07 - [MESSAGE][PASSED] - Object: 'Object Repository/konfirmasi pesanan/a_Shop' is hovered

2023-10-06 12:32:07 - [TEST_STEP][PASSED] - click(findTestObject("konfirmasi pesanan/a_Konfirmasi Orders")): Object: 'Object Repository/konfirmasi pesanan/a_Konfirmasi Orders' is clicked on

2023-10-06 12:32:10 - [MESSAGE][PASSED] - Object: 'Object Repository/konfirmasi pesanan/a_Konfirmasi Orders' is clicked on

2023-10-06 12:32:10 - [TEST_STEP][PASSED] - setText(findTestObject("konfirmasi pesanan/input_No Pesanan_a di shop"), noInvoice): Text 'TRX91.20231006123156' is set on object 'Object Repository/konfirmasi pesanan/input_No Pesanan_a di shop'

2023-10-06 12:32:11 - [MESSAGE][PASSED] - Text 'TRX91.20231006123156' is set on object 'Object Repository/konfirmasi pesanan/input_No Pesanan_a di shop'

2023-10-06 12:32:11 - [TEST_STEP][PASSED] - setText(findTestObject("konfirmasi pesanan/input_Alamat E-mail_form-control"), email): Text 'runarun' is set on object 'Object Repository/konfirmasi pesanan/input_Alamat E-mail_form-control'

2023-10-06 12:32:12 - [MESSAGE][PASSED] - Text 'runarun' is set on object 'Object Repository/konfirmasi pesanan/input_Alamat E-mail_form-control'

2023-10-06 12:32:12 - [TEST_STEP][PASSED] - click(findTestObject("konfirmasi pesanan/button_Submit")): Object: 'Object Repository/konfirmasi pesanan/button_Submit' is clicked on

2023-10-06 12:32:13 - [MESSAGE][PASSED] - Object: 'Object Repository/konfirmasi pesanan/button_Submit' is clicked on

2023-10-06 12:32:13 - [TEST_STEP][FAILED] - verifyTextPresent("please input an valid email", false): Unable to verify text 'please input an valid email' is present  (Root cause: com.kms.katalon.core.exception.StepFailedException: Unable to verify text 'please input an valid email' is present 
	at com.kms.katalon.core.webui.keyword.internal.WebUIKeywordMain.stepFailed(WebUIKeywordMain.groovy:64)
	at com.kms.katalon.core.webui.keyword.internal.WebUIKeywordMain.runKeyword(WebUIKeywordMain.groovy:26)
	at com.kms.katalon.core.webui.keyword.builtin.VerifyTextPresentKeyword.verifyTextPresent(VerifyTextPresentKeyword.groovy:83)
	at com.kms.katalon.core.webui.keyword.builtin.VerifyTextPresentKeyword.execute(VerifyTextPresentKeyword.groovy:68)
	at com.kms.katalon.core.keyword.internal.KeywordExecutor.executeKeywordForPlatform(KeywordExecutor.groovy:74)
	at com.kms.katalon.core.webui.keyword.WebUiBuiltInKeywords.verifyTextPresent(WebUiBuiltInKeywords.groovy:1723)
	at com.kms.katalon.core.webui.keyword.WebUiBuiltInKeywords$verifyTextPresent$14.call(Unknown Source)
	at TC-KF-004.run(TC-KF-004:39)
	at com.kms.katalon.core.main.ScriptEngine.run(ScriptEngine.java:194)
	at com.kms.katalon.core.main.ScriptEngine.runScriptAsRawText(ScriptEngine.java:119)
	at com.kms.katalon.core.main.TestCaseExecutor.runScript(TestCaseExecutor.java:448)
	at com.kms.katalon.core.main.TestCaseExecutor.doExecute(TestCaseExecutor.java:439)
	at com.kms.katalon.core.main.TestCaseExecutor.processExecutionPhase(TestCaseExecutor.java:418)
	at com.kms.katalon.core.main.TestCaseExecutor.accessMainPhase(TestCaseExecutor.java:410)
	at com.kms.katalon.core.main.TestCaseExecutor.execute(TestCaseExecutor.java:285)
	at com.kms.katalon.core.common.CommonExecutor.accessTestCaseMainPhase(CommonExecutor.java:65)
	at com.kms.katalon.core.main.TestSuiteExecutor.accessTestSuiteMainPhase(TestSuiteExecutor.java:148)
	at com.kms.katalon.core.main.TestSuiteExecutor.execute(TestSuiteExecutor.java:106)
	at com.kms.katalon.core.main.TestCaseMain.startTestSuite(TestCaseMain.java:187)
	at com.kms.katalon.core.main.TestCaseMain$startTestSuite$0.call(Unknown Source)
	at TempTestSuite1696569176253.run(TempTestSuite1696569176253.groovy:36)
Caused by: com.kms.katalon.core.exception.StepFailedException: Text 'please input an valid email' is not present on page 
	at com.kms.katalon.core.webui.keyword.internal.WebUIKeywordMain.stepFailed(WebUIKeywordMain.groovy:64)
	at com.kms.katalon.core.webui.keyword.builtin.VerifyTextPresentKeyword$_verifyTextPresent_closure1.doCall(VerifyTextPresentKeyword.groovy:79)
	at com.kms.katalon.core.webui.keyword.builtin.VerifyTextPresentKeyword$_verifyTextPresent_closure1.call(VerifyTextPresentKeyword.groovy)
	at com.kms.katalon.core.webui.keyword.internal.WebUIKeywordMain.runKeyword(WebUIKeywordMain.groovy:20)
	... 19 more
)

2023-10-06 12:32:15 - [MESSAGE][FAILED] - Text 'please input an valid email' is not present on page  (Root cause: com.kms.katalon.core.exception.StepFailedException: Text 'please input an valid email' is not present on page 
	at com.kms.katalon.core.webui.keyword.internal.WebUIKeywordMain.stepFailed(WebUIKeywordMain.groovy:64)
	at com.kms.katalon.core.webui.keyword.builtin.VerifyTextPresentKeyword$_verifyTextPresent_closure1.doCall(VerifyTextPresentKeyword.groovy:79)
	at com.kms.katalon.core.webui.keyword.builtin.VerifyTextPresentKeyword$_verifyTextPresent_closure1.call(VerifyTextPresentKeyword.groovy)
	at com.kms.katalon.core.webui.keyword.internal.WebUIKeywordMain.runKeyword(WebUIKeywordMain.groovy:20)
	at com.kms.katalon.core.webui.keyword.builtin.VerifyTextPresentKeyword.verifyTextPresent(VerifyTextPresentKeyword.groovy:83)
	at com.kms.katalon.core.webui.keyword.builtin.VerifyTextPresentKeyword.execute(VerifyTextPresentKeyword.groovy:68)
	at com.kms.katalon.core.keyword.internal.KeywordExecutor.executeKeywordForPlatform(KeywordExecutor.groovy:74)
	at com.kms.katalon.core.webui.keyword.WebUiBuiltInKeywords.verifyTextPresent(WebUiBuiltInKeywords.groovy:1723)
	at com.kms.katalon.core.webui.keyword.WebUiBuiltInKeywords$verifyTextPresent$14.call(Unknown Source)
	at TC-KF-004.run(TC-KF-004:39)
	at com.kms.katalon.core.main.ScriptEngine.run(ScriptEngine.java:194)
	at com.kms.katalon.core.main.ScriptEngine.runScriptAsRawText(ScriptEngine.java:119)
	at com.kms.katalon.core.main.TestCaseExecutor.runScript(TestCaseExecutor.java:448)
	at com.kms.katalon.core.main.TestCaseExecutor.doExecute(TestCaseExecutor.java:439)
	at com.kms.katalon.core.main.TestCaseExecutor.processExecutionPhase(TestCaseExecutor.java:418)
	at com.kms.katalon.core.main.TestCaseExecutor.accessMainPhase(TestCaseExecutor.java:410)
	at com.kms.katalon.core.main.TestCaseExecutor.execute(TestCaseExecutor.java:285)
	at com.kms.katalon.core.common.CommonExecutor.accessTestCaseMainPhase(CommonExecutor.java:65)
	at com.kms.katalon.core.main.TestSuiteExecutor.accessTestSuiteMainPhase(TestSuiteExecutor.java:148)
	at com.kms.katalon.core.main.TestSuiteExecutor.execute(TestSuiteExecutor.java:106)
	at com.kms.katalon.core.main.TestCaseMain.startTestSuite(TestCaseMain.java:187)
	at com.kms.katalon.core.main.TestCaseMain$startTestSuite$0.call(Unknown Source)
	at TempTestSuite1696569176253.run(TempTestSuite1696569176253.groovy:36)
)

2023-10-06 12:32:15 - [MESSAGE][FAILED] - Unable to verify text 'please input an valid email' is present  (Root cause: com.kms.katalon.core.exception.StepFailedException: Unable to verify text 'please input an valid email' is present 
	at com.kms.katalon.core.webui.keyword.internal.WebUIKeywordMain.stepFailed(WebUIKeywordMain.groovy:64)
	at com.kms.katalon.core.webui.keyword.internal.WebUIKeywordMain.runKeyword(WebUIKeywordMain.groovy:26)
	at com.kms.katalon.core.webui.keyword.builtin.VerifyTextPresentKeyword.verifyTextPresent(VerifyTextPresentKeyword.groovy:83)
	at com.kms.katalon.core.webui.keyword.builtin.VerifyTextPresentKeyword.execute(VerifyTextPresentKeyword.groovy:68)
	at com.kms.katalon.core.keyword.internal.KeywordExecutor.executeKeywordForPlatform(KeywordExecutor.groovy:74)
	at com.kms.katalon.core.webui.keyword.WebUiBuiltInKeywords.verifyTextPresent(WebUiBuiltInKeywords.groovy:1723)
	at com.kms.katalon.core.webui.keyword.WebUiBuiltInKeywords$verifyTextPresent$14.call(Unknown Source)
	at TC-KF-004.run(TC-KF-004:39)
	at com.kms.katalon.core.main.ScriptEngine.run(ScriptEngine.java:194)
	at com.kms.katalon.core.main.ScriptEngine.runScriptAsRawText(ScriptEngine.java:119)
	at com.kms.katalon.core.main.TestCaseExecutor.runScript(TestCaseExecutor.java:448)
	at com.kms.katalon.core.main.TestCaseExecutor.doExecute(TestCaseExecutor.java:439)
	at com.kms.katalon.core.main.TestCaseExecutor.processExecutionPhase(TestCaseExecutor.java:418)
	at com.kms.katalon.core.main.TestCaseExecutor.accessMainPhase(TestCaseExecutor.java:410)
	at com.kms.katalon.core.main.TestCaseExecutor.execute(TestCaseExecutor.java:285)
	at com.kms.katalon.core.common.CommonExecutor.accessTestCaseMainPhase(CommonExecutor.java:65)
	at com.kms.katalon.core.main.TestSuiteExecutor.accessTestSuiteMainPhase(TestSuiteExecutor.java:148)
	at com.kms.katalon.core.main.TestSuiteExecutor.execute(TestSuiteExecutor.java:106)
	at com.kms.katalon.core.main.TestCaseMain.startTestSuite(TestCaseMain.java:187)
	at com.kms.katalon.core.main.TestCaseMain$startTestSuite$0.call(Unknown Source)
	at TempTestSuite1696569176253.run(TempTestSuite1696569176253.groovy:36)
Caused by: com.kms.katalon.core.exception.StepFailedException: Text 'please input an valid email' is not present on page 
	at com.kms.katalon.core.webui.keyword.internal.WebUIKeywordMain.stepFailed(WebUIKeywordMain.groovy:64)
	at com.kms.katalon.core.webui.keyword.builtin.VerifyTextPresentKeyword$_verifyTextPresent_closure1.doCall(VerifyTextPresentKeyword.groovy:79)
	at com.kms.katalon.core.webui.keyword.builtin.VerifyTextPresentKeyword$_verifyTextPresent_closure1.call(VerifyTextPresentKeyword.groovy)
	at com.kms.katalon.core.webui.keyword.internal.WebUIKeywordMain.runKeyword(WebUIKeywordMain.groovy:20)
	... 19 more
)
[[ATTACHMENT|F:\\bootcamp\\Miniproject\\Tajalapak\\Reports\\20231006_121256\\T08 - Konfirmasi Pesanan\\20231006_121256\\1696570335380.png]]]]></system-out>
         <system-err><![CDATA[2023-10-06 12:31:25 - [TEST_CASE][FAILED] - Test Cases/T08 - Konfirmasi Pesanan/TC-KF-004: Test Cases/T08 - Konfirmasi Pesanan/TC-KF-004 FAILED.
Reason:
com.kms.katalon.core.exception.StepFailedException: Unable to verify text 'please input an valid email' is present 
	at com.kms.katalon.core.webui.keyword.internal.WebUIKeywordMain.stepFailed(WebUIKeywordMain.groovy:64)
	at com.kms.katalon.core.webui.keyword.internal.WebUIKeywordMain.runKeyword(WebUIKeywordMain.groovy:26)
	at com.kms.katalon.core.webui.keyword.builtin.VerifyTextPresentKeyword.verifyTextPresent(VerifyTextPresentKeyword.groovy:83)
	at com.kms.katalon.core.webui.keyword.builtin.VerifyTextPresentKeyword.execute(VerifyTextPresentKeyword.groovy:68)
	at com.kms.katalon.core.keyword.internal.KeywordExecutor.executeKeywordForPlatform(KeywordExecutor.groovy:74)
	at com.kms.katalon.core.webui.keyword.WebUiBuiltInKeywords.verifyTextPresent(WebUiBuiltInKeywords.groovy:1723)
	at com.kms.katalon.core.webui.keyword.WebUiBuiltInKeywords$verifyTextPresent$14.call(Unknown Source)
	at TC-KF-004.run(TC-KF-004:39)
	at com.kms.katalon.core.main.ScriptEngine.run(ScriptEngine.java:194)
	at com.kms.katalon.core.main.ScriptEngine.runScriptAsRawText(ScriptEngine.java:119)
	at com.kms.katalon.core.main.TestCaseExecutor.runScript(TestCaseExecutor.java:448)
	at com.kms.katalon.core.main.TestCaseExecutor.doExecute(TestCaseExecutor.java:439)
	at com.kms.katalon.core.main.TestCaseExecutor.processExecutionPhase(TestCaseExecutor.java:418)
	at com.kms.katalon.core.main.TestCaseExecutor.accessMainPhase(TestCaseExecutor.java:410)
	at com.kms.katalon.core.main.TestCaseExecutor.execute(TestCaseExecutor.java:285)
	at com.kms.katalon.core.common.CommonExecutor.accessTestCaseMainPhase(CommonExecutor.java:65)
	at com.kms.katalon.core.main.TestSuiteExecutor.accessTestSuiteMainPhase(TestSuiteExecutor.java:148)
	at com.kms.katalon.core.main.TestSuiteExecutor.execute(TestSuiteExecutor.java:106)
	at com.kms.katalon.core.main.TestCaseMain.startTestSuite(TestCaseMain.java:187)
	at com.kms.katalon.core.main.TestCaseMain$startTestSuite$0.call(Unknown Source)
	at TempTestSuite1696569176253.run(TempTestSuite1696569176253.groovy:36)
Caused by: com.kms.katalon.core.exception.StepFailedException: Text 'please input an valid email' is not present on page 
	at com.kms.katalon.core.webui.keyword.internal.WebUIKeywordMain.stepFailed(WebUIKeywordMain.groovy:64)
	at com.kms.katalon.core.webui.keyword.builtin.VerifyTextPresentKeyword$_verifyTextPresent_closure1.doCall(VerifyTextPresentKeyword.groovy:79)
	at com.kms.katalon.core.webui.keyword.builtin.VerifyTextPresentKeyword$_verifyTextPresent_closure1.call(VerifyTextPresentKeyword.groovy)
	at com.kms.katalon.core.webui.keyword.internal.WebUIKeywordMain.runKeyword(WebUIKeywordMain.groovy:20)
	... 19 more]]></system-err>
      </testcase>
      <testcase name="Test Cases/T08 - Konfirmasi Pesanan/TC-KF-005" time="26.097" classname="Test Cases/T08 - Konfirmasi Pesanan/TC-KF-005" status="FAILED">
         <failure type="FAILED" message="Test Cases/T08 - Konfirmasi Pesanan/TC-KF-005 FAILED.
Reason:
com.kms.katalon.core.exception.StepFailedException: Unable to verify text 'please input an valid invoice' is present 
	at com.kms.katalon.core.webui.keyword.internal.WebUIKeywordMain.stepFailed(WebUIKeywordMain.groovy:64)
	at com.kms.katalon.core.webui.keyword.internal.WebUIKeywordMain.runKeyword(WebUIKeywordMain.groovy:26)
	at com.kms.katalon.core.webui.keyword.builtin.VerifyTextPresentKeyword.verifyTextPresent(VerifyTextPresentKeyword.groovy:83)
	at com.kms.katalon.core.webui.keyword.builtin.VerifyTextPresentKeyword.execute(VerifyTextPresentKeyword.groovy:68)
	at com.kms.katalon.core.keyword.internal.KeywordExecutor.executeKeywordForPlatform(KeywordExecutor.groovy:74)
	at com.kms.katalon.core.webui.keyword.WebUiBuiltInKeywords.verifyTextPresent(WebUiBuiltInKeywords.groovy:1723)
	at com.kms.katalon.core.webui.keyword.WebUiBuiltInKeywords$verifyTextPresent$14.call(Unknown Source)
	at TC-KF-005.run(TC-KF-005:34)
	at com.kms.katalon.core.main.ScriptEngine.run(ScriptEngine.java:194)
	at com.kms.katalon.core.main.ScriptEngine.runScriptAsRawText(ScriptEngine.java:119)
	at com.kms.katalon.core.main.TestCaseExecutor.runScript(TestCaseExecutor.java:448)
	at com.kms.katalon.core.main.TestCaseExecutor.doExecute(TestCaseExecutor.java:439)
	at com.kms.katalon.core.main.TestCaseExecutor.processExecutionPhase(TestCaseExecutor.java:418)
	at com.kms.katalon.core.main.TestCaseExecutor.accessMainPhase(TestCaseExecutor.java:410)
	at com.kms.katalon.core.main.TestCaseExecutor.execute(TestCaseExecutor.java:285)
	at com.kms.katalon.core.common.CommonExecutor.accessTestCaseMainPhase(CommonExecutor.java:65)
	at com.kms.katalon.core.main.TestSuiteExecutor.accessTestSuiteMainPhase(TestSuiteExecutor.java:148)
	at com.kms.katalon.core.main.TestSuiteExecutor.execute(TestSuiteExecutor.java:106)
	at com.kms.katalon.core.main.TestCaseMain.startTestSuite(TestCaseMain.java:187)
	at com.kms.katalon.core.main.TestCaseMain$startTestSuite$0.call(Unknown Source)
	at TempTestSuite1696569176253.run(TempTestSuite1696569176253.groovy:36)
Caused by: com.kms.katalon.core.exception.StepFailedException: Text 'please input an valid invoice' is not present on page 
	at com.kms.katalon.core.webui.keyword.internal.WebUIKeywordMain.stepFailed(WebUIKeywordMain.groovy:64)
	at com.kms.katalon.core.webui.keyword.builtin.VerifyTextPresentKeyword$_verifyTextPresent_closure1.doCall(VerifyTextPresentKeyword.groovy:79)
	at com.kms.katalon.core.webui.keyword.builtin.VerifyTextPresentKeyword$_verifyTextPresent_closure1.call(VerifyTextPresentKeyword.groovy)
	at com.kms.katalon.core.webui.keyword.internal.WebUIKeywordMain.runKeyword(WebUIKeywordMain.groovy:20)
	... 19 more
"/>
         <system-out><![CDATA[2023-10-06 12:32:16 - [TEST_CASE][FAILED] - Test Cases/T08 - Konfirmasi Pesanan/TC-KF-005: Test Cases/T08 - Konfirmasi Pesanan/TC-KF-005 FAILED.
Reason:
com.kms.katalon.core.exception.StepFailedException: Unable to verify text 'please input an valid invoice' is present 
	at com.kms.katalon.core.webui.keyword.internal.WebUIKeywordMain.stepFailed(WebUIKeywordMain.groovy:64)
	at com.kms.katalon.core.webui.keyword.internal.WebUIKeywordMain.runKeyword(WebUIKeywordMain.groovy:26)
	at com.kms.katalon.core.webui.keyword.builtin.VerifyTextPresentKeyword.verifyTextPresent(VerifyTextPresentKeyword.groovy:83)
	at com.kms.katalon.core.webui.keyword.builtin.VerifyTextPresentKeyword.execute(VerifyTextPresentKeyword.groovy:68)
	at com.kms.katalon.core.keyword.internal.KeywordExecutor.executeKeywordForPlatform(KeywordExecutor.groovy:74)
	at com.kms.katalon.core.webui.keyword.WebUiBuiltInKeywords.verifyTextPresent(WebUiBuiltInKeywords.groovy:1723)
	at com.kms.katalon.core.webui.keyword.WebUiBuiltInKeywords$verifyTextPresent$14.call(Unknown Source)
	at TC-KF-005.run(TC-KF-005:34)
	at com.kms.katalon.core.main.ScriptEngine.run(ScriptEngine.java:194)
	at com.kms.katalon.core.main.ScriptEngine.runScriptAsRawText(ScriptEngine.java:119)
	at com.kms.katalon.core.main.TestCaseExecutor.runScript(TestCaseExecutor.java:448)
	at com.kms.katalon.core.main.TestCaseExecutor.doExecute(TestCaseExecutor.java:439)
	at com.kms.katalon.core.main.TestCaseExecutor.processExecutionPhase(TestCaseExecutor.java:418)
	at com.kms.katalon.core.main.TestCaseExecutor.accessMainPhase(TestCaseExecutor.java:410)
	at com.kms.katalon.core.main.TestCaseExecutor.execute(TestCaseExecutor.java:285)
	at com.kms.katalon.core.common.CommonExecutor.accessTestCaseMainPhase(CommonExecutor.java:65)
	at com.kms.katalon.core.main.TestSuiteExecutor.accessTestSuiteMainPhase(TestSuiteExecutor.java:148)
	at com.kms.katalon.core.main.TestSuiteExecutor.execute(TestSuiteExecutor.java:106)
	at com.kms.katalon.core.main.TestCaseMain.startTestSuite(TestCaseMain.java:187)
	at com.kms.katalon.core.main.TestCaseMain$startTestSuite$0.call(Unknown Source)
	at TempTestSuite1696569176253.run(TempTestSuite1696569176253.groovy:36)
Caused by: com.kms.katalon.core.exception.StepFailedException: Text 'please input an valid invoice' is not present on page 
	at com.kms.katalon.core.webui.keyword.internal.WebUIKeywordMain.stepFailed(WebUIKeywordMain.groovy:64)
	at com.kms.katalon.core.webui.keyword.builtin.VerifyTextPresentKeyword$_verifyTextPresent_closure1.doCall(VerifyTextPresentKeyword.groovy:79)
	at com.kms.katalon.core.webui.keyword.builtin.VerifyTextPresentKeyword$_verifyTextPresent_closure1.call(VerifyTextPresentKeyword.groovy)
	at com.kms.katalon.core.webui.keyword.internal.WebUIKeywordMain.runKeyword(WebUIKeywordMain.groovy:20)
	... 19 more


2023-10-06 12:32:17 - [TEST_STEP][PASSED] - callTestCase(findTestCase("T08 - Konfirmasi Pesanan/TC-LS-001"), [:], STOP_ON_FAILURE): Call Test Case 'Test Cases/T08 - Konfirmasi Pesanan/TC-LS-001' successfully

2023-10-06 12:32:17 - [TEST_CASE][PASSED] - Test Cases/T08 - Konfirmasi Pesanan/TC-LS-001: Test Cases/T08 - Konfirmasi Pesanan/TC-LS-001

2023-10-06 12:32:17 - [TEST_STEP][PASSED] - openBrowser(urlWeb): Browser is opened with url: 'https://10.9.2.63/ecommerce/'

2023-10-06 12:32:17 - [MESSAGE][WARNING] - A browser is already opened. Closing browser and opening a new one

2023-10-06 12:32:20 - [MESSAGE][INFO] - Starting 'Firefox' driver

2023-10-06 12:32:20 - [MESSAGE][INFO] - User set preference: ['args', '[window-size=1500,1000, ignore-certificate-errors, UnexpectedAlertBehaviour=ignore]']

2023-10-06 12:32:20 - [MESSAGE][INFO] - Action delay is set to 0 milliseconds

2023-10-06 12:32:29 - [MESSAGE][PASSED] - Browser is opened with url: 'https://10.9.2.63/ecommerce/'

2023-10-06 12:32:29 - [TEST_STEP][PASSED] - maximizeWindow(): Current window maximized

2023-10-06 12:32:29 - [MESSAGE][PASSED] - Current window maximized

2023-10-06 12:32:29 - [TEST_STEP][PASSED] - click(findTestObject("Login/a_Login")): Object: 'Object Repository/Login/a_Login' is clicked on

2023-10-06 12:32:30 - [MESSAGE][PASSED] - Object: 'Object Repository/Login/a_Login' is clicked on

2023-10-06 12:32:30 - [TEST_STEP][PASSED] - setText(findTestObject("Login/input_Username, Email atau No. Handphone_a"), "runa36"): Text 'runa36' is set on object 'Object Repository/Login/input_Username, Email atau No. Handphone_a'

2023-10-06 12:32:31 - [MESSAGE][PASSED] - Text 'runa36' is set on object 'Object Repository/Login/input_Username, Email atau No. Handphone_a'

2023-10-06 12:32:31 - [TEST_STEP][PASSED] - setEncryptedText(findTestObject("Login/input_Password di Login(Masuk)"), "qbkrdMwyWE4="): Text ****** has been set on object 'Object Repository/Login/input_Password di Login(Masuk)'

2023-10-06 12:32:31 - [MESSAGE][PASSED] - Text ****** has been set on object 'Object Repository/Login/input_Password di Login(Masuk)'

2023-10-06 12:32:31 - [TEST_STEP][PASSED] - click(findTestObject("Login/button_Masuk di halaman login")): Object: 'Object Repository/Login/button_Masuk di halaman login' is clicked on

2023-10-06 12:32:33 - [MESSAGE][PASSED] - Object: 'Object Repository/Login/button_Masuk di halaman login' is clicked on

2023-10-06 12:32:33 - [TEST_STEP][PASSED] - verifyElementPresent(findTestObject("Pendaftaran/verifikasi MASUK di halaman Login"), 0): Object 'Object Repository/Pendaftaran/verifikasi MASUK di halaman Login' is present

2023-10-06 12:32:33 - [MESSAGE][WARNING] - Timeout '0' is invalid. Using default page load timeout: '30'

2023-10-06 12:32:34 - [MESSAGE][PASSED] - Object 'Object Repository/Pendaftaran/verifikasi MASUK di halaman Login' is present

2023-10-06 12:32:34 - [MESSAGE][PASSED] - Call Test Case 'Test Cases/T08 - Konfirmasi Pesanan/TC-LS-001' successfully

2023-10-06 12:32:34 - [TEST_STEP][PASSED] - mouseOver(findTestObject("konfirmasi pesanan/a_Shop")): Object: 'Object Repository/konfirmasi pesanan/a_Shop' is hovered

2023-10-06 12:32:34 - [MESSAGE][PASSED] - Object: 'Object Repository/konfirmasi pesanan/a_Shop' is hovered

2023-10-06 12:32:34 - [TEST_STEP][PASSED] - click(findTestObject("konfirmasi pesanan/New Konfirmasi_Orders")): Object: 'Object Repository/konfirmasi pesanan/New Konfirmasi_Orders' is clicked on

2023-10-06 12:32:36 - [MESSAGE][PASSED] - Object: 'Object Repository/konfirmasi pesanan/New Konfirmasi_Orders' is clicked on

2023-10-06 12:32:36 - [TEST_STEP][PASSED] - verifyElementPresent(findTestObject("konfirmasi pesanan/verifikasi masuk halaman konfirmasi pesanan"), 0): Object 'Object Repository/konfirmasi pesanan/verifikasi masuk halaman konfirmasi pesanan' is present

2023-10-06 12:32:36 - [MESSAGE][WARNING] - Timeout '0' is invalid. Using default page load timeout: '30'

2023-10-06 12:32:37 - [MESSAGE][PASSED] - Object 'Object Repository/konfirmasi pesanan/verifikasi masuk halaman konfirmasi pesanan' is present

2023-10-06 12:32:37 - [TEST_STEP][PASSED] - setText(findTestObject("konfirmasi pesanan/input_No Pesanan_a di shop"), invoice): Text 'TRX20230907090150' is set on object 'Object Repository/konfirmasi pesanan/input_No Pesanan_a di shop'

2023-10-06 12:32:38 - [MESSAGE][PASSED] - Text 'TRX20230907090150' is set on object 'Object Repository/konfirmasi pesanan/input_No Pesanan_a di shop'

2023-10-06 12:32:38 - [TEST_STEP][PASSED] - setText(findTestObject("konfirmasi pesanan/input_Alamat E-mail_form-control"), email): Text 'runarun@gmail.com' is set on object 'Object Repository/konfirmasi pesanan/input_Alamat E-mail_form-control'

2023-10-06 12:32:39 - [MESSAGE][PASSED] - Text 'runarun@gmail.com' is set on object 'Object Repository/konfirmasi pesanan/input_Alamat E-mail_form-control'

2023-10-06 12:32:39 - [TEST_STEP][PASSED] - click(findTestObject("konfirmasi pesanan/button_Submit")): Object: 'Object Repository/konfirmasi pesanan/button_Submit' is clicked on

2023-10-06 12:32:40 - [MESSAGE][PASSED] - Object: 'Object Repository/konfirmasi pesanan/button_Submit' is clicked on

2023-10-06 12:32:40 - [TEST_STEP][FAILED] - verifyTextPresent("please input an valid invoice", false): Unable to verify text 'please input an valid invoice' is present  (Root cause: com.kms.katalon.core.exception.StepFailedException: Unable to verify text 'please input an valid invoice' is present 
	at com.kms.katalon.core.webui.keyword.internal.WebUIKeywordMain.stepFailed(WebUIKeywordMain.groovy:64)
	at com.kms.katalon.core.webui.keyword.internal.WebUIKeywordMain.runKeyword(WebUIKeywordMain.groovy:26)
	at com.kms.katalon.core.webui.keyword.builtin.VerifyTextPresentKeyword.verifyTextPresent(VerifyTextPresentKeyword.groovy:83)
	at com.kms.katalon.core.webui.keyword.builtin.VerifyTextPresentKeyword.execute(VerifyTextPresentKeyword.groovy:68)
	at com.kms.katalon.core.keyword.internal.KeywordExecutor.executeKeywordForPlatform(KeywordExecutor.groovy:74)
	at com.kms.katalon.core.webui.keyword.WebUiBuiltInKeywords.verifyTextPresent(WebUiBuiltInKeywords.groovy:1723)
	at com.kms.katalon.core.webui.keyword.WebUiBuiltInKeywords$verifyTextPresent$14.call(Unknown Source)
	at TC-KF-005.run(TC-KF-005:34)
	at com.kms.katalon.core.main.ScriptEngine.run(ScriptEngine.java:194)
	at com.kms.katalon.core.main.ScriptEngine.runScriptAsRawText(ScriptEngine.java:119)
	at com.kms.katalon.core.main.TestCaseExecutor.runScript(TestCaseExecutor.java:448)
	at com.kms.katalon.core.main.TestCaseExecutor.doExecute(TestCaseExecutor.java:439)
	at com.kms.katalon.core.main.TestCaseExecutor.processExecutionPhase(TestCaseExecutor.java:418)
	at com.kms.katalon.core.main.TestCaseExecutor.accessMainPhase(TestCaseExecutor.java:410)
	at com.kms.katalon.core.main.TestCaseExecutor.execute(TestCaseExecutor.java:285)
	at com.kms.katalon.core.common.CommonExecutor.accessTestCaseMainPhase(CommonExecutor.java:65)
	at com.kms.katalon.core.main.TestSuiteExecutor.accessTestSuiteMainPhase(TestSuiteExecutor.java:148)
	at com.kms.katalon.core.main.TestSuiteExecutor.execute(TestSuiteExecutor.java:106)
	at com.kms.katalon.core.main.TestCaseMain.startTestSuite(TestCaseMain.java:187)
	at com.kms.katalon.core.main.TestCaseMain$startTestSuite$0.call(Unknown Source)
	at TempTestSuite1696569176253.run(TempTestSuite1696569176253.groovy:36)
Caused by: com.kms.katalon.core.exception.StepFailedException: Text 'please input an valid invoice' is not present on page 
	at com.kms.katalon.core.webui.keyword.internal.WebUIKeywordMain.stepFailed(WebUIKeywordMain.groovy:64)
	at com.kms.katalon.core.webui.keyword.builtin.VerifyTextPresentKeyword$_verifyTextPresent_closure1.doCall(VerifyTextPresentKeyword.groovy:79)
	at com.kms.katalon.core.webui.keyword.builtin.VerifyTextPresentKeyword$_verifyTextPresent_closure1.call(VerifyTextPresentKeyword.groovy)
	at com.kms.katalon.core.webui.keyword.internal.WebUIKeywordMain.runKeyword(WebUIKeywordMain.groovy:20)
	... 19 more
)

2023-10-06 12:32:42 - [MESSAGE][FAILED] - Text 'please input an valid invoice' is not present on page  (Root cause: com.kms.katalon.core.exception.StepFailedException: Text 'please input an valid invoice' is not present on page 
	at com.kms.katalon.core.webui.keyword.internal.WebUIKeywordMain.stepFailed(WebUIKeywordMain.groovy:64)
	at com.kms.katalon.core.webui.keyword.builtin.VerifyTextPresentKeyword$_verifyTextPresent_closure1.doCall(VerifyTextPresentKeyword.groovy:79)
	at com.kms.katalon.core.webui.keyword.builtin.VerifyTextPresentKeyword$_verifyTextPresent_closure1.call(VerifyTextPresentKeyword.groovy)
	at com.kms.katalon.core.webui.keyword.internal.WebUIKeywordMain.runKeyword(WebUIKeywordMain.groovy:20)
	at com.kms.katalon.core.webui.keyword.builtin.VerifyTextPresentKeyword.verifyTextPresent(VerifyTextPresentKeyword.groovy:83)
	at com.kms.katalon.core.webui.keyword.builtin.VerifyTextPresentKeyword.execute(VerifyTextPresentKeyword.groovy:68)
	at com.kms.katalon.core.keyword.internal.KeywordExecutor.executeKeywordForPlatform(KeywordExecutor.groovy:74)
	at com.kms.katalon.core.webui.keyword.WebUiBuiltInKeywords.verifyTextPresent(WebUiBuiltInKeywords.groovy:1723)
	at com.kms.katalon.core.webui.keyword.WebUiBuiltInKeywords$verifyTextPresent$14.call(Unknown Source)
	at TC-KF-005.run(TC-KF-005:34)
	at com.kms.katalon.core.main.ScriptEngine.run(ScriptEngine.java:194)
	at com.kms.katalon.core.main.ScriptEngine.runScriptAsRawText(ScriptEngine.java:119)
	at com.kms.katalon.core.main.TestCaseExecutor.runScript(TestCaseExecutor.java:448)
	at com.kms.katalon.core.main.TestCaseExecutor.doExecute(TestCaseExecutor.java:439)
	at com.kms.katalon.core.main.TestCaseExecutor.processExecutionPhase(TestCaseExecutor.java:418)
	at com.kms.katalon.core.main.TestCaseExecutor.accessMainPhase(TestCaseExecutor.java:410)
	at com.kms.katalon.core.main.TestCaseExecutor.execute(TestCaseExecutor.java:285)
	at com.kms.katalon.core.common.CommonExecutor.accessTestCaseMainPhase(CommonExecutor.java:65)
	at com.kms.katalon.core.main.TestSuiteExecutor.accessTestSuiteMainPhase(TestSuiteExecutor.java:148)
	at com.kms.katalon.core.main.TestSuiteExecutor.execute(TestSuiteExecutor.java:106)
	at com.kms.katalon.core.main.TestCaseMain.startTestSuite(TestCaseMain.java:187)
	at com.kms.katalon.core.main.TestCaseMain$startTestSuite$0.call(Unknown Source)
	at TempTestSuite1696569176253.run(TempTestSuite1696569176253.groovy:36)
)

2023-10-06 12:32:42 - [MESSAGE][FAILED] - Unable to verify text 'please input an valid invoice' is present  (Root cause: com.kms.katalon.core.exception.StepFailedException: Unable to verify text 'please input an valid invoice' is present 
	at com.kms.katalon.core.webui.keyword.internal.WebUIKeywordMain.stepFailed(WebUIKeywordMain.groovy:64)
	at com.kms.katalon.core.webui.keyword.internal.WebUIKeywordMain.runKeyword(WebUIKeywordMain.groovy:26)
	at com.kms.katalon.core.webui.keyword.builtin.VerifyTextPresentKeyword.verifyTextPresent(VerifyTextPresentKeyword.groovy:83)
	at com.kms.katalon.core.webui.keyword.builtin.VerifyTextPresentKeyword.execute(VerifyTextPresentKeyword.groovy:68)
	at com.kms.katalon.core.keyword.internal.KeywordExecutor.executeKeywordForPlatform(KeywordExecutor.groovy:74)
	at com.kms.katalon.core.webui.keyword.WebUiBuiltInKeywords.verifyTextPresent(WebUiBuiltInKeywords.groovy:1723)
	at com.kms.katalon.core.webui.keyword.WebUiBuiltInKeywords$verifyTextPresent$14.call(Unknown Source)
	at TC-KF-005.run(TC-KF-005:34)
	at com.kms.katalon.core.main.ScriptEngine.run(ScriptEngine.java:194)
	at com.kms.katalon.core.main.ScriptEngine.runScriptAsRawText(ScriptEngine.java:119)
	at com.kms.katalon.core.main.TestCaseExecutor.runScript(TestCaseExecutor.java:448)
	at com.kms.katalon.core.main.TestCaseExecutor.doExecute(TestCaseExecutor.java:439)
	at com.kms.katalon.core.main.TestCaseExecutor.processExecutionPhase(TestCaseExecutor.java:418)
	at com.kms.katalon.core.main.TestCaseExecutor.accessMainPhase(TestCaseExecutor.java:410)
	at com.kms.katalon.core.main.TestCaseExecutor.execute(TestCaseExecutor.java:285)
	at com.kms.katalon.core.common.CommonExecutor.accessTestCaseMainPhase(CommonExecutor.java:65)
	at com.kms.katalon.core.main.TestSuiteExecutor.accessTestSuiteMainPhase(TestSuiteExecutor.java:148)
	at com.kms.katalon.core.main.TestSuiteExecutor.execute(TestSuiteExecutor.java:106)
	at com.kms.katalon.core.main.TestCaseMain.startTestSuite(TestCaseMain.java:187)
	at com.kms.katalon.core.main.TestCaseMain$startTestSuite$0.call(Unknown Source)
	at TempTestSuite1696569176253.run(TempTestSuite1696569176253.groovy:36)
Caused by: com.kms.katalon.core.exception.StepFailedException: Text 'please input an valid invoice' is not present on page 
	at com.kms.katalon.core.webui.keyword.internal.WebUIKeywordMain.stepFailed(WebUIKeywordMain.groovy:64)
	at com.kms.katalon.core.webui.keyword.builtin.VerifyTextPresentKeyword$_verifyTextPresent_closure1.doCall(VerifyTextPresentKeyword.groovy:79)
	at com.kms.katalon.core.webui.keyword.builtin.VerifyTextPresentKeyword$_verifyTextPresent_closure1.call(VerifyTextPresentKeyword.groovy)
	at com.kms.katalon.core.webui.keyword.internal.WebUIKeywordMain.runKeyword(WebUIKeywordMain.groovy:20)
	... 19 more
)
[[ATTACHMENT|F:\\bootcamp\\Miniproject\\Tajalapak\\Reports\\20231006_121256\\T08 - Konfirmasi Pesanan\\20231006_121256\\1696570362064.png]]]]></system-out>
         <system-err><![CDATA[2023-10-06 12:32:16 - [TEST_CASE][FAILED] - Test Cases/T08 - Konfirmasi Pesanan/TC-KF-005: Test Cases/T08 - Konfirmasi Pesanan/TC-KF-005 FAILED.
Reason:
com.kms.katalon.core.exception.StepFailedException: Unable to verify text 'please input an valid invoice' is present 
	at com.kms.katalon.core.webui.keyword.internal.WebUIKeywordMain.stepFailed(WebUIKeywordMain.groovy:64)
	at com.kms.katalon.core.webui.keyword.internal.WebUIKeywordMain.runKeyword(WebUIKeywordMain.groovy:26)
	at com.kms.katalon.core.webui.keyword.builtin.VerifyTextPresentKeyword.verifyTextPresent(VerifyTextPresentKeyword.groovy:83)
	at com.kms.katalon.core.webui.keyword.builtin.VerifyTextPresentKeyword.execute(VerifyTextPresentKeyword.groovy:68)
	at com.kms.katalon.core.keyword.internal.KeywordExecutor.executeKeywordForPlatform(KeywordExecutor.groovy:74)
	at com.kms.katalon.core.webui.keyword.WebUiBuiltInKeywords.verifyTextPresent(WebUiBuiltInKeywords.groovy:1723)
	at com.kms.katalon.core.webui.keyword.WebUiBuiltInKeywords$verifyTextPresent$14.call(Unknown Source)
	at TC-KF-005.run(TC-KF-005:34)
	at com.kms.katalon.core.main.ScriptEngine.run(ScriptEngine.java:194)
	at com.kms.katalon.core.main.ScriptEngine.runScriptAsRawText(ScriptEngine.java:119)
	at com.kms.katalon.core.main.TestCaseExecutor.runScript(TestCaseExecutor.java:448)
	at com.kms.katalon.core.main.TestCaseExecutor.doExecute(TestCaseExecutor.java:439)
	at com.kms.katalon.core.main.TestCaseExecutor.processExecutionPhase(TestCaseExecutor.java:418)
	at com.kms.katalon.core.main.TestCaseExecutor.accessMainPhase(TestCaseExecutor.java:410)
	at com.kms.katalon.core.main.TestCaseExecutor.execute(TestCaseExecutor.java:285)
	at com.kms.katalon.core.common.CommonExecutor.accessTestCaseMainPhase(CommonExecutor.java:65)
	at com.kms.katalon.core.main.TestSuiteExecutor.accessTestSuiteMainPhase(TestSuiteExecutor.java:148)
	at com.kms.katalon.core.main.TestSuiteExecutor.execute(TestSuiteExecutor.java:106)
	at com.kms.katalon.core.main.TestCaseMain.startTestSuite(TestCaseMain.java:187)
	at com.kms.katalon.core.main.TestCaseMain$startTestSuite$0.call(Unknown Source)
	at TempTestSuite1696569176253.run(TempTestSuite1696569176253.groovy:36)
Caused by: com.kms.katalon.core.exception.StepFailedException: Text 'please input an valid invoice' is not present on page 
	at com.kms.katalon.core.webui.keyword.internal.WebUIKeywordMain.stepFailed(WebUIKeywordMain.groovy:64)
	at com.kms.katalon.core.webui.keyword.builtin.VerifyTextPresentKeyword$_verifyTextPresent_closure1.doCall(VerifyTextPresentKeyword.groovy:79)
	at com.kms.katalon.core.webui.keyword.builtin.VerifyTextPresentKeyword$_verifyTextPresent_closure1.call(VerifyTextPresentKeyword.groovy)
	at com.kms.katalon.core.webui.keyword.internal.WebUIKeywordMain.runKeyword(WebUIKeywordMain.groovy:20)
	... 19 more]]></system-err>
      </testcase>
      <testcase name="Test Cases/T08 - Konfirmasi Pesanan/TC-KF-006" time="57.608" classname="Test Cases/T08 - Konfirmasi Pesanan/TC-KF-006" status="FAILED">
         <failure type="FAILED" message="Test Cases/T08 - Konfirmasi Pesanan/TC-KF-006 FAILED.
Reason:
com.kms.katalon.core.exception.StepFailedException: Unable to verify text 'please input an valid date' is present 
	at com.kms.katalon.core.webui.keyword.internal.WebUIKeywordMain.stepFailed(WebUIKeywordMain.groovy:64)
	at com.kms.katalon.core.webui.keyword.internal.WebUIKeywordMain.runKeyword(WebUIKeywordMain.groovy:26)
	at com.kms.katalon.core.webui.keyword.builtin.VerifyTextPresentKeyword.verifyTextPresent(VerifyTextPresentKeyword.groovy:83)
	at com.kms.katalon.core.webui.keyword.builtin.VerifyTextPresentKeyword.execute(VerifyTextPresentKeyword.groovy:68)
	at com.kms.katalon.core.keyword.internal.KeywordExecutor.executeKeywordForPlatform(KeywordExecutor.groovy:74)
	at com.kms.katalon.core.webui.keyword.WebUiBuiltInKeywords.verifyTextPresent(WebUiBuiltInKeywords.groovy:1723)
	at com.kms.katalon.core.webui.keyword.WebUiBuiltInKeywords$verifyTextPresent$14.call(Unknown Source)
	at TC-KF-006.run(TC-KF-006:66)
	at com.kms.katalon.core.main.ScriptEngine.run(ScriptEngine.java:194)
	at com.kms.katalon.core.main.ScriptEngine.runScriptAsRawText(ScriptEngine.java:119)
	at com.kms.katalon.core.main.TestCaseExecutor.runScript(TestCaseExecutor.java:448)
	at com.kms.katalon.core.main.TestCaseExecutor.doExecute(TestCaseExecutor.java:439)
	at com.kms.katalon.core.main.TestCaseExecutor.processExecutionPhase(TestCaseExecutor.java:418)
	at com.kms.katalon.core.main.TestCaseExecutor.accessMainPhase(TestCaseExecutor.java:410)
	at com.kms.katalon.core.main.TestCaseExecutor.execute(TestCaseExecutor.java:285)
	at com.kms.katalon.core.common.CommonExecutor.accessTestCaseMainPhase(CommonExecutor.java:65)
	at com.kms.katalon.core.main.TestSuiteExecutor.accessTestSuiteMainPhase(TestSuiteExecutor.java:148)
	at com.kms.katalon.core.main.TestSuiteExecutor.execute(TestSuiteExecutor.java:106)
	at com.kms.katalon.core.main.TestCaseMain.startTestSuite(TestCaseMain.java:187)
	at com.kms.katalon.core.main.TestCaseMain$startTestSuite$0.call(Unknown Source)
	at TempTestSuite1696569176253.run(TempTestSuite1696569176253.groovy:36)
Caused by: com.kms.katalon.core.exception.StepFailedException: Text 'please input an valid date' is not present on page 
	at com.kms.katalon.core.webui.keyword.internal.WebUIKeywordMain.stepFailed(WebUIKeywordMain.groovy:64)
	at com.kms.katalon.core.webui.keyword.builtin.VerifyTextPresentKeyword$_verifyTextPresent_closure1.doCall(VerifyTextPresentKeyword.groovy:79)
	at com.kms.katalon.core.webui.keyword.builtin.VerifyTextPresentKeyword$_verifyTextPresent_closure1.call(VerifyTextPresentKeyword.groovy)
	at com.kms.katalon.core.webui.keyword.internal.WebUIKeywordMain.runKeyword(WebUIKeywordMain.groovy:20)
	... 19 more
"/>
         <system-out><![CDATA[2023-10-06 12:32:42 - [TEST_CASE][FAILED] - Test Cases/T08 - Konfirmasi Pesanan/TC-KF-006: Test Cases/T08 - Konfirmasi Pesanan/TC-KF-006 FAILED.
Reason:
com.kms.katalon.core.exception.StepFailedException: Unable to verify text 'please input an valid date' is present 
	at com.kms.katalon.core.webui.keyword.internal.WebUIKeywordMain.stepFailed(WebUIKeywordMain.groovy:64)
	at com.kms.katalon.core.webui.keyword.internal.WebUIKeywordMain.runKeyword(WebUIKeywordMain.groovy:26)
	at com.kms.katalon.core.webui.keyword.builtin.VerifyTextPresentKeyword.verifyTextPresent(VerifyTextPresentKeyword.groovy:83)
	at com.kms.katalon.core.webui.keyword.builtin.VerifyTextPresentKeyword.execute(VerifyTextPresentKeyword.groovy:68)
	at com.kms.katalon.core.keyword.internal.KeywordExecutor.executeKeywordForPlatform(KeywordExecutor.groovy:74)
	at com.kms.katalon.core.webui.keyword.WebUiBuiltInKeywords.verifyTextPresent(WebUiBuiltInKeywords.groovy:1723)
	at com.kms.katalon.core.webui.keyword.WebUiBuiltInKeywords$verifyTextPresent$14.call(Unknown Source)
	at TC-KF-006.run(TC-KF-006:66)
	at com.kms.katalon.core.main.ScriptEngine.run(ScriptEngine.java:194)
	at com.kms.katalon.core.main.ScriptEngine.runScriptAsRawText(ScriptEngine.java:119)
	at com.kms.katalon.core.main.TestCaseExecutor.runScript(TestCaseExecutor.java:448)
	at com.kms.katalon.core.main.TestCaseExecutor.doExecute(TestCaseExecutor.java:439)
	at com.kms.katalon.core.main.TestCaseExecutor.processExecutionPhase(TestCaseExecutor.java:418)
	at com.kms.katalon.core.main.TestCaseExecutor.accessMainPhase(TestCaseExecutor.java:410)
	at com.kms.katalon.core.main.TestCaseExecutor.execute(TestCaseExecutor.java:285)
	at com.kms.katalon.core.common.CommonExecutor.accessTestCaseMainPhase(CommonExecutor.java:65)
	at com.kms.katalon.core.main.TestSuiteExecutor.accessTestSuiteMainPhase(TestSuiteExecutor.java:148)
	at com.kms.katalon.core.main.TestSuiteExecutor.execute(TestSuiteExecutor.java:106)
	at com.kms.katalon.core.main.TestCaseMain.startTestSuite(TestCaseMain.java:187)
	at com.kms.katalon.core.main.TestCaseMain$startTestSuite$0.call(Unknown Source)
	at TempTestSuite1696569176253.run(TempTestSuite1696569176253.groovy:36)
Caused by: com.kms.katalon.core.exception.StepFailedException: Text 'please input an valid date' is not present on page 
	at com.kms.katalon.core.webui.keyword.internal.WebUIKeywordMain.stepFailed(WebUIKeywordMain.groovy:64)
	at com.kms.katalon.core.webui.keyword.builtin.VerifyTextPresentKeyword$_verifyTextPresent_closure1.doCall(VerifyTextPresentKeyword.groovy:79)
	at com.kms.katalon.core.webui.keyword.builtin.VerifyTextPresentKeyword$_verifyTextPresent_closure1.call(VerifyTextPresentKeyword.groovy)
	at com.kms.katalon.core.webui.keyword.internal.WebUIKeywordMain.runKeyword(WebUIKeywordMain.groovy:20)
	... 19 more


2023-10-06 12:32:43 - [TEST_STEP][PASSED] - data = callTestCase(findTestCase("T08 - Konfirmasi Pesanan/TC-OS-001"), ["Roda":"2", "MetodePembayaran":"transfer"], STOP_ON_FAILURE): Call Test Case 'Test Cases/T08 - Konfirmasi Pesanan/TC-OS-001' successfully

2023-10-06 12:32:43 - [TEST_CASE][PASSED] - Test Cases/T08 - Konfirmasi Pesanan/TC-OS-001: Test Cases/T08 - Konfirmasi Pesanan/TC-OS-001

2023-10-06 12:32:43 - [TEST_STEP][PASSED] - callTestCase(findTestCase("T08 - Konfirmasi Pesanan/TC-LS-001"), [:], STOP_ON_FAILURE): Call Test Case 'Test Cases/T08 - Konfirmasi Pesanan/TC-LS-001' successfully

2023-10-06 12:32:43 - [TEST_CASE][PASSED] - Test Cases/T08 - Konfirmasi Pesanan/TC-LS-001: Test Cases/T08 - Konfirmasi Pesanan/TC-LS-001

2023-10-06 12:32:43 - [TEST_STEP][PASSED] - openBrowser(urlWeb): Browser is opened with url: 'https://10.9.2.63/ecommerce/'

2023-10-06 12:32:43 - [MESSAGE][WARNING] - A browser is already opened. Closing browser and opening a new one

2023-10-06 12:32:45 - [MESSAGE][INFO] - Starting 'Firefox' driver

2023-10-06 12:32:45 - [MESSAGE][INFO] - User set preference: ['args', '[window-size=1500,1000, ignore-certificate-errors, UnexpectedAlertBehaviour=ignore]']

2023-10-06 12:32:45 - [MESSAGE][INFO] - Action delay is set to 0 milliseconds

2023-10-06 12:32:53 - [MESSAGE][PASSED] - Browser is opened with url: 'https://10.9.2.63/ecommerce/'

2023-10-06 12:32:53 - [TEST_STEP][PASSED] - maximizeWindow(): Current window maximized

2023-10-06 12:32:53 - [MESSAGE][PASSED] - Current window maximized

2023-10-06 12:32:53 - [TEST_STEP][PASSED] - click(findTestObject("Login/a_Login")): Object: 'Object Repository/Login/a_Login' is clicked on

2023-10-06 12:32:54 - [MESSAGE][PASSED] - Object: 'Object Repository/Login/a_Login' is clicked on

2023-10-06 12:32:54 - [TEST_STEP][PASSED] - setText(findTestObject("Login/input_Username, Email atau No. Handphone_a"), "runa36"): Text 'runa36' is set on object 'Object Repository/Login/input_Username, Email atau No. Handphone_a'

2023-10-06 12:32:55 - [MESSAGE][PASSED] - Text 'runa36' is set on object 'Object Repository/Login/input_Username, Email atau No. Handphone_a'

2023-10-06 12:32:55 - [TEST_STEP][PASSED] - setEncryptedText(findTestObject("Login/input_Password di Login(Masuk)"), "qbkrdMwyWE4="): Text ****** has been set on object 'Object Repository/Login/input_Password di Login(Masuk)'

2023-10-06 12:32:55 - [MESSAGE][PASSED] - Text ****** has been set on object 'Object Repository/Login/input_Password di Login(Masuk)'

2023-10-06 12:32:55 - [TEST_STEP][PASSED] - click(findTestObject("Login/button_Masuk di halaman login")): Object: 'Object Repository/Login/button_Masuk di halaman login' is clicked on

2023-10-06 12:32:57 - [MESSAGE][PASSED] - Object: 'Object Repository/Login/button_Masuk di halaman login' is clicked on

2023-10-06 12:32:57 - [TEST_STEP][PASSED] - verifyElementPresent(findTestObject("Pendaftaran/verifikasi MASUK di halaman Login"), 0): Object 'Object Repository/Pendaftaran/verifikasi MASUK di halaman Login' is present

2023-10-06 12:32:57 - [MESSAGE][WARNING] - Timeout '0' is invalid. Using default page load timeout: '30'

2023-10-06 12:32:58 - [MESSAGE][PASSED] - Object 'Object Repository/Pendaftaran/verifikasi MASUK di halaman Login' is present

2023-10-06 12:32:58 - [MESSAGE][PASSED] - Call Test Case 'Test Cases/T08 - Konfirmasi Pesanan/TC-LS-001' successfully

2023-10-06 12:32:58 - [TEST_STEP][PASSED] - setText(findTestObject("chekout/input aku mau belanja"), "acer"): Text 'acer' is set on object 'Object Repository/chekout/input aku mau belanja'

2023-10-06 12:32:59 - [MESSAGE][PASSED] - Text 'acer' is set on object 'Object Repository/chekout/input aku mau belanja'

2023-10-06 12:32:59 - [TEST_STEP][PASSED] - click(findTestObject("chekout/button_Cari di halaman tajalapak")): Object: 'Object Repository/chekout/button_Cari di halaman tajalapak' is clicked on

2023-10-06 12:33:00 - [MESSAGE][PASSED] - Object: 'Object Repository/chekout/button_Cari di halaman tajalapak' is clicked on

2023-10-06 12:33:00 - [TEST_STEP][PASSED] - click(findTestObject("chekout/NEW read more acer")): Object: 'Object Repository/chekout/NEW read more acer' is clicked on

2023-10-06 12:33:02 - [MESSAGE][PASSED] - Object: 'Object Repository/chekout/NEW read more acer' is clicked on

2023-10-06 12:33:02 - [TEST_STEP][PASSED] - click(findTestObject("chekout/button_Beli Sekarang di detail produk")): Object: 'Object Repository/chekout/button_Beli Sekarang di detail produk' is clicked on

2023-10-06 12:33:04 - [MESSAGE][PASSED] - Object: 'Object Repository/chekout/button_Beli Sekarang di detail produk' is clicked on

2023-10-06 12:33:04 - [TEST_STEP][PASSED] - verifyElementPresent(findTestObject("chekout/halaman keranjang belanja"), 0): Object 'Object Repository/chekout/halaman keranjang belanja' is present

2023-10-06 12:33:05 - [MESSAGE][WARNING] - Timeout '0' is invalid. Using default page load timeout: '30'

2023-10-06 12:33:06 - [MESSAGE][PASSED] - Object 'Object Repository/chekout/halaman keranjang belanja' is present

2023-10-06 12:33:06 - [TEST_STEP][PASSED] - click(findTestObject("chekout/button_Lanjut ke Pembayaran")): Object: 'Object Repository/chekout/button_Lanjut ke Pembayaran' is clicked on

2023-10-06 12:33:08 - [MESSAGE][PASSED] - Object: 'Object Repository/chekout/button_Lanjut ke Pembayaran' is clicked on

2023-10-06 12:33:08 - [TEST_STEP][PASSED] - selectOptionByValue(findTestObject("Object Repository/chekout/select_- Kirim via Kurir Lokal -Roda 2Roda 4"), Roda, false): All options with value '2' are selected in object 'Object Repository/chekout/select_- Kirim via Kurir Lokal -Roda 2Roda 4' 

2023-10-06 12:33:09 - [MESSAGE][PASSED] - All options with value '2' are selected in object 'Object Repository/chekout/select_- Kirim via Kurir Lokal -Roda 2Roda 4' 

2023-10-06 12:33:09 - [TEST_STEP][PASSED] - click(findTestObject("chekout/jenis kendaraan")): Object: 'Object Repository/chekout/jenis kendaraan' is clicked on

2023-10-06 12:33:10 - [MESSAGE][PASSED] - Object: 'Object Repository/chekout/jenis kendaraan' is clicked on

2023-10-06 12:33:10 - [TEST_STEP][PASSED] - if (toString().equalsIgnoreCase("transfer")): Object 'Object Repository/chekout/input metode tf bank' is checked

2023-10-06 12:33:10 - [TEST_STEP][PASSED] - check(findTestObject("chekout/input metode tf bank")): Object 'Object Repository/chekout/input metode tf bank' is checked

2023-10-06 12:33:10 - [MESSAGE][PASSED] - Object 'Object Repository/chekout/input metode tf bank' is checked

2023-10-06 12:33:10 - [TEST_STEP][PASSED] - click(findTestObject("chekout/button_Proses Pembayaran")): Object: 'Object Repository/chekout/button_Proses Pembayaran' is clicked on

2023-10-06 12:33:16 - [MESSAGE][PASSED] - Object: 'Object Repository/chekout/button_Proses Pembayaran' is clicked on

2023-10-06 12:33:16 - [TEST_STEP][PASSED] - noPesanan = getText(findTestObject("Object Repository/chekout/nomor invoice dari halaman menunggu pembayaran")): Text of object 'Object Repository/chekout/nomor invoice dari halaman menunggu pembayaran' is: 'TRX91.20231006123311'

2023-10-06 12:33:19 - [MESSAGE][PASSED] - Text of object 'Object Repository/chekout/nomor invoice dari halaman menunggu pembayaran' is: 'TRX91.20231006123311'

2023-10-06 12:33:19 - [TEST_STEP][PASSED] - println(noPesanan): null

2023-10-06 12:33:19 - [TEST_STEP][PASSED] - pengirim = getText(findTestObject("Object Repository/chekout/dikirim kepada sama dengan pengirim di tf di konfirmaasi bayar")): Text of object 'Object Repository/chekout/dikirim kepada sama dengan pengirim di tf di konfirmaasi bayar' is: 'runarun'

2023-10-06 12:33:20 - [MESSAGE][PASSED] - Text of object 'Object Repository/chekout/dikirim kepada sama dengan pengirim di tf di konfirmaasi bayar' is: 'runarun'

2023-10-06 12:33:20 - [TEST_STEP][PASSED] - totalharga = getText(findTestObject("Object Repository/chekout/total harga bayar")): Text of object 'Object Repository/chekout/total harga bayar' is: '17,057'

2023-10-06 12:33:20 - [MESSAGE][PASSED] - Text of object 'Object Repository/chekout/total harga bayar' is: '17,057'

2023-10-06 12:33:20 - [TEST_STEP][PASSED] - ongkir = getText(findTestObject("co saldo akun/new ongkir tf")): Text of object 'Object Repository/co saldo akun/new ongkir tf' is: 'Rp 13,000'

2023-10-06 12:33:21 - [MESSAGE][PASSED] - Text of object 'Object Repository/co saldo akun/new ongkir tf' is: 'Rp 13,000'

2023-10-06 12:33:21 - [TEST_STEP][PASSED] - ongkirr = replace(",", "").trim(): null

2023-10-06 12:33:21 - [TEST_STEP][PASSED] - ongkir1 = Integer.parseInt(ongkirr): null

2023-10-06 12:33:21 - [TEST_STEP][PASSED] - println(ongkir1): null

2023-10-06 12:33:21 - [TEST_STEP][PASSED] - biayaAdmin = getText(findTestObject("co saldo akun/new fee admin tf")): Text of object 'Object Repository/co saldo akun/new fee admin tf' is: 'Rp 1,500'

2023-10-06 12:33:22 - [MESSAGE][PASSED] - Text of object 'Object Repository/co saldo akun/new fee admin tf' is: 'Rp 1,500'

2023-10-06 12:33:22 - [TEST_STEP][PASSED] - bAdmin = replace(",", "").trim(): null

2023-10-06 12:33:22 - [TEST_STEP][PASSED] - Integer.parseInt(bAdmin): null

2023-10-06 12:33:22 - [TEST_STEP][PASSED] - Admin = Double.parseDouble(bAdmin): null

2023-10-06 12:33:22 - [TEST_STEP][PASSED] - println(Admin): null

2023-10-06 12:33:22 - [TEST_STEP][PASSED] - subtotal = getText(findTestObject("co saldo akun/new subtotal tf")): Text of object 'Object Repository/co saldo akun/new subtotal tf' is: 'Rp 2,246'

2023-10-06 12:33:22 - [MESSAGE][PASSED] - Text of object 'Object Repository/co saldo akun/new subtotal tf' is: 'Rp 2,246'

2023-10-06 12:33:22 - [TEST_STEP][PASSED] - subtotall = replace(",", "").trim(): null

2023-10-06 12:33:22 - [TEST_STEP][PASSED] - Integer.parseInt(subtotall): null

2023-10-06 12:33:22 - [TEST_STEP][PASSED] - sub = Double.parseDouble(subtotall): null

2023-10-06 12:33:22 - [TEST_STEP][PASSED] - println(sub): null

2023-10-06 12:33:22 - [TEST_STEP][PASSED] - kode = getText(findTestObject("co saldo akun/new kode unik tf")): Text of object 'Object Repository/co saldo akun/new kode unik tf' is: '+311'

2023-10-06 12:33:22 - [MESSAGE][PASSED] - Text of object 'Object Repository/co saldo akun/new kode unik tf' is: '+311'

2023-10-06 12:33:22 - [TEST_STEP][PASSED] - kodee = replace("+", "").trim(): null

2023-10-06 12:33:22 - [TEST_STEP][PASSED] - Integer.parseInt(kodee): null

2023-10-06 12:33:22 - [TEST_STEP][PASSED] - code = Double.parseDouble(kodee): null

2023-10-06 12:33:22 - [TEST_STEP][PASSED] - tOng = ongkir1 + sub: null

2023-10-06 12:33:22 - [TEST_STEP][PASSED] - println(tOng): null

2023-10-06 12:33:22 - [TEST_STEP][PASSED] - totalBayar = tOng + Admin + code: null

2023-10-06 12:33:22 - [TEST_STEP][PASSED] - println(totalBayar): null

2023-10-06 12:33:22 - [TEST_STEP][PASSED] - totalBayar1 = totalBayar: null

2023-10-06 12:33:22 - [TEST_STEP][PASSED] - println(totalBayar1): null

2023-10-06 12:33:22 - [TEST_STEP][PASSED] - total = getText(findTestObject("co saldo akun/new total harga tf")): Text of object 'Object Repository/co saldo akun/new total harga tf' is: '17,057'

2023-10-06 12:33:23 - [MESSAGE][PASSED] - Text of object 'Object Repository/co saldo akun/new total harga tf' is: '17,057'

2023-10-06 12:33:23 - [TEST_STEP][PASSED] - total1 = replace(",", "").trim(): null

2023-10-06 12:33:23 - [TEST_STEP][PASSED] - total2 = Integer.parseInt(total1): null

2023-10-06 12:33:23 - [TEST_STEP][PASSED] - println(total2): null

2023-10-06 12:33:23 - [TEST_STEP][PASSED] - assert totalBayar1 == total2: null

2023-10-06 12:33:23 - [TEST_STEP][PASSED] - data = new java.util.HashMap(): null

2023-10-06 12:33:23 - [TEST_STEP][PASSED] - data.put("invoice", noPesanan): null

2023-10-06 12:33:23 - [TEST_STEP][PASSED] - data.put("namaPengirim", pengirim): null

2023-10-06 12:33:23 - [TEST_STEP][PASSED] - data.put("totalBayar", totalharga): null

2023-10-06 12:33:23 - [TEST_STEP][PASSED] - data.put("totalOngkir", tOng): null

2023-10-06 12:33:23 - [TEST_STEP][PASSED] - return data: null

2023-10-06 12:33:23 - [MESSAGE][PASSED] - Call Test Case 'Test Cases/T08 - Konfirmasi Pesanan/TC-OS-001' successfully

2023-10-06 12:33:23 - [TEST_STEP][PASSED] - noPesanan = data.get("invoice"): null

2023-10-06 12:33:23 - [TEST_STEP][PASSED] - nmPengirim = data.get("namaPengirim"): null

2023-10-06 12:33:23 - [TEST_STEP][PASSED] - bayarTotal = data.get("totalBayar"): null

2023-10-06 12:33:23 - [TEST_STEP][PASSED] - click(findTestObject("konfirmasi pesanan/a_Akun 0")): Object: 'Object Repository/konfirmasi pesanan/a_Akun 0' is clicked on

2023-10-06 12:33:24 - [MESSAGE][PASSED] - Object: 'Object Repository/konfirmasi pesanan/a_Akun 0' is clicked on

2023-10-06 12:33:24 - [TEST_STEP][PASSED] - click(findTestObject("konfirmasi pesanan/a_Profile")): Object: 'Object Repository/konfirmasi pesanan/a_Profile' is clicked on

2023-10-06 12:33:25 - [MESSAGE][PASSED] - Object: 'Object Repository/konfirmasi pesanan/a_Profile' is clicked on

2023-10-06 12:33:25 - [TEST_STEP][PASSED] - click(findTestObject("konfirmasi pesanan/a_Pembelian")): Object: 'Object Repository/konfirmasi pesanan/a_Pembelian' is clicked on

2023-10-06 12:33:27 - [MESSAGE][PASSED] - Object: 'Object Repository/konfirmasi pesanan/a_Pembelian' is clicked on

2023-10-06 12:33:27 - [TEST_STEP][PASSED] - click(findTestObject("konfirmasi pesanan/new konfirmasi bayar")): Object: 'Object Repository/konfirmasi pesanan/new konfirmasi bayar' is clicked on

2023-10-06 12:33:28 - [MESSAGE][PASSED] - Object: 'Object Repository/konfirmasi pesanan/new konfirmasi bayar' is clicked on

2023-10-06 12:33:28 - [TEST_STEP][PASSED] - verifyElementPresent(findTestObject("konfirmasi pesanan/verifikasi user masuk halaman konfirmasi bayar dari akun profil"), 0): Object 'Object Repository/konfirmasi pesanan/verifikasi user masuk halaman konfirmasi bayar dari akun profil' is present

2023-10-06 12:33:28 - [MESSAGE][WARNING] - Timeout '0' is invalid. Using default page load timeout: '30'

2023-10-06 12:33:29 - [MESSAGE][PASSED] - Object 'Object Repository/konfirmasi pesanan/verifikasi user masuk halaman konfirmasi bayar dari akun profil' is present

2023-10-06 12:33:29 - [TEST_STEP][PASSED] - clearText(findTestObject("konfirmasi pesanan/input_Total TagihanTransfer_b")): Text of object 'Object Repository/konfirmasi pesanan/input_Total TagihanTransfer_b' is cleared

2023-10-06 12:33:30 - [MESSAGE][PASSED] - Text of object 'Object Repository/konfirmasi pesanan/input_Total TagihanTransfer_b' is cleared

2023-10-06 12:33:30 - [TEST_STEP][PASSED] - setText(findTestObject("konfirmasi pesanan/input_Total TagihanTransfer_b"), bayarTotal): Text '17,057' is set on object 'Object Repository/konfirmasi pesanan/input_Total TagihanTransfer_b'

2023-10-06 12:33:30 - [MESSAGE][PASSED] - Text '17,057' is set on object 'Object Repository/konfirmasi pesanan/input_Total TagihanTransfer_b'

2023-10-06 12:33:30 - [TEST_STEP][PASSED] - selectOptionByValue(findTestObject("konfirmasi pesanan/select dropdown trasfer"), transfer, false): All options with value '1' are selected in object 'Object Repository/konfirmasi pesanan/select dropdown trasfer' 

2023-10-06 12:33:31 - [MESSAGE][PASSED] - All options with value '1' are selected in object 'Object Repository/konfirmasi pesanan/select dropdown trasfer' 

2023-10-06 12:33:31 - [TEST_STEP][PASSED] - clearText(findTestObject("konfirmasi pesanan/input_Nama Pengirim_d")): Text of object 'Object Repository/konfirmasi pesanan/input_Nama Pengirim_d' is cleared

2023-10-06 12:33:32 - [MESSAGE][PASSED] - Text of object 'Object Repository/konfirmasi pesanan/input_Nama Pengirim_d' is cleared

2023-10-06 12:33:32 - [TEST_STEP][PASSED] - setText(findTestObject("konfirmasi pesanan/input_Nama Pengirim_d"), name): Text 'runarun' is set on object 'Object Repository/konfirmasi pesanan/input_Nama Pengirim_d'

2023-10-06 12:33:33 - [MESSAGE][PASSED] - Text 'runarun' is set on object 'Object Repository/konfirmasi pesanan/input_Nama Pengirim_d'

2023-10-06 12:33:33 - [TEST_STEP][PASSED] - clearText(findTestObject("konfirmasi pesanan/input_Tanggal Transfer_e")): Text of object 'Object Repository/konfirmasi pesanan/input_Tanggal Transfer_e' is cleared

2023-10-06 12:33:34 - [MESSAGE][PASSED] - Text of object 'Object Repository/konfirmasi pesanan/input_Tanggal Transfer_e' is cleared

2023-10-06 12:33:34 - [TEST_STEP][PASSED] - setText(findTestObject("konfirmasi pesanan/input_Tanggal Transfer_e"), date): Text '2024-01-21' is set on object 'Object Repository/konfirmasi pesanan/input_Tanggal Transfer_e'

2023-10-06 12:33:34 - [MESSAGE][PASSED] - Text '2024-01-21' is set on object 'Object Repository/konfirmasi pesanan/input_Tanggal Transfer_e'

2023-10-06 12:33:34 - [TEST_STEP][PASSED] - uploadFile(findTestObject("konfirmasi pesanan/input_Upload Bukti Transfer_f"), "F:\bootcamp\Miniproject\transfer.jpg"): File 'F:\bootcamp\Miniproject\transfer.jpg' sent to object: 'Object Repository/konfirmasi pesanan/input_Upload Bukti Transfer_f'

2023-10-06 12:33:35 - [MESSAGE][PASSED] - File 'F:\bootcamp\Miniproject\transfer.jpg' sent to object: 'Object Repository/konfirmasi pesanan/input_Upload Bukti Transfer_f'

2023-10-06 12:33:35 - [TEST_STEP][PASSED] - count = getAttribute(findTestObject("Object Repository/konfirmasi pesanan/input_Total TagihanTransfer_b"), "value"): Attribute 'value' of object 'Object Repository/konfirmasi pesanan/input_Total TagihanTransfer_b' is: '17,057'

2023-10-06 12:33:35 - [MESSAGE][PASSED] - Attribute 'value' of object 'Object Repository/konfirmasi pesanan/input_Total TagihanTransfer_b' is: '17,057'

2023-10-06 12:33:35 - [TEST_STEP][PASSED] - nama = getAttribute(findTestObject("Object Repository/konfirmasi pesanan/input_Nama Pengirim_d"), "value"): Attribute 'value' of object 'Object Repository/konfirmasi pesanan/input_Nama Pengirim_d' is: 'runarun'

2023-10-06 12:33:36 - [MESSAGE][PASSED] - Attribute 'value' of object 'Object Repository/konfirmasi pesanan/input_Nama Pengirim_d' is: 'runarun'

2023-10-06 12:33:36 - [TEST_STEP][PASSED] - assert trim().equalsIgnoreCase(bayarTotal.trim()): null

2023-10-06 12:33:36 - [TEST_STEP][PASSED] - assert trim().equalsIgnoreCase(nmPengirim.trim()): null

2023-10-06 12:33:36 - [TEST_STEP][PASSED] - click(findTestObject("konfirmasi pesanan/button_Konfirmasi Pembayaran")): Object: 'Object Repository/konfirmasi pesanan/button_Konfirmasi Pembayaran' is clicked on

2023-10-06 12:33:38 - [MESSAGE][PASSED] - Object: 'Object Repository/konfirmasi pesanan/button_Konfirmasi Pembayaran' is clicked on

2023-10-06 12:33:38 - [TEST_STEP][FAILED] - verifyTextPresent("please input an valid date", false): Unable to verify text 'please input an valid date' is present  (Root cause: com.kms.katalon.core.exception.StepFailedException: Unable to verify text 'please input an valid date' is present 
	at com.kms.katalon.core.webui.keyword.internal.WebUIKeywordMain.stepFailed(WebUIKeywordMain.groovy:64)
	at com.kms.katalon.core.webui.keyword.internal.WebUIKeywordMain.runKeyword(WebUIKeywordMain.groovy:26)
	at com.kms.katalon.core.webui.keyword.builtin.VerifyTextPresentKeyword.verifyTextPresent(VerifyTextPresentKeyword.groovy:83)
	at com.kms.katalon.core.webui.keyword.builtin.VerifyTextPresentKeyword.execute(VerifyTextPresentKeyword.groovy:68)
	at com.kms.katalon.core.keyword.internal.KeywordExecutor.executeKeywordForPlatform(KeywordExecutor.groovy:74)
	at com.kms.katalon.core.webui.keyword.WebUiBuiltInKeywords.verifyTextPresent(WebUiBuiltInKeywords.groovy:1723)
	at com.kms.katalon.core.webui.keyword.WebUiBuiltInKeywords$verifyTextPresent$14.call(Unknown Source)
	at TC-KF-006.run(TC-KF-006:66)
	at com.kms.katalon.core.main.ScriptEngine.run(ScriptEngine.java:194)
	at com.kms.katalon.core.main.ScriptEngine.runScriptAsRawText(ScriptEngine.java:119)
	at com.kms.katalon.core.main.TestCaseExecutor.runScript(TestCaseExecutor.java:448)
	at com.kms.katalon.core.main.TestCaseExecutor.doExecute(TestCaseExecutor.java:439)
	at com.kms.katalon.core.main.TestCaseExecutor.processExecutionPhase(TestCaseExecutor.java:418)
	at com.kms.katalon.core.main.TestCaseExecutor.accessMainPhase(TestCaseExecutor.java:410)
	at com.kms.katalon.core.main.TestCaseExecutor.execute(TestCaseExecutor.java:285)
	at com.kms.katalon.core.common.CommonExecutor.accessTestCaseMainPhase(CommonExecutor.java:65)
	at com.kms.katalon.core.main.TestSuiteExecutor.accessTestSuiteMainPhase(TestSuiteExecutor.java:148)
	at com.kms.katalon.core.main.TestSuiteExecutor.execute(TestSuiteExecutor.java:106)
	at com.kms.katalon.core.main.TestCaseMain.startTestSuite(TestCaseMain.java:187)
	at com.kms.katalon.core.main.TestCaseMain$startTestSuite$0.call(Unknown Source)
	at TempTestSuite1696569176253.run(TempTestSuite1696569176253.groovy:36)
Caused by: com.kms.katalon.core.exception.StepFailedException: Text 'please input an valid date' is not present on page 
	at com.kms.katalon.core.webui.keyword.internal.WebUIKeywordMain.stepFailed(WebUIKeywordMain.groovy:64)
	at com.kms.katalon.core.webui.keyword.builtin.VerifyTextPresentKeyword$_verifyTextPresent_closure1.doCall(VerifyTextPresentKeyword.groovy:79)
	at com.kms.katalon.core.webui.keyword.builtin.VerifyTextPresentKeyword$_verifyTextPresent_closure1.call(VerifyTextPresentKeyword.groovy)
	at com.kms.katalon.core.webui.keyword.internal.WebUIKeywordMain.runKeyword(WebUIKeywordMain.groovy:20)
	... 19 more
)

2023-10-06 12:33:39 - [MESSAGE][FAILED] - Text 'please input an valid date' is not present on page  (Root cause: com.kms.katalon.core.exception.StepFailedException: Text 'please input an valid date' is not present on page 
	at com.kms.katalon.core.webui.keyword.internal.WebUIKeywordMain.stepFailed(WebUIKeywordMain.groovy:64)
	at com.kms.katalon.core.webui.keyword.builtin.VerifyTextPresentKeyword$_verifyTextPresent_closure1.doCall(VerifyTextPresentKeyword.groovy:79)
	at com.kms.katalon.core.webui.keyword.builtin.VerifyTextPresentKeyword$_verifyTextPresent_closure1.call(VerifyTextPresentKeyword.groovy)
	at com.kms.katalon.core.webui.keyword.internal.WebUIKeywordMain.runKeyword(WebUIKeywordMain.groovy:20)
	at com.kms.katalon.core.webui.keyword.builtin.VerifyTextPresentKeyword.verifyTextPresent(VerifyTextPresentKeyword.groovy:83)
	at com.kms.katalon.core.webui.keyword.builtin.VerifyTextPresentKeyword.execute(VerifyTextPresentKeyword.groovy:68)
	at com.kms.katalon.core.keyword.internal.KeywordExecutor.executeKeywordForPlatform(KeywordExecutor.groovy:74)
	at com.kms.katalon.core.webui.keyword.WebUiBuiltInKeywords.verifyTextPresent(WebUiBuiltInKeywords.groovy:1723)
	at com.kms.katalon.core.webui.keyword.WebUiBuiltInKeywords$verifyTextPresent$14.call(Unknown Source)
	at TC-KF-006.run(TC-KF-006:66)
	at com.kms.katalon.core.main.ScriptEngine.run(ScriptEngine.java:194)
	at com.kms.katalon.core.main.ScriptEngine.runScriptAsRawText(ScriptEngine.java:119)
	at com.kms.katalon.core.main.TestCaseExecutor.runScript(TestCaseExecutor.java:448)
	at com.kms.katalon.core.main.TestCaseExecutor.doExecute(TestCaseExecutor.java:439)
	at com.kms.katalon.core.main.TestCaseExecutor.processExecutionPhase(TestCaseExecutor.java:418)
	at com.kms.katalon.core.main.TestCaseExecutor.accessMainPhase(TestCaseExecutor.java:410)
	at com.kms.katalon.core.main.TestCaseExecutor.execute(TestCaseExecutor.java:285)
	at com.kms.katalon.core.common.CommonExecutor.accessTestCaseMainPhase(CommonExecutor.java:65)
	at com.kms.katalon.core.main.TestSuiteExecutor.accessTestSuiteMainPhase(TestSuiteExecutor.java:148)
	at com.kms.katalon.core.main.TestSuiteExecutor.execute(TestSuiteExecutor.java:106)
	at com.kms.katalon.core.main.TestCaseMain.startTestSuite(TestCaseMain.java:187)
	at com.kms.katalon.core.main.TestCaseMain$startTestSuite$0.call(Unknown Source)
	at TempTestSuite1696569176253.run(TempTestSuite1696569176253.groovy:36)
)

2023-10-06 12:33:40 - [MESSAGE][FAILED] - Unable to verify text 'please input an valid date' is present  (Root cause: com.kms.katalon.core.exception.StepFailedException: Unable to verify text 'please input an valid date' is present 
	at com.kms.katalon.core.webui.keyword.internal.WebUIKeywordMain.stepFailed(WebUIKeywordMain.groovy:64)
	at com.kms.katalon.core.webui.keyword.internal.WebUIKeywordMain.runKeyword(WebUIKeywordMain.groovy:26)
	at com.kms.katalon.core.webui.keyword.builtin.VerifyTextPresentKeyword.verifyTextPresent(VerifyTextPresentKeyword.groovy:83)
	at com.kms.katalon.core.webui.keyword.builtin.VerifyTextPresentKeyword.execute(VerifyTextPresentKeyword.groovy:68)
	at com.kms.katalon.core.keyword.internal.KeywordExecutor.executeKeywordForPlatform(KeywordExecutor.groovy:74)
	at com.kms.katalon.core.webui.keyword.WebUiBuiltInKeywords.verifyTextPresent(WebUiBuiltInKeywords.groovy:1723)
	at com.kms.katalon.core.webui.keyword.WebUiBuiltInKeywords$verifyTextPresent$14.call(Unknown Source)
	at TC-KF-006.run(TC-KF-006:66)
	at com.kms.katalon.core.main.ScriptEngine.run(ScriptEngine.java:194)
	at com.kms.katalon.core.main.ScriptEngine.runScriptAsRawText(ScriptEngine.java:119)
	at com.kms.katalon.core.main.TestCaseExecutor.runScript(TestCaseExecutor.java:448)
	at com.kms.katalon.core.main.TestCaseExecutor.doExecute(TestCaseExecutor.java:439)
	at com.kms.katalon.core.main.TestCaseExecutor.processExecutionPhase(TestCaseExecutor.java:418)
	at com.kms.katalon.core.main.TestCaseExecutor.accessMainPhase(TestCaseExecutor.java:410)
	at com.kms.katalon.core.main.TestCaseExecutor.execute(TestCaseExecutor.java:285)
	at com.kms.katalon.core.common.CommonExecutor.accessTestCaseMainPhase(CommonExecutor.java:65)
	at com.kms.katalon.core.main.TestSuiteExecutor.accessTestSuiteMainPhase(TestSuiteExecutor.java:148)
	at com.kms.katalon.core.main.TestSuiteExecutor.execute(TestSuiteExecutor.java:106)
	at com.kms.katalon.core.main.TestCaseMain.startTestSuite(TestCaseMain.java:187)
	at com.kms.katalon.core.main.TestCaseMain$startTestSuite$0.call(Unknown Source)
	at TempTestSuite1696569176253.run(TempTestSuite1696569176253.groovy:36)
Caused by: com.kms.katalon.core.exception.StepFailedException: Text 'please input an valid date' is not present on page 
	at com.kms.katalon.core.webui.keyword.internal.WebUIKeywordMain.stepFailed(WebUIKeywordMain.groovy:64)
	at com.kms.katalon.core.webui.keyword.builtin.VerifyTextPresentKeyword$_verifyTextPresent_closure1.doCall(VerifyTextPresentKeyword.groovy:79)
	at com.kms.katalon.core.webui.keyword.builtin.VerifyTextPresentKeyword$_verifyTextPresent_closure1.call(VerifyTextPresentKeyword.groovy)
	at com.kms.katalon.core.webui.keyword.internal.WebUIKeywordMain.runKeyword(WebUIKeywordMain.groovy:20)
	... 19 more
)
[[ATTACHMENT|F:\\bootcamp\\Miniproject\\Tajalapak\\Reports\\20231006_121256\\T08 - Konfirmasi Pesanan\\20231006_121256\\1696570419842.png]]]]></system-out>
         <system-err><![CDATA[2023-10-06 12:32:42 - [TEST_CASE][FAILED] - Test Cases/T08 - Konfirmasi Pesanan/TC-KF-006: Test Cases/T08 - Konfirmasi Pesanan/TC-KF-006 FAILED.
Reason:
com.kms.katalon.core.exception.StepFailedException: Unable to verify text 'please input an valid date' is present 
	at com.kms.katalon.core.webui.keyword.internal.WebUIKeywordMain.stepFailed(WebUIKeywordMain.groovy:64)
	at com.kms.katalon.core.webui.keyword.internal.WebUIKeywordMain.runKeyword(WebUIKeywordMain.groovy:26)
	at com.kms.katalon.core.webui.keyword.builtin.VerifyTextPresentKeyword.verifyTextPresent(VerifyTextPresentKeyword.groovy:83)
	at com.kms.katalon.core.webui.keyword.builtin.VerifyTextPresentKeyword.execute(VerifyTextPresentKeyword.groovy:68)
	at com.kms.katalon.core.keyword.internal.KeywordExecutor.executeKeywordForPlatform(KeywordExecutor.groovy:74)
	at com.kms.katalon.core.webui.keyword.WebUiBuiltInKeywords.verifyTextPresent(WebUiBuiltInKeywords.groovy:1723)
	at com.kms.katalon.core.webui.keyword.WebUiBuiltInKeywords$verifyTextPresent$14.call(Unknown Source)
	at TC-KF-006.run(TC-KF-006:66)
	at com.kms.katalon.core.main.ScriptEngine.run(ScriptEngine.java:194)
	at com.kms.katalon.core.main.ScriptEngine.runScriptAsRawText(ScriptEngine.java:119)
	at com.kms.katalon.core.main.TestCaseExecutor.runScript(TestCaseExecutor.java:448)
	at com.kms.katalon.core.main.TestCaseExecutor.doExecute(TestCaseExecutor.java:439)
	at com.kms.katalon.core.main.TestCaseExecutor.processExecutionPhase(TestCaseExecutor.java:418)
	at com.kms.katalon.core.main.TestCaseExecutor.accessMainPhase(TestCaseExecutor.java:410)
	at com.kms.katalon.core.main.TestCaseExecutor.execute(TestCaseExecutor.java:285)
	at com.kms.katalon.core.common.CommonExecutor.accessTestCaseMainPhase(CommonExecutor.java:65)
	at com.kms.katalon.core.main.TestSuiteExecutor.accessTestSuiteMainPhase(TestSuiteExecutor.java:148)
	at com.kms.katalon.core.main.TestSuiteExecutor.execute(TestSuiteExecutor.java:106)
	at com.kms.katalon.core.main.TestCaseMain.startTestSuite(TestCaseMain.java:187)
	at com.kms.katalon.core.main.TestCaseMain$startTestSuite$0.call(Unknown Source)
	at TempTestSuite1696569176253.run(TempTestSuite1696569176253.groovy:36)
Caused by: com.kms.katalon.core.exception.StepFailedException: Text 'please input an valid date' is not present on page 
	at com.kms.katalon.core.webui.keyword.internal.WebUIKeywordMain.stepFailed(WebUIKeywordMain.groovy:64)
	at com.kms.katalon.core.webui.keyword.builtin.VerifyTextPresentKeyword$_verifyTextPresent_closure1.doCall(VerifyTextPresentKeyword.groovy:79)
	at com.kms.katalon.core.webui.keyword.builtin.VerifyTextPresentKeyword$_verifyTextPresent_closure1.call(VerifyTextPresentKeyword.groovy)
	at com.kms.katalon.core.webui.keyword.internal.WebUIKeywordMain.runKeyword(WebUIKeywordMain.groovy:20)
	... 19 more]]></system-err>
      </testcase>
      <testcase name="Test Cases/T08 - Konfirmasi Pesanan/TC-KF-007" time="59.082" classname="Test Cases/T08 - Konfirmasi Pesanan/TC-KF-007" status="FAILED">
         <failure type="FAILED" message="Test Cases/T08 - Konfirmasi Pesanan/TC-KF-007 FAILED.
Reason:
com.kms.katalon.core.exception.StepFailedException: Unable to verify text 'please input an valid date' is present 
	at com.kms.katalon.core.webui.keyword.internal.WebUIKeywordMain.stepFailed(WebUIKeywordMain.groovy:64)
	at com.kms.katalon.core.webui.keyword.internal.WebUIKeywordMain.runKeyword(WebUIKeywordMain.groovy:26)
	at com.kms.katalon.core.webui.keyword.builtin.VerifyTextPresentKeyword.verifyTextPresent(VerifyTextPresentKeyword.groovy:83)
	at com.kms.katalon.core.webui.keyword.builtin.VerifyTextPresentKeyword.execute(VerifyTextPresentKeyword.groovy:68)
	at com.kms.katalon.core.keyword.internal.KeywordExecutor.executeKeywordForPlatform(KeywordExecutor.groovy:74)
	at com.kms.katalon.core.webui.keyword.WebUiBuiltInKeywords.verifyTextPresent(WebUiBuiltInKeywords.groovy:1723)
	at com.kms.katalon.core.webui.keyword.WebUiBuiltInKeywords$verifyTextPresent$14.call(Unknown Source)
	at TC-KF-007.run(TC-KF-007:58)
	at com.kms.katalon.core.main.ScriptEngine.run(ScriptEngine.java:194)
	at com.kms.katalon.core.main.ScriptEngine.runScriptAsRawText(ScriptEngine.java:119)
	at com.kms.katalon.core.main.TestCaseExecutor.runScript(TestCaseExecutor.java:448)
	at com.kms.katalon.core.main.TestCaseExecutor.doExecute(TestCaseExecutor.java:439)
	at com.kms.katalon.core.main.TestCaseExecutor.processExecutionPhase(TestCaseExecutor.java:418)
	at com.kms.katalon.core.main.TestCaseExecutor.accessMainPhase(TestCaseExecutor.java:410)
	at com.kms.katalon.core.main.TestCaseExecutor.execute(TestCaseExecutor.java:285)
	at com.kms.katalon.core.common.CommonExecutor.accessTestCaseMainPhase(CommonExecutor.java:65)
	at com.kms.katalon.core.main.TestSuiteExecutor.accessTestSuiteMainPhase(TestSuiteExecutor.java:148)
	at com.kms.katalon.core.main.TestSuiteExecutor.execute(TestSuiteExecutor.java:106)
	at com.kms.katalon.core.main.TestCaseMain.startTestSuite(TestCaseMain.java:187)
	at com.kms.katalon.core.main.TestCaseMain$startTestSuite$0.call(Unknown Source)
	at TempTestSuite1696569176253.run(TempTestSuite1696569176253.groovy:36)
Caused by: com.kms.katalon.core.exception.StepFailedException: Text 'please input an valid date' is not present on page 
	at com.kms.katalon.core.webui.keyword.internal.WebUIKeywordMain.stepFailed(WebUIKeywordMain.groovy:64)
	at com.kms.katalon.core.webui.keyword.builtin.VerifyTextPresentKeyword$_verifyTextPresent_closure1.doCall(VerifyTextPresentKeyword.groovy:79)
	at com.kms.katalon.core.webui.keyword.builtin.VerifyTextPresentKeyword$_verifyTextPresent_closure1.call(VerifyTextPresentKeyword.groovy)
	at com.kms.katalon.core.webui.keyword.internal.WebUIKeywordMain.runKeyword(WebUIKeywordMain.groovy:20)
	... 19 more
"/>
         <system-out><![CDATA[2023-10-06 12:33:40 - [TEST_CASE][FAILED] - Test Cases/T08 - Konfirmasi Pesanan/TC-KF-007: Test Cases/T08 - Konfirmasi Pesanan/TC-KF-007 FAILED.
Reason:
com.kms.katalon.core.exception.StepFailedException: Unable to verify text 'please input an valid date' is present 
	at com.kms.katalon.core.webui.keyword.internal.WebUIKeywordMain.stepFailed(WebUIKeywordMain.groovy:64)
	at com.kms.katalon.core.webui.keyword.internal.WebUIKeywordMain.runKeyword(WebUIKeywordMain.groovy:26)
	at com.kms.katalon.core.webui.keyword.builtin.VerifyTextPresentKeyword.verifyTextPresent(VerifyTextPresentKeyword.groovy:83)
	at com.kms.katalon.core.webui.keyword.builtin.VerifyTextPresentKeyword.execute(VerifyTextPresentKeyword.groovy:68)
	at com.kms.katalon.core.keyword.internal.KeywordExecutor.executeKeywordForPlatform(KeywordExecutor.groovy:74)
	at com.kms.katalon.core.webui.keyword.WebUiBuiltInKeywords.verifyTextPresent(WebUiBuiltInKeywords.groovy:1723)
	at com.kms.katalon.core.webui.keyword.WebUiBuiltInKeywords$verifyTextPresent$14.call(Unknown Source)
	at TC-KF-007.run(TC-KF-007:58)
	at com.kms.katalon.core.main.ScriptEngine.run(ScriptEngine.java:194)
	at com.kms.katalon.core.main.ScriptEngine.runScriptAsRawText(ScriptEngine.java:119)
	at com.kms.katalon.core.main.TestCaseExecutor.runScript(TestCaseExecutor.java:448)
	at com.kms.katalon.core.main.TestCaseExecutor.doExecute(TestCaseExecutor.java:439)
	at com.kms.katalon.core.main.TestCaseExecutor.processExecutionPhase(TestCaseExecutor.java:418)
	at com.kms.katalon.core.main.TestCaseExecutor.accessMainPhase(TestCaseExecutor.java:410)
	at com.kms.katalon.core.main.TestCaseExecutor.execute(TestCaseExecutor.java:285)
	at com.kms.katalon.core.common.CommonExecutor.accessTestCaseMainPhase(CommonExecutor.java:65)
	at com.kms.katalon.core.main.TestSuiteExecutor.accessTestSuiteMainPhase(TestSuiteExecutor.java:148)
	at com.kms.katalon.core.main.TestSuiteExecutor.execute(TestSuiteExecutor.java:106)
	at com.kms.katalon.core.main.TestCaseMain.startTestSuite(TestCaseMain.java:187)
	at com.kms.katalon.core.main.TestCaseMain$startTestSuite$0.call(Unknown Source)
	at TempTestSuite1696569176253.run(TempTestSuite1696569176253.groovy:36)
Caused by: com.kms.katalon.core.exception.StepFailedException: Text 'please input an valid date' is not present on page 
	at com.kms.katalon.core.webui.keyword.internal.WebUIKeywordMain.stepFailed(WebUIKeywordMain.groovy:64)
	at com.kms.katalon.core.webui.keyword.builtin.VerifyTextPresentKeyword$_verifyTextPresent_closure1.doCall(VerifyTextPresentKeyword.groovy:79)
	at com.kms.katalon.core.webui.keyword.builtin.VerifyTextPresentKeyword$_verifyTextPresent_closure1.call(VerifyTextPresentKeyword.groovy)
	at com.kms.katalon.core.webui.keyword.internal.WebUIKeywordMain.runKeyword(WebUIKeywordMain.groovy:20)
	... 19 more


2023-10-06 12:33:41 - [TEST_STEP][PASSED] - data = callTestCase(findTestCase("T08 - Konfirmasi Pesanan/TC-OS-001"), ["Roda":"2", "MetodePembayaran":"transfer"], STOP_ON_FAILURE): Call Test Case 'Test Cases/T08 - Konfirmasi Pesanan/TC-OS-001' successfully

2023-10-06 12:33:41 - [TEST_CASE][PASSED] - Test Cases/T08 - Konfirmasi Pesanan/TC-OS-001: Test Cases/T08 - Konfirmasi Pesanan/TC-OS-001

2023-10-06 12:33:41 - [TEST_STEP][PASSED] - callTestCase(findTestCase("T08 - Konfirmasi Pesanan/TC-LS-001"), [:], STOP_ON_FAILURE): Call Test Case 'Test Cases/T08 - Konfirmasi Pesanan/TC-LS-001' successfully

2023-10-06 12:33:41 - [TEST_CASE][PASSED] - Test Cases/T08 - Konfirmasi Pesanan/TC-LS-001: Test Cases/T08 - Konfirmasi Pesanan/TC-LS-001

2023-10-06 12:33:41 - [TEST_STEP][PASSED] - openBrowser(urlWeb): Browser is opened with url: 'https://10.9.2.63/ecommerce/'

2023-10-06 12:33:41 - [MESSAGE][WARNING] - A browser is already opened. Closing browser and opening a new one

2023-10-06 12:33:44 - [MESSAGE][INFO] - Starting 'Firefox' driver

2023-10-06 12:33:44 - [MESSAGE][INFO] - User set preference: ['args', '[window-size=1500,1000, ignore-certificate-errors, UnexpectedAlertBehaviour=ignore]']

2023-10-06 12:33:44 - [MESSAGE][INFO] - Action delay is set to 0 milliseconds

2023-10-06 12:33:53 - [MESSAGE][PASSED] - Browser is opened with url: 'https://10.9.2.63/ecommerce/'

2023-10-06 12:33:53 - [TEST_STEP][PASSED] - maximizeWindow(): Current window maximized

2023-10-06 12:33:53 - [MESSAGE][PASSED] - Current window maximized

2023-10-06 12:33:53 - [TEST_STEP][PASSED] - click(findTestObject("Login/a_Login")): Object: 'Object Repository/Login/a_Login' is clicked on

2023-10-06 12:33:54 - [MESSAGE][PASSED] - Object: 'Object Repository/Login/a_Login' is clicked on

2023-10-06 12:33:54 - [TEST_STEP][PASSED] - setText(findTestObject("Login/input_Username, Email atau No. Handphone_a"), "runa36"): Text 'runa36' is set on object 'Object Repository/Login/input_Username, Email atau No. Handphone_a'

2023-10-06 12:33:55 - [MESSAGE][PASSED] - Text 'runa36' is set on object 'Object Repository/Login/input_Username, Email atau No. Handphone_a'

2023-10-06 12:33:55 - [TEST_STEP][PASSED] - setEncryptedText(findTestObject("Login/input_Password di Login(Masuk)"), "qbkrdMwyWE4="): Text ****** has been set on object 'Object Repository/Login/input_Password di Login(Masuk)'

2023-10-06 12:33:55 - [MESSAGE][PASSED] - Text ****** has been set on object 'Object Repository/Login/input_Password di Login(Masuk)'

2023-10-06 12:33:55 - [TEST_STEP][PASSED] - click(findTestObject("Login/button_Masuk di halaman login")): Object: 'Object Repository/Login/button_Masuk di halaman login' is clicked on

2023-10-06 12:33:57 - [MESSAGE][PASSED] - Object: 'Object Repository/Login/button_Masuk di halaman login' is clicked on

2023-10-06 12:33:57 - [TEST_STEP][PASSED] - verifyElementPresent(findTestObject("Pendaftaran/verifikasi MASUK di halaman Login"), 0): Object 'Object Repository/Pendaftaran/verifikasi MASUK di halaman Login' is present

2023-10-06 12:33:57 - [MESSAGE][WARNING] - Timeout '0' is invalid. Using default page load timeout: '30'

2023-10-06 12:33:58 - [MESSAGE][PASSED] - Object 'Object Repository/Pendaftaran/verifikasi MASUK di halaman Login' is present

2023-10-06 12:33:58 - [MESSAGE][PASSED] - Call Test Case 'Test Cases/T08 - Konfirmasi Pesanan/TC-LS-001' successfully

2023-10-06 12:33:58 - [TEST_STEP][PASSED] - setText(findTestObject("chekout/input aku mau belanja"), "acer"): Text 'acer' is set on object 'Object Repository/chekout/input aku mau belanja'

2023-10-06 12:33:59 - [MESSAGE][PASSED] - Text 'acer' is set on object 'Object Repository/chekout/input aku mau belanja'

2023-10-06 12:33:59 - [TEST_STEP][PASSED] - click(findTestObject("chekout/button_Cari di halaman tajalapak")): Object: 'Object Repository/chekout/button_Cari di halaman tajalapak' is clicked on

2023-10-06 12:34:00 - [MESSAGE][PASSED] - Object: 'Object Repository/chekout/button_Cari di halaman tajalapak' is clicked on

2023-10-06 12:34:00 - [TEST_STEP][PASSED] - click(findTestObject("chekout/NEW read more acer")): Object: 'Object Repository/chekout/NEW read more acer' is clicked on

2023-10-06 12:34:02 - [MESSAGE][PASSED] - Object: 'Object Repository/chekout/NEW read more acer' is clicked on

2023-10-06 12:34:02 - [TEST_STEP][PASSED] - click(findTestObject("chekout/button_Beli Sekarang di detail produk")): Object: 'Object Repository/chekout/button_Beli Sekarang di detail produk' is clicked on

2023-10-06 12:34:05 - [MESSAGE][PASSED] - Object: 'Object Repository/chekout/button_Beli Sekarang di detail produk' is clicked on

2023-10-06 12:34:05 - [TEST_STEP][PASSED] - verifyElementPresent(findTestObject("chekout/halaman keranjang belanja"), 0): Object 'Object Repository/chekout/halaman keranjang belanja' is present

2023-10-06 12:34:05 - [MESSAGE][WARNING] - Timeout '0' is invalid. Using default page load timeout: '30'

2023-10-06 12:34:06 - [MESSAGE][PASSED] - Object 'Object Repository/chekout/halaman keranjang belanja' is present

2023-10-06 12:34:06 - [TEST_STEP][PASSED] - click(findTestObject("chekout/button_Lanjut ke Pembayaran")): Object: 'Object Repository/chekout/button_Lanjut ke Pembayaran' is clicked on

2023-10-06 12:34:08 - [MESSAGE][PASSED] - Object: 'Object Repository/chekout/button_Lanjut ke Pembayaran' is clicked on

2023-10-06 12:34:08 - [TEST_STEP][PASSED] - selectOptionByValue(findTestObject("Object Repository/chekout/select_- Kirim via Kurir Lokal -Roda 2Roda 4"), Roda, false): All options with value '2' are selected in object 'Object Repository/chekout/select_- Kirim via Kurir Lokal -Roda 2Roda 4' 

2023-10-06 12:34:09 - [MESSAGE][PASSED] - All options with value '2' are selected in object 'Object Repository/chekout/select_- Kirim via Kurir Lokal -Roda 2Roda 4' 

2023-10-06 12:34:09 - [TEST_STEP][PASSED] - click(findTestObject("chekout/jenis kendaraan")): Object: 'Object Repository/chekout/jenis kendaraan' is clicked on

2023-10-06 12:34:10 - [MESSAGE][PASSED] - Object: 'Object Repository/chekout/jenis kendaraan' is clicked on

2023-10-06 12:34:10 - [TEST_STEP][PASSED] - if (toString().equalsIgnoreCase("transfer")): Object 'Object Repository/chekout/input metode tf bank' is checked

2023-10-06 12:34:10 - [TEST_STEP][PASSED] - check(findTestObject("chekout/input metode tf bank")): Object 'Object Repository/chekout/input metode tf bank' is checked

2023-10-06 12:34:10 - [MESSAGE][PASSED] - Object 'Object Repository/chekout/input metode tf bank' is checked

2023-10-06 12:34:10 - [TEST_STEP][PASSED] - click(findTestObject("chekout/button_Proses Pembayaran")): Object: 'Object Repository/chekout/button_Proses Pembayaran' is clicked on

2023-10-06 12:34:16 - [MESSAGE][PASSED] - Object: 'Object Repository/chekout/button_Proses Pembayaran' is clicked on

2023-10-06 12:34:16 - [TEST_STEP][PASSED] - noPesanan = getText(findTestObject("Object Repository/chekout/nomor invoice dari halaman menunggu pembayaran")): Text of object 'Object Repository/chekout/nomor invoice dari halaman menunggu pembayaran' is: 'TRX91.20231006123411'

2023-10-06 12:34:19 - [MESSAGE][PASSED] - Text of object 'Object Repository/chekout/nomor invoice dari halaman menunggu pembayaran' is: 'TRX91.20231006123411'

2023-10-06 12:34:19 - [TEST_STEP][PASSED] - println(noPesanan): null

2023-10-06 12:34:19 - [TEST_STEP][PASSED] - pengirim = getText(findTestObject("Object Repository/chekout/dikirim kepada sama dengan pengirim di tf di konfirmaasi bayar")): Text of object 'Object Repository/chekout/dikirim kepada sama dengan pengirim di tf di konfirmaasi bayar' is: 'runarun'

2023-10-06 12:34:20 - [MESSAGE][PASSED] - Text of object 'Object Repository/chekout/dikirim kepada sama dengan pengirim di tf di konfirmaasi bayar' is: 'runarun'

2023-10-06 12:34:20 - [TEST_STEP][PASSED] - totalharga = getText(findTestObject("Object Repository/chekout/total harga bayar")): Text of object 'Object Repository/chekout/total harga bayar' is: '17,157'

2023-10-06 12:34:20 - [MESSAGE][PASSED] - Text of object 'Object Repository/chekout/total harga bayar' is: '17,157'

2023-10-06 12:34:20 - [TEST_STEP][PASSED] - ongkir = getText(findTestObject("co saldo akun/new ongkir tf")): Text of object 'Object Repository/co saldo akun/new ongkir tf' is: 'Rp 13,000'

2023-10-06 12:34:20 - [MESSAGE][PASSED] - Text of object 'Object Repository/co saldo akun/new ongkir tf' is: 'Rp 13,000'

2023-10-06 12:34:20 - [TEST_STEP][PASSED] - ongkirr = replace(",", "").trim(): null

2023-10-06 12:34:20 - [TEST_STEP][PASSED] - ongkir1 = Integer.parseInt(ongkirr): null

2023-10-06 12:34:20 - [TEST_STEP][PASSED] - println(ongkir1): null

2023-10-06 12:34:20 - [TEST_STEP][PASSED] - biayaAdmin = getText(findTestObject("co saldo akun/new fee admin tf")): Text of object 'Object Repository/co saldo akun/new fee admin tf' is: 'Rp 1,500'

2023-10-06 12:34:21 - [MESSAGE][PASSED] - Text of object 'Object Repository/co saldo akun/new fee admin tf' is: 'Rp 1,500'

2023-10-06 12:34:21 - [TEST_STEP][PASSED] - bAdmin = replace(",", "").trim(): null

2023-10-06 12:34:21 - [TEST_STEP][PASSED] - Integer.parseInt(bAdmin): null

2023-10-06 12:34:21 - [TEST_STEP][PASSED] - Admin = Double.parseDouble(bAdmin): null

2023-10-06 12:34:21 - [TEST_STEP][PASSED] - println(Admin): null

2023-10-06 12:34:21 - [TEST_STEP][PASSED] - subtotal = getText(findTestObject("co saldo akun/new subtotal tf")): Text of object 'Object Repository/co saldo akun/new subtotal tf' is: 'Rp 2,246'

2023-10-06 12:34:22 - [MESSAGE][PASSED] - Text of object 'Object Repository/co saldo akun/new subtotal tf' is: 'Rp 2,246'

2023-10-06 12:34:22 - [TEST_STEP][PASSED] - subtotall = replace(",", "").trim(): null

2023-10-06 12:34:22 - [TEST_STEP][PASSED] - Integer.parseInt(subtotall): null

2023-10-06 12:34:22 - [TEST_STEP][PASSED] - sub = Double.parseDouble(subtotall): null

2023-10-06 12:34:22 - [TEST_STEP][PASSED] - println(sub): null

2023-10-06 12:34:22 - [TEST_STEP][PASSED] - kode = getText(findTestObject("co saldo akun/new kode unik tf")): Text of object 'Object Repository/co saldo akun/new kode unik tf' is: '+411'

2023-10-06 12:34:22 - [MESSAGE][PASSED] - Text of object 'Object Repository/co saldo akun/new kode unik tf' is: '+411'

2023-10-06 12:34:22 - [TEST_STEP][PASSED] - kodee = replace("+", "").trim(): null

2023-10-06 12:34:22 - [TEST_STEP][PASSED] - Integer.parseInt(kodee): null

2023-10-06 12:34:22 - [TEST_STEP][PASSED] - code = Double.parseDouble(kodee): null

2023-10-06 12:34:22 - [TEST_STEP][PASSED] - tOng = ongkir1 + sub: null

2023-10-06 12:34:22 - [TEST_STEP][PASSED] - println(tOng): null

2023-10-06 12:34:22 - [TEST_STEP][PASSED] - totalBayar = tOng + Admin + code: null

2023-10-06 12:34:22 - [TEST_STEP][PASSED] - println(totalBayar): null

2023-10-06 12:34:22 - [TEST_STEP][PASSED] - totalBayar1 = totalBayar: null

2023-10-06 12:34:22 - [TEST_STEP][PASSED] - println(totalBayar1): null

2023-10-06 12:34:22 - [TEST_STEP][PASSED] - total = getText(findTestObject("co saldo akun/new total harga tf")): Text of object 'Object Repository/co saldo akun/new total harga tf' is: '17,157'

2023-10-06 12:34:22 - [MESSAGE][PASSED] - Text of object 'Object Repository/co saldo akun/new total harga tf' is: '17,157'

2023-10-06 12:34:22 - [TEST_STEP][PASSED] - total1 = replace(",", "").trim(): null

2023-10-06 12:34:22 - [TEST_STEP][PASSED] - total2 = Integer.parseInt(total1): null

2023-10-06 12:34:22 - [TEST_STEP][PASSED] - println(total2): null

2023-10-06 12:34:22 - [TEST_STEP][PASSED] - assert totalBayar1 == total2: null

2023-10-06 12:34:22 - [TEST_STEP][PASSED] - data = new java.util.HashMap(): null

2023-10-06 12:34:22 - [TEST_STEP][PASSED] - data.put("invoice", noPesanan): null

2023-10-06 12:34:22 - [TEST_STEP][PASSED] - data.put("namaPengirim", pengirim): null

2023-10-06 12:34:22 - [TEST_STEP][PASSED] - data.put("totalBayar", totalharga): null

2023-10-06 12:34:22 - [TEST_STEP][PASSED] - data.put("totalOngkir", tOng): null

2023-10-06 12:34:22 - [TEST_STEP][PASSED] - return data: null

2023-10-06 12:34:22 - [MESSAGE][PASSED] - Call Test Case 'Test Cases/T08 - Konfirmasi Pesanan/TC-OS-001' successfully

2023-10-06 12:34:22 - [TEST_STEP][PASSED] - noPesanan = data.get("invoice"): null

2023-10-06 12:34:22 - [TEST_STEP][PASSED] - nmPengirim = data.get("namaPengirim"): null

2023-10-06 12:34:22 - [TEST_STEP][PASSED] - bayarTotal = data.get("totalBayar"): null

2023-10-06 12:34:22 - [TEST_STEP][PASSED] - click(findTestObject("konfirmasi pesanan/a_Akun 0")): Object: 'Object Repository/konfirmasi pesanan/a_Akun 0' is clicked on

2023-10-06 12:34:24 - [MESSAGE][PASSED] - Object: 'Object Repository/konfirmasi pesanan/a_Akun 0' is clicked on

2023-10-06 12:34:24 - [TEST_STEP][PASSED] - click(findTestObject("konfirmasi pesanan/a_Profile")): Object: 'Object Repository/konfirmasi pesanan/a_Profile' is clicked on

2023-10-06 12:34:25 - [MESSAGE][PASSED] - Object: 'Object Repository/konfirmasi pesanan/a_Profile' is clicked on

2023-10-06 12:34:25 - [TEST_STEP][PASSED] - click(findTestObject("konfirmasi pesanan/a_Pembelian")): Object: 'Object Repository/konfirmasi pesanan/a_Pembelian' is clicked on

2023-10-06 12:34:27 - [MESSAGE][PASSED] - Object: 'Object Repository/konfirmasi pesanan/a_Pembelian' is clicked on

2023-10-06 12:34:27 - [TEST_STEP][PASSED] - click(findTestObject("konfirmasi pesanan/new konfirmasi bayar")): Object: 'Object Repository/konfirmasi pesanan/new konfirmasi bayar' is clicked on

2023-10-06 12:34:29 - [MESSAGE][PASSED] - Object: 'Object Repository/konfirmasi pesanan/new konfirmasi bayar' is clicked on

2023-10-06 12:34:29 - [TEST_STEP][PASSED] - verifyElementPresent(findTestObject("konfirmasi pesanan/verifikasi user masuk halaman konfirmasi bayar dari akun profil"), 0): Object 'Object Repository/konfirmasi pesanan/verifikasi user masuk halaman konfirmasi bayar dari akun profil' is present

2023-10-06 12:34:29 - [MESSAGE][WARNING] - Timeout '0' is invalid. Using default page load timeout: '30'

2023-10-06 12:34:30 - [MESSAGE][PASSED] - Object 'Object Repository/konfirmasi pesanan/verifikasi user masuk halaman konfirmasi bayar dari akun profil' is present

2023-10-06 12:34:30 - [TEST_STEP][PASSED] - selectOptionByValue(findTestObject("konfirmasi pesanan/select dropdown trasfer"), transfer, false): All options with value '1' are selected in object 'Object Repository/konfirmasi pesanan/select dropdown trasfer' 

2023-10-06 12:34:31 - [MESSAGE][PASSED] - All options with value '1' are selected in object 'Object Repository/konfirmasi pesanan/select dropdown trasfer' 

2023-10-06 12:34:31 - [TEST_STEP][PASSED] - clearText(findTestObject("konfirmasi pesanan/input_Nama Pengirim_d")): Text of object 'Object Repository/konfirmasi pesanan/input_Nama Pengirim_d' is cleared

2023-10-06 12:34:31 - [MESSAGE][PASSED] - Text of object 'Object Repository/konfirmasi pesanan/input_Nama Pengirim_d' is cleared

2023-10-06 12:34:31 - [TEST_STEP][PASSED] - setText(findTestObject("konfirmasi pesanan/input_Nama Pengirim_d"), name): Text 'runarun' is set on object 'Object Repository/konfirmasi pesanan/input_Nama Pengirim_d'

2023-10-06 12:34:32 - [MESSAGE][PASSED] - Text 'runarun' is set on object 'Object Repository/konfirmasi pesanan/input_Nama Pengirim_d'

2023-10-06 12:34:32 - [TEST_STEP][PASSED] - clearText(findTestObject("konfirmasi pesanan/input_Tanggal Transfer_e")): Text of object 'Object Repository/konfirmasi pesanan/input_Tanggal Transfer_e' is cleared

2023-10-06 12:34:33 - [MESSAGE][PASSED] - Text of object 'Object Repository/konfirmasi pesanan/input_Tanggal Transfer_e' is cleared

2023-10-06 12:34:33 - [TEST_STEP][PASSED] - setText(findTestObject("konfirmasi pesanan/input_Tanggal Transfer_e"), date): Text '2023-08-07' is set on object 'Object Repository/konfirmasi pesanan/input_Tanggal Transfer_e'

2023-10-06 12:34:33 - [MESSAGE][PASSED] - Text '2023-08-07' is set on object 'Object Repository/konfirmasi pesanan/input_Tanggal Transfer_e'

2023-10-06 12:34:33 - [TEST_STEP][PASSED] - uploadFile(findTestObject("konfirmasi pesanan/input_Upload Bukti Transfer_f"), "F:\bootcamp\Miniproject\transfer.jpg"): File 'F:\bootcamp\Miniproject\transfer.jpg' sent to object: 'Object Repository/konfirmasi pesanan/input_Upload Bukti Transfer_f'

2023-10-06 12:34:34 - [MESSAGE][PASSED] - File 'F:\bootcamp\Miniproject\transfer.jpg' sent to object: 'Object Repository/konfirmasi pesanan/input_Upload Bukti Transfer_f'

2023-10-06 12:34:34 - [TEST_STEP][PASSED] - count = getAttribute(findTestObject("Object Repository/konfirmasi pesanan/input_Total TagihanTransfer_b"), "value"): Attribute 'value' of object 'Object Repository/konfirmasi pesanan/input_Total TagihanTransfer_b' is: '17,157'

2023-10-06 12:34:35 - [MESSAGE][PASSED] - Attribute 'value' of object 'Object Repository/konfirmasi pesanan/input_Total TagihanTransfer_b' is: '17,157'

2023-10-06 12:34:35 - [TEST_STEP][PASSED] - nama = getAttribute(findTestObject("Object Repository/konfirmasi pesanan/input_Nama Pengirim_d"), "value"): Attribute 'value' of object 'Object Repository/konfirmasi pesanan/input_Nama Pengirim_d' is: 'runarun'

2023-10-06 12:34:35 - [MESSAGE][PASSED] - Attribute 'value' of object 'Object Repository/konfirmasi pesanan/input_Nama Pengirim_d' is: 'runarun'

2023-10-06 12:34:35 - [TEST_STEP][PASSED] - assert trim().equalsIgnoreCase(bayarTotal.trim()): null

2023-10-06 12:34:35 - [TEST_STEP][PASSED] - assert trim().equalsIgnoreCase(nmPengirim.trim()): null

2023-10-06 12:34:35 - [TEST_STEP][PASSED] - click(findTestObject("konfirmasi pesanan/button_Konfirmasi Pembayaran")): Object: 'Object Repository/konfirmasi pesanan/button_Konfirmasi Pembayaran' is clicked on

2023-10-06 12:34:37 - [MESSAGE][PASSED] - Object: 'Object Repository/konfirmasi pesanan/button_Konfirmasi Pembayaran' is clicked on

2023-10-06 12:34:37 - [TEST_STEP][FAILED] - verifyTextPresent("please input an valid date", false): Unable to verify text 'please input an valid date' is present  (Root cause: com.kms.katalon.core.exception.StepFailedException: Unable to verify text 'please input an valid date' is present 
	at com.kms.katalon.core.webui.keyword.internal.WebUIKeywordMain.stepFailed(WebUIKeywordMain.groovy:64)
	at com.kms.katalon.core.webui.keyword.internal.WebUIKeywordMain.runKeyword(WebUIKeywordMain.groovy:26)
	at com.kms.katalon.core.webui.keyword.builtin.VerifyTextPresentKeyword.verifyTextPresent(VerifyTextPresentKeyword.groovy:83)
	at com.kms.katalon.core.webui.keyword.builtin.VerifyTextPresentKeyword.execute(VerifyTextPresentKeyword.groovy:68)
	at com.kms.katalon.core.keyword.internal.KeywordExecutor.executeKeywordForPlatform(KeywordExecutor.groovy:74)
	at com.kms.katalon.core.webui.keyword.WebUiBuiltInKeywords.verifyTextPresent(WebUiBuiltInKeywords.groovy:1723)
	at com.kms.katalon.core.webui.keyword.WebUiBuiltInKeywords$verifyTextPresent$14.call(Unknown Source)
	at TC-KF-007.run(TC-KF-007:58)
	at com.kms.katalon.core.main.ScriptEngine.run(ScriptEngine.java:194)
	at com.kms.katalon.core.main.ScriptEngine.runScriptAsRawText(ScriptEngine.java:119)
	at com.kms.katalon.core.main.TestCaseExecutor.runScript(TestCaseExecutor.java:448)
	at com.kms.katalon.core.main.TestCaseExecutor.doExecute(TestCaseExecutor.java:439)
	at com.kms.katalon.core.main.TestCaseExecutor.processExecutionPhase(TestCaseExecutor.java:418)
	at com.kms.katalon.core.main.TestCaseExecutor.accessMainPhase(TestCaseExecutor.java:410)
	at com.kms.katalon.core.main.TestCaseExecutor.execute(TestCaseExecutor.java:285)
	at com.kms.katalon.core.common.CommonExecutor.accessTestCaseMainPhase(CommonExecutor.java:65)
	at com.kms.katalon.core.main.TestSuiteExecutor.accessTestSuiteMainPhase(TestSuiteExecutor.java:148)
	at com.kms.katalon.core.main.TestSuiteExecutor.execute(TestSuiteExecutor.java:106)
	at com.kms.katalon.core.main.TestCaseMain.startTestSuite(TestCaseMain.java:187)
	at com.kms.katalon.core.main.TestCaseMain$startTestSuite$0.call(Unknown Source)
	at TempTestSuite1696569176253.run(TempTestSuite1696569176253.groovy:36)
Caused by: com.kms.katalon.core.exception.StepFailedException: Text 'please input an valid date' is not present on page 
	at com.kms.katalon.core.webui.keyword.internal.WebUIKeywordMain.stepFailed(WebUIKeywordMain.groovy:64)
	at com.kms.katalon.core.webui.keyword.builtin.VerifyTextPresentKeyword$_verifyTextPresent_closure1.doCall(VerifyTextPresentKeyword.groovy:79)
	at com.kms.katalon.core.webui.keyword.builtin.VerifyTextPresentKeyword$_verifyTextPresent_closure1.call(VerifyTextPresentKeyword.groovy)
	at com.kms.katalon.core.webui.keyword.internal.WebUIKeywordMain.runKeyword(WebUIKeywordMain.groovy:20)
	... 19 more
)

2023-10-06 12:34:39 - [MESSAGE][FAILED] - Text 'please input an valid date' is not present on page  (Root cause: com.kms.katalon.core.exception.StepFailedException: Text 'please input an valid date' is not present on page 
	at com.kms.katalon.core.webui.keyword.internal.WebUIKeywordMain.stepFailed(WebUIKeywordMain.groovy:64)
	at com.kms.katalon.core.webui.keyword.builtin.VerifyTextPresentKeyword$_verifyTextPresent_closure1.doCall(VerifyTextPresentKeyword.groovy:79)
	at com.kms.katalon.core.webui.keyword.builtin.VerifyTextPresentKeyword$_verifyTextPresent_closure1.call(VerifyTextPresentKeyword.groovy)
	at com.kms.katalon.core.webui.keyword.internal.WebUIKeywordMain.runKeyword(WebUIKeywordMain.groovy:20)
	at com.kms.katalon.core.webui.keyword.builtin.VerifyTextPresentKeyword.verifyTextPresent(VerifyTextPresentKeyword.groovy:83)
	at com.kms.katalon.core.webui.keyword.builtin.VerifyTextPresentKeyword.execute(VerifyTextPresentKeyword.groovy:68)
	at com.kms.katalon.core.keyword.internal.KeywordExecutor.executeKeywordForPlatform(KeywordExecutor.groovy:74)
	at com.kms.katalon.core.webui.keyword.WebUiBuiltInKeywords.verifyTextPresent(WebUiBuiltInKeywords.groovy:1723)
	at com.kms.katalon.core.webui.keyword.WebUiBuiltInKeywords$verifyTextPresent$14.call(Unknown Source)
	at TC-KF-007.run(TC-KF-007:58)
	at com.kms.katalon.core.main.ScriptEngine.run(ScriptEngine.java:194)
	at com.kms.katalon.core.main.ScriptEngine.runScriptAsRawText(ScriptEngine.java:119)
	at com.kms.katalon.core.main.TestCaseExecutor.runScript(TestCaseExecutor.java:448)
	at com.kms.katalon.core.main.TestCaseExecutor.doExecute(TestCaseExecutor.java:439)
	at com.kms.katalon.core.main.TestCaseExecutor.processExecutionPhase(TestCaseExecutor.java:418)
	at com.kms.katalon.core.main.TestCaseExecutor.accessMainPhase(TestCaseExecutor.java:410)
	at com.kms.katalon.core.main.TestCaseExecutor.execute(TestCaseExecutor.java:285)
	at com.kms.katalon.core.common.CommonExecutor.accessTestCaseMainPhase(CommonExecutor.java:65)
	at com.kms.katalon.core.main.TestSuiteExecutor.accessTestSuiteMainPhase(TestSuiteExecutor.java:148)
	at com.kms.katalon.core.main.TestSuiteExecutor.execute(TestSuiteExecutor.java:106)
	at com.kms.katalon.core.main.TestCaseMain.startTestSuite(TestCaseMain.java:187)
	at com.kms.katalon.core.main.TestCaseMain$startTestSuite$0.call(Unknown Source)
	at TempTestSuite1696569176253.run(TempTestSuite1696569176253.groovy:36)
)

2023-10-06 12:34:39 - [MESSAGE][FAILED] - Unable to verify text 'please input an valid date' is present  (Root cause: com.kms.katalon.core.exception.StepFailedException: Unable to verify text 'please input an valid date' is present 
	at com.kms.katalon.core.webui.keyword.internal.WebUIKeywordMain.stepFailed(WebUIKeywordMain.groovy:64)
	at com.kms.katalon.core.webui.keyword.internal.WebUIKeywordMain.runKeyword(WebUIKeywordMain.groovy:26)
	at com.kms.katalon.core.webui.keyword.builtin.VerifyTextPresentKeyword.verifyTextPresent(VerifyTextPresentKeyword.groovy:83)
	at com.kms.katalon.core.webui.keyword.builtin.VerifyTextPresentKeyword.execute(VerifyTextPresentKeyword.groovy:68)
	at com.kms.katalon.core.keyword.internal.KeywordExecutor.executeKeywordForPlatform(KeywordExecutor.groovy:74)
	at com.kms.katalon.core.webui.keyword.WebUiBuiltInKeywords.verifyTextPresent(WebUiBuiltInKeywords.groovy:1723)
	at com.kms.katalon.core.webui.keyword.WebUiBuiltInKeywords$verifyTextPresent$14.call(Unknown Source)
	at TC-KF-007.run(TC-KF-007:58)
	at com.kms.katalon.core.main.ScriptEngine.run(ScriptEngine.java:194)
	at com.kms.katalon.core.main.ScriptEngine.runScriptAsRawText(ScriptEngine.java:119)
	at com.kms.katalon.core.main.TestCaseExecutor.runScript(TestCaseExecutor.java:448)
	at com.kms.katalon.core.main.TestCaseExecutor.doExecute(TestCaseExecutor.java:439)
	at com.kms.katalon.core.main.TestCaseExecutor.processExecutionPhase(TestCaseExecutor.java:418)
	at com.kms.katalon.core.main.TestCaseExecutor.accessMainPhase(TestCaseExecutor.java:410)
	at com.kms.katalon.core.main.TestCaseExecutor.execute(TestCaseExecutor.java:285)
	at com.kms.katalon.core.common.CommonExecutor.accessTestCaseMainPhase(CommonExecutor.java:65)
	at com.kms.katalon.core.main.TestSuiteExecutor.accessTestSuiteMainPhase(TestSuiteExecutor.java:148)
	at com.kms.katalon.core.main.TestSuiteExecutor.execute(TestSuiteExecutor.java:106)
	at com.kms.katalon.core.main.TestCaseMain.startTestSuite(TestCaseMain.java:187)
	at com.kms.katalon.core.main.TestCaseMain$startTestSuite$0.call(Unknown Source)
	at TempTestSuite1696569176253.run(TempTestSuite1696569176253.groovy:36)
Caused by: com.kms.katalon.core.exception.StepFailedException: Text 'please input an valid date' is not present on page 
	at com.kms.katalon.core.webui.keyword.internal.WebUIKeywordMain.stepFailed(WebUIKeywordMain.groovy:64)
	at com.kms.katalon.core.webui.keyword.builtin.VerifyTextPresentKeyword$_verifyTextPresent_closure1.doCall(VerifyTextPresentKeyword.groovy:79)
	at com.kms.katalon.core.webui.keyword.builtin.VerifyTextPresentKeyword$_verifyTextPresent_closure1.call(VerifyTextPresentKeyword.groovy)
	at com.kms.katalon.core.webui.keyword.internal.WebUIKeywordMain.runKeyword(WebUIKeywordMain.groovy:20)
	... 19 more
)
[[ATTACHMENT|F:\\bootcamp\\Miniproject\\Tajalapak\\Reports\\20231006_121256\\T08 - Konfirmasi Pesanan\\20231006_121256\\1696570479178.png]]]]></system-out>
         <system-err><![CDATA[2023-10-06 12:33:40 - [TEST_CASE][FAILED] - Test Cases/T08 - Konfirmasi Pesanan/TC-KF-007: Test Cases/T08 - Konfirmasi Pesanan/TC-KF-007 FAILED.
Reason:
com.kms.katalon.core.exception.StepFailedException: Unable to verify text 'please input an valid date' is present 
	at com.kms.katalon.core.webui.keyword.internal.WebUIKeywordMain.stepFailed(WebUIKeywordMain.groovy:64)
	at com.kms.katalon.core.webui.keyword.internal.WebUIKeywordMain.runKeyword(WebUIKeywordMain.groovy:26)
	at com.kms.katalon.core.webui.keyword.builtin.VerifyTextPresentKeyword.verifyTextPresent(VerifyTextPresentKeyword.groovy:83)
	at com.kms.katalon.core.webui.keyword.builtin.VerifyTextPresentKeyword.execute(VerifyTextPresentKeyword.groovy:68)
	at com.kms.katalon.core.keyword.internal.KeywordExecutor.executeKeywordForPlatform(KeywordExecutor.groovy:74)
	at com.kms.katalon.core.webui.keyword.WebUiBuiltInKeywords.verifyTextPresent(WebUiBuiltInKeywords.groovy:1723)
	at com.kms.katalon.core.webui.keyword.WebUiBuiltInKeywords$verifyTextPresent$14.call(Unknown Source)
	at TC-KF-007.run(TC-KF-007:58)
	at com.kms.katalon.core.main.ScriptEngine.run(ScriptEngine.java:194)
	at com.kms.katalon.core.main.ScriptEngine.runScriptAsRawText(ScriptEngine.java:119)
	at com.kms.katalon.core.main.TestCaseExecutor.runScript(TestCaseExecutor.java:448)
	at com.kms.katalon.core.main.TestCaseExecutor.doExecute(TestCaseExecutor.java:439)
	at com.kms.katalon.core.main.TestCaseExecutor.processExecutionPhase(TestCaseExecutor.java:418)
	at com.kms.katalon.core.main.TestCaseExecutor.accessMainPhase(TestCaseExecutor.java:410)
	at com.kms.katalon.core.main.TestCaseExecutor.execute(TestCaseExecutor.java:285)
	at com.kms.katalon.core.common.CommonExecutor.accessTestCaseMainPhase(CommonExecutor.java:65)
	at com.kms.katalon.core.main.TestSuiteExecutor.accessTestSuiteMainPhase(TestSuiteExecutor.java:148)
	at com.kms.katalon.core.main.TestSuiteExecutor.execute(TestSuiteExecutor.java:106)
	at com.kms.katalon.core.main.TestCaseMain.startTestSuite(TestCaseMain.java:187)
	at com.kms.katalon.core.main.TestCaseMain$startTestSuite$0.call(Unknown Source)
	at TempTestSuite1696569176253.run(TempTestSuite1696569176253.groovy:36)
Caused by: com.kms.katalon.core.exception.StepFailedException: Text 'please input an valid date' is not present on page 
	at com.kms.katalon.core.webui.keyword.internal.WebUIKeywordMain.stepFailed(WebUIKeywordMain.groovy:64)
	at com.kms.katalon.core.webui.keyword.builtin.VerifyTextPresentKeyword$_verifyTextPresent_closure1.doCall(VerifyTextPresentKeyword.groovy:79)
	at com.kms.katalon.core.webui.keyword.builtin.VerifyTextPresentKeyword$_verifyTextPresent_closure1.call(VerifyTextPresentKeyword.groovy)
	at com.kms.katalon.core.webui.keyword.internal.WebUIKeywordMain.runKeyword(WebUIKeywordMain.groovy:20)
	... 19 more]]></system-err>
      </testcase>
      <testcase name="Test Cases/T08 - Konfirmasi Pesanan/TC-KF-008" time="59.499" classname="Test Cases/T08 - Konfirmasi Pesanan/TC-KF-008" status="PASSED">
         <system-out><![CDATA[2023-10-06 12:34:39 - [TEST_CASE][PASSED] - Test Cases/T08 - Konfirmasi Pesanan/TC-KF-008: Test Cases/T08 - Konfirmasi Pesanan/TC-KF-008

2023-10-06 12:34:40 - [TEST_STEP][PASSED] - data = callTestCase(findTestCase("T08 - Konfirmasi Pesanan/TC-OS-001"), ["Roda":"2", "MetodePembayaran":"transfer"], STOP_ON_FAILURE): Call Test Case 'Test Cases/T08 - Konfirmasi Pesanan/TC-OS-001' successfully

2023-10-06 12:34:41 - [TEST_CASE][PASSED] - Test Cases/T08 - Konfirmasi Pesanan/TC-OS-001: Test Cases/T08 - Konfirmasi Pesanan/TC-OS-001

2023-10-06 12:34:41 - [TEST_STEP][PASSED] - callTestCase(findTestCase("T08 - Konfirmasi Pesanan/TC-LS-001"), [:], STOP_ON_FAILURE): Call Test Case 'Test Cases/T08 - Konfirmasi Pesanan/TC-LS-001' successfully

2023-10-06 12:34:41 - [TEST_CASE][PASSED] - Test Cases/T08 - Konfirmasi Pesanan/TC-LS-001: Test Cases/T08 - Konfirmasi Pesanan/TC-LS-001

2023-10-06 12:34:41 - [TEST_STEP][PASSED] - openBrowser(urlWeb): Browser is opened with url: 'https://10.9.2.63/ecommerce/'

2023-10-06 12:34:41 - [MESSAGE][WARNING] - A browser is already opened. Closing browser and opening a new one

2023-10-06 12:34:46 - [MESSAGE][INFO] - Starting 'Firefox' driver

2023-10-06 12:34:46 - [MESSAGE][INFO] - User set preference: ['args', '[window-size=1500,1000, ignore-certificate-errors, UnexpectedAlertBehaviour=ignore]']

2023-10-06 12:34:46 - [MESSAGE][INFO] - Action delay is set to 0 milliseconds

2023-10-06 12:34:56 - [MESSAGE][PASSED] - Browser is opened with url: 'https://10.9.2.63/ecommerce/'

2023-10-06 12:34:56 - [TEST_STEP][PASSED] - maximizeWindow(): Current window maximized

2023-10-06 12:34:56 - [MESSAGE][PASSED] - Current window maximized

2023-10-06 12:34:56 - [TEST_STEP][PASSED] - click(findTestObject("Login/a_Login")): Object: 'Object Repository/Login/a_Login' is clicked on

2023-10-06 12:34:57 - [MESSAGE][PASSED] - Object: 'Object Repository/Login/a_Login' is clicked on

2023-10-06 12:34:57 - [TEST_STEP][PASSED] - setText(findTestObject("Login/input_Username, Email atau No. Handphone_a"), "runa36"): Text 'runa36' is set on object 'Object Repository/Login/input_Username, Email atau No. Handphone_a'

2023-10-06 12:34:58 - [MESSAGE][PASSED] - Text 'runa36' is set on object 'Object Repository/Login/input_Username, Email atau No. Handphone_a'

2023-10-06 12:34:58 - [TEST_STEP][PASSED] - setEncryptedText(findTestObject("Login/input_Password di Login(Masuk)"), "qbkrdMwyWE4="): Text ****** has been set on object 'Object Repository/Login/input_Password di Login(Masuk)'

2023-10-06 12:34:59 - [MESSAGE][PASSED] - Text ****** has been set on object 'Object Repository/Login/input_Password di Login(Masuk)'

2023-10-06 12:34:59 - [TEST_STEP][PASSED] - click(findTestObject("Login/button_Masuk di halaman login")): Object: 'Object Repository/Login/button_Masuk di halaman login' is clicked on

2023-10-06 12:35:01 - [MESSAGE][PASSED] - Object: 'Object Repository/Login/button_Masuk di halaman login' is clicked on

2023-10-06 12:35:01 - [TEST_STEP][PASSED] - verifyElementPresent(findTestObject("Pendaftaran/verifikasi MASUK di halaman Login"), 0): Object 'Object Repository/Pendaftaran/verifikasi MASUK di halaman Login' is present

2023-10-06 12:35:01 - [MESSAGE][WARNING] - Timeout '0' is invalid. Using default page load timeout: '30'

2023-10-06 12:35:02 - [MESSAGE][PASSED] - Object 'Object Repository/Pendaftaran/verifikasi MASUK di halaman Login' is present

2023-10-06 12:35:02 - [MESSAGE][PASSED] - Call Test Case 'Test Cases/T08 - Konfirmasi Pesanan/TC-LS-001' successfully

2023-10-06 12:35:02 - [TEST_STEP][PASSED] - setText(findTestObject("chekout/input aku mau belanja"), "acer"): Text 'acer' is set on object 'Object Repository/chekout/input aku mau belanja'

2023-10-06 12:35:03 - [MESSAGE][PASSED] - Text 'acer' is set on object 'Object Repository/chekout/input aku mau belanja'

2023-10-06 12:35:03 - [TEST_STEP][PASSED] - click(findTestObject("chekout/button_Cari di halaman tajalapak")): Object: 'Object Repository/chekout/button_Cari di halaman tajalapak' is clicked on

2023-10-06 12:35:05 - [MESSAGE][PASSED] - Object: 'Object Repository/chekout/button_Cari di halaman tajalapak' is clicked on

2023-10-06 12:35:05 - [TEST_STEP][PASSED] - click(findTestObject("chekout/NEW read more acer")): Object: 'Object Repository/chekout/NEW read more acer' is clicked on

2023-10-06 12:35:07 - [MESSAGE][PASSED] - Object: 'Object Repository/chekout/NEW read more acer' is clicked on

2023-10-06 12:35:07 - [TEST_STEP][PASSED] - click(findTestObject("chekout/button_Beli Sekarang di detail produk")): Object: 'Object Repository/chekout/button_Beli Sekarang di detail produk' is clicked on

2023-10-06 12:35:09 - [MESSAGE][PASSED] - Object: 'Object Repository/chekout/button_Beli Sekarang di detail produk' is clicked on

2023-10-06 12:35:09 - [TEST_STEP][PASSED] - verifyElementPresent(findTestObject("chekout/halaman keranjang belanja"), 0): Object 'Object Repository/chekout/halaman keranjang belanja' is present

2023-10-06 12:35:09 - [MESSAGE][WARNING] - Timeout '0' is invalid. Using default page load timeout: '30'

2023-10-06 12:35:10 - [MESSAGE][PASSED] - Object 'Object Repository/chekout/halaman keranjang belanja' is present

2023-10-06 12:35:10 - [TEST_STEP][PASSED] - click(findTestObject("chekout/button_Lanjut ke Pembayaran")): Object: 'Object Repository/chekout/button_Lanjut ke Pembayaran' is clicked on

2023-10-06 12:35:13 - [MESSAGE][PASSED] - Object: 'Object Repository/chekout/button_Lanjut ke Pembayaran' is clicked on

2023-10-06 12:35:13 - [TEST_STEP][PASSED] - selectOptionByValue(findTestObject("Object Repository/chekout/select_- Kirim via Kurir Lokal -Roda 2Roda 4"), Roda, false): All options with value '2' are selected in object 'Object Repository/chekout/select_- Kirim via Kurir Lokal -Roda 2Roda 4' 

2023-10-06 12:35:14 - [MESSAGE][PASSED] - All options with value '2' are selected in object 'Object Repository/chekout/select_- Kirim via Kurir Lokal -Roda 2Roda 4' 

2023-10-06 12:35:14 - [TEST_STEP][PASSED] - click(findTestObject("chekout/jenis kendaraan")): Object: 'Object Repository/chekout/jenis kendaraan' is clicked on

2023-10-06 12:35:15 - [MESSAGE][PASSED] - Object: 'Object Repository/chekout/jenis kendaraan' is clicked on

2023-10-06 12:35:15 - [TEST_STEP][PASSED] - if (toString().equalsIgnoreCase("transfer")): Object 'Object Repository/chekout/input metode tf bank' is checked

2023-10-06 12:35:15 - [TEST_STEP][PASSED] - check(findTestObject("chekout/input metode tf bank")): Object 'Object Repository/chekout/input metode tf bank' is checked

2023-10-06 12:35:15 - [MESSAGE][PASSED] - Object 'Object Repository/chekout/input metode tf bank' is checked

2023-10-06 12:35:15 - [TEST_STEP][PASSED] - click(findTestObject("chekout/button_Proses Pembayaran")): Object: 'Object Repository/chekout/button_Proses Pembayaran' is clicked on

2023-10-06 12:35:21 - [MESSAGE][PASSED] - Object: 'Object Repository/chekout/button_Proses Pembayaran' is clicked on

2023-10-06 12:35:21 - [TEST_STEP][PASSED] - noPesanan = getText(findTestObject("Object Repository/chekout/nomor invoice dari halaman menunggu pembayaran")): Text of object 'Object Repository/chekout/nomor invoice dari halaman menunggu pembayaran' is: 'TRX91.20231006123516'

2023-10-06 12:35:23 - [MESSAGE][PASSED] - Text of object 'Object Repository/chekout/nomor invoice dari halaman menunggu pembayaran' is: 'TRX91.20231006123516'

2023-10-06 12:35:23 - [TEST_STEP][PASSED] - println(noPesanan): null

2023-10-06 12:35:23 - [TEST_STEP][PASSED] - pengirim = getText(findTestObject("Object Repository/chekout/dikirim kepada sama dengan pengirim di tf di konfirmaasi bayar")): Text of object 'Object Repository/chekout/dikirim kepada sama dengan pengirim di tf di konfirmaasi bayar' is: 'runarun'

2023-10-06 12:35:24 - [MESSAGE][PASSED] - Text of object 'Object Repository/chekout/dikirim kepada sama dengan pengirim di tf di konfirmaasi bayar' is: 'runarun'

2023-10-06 12:35:24 - [TEST_STEP][PASSED] - totalharga = getText(findTestObject("Object Repository/chekout/total harga bayar")): Text of object 'Object Repository/chekout/total harga bayar' is: '17,262'

2023-10-06 12:35:25 - [MESSAGE][PASSED] - Text of object 'Object Repository/chekout/total harga bayar' is: '17,262'

2023-10-06 12:35:25 - [TEST_STEP][PASSED] - ongkir = getText(findTestObject("co saldo akun/new ongkir tf")): Text of object 'Object Repository/co saldo akun/new ongkir tf' is: 'Rp 13,000'

2023-10-06 12:35:26 - [MESSAGE][PASSED] - Text of object 'Object Repository/co saldo akun/new ongkir tf' is: 'Rp 13,000'

2023-10-06 12:35:26 - [TEST_STEP][PASSED] - ongkirr = replace(",", "").trim(): null

2023-10-06 12:35:26 - [TEST_STEP][PASSED] - ongkir1 = Integer.parseInt(ongkirr): null

2023-10-06 12:35:26 - [TEST_STEP][PASSED] - println(ongkir1): null

2023-10-06 12:35:26 - [TEST_STEP][PASSED] - biayaAdmin = getText(findTestObject("co saldo akun/new fee admin tf")): Text of object 'Object Repository/co saldo akun/new fee admin tf' is: 'Rp 1,500'

2023-10-06 12:35:27 - [MESSAGE][PASSED] - Text of object 'Object Repository/co saldo akun/new fee admin tf' is: 'Rp 1,500'

2023-10-06 12:35:27 - [TEST_STEP][PASSED] - bAdmin = replace(",", "").trim(): null

2023-10-06 12:35:27 - [TEST_STEP][PASSED] - Integer.parseInt(bAdmin): null

2023-10-06 12:35:27 - [TEST_STEP][PASSED] - Admin = Double.parseDouble(bAdmin): null

2023-10-06 12:35:27 - [TEST_STEP][PASSED] - println(Admin): null

2023-10-06 12:35:27 - [TEST_STEP][PASSED] - subtotal = getText(findTestObject("co saldo akun/new subtotal tf")): Text of object 'Object Repository/co saldo akun/new subtotal tf' is: 'Rp 2,246'

2023-10-06 12:35:28 - [MESSAGE][PASSED] - Text of object 'Object Repository/co saldo akun/new subtotal tf' is: 'Rp 2,246'

2023-10-06 12:35:28 - [TEST_STEP][PASSED] - subtotall = replace(",", "").trim(): null

2023-10-06 12:35:28 - [TEST_STEP][PASSED] - Integer.parseInt(subtotall): null

2023-10-06 12:35:28 - [TEST_STEP][PASSED] - sub = Double.parseDouble(subtotall): null

2023-10-06 12:35:28 - [TEST_STEP][PASSED] - println(sub): null

2023-10-06 12:35:28 - [TEST_STEP][PASSED] - kode = getText(findTestObject("co saldo akun/new kode unik tf")): Text of object 'Object Repository/co saldo akun/new kode unik tf' is: '+516'

2023-10-06 12:35:28 - [MESSAGE][PASSED] - Text of object 'Object Repository/co saldo akun/new kode unik tf' is: '+516'

2023-10-06 12:35:28 - [TEST_STEP][PASSED] - kodee = replace("+", "").trim(): null

2023-10-06 12:35:28 - [TEST_STEP][PASSED] - Integer.parseInt(kodee): null

2023-10-06 12:35:28 - [TEST_STEP][PASSED] - code = Double.parseDouble(kodee): null

2023-10-06 12:35:28 - [TEST_STEP][PASSED] - tOng = ongkir1 + sub: null

2023-10-06 12:35:28 - [TEST_STEP][PASSED] - println(tOng): null

2023-10-06 12:35:28 - [TEST_STEP][PASSED] - totalBayar = tOng + Admin + code: null

2023-10-06 12:35:28 - [TEST_STEP][PASSED] - println(totalBayar): null

2023-10-06 12:35:28 - [TEST_STEP][PASSED] - totalBayar1 = totalBayar: null

2023-10-06 12:35:28 - [TEST_STEP][PASSED] - println(totalBayar1): null

2023-10-06 12:35:28 - [TEST_STEP][PASSED] - total = getText(findTestObject("co saldo akun/new total harga tf")): Text of object 'Object Repository/co saldo akun/new total harga tf' is: '17,262'

2023-10-06 12:35:29 - [MESSAGE][PASSED] - Text of object 'Object Repository/co saldo akun/new total harga tf' is: '17,262'

2023-10-06 12:35:29 - [TEST_STEP][PASSED] - total1 = replace(",", "").trim(): null

2023-10-06 12:35:29 - [TEST_STEP][PASSED] - total2 = Integer.parseInt(total1): null

2023-10-06 12:35:29 - [TEST_STEP][PASSED] - println(total2): null

2023-10-06 12:35:29 - [TEST_STEP][PASSED] - assert totalBayar1 == total2: null

2023-10-06 12:35:29 - [TEST_STEP][PASSED] - data = new java.util.HashMap(): null

2023-10-06 12:35:29 - [TEST_STEP][PASSED] - data.put("invoice", noPesanan): null

2023-10-06 12:35:29 - [TEST_STEP][PASSED] - data.put("namaPengirim", pengirim): null

2023-10-06 12:35:29 - [TEST_STEP][PASSED] - data.put("totalBayar", totalharga): null

2023-10-06 12:35:29 - [TEST_STEP][PASSED] - data.put("totalOngkir", tOng): null

2023-10-06 12:35:29 - [TEST_STEP][PASSED] - return data: null

2023-10-06 12:35:29 - [MESSAGE][PASSED] - Call Test Case 'Test Cases/T08 - Konfirmasi Pesanan/TC-OS-001' successfully

2023-10-06 12:35:29 - [TEST_STEP][PASSED] - noPesanan = data.get("invoice"): null

2023-10-06 12:35:29 - [TEST_STEP][PASSED] - nmPengirim = data.get("namaPengirim"): null

2023-10-06 12:35:29 - [TEST_STEP][PASSED] - bayarTotal = data.get("totalBayar"): null

2023-10-06 12:35:29 - [TEST_STEP][PASSED] - click(findTestObject("konfirmasi pesanan/a_Akun 0")): Object: 'Object Repository/konfirmasi pesanan/a_Akun 0' is clicked on

2023-10-06 12:35:29 - [MESSAGE][PASSED] - Object: 'Object Repository/konfirmasi pesanan/a_Akun 0' is clicked on

2023-10-06 12:35:29 - [TEST_STEP][PASSED] - click(findTestObject("konfirmasi pesanan/a_Profile")): Object: 'Object Repository/konfirmasi pesanan/a_Profile' is clicked on

2023-10-06 12:35:30 - [MESSAGE][PASSED] - Object: 'Object Repository/konfirmasi pesanan/a_Profile' is clicked on

2023-10-06 12:35:30 - [TEST_STEP][PASSED] - click(findTestObject("konfirmasi pesanan/a_Pembelian")): Object: 'Object Repository/konfirmasi pesanan/a_Pembelian' is clicked on

2023-10-06 12:35:32 - [MESSAGE][PASSED] - Object: 'Object Repository/konfirmasi pesanan/a_Pembelian' is clicked on

2023-10-06 12:35:32 - [TEST_STEP][PASSED] - click(findTestObject("konfirmasi pesanan/new konfirmasi bayar")): Object: 'Object Repository/konfirmasi pesanan/new konfirmasi bayar' is clicked on

2023-10-06 12:35:34 - [MESSAGE][PASSED] - Object: 'Object Repository/konfirmasi pesanan/new konfirmasi bayar' is clicked on

2023-10-06 12:35:34 - [TEST_STEP][PASSED] - verifyElementPresent(findTestObject("konfirmasi pesanan/verifikasi user masuk halaman konfirmasi bayar dari akun profil"), 0): Object 'Object Repository/konfirmasi pesanan/verifikasi user masuk halaman konfirmasi bayar dari akun profil' is present

2023-10-06 12:35:34 - [MESSAGE][WARNING] - Timeout '0' is invalid. Using default page load timeout: '30'

2023-10-06 12:35:35 - [MESSAGE][PASSED] - Object 'Object Repository/konfirmasi pesanan/verifikasi user masuk halaman konfirmasi bayar dari akun profil' is present

2023-10-06 12:35:35 - [TEST_STEP][PASSED] - selectOptionByValue(findTestObject("konfirmasi pesanan/select dropdown trasfer"), transfer, false): All options with value '1' are selected in object 'Object Repository/konfirmasi pesanan/select dropdown trasfer' 

2023-10-06 12:35:36 - [MESSAGE][PASSED] - All options with value '1' are selected in object 'Object Repository/konfirmasi pesanan/select dropdown trasfer' 

2023-10-06 12:35:36 - [TEST_STEP][PASSED] - clearText(findTestObject("konfirmasi pesanan/input_Nama Pengirim_d")): Text of object 'Object Repository/konfirmasi pesanan/input_Nama Pengirim_d' is cleared

2023-10-06 12:35:36 - [MESSAGE][PASSED] - Text of object 'Object Repository/konfirmasi pesanan/input_Nama Pengirim_d' is cleared

2023-10-06 12:35:36 - [TEST_STEP][PASSED] - uploadFile(findTestObject("konfirmasi pesanan/input_Upload Bukti Transfer_f"), "F:\bootcamp\Miniproject\transfer.jpg"): File 'F:\bootcamp\Miniproject\transfer.jpg' sent to object: 'Object Repository/konfirmasi pesanan/input_Upload Bukti Transfer_f'

2023-10-06 12:35:37 - [MESSAGE][PASSED] - File 'F:\bootcamp\Miniproject\transfer.jpg' sent to object: 'Object Repository/konfirmasi pesanan/input_Upload Bukti Transfer_f'

2023-10-06 12:35:37 - [TEST_STEP][PASSED] - count = getAttribute(findTestObject("Object Repository/konfirmasi pesanan/input_Total TagihanTransfer_b"), "value"): Attribute 'value' of object 'Object Repository/konfirmasi pesanan/input_Total TagihanTransfer_b' is: '17,262'

2023-10-06 12:35:37 - [MESSAGE][PASSED] - Attribute 'value' of object 'Object Repository/konfirmasi pesanan/input_Total TagihanTransfer_b' is: '17,262'

2023-10-06 12:35:37 - [TEST_STEP][PASSED] - nama = getAttribute(findTestObject("Object Repository/konfirmasi pesanan/input_Nama Pengirim_d"), "value"): Attribute 'value' of object 'Object Repository/konfirmasi pesanan/input_Nama Pengirim_d' is: ''

2023-10-06 12:35:37 - [MESSAGE][PASSED] - Attribute 'value' of object 'Object Repository/konfirmasi pesanan/input_Nama Pengirim_d' is: ''

2023-10-06 12:35:37 - [TEST_STEP][PASSED] - click(findTestObject("konfirmasi pesanan/button_Konfirmasi Pembayaran")): Object: 'Object Repository/konfirmasi pesanan/button_Konfirmasi Pembayaran' is clicked on

2023-10-06 12:35:38 - [MESSAGE][PASSED] - Object: 'Object Repository/konfirmasi pesanan/button_Konfirmasi Pembayaran' is clicked on

2023-10-06 12:35:38 - [TEST_STEP][PASSED] - webDriver = getWebDriver(): null

2023-10-06 12:35:38 - [TEST_STEP][PASSED] - field_username = webDriver.findElement(By.xpath("//input[@name="d"]")): null

2023-10-06 12:35:39 - [TEST_STEP][PASSED] - error_message = webDriver.executeScript("return arguments[0].validationMessage", field_username): null

2023-10-06 12:35:39 - [TEST_STEP][PASSED] - println(error_message): null

2023-10-06 12:35:39 - [TEST_STEP][PASSED] - assert error_message == "Please fill out this field.": null]]></system-out>
         <system-err><![CDATA[]]></system-err>
      </testcase>
      <testcase name="Test Cases/T08 - Konfirmasi Pesanan/TC-KF-009" time="59.866" classname="Test Cases/T08 - Konfirmasi Pesanan/TC-KF-009" status="FAILED">
         <failure type="FAILED" message="Test Cases/T08 - Konfirmasi Pesanan/TC-KF-009 FAILED.
Reason:
com.kms.katalon.core.exception.StepFailedException: Unable to verify text 'please input an valid field' is present 
	at com.kms.katalon.core.webui.keyword.internal.WebUIKeywordMain.stepFailed(WebUIKeywordMain.groovy:64)
	at com.kms.katalon.core.webui.keyword.internal.WebUIKeywordMain.runKeyword(WebUIKeywordMain.groovy:26)
	at com.kms.katalon.core.webui.keyword.builtin.VerifyTextPresentKeyword.verifyTextPresent(VerifyTextPresentKeyword.groovy:83)
	at com.kms.katalon.core.webui.keyword.builtin.VerifyTextPresentKeyword.execute(VerifyTextPresentKeyword.groovy:68)
	at com.kms.katalon.core.keyword.internal.KeywordExecutor.executeKeywordForPlatform(KeywordExecutor.groovy:74)
	at com.kms.katalon.core.webui.keyword.WebUiBuiltInKeywords.verifyTextPresent(WebUiBuiltInKeywords.groovy:1723)
	at com.kms.katalon.core.webui.keyword.WebUiBuiltInKeywords$verifyTextPresent$14.call(Unknown Source)
	at TC-KF-009.run(TC-KF-009:51)
	at com.kms.katalon.core.main.ScriptEngine.run(ScriptEngine.java:194)
	at com.kms.katalon.core.main.ScriptEngine.runScriptAsRawText(ScriptEngine.java:119)
	at com.kms.katalon.core.main.TestCaseExecutor.runScript(TestCaseExecutor.java:448)
	at com.kms.katalon.core.main.TestCaseExecutor.doExecute(TestCaseExecutor.java:439)
	at com.kms.katalon.core.main.TestCaseExecutor.processExecutionPhase(TestCaseExecutor.java:418)
	at com.kms.katalon.core.main.TestCaseExecutor.accessMainPhase(TestCaseExecutor.java:410)
	at com.kms.katalon.core.main.TestCaseExecutor.execute(TestCaseExecutor.java:285)
	at com.kms.katalon.core.common.CommonExecutor.accessTestCaseMainPhase(CommonExecutor.java:65)
	at com.kms.katalon.core.main.TestSuiteExecutor.accessTestSuiteMainPhase(TestSuiteExecutor.java:148)
	at com.kms.katalon.core.main.TestSuiteExecutor.execute(TestSuiteExecutor.java:106)
	at com.kms.katalon.core.main.TestCaseMain.startTestSuite(TestCaseMain.java:187)
	at com.kms.katalon.core.main.TestCaseMain$startTestSuite$0.call(Unknown Source)
	at TempTestSuite1696569176253.run(TempTestSuite1696569176253.groovy:36)
Caused by: com.kms.katalon.core.exception.StepFailedException: Text 'please input an valid field' is not present on page 
	at com.kms.katalon.core.webui.keyword.internal.WebUIKeywordMain.stepFailed(WebUIKeywordMain.groovy:64)
	at com.kms.katalon.core.webui.keyword.builtin.VerifyTextPresentKeyword$_verifyTextPresent_closure1.doCall(VerifyTextPresentKeyword.groovy:79)
	at com.kms.katalon.core.webui.keyword.builtin.VerifyTextPresentKeyword$_verifyTextPresent_closure1.call(VerifyTextPresentKeyword.groovy)
	at com.kms.katalon.core.webui.keyword.internal.WebUIKeywordMain.runKeyword(WebUIKeywordMain.groovy:20)
	... 19 more
"/>
         <system-out><![CDATA[2023-10-06 12:35:39 - [TEST_CASE][FAILED] - Test Cases/T08 - Konfirmasi Pesanan/TC-KF-009: Test Cases/T08 - Konfirmasi Pesanan/TC-KF-009 FAILED.
Reason:
com.kms.katalon.core.exception.StepFailedException: Unable to verify text 'please input an valid field' is present 
	at com.kms.katalon.core.webui.keyword.internal.WebUIKeywordMain.stepFailed(WebUIKeywordMain.groovy:64)
	at com.kms.katalon.core.webui.keyword.internal.WebUIKeywordMain.runKeyword(WebUIKeywordMain.groovy:26)
	at com.kms.katalon.core.webui.keyword.builtin.VerifyTextPresentKeyword.verifyTextPresent(VerifyTextPresentKeyword.groovy:83)
	at com.kms.katalon.core.webui.keyword.builtin.VerifyTextPresentKeyword.execute(VerifyTextPresentKeyword.groovy:68)
	at com.kms.katalon.core.keyword.internal.KeywordExecutor.executeKeywordForPlatform(KeywordExecutor.groovy:74)
	at com.kms.katalon.core.webui.keyword.WebUiBuiltInKeywords.verifyTextPresent(WebUiBuiltInKeywords.groovy:1723)
	at com.kms.katalon.core.webui.keyword.WebUiBuiltInKeywords$verifyTextPresent$14.call(Unknown Source)
	at TC-KF-009.run(TC-KF-009:51)
	at com.kms.katalon.core.main.ScriptEngine.run(ScriptEngine.java:194)
	at com.kms.katalon.core.main.ScriptEngine.runScriptAsRawText(ScriptEngine.java:119)
	at com.kms.katalon.core.main.TestCaseExecutor.runScript(TestCaseExecutor.java:448)
	at com.kms.katalon.core.main.TestCaseExecutor.doExecute(TestCaseExecutor.java:439)
	at com.kms.katalon.core.main.TestCaseExecutor.processExecutionPhase(TestCaseExecutor.java:418)
	at com.kms.katalon.core.main.TestCaseExecutor.accessMainPhase(TestCaseExecutor.java:410)
	at com.kms.katalon.core.main.TestCaseExecutor.execute(TestCaseExecutor.java:285)
	at com.kms.katalon.core.common.CommonExecutor.accessTestCaseMainPhase(CommonExecutor.java:65)
	at com.kms.katalon.core.main.TestSuiteExecutor.accessTestSuiteMainPhase(TestSuiteExecutor.java:148)
	at com.kms.katalon.core.main.TestSuiteExecutor.execute(TestSuiteExecutor.java:106)
	at com.kms.katalon.core.main.TestCaseMain.startTestSuite(TestCaseMain.java:187)
	at com.kms.katalon.core.main.TestCaseMain$startTestSuite$0.call(Unknown Source)
	at TempTestSuite1696569176253.run(TempTestSuite1696569176253.groovy:36)
Caused by: com.kms.katalon.core.exception.StepFailedException: Text 'please input an valid field' is not present on page 
	at com.kms.katalon.core.webui.keyword.internal.WebUIKeywordMain.stepFailed(WebUIKeywordMain.groovy:64)
	at com.kms.katalon.core.webui.keyword.builtin.VerifyTextPresentKeyword$_verifyTextPresent_closure1.doCall(VerifyTextPresentKeyword.groovy:79)
	at com.kms.katalon.core.webui.keyword.builtin.VerifyTextPresentKeyword$_verifyTextPresent_closure1.call(VerifyTextPresentKeyword.groovy)
	at com.kms.katalon.core.webui.keyword.internal.WebUIKeywordMain.runKeyword(WebUIKeywordMain.groovy:20)
	... 19 more


2023-10-06 12:35:40 - [TEST_STEP][PASSED] - data = callTestCase(findTestCase("T08 - Konfirmasi Pesanan/TC-OS-001"), ["Roda":"2", "MetodePembayaran":"transfer"], STOP_ON_FAILURE): Call Test Case 'Test Cases/T08 - Konfirmasi Pesanan/TC-OS-001' successfully

2023-10-06 12:35:40 - [TEST_CASE][PASSED] - Test Cases/T08 - Konfirmasi Pesanan/TC-OS-001: Test Cases/T08 - Konfirmasi Pesanan/TC-OS-001

2023-10-06 12:35:40 - [TEST_STEP][PASSED] - callTestCase(findTestCase("T08 - Konfirmasi Pesanan/TC-LS-001"), [:], STOP_ON_FAILURE): Call Test Case 'Test Cases/T08 - Konfirmasi Pesanan/TC-LS-001' successfully

2023-10-06 12:35:40 - [TEST_CASE][PASSED] - Test Cases/T08 - Konfirmasi Pesanan/TC-LS-001: Test Cases/T08 - Konfirmasi Pesanan/TC-LS-001

2023-10-06 12:35:40 - [TEST_STEP][PASSED] - openBrowser(urlWeb): Browser is opened with url: 'https://10.9.2.63/ecommerce/'

2023-10-06 12:35:40 - [MESSAGE][WARNING] - A browser is already opened. Closing browser and opening a new one

2023-10-06 12:35:43 - [MESSAGE][INFO] - Starting 'Firefox' driver

2023-10-06 12:35:43 - [MESSAGE][INFO] - User set preference: ['args', '[window-size=1500,1000, ignore-certificate-errors, UnexpectedAlertBehaviour=ignore]']

2023-10-06 12:35:43 - [MESSAGE][INFO] - Action delay is set to 0 milliseconds

2023-10-06 12:35:52 - [MESSAGE][PASSED] - Browser is opened with url: 'https://10.9.2.63/ecommerce/'

2023-10-06 12:35:52 - [TEST_STEP][PASSED] - maximizeWindow(): Current window maximized

2023-10-06 12:35:52 - [MESSAGE][PASSED] - Current window maximized

2023-10-06 12:35:52 - [TEST_STEP][PASSED] - click(findTestObject("Login/a_Login")): Object: 'Object Repository/Login/a_Login' is clicked on

2023-10-06 12:35:53 - [MESSAGE][PASSED] - Object: 'Object Repository/Login/a_Login' is clicked on

2023-10-06 12:35:53 - [TEST_STEP][PASSED] - setText(findTestObject("Login/input_Username, Email atau No. Handphone_a"), "runa36"): Text 'runa36' is set on object 'Object Repository/Login/input_Username, Email atau No. Handphone_a'

2023-10-06 12:35:54 - [MESSAGE][PASSED] - Text 'runa36' is set on object 'Object Repository/Login/input_Username, Email atau No. Handphone_a'

2023-10-06 12:35:54 - [TEST_STEP][PASSED] - setEncryptedText(findTestObject("Login/input_Password di Login(Masuk)"), "qbkrdMwyWE4="): Text ****** has been set on object 'Object Repository/Login/input_Password di Login(Masuk)'

2023-10-06 12:35:54 - [MESSAGE][PASSED] - Text ****** has been set on object 'Object Repository/Login/input_Password di Login(Masuk)'

2023-10-06 12:35:54 - [TEST_STEP][PASSED] - click(findTestObject("Login/button_Masuk di halaman login")): Object: 'Object Repository/Login/button_Masuk di halaman login' is clicked on

2023-10-06 12:35:56 - [MESSAGE][PASSED] - Object: 'Object Repository/Login/button_Masuk di halaman login' is clicked on

2023-10-06 12:35:56 - [TEST_STEP][PASSED] - verifyElementPresent(findTestObject("Pendaftaran/verifikasi MASUK di halaman Login"), 0): Object 'Object Repository/Pendaftaran/verifikasi MASUK di halaman Login' is present

2023-10-06 12:35:56 - [MESSAGE][WARNING] - Timeout '0' is invalid. Using default page load timeout: '30'

2023-10-06 12:35:57 - [MESSAGE][PASSED] - Object 'Object Repository/Pendaftaran/verifikasi MASUK di halaman Login' is present

2023-10-06 12:35:57 - [MESSAGE][PASSED] - Call Test Case 'Test Cases/T08 - Konfirmasi Pesanan/TC-LS-001' successfully

2023-10-06 12:35:57 - [TEST_STEP][PASSED] - setText(findTestObject("chekout/input aku mau belanja"), "acer"): Text 'acer' is set on object 'Object Repository/chekout/input aku mau belanja'

2023-10-06 12:35:58 - [MESSAGE][PASSED] - Text 'acer' is set on object 'Object Repository/chekout/input aku mau belanja'

2023-10-06 12:35:58 - [TEST_STEP][PASSED] - click(findTestObject("chekout/button_Cari di halaman tajalapak")): Object: 'Object Repository/chekout/button_Cari di halaman tajalapak' is clicked on

2023-10-06 12:36:00 - [MESSAGE][PASSED] - Object: 'Object Repository/chekout/button_Cari di halaman tajalapak' is clicked on

2023-10-06 12:36:00 - [TEST_STEP][PASSED] - click(findTestObject("chekout/NEW read more acer")): Object: 'Object Repository/chekout/NEW read more acer' is clicked on

2023-10-06 12:36:04 - [MESSAGE][PASSED] - Object: 'Object Repository/chekout/NEW read more acer' is clicked on

2023-10-06 12:36:04 - [TEST_STEP][PASSED] - click(findTestObject("chekout/button_Beli Sekarang di detail produk")): Object: 'Object Repository/chekout/button_Beli Sekarang di detail produk' is clicked on

2023-10-06 12:36:06 - [MESSAGE][PASSED] - Object: 'Object Repository/chekout/button_Beli Sekarang di detail produk' is clicked on

2023-10-06 12:36:06 - [TEST_STEP][PASSED] - verifyElementPresent(findTestObject("chekout/halaman keranjang belanja"), 0): Object 'Object Repository/chekout/halaman keranjang belanja' is present

2023-10-06 12:36:06 - [MESSAGE][WARNING] - Timeout '0' is invalid. Using default page load timeout: '30'

2023-10-06 12:36:07 - [MESSAGE][PASSED] - Object 'Object Repository/chekout/halaman keranjang belanja' is present

2023-10-06 12:36:07 - [TEST_STEP][PASSED] - click(findTestObject("chekout/button_Lanjut ke Pembayaran")): Object: 'Object Repository/chekout/button_Lanjut ke Pembayaran' is clicked on

2023-10-06 12:36:09 - [MESSAGE][PASSED] - Object: 'Object Repository/chekout/button_Lanjut ke Pembayaran' is clicked on

2023-10-06 12:36:09 - [TEST_STEP][PASSED] - selectOptionByValue(findTestObject("Object Repository/chekout/select_- Kirim via Kurir Lokal -Roda 2Roda 4"), Roda, false): All options with value '2' are selected in object 'Object Repository/chekout/select_- Kirim via Kurir Lokal -Roda 2Roda 4' 

2023-10-06 12:36:11 - [MESSAGE][PASSED] - All options with value '2' are selected in object 'Object Repository/chekout/select_- Kirim via Kurir Lokal -Roda 2Roda 4' 

2023-10-06 12:36:11 - [TEST_STEP][PASSED] - click(findTestObject("chekout/jenis kendaraan")): Object: 'Object Repository/chekout/jenis kendaraan' is clicked on

2023-10-06 12:36:12 - [MESSAGE][PASSED] - Object: 'Object Repository/chekout/jenis kendaraan' is clicked on

2023-10-06 12:36:12 - [TEST_STEP][PASSED] - if (toString().equalsIgnoreCase("transfer")): Object 'Object Repository/chekout/input metode tf bank' is checked

2023-10-06 12:36:12 - [TEST_STEP][PASSED] - check(findTestObject("chekout/input metode tf bank")): Object 'Object Repository/chekout/input metode tf bank' is checked

2023-10-06 12:36:12 - [MESSAGE][PASSED] - Object 'Object Repository/chekout/input metode tf bank' is checked

2023-10-06 12:36:12 - [TEST_STEP][PASSED] - click(findTestObject("chekout/button_Proses Pembayaran")): Object: 'Object Repository/chekout/button_Proses Pembayaran' is clicked on

2023-10-06 12:36:18 - [MESSAGE][PASSED] - Object: 'Object Repository/chekout/button_Proses Pembayaran' is clicked on

2023-10-06 12:36:18 - [TEST_STEP][PASSED] - noPesanan = getText(findTestObject("Object Repository/chekout/nomor invoice dari halaman menunggu pembayaran")): Text of object 'Object Repository/chekout/nomor invoice dari halaman menunggu pembayaran' is: 'TRX91.20231006123613'

2023-10-06 12:36:21 - [MESSAGE][PASSED] - Text of object 'Object Repository/chekout/nomor invoice dari halaman menunggu pembayaran' is: 'TRX91.20231006123613'

2023-10-06 12:36:21 - [TEST_STEP][PASSED] - println(noPesanan): null

2023-10-06 12:36:21 - [TEST_STEP][PASSED] - pengirim = getText(findTestObject("Object Repository/chekout/dikirim kepada sama dengan pengirim di tf di konfirmaasi bayar")): Text of object 'Object Repository/chekout/dikirim kepada sama dengan pengirim di tf di konfirmaasi bayar' is: 'runarun'

2023-10-06 12:36:21 - [MESSAGE][PASSED] - Text of object 'Object Repository/chekout/dikirim kepada sama dengan pengirim di tf di konfirmaasi bayar' is: 'runarun'

2023-10-06 12:36:21 - [TEST_STEP][PASSED] - totalharga = getText(findTestObject("Object Repository/chekout/total harga bayar")): Text of object 'Object Repository/chekout/total harga bayar' is: '17,359'

2023-10-06 12:36:22 - [MESSAGE][PASSED] - Text of object 'Object Repository/chekout/total harga bayar' is: '17,359'

2023-10-06 12:36:22 - [TEST_STEP][PASSED] - ongkir = getText(findTestObject("co saldo akun/new ongkir tf")): Text of object 'Object Repository/co saldo akun/new ongkir tf' is: 'Rp 13,000'

2023-10-06 12:36:22 - [MESSAGE][PASSED] - Text of object 'Object Repository/co saldo akun/new ongkir tf' is: 'Rp 13,000'

2023-10-06 12:36:22 - [TEST_STEP][PASSED] - ongkirr = replace(",", "").trim(): null

2023-10-06 12:36:22 - [TEST_STEP][PASSED] - ongkir1 = Integer.parseInt(ongkirr): null

2023-10-06 12:36:22 - [TEST_STEP][PASSED] - println(ongkir1): null

2023-10-06 12:36:22 - [TEST_STEP][PASSED] - biayaAdmin = getText(findTestObject("co saldo akun/new fee admin tf")): Text of object 'Object Repository/co saldo akun/new fee admin tf' is: 'Rp 1,500'

2023-10-06 12:36:23 - [MESSAGE][PASSED] - Text of object 'Object Repository/co saldo akun/new fee admin tf' is: 'Rp 1,500'

2023-10-06 12:36:23 - [TEST_STEP][PASSED] - bAdmin = replace(",", "").trim(): null

2023-10-06 12:36:23 - [TEST_STEP][PASSED] - Integer.parseInt(bAdmin): null

2023-10-06 12:36:23 - [TEST_STEP][PASSED] - Admin = Double.parseDouble(bAdmin): null

2023-10-06 12:36:23 - [TEST_STEP][PASSED] - println(Admin): null

2023-10-06 12:36:23 - [TEST_STEP][PASSED] - subtotal = getText(findTestObject("co saldo akun/new subtotal tf")): Text of object 'Object Repository/co saldo akun/new subtotal tf' is: 'Rp 2,246'

2023-10-06 12:36:24 - [MESSAGE][PASSED] - Text of object 'Object Repository/co saldo akun/new subtotal tf' is: 'Rp 2,246'

2023-10-06 12:36:24 - [TEST_STEP][PASSED] - subtotall = replace(",", "").trim(): null

2023-10-06 12:36:24 - [TEST_STEP][PASSED] - Integer.parseInt(subtotall): null

2023-10-06 12:36:24 - [TEST_STEP][PASSED] - sub = Double.parseDouble(subtotall): null

2023-10-06 12:36:24 - [TEST_STEP][PASSED] - println(sub): null

2023-10-06 12:36:24 - [TEST_STEP][PASSED] - kode = getText(findTestObject("co saldo akun/new kode unik tf")): Text of object 'Object Repository/co saldo akun/new kode unik tf' is: '+613'

2023-10-06 12:36:25 - [MESSAGE][PASSED] - Text of object 'Object Repository/co saldo akun/new kode unik tf' is: '+613'

2023-10-06 12:36:25 - [TEST_STEP][PASSED] - kodee = replace("+", "").trim(): null

2023-10-06 12:36:25 - [TEST_STEP][PASSED] - Integer.parseInt(kodee): null

2023-10-06 12:36:25 - [TEST_STEP][PASSED] - code = Double.parseDouble(kodee): null

2023-10-06 12:36:25 - [TEST_STEP][PASSED] - tOng = ongkir1 + sub: null

2023-10-06 12:36:25 - [TEST_STEP][PASSED] - println(tOng): null

2023-10-06 12:36:25 - [TEST_STEP][PASSED] - totalBayar = tOng + Admin + code: null

2023-10-06 12:36:25 - [TEST_STEP][PASSED] - println(totalBayar): null

2023-10-06 12:36:25 - [TEST_STEP][PASSED] - totalBayar1 = totalBayar: null

2023-10-06 12:36:25 - [TEST_STEP][PASSED] - println(totalBayar1): null

2023-10-06 12:36:25 - [TEST_STEP][PASSED] - total = getText(findTestObject("co saldo akun/new total harga tf")): Text of object 'Object Repository/co saldo akun/new total harga tf' is: '17,359'

2023-10-06 12:36:26 - [MESSAGE][PASSED] - Text of object 'Object Repository/co saldo akun/new total harga tf' is: '17,359'

2023-10-06 12:36:26 - [TEST_STEP][PASSED] - total1 = replace(",", "").trim(): null

2023-10-06 12:36:26 - [TEST_STEP][PASSED] - total2 = Integer.parseInt(total1): null

2023-10-06 12:36:26 - [TEST_STEP][PASSED] - println(total2): null

2023-10-06 12:36:26 - [TEST_STEP][PASSED] - assert totalBayar1 == total2: null

2023-10-06 12:36:26 - [TEST_STEP][PASSED] - data = new java.util.HashMap(): null

2023-10-06 12:36:26 - [TEST_STEP][PASSED] - data.put("invoice", noPesanan): null

2023-10-06 12:36:26 - [TEST_STEP][PASSED] - data.put("namaPengirim", pengirim): null

2023-10-06 12:36:26 - [TEST_STEP][PASSED] - data.put("totalBayar", totalharga): null

2023-10-06 12:36:26 - [TEST_STEP][PASSED] - data.put("totalOngkir", tOng): null

2023-10-06 12:36:26 - [TEST_STEP][PASSED] - return data: null

2023-10-06 12:36:26 - [MESSAGE][PASSED] - Call Test Case 'Test Cases/T08 - Konfirmasi Pesanan/TC-OS-001' successfully

2023-10-06 12:36:26 - [TEST_STEP][PASSED] - noInvoice = data.get("invoice"): null

2023-10-06 12:36:26 - [TEST_STEP][PASSED] - nmPengirim = data.get("namaPengirim"): null

2023-10-06 12:36:26 - [TEST_STEP][PASSED] - ttlBayar = data.get("totalBayar"): null

2023-10-06 12:36:26 - [TEST_STEP][PASSED] - click(findTestObject("konfirmasi pesanan/a_Akun 0")): Object: 'Object Repository/konfirmasi pesanan/a_Akun 0' is clicked on

2023-10-06 12:36:27 - [MESSAGE][PASSED] - Object: 'Object Repository/konfirmasi pesanan/a_Akun 0' is clicked on

2023-10-06 12:36:27 - [TEST_STEP][PASSED] - click(findTestObject("konfirmasi pesanan/a_Profile")): Object: 'Object Repository/konfirmasi pesanan/a_Profile' is clicked on

2023-10-06 12:36:28 - [MESSAGE][PASSED] - Object: 'Object Repository/konfirmasi pesanan/a_Profile' is clicked on

2023-10-06 12:36:28 - [TEST_STEP][PASSED] - click(findTestObject("konfirmasi pesanan/a_Pembelian")): Object: 'Object Repository/konfirmasi pesanan/a_Pembelian' is clicked on

2023-10-06 12:36:30 - [MESSAGE][PASSED] - Object: 'Object Repository/konfirmasi pesanan/a_Pembelian' is clicked on

2023-10-06 12:36:30 - [TEST_STEP][PASSED] - click(findTestObject("konfirmasi pesanan/new konfirmasi bayar")): Object: 'Object Repository/konfirmasi pesanan/new konfirmasi bayar' is clicked on

2023-10-06 12:36:31 - [MESSAGE][PASSED] - Object: 'Object Repository/konfirmasi pesanan/new konfirmasi bayar' is clicked on

2023-10-06 12:36:31 - [TEST_STEP][PASSED] - clearText(findTestObject("konfirmasi pesanan/input_Total TagihanTransfer_b")): Text of object 'Object Repository/konfirmasi pesanan/input_Total TagihanTransfer_b' is cleared

2023-10-06 12:36:32 - [MESSAGE][PASSED] - Text of object 'Object Repository/konfirmasi pesanan/input_Total TagihanTransfer_b' is cleared

2023-10-06 12:36:32 - [TEST_STEP][PASSED] - setText(findTestObject("konfirmasi pesanan/input_Total TagihanTransfer_b"), tagihan): Text '-2000' is set on object 'Object Repository/konfirmasi pesanan/input_Total TagihanTransfer_b'

2023-10-06 12:36:33 - [MESSAGE][PASSED] - Text '-2000' is set on object 'Object Repository/konfirmasi pesanan/input_Total TagihanTransfer_b'

2023-10-06 12:36:33 - [TEST_STEP][PASSED] - selectOptionByValue(findTestObject("konfirmasi pesanan/select dropdown trasfer"), transfer, false): All options with value '1' are selected in object 'Object Repository/konfirmasi pesanan/select dropdown trasfer' 

2023-10-06 12:36:34 - [MESSAGE][PASSED] - All options with value '1' are selected in object 'Object Repository/konfirmasi pesanan/select dropdown trasfer' 

2023-10-06 12:36:34 - [TEST_STEP][PASSED] - clearText(findTestObject("konfirmasi pesanan/input_Nama Pengirim_d")): Text of object 'Object Repository/konfirmasi pesanan/input_Nama Pengirim_d' is cleared

2023-10-06 12:36:34 - [MESSAGE][PASSED] - Text of object 'Object Repository/konfirmasi pesanan/input_Nama Pengirim_d' is cleared

2023-10-06 12:36:34 - [TEST_STEP][PASSED] - setText(findTestObject("konfirmasi pesanan/input_Nama Pengirim_d"), nmPengirim): Text 'runarun' is set on object 'Object Repository/konfirmasi pesanan/input_Nama Pengirim_d'

2023-10-06 12:36:35 - [MESSAGE][PASSED] - Text 'runarun' is set on object 'Object Repository/konfirmasi pesanan/input_Nama Pengirim_d'

2023-10-06 12:36:35 - [TEST_STEP][PASSED] - uploadFile(findTestObject("konfirmasi pesanan/input_Upload Bukti Transfer_f"), "F:\bootcamp\Miniproject\transfer.jpg"): File 'F:\bootcamp\Miniproject\transfer.jpg' sent to object: 'Object Repository/konfirmasi pesanan/input_Upload Bukti Transfer_f'

2023-10-06 12:36:36 - [MESSAGE][PASSED] - File 'F:\bootcamp\Miniproject\transfer.jpg' sent to object: 'Object Repository/konfirmasi pesanan/input_Upload Bukti Transfer_f'

2023-10-06 12:36:36 - [TEST_STEP][PASSED] - click(findTestObject("konfirmasi pesanan/button_Konfirmasi Pembayaran")): Object: 'Object Repository/konfirmasi pesanan/button_Konfirmasi Pembayaran' is clicked on

2023-10-06 12:36:38 - [MESSAGE][PASSED] - Object: 'Object Repository/konfirmasi pesanan/button_Konfirmasi Pembayaran' is clicked on

2023-10-06 12:36:38 - [TEST_STEP][FAILED] - verifyTextPresent("please input an valid field", false): Unable to verify text 'please input an valid field' is present  (Root cause: com.kms.katalon.core.exception.StepFailedException: Unable to verify text 'please input an valid field' is present 
	at com.kms.katalon.core.webui.keyword.internal.WebUIKeywordMain.stepFailed(WebUIKeywordMain.groovy:64)
	at com.kms.katalon.core.webui.keyword.internal.WebUIKeywordMain.runKeyword(WebUIKeywordMain.groovy:26)
	at com.kms.katalon.core.webui.keyword.builtin.VerifyTextPresentKeyword.verifyTextPresent(VerifyTextPresentKeyword.groovy:83)
	at com.kms.katalon.core.webui.keyword.builtin.VerifyTextPresentKeyword.execute(VerifyTextPresentKeyword.groovy:68)
	at com.kms.katalon.core.keyword.internal.KeywordExecutor.executeKeywordForPlatform(KeywordExecutor.groovy:74)
	at com.kms.katalon.core.webui.keyword.WebUiBuiltInKeywords.verifyTextPresent(WebUiBuiltInKeywords.groovy:1723)
	at com.kms.katalon.core.webui.keyword.WebUiBuiltInKeywords$verifyTextPresent$14.call(Unknown Source)
	at TC-KF-009.run(TC-KF-009:51)
	at com.kms.katalon.core.main.ScriptEngine.run(ScriptEngine.java:194)
	at com.kms.katalon.core.main.ScriptEngine.runScriptAsRawText(ScriptEngine.java:119)
	at com.kms.katalon.core.main.TestCaseExecutor.runScript(TestCaseExecutor.java:448)
	at com.kms.katalon.core.main.TestCaseExecutor.doExecute(TestCaseExecutor.java:439)
	at com.kms.katalon.core.main.TestCaseExecutor.processExecutionPhase(TestCaseExecutor.java:418)
	at com.kms.katalon.core.main.TestCaseExecutor.accessMainPhase(TestCaseExecutor.java:410)
	at com.kms.katalon.core.main.TestCaseExecutor.execute(TestCaseExecutor.java:285)
	at com.kms.katalon.core.common.CommonExecutor.accessTestCaseMainPhase(CommonExecutor.java:65)
	at com.kms.katalon.core.main.TestSuiteExecutor.accessTestSuiteMainPhase(TestSuiteExecutor.java:148)
	at com.kms.katalon.core.main.TestSuiteExecutor.execute(TestSuiteExecutor.java:106)
	at com.kms.katalon.core.main.TestCaseMain.startTestSuite(TestCaseMain.java:187)
	at com.kms.katalon.core.main.TestCaseMain$startTestSuite$0.call(Unknown Source)
	at TempTestSuite1696569176253.run(TempTestSuite1696569176253.groovy:36)
Caused by: com.kms.katalon.core.exception.StepFailedException: Text 'please input an valid field' is not present on page 
	at com.kms.katalon.core.webui.keyword.internal.WebUIKeywordMain.stepFailed(WebUIKeywordMain.groovy:64)
	at com.kms.katalon.core.webui.keyword.builtin.VerifyTextPresentKeyword$_verifyTextPresent_closure1.doCall(VerifyTextPresentKeyword.groovy:79)
	at com.kms.katalon.core.webui.keyword.builtin.VerifyTextPresentKeyword$_verifyTextPresent_closure1.call(VerifyTextPresentKeyword.groovy)
	at com.kms.katalon.core.webui.keyword.internal.WebUIKeywordMain.runKeyword(WebUIKeywordMain.groovy:20)
	... 19 more
)

2023-10-06 12:36:39 - [MESSAGE][FAILED] - Text 'please input an valid field' is not present on page  (Root cause: com.kms.katalon.core.exception.StepFailedException: Text 'please input an valid field' is not present on page 
	at com.kms.katalon.core.webui.keyword.internal.WebUIKeywordMain.stepFailed(WebUIKeywordMain.groovy:64)
	at com.kms.katalon.core.webui.keyword.builtin.VerifyTextPresentKeyword$_verifyTextPresent_closure1.doCall(VerifyTextPresentKeyword.groovy:79)
	at com.kms.katalon.core.webui.keyword.builtin.VerifyTextPresentKeyword$_verifyTextPresent_closure1.call(VerifyTextPresentKeyword.groovy)
	at com.kms.katalon.core.webui.keyword.internal.WebUIKeywordMain.runKeyword(WebUIKeywordMain.groovy:20)
	at com.kms.katalon.core.webui.keyword.builtin.VerifyTextPresentKeyword.verifyTextPresent(VerifyTextPresentKeyword.groovy:83)
	at com.kms.katalon.core.webui.keyword.builtin.VerifyTextPresentKeyword.execute(VerifyTextPresentKeyword.groovy:68)
	at com.kms.katalon.core.keyword.internal.KeywordExecutor.executeKeywordForPlatform(KeywordExecutor.groovy:74)
	at com.kms.katalon.core.webui.keyword.WebUiBuiltInKeywords.verifyTextPresent(WebUiBuiltInKeywords.groovy:1723)
	at com.kms.katalon.core.webui.keyword.WebUiBuiltInKeywords$verifyTextPresent$14.call(Unknown Source)
	at TC-KF-009.run(TC-KF-009:51)
	at com.kms.katalon.core.main.ScriptEngine.run(ScriptEngine.java:194)
	at com.kms.katalon.core.main.ScriptEngine.runScriptAsRawText(ScriptEngine.java:119)
	at com.kms.katalon.core.main.TestCaseExecutor.runScript(TestCaseExecutor.java:448)
	at com.kms.katalon.core.main.TestCaseExecutor.doExecute(TestCaseExecutor.java:439)
	at com.kms.katalon.core.main.TestCaseExecutor.processExecutionPhase(TestCaseExecutor.java:418)
	at com.kms.katalon.core.main.TestCaseExecutor.accessMainPhase(TestCaseExecutor.java:410)
	at com.kms.katalon.core.main.TestCaseExecutor.execute(TestCaseExecutor.java:285)
	at com.kms.katalon.core.common.CommonExecutor.accessTestCaseMainPhase(CommonExecutor.java:65)
	at com.kms.katalon.core.main.TestSuiteExecutor.accessTestSuiteMainPhase(TestSuiteExecutor.java:148)
	at com.kms.katalon.core.main.TestSuiteExecutor.execute(TestSuiteExecutor.java:106)
	at com.kms.katalon.core.main.TestCaseMain.startTestSuite(TestCaseMain.java:187)
	at com.kms.katalon.core.main.TestCaseMain$startTestSuite$0.call(Unknown Source)
	at TempTestSuite1696569176253.run(TempTestSuite1696569176253.groovy:36)
)

2023-10-06 12:36:39 - [MESSAGE][FAILED] - Unable to verify text 'please input an valid field' is present  (Root cause: com.kms.katalon.core.exception.StepFailedException: Unable to verify text 'please input an valid field' is present 
	at com.kms.katalon.core.webui.keyword.internal.WebUIKeywordMain.stepFailed(WebUIKeywordMain.groovy:64)
	at com.kms.katalon.core.webui.keyword.internal.WebUIKeywordMain.runKeyword(WebUIKeywordMain.groovy:26)
	at com.kms.katalon.core.webui.keyword.builtin.VerifyTextPresentKeyword.verifyTextPresent(VerifyTextPresentKeyword.groovy:83)
	at com.kms.katalon.core.webui.keyword.builtin.VerifyTextPresentKeyword.execute(VerifyTextPresentKeyword.groovy:68)
	at com.kms.katalon.core.keyword.internal.KeywordExecutor.executeKeywordForPlatform(KeywordExecutor.groovy:74)
	at com.kms.katalon.core.webui.keyword.WebUiBuiltInKeywords.verifyTextPresent(WebUiBuiltInKeywords.groovy:1723)
	at com.kms.katalon.core.webui.keyword.WebUiBuiltInKeywords$verifyTextPresent$14.call(Unknown Source)
	at TC-KF-009.run(TC-KF-009:51)
	at com.kms.katalon.core.main.ScriptEngine.run(ScriptEngine.java:194)
	at com.kms.katalon.core.main.ScriptEngine.runScriptAsRawText(ScriptEngine.java:119)
	at com.kms.katalon.core.main.TestCaseExecutor.runScript(TestCaseExecutor.java:448)
	at com.kms.katalon.core.main.TestCaseExecutor.doExecute(TestCaseExecutor.java:439)
	at com.kms.katalon.core.main.TestCaseExecutor.processExecutionPhase(TestCaseExecutor.java:418)
	at com.kms.katalon.core.main.TestCaseExecutor.accessMainPhase(TestCaseExecutor.java:410)
	at com.kms.katalon.core.main.TestCaseExecutor.execute(TestCaseExecutor.java:285)
	at com.kms.katalon.core.common.CommonExecutor.accessTestCaseMainPhase(CommonExecutor.java:65)
	at com.kms.katalon.core.main.TestSuiteExecutor.accessTestSuiteMainPhase(TestSuiteExecutor.java:148)
	at com.kms.katalon.core.main.TestSuiteExecutor.execute(TestSuiteExecutor.java:106)
	at com.kms.katalon.core.main.TestCaseMain.startTestSuite(TestCaseMain.java:187)
	at com.kms.katalon.core.main.TestCaseMain$startTestSuite$0.call(Unknown Source)
	at TempTestSuite1696569176253.run(TempTestSuite1696569176253.groovy:36)
Caused by: com.kms.katalon.core.exception.StepFailedException: Text 'please input an valid field' is not present on page 
	at com.kms.katalon.core.webui.keyword.internal.WebUIKeywordMain.stepFailed(WebUIKeywordMain.groovy:64)
	at com.kms.katalon.core.webui.keyword.builtin.VerifyTextPresentKeyword$_verifyTextPresent_closure1.doCall(VerifyTextPresentKeyword.groovy:79)
	at com.kms.katalon.core.webui.keyword.builtin.VerifyTextPresentKeyword$_verifyTextPresent_closure1.call(VerifyTextPresentKeyword.groovy)
	at com.kms.katalon.core.webui.keyword.internal.WebUIKeywordMain.runKeyword(WebUIKeywordMain.groovy:20)
	... 19 more
)
[[ATTACHMENT|F:\\bootcamp\\Miniproject\\Tajalapak\\Reports\\20231006_121256\\T08 - Konfirmasi Pesanan\\20231006_121256\\1696570599509.png]]]]></system-out>
         <system-err><![CDATA[2023-10-06 12:35:39 - [TEST_CASE][FAILED] - Test Cases/T08 - Konfirmasi Pesanan/TC-KF-009: Test Cases/T08 - Konfirmasi Pesanan/TC-KF-009 FAILED.
Reason:
com.kms.katalon.core.exception.StepFailedException: Unable to verify text 'please input an valid field' is present 
	at com.kms.katalon.core.webui.keyword.internal.WebUIKeywordMain.stepFailed(WebUIKeywordMain.groovy:64)
	at com.kms.katalon.core.webui.keyword.internal.WebUIKeywordMain.runKeyword(WebUIKeywordMain.groovy:26)
	at com.kms.katalon.core.webui.keyword.builtin.VerifyTextPresentKeyword.verifyTextPresent(VerifyTextPresentKeyword.groovy:83)
	at com.kms.katalon.core.webui.keyword.builtin.VerifyTextPresentKeyword.execute(VerifyTextPresentKeyword.groovy:68)
	at com.kms.katalon.core.keyword.internal.KeywordExecutor.executeKeywordForPlatform(KeywordExecutor.groovy:74)
	at com.kms.katalon.core.webui.keyword.WebUiBuiltInKeywords.verifyTextPresent(WebUiBuiltInKeywords.groovy:1723)
	at com.kms.katalon.core.webui.keyword.WebUiBuiltInKeywords$verifyTextPresent$14.call(Unknown Source)
	at TC-KF-009.run(TC-KF-009:51)
	at com.kms.katalon.core.main.ScriptEngine.run(ScriptEngine.java:194)
	at com.kms.katalon.core.main.ScriptEngine.runScriptAsRawText(ScriptEngine.java:119)
	at com.kms.katalon.core.main.TestCaseExecutor.runScript(TestCaseExecutor.java:448)
	at com.kms.katalon.core.main.TestCaseExecutor.doExecute(TestCaseExecutor.java:439)
	at com.kms.katalon.core.main.TestCaseExecutor.processExecutionPhase(TestCaseExecutor.java:418)
	at com.kms.katalon.core.main.TestCaseExecutor.accessMainPhase(TestCaseExecutor.java:410)
	at com.kms.katalon.core.main.TestCaseExecutor.execute(TestCaseExecutor.java:285)
	at com.kms.katalon.core.common.CommonExecutor.accessTestCaseMainPhase(CommonExecutor.java:65)
	at com.kms.katalon.core.main.TestSuiteExecutor.accessTestSuiteMainPhase(TestSuiteExecutor.java:148)
	at com.kms.katalon.core.main.TestSuiteExecutor.execute(TestSuiteExecutor.java:106)
	at com.kms.katalon.core.main.TestCaseMain.startTestSuite(TestCaseMain.java:187)
	at com.kms.katalon.core.main.TestCaseMain$startTestSuite$0.call(Unknown Source)
	at TempTestSuite1696569176253.run(TempTestSuite1696569176253.groovy:36)
Caused by: com.kms.katalon.core.exception.StepFailedException: Text 'please input an valid field' is not present on page 
	at com.kms.katalon.core.webui.keyword.internal.WebUIKeywordMain.stepFailed(WebUIKeywordMain.groovy:64)
	at com.kms.katalon.core.webui.keyword.builtin.VerifyTextPresentKeyword$_verifyTextPresent_closure1.doCall(VerifyTextPresentKeyword.groovy:79)
	at com.kms.katalon.core.webui.keyword.builtin.VerifyTextPresentKeyword$_verifyTextPresent_closure1.call(VerifyTextPresentKeyword.groovy)
	at com.kms.katalon.core.webui.keyword.internal.WebUIKeywordMain.runKeyword(WebUIKeywordMain.groovy:20)
	... 19 more]]></system-err>
      </testcase>
      <testcase name="Test Cases/T08 - Konfirmasi Pesanan/TC-KF-010" time="58.28" classname="Test Cases/T08 - Konfirmasi Pesanan/TC-KF-010" status="FAILED">
         <failure type="FAILED" message="Test Cases/T08 - Konfirmasi Pesanan/TC-KF-010 FAILED.
Reason:
com.kms.katalon.core.exception.StepFailedException: Unable to verify text 'please input an valid field' is present 
	at com.kms.katalon.core.webui.keyword.internal.WebUIKeywordMain.stepFailed(WebUIKeywordMain.groovy:64)
	at com.kms.katalon.core.webui.keyword.internal.WebUIKeywordMain.runKeyword(WebUIKeywordMain.groovy:26)
	at com.kms.katalon.core.webui.keyword.builtin.VerifyTextPresentKeyword.verifyTextPresent(VerifyTextPresentKeyword.groovy:83)
	at com.kms.katalon.core.webui.keyword.builtin.VerifyTextPresentKeyword.execute(VerifyTextPresentKeyword.groovy:68)
	at com.kms.katalon.core.keyword.internal.KeywordExecutor.executeKeywordForPlatform(KeywordExecutor.groovy:74)
	at com.kms.katalon.core.webui.keyword.WebUiBuiltInKeywords.verifyTextPresent(WebUiBuiltInKeywords.groovy:1723)
	at com.kms.katalon.core.webui.keyword.WebUiBuiltInKeywords$verifyTextPresent$14.call(Unknown Source)
	at TC-KF-010.run(TC-KF-010:51)
	at com.kms.katalon.core.main.ScriptEngine.run(ScriptEngine.java:194)
	at com.kms.katalon.core.main.ScriptEngine.runScriptAsRawText(ScriptEngine.java:119)
	at com.kms.katalon.core.main.TestCaseExecutor.runScript(TestCaseExecutor.java:448)
	at com.kms.katalon.core.main.TestCaseExecutor.doExecute(TestCaseExecutor.java:439)
	at com.kms.katalon.core.main.TestCaseExecutor.processExecutionPhase(TestCaseExecutor.java:418)
	at com.kms.katalon.core.main.TestCaseExecutor.accessMainPhase(TestCaseExecutor.java:410)
	at com.kms.katalon.core.main.TestCaseExecutor.execute(TestCaseExecutor.java:285)
	at com.kms.katalon.core.common.CommonExecutor.accessTestCaseMainPhase(CommonExecutor.java:65)
	at com.kms.katalon.core.main.TestSuiteExecutor.accessTestSuiteMainPhase(TestSuiteExecutor.java:148)
	at com.kms.katalon.core.main.TestSuiteExecutor.execute(TestSuiteExecutor.java:106)
	at com.kms.katalon.core.main.TestCaseMain.startTestSuite(TestCaseMain.java:187)
	at com.kms.katalon.core.main.TestCaseMain$startTestSuite$0.call(Unknown Source)
	at TempTestSuite1696569176253.run(TempTestSuite1696569176253.groovy:36)
Caused by: com.kms.katalon.core.exception.StepFailedException: Text 'please input an valid field' is not present on page 
	at com.kms.katalon.core.webui.keyword.internal.WebUIKeywordMain.stepFailed(WebUIKeywordMain.groovy:64)
	at com.kms.katalon.core.webui.keyword.builtin.VerifyTextPresentKeyword$_verifyTextPresent_closure1.doCall(VerifyTextPresentKeyword.groovy:79)
	at com.kms.katalon.core.webui.keyword.builtin.VerifyTextPresentKeyword$_verifyTextPresent_closure1.call(VerifyTextPresentKeyword.groovy)
	at com.kms.katalon.core.webui.keyword.internal.WebUIKeywordMain.runKeyword(WebUIKeywordMain.groovy:20)
	... 19 more
"/>
         <system-out><![CDATA[2023-10-06 12:36:40 - [TEST_CASE][FAILED] - Test Cases/T08 - Konfirmasi Pesanan/TC-KF-010: Test Cases/T08 - Konfirmasi Pesanan/TC-KF-010 FAILED.
Reason:
com.kms.katalon.core.exception.StepFailedException: Unable to verify text 'please input an valid field' is present 
	at com.kms.katalon.core.webui.keyword.internal.WebUIKeywordMain.stepFailed(WebUIKeywordMain.groovy:64)
	at com.kms.katalon.core.webui.keyword.internal.WebUIKeywordMain.runKeyword(WebUIKeywordMain.groovy:26)
	at com.kms.katalon.core.webui.keyword.builtin.VerifyTextPresentKeyword.verifyTextPresent(VerifyTextPresentKeyword.groovy:83)
	at com.kms.katalon.core.webui.keyword.builtin.VerifyTextPresentKeyword.execute(VerifyTextPresentKeyword.groovy:68)
	at com.kms.katalon.core.keyword.internal.KeywordExecutor.executeKeywordForPlatform(KeywordExecutor.groovy:74)
	at com.kms.katalon.core.webui.keyword.WebUiBuiltInKeywords.verifyTextPresent(WebUiBuiltInKeywords.groovy:1723)
	at com.kms.katalon.core.webui.keyword.WebUiBuiltInKeywords$verifyTextPresent$14.call(Unknown Source)
	at TC-KF-010.run(TC-KF-010:51)
	at com.kms.katalon.core.main.ScriptEngine.run(ScriptEngine.java:194)
	at com.kms.katalon.core.main.ScriptEngine.runScriptAsRawText(ScriptEngine.java:119)
	at com.kms.katalon.core.main.TestCaseExecutor.runScript(TestCaseExecutor.java:448)
	at com.kms.katalon.core.main.TestCaseExecutor.doExecute(TestCaseExecutor.java:439)
	at com.kms.katalon.core.main.TestCaseExecutor.processExecutionPhase(TestCaseExecutor.java:418)
	at com.kms.katalon.core.main.TestCaseExecutor.accessMainPhase(TestCaseExecutor.java:410)
	at com.kms.katalon.core.main.TestCaseExecutor.execute(TestCaseExecutor.java:285)
	at com.kms.katalon.core.common.CommonExecutor.accessTestCaseMainPhase(CommonExecutor.java:65)
	at com.kms.katalon.core.main.TestSuiteExecutor.accessTestSuiteMainPhase(TestSuiteExecutor.java:148)
	at com.kms.katalon.core.main.TestSuiteExecutor.execute(TestSuiteExecutor.java:106)
	at com.kms.katalon.core.main.TestCaseMain.startTestSuite(TestCaseMain.java:187)
	at com.kms.katalon.core.main.TestCaseMain$startTestSuite$0.call(Unknown Source)
	at TempTestSuite1696569176253.run(TempTestSuite1696569176253.groovy:36)
Caused by: com.kms.katalon.core.exception.StepFailedException: Text 'please input an valid field' is not present on page 
	at com.kms.katalon.core.webui.keyword.internal.WebUIKeywordMain.stepFailed(WebUIKeywordMain.groovy:64)
	at com.kms.katalon.core.webui.keyword.builtin.VerifyTextPresentKeyword$_verifyTextPresent_closure1.doCall(VerifyTextPresentKeyword.groovy:79)
	at com.kms.katalon.core.webui.keyword.builtin.VerifyTextPresentKeyword$_verifyTextPresent_closure1.call(VerifyTextPresentKeyword.groovy)
	at com.kms.katalon.core.webui.keyword.internal.WebUIKeywordMain.runKeyword(WebUIKeywordMain.groovy:20)
	... 19 more


2023-10-06 12:36:40 - [TEST_STEP][PASSED] - data = callTestCase(findTestCase("T08 - Konfirmasi Pesanan/TC-OS-001"), ["Roda":"2", "MetodePembayaran":"transfer"], STOP_ON_FAILURE): Call Test Case 'Test Cases/T08 - Konfirmasi Pesanan/TC-OS-001' successfully

2023-10-06 12:36:41 - [TEST_CASE][PASSED] - Test Cases/T08 - Konfirmasi Pesanan/TC-OS-001: Test Cases/T08 - Konfirmasi Pesanan/TC-OS-001

2023-10-06 12:36:41 - [TEST_STEP][PASSED] - callTestCase(findTestCase("T08 - Konfirmasi Pesanan/TC-LS-001"), [:], STOP_ON_FAILURE): Call Test Case 'Test Cases/T08 - Konfirmasi Pesanan/TC-LS-001' successfully

2023-10-06 12:36:41 - [TEST_CASE][PASSED] - Test Cases/T08 - Konfirmasi Pesanan/TC-LS-001: Test Cases/T08 - Konfirmasi Pesanan/TC-LS-001

2023-10-06 12:36:41 - [TEST_STEP][PASSED] - openBrowser(urlWeb): Browser is opened with url: 'https://10.9.2.63/ecommerce/'

2023-10-06 12:36:41 - [MESSAGE][WARNING] - A browser is already opened. Closing browser and opening a new one

2023-10-06 12:36:45 - [MESSAGE][INFO] - Starting 'Firefox' driver

2023-10-06 12:36:45 - [MESSAGE][INFO] - User set preference: ['args', '[window-size=1500,1000, ignore-certificate-errors, UnexpectedAlertBehaviour=ignore]']

2023-10-06 12:36:45 - [MESSAGE][INFO] - Action delay is set to 0 milliseconds

2023-10-06 12:36:54 - [MESSAGE][PASSED] - Browser is opened with url: 'https://10.9.2.63/ecommerce/'

2023-10-06 12:36:54 - [TEST_STEP][PASSED] - maximizeWindow(): Current window maximized

2023-10-06 12:36:54 - [MESSAGE][PASSED] - Current window maximized

2023-10-06 12:36:54 - [TEST_STEP][PASSED] - click(findTestObject("Login/a_Login")): Object: 'Object Repository/Login/a_Login' is clicked on

2023-10-06 12:36:55 - [MESSAGE][PASSED] - Object: 'Object Repository/Login/a_Login' is clicked on

2023-10-06 12:36:55 - [TEST_STEP][PASSED] - setText(findTestObject("Login/input_Username, Email atau No. Handphone_a"), "runa36"): Text 'runa36' is set on object 'Object Repository/Login/input_Username, Email atau No. Handphone_a'

2023-10-06 12:36:56 - [MESSAGE][PASSED] - Text 'runa36' is set on object 'Object Repository/Login/input_Username, Email atau No. Handphone_a'

2023-10-06 12:36:56 - [TEST_STEP][PASSED] - setEncryptedText(findTestObject("Login/input_Password di Login(Masuk)"), "qbkrdMwyWE4="): Text ****** has been set on object 'Object Repository/Login/input_Password di Login(Masuk)'

2023-10-06 12:36:56 - [MESSAGE][PASSED] - Text ****** has been set on object 'Object Repository/Login/input_Password di Login(Masuk)'

2023-10-06 12:36:56 - [TEST_STEP][PASSED] - click(findTestObject("Login/button_Masuk di halaman login")): Object: 'Object Repository/Login/button_Masuk di halaman login' is clicked on

2023-10-06 12:36:58 - [MESSAGE][PASSED] - Object: 'Object Repository/Login/button_Masuk di halaman login' is clicked on

2023-10-06 12:36:58 - [TEST_STEP][PASSED] - verifyElementPresent(findTestObject("Pendaftaran/verifikasi MASUK di halaman Login"), 0): Object 'Object Repository/Pendaftaran/verifikasi MASUK di halaman Login' is present

2023-10-06 12:36:58 - [MESSAGE][WARNING] - Timeout '0' is invalid. Using default page load timeout: '30'

2023-10-06 12:36:59 - [MESSAGE][PASSED] - Object 'Object Repository/Pendaftaran/verifikasi MASUK di halaman Login' is present

2023-10-06 12:36:59 - [MESSAGE][PASSED] - Call Test Case 'Test Cases/T08 - Konfirmasi Pesanan/TC-LS-001' successfully

2023-10-06 12:36:59 - [TEST_STEP][PASSED] - setText(findTestObject("chekout/input aku mau belanja"), "acer"): Text 'acer' is set on object 'Object Repository/chekout/input aku mau belanja'

2023-10-06 12:37:00 - [MESSAGE][PASSED] - Text 'acer' is set on object 'Object Repository/chekout/input aku mau belanja'

2023-10-06 12:37:00 - [TEST_STEP][PASSED] - click(findTestObject("chekout/button_Cari di halaman tajalapak")): Object: 'Object Repository/chekout/button_Cari di halaman tajalapak' is clicked on

2023-10-06 12:37:01 - [MESSAGE][PASSED] - Object: 'Object Repository/chekout/button_Cari di halaman tajalapak' is clicked on

2023-10-06 12:37:01 - [TEST_STEP][PASSED] - click(findTestObject("chekout/NEW read more acer")): Object: 'Object Repository/chekout/NEW read more acer' is clicked on

2023-10-06 12:37:04 - [MESSAGE][PASSED] - Object: 'Object Repository/chekout/NEW read more acer' is clicked on

2023-10-06 12:37:04 - [TEST_STEP][PASSED] - click(findTestObject("chekout/button_Beli Sekarang di detail produk")): Object: 'Object Repository/chekout/button_Beli Sekarang di detail produk' is clicked on

2023-10-06 12:37:06 - [MESSAGE][PASSED] - Object: 'Object Repository/chekout/button_Beli Sekarang di detail produk' is clicked on

2023-10-06 12:37:06 - [TEST_STEP][PASSED] - verifyElementPresent(findTestObject("chekout/halaman keranjang belanja"), 0): Object 'Object Repository/chekout/halaman keranjang belanja' is present

2023-10-06 12:37:06 - [MESSAGE][WARNING] - Timeout '0' is invalid. Using default page load timeout: '30'

2023-10-06 12:37:07 - [MESSAGE][PASSED] - Object 'Object Repository/chekout/halaman keranjang belanja' is present

2023-10-06 12:37:07 - [TEST_STEP][PASSED] - click(findTestObject("chekout/button_Lanjut ke Pembayaran")): Object: 'Object Repository/chekout/button_Lanjut ke Pembayaran' is clicked on

2023-10-06 12:37:09 - [MESSAGE][PASSED] - Object: 'Object Repository/chekout/button_Lanjut ke Pembayaran' is clicked on

2023-10-06 12:37:09 - [TEST_STEP][PASSED] - selectOptionByValue(findTestObject("Object Repository/chekout/select_- Kirim via Kurir Lokal -Roda 2Roda 4"), Roda, false): All options with value '2' are selected in object 'Object Repository/chekout/select_- Kirim via Kurir Lokal -Roda 2Roda 4' 

2023-10-06 12:37:11 - [MESSAGE][PASSED] - All options with value '2' are selected in object 'Object Repository/chekout/select_- Kirim via Kurir Lokal -Roda 2Roda 4' 

2023-10-06 12:37:11 - [TEST_STEP][PASSED] - click(findTestObject("chekout/jenis kendaraan")): Object: 'Object Repository/chekout/jenis kendaraan' is clicked on

2023-10-06 12:37:12 - [MESSAGE][PASSED] - Object: 'Object Repository/chekout/jenis kendaraan' is clicked on

2023-10-06 12:37:12 - [TEST_STEP][PASSED] - if (toString().equalsIgnoreCase("transfer")): Object 'Object Repository/chekout/input metode tf bank' is checked

2023-10-06 12:37:12 - [TEST_STEP][PASSED] - check(findTestObject("chekout/input metode tf bank")): Object 'Object Repository/chekout/input metode tf bank' is checked

2023-10-06 12:37:12 - [MESSAGE][PASSED] - Object 'Object Repository/chekout/input metode tf bank' is checked

2023-10-06 12:37:12 - [TEST_STEP][PASSED] - click(findTestObject("chekout/button_Proses Pembayaran")): Object: 'Object Repository/chekout/button_Proses Pembayaran' is clicked on

2023-10-06 12:37:18 - [MESSAGE][PASSED] - Object: 'Object Repository/chekout/button_Proses Pembayaran' is clicked on

2023-10-06 12:37:18 - [TEST_STEP][PASSED] - noPesanan = getText(findTestObject("Object Repository/chekout/nomor invoice dari halaman menunggu pembayaran")): Text of object 'Object Repository/chekout/nomor invoice dari halaman menunggu pembayaran' is: 'TRX91.20231006123713'

2023-10-06 12:37:19 - [MESSAGE][PASSED] - Text of object 'Object Repository/chekout/nomor invoice dari halaman menunggu pembayaran' is: 'TRX91.20231006123713'

2023-10-06 12:37:19 - [TEST_STEP][PASSED] - println(noPesanan): null

2023-10-06 12:37:19 - [TEST_STEP][PASSED] - pengirim = getText(findTestObject("Object Repository/chekout/dikirim kepada sama dengan pengirim di tf di konfirmaasi bayar")): Text of object 'Object Repository/chekout/dikirim kepada sama dengan pengirim di tf di konfirmaasi bayar' is: 'runarun'

2023-10-06 12:37:20 - [MESSAGE][PASSED] - Text of object 'Object Repository/chekout/dikirim kepada sama dengan pengirim di tf di konfirmaasi bayar' is: 'runarun'

2023-10-06 12:37:20 - [TEST_STEP][PASSED] - totalharga = getText(findTestObject("Object Repository/chekout/total harga bayar")): Text of object 'Object Repository/chekout/total harga bayar' is: '17,459'

2023-10-06 12:37:21 - [MESSAGE][PASSED] - Text of object 'Object Repository/chekout/total harga bayar' is: '17,459'

2023-10-06 12:37:21 - [TEST_STEP][PASSED] - ongkir = getText(findTestObject("co saldo akun/new ongkir tf")): Text of object 'Object Repository/co saldo akun/new ongkir tf' is: 'Rp 13,000'

2023-10-06 12:37:21 - [MESSAGE][PASSED] - Text of object 'Object Repository/co saldo akun/new ongkir tf' is: 'Rp 13,000'

2023-10-06 12:37:21 - [TEST_STEP][PASSED] - ongkirr = replace(",", "").trim(): null

2023-10-06 12:37:21 - [TEST_STEP][PASSED] - ongkir1 = Integer.parseInt(ongkirr): null

2023-10-06 12:37:21 - [TEST_STEP][PASSED] - println(ongkir1): null

2023-10-06 12:37:21 - [TEST_STEP][PASSED] - biayaAdmin = getText(findTestObject("co saldo akun/new fee admin tf")): Text of object 'Object Repository/co saldo akun/new fee admin tf' is: 'Rp 1,500'

2023-10-06 12:37:22 - [MESSAGE][PASSED] - Text of object 'Object Repository/co saldo akun/new fee admin tf' is: 'Rp 1,500'

2023-10-06 12:37:22 - [TEST_STEP][PASSED] - bAdmin = replace(",", "").trim(): null

2023-10-06 12:37:22 - [TEST_STEP][PASSED] - Integer.parseInt(bAdmin): null

2023-10-06 12:37:22 - [TEST_STEP][PASSED] - Admin = Double.parseDouble(bAdmin): null

2023-10-06 12:37:22 - [TEST_STEP][PASSED] - println(Admin): null

2023-10-06 12:37:22 - [TEST_STEP][PASSED] - subtotal = getText(findTestObject("co saldo akun/new subtotal tf")): Text of object 'Object Repository/co saldo akun/new subtotal tf' is: 'Rp 2,246'

2023-10-06 12:37:23 - [MESSAGE][PASSED] - Text of object 'Object Repository/co saldo akun/new subtotal tf' is: 'Rp 2,246'

2023-10-06 12:37:23 - [TEST_STEP][PASSED] - subtotall = replace(",", "").trim(): null

2023-10-06 12:37:23 - [TEST_STEP][PASSED] - Integer.parseInt(subtotall): null

2023-10-06 12:37:23 - [TEST_STEP][PASSED] - sub = Double.parseDouble(subtotall): null

2023-10-06 12:37:23 - [TEST_STEP][PASSED] - println(sub): null

2023-10-06 12:37:23 - [TEST_STEP][PASSED] - kode = getText(findTestObject("co saldo akun/new kode unik tf")): Text of object 'Object Repository/co saldo akun/new kode unik tf' is: '+713'

2023-10-06 12:37:24 - [MESSAGE][PASSED] - Text of object 'Object Repository/co saldo akun/new kode unik tf' is: '+713'

2023-10-06 12:37:24 - [TEST_STEP][PASSED] - kodee = replace("+", "").trim(): null

2023-10-06 12:37:24 - [TEST_STEP][PASSED] - Integer.parseInt(kodee): null

2023-10-06 12:37:24 - [TEST_STEP][PASSED] - code = Double.parseDouble(kodee): null

2023-10-06 12:37:24 - [TEST_STEP][PASSED] - tOng = ongkir1 + sub: null

2023-10-06 12:37:24 - [TEST_STEP][PASSED] - println(tOng): null

2023-10-06 12:37:24 - [TEST_STEP][PASSED] - totalBayar = tOng + Admin + code: null

2023-10-06 12:37:24 - [TEST_STEP][PASSED] - println(totalBayar): null

2023-10-06 12:37:24 - [TEST_STEP][PASSED] - totalBayar1 = totalBayar: null

2023-10-06 12:37:24 - [TEST_STEP][PASSED] - println(totalBayar1): null

2023-10-06 12:37:24 - [TEST_STEP][PASSED] - total = getText(findTestObject("co saldo akun/new total harga tf")): Text of object 'Object Repository/co saldo akun/new total harga tf' is: '17,459'

2023-10-06 12:37:25 - [MESSAGE][PASSED] - Text of object 'Object Repository/co saldo akun/new total harga tf' is: '17,459'

2023-10-06 12:37:25 - [TEST_STEP][PASSED] - total1 = replace(",", "").trim(): null

2023-10-06 12:37:25 - [TEST_STEP][PASSED] - total2 = Integer.parseInt(total1): null

2023-10-06 12:37:25 - [TEST_STEP][PASSED] - println(total2): null

2023-10-06 12:37:25 - [TEST_STEP][PASSED] - assert totalBayar1 == total2: null

2023-10-06 12:37:25 - [TEST_STEP][PASSED] - data = new java.util.HashMap(): null

2023-10-06 12:37:25 - [TEST_STEP][PASSED] - data.put("invoice", noPesanan): null

2023-10-06 12:37:25 - [TEST_STEP][PASSED] - data.put("namaPengirim", pengirim): null

2023-10-06 12:37:25 - [TEST_STEP][PASSED] - data.put("totalBayar", totalharga): null

2023-10-06 12:37:25 - [TEST_STEP][PASSED] - data.put("totalOngkir", tOng): null

2023-10-06 12:37:25 - [TEST_STEP][PASSED] - return data: null

2023-10-06 12:37:25 - [MESSAGE][PASSED] - Call Test Case 'Test Cases/T08 - Konfirmasi Pesanan/TC-OS-001' successfully

2023-10-06 12:37:25 - [TEST_STEP][PASSED] - noInvoice = data.get("invoice"): null

2023-10-06 12:37:25 - [TEST_STEP][PASSED] - nmPengirim = data.get("namaPengirim"): null

2023-10-06 12:37:25 - [TEST_STEP][PASSED] - ttlBayar = data.get("totalBayar"): null

2023-10-06 12:37:25 - [TEST_STEP][PASSED] - click(findTestObject("konfirmasi pesanan/a_Akun 0")): Object: 'Object Repository/konfirmasi pesanan/a_Akun 0' is clicked on

2023-10-06 12:37:25 - [MESSAGE][PASSED] - Object: 'Object Repository/konfirmasi pesanan/a_Akun 0' is clicked on

2023-10-06 12:37:25 - [TEST_STEP][PASSED] - click(findTestObject("konfirmasi pesanan/a_Profile")): Object: 'Object Repository/konfirmasi pesanan/a_Profile' is clicked on

2023-10-06 12:37:27 - [MESSAGE][PASSED] - Object: 'Object Repository/konfirmasi pesanan/a_Profile' is clicked on

2023-10-06 12:37:27 - [TEST_STEP][PASSED] - click(findTestObject("konfirmasi pesanan/a_Pembelian")): Object: 'Object Repository/konfirmasi pesanan/a_Pembelian' is clicked on

2023-10-06 12:37:28 - [MESSAGE][PASSED] - Object: 'Object Repository/konfirmasi pesanan/a_Pembelian' is clicked on

2023-10-06 12:37:28 - [TEST_STEP][PASSED] - click(findTestObject("konfirmasi pesanan/new konfirmasi bayar")): Object: 'Object Repository/konfirmasi pesanan/new konfirmasi bayar' is clicked on

2023-10-06 12:37:30 - [MESSAGE][PASSED] - Object: 'Object Repository/konfirmasi pesanan/new konfirmasi bayar' is clicked on

2023-10-06 12:37:30 - [TEST_STEP][PASSED] - clearText(findTestObject("konfirmasi pesanan/input_Total TagihanTransfer_b")): Text of object 'Object Repository/konfirmasi pesanan/input_Total TagihanTransfer_b' is cleared

2023-10-06 12:37:31 - [MESSAGE][PASSED] - Text of object 'Object Repository/konfirmasi pesanan/input_Total TagihanTransfer_b' is cleared

2023-10-06 12:37:31 - [TEST_STEP][PASSED] - setText(findTestObject("konfirmasi pesanan/input_Total TagihanTransfer_b"), tagihan): Text '@2o0e' is set on object 'Object Repository/konfirmasi pesanan/input_Total TagihanTransfer_b'

2023-10-06 12:37:32 - [MESSAGE][PASSED] - Text '@2o0e' is set on object 'Object Repository/konfirmasi pesanan/input_Total TagihanTransfer_b'

2023-10-06 12:37:32 - [TEST_STEP][PASSED] - selectOptionByValue(findTestObject("konfirmasi pesanan/select dropdown trasfer"), transfer, false): All options with value '1' are selected in object 'Object Repository/konfirmasi pesanan/select dropdown trasfer' 

2023-10-06 12:37:33 - [MESSAGE][PASSED] - All options with value '1' are selected in object 'Object Repository/konfirmasi pesanan/select dropdown trasfer' 

2023-10-06 12:37:33 - [TEST_STEP][PASSED] - clearText(findTestObject("konfirmasi pesanan/input_Nama Pengirim_d")): Text of object 'Object Repository/konfirmasi pesanan/input_Nama Pengirim_d' is cleared

2023-10-06 12:37:33 - [MESSAGE][PASSED] - Text of object 'Object Repository/konfirmasi pesanan/input_Nama Pengirim_d' is cleared

2023-10-06 12:37:33 - [TEST_STEP][PASSED] - setText(findTestObject("konfirmasi pesanan/input_Nama Pengirim_d"), nmPengirim): Text 'runarun' is set on object 'Object Repository/konfirmasi pesanan/input_Nama Pengirim_d'

2023-10-06 12:37:34 - [MESSAGE][PASSED] - Text 'runarun' is set on object 'Object Repository/konfirmasi pesanan/input_Nama Pengirim_d'

2023-10-06 12:37:34 - [TEST_STEP][PASSED] - uploadFile(findTestObject("konfirmasi pesanan/input_Upload Bukti Transfer_f"), "F:\bootcamp\Miniproject\transfer.jpg"): File 'F:\bootcamp\Miniproject\transfer.jpg' sent to object: 'Object Repository/konfirmasi pesanan/input_Upload Bukti Transfer_f'

2023-10-06 12:37:35 - [MESSAGE][PASSED] - File 'F:\bootcamp\Miniproject\transfer.jpg' sent to object: 'Object Repository/konfirmasi pesanan/input_Upload Bukti Transfer_f'

2023-10-06 12:37:35 - [TEST_STEP][PASSED] - click(findTestObject("konfirmasi pesanan/button_Konfirmasi Pembayaran")): Object: 'Object Repository/konfirmasi pesanan/button_Konfirmasi Pembayaran' is clicked on

2023-10-06 12:37:36 - [MESSAGE][PASSED] - Object: 'Object Repository/konfirmasi pesanan/button_Konfirmasi Pembayaran' is clicked on

2023-10-06 12:37:36 - [TEST_STEP][FAILED] - verifyTextPresent("please input an valid field", false): Unable to verify text 'please input an valid field' is present  (Root cause: com.kms.katalon.core.exception.StepFailedException: Unable to verify text 'please input an valid field' is present 
	at com.kms.katalon.core.webui.keyword.internal.WebUIKeywordMain.stepFailed(WebUIKeywordMain.groovy:64)
	at com.kms.katalon.core.webui.keyword.internal.WebUIKeywordMain.runKeyword(WebUIKeywordMain.groovy:26)
	at com.kms.katalon.core.webui.keyword.builtin.VerifyTextPresentKeyword.verifyTextPresent(VerifyTextPresentKeyword.groovy:83)
	at com.kms.katalon.core.webui.keyword.builtin.VerifyTextPresentKeyword.execute(VerifyTextPresentKeyword.groovy:68)
	at com.kms.katalon.core.keyword.internal.KeywordExecutor.executeKeywordForPlatform(KeywordExecutor.groovy:74)
	at com.kms.katalon.core.webui.keyword.WebUiBuiltInKeywords.verifyTextPresent(WebUiBuiltInKeywords.groovy:1723)
	at com.kms.katalon.core.webui.keyword.WebUiBuiltInKeywords$verifyTextPresent$14.call(Unknown Source)
	at TC-KF-010.run(TC-KF-010:51)
	at com.kms.katalon.core.main.ScriptEngine.run(ScriptEngine.java:194)
	at com.kms.katalon.core.main.ScriptEngine.runScriptAsRawText(ScriptEngine.java:119)
	at com.kms.katalon.core.main.TestCaseExecutor.runScript(TestCaseExecutor.java:448)
	at com.kms.katalon.core.main.TestCaseExecutor.doExecute(TestCaseExecutor.java:439)
	at com.kms.katalon.core.main.TestCaseExecutor.processExecutionPhase(TestCaseExecutor.java:418)
	at com.kms.katalon.core.main.TestCaseExecutor.accessMainPhase(TestCaseExecutor.java:410)
	at com.kms.katalon.core.main.TestCaseExecutor.execute(TestCaseExecutor.java:285)
	at com.kms.katalon.core.common.CommonExecutor.accessTestCaseMainPhase(CommonExecutor.java:65)
	at com.kms.katalon.core.main.TestSuiteExecutor.accessTestSuiteMainPhase(TestSuiteExecutor.java:148)
	at com.kms.katalon.core.main.TestSuiteExecutor.execute(TestSuiteExecutor.java:106)
	at com.kms.katalon.core.main.TestCaseMain.startTestSuite(TestCaseMain.java:187)
	at com.kms.katalon.core.main.TestCaseMain$startTestSuite$0.call(Unknown Source)
	at TempTestSuite1696569176253.run(TempTestSuite1696569176253.groovy:36)
Caused by: com.kms.katalon.core.exception.StepFailedException: Text 'please input an valid field' is not present on page 
	at com.kms.katalon.core.webui.keyword.internal.WebUIKeywordMain.stepFailed(WebUIKeywordMain.groovy:64)
	at com.kms.katalon.core.webui.keyword.builtin.VerifyTextPresentKeyword$_verifyTextPresent_closure1.doCall(VerifyTextPresentKeyword.groovy:79)
	at com.kms.katalon.core.webui.keyword.builtin.VerifyTextPresentKeyword$_verifyTextPresent_closure1.call(VerifyTextPresentKeyword.groovy)
	at com.kms.katalon.core.webui.keyword.internal.WebUIKeywordMain.runKeyword(WebUIKeywordMain.groovy:20)
	... 19 more
)

2023-10-06 12:37:38 - [MESSAGE][FAILED] - Text 'please input an valid field' is not present on page  (Root cause: com.kms.katalon.core.exception.StepFailedException: Text 'please input an valid field' is not present on page 
	at com.kms.katalon.core.webui.keyword.internal.WebUIKeywordMain.stepFailed(WebUIKeywordMain.groovy:64)
	at com.kms.katalon.core.webui.keyword.builtin.VerifyTextPresentKeyword$_verifyTextPresent_closure1.doCall(VerifyTextPresentKeyword.groovy:79)
	at com.kms.katalon.core.webui.keyword.builtin.VerifyTextPresentKeyword$_verifyTextPresent_closure1.call(VerifyTextPresentKeyword.groovy)
	at com.kms.katalon.core.webui.keyword.internal.WebUIKeywordMain.runKeyword(WebUIKeywordMain.groovy:20)
	at com.kms.katalon.core.webui.keyword.builtin.VerifyTextPresentKeyword.verifyTextPresent(VerifyTextPresentKeyword.groovy:83)
	at com.kms.katalon.core.webui.keyword.builtin.VerifyTextPresentKeyword.execute(VerifyTextPresentKeyword.groovy:68)
	at com.kms.katalon.core.keyword.internal.KeywordExecutor.executeKeywordForPlatform(KeywordExecutor.groovy:74)
	at com.kms.katalon.core.webui.keyword.WebUiBuiltInKeywords.verifyTextPresent(WebUiBuiltInKeywords.groovy:1723)
	at com.kms.katalon.core.webui.keyword.WebUiBuiltInKeywords$verifyTextPresent$14.call(Unknown Source)
	at TC-KF-010.run(TC-KF-010:51)
	at com.kms.katalon.core.main.ScriptEngine.run(ScriptEngine.java:194)
	at com.kms.katalon.core.main.ScriptEngine.runScriptAsRawText(ScriptEngine.java:119)
	at com.kms.katalon.core.main.TestCaseExecutor.runScript(TestCaseExecutor.java:448)
	at com.kms.katalon.core.main.TestCaseExecutor.doExecute(TestCaseExecutor.java:439)
	at com.kms.katalon.core.main.TestCaseExecutor.processExecutionPhase(TestCaseExecutor.java:418)
	at com.kms.katalon.core.main.TestCaseExecutor.accessMainPhase(TestCaseExecutor.java:410)
	at com.kms.katalon.core.main.TestCaseExecutor.execute(TestCaseExecutor.java:285)
	at com.kms.katalon.core.common.CommonExecutor.accessTestCaseMainPhase(CommonExecutor.java:65)
	at com.kms.katalon.core.main.TestSuiteExecutor.accessTestSuiteMainPhase(TestSuiteExecutor.java:148)
	at com.kms.katalon.core.main.TestSuiteExecutor.execute(TestSuiteExecutor.java:106)
	at com.kms.katalon.core.main.TestCaseMain.startTestSuite(TestCaseMain.java:187)
	at com.kms.katalon.core.main.TestCaseMain$startTestSuite$0.call(Unknown Source)
	at TempTestSuite1696569176253.run(TempTestSuite1696569176253.groovy:36)
)

2023-10-06 12:37:38 - [MESSAGE][FAILED] - Unable to verify text 'please input an valid field' is present  (Root cause: com.kms.katalon.core.exception.StepFailedException: Unable to verify text 'please input an valid field' is present 
	at com.kms.katalon.core.webui.keyword.internal.WebUIKeywordMain.stepFailed(WebUIKeywordMain.groovy:64)
	at com.kms.katalon.core.webui.keyword.internal.WebUIKeywordMain.runKeyword(WebUIKeywordMain.groovy:26)
	at com.kms.katalon.core.webui.keyword.builtin.VerifyTextPresentKeyword.verifyTextPresent(VerifyTextPresentKeyword.groovy:83)
	at com.kms.katalon.core.webui.keyword.builtin.VerifyTextPresentKeyword.execute(VerifyTextPresentKeyword.groovy:68)
	at com.kms.katalon.core.keyword.internal.KeywordExecutor.executeKeywordForPlatform(KeywordExecutor.groovy:74)
	at com.kms.katalon.core.webui.keyword.WebUiBuiltInKeywords.verifyTextPresent(WebUiBuiltInKeywords.groovy:1723)
	at com.kms.katalon.core.webui.keyword.WebUiBuiltInKeywords$verifyTextPresent$14.call(Unknown Source)
	at TC-KF-010.run(TC-KF-010:51)
	at com.kms.katalon.core.main.ScriptEngine.run(ScriptEngine.java:194)
	at com.kms.katalon.core.main.ScriptEngine.runScriptAsRawText(ScriptEngine.java:119)
	at com.kms.katalon.core.main.TestCaseExecutor.runScript(TestCaseExecutor.java:448)
	at com.kms.katalon.core.main.TestCaseExecutor.doExecute(TestCaseExecutor.java:439)
	at com.kms.katalon.core.main.TestCaseExecutor.processExecutionPhase(TestCaseExecutor.java:418)
	at com.kms.katalon.core.main.TestCaseExecutor.accessMainPhase(TestCaseExecutor.java:410)
	at com.kms.katalon.core.main.TestCaseExecutor.execute(TestCaseExecutor.java:285)
	at com.kms.katalon.core.common.CommonExecutor.accessTestCaseMainPhase(CommonExecutor.java:65)
	at com.kms.katalon.core.main.TestSuiteExecutor.accessTestSuiteMainPhase(TestSuiteExecutor.java:148)
	at com.kms.katalon.core.main.TestSuiteExecutor.execute(TestSuiteExecutor.java:106)
	at com.kms.katalon.core.main.TestCaseMain.startTestSuite(TestCaseMain.java:187)
	at com.kms.katalon.core.main.TestCaseMain$startTestSuite$0.call(Unknown Source)
	at TempTestSuite1696569176253.run(TempTestSuite1696569176253.groovy:36)
Caused by: com.kms.katalon.core.exception.StepFailedException: Text 'please input an valid field' is not present on page 
	at com.kms.katalon.core.webui.keyword.internal.WebUIKeywordMain.stepFailed(WebUIKeywordMain.groovy:64)
	at com.kms.katalon.core.webui.keyword.builtin.VerifyTextPresentKeyword$_verifyTextPresent_closure1.doCall(VerifyTextPresentKeyword.groovy:79)
	at com.kms.katalon.core.webui.keyword.builtin.VerifyTextPresentKeyword$_verifyTextPresent_closure1.call(VerifyTextPresentKeyword.groovy)
	at com.kms.katalon.core.webui.keyword.internal.WebUIKeywordMain.runKeyword(WebUIKeywordMain.groovy:20)
	... 19 more
)
[[ATTACHMENT|F:\\bootcamp\\Miniproject\\Tajalapak\\Reports\\20231006_121256\\T08 - Konfirmasi Pesanan\\20231006_121256\\1696570658195.png]]]]></system-out>
         <system-err><![CDATA[2023-10-06 12:36:40 - [TEST_CASE][FAILED] - Test Cases/T08 - Konfirmasi Pesanan/TC-KF-010: Test Cases/T08 - Konfirmasi Pesanan/TC-KF-010 FAILED.
Reason:
com.kms.katalon.core.exception.StepFailedException: Unable to verify text 'please input an valid field' is present 
	at com.kms.katalon.core.webui.keyword.internal.WebUIKeywordMain.stepFailed(WebUIKeywordMain.groovy:64)
	at com.kms.katalon.core.webui.keyword.internal.WebUIKeywordMain.runKeyword(WebUIKeywordMain.groovy:26)
	at com.kms.katalon.core.webui.keyword.builtin.VerifyTextPresentKeyword.verifyTextPresent(VerifyTextPresentKeyword.groovy:83)
	at com.kms.katalon.core.webui.keyword.builtin.VerifyTextPresentKeyword.execute(VerifyTextPresentKeyword.groovy:68)
	at com.kms.katalon.core.keyword.internal.KeywordExecutor.executeKeywordForPlatform(KeywordExecutor.groovy:74)
	at com.kms.katalon.core.webui.keyword.WebUiBuiltInKeywords.verifyTextPresent(WebUiBuiltInKeywords.groovy:1723)
	at com.kms.katalon.core.webui.keyword.WebUiBuiltInKeywords$verifyTextPresent$14.call(Unknown Source)
	at TC-KF-010.run(TC-KF-010:51)
	at com.kms.katalon.core.main.ScriptEngine.run(ScriptEngine.java:194)
	at com.kms.katalon.core.main.ScriptEngine.runScriptAsRawText(ScriptEngine.java:119)
	at com.kms.katalon.core.main.TestCaseExecutor.runScript(TestCaseExecutor.java:448)
	at com.kms.katalon.core.main.TestCaseExecutor.doExecute(TestCaseExecutor.java:439)
	at com.kms.katalon.core.main.TestCaseExecutor.processExecutionPhase(TestCaseExecutor.java:418)
	at com.kms.katalon.core.main.TestCaseExecutor.accessMainPhase(TestCaseExecutor.java:410)
	at com.kms.katalon.core.main.TestCaseExecutor.execute(TestCaseExecutor.java:285)
	at com.kms.katalon.core.common.CommonExecutor.accessTestCaseMainPhase(CommonExecutor.java:65)
	at com.kms.katalon.core.main.TestSuiteExecutor.accessTestSuiteMainPhase(TestSuiteExecutor.java:148)
	at com.kms.katalon.core.main.TestSuiteExecutor.execute(TestSuiteExecutor.java:106)
	at com.kms.katalon.core.main.TestCaseMain.startTestSuite(TestCaseMain.java:187)
	at com.kms.katalon.core.main.TestCaseMain$startTestSuite$0.call(Unknown Source)
	at TempTestSuite1696569176253.run(TempTestSuite1696569176253.groovy:36)
Caused by: com.kms.katalon.core.exception.StepFailedException: Text 'please input an valid field' is not present on page 
	at com.kms.katalon.core.webui.keyword.internal.WebUIKeywordMain.stepFailed(WebUIKeywordMain.groovy:64)
	at com.kms.katalon.core.webui.keyword.builtin.VerifyTextPresentKeyword$_verifyTextPresent_closure1.doCall(VerifyTextPresentKeyword.groovy:79)
	at com.kms.katalon.core.webui.keyword.builtin.VerifyTextPresentKeyword$_verifyTextPresent_closure1.call(VerifyTextPresentKeyword.groovy)
	at com.kms.katalon.core.webui.keyword.internal.WebUIKeywordMain.runKeyword(WebUIKeywordMain.groovy:20)
	... 19 more]]></system-err>
      </testcase>
      <testcase name="Test Cases/T08 - Konfirmasi Pesanan/TC-KF-011" time="59.532" classname="Test Cases/T08 - Konfirmasi Pesanan/TC-KF-011" status="FAILED">
         <failure type="FAILED" message="Test Cases/T08 - Konfirmasi Pesanan/TC-KF-011 FAILED.
Reason:
com.kms.katalon.core.exception.StepFailedException: Unable to verify text 'please input an valid field' is present 
	at com.kms.katalon.core.webui.keyword.internal.WebUIKeywordMain.stepFailed(WebUIKeywordMain.groovy:64)
	at com.kms.katalon.core.webui.keyword.internal.WebUIKeywordMain.runKeyword(WebUIKeywordMain.groovy:26)
	at com.kms.katalon.core.webui.keyword.builtin.VerifyTextPresentKeyword.verifyTextPresent(VerifyTextPresentKeyword.groovy:83)
	at com.kms.katalon.core.webui.keyword.builtin.VerifyTextPresentKeyword.execute(VerifyTextPresentKeyword.groovy:68)
	at com.kms.katalon.core.keyword.internal.KeywordExecutor.executeKeywordForPlatform(KeywordExecutor.groovy:74)
	at com.kms.katalon.core.webui.keyword.WebUiBuiltInKeywords.verifyTextPresent(WebUiBuiltInKeywords.groovy:1723)
	at com.kms.katalon.core.webui.keyword.WebUiBuiltInKeywords$verifyTextPresent$14.call(Unknown Source)
	at TC-KF-011.run(TC-KF-011:51)
	at com.kms.katalon.core.main.ScriptEngine.run(ScriptEngine.java:194)
	at com.kms.katalon.core.main.ScriptEngine.runScriptAsRawText(ScriptEngine.java:119)
	at com.kms.katalon.core.main.TestCaseExecutor.runScript(TestCaseExecutor.java:448)
	at com.kms.katalon.core.main.TestCaseExecutor.doExecute(TestCaseExecutor.java:439)
	at com.kms.katalon.core.main.TestCaseExecutor.processExecutionPhase(TestCaseExecutor.java:418)
	at com.kms.katalon.core.main.TestCaseExecutor.accessMainPhase(TestCaseExecutor.java:410)
	at com.kms.katalon.core.main.TestCaseExecutor.execute(TestCaseExecutor.java:285)
	at com.kms.katalon.core.common.CommonExecutor.accessTestCaseMainPhase(CommonExecutor.java:65)
	at com.kms.katalon.core.main.TestSuiteExecutor.accessTestSuiteMainPhase(TestSuiteExecutor.java:148)
	at com.kms.katalon.core.main.TestSuiteExecutor.execute(TestSuiteExecutor.java:106)
	at com.kms.katalon.core.main.TestCaseMain.startTestSuite(TestCaseMain.java:187)
	at com.kms.katalon.core.main.TestCaseMain$startTestSuite$0.call(Unknown Source)
	at TempTestSuite1696569176253.run(TempTestSuite1696569176253.groovy:36)
Caused by: com.kms.katalon.core.exception.StepFailedException: Text 'please input an valid field' is not present on page 
	at com.kms.katalon.core.webui.keyword.internal.WebUIKeywordMain.stepFailed(WebUIKeywordMain.groovy:64)
	at com.kms.katalon.core.webui.keyword.builtin.VerifyTextPresentKeyword$_verifyTextPresent_closure1.doCall(VerifyTextPresentKeyword.groovy:79)
	at com.kms.katalon.core.webui.keyword.builtin.VerifyTextPresentKeyword$_verifyTextPresent_closure1.call(VerifyTextPresentKeyword.groovy)
	at com.kms.katalon.core.webui.keyword.internal.WebUIKeywordMain.runKeyword(WebUIKeywordMain.groovy:20)
	... 19 more
"/>
         <system-out><![CDATA[2023-10-06 12:37:38 - [TEST_CASE][FAILED] - Test Cases/T08 - Konfirmasi Pesanan/TC-KF-011: Test Cases/T08 - Konfirmasi Pesanan/TC-KF-011 FAILED.
Reason:
com.kms.katalon.core.exception.StepFailedException: Unable to verify text 'please input an valid field' is present 
	at com.kms.katalon.core.webui.keyword.internal.WebUIKeywordMain.stepFailed(WebUIKeywordMain.groovy:64)
	at com.kms.katalon.core.webui.keyword.internal.WebUIKeywordMain.runKeyword(WebUIKeywordMain.groovy:26)
	at com.kms.katalon.core.webui.keyword.builtin.VerifyTextPresentKeyword.verifyTextPresent(VerifyTextPresentKeyword.groovy:83)
	at com.kms.katalon.core.webui.keyword.builtin.VerifyTextPresentKeyword.execute(VerifyTextPresentKeyword.groovy:68)
	at com.kms.katalon.core.keyword.internal.KeywordExecutor.executeKeywordForPlatform(KeywordExecutor.groovy:74)
	at com.kms.katalon.core.webui.keyword.WebUiBuiltInKeywords.verifyTextPresent(WebUiBuiltInKeywords.groovy:1723)
	at com.kms.katalon.core.webui.keyword.WebUiBuiltInKeywords$verifyTextPresent$14.call(Unknown Source)
	at TC-KF-011.run(TC-KF-011:51)
	at com.kms.katalon.core.main.ScriptEngine.run(ScriptEngine.java:194)
	at com.kms.katalon.core.main.ScriptEngine.runScriptAsRawText(ScriptEngine.java:119)
	at com.kms.katalon.core.main.TestCaseExecutor.runScript(TestCaseExecutor.java:448)
	at com.kms.katalon.core.main.TestCaseExecutor.doExecute(TestCaseExecutor.java:439)
	at com.kms.katalon.core.main.TestCaseExecutor.processExecutionPhase(TestCaseExecutor.java:418)
	at com.kms.katalon.core.main.TestCaseExecutor.accessMainPhase(TestCaseExecutor.java:410)
	at com.kms.katalon.core.main.TestCaseExecutor.execute(TestCaseExecutor.java:285)
	at com.kms.katalon.core.common.CommonExecutor.accessTestCaseMainPhase(CommonExecutor.java:65)
	at com.kms.katalon.core.main.TestSuiteExecutor.accessTestSuiteMainPhase(TestSuiteExecutor.java:148)
	at com.kms.katalon.core.main.TestSuiteExecutor.execute(TestSuiteExecutor.java:106)
	at com.kms.katalon.core.main.TestCaseMain.startTestSuite(TestCaseMain.java:187)
	at com.kms.katalon.core.main.TestCaseMain$startTestSuite$0.call(Unknown Source)
	at TempTestSuite1696569176253.run(TempTestSuite1696569176253.groovy:36)
Caused by: com.kms.katalon.core.exception.StepFailedException: Text 'please input an valid field' is not present on page 
	at com.kms.katalon.core.webui.keyword.internal.WebUIKeywordMain.stepFailed(WebUIKeywordMain.groovy:64)
	at com.kms.katalon.core.webui.keyword.builtin.VerifyTextPresentKeyword$_verifyTextPresent_closure1.doCall(VerifyTextPresentKeyword.groovy:79)
	at com.kms.katalon.core.webui.keyword.builtin.VerifyTextPresentKeyword$_verifyTextPresent_closure1.call(VerifyTextPresentKeyword.groovy)
	at com.kms.katalon.core.webui.keyword.internal.WebUIKeywordMain.runKeyword(WebUIKeywordMain.groovy:20)
	... 19 more


2023-10-06 12:37:39 - [TEST_STEP][PASSED] - data = callTestCase(findTestCase("T08 - Konfirmasi Pesanan/TC-OS-001"), ["Roda":"2", "MetodePembayaran":"transfer"], STOP_ON_FAILURE): Call Test Case 'Test Cases/T08 - Konfirmasi Pesanan/TC-OS-001' successfully

2023-10-06 12:37:39 - [TEST_CASE][PASSED] - Test Cases/T08 - Konfirmasi Pesanan/TC-OS-001: Test Cases/T08 - Konfirmasi Pesanan/TC-OS-001

2023-10-06 12:37:39 - [TEST_STEP][PASSED] - callTestCase(findTestCase("T08 - Konfirmasi Pesanan/TC-LS-001"), [:], STOP_ON_FAILURE): Call Test Case 'Test Cases/T08 - Konfirmasi Pesanan/TC-LS-001' successfully

2023-10-06 12:37:39 - [TEST_CASE][PASSED] - Test Cases/T08 - Konfirmasi Pesanan/TC-LS-001: Test Cases/T08 - Konfirmasi Pesanan/TC-LS-001

2023-10-06 12:37:39 - [TEST_STEP][PASSED] - openBrowser(urlWeb): Browser is opened with url: 'https://10.9.2.63/ecommerce/'

2023-10-06 12:37:39 - [MESSAGE][WARNING] - A browser is already opened. Closing browser and opening a new one

2023-10-06 12:37:42 - [MESSAGE][INFO] - Starting 'Firefox' driver

2023-10-06 12:37:42 - [MESSAGE][INFO] - User set preference: ['args', '[window-size=1500,1000, ignore-certificate-errors, UnexpectedAlertBehaviour=ignore]']

2023-10-06 12:37:42 - [MESSAGE][INFO] - Action delay is set to 0 milliseconds

2023-10-06 12:37:52 - [MESSAGE][PASSED] - Browser is opened with url: 'https://10.9.2.63/ecommerce/'

2023-10-06 12:37:52 - [TEST_STEP][PASSED] - maximizeWindow(): Current window maximized

2023-10-06 12:37:52 - [MESSAGE][PASSED] - Current window maximized

2023-10-06 12:37:52 - [TEST_STEP][PASSED] - click(findTestObject("Login/a_Login")): Object: 'Object Repository/Login/a_Login' is clicked on

2023-10-06 12:37:53 - [MESSAGE][PASSED] - Object: 'Object Repository/Login/a_Login' is clicked on

2023-10-06 12:37:53 - [TEST_STEP][PASSED] - setText(findTestObject("Login/input_Username, Email atau No. Handphone_a"), "runa36"): Text 'runa36' is set on object 'Object Repository/Login/input_Username, Email atau No. Handphone_a'

2023-10-06 12:37:53 - [MESSAGE][PASSED] - Text 'runa36' is set on object 'Object Repository/Login/input_Username, Email atau No. Handphone_a'

2023-10-06 12:37:53 - [TEST_STEP][PASSED] - setEncryptedText(findTestObject("Login/input_Password di Login(Masuk)"), "qbkrdMwyWE4="): Text ****** has been set on object 'Object Repository/Login/input_Password di Login(Masuk)'

2023-10-06 12:37:54 - [MESSAGE][PASSED] - Text ****** has been set on object 'Object Repository/Login/input_Password di Login(Masuk)'

2023-10-06 12:37:54 - [TEST_STEP][PASSED] - click(findTestObject("Login/button_Masuk di halaman login")): Object: 'Object Repository/Login/button_Masuk di halaman login' is clicked on

2023-10-06 12:37:56 - [MESSAGE][PASSED] - Object: 'Object Repository/Login/button_Masuk di halaman login' is clicked on

2023-10-06 12:37:56 - [TEST_STEP][PASSED] - verifyElementPresent(findTestObject("Pendaftaran/verifikasi MASUK di halaman Login"), 0): Object 'Object Repository/Pendaftaran/verifikasi MASUK di halaman Login' is present

2023-10-06 12:37:56 - [MESSAGE][WARNING] - Timeout '0' is invalid. Using default page load timeout: '30'

2023-10-06 12:37:57 - [MESSAGE][PASSED] - Object 'Object Repository/Pendaftaran/verifikasi MASUK di halaman Login' is present

2023-10-06 12:37:57 - [MESSAGE][PASSED] - Call Test Case 'Test Cases/T08 - Konfirmasi Pesanan/TC-LS-001' successfully

2023-10-06 12:37:57 - [TEST_STEP][PASSED] - setText(findTestObject("chekout/input aku mau belanja"), "acer"): Text 'acer' is set on object 'Object Repository/chekout/input aku mau belanja'

2023-10-06 12:37:58 - [MESSAGE][PASSED] - Text 'acer' is set on object 'Object Repository/chekout/input aku mau belanja'

2023-10-06 12:37:58 - [TEST_STEP][PASSED] - click(findTestObject("chekout/button_Cari di halaman tajalapak")): Object: 'Object Repository/chekout/button_Cari di halaman tajalapak' is clicked on

2023-10-06 12:38:00 - [MESSAGE][PASSED] - Object: 'Object Repository/chekout/button_Cari di halaman tajalapak' is clicked on

2023-10-06 12:38:00 - [TEST_STEP][PASSED] - click(findTestObject("chekout/NEW read more acer")): Object: 'Object Repository/chekout/NEW read more acer' is clicked on

2023-10-06 12:38:02 - [MESSAGE][PASSED] - Object: 'Object Repository/chekout/NEW read more acer' is clicked on

2023-10-06 12:38:02 - [TEST_STEP][PASSED] - click(findTestObject("chekout/button_Beli Sekarang di detail produk")): Object: 'Object Repository/chekout/button_Beli Sekarang di detail produk' is clicked on

2023-10-06 12:38:04 - [MESSAGE][PASSED] - Object: 'Object Repository/chekout/button_Beli Sekarang di detail produk' is clicked on

2023-10-06 12:38:04 - [TEST_STEP][PASSED] - verifyElementPresent(findTestObject("chekout/halaman keranjang belanja"), 0): Object 'Object Repository/chekout/halaman keranjang belanja' is present

2023-10-06 12:38:04 - [MESSAGE][WARNING] - Timeout '0' is invalid. Using default page load timeout: '30'

2023-10-06 12:38:05 - [MESSAGE][PASSED] - Object 'Object Repository/chekout/halaman keranjang belanja' is present

2023-10-06 12:38:05 - [TEST_STEP][PASSED] - click(findTestObject("chekout/button_Lanjut ke Pembayaran")): Object: 'Object Repository/chekout/button_Lanjut ke Pembayaran' is clicked on

2023-10-06 12:38:08 - [MESSAGE][PASSED] - Object: 'Object Repository/chekout/button_Lanjut ke Pembayaran' is clicked on

2023-10-06 12:38:08 - [TEST_STEP][PASSED] - selectOptionByValue(findTestObject("Object Repository/chekout/select_- Kirim via Kurir Lokal -Roda 2Roda 4"), Roda, false): All options with value '2' are selected in object 'Object Repository/chekout/select_- Kirim via Kurir Lokal -Roda 2Roda 4' 

2023-10-06 12:38:09 - [MESSAGE][PASSED] - All options with value '2' are selected in object 'Object Repository/chekout/select_- Kirim via Kurir Lokal -Roda 2Roda 4' 

2023-10-06 12:38:09 - [TEST_STEP][PASSED] - click(findTestObject("chekout/jenis kendaraan")): Object: 'Object Repository/chekout/jenis kendaraan' is clicked on

2023-10-06 12:38:10 - [MESSAGE][PASSED] - Object: 'Object Repository/chekout/jenis kendaraan' is clicked on

2023-10-06 12:38:10 - [TEST_STEP][PASSED] - if (toString().equalsIgnoreCase("transfer")): Object 'Object Repository/chekout/input metode tf bank' is checked

2023-10-06 12:38:10 - [TEST_STEP][PASSED] - check(findTestObject("chekout/input metode tf bank")): Object 'Object Repository/chekout/input metode tf bank' is checked

2023-10-06 12:38:11 - [MESSAGE][PASSED] - Object 'Object Repository/chekout/input metode tf bank' is checked

2023-10-06 12:38:11 - [TEST_STEP][PASSED] - click(findTestObject("chekout/button_Proses Pembayaran")): Object: 'Object Repository/chekout/button_Proses Pembayaran' is clicked on

2023-10-06 12:38:16 - [MESSAGE][PASSED] - Object: 'Object Repository/chekout/button_Proses Pembayaran' is clicked on

2023-10-06 12:38:16 - [TEST_STEP][PASSED] - noPesanan = getText(findTestObject("Object Repository/chekout/nomor invoice dari halaman menunggu pembayaran")): Text of object 'Object Repository/chekout/nomor invoice dari halaman menunggu pembayaran' is: 'TRX91.20231006123811'

2023-10-06 12:38:19 - [MESSAGE][PASSED] - Text of object 'Object Repository/chekout/nomor invoice dari halaman menunggu pembayaran' is: 'TRX91.20231006123811'

2023-10-06 12:38:19 - [TEST_STEP][PASSED] - println(noPesanan): null

2023-10-06 12:38:19 - [TEST_STEP][PASSED] - pengirim = getText(findTestObject("Object Repository/chekout/dikirim kepada sama dengan pengirim di tf di konfirmaasi bayar")): Text of object 'Object Repository/chekout/dikirim kepada sama dengan pengirim di tf di konfirmaasi bayar' is: 'runarun'

2023-10-06 12:38:19 - [MESSAGE][PASSED] - Text of object 'Object Repository/chekout/dikirim kepada sama dengan pengirim di tf di konfirmaasi bayar' is: 'runarun'

2023-10-06 12:38:19 - [TEST_STEP][PASSED] - totalharga = getText(findTestObject("Object Repository/chekout/total harga bayar")): Text of object 'Object Repository/chekout/total harga bayar' is: '17,557'

2023-10-06 12:38:20 - [MESSAGE][PASSED] - Text of object 'Object Repository/chekout/total harga bayar' is: '17,557'

2023-10-06 12:38:20 - [TEST_STEP][PASSED] - ongkir = getText(findTestObject("co saldo akun/new ongkir tf")): Text of object 'Object Repository/co saldo akun/new ongkir tf' is: 'Rp 13,000'

2023-10-06 12:38:20 - [MESSAGE][PASSED] - Text of object 'Object Repository/co saldo akun/new ongkir tf' is: 'Rp 13,000'

2023-10-06 12:38:20 - [TEST_STEP][PASSED] - ongkirr = replace(",", "").trim(): null

2023-10-06 12:38:20 - [TEST_STEP][PASSED] - ongkir1 = Integer.parseInt(ongkirr): null

2023-10-06 12:38:20 - [TEST_STEP][PASSED] - println(ongkir1): null

2023-10-06 12:38:20 - [TEST_STEP][PASSED] - biayaAdmin = getText(findTestObject("co saldo akun/new fee admin tf")): Text of object 'Object Repository/co saldo akun/new fee admin tf' is: 'Rp 1,500'

2023-10-06 12:38:21 - [MESSAGE][PASSED] - Text of object 'Object Repository/co saldo akun/new fee admin tf' is: 'Rp 1,500'

2023-10-06 12:38:21 - [TEST_STEP][PASSED] - bAdmin = replace(",", "").trim(): null

2023-10-06 12:38:21 - [TEST_STEP][PASSED] - Integer.parseInt(bAdmin): null

2023-10-06 12:38:21 - [TEST_STEP][PASSED] - Admin = Double.parseDouble(bAdmin): null

2023-10-06 12:38:21 - [TEST_STEP][PASSED] - println(Admin): null

2023-10-06 12:38:21 - [TEST_STEP][PASSED] - subtotal = getText(findTestObject("co saldo akun/new subtotal tf")): Text of object 'Object Repository/co saldo akun/new subtotal tf' is: 'Rp 2,246'

2023-10-06 12:38:21 - [MESSAGE][PASSED] - Text of object 'Object Repository/co saldo akun/new subtotal tf' is: 'Rp 2,246'

2023-10-06 12:38:21 - [TEST_STEP][PASSED] - subtotall = replace(",", "").trim(): null

2023-10-06 12:38:21 - [TEST_STEP][PASSED] - Integer.parseInt(subtotall): null

2023-10-06 12:38:21 - [TEST_STEP][PASSED] - sub = Double.parseDouble(subtotall): null

2023-10-06 12:38:21 - [TEST_STEP][PASSED] - println(sub): null

2023-10-06 12:38:21 - [TEST_STEP][PASSED] - kode = getText(findTestObject("co saldo akun/new kode unik tf")): Text of object 'Object Repository/co saldo akun/new kode unik tf' is: '+811'

2023-10-06 12:38:22 - [MESSAGE][PASSED] - Text of object 'Object Repository/co saldo akun/new kode unik tf' is: '+811'

2023-10-06 12:38:22 - [TEST_STEP][PASSED] - kodee = replace("+", "").trim(): null

2023-10-06 12:38:22 - [TEST_STEP][PASSED] - Integer.parseInt(kodee): null

2023-10-06 12:38:22 - [TEST_STEP][PASSED] - code = Double.parseDouble(kodee): null

2023-10-06 12:38:22 - [TEST_STEP][PASSED] - tOng = ongkir1 + sub: null

2023-10-06 12:38:22 - [TEST_STEP][PASSED] - println(tOng): null

2023-10-06 12:38:22 - [TEST_STEP][PASSED] - totalBayar = tOng + Admin + code: null

2023-10-06 12:38:22 - [TEST_STEP][PASSED] - println(totalBayar): null

2023-10-06 12:38:22 - [TEST_STEP][PASSED] - totalBayar1 = totalBayar: null

2023-10-06 12:38:22 - [TEST_STEP][PASSED] - println(totalBayar1): null

2023-10-06 12:38:22 - [TEST_STEP][PASSED] - total = getText(findTestObject("co saldo akun/new total harga tf")): Text of object 'Object Repository/co saldo akun/new total harga tf' is: '17,557'

2023-10-06 12:38:22 - [MESSAGE][PASSED] - Text of object 'Object Repository/co saldo akun/new total harga tf' is: '17,557'

2023-10-06 12:38:22 - [TEST_STEP][PASSED] - total1 = replace(",", "").trim(): null

2023-10-06 12:38:22 - [TEST_STEP][PASSED] - total2 = Integer.parseInt(total1): null

2023-10-06 12:38:22 - [TEST_STEP][PASSED] - println(total2): null

2023-10-06 12:38:22 - [TEST_STEP][PASSED] - assert totalBayar1 == total2: null

2023-10-06 12:38:22 - [TEST_STEP][PASSED] - data = new java.util.HashMap(): null

2023-10-06 12:38:22 - [TEST_STEP][PASSED] - data.put("invoice", noPesanan): null

2023-10-06 12:38:22 - [TEST_STEP][PASSED] - data.put("namaPengirim", pengirim): null

2023-10-06 12:38:22 - [TEST_STEP][PASSED] - data.put("totalBayar", totalharga): null

2023-10-06 12:38:22 - [TEST_STEP][PASSED] - data.put("totalOngkir", tOng): null

2023-10-06 12:38:22 - [TEST_STEP][PASSED] - return data: null

2023-10-06 12:38:22 - [MESSAGE][PASSED] - Call Test Case 'Test Cases/T08 - Konfirmasi Pesanan/TC-OS-001' successfully

2023-10-06 12:38:22 - [TEST_STEP][PASSED] - noInvoice = data.get("invoice"): null

2023-10-06 12:38:22 - [TEST_STEP][PASSED] - nmPengirim = data.get("namaPengirim"): null

2023-10-06 12:38:22 - [TEST_STEP][PASSED] - ttlBayar = data.get("totalBayar"): null

2023-10-06 12:38:22 - [TEST_STEP][PASSED] - click(findTestObject("konfirmasi pesanan/a_Akun 0")): Object: 'Object Repository/konfirmasi pesanan/a_Akun 0' is clicked on

2023-10-06 12:38:23 - [MESSAGE][PASSED] - Object: 'Object Repository/konfirmasi pesanan/a_Akun 0' is clicked on

2023-10-06 12:38:23 - [TEST_STEP][PASSED] - click(findTestObject("konfirmasi pesanan/a_Profile")): Object: 'Object Repository/konfirmasi pesanan/a_Profile' is clicked on

2023-10-06 12:38:24 - [MESSAGE][PASSED] - Object: 'Object Repository/konfirmasi pesanan/a_Profile' is clicked on

2023-10-06 12:38:24 - [TEST_STEP][PASSED] - click(findTestObject("konfirmasi pesanan/a_Pembelian")): Object: 'Object Repository/konfirmasi pesanan/a_Pembelian' is clicked on

2023-10-06 12:38:26 - [MESSAGE][PASSED] - Object: 'Object Repository/konfirmasi pesanan/a_Pembelian' is clicked on

2023-10-06 12:38:26 - [TEST_STEP][PASSED] - click(findTestObject("konfirmasi pesanan/new konfirmasi bayar")): Object: 'Object Repository/konfirmasi pesanan/new konfirmasi bayar' is clicked on

2023-10-06 12:38:28 - [MESSAGE][PASSED] - Object: 'Object Repository/konfirmasi pesanan/new konfirmasi bayar' is clicked on

2023-10-06 12:38:28 - [TEST_STEP][PASSED] - clearText(findTestObject("konfirmasi pesanan/input_Total TagihanTransfer_b")): Text of object 'Object Repository/konfirmasi pesanan/input_Total TagihanTransfer_b' is cleared

2023-10-06 12:38:31 - [MESSAGE][PASSED] - Text of object 'Object Repository/konfirmasi pesanan/input_Total TagihanTransfer_b' is cleared

2023-10-06 12:38:31 - [TEST_STEP][PASSED] - setText(findTestObject("konfirmasi pesanan/input_Total TagihanTransfer_b"), tagihan): Text '12' is set on object 'Object Repository/konfirmasi pesanan/input_Total TagihanTransfer_b'

2023-10-06 12:38:32 - [MESSAGE][PASSED] - Text '12' is set on object 'Object Repository/konfirmasi pesanan/input_Total TagihanTransfer_b'

2023-10-06 12:38:32 - [TEST_STEP][PASSED] - selectOptionByValue(findTestObject("konfirmasi pesanan/select dropdown trasfer"), transfer, false): All options with value '1' are selected in object 'Object Repository/konfirmasi pesanan/select dropdown trasfer' 

2023-10-06 12:38:32 - [MESSAGE][PASSED] - All options with value '1' are selected in object 'Object Repository/konfirmasi pesanan/select dropdown trasfer' 

2023-10-06 12:38:32 - [TEST_STEP][PASSED] - clearText(findTestObject("konfirmasi pesanan/input_Nama Pengirim_d")): Text of object 'Object Repository/konfirmasi pesanan/input_Nama Pengirim_d' is cleared

2023-10-06 12:38:33 - [MESSAGE][PASSED] - Text of object 'Object Repository/konfirmasi pesanan/input_Nama Pengirim_d' is cleared

2023-10-06 12:38:33 - [TEST_STEP][PASSED] - setText(findTestObject("konfirmasi pesanan/input_Nama Pengirim_d"), nmPengirim): Text 'runarun' is set on object 'Object Repository/konfirmasi pesanan/input_Nama Pengirim_d'

2023-10-06 12:38:34 - [MESSAGE][PASSED] - Text 'runarun' is set on object 'Object Repository/konfirmasi pesanan/input_Nama Pengirim_d'

2023-10-06 12:38:34 - [TEST_STEP][PASSED] - uploadFile(findTestObject("konfirmasi pesanan/input_Upload Bukti Transfer_f"), "F:\bootcamp\Miniproject\transfer.jpg"): File 'F:\bootcamp\Miniproject\transfer.jpg' sent to object: 'Object Repository/konfirmasi pesanan/input_Upload Bukti Transfer_f'

2023-10-06 12:38:34 - [MESSAGE][PASSED] - File 'F:\bootcamp\Miniproject\transfer.jpg' sent to object: 'Object Repository/konfirmasi pesanan/input_Upload Bukti Transfer_f'

2023-10-06 12:38:34 - [TEST_STEP][PASSED] - click(findTestObject("konfirmasi pesanan/button_Konfirmasi Pembayaran")): Object: 'Object Repository/konfirmasi pesanan/button_Konfirmasi Pembayaran' is clicked on

2023-10-06 12:38:36 - [MESSAGE][PASSED] - Object: 'Object Repository/konfirmasi pesanan/button_Konfirmasi Pembayaran' is clicked on

2023-10-06 12:38:36 - [TEST_STEP][FAILED] - verifyTextPresent("please input an valid field", false): Unable to verify text 'please input an valid field' is present  (Root cause: com.kms.katalon.core.exception.StepFailedException: Unable to verify text 'please input an valid field' is present 
	at com.kms.katalon.core.webui.keyword.internal.WebUIKeywordMain.stepFailed(WebUIKeywordMain.groovy:64)
	at com.kms.katalon.core.webui.keyword.internal.WebUIKeywordMain.runKeyword(WebUIKeywordMain.groovy:26)
	at com.kms.katalon.core.webui.keyword.builtin.VerifyTextPresentKeyword.verifyTextPresent(VerifyTextPresentKeyword.groovy:83)
	at com.kms.katalon.core.webui.keyword.builtin.VerifyTextPresentKeyword.execute(VerifyTextPresentKeyword.groovy:68)
	at com.kms.katalon.core.keyword.internal.KeywordExecutor.executeKeywordForPlatform(KeywordExecutor.groovy:74)
	at com.kms.katalon.core.webui.keyword.WebUiBuiltInKeywords.verifyTextPresent(WebUiBuiltInKeywords.groovy:1723)
	at com.kms.katalon.core.webui.keyword.WebUiBuiltInKeywords$verifyTextPresent$14.call(Unknown Source)
	at TC-KF-011.run(TC-KF-011:51)
	at com.kms.katalon.core.main.ScriptEngine.run(ScriptEngine.java:194)
	at com.kms.katalon.core.main.ScriptEngine.runScriptAsRawText(ScriptEngine.java:119)
	at com.kms.katalon.core.main.TestCaseExecutor.runScript(TestCaseExecutor.java:448)
	at com.kms.katalon.core.main.TestCaseExecutor.doExecute(TestCaseExecutor.java:439)
	at com.kms.katalon.core.main.TestCaseExecutor.processExecutionPhase(TestCaseExecutor.java:418)
	at com.kms.katalon.core.main.TestCaseExecutor.accessMainPhase(TestCaseExecutor.java:410)
	at com.kms.katalon.core.main.TestCaseExecutor.execute(TestCaseExecutor.java:285)
	at com.kms.katalon.core.common.CommonExecutor.accessTestCaseMainPhase(CommonExecutor.java:65)
	at com.kms.katalon.core.main.TestSuiteExecutor.accessTestSuiteMainPhase(TestSuiteExecutor.java:148)
	at com.kms.katalon.core.main.TestSuiteExecutor.execute(TestSuiteExecutor.java:106)
	at com.kms.katalon.core.main.TestCaseMain.startTestSuite(TestCaseMain.java:187)
	at com.kms.katalon.core.main.TestCaseMain$startTestSuite$0.call(Unknown Source)
	at TempTestSuite1696569176253.run(TempTestSuite1696569176253.groovy:36)
Caused by: com.kms.katalon.core.exception.StepFailedException: Text 'please input an valid field' is not present on page 
	at com.kms.katalon.core.webui.keyword.internal.WebUIKeywordMain.stepFailed(WebUIKeywordMain.groovy:64)
	at com.kms.katalon.core.webui.keyword.builtin.VerifyTextPresentKeyword$_verifyTextPresent_closure1.doCall(VerifyTextPresentKeyword.groovy:79)
	at com.kms.katalon.core.webui.keyword.builtin.VerifyTextPresentKeyword$_verifyTextPresent_closure1.call(VerifyTextPresentKeyword.groovy)
	at com.kms.katalon.core.webui.keyword.internal.WebUIKeywordMain.runKeyword(WebUIKeywordMain.groovy:20)
	... 19 more
)

2023-10-06 12:38:37 - [MESSAGE][FAILED] - Text 'please input an valid field' is not present on page  (Root cause: com.kms.katalon.core.exception.StepFailedException: Text 'please input an valid field' is not present on page 
	at com.kms.katalon.core.webui.keyword.internal.WebUIKeywordMain.stepFailed(WebUIKeywordMain.groovy:64)
	at com.kms.katalon.core.webui.keyword.builtin.VerifyTextPresentKeyword$_verifyTextPresent_closure1.doCall(VerifyTextPresentKeyword.groovy:79)
	at com.kms.katalon.core.webui.keyword.builtin.VerifyTextPresentKeyword$_verifyTextPresent_closure1.call(VerifyTextPresentKeyword.groovy)
	at com.kms.katalon.core.webui.keyword.internal.WebUIKeywordMain.runKeyword(WebUIKeywordMain.groovy:20)
	at com.kms.katalon.core.webui.keyword.builtin.VerifyTextPresentKeyword.verifyTextPresent(VerifyTextPresentKeyword.groovy:83)
	at com.kms.katalon.core.webui.keyword.builtin.VerifyTextPresentKeyword.execute(VerifyTextPresentKeyword.groovy:68)
	at com.kms.katalon.core.keyword.internal.KeywordExecutor.executeKeywordForPlatform(KeywordExecutor.groovy:74)
	at com.kms.katalon.core.webui.keyword.WebUiBuiltInKeywords.verifyTextPresent(WebUiBuiltInKeywords.groovy:1723)
	at com.kms.katalon.core.webui.keyword.WebUiBuiltInKeywords$verifyTextPresent$14.call(Unknown Source)
	at TC-KF-011.run(TC-KF-011:51)
	at com.kms.katalon.core.main.ScriptEngine.run(ScriptEngine.java:194)
	at com.kms.katalon.core.main.ScriptEngine.runScriptAsRawText(ScriptEngine.java:119)
	at com.kms.katalon.core.main.TestCaseExecutor.runScript(TestCaseExecutor.java:448)
	at com.kms.katalon.core.main.TestCaseExecutor.doExecute(TestCaseExecutor.java:439)
	at com.kms.katalon.core.main.TestCaseExecutor.processExecutionPhase(TestCaseExecutor.java:418)
	at com.kms.katalon.core.main.TestCaseExecutor.accessMainPhase(TestCaseExecutor.java:410)
	at com.kms.katalon.core.main.TestCaseExecutor.execute(TestCaseExecutor.java:285)
	at com.kms.katalon.core.common.CommonExecutor.accessTestCaseMainPhase(CommonExecutor.java:65)
	at com.kms.katalon.core.main.TestSuiteExecutor.accessTestSuiteMainPhase(TestSuiteExecutor.java:148)
	at com.kms.katalon.core.main.TestSuiteExecutor.execute(TestSuiteExecutor.java:106)
	at com.kms.katalon.core.main.TestCaseMain.startTestSuite(TestCaseMain.java:187)
	at com.kms.katalon.core.main.TestCaseMain$startTestSuite$0.call(Unknown Source)
	at TempTestSuite1696569176253.run(TempTestSuite1696569176253.groovy:36)
)

2023-10-06 12:38:38 - [MESSAGE][FAILED] - Unable to verify text 'please input an valid field' is present  (Root cause: com.kms.katalon.core.exception.StepFailedException: Unable to verify text 'please input an valid field' is present 
	at com.kms.katalon.core.webui.keyword.internal.WebUIKeywordMain.stepFailed(WebUIKeywordMain.groovy:64)
	at com.kms.katalon.core.webui.keyword.internal.WebUIKeywordMain.runKeyword(WebUIKeywordMain.groovy:26)
	at com.kms.katalon.core.webui.keyword.builtin.VerifyTextPresentKeyword.verifyTextPresent(VerifyTextPresentKeyword.groovy:83)
	at com.kms.katalon.core.webui.keyword.builtin.VerifyTextPresentKeyword.execute(VerifyTextPresentKeyword.groovy:68)
	at com.kms.katalon.core.keyword.internal.KeywordExecutor.executeKeywordForPlatform(KeywordExecutor.groovy:74)
	at com.kms.katalon.core.webui.keyword.WebUiBuiltInKeywords.verifyTextPresent(WebUiBuiltInKeywords.groovy:1723)
	at com.kms.katalon.core.webui.keyword.WebUiBuiltInKeywords$verifyTextPresent$14.call(Unknown Source)
	at TC-KF-011.run(TC-KF-011:51)
	at com.kms.katalon.core.main.ScriptEngine.run(ScriptEngine.java:194)
	at com.kms.katalon.core.main.ScriptEngine.runScriptAsRawText(ScriptEngine.java:119)
	at com.kms.katalon.core.main.TestCaseExecutor.runScript(TestCaseExecutor.java:448)
	at com.kms.katalon.core.main.TestCaseExecutor.doExecute(TestCaseExecutor.java:439)
	at com.kms.katalon.core.main.TestCaseExecutor.processExecutionPhase(TestCaseExecutor.java:418)
	at com.kms.katalon.core.main.TestCaseExecutor.accessMainPhase(TestCaseExecutor.java:410)
	at com.kms.katalon.core.main.TestCaseExecutor.execute(TestCaseExecutor.java:285)
	at com.kms.katalon.core.common.CommonExecutor.accessTestCaseMainPhase(CommonExecutor.java:65)
	at com.kms.katalon.core.main.TestSuiteExecutor.accessTestSuiteMainPhase(TestSuiteExecutor.java:148)
	at com.kms.katalon.core.main.TestSuiteExecutor.execute(TestSuiteExecutor.java:106)
	at com.kms.katalon.core.main.TestCaseMain.startTestSuite(TestCaseMain.java:187)
	at com.kms.katalon.core.main.TestCaseMain$startTestSuite$0.call(Unknown Source)
	at TempTestSuite1696569176253.run(TempTestSuite1696569176253.groovy:36)
Caused by: com.kms.katalon.core.exception.StepFailedException: Text 'please input an valid field' is not present on page 
	at com.kms.katalon.core.webui.keyword.internal.WebUIKeywordMain.stepFailed(WebUIKeywordMain.groovy:64)
	at com.kms.katalon.core.webui.keyword.builtin.VerifyTextPresentKeyword$_verifyTextPresent_closure1.doCall(VerifyTextPresentKeyword.groovy:79)
	at com.kms.katalon.core.webui.keyword.builtin.VerifyTextPresentKeyword$_verifyTextPresent_closure1.call(VerifyTextPresentKeyword.groovy)
	at com.kms.katalon.core.webui.keyword.internal.WebUIKeywordMain.runKeyword(WebUIKeywordMain.groovy:20)
	... 19 more
)
[[ATTACHMENT|F:\\bootcamp\\Miniproject\\Tajalapak\\Reports\\20231006_121256\\T08 - Konfirmasi Pesanan\\20231006_121256\\1696570717900.png]]]]></system-out>
         <system-err><![CDATA[2023-10-06 12:37:38 - [TEST_CASE][FAILED] - Test Cases/T08 - Konfirmasi Pesanan/TC-KF-011: Test Cases/T08 - Konfirmasi Pesanan/TC-KF-011 FAILED.
Reason:
com.kms.katalon.core.exception.StepFailedException: Unable to verify text 'please input an valid field' is present 
	at com.kms.katalon.core.webui.keyword.internal.WebUIKeywordMain.stepFailed(WebUIKeywordMain.groovy:64)
	at com.kms.katalon.core.webui.keyword.internal.WebUIKeywordMain.runKeyword(WebUIKeywordMain.groovy:26)
	at com.kms.katalon.core.webui.keyword.builtin.VerifyTextPresentKeyword.verifyTextPresent(VerifyTextPresentKeyword.groovy:83)
	at com.kms.katalon.core.webui.keyword.builtin.VerifyTextPresentKeyword.execute(VerifyTextPresentKeyword.groovy:68)
	at com.kms.katalon.core.keyword.internal.KeywordExecutor.executeKeywordForPlatform(KeywordExecutor.groovy:74)
	at com.kms.katalon.core.webui.keyword.WebUiBuiltInKeywords.verifyTextPresent(WebUiBuiltInKeywords.groovy:1723)
	at com.kms.katalon.core.webui.keyword.WebUiBuiltInKeywords$verifyTextPresent$14.call(Unknown Source)
	at TC-KF-011.run(TC-KF-011:51)
	at com.kms.katalon.core.main.ScriptEngine.run(ScriptEngine.java:194)
	at com.kms.katalon.core.main.ScriptEngine.runScriptAsRawText(ScriptEngine.java:119)
	at com.kms.katalon.core.main.TestCaseExecutor.runScript(TestCaseExecutor.java:448)
	at com.kms.katalon.core.main.TestCaseExecutor.doExecute(TestCaseExecutor.java:439)
	at com.kms.katalon.core.main.TestCaseExecutor.processExecutionPhase(TestCaseExecutor.java:418)
	at com.kms.katalon.core.main.TestCaseExecutor.accessMainPhase(TestCaseExecutor.java:410)
	at com.kms.katalon.core.main.TestCaseExecutor.execute(TestCaseExecutor.java:285)
	at com.kms.katalon.core.common.CommonExecutor.accessTestCaseMainPhase(CommonExecutor.java:65)
	at com.kms.katalon.core.main.TestSuiteExecutor.accessTestSuiteMainPhase(TestSuiteExecutor.java:148)
	at com.kms.katalon.core.main.TestSuiteExecutor.execute(TestSuiteExecutor.java:106)
	at com.kms.katalon.core.main.TestCaseMain.startTestSuite(TestCaseMain.java:187)
	at com.kms.katalon.core.main.TestCaseMain$startTestSuite$0.call(Unknown Source)
	at TempTestSuite1696569176253.run(TempTestSuite1696569176253.groovy:36)
Caused by: com.kms.katalon.core.exception.StepFailedException: Text 'please input an valid field' is not present on page 
	at com.kms.katalon.core.webui.keyword.internal.WebUIKeywordMain.stepFailed(WebUIKeywordMain.groovy:64)
	at com.kms.katalon.core.webui.keyword.builtin.VerifyTextPresentKeyword$_verifyTextPresent_closure1.doCall(VerifyTextPresentKeyword.groovy:79)
	at com.kms.katalon.core.webui.keyword.builtin.VerifyTextPresentKeyword$_verifyTextPresent_closure1.call(VerifyTextPresentKeyword.groovy)
	at com.kms.katalon.core.webui.keyword.internal.WebUIKeywordMain.runKeyword(WebUIKeywordMain.groovy:20)
	... 19 more]]></system-err>
      </testcase>
      <testcase name="Test Cases/T08 - Konfirmasi Pesanan/TC-KF-012" time="59.1" classname="Test Cases/T08 - Konfirmasi Pesanan/TC-KF-012" status="FAILED">
         <failure type="FAILED" message="Test Cases/T08 - Konfirmasi Pesanan/TC-KF-012 FAILED.
Reason:
com.kms.katalon.core.exception.StepFailedException: Unable to verify text 'Please fill out this field.' is present 
	at com.kms.katalon.core.webui.keyword.internal.WebUIKeywordMain.stepFailed(WebUIKeywordMain.groovy:64)
	at com.kms.katalon.core.webui.keyword.internal.WebUIKeywordMain.runKeyword(WebUIKeywordMain.groovy:26)
	at com.kms.katalon.core.webui.keyword.builtin.VerifyTextPresentKeyword.verifyTextPresent(VerifyTextPresentKeyword.groovy:83)
	at com.kms.katalon.core.webui.keyword.builtin.VerifyTextPresentKeyword.execute(VerifyTextPresentKeyword.groovy:68)
	at com.kms.katalon.core.keyword.internal.KeywordExecutor.executeKeywordForPlatform(KeywordExecutor.groovy:74)
	at com.kms.katalon.core.webui.keyword.WebUiBuiltInKeywords.verifyTextPresent(WebUiBuiltInKeywords.groovy:1723)
	at com.kms.katalon.core.webui.keyword.WebUiBuiltInKeywords$verifyTextPresent$14.call(Unknown Source)
	at TC-KF-012.run(TC-KF-012:57)
	at com.kms.katalon.core.main.ScriptEngine.run(ScriptEngine.java:194)
	at com.kms.katalon.core.main.ScriptEngine.runScriptAsRawText(ScriptEngine.java:119)
	at com.kms.katalon.core.main.TestCaseExecutor.runScript(TestCaseExecutor.java:448)
	at com.kms.katalon.core.main.TestCaseExecutor.doExecute(TestCaseExecutor.java:439)
	at com.kms.katalon.core.main.TestCaseExecutor.processExecutionPhase(TestCaseExecutor.java:418)
	at com.kms.katalon.core.main.TestCaseExecutor.accessMainPhase(TestCaseExecutor.java:410)
	at com.kms.katalon.core.main.TestCaseExecutor.execute(TestCaseExecutor.java:285)
	at com.kms.katalon.core.common.CommonExecutor.accessTestCaseMainPhase(CommonExecutor.java:65)
	at com.kms.katalon.core.main.TestSuiteExecutor.accessTestSuiteMainPhase(TestSuiteExecutor.java:148)
	at com.kms.katalon.core.main.TestSuiteExecutor.execute(TestSuiteExecutor.java:106)
	at com.kms.katalon.core.main.TestCaseMain.startTestSuite(TestCaseMain.java:187)
	at com.kms.katalon.core.main.TestCaseMain$startTestSuite$0.call(Unknown Source)
	at TempTestSuite1696569176253.run(TempTestSuite1696569176253.groovy:36)
Caused by: com.kms.katalon.core.exception.StepFailedException: Text 'Please fill out this field.' is not present on page 
	at com.kms.katalon.core.webui.keyword.internal.WebUIKeywordMain.stepFailed(WebUIKeywordMain.groovy:64)
	at com.kms.katalon.core.webui.keyword.builtin.VerifyTextPresentKeyword$_verifyTextPresent_closure1.doCall(VerifyTextPresentKeyword.groovy:79)
	at com.kms.katalon.core.webui.keyword.builtin.VerifyTextPresentKeyword$_verifyTextPresent_closure1.call(VerifyTextPresentKeyword.groovy)
	at com.kms.katalon.core.webui.keyword.internal.WebUIKeywordMain.runKeyword(WebUIKeywordMain.groovy:20)
	... 19 more
"/>
         <system-out><![CDATA[2023-10-06 12:38:38 - [TEST_CASE][FAILED] - Test Cases/T08 - Konfirmasi Pesanan/TC-KF-012: Test Cases/T08 - Konfirmasi Pesanan/TC-KF-012 FAILED.
Reason:
com.kms.katalon.core.exception.StepFailedException: Unable to verify text 'Please fill out this field.' is present 
	at com.kms.katalon.core.webui.keyword.internal.WebUIKeywordMain.stepFailed(WebUIKeywordMain.groovy:64)
	at com.kms.katalon.core.webui.keyword.internal.WebUIKeywordMain.runKeyword(WebUIKeywordMain.groovy:26)
	at com.kms.katalon.core.webui.keyword.builtin.VerifyTextPresentKeyword.verifyTextPresent(VerifyTextPresentKeyword.groovy:83)
	at com.kms.katalon.core.webui.keyword.builtin.VerifyTextPresentKeyword.execute(VerifyTextPresentKeyword.groovy:68)
	at com.kms.katalon.core.keyword.internal.KeywordExecutor.executeKeywordForPlatform(KeywordExecutor.groovy:74)
	at com.kms.katalon.core.webui.keyword.WebUiBuiltInKeywords.verifyTextPresent(WebUiBuiltInKeywords.groovy:1723)
	at com.kms.katalon.core.webui.keyword.WebUiBuiltInKeywords$verifyTextPresent$14.call(Unknown Source)
	at TC-KF-012.run(TC-KF-012:57)
	at com.kms.katalon.core.main.ScriptEngine.run(ScriptEngine.java:194)
	at com.kms.katalon.core.main.ScriptEngine.runScriptAsRawText(ScriptEngine.java:119)
	at com.kms.katalon.core.main.TestCaseExecutor.runScript(TestCaseExecutor.java:448)
	at com.kms.katalon.core.main.TestCaseExecutor.doExecute(TestCaseExecutor.java:439)
	at com.kms.katalon.core.main.TestCaseExecutor.processExecutionPhase(TestCaseExecutor.java:418)
	at com.kms.katalon.core.main.TestCaseExecutor.accessMainPhase(TestCaseExecutor.java:410)
	at com.kms.katalon.core.main.TestCaseExecutor.execute(TestCaseExecutor.java:285)
	at com.kms.katalon.core.common.CommonExecutor.accessTestCaseMainPhase(CommonExecutor.java:65)
	at com.kms.katalon.core.main.TestSuiteExecutor.accessTestSuiteMainPhase(TestSuiteExecutor.java:148)
	at com.kms.katalon.core.main.TestSuiteExecutor.execute(TestSuiteExecutor.java:106)
	at com.kms.katalon.core.main.TestCaseMain.startTestSuite(TestCaseMain.java:187)
	at com.kms.katalon.core.main.TestCaseMain$startTestSuite$0.call(Unknown Source)
	at TempTestSuite1696569176253.run(TempTestSuite1696569176253.groovy:36)
Caused by: com.kms.katalon.core.exception.StepFailedException: Text 'Please fill out this field.' is not present on page 
	at com.kms.katalon.core.webui.keyword.internal.WebUIKeywordMain.stepFailed(WebUIKeywordMain.groovy:64)
	at com.kms.katalon.core.webui.keyword.builtin.VerifyTextPresentKeyword$_verifyTextPresent_closure1.doCall(VerifyTextPresentKeyword.groovy:79)
	at com.kms.katalon.core.webui.keyword.builtin.VerifyTextPresentKeyword$_verifyTextPresent_closure1.call(VerifyTextPresentKeyword.groovy)
	at com.kms.katalon.core.webui.keyword.internal.WebUIKeywordMain.runKeyword(WebUIKeywordMain.groovy:20)
	... 19 more


2023-10-06 12:38:39 - [TEST_STEP][PASSED] - data = callTestCase(findTestCase("T08 - Konfirmasi Pesanan/TC-OS-001"), ["Roda":"2", "MetodePembayaran":"transfer"], STOP_ON_FAILURE): Call Test Case 'Test Cases/T08 - Konfirmasi Pesanan/TC-OS-001' successfully

2023-10-06 12:38:39 - [TEST_CASE][PASSED] - Test Cases/T08 - Konfirmasi Pesanan/TC-OS-001: Test Cases/T08 - Konfirmasi Pesanan/TC-OS-001

2023-10-06 12:38:39 - [TEST_STEP][PASSED] - callTestCase(findTestCase("T08 - Konfirmasi Pesanan/TC-LS-001"), [:], STOP_ON_FAILURE): Call Test Case 'Test Cases/T08 - Konfirmasi Pesanan/TC-LS-001' successfully

2023-10-06 12:38:39 - [TEST_CASE][PASSED] - Test Cases/T08 - Konfirmasi Pesanan/TC-LS-001: Test Cases/T08 - Konfirmasi Pesanan/TC-LS-001

2023-10-06 12:38:39 - [TEST_STEP][PASSED] - openBrowser(urlWeb): Browser is opened with url: 'https://10.9.2.63/ecommerce/'

2023-10-06 12:38:39 - [MESSAGE][WARNING] - A browser is already opened. Closing browser and opening a new one

2023-10-06 12:38:42 - [MESSAGE][INFO] - Starting 'Firefox' driver

2023-10-06 12:38:42 - [MESSAGE][INFO] - User set preference: ['args', '[window-size=1500,1000, ignore-certificate-errors, UnexpectedAlertBehaviour=ignore]']

2023-10-06 12:38:42 - [MESSAGE][INFO] - Action delay is set to 0 milliseconds

2023-10-06 12:38:53 - [MESSAGE][PASSED] - Browser is opened with url: 'https://10.9.2.63/ecommerce/'

2023-10-06 12:38:53 - [TEST_STEP][PASSED] - maximizeWindow(): Current window maximized

2023-10-06 12:38:53 - [MESSAGE][PASSED] - Current window maximized

2023-10-06 12:38:53 - [TEST_STEP][PASSED] - click(findTestObject("Login/a_Login")): Object: 'Object Repository/Login/a_Login' is clicked on

2023-10-06 12:38:54 - [MESSAGE][PASSED] - Object: 'Object Repository/Login/a_Login' is clicked on

2023-10-06 12:38:54 - [TEST_STEP][PASSED] - setText(findTestObject("Login/input_Username, Email atau No. Handphone_a"), "runa36"): Text 'runa36' is set on object 'Object Repository/Login/input_Username, Email atau No. Handphone_a'

2023-10-06 12:38:55 - [MESSAGE][PASSED] - Text 'runa36' is set on object 'Object Repository/Login/input_Username, Email atau No. Handphone_a'

2023-10-06 12:38:55 - [TEST_STEP][PASSED] - setEncryptedText(findTestObject("Login/input_Password di Login(Masuk)"), "qbkrdMwyWE4="): Text ****** has been set on object 'Object Repository/Login/input_Password di Login(Masuk)'

2023-10-06 12:38:55 - [MESSAGE][PASSED] - Text ****** has been set on object 'Object Repository/Login/input_Password di Login(Masuk)'

2023-10-06 12:38:55 - [TEST_STEP][PASSED] - click(findTestObject("Login/button_Masuk di halaman login")): Object: 'Object Repository/Login/button_Masuk di halaman login' is clicked on

2023-10-06 12:38:57 - [MESSAGE][PASSED] - Object: 'Object Repository/Login/button_Masuk di halaman login' is clicked on

2023-10-06 12:38:57 - [TEST_STEP][PASSED] - verifyElementPresent(findTestObject("Pendaftaran/verifikasi MASUK di halaman Login"), 0): Object 'Object Repository/Pendaftaran/verifikasi MASUK di halaman Login' is present

2023-10-06 12:38:58 - [MESSAGE][WARNING] - Timeout '0' is invalid. Using default page load timeout: '30'

2023-10-06 12:38:58 - [MESSAGE][PASSED] - Object 'Object Repository/Pendaftaran/verifikasi MASUK di halaman Login' is present

2023-10-06 12:38:58 - [MESSAGE][PASSED] - Call Test Case 'Test Cases/T08 - Konfirmasi Pesanan/TC-LS-001' successfully

2023-10-06 12:38:58 - [TEST_STEP][PASSED] - setText(findTestObject("chekout/input aku mau belanja"), "acer"): Text 'acer' is set on object 'Object Repository/chekout/input aku mau belanja'

2023-10-06 12:38:59 - [MESSAGE][PASSED] - Text 'acer' is set on object 'Object Repository/chekout/input aku mau belanja'

2023-10-06 12:38:59 - [TEST_STEP][PASSED] - click(findTestObject("chekout/button_Cari di halaman tajalapak")): Object: 'Object Repository/chekout/button_Cari di halaman tajalapak' is clicked on

2023-10-06 12:39:01 - [MESSAGE][PASSED] - Object: 'Object Repository/chekout/button_Cari di halaman tajalapak' is clicked on

2023-10-06 12:39:01 - [TEST_STEP][PASSED] - click(findTestObject("chekout/NEW read more acer")): Object: 'Object Repository/chekout/NEW read more acer' is clicked on

2023-10-06 12:39:03 - [MESSAGE][PASSED] - Object: 'Object Repository/chekout/NEW read more acer' is clicked on

2023-10-06 12:39:03 - [TEST_STEP][PASSED] - click(findTestObject("chekout/button_Beli Sekarang di detail produk")): Object: 'Object Repository/chekout/button_Beli Sekarang di detail produk' is clicked on

2023-10-06 12:39:05 - [MESSAGE][PASSED] - Object: 'Object Repository/chekout/button_Beli Sekarang di detail produk' is clicked on

2023-10-06 12:39:05 - [TEST_STEP][PASSED] - verifyElementPresent(findTestObject("chekout/halaman keranjang belanja"), 0): Object 'Object Repository/chekout/halaman keranjang belanja' is present

2023-10-06 12:39:05 - [MESSAGE][WARNING] - Timeout '0' is invalid. Using default page load timeout: '30'

2023-10-06 12:39:06 - [MESSAGE][PASSED] - Object 'Object Repository/chekout/halaman keranjang belanja' is present

2023-10-06 12:39:06 - [TEST_STEP][PASSED] - click(findTestObject("chekout/button_Lanjut ke Pembayaran")): Object: 'Object Repository/chekout/button_Lanjut ke Pembayaran' is clicked on

2023-10-06 12:39:09 - [MESSAGE][PASSED] - Object: 'Object Repository/chekout/button_Lanjut ke Pembayaran' is clicked on

2023-10-06 12:39:09 - [TEST_STEP][PASSED] - selectOptionByValue(findTestObject("Object Repository/chekout/select_- Kirim via Kurir Lokal -Roda 2Roda 4"), Roda, false): All options with value '2' are selected in object 'Object Repository/chekout/select_- Kirim via Kurir Lokal -Roda 2Roda 4' 

2023-10-06 12:39:10 - [MESSAGE][PASSED] - All options with value '2' are selected in object 'Object Repository/chekout/select_- Kirim via Kurir Lokal -Roda 2Roda 4' 

2023-10-06 12:39:10 - [TEST_STEP][PASSED] - click(findTestObject("chekout/jenis kendaraan")): Object: 'Object Repository/chekout/jenis kendaraan' is clicked on

2023-10-06 12:39:11 - [MESSAGE][PASSED] - Object: 'Object Repository/chekout/jenis kendaraan' is clicked on

2023-10-06 12:39:11 - [TEST_STEP][PASSED] - if (toString().equalsIgnoreCase("transfer")): Object 'Object Repository/chekout/input metode tf bank' is checked

2023-10-06 12:39:11 - [TEST_STEP][PASSED] - check(findTestObject("chekout/input metode tf bank")): Object 'Object Repository/chekout/input metode tf bank' is checked

2023-10-06 12:39:11 - [MESSAGE][PASSED] - Object 'Object Repository/chekout/input metode tf bank' is checked

2023-10-06 12:39:11 - [TEST_STEP][PASSED] - click(findTestObject("chekout/button_Proses Pembayaran")): Object: 'Object Repository/chekout/button_Proses Pembayaran' is clicked on

2023-10-06 12:39:17 - [MESSAGE][PASSED] - Object: 'Object Repository/chekout/button_Proses Pembayaran' is clicked on

2023-10-06 12:39:17 - [TEST_STEP][PASSED] - noPesanan = getText(findTestObject("Object Repository/chekout/nomor invoice dari halaman menunggu pembayaran")): Text of object 'Object Repository/chekout/nomor invoice dari halaman menunggu pembayaran' is: 'TRX91.20231006123912'

2023-10-06 12:39:19 - [MESSAGE][PASSED] - Text of object 'Object Repository/chekout/nomor invoice dari halaman menunggu pembayaran' is: 'TRX91.20231006123912'

2023-10-06 12:39:19 - [TEST_STEP][PASSED] - println(noPesanan): null

2023-10-06 12:39:19 - [TEST_STEP][PASSED] - pengirim = getText(findTestObject("Object Repository/chekout/dikirim kepada sama dengan pengirim di tf di konfirmaasi bayar")): Text of object 'Object Repository/chekout/dikirim kepada sama dengan pengirim di tf di konfirmaasi bayar' is: 'runarun'

2023-10-06 12:39:20 - [MESSAGE][PASSED] - Text of object 'Object Repository/chekout/dikirim kepada sama dengan pengirim di tf di konfirmaasi bayar' is: 'runarun'

2023-10-06 12:39:20 - [TEST_STEP][PASSED] - totalharga = getText(findTestObject("Object Repository/chekout/total harga bayar")): Text of object 'Object Repository/chekout/total harga bayar' is: '17,658'

2023-10-06 12:39:20 - [MESSAGE][PASSED] - Text of object 'Object Repository/chekout/total harga bayar' is: '17,658'

2023-10-06 12:39:20 - [TEST_STEP][PASSED] - ongkir = getText(findTestObject("co saldo akun/new ongkir tf")): Text of object 'Object Repository/co saldo akun/new ongkir tf' is: 'Rp 13,000'

2023-10-06 12:39:21 - [MESSAGE][PASSED] - Text of object 'Object Repository/co saldo akun/new ongkir tf' is: 'Rp 13,000'

2023-10-06 12:39:21 - [TEST_STEP][PASSED] - ongkirr = replace(",", "").trim(): null

2023-10-06 12:39:21 - [TEST_STEP][PASSED] - ongkir1 = Integer.parseInt(ongkirr): null

2023-10-06 12:39:21 - [TEST_STEP][PASSED] - println(ongkir1): null

2023-10-06 12:39:21 - [TEST_STEP][PASSED] - biayaAdmin = getText(findTestObject("co saldo akun/new fee admin tf")): Text of object 'Object Repository/co saldo akun/new fee admin tf' is: 'Rp 1,500'

2023-10-06 12:39:21 - [MESSAGE][PASSED] - Text of object 'Object Repository/co saldo akun/new fee admin tf' is: 'Rp 1,500'

2023-10-06 12:39:21 - [TEST_STEP][PASSED] - bAdmin = replace(",", "").trim(): null

2023-10-06 12:39:21 - [TEST_STEP][PASSED] - Integer.parseInt(bAdmin): null

2023-10-06 12:39:21 - [TEST_STEP][PASSED] - Admin = Double.parseDouble(bAdmin): null

2023-10-06 12:39:21 - [TEST_STEP][PASSED] - println(Admin): null

2023-10-06 12:39:21 - [TEST_STEP][PASSED] - subtotal = getText(findTestObject("co saldo akun/new subtotal tf")): Text of object 'Object Repository/co saldo akun/new subtotal tf' is: 'Rp 2,246'

2023-10-06 12:39:22 - [MESSAGE][PASSED] - Text of object 'Object Repository/co saldo akun/new subtotal tf' is: 'Rp 2,246'

2023-10-06 12:39:22 - [TEST_STEP][PASSED] - subtotall = replace(",", "").trim(): null

2023-10-06 12:39:22 - [TEST_STEP][PASSED] - Integer.parseInt(subtotall): null

2023-10-06 12:39:22 - [TEST_STEP][PASSED] - sub = Double.parseDouble(subtotall): null

2023-10-06 12:39:22 - [TEST_STEP][PASSED] - println(sub): null

2023-10-06 12:39:22 - [TEST_STEP][PASSED] - kode = getText(findTestObject("co saldo akun/new kode unik tf")): Text of object 'Object Repository/co saldo akun/new kode unik tf' is: '+912'

2023-10-06 12:39:22 - [MESSAGE][PASSED] - Text of object 'Object Repository/co saldo akun/new kode unik tf' is: '+912'

2023-10-06 12:39:22 - [TEST_STEP][PASSED] - kodee = replace("+", "").trim(): null

2023-10-06 12:39:22 - [TEST_STEP][PASSED] - Integer.parseInt(kodee): null

2023-10-06 12:39:22 - [TEST_STEP][PASSED] - code = Double.parseDouble(kodee): null

2023-10-06 12:39:22 - [TEST_STEP][PASSED] - tOng = ongkir1 + sub: null

2023-10-06 12:39:22 - [TEST_STEP][PASSED] - println(tOng): null

2023-10-06 12:39:22 - [TEST_STEP][PASSED] - totalBayar = tOng + Admin + code: null

2023-10-06 12:39:22 - [TEST_STEP][PASSED] - println(totalBayar): null

2023-10-06 12:39:22 - [TEST_STEP][PASSED] - totalBayar1 = totalBayar: null

2023-10-06 12:39:22 - [TEST_STEP][PASSED] - println(totalBayar1): null

2023-10-06 12:39:22 - [TEST_STEP][PASSED] - total = getText(findTestObject("co saldo akun/new total harga tf")): Text of object 'Object Repository/co saldo akun/new total harga tf' is: '17,658'

2023-10-06 12:39:23 - [MESSAGE][PASSED] - Text of object 'Object Repository/co saldo akun/new total harga tf' is: '17,658'

2023-10-06 12:39:23 - [TEST_STEP][PASSED] - total1 = replace(",", "").trim(): null

2023-10-06 12:39:23 - [TEST_STEP][PASSED] - total2 = Integer.parseInt(total1): null

2023-10-06 12:39:23 - [TEST_STEP][PASSED] - println(total2): null

2023-10-06 12:39:23 - [TEST_STEP][PASSED] - assert totalBayar1 == total2: null

2023-10-06 12:39:23 - [TEST_STEP][PASSED] - data = new java.util.HashMap(): null

2023-10-06 12:39:23 - [TEST_STEP][PASSED] - data.put("invoice", noPesanan): null

2023-10-06 12:39:23 - [TEST_STEP][PASSED] - data.put("namaPengirim", pengirim): null

2023-10-06 12:39:23 - [TEST_STEP][PASSED] - data.put("totalBayar", totalharga): null

2023-10-06 12:39:23 - [TEST_STEP][PASSED] - data.put("totalOngkir", tOng): null

2023-10-06 12:39:23 - [TEST_STEP][PASSED] - return data: null

2023-10-06 12:39:23 - [MESSAGE][PASSED] - Call Test Case 'Test Cases/T08 - Konfirmasi Pesanan/TC-OS-001' successfully

2023-10-06 12:39:23 - [TEST_STEP][PASSED] - noInvoice = data.get("invoice"): null

2023-10-06 12:39:23 - [TEST_STEP][PASSED] - nmPengirim = data.get("namaPengirim"): null

2023-10-06 12:39:23 - [TEST_STEP][PASSED] - ttlBayar = data.get("totalBayar"): null

2023-10-06 12:39:23 - [TEST_STEP][PASSED] - click(findTestObject("konfirmasi pesanan/a_Akun 0")): Object: 'Object Repository/konfirmasi pesanan/a_Akun 0' is clicked on

2023-10-06 12:39:23 - [MESSAGE][PASSED] - Object: 'Object Repository/konfirmasi pesanan/a_Akun 0' is clicked on

2023-10-06 12:39:23 - [TEST_STEP][PASSED] - click(findTestObject("konfirmasi pesanan/a_Profile")): Object: 'Object Repository/konfirmasi pesanan/a_Profile' is clicked on

2023-10-06 12:39:25 - [MESSAGE][PASSED] - Object: 'Object Repository/konfirmasi pesanan/a_Profile' is clicked on

2023-10-06 12:39:25 - [TEST_STEP][PASSED] - click(findTestObject("konfirmasi pesanan/a_Pembelian")): Object: 'Object Repository/konfirmasi pesanan/a_Pembelian' is clicked on

2023-10-06 12:39:27 - [MESSAGE][PASSED] - Object: 'Object Repository/konfirmasi pesanan/a_Pembelian' is clicked on

2023-10-06 12:39:27 - [TEST_STEP][PASSED] - click(findTestObject("konfirmasi pesanan/new konfirmasi bayar")): Object: 'Object Repository/konfirmasi pesanan/new konfirmasi bayar' is clicked on

2023-10-06 12:39:29 - [MESSAGE][PASSED] - Object: 'Object Repository/konfirmasi pesanan/new konfirmasi bayar' is clicked on

2023-10-06 12:39:29 - [TEST_STEP][PASSED] - clearText(findTestObject("konfirmasi pesanan/input_Total TagihanTransfer_b")): Text of object 'Object Repository/konfirmasi pesanan/input_Total TagihanTransfer_b' is cleared

2023-10-06 12:39:29 - [MESSAGE][PASSED] - Text of object 'Object Repository/konfirmasi pesanan/input_Total TagihanTransfer_b' is cleared

2023-10-06 12:39:29 - [TEST_STEP][PASSED] - setText(findTestObject("konfirmasi pesanan/input_Total TagihanTransfer_b"), ttlBayar): Text '17,658' is set on object 'Object Repository/konfirmasi pesanan/input_Total TagihanTransfer_b'

2023-10-06 12:39:30 - [MESSAGE][PASSED] - Text '17,658' is set on object 'Object Repository/konfirmasi pesanan/input_Total TagihanTransfer_b'

2023-10-06 12:39:30 - [TEST_STEP][PASSED] - selectOptionByValue(findTestObject("konfirmasi pesanan/select dropdown trasfer"), transfer, false): All options with value '1' are selected in object 'Object Repository/konfirmasi pesanan/select dropdown trasfer' 

2023-10-06 12:39:31 - [MESSAGE][PASSED] - All options with value '1' are selected in object 'Object Repository/konfirmasi pesanan/select dropdown trasfer' 

2023-10-06 12:39:31 - [TEST_STEP][PASSED] - clearText(findTestObject("konfirmasi pesanan/input_Nama Pengirim_d")): Text of object 'Object Repository/konfirmasi pesanan/input_Nama Pengirim_d' is cleared

2023-10-06 12:39:31 - [MESSAGE][PASSED] - Text of object 'Object Repository/konfirmasi pesanan/input_Nama Pengirim_d' is cleared

2023-10-06 12:39:31 - [TEST_STEP][PASSED] - setText(findTestObject("konfirmasi pesanan/input_Nama Pengirim_d"), nmPengirim): Text 'runarun' is set on object 'Object Repository/konfirmasi pesanan/input_Nama Pengirim_d'

2023-10-06 12:39:32 - [MESSAGE][PASSED] - Text 'runarun' is set on object 'Object Repository/konfirmasi pesanan/input_Nama Pengirim_d'

2023-10-06 12:39:32 - [TEST_STEP][PASSED] - clearText(findTestObject("konfirmasi pesanan/input_Tanggal Transfer_e")): Text of object 'Object Repository/konfirmasi pesanan/input_Tanggal Transfer_e' is cleared

2023-10-06 12:39:33 - [MESSAGE][PASSED] - Text of object 'Object Repository/konfirmasi pesanan/input_Tanggal Transfer_e' is cleared

2023-10-06 12:39:33 - [TEST_STEP][PASSED] - uploadFile(findTestObject("konfirmasi pesanan/input_Upload Bukti Transfer_f"), "F:\bootcamp\Miniproject\transfer.jpg"): File 'F:\bootcamp\Miniproject\transfer.jpg' sent to object: 'Object Repository/konfirmasi pesanan/input_Upload Bukti Transfer_f'

2023-10-06 12:39:33 - [MESSAGE][PASSED] - File 'F:\bootcamp\Miniproject\transfer.jpg' sent to object: 'Object Repository/konfirmasi pesanan/input_Upload Bukti Transfer_f'

2023-10-06 12:39:33 - [TEST_STEP][PASSED] - click(findTestObject("konfirmasi pesanan/button_Konfirmasi Pembayaran")): Object: 'Object Repository/konfirmasi pesanan/button_Konfirmasi Pembayaran' is clicked on

2023-10-06 12:39:35 - [MESSAGE][PASSED] - Object: 'Object Repository/konfirmasi pesanan/button_Konfirmasi Pembayaran' is clicked on

2023-10-06 12:39:35 - [TEST_STEP][FAILED] - verifyTextPresent("Please fill out this field.", false): Unable to verify text 'Please fill out this field.' is present  (Root cause: com.kms.katalon.core.exception.StepFailedException: Unable to verify text 'Please fill out this field.' is present 
	at com.kms.katalon.core.webui.keyword.internal.WebUIKeywordMain.stepFailed(WebUIKeywordMain.groovy:64)
	at com.kms.katalon.core.webui.keyword.internal.WebUIKeywordMain.runKeyword(WebUIKeywordMain.groovy:26)
	at com.kms.katalon.core.webui.keyword.builtin.VerifyTextPresentKeyword.verifyTextPresent(VerifyTextPresentKeyword.groovy:83)
	at com.kms.katalon.core.webui.keyword.builtin.VerifyTextPresentKeyword.execute(VerifyTextPresentKeyword.groovy:68)
	at com.kms.katalon.core.keyword.internal.KeywordExecutor.executeKeywordForPlatform(KeywordExecutor.groovy:74)
	at com.kms.katalon.core.webui.keyword.WebUiBuiltInKeywords.verifyTextPresent(WebUiBuiltInKeywords.groovy:1723)
	at com.kms.katalon.core.webui.keyword.WebUiBuiltInKeywords$verifyTextPresent$14.call(Unknown Source)
	at TC-KF-012.run(TC-KF-012:57)
	at com.kms.katalon.core.main.ScriptEngine.run(ScriptEngine.java:194)
	at com.kms.katalon.core.main.ScriptEngine.runScriptAsRawText(ScriptEngine.java:119)
	at com.kms.katalon.core.main.TestCaseExecutor.runScript(TestCaseExecutor.java:448)
	at com.kms.katalon.core.main.TestCaseExecutor.doExecute(TestCaseExecutor.java:439)
	at com.kms.katalon.core.main.TestCaseExecutor.processExecutionPhase(TestCaseExecutor.java:418)
	at com.kms.katalon.core.main.TestCaseExecutor.accessMainPhase(TestCaseExecutor.java:410)
	at com.kms.katalon.core.main.TestCaseExecutor.execute(TestCaseExecutor.java:285)
	at com.kms.katalon.core.common.CommonExecutor.accessTestCaseMainPhase(CommonExecutor.java:65)
	at com.kms.katalon.core.main.TestSuiteExecutor.accessTestSuiteMainPhase(TestSuiteExecutor.java:148)
	at com.kms.katalon.core.main.TestSuiteExecutor.execute(TestSuiteExecutor.java:106)
	at com.kms.katalon.core.main.TestCaseMain.startTestSuite(TestCaseMain.java:187)
	at com.kms.katalon.core.main.TestCaseMain$startTestSuite$0.call(Unknown Source)
	at TempTestSuite1696569176253.run(TempTestSuite1696569176253.groovy:36)
Caused by: com.kms.katalon.core.exception.StepFailedException: Text 'Please fill out this field.' is not present on page 
	at com.kms.katalon.core.webui.keyword.internal.WebUIKeywordMain.stepFailed(WebUIKeywordMain.groovy:64)
	at com.kms.katalon.core.webui.keyword.builtin.VerifyTextPresentKeyword$_verifyTextPresent_closure1.doCall(VerifyTextPresentKeyword.groovy:79)
	at com.kms.katalon.core.webui.keyword.builtin.VerifyTextPresentKeyword$_verifyTextPresent_closure1.call(VerifyTextPresentKeyword.groovy)
	at com.kms.katalon.core.webui.keyword.internal.WebUIKeywordMain.runKeyword(WebUIKeywordMain.groovy:20)
	... 19 more
)

2023-10-06 12:39:37 - [MESSAGE][FAILED] - Text 'Please fill out this field.' is not present on page  (Root cause: com.kms.katalon.core.exception.StepFailedException: Text 'Please fill out this field.' is not present on page 
	at com.kms.katalon.core.webui.keyword.internal.WebUIKeywordMain.stepFailed(WebUIKeywordMain.groovy:64)
	at com.kms.katalon.core.webui.keyword.builtin.VerifyTextPresentKeyword$_verifyTextPresent_closure1.doCall(VerifyTextPresentKeyword.groovy:79)
	at com.kms.katalon.core.webui.keyword.builtin.VerifyTextPresentKeyword$_verifyTextPresent_closure1.call(VerifyTextPresentKeyword.groovy)
	at com.kms.katalon.core.webui.keyword.internal.WebUIKeywordMain.runKeyword(WebUIKeywordMain.groovy:20)
	at com.kms.katalon.core.webui.keyword.builtin.VerifyTextPresentKeyword.verifyTextPresent(VerifyTextPresentKeyword.groovy:83)
	at com.kms.katalon.core.webui.keyword.builtin.VerifyTextPresentKeyword.execute(VerifyTextPresentKeyword.groovy:68)
	at com.kms.katalon.core.keyword.internal.KeywordExecutor.executeKeywordForPlatform(KeywordExecutor.groovy:74)
	at com.kms.katalon.core.webui.keyword.WebUiBuiltInKeywords.verifyTextPresent(WebUiBuiltInKeywords.groovy:1723)
	at com.kms.katalon.core.webui.keyword.WebUiBuiltInKeywords$verifyTextPresent$14.call(Unknown Source)
	at TC-KF-012.run(TC-KF-012:57)
	at com.kms.katalon.core.main.ScriptEngine.run(ScriptEngine.java:194)
	at com.kms.katalon.core.main.ScriptEngine.runScriptAsRawText(ScriptEngine.java:119)
	at com.kms.katalon.core.main.TestCaseExecutor.runScript(TestCaseExecutor.java:448)
	at com.kms.katalon.core.main.TestCaseExecutor.doExecute(TestCaseExecutor.java:439)
	at com.kms.katalon.core.main.TestCaseExecutor.processExecutionPhase(TestCaseExecutor.java:418)
	at com.kms.katalon.core.main.TestCaseExecutor.accessMainPhase(TestCaseExecutor.java:410)
	at com.kms.katalon.core.main.TestCaseExecutor.execute(TestCaseExecutor.java:285)
	at com.kms.katalon.core.common.CommonExecutor.accessTestCaseMainPhase(CommonExecutor.java:65)
	at com.kms.katalon.core.main.TestSuiteExecutor.accessTestSuiteMainPhase(TestSuiteExecutor.java:148)
	at com.kms.katalon.core.main.TestSuiteExecutor.execute(TestSuiteExecutor.java:106)
	at com.kms.katalon.core.main.TestCaseMain.startTestSuite(TestCaseMain.java:187)
	at com.kms.katalon.core.main.TestCaseMain$startTestSuite$0.call(Unknown Source)
	at TempTestSuite1696569176253.run(TempTestSuite1696569176253.groovy:36)
)

2023-10-06 12:39:37 - [MESSAGE][FAILED] - Unable to verify text 'Please fill out this field.' is present  (Root cause: com.kms.katalon.core.exception.StepFailedException: Unable to verify text 'Please fill out this field.' is present 
	at com.kms.katalon.core.webui.keyword.internal.WebUIKeywordMain.stepFailed(WebUIKeywordMain.groovy:64)
	at com.kms.katalon.core.webui.keyword.internal.WebUIKeywordMain.runKeyword(WebUIKeywordMain.groovy:26)
	at com.kms.katalon.core.webui.keyword.builtin.VerifyTextPresentKeyword.verifyTextPresent(VerifyTextPresentKeyword.groovy:83)
	at com.kms.katalon.core.webui.keyword.builtin.VerifyTextPresentKeyword.execute(VerifyTextPresentKeyword.groovy:68)
	at com.kms.katalon.core.keyword.internal.KeywordExecutor.executeKeywordForPlatform(KeywordExecutor.groovy:74)
	at com.kms.katalon.core.webui.keyword.WebUiBuiltInKeywords.verifyTextPresent(WebUiBuiltInKeywords.groovy:1723)
	at com.kms.katalon.core.webui.keyword.WebUiBuiltInKeywords$verifyTextPresent$14.call(Unknown Source)
	at TC-KF-012.run(TC-KF-012:57)
	at com.kms.katalon.core.main.ScriptEngine.run(ScriptEngine.java:194)
	at com.kms.katalon.core.main.ScriptEngine.runScriptAsRawText(ScriptEngine.java:119)
	at com.kms.katalon.core.main.TestCaseExecutor.runScript(TestCaseExecutor.java:448)
	at com.kms.katalon.core.main.TestCaseExecutor.doExecute(TestCaseExecutor.java:439)
	at com.kms.katalon.core.main.TestCaseExecutor.processExecutionPhase(TestCaseExecutor.java:418)
	at com.kms.katalon.core.main.TestCaseExecutor.accessMainPhase(TestCaseExecutor.java:410)
	at com.kms.katalon.core.main.TestCaseExecutor.execute(TestCaseExecutor.java:285)
	at com.kms.katalon.core.common.CommonExecutor.accessTestCaseMainPhase(CommonExecutor.java:65)
	at com.kms.katalon.core.main.TestSuiteExecutor.accessTestSuiteMainPhase(TestSuiteExecutor.java:148)
	at com.kms.katalon.core.main.TestSuiteExecutor.execute(TestSuiteExecutor.java:106)
	at com.kms.katalon.core.main.TestCaseMain.startTestSuite(TestCaseMain.java:187)
	at com.kms.katalon.core.main.TestCaseMain$startTestSuite$0.call(Unknown Source)
	at TempTestSuite1696569176253.run(TempTestSuite1696569176253.groovy:36)
Caused by: com.kms.katalon.core.exception.StepFailedException: Text 'Please fill out this field.' is not present on page 
	at com.kms.katalon.core.webui.keyword.internal.WebUIKeywordMain.stepFailed(WebUIKeywordMain.groovy:64)
	at com.kms.katalon.core.webui.keyword.builtin.VerifyTextPresentKeyword$_verifyTextPresent_closure1.doCall(VerifyTextPresentKeyword.groovy:79)
	at com.kms.katalon.core.webui.keyword.builtin.VerifyTextPresentKeyword$_verifyTextPresent_closure1.call(VerifyTextPresentKeyword.groovy)
	at com.kms.katalon.core.webui.keyword.internal.WebUIKeywordMain.runKeyword(WebUIKeywordMain.groovy:20)
	... 19 more
)
[[ATTACHMENT|F:\\bootcamp\\Miniproject\\Tajalapak\\Reports\\20231006_121256\\T08 - Konfirmasi Pesanan\\20231006_121256\\1696570777158.png]]]]></system-out>
         <system-err><![CDATA[2023-10-06 12:38:38 - [TEST_CASE][FAILED] - Test Cases/T08 - Konfirmasi Pesanan/TC-KF-012: Test Cases/T08 - Konfirmasi Pesanan/TC-KF-012 FAILED.
Reason:
com.kms.katalon.core.exception.StepFailedException: Unable to verify text 'Please fill out this field.' is present 
	at com.kms.katalon.core.webui.keyword.internal.WebUIKeywordMain.stepFailed(WebUIKeywordMain.groovy:64)
	at com.kms.katalon.core.webui.keyword.internal.WebUIKeywordMain.runKeyword(WebUIKeywordMain.groovy:26)
	at com.kms.katalon.core.webui.keyword.builtin.VerifyTextPresentKeyword.verifyTextPresent(VerifyTextPresentKeyword.groovy:83)
	at com.kms.katalon.core.webui.keyword.builtin.VerifyTextPresentKeyword.execute(VerifyTextPresentKeyword.groovy:68)
	at com.kms.katalon.core.keyword.internal.KeywordExecutor.executeKeywordForPlatform(KeywordExecutor.groovy:74)
	at com.kms.katalon.core.webui.keyword.WebUiBuiltInKeywords.verifyTextPresent(WebUiBuiltInKeywords.groovy:1723)
	at com.kms.katalon.core.webui.keyword.WebUiBuiltInKeywords$verifyTextPresent$14.call(Unknown Source)
	at TC-KF-012.run(TC-KF-012:57)
	at com.kms.katalon.core.main.ScriptEngine.run(ScriptEngine.java:194)
	at com.kms.katalon.core.main.ScriptEngine.runScriptAsRawText(ScriptEngine.java:119)
	at com.kms.katalon.core.main.TestCaseExecutor.runScript(TestCaseExecutor.java:448)
	at com.kms.katalon.core.main.TestCaseExecutor.doExecute(TestCaseExecutor.java:439)
	at com.kms.katalon.core.main.TestCaseExecutor.processExecutionPhase(TestCaseExecutor.java:418)
	at com.kms.katalon.core.main.TestCaseExecutor.accessMainPhase(TestCaseExecutor.java:410)
	at com.kms.katalon.core.main.TestCaseExecutor.execute(TestCaseExecutor.java:285)
	at com.kms.katalon.core.common.CommonExecutor.accessTestCaseMainPhase(CommonExecutor.java:65)
	at com.kms.katalon.core.main.TestSuiteExecutor.accessTestSuiteMainPhase(TestSuiteExecutor.java:148)
	at com.kms.katalon.core.main.TestSuiteExecutor.execute(TestSuiteExecutor.java:106)
	at com.kms.katalon.core.main.TestCaseMain.startTestSuite(TestCaseMain.java:187)
	at com.kms.katalon.core.main.TestCaseMain$startTestSuite$0.call(Unknown Source)
	at TempTestSuite1696569176253.run(TempTestSuite1696569176253.groovy:36)
Caused by: com.kms.katalon.core.exception.StepFailedException: Text 'Please fill out this field.' is not present on page 
	at com.kms.katalon.core.webui.keyword.internal.WebUIKeywordMain.stepFailed(WebUIKeywordMain.groovy:64)
	at com.kms.katalon.core.webui.keyword.builtin.VerifyTextPresentKeyword$_verifyTextPresent_closure1.doCall(VerifyTextPresentKeyword.groovy:79)
	at com.kms.katalon.core.webui.keyword.builtin.VerifyTextPresentKeyword$_verifyTextPresent_closure1.call(VerifyTextPresentKeyword.groovy)
	at com.kms.katalon.core.webui.keyword.internal.WebUIKeywordMain.runKeyword(WebUIKeywordMain.groovy:20)
	... 19 more]]></system-err>
      </testcase>
      <testcase name="Test Cases/T08 - Konfirmasi Pesanan/TC-KF-013" time="56.011" classname="Test Cases/T08 - Konfirmasi Pesanan/TC-KF-013" status="FAILED">
         <failure type="FAILED" message="Test Cases/T08 - Konfirmasi Pesanan/TC-KF-013 FAILED.
Reason:
com.kms.katalon.core.exception.StepFailedException: Unable to verify text 'Please upload an valid file!' is present 
	at com.kms.katalon.core.webui.keyword.internal.WebUIKeywordMain.stepFailed(WebUIKeywordMain.groovy:64)
	at com.kms.katalon.core.webui.keyword.internal.WebUIKeywordMain.runKeyword(WebUIKeywordMain.groovy:26)
	at com.kms.katalon.core.webui.keyword.builtin.VerifyTextPresentKeyword.verifyTextPresent(VerifyTextPresentKeyword.groovy:83)
	at com.kms.katalon.core.webui.keyword.builtin.VerifyTextPresentKeyword.execute(VerifyTextPresentKeyword.groovy:68)
	at com.kms.katalon.core.keyword.internal.KeywordExecutor.executeKeywordForPlatform(KeywordExecutor.groovy:74)
	at com.kms.katalon.core.webui.keyword.WebUiBuiltInKeywords.verifyTextPresent(WebUiBuiltInKeywords.groovy:1723)
	at com.kms.katalon.core.webui.keyword.WebUiBuiltInKeywords$verifyTextPresent$14.call(Unknown Source)
	at TC-KF-013.run(TC-KF-013:54)
	at com.kms.katalon.core.main.ScriptEngine.run(ScriptEngine.java:194)
	at com.kms.katalon.core.main.ScriptEngine.runScriptAsRawText(ScriptEngine.java:119)
	at com.kms.katalon.core.main.TestCaseExecutor.runScript(TestCaseExecutor.java:448)
	at com.kms.katalon.core.main.TestCaseExecutor.doExecute(TestCaseExecutor.java:439)
	at com.kms.katalon.core.main.TestCaseExecutor.processExecutionPhase(TestCaseExecutor.java:418)
	at com.kms.katalon.core.main.TestCaseExecutor.accessMainPhase(TestCaseExecutor.java:410)
	at com.kms.katalon.core.main.TestCaseExecutor.execute(TestCaseExecutor.java:285)
	at com.kms.katalon.core.common.CommonExecutor.accessTestCaseMainPhase(CommonExecutor.java:65)
	at com.kms.katalon.core.main.TestSuiteExecutor.accessTestSuiteMainPhase(TestSuiteExecutor.java:148)
	at com.kms.katalon.core.main.TestSuiteExecutor.execute(TestSuiteExecutor.java:106)
	at com.kms.katalon.core.main.TestCaseMain.startTestSuite(TestCaseMain.java:187)
	at com.kms.katalon.core.main.TestCaseMain$startTestSuite$0.call(Unknown Source)
	at TempTestSuite1696569176253.run(TempTestSuite1696569176253.groovy:36)
Caused by: com.kms.katalon.core.exception.StepFailedException: Text 'Please upload an valid file!' is not present on page 
	at com.kms.katalon.core.webui.keyword.internal.WebUIKeywordMain.stepFailed(WebUIKeywordMain.groovy:64)
	at com.kms.katalon.core.webui.keyword.builtin.VerifyTextPresentKeyword$_verifyTextPresent_closure1.doCall(VerifyTextPresentKeyword.groovy:79)
	at com.kms.katalon.core.webui.keyword.builtin.VerifyTextPresentKeyword$_verifyTextPresent_closure1.call(VerifyTextPresentKeyword.groovy)
	at com.kms.katalon.core.webui.keyword.internal.WebUIKeywordMain.runKeyword(WebUIKeywordMain.groovy:20)
	... 19 more
"/>
         <system-out><![CDATA[2023-10-06 12:39:38 - [TEST_CASE][FAILED] - Test Cases/T08 - Konfirmasi Pesanan/TC-KF-013: Test Cases/T08 - Konfirmasi Pesanan/TC-KF-013 FAILED.
Reason:
com.kms.katalon.core.exception.StepFailedException: Unable to verify text 'Please upload an valid file!' is present 
	at com.kms.katalon.core.webui.keyword.internal.WebUIKeywordMain.stepFailed(WebUIKeywordMain.groovy:64)
	at com.kms.katalon.core.webui.keyword.internal.WebUIKeywordMain.runKeyword(WebUIKeywordMain.groovy:26)
	at com.kms.katalon.core.webui.keyword.builtin.VerifyTextPresentKeyword.verifyTextPresent(VerifyTextPresentKeyword.groovy:83)
	at com.kms.katalon.core.webui.keyword.builtin.VerifyTextPresentKeyword.execute(VerifyTextPresentKeyword.groovy:68)
	at com.kms.katalon.core.keyword.internal.KeywordExecutor.executeKeywordForPlatform(KeywordExecutor.groovy:74)
	at com.kms.katalon.core.webui.keyword.WebUiBuiltInKeywords.verifyTextPresent(WebUiBuiltInKeywords.groovy:1723)
	at com.kms.katalon.core.webui.keyword.WebUiBuiltInKeywords$verifyTextPresent$14.call(Unknown Source)
	at TC-KF-013.run(TC-KF-013:54)
	at com.kms.katalon.core.main.ScriptEngine.run(ScriptEngine.java:194)
	at com.kms.katalon.core.main.ScriptEngine.runScriptAsRawText(ScriptEngine.java:119)
	at com.kms.katalon.core.main.TestCaseExecutor.runScript(TestCaseExecutor.java:448)
	at com.kms.katalon.core.main.TestCaseExecutor.doExecute(TestCaseExecutor.java:439)
	at com.kms.katalon.core.main.TestCaseExecutor.processExecutionPhase(TestCaseExecutor.java:418)
	at com.kms.katalon.core.main.TestCaseExecutor.accessMainPhase(TestCaseExecutor.java:410)
	at com.kms.katalon.core.main.TestCaseExecutor.execute(TestCaseExecutor.java:285)
	at com.kms.katalon.core.common.CommonExecutor.accessTestCaseMainPhase(CommonExecutor.java:65)
	at com.kms.katalon.core.main.TestSuiteExecutor.accessTestSuiteMainPhase(TestSuiteExecutor.java:148)
	at com.kms.katalon.core.main.TestSuiteExecutor.execute(TestSuiteExecutor.java:106)
	at com.kms.katalon.core.main.TestCaseMain.startTestSuite(TestCaseMain.java:187)
	at com.kms.katalon.core.main.TestCaseMain$startTestSuite$0.call(Unknown Source)
	at TempTestSuite1696569176253.run(TempTestSuite1696569176253.groovy:36)
Caused by: com.kms.katalon.core.exception.StepFailedException: Text 'Please upload an valid file!' is not present on page 
	at com.kms.katalon.core.webui.keyword.internal.WebUIKeywordMain.stepFailed(WebUIKeywordMain.groovy:64)
	at com.kms.katalon.core.webui.keyword.builtin.VerifyTextPresentKeyword$_verifyTextPresent_closure1.doCall(VerifyTextPresentKeyword.groovy:79)
	at com.kms.katalon.core.webui.keyword.builtin.VerifyTextPresentKeyword$_verifyTextPresent_closure1.call(VerifyTextPresentKeyword.groovy)
	at com.kms.katalon.core.webui.keyword.internal.WebUIKeywordMain.runKeyword(WebUIKeywordMain.groovy:20)
	... 19 more


2023-10-06 12:39:38 - [TEST_STEP][PASSED] - data = callTestCase(findTestCase("T08 - Konfirmasi Pesanan/TC-OS-001"), ["Roda":"2", "MetodePembayaran":"transfer"], STOP_ON_FAILURE): Call Test Case 'Test Cases/T08 - Konfirmasi Pesanan/TC-OS-001' successfully

2023-10-06 12:39:38 - [TEST_CASE][PASSED] - Test Cases/T08 - Konfirmasi Pesanan/TC-OS-001: Test Cases/T08 - Konfirmasi Pesanan/TC-OS-001

2023-10-06 12:39:38 - [TEST_STEP][PASSED] - callTestCase(findTestCase("T08 - Konfirmasi Pesanan/TC-LS-001"), [:], STOP_ON_FAILURE): Call Test Case 'Test Cases/T08 - Konfirmasi Pesanan/TC-LS-001' successfully

2023-10-06 12:39:39 - [TEST_CASE][PASSED] - Test Cases/T08 - Konfirmasi Pesanan/TC-LS-001: Test Cases/T08 - Konfirmasi Pesanan/TC-LS-001

2023-10-06 12:39:39 - [TEST_STEP][PASSED] - openBrowser(urlWeb): Browser is opened with url: 'https://10.9.2.63/ecommerce/'

2023-10-06 12:39:39 - [MESSAGE][WARNING] - A browser is already opened. Closing browser and opening a new one

2023-10-06 12:39:40 - [MESSAGE][INFO] - Starting 'Firefox' driver

2023-10-06 12:39:40 - [MESSAGE][INFO] - User set preference: ['args', '[window-size=1500,1000, ignore-certificate-errors, UnexpectedAlertBehaviour=ignore]']

2023-10-06 12:39:40 - [MESSAGE][INFO] - Action delay is set to 0 milliseconds

2023-10-06 12:39:50 - [MESSAGE][PASSED] - Browser is opened with url: 'https://10.9.2.63/ecommerce/'

2023-10-06 12:39:50 - [TEST_STEP][PASSED] - maximizeWindow(): Current window maximized

2023-10-06 12:39:50 - [MESSAGE][PASSED] - Current window maximized

2023-10-06 12:39:50 - [TEST_STEP][PASSED] - click(findTestObject("Login/a_Login")): Object: 'Object Repository/Login/a_Login' is clicked on

2023-10-06 12:39:51 - [MESSAGE][PASSED] - Object: 'Object Repository/Login/a_Login' is clicked on

2023-10-06 12:39:51 - [TEST_STEP][PASSED] - setText(findTestObject("Login/input_Username, Email atau No. Handphone_a"), "runa36"): Text 'runa36' is set on object 'Object Repository/Login/input_Username, Email atau No. Handphone_a'

2023-10-06 12:39:52 - [MESSAGE][PASSED] - Text 'runa36' is set on object 'Object Repository/Login/input_Username, Email atau No. Handphone_a'

2023-10-06 12:39:52 - [TEST_STEP][PASSED] - setEncryptedText(findTestObject("Login/input_Password di Login(Masuk)"), "qbkrdMwyWE4="): Text ****** has been set on object 'Object Repository/Login/input_Password di Login(Masuk)'

2023-10-06 12:39:53 - [MESSAGE][PASSED] - Text ****** has been set on object 'Object Repository/Login/input_Password di Login(Masuk)'

2023-10-06 12:39:53 - [TEST_STEP][PASSED] - click(findTestObject("Login/button_Masuk di halaman login")): Object: 'Object Repository/Login/button_Masuk di halaman login' is clicked on

2023-10-06 12:39:55 - [MESSAGE][PASSED] - Object: 'Object Repository/Login/button_Masuk di halaman login' is clicked on

2023-10-06 12:39:55 - [TEST_STEP][PASSED] - verifyElementPresent(findTestObject("Pendaftaran/verifikasi MASUK di halaman Login"), 0): Object 'Object Repository/Pendaftaran/verifikasi MASUK di halaman Login' is present

2023-10-06 12:39:55 - [MESSAGE][WARNING] - Timeout '0' is invalid. Using default page load timeout: '30'

2023-10-06 12:39:56 - [MESSAGE][PASSED] - Object 'Object Repository/Pendaftaran/verifikasi MASUK di halaman Login' is present

2023-10-06 12:39:56 - [MESSAGE][PASSED] - Call Test Case 'Test Cases/T08 - Konfirmasi Pesanan/TC-LS-001' successfully

2023-10-06 12:39:56 - [TEST_STEP][PASSED] - setText(findTestObject("chekout/input aku mau belanja"), "acer"): Text 'acer' is set on object 'Object Repository/chekout/input aku mau belanja'

2023-10-06 12:39:57 - [MESSAGE][PASSED] - Text 'acer' is set on object 'Object Repository/chekout/input aku mau belanja'

2023-10-06 12:39:57 - [TEST_STEP][PASSED] - click(findTestObject("chekout/button_Cari di halaman tajalapak")): Object: 'Object Repository/chekout/button_Cari di halaman tajalapak' is clicked on

2023-10-06 12:39:59 - [MESSAGE][PASSED] - Object: 'Object Repository/chekout/button_Cari di halaman tajalapak' is clicked on

2023-10-06 12:39:59 - [TEST_STEP][PASSED] - click(findTestObject("chekout/NEW read more acer")): Object: 'Object Repository/chekout/NEW read more acer' is clicked on

2023-10-06 12:40:01 - [MESSAGE][PASSED] - Object: 'Object Repository/chekout/NEW read more acer' is clicked on

2023-10-06 12:40:01 - [TEST_STEP][PASSED] - click(findTestObject("chekout/button_Beli Sekarang di detail produk")): Object: 'Object Repository/chekout/button_Beli Sekarang di detail produk' is clicked on

2023-10-06 12:40:03 - [MESSAGE][PASSED] - Object: 'Object Repository/chekout/button_Beli Sekarang di detail produk' is clicked on

2023-10-06 12:40:03 - [TEST_STEP][PASSED] - verifyElementPresent(findTestObject("chekout/halaman keranjang belanja"), 0): Object 'Object Repository/chekout/halaman keranjang belanja' is present

2023-10-06 12:40:03 - [MESSAGE][WARNING] - Timeout '0' is invalid. Using default page load timeout: '30'

2023-10-06 12:40:04 - [MESSAGE][PASSED] - Object 'Object Repository/chekout/halaman keranjang belanja' is present

2023-10-06 12:40:04 - [TEST_STEP][PASSED] - click(findTestObject("chekout/button_Lanjut ke Pembayaran")): Object: 'Object Repository/chekout/button_Lanjut ke Pembayaran' is clicked on

2023-10-06 12:40:06 - [MESSAGE][PASSED] - Object: 'Object Repository/chekout/button_Lanjut ke Pembayaran' is clicked on

2023-10-06 12:40:06 - [TEST_STEP][PASSED] - selectOptionByValue(findTestObject("Object Repository/chekout/select_- Kirim via Kurir Lokal -Roda 2Roda 4"), Roda, false): All options with value '2' are selected in object 'Object Repository/chekout/select_- Kirim via Kurir Lokal -Roda 2Roda 4' 

2023-10-06 12:40:08 - [MESSAGE][PASSED] - All options with value '2' are selected in object 'Object Repository/chekout/select_- Kirim via Kurir Lokal -Roda 2Roda 4' 

2023-10-06 12:40:08 - [TEST_STEP][PASSED] - click(findTestObject("chekout/jenis kendaraan")): Object: 'Object Repository/chekout/jenis kendaraan' is clicked on

2023-10-06 12:40:09 - [MESSAGE][PASSED] - Object: 'Object Repository/chekout/jenis kendaraan' is clicked on

2023-10-06 12:40:09 - [TEST_STEP][PASSED] - if (toString().equalsIgnoreCase("transfer")): Object 'Object Repository/chekout/input metode tf bank' is checked

2023-10-06 12:40:09 - [TEST_STEP][PASSED] - check(findTestObject("chekout/input metode tf bank")): Object 'Object Repository/chekout/input metode tf bank' is checked

2023-10-06 12:40:09 - [MESSAGE][PASSED] - Object 'Object Repository/chekout/input metode tf bank' is checked

2023-10-06 12:40:09 - [TEST_STEP][PASSED] - click(findTestObject("chekout/button_Proses Pembayaran")): Object: 'Object Repository/chekout/button_Proses Pembayaran' is clicked on

2023-10-06 12:40:15 - [MESSAGE][PASSED] - Object: 'Object Repository/chekout/button_Proses Pembayaran' is clicked on

2023-10-06 12:40:15 - [TEST_STEP][PASSED] - noPesanan = getText(findTestObject("Object Repository/chekout/nomor invoice dari halaman menunggu pembayaran")): Text of object 'Object Repository/chekout/nomor invoice dari halaman menunggu pembayaran' is: 'TRX91.20231006124010'

2023-10-06 12:40:17 - [MESSAGE][PASSED] - Text of object 'Object Repository/chekout/nomor invoice dari halaman menunggu pembayaran' is: 'TRX91.20231006124010'

2023-10-06 12:40:17 - [TEST_STEP][PASSED] - println(noPesanan): null

2023-10-06 12:40:17 - [TEST_STEP][PASSED] - pengirim = getText(findTestObject("Object Repository/chekout/dikirim kepada sama dengan pengirim di tf di konfirmaasi bayar")): Text of object 'Object Repository/chekout/dikirim kepada sama dengan pengirim di tf di konfirmaasi bayar' is: 'runarun'

2023-10-06 12:40:18 - [MESSAGE][PASSED] - Text of object 'Object Repository/chekout/dikirim kepada sama dengan pengirim di tf di konfirmaasi bayar' is: 'runarun'

2023-10-06 12:40:18 - [TEST_STEP][PASSED] - totalharga = getText(findTestObject("Object Repository/chekout/total harga bayar")): Text of object 'Object Repository/chekout/total harga bayar' is: '16,756'

2023-10-06 12:40:18 - [MESSAGE][PASSED] - Text of object 'Object Repository/chekout/total harga bayar' is: '16,756'

2023-10-06 12:40:18 - [TEST_STEP][PASSED] - ongkir = getText(findTestObject("co saldo akun/new ongkir tf")): Text of object 'Object Repository/co saldo akun/new ongkir tf' is: 'Rp 13,000'

2023-10-06 12:40:19 - [MESSAGE][PASSED] - Text of object 'Object Repository/co saldo akun/new ongkir tf' is: 'Rp 13,000'

2023-10-06 12:40:19 - [TEST_STEP][PASSED] - ongkirr = replace(",", "").trim(): null

2023-10-06 12:40:19 - [TEST_STEP][PASSED] - ongkir1 = Integer.parseInt(ongkirr): null

2023-10-06 12:40:19 - [TEST_STEP][PASSED] - println(ongkir1): null

2023-10-06 12:40:19 - [TEST_STEP][PASSED] - biayaAdmin = getText(findTestObject("co saldo akun/new fee admin tf")): Text of object 'Object Repository/co saldo akun/new fee admin tf' is: 'Rp 1,500'

2023-10-06 12:40:20 - [MESSAGE][PASSED] - Text of object 'Object Repository/co saldo akun/new fee admin tf' is: 'Rp 1,500'

2023-10-06 12:40:20 - [TEST_STEP][PASSED] - bAdmin = replace(",", "").trim(): null

2023-10-06 12:40:20 - [TEST_STEP][PASSED] - Integer.parseInt(bAdmin): null

2023-10-06 12:40:20 - [TEST_STEP][PASSED] - Admin = Double.parseDouble(bAdmin): null

2023-10-06 12:40:20 - [TEST_STEP][PASSED] - println(Admin): null

2023-10-06 12:40:20 - [TEST_STEP][PASSED] - subtotal = getText(findTestObject("co saldo akun/new subtotal tf")): Text of object 'Object Repository/co saldo akun/new subtotal tf' is: 'Rp 2,246'

2023-10-06 12:40:20 - [MESSAGE][PASSED] - Text of object 'Object Repository/co saldo akun/new subtotal tf' is: 'Rp 2,246'

2023-10-06 12:40:20 - [TEST_STEP][PASSED] - subtotall = replace(",", "").trim(): null

2023-10-06 12:40:20 - [TEST_STEP][PASSED] - Integer.parseInt(subtotall): null

2023-10-06 12:40:20 - [TEST_STEP][PASSED] - sub = Double.parseDouble(subtotall): null

2023-10-06 12:40:20 - [TEST_STEP][PASSED] - println(sub): null

2023-10-06 12:40:20 - [TEST_STEP][PASSED] - kode = getText(findTestObject("co saldo akun/new kode unik tf")): Text of object 'Object Repository/co saldo akun/new kode unik tf' is: '+010'

2023-10-06 12:40:21 - [MESSAGE][PASSED] - Text of object 'Object Repository/co saldo akun/new kode unik tf' is: '+010'

2023-10-06 12:40:21 - [TEST_STEP][PASSED] - kodee = replace("+", "").trim(): null

2023-10-06 12:40:21 - [TEST_STEP][PASSED] - Integer.parseInt(kodee): null

2023-10-06 12:40:21 - [TEST_STEP][PASSED] - code = Double.parseDouble(kodee): null

2023-10-06 12:40:21 - [TEST_STEP][PASSED] - tOng = ongkir1 + sub: null

2023-10-06 12:40:21 - [TEST_STEP][PASSED] - println(tOng): null

2023-10-06 12:40:21 - [TEST_STEP][PASSED] - totalBayar = tOng + Admin + code: null

2023-10-06 12:40:21 - [TEST_STEP][PASSED] - println(totalBayar): null

2023-10-06 12:40:21 - [TEST_STEP][PASSED] - totalBayar1 = totalBayar: null

2023-10-06 12:40:21 - [TEST_STEP][PASSED] - println(totalBayar1): null

2023-10-06 12:40:21 - [TEST_STEP][PASSED] - total = getText(findTestObject("co saldo akun/new total harga tf")): Text of object 'Object Repository/co saldo akun/new total harga tf' is: '16,756'

2023-10-06 12:40:22 - [MESSAGE][PASSED] - Text of object 'Object Repository/co saldo akun/new total harga tf' is: '16,756'

2023-10-06 12:40:22 - [TEST_STEP][PASSED] - total1 = replace(",", "").trim(): null

2023-10-06 12:40:22 - [TEST_STEP][PASSED] - total2 = Integer.parseInt(total1): null

2023-10-06 12:40:22 - [TEST_STEP][PASSED] - println(total2): null

2023-10-06 12:40:22 - [TEST_STEP][PASSED] - assert totalBayar1 == total2: null

2023-10-06 12:40:22 - [TEST_STEP][PASSED] - data = new java.util.HashMap(): null

2023-10-06 12:40:22 - [TEST_STEP][PASSED] - data.put("invoice", noPesanan): null

2023-10-06 12:40:22 - [TEST_STEP][PASSED] - data.put("namaPengirim", pengirim): null

2023-10-06 12:40:22 - [TEST_STEP][PASSED] - data.put("totalBayar", totalharga): null

2023-10-06 12:40:22 - [TEST_STEP][PASSED] - data.put("totalOngkir", tOng): null

2023-10-06 12:40:22 - [TEST_STEP][PASSED] - return data: null

2023-10-06 12:40:22 - [MESSAGE][PASSED] - Call Test Case 'Test Cases/T08 - Konfirmasi Pesanan/TC-OS-001' successfully

2023-10-06 12:40:22 - [TEST_STEP][PASSED] - noInvoice = data.get("invoice"): null

2023-10-06 12:40:22 - [TEST_STEP][PASSED] - nmPengirim = data.get("namaPengirim"): null

2023-10-06 12:40:22 - [TEST_STEP][PASSED] - ttlBayar = data.get("totalBayar"): null

2023-10-06 12:40:22 - [TEST_STEP][PASSED] - click(findTestObject("konfirmasi pesanan/a_Akun 0")): Object: 'Object Repository/konfirmasi pesanan/a_Akun 0' is clicked on

2023-10-06 12:40:22 - [MESSAGE][PASSED] - Object: 'Object Repository/konfirmasi pesanan/a_Akun 0' is clicked on

2023-10-06 12:40:22 - [TEST_STEP][PASSED] - click(findTestObject("konfirmasi order konsumen/pembelian dari akun")): Object: 'Object Repository/konfirmasi order konsumen/pembelian dari akun' is clicked on

2023-10-06 12:40:24 - [MESSAGE][PASSED] - Object: 'Object Repository/konfirmasi order konsumen/pembelian dari akun' is clicked on

2023-10-06 12:40:24 - [TEST_STEP][PASSED] - click(findTestObject("konfirmasi pesanan/new konfirmasi bayar")): Object: 'Object Repository/konfirmasi pesanan/new konfirmasi bayar' is clicked on

2023-10-06 12:40:26 - [MESSAGE][PASSED] - Object: 'Object Repository/konfirmasi pesanan/new konfirmasi bayar' is clicked on

2023-10-06 12:40:26 - [TEST_STEP][PASSED] - verifyElementPresent(findTestObject("konfirmasi pesanan/verifikasi user masuk halaman konfirmasi bayar dari akun profil"), 0): Object 'Object Repository/konfirmasi pesanan/verifikasi user masuk halaman konfirmasi bayar dari akun profil' is present

2023-10-06 12:40:26 - [MESSAGE][WARNING] - Timeout '0' is invalid. Using default page load timeout: '30'

2023-10-06 12:40:27 - [MESSAGE][PASSED] - Object 'Object Repository/konfirmasi pesanan/verifikasi user masuk halaman konfirmasi bayar dari akun profil' is present

2023-10-06 12:40:27 - [TEST_STEP][PASSED] - clearText(findTestObject("konfirmasi pesanan/input_Total TagihanTransfer_b")): Text of object 'Object Repository/konfirmasi pesanan/input_Total TagihanTransfer_b' is cleared

2023-10-06 12:40:27 - [MESSAGE][PASSED] - Text of object 'Object Repository/konfirmasi pesanan/input_Total TagihanTransfer_b' is cleared

2023-10-06 12:40:27 - [TEST_STEP][PASSED] - setText(findTestObject("konfirmasi pesanan/input_Total TagihanTransfer_b"), ttlBayar): Text '16,756' is set on object 'Object Repository/konfirmasi pesanan/input_Total TagihanTransfer_b'

2023-10-06 12:40:28 - [MESSAGE][PASSED] - Text '16,756' is set on object 'Object Repository/konfirmasi pesanan/input_Total TagihanTransfer_b'

2023-10-06 12:40:28 - [TEST_STEP][PASSED] - selectOptionByValue(findTestObject("konfirmasi pesanan/select dropdown trasfer"), transfer, false): All options with value '1' are selected in object 'Object Repository/konfirmasi pesanan/select dropdown trasfer' 

2023-10-06 12:40:29 - [MESSAGE][PASSED] - All options with value '1' are selected in object 'Object Repository/konfirmasi pesanan/select dropdown trasfer' 

2023-10-06 12:40:29 - [TEST_STEP][PASSED] - uploadFile(findTestObject("konfirmasi pesanan/input_Upload Bukti Transfer_f"), "F:\bootcamp\Miniproject\Transfer.rar"): File 'F:\bootcamp\Miniproject\Transfer.rar' sent to object: 'Object Repository/konfirmasi pesanan/input_Upload Bukti Transfer_f'

2023-10-06 12:40:30 - [MESSAGE][PASSED] - File 'F:\bootcamp\Miniproject\Transfer.rar' sent to object: 'Object Repository/konfirmasi pesanan/input_Upload Bukti Transfer_f'

2023-10-06 12:40:30 - [TEST_STEP][PASSED] - name = getAttribute(findTestObject("Object Repository/konfirmasi pesanan/input_Nama Pengirim_d"), "value"): Attribute 'value' of object 'Object Repository/konfirmasi pesanan/input_Nama Pengirim_d' is: 'runarun'

2023-10-06 12:40:30 - [MESSAGE][PASSED] - Attribute 'value' of object 'Object Repository/konfirmasi pesanan/input_Nama Pengirim_d' is: 'runarun'

2023-10-06 12:40:30 - [TEST_STEP][PASSED] - assert name == nmPengirim: null

2023-10-06 12:40:30 - [TEST_STEP][PASSED] - assert trim().equalsIgnoreCase(nama.trim()): null

2023-10-06 12:40:30 - [TEST_STEP][PASSED] - click(findTestObject("konfirmasi pesanan/button_Konfirmasi Pembayaran")): Object: 'Object Repository/konfirmasi pesanan/button_Konfirmasi Pembayaran' is clicked on

2023-10-06 12:40:31 - [MESSAGE][PASSED] - Object: 'Object Repository/konfirmasi pesanan/button_Konfirmasi Pembayaran' is clicked on

2023-10-06 12:40:31 - [TEST_STEP][FAILED] - verifyTextPresent("Please upload an valid file!", false): Unable to verify text 'Please upload an valid file!' is present  (Root cause: com.kms.katalon.core.exception.StepFailedException: Unable to verify text 'Please upload an valid file!' is present 
	at com.kms.katalon.core.webui.keyword.internal.WebUIKeywordMain.stepFailed(WebUIKeywordMain.groovy:64)
	at com.kms.katalon.core.webui.keyword.internal.WebUIKeywordMain.runKeyword(WebUIKeywordMain.groovy:26)
	at com.kms.katalon.core.webui.keyword.builtin.VerifyTextPresentKeyword.verifyTextPresent(VerifyTextPresentKeyword.groovy:83)
	at com.kms.katalon.core.webui.keyword.builtin.VerifyTextPresentKeyword.execute(VerifyTextPresentKeyword.groovy:68)
	at com.kms.katalon.core.keyword.internal.KeywordExecutor.executeKeywordForPlatform(KeywordExecutor.groovy:74)
	at com.kms.katalon.core.webui.keyword.WebUiBuiltInKeywords.verifyTextPresent(WebUiBuiltInKeywords.groovy:1723)
	at com.kms.katalon.core.webui.keyword.WebUiBuiltInKeywords$verifyTextPresent$14.call(Unknown Source)
	at TC-KF-013.run(TC-KF-013:54)
	at com.kms.katalon.core.main.ScriptEngine.run(ScriptEngine.java:194)
	at com.kms.katalon.core.main.ScriptEngine.runScriptAsRawText(ScriptEngine.java:119)
	at com.kms.katalon.core.main.TestCaseExecutor.runScript(TestCaseExecutor.java:448)
	at com.kms.katalon.core.main.TestCaseExecutor.doExecute(TestCaseExecutor.java:439)
	at com.kms.katalon.core.main.TestCaseExecutor.processExecutionPhase(TestCaseExecutor.java:418)
	at com.kms.katalon.core.main.TestCaseExecutor.accessMainPhase(TestCaseExecutor.java:410)
	at com.kms.katalon.core.main.TestCaseExecutor.execute(TestCaseExecutor.java:285)
	at com.kms.katalon.core.common.CommonExecutor.accessTestCaseMainPhase(CommonExecutor.java:65)
	at com.kms.katalon.core.main.TestSuiteExecutor.accessTestSuiteMainPhase(TestSuiteExecutor.java:148)
	at com.kms.katalon.core.main.TestSuiteExecutor.execute(TestSuiteExecutor.java:106)
	at com.kms.katalon.core.main.TestCaseMain.startTestSuite(TestCaseMain.java:187)
	at com.kms.katalon.core.main.TestCaseMain$startTestSuite$0.call(Unknown Source)
	at TempTestSuite1696569176253.run(TempTestSuite1696569176253.groovy:36)
Caused by: com.kms.katalon.core.exception.StepFailedException: Text 'Please upload an valid file!' is not present on page 
	at com.kms.katalon.core.webui.keyword.internal.WebUIKeywordMain.stepFailed(WebUIKeywordMain.groovy:64)
	at com.kms.katalon.core.webui.keyword.builtin.VerifyTextPresentKeyword$_verifyTextPresent_closure1.doCall(VerifyTextPresentKeyword.groovy:79)
	at com.kms.katalon.core.webui.keyword.builtin.VerifyTextPresentKeyword$_verifyTextPresent_closure1.call(VerifyTextPresentKeyword.groovy)
	at com.kms.katalon.core.webui.keyword.internal.WebUIKeywordMain.runKeyword(WebUIKeywordMain.groovy:20)
	... 19 more
)

2023-10-06 12:40:33 - [MESSAGE][FAILED] - Text 'Please upload an valid file!' is not present on page  (Root cause: com.kms.katalon.core.exception.StepFailedException: Text 'Please upload an valid file!' is not present on page 
	at com.kms.katalon.core.webui.keyword.internal.WebUIKeywordMain.stepFailed(WebUIKeywordMain.groovy:64)
	at com.kms.katalon.core.webui.keyword.builtin.VerifyTextPresentKeyword$_verifyTextPresent_closure1.doCall(VerifyTextPresentKeyword.groovy:79)
	at com.kms.katalon.core.webui.keyword.builtin.VerifyTextPresentKeyword$_verifyTextPresent_closure1.call(VerifyTextPresentKeyword.groovy)
	at com.kms.katalon.core.webui.keyword.internal.WebUIKeywordMain.runKeyword(WebUIKeywordMain.groovy:20)
	at com.kms.katalon.core.webui.keyword.builtin.VerifyTextPresentKeyword.verifyTextPresent(VerifyTextPresentKeyword.groovy:83)
	at com.kms.katalon.core.webui.keyword.builtin.VerifyTextPresentKeyword.execute(VerifyTextPresentKeyword.groovy:68)
	at com.kms.katalon.core.keyword.internal.KeywordExecutor.executeKeywordForPlatform(KeywordExecutor.groovy:74)
	at com.kms.katalon.core.webui.keyword.WebUiBuiltInKeywords.verifyTextPresent(WebUiBuiltInKeywords.groovy:1723)
	at com.kms.katalon.core.webui.keyword.WebUiBuiltInKeywords$verifyTextPresent$14.call(Unknown Source)
	at TC-KF-013.run(TC-KF-013:54)
	at com.kms.katalon.core.main.ScriptEngine.run(ScriptEngine.java:194)
	at com.kms.katalon.core.main.ScriptEngine.runScriptAsRawText(ScriptEngine.java:119)
	at com.kms.katalon.core.main.TestCaseExecutor.runScript(TestCaseExecutor.java:448)
	at com.kms.katalon.core.main.TestCaseExecutor.doExecute(TestCaseExecutor.java:439)
	at com.kms.katalon.core.main.TestCaseExecutor.processExecutionPhase(TestCaseExecutor.java:418)
	at com.kms.katalon.core.main.TestCaseExecutor.accessMainPhase(TestCaseExecutor.java:410)
	at com.kms.katalon.core.main.TestCaseExecutor.execute(TestCaseExecutor.java:285)
	at com.kms.katalon.core.common.CommonExecutor.accessTestCaseMainPhase(CommonExecutor.java:65)
	at com.kms.katalon.core.main.TestSuiteExecutor.accessTestSuiteMainPhase(TestSuiteExecutor.java:148)
	at com.kms.katalon.core.main.TestSuiteExecutor.execute(TestSuiteExecutor.java:106)
	at com.kms.katalon.core.main.TestCaseMain.startTestSuite(TestCaseMain.java:187)
	at com.kms.katalon.core.main.TestCaseMain$startTestSuite$0.call(Unknown Source)
	at TempTestSuite1696569176253.run(TempTestSuite1696569176253.groovy:36)
)

2023-10-06 12:40:34 - [MESSAGE][FAILED] - Unable to verify text 'Please upload an valid file!' is present  (Root cause: com.kms.katalon.core.exception.StepFailedException: Unable to verify text 'Please upload an valid file!' is present 
	at com.kms.katalon.core.webui.keyword.internal.WebUIKeywordMain.stepFailed(WebUIKeywordMain.groovy:64)
	at com.kms.katalon.core.webui.keyword.internal.WebUIKeywordMain.runKeyword(WebUIKeywordMain.groovy:26)
	at com.kms.katalon.core.webui.keyword.builtin.VerifyTextPresentKeyword.verifyTextPresent(VerifyTextPresentKeyword.groovy:83)
	at com.kms.katalon.core.webui.keyword.builtin.VerifyTextPresentKeyword.execute(VerifyTextPresentKeyword.groovy:68)
	at com.kms.katalon.core.keyword.internal.KeywordExecutor.executeKeywordForPlatform(KeywordExecutor.groovy:74)
	at com.kms.katalon.core.webui.keyword.WebUiBuiltInKeywords.verifyTextPresent(WebUiBuiltInKeywords.groovy:1723)
	at com.kms.katalon.core.webui.keyword.WebUiBuiltInKeywords$verifyTextPresent$14.call(Unknown Source)
	at TC-KF-013.run(TC-KF-013:54)
	at com.kms.katalon.core.main.ScriptEngine.run(ScriptEngine.java:194)
	at com.kms.katalon.core.main.ScriptEngine.runScriptAsRawText(ScriptEngine.java:119)
	at com.kms.katalon.core.main.TestCaseExecutor.runScript(TestCaseExecutor.java:448)
	at com.kms.katalon.core.main.TestCaseExecutor.doExecute(TestCaseExecutor.java:439)
	at com.kms.katalon.core.main.TestCaseExecutor.processExecutionPhase(TestCaseExecutor.java:418)
	at com.kms.katalon.core.main.TestCaseExecutor.accessMainPhase(TestCaseExecutor.java:410)
	at com.kms.katalon.core.main.TestCaseExecutor.execute(TestCaseExecutor.java:285)
	at com.kms.katalon.core.common.CommonExecutor.accessTestCaseMainPhase(CommonExecutor.java:65)
	at com.kms.katalon.core.main.TestSuiteExecutor.accessTestSuiteMainPhase(TestSuiteExecutor.java:148)
	at com.kms.katalon.core.main.TestSuiteExecutor.execute(TestSuiteExecutor.java:106)
	at com.kms.katalon.core.main.TestCaseMain.startTestSuite(TestCaseMain.java:187)
	at com.kms.katalon.core.main.TestCaseMain$startTestSuite$0.call(Unknown Source)
	at TempTestSuite1696569176253.run(TempTestSuite1696569176253.groovy:36)
Caused by: com.kms.katalon.core.exception.StepFailedException: Text 'Please upload an valid file!' is not present on page 
	at com.kms.katalon.core.webui.keyword.internal.WebUIKeywordMain.stepFailed(WebUIKeywordMain.groovy:64)
	at com.kms.katalon.core.webui.keyword.builtin.VerifyTextPresentKeyword$_verifyTextPresent_closure1.doCall(VerifyTextPresentKeyword.groovy:79)
	at com.kms.katalon.core.webui.keyword.builtin.VerifyTextPresentKeyword$_verifyTextPresent_closure1.call(VerifyTextPresentKeyword.groovy)
	at com.kms.katalon.core.webui.keyword.internal.WebUIKeywordMain.runKeyword(WebUIKeywordMain.groovy:20)
	... 19 more
)
[[ATTACHMENT|F:\\bootcamp\\Miniproject\\Tajalapak\\Reports\\20231006_121256\\T08 - Konfirmasi Pesanan\\20231006_121256\\1696570833397.png]]]]></system-out>
         <system-err><![CDATA[2023-10-06 12:39:38 - [TEST_CASE][FAILED] - Test Cases/T08 - Konfirmasi Pesanan/TC-KF-013: Test Cases/T08 - Konfirmasi Pesanan/TC-KF-013 FAILED.
Reason:
com.kms.katalon.core.exception.StepFailedException: Unable to verify text 'Please upload an valid file!' is present 
	at com.kms.katalon.core.webui.keyword.internal.WebUIKeywordMain.stepFailed(WebUIKeywordMain.groovy:64)
	at com.kms.katalon.core.webui.keyword.internal.WebUIKeywordMain.runKeyword(WebUIKeywordMain.groovy:26)
	at com.kms.katalon.core.webui.keyword.builtin.VerifyTextPresentKeyword.verifyTextPresent(VerifyTextPresentKeyword.groovy:83)
	at com.kms.katalon.core.webui.keyword.builtin.VerifyTextPresentKeyword.execute(VerifyTextPresentKeyword.groovy:68)
	at com.kms.katalon.core.keyword.internal.KeywordExecutor.executeKeywordForPlatform(KeywordExecutor.groovy:74)
	at com.kms.katalon.core.webui.keyword.WebUiBuiltInKeywords.verifyTextPresent(WebUiBuiltInKeywords.groovy:1723)
	at com.kms.katalon.core.webui.keyword.WebUiBuiltInKeywords$verifyTextPresent$14.call(Unknown Source)
	at TC-KF-013.run(TC-KF-013:54)
	at com.kms.katalon.core.main.ScriptEngine.run(ScriptEngine.java:194)
	at com.kms.katalon.core.main.ScriptEngine.runScriptAsRawText(ScriptEngine.java:119)
	at com.kms.katalon.core.main.TestCaseExecutor.runScript(TestCaseExecutor.java:448)
	at com.kms.katalon.core.main.TestCaseExecutor.doExecute(TestCaseExecutor.java:439)
	at com.kms.katalon.core.main.TestCaseExecutor.processExecutionPhase(TestCaseExecutor.java:418)
	at com.kms.katalon.core.main.TestCaseExecutor.accessMainPhase(TestCaseExecutor.java:410)
	at com.kms.katalon.core.main.TestCaseExecutor.execute(TestCaseExecutor.java:285)
	at com.kms.katalon.core.common.CommonExecutor.accessTestCaseMainPhase(CommonExecutor.java:65)
	at com.kms.katalon.core.main.TestSuiteExecutor.accessTestSuiteMainPhase(TestSuiteExecutor.java:148)
	at com.kms.katalon.core.main.TestSuiteExecutor.execute(TestSuiteExecutor.java:106)
	at com.kms.katalon.core.main.TestCaseMain.startTestSuite(TestCaseMain.java:187)
	at com.kms.katalon.core.main.TestCaseMain$startTestSuite$0.call(Unknown Source)
	at TempTestSuite1696569176253.run(TempTestSuite1696569176253.groovy:36)
Caused by: com.kms.katalon.core.exception.StepFailedException: Text 'Please upload an valid file!' is not present on page 
	at com.kms.katalon.core.webui.keyword.internal.WebUIKeywordMain.stepFailed(WebUIKeywordMain.groovy:64)
	at com.kms.katalon.core.webui.keyword.builtin.VerifyTextPresentKeyword$_verifyTextPresent_closure1.doCall(VerifyTextPresentKeyword.groovy:79)
	at com.kms.katalon.core.webui.keyword.builtin.VerifyTextPresentKeyword$_verifyTextPresent_closure1.call(VerifyTextPresentKeyword.groovy)
	at com.kms.katalon.core.webui.keyword.internal.WebUIKeywordMain.runKeyword(WebUIKeywordMain.groovy:20)
	... 19 more]]></system-err>
      </testcase>
      <testcase name="Test Cases/T08 - Konfirmasi Pesanan/TC-KF-014" time="59.448" classname="Test Cases/T08 - Konfirmasi Pesanan/TC-KF-014" status="FAILED">
         <failure type="FAILED" message="Test Cases/T08 - Konfirmasi Pesanan/TC-KF-014 FAILED.
Reason:
com.kms.katalon.core.exception.StepFailedException: Unable to verify text 'Please input an valid field' is present 
	at com.kms.katalon.core.webui.keyword.internal.WebUIKeywordMain.stepFailed(WebUIKeywordMain.groovy:64)
	at com.kms.katalon.core.webui.keyword.internal.WebUIKeywordMain.runKeyword(WebUIKeywordMain.groovy:26)
	at com.kms.katalon.core.webui.keyword.builtin.VerifyTextPresentKeyword.verifyTextPresent(VerifyTextPresentKeyword.groovy:83)
	at com.kms.katalon.core.webui.keyword.builtin.VerifyTextPresentKeyword.execute(VerifyTextPresentKeyword.groovy:68)
	at com.kms.katalon.core.keyword.internal.KeywordExecutor.executeKeywordForPlatform(KeywordExecutor.groovy:74)
	at com.kms.katalon.core.webui.keyword.WebUiBuiltInKeywords.verifyTextPresent(WebUiBuiltInKeywords.groovy:1723)
	at com.kms.katalon.core.webui.keyword.WebUiBuiltInKeywords$verifyTextPresent$14.call(Unknown Source)
	at TC-KF-014.run(TC-KF-014:52)
	at com.kms.katalon.core.main.ScriptEngine.run(ScriptEngine.java:194)
	at com.kms.katalon.core.main.ScriptEngine.runScriptAsRawText(ScriptEngine.java:119)
	at com.kms.katalon.core.main.TestCaseExecutor.runScript(TestCaseExecutor.java:448)
	at com.kms.katalon.core.main.TestCaseExecutor.doExecute(TestCaseExecutor.java:439)
	at com.kms.katalon.core.main.TestCaseExecutor.processExecutionPhase(TestCaseExecutor.java:418)
	at com.kms.katalon.core.main.TestCaseExecutor.accessMainPhase(TestCaseExecutor.java:410)
	at com.kms.katalon.core.main.TestCaseExecutor.execute(TestCaseExecutor.java:285)
	at com.kms.katalon.core.common.CommonExecutor.accessTestCaseMainPhase(CommonExecutor.java:65)
	at com.kms.katalon.core.main.TestSuiteExecutor.accessTestSuiteMainPhase(TestSuiteExecutor.java:148)
	at com.kms.katalon.core.main.TestSuiteExecutor.execute(TestSuiteExecutor.java:106)
	at com.kms.katalon.core.main.TestCaseMain.startTestSuite(TestCaseMain.java:187)
	at com.kms.katalon.core.main.TestCaseMain$startTestSuite$0.call(Unknown Source)
	at TempTestSuite1696569176253.run(TempTestSuite1696569176253.groovy:36)
Caused by: com.kms.katalon.core.exception.StepFailedException: Text 'Please input an valid field' is not present on page 
	at com.kms.katalon.core.webui.keyword.internal.WebUIKeywordMain.stepFailed(WebUIKeywordMain.groovy:64)
	at com.kms.katalon.core.webui.keyword.builtin.VerifyTextPresentKeyword$_verifyTextPresent_closure1.doCall(VerifyTextPresentKeyword.groovy:79)
	at com.kms.katalon.core.webui.keyword.builtin.VerifyTextPresentKeyword$_verifyTextPresent_closure1.call(VerifyTextPresentKeyword.groovy)
	at com.kms.katalon.core.webui.keyword.internal.WebUIKeywordMain.runKeyword(WebUIKeywordMain.groovy:20)
	... 19 more
"/>
         <system-out><![CDATA[2023-10-06 12:40:34 - [TEST_CASE][FAILED] - Test Cases/T08 - Konfirmasi Pesanan/TC-KF-014: Test Cases/T08 - Konfirmasi Pesanan/TC-KF-014 FAILED.
Reason:
com.kms.katalon.core.exception.StepFailedException: Unable to verify text 'Please input an valid field' is present 
	at com.kms.katalon.core.webui.keyword.internal.WebUIKeywordMain.stepFailed(WebUIKeywordMain.groovy:64)
	at com.kms.katalon.core.webui.keyword.internal.WebUIKeywordMain.runKeyword(WebUIKeywordMain.groovy:26)
	at com.kms.katalon.core.webui.keyword.builtin.VerifyTextPresentKeyword.verifyTextPresent(VerifyTextPresentKeyword.groovy:83)
	at com.kms.katalon.core.webui.keyword.builtin.VerifyTextPresentKeyword.execute(VerifyTextPresentKeyword.groovy:68)
	at com.kms.katalon.core.keyword.internal.KeywordExecutor.executeKeywordForPlatform(KeywordExecutor.groovy:74)
	at com.kms.katalon.core.webui.keyword.WebUiBuiltInKeywords.verifyTextPresent(WebUiBuiltInKeywords.groovy:1723)
	at com.kms.katalon.core.webui.keyword.WebUiBuiltInKeywords$verifyTextPresent$14.call(Unknown Source)
	at TC-KF-014.run(TC-KF-014:52)
	at com.kms.katalon.core.main.ScriptEngine.run(ScriptEngine.java:194)
	at com.kms.katalon.core.main.ScriptEngine.runScriptAsRawText(ScriptEngine.java:119)
	at com.kms.katalon.core.main.TestCaseExecutor.runScript(TestCaseExecutor.java:448)
	at com.kms.katalon.core.main.TestCaseExecutor.doExecute(TestCaseExecutor.java:439)
	at com.kms.katalon.core.main.TestCaseExecutor.processExecutionPhase(TestCaseExecutor.java:418)
	at com.kms.katalon.core.main.TestCaseExecutor.accessMainPhase(TestCaseExecutor.java:410)
	at com.kms.katalon.core.main.TestCaseExecutor.execute(TestCaseExecutor.java:285)
	at com.kms.katalon.core.common.CommonExecutor.accessTestCaseMainPhase(CommonExecutor.java:65)
	at com.kms.katalon.core.main.TestSuiteExecutor.accessTestSuiteMainPhase(TestSuiteExecutor.java:148)
	at com.kms.katalon.core.main.TestSuiteExecutor.execute(TestSuiteExecutor.java:106)
	at com.kms.katalon.core.main.TestCaseMain.startTestSuite(TestCaseMain.java:187)
	at com.kms.katalon.core.main.TestCaseMain$startTestSuite$0.call(Unknown Source)
	at TempTestSuite1696569176253.run(TempTestSuite1696569176253.groovy:36)
Caused by: com.kms.katalon.core.exception.StepFailedException: Text 'Please input an valid field' is not present on page 
	at com.kms.katalon.core.webui.keyword.internal.WebUIKeywordMain.stepFailed(WebUIKeywordMain.groovy:64)
	at com.kms.katalon.core.webui.keyword.builtin.VerifyTextPresentKeyword$_verifyTextPresent_closure1.doCall(VerifyTextPresentKeyword.groovy:79)
	at com.kms.katalon.core.webui.keyword.builtin.VerifyTextPresentKeyword$_verifyTextPresent_closure1.call(VerifyTextPresentKeyword.groovy)
	at com.kms.katalon.core.webui.keyword.internal.WebUIKeywordMain.runKeyword(WebUIKeywordMain.groovy:20)
	... 19 more


2023-10-06 12:40:35 - [TEST_STEP][PASSED] - data = callTestCase(findTestCase("T08 - Konfirmasi Pesanan/TC-OS-001"), ["Roda":"2", "MetodePembayaran":"transfer"], STOP_ON_FAILURE): Call Test Case 'Test Cases/T08 - Konfirmasi Pesanan/TC-OS-001' successfully

2023-10-06 12:40:35 - [TEST_CASE][PASSED] - Test Cases/T08 - Konfirmasi Pesanan/TC-OS-001: Test Cases/T08 - Konfirmasi Pesanan/TC-OS-001

2023-10-06 12:40:35 - [TEST_STEP][PASSED] - callTestCase(findTestCase("T08 - Konfirmasi Pesanan/TC-LS-001"), [:], STOP_ON_FAILURE): Call Test Case 'Test Cases/T08 - Konfirmasi Pesanan/TC-LS-001' successfully

2023-10-06 12:40:35 - [TEST_CASE][PASSED] - Test Cases/T08 - Konfirmasi Pesanan/TC-LS-001: Test Cases/T08 - Konfirmasi Pesanan/TC-LS-001

2023-10-06 12:40:35 - [TEST_STEP][PASSED] - openBrowser(urlWeb): Browser is opened with url: 'https://10.9.2.63/ecommerce/'

2023-10-06 12:40:35 - [MESSAGE][WARNING] - A browser is already opened. Closing browser and opening a new one

2023-10-06 12:40:40 - [MESSAGE][INFO] - Starting 'Firefox' driver

2023-10-06 12:40:40 - [MESSAGE][INFO] - User set preference: ['args', '[window-size=1500,1000, ignore-certificate-errors, UnexpectedAlertBehaviour=ignore]']

2023-10-06 12:40:40 - [MESSAGE][INFO] - Action delay is set to 0 milliseconds

2023-10-06 12:40:50 - [MESSAGE][PASSED] - Browser is opened with url: 'https://10.9.2.63/ecommerce/'

2023-10-06 12:40:50 - [TEST_STEP][PASSED] - maximizeWindow(): Current window maximized

2023-10-06 12:40:50 - [MESSAGE][PASSED] - Current window maximized

2023-10-06 12:40:50 - [TEST_STEP][PASSED] - click(findTestObject("Login/a_Login")): Object: 'Object Repository/Login/a_Login' is clicked on

2023-10-06 12:40:51 - [MESSAGE][PASSED] - Object: 'Object Repository/Login/a_Login' is clicked on

2023-10-06 12:40:51 - [TEST_STEP][PASSED] - setText(findTestObject("Login/input_Username, Email atau No. Handphone_a"), "runa36"): Text 'runa36' is set on object 'Object Repository/Login/input_Username, Email atau No. Handphone_a'

2023-10-06 12:40:52 - [MESSAGE][PASSED] - Text 'runa36' is set on object 'Object Repository/Login/input_Username, Email atau No. Handphone_a'

2023-10-06 12:40:52 - [TEST_STEP][PASSED] - setEncryptedText(findTestObject("Login/input_Password di Login(Masuk)"), "qbkrdMwyWE4="): Text ****** has been set on object 'Object Repository/Login/input_Password di Login(Masuk)'

2023-10-06 12:40:52 - [MESSAGE][PASSED] - Text ****** has been set on object 'Object Repository/Login/input_Password di Login(Masuk)'

2023-10-06 12:40:52 - [TEST_STEP][PASSED] - click(findTestObject("Login/button_Masuk di halaman login")): Object: 'Object Repository/Login/button_Masuk di halaman login' is clicked on

2023-10-06 12:40:55 - [MESSAGE][PASSED] - Object: 'Object Repository/Login/button_Masuk di halaman login' is clicked on

2023-10-06 12:40:55 - [TEST_STEP][PASSED] - verifyElementPresent(findTestObject("Pendaftaran/verifikasi MASUK di halaman Login"), 0): Object 'Object Repository/Pendaftaran/verifikasi MASUK di halaman Login' is present

2023-10-06 12:40:55 - [MESSAGE][WARNING] - Timeout '0' is invalid. Using default page load timeout: '30'

2023-10-06 12:40:56 - [MESSAGE][PASSED] - Object 'Object Repository/Pendaftaran/verifikasi MASUK di halaman Login' is present

2023-10-06 12:40:56 - [MESSAGE][PASSED] - Call Test Case 'Test Cases/T08 - Konfirmasi Pesanan/TC-LS-001' successfully

2023-10-06 12:40:56 - [TEST_STEP][PASSED] - setText(findTestObject("chekout/input aku mau belanja"), "acer"): Text 'acer' is set on object 'Object Repository/chekout/input aku mau belanja'

2023-10-06 12:40:57 - [MESSAGE][PASSED] - Text 'acer' is set on object 'Object Repository/chekout/input aku mau belanja'

2023-10-06 12:40:57 - [TEST_STEP][PASSED] - click(findTestObject("chekout/button_Cari di halaman tajalapak")): Object: 'Object Repository/chekout/button_Cari di halaman tajalapak' is clicked on

2023-10-06 12:40:58 - [MESSAGE][PASSED] - Object: 'Object Repository/chekout/button_Cari di halaman tajalapak' is clicked on

2023-10-06 12:40:58 - [TEST_STEP][PASSED] - click(findTestObject("chekout/NEW read more acer")): Object: 'Object Repository/chekout/NEW read more acer' is clicked on

2023-10-06 12:41:01 - [MESSAGE][PASSED] - Object: 'Object Repository/chekout/NEW read more acer' is clicked on

2023-10-06 12:41:01 - [TEST_STEP][PASSED] - click(findTestObject("chekout/button_Beli Sekarang di detail produk")): Object: 'Object Repository/chekout/button_Beli Sekarang di detail produk' is clicked on

2023-10-06 12:41:03 - [MESSAGE][PASSED] - Object: 'Object Repository/chekout/button_Beli Sekarang di detail produk' is clicked on

2023-10-06 12:41:03 - [TEST_STEP][PASSED] - verifyElementPresent(findTestObject("chekout/halaman keranjang belanja"), 0): Object 'Object Repository/chekout/halaman keranjang belanja' is present

2023-10-06 12:41:03 - [MESSAGE][WARNING] - Timeout '0' is invalid. Using default page load timeout: '30'

2023-10-06 12:41:04 - [MESSAGE][PASSED] - Object 'Object Repository/chekout/halaman keranjang belanja' is present

2023-10-06 12:41:04 - [TEST_STEP][PASSED] - click(findTestObject("chekout/button_Lanjut ke Pembayaran")): Object: 'Object Repository/chekout/button_Lanjut ke Pembayaran' is clicked on

2023-10-06 12:41:07 - [MESSAGE][PASSED] - Object: 'Object Repository/chekout/button_Lanjut ke Pembayaran' is clicked on

2023-10-06 12:41:07 - [TEST_STEP][PASSED] - selectOptionByValue(findTestObject("Object Repository/chekout/select_- Kirim via Kurir Lokal -Roda 2Roda 4"), Roda, false): All options with value '2' are selected in object 'Object Repository/chekout/select_- Kirim via Kurir Lokal -Roda 2Roda 4' 

2023-10-06 12:41:08 - [MESSAGE][PASSED] - All options with value '2' are selected in object 'Object Repository/chekout/select_- Kirim via Kurir Lokal -Roda 2Roda 4' 

2023-10-06 12:41:08 - [TEST_STEP][PASSED] - click(findTestObject("chekout/jenis kendaraan")): Object: 'Object Repository/chekout/jenis kendaraan' is clicked on

2023-10-06 12:41:09 - [MESSAGE][PASSED] - Object: 'Object Repository/chekout/jenis kendaraan' is clicked on

2023-10-06 12:41:09 - [TEST_STEP][PASSED] - if (toString().equalsIgnoreCase("transfer")): Object 'Object Repository/chekout/input metode tf bank' is checked

2023-10-06 12:41:09 - [TEST_STEP][PASSED] - check(findTestObject("chekout/input metode tf bank")): Object 'Object Repository/chekout/input metode tf bank' is checked

2023-10-06 12:41:09 - [MESSAGE][PASSED] - Object 'Object Repository/chekout/input metode tf bank' is checked

2023-10-06 12:41:09 - [TEST_STEP][PASSED] - click(findTestObject("chekout/button_Proses Pembayaran")): Object: 'Object Repository/chekout/button_Proses Pembayaran' is clicked on

2023-10-06 12:41:15 - [MESSAGE][PASSED] - Object: 'Object Repository/chekout/button_Proses Pembayaran' is clicked on

2023-10-06 12:41:15 - [TEST_STEP][PASSED] - noPesanan = getText(findTestObject("Object Repository/chekout/nomor invoice dari halaman menunggu pembayaran")): Text of object 'Object Repository/chekout/nomor invoice dari halaman menunggu pembayaran' is: 'TRX91.20231006124110'

2023-10-06 12:41:17 - [MESSAGE][PASSED] - Text of object 'Object Repository/chekout/nomor invoice dari halaman menunggu pembayaran' is: 'TRX91.20231006124110'

2023-10-06 12:41:17 - [TEST_STEP][PASSED] - println(noPesanan): null

2023-10-06 12:41:17 - [TEST_STEP][PASSED] - pengirim = getText(findTestObject("Object Repository/chekout/dikirim kepada sama dengan pengirim di tf di konfirmaasi bayar")): Text of object 'Object Repository/chekout/dikirim kepada sama dengan pengirim di tf di konfirmaasi bayar' is: 'runarun'

2023-10-06 12:41:18 - [MESSAGE][PASSED] - Text of object 'Object Repository/chekout/dikirim kepada sama dengan pengirim di tf di konfirmaasi bayar' is: 'runarun'

2023-10-06 12:41:18 - [TEST_STEP][PASSED] - totalharga = getText(findTestObject("Object Repository/chekout/total harga bayar")): Text of object 'Object Repository/chekout/total harga bayar' is: '16,856'

2023-10-06 12:41:18 - [MESSAGE][PASSED] - Text of object 'Object Repository/chekout/total harga bayar' is: '16,856'

2023-10-06 12:41:18 - [TEST_STEP][PASSED] - ongkir = getText(findTestObject("co saldo akun/new ongkir tf")): Text of object 'Object Repository/co saldo akun/new ongkir tf' is: 'Rp 13,000'

2023-10-06 12:41:19 - [MESSAGE][PASSED] - Text of object 'Object Repository/co saldo akun/new ongkir tf' is: 'Rp 13,000'

2023-10-06 12:41:19 - [TEST_STEP][PASSED] - ongkirr = replace(",", "").trim(): null

2023-10-06 12:41:19 - [TEST_STEP][PASSED] - ongkir1 = Integer.parseInt(ongkirr): null

2023-10-06 12:41:19 - [TEST_STEP][PASSED] - println(ongkir1): null

2023-10-06 12:41:19 - [TEST_STEP][PASSED] - biayaAdmin = getText(findTestObject("co saldo akun/new fee admin tf")): Text of object 'Object Repository/co saldo akun/new fee admin tf' is: 'Rp 1,500'

2023-10-06 12:41:19 - [MESSAGE][PASSED] - Text of object 'Object Repository/co saldo akun/new fee admin tf' is: 'Rp 1,500'

2023-10-06 12:41:19 - [TEST_STEP][PASSED] - bAdmin = replace(",", "").trim(): null

2023-10-06 12:41:19 - [TEST_STEP][PASSED] - Integer.parseInt(bAdmin): null

2023-10-06 12:41:19 - [TEST_STEP][PASSED] - Admin = Double.parseDouble(bAdmin): null

2023-10-06 12:41:19 - [TEST_STEP][PASSED] - println(Admin): null

2023-10-06 12:41:19 - [TEST_STEP][PASSED] - subtotal = getText(findTestObject("co saldo akun/new subtotal tf")): Text of object 'Object Repository/co saldo akun/new subtotal tf' is: 'Rp 2,246'

2023-10-06 12:41:20 - [MESSAGE][PASSED] - Text of object 'Object Repository/co saldo akun/new subtotal tf' is: 'Rp 2,246'

2023-10-06 12:41:20 - [TEST_STEP][PASSED] - subtotall = replace(",", "").trim(): null

2023-10-06 12:41:20 - [TEST_STEP][PASSED] - Integer.parseInt(subtotall): null

2023-10-06 12:41:20 - [TEST_STEP][PASSED] - sub = Double.parseDouble(subtotall): null

2023-10-06 12:41:20 - [TEST_STEP][PASSED] - println(sub): null

2023-10-06 12:41:20 - [TEST_STEP][PASSED] - kode = getText(findTestObject("co saldo akun/new kode unik tf")): Text of object 'Object Repository/co saldo akun/new kode unik tf' is: '+110'

2023-10-06 12:41:20 - [MESSAGE][PASSED] - Text of object 'Object Repository/co saldo akun/new kode unik tf' is: '+110'

2023-10-06 12:41:20 - [TEST_STEP][PASSED] - kodee = replace("+", "").trim(): null

2023-10-06 12:41:20 - [TEST_STEP][PASSED] - Integer.parseInt(kodee): null

2023-10-06 12:41:20 - [TEST_STEP][PASSED] - code = Double.parseDouble(kodee): null

2023-10-06 12:41:20 - [TEST_STEP][PASSED] - tOng = ongkir1 + sub: null

2023-10-06 12:41:20 - [TEST_STEP][PASSED] - println(tOng): null

2023-10-06 12:41:20 - [TEST_STEP][PASSED] - totalBayar = tOng + Admin + code: null

2023-10-06 12:41:20 - [TEST_STEP][PASSED] - println(totalBayar): null

2023-10-06 12:41:20 - [TEST_STEP][PASSED] - totalBayar1 = totalBayar: null

2023-10-06 12:41:20 - [TEST_STEP][PASSED] - println(totalBayar1): null

2023-10-06 12:41:20 - [TEST_STEP][PASSED] - total = getText(findTestObject("co saldo akun/new total harga tf")): Text of object 'Object Repository/co saldo akun/new total harga tf' is: '16,856'

2023-10-06 12:41:21 - [MESSAGE][PASSED] - Text of object 'Object Repository/co saldo akun/new total harga tf' is: '16,856'

2023-10-06 12:41:21 - [TEST_STEP][PASSED] - total1 = replace(",", "").trim(): null

2023-10-06 12:41:21 - [TEST_STEP][PASSED] - total2 = Integer.parseInt(total1): null

2023-10-06 12:41:21 - [TEST_STEP][PASSED] - println(total2): null

2023-10-06 12:41:21 - [TEST_STEP][PASSED] - assert totalBayar1 == total2: null

2023-10-06 12:41:21 - [TEST_STEP][PASSED] - data = new java.util.HashMap(): null

2023-10-06 12:41:21 - [TEST_STEP][PASSED] - data.put("invoice", noPesanan): null

2023-10-06 12:41:21 - [TEST_STEP][PASSED] - data.put("namaPengirim", pengirim): null

2023-10-06 12:41:21 - [TEST_STEP][PASSED] - data.put("totalBayar", totalharga): null

2023-10-06 12:41:21 - [TEST_STEP][PASSED] - data.put("totalOngkir", tOng): null

2023-10-06 12:41:21 - [TEST_STEP][PASSED] - return data: null

2023-10-06 12:41:21 - [MESSAGE][PASSED] - Call Test Case 'Test Cases/T08 - Konfirmasi Pesanan/TC-OS-001' successfully

2023-10-06 12:41:21 - [TEST_STEP][PASSED] - noInvoice = data.get("invoice"): null

2023-10-06 12:41:21 - [TEST_STEP][PASSED] - nmPengirim = data.get("namaPengirim"): null

2023-10-06 12:41:21 - [TEST_STEP][PASSED] - ttlBayar = data.get("totalBayar"): null

2023-10-06 12:41:21 - [TEST_STEP][PASSED] - click(findTestObject("konfirmasi pesanan/a_Akun 0")): Object: 'Object Repository/konfirmasi pesanan/a_Akun 0' is clicked on

2023-10-06 12:41:22 - [MESSAGE][PASSED] - Object: 'Object Repository/konfirmasi pesanan/a_Akun 0' is clicked on

2023-10-06 12:41:22 - [TEST_STEP][PASSED] - click(findTestObject("konfirmasi order konsumen/pembelian dari akun")): Object: 'Object Repository/konfirmasi order konsumen/pembelian dari akun' is clicked on

2023-10-06 12:41:23 - [MESSAGE][PASSED] - Object: 'Object Repository/konfirmasi order konsumen/pembelian dari akun' is clicked on

2023-10-06 12:41:23 - [TEST_STEP][PASSED] - click(findTestObject("konfirmasi pesanan/new konfirmasi bayar")): Object: 'Object Repository/konfirmasi pesanan/new konfirmasi bayar' is clicked on

2023-10-06 12:41:25 - [MESSAGE][PASSED] - Object: 'Object Repository/konfirmasi pesanan/new konfirmasi bayar' is clicked on

2023-10-06 12:41:25 - [TEST_STEP][PASSED] - verifyElementPresent(findTestObject("konfirmasi pesanan/verifikasi user masuk halaman konfirmasi bayar dari akun profil"), 0): Object 'Object Repository/konfirmasi pesanan/verifikasi user masuk halaman konfirmasi bayar dari akun profil' is present

2023-10-06 12:41:25 - [MESSAGE][WARNING] - Timeout '0' is invalid. Using default page load timeout: '30'

2023-10-06 12:41:26 - [MESSAGE][PASSED] - Object 'Object Repository/konfirmasi pesanan/verifikasi user masuk halaman konfirmasi bayar dari akun profil' is present

2023-10-06 12:41:26 - [TEST_STEP][PASSED] - clearText(findTestObject("konfirmasi pesanan/input_Total TagihanTransfer_b")): Text of object 'Object Repository/konfirmasi pesanan/input_Total TagihanTransfer_b' is cleared

2023-10-06 12:41:27 - [MESSAGE][PASSED] - Text of object 'Object Repository/konfirmasi pesanan/input_Total TagihanTransfer_b' is cleared

2023-10-06 12:41:27 - [TEST_STEP][PASSED] - setText(findTestObject("konfirmasi pesanan/input_Total TagihanTransfer_b"), bayar): Text 'opqrst' is set on object 'Object Repository/konfirmasi pesanan/input_Total TagihanTransfer_b'

2023-10-06 12:41:28 - [MESSAGE][PASSED] - Text 'opqrst' is set on object 'Object Repository/konfirmasi pesanan/input_Total TagihanTransfer_b'

2023-10-06 12:41:28 - [TEST_STEP][PASSED] - selectOptionByValue(findTestObject("konfirmasi pesanan/select dropdown trasfer"), transfer, false): All options with value '1' are selected in object 'Object Repository/konfirmasi pesanan/select dropdown trasfer' 

2023-10-06 12:41:29 - [MESSAGE][PASSED] - All options with value '1' are selected in object 'Object Repository/konfirmasi pesanan/select dropdown trasfer' 

2023-10-06 12:41:29 - [TEST_STEP][PASSED] - uploadFile(findTestObject("konfirmasi pesanan/input_Upload Bukti Transfer_f"), "F:\bootcamp\Miniproject\transfer.jpg"): File 'F:\bootcamp\Miniproject\transfer.jpg' sent to object: 'Object Repository/konfirmasi pesanan/input_Upload Bukti Transfer_f'

2023-10-06 12:41:29 - [MESSAGE][PASSED] - File 'F:\bootcamp\Miniproject\transfer.jpg' sent to object: 'Object Repository/konfirmasi pesanan/input_Upload Bukti Transfer_f'

2023-10-06 12:41:29 - [TEST_STEP][PASSED] - name = getAttribute(findTestObject("Object Repository/konfirmasi pesanan/input_Nama Pengirim_d"), "value"): Attribute 'value' of object 'Object Repository/konfirmasi pesanan/input_Nama Pengirim_d' is: 'runarun'

2023-10-06 12:41:30 - [MESSAGE][PASSED] - Attribute 'value' of object 'Object Repository/konfirmasi pesanan/input_Nama Pengirim_d' is: 'runarun'

2023-10-06 12:41:30 - [TEST_STEP][PASSED] - assert name == nmPengirim: null

2023-10-06 12:41:30 - [TEST_STEP][PASSED] - click(findTestObject("konfirmasi pesanan/button_Konfirmasi Pembayaran")): Object: 'Object Repository/konfirmasi pesanan/button_Konfirmasi Pembayaran' is clicked on

2023-10-06 12:41:32 - [MESSAGE][PASSED] - Object: 'Object Repository/konfirmasi pesanan/button_Konfirmasi Pembayaran' is clicked on

2023-10-06 12:41:32 - [TEST_STEP][FAILED] - verifyTextPresent("Please input an valid field", false): Unable to verify text 'Please input an valid field' is present  (Root cause: com.kms.katalon.core.exception.StepFailedException: Unable to verify text 'Please input an valid field' is present 
	at com.kms.katalon.core.webui.keyword.internal.WebUIKeywordMain.stepFailed(WebUIKeywordMain.groovy:64)
	at com.kms.katalon.core.webui.keyword.internal.WebUIKeywordMain.runKeyword(WebUIKeywordMain.groovy:26)
	at com.kms.katalon.core.webui.keyword.builtin.VerifyTextPresentKeyword.verifyTextPresent(VerifyTextPresentKeyword.groovy:83)
	at com.kms.katalon.core.webui.keyword.builtin.VerifyTextPresentKeyword.execute(VerifyTextPresentKeyword.groovy:68)
	at com.kms.katalon.core.keyword.internal.KeywordExecutor.executeKeywordForPlatform(KeywordExecutor.groovy:74)
	at com.kms.katalon.core.webui.keyword.WebUiBuiltInKeywords.verifyTextPresent(WebUiBuiltInKeywords.groovy:1723)
	at com.kms.katalon.core.webui.keyword.WebUiBuiltInKeywords$verifyTextPresent$14.call(Unknown Source)
	at TC-KF-014.run(TC-KF-014:52)
	at com.kms.katalon.core.main.ScriptEngine.run(ScriptEngine.java:194)
	at com.kms.katalon.core.main.ScriptEngine.runScriptAsRawText(ScriptEngine.java:119)
	at com.kms.katalon.core.main.TestCaseExecutor.runScript(TestCaseExecutor.java:448)
	at com.kms.katalon.core.main.TestCaseExecutor.doExecute(TestCaseExecutor.java:439)
	at com.kms.katalon.core.main.TestCaseExecutor.processExecutionPhase(TestCaseExecutor.java:418)
	at com.kms.katalon.core.main.TestCaseExecutor.accessMainPhase(TestCaseExecutor.java:410)
	at com.kms.katalon.core.main.TestCaseExecutor.execute(TestCaseExecutor.java:285)
	at com.kms.katalon.core.common.CommonExecutor.accessTestCaseMainPhase(CommonExecutor.java:65)
	at com.kms.katalon.core.main.TestSuiteExecutor.accessTestSuiteMainPhase(TestSuiteExecutor.java:148)
	at com.kms.katalon.core.main.TestSuiteExecutor.execute(TestSuiteExecutor.java:106)
	at com.kms.katalon.core.main.TestCaseMain.startTestSuite(TestCaseMain.java:187)
	at com.kms.katalon.core.main.TestCaseMain$startTestSuite$0.call(Unknown Source)
	at TempTestSuite1696569176253.run(TempTestSuite1696569176253.groovy:36)
Caused by: com.kms.katalon.core.exception.StepFailedException: Text 'Please input an valid field' is not present on page 
	at com.kms.katalon.core.webui.keyword.internal.WebUIKeywordMain.stepFailed(WebUIKeywordMain.groovy:64)
	at com.kms.katalon.core.webui.keyword.builtin.VerifyTextPresentKeyword$_verifyTextPresent_closure1.doCall(VerifyTextPresentKeyword.groovy:79)
	at com.kms.katalon.core.webui.keyword.builtin.VerifyTextPresentKeyword$_verifyTextPresent_closure1.call(VerifyTextPresentKeyword.groovy)
	at com.kms.katalon.core.webui.keyword.internal.WebUIKeywordMain.runKeyword(WebUIKeywordMain.groovy:20)
	... 19 more
)

2023-10-06 12:41:33 - [MESSAGE][FAILED] - Text 'Please input an valid field' is not present on page  (Root cause: com.kms.katalon.core.exception.StepFailedException: Text 'Please input an valid field' is not present on page 
	at com.kms.katalon.core.webui.keyword.internal.WebUIKeywordMain.stepFailed(WebUIKeywordMain.groovy:64)
	at com.kms.katalon.core.webui.keyword.builtin.VerifyTextPresentKeyword$_verifyTextPresent_closure1.doCall(VerifyTextPresentKeyword.groovy:79)
	at com.kms.katalon.core.webui.keyword.builtin.VerifyTextPresentKeyword$_verifyTextPresent_closure1.call(VerifyTextPresentKeyword.groovy)
	at com.kms.katalon.core.webui.keyword.internal.WebUIKeywordMain.runKeyword(WebUIKeywordMain.groovy:20)
	at com.kms.katalon.core.webui.keyword.builtin.VerifyTextPresentKeyword.verifyTextPresent(VerifyTextPresentKeyword.groovy:83)
	at com.kms.katalon.core.webui.keyword.builtin.VerifyTextPresentKeyword.execute(VerifyTextPresentKeyword.groovy:68)
	at com.kms.katalon.core.keyword.internal.KeywordExecutor.executeKeywordForPlatform(KeywordExecutor.groovy:74)
	at com.kms.katalon.core.webui.keyword.WebUiBuiltInKeywords.verifyTextPresent(WebUiBuiltInKeywords.groovy:1723)
	at com.kms.katalon.core.webui.keyword.WebUiBuiltInKeywords$verifyTextPresent$14.call(Unknown Source)
	at TC-KF-014.run(TC-KF-014:52)
	at com.kms.katalon.core.main.ScriptEngine.run(ScriptEngine.java:194)
	at com.kms.katalon.core.main.ScriptEngine.runScriptAsRawText(ScriptEngine.java:119)
	at com.kms.katalon.core.main.TestCaseExecutor.runScript(TestCaseExecutor.java:448)
	at com.kms.katalon.core.main.TestCaseExecutor.doExecute(TestCaseExecutor.java:439)
	at com.kms.katalon.core.main.TestCaseExecutor.processExecutionPhase(TestCaseExecutor.java:418)
	at com.kms.katalon.core.main.TestCaseExecutor.accessMainPhase(TestCaseExecutor.java:410)
	at com.kms.katalon.core.main.TestCaseExecutor.execute(TestCaseExecutor.java:285)
	at com.kms.katalon.core.common.CommonExecutor.accessTestCaseMainPhase(CommonExecutor.java:65)
	at com.kms.katalon.core.main.TestSuiteExecutor.accessTestSuiteMainPhase(TestSuiteExecutor.java:148)
	at com.kms.katalon.core.main.TestSuiteExecutor.execute(TestSuiteExecutor.java:106)
	at com.kms.katalon.core.main.TestCaseMain.startTestSuite(TestCaseMain.java:187)
	at com.kms.katalon.core.main.TestCaseMain$startTestSuite$0.call(Unknown Source)
	at TempTestSuite1696569176253.run(TempTestSuite1696569176253.groovy:36)
)

2023-10-06 12:41:34 - [MESSAGE][FAILED] - Unable to verify text 'Please input an valid field' is present  (Root cause: com.kms.katalon.core.exception.StepFailedException: Unable to verify text 'Please input an valid field' is present 
	at com.kms.katalon.core.webui.keyword.internal.WebUIKeywordMain.stepFailed(WebUIKeywordMain.groovy:64)
	at com.kms.katalon.core.webui.keyword.internal.WebUIKeywordMain.runKeyword(WebUIKeywordMain.groovy:26)
	at com.kms.katalon.core.webui.keyword.builtin.VerifyTextPresentKeyword.verifyTextPresent(VerifyTextPresentKeyword.groovy:83)
	at com.kms.katalon.core.webui.keyword.builtin.VerifyTextPresentKeyword.execute(VerifyTextPresentKeyword.groovy:68)
	at com.kms.katalon.core.keyword.internal.KeywordExecutor.executeKeywordForPlatform(KeywordExecutor.groovy:74)
	at com.kms.katalon.core.webui.keyword.WebUiBuiltInKeywords.verifyTextPresent(WebUiBuiltInKeywords.groovy:1723)
	at com.kms.katalon.core.webui.keyword.WebUiBuiltInKeywords$verifyTextPresent$14.call(Unknown Source)
	at TC-KF-014.run(TC-KF-014:52)
	at com.kms.katalon.core.main.ScriptEngine.run(ScriptEngine.java:194)
	at com.kms.katalon.core.main.ScriptEngine.runScriptAsRawText(ScriptEngine.java:119)
	at com.kms.katalon.core.main.TestCaseExecutor.runScript(TestCaseExecutor.java:448)
	at com.kms.katalon.core.main.TestCaseExecutor.doExecute(TestCaseExecutor.java:439)
	at com.kms.katalon.core.main.TestCaseExecutor.processExecutionPhase(TestCaseExecutor.java:418)
	at com.kms.katalon.core.main.TestCaseExecutor.accessMainPhase(TestCaseExecutor.java:410)
	at com.kms.katalon.core.main.TestCaseExecutor.execute(TestCaseExecutor.java:285)
	at com.kms.katalon.core.common.CommonExecutor.accessTestCaseMainPhase(CommonExecutor.java:65)
	at com.kms.katalon.core.main.TestSuiteExecutor.accessTestSuiteMainPhase(TestSuiteExecutor.java:148)
	at com.kms.katalon.core.main.TestSuiteExecutor.execute(TestSuiteExecutor.java:106)
	at com.kms.katalon.core.main.TestCaseMain.startTestSuite(TestCaseMain.java:187)
	at com.kms.katalon.core.main.TestCaseMain$startTestSuite$0.call(Unknown Source)
	at TempTestSuite1696569176253.run(TempTestSuite1696569176253.groovy:36)
Caused by: com.kms.katalon.core.exception.StepFailedException: Text 'Please input an valid field' is not present on page 
	at com.kms.katalon.core.webui.keyword.internal.WebUIKeywordMain.stepFailed(WebUIKeywordMain.groovy:64)
	at com.kms.katalon.core.webui.keyword.builtin.VerifyTextPresentKeyword$_verifyTextPresent_closure1.doCall(VerifyTextPresentKeyword.groovy:79)
	at com.kms.katalon.core.webui.keyword.builtin.VerifyTextPresentKeyword$_verifyTextPresent_closure1.call(VerifyTextPresentKeyword.groovy)
	at com.kms.katalon.core.webui.keyword.internal.WebUIKeywordMain.runKeyword(WebUIKeywordMain.groovy:20)
	... 19 more
)
[[ATTACHMENT|F:\\bootcamp\\Miniproject\\Tajalapak\\Reports\\20231006_121256\\T08 - Konfirmasi Pesanan\\20231006_121256\\1696570893503.png]]]]></system-out>
         <system-err><![CDATA[2023-10-06 12:40:34 - [TEST_CASE][FAILED] - Test Cases/T08 - Konfirmasi Pesanan/TC-KF-014: Test Cases/T08 - Konfirmasi Pesanan/TC-KF-014 FAILED.
Reason:
com.kms.katalon.core.exception.StepFailedException: Unable to verify text 'Please input an valid field' is present 
	at com.kms.katalon.core.webui.keyword.internal.WebUIKeywordMain.stepFailed(WebUIKeywordMain.groovy:64)
	at com.kms.katalon.core.webui.keyword.internal.WebUIKeywordMain.runKeyword(WebUIKeywordMain.groovy:26)
	at com.kms.katalon.core.webui.keyword.builtin.VerifyTextPresentKeyword.verifyTextPresent(VerifyTextPresentKeyword.groovy:83)
	at com.kms.katalon.core.webui.keyword.builtin.VerifyTextPresentKeyword.execute(VerifyTextPresentKeyword.groovy:68)
	at com.kms.katalon.core.keyword.internal.KeywordExecutor.executeKeywordForPlatform(KeywordExecutor.groovy:74)
	at com.kms.katalon.core.webui.keyword.WebUiBuiltInKeywords.verifyTextPresent(WebUiBuiltInKeywords.groovy:1723)
	at com.kms.katalon.core.webui.keyword.WebUiBuiltInKeywords$verifyTextPresent$14.call(Unknown Source)
	at TC-KF-014.run(TC-KF-014:52)
	at com.kms.katalon.core.main.ScriptEngine.run(ScriptEngine.java:194)
	at com.kms.katalon.core.main.ScriptEngine.runScriptAsRawText(ScriptEngine.java:119)
	at com.kms.katalon.core.main.TestCaseExecutor.runScript(TestCaseExecutor.java:448)
	at com.kms.katalon.core.main.TestCaseExecutor.doExecute(TestCaseExecutor.java:439)
	at com.kms.katalon.core.main.TestCaseExecutor.processExecutionPhase(TestCaseExecutor.java:418)
	at com.kms.katalon.core.main.TestCaseExecutor.accessMainPhase(TestCaseExecutor.java:410)
	at com.kms.katalon.core.main.TestCaseExecutor.execute(TestCaseExecutor.java:285)
	at com.kms.katalon.core.common.CommonExecutor.accessTestCaseMainPhase(CommonExecutor.java:65)
	at com.kms.katalon.core.main.TestSuiteExecutor.accessTestSuiteMainPhase(TestSuiteExecutor.java:148)
	at com.kms.katalon.core.main.TestSuiteExecutor.execute(TestSuiteExecutor.java:106)
	at com.kms.katalon.core.main.TestCaseMain.startTestSuite(TestCaseMain.java:187)
	at com.kms.katalon.core.main.TestCaseMain$startTestSuite$0.call(Unknown Source)
	at TempTestSuite1696569176253.run(TempTestSuite1696569176253.groovy:36)
Caused by: com.kms.katalon.core.exception.StepFailedException: Text 'Please input an valid field' is not present on page 
	at com.kms.katalon.core.webui.keyword.internal.WebUIKeywordMain.stepFailed(WebUIKeywordMain.groovy:64)
	at com.kms.katalon.core.webui.keyword.builtin.VerifyTextPresentKeyword$_verifyTextPresent_closure1.doCall(VerifyTextPresentKeyword.groovy:79)
	at com.kms.katalon.core.webui.keyword.builtin.VerifyTextPresentKeyword$_verifyTextPresent_closure1.call(VerifyTextPresentKeyword.groovy)
	at com.kms.katalon.core.webui.keyword.internal.WebUIKeywordMain.runKeyword(WebUIKeywordMain.groovy:20)
	... 19 more]]></system-err>
      </testcase>
      <testcase name="Test Cases/T08 - Konfirmasi Pesanan/TC-KF-015" time="57.448" classname="Test Cases/T08 - Konfirmasi Pesanan/TC-KF-015" status="FAILED">
         <failure type="FAILED" message="Test Cases/T08 - Konfirmasi Pesanan/TC-KF-015 FAILED.
Reason:
com.kms.katalon.core.exception.StepFailedException: Unable to verify text 'Please input an valid field' is present 
	at com.kms.katalon.core.webui.keyword.internal.WebUIKeywordMain.stepFailed(WebUIKeywordMain.groovy:64)
	at com.kms.katalon.core.webui.keyword.internal.WebUIKeywordMain.runKeyword(WebUIKeywordMain.groovy:26)
	at com.kms.katalon.core.webui.keyword.builtin.VerifyTextPresentKeyword.verifyTextPresent(VerifyTextPresentKeyword.groovy:83)
	at com.kms.katalon.core.webui.keyword.builtin.VerifyTextPresentKeyword.execute(VerifyTextPresentKeyword.groovy:68)
	at com.kms.katalon.core.keyword.internal.KeywordExecutor.executeKeywordForPlatform(KeywordExecutor.groovy:74)
	at com.kms.katalon.core.webui.keyword.WebUiBuiltInKeywords.verifyTextPresent(WebUiBuiltInKeywords.groovy:1723)
	at com.kms.katalon.core.webui.keyword.WebUiBuiltInKeywords$verifyTextPresent$14.call(Unknown Source)
	at TC-KF-015.run(TC-KF-015:53)
	at com.kms.katalon.core.main.ScriptEngine.run(ScriptEngine.java:194)
	at com.kms.katalon.core.main.ScriptEngine.runScriptAsRawText(ScriptEngine.java:119)
	at com.kms.katalon.core.main.TestCaseExecutor.runScript(TestCaseExecutor.java:448)
	at com.kms.katalon.core.main.TestCaseExecutor.doExecute(TestCaseExecutor.java:439)
	at com.kms.katalon.core.main.TestCaseExecutor.processExecutionPhase(TestCaseExecutor.java:418)
	at com.kms.katalon.core.main.TestCaseExecutor.accessMainPhase(TestCaseExecutor.java:410)
	at com.kms.katalon.core.main.TestCaseExecutor.execute(TestCaseExecutor.java:285)
	at com.kms.katalon.core.common.CommonExecutor.accessTestCaseMainPhase(CommonExecutor.java:65)
	at com.kms.katalon.core.main.TestSuiteExecutor.accessTestSuiteMainPhase(TestSuiteExecutor.java:148)
	at com.kms.katalon.core.main.TestSuiteExecutor.execute(TestSuiteExecutor.java:106)
	at com.kms.katalon.core.main.TestCaseMain.startTestSuite(TestCaseMain.java:187)
	at com.kms.katalon.core.main.TestCaseMain$startTestSuite$0.call(Unknown Source)
	at TempTestSuite1696569176253.run(TempTestSuite1696569176253.groovy:36)
Caused by: com.kms.katalon.core.exception.StepFailedException: Text 'Please input an valid field' is not present on page 
	at com.kms.katalon.core.webui.keyword.internal.WebUIKeywordMain.stepFailed(WebUIKeywordMain.groovy:64)
	at com.kms.katalon.core.webui.keyword.builtin.VerifyTextPresentKeyword$_verifyTextPresent_closure1.doCall(VerifyTextPresentKeyword.groovy:79)
	at com.kms.katalon.core.webui.keyword.builtin.VerifyTextPresentKeyword$_verifyTextPresent_closure1.call(VerifyTextPresentKeyword.groovy)
	at com.kms.katalon.core.webui.keyword.internal.WebUIKeywordMain.runKeyword(WebUIKeywordMain.groovy:20)
	... 19 more
"/>
         <system-out><![CDATA[2023-10-06 12:41:34 - [TEST_CASE][FAILED] - Test Cases/T08 - Konfirmasi Pesanan/TC-KF-015: Test Cases/T08 - Konfirmasi Pesanan/TC-KF-015 FAILED.
Reason:
com.kms.katalon.core.exception.StepFailedException: Unable to verify text 'Please input an valid field' is present 
	at com.kms.katalon.core.webui.keyword.internal.WebUIKeywordMain.stepFailed(WebUIKeywordMain.groovy:64)
	at com.kms.katalon.core.webui.keyword.internal.WebUIKeywordMain.runKeyword(WebUIKeywordMain.groovy:26)
	at com.kms.katalon.core.webui.keyword.builtin.VerifyTextPresentKeyword.verifyTextPresent(VerifyTextPresentKeyword.groovy:83)
	at com.kms.katalon.core.webui.keyword.builtin.VerifyTextPresentKeyword.execute(VerifyTextPresentKeyword.groovy:68)
	at com.kms.katalon.core.keyword.internal.KeywordExecutor.executeKeywordForPlatform(KeywordExecutor.groovy:74)
	at com.kms.katalon.core.webui.keyword.WebUiBuiltInKeywords.verifyTextPresent(WebUiBuiltInKeywords.groovy:1723)
	at com.kms.katalon.core.webui.keyword.WebUiBuiltInKeywords$verifyTextPresent$14.call(Unknown Source)
	at TC-KF-015.run(TC-KF-015:53)
	at com.kms.katalon.core.main.ScriptEngine.run(ScriptEngine.java:194)
	at com.kms.katalon.core.main.ScriptEngine.runScriptAsRawText(ScriptEngine.java:119)
	at com.kms.katalon.core.main.TestCaseExecutor.runScript(TestCaseExecutor.java:448)
	at com.kms.katalon.core.main.TestCaseExecutor.doExecute(TestCaseExecutor.java:439)
	at com.kms.katalon.core.main.TestCaseExecutor.processExecutionPhase(TestCaseExecutor.java:418)
	at com.kms.katalon.core.main.TestCaseExecutor.accessMainPhase(TestCaseExecutor.java:410)
	at com.kms.katalon.core.main.TestCaseExecutor.execute(TestCaseExecutor.java:285)
	at com.kms.katalon.core.common.CommonExecutor.accessTestCaseMainPhase(CommonExecutor.java:65)
	at com.kms.katalon.core.main.TestSuiteExecutor.accessTestSuiteMainPhase(TestSuiteExecutor.java:148)
	at com.kms.katalon.core.main.TestSuiteExecutor.execute(TestSuiteExecutor.java:106)
	at com.kms.katalon.core.main.TestCaseMain.startTestSuite(TestCaseMain.java:187)
	at com.kms.katalon.core.main.TestCaseMain$startTestSuite$0.call(Unknown Source)
	at TempTestSuite1696569176253.run(TempTestSuite1696569176253.groovy:36)
Caused by: com.kms.katalon.core.exception.StepFailedException: Text 'Please input an valid field' is not present on page 
	at com.kms.katalon.core.webui.keyword.internal.WebUIKeywordMain.stepFailed(WebUIKeywordMain.groovy:64)
	at com.kms.katalon.core.webui.keyword.builtin.VerifyTextPresentKeyword$_verifyTextPresent_closure1.doCall(VerifyTextPresentKeyword.groovy:79)
	at com.kms.katalon.core.webui.keyword.builtin.VerifyTextPresentKeyword$_verifyTextPresent_closure1.call(VerifyTextPresentKeyword.groovy)
	at com.kms.katalon.core.webui.keyword.internal.WebUIKeywordMain.runKeyword(WebUIKeywordMain.groovy:20)
	... 19 more


2023-10-06 12:41:35 - [TEST_STEP][PASSED] - data = callTestCase(findTestCase("T08 - Konfirmasi Pesanan/TC-OS-001"), ["Roda":"2", "MetodePembayaran":"transfer"], STOP_ON_FAILURE): Call Test Case 'Test Cases/T08 - Konfirmasi Pesanan/TC-OS-001' successfully

2023-10-06 12:41:35 - [TEST_CASE][PASSED] - Test Cases/T08 - Konfirmasi Pesanan/TC-OS-001: Test Cases/T08 - Konfirmasi Pesanan/TC-OS-001

2023-10-06 12:41:35 - [TEST_STEP][PASSED] - callTestCase(findTestCase("T08 - Konfirmasi Pesanan/TC-LS-001"), [:], STOP_ON_FAILURE): Call Test Case 'Test Cases/T08 - Konfirmasi Pesanan/TC-LS-001' successfully

2023-10-06 12:41:35 - [TEST_CASE][PASSED] - Test Cases/T08 - Konfirmasi Pesanan/TC-LS-001: Test Cases/T08 - Konfirmasi Pesanan/TC-LS-001

2023-10-06 12:41:35 - [TEST_STEP][PASSED] - openBrowser(urlWeb): Browser is opened with url: 'https://10.9.2.63/ecommerce/'

2023-10-06 12:41:35 - [MESSAGE][WARNING] - A browser is already opened. Closing browser and opening a new one

2023-10-06 12:41:40 - [MESSAGE][INFO] - Starting 'Firefox' driver

2023-10-06 12:41:40 - [MESSAGE][INFO] - User set preference: ['args', '[window-size=1500,1000, ignore-certificate-errors, UnexpectedAlertBehaviour=ignore]']

2023-10-06 12:41:40 - [MESSAGE][INFO] - Action delay is set to 0 milliseconds

2023-10-06 12:41:49 - [MESSAGE][PASSED] - Browser is opened with url: 'https://10.9.2.63/ecommerce/'

2023-10-06 12:41:49 - [TEST_STEP][PASSED] - maximizeWindow(): Current window maximized

2023-10-06 12:41:49 - [MESSAGE][PASSED] - Current window maximized

2023-10-06 12:41:49 - [TEST_STEP][PASSED] - click(findTestObject("Login/a_Login")): Object: 'Object Repository/Login/a_Login' is clicked on

2023-10-06 12:41:50 - [MESSAGE][PASSED] - Object: 'Object Repository/Login/a_Login' is clicked on

2023-10-06 12:41:50 - [TEST_STEP][PASSED] - setText(findTestObject("Login/input_Username, Email atau No. Handphone_a"), "runa36"): Text 'runa36' is set on object 'Object Repository/Login/input_Username, Email atau No. Handphone_a'

2023-10-06 12:41:51 - [MESSAGE][PASSED] - Text 'runa36' is set on object 'Object Repository/Login/input_Username, Email atau No. Handphone_a'

2023-10-06 12:41:51 - [TEST_STEP][PASSED] - setEncryptedText(findTestObject("Login/input_Password di Login(Masuk)"), "qbkrdMwyWE4="): Text ****** has been set on object 'Object Repository/Login/input_Password di Login(Masuk)'

2023-10-06 12:41:52 - [MESSAGE][PASSED] - Text ****** has been set on object 'Object Repository/Login/input_Password di Login(Masuk)'

2023-10-06 12:41:52 - [TEST_STEP][PASSED] - click(findTestObject("Login/button_Masuk di halaman login")): Object: 'Object Repository/Login/button_Masuk di halaman login' is clicked on

2023-10-06 12:41:53 - [MESSAGE][PASSED] - Object: 'Object Repository/Login/button_Masuk di halaman login' is clicked on

2023-10-06 12:41:53 - [TEST_STEP][PASSED] - verifyElementPresent(findTestObject("Pendaftaran/verifikasi MASUK di halaman Login"), 0): Object 'Object Repository/Pendaftaran/verifikasi MASUK di halaman Login' is present

2023-10-06 12:41:53 - [MESSAGE][WARNING] - Timeout '0' is invalid. Using default page load timeout: '30'

2023-10-06 12:41:54 - [MESSAGE][PASSED] - Object 'Object Repository/Pendaftaran/verifikasi MASUK di halaman Login' is present

2023-10-06 12:41:54 - [MESSAGE][PASSED] - Call Test Case 'Test Cases/T08 - Konfirmasi Pesanan/TC-LS-001' successfully

2023-10-06 12:41:54 - [TEST_STEP][PASSED] - setText(findTestObject("chekout/input aku mau belanja"), "acer"): Text 'acer' is set on object 'Object Repository/chekout/input aku mau belanja'

2023-10-06 12:41:55 - [MESSAGE][PASSED] - Text 'acer' is set on object 'Object Repository/chekout/input aku mau belanja'

2023-10-06 12:41:55 - [TEST_STEP][PASSED] - click(findTestObject("chekout/button_Cari di halaman tajalapak")): Object: 'Object Repository/chekout/button_Cari di halaman tajalapak' is clicked on

2023-10-06 12:41:57 - [MESSAGE][PASSED] - Object: 'Object Repository/chekout/button_Cari di halaman tajalapak' is clicked on

2023-10-06 12:41:57 - [TEST_STEP][PASSED] - click(findTestObject("chekout/NEW read more acer")): Object: 'Object Repository/chekout/NEW read more acer' is clicked on

2023-10-06 12:41:59 - [MESSAGE][PASSED] - Object: 'Object Repository/chekout/NEW read more acer' is clicked on

2023-10-06 12:41:59 - [TEST_STEP][PASSED] - click(findTestObject("chekout/button_Beli Sekarang di detail produk")): Object: 'Object Repository/chekout/button_Beli Sekarang di detail produk' is clicked on

2023-10-06 12:42:01 - [MESSAGE][PASSED] - Object: 'Object Repository/chekout/button_Beli Sekarang di detail produk' is clicked on

2023-10-06 12:42:01 - [TEST_STEP][PASSED] - verifyElementPresent(findTestObject("chekout/halaman keranjang belanja"), 0): Object 'Object Repository/chekout/halaman keranjang belanja' is present

2023-10-06 12:42:01 - [MESSAGE][WARNING] - Timeout '0' is invalid. Using default page load timeout: '30'

2023-10-06 12:42:02 - [MESSAGE][PASSED] - Object 'Object Repository/chekout/halaman keranjang belanja' is present

2023-10-06 12:42:02 - [TEST_STEP][PASSED] - click(findTestObject("chekout/button_Lanjut ke Pembayaran")): Object: 'Object Repository/chekout/button_Lanjut ke Pembayaran' is clicked on

2023-10-06 12:42:04 - [MESSAGE][PASSED] - Object: 'Object Repository/chekout/button_Lanjut ke Pembayaran' is clicked on

2023-10-06 12:42:04 - [TEST_STEP][PASSED] - selectOptionByValue(findTestObject("Object Repository/chekout/select_- Kirim via Kurir Lokal -Roda 2Roda 4"), Roda, false): All options with value '2' are selected in object 'Object Repository/chekout/select_- Kirim via Kurir Lokal -Roda 2Roda 4' 

2023-10-06 12:42:06 - [MESSAGE][PASSED] - All options with value '2' are selected in object 'Object Repository/chekout/select_- Kirim via Kurir Lokal -Roda 2Roda 4' 

2023-10-06 12:42:06 - [TEST_STEP][PASSED] - click(findTestObject("chekout/jenis kendaraan")): Object: 'Object Repository/chekout/jenis kendaraan' is clicked on

2023-10-06 12:42:07 - [MESSAGE][PASSED] - Object: 'Object Repository/chekout/jenis kendaraan' is clicked on

2023-10-06 12:42:07 - [TEST_STEP][PASSED] - if (toString().equalsIgnoreCase("transfer")): Object 'Object Repository/chekout/input metode tf bank' is checked

2023-10-06 12:42:07 - [TEST_STEP][PASSED] - check(findTestObject("chekout/input metode tf bank")): Object 'Object Repository/chekout/input metode tf bank' is checked

2023-10-06 12:42:07 - [MESSAGE][PASSED] - Object 'Object Repository/chekout/input metode tf bank' is checked

2023-10-06 12:42:07 - [TEST_STEP][PASSED] - click(findTestObject("chekout/button_Proses Pembayaran")): Object: 'Object Repository/chekout/button_Proses Pembayaran' is clicked on

2023-10-06 12:42:13 - [MESSAGE][PASSED] - Object: 'Object Repository/chekout/button_Proses Pembayaran' is clicked on

2023-10-06 12:42:13 - [TEST_STEP][PASSED] - noPesanan = getText(findTestObject("Object Repository/chekout/nomor invoice dari halaman menunggu pembayaran")): Text of object 'Object Repository/chekout/nomor invoice dari halaman menunggu pembayaran' is: 'TRX91.20231006124208'

2023-10-06 12:42:15 - [MESSAGE][PASSED] - Text of object 'Object Repository/chekout/nomor invoice dari halaman menunggu pembayaran' is: 'TRX91.20231006124208'

2023-10-06 12:42:15 - [TEST_STEP][PASSED] - println(noPesanan): null

2023-10-06 12:42:15 - [TEST_STEP][PASSED] - pengirim = getText(findTestObject("Object Repository/chekout/dikirim kepada sama dengan pengirim di tf di konfirmaasi bayar")): Text of object 'Object Repository/chekout/dikirim kepada sama dengan pengirim di tf di konfirmaasi bayar' is: 'runarun'

2023-10-06 12:42:16 - [MESSAGE][PASSED] - Text of object 'Object Repository/chekout/dikirim kepada sama dengan pengirim di tf di konfirmaasi bayar' is: 'runarun'

2023-10-06 12:42:16 - [TEST_STEP][PASSED] - totalharga = getText(findTestObject("Object Repository/chekout/total harga bayar")): Text of object 'Object Repository/chekout/total harga bayar' is: '16,954'

2023-10-06 12:42:16 - [MESSAGE][PASSED] - Text of object 'Object Repository/chekout/total harga bayar' is: '16,954'

2023-10-06 12:42:16 - [TEST_STEP][PASSED] - ongkir = getText(findTestObject("co saldo akun/new ongkir tf")): Text of object 'Object Repository/co saldo akun/new ongkir tf' is: 'Rp 13,000'

2023-10-06 12:42:17 - [MESSAGE][PASSED] - Text of object 'Object Repository/co saldo akun/new ongkir tf' is: 'Rp 13,000'

2023-10-06 12:42:17 - [TEST_STEP][PASSED] - ongkirr = replace(",", "").trim(): null

2023-10-06 12:42:17 - [TEST_STEP][PASSED] - ongkir1 = Integer.parseInt(ongkirr): null

2023-10-06 12:42:17 - [TEST_STEP][PASSED] - println(ongkir1): null

2023-10-06 12:42:17 - [TEST_STEP][PASSED] - biayaAdmin = getText(findTestObject("co saldo akun/new fee admin tf")): Text of object 'Object Repository/co saldo akun/new fee admin tf' is: 'Rp 1,500'

2023-10-06 12:42:17 - [MESSAGE][PASSED] - Text of object 'Object Repository/co saldo akun/new fee admin tf' is: 'Rp 1,500'

2023-10-06 12:42:17 - [TEST_STEP][PASSED] - bAdmin = replace(",", "").trim(): null

2023-10-06 12:42:17 - [TEST_STEP][PASSED] - Integer.parseInt(bAdmin): null

2023-10-06 12:42:17 - [TEST_STEP][PASSED] - Admin = Double.parseDouble(bAdmin): null

2023-10-06 12:42:17 - [TEST_STEP][PASSED] - println(Admin): null

2023-10-06 12:42:17 - [TEST_STEP][PASSED] - subtotal = getText(findTestObject("co saldo akun/new subtotal tf")): Text of object 'Object Repository/co saldo akun/new subtotal tf' is: 'Rp 2,246'

2023-10-06 12:42:18 - [MESSAGE][PASSED] - Text of object 'Object Repository/co saldo akun/new subtotal tf' is: 'Rp 2,246'

2023-10-06 12:42:18 - [TEST_STEP][PASSED] - subtotall = replace(",", "").trim(): null

2023-10-06 12:42:18 - [TEST_STEP][PASSED] - Integer.parseInt(subtotall): null

2023-10-06 12:42:18 - [TEST_STEP][PASSED] - sub = Double.parseDouble(subtotall): null

2023-10-06 12:42:18 - [TEST_STEP][PASSED] - println(sub): null

2023-10-06 12:42:18 - [TEST_STEP][PASSED] - kode = getText(findTestObject("co saldo akun/new kode unik tf")): Text of object 'Object Repository/co saldo akun/new kode unik tf' is: '+208'

2023-10-06 12:42:18 - [MESSAGE][PASSED] - Text of object 'Object Repository/co saldo akun/new kode unik tf' is: '+208'

2023-10-06 12:42:18 - [TEST_STEP][PASSED] - kodee = replace("+", "").trim(): null

2023-10-06 12:42:18 - [TEST_STEP][PASSED] - Integer.parseInt(kodee): null

2023-10-06 12:42:18 - [TEST_STEP][PASSED] - code = Double.parseDouble(kodee): null

2023-10-06 12:42:18 - [TEST_STEP][PASSED] - tOng = ongkir1 + sub: null

2023-10-06 12:42:18 - [TEST_STEP][PASSED] - println(tOng): null

2023-10-06 12:42:18 - [TEST_STEP][PASSED] - totalBayar = tOng + Admin + code: null

2023-10-06 12:42:18 - [TEST_STEP][PASSED] - println(totalBayar): null

2023-10-06 12:42:18 - [TEST_STEP][PASSED] - totalBayar1 = totalBayar: null

2023-10-06 12:42:18 - [TEST_STEP][PASSED] - println(totalBayar1): null

2023-10-06 12:42:18 - [TEST_STEP][PASSED] - total = getText(findTestObject("co saldo akun/new total harga tf")): Text of object 'Object Repository/co saldo akun/new total harga tf' is: '16,954'

2023-10-06 12:42:19 - [MESSAGE][PASSED] - Text of object 'Object Repository/co saldo akun/new total harga tf' is: '16,954'

2023-10-06 12:42:19 - [TEST_STEP][PASSED] - total1 = replace(",", "").trim(): null

2023-10-06 12:42:19 - [TEST_STEP][PASSED] - total2 = Integer.parseInt(total1): null

2023-10-06 12:42:19 - [TEST_STEP][PASSED] - println(total2): null

2023-10-06 12:42:19 - [TEST_STEP][PASSED] - assert totalBayar1 == total2: null

2023-10-06 12:42:19 - [TEST_STEP][PASSED] - data = new java.util.HashMap(): null

2023-10-06 12:42:19 - [TEST_STEP][PASSED] - data.put("invoice", noPesanan): null

2023-10-06 12:42:19 - [TEST_STEP][PASSED] - data.put("namaPengirim", pengirim): null

2023-10-06 12:42:19 - [TEST_STEP][PASSED] - data.put("totalBayar", totalharga): null

2023-10-06 12:42:19 - [TEST_STEP][PASSED] - data.put("totalOngkir", tOng): null

2023-10-06 12:42:19 - [TEST_STEP][PASSED] - return data: null

2023-10-06 12:42:19 - [MESSAGE][PASSED] - Call Test Case 'Test Cases/T08 - Konfirmasi Pesanan/TC-OS-001' successfully

2023-10-06 12:42:19 - [TEST_STEP][PASSED] - noInvoice = data.get("invoice"): null

2023-10-06 12:42:19 - [TEST_STEP][PASSED] - nmPengirim = data.get("namaPengirim"): null

2023-10-06 12:42:19 - [TEST_STEP][PASSED] - ttlBayar = data.get("totalBayar"): null

2023-10-06 12:42:19 - [TEST_STEP][PASSED] - click(findTestObject("konfirmasi pesanan/a_Akun 0")): Object: 'Object Repository/konfirmasi pesanan/a_Akun 0' is clicked on

2023-10-06 12:42:20 - [MESSAGE][PASSED] - Object: 'Object Repository/konfirmasi pesanan/a_Akun 0' is clicked on

2023-10-06 12:42:20 - [TEST_STEP][PASSED] - click(findTestObject("konfirmasi order konsumen/pembelian dari akun")): Object: 'Object Repository/konfirmasi order konsumen/pembelian dari akun' is clicked on

2023-10-06 12:42:21 - [MESSAGE][PASSED] - Object: 'Object Repository/konfirmasi order konsumen/pembelian dari akun' is clicked on

2023-10-06 12:42:21 - [TEST_STEP][PASSED] - click(findTestObject("konfirmasi pesanan/new konfirmasi bayar")): Object: 'Object Repository/konfirmasi pesanan/new konfirmasi bayar' is clicked on

2023-10-06 12:42:23 - [MESSAGE][PASSED] - Object: 'Object Repository/konfirmasi pesanan/new konfirmasi bayar' is clicked on

2023-10-06 12:42:23 - [TEST_STEP][PASSED] - verifyElementPresent(findTestObject("konfirmasi pesanan/verifikasi user masuk halaman konfirmasi bayar dari akun profil"), 0): Object 'Object Repository/konfirmasi pesanan/verifikasi user masuk halaman konfirmasi bayar dari akun profil' is present

2023-10-06 12:42:24 - [MESSAGE][WARNING] - Timeout '0' is invalid. Using default page load timeout: '30'

2023-10-06 12:42:24 - [MESSAGE][PASSED] - Object 'Object Repository/konfirmasi pesanan/verifikasi user masuk halaman konfirmasi bayar dari akun profil' is present

2023-10-06 12:42:24 - [TEST_STEP][PASSED] - clearText(findTestObject("konfirmasi pesanan/input_Total TagihanTransfer_b")): Text of object 'Object Repository/konfirmasi pesanan/input_Total TagihanTransfer_b' is cleared

2023-10-06 12:42:25 - [MESSAGE][PASSED] - Text of object 'Object Repository/konfirmasi pesanan/input_Total TagihanTransfer_b' is cleared

2023-10-06 12:42:25 - [TEST_STEP][PASSED] - setText(findTestObject("konfirmasi pesanan/input_Total TagihanTransfer_b"), bayar): Text '@+-!&' is set on object 'Object Repository/konfirmasi pesanan/input_Total TagihanTransfer_b'

2023-10-06 12:42:26 - [MESSAGE][PASSED] - Text '@+-!&' is set on object 'Object Repository/konfirmasi pesanan/input_Total TagihanTransfer_b'

2023-10-06 12:42:26 - [TEST_STEP][PASSED] - selectOptionByValue(findTestObject("konfirmasi pesanan/select dropdown trasfer"), transfer, false): All options with value '1' are selected in object 'Object Repository/konfirmasi pesanan/select dropdown trasfer' 

2023-10-06 12:42:27 - [MESSAGE][PASSED] - All options with value '1' are selected in object 'Object Repository/konfirmasi pesanan/select dropdown trasfer' 

2023-10-06 12:42:27 - [TEST_STEP][PASSED] - uploadFile(findTestObject("konfirmasi pesanan/input_Upload Bukti Transfer_f"), "F:\bootcamp\Miniproject\transfer.jpg"): File 'F:\bootcamp\Miniproject\transfer.jpg' sent to object: 'Object Repository/konfirmasi pesanan/input_Upload Bukti Transfer_f'

2023-10-06 12:42:28 - [MESSAGE][PASSED] - File 'F:\bootcamp\Miniproject\transfer.jpg' sent to object: 'Object Repository/konfirmasi pesanan/input_Upload Bukti Transfer_f'

2023-10-06 12:42:28 - [TEST_STEP][PASSED] - name = getAttribute(findTestObject("Object Repository/konfirmasi pesanan/input_Nama Pengirim_d"), "value"): Attribute 'value' of object 'Object Repository/konfirmasi pesanan/input_Nama Pengirim_d' is: 'runarun'

2023-10-06 12:42:28 - [MESSAGE][PASSED] - Attribute 'value' of object 'Object Repository/konfirmasi pesanan/input_Nama Pengirim_d' is: 'runarun'

2023-10-06 12:42:28 - [TEST_STEP][PASSED] - assert name == nmPengirim: null

2023-10-06 12:42:28 - [TEST_STEP][PASSED] - assert trim().equalsIgnoreCase(nama.trim()): null

2023-10-06 12:42:28 - [TEST_STEP][PASSED] - click(findTestObject("konfirmasi pesanan/button_Konfirmasi Pembayaran")): Object: 'Object Repository/konfirmasi pesanan/button_Konfirmasi Pembayaran' is clicked on

2023-10-06 12:42:30 - [MESSAGE][PASSED] - Object: 'Object Repository/konfirmasi pesanan/button_Konfirmasi Pembayaran' is clicked on

2023-10-06 12:42:30 - [TEST_STEP][FAILED] - verifyTextPresent("Please input an valid field", false): Unable to verify text 'Please input an valid field' is present  (Root cause: com.kms.katalon.core.exception.StepFailedException: Unable to verify text 'Please input an valid field' is present 
	at com.kms.katalon.core.webui.keyword.internal.WebUIKeywordMain.stepFailed(WebUIKeywordMain.groovy:64)
	at com.kms.katalon.core.webui.keyword.internal.WebUIKeywordMain.runKeyword(WebUIKeywordMain.groovy:26)
	at com.kms.katalon.core.webui.keyword.builtin.VerifyTextPresentKeyword.verifyTextPresent(VerifyTextPresentKeyword.groovy:83)
	at com.kms.katalon.core.webui.keyword.builtin.VerifyTextPresentKeyword.execute(VerifyTextPresentKeyword.groovy:68)
	at com.kms.katalon.core.keyword.internal.KeywordExecutor.executeKeywordForPlatform(KeywordExecutor.groovy:74)
	at com.kms.katalon.core.webui.keyword.WebUiBuiltInKeywords.verifyTextPresent(WebUiBuiltInKeywords.groovy:1723)
	at com.kms.katalon.core.webui.keyword.WebUiBuiltInKeywords$verifyTextPresent$14.call(Unknown Source)
	at TC-KF-015.run(TC-KF-015:53)
	at com.kms.katalon.core.main.ScriptEngine.run(ScriptEngine.java:194)
	at com.kms.katalon.core.main.ScriptEngine.runScriptAsRawText(ScriptEngine.java:119)
	at com.kms.katalon.core.main.TestCaseExecutor.runScript(TestCaseExecutor.java:448)
	at com.kms.katalon.core.main.TestCaseExecutor.doExecute(TestCaseExecutor.java:439)
	at com.kms.katalon.core.main.TestCaseExecutor.processExecutionPhase(TestCaseExecutor.java:418)
	at com.kms.katalon.core.main.TestCaseExecutor.accessMainPhase(TestCaseExecutor.java:410)
	at com.kms.katalon.core.main.TestCaseExecutor.execute(TestCaseExecutor.java:285)
	at com.kms.katalon.core.common.CommonExecutor.accessTestCaseMainPhase(CommonExecutor.java:65)
	at com.kms.katalon.core.main.TestSuiteExecutor.accessTestSuiteMainPhase(TestSuiteExecutor.java:148)
	at com.kms.katalon.core.main.TestSuiteExecutor.execute(TestSuiteExecutor.java:106)
	at com.kms.katalon.core.main.TestCaseMain.startTestSuite(TestCaseMain.java:187)
	at com.kms.katalon.core.main.TestCaseMain$startTestSuite$0.call(Unknown Source)
	at TempTestSuite1696569176253.run(TempTestSuite1696569176253.groovy:36)
Caused by: com.kms.katalon.core.exception.StepFailedException: Text 'Please input an valid field' is not present on page 
	at com.kms.katalon.core.webui.keyword.internal.WebUIKeywordMain.stepFailed(WebUIKeywordMain.groovy:64)
	at com.kms.katalon.core.webui.keyword.builtin.VerifyTextPresentKeyword$_verifyTextPresent_closure1.doCall(VerifyTextPresentKeyword.groovy:79)
	at com.kms.katalon.core.webui.keyword.builtin.VerifyTextPresentKeyword$_verifyTextPresent_closure1.call(VerifyTextPresentKeyword.groovy)
	at com.kms.katalon.core.webui.keyword.internal.WebUIKeywordMain.runKeyword(WebUIKeywordMain.groovy:20)
	... 19 more
)

2023-10-06 12:42:31 - [MESSAGE][FAILED] - Text 'Please input an valid field' is not present on page  (Root cause: com.kms.katalon.core.exception.StepFailedException: Text 'Please input an valid field' is not present on page 
	at com.kms.katalon.core.webui.keyword.internal.WebUIKeywordMain.stepFailed(WebUIKeywordMain.groovy:64)
	at com.kms.katalon.core.webui.keyword.builtin.VerifyTextPresentKeyword$_verifyTextPresent_closure1.doCall(VerifyTextPresentKeyword.groovy:79)
	at com.kms.katalon.core.webui.keyword.builtin.VerifyTextPresentKeyword$_verifyTextPresent_closure1.call(VerifyTextPresentKeyword.groovy)
	at com.kms.katalon.core.webui.keyword.internal.WebUIKeywordMain.runKeyword(WebUIKeywordMain.groovy:20)
	at com.kms.katalon.core.webui.keyword.builtin.VerifyTextPresentKeyword.verifyTextPresent(VerifyTextPresentKeyword.groovy:83)
	at com.kms.katalon.core.webui.keyword.builtin.VerifyTextPresentKeyword.execute(VerifyTextPresentKeyword.groovy:68)
	at com.kms.katalon.core.keyword.internal.KeywordExecutor.executeKeywordForPlatform(KeywordExecutor.groovy:74)
	at com.kms.katalon.core.webui.keyword.WebUiBuiltInKeywords.verifyTextPresent(WebUiBuiltInKeywords.groovy:1723)
	at com.kms.katalon.core.webui.keyword.WebUiBuiltInKeywords$verifyTextPresent$14.call(Unknown Source)
	at TC-KF-015.run(TC-KF-015:53)
	at com.kms.katalon.core.main.ScriptEngine.run(ScriptEngine.java:194)
	at com.kms.katalon.core.main.ScriptEngine.runScriptAsRawText(ScriptEngine.java:119)
	at com.kms.katalon.core.main.TestCaseExecutor.runScript(TestCaseExecutor.java:448)
	at com.kms.katalon.core.main.TestCaseExecutor.doExecute(TestCaseExecutor.java:439)
	at com.kms.katalon.core.main.TestCaseExecutor.processExecutionPhase(TestCaseExecutor.java:418)
	at com.kms.katalon.core.main.TestCaseExecutor.accessMainPhase(TestCaseExecutor.java:410)
	at com.kms.katalon.core.main.TestCaseExecutor.execute(TestCaseExecutor.java:285)
	at com.kms.katalon.core.common.CommonExecutor.accessTestCaseMainPhase(CommonExecutor.java:65)
	at com.kms.katalon.core.main.TestSuiteExecutor.accessTestSuiteMainPhase(TestSuiteExecutor.java:148)
	at com.kms.katalon.core.main.TestSuiteExecutor.execute(TestSuiteExecutor.java:106)
	at com.kms.katalon.core.main.TestCaseMain.startTestSuite(TestCaseMain.java:187)
	at com.kms.katalon.core.main.TestCaseMain$startTestSuite$0.call(Unknown Source)
	at TempTestSuite1696569176253.run(TempTestSuite1696569176253.groovy:36)
)

2023-10-06 12:42:31 - [MESSAGE][FAILED] - Unable to verify text 'Please input an valid field' is present  (Root cause: com.kms.katalon.core.exception.StepFailedException: Unable to verify text 'Please input an valid field' is present 
	at com.kms.katalon.core.webui.keyword.internal.WebUIKeywordMain.stepFailed(WebUIKeywordMain.groovy:64)
	at com.kms.katalon.core.webui.keyword.internal.WebUIKeywordMain.runKeyword(WebUIKeywordMain.groovy:26)
	at com.kms.katalon.core.webui.keyword.builtin.VerifyTextPresentKeyword.verifyTextPresent(VerifyTextPresentKeyword.groovy:83)
	at com.kms.katalon.core.webui.keyword.builtin.VerifyTextPresentKeyword.execute(VerifyTextPresentKeyword.groovy:68)
	at com.kms.katalon.core.keyword.internal.KeywordExecutor.executeKeywordForPlatform(KeywordExecutor.groovy:74)
	at com.kms.katalon.core.webui.keyword.WebUiBuiltInKeywords.verifyTextPresent(WebUiBuiltInKeywords.groovy:1723)
	at com.kms.katalon.core.webui.keyword.WebUiBuiltInKeywords$verifyTextPresent$14.call(Unknown Source)
	at TC-KF-015.run(TC-KF-015:53)
	at com.kms.katalon.core.main.ScriptEngine.run(ScriptEngine.java:194)
	at com.kms.katalon.core.main.ScriptEngine.runScriptAsRawText(ScriptEngine.java:119)
	at com.kms.katalon.core.main.TestCaseExecutor.runScript(TestCaseExecutor.java:448)
	at com.kms.katalon.core.main.TestCaseExecutor.doExecute(TestCaseExecutor.java:439)
	at com.kms.katalon.core.main.TestCaseExecutor.processExecutionPhase(TestCaseExecutor.java:418)
	at com.kms.katalon.core.main.TestCaseExecutor.accessMainPhase(TestCaseExecutor.java:410)
	at com.kms.katalon.core.main.TestCaseExecutor.execute(TestCaseExecutor.java:285)
	at com.kms.katalon.core.common.CommonExecutor.accessTestCaseMainPhase(CommonExecutor.java:65)
	at com.kms.katalon.core.main.TestSuiteExecutor.accessTestSuiteMainPhase(TestSuiteExecutor.java:148)
	at com.kms.katalon.core.main.TestSuiteExecutor.execute(TestSuiteExecutor.java:106)
	at com.kms.katalon.core.main.TestCaseMain.startTestSuite(TestCaseMain.java:187)
	at com.kms.katalon.core.main.TestCaseMain$startTestSuite$0.call(Unknown Source)
	at TempTestSuite1696569176253.run(TempTestSuite1696569176253.groovy:36)
Caused by: com.kms.katalon.core.exception.StepFailedException: Text 'Please input an valid field' is not present on page 
	at com.kms.katalon.core.webui.keyword.internal.WebUIKeywordMain.stepFailed(WebUIKeywordMain.groovy:64)
	at com.kms.katalon.core.webui.keyword.builtin.VerifyTextPresentKeyword$_verifyTextPresent_closure1.doCall(VerifyTextPresentKeyword.groovy:79)
	at com.kms.katalon.core.webui.keyword.builtin.VerifyTextPresentKeyword$_verifyTextPresent_closure1.call(VerifyTextPresentKeyword.groovy)
	at com.kms.katalon.core.webui.keyword.internal.WebUIKeywordMain.runKeyword(WebUIKeywordMain.groovy:20)
	... 19 more
)
[[ATTACHMENT|F:\\bootcamp\\Miniproject\\Tajalapak\\Reports\\20231006_121256\\T08 - Konfirmasi Pesanan\\20231006_121256\\1696570951698.png]]]]></system-out>
         <system-err><![CDATA[2023-10-06 12:41:34 - [TEST_CASE][FAILED] - Test Cases/T08 - Konfirmasi Pesanan/TC-KF-015: Test Cases/T08 - Konfirmasi Pesanan/TC-KF-015 FAILED.
Reason:
com.kms.katalon.core.exception.StepFailedException: Unable to verify text 'Please input an valid field' is present 
	at com.kms.katalon.core.webui.keyword.internal.WebUIKeywordMain.stepFailed(WebUIKeywordMain.groovy:64)
	at com.kms.katalon.core.webui.keyword.internal.WebUIKeywordMain.runKeyword(WebUIKeywordMain.groovy:26)
	at com.kms.katalon.core.webui.keyword.builtin.VerifyTextPresentKeyword.verifyTextPresent(VerifyTextPresentKeyword.groovy:83)
	at com.kms.katalon.core.webui.keyword.builtin.VerifyTextPresentKeyword.execute(VerifyTextPresentKeyword.groovy:68)
	at com.kms.katalon.core.keyword.internal.KeywordExecutor.executeKeywordForPlatform(KeywordExecutor.groovy:74)
	at com.kms.katalon.core.webui.keyword.WebUiBuiltInKeywords.verifyTextPresent(WebUiBuiltInKeywords.groovy:1723)
	at com.kms.katalon.core.webui.keyword.WebUiBuiltInKeywords$verifyTextPresent$14.call(Unknown Source)
	at TC-KF-015.run(TC-KF-015:53)
	at com.kms.katalon.core.main.ScriptEngine.run(ScriptEngine.java:194)
	at com.kms.katalon.core.main.ScriptEngine.runScriptAsRawText(ScriptEngine.java:119)
	at com.kms.katalon.core.main.TestCaseExecutor.runScript(TestCaseExecutor.java:448)
	at com.kms.katalon.core.main.TestCaseExecutor.doExecute(TestCaseExecutor.java:439)
	at com.kms.katalon.core.main.TestCaseExecutor.processExecutionPhase(TestCaseExecutor.java:418)
	at com.kms.katalon.core.main.TestCaseExecutor.accessMainPhase(TestCaseExecutor.java:410)
	at com.kms.katalon.core.main.TestCaseExecutor.execute(TestCaseExecutor.java:285)
	at com.kms.katalon.core.common.CommonExecutor.accessTestCaseMainPhase(CommonExecutor.java:65)
	at com.kms.katalon.core.main.TestSuiteExecutor.accessTestSuiteMainPhase(TestSuiteExecutor.java:148)
	at com.kms.katalon.core.main.TestSuiteExecutor.execute(TestSuiteExecutor.java:106)
	at com.kms.katalon.core.main.TestCaseMain.startTestSuite(TestCaseMain.java:187)
	at com.kms.katalon.core.main.TestCaseMain$startTestSuite$0.call(Unknown Source)
	at TempTestSuite1696569176253.run(TempTestSuite1696569176253.groovy:36)
Caused by: com.kms.katalon.core.exception.StepFailedException: Text 'Please input an valid field' is not present on page 
	at com.kms.katalon.core.webui.keyword.internal.WebUIKeywordMain.stepFailed(WebUIKeywordMain.groovy:64)
	at com.kms.katalon.core.webui.keyword.builtin.VerifyTextPresentKeyword$_verifyTextPresent_closure1.doCall(VerifyTextPresentKeyword.groovy:79)
	at com.kms.katalon.core.webui.keyword.builtin.VerifyTextPresentKeyword$_verifyTextPresent_closure1.call(VerifyTextPresentKeyword.groovy)
	at com.kms.katalon.core.webui.keyword.internal.WebUIKeywordMain.runKeyword(WebUIKeywordMain.groovy:20)
	... 19 more]]></system-err>
      </testcase>
      <system-out><![CDATA[2023-10-06 12:13:11 - [TEST_SUITE][FAILED] - T08 - Konfirmasi Pesanan: Test Cases/T08 - Konfirmasi Pesanan/TC-KS-002 FAILED.
Reason:
com.kms.katalon.core.exception.StepFailedException: Verify element text of test object 'Object Repository/konfirmasi pesanan/verifikasi sudah melakukan konfirmasi sekali di menu akun' FAILED.
	at com.kms.katalon.core.webui.keyword.internal.WebUIKeywordMain.stepFailed(WebUIKeywordMain.groovy:64)
	at com.kms.katalon.core.webui.keyword.internal.WebUIKeywordMain.runKeyword(WebUIKeywordMain.groovy:26)
	at com.kms.katalon.core.webui.keyword.builtin.VerifyElementTextKeyword.verifyElementText(VerifyElementTextKeyword.groovy:72)
	at com.kms.katalon.core.webui.keyword.builtin.VerifyElementTextKeyword.execute(VerifyElementTextKeyword.groovy:40)
	at com.kms.katalon.core.keyword.internal.KeywordExecutor.executeKeywordForPlatform(KeywordExecutor.groovy:74)
	at com.kms.katalon.core.webui.keyword.WebUiBuiltInKeywords.verifyElementText(WebUiBuiltInKeywords.groovy:4749)
	at com.kms.katalon.core.webui.keyword.WebUiBuiltInKeywords$verifyElementText$10.call(Unknown Source)
	at TC-KS-002.run(TC-KS-002:35)
	at com.kms.katalon.core.main.ScriptEngine.run(ScriptEngine.java:194)
	at com.kms.katalon.core.main.ScriptEngine.runScriptAsRawText(ScriptEngine.java:119)
	at com.kms.katalon.core.main.TestCaseExecutor.runScript(TestCaseExecutor.java:448)
	at com.kms.katalon.core.main.TestCaseExecutor.doExecute(TestCaseExecutor.java:439)
	at com.kms.katalon.core.main.TestCaseExecutor.processExecutionPhase(TestCaseExecutor.java:418)
	at com.kms.katalon.core.main.TestCaseExecutor.accessMainPhase(TestCaseExecutor.java:410)
	at com.kms.katalon.core.main.TestCaseExecutor.execute(TestCaseExecutor.java:285)
	at com.kms.katalon.core.common.CommonExecutor.accessTestCaseMainPhase(CommonExecutor.java:65)
	at com.kms.katalon.core.main.TestSuiteExecutor.accessTestSuiteMainPhase(TestSuiteExecutor.java:148)
	at com.kms.katalon.core.main.TestSuiteExecutor.execute(TestSuiteExecutor.java:106)
	at com.kms.katalon.core.main.TestCaseMain.startTestSuite(TestCaseMain.java:187)
	at com.kms.katalon.core.main.TestCaseMain$startTestSuite$0.call(Unknown Source)
	at TempTestSuite1696569176253.run(TempTestSuite1696569176253.groovy:36)
Caused by: com.kms.katalon.core.exception.StepFailedException: Actual text 'PENTING - Pesanan ini sudah dikonfirmasi Sebelumnya sebanyak 1 kali,..' and expected text 'Sukses Melakukan Konfirmasi Pesanan!' of test object 'Object Repository/konfirmasi pesanan/verifikasi sudah melakukan konfirmasi sekali di menu akun' are NOT matched.
	at com.kms.katalon.core.webui.keyword.internal.WebUIKeywordMain.stepFailed(WebUIKeywordMain.groovy:64)
	at com.kms.katalon.core.webui.keyword.builtin.VerifyElementTextKeyword$_verifyElementText_closure1.doCall(VerifyElementTextKeyword.groovy:57)
	at com.kms.katalon.core.webui.keyword.builtin.VerifyElementTextKeyword$_verifyElementText_closure1.call(VerifyElementTextKeyword.groovy)
	at com.kms.katalon.core.webui.keyword.internal.WebUIKeywordMain.runKeyword(WebUIKeywordMain.groovy:20)
	... 19 more]]></system-out>
      <system-err><![CDATA[2023-10-06 12:13:11 - [TEST_SUITE][FAILED] - T08 - Konfirmasi Pesanan: Test Cases/T08 - Konfirmasi Pesanan/TC-KS-002 FAILED.
Reason:
com.kms.katalon.core.exception.StepFailedException: Verify element text of test object 'Object Repository/konfirmasi pesanan/verifikasi sudah melakukan konfirmasi sekali di menu akun' FAILED.
	at com.kms.katalon.core.webui.keyword.internal.WebUIKeywordMain.stepFailed(WebUIKeywordMain.groovy:64)
	at com.kms.katalon.core.webui.keyword.internal.WebUIKeywordMain.runKeyword(WebUIKeywordMain.groovy:26)
	at com.kms.katalon.core.webui.keyword.builtin.VerifyElementTextKeyword.verifyElementText(VerifyElementTextKeyword.groovy:72)
	at com.kms.katalon.core.webui.keyword.builtin.VerifyElementTextKeyword.execute(VerifyElementTextKeyword.groovy:40)
	at com.kms.katalon.core.keyword.internal.KeywordExecutor.executeKeywordForPlatform(KeywordExecutor.groovy:74)
	at com.kms.katalon.core.webui.keyword.WebUiBuiltInKeywords.verifyElementText(WebUiBuiltInKeywords.groovy:4749)
	at com.kms.katalon.core.webui.keyword.WebUiBuiltInKeywords$verifyElementText$10.call(Unknown Source)
	at TC-KS-002.run(TC-KS-002:35)
	at com.kms.katalon.core.main.ScriptEngine.run(ScriptEngine.java:194)
	at com.kms.katalon.core.main.ScriptEngine.runScriptAsRawText(ScriptEngine.java:119)
	at com.kms.katalon.core.main.TestCaseExecutor.runScript(TestCaseExecutor.java:448)
	at com.kms.katalon.core.main.TestCaseExecutor.doExecute(TestCaseExecutor.java:439)
	at com.kms.katalon.core.main.TestCaseExecutor.processExecutionPhase(TestCaseExecutor.java:418)
	at com.kms.katalon.core.main.TestCaseExecutor.accessMainPhase(TestCaseExecutor.java:410)
	at com.kms.katalon.core.main.TestCaseExecutor.execute(TestCaseExecutor.java:285)
	at com.kms.katalon.core.common.CommonExecutor.accessTestCaseMainPhase(CommonExecutor.java:65)
	at com.kms.katalon.core.main.TestSuiteExecutor.accessTestSuiteMainPhase(TestSuiteExecutor.java:148)
	at com.kms.katalon.core.main.TestSuiteExecutor.execute(TestSuiteExecutor.java:106)
	at com.kms.katalon.core.main.TestCaseMain.startTestSuite(TestCaseMain.java:187)
	at com.kms.katalon.core.main.TestCaseMain$startTestSuite$0.call(Unknown Source)
	at TempTestSuite1696569176253.run(TempTestSuite1696569176253.groovy:36)
Caused by: com.kms.katalon.core.exception.StepFailedException: Actual text 'PENTING - Pesanan ini sudah dikonfirmasi Sebelumnya sebanyak 1 kali,..' and expected text 'Sukses Melakukan Konfirmasi Pesanan!' of test object 'Object Repository/konfirmasi pesanan/verifikasi sudah melakukan konfirmasi sekali di menu akun' are NOT matched.
	at com.kms.katalon.core.webui.keyword.internal.WebUIKeywordMain.stepFailed(WebUIKeywordMain.groovy:64)
	at com.kms.katalon.core.webui.keyword.builtin.VerifyElementTextKeyword$_verifyElementText_closure1.doCall(VerifyElementTextKeyword.groovy:57)
	at com.kms.katalon.core.webui.keyword.builtin.VerifyElementTextKeyword$_verifyElementText_closure1.call(VerifyElementTextKeyword.groovy)
	at com.kms.katalon.core.webui.keyword.internal.WebUIKeywordMain.runKeyword(WebUIKeywordMain.groovy:20)
	... 19 more]]></system-err>
   </testsuite>
</testsuites>
