<?xml version="1.0" encoding="UTF-8"?>
<testsuites name="T08 - Konfirmasi Pesanan" time="1143.498" tests="29" failures="12" errors="0">
   <testsuite name="T08 - Konfirmasi Pesanan" tests="29" failures="12" errors="0" time="1143.498" skipped="0" timestamp="2023-09-29 15:03:18" hostname="USER - DESKTOP-22KTP91" id="Test Suites/T08 - Konfirmasi Pesanan">
      <properties>
         <property name="deviceName" value=""/>
         <property name="devicePlatform" value=""/>
         <property name="logFolder" value="F:\\bootcamp\\Miniproject\\Tajalapak\\Reports\\20230929_150256\\T08 - Konfirmasi Pesanan\\20230929_150256"/>
         <property name="logFiles" value="F:\\bootcamp\\Miniproject\\Tajalapak\\Reports\\20230929_150256\\T08 - Konfirmasi Pesanan\\20230929_150256\\execution0.log"/>
         <property name="attachments" value="F:\\bootcamp\\Miniproject\\Tajalapak\\Reports\\20230929_150256\\T08 - Konfirmasi Pesanan\\20230929_150256\\1695974752392.png, F:\\bootcamp\\Miniproject\\Tajalapak\\Reports\\20230929_150256\\T08 - Konfirmasi Pesanan\\20230929_150256\\1695974752769.png, F:\\bootcamp\\Miniproject\\Tajalapak\\Reports\\20230929_150256\\T08 - Konfirmasi Pesanan\\20230929_150256\\1695975367580.png, F:\\bootcamp\\Miniproject\\Tajalapak\\Reports\\20230929_150256\\T08 - Konfirmasi Pesanan\\20230929_150256\\1695975382192.png, F:\\bootcamp\\Miniproject\\Tajalapak\\Reports\\20230929_150256\\T08 - Konfirmasi Pesanan\\20230929_150256\\1695975420468.png, F:\\bootcamp\\Miniproject\\Tajalapak\\Reports\\20230929_150256\\T08 - Konfirmasi Pesanan\\20230929_150256\\1695975459445.png, F:\\bootcamp\\Miniproject\\Tajalapak\\Reports\\20230929_150256\\T08 - Konfirmasi Pesanan\\20230929_150256\\1695975530235.png, F:\\bootcamp\\Miniproject\\Tajalapak\\Reports\\20230929_150256\\T08 - Konfirmasi Pesanan\\20230929_150256\\1695975566563.png, F:\\bootcamp\\Miniproject\\Tajalapak\\Reports\\20230929_150256\\T08 - Konfirmasi Pesanan\\20230929_150256\\1695975602355.png, F:\\bootcamp\\Miniproject\\Tajalapak\\Reports\\20230929_150256\\T08 - Konfirmasi Pesanan\\20230929_150256\\1695975637954.png, F:\\bootcamp\\Miniproject\\Tajalapak\\Reports\\20230929_150256\\T08 - Konfirmasi Pesanan\\20230929_150256\\1695975672197.png, F:\\bootcamp\\Miniproject\\Tajalapak\\Reports\\20230929_150256\\T08 - Konfirmasi Pesanan\\20230929_150256\\1695975706194.png, F:\\bootcamp\\Miniproject\\Tajalapak\\Reports\\20230929_150256\\T08 - Konfirmasi Pesanan\\20230929_150256\\1695975742198.png"/>
         <property name="hostName" value="USER - DESKTOP-22KTP91"/>
         <property name="os" value="Windows 10 64bit"/>
         <property name="katalonVersion" value="8.6.5.208"/>
         <property name="browser" value="Firefox 117.0"/>
         <property name="hostAddress" value="10.9.2.65"/>
         <property name="sessionId" value="dab06a58-df5f-43e2-9666-c8dabe2af6b1"/>
         <property name="seleniumVersion" value="3.141.59"/>
         <property name="proxyInformation" value="ProxyInformation { proxyOption=NO_PROXY, proxyServerType=HTTP, username=, password=********, proxyServerAddress=, proxyServerPort=0, executionList=&quot;&quot;, isApplyToDesiredCapabilities=true }"/>
         <property name="platform" value="Windows 10"/>
      </properties>
      <testcase name="Test Cases/T08 - Konfirmasi Pesanan/TC-LS-001" time="14.131" classname="Test Cases/T08 - Konfirmasi Pesanan/TC-LS-001" status="PASSED">
         <system-out><![CDATA[2023-09-29 15:03:19 - [TEST_CASE][PASSED] - Test Cases/T08 - Konfirmasi Pesanan/TC-LS-001: Test Cases/T08 - Konfirmasi Pesanan/TC-LS-001

2023-09-29 15:03:19 - [TEST_STEP][PASSED] - openBrowser(urlWeb): Browser is opened with url: 'https://10.9.2.63/ecommerce/'

2023-09-29 15:03:20 - [MESSAGE][INFO] - Starting 'Firefox' driver

2023-09-29 15:03:20 - [MESSAGE][INFO] - Action delay is set to 0 milliseconds

2023-09-29 15:03:29 - [MESSAGE][PASSED] - Browser is opened with url: 'https://10.9.2.63/ecommerce/'

2023-09-29 15:03:29 - [TEST_STEP][PASSED] - maximizeWindow(): Current window maximized

2023-09-29 15:03:29 - [MESSAGE][PASSED] - Current window maximized

2023-09-29 15:03:29 - [TEST_STEP][PASSED] - click(findTestObject("Login/a_Login")): Object: 'Object Repository/Login/a_Login' is clicked on

2023-09-29 15:03:30 - [MESSAGE][PASSED] - Object: 'Object Repository/Login/a_Login' is clicked on

2023-09-29 15:03:30 - [TEST_STEP][PASSED] - setText(findTestObject("Login/input_Username, Email atau No. Handphone_a"), "runa36"): Text 'runa36' is set on object 'Object Repository/Login/input_Username, Email atau No. Handphone_a'

2023-09-29 15:03:31 - [MESSAGE][PASSED] - Text 'runa36' is set on object 'Object Repository/Login/input_Username, Email atau No. Handphone_a'

2023-09-29 15:03:31 - [TEST_STEP][PASSED] - setEncryptedText(findTestObject("Login/input_Password di Login(Masuk)"), "qbkrdMwyWE4="): Text ****** has been set on object 'Object Repository/Login/input_Password di Login(Masuk)'

2023-09-29 15:03:31 - [MESSAGE][PASSED] - Text ****** has been set on object 'Object Repository/Login/input_Password di Login(Masuk)'

2023-09-29 15:03:31 - [TEST_STEP][PASSED] - click(findTestObject("Login/button_Masuk di halaman login")): Object: 'Object Repository/Login/button_Masuk di halaman login' is clicked on

2023-09-29 15:03:33 - [MESSAGE][PASSED] - Object: 'Object Repository/Login/button_Masuk di halaman login' is clicked on

2023-09-29 15:03:33 - [TEST_STEP][PASSED] - verifyElementPresent(findTestObject("Pendaftaran/verifikasi MASUK di halaman Login"), 0): Object 'Object Repository/Pendaftaran/verifikasi MASUK di halaman Login' is present

2023-09-29 15:03:33 - [MESSAGE][WARNING] - Timeout '0' is invalid. Using default page load timeout: '30'

2023-09-29 15:03:33 - [MESSAGE][PASSED] - Object 'Object Repository/Pendaftaran/verifikasi MASUK di halaman Login' is present]]></system-out>
         <system-err><![CDATA[]]></system-err>
      </testcase>
      <testcase name="Test Cases/T08 - Konfirmasi Pesanan/TC-OS-001" time="30.779" classname="Test Cases/T08 - Konfirmasi Pesanan/TC-OS-001" status="PASSED">
         <system-out><![CDATA[2023-09-29 15:03:33 - [TEST_CASE][PASSED] - Test Cases/T08 - Konfirmasi Pesanan/TC-OS-001: Test Cases/T08 - Konfirmasi Pesanan/TC-OS-001

2023-09-29 15:03:34 - [TEST_STEP][PASSED] - callTestCase(findTestCase("T08 - Konfirmasi Pesanan/TC-LS-001"), [:], STOP_ON_FAILURE): Call Test Case 'Test Cases/T08 - Konfirmasi Pesanan/TC-LS-001' successfully

2023-09-29 15:03:34 - [TEST_CASE][PASSED] - Test Cases/T08 - Konfirmasi Pesanan/TC-LS-001: Test Cases/T08 - Konfirmasi Pesanan/TC-LS-001

2023-09-29 15:03:34 - [TEST_STEP][PASSED] - openBrowser(urlWeb): Browser is opened with url: 'https://10.9.2.63/ecommerce/'

2023-09-29 15:03:34 - [MESSAGE][WARNING] - A browser is already opened. Closing browser and opening a new one

2023-09-29 15:03:35 - [MESSAGE][INFO] - Starting 'Firefox' driver

2023-09-29 15:03:35 - [MESSAGE][INFO] - Action delay is set to 0 milliseconds

2023-09-29 15:03:41 - [MESSAGE][PASSED] - Browser is opened with url: 'https://10.9.2.63/ecommerce/'

2023-09-29 15:03:41 - [TEST_STEP][PASSED] - maximizeWindow(): Current window maximized

2023-09-29 15:03:41 - [MESSAGE][PASSED] - Current window maximized

2023-09-29 15:03:41 - [TEST_STEP][PASSED] - click(findTestObject("Login/a_Login")): Object: 'Object Repository/Login/a_Login' is clicked on

2023-09-29 15:03:42 - [MESSAGE][PASSED] - Object: 'Object Repository/Login/a_Login' is clicked on

2023-09-29 15:03:42 - [TEST_STEP][PASSED] - setText(findTestObject("Login/input_Username, Email atau No. Handphone_a"), "runa36"): Text 'runa36' is set on object 'Object Repository/Login/input_Username, Email atau No. Handphone_a'

2023-09-29 15:03:43 - [MESSAGE][PASSED] - Text 'runa36' is set on object 'Object Repository/Login/input_Username, Email atau No. Handphone_a'

2023-09-29 15:03:43 - [TEST_STEP][PASSED] - setEncryptedText(findTestObject("Login/input_Password di Login(Masuk)"), "qbkrdMwyWE4="): Text ****** has been set on object 'Object Repository/Login/input_Password di Login(Masuk)'

2023-09-29 15:03:43 - [MESSAGE][PASSED] - Text ****** has been set on object 'Object Repository/Login/input_Password di Login(Masuk)'

2023-09-29 15:03:43 - [TEST_STEP][PASSED] - click(findTestObject("Login/button_Masuk di halaman login")): Object: 'Object Repository/Login/button_Masuk di halaman login' is clicked on

2023-09-29 15:03:44 - [MESSAGE][PASSED] - Object: 'Object Repository/Login/button_Masuk di halaman login' is clicked on

2023-09-29 15:03:44 - [TEST_STEP][PASSED] - verifyElementPresent(findTestObject("Pendaftaran/verifikasi MASUK di halaman Login"), 0): Object 'Object Repository/Pendaftaran/verifikasi MASUK di halaman Login' is present

2023-09-29 15:03:44 - [MESSAGE][WARNING] - Timeout '0' is invalid. Using default page load timeout: '30'

2023-09-29 15:03:44 - [MESSAGE][PASSED] - Object 'Object Repository/Pendaftaran/verifikasi MASUK di halaman Login' is present

2023-09-29 15:03:44 - [MESSAGE][PASSED] - Call Test Case 'Test Cases/T08 - Konfirmasi Pesanan/TC-LS-001' successfully

2023-09-29 15:03:44 - [TEST_STEP][PASSED] - setText(findTestObject("chekout/input aku mau belanja"), "acer"): Text 'acer' is set on object 'Object Repository/chekout/input aku mau belanja'

2023-09-29 15:03:45 - [MESSAGE][PASSED] - Text 'acer' is set on object 'Object Repository/chekout/input aku mau belanja'

2023-09-29 15:03:45 - [TEST_STEP][PASSED] - click(findTestObject("chekout/button_Cari di halaman tajalapak")): Object: 'Object Repository/chekout/button_Cari di halaman tajalapak' is clicked on

2023-09-29 15:03:46 - [MESSAGE][PASSED] - Object: 'Object Repository/chekout/button_Cari di halaman tajalapak' is clicked on

2023-09-29 15:03:46 - [TEST_STEP][PASSED] - click(findTestObject("chekout/NEW read more acer")): Object: 'Object Repository/chekout/NEW read more acer' is clicked on

2023-09-29 15:03:47 - [MESSAGE][PASSED] - Object: 'Object Repository/chekout/NEW read more acer' is clicked on

2023-09-29 15:03:47 - [TEST_STEP][PASSED] - click(findTestObject("chekout/button_Beli Sekarang di detail produk")): Object: 'Object Repository/chekout/button_Beli Sekarang di detail produk' is clicked on

2023-09-29 15:03:48 - [MESSAGE][PASSED] - Object: 'Object Repository/chekout/button_Beli Sekarang di detail produk' is clicked on

2023-09-29 15:03:48 - [TEST_STEP][PASSED] - verifyElementPresent(findTestObject("chekout/halaman keranjang belanja"), 0): Object 'Object Repository/chekout/halaman keranjang belanja' is present

2023-09-29 15:03:49 - [MESSAGE][WARNING] - Timeout '0' is invalid. Using default page load timeout: '30'

2023-09-29 15:03:49 - [MESSAGE][PASSED] - Object 'Object Repository/chekout/halaman keranjang belanja' is present

2023-09-29 15:03:49 - [TEST_STEP][PASSED] - click(findTestObject("chekout/button_Lanjut ke Pembayaran")): Object: 'Object Repository/chekout/button_Lanjut ke Pembayaran' is clicked on

2023-09-29 15:03:51 - [MESSAGE][PASSED] - Object: 'Object Repository/chekout/button_Lanjut ke Pembayaran' is clicked on

2023-09-29 15:03:51 - [TEST_STEP][PASSED] - selectOptionByValue(findTestObject("Object Repository/chekout/select_- Kirim via Kurir Lokal -Roda 2Roda 4"), Roda, false): All options with value '2' are selected in object 'Object Repository/chekout/select_- Kirim via Kurir Lokal -Roda 2Roda 4' 

2023-09-29 15:03:52 - [MESSAGE][PASSED] - All options with value '2' are selected in object 'Object Repository/chekout/select_- Kirim via Kurir Lokal -Roda 2Roda 4' 

2023-09-29 15:03:52 - [TEST_STEP][PASSED] - click(findTestObject("chekout/jenis kendaraan")): Object: 'Object Repository/chekout/jenis kendaraan' is clicked on

2023-09-29 15:03:52 - [MESSAGE][PASSED] - Object: 'Object Repository/chekout/jenis kendaraan' is clicked on

2023-09-29 15:03:52 - [TEST_STEP][PASSED] - if (toString().equalsIgnoreCase("transfer")): Object 'Object Repository/chekout/input metode tf bank' is checked

2023-09-29 15:03:52 - [TEST_STEP][PASSED] - check(findTestObject("chekout/input metode tf bank")): Object 'Object Repository/chekout/input metode tf bank' is checked

2023-09-29 15:03:53 - [MESSAGE][PASSED] - Object 'Object Repository/chekout/input metode tf bank' is checked

2023-09-29 15:03:53 - [TEST_STEP][PASSED] - click(findTestObject("chekout/button_Proses Pembayaran")): Object: 'Object Repository/chekout/button_Proses Pembayaran' is clicked on

2023-09-29 15:03:59 - [MESSAGE][PASSED] - Object: 'Object Repository/chekout/button_Proses Pembayaran' is clicked on

2023-09-29 15:03:59 - [TEST_STEP][PASSED] - noPesanan = getText(findTestObject("Object Repository/chekout/nomor invoice dari halaman menunggu pembayaran")): Text of object 'Object Repository/chekout/nomor invoice dari halaman menunggu pembayaran' is: 'TRX91.20230929150353'

2023-09-29 15:04:00 - [MESSAGE][PASSED] - Text of object 'Object Repository/chekout/nomor invoice dari halaman menunggu pembayaran' is: 'TRX91.20230929150353'

2023-09-29 15:04:00 - [TEST_STEP][PASSED] - println(noPesanan): null

2023-09-29 15:04:00 - [TEST_STEP][PASSED] - pengirim = getText(findTestObject("Object Repository/chekout/dikirim kepada sama dengan pengirim di tf di konfirmaasi bayar")): Text of object 'Object Repository/chekout/dikirim kepada sama dengan pengirim di tf di konfirmaasi bayar' is: 'runarun'

2023-09-29 15:04:01 - [MESSAGE][PASSED] - Text of object 'Object Repository/chekout/dikirim kepada sama dengan pengirim di tf di konfirmaasi bayar' is: 'runarun'

2023-09-29 15:04:01 - [TEST_STEP][PASSED] - totalharga = getText(findTestObject("Object Repository/chekout/total harga bayar")): Text of object 'Object Repository/chekout/total harga bayar' is: '17,099'

2023-09-29 15:04:01 - [MESSAGE][PASSED] - Text of object 'Object Repository/chekout/total harga bayar' is: '17,099'

2023-09-29 15:04:01 - [TEST_STEP][PASSED] - ongkir = getText(findTestObject("co saldo akun/new ongkir tf")): Text of object 'Object Repository/co saldo akun/new ongkir tf' is: 'Rp 13,000'

2023-09-29 15:04:02 - [MESSAGE][PASSED] - Text of object 'Object Repository/co saldo akun/new ongkir tf' is: 'Rp 13,000'

2023-09-29 15:04:02 - [TEST_STEP][PASSED] - ongkirr = replace(",", "").trim(): null

2023-09-29 15:04:02 - [TEST_STEP][PASSED] - ongkir1 = Integer.parseInt(ongkirr): null

2023-09-29 15:04:02 - [TEST_STEP][PASSED] - println(ongkir1): null

2023-09-29 15:04:02 - [TEST_STEP][PASSED] - biayaAdmin = getText(findTestObject("co saldo akun/new fee admin tf")): Text of object 'Object Repository/co saldo akun/new fee admin tf' is: 'Rp 1,500'

2023-09-29 15:04:02 - [MESSAGE][PASSED] - Text of object 'Object Repository/co saldo akun/new fee admin tf' is: 'Rp 1,500'

2023-09-29 15:04:02 - [TEST_STEP][PASSED] - bAdmin = replace(",", "").trim(): null

2023-09-29 15:04:02 - [TEST_STEP][PASSED] - Integer.parseInt(bAdmin): null

2023-09-29 15:04:02 - [TEST_STEP][PASSED] - Admin = Double.parseDouble(bAdmin): null

2023-09-29 15:04:02 - [TEST_STEP][PASSED] - println(Admin): null

2023-09-29 15:04:02 - [TEST_STEP][PASSED] - subtotal = getText(findTestObject("co saldo akun/new subtotal tf")): Text of object 'Object Repository/co saldo akun/new subtotal tf' is: 'Rp 2,246'

2023-09-29 15:04:03 - [MESSAGE][PASSED] - Text of object 'Object Repository/co saldo akun/new subtotal tf' is: 'Rp 2,246'

2023-09-29 15:04:03 - [TEST_STEP][PASSED] - subtotall = replace(",", "").trim(): null

2023-09-29 15:04:03 - [TEST_STEP][PASSED] - Integer.parseInt(subtotall): null

2023-09-29 15:04:03 - [TEST_STEP][PASSED] - sub = Double.parseDouble(subtotall): null

2023-09-29 15:04:03 - [TEST_STEP][PASSED] - println(sub): null

2023-09-29 15:04:03 - [TEST_STEP][PASSED] - kode = getText(findTestObject("co saldo akun/new kode unik tf")): Text of object 'Object Repository/co saldo akun/new kode unik tf' is: '+353'

2023-09-29 15:04:04 - [MESSAGE][PASSED] - Text of object 'Object Repository/co saldo akun/new kode unik tf' is: '+353'

2023-09-29 15:04:04 - [TEST_STEP][PASSED] - kodee = replace("+", "").trim(): null

2023-09-29 15:04:04 - [TEST_STEP][PASSED] - Integer.parseInt(kodee): null

2023-09-29 15:04:04 - [TEST_STEP][PASSED] - code = Double.parseDouble(kodee): null

2023-09-29 15:04:04 - [TEST_STEP][PASSED] - tOng = ongkir1 + sub: null

2023-09-29 15:04:04 - [TEST_STEP][PASSED] - println(tOng): null

2023-09-29 15:04:04 - [TEST_STEP][PASSED] - totalBayar = tOng + Admin + code: null

2023-09-29 15:04:04 - [TEST_STEP][PASSED] - println(totalBayar): null

2023-09-29 15:04:04 - [TEST_STEP][PASSED] - totalBayar1 = totalBayar: null

2023-09-29 15:04:04 - [TEST_STEP][PASSED] - println(totalBayar1): null

2023-09-29 15:04:04 - [TEST_STEP][PASSED] - total = getText(findTestObject("co saldo akun/new total harga tf")): Text of object 'Object Repository/co saldo akun/new total harga tf' is: '17,099'

2023-09-29 15:04:04 - [MESSAGE][PASSED] - Text of object 'Object Repository/co saldo akun/new total harga tf' is: '17,099'

2023-09-29 15:04:04 - [TEST_STEP][PASSED] - total1 = replace(",", "").trim(): null

2023-09-29 15:04:04 - [TEST_STEP][PASSED] - total2 = Integer.parseInt(total1): null

2023-09-29 15:04:04 - [TEST_STEP][PASSED] - println(total2): null

2023-09-29 15:04:04 - [TEST_STEP][PASSED] - assert totalBayar1 == total2: null

2023-09-29 15:04:04 - [TEST_STEP][PASSED] - data = new java.util.HashMap(): null

2023-09-29 15:04:04 - [TEST_STEP][PASSED] - data.put("invoice", noPesanan): null

2023-09-29 15:04:04 - [TEST_STEP][PASSED] - data.put("namaPengirim", pengirim): null

2023-09-29 15:04:04 - [TEST_STEP][PASSED] - data.put("totalBayar", totalharga): null

2023-09-29 15:04:04 - [TEST_STEP][PASSED] - data.put("totalOngkir", tOng): null

2023-09-29 15:04:04 - [TEST_STEP][PASSED] - return data: null]]></system-out>
         <system-err><![CDATA[]]></system-err>
      </testcase>
      <testcase name="Test Cases/T08 - Konfirmasi Pesanan/TC-OS-002" time="28.584" classname="Test Cases/T08 - Konfirmasi Pesanan/TC-OS-002" status="PASSED">
         <system-out><![CDATA[2023-09-29 15:04:04 - [TEST_CASE][PASSED] - Test Cases/T08 - Konfirmasi Pesanan/TC-OS-002: Test Cases/T08 - Konfirmasi Pesanan/TC-OS-002

2023-09-29 15:04:05 - [TEST_STEP][PASSED] - callTestCase(findTestCase("T08 - Konfirmasi Pesanan/TC-LS-001"), [:], STOP_ON_FAILURE): Call Test Case 'Test Cases/T08 - Konfirmasi Pesanan/TC-LS-001' successfully

2023-09-29 15:04:05 - [TEST_CASE][PASSED] - Test Cases/T08 - Konfirmasi Pesanan/TC-LS-001: Test Cases/T08 - Konfirmasi Pesanan/TC-LS-001

2023-09-29 15:04:05 - [TEST_STEP][PASSED] - openBrowser(urlWeb): Browser is opened with url: 'https://10.9.2.63/ecommerce/'

2023-09-29 15:04:06 - [MESSAGE][WARNING] - A browser is already opened. Closing browser and opening a new one

2023-09-29 15:04:07 - [MESSAGE][INFO] - Starting 'Firefox' driver

2023-09-29 15:04:07 - [MESSAGE][INFO] - Action delay is set to 0 milliseconds

2023-09-29 15:04:12 - [MESSAGE][PASSED] - Browser is opened with url: 'https://10.9.2.63/ecommerce/'

2023-09-29 15:04:12 - [TEST_STEP][PASSED] - maximizeWindow(): Current window maximized

2023-09-29 15:04:12 - [MESSAGE][PASSED] - Current window maximized

2023-09-29 15:04:12 - [TEST_STEP][PASSED] - click(findTestObject("Login/a_Login")): Object: 'Object Repository/Login/a_Login' is clicked on

2023-09-29 15:04:13 - [MESSAGE][PASSED] - Object: 'Object Repository/Login/a_Login' is clicked on

2023-09-29 15:04:13 - [TEST_STEP][PASSED] - setText(findTestObject("Login/input_Username, Email atau No. Handphone_a"), "runa36"): Text 'runa36' is set on object 'Object Repository/Login/input_Username, Email atau No. Handphone_a'

2023-09-29 15:04:14 - [MESSAGE][PASSED] - Text 'runa36' is set on object 'Object Repository/Login/input_Username, Email atau No. Handphone_a'

2023-09-29 15:04:14 - [TEST_STEP][PASSED] - setEncryptedText(findTestObject("Login/input_Password di Login(Masuk)"), "qbkrdMwyWE4="): Text ****** has been set on object 'Object Repository/Login/input_Password di Login(Masuk)'

2023-09-29 15:04:14 - [MESSAGE][PASSED] - Text ****** has been set on object 'Object Repository/Login/input_Password di Login(Masuk)'

2023-09-29 15:04:14 - [TEST_STEP][PASSED] - click(findTestObject("Login/button_Masuk di halaman login")): Object: 'Object Repository/Login/button_Masuk di halaman login' is clicked on

2023-09-29 15:04:15 - [MESSAGE][PASSED] - Object: 'Object Repository/Login/button_Masuk di halaman login' is clicked on

2023-09-29 15:04:15 - [TEST_STEP][PASSED] - verifyElementPresent(findTestObject("Pendaftaran/verifikasi MASUK di halaman Login"), 0): Object 'Object Repository/Pendaftaran/verifikasi MASUK di halaman Login' is present

2023-09-29 15:04:15 - [MESSAGE][WARNING] - Timeout '0' is invalid. Using default page load timeout: '30'

2023-09-29 15:04:16 - [MESSAGE][PASSED] - Object 'Object Repository/Pendaftaran/verifikasi MASUK di halaman Login' is present

2023-09-29 15:04:16 - [MESSAGE][PASSED] - Call Test Case 'Test Cases/T08 - Konfirmasi Pesanan/TC-LS-001' successfully

2023-09-29 15:04:16 - [TEST_STEP][PASSED] - setText(findTestObject("chekout/input aku mau belanja"), "acer"): Text 'acer' is set on object 'Object Repository/chekout/input aku mau belanja'

2023-09-29 15:04:16 - [MESSAGE][PASSED] - Text 'acer' is set on object 'Object Repository/chekout/input aku mau belanja'

2023-09-29 15:04:16 - [TEST_STEP][PASSED] - click(findTestObject("chekout/button_Cari di halaman tajalapak")): Object: 'Object Repository/chekout/button_Cari di halaman tajalapak' is clicked on

2023-09-29 15:04:17 - [MESSAGE][PASSED] - Object: 'Object Repository/chekout/button_Cari di halaman tajalapak' is clicked on

2023-09-29 15:04:17 - [TEST_STEP][PASSED] - click(findTestObject("chekout/NEW read more acer")): Object: 'Object Repository/chekout/NEW read more acer' is clicked on

2023-09-29 15:04:18 - [MESSAGE][PASSED] - Object: 'Object Repository/chekout/NEW read more acer' is clicked on

2023-09-29 15:04:18 - [TEST_STEP][PASSED] - click(findTestObject("chekout/button_Beli Sekarang di detail produk")): Object: 'Object Repository/chekout/button_Beli Sekarang di detail produk' is clicked on

2023-09-29 15:04:20 - [MESSAGE][PASSED] - Object: 'Object Repository/chekout/button_Beli Sekarang di detail produk' is clicked on

2023-09-29 15:04:20 - [TEST_STEP][PASSED] - verifyElementPresent(findTestObject("chekout/halaman keranjang belanja"), 0): Object 'Object Repository/chekout/halaman keranjang belanja' is present

2023-09-29 15:04:20 - [MESSAGE][WARNING] - Timeout '0' is invalid. Using default page load timeout: '30'

2023-09-29 15:04:20 - [MESSAGE][PASSED] - Object 'Object Repository/chekout/halaman keranjang belanja' is present

2023-09-29 15:04:20 - [TEST_STEP][PASSED] - click(findTestObject("chekout/button_Lanjut ke Pembayaran")): Object: 'Object Repository/chekout/button_Lanjut ke Pembayaran' is clicked on

2023-09-29 15:04:21 - [MESSAGE][PASSED] - Object: 'Object Repository/chekout/button_Lanjut ke Pembayaran' is clicked on

2023-09-29 15:04:21 - [TEST_STEP][PASSED] - selectOptionByValue(findTestObject("Object Repository/chekout/select_- Kirim via Kurir Lokal -Roda 2Roda 4"), Roda, false): All options with value '2' are selected in object 'Object Repository/chekout/select_- Kirim via Kurir Lokal -Roda 2Roda 4' 

2023-09-29 15:04:23 - [MESSAGE][PASSED] - All options with value '2' are selected in object 'Object Repository/chekout/select_- Kirim via Kurir Lokal -Roda 2Roda 4' 

2023-09-29 15:04:23 - [TEST_STEP][PASSED] - click(findTestObject("chekout/jenis kendaraan")): Object: 'Object Repository/chekout/jenis kendaraan' is clicked on

2023-09-29 15:04:23 - [MESSAGE][PASSED] - Object: 'Object Repository/chekout/jenis kendaraan' is clicked on

2023-09-29 15:04:23 - [TEST_STEP][PASSED] - if (toString().equalsIgnoreCase("transfer")): null

2023-09-29 15:04:23 - [TEST_STEP][PASSED] - else if (toString().equalsIgnoreCase("saldo")): Object 'Object Repository/co saldo akun/tf saldo akun' is checked

2023-09-29 15:04:23 - [TEST_STEP][PASSED] - check(findTestObject("Object Repository/co saldo akun/tf saldo akun")): Object 'Object Repository/co saldo akun/tf saldo akun' is checked

2023-09-29 15:04:24 - [MESSAGE][PASSED] - Object 'Object Repository/co saldo akun/tf saldo akun' is checked

2023-09-29 15:04:24 - [TEST_STEP][PASSED] - click(findTestObject("chekout/button_Proses Pembayaran")): Object: 'Object Repository/chekout/button_Proses Pembayaran' is clicked on

2023-09-29 15:04:30 - [MESSAGE][PASSED] - Object: 'Object Repository/chekout/button_Proses Pembayaran' is clicked on

2023-09-29 15:04:30 - [TEST_STEP][PASSED] - invoice = getText(findTestObject("Object Repository/co saldo akun/saldo akun no invoice")): Text of object 'Object Repository/co saldo akun/saldo akun no invoice' is: 'TRX91.20230929150424'

2023-09-29 15:04:30 - [MESSAGE][PASSED] - Text of object 'Object Repository/co saldo akun/saldo akun no invoice' is: 'TRX91.20230929150424'

2023-09-29 15:04:30 - [TEST_STEP][PASSED] - println(invoice): null

2023-09-29 15:04:30 - [TEST_STEP][PASSED] - penerima = getText(findTestObject("Object Repository/chekout/dikirim kepada sama dengan pengirim di tf di konfirmaasi bayar")): Text of object 'Object Repository/chekout/dikirim kepada sama dengan pengirim di tf di konfirmaasi bayar' is: 'runarun'

2023-09-29 15:04:31 - [MESSAGE][PASSED] - Text of object 'Object Repository/chekout/dikirim kepada sama dengan pengirim di tf di konfirmaasi bayar' is: 'runarun'

2023-09-29 15:04:31 - [TEST_STEP][PASSED] - println(penerima): null

2023-09-29 15:04:31 - [TEST_STEP][PASSED] - total = getText(findTestObject("Object Repository/chekout/total harga bayar")): Text of object 'Object Repository/chekout/total harga bayar' is: '17,170'

2023-09-29 15:04:31 - [MESSAGE][PASSED] - Text of object 'Object Repository/chekout/total harga bayar' is: '17,170'

2023-09-29 15:04:31 - [TEST_STEP][PASSED] - println(total): null

2023-09-29 15:04:31 - [TEST_STEP][PASSED] - total1 = replace(",", "").trim(): null

2023-09-29 15:04:31 - [TEST_STEP][PASSED] - totalHarga = Integer.parseInt(total1): null

2023-09-29 15:04:31 - [TEST_STEP][PASSED] - println(totalHarga): null

2023-09-29 15:04:31 - [TEST_STEP][PASSED] - ongkir = getText(findTestObject("Object Repository/co saldo akun/ongkir")): Text of object 'Object Repository/co saldo akun/ongkir' is: 'Rp 13,000'

2023-09-29 15:04:31 - [MESSAGE][PASSED] - Text of object 'Object Repository/co saldo akun/ongkir' is: 'Rp 13,000'

2023-09-29 15:04:31 - [TEST_STEP][PASSED] - ongkir1 = replace(",", "").trim(): null

2023-09-29 15:04:31 - [TEST_STEP][PASSED] - ongkosKirim = Integer.parseInt(ongkir1): null

2023-09-29 15:04:31 - [TEST_STEP][PASSED] - println(ongkosKirim): null

2023-09-29 15:04:31 - [TEST_STEP][PASSED] - admin = getText(findTestObject("Object Repository/co saldo akun/fee admin")): Text of object 'Object Repository/co saldo akun/fee admin' is: 'Rp 1,500'

2023-09-29 15:04:32 - [MESSAGE][PASSED] - Text of object 'Object Repository/co saldo akun/fee admin' is: 'Rp 1,500'

2023-09-29 15:04:32 - [TEST_STEP][PASSED] - admin1 = replace(",", "").trim(): null

2023-09-29 15:04:32 - [TEST_STEP][PASSED] - Badmin = Integer.parseInt(admin1): null

2023-09-29 15:04:32 - [TEST_STEP][PASSED] - println(Badmin): null

2023-09-29 15:04:32 - [TEST_STEP][PASSED] - sub = getText(findTestObject("Object Repository/co saldo akun/subtotal")): Text of object 'Object Repository/co saldo akun/subtotal' is: 'Rp 2,246'

2023-09-29 15:04:32 - [MESSAGE][PASSED] - Text of object 'Object Repository/co saldo akun/subtotal' is: 'Rp 2,246'

2023-09-29 15:04:32 - [TEST_STEP][PASSED] - sub1 = replace(",", "").trim(): null

2023-09-29 15:04:32 - [TEST_STEP][PASSED] - subtotal = Integer.parseInt(sub1): null

2023-09-29 15:04:32 - [TEST_STEP][PASSED] - println(subtotal): null

2023-09-29 15:04:32 - [TEST_STEP][PASSED] - tOng = ongkosKirim + subtotal: null

2023-09-29 15:04:32 - [TEST_STEP][PASSED] - println(tOng): null

2023-09-29 15:04:32 - [TEST_STEP][PASSED] - unik = getText(findTestObject("Object Repository/co saldo akun/kode unik")): Text of object 'Object Repository/co saldo akun/kode unik' is: '+424'

2023-09-29 15:04:33 - [MESSAGE][PASSED] - Text of object 'Object Repository/co saldo akun/kode unik' is: '+424'

2023-09-29 15:04:33 - [TEST_STEP][PASSED] - unik1 = replace("+", "").trim(): null

2023-09-29 15:04:33 - [TEST_STEP][PASSED] - kode = Integer.parseInt(unik1): null

2023-09-29 15:04:33 - [TEST_STEP][PASSED] - println(kode): null

2023-09-29 15:04:33 - [TEST_STEP][PASSED] - totalBayar = ongkosKirim + Badmin + subtotal + kode: null

2023-09-29 15:04:33 - [TEST_STEP][PASSED] - println(totalBayar): null

2023-09-29 15:04:33 - [TEST_STEP][PASSED] - assert totalBayar == totalHarga: null

2023-09-29 15:04:33 - [TEST_STEP][PASSED] - data1 = new java.util.HashMap(): null

2023-09-29 15:04:33 - [TEST_STEP][PASSED] - data1.put("invoice", invoice): null

2023-09-29 15:04:33 - [TEST_STEP][PASSED] - data1.put("nmPengirim", penerima): null

2023-09-29 15:04:33 - [TEST_STEP][PASSED] - data1.put("hargaBayar", total): null

2023-09-29 15:04:33 - [TEST_STEP][PASSED] - data1.put("totalOngkir", tOng): null

2023-09-29 15:04:33 - [TEST_STEP][PASSED] - return data1: null]]></system-out>
         <system-err><![CDATA[]]></system-err>
      </testcase>
      <testcase name="Test Cases/T08 - Konfirmasi Pesanan/TC-KS-001" time="38.277" classname="Test Cases/T08 - Konfirmasi Pesanan/TC-KS-001" status="PASSED">
         <system-out><![CDATA[2023-09-29 15:04:33 - [TEST_CASE][PASSED] - Test Cases/T08 - Konfirmasi Pesanan/TC-KS-001: Test Cases/T08 - Konfirmasi Pesanan/TC-KS-001

2023-09-29 15:04:33 - [TEST_STEP][PASSED] - data = callTestCase(findTestCase("T08 - Konfirmasi Pesanan/TC-OS-001"), ["Roda":"2", "MetodePembayaran":"transfer"], STOP_ON_FAILURE): Call Test Case 'Test Cases/T08 - Konfirmasi Pesanan/TC-OS-001' successfully

2023-09-29 15:04:34 - [TEST_CASE][PASSED] - Test Cases/T08 - Konfirmasi Pesanan/TC-OS-001: Test Cases/T08 - Konfirmasi Pesanan/TC-OS-001

2023-09-29 15:04:34 - [TEST_STEP][PASSED] - callTestCase(findTestCase("T08 - Konfirmasi Pesanan/TC-LS-001"), [:], STOP_ON_FAILURE): Call Test Case 'Test Cases/T08 - Konfirmasi Pesanan/TC-LS-001' successfully

2023-09-29 15:04:34 - [TEST_CASE][PASSED] - Test Cases/T08 - Konfirmasi Pesanan/TC-LS-001: Test Cases/T08 - Konfirmasi Pesanan/TC-LS-001

2023-09-29 15:04:34 - [TEST_STEP][PASSED] - openBrowser(urlWeb): Browser is opened with url: 'https://10.9.2.63/ecommerce/'

2023-09-29 15:04:34 - [MESSAGE][WARNING] - A browser is already opened. Closing browser and opening a new one

2023-09-29 15:04:35 - [MESSAGE][INFO] - Starting 'Firefox' driver

2023-09-29 15:04:35 - [MESSAGE][INFO] - Action delay is set to 0 milliseconds

2023-09-29 15:04:40 - [MESSAGE][PASSED] - Browser is opened with url: 'https://10.9.2.63/ecommerce/'

2023-09-29 15:04:40 - [TEST_STEP][PASSED] - maximizeWindow(): Current window maximized

2023-09-29 15:04:40 - [MESSAGE][PASSED] - Current window maximized

2023-09-29 15:04:40 - [TEST_STEP][PASSED] - click(findTestObject("Login/a_Login")): Object: 'Object Repository/Login/a_Login' is clicked on

2023-09-29 15:04:41 - [MESSAGE][PASSED] - Object: 'Object Repository/Login/a_Login' is clicked on

2023-09-29 15:04:41 - [TEST_STEP][PASSED] - setText(findTestObject("Login/input_Username, Email atau No. Handphone_a"), "runa36"): Text 'runa36' is set on object 'Object Repository/Login/input_Username, Email atau No. Handphone_a'

2023-09-29 15:04:42 - [MESSAGE][PASSED] - Text 'runa36' is set on object 'Object Repository/Login/input_Username, Email atau No. Handphone_a'

2023-09-29 15:04:42 - [TEST_STEP][PASSED] - setEncryptedText(findTestObject("Login/input_Password di Login(Masuk)"), "qbkrdMwyWE4="): Text ****** has been set on object 'Object Repository/Login/input_Password di Login(Masuk)'

2023-09-29 15:04:42 - [MESSAGE][PASSED] - Text ****** has been set on object 'Object Repository/Login/input_Password di Login(Masuk)'

2023-09-29 15:04:42 - [TEST_STEP][PASSED] - click(findTestObject("Login/button_Masuk di halaman login")): Object: 'Object Repository/Login/button_Masuk di halaman login' is clicked on

2023-09-29 15:04:43 - [MESSAGE][PASSED] - Object: 'Object Repository/Login/button_Masuk di halaman login' is clicked on

2023-09-29 15:04:43 - [TEST_STEP][PASSED] - verifyElementPresent(findTestObject("Pendaftaran/verifikasi MASUK di halaman Login"), 0): Object 'Object Repository/Pendaftaran/verifikasi MASUK di halaman Login' is present

2023-09-29 15:04:43 - [MESSAGE][WARNING] - Timeout '0' is invalid. Using default page load timeout: '30'

2023-09-29 15:04:43 - [MESSAGE][PASSED] - Object 'Object Repository/Pendaftaran/verifikasi MASUK di halaman Login' is present

2023-09-29 15:04:43 - [MESSAGE][PASSED] - Call Test Case 'Test Cases/T08 - Konfirmasi Pesanan/TC-LS-001' successfully

2023-09-29 15:04:43 - [TEST_STEP][PASSED] - setText(findTestObject("chekout/input aku mau belanja"), "acer"): Text 'acer' is set on object 'Object Repository/chekout/input aku mau belanja'

2023-09-29 15:04:44 - [MESSAGE][PASSED] - Text 'acer' is set on object 'Object Repository/chekout/input aku mau belanja'

2023-09-29 15:04:44 - [TEST_STEP][PASSED] - click(findTestObject("chekout/button_Cari di halaman tajalapak")): Object: 'Object Repository/chekout/button_Cari di halaman tajalapak' is clicked on

2023-09-29 15:04:45 - [MESSAGE][PASSED] - Object: 'Object Repository/chekout/button_Cari di halaman tajalapak' is clicked on

2023-09-29 15:04:45 - [TEST_STEP][PASSED] - click(findTestObject("chekout/NEW read more acer")): Object: 'Object Repository/chekout/NEW read more acer' is clicked on

2023-09-29 15:04:46 - [MESSAGE][PASSED] - Object: 'Object Repository/chekout/NEW read more acer' is clicked on

2023-09-29 15:04:46 - [TEST_STEP][PASSED] - click(findTestObject("chekout/button_Beli Sekarang di detail produk")): Object: 'Object Repository/chekout/button_Beli Sekarang di detail produk' is clicked on

2023-09-29 15:04:47 - [MESSAGE][PASSED] - Object: 'Object Repository/chekout/button_Beli Sekarang di detail produk' is clicked on

2023-09-29 15:04:47 - [TEST_STEP][PASSED] - verifyElementPresent(findTestObject("chekout/halaman keranjang belanja"), 0): Object 'Object Repository/chekout/halaman keranjang belanja' is present

2023-09-29 15:04:47 - [MESSAGE][WARNING] - Timeout '0' is invalid. Using default page load timeout: '30'

2023-09-29 15:04:48 - [MESSAGE][PASSED] - Object 'Object Repository/chekout/halaman keranjang belanja' is present

2023-09-29 15:04:48 - [TEST_STEP][PASSED] - click(findTestObject("chekout/button_Lanjut ke Pembayaran")): Object: 'Object Repository/chekout/button_Lanjut ke Pembayaran' is clicked on

2023-09-29 15:04:49 - [MESSAGE][PASSED] - Object: 'Object Repository/chekout/button_Lanjut ke Pembayaran' is clicked on

2023-09-29 15:04:49 - [TEST_STEP][PASSED] - selectOptionByValue(findTestObject("Object Repository/chekout/select_- Kirim via Kurir Lokal -Roda 2Roda 4"), Roda, false): All options with value '2' are selected in object 'Object Repository/chekout/select_- Kirim via Kurir Lokal -Roda 2Roda 4' 

2023-09-29 15:04:50 - [MESSAGE][PASSED] - All options with value '2' are selected in object 'Object Repository/chekout/select_- Kirim via Kurir Lokal -Roda 2Roda 4' 

2023-09-29 15:04:50 - [TEST_STEP][PASSED] - click(findTestObject("chekout/jenis kendaraan")): Object: 'Object Repository/chekout/jenis kendaraan' is clicked on

2023-09-29 15:04:51 - [MESSAGE][PASSED] - Object: 'Object Repository/chekout/jenis kendaraan' is clicked on

2023-09-29 15:04:51 - [TEST_STEP][PASSED] - if (toString().equalsIgnoreCase("transfer")): Object 'Object Repository/chekout/input metode tf bank' is checked

2023-09-29 15:04:51 - [TEST_STEP][PASSED] - check(findTestObject("chekout/input metode tf bank")): Object 'Object Repository/chekout/input metode tf bank' is checked

2023-09-29 15:04:52 - [MESSAGE][PASSED] - Object 'Object Repository/chekout/input metode tf bank' is checked

2023-09-29 15:04:52 - [TEST_STEP][PASSED] - click(findTestObject("chekout/button_Proses Pembayaran")): Object: 'Object Repository/chekout/button_Proses Pembayaran' is clicked on

2023-09-29 15:04:57 - [MESSAGE][PASSED] - Object: 'Object Repository/chekout/button_Proses Pembayaran' is clicked on

2023-09-29 15:04:57 - [TEST_STEP][PASSED] - noPesanan = getText(findTestObject("Object Repository/chekout/nomor invoice dari halaman menunggu pembayaran")): Text of object 'Object Repository/chekout/nomor invoice dari halaman menunggu pembayaran' is: 'TRX91.20230929150452'

2023-09-29 15:04:58 - [MESSAGE][PASSED] - Text of object 'Object Repository/chekout/nomor invoice dari halaman menunggu pembayaran' is: 'TRX91.20230929150452'

2023-09-29 15:04:58 - [TEST_STEP][PASSED] - println(noPesanan): null

2023-09-29 15:04:58 - [TEST_STEP][PASSED] - pengirim = getText(findTestObject("Object Repository/chekout/dikirim kepada sama dengan pengirim di tf di konfirmaasi bayar")): Text of object 'Object Repository/chekout/dikirim kepada sama dengan pengirim di tf di konfirmaasi bayar' is: 'runarun'

2023-09-29 15:04:59 - [MESSAGE][PASSED] - Text of object 'Object Repository/chekout/dikirim kepada sama dengan pengirim di tf di konfirmaasi bayar' is: 'runarun'

2023-09-29 15:04:59 - [TEST_STEP][PASSED] - totalharga = getText(findTestObject("Object Repository/chekout/total harga bayar")): Text of object 'Object Repository/chekout/total harga bayar' is: '17,198'

2023-09-29 15:04:59 - [MESSAGE][PASSED] - Text of object 'Object Repository/chekout/total harga bayar' is: '17,198'

2023-09-29 15:04:59 - [TEST_STEP][PASSED] - ongkir = getText(findTestObject("co saldo akun/new ongkir tf")): Text of object 'Object Repository/co saldo akun/new ongkir tf' is: 'Rp 13,000'

2023-09-29 15:05:00 - [MESSAGE][PASSED] - Text of object 'Object Repository/co saldo akun/new ongkir tf' is: 'Rp 13,000'

2023-09-29 15:05:00 - [TEST_STEP][PASSED] - ongkirr = replace(",", "").trim(): null

2023-09-29 15:05:00 - [TEST_STEP][PASSED] - ongkir1 = Integer.parseInt(ongkirr): null

2023-09-29 15:05:00 - [TEST_STEP][PASSED] - println(ongkir1): null

2023-09-29 15:05:00 - [TEST_STEP][PASSED] - biayaAdmin = getText(findTestObject("co saldo akun/new fee admin tf")): Text of object 'Object Repository/co saldo akun/new fee admin tf' is: 'Rp 1,500'

2023-09-29 15:05:00 - [MESSAGE][PASSED] - Text of object 'Object Repository/co saldo akun/new fee admin tf' is: 'Rp 1,500'

2023-09-29 15:05:00 - [TEST_STEP][PASSED] - bAdmin = replace(",", "").trim(): null

2023-09-29 15:05:00 - [TEST_STEP][PASSED] - Integer.parseInt(bAdmin): null

2023-09-29 15:05:00 - [TEST_STEP][PASSED] - Admin = Double.parseDouble(bAdmin): null

2023-09-29 15:05:00 - [TEST_STEP][PASSED] - println(Admin): null

2023-09-29 15:05:00 - [TEST_STEP][PASSED] - subtotal = getText(findTestObject("co saldo akun/new subtotal tf")): Text of object 'Object Repository/co saldo akun/new subtotal tf' is: 'Rp 2,246'

2023-09-29 15:05:01 - [MESSAGE][PASSED] - Text of object 'Object Repository/co saldo akun/new subtotal tf' is: 'Rp 2,246'

2023-09-29 15:05:01 - [TEST_STEP][PASSED] - subtotall = replace(",", "").trim(): null

2023-09-29 15:05:01 - [TEST_STEP][PASSED] - Integer.parseInt(subtotall): null

2023-09-29 15:05:01 - [TEST_STEP][PASSED] - sub = Double.parseDouble(subtotall): null

2023-09-29 15:05:01 - [TEST_STEP][PASSED] - println(sub): null

2023-09-29 15:05:01 - [TEST_STEP][PASSED] - kode = getText(findTestObject("co saldo akun/new kode unik tf")): Text of object 'Object Repository/co saldo akun/new kode unik tf' is: '+452'

2023-09-29 15:05:01 - [MESSAGE][PASSED] - Text of object 'Object Repository/co saldo akun/new kode unik tf' is: '+452'

2023-09-29 15:05:01 - [TEST_STEP][PASSED] - kodee = replace("+", "").trim(): null

2023-09-29 15:05:01 - [TEST_STEP][PASSED] - Integer.parseInt(kodee): null

2023-09-29 15:05:01 - [TEST_STEP][PASSED] - code = Double.parseDouble(kodee): null

2023-09-29 15:05:01 - [TEST_STEP][PASSED] - tOng = ongkir1 + sub: null

2023-09-29 15:05:01 - [TEST_STEP][PASSED] - println(tOng): null

2023-09-29 15:05:01 - [TEST_STEP][PASSED] - totalBayar = tOng + Admin + code: null

2023-09-29 15:05:01 - [TEST_STEP][PASSED] - println(totalBayar): null

2023-09-29 15:05:01 - [TEST_STEP][PASSED] - totalBayar1 = totalBayar: null

2023-09-29 15:05:01 - [TEST_STEP][PASSED] - println(totalBayar1): null

2023-09-29 15:05:01 - [TEST_STEP][PASSED] - total = getText(findTestObject("co saldo akun/new total harga tf")): Text of object 'Object Repository/co saldo akun/new total harga tf' is: '17,198'

2023-09-29 15:05:01 - [MESSAGE][PASSED] - Text of object 'Object Repository/co saldo akun/new total harga tf' is: '17,198'

2023-09-29 15:05:01 - [TEST_STEP][PASSED] - total1 = replace(",", "").trim(): null

2023-09-29 15:05:01 - [TEST_STEP][PASSED] - total2 = Integer.parseInt(total1): null

2023-09-29 15:05:01 - [TEST_STEP][PASSED] - println(total2): null

2023-09-29 15:05:01 - [TEST_STEP][PASSED] - assert totalBayar1 == total2: null

2023-09-29 15:05:01 - [TEST_STEP][PASSED] - data = new java.util.HashMap(): null

2023-09-29 15:05:01 - [TEST_STEP][PASSED] - data.put("invoice", noPesanan): null

2023-09-29 15:05:01 - [TEST_STEP][PASSED] - data.put("namaPengirim", pengirim): null

2023-09-29 15:05:01 - [TEST_STEP][PASSED] - data.put("totalBayar", totalharga): null

2023-09-29 15:05:01 - [TEST_STEP][PASSED] - data.put("totalOngkir", tOng): null

2023-09-29 15:05:01 - [TEST_STEP][PASSED] - return data: null

2023-09-29 15:05:01 - [MESSAGE][PASSED] - Call Test Case 'Test Cases/T08 - Konfirmasi Pesanan/TC-OS-001' successfully

2023-09-29 15:05:01 - [TEST_STEP][PASSED] - noInvoice = data.get("invoice"): null

2023-09-29 15:05:02 - [TEST_STEP][PASSED] - nmPengirim = data.get("namaPengirim"): null

2023-09-29 15:05:02 - [TEST_STEP][PASSED] - ttlBayar = data.get("totalBayar"): null

2023-09-29 15:05:02 - [TEST_STEP][PASSED] - click(findTestObject("konfirmasi pesanan/a_Akun 0")): Object: 'Object Repository/konfirmasi pesanan/a_Akun 0' is clicked on

2023-09-29 15:05:02 - [MESSAGE][PASSED] - Object: 'Object Repository/konfirmasi pesanan/a_Akun 0' is clicked on

2023-09-29 15:05:02 - [TEST_STEP][PASSED] - click(findTestObject("konfirmasi pesanan/a_Profile")): Object: 'Object Repository/konfirmasi pesanan/a_Profile' is clicked on

2023-09-29 15:05:03 - [MESSAGE][PASSED] - Object: 'Object Repository/konfirmasi pesanan/a_Profile' is clicked on

2023-09-29 15:05:03 - [TEST_STEP][PASSED] - click(findTestObject("konfirmasi pesanan/a_Pembelian")): Object: 'Object Repository/konfirmasi pesanan/a_Pembelian' is clicked on

2023-09-29 15:05:05 - [MESSAGE][PASSED] - Object: 'Object Repository/konfirmasi pesanan/a_Pembelian' is clicked on

2023-09-29 15:05:05 - [TEST_STEP][PASSED] - click(findTestObject("konfirmasi pesanan/new konfirmasi bayar")): Object: 'Object Repository/konfirmasi pesanan/new konfirmasi bayar' is clicked on

2023-09-29 15:05:06 - [MESSAGE][PASSED] - Object: 'Object Repository/konfirmasi pesanan/new konfirmasi bayar' is clicked on

2023-09-29 15:05:06 - [TEST_STEP][PASSED] - verifyElementPresent(findTestObject("konfirmasi pesanan/verifikasi user masuk halaman konfirmasi bayar dari akun profil"), 0): Object 'Object Repository/konfirmasi pesanan/verifikasi user masuk halaman konfirmasi bayar dari akun profil' is present

2023-09-29 15:05:06 - [MESSAGE][WARNING] - Timeout '0' is invalid. Using default page load timeout: '30'

2023-09-29 15:05:06 - [MESSAGE][PASSED] - Object 'Object Repository/konfirmasi pesanan/verifikasi user masuk halaman konfirmasi bayar dari akun profil' is present

2023-09-29 15:05:06 - [TEST_STEP][PASSED] - uploadFile(findTestObject("konfirmasi pesanan/input_Upload Bukti Transfer_f"), "F:\bootcamp\Miniproject\transfer.jpg"): File 'F:\bootcamp\Miniproject\transfer.jpg' sent to object: 'Object Repository/konfirmasi pesanan/input_Upload Bukti Transfer_f'

2023-09-29 15:05:07 - [MESSAGE][PASSED] - File 'F:\bootcamp\Miniproject\transfer.jpg' sent to object: 'Object Repository/konfirmasi pesanan/input_Upload Bukti Transfer_f'

2023-09-29 15:05:07 - [TEST_STEP][PASSED] - totalBayar = getAttribute(findTestObject("Object Repository/konfirmasi pesanan/input_Total TagihanTransfer_b"), "value"): Attribute 'value' of object 'Object Repository/konfirmasi pesanan/input_Total TagihanTransfer_b' is: '17,198'

2023-09-29 15:05:07 - [MESSAGE][PASSED] - Attribute 'value' of object 'Object Repository/konfirmasi pesanan/input_Total TagihanTransfer_b' is: '17,198'

2023-09-29 15:05:07 - [TEST_STEP][PASSED] - selectOptionByValue(findTestObject("konfirmasi pesanan/select dropdown trasfer"), transfe, false): All options with value '2' are selected in object 'Object Repository/konfirmasi pesanan/select dropdown trasfer' 

2023-09-29 15:05:08 - [MESSAGE][PASSED] - All options with value '2' are selected in object 'Object Repository/konfirmasi pesanan/select dropdown trasfer' 

2023-09-29 15:05:08 - [TEST_STEP][PASSED] - naamaPengirim = getAttribute(findTestObject("Object Repository/konfirmasi pesanan/input_Nama Pengirim_d"), "value"): Attribute 'value' of object 'Object Repository/konfirmasi pesanan/input_Nama Pengirim_d' is: 'runarun'

2023-09-29 15:05:08 - [MESSAGE][PASSED] - Attribute 'value' of object 'Object Repository/konfirmasi pesanan/input_Nama Pengirim_d' is: 'runarun'

2023-09-29 15:05:08 - [TEST_STEP][PASSED] - println(naamaPengirim): null

2023-09-29 15:05:08 - [TEST_STEP][PASSED] - tanggal = getAttribute(findTestObject("Object Repository/konfirmasi pesanan/input_Tanggal Transfer_e"), "value"): Attribute 'value' of object 'Object Repository/konfirmasi pesanan/input_Tanggal Transfer_e' is: '2023-09-29'

2023-09-29 15:05:09 - [MESSAGE][PASSED] - Attribute 'value' of object 'Object Repository/konfirmasi pesanan/input_Tanggal Transfer_e' is: '2023-09-29'

2023-09-29 15:05:09 - [TEST_STEP][PASSED] - println(tanggal): null

2023-09-29 15:05:09 - [TEST_STEP][PASSED] - select = new org.openqa.selenium.support.ui.Select(com.kms.katalon.core.webui.driver.DriverFactory.getWebDriver().findElement(org.openqa.selenium.By.xpath(//select[@name="c"]))): null

2023-09-29 15:05:09 - [TEST_STEP][PASSED] - transfer = getFirstSelectedOption().getText(): null

2023-09-29 15:05:09 - [TEST_STEP][PASSED] - trans = transfer.split("-"): null

2023-09-29 15:05:09 - [TEST_STEP][PASSED] - transf = "": null

2023-09-29 15:05:09 - [TEST_STEP][PASSED] - for ([i = 0, i < length, (i++)]): null

2023-09-29 15:05:09 - [TEST_STEP][PASSED] - tf = trans[0].trim(): null

2023-09-29 15:05:09 - [TEST_STEP][PASSED] - transf = tf: null

2023-09-29 15:05:09 - [TEST_STEP][PASSED] - tf = trans[0].trim(): null

2023-09-29 15:05:09 - [TEST_STEP][PASSED] - transf = tf: null

2023-09-29 15:05:09 - [TEST_STEP][PASSED] - println(transf): null

2023-09-29 15:05:09 - [TEST_STEP][PASSED] - assert trim().equalsIgnoreCase(ttlBayar.trim()): null

2023-09-29 15:05:09 - [TEST_STEP][PASSED] - assert trim().equalsIgnoreCase(nmPengirim.trim()): null

2023-09-29 15:05:09 - [TEST_STEP][PASSED] - click(findTestObject("konfirmasi pesanan/button_Konfirmasi Pembayaran")): Object: 'Object Repository/konfirmasi pesanan/button_Konfirmasi Pembayaran' is clicked on

2023-09-29 15:05:11 - [MESSAGE][PASSED] - Object: 'Object Repository/konfirmasi pesanan/button_Konfirmasi Pembayaran' is clicked on

2023-09-29 15:05:11 - [TEST_STEP][PASSED] - verifyElementText(findTestObject("konfirmasi pesanan/verifikasi sukses melakukan pembayaran pesanan"), "Sukses Melakukan Konfirmasi Pembayaran Pesanan!"): Actual text and expected text of test object 'Object Repository/konfirmasi pesanan/verifikasi sukses melakukan pembayaran pesanan' are matched.

2023-09-29 15:05:11 - [MESSAGE][PASSED] - Actual text and expected text of test object 'Object Repository/konfirmasi pesanan/verifikasi sukses melakukan pembayaran pesanan' are matched.

2023-09-29 15:05:11 - [TEST_STEP][PASSED] - data.put("namaHasilInput", naamaPengirim): null

2023-09-29 15:05:11 - [TEST_STEP][PASSED] - data.put("date", tanggal): null

2023-09-29 15:05:11 - [TEST_STEP][PASSED] - data.put("noRekening", transf): null

2023-09-29 15:05:11 - [TEST_STEP][PASSED] - data.put("inputJmlTf", totalBayar): null

2023-09-29 15:05:11 - [TEST_STEP][PASSED] - return data: null]]></system-out>
         <system-err><![CDATA[]]></system-err>
      </testcase>
      <testcase name="Test Cases/T08 - Konfirmasi Pesanan/TC-KS-002" time="41.254" classname="Test Cases/T08 - Konfirmasi Pesanan/TC-KS-002" status="FAILED">
         <failure type="FAILED" message="Test Cases/T08 - Konfirmasi Pesanan/TC-KS-002 FAILED.
Reason:
com.kms.katalon.core.exception.StepFailedException: Verify element text of test object 'Object Repository/konfirmasi pesanan/verifikasi sudah melakukan konfirmasi sekali di menu akun' FAILED.
	at com.kms.katalon.core.webui.keyword.internal.WebUIKeywordMain.stepFailed(WebUIKeywordMain.groovy:64)
	at com.kms.katalon.core.webui.keyword.internal.WebUIKeywordMain.runKeyword(WebUIKeywordMain.groovy:26)
	at com.kms.katalon.core.webui.keyword.builtin.VerifyElementTextKeyword.verifyElementText(VerifyElementTextKeyword.groovy:72)
	at com.kms.katalon.core.webui.keyword.builtin.VerifyElementTextKeyword.execute(VerifyElementTextKeyword.groovy:40)
	at com.kms.katalon.core.keyword.internal.KeywordExecutor.executeKeywordForPlatform(KeywordExecutor.groovy:74)
	at com.kms.katalon.core.webui.keyword.WebUiBuiltInKeywords.verifyElementText(WebUiBuiltInKeywords.groovy:4749)
	at com.kms.katalon.core.webui.keyword.WebUiBuiltInKeywords$verifyElementText$10.call(Unknown Source)
	at TC-KS-002.run(TC-KS-002:35)
	at com.kms.katalon.core.main.ScriptEngine.run(ScriptEngine.java:194)
	at com.kms.katalon.core.main.ScriptEngine.runScriptAsRawText(ScriptEngine.java:119)
	at com.kms.katalon.core.main.TestCaseExecutor.runScript(TestCaseExecutor.java:448)
	at com.kms.katalon.core.main.TestCaseExecutor.doExecute(TestCaseExecutor.java:439)
	at com.kms.katalon.core.main.TestCaseExecutor.processExecutionPhase(TestCaseExecutor.java:418)
	at com.kms.katalon.core.main.TestCaseExecutor.accessMainPhase(TestCaseExecutor.java:410)
	at com.kms.katalon.core.main.TestCaseExecutor.execute(TestCaseExecutor.java:285)
	at com.kms.katalon.core.common.CommonExecutor.accessTestCaseMainPhase(CommonExecutor.java:65)
	at com.kms.katalon.core.main.TestSuiteExecutor.accessTestSuiteMainPhase(TestSuiteExecutor.java:148)
	at com.kms.katalon.core.main.TestSuiteExecutor.execute(TestSuiteExecutor.java:106)
	at com.kms.katalon.core.main.TestCaseMain.startTestSuite(TestCaseMain.java:187)
	at com.kms.katalon.core.main.TestCaseMain$startTestSuite$0.call(Unknown Source)
	at TempTestSuite1695974576876.run(TempTestSuite1695974576876.groovy:36)
Caused by: com.kms.katalon.core.exception.StepFailedException: Actual text 'PENTING - Pesanan ini sudah dikonfirmasi Sebelumnya sebanyak 1 kali,..' and expected text 'Sukses Melakukan Konfirmasi Pesanan!' of test object 'Object Repository/konfirmasi pesanan/verifikasi sudah melakukan konfirmasi sekali di menu akun' are NOT matched.
	at com.kms.katalon.core.webui.keyword.internal.WebUIKeywordMain.stepFailed(WebUIKeywordMain.groovy:64)
	at com.kms.katalon.core.webui.keyword.builtin.VerifyElementTextKeyword$_verifyElementText_closure1.doCall(VerifyElementTextKeyword.groovy:57)
	at com.kms.katalon.core.webui.keyword.builtin.VerifyElementTextKeyword$_verifyElementText_closure1.call(VerifyElementTextKeyword.groovy)
	at com.kms.katalon.core.webui.keyword.internal.WebUIKeywordMain.runKeyword(WebUIKeywordMain.groovy:20)
	... 19 more
"/>
         <system-out><![CDATA[2023-09-29 15:05:11 - [TEST_CASE][FAILED] - Test Cases/T08 - Konfirmasi Pesanan/TC-KS-002: Test Cases/T08 - Konfirmasi Pesanan/TC-KS-002 FAILED.
Reason:
com.kms.katalon.core.exception.StepFailedException: Verify element text of test object 'Object Repository/konfirmasi pesanan/verifikasi sudah melakukan konfirmasi sekali di menu akun' FAILED.
	at com.kms.katalon.core.webui.keyword.internal.WebUIKeywordMain.stepFailed(WebUIKeywordMain.groovy:64)
	at com.kms.katalon.core.webui.keyword.internal.WebUIKeywordMain.runKeyword(WebUIKeywordMain.groovy:26)
	at com.kms.katalon.core.webui.keyword.builtin.VerifyElementTextKeyword.verifyElementText(VerifyElementTextKeyword.groovy:72)
	at com.kms.katalon.core.webui.keyword.builtin.VerifyElementTextKeyword.execute(VerifyElementTextKeyword.groovy:40)
	at com.kms.katalon.core.keyword.internal.KeywordExecutor.executeKeywordForPlatform(KeywordExecutor.groovy:74)
	at com.kms.katalon.core.webui.keyword.WebUiBuiltInKeywords.verifyElementText(WebUiBuiltInKeywords.groovy:4749)
	at com.kms.katalon.core.webui.keyword.WebUiBuiltInKeywords$verifyElementText$10.call(Unknown Source)
	at TC-KS-002.run(TC-KS-002:35)
	at com.kms.katalon.core.main.ScriptEngine.run(ScriptEngine.java:194)
	at com.kms.katalon.core.main.ScriptEngine.runScriptAsRawText(ScriptEngine.java:119)
	at com.kms.katalon.core.main.TestCaseExecutor.runScript(TestCaseExecutor.java:448)
	at com.kms.katalon.core.main.TestCaseExecutor.doExecute(TestCaseExecutor.java:439)
	at com.kms.katalon.core.main.TestCaseExecutor.processExecutionPhase(TestCaseExecutor.java:418)
	at com.kms.katalon.core.main.TestCaseExecutor.accessMainPhase(TestCaseExecutor.java:410)
	at com.kms.katalon.core.main.TestCaseExecutor.execute(TestCaseExecutor.java:285)
	at com.kms.katalon.core.common.CommonExecutor.accessTestCaseMainPhase(CommonExecutor.java:65)
	at com.kms.katalon.core.main.TestSuiteExecutor.accessTestSuiteMainPhase(TestSuiteExecutor.java:148)
	at com.kms.katalon.core.main.TestSuiteExecutor.execute(TestSuiteExecutor.java:106)
	at com.kms.katalon.core.main.TestCaseMain.startTestSuite(TestCaseMain.java:187)
	at com.kms.katalon.core.main.TestCaseMain$startTestSuite$0.call(Unknown Source)
	at TempTestSuite1695974576876.run(TempTestSuite1695974576876.groovy:36)
Caused by: com.kms.katalon.core.exception.StepFailedException: Actual text 'PENTING - Pesanan ini sudah dikonfirmasi Sebelumnya sebanyak 1 kali,..' and expected text 'Sukses Melakukan Konfirmasi Pesanan!' of test object 'Object Repository/konfirmasi pesanan/verifikasi sudah melakukan konfirmasi sekali di menu akun' are NOT matched.
	at com.kms.katalon.core.webui.keyword.internal.WebUIKeywordMain.stepFailed(WebUIKeywordMain.groovy:64)
	at com.kms.katalon.core.webui.keyword.builtin.VerifyElementTextKeyword$_verifyElementText_closure1.doCall(VerifyElementTextKeyword.groovy:57)
	at com.kms.katalon.core.webui.keyword.builtin.VerifyElementTextKeyword$_verifyElementText_closure1.call(VerifyElementTextKeyword.groovy)
	at com.kms.katalon.core.webui.keyword.internal.WebUIKeywordMain.runKeyword(WebUIKeywordMain.groovy:20)
	... 19 more


2023-09-29 15:05:11 - [TEST_STEP][PASSED] - data = callTestCase(findTestCase("T08 - Konfirmasi Pesanan/TC-KS-001"), [:], STOP_ON_FAILURE): Call Test Case 'Test Cases/T08 - Konfirmasi Pesanan/TC-KS-001' successfully

2023-09-29 15:05:12 - [TEST_CASE][PASSED] - Test Cases/T08 - Konfirmasi Pesanan/TC-KS-001: Test Cases/T08 - Konfirmasi Pesanan/TC-KS-001

2023-09-29 15:05:12 - [TEST_STEP][PASSED] - data = callTestCase(findTestCase("T08 - Konfirmasi Pesanan/TC-OS-001"), ["Roda":"2", "MetodePembayaran":"transfer"], STOP_ON_FAILURE): Call Test Case 'Test Cases/T08 - Konfirmasi Pesanan/TC-OS-001' successfully

2023-09-29 15:05:12 - [TEST_CASE][PASSED] - Test Cases/T08 - Konfirmasi Pesanan/TC-OS-001: Test Cases/T08 - Konfirmasi Pesanan/TC-OS-001

2023-09-29 15:05:12 - [TEST_STEP][PASSED] - callTestCase(findTestCase("T08 - Konfirmasi Pesanan/TC-LS-001"), [:], STOP_ON_FAILURE): Call Test Case 'Test Cases/T08 - Konfirmasi Pesanan/TC-LS-001' successfully

2023-09-29 15:05:12 - [TEST_CASE][PASSED] - Test Cases/T08 - Konfirmasi Pesanan/TC-LS-001: Test Cases/T08 - Konfirmasi Pesanan/TC-LS-001

2023-09-29 15:05:12 - [TEST_STEP][PASSED] - openBrowser(urlWeb): Browser is opened with url: 'https://10.9.2.63/ecommerce/'

2023-09-29 15:05:12 - [MESSAGE][WARNING] - A browser is already opened. Closing browser and opening a new one

2023-09-29 15:05:13 - [MESSAGE][INFO] - Starting 'Firefox' driver

2023-09-29 15:05:13 - [MESSAGE][INFO] - Action delay is set to 0 milliseconds

2023-09-29 15:05:18 - [MESSAGE][PASSED] - Browser is opened with url: 'https://10.9.2.63/ecommerce/'

2023-09-29 15:05:18 - [TEST_STEP][PASSED] - maximizeWindow(): Current window maximized

2023-09-29 15:05:18 - [MESSAGE][PASSED] - Current window maximized

2023-09-29 15:05:18 - [TEST_STEP][PASSED] - click(findTestObject("Login/a_Login")): Object: 'Object Repository/Login/a_Login' is clicked on

2023-09-29 15:05:19 - [MESSAGE][PASSED] - Object: 'Object Repository/Login/a_Login' is clicked on

2023-09-29 15:05:19 - [TEST_STEP][PASSED] - setText(findTestObject("Login/input_Username, Email atau No. Handphone_a"), "runa36"): Text 'runa36' is set on object 'Object Repository/Login/input_Username, Email atau No. Handphone_a'

2023-09-29 15:05:20 - [MESSAGE][PASSED] - Text 'runa36' is set on object 'Object Repository/Login/input_Username, Email atau No. Handphone_a'

2023-09-29 15:05:20 - [TEST_STEP][PASSED] - setEncryptedText(findTestObject("Login/input_Password di Login(Masuk)"), "qbkrdMwyWE4="): Text ****** has been set on object 'Object Repository/Login/input_Password di Login(Masuk)'

2023-09-29 15:05:20 - [MESSAGE][PASSED] - Text ****** has been set on object 'Object Repository/Login/input_Password di Login(Masuk)'

2023-09-29 15:05:20 - [TEST_STEP][PASSED] - click(findTestObject("Login/button_Masuk di halaman login")): Object: 'Object Repository/Login/button_Masuk di halaman login' is clicked on

2023-09-29 15:05:21 - [MESSAGE][PASSED] - Object: 'Object Repository/Login/button_Masuk di halaman login' is clicked on

2023-09-29 15:05:21 - [TEST_STEP][PASSED] - verifyElementPresent(findTestObject("Pendaftaran/verifikasi MASUK di halaman Login"), 0): Object 'Object Repository/Pendaftaran/verifikasi MASUK di halaman Login' is present

2023-09-29 15:05:21 - [MESSAGE][WARNING] - Timeout '0' is invalid. Using default page load timeout: '30'

2023-09-29 15:05:22 - [MESSAGE][PASSED] - Object 'Object Repository/Pendaftaran/verifikasi MASUK di halaman Login' is present

2023-09-29 15:05:22 - [MESSAGE][PASSED] - Call Test Case 'Test Cases/T08 - Konfirmasi Pesanan/TC-LS-001' successfully

2023-09-29 15:05:22 - [TEST_STEP][PASSED] - setText(findTestObject("chekout/input aku mau belanja"), "acer"): Text 'acer' is set on object 'Object Repository/chekout/input aku mau belanja'

2023-09-29 15:05:23 - [MESSAGE][PASSED] - Text 'acer' is set on object 'Object Repository/chekout/input aku mau belanja'

2023-09-29 15:05:23 - [TEST_STEP][PASSED] - click(findTestObject("chekout/button_Cari di halaman tajalapak")): Object: 'Object Repository/chekout/button_Cari di halaman tajalapak' is clicked on

2023-09-29 15:05:23 - [MESSAGE][PASSED] - Object: 'Object Repository/chekout/button_Cari di halaman tajalapak' is clicked on

2023-09-29 15:05:23 - [TEST_STEP][PASSED] - click(findTestObject("chekout/NEW read more acer")): Object: 'Object Repository/chekout/NEW read more acer' is clicked on

2023-09-29 15:05:25 - [MESSAGE][PASSED] - Object: 'Object Repository/chekout/NEW read more acer' is clicked on

2023-09-29 15:05:25 - [TEST_STEP][PASSED] - click(findTestObject("chekout/button_Beli Sekarang di detail produk")): Object: 'Object Repository/chekout/button_Beli Sekarang di detail produk' is clicked on

2023-09-29 15:05:26 - [MESSAGE][PASSED] - Object: 'Object Repository/chekout/button_Beli Sekarang di detail produk' is clicked on

2023-09-29 15:05:26 - [TEST_STEP][PASSED] - verifyElementPresent(findTestObject("chekout/halaman keranjang belanja"), 0): Object 'Object Repository/chekout/halaman keranjang belanja' is present

2023-09-29 15:05:26 - [MESSAGE][WARNING] - Timeout '0' is invalid. Using default page load timeout: '30'

2023-09-29 15:05:27 - [MESSAGE][PASSED] - Object 'Object Repository/chekout/halaman keranjang belanja' is present

2023-09-29 15:05:27 - [TEST_STEP][PASSED] - click(findTestObject("chekout/button_Lanjut ke Pembayaran")): Object: 'Object Repository/chekout/button_Lanjut ke Pembayaran' is clicked on

2023-09-29 15:05:28 - [MESSAGE][PASSED] - Object: 'Object Repository/chekout/button_Lanjut ke Pembayaran' is clicked on

2023-09-29 15:05:28 - [TEST_STEP][PASSED] - selectOptionByValue(findTestObject("Object Repository/chekout/select_- Kirim via Kurir Lokal -Roda 2Roda 4"), Roda, false): All options with value '2' are selected in object 'Object Repository/chekout/select_- Kirim via Kurir Lokal -Roda 2Roda 4' 

2023-09-29 15:05:29 - [MESSAGE][PASSED] - All options with value '2' are selected in object 'Object Repository/chekout/select_- Kirim via Kurir Lokal -Roda 2Roda 4' 

2023-09-29 15:05:29 - [TEST_STEP][PASSED] - click(findTestObject("chekout/jenis kendaraan")): Object: 'Object Repository/chekout/jenis kendaraan' is clicked on

2023-09-29 15:05:30 - [MESSAGE][PASSED] - Object: 'Object Repository/chekout/jenis kendaraan' is clicked on

2023-09-29 15:05:30 - [TEST_STEP][PASSED] - if (toString().equalsIgnoreCase("transfer")): Object 'Object Repository/chekout/input metode tf bank' is checked

2023-09-29 15:05:30 - [TEST_STEP][PASSED] - check(findTestObject("chekout/input metode tf bank")): Object 'Object Repository/chekout/input metode tf bank' is checked

2023-09-29 15:05:30 - [MESSAGE][PASSED] - Object 'Object Repository/chekout/input metode tf bank' is checked

2023-09-29 15:05:30 - [TEST_STEP][PASSED] - click(findTestObject("chekout/button_Proses Pembayaran")): Object: 'Object Repository/chekout/button_Proses Pembayaran' is clicked on

2023-09-29 15:05:35 - [MESSAGE][PASSED] - Object: 'Object Repository/chekout/button_Proses Pembayaran' is clicked on

2023-09-29 15:05:35 - [TEST_STEP][PASSED] - noPesanan = getText(findTestObject("Object Repository/chekout/nomor invoice dari halaman menunggu pembayaran")): Text of object 'Object Repository/chekout/nomor invoice dari halaman menunggu pembayaran' is: 'TRX91.20230929150530'

2023-09-29 15:05:36 - [MESSAGE][PASSED] - Text of object 'Object Repository/chekout/nomor invoice dari halaman menunggu pembayaran' is: 'TRX91.20230929150530'

2023-09-29 15:05:36 - [TEST_STEP][PASSED] - println(noPesanan): null

2023-09-29 15:05:36 - [TEST_STEP][PASSED] - pengirim = getText(findTestObject("Object Repository/chekout/dikirim kepada sama dengan pengirim di tf di konfirmaasi bayar")): Text of object 'Object Repository/chekout/dikirim kepada sama dengan pengirim di tf di konfirmaasi bayar' is: 'runarun'

2023-09-29 15:05:36 - [MESSAGE][PASSED] - Text of object 'Object Repository/chekout/dikirim kepada sama dengan pengirim di tf di konfirmaasi bayar' is: 'runarun'

2023-09-29 15:05:36 - [TEST_STEP][PASSED] - totalharga = getText(findTestObject("Object Repository/chekout/total harga bayar")): Text of object 'Object Repository/chekout/total harga bayar' is: '17,276'

2023-09-29 15:05:37 - [MESSAGE][PASSED] - Text of object 'Object Repository/chekout/total harga bayar' is: '17,276'

2023-09-29 15:05:37 - [TEST_STEP][PASSED] - ongkir = getText(findTestObject("co saldo akun/new ongkir tf")): Text of object 'Object Repository/co saldo akun/new ongkir tf' is: 'Rp 13,000'

2023-09-29 15:05:37 - [MESSAGE][PASSED] - Text of object 'Object Repository/co saldo akun/new ongkir tf' is: 'Rp 13,000'

2023-09-29 15:05:37 - [TEST_STEP][PASSED] - ongkirr = replace(",", "").trim(): null

2023-09-29 15:05:37 - [TEST_STEP][PASSED] - ongkir1 = Integer.parseInt(ongkirr): null

2023-09-29 15:05:37 - [TEST_STEP][PASSED] - println(ongkir1): null

2023-09-29 15:05:37 - [TEST_STEP][PASSED] - biayaAdmin = getText(findTestObject("co saldo akun/new fee admin tf")): Text of object 'Object Repository/co saldo akun/new fee admin tf' is: 'Rp 1,500'

2023-09-29 15:05:38 - [MESSAGE][PASSED] - Text of object 'Object Repository/co saldo akun/new fee admin tf' is: 'Rp 1,500'

2023-09-29 15:05:38 - [TEST_STEP][PASSED] - bAdmin = replace(",", "").trim(): null

2023-09-29 15:05:38 - [TEST_STEP][PASSED] - Integer.parseInt(bAdmin): null

2023-09-29 15:05:38 - [TEST_STEP][PASSED] - Admin = Double.parseDouble(bAdmin): null

2023-09-29 15:05:38 - [TEST_STEP][PASSED] - println(Admin): null

2023-09-29 15:05:38 - [TEST_STEP][PASSED] - subtotal = getText(findTestObject("co saldo akun/new subtotal tf")): Text of object 'Object Repository/co saldo akun/new subtotal tf' is: 'Rp 2,246'

2023-09-29 15:05:38 - [MESSAGE][PASSED] - Text of object 'Object Repository/co saldo akun/new subtotal tf' is: 'Rp 2,246'

2023-09-29 15:05:38 - [TEST_STEP][PASSED] - subtotall = replace(",", "").trim(): null

2023-09-29 15:05:38 - [TEST_STEP][PASSED] - Integer.parseInt(subtotall): null

2023-09-29 15:05:38 - [TEST_STEP][PASSED] - sub = Double.parseDouble(subtotall): null

2023-09-29 15:05:38 - [TEST_STEP][PASSED] - println(sub): null

2023-09-29 15:05:38 - [TEST_STEP][PASSED] - kode = getText(findTestObject("co saldo akun/new kode unik tf")): Text of object 'Object Repository/co saldo akun/new kode unik tf' is: '+530'

2023-09-29 15:05:39 - [MESSAGE][PASSED] - Text of object 'Object Repository/co saldo akun/new kode unik tf' is: '+530'

2023-09-29 15:05:39 - [TEST_STEP][PASSED] - kodee = replace("+", "").trim(): null

2023-09-29 15:05:39 - [TEST_STEP][PASSED] - Integer.parseInt(kodee): null

2023-09-29 15:05:39 - [TEST_STEP][PASSED] - code = Double.parseDouble(kodee): null

2023-09-29 15:05:39 - [TEST_STEP][PASSED] - tOng = ongkir1 + sub: null

2023-09-29 15:05:39 - [TEST_STEP][PASSED] - println(tOng): null

2023-09-29 15:05:39 - [TEST_STEP][PASSED] - totalBayar = tOng + Admin + code: null

2023-09-29 15:05:39 - [TEST_STEP][PASSED] - println(totalBayar): null

2023-09-29 15:05:39 - [TEST_STEP][PASSED] - totalBayar1 = totalBayar: null

2023-09-29 15:05:39 - [TEST_STEP][PASSED] - println(totalBayar1): null

2023-09-29 15:05:39 - [TEST_STEP][PASSED] - total = getText(findTestObject("co saldo akun/new total harga tf")): Text of object 'Object Repository/co saldo akun/new total harga tf' is: '17,276'

2023-09-29 15:05:39 - [MESSAGE][PASSED] - Text of object 'Object Repository/co saldo akun/new total harga tf' is: '17,276'

2023-09-29 15:05:39 - [TEST_STEP][PASSED] - total1 = replace(",", "").trim(): null

2023-09-29 15:05:39 - [TEST_STEP][PASSED] - total2 = Integer.parseInt(total1): null

2023-09-29 15:05:39 - [TEST_STEP][PASSED] - println(total2): null

2023-09-29 15:05:39 - [TEST_STEP][PASSED] - assert totalBayar1 == total2: null

2023-09-29 15:05:39 - [TEST_STEP][PASSED] - data = new java.util.HashMap(): null

2023-09-29 15:05:39 - [TEST_STEP][PASSED] - data.put("invoice", noPesanan): null

2023-09-29 15:05:39 - [TEST_STEP][PASSED] - data.put("namaPengirim", pengirim): null

2023-09-29 15:05:39 - [TEST_STEP][PASSED] - data.put("totalBayar", totalharga): null

2023-09-29 15:05:39 - [TEST_STEP][PASSED] - data.put("totalOngkir", tOng): null

2023-09-29 15:05:39 - [TEST_STEP][PASSED] - return data: null

2023-09-29 15:05:39 - [MESSAGE][PASSED] - Call Test Case 'Test Cases/T08 - Konfirmasi Pesanan/TC-OS-001' successfully

2023-09-29 15:05:39 - [TEST_STEP][PASSED] - noInvoice = data.get("invoice"): null

2023-09-29 15:05:39 - [TEST_STEP][PASSED] - nmPengirim = data.get("namaPengirim"): null

2023-09-29 15:05:39 - [TEST_STEP][PASSED] - ttlBayar = data.get("totalBayar"): null

2023-09-29 15:05:39 - [TEST_STEP][PASSED] - click(findTestObject("konfirmasi pesanan/a_Akun 0")): Object: 'Object Repository/konfirmasi pesanan/a_Akun 0' is clicked on

2023-09-29 15:05:40 - [MESSAGE][PASSED] - Object: 'Object Repository/konfirmasi pesanan/a_Akun 0' is clicked on

2023-09-29 15:05:40 - [TEST_STEP][PASSED] - click(findTestObject("konfirmasi pesanan/a_Profile")): Object: 'Object Repository/konfirmasi pesanan/a_Profile' is clicked on

2023-09-29 15:05:41 - [MESSAGE][PASSED] - Object: 'Object Repository/konfirmasi pesanan/a_Profile' is clicked on

2023-09-29 15:05:41 - [TEST_STEP][PASSED] - click(findTestObject("konfirmasi pesanan/a_Pembelian")): Object: 'Object Repository/konfirmasi pesanan/a_Pembelian' is clicked on

2023-09-29 15:05:42 - [MESSAGE][PASSED] - Object: 'Object Repository/konfirmasi pesanan/a_Pembelian' is clicked on

2023-09-29 15:05:42 - [TEST_STEP][PASSED] - click(findTestObject("konfirmasi pesanan/new konfirmasi bayar")): Object: 'Object Repository/konfirmasi pesanan/new konfirmasi bayar' is clicked on

2023-09-29 15:05:43 - [MESSAGE][PASSED] - Object: 'Object Repository/konfirmasi pesanan/new konfirmasi bayar' is clicked on

2023-09-29 15:05:43 - [TEST_STEP][PASSED] - verifyElementPresent(findTestObject("konfirmasi pesanan/verifikasi user masuk halaman konfirmasi bayar dari akun profil"), 0): Object 'Object Repository/konfirmasi pesanan/verifikasi user masuk halaman konfirmasi bayar dari akun profil' is present

2023-09-29 15:05:43 - [MESSAGE][WARNING] - Timeout '0' is invalid. Using default page load timeout: '30'

2023-09-29 15:05:44 - [MESSAGE][PASSED] - Object 'Object Repository/konfirmasi pesanan/verifikasi user masuk halaman konfirmasi bayar dari akun profil' is present

2023-09-29 15:05:44 - [TEST_STEP][PASSED] - uploadFile(findTestObject("konfirmasi pesanan/input_Upload Bukti Transfer_f"), "F:\bootcamp\Miniproject\transfer.jpg"): File 'F:\bootcamp\Miniproject\transfer.jpg' sent to object: 'Object Repository/konfirmasi pesanan/input_Upload Bukti Transfer_f'

2023-09-29 15:05:44 - [MESSAGE][PASSED] - File 'F:\bootcamp\Miniproject\transfer.jpg' sent to object: 'Object Repository/konfirmasi pesanan/input_Upload Bukti Transfer_f'

2023-09-29 15:05:44 - [TEST_STEP][PASSED] - totalBayar = getAttribute(findTestObject("Object Repository/konfirmasi pesanan/input_Total TagihanTransfer_b"), "value"): Attribute 'value' of object 'Object Repository/konfirmasi pesanan/input_Total TagihanTransfer_b' is: '17,276'

2023-09-29 15:05:44 - [MESSAGE][PASSED] - Attribute 'value' of object 'Object Repository/konfirmasi pesanan/input_Total TagihanTransfer_b' is: '17,276'

2023-09-29 15:05:44 - [TEST_STEP][PASSED] - selectOptionByValue(findTestObject("konfirmasi pesanan/select dropdown trasfer"), transfe, false): All options with value '2' are selected in object 'Object Repository/konfirmasi pesanan/select dropdown trasfer' 

2023-09-29 15:05:45 - [MESSAGE][PASSED] - All options with value '2' are selected in object 'Object Repository/konfirmasi pesanan/select dropdown trasfer' 

2023-09-29 15:05:45 - [TEST_STEP][PASSED] - naamaPengirim = getAttribute(findTestObject("Object Repository/konfirmasi pesanan/input_Nama Pengirim_d"), "value"): Attribute 'value' of object 'Object Repository/konfirmasi pesanan/input_Nama Pengirim_d' is: 'runarun'

2023-09-29 15:05:46 - [MESSAGE][PASSED] - Attribute 'value' of object 'Object Repository/konfirmasi pesanan/input_Nama Pengirim_d' is: 'runarun'

2023-09-29 15:05:46 - [TEST_STEP][PASSED] - println(naamaPengirim): null

2023-09-29 15:05:46 - [TEST_STEP][PASSED] - tanggal = getAttribute(findTestObject("Object Repository/konfirmasi pesanan/input_Tanggal Transfer_e"), "value"): Attribute 'value' of object 'Object Repository/konfirmasi pesanan/input_Tanggal Transfer_e' is: '2023-09-29'

2023-09-29 15:05:46 - [MESSAGE][PASSED] - Attribute 'value' of object 'Object Repository/konfirmasi pesanan/input_Tanggal Transfer_e' is: '2023-09-29'

2023-09-29 15:05:46 - [TEST_STEP][PASSED] - println(tanggal): null

2023-09-29 15:05:46 - [TEST_STEP][PASSED] - select = new org.openqa.selenium.support.ui.Select(com.kms.katalon.core.webui.driver.DriverFactory.getWebDriver().findElement(org.openqa.selenium.By.xpath(//select[@name="c"]))): null

2023-09-29 15:05:46 - [TEST_STEP][PASSED] - transfer = getFirstSelectedOption().getText(): null

2023-09-29 15:05:47 - [TEST_STEP][PASSED] - trans = transfer.split("-"): null

2023-09-29 15:05:47 - [TEST_STEP][PASSED] - transf = "": null

2023-09-29 15:05:47 - [TEST_STEP][PASSED] - for ([i = 0, i < length, (i++)]): null

2023-09-29 15:05:47 - [TEST_STEP][PASSED] - tf = trans[0].trim(): null

2023-09-29 15:05:47 - [TEST_STEP][PASSED] - transf = tf: null

2023-09-29 15:05:47 - [TEST_STEP][PASSED] - tf = trans[0].trim(): null

2023-09-29 15:05:47 - [TEST_STEP][PASSED] - transf = tf: null

2023-09-29 15:05:47 - [TEST_STEP][PASSED] - println(transf): null

2023-09-29 15:05:47 - [TEST_STEP][PASSED] - assert trim().equalsIgnoreCase(ttlBayar.trim()): null

2023-09-29 15:05:47 - [TEST_STEP][PASSED] - assert trim().equalsIgnoreCase(nmPengirim.trim()): null

2023-09-29 15:05:47 - [TEST_STEP][PASSED] - click(findTestObject("konfirmasi pesanan/button_Konfirmasi Pembayaran")): Object: 'Object Repository/konfirmasi pesanan/button_Konfirmasi Pembayaran' is clicked on

2023-09-29 15:05:47 - [MESSAGE][PASSED] - Object: 'Object Repository/konfirmasi pesanan/button_Konfirmasi Pembayaran' is clicked on

2023-09-29 15:05:47 - [TEST_STEP][PASSED] - verifyElementText(findTestObject("konfirmasi pesanan/verifikasi sukses melakukan pembayaran pesanan"), "Sukses Melakukan Konfirmasi Pembayaran Pesanan!"): Actual text and expected text of test object 'Object Repository/konfirmasi pesanan/verifikasi sukses melakukan pembayaran pesanan' are matched.

2023-09-29 15:05:48 - [MESSAGE][PASSED] - Actual text and expected text of test object 'Object Repository/konfirmasi pesanan/verifikasi sukses melakukan pembayaran pesanan' are matched.

2023-09-29 15:05:48 - [TEST_STEP][PASSED] - data.put("namaHasilInput", naamaPengirim): null

2023-09-29 15:05:48 - [TEST_STEP][PASSED] - data.put("date", tanggal): null

2023-09-29 15:05:48 - [TEST_STEP][PASSED] - data.put("noRekening", transf): null

2023-09-29 15:05:48 - [TEST_STEP][PASSED] - data.put("inputJmlTf", totalBayar): null

2023-09-29 15:05:48 - [TEST_STEP][PASSED] - return data: null

2023-09-29 15:05:48 - [MESSAGE][PASSED] - Call Test Case 'Test Cases/T08 - Konfirmasi Pesanan/TC-KS-001' successfully

2023-09-29 15:05:48 - [TEST_STEP][PASSED] - noPesanan = data.get("invoice"): null

2023-09-29 15:05:48 - [TEST_STEP][PASSED] - name = data.get("namaPengirim"): null

2023-09-29 15:05:48 - [TEST_STEP][PASSED] - count = data.get("totalBayar"): null

2023-09-29 15:05:48 - [TEST_STEP][PASSED] - setText(findTestObject("konfirmasi pesanan/input nomor pesanan"), noPesanan): Text 'TRX91.20230929150530' is set on object 'Object Repository/konfirmasi pesanan/input nomor pesanan'

2023-09-29 15:05:49 - [MESSAGE][PASSED] - Text 'TRX91.20230929150530' is set on object 'Object Repository/konfirmasi pesanan/input nomor pesanan'

2023-09-29 15:05:49 - [TEST_STEP][PASSED] - setText(findTestObject("konfirmasi pesanan/input email di konfirmasi pesanan"), email): Text 'runarun@gmail.com' is set on object 'Object Repository/konfirmasi pesanan/input email di konfirmasi pesanan'

2023-09-29 15:05:50 - [MESSAGE][PASSED] - Text 'runarun@gmail.com' is set on object 'Object Repository/konfirmasi pesanan/input email di konfirmasi pesanan'

2023-09-29 15:05:50 - [TEST_STEP][PASSED] - click(findTestObject("konfirmasi pesanan/button_Submit")): Object: 'Object Repository/konfirmasi pesanan/button_Submit' is clicked on

2023-09-29 15:05:51 - [MESSAGE][PASSED] - Object: 'Object Repository/konfirmasi pesanan/button_Submit' is clicked on

2023-09-29 15:05:51 - [TEST_STEP][FAILED] - verifyElementText(findTestObject("konfirmasi pesanan/verifikasi sudah melakukan konfirmasi sekali di menu akun"), "Sukses Melakukan Konfirmasi Pesanan!"): Verify element text of test object 'Object Repository/konfirmasi pesanan/verifikasi sudah melakukan konfirmasi sekali di menu akun' FAILED. (Root cause: com.kms.katalon.core.exception.StepFailedException: Verify element text of test object 'Object Repository/konfirmasi pesanan/verifikasi sudah melakukan konfirmasi sekali di menu akun' FAILED.
	at com.kms.katalon.core.webui.keyword.internal.WebUIKeywordMain.stepFailed(WebUIKeywordMain.groovy:64)
	at com.kms.katalon.core.webui.keyword.internal.WebUIKeywordMain.runKeyword(WebUIKeywordMain.groovy:26)
	at com.kms.katalon.core.webui.keyword.builtin.VerifyElementTextKeyword.verifyElementText(VerifyElementTextKeyword.groovy:72)
	at com.kms.katalon.core.webui.keyword.builtin.VerifyElementTextKeyword.execute(VerifyElementTextKeyword.groovy:40)
	at com.kms.katalon.core.keyword.internal.KeywordExecutor.executeKeywordForPlatform(KeywordExecutor.groovy:74)
	at com.kms.katalon.core.webui.keyword.WebUiBuiltInKeywords.verifyElementText(WebUiBuiltInKeywords.groovy:4749)
	at com.kms.katalon.core.webui.keyword.WebUiBuiltInKeywords$verifyElementText$10.call(Unknown Source)
	at TC-KS-002.run(TC-KS-002:35)
	at com.kms.katalon.core.main.ScriptEngine.run(ScriptEngine.java:194)
	at com.kms.katalon.core.main.ScriptEngine.runScriptAsRawText(ScriptEngine.java:119)
	at com.kms.katalon.core.main.TestCaseExecutor.runScript(TestCaseExecutor.java:448)
	at com.kms.katalon.core.main.TestCaseExecutor.doExecute(TestCaseExecutor.java:439)
	at com.kms.katalon.core.main.TestCaseExecutor.processExecutionPhase(TestCaseExecutor.java:418)
	at com.kms.katalon.core.main.TestCaseExecutor.accessMainPhase(TestCaseExecutor.java:410)
	at com.kms.katalon.core.main.TestCaseExecutor.execute(TestCaseExecutor.java:285)
	at com.kms.katalon.core.common.CommonExecutor.accessTestCaseMainPhase(CommonExecutor.java:65)
	at com.kms.katalon.core.main.TestSuiteExecutor.accessTestSuiteMainPhase(TestSuiteExecutor.java:148)
	at com.kms.katalon.core.main.TestSuiteExecutor.execute(TestSuiteExecutor.java:106)
	at com.kms.katalon.core.main.TestCaseMain.startTestSuite(TestCaseMain.java:187)
	at com.kms.katalon.core.main.TestCaseMain$startTestSuite$0.call(Unknown Source)
	at TempTestSuite1695974576876.run(TempTestSuite1695974576876.groovy:36)
Caused by: com.kms.katalon.core.exception.StepFailedException: Actual text 'PENTING - Pesanan ini sudah dikonfirmasi Sebelumnya sebanyak 1 kali,..' and expected text 'Sukses Melakukan Konfirmasi Pesanan!' of test object 'Object Repository/konfirmasi pesanan/verifikasi sudah melakukan konfirmasi sekali di menu akun' are NOT matched.
	at com.kms.katalon.core.webui.keyword.internal.WebUIKeywordMain.stepFailed(WebUIKeywordMain.groovy:64)
	at com.kms.katalon.core.webui.keyword.builtin.VerifyElementTextKeyword$_verifyElementText_closure1.doCall(VerifyElementTextKeyword.groovy:57)
	at com.kms.katalon.core.webui.keyword.builtin.VerifyElementTextKeyword$_verifyElementText_closure1.call(VerifyElementTextKeyword.groovy)
	at com.kms.katalon.core.webui.keyword.internal.WebUIKeywordMain.runKeyword(WebUIKeywordMain.groovy:20)
	... 19 more
)

2023-09-29 15:05:52 - [MESSAGE][FAILED] - Actual text 'PENTING - Pesanan ini sudah dikonfirmasi Sebelumnya sebanyak 1 kali,..' and expected text 'Sukses Melakukan Konfirmasi Pesanan!' of test object 'Object Repository/konfirmasi pesanan/verifikasi sudah melakukan konfirmasi sekali di menu akun' are NOT matched. (Root cause: com.kms.katalon.core.exception.StepFailedException: Actual text 'PENTING - Pesanan ini sudah dikonfirmasi Sebelumnya sebanyak 1 kali,..' and expected text 'Sukses Melakukan Konfirmasi Pesanan!' of test object 'Object Repository/konfirmasi pesanan/verifikasi sudah melakukan konfirmasi sekali di menu akun' are NOT matched.
	at com.kms.katalon.core.webui.keyword.internal.WebUIKeywordMain.stepFailed(WebUIKeywordMain.groovy:64)
	at com.kms.katalon.core.webui.keyword.builtin.VerifyElementTextKeyword$_verifyElementText_closure1.doCall(VerifyElementTextKeyword.groovy:57)
	at com.kms.katalon.core.webui.keyword.builtin.VerifyElementTextKeyword$_verifyElementText_closure1.call(VerifyElementTextKeyword.groovy)
	at com.kms.katalon.core.webui.keyword.internal.WebUIKeywordMain.runKeyword(WebUIKeywordMain.groovy:20)
	at com.kms.katalon.core.webui.keyword.builtin.VerifyElementTextKeyword.verifyElementText(VerifyElementTextKeyword.groovy:72)
	at com.kms.katalon.core.webui.keyword.builtin.VerifyElementTextKeyword.execute(VerifyElementTextKeyword.groovy:40)
	at com.kms.katalon.core.keyword.internal.KeywordExecutor.executeKeywordForPlatform(KeywordExecutor.groovy:74)
	at com.kms.katalon.core.webui.keyword.WebUiBuiltInKeywords.verifyElementText(WebUiBuiltInKeywords.groovy:4749)
	at com.kms.katalon.core.webui.keyword.WebUiBuiltInKeywords$verifyElementText$10.call(Unknown Source)
	at TC-KS-002.run(TC-KS-002:35)
	at com.kms.katalon.core.main.ScriptEngine.run(ScriptEngine.java:194)
	at com.kms.katalon.core.main.ScriptEngine.runScriptAsRawText(ScriptEngine.java:119)
	at com.kms.katalon.core.main.TestCaseExecutor.runScript(TestCaseExecutor.java:448)
	at com.kms.katalon.core.main.TestCaseExecutor.doExecute(TestCaseExecutor.java:439)
	at com.kms.katalon.core.main.TestCaseExecutor.processExecutionPhase(TestCaseExecutor.java:418)
	at com.kms.katalon.core.main.TestCaseExecutor.accessMainPhase(TestCaseExecutor.java:410)
	at com.kms.katalon.core.main.TestCaseExecutor.execute(TestCaseExecutor.java:285)
	at com.kms.katalon.core.common.CommonExecutor.accessTestCaseMainPhase(CommonExecutor.java:65)
	at com.kms.katalon.core.main.TestSuiteExecutor.accessTestSuiteMainPhase(TestSuiteExecutor.java:148)
	at com.kms.katalon.core.main.TestSuiteExecutor.execute(TestSuiteExecutor.java:106)
	at com.kms.katalon.core.main.TestCaseMain.startTestSuite(TestCaseMain.java:187)
	at com.kms.katalon.core.main.TestCaseMain$startTestSuite$0.call(Unknown Source)
	at TempTestSuite1695974576876.run(TempTestSuite1695974576876.groovy:36)
)
[[ATTACHMENT|F:\\bootcamp\\Miniproject\\Tajalapak\\Reports\\20230929_150256\\T08 - Konfirmasi Pesanan\\20230929_150256\\1695974752392.png]]

2023-09-29 15:05:52 - [MESSAGE][FAILED] - Verify element text of test object 'Object Repository/konfirmasi pesanan/verifikasi sudah melakukan konfirmasi sekali di menu akun' FAILED. (Root cause: com.kms.katalon.core.exception.StepFailedException: Verify element text of test object 'Object Repository/konfirmasi pesanan/verifikasi sudah melakukan konfirmasi sekali di menu akun' FAILED.
	at com.kms.katalon.core.webui.keyword.internal.WebUIKeywordMain.stepFailed(WebUIKeywordMain.groovy:64)
	at com.kms.katalon.core.webui.keyword.internal.WebUIKeywordMain.runKeyword(WebUIKeywordMain.groovy:26)
	at com.kms.katalon.core.webui.keyword.builtin.VerifyElementTextKeyword.verifyElementText(VerifyElementTextKeyword.groovy:72)
	at com.kms.katalon.core.webui.keyword.builtin.VerifyElementTextKeyword.execute(VerifyElementTextKeyword.groovy:40)
	at com.kms.katalon.core.keyword.internal.KeywordExecutor.executeKeywordForPlatform(KeywordExecutor.groovy:74)
	at com.kms.katalon.core.webui.keyword.WebUiBuiltInKeywords.verifyElementText(WebUiBuiltInKeywords.groovy:4749)
	at com.kms.katalon.core.webui.keyword.WebUiBuiltInKeywords$verifyElementText$10.call(Unknown Source)
	at TC-KS-002.run(TC-KS-002:35)
	at com.kms.katalon.core.main.ScriptEngine.run(ScriptEngine.java:194)
	at com.kms.katalon.core.main.ScriptEngine.runScriptAsRawText(ScriptEngine.java:119)
	at com.kms.katalon.core.main.TestCaseExecutor.runScript(TestCaseExecutor.java:448)
	at com.kms.katalon.core.main.TestCaseExecutor.doExecute(TestCaseExecutor.java:439)
	at com.kms.katalon.core.main.TestCaseExecutor.processExecutionPhase(TestCaseExecutor.java:418)
	at com.kms.katalon.core.main.TestCaseExecutor.accessMainPhase(TestCaseExecutor.java:410)
	at com.kms.katalon.core.main.TestCaseExecutor.execute(TestCaseExecutor.java:285)
	at com.kms.katalon.core.common.CommonExecutor.accessTestCaseMainPhase(CommonExecutor.java:65)
	at com.kms.katalon.core.main.TestSuiteExecutor.accessTestSuiteMainPhase(TestSuiteExecutor.java:148)
	at com.kms.katalon.core.main.TestSuiteExecutor.execute(TestSuiteExecutor.java:106)
	at com.kms.katalon.core.main.TestCaseMain.startTestSuite(TestCaseMain.java:187)
	at com.kms.katalon.core.main.TestCaseMain$startTestSuite$0.call(Unknown Source)
	at TempTestSuite1695974576876.run(TempTestSuite1695974576876.groovy:36)
Caused by: com.kms.katalon.core.exception.StepFailedException: Actual text 'PENTING - Pesanan ini sudah dikonfirmasi Sebelumnya sebanyak 1 kali,..' and expected text 'Sukses Melakukan Konfirmasi Pesanan!' of test object 'Object Repository/konfirmasi pesanan/verifikasi sudah melakukan konfirmasi sekali di menu akun' are NOT matched.
	at com.kms.katalon.core.webui.keyword.internal.WebUIKeywordMain.stepFailed(WebUIKeywordMain.groovy:64)
	at com.kms.katalon.core.webui.keyword.builtin.VerifyElementTextKeyword$_verifyElementText_closure1.doCall(VerifyElementTextKeyword.groovy:57)
	at com.kms.katalon.core.webui.keyword.builtin.VerifyElementTextKeyword$_verifyElementText_closure1.call(VerifyElementTextKeyword.groovy)
	at com.kms.katalon.core.webui.keyword.internal.WebUIKeywordMain.runKeyword(WebUIKeywordMain.groovy:20)
	... 19 more
)
[[ATTACHMENT|F:\\bootcamp\\Miniproject\\Tajalapak\\Reports\\20230929_150256\\T08 - Konfirmasi Pesanan\\20230929_150256\\1695974752769.png]]]]></system-out>
         <system-err><![CDATA[2023-09-29 15:05:11 - [TEST_CASE][FAILED] - Test Cases/T08 - Konfirmasi Pesanan/TC-KS-002: Test Cases/T08 - Konfirmasi Pesanan/TC-KS-002 FAILED.
Reason:
com.kms.katalon.core.exception.StepFailedException: Verify element text of test object 'Object Repository/konfirmasi pesanan/verifikasi sudah melakukan konfirmasi sekali di menu akun' FAILED.
	at com.kms.katalon.core.webui.keyword.internal.WebUIKeywordMain.stepFailed(WebUIKeywordMain.groovy:64)
	at com.kms.katalon.core.webui.keyword.internal.WebUIKeywordMain.runKeyword(WebUIKeywordMain.groovy:26)
	at com.kms.katalon.core.webui.keyword.builtin.VerifyElementTextKeyword.verifyElementText(VerifyElementTextKeyword.groovy:72)
	at com.kms.katalon.core.webui.keyword.builtin.VerifyElementTextKeyword.execute(VerifyElementTextKeyword.groovy:40)
	at com.kms.katalon.core.keyword.internal.KeywordExecutor.executeKeywordForPlatform(KeywordExecutor.groovy:74)
	at com.kms.katalon.core.webui.keyword.WebUiBuiltInKeywords.verifyElementText(WebUiBuiltInKeywords.groovy:4749)
	at com.kms.katalon.core.webui.keyword.WebUiBuiltInKeywords$verifyElementText$10.call(Unknown Source)
	at TC-KS-002.run(TC-KS-002:35)
	at com.kms.katalon.core.main.ScriptEngine.run(ScriptEngine.java:194)
	at com.kms.katalon.core.main.ScriptEngine.runScriptAsRawText(ScriptEngine.java:119)
	at com.kms.katalon.core.main.TestCaseExecutor.runScript(TestCaseExecutor.java:448)
	at com.kms.katalon.core.main.TestCaseExecutor.doExecute(TestCaseExecutor.java:439)
	at com.kms.katalon.core.main.TestCaseExecutor.processExecutionPhase(TestCaseExecutor.java:418)
	at com.kms.katalon.core.main.TestCaseExecutor.accessMainPhase(TestCaseExecutor.java:410)
	at com.kms.katalon.core.main.TestCaseExecutor.execute(TestCaseExecutor.java:285)
	at com.kms.katalon.core.common.CommonExecutor.accessTestCaseMainPhase(CommonExecutor.java:65)
	at com.kms.katalon.core.main.TestSuiteExecutor.accessTestSuiteMainPhase(TestSuiteExecutor.java:148)
	at com.kms.katalon.core.main.TestSuiteExecutor.execute(TestSuiteExecutor.java:106)
	at com.kms.katalon.core.main.TestCaseMain.startTestSuite(TestCaseMain.java:187)
	at com.kms.katalon.core.main.TestCaseMain$startTestSuite$0.call(Unknown Source)
	at TempTestSuite1695974576876.run(TempTestSuite1695974576876.groovy:36)
Caused by: com.kms.katalon.core.exception.StepFailedException: Actual text 'PENTING - Pesanan ini sudah dikonfirmasi Sebelumnya sebanyak 1 kali,..' and expected text 'Sukses Melakukan Konfirmasi Pesanan!' of test object 'Object Repository/konfirmasi pesanan/verifikasi sudah melakukan konfirmasi sekali di menu akun' are NOT matched.
	at com.kms.katalon.core.webui.keyword.internal.WebUIKeywordMain.stepFailed(WebUIKeywordMain.groovy:64)
	at com.kms.katalon.core.webui.keyword.builtin.VerifyElementTextKeyword$_verifyElementText_closure1.doCall(VerifyElementTextKeyword.groovy:57)
	at com.kms.katalon.core.webui.keyword.builtin.VerifyElementTextKeyword$_verifyElementText_closure1.call(VerifyElementTextKeyword.groovy)
	at com.kms.katalon.core.webui.keyword.internal.WebUIKeywordMain.runKeyword(WebUIKeywordMain.groovy:20)
	... 19 more]]></system-err>
      </testcase>
      <testcase name="Test Cases/T08 - Konfirmasi Pesanan/TC-KS-003" time="34.698" classname="Test Cases/T08 - Konfirmasi Pesanan/TC-KS-003" status="PASSED">
         <system-out><![CDATA[2023-09-29 15:05:52 - [TEST_CASE][PASSED] - Test Cases/T08 - Konfirmasi Pesanan/TC-KS-003: Test Cases/T08 - Konfirmasi Pesanan/TC-KS-003

2023-09-29 15:05:53 - [TEST_STEP][PASSED] - data = callTestCase(findTestCase("T08 - Konfirmasi Pesanan/TC-OS-001"), ["Roda":"2", "MetodePembayaran":"transfer"], STOP_ON_FAILURE): Call Test Case 'Test Cases/T08 - Konfirmasi Pesanan/TC-OS-001' successfully

2023-09-29 15:05:53 - [TEST_CASE][PASSED] - Test Cases/T08 - Konfirmasi Pesanan/TC-OS-001: Test Cases/T08 - Konfirmasi Pesanan/TC-OS-001

2023-09-29 15:05:53 - [TEST_STEP][PASSED] - callTestCase(findTestCase("T08 - Konfirmasi Pesanan/TC-LS-001"), [:], STOP_ON_FAILURE): Call Test Case 'Test Cases/T08 - Konfirmasi Pesanan/TC-LS-001' successfully

2023-09-29 15:05:53 - [TEST_CASE][PASSED] - Test Cases/T08 - Konfirmasi Pesanan/TC-LS-001: Test Cases/T08 - Konfirmasi Pesanan/TC-LS-001

2023-09-29 15:05:53 - [TEST_STEP][PASSED] - openBrowser(urlWeb): Browser is opened with url: 'https://10.9.2.63/ecommerce/'

2023-09-29 15:05:53 - [MESSAGE][WARNING] - A browser is already opened. Closing browser and opening a new one

2023-09-29 15:05:55 - [MESSAGE][INFO] - Starting 'Firefox' driver

2023-09-29 15:05:55 - [MESSAGE][INFO] - Action delay is set to 0 milliseconds

2023-09-29 15:06:00 - [MESSAGE][PASSED] - Browser is opened with url: 'https://10.9.2.63/ecommerce/'

2023-09-29 15:06:00 - [TEST_STEP][PASSED] - maximizeWindow(): Current window maximized

2023-09-29 15:06:00 - [MESSAGE][PASSED] - Current window maximized

2023-09-29 15:06:00 - [TEST_STEP][PASSED] - click(findTestObject("Login/a_Login")): Object: 'Object Repository/Login/a_Login' is clicked on

2023-09-29 15:06:01 - [MESSAGE][PASSED] - Object: 'Object Repository/Login/a_Login' is clicked on

2023-09-29 15:06:01 - [TEST_STEP][PASSED] - setText(findTestObject("Login/input_Username, Email atau No. Handphone_a"), "runa36"): Text 'runa36' is set on object 'Object Repository/Login/input_Username, Email atau No. Handphone_a'

2023-09-29 15:06:01 - [MESSAGE][PASSED] - Text 'runa36' is set on object 'Object Repository/Login/input_Username, Email atau No. Handphone_a'

2023-09-29 15:06:01 - [TEST_STEP][PASSED] - setEncryptedText(findTestObject("Login/input_Password di Login(Masuk)"), "qbkrdMwyWE4="): Text ****** has been set on object 'Object Repository/Login/input_Password di Login(Masuk)'

2023-09-29 15:06:02 - [MESSAGE][PASSED] - Text ****** has been set on object 'Object Repository/Login/input_Password di Login(Masuk)'

2023-09-29 15:06:02 - [TEST_STEP][PASSED] - click(findTestObject("Login/button_Masuk di halaman login")): Object: 'Object Repository/Login/button_Masuk di halaman login' is clicked on

2023-09-29 15:06:03 - [MESSAGE][PASSED] - Object: 'Object Repository/Login/button_Masuk di halaman login' is clicked on

2023-09-29 15:06:03 - [TEST_STEP][PASSED] - verifyElementPresent(findTestObject("Pendaftaran/verifikasi MASUK di halaman Login"), 0): Object 'Object Repository/Pendaftaran/verifikasi MASUK di halaman Login' is present

2023-09-29 15:06:03 - [MESSAGE][WARNING] - Timeout '0' is invalid. Using default page load timeout: '30'

2023-09-29 15:06:03 - [MESSAGE][PASSED] - Object 'Object Repository/Pendaftaran/verifikasi MASUK di halaman Login' is present

2023-09-29 15:06:03 - [MESSAGE][PASSED] - Call Test Case 'Test Cases/T08 - Konfirmasi Pesanan/TC-LS-001' successfully

2023-09-29 15:06:03 - [TEST_STEP][PASSED] - setText(findTestObject("chekout/input aku mau belanja"), "acer"): Text 'acer' is set on object 'Object Repository/chekout/input aku mau belanja'

2023-09-29 15:06:04 - [MESSAGE][PASSED] - Text 'acer' is set on object 'Object Repository/chekout/input aku mau belanja'

2023-09-29 15:06:04 - [TEST_STEP][PASSED] - click(findTestObject("chekout/button_Cari di halaman tajalapak")): Object: 'Object Repository/chekout/button_Cari di halaman tajalapak' is clicked on

2023-09-29 15:06:05 - [MESSAGE][PASSED] - Object: 'Object Repository/chekout/button_Cari di halaman tajalapak' is clicked on

2023-09-29 15:06:05 - [TEST_STEP][PASSED] - click(findTestObject("chekout/NEW read more acer")): Object: 'Object Repository/chekout/NEW read more acer' is clicked on

2023-09-29 15:06:06 - [MESSAGE][PASSED] - Object: 'Object Repository/chekout/NEW read more acer' is clicked on

2023-09-29 15:06:06 - [TEST_STEP][PASSED] - click(findTestObject("chekout/button_Beli Sekarang di detail produk")): Object: 'Object Repository/chekout/button_Beli Sekarang di detail produk' is clicked on

2023-09-29 15:06:07 - [MESSAGE][PASSED] - Object: 'Object Repository/chekout/button_Beli Sekarang di detail produk' is clicked on

2023-09-29 15:06:07 - [TEST_STEP][PASSED] - verifyElementPresent(findTestObject("chekout/halaman keranjang belanja"), 0): Object 'Object Repository/chekout/halaman keranjang belanja' is present

2023-09-29 15:06:07 - [MESSAGE][WARNING] - Timeout '0' is invalid. Using default page load timeout: '30'

2023-09-29 15:06:08 - [MESSAGE][PASSED] - Object 'Object Repository/chekout/halaman keranjang belanja' is present

2023-09-29 15:06:08 - [TEST_STEP][PASSED] - click(findTestObject("chekout/button_Lanjut ke Pembayaran")): Object: 'Object Repository/chekout/button_Lanjut ke Pembayaran' is clicked on

2023-09-29 15:06:09 - [MESSAGE][PASSED] - Object: 'Object Repository/chekout/button_Lanjut ke Pembayaran' is clicked on

2023-09-29 15:06:09 - [TEST_STEP][PASSED] - selectOptionByValue(findTestObject("Object Repository/chekout/select_- Kirim via Kurir Lokal -Roda 2Roda 4"), Roda, false): All options with value '2' are selected in object 'Object Repository/chekout/select_- Kirim via Kurir Lokal -Roda 2Roda 4' 

2023-09-29 15:06:10 - [MESSAGE][PASSED] - All options with value '2' are selected in object 'Object Repository/chekout/select_- Kirim via Kurir Lokal -Roda 2Roda 4' 

2023-09-29 15:06:10 - [TEST_STEP][PASSED] - click(findTestObject("chekout/jenis kendaraan")): Object: 'Object Repository/chekout/jenis kendaraan' is clicked on

2023-09-29 15:06:11 - [MESSAGE][PASSED] - Object: 'Object Repository/chekout/jenis kendaraan' is clicked on

2023-09-29 15:06:11 - [TEST_STEP][PASSED] - if (toString().equalsIgnoreCase("transfer")): Object 'Object Repository/chekout/input metode tf bank' is checked

2023-09-29 15:06:11 - [TEST_STEP][PASSED] - check(findTestObject("chekout/input metode tf bank")): Object 'Object Repository/chekout/input metode tf bank' is checked

2023-09-29 15:06:11 - [MESSAGE][PASSED] - Object 'Object Repository/chekout/input metode tf bank' is checked

2023-09-29 15:06:11 - [TEST_STEP][PASSED] - click(findTestObject("chekout/button_Proses Pembayaran")): Object: 'Object Repository/chekout/button_Proses Pembayaran' is clicked on

2023-09-29 15:06:17 - [MESSAGE][PASSED] - Object: 'Object Repository/chekout/button_Proses Pembayaran' is clicked on

2023-09-29 15:06:17 - [TEST_STEP][PASSED] - noPesanan = getText(findTestObject("Object Repository/chekout/nomor invoice dari halaman menunggu pembayaran")): Text of object 'Object Repository/chekout/nomor invoice dari halaman menunggu pembayaran' is: 'TRX91.20230929150612'

2023-09-29 15:06:18 - [MESSAGE][PASSED] - Text of object 'Object Repository/chekout/nomor invoice dari halaman menunggu pembayaran' is: 'TRX91.20230929150612'

2023-09-29 15:06:18 - [TEST_STEP][PASSED] - println(noPesanan): null

2023-09-29 15:06:18 - [TEST_STEP][PASSED] - pengirim = getText(findTestObject("Object Repository/chekout/dikirim kepada sama dengan pengirim di tf di konfirmaasi bayar")): Text of object 'Object Repository/chekout/dikirim kepada sama dengan pengirim di tf di konfirmaasi bayar' is: 'runarun'

2023-09-29 15:06:18 - [MESSAGE][PASSED] - Text of object 'Object Repository/chekout/dikirim kepada sama dengan pengirim di tf di konfirmaasi bayar' is: 'runarun'

2023-09-29 15:06:18 - [TEST_STEP][PASSED] - totalharga = getText(findTestObject("Object Repository/chekout/total harga bayar")): Text of object 'Object Repository/chekout/total harga bayar' is: '17,358'

2023-09-29 15:06:19 - [MESSAGE][PASSED] - Text of object 'Object Repository/chekout/total harga bayar' is: '17,358'

2023-09-29 15:06:19 - [TEST_STEP][PASSED] - ongkir = getText(findTestObject("co saldo akun/new ongkir tf")): Text of object 'Object Repository/co saldo akun/new ongkir tf' is: 'Rp 13,000'

2023-09-29 15:06:19 - [MESSAGE][PASSED] - Text of object 'Object Repository/co saldo akun/new ongkir tf' is: 'Rp 13,000'

2023-09-29 15:06:19 - [TEST_STEP][PASSED] - ongkirr = replace(",", "").trim(): null

2023-09-29 15:06:19 - [TEST_STEP][PASSED] - ongkir1 = Integer.parseInt(ongkirr): null

2023-09-29 15:06:19 - [TEST_STEP][PASSED] - println(ongkir1): null

2023-09-29 15:06:19 - [TEST_STEP][PASSED] - biayaAdmin = getText(findTestObject("co saldo akun/new fee admin tf")): Text of object 'Object Repository/co saldo akun/new fee admin tf' is: 'Rp 1,500'

2023-09-29 15:06:20 - [MESSAGE][PASSED] - Text of object 'Object Repository/co saldo akun/new fee admin tf' is: 'Rp 1,500'

2023-09-29 15:06:20 - [TEST_STEP][PASSED] - bAdmin = replace(",", "").trim(): null

2023-09-29 15:06:20 - [TEST_STEP][PASSED] - Integer.parseInt(bAdmin): null

2023-09-29 15:06:20 - [TEST_STEP][PASSED] - Admin = Double.parseDouble(bAdmin): null

2023-09-29 15:06:20 - [TEST_STEP][PASSED] - println(Admin): null

2023-09-29 15:06:20 - [TEST_STEP][PASSED] - subtotal = getText(findTestObject("co saldo akun/new subtotal tf")): Text of object 'Object Repository/co saldo akun/new subtotal tf' is: 'Rp 2,246'

2023-09-29 15:06:20 - [MESSAGE][PASSED] - Text of object 'Object Repository/co saldo akun/new subtotal tf' is: 'Rp 2,246'

2023-09-29 15:06:20 - [TEST_STEP][PASSED] - subtotall = replace(",", "").trim(): null

2023-09-29 15:06:20 - [TEST_STEP][PASSED] - Integer.parseInt(subtotall): null

2023-09-29 15:06:20 - [TEST_STEP][PASSED] - sub = Double.parseDouble(subtotall): null

2023-09-29 15:06:20 - [TEST_STEP][PASSED] - println(sub): null

2023-09-29 15:06:20 - [TEST_STEP][PASSED] - kode = getText(findTestObject("co saldo akun/new kode unik tf")): Text of object 'Object Repository/co saldo akun/new kode unik tf' is: '+612'

2023-09-29 15:06:21 - [MESSAGE][PASSED] - Text of object 'Object Repository/co saldo akun/new kode unik tf' is: '+612'

2023-09-29 15:06:21 - [TEST_STEP][PASSED] - kodee = replace("+", "").trim(): null

2023-09-29 15:06:21 - [TEST_STEP][PASSED] - Integer.parseInt(kodee): null

2023-09-29 15:06:21 - [TEST_STEP][PASSED] - code = Double.parseDouble(kodee): null

2023-09-29 15:06:21 - [TEST_STEP][PASSED] - tOng = ongkir1 + sub: null

2023-09-29 15:06:21 - [TEST_STEP][PASSED] - println(tOng): null

2023-09-29 15:06:21 - [TEST_STEP][PASSED] - totalBayar = tOng + Admin + code: null

2023-09-29 15:06:21 - [TEST_STEP][PASSED] - println(totalBayar): null

2023-09-29 15:06:21 - [TEST_STEP][PASSED] - totalBayar1 = totalBayar: null

2023-09-29 15:06:21 - [TEST_STEP][PASSED] - println(totalBayar1): null

2023-09-29 15:06:21 - [TEST_STEP][PASSED] - total = getText(findTestObject("co saldo akun/new total harga tf")): Text of object 'Object Repository/co saldo akun/new total harga tf' is: '17,358'

2023-09-29 15:06:21 - [MESSAGE][PASSED] - Text of object 'Object Repository/co saldo akun/new total harga tf' is: '17,358'

2023-09-29 15:06:21 - [TEST_STEP][PASSED] - total1 = replace(",", "").trim(): null

2023-09-29 15:06:21 - [TEST_STEP][PASSED] - total2 = Integer.parseInt(total1): null

2023-09-29 15:06:21 - [TEST_STEP][PASSED] - println(total2): null

2023-09-29 15:06:21 - [TEST_STEP][PASSED] - assert totalBayar1 == total2: null

2023-09-29 15:06:21 - [TEST_STEP][PASSED] - data = new java.util.HashMap(): null

2023-09-29 15:06:21 - [TEST_STEP][PASSED] - data.put("invoice", noPesanan): null

2023-09-29 15:06:21 - [TEST_STEP][PASSED] - data.put("namaPengirim", pengirim): null

2023-09-29 15:06:21 - [TEST_STEP][PASSED] - data.put("totalBayar", totalharga): null

2023-09-29 15:06:21 - [TEST_STEP][PASSED] - data.put("totalOngkir", tOng): null

2023-09-29 15:06:21 - [TEST_STEP][PASSED] - return data: null

2023-09-29 15:06:21 - [MESSAGE][PASSED] - Call Test Case 'Test Cases/T08 - Konfirmasi Pesanan/TC-OS-001' successfully

2023-09-29 15:06:21 - [TEST_STEP][PASSED] - noPesanan = data.get("invoice"): null

2023-09-29 15:06:21 - [TEST_STEP][PASSED] - name = data.get("namaPengirim"): null

2023-09-29 15:06:21 - [TEST_STEP][PASSED] - count = data.get("totalBayar"): null

2023-09-29 15:06:21 - [TEST_STEP][PASSED] - click(findTestObject("konfirmasi pesanan/a_Logout")): Object: 'Object Repository/konfirmasi pesanan/a_Logout' is clicked on

2023-09-29 15:06:22 - [MESSAGE][PASSED] - Object: 'Object Repository/konfirmasi pesanan/a_Logout' is clicked on

2023-09-29 15:06:22 - [TEST_STEP][PASSED] - verifyElementPresent(findTestObject("verifikasi halaman tajalapak sebelum daftar"), 0): Object 'Object Repository/verifikasi halaman tajalapak sebelum daftar' is present

2023-09-29 15:06:23 - [MESSAGE][WARNING] - Timeout '0' is invalid. Using default page load timeout: '30'

2023-09-29 15:06:23 - [MESSAGE][PASSED] - Object 'Object Repository/verifikasi halaman tajalapak sebelum daftar' is present

2023-09-29 15:06:23 - [TEST_STEP][PASSED] - mouseOver(findTestObject("konfirmasi pesanan/a_Shop")): Object: 'Object Repository/konfirmasi pesanan/a_Shop' is hovered

2023-09-29 15:06:24 - [MESSAGE][PASSED] - Object: 'Object Repository/konfirmasi pesanan/a_Shop' is hovered

2023-09-29 15:06:24 - [TEST_STEP][PASSED] - click(findTestObject("konfirmasi pesanan/a_Konfirmasi Orders")): Object: 'Object Repository/konfirmasi pesanan/a_Konfirmasi Orders' is clicked on

2023-09-29 15:06:25 - [MESSAGE][PASSED] - Object: 'Object Repository/konfirmasi pesanan/a_Konfirmasi Orders' is clicked on

2023-09-29 15:06:25 - [TEST_STEP][PASSED] - setText(findTestObject("konfirmasi pesanan/input_No Pesanan_a di shop"), noPesanan): Text 'TRX91.20230929150612' is set on object 'Object Repository/konfirmasi pesanan/input_No Pesanan_a di shop'

2023-09-29 15:06:26 - [MESSAGE][PASSED] - Text 'TRX91.20230929150612' is set on object 'Object Repository/konfirmasi pesanan/input_No Pesanan_a di shop'

2023-09-29 15:06:26 - [TEST_STEP][PASSED] - setText(findTestObject("konfirmasi pesanan/input_Alamat E-mail_form-control"), email): Text 'runarun@gmail.com' is set on object 'Object Repository/konfirmasi pesanan/input_Alamat E-mail_form-control'

2023-09-29 15:06:26 - [MESSAGE][PASSED] - Text 'runarun@gmail.com' is set on object 'Object Repository/konfirmasi pesanan/input_Alamat E-mail_form-control'

2023-09-29 15:06:26 - [TEST_STEP][PASSED] - click(findTestObject("konfirmasi pesanan/button_Submit")): Object: 'Object Repository/konfirmasi pesanan/button_Submit' is clicked on

2023-09-29 15:06:27 - [MESSAGE][PASSED] - Object: 'Object Repository/konfirmasi pesanan/button_Submit' is clicked on

2023-09-29 15:06:27 - [TEST_STEP][PASSED] - return data: null]]></system-out>
         <system-err><![CDATA[]]></system-err>
      </testcase>
      <testcase name="Test Cases/T08 - Konfirmasi Pesanan/TC-KS-004" time="38.972" classname="Test Cases/T08 - Konfirmasi Pesanan/TC-KS-004" status="PASSED">
         <system-out><![CDATA[2023-09-29 15:06:27 - [TEST_CASE][PASSED] - Test Cases/T08 - Konfirmasi Pesanan/TC-KS-004: Test Cases/T08 - Konfirmasi Pesanan/TC-KS-004

2023-09-29 15:06:28 - [TEST_STEP][PASSED] - data = callTestCase(findTestCase("T08 - Konfirmasi Pesanan/TC-KS-003"), ["noInvoice":" 	TRX91.20230911105711", "email":"runarun@gmail.com"], STOP_ON_FAILURE): Call Test Case 'Test Cases/T08 - Konfirmasi Pesanan/TC-KS-003' successfully

2023-09-29 15:06:28 - [TEST_CASE][PASSED] - Test Cases/T08 - Konfirmasi Pesanan/TC-KS-003: Test Cases/T08 - Konfirmasi Pesanan/TC-KS-003

2023-09-29 15:06:28 - [TEST_STEP][PASSED] - data = callTestCase(findTestCase("T08 - Konfirmasi Pesanan/TC-OS-001"), ["Roda":"2", "MetodePembayaran":"transfer"], STOP_ON_FAILURE): Call Test Case 'Test Cases/T08 - Konfirmasi Pesanan/TC-OS-001' successfully

2023-09-29 15:06:28 - [TEST_CASE][PASSED] - Test Cases/T08 - Konfirmasi Pesanan/TC-OS-001: Test Cases/T08 - Konfirmasi Pesanan/TC-OS-001

2023-09-29 15:06:28 - [TEST_STEP][PASSED] - callTestCase(findTestCase("T08 - Konfirmasi Pesanan/TC-LS-001"), [:], STOP_ON_FAILURE): Call Test Case 'Test Cases/T08 - Konfirmasi Pesanan/TC-LS-001' successfully

2023-09-29 15:06:28 - [TEST_CASE][PASSED] - Test Cases/T08 - Konfirmasi Pesanan/TC-LS-001: Test Cases/T08 - Konfirmasi Pesanan/TC-LS-001

2023-09-29 15:06:28 - [TEST_STEP][PASSED] - openBrowser(urlWeb): Browser is opened with url: 'https://10.9.2.63/ecommerce/'

2023-09-29 15:06:28 - [MESSAGE][WARNING] - A browser is already opened. Closing browser and opening a new one

2023-09-29 15:06:29 - [MESSAGE][INFO] - Starting 'Firefox' driver

2023-09-29 15:06:29 - [MESSAGE][INFO] - Action delay is set to 0 milliseconds

2023-09-29 15:06:34 - [MESSAGE][PASSED] - Browser is opened with url: 'https://10.9.2.63/ecommerce/'

2023-09-29 15:06:34 - [TEST_STEP][PASSED] - maximizeWindow(): Current window maximized

2023-09-29 15:06:34 - [MESSAGE][PASSED] - Current window maximized

2023-09-29 15:06:34 - [TEST_STEP][PASSED] - click(findTestObject("Login/a_Login")): Object: 'Object Repository/Login/a_Login' is clicked on

2023-09-29 15:06:35 - [MESSAGE][PASSED] - Object: 'Object Repository/Login/a_Login' is clicked on

2023-09-29 15:06:35 - [TEST_STEP][PASSED] - setText(findTestObject("Login/input_Username, Email atau No. Handphone_a"), "runa36"): Text 'runa36' is set on object 'Object Repository/Login/input_Username, Email atau No. Handphone_a'

2023-09-29 15:06:35 - [MESSAGE][PASSED] - Text 'runa36' is set on object 'Object Repository/Login/input_Username, Email atau No. Handphone_a'

2023-09-29 15:06:35 - [TEST_STEP][PASSED] - setEncryptedText(findTestObject("Login/input_Password di Login(Masuk)"), "qbkrdMwyWE4="): Text ****** has been set on object 'Object Repository/Login/input_Password di Login(Masuk)'

2023-09-29 15:06:36 - [MESSAGE][PASSED] - Text ****** has been set on object 'Object Repository/Login/input_Password di Login(Masuk)'

2023-09-29 15:06:36 - [TEST_STEP][PASSED] - click(findTestObject("Login/button_Masuk di halaman login")): Object: 'Object Repository/Login/button_Masuk di halaman login' is clicked on

2023-09-29 15:06:37 - [MESSAGE][PASSED] - Object: 'Object Repository/Login/button_Masuk di halaman login' is clicked on

2023-09-29 15:06:37 - [TEST_STEP][PASSED] - verifyElementPresent(findTestObject("Pendaftaran/verifikasi MASUK di halaman Login"), 0): Object 'Object Repository/Pendaftaran/verifikasi MASUK di halaman Login' is present

2023-09-29 15:06:37 - [MESSAGE][WARNING] - Timeout '0' is invalid. Using default page load timeout: '30'

2023-09-29 15:06:37 - [MESSAGE][PASSED] - Object 'Object Repository/Pendaftaran/verifikasi MASUK di halaman Login' is present

2023-09-29 15:06:37 - [MESSAGE][PASSED] - Call Test Case 'Test Cases/T08 - Konfirmasi Pesanan/TC-LS-001' successfully

2023-09-29 15:06:37 - [TEST_STEP][PASSED] - setText(findTestObject("chekout/input aku mau belanja"), "acer"): Text 'acer' is set on object 'Object Repository/chekout/input aku mau belanja'

2023-09-29 15:06:38 - [MESSAGE][PASSED] - Text 'acer' is set on object 'Object Repository/chekout/input aku mau belanja'

2023-09-29 15:06:38 - [TEST_STEP][PASSED] - click(findTestObject("chekout/button_Cari di halaman tajalapak")): Object: 'Object Repository/chekout/button_Cari di halaman tajalapak' is clicked on

2023-09-29 15:06:39 - [MESSAGE][PASSED] - Object: 'Object Repository/chekout/button_Cari di halaman tajalapak' is clicked on

2023-09-29 15:06:39 - [TEST_STEP][PASSED] - click(findTestObject("chekout/NEW read more acer")): Object: 'Object Repository/chekout/NEW read more acer' is clicked on

2023-09-29 15:06:40 - [MESSAGE][PASSED] - Object: 'Object Repository/chekout/NEW read more acer' is clicked on

2023-09-29 15:06:40 - [TEST_STEP][PASSED] - click(findTestObject("chekout/button_Beli Sekarang di detail produk")): Object: 'Object Repository/chekout/button_Beli Sekarang di detail produk' is clicked on

2023-09-29 15:06:41 - [MESSAGE][PASSED] - Object: 'Object Repository/chekout/button_Beli Sekarang di detail produk' is clicked on

2023-09-29 15:06:41 - [TEST_STEP][PASSED] - verifyElementPresent(findTestObject("chekout/halaman keranjang belanja"), 0): Object 'Object Repository/chekout/halaman keranjang belanja' is present

2023-09-29 15:06:41 - [MESSAGE][WARNING] - Timeout '0' is invalid. Using default page load timeout: '30'

2023-09-29 15:06:42 - [MESSAGE][PASSED] - Object 'Object Repository/chekout/halaman keranjang belanja' is present

2023-09-29 15:06:42 - [TEST_STEP][PASSED] - click(findTestObject("chekout/button_Lanjut ke Pembayaran")): Object: 'Object Repository/chekout/button_Lanjut ke Pembayaran' is clicked on

2023-09-29 15:06:43 - [MESSAGE][PASSED] - Object: 'Object Repository/chekout/button_Lanjut ke Pembayaran' is clicked on

2023-09-29 15:06:43 - [TEST_STEP][PASSED] - selectOptionByValue(findTestObject("Object Repository/chekout/select_- Kirim via Kurir Lokal -Roda 2Roda 4"), Roda, false): All options with value '2' are selected in object 'Object Repository/chekout/select_- Kirim via Kurir Lokal -Roda 2Roda 4' 

2023-09-29 15:06:44 - [MESSAGE][PASSED] - All options with value '2' are selected in object 'Object Repository/chekout/select_- Kirim via Kurir Lokal -Roda 2Roda 4' 

2023-09-29 15:06:44 - [TEST_STEP][PASSED] - click(findTestObject("chekout/jenis kendaraan")): Object: 'Object Repository/chekout/jenis kendaraan' is clicked on

2023-09-29 15:06:45 - [MESSAGE][PASSED] - Object: 'Object Repository/chekout/jenis kendaraan' is clicked on

2023-09-29 15:06:45 - [TEST_STEP][PASSED] - if (toString().equalsIgnoreCase("transfer")): Object 'Object Repository/chekout/input metode tf bank' is checked

2023-09-29 15:06:45 - [TEST_STEP][PASSED] - check(findTestObject("chekout/input metode tf bank")): Object 'Object Repository/chekout/input metode tf bank' is checked

2023-09-29 15:06:45 - [MESSAGE][PASSED] - Object 'Object Repository/chekout/input metode tf bank' is checked

2023-09-29 15:06:45 - [TEST_STEP][PASSED] - click(findTestObject("chekout/button_Proses Pembayaran")): Object: 'Object Repository/chekout/button_Proses Pembayaran' is clicked on

2023-09-29 15:06:51 - [MESSAGE][PASSED] - Object: 'Object Repository/chekout/button_Proses Pembayaran' is clicked on

2023-09-29 15:06:51 - [TEST_STEP][PASSED] - noPesanan = getText(findTestObject("Object Repository/chekout/nomor invoice dari halaman menunggu pembayaran")): Text of object 'Object Repository/chekout/nomor invoice dari halaman menunggu pembayaran' is: 'TRX91.20230929150646'

2023-09-29 15:06:52 - [MESSAGE][PASSED] - Text of object 'Object Repository/chekout/nomor invoice dari halaman menunggu pembayaran' is: 'TRX91.20230929150646'

2023-09-29 15:06:52 - [TEST_STEP][PASSED] - println(noPesanan): null

2023-09-29 15:06:52 - [TEST_STEP][PASSED] - pengirim = getText(findTestObject("Object Repository/chekout/dikirim kepada sama dengan pengirim di tf di konfirmaasi bayar")): Text of object 'Object Repository/chekout/dikirim kepada sama dengan pengirim di tf di konfirmaasi bayar' is: 'runarun'

2023-09-29 15:06:52 - [MESSAGE][PASSED] - Text of object 'Object Repository/chekout/dikirim kepada sama dengan pengirim di tf di konfirmaasi bayar' is: 'runarun'

2023-09-29 15:06:52 - [TEST_STEP][PASSED] - totalharga = getText(findTestObject("Object Repository/chekout/total harga bayar")): Text of object 'Object Repository/chekout/total harga bayar' is: '17,392'

2023-09-29 15:06:53 - [MESSAGE][PASSED] - Text of object 'Object Repository/chekout/total harga bayar' is: '17,392'

2023-09-29 15:06:53 - [TEST_STEP][PASSED] - ongkir = getText(findTestObject("co saldo akun/new ongkir tf")): Text of object 'Object Repository/co saldo akun/new ongkir tf' is: 'Rp 13,000'

2023-09-29 15:06:53 - [MESSAGE][PASSED] - Text of object 'Object Repository/co saldo akun/new ongkir tf' is: 'Rp 13,000'

2023-09-29 15:06:53 - [TEST_STEP][PASSED] - ongkirr = replace(",", "").trim(): null

2023-09-29 15:06:53 - [TEST_STEP][PASSED] - ongkir1 = Integer.parseInt(ongkirr): null

2023-09-29 15:06:53 - [TEST_STEP][PASSED] - println(ongkir1): null

2023-09-29 15:06:53 - [TEST_STEP][PASSED] - biayaAdmin = getText(findTestObject("co saldo akun/new fee admin tf")): Text of object 'Object Repository/co saldo akun/new fee admin tf' is: 'Rp 1,500'

2023-09-29 15:06:54 - [MESSAGE][PASSED] - Text of object 'Object Repository/co saldo akun/new fee admin tf' is: 'Rp 1,500'

2023-09-29 15:06:54 - [TEST_STEP][PASSED] - bAdmin = replace(",", "").trim(): null

2023-09-29 15:06:54 - [TEST_STEP][PASSED] - Integer.parseInt(bAdmin): null

2023-09-29 15:06:54 - [TEST_STEP][PASSED] - Admin = Double.parseDouble(bAdmin): null

2023-09-29 15:06:54 - [TEST_STEP][PASSED] - println(Admin): null

2023-09-29 15:06:54 - [TEST_STEP][PASSED] - subtotal = getText(findTestObject("co saldo akun/new subtotal tf")): Text of object 'Object Repository/co saldo akun/new subtotal tf' is: 'Rp 2,246'

2023-09-29 15:06:54 - [MESSAGE][PASSED] - Text of object 'Object Repository/co saldo akun/new subtotal tf' is: 'Rp 2,246'

2023-09-29 15:06:54 - [TEST_STEP][PASSED] - subtotall = replace(",", "").trim(): null

2023-09-29 15:06:54 - [TEST_STEP][PASSED] - Integer.parseInt(subtotall): null

2023-09-29 15:06:54 - [TEST_STEP][PASSED] - sub = Double.parseDouble(subtotall): null

2023-09-29 15:06:54 - [TEST_STEP][PASSED] - println(sub): null

2023-09-29 15:06:54 - [TEST_STEP][PASSED] - kode = getText(findTestObject("co saldo akun/new kode unik tf")): Text of object 'Object Repository/co saldo akun/new kode unik tf' is: '+646'

2023-09-29 15:06:55 - [MESSAGE][PASSED] - Text of object 'Object Repository/co saldo akun/new kode unik tf' is: '+646'

2023-09-29 15:06:55 - [TEST_STEP][PASSED] - kodee = replace("+", "").trim(): null

2023-09-29 15:06:55 - [TEST_STEP][PASSED] - Integer.parseInt(kodee): null

2023-09-29 15:06:55 - [TEST_STEP][PASSED] - code = Double.parseDouble(kodee): null

2023-09-29 15:06:55 - [TEST_STEP][PASSED] - tOng = ongkir1 + sub: null

2023-09-29 15:06:55 - [TEST_STEP][PASSED] - println(tOng): null

2023-09-29 15:06:55 - [TEST_STEP][PASSED] - totalBayar = tOng + Admin + code: null

2023-09-29 15:06:55 - [TEST_STEP][PASSED] - println(totalBayar): null

2023-09-29 15:06:55 - [TEST_STEP][PASSED] - totalBayar1 = totalBayar: null

2023-09-29 15:06:55 - [TEST_STEP][PASSED] - println(totalBayar1): null

2023-09-29 15:06:55 - [TEST_STEP][PASSED] - total = getText(findTestObject("co saldo akun/new total harga tf")): Text of object 'Object Repository/co saldo akun/new total harga tf' is: '17,392'

2023-09-29 15:06:55 - [MESSAGE][PASSED] - Text of object 'Object Repository/co saldo akun/new total harga tf' is: '17,392'

2023-09-29 15:06:55 - [TEST_STEP][PASSED] - total1 = replace(",", "").trim(): null

2023-09-29 15:06:55 - [TEST_STEP][PASSED] - total2 = Integer.parseInt(total1): null

2023-09-29 15:06:55 - [TEST_STEP][PASSED] - println(total2): null

2023-09-29 15:06:55 - [TEST_STEP][PASSED] - assert totalBayar1 == total2: null

2023-09-29 15:06:55 - [TEST_STEP][PASSED] - data = new java.util.HashMap(): null

2023-09-29 15:06:55 - [TEST_STEP][PASSED] - data.put("invoice", noPesanan): null

2023-09-29 15:06:55 - [TEST_STEP][PASSED] - data.put("namaPengirim", pengirim): null

2023-09-29 15:06:55 - [TEST_STEP][PASSED] - data.put("totalBayar", totalharga): null

2023-09-29 15:06:55 - [TEST_STEP][PASSED] - data.put("totalOngkir", tOng): null

2023-09-29 15:06:55 - [TEST_STEP][PASSED] - return data: null

2023-09-29 15:06:55 - [MESSAGE][PASSED] - Call Test Case 'Test Cases/T08 - Konfirmasi Pesanan/TC-OS-001' successfully

2023-09-29 15:06:55 - [TEST_STEP][PASSED] - noPesanan = data.get("invoice"): null

2023-09-29 15:06:55 - [TEST_STEP][PASSED] - name = data.get("namaPengirim"): null

2023-09-29 15:06:55 - [TEST_STEP][PASSED] - count = data.get("totalBayar"): null

2023-09-29 15:06:55 - [TEST_STEP][PASSED] - click(findTestObject("konfirmasi pesanan/a_Logout")): Object: 'Object Repository/konfirmasi pesanan/a_Logout' is clicked on

2023-09-29 15:06:57 - [MESSAGE][PASSED] - Object: 'Object Repository/konfirmasi pesanan/a_Logout' is clicked on

2023-09-29 15:06:57 - [TEST_STEP][PASSED] - verifyElementPresent(findTestObject("verifikasi halaman tajalapak sebelum daftar"), 0): Object 'Object Repository/verifikasi halaman tajalapak sebelum daftar' is present

2023-09-29 15:06:57 - [MESSAGE][WARNING] - Timeout '0' is invalid. Using default page load timeout: '30'

2023-09-29 15:06:57 - [MESSAGE][PASSED] - Object 'Object Repository/verifikasi halaman tajalapak sebelum daftar' is present

2023-09-29 15:06:57 - [TEST_STEP][PASSED] - mouseOver(findTestObject("konfirmasi pesanan/a_Shop")): Object: 'Object Repository/konfirmasi pesanan/a_Shop' is hovered

2023-09-29 15:06:58 - [MESSAGE][PASSED] - Object: 'Object Repository/konfirmasi pesanan/a_Shop' is hovered

2023-09-29 15:06:58 - [TEST_STEP][PASSED] - click(findTestObject("konfirmasi pesanan/a_Konfirmasi Orders")): Object: 'Object Repository/konfirmasi pesanan/a_Konfirmasi Orders' is clicked on

2023-09-29 15:06:59 - [MESSAGE][PASSED] - Object: 'Object Repository/konfirmasi pesanan/a_Konfirmasi Orders' is clicked on

2023-09-29 15:06:59 - [TEST_STEP][PASSED] - setText(findTestObject("konfirmasi pesanan/input_No Pesanan_a di shop"), noPesanan): Text 'TRX91.20230929150646' is set on object 'Object Repository/konfirmasi pesanan/input_No Pesanan_a di shop'

2023-09-29 15:06:59 - [MESSAGE][PASSED] - Text 'TRX91.20230929150646' is set on object 'Object Repository/konfirmasi pesanan/input_No Pesanan_a di shop'

2023-09-29 15:06:59 - [TEST_STEP][PASSED] - setText(findTestObject("konfirmasi pesanan/input_Alamat E-mail_form-control"), email): Text 'runarun@gmail.com' is set on object 'Object Repository/konfirmasi pesanan/input_Alamat E-mail_form-control'

2023-09-29 15:07:00 - [MESSAGE][PASSED] - Text 'runarun@gmail.com' is set on object 'Object Repository/konfirmasi pesanan/input_Alamat E-mail_form-control'

2023-09-29 15:07:00 - [TEST_STEP][PASSED] - click(findTestObject("konfirmasi pesanan/button_Submit")): Object: 'Object Repository/konfirmasi pesanan/button_Submit' is clicked on

2023-09-29 15:07:01 - [MESSAGE][PASSED] - Object: 'Object Repository/konfirmasi pesanan/button_Submit' is clicked on

2023-09-29 15:07:01 - [TEST_STEP][PASSED] - return data: null

2023-09-29 15:07:01 - [MESSAGE][PASSED] - Call Test Case 'Test Cases/T08 - Konfirmasi Pesanan/TC-KS-003' successfully

2023-09-29 15:07:01 - [TEST_STEP][PASSED] - noPesanan = data.get("invoice"): null

2023-09-29 15:07:01 - [TEST_STEP][PASSED] - name = data.get("namaPengirim"): null

2023-09-29 15:07:01 - [TEST_STEP][PASSED] - count = data.get("totalBayar"): null

2023-09-29 15:07:01 - [TEST_STEP][PASSED] - clearText(findTestObject("konfirmasi pesanan/input_Total TagihanTransfer_b")): Text of object 'Object Repository/konfirmasi pesanan/input_Total TagihanTransfer_b' is cleared

2023-09-29 15:07:02 - [MESSAGE][PASSED] - Text of object 'Object Repository/konfirmasi pesanan/input_Total TagihanTransfer_b' is cleared

2023-09-29 15:07:02 - [TEST_STEP][PASSED] - setText(findTestObject("konfirmasi pesanan/input_Total TagihanTransfer_b"), count): Text '17,392' is set on object 'Object Repository/konfirmasi pesanan/input_Total TagihanTransfer_b'

2023-09-29 15:07:02 - [MESSAGE][PASSED] - Text '17,392' is set on object 'Object Repository/konfirmasi pesanan/input_Total TagihanTransfer_b'

2023-09-29 15:07:02 - [TEST_STEP][PASSED] - selectOptionByValue(findTestObject("konfirmasi pesanan/select dropdown trasfer"), transfer, false): All options with value '1' are selected in object 'Object Repository/konfirmasi pesanan/select dropdown trasfer' 

2023-09-29 15:07:03 - [MESSAGE][PASSED] - All options with value '1' are selected in object 'Object Repository/konfirmasi pesanan/select dropdown trasfer' 

2023-09-29 15:07:03 - [TEST_STEP][PASSED] - clearText(findTestObject("konfirmasi pesanan/input_Nama Pengirim_d")): Text of object 'Object Repository/konfirmasi pesanan/input_Nama Pengirim_d' is cleared

2023-09-29 15:07:03 - [MESSAGE][PASSED] - Text of object 'Object Repository/konfirmasi pesanan/input_Nama Pengirim_d' is cleared

2023-09-29 15:07:03 - [TEST_STEP][PASSED] - setText(findTestObject("konfirmasi pesanan/input_Nama Pengirim_d"), name): Text 'runarun' is set on object 'Object Repository/konfirmasi pesanan/input_Nama Pengirim_d'

2023-09-29 15:07:04 - [MESSAGE][PASSED] - Text 'runarun' is set on object 'Object Repository/konfirmasi pesanan/input_Nama Pengirim_d'

2023-09-29 15:07:04 - [TEST_STEP][PASSED] - uploadFile(findTestObject("konfirmasi pesanan/input_Upload Bukti Transfer_f"), "F:\bootcamp\Miniproject\transfer.jpg"): File 'F:\bootcamp\Miniproject\transfer.jpg' sent to object: 'Object Repository/konfirmasi pesanan/input_Upload Bukti Transfer_f'

2023-09-29 15:07:04 - [MESSAGE][PASSED] - File 'F:\bootcamp\Miniproject\transfer.jpg' sent to object: 'Object Repository/konfirmasi pesanan/input_Upload Bukti Transfer_f'

2023-09-29 15:07:04 - [TEST_STEP][PASSED] - click(findTestObject("konfirmasi pesanan/button_Konfirmasi Pembayaran")): Object: 'Object Repository/konfirmasi pesanan/button_Konfirmasi Pembayaran' is clicked on

2023-09-29 15:07:06 - [MESSAGE][PASSED] - Object: 'Object Repository/konfirmasi pesanan/button_Konfirmasi Pembayaran' is clicked on

2023-09-29 15:07:06 - [TEST_STEP][PASSED] - verifyElementText(findTestObject("konfirmasi pesanan/verifikasi sukses melakukan pembayaran dari menu shop"), "Sukses Melakukan Konfirmasi Pembayaran Pesanan!"): Actual text and expected text of test object 'Object Repository/konfirmasi pesanan/verifikasi sukses melakukan pembayaran dari menu shop' are matched.

2023-09-29 15:07:06 - [MESSAGE][PASSED] - Actual text and expected text of test object 'Object Repository/konfirmasi pesanan/verifikasi sukses melakukan pembayaran dari menu shop' are matched.

2023-09-29 15:07:06 - [TEST_STEP][PASSED] - return data: null]]></system-out>
         <system-err><![CDATA[]]></system-err>
      </testcase>
      <testcase name="Test Cases/T08 - Konfirmasi Pesanan/TC-KS-005" time="36.615" classname="Test Cases/T08 - Konfirmasi Pesanan/TC-KS-005" status="PASSED">
         <system-out><![CDATA[2023-09-29 15:07:06 - [TEST_CASE][PASSED] - Test Cases/T08 - Konfirmasi Pesanan/TC-KS-005: Test Cases/T08 - Konfirmasi Pesanan/TC-KS-005

2023-09-29 15:07:07 - [TEST_STEP][PASSED] - data = callTestCase(findTestCase("T08 - Konfirmasi Pesanan/TC-OS-001"), ["Roda":"2", "MetodePembayaran":"transfer"], STOP_ON_FAILURE): Call Test Case 'Test Cases/T08 - Konfirmasi Pesanan/TC-OS-001' successfully

2023-09-29 15:07:07 - [TEST_CASE][PASSED] - Test Cases/T08 - Konfirmasi Pesanan/TC-OS-001: Test Cases/T08 - Konfirmasi Pesanan/TC-OS-001

2023-09-29 15:07:07 - [TEST_STEP][PASSED] - callTestCase(findTestCase("T08 - Konfirmasi Pesanan/TC-LS-001"), [:], STOP_ON_FAILURE): Call Test Case 'Test Cases/T08 - Konfirmasi Pesanan/TC-LS-001' successfully

2023-09-29 15:07:07 - [TEST_CASE][PASSED] - Test Cases/T08 - Konfirmasi Pesanan/TC-LS-001: Test Cases/T08 - Konfirmasi Pesanan/TC-LS-001

2023-09-29 15:07:07 - [TEST_STEP][PASSED] - openBrowser(urlWeb): Browser is opened with url: 'https://10.9.2.63/ecommerce/'

2023-09-29 15:07:07 - [MESSAGE][WARNING] - A browser is already opened. Closing browser and opening a new one

2023-09-29 15:07:08 - [MESSAGE][INFO] - Starting 'Firefox' driver

2023-09-29 15:07:08 - [MESSAGE][INFO] - Action delay is set to 0 milliseconds

2023-09-29 15:07:14 - [MESSAGE][PASSED] - Browser is opened with url: 'https://10.9.2.63/ecommerce/'

2023-09-29 15:07:14 - [TEST_STEP][PASSED] - maximizeWindow(): Current window maximized

2023-09-29 15:07:14 - [MESSAGE][PASSED] - Current window maximized

2023-09-29 15:07:14 - [TEST_STEP][PASSED] - click(findTestObject("Login/a_Login")): Object: 'Object Repository/Login/a_Login' is clicked on

2023-09-29 15:07:15 - [MESSAGE][PASSED] - Object: 'Object Repository/Login/a_Login' is clicked on

2023-09-29 15:07:15 - [TEST_STEP][PASSED] - setText(findTestObject("Login/input_Username, Email atau No. Handphone_a"), "runa36"): Text 'runa36' is set on object 'Object Repository/Login/input_Username, Email atau No. Handphone_a'

2023-09-29 15:07:16 - [MESSAGE][PASSED] - Text 'runa36' is set on object 'Object Repository/Login/input_Username, Email atau No. Handphone_a'

2023-09-29 15:07:16 - [TEST_STEP][PASSED] - setEncryptedText(findTestObject("Login/input_Password di Login(Masuk)"), "qbkrdMwyWE4="): Text ****** has been set on object 'Object Repository/Login/input_Password di Login(Masuk)'

2023-09-29 15:07:16 - [MESSAGE][PASSED] - Text ****** has been set on object 'Object Repository/Login/input_Password di Login(Masuk)'

2023-09-29 15:07:16 - [TEST_STEP][PASSED] - click(findTestObject("Login/button_Masuk di halaman login")): Object: 'Object Repository/Login/button_Masuk di halaman login' is clicked on

2023-09-29 15:07:17 - [MESSAGE][PASSED] - Object: 'Object Repository/Login/button_Masuk di halaman login' is clicked on

2023-09-29 15:07:17 - [TEST_STEP][PASSED] - verifyElementPresent(findTestObject("Pendaftaran/verifikasi MASUK di halaman Login"), 0): Object 'Object Repository/Pendaftaran/verifikasi MASUK di halaman Login' is present

2023-09-29 15:07:17 - [MESSAGE][WARNING] - Timeout '0' is invalid. Using default page load timeout: '30'

2023-09-29 15:07:17 - [MESSAGE][PASSED] - Object 'Object Repository/Pendaftaran/verifikasi MASUK di halaman Login' is present

2023-09-29 15:07:17 - [MESSAGE][PASSED] - Call Test Case 'Test Cases/T08 - Konfirmasi Pesanan/TC-LS-001' successfully

2023-09-29 15:07:17 - [TEST_STEP][PASSED] - setText(findTestObject("chekout/input aku mau belanja"), "acer"): Text 'acer' is set on object 'Object Repository/chekout/input aku mau belanja'

2023-09-29 15:07:18 - [MESSAGE][PASSED] - Text 'acer' is set on object 'Object Repository/chekout/input aku mau belanja'

2023-09-29 15:07:18 - [TEST_STEP][PASSED] - click(findTestObject("chekout/button_Cari di halaman tajalapak")): Object: 'Object Repository/chekout/button_Cari di halaman tajalapak' is clicked on

2023-09-29 15:07:19 - [MESSAGE][PASSED] - Object: 'Object Repository/chekout/button_Cari di halaman tajalapak' is clicked on

2023-09-29 15:07:19 - [TEST_STEP][PASSED] - click(findTestObject("chekout/NEW read more acer")): Object: 'Object Repository/chekout/NEW read more acer' is clicked on

2023-09-29 15:07:20 - [MESSAGE][PASSED] - Object: 'Object Repository/chekout/NEW read more acer' is clicked on

2023-09-29 15:07:20 - [TEST_STEP][PASSED] - click(findTestObject("chekout/button_Beli Sekarang di detail produk")): Object: 'Object Repository/chekout/button_Beli Sekarang di detail produk' is clicked on

2023-09-29 15:07:21 - [MESSAGE][PASSED] - Object: 'Object Repository/chekout/button_Beli Sekarang di detail produk' is clicked on

2023-09-29 15:07:21 - [TEST_STEP][PASSED] - verifyElementPresent(findTestObject("chekout/halaman keranjang belanja"), 0): Object 'Object Repository/chekout/halaman keranjang belanja' is present

2023-09-29 15:07:21 - [MESSAGE][WARNING] - Timeout '0' is invalid. Using default page load timeout: '30'

2023-09-29 15:07:22 - [MESSAGE][PASSED] - Object 'Object Repository/chekout/halaman keranjang belanja' is present

2023-09-29 15:07:22 - [TEST_STEP][PASSED] - click(findTestObject("chekout/button_Lanjut ke Pembayaran")): Object: 'Object Repository/chekout/button_Lanjut ke Pembayaran' is clicked on

2023-09-29 15:07:23 - [MESSAGE][PASSED] - Object: 'Object Repository/chekout/button_Lanjut ke Pembayaran' is clicked on

2023-09-29 15:07:23 - [TEST_STEP][PASSED] - selectOptionByValue(findTestObject("Object Repository/chekout/select_- Kirim via Kurir Lokal -Roda 2Roda 4"), Roda, false): All options with value '2' are selected in object 'Object Repository/chekout/select_- Kirim via Kurir Lokal -Roda 2Roda 4' 

2023-09-29 15:07:24 - [MESSAGE][PASSED] - All options with value '2' are selected in object 'Object Repository/chekout/select_- Kirim via Kurir Lokal -Roda 2Roda 4' 

2023-09-29 15:07:24 - [TEST_STEP][PASSED] - click(findTestObject("chekout/jenis kendaraan")): Object: 'Object Repository/chekout/jenis kendaraan' is clicked on

2023-09-29 15:07:25 - [MESSAGE][PASSED] - Object: 'Object Repository/chekout/jenis kendaraan' is clicked on

2023-09-29 15:07:25 - [TEST_STEP][PASSED] - if (toString().equalsIgnoreCase("transfer")): Object 'Object Repository/chekout/input metode tf bank' is checked

2023-09-29 15:07:25 - [TEST_STEP][PASSED] - check(findTestObject("chekout/input metode tf bank")): Object 'Object Repository/chekout/input metode tf bank' is checked

2023-09-29 15:07:25 - [MESSAGE][PASSED] - Object 'Object Repository/chekout/input metode tf bank' is checked

2023-09-29 15:07:25 - [TEST_STEP][PASSED] - click(findTestObject("chekout/button_Proses Pembayaran")): Object: 'Object Repository/chekout/button_Proses Pembayaran' is clicked on

2023-09-29 15:07:31 - [MESSAGE][PASSED] - Object: 'Object Repository/chekout/button_Proses Pembayaran' is clicked on

2023-09-29 15:07:31 - [TEST_STEP][PASSED] - noPesanan = getText(findTestObject("Object Repository/chekout/nomor invoice dari halaman menunggu pembayaran")): Text of object 'Object Repository/chekout/nomor invoice dari halaman menunggu pembayaran' is: 'TRX91.20230929150726'

2023-09-29 15:07:32 - [MESSAGE][PASSED] - Text of object 'Object Repository/chekout/nomor invoice dari halaman menunggu pembayaran' is: 'TRX91.20230929150726'

2023-09-29 15:07:32 - [TEST_STEP][PASSED] - println(noPesanan): null

2023-09-29 15:07:32 - [TEST_STEP][PASSED] - pengirim = getText(findTestObject("Object Repository/chekout/dikirim kepada sama dengan pengirim di tf di konfirmaasi bayar")): Text of object 'Object Repository/chekout/dikirim kepada sama dengan pengirim di tf di konfirmaasi bayar' is: 'runarun'

2023-09-29 15:07:32 - [MESSAGE][PASSED] - Text of object 'Object Repository/chekout/dikirim kepada sama dengan pengirim di tf di konfirmaasi bayar' is: 'runarun'

2023-09-29 15:07:32 - [TEST_STEP][PASSED] - totalharga = getText(findTestObject("Object Repository/chekout/total harga bayar")): Text of object 'Object Repository/chekout/total harga bayar' is: '17,472'

2023-09-29 15:07:33 - [MESSAGE][PASSED] - Text of object 'Object Repository/chekout/total harga bayar' is: '17,472'

2023-09-29 15:07:33 - [TEST_STEP][PASSED] - ongkir = getText(findTestObject("co saldo akun/new ongkir tf")): Text of object 'Object Repository/co saldo akun/new ongkir tf' is: 'Rp 13,000'

2023-09-29 15:07:33 - [MESSAGE][PASSED] - Text of object 'Object Repository/co saldo akun/new ongkir tf' is: 'Rp 13,000'

2023-09-29 15:07:33 - [TEST_STEP][PASSED] - ongkirr = replace(",", "").trim(): null

2023-09-29 15:07:33 - [TEST_STEP][PASSED] - ongkir1 = Integer.parseInt(ongkirr): null

2023-09-29 15:07:33 - [TEST_STEP][PASSED] - println(ongkir1): null

2023-09-29 15:07:33 - [TEST_STEP][PASSED] - biayaAdmin = getText(findTestObject("co saldo akun/new fee admin tf")): Text of object 'Object Repository/co saldo akun/new fee admin tf' is: 'Rp 1,500'

2023-09-29 15:07:34 - [MESSAGE][PASSED] - Text of object 'Object Repository/co saldo akun/new fee admin tf' is: 'Rp 1,500'

2023-09-29 15:07:34 - [TEST_STEP][PASSED] - bAdmin = replace(",", "").trim(): null

2023-09-29 15:07:34 - [TEST_STEP][PASSED] - Integer.parseInt(bAdmin): null

2023-09-29 15:07:34 - [TEST_STEP][PASSED] - Admin = Double.parseDouble(bAdmin): null

2023-09-29 15:07:34 - [TEST_STEP][PASSED] - println(Admin): null

2023-09-29 15:07:34 - [TEST_STEP][PASSED] - subtotal = getText(findTestObject("co saldo akun/new subtotal tf")): Text of object 'Object Repository/co saldo akun/new subtotal tf' is: 'Rp 2,246'

2023-09-29 15:07:34 - [MESSAGE][PASSED] - Text of object 'Object Repository/co saldo akun/new subtotal tf' is: 'Rp 2,246'

2023-09-29 15:07:34 - [TEST_STEP][PASSED] - subtotall = replace(",", "").trim(): null

2023-09-29 15:07:34 - [TEST_STEP][PASSED] - Integer.parseInt(subtotall): null

2023-09-29 15:07:34 - [TEST_STEP][PASSED] - sub = Double.parseDouble(subtotall): null

2023-09-29 15:07:34 - [TEST_STEP][PASSED] - println(sub): null

2023-09-29 15:07:34 - [TEST_STEP][PASSED] - kode = getText(findTestObject("co saldo akun/new kode unik tf")): Text of object 'Object Repository/co saldo akun/new kode unik tf' is: '+726'

2023-09-29 15:07:35 - [MESSAGE][PASSED] - Text of object 'Object Repository/co saldo akun/new kode unik tf' is: '+726'

2023-09-29 15:07:35 - [TEST_STEP][PASSED] - kodee = replace("+", "").trim(): null

2023-09-29 15:07:35 - [TEST_STEP][PASSED] - Integer.parseInt(kodee): null

2023-09-29 15:07:35 - [TEST_STEP][PASSED] - code = Double.parseDouble(kodee): null

2023-09-29 15:07:35 - [TEST_STEP][PASSED] - tOng = ongkir1 + sub: null

2023-09-29 15:07:35 - [TEST_STEP][PASSED] - println(tOng): null

2023-09-29 15:07:35 - [TEST_STEP][PASSED] - totalBayar = tOng + Admin + code: null

2023-09-29 15:07:35 - [TEST_STEP][PASSED] - println(totalBayar): null

2023-09-29 15:07:35 - [TEST_STEP][PASSED] - totalBayar1 = totalBayar: null

2023-09-29 15:07:35 - [TEST_STEP][PASSED] - println(totalBayar1): null

2023-09-29 15:07:35 - [TEST_STEP][PASSED] - total = getText(findTestObject("co saldo akun/new total harga tf")): Text of object 'Object Repository/co saldo akun/new total harga tf' is: '17,472'

2023-09-29 15:07:35 - [MESSAGE][PASSED] - Text of object 'Object Repository/co saldo akun/new total harga tf' is: '17,472'

2023-09-29 15:07:35 - [TEST_STEP][PASSED] - total1 = replace(",", "").trim(): null

2023-09-29 15:07:35 - [TEST_STEP][PASSED] - total2 = Integer.parseInt(total1): null

2023-09-29 15:07:35 - [TEST_STEP][PASSED] - println(total2): null

2023-09-29 15:07:35 - [TEST_STEP][PASSED] - assert totalBayar1 == total2: null

2023-09-29 15:07:35 - [TEST_STEP][PASSED] - data = new java.util.HashMap(): null

2023-09-29 15:07:35 - [TEST_STEP][PASSED] - data.put("invoice", noPesanan): null

2023-09-29 15:07:35 - [TEST_STEP][PASSED] - data.put("namaPengirim", pengirim): null

2023-09-29 15:07:35 - [TEST_STEP][PASSED] - data.put("totalBayar", totalharga): null

2023-09-29 15:07:35 - [TEST_STEP][PASSED] - data.put("totalOngkir", tOng): null

2023-09-29 15:07:35 - [TEST_STEP][PASSED] - return data: null

2023-09-29 15:07:35 - [MESSAGE][PASSED] - Call Test Case 'Test Cases/T08 - Konfirmasi Pesanan/TC-OS-001' successfully

2023-09-29 15:07:35 - [TEST_STEP][PASSED] - noInvoice = data.get("invoice"): null

2023-09-29 15:07:35 - [TEST_STEP][PASSED] - nmPengirim = data.get("namaPengirim"): null

2023-09-29 15:07:35 - [TEST_STEP][PASSED] - ttlBayar = data.get("totalBayar"): null

2023-09-29 15:07:35 - [TEST_STEP][PASSED] - click(findTestObject("konfirmasi pesanan/a_Akun 0")): Object: 'Object Repository/konfirmasi pesanan/a_Akun 0' is clicked on

2023-09-29 15:07:36 - [MESSAGE][PASSED] - Object: 'Object Repository/konfirmasi pesanan/a_Akun 0' is clicked on

2023-09-29 15:07:36 - [TEST_STEP][PASSED] - click(findTestObject("konfirmasi order konsumen/pembelian dari akun")): Object: 'Object Repository/konfirmasi order konsumen/pembelian dari akun' is clicked on

2023-09-29 15:07:36 - [MESSAGE][PASSED] - Object: 'Object Repository/konfirmasi order konsumen/pembelian dari akun' is clicked on

2023-09-29 15:07:36 - [TEST_STEP][PASSED] - click(findTestObject("konfirmasi pesanan/new konfirmasi bayar")): Object: 'Object Repository/konfirmasi pesanan/new konfirmasi bayar' is clicked on

2023-09-29 15:07:38 - [MESSAGE][PASSED] - Object: 'Object Repository/konfirmasi pesanan/new konfirmasi bayar' is clicked on

2023-09-29 15:07:38 - [TEST_STEP][PASSED] - verifyElementPresent(findTestObject("konfirmasi pesanan/verifikasi user masuk halaman konfirmasi bayar dari akun profil"), 0): Object 'Object Repository/konfirmasi pesanan/verifikasi user masuk halaman konfirmasi bayar dari akun profil' is present

2023-09-29 15:07:38 - [MESSAGE][WARNING] - Timeout '0' is invalid. Using default page load timeout: '30'

2023-09-29 15:07:38 - [MESSAGE][PASSED] - Object 'Object Repository/konfirmasi pesanan/verifikasi user masuk halaman konfirmasi bayar dari akun profil' is present

2023-09-29 15:07:38 - [TEST_STEP][PASSED] - clearText(findTestObject("konfirmasi pesanan/input_Total TagihanTransfer_b")): Text of object 'Object Repository/konfirmasi pesanan/input_Total TagihanTransfer_b' is cleared

2023-09-29 15:07:39 - [MESSAGE][PASSED] - Text of object 'Object Repository/konfirmasi pesanan/input_Total TagihanTransfer_b' is cleared

2023-09-29 15:07:39 - [TEST_STEP][PASSED] - setText(findTestObject("konfirmasi pesanan/input_Total TagihanTransfer_b"), ttlBayar): Text '17,472' is set on object 'Object Repository/konfirmasi pesanan/input_Total TagihanTransfer_b'

2023-09-29 15:07:39 - [MESSAGE][PASSED] - Text '17,472' is set on object 'Object Repository/konfirmasi pesanan/input_Total TagihanTransfer_b'

2023-09-29 15:07:39 - [TEST_STEP][PASSED] - selectOptionByValue(findTestObject("konfirmasi pesanan/select dropdown trasfer"), transfer, false): All options with value '1' are selected in object 'Object Repository/konfirmasi pesanan/select dropdown trasfer' 

2023-09-29 15:07:40 - [MESSAGE][PASSED] - All options with value '1' are selected in object 'Object Repository/konfirmasi pesanan/select dropdown trasfer' 

2023-09-29 15:07:40 - [TEST_STEP][PASSED] - uploadFile(findTestObject("konfirmasi pesanan/input_Upload Bukti Transfer_f"), "F:\bootcamp\Miniproject\Transfer.pdf"): File 'F:\bootcamp\Miniproject\Transfer.pdf' sent to object: 'Object Repository/konfirmasi pesanan/input_Upload Bukti Transfer_f'

2023-09-29 15:07:40 - [MESSAGE][PASSED] - File 'F:\bootcamp\Miniproject\Transfer.pdf' sent to object: 'Object Repository/konfirmasi pesanan/input_Upload Bukti Transfer_f'

2023-09-29 15:07:40 - [TEST_STEP][PASSED] - totalBayar = getAttribute(findTestObject("Object Repository/konfirmasi pesanan/input_Total TagihanTransfer_b"), "value"): Attribute 'value' of object 'Object Repository/konfirmasi pesanan/input_Total TagihanTransfer_b' is: '17,472'

2023-09-29 15:07:41 - [MESSAGE][PASSED] - Attribute 'value' of object 'Object Repository/konfirmasi pesanan/input_Total TagihanTransfer_b' is: '17,472'

2023-09-29 15:07:41 - [TEST_STEP][PASSED] - naamaPengirim = getAttribute(findTestObject("Object Repository/konfirmasi pesanan/input_Nama Pengirim_d"), "value"): Attribute 'value' of object 'Object Repository/konfirmasi pesanan/input_Nama Pengirim_d' is: 'runarun'

2023-09-29 15:07:41 - [MESSAGE][PASSED] - Attribute 'value' of object 'Object Repository/konfirmasi pesanan/input_Nama Pengirim_d' is: 'runarun'

2023-09-29 15:07:41 - [TEST_STEP][PASSED] - assert totalBayar == ttlBayar: null

2023-09-29 15:07:41 - [TEST_STEP][PASSED] - assert naamaPengirim == nmPengirim: null

2023-09-29 15:07:41 - [TEST_STEP][PASSED] - click(findTestObject("konfirmasi pesanan/button_Konfirmasi Pembayaran")): Object: 'Object Repository/konfirmasi pesanan/button_Konfirmasi Pembayaran' is clicked on

2023-09-29 15:07:42 - [MESSAGE][PASSED] - Object: 'Object Repository/konfirmasi pesanan/button_Konfirmasi Pembayaran' is clicked on

2023-09-29 15:07:42 - [TEST_STEP][PASSED] - verifyElementText(findTestObject("konfirmasi pesanan/verifikasi sukses melakukan pembayaran pesanan"), "Sukses Melakukan Konfirmasi Pembayaran Pesanan!"): Actual text and expected text of test object 'Object Repository/konfirmasi pesanan/verifikasi sukses melakukan pembayaran pesanan' are matched.

2023-09-29 15:07:43 - [MESSAGE][PASSED] - Actual text and expected text of test object 'Object Repository/konfirmasi pesanan/verifikasi sukses melakukan pembayaran pesanan' are matched.]]></system-out>
         <system-err><![CDATA[]]></system-err>
      </testcase>
      <testcase name="Test Cases/T08 - Konfirmasi Pesanan/TC-KD-001" time="44.806" classname="Test Cases/T08 - Konfirmasi Pesanan/TC-KD-001" status="PASSED">
         <system-out><![CDATA[2023-09-29 15:07:43 - [TEST_CASE][PASSED] - Test Cases/T08 - Konfirmasi Pesanan/TC-KD-001: Test Cases/T08 - Konfirmasi Pesanan/TC-KD-001

2023-09-29 15:07:43 - [TEST_STEP][PASSED] - data = callTestCase(findTestCase("T08 - Konfirmasi Pesanan/TC-KS-004"), ["transfer":"1", "name":"runarun", "date":"2023-09-12"], STOP_ON_FAILURE): Call Test Case 'Test Cases/T08 - Konfirmasi Pesanan/TC-KS-004' successfully

2023-09-29 15:07:43 - [TEST_CASE][PASSED] - Test Cases/T08 - Konfirmasi Pesanan/TC-KS-004: Test Cases/T08 - Konfirmasi Pesanan/TC-KS-004

2023-09-29 15:07:43 - [TEST_STEP][PASSED] - data = callTestCase(findTestCase("T08 - Konfirmasi Pesanan/TC-KS-003"), ["noInvoice":" 	TRX91.20230911105711", "email":"runarun@gmail.com"], STOP_ON_FAILURE): Call Test Case 'Test Cases/T08 - Konfirmasi Pesanan/TC-KS-003' successfully

2023-09-29 15:07:44 - [TEST_CASE][PASSED] - Test Cases/T08 - Konfirmasi Pesanan/TC-KS-003: Test Cases/T08 - Konfirmasi Pesanan/TC-KS-003

2023-09-29 15:07:44 - [TEST_STEP][PASSED] - data = callTestCase(findTestCase("T08 - Konfirmasi Pesanan/TC-OS-001"), ["Roda":"2", "MetodePembayaran":"transfer"], STOP_ON_FAILURE): Call Test Case 'Test Cases/T08 - Konfirmasi Pesanan/TC-OS-001' successfully

2023-09-29 15:07:44 - [TEST_CASE][PASSED] - Test Cases/T08 - Konfirmasi Pesanan/TC-OS-001: Test Cases/T08 - Konfirmasi Pesanan/TC-OS-001

2023-09-29 15:07:44 - [TEST_STEP][PASSED] - callTestCase(findTestCase("T08 - Konfirmasi Pesanan/TC-LS-001"), [:], STOP_ON_FAILURE): Call Test Case 'Test Cases/T08 - Konfirmasi Pesanan/TC-LS-001' successfully

2023-09-29 15:07:44 - [TEST_CASE][PASSED] - Test Cases/T08 - Konfirmasi Pesanan/TC-LS-001: Test Cases/T08 - Konfirmasi Pesanan/TC-LS-001

2023-09-29 15:07:44 - [TEST_STEP][PASSED] - openBrowser(urlWeb): Browser is opened with url: 'https://10.9.2.63/ecommerce/'

2023-09-29 15:07:44 - [MESSAGE][WARNING] - A browser is already opened. Closing browser and opening a new one

2023-09-29 15:07:45 - [MESSAGE][INFO] - Starting 'Firefox' driver

2023-09-29 15:07:45 - [MESSAGE][INFO] - Action delay is set to 0 milliseconds

2023-09-29 15:07:50 - [MESSAGE][PASSED] - Browser is opened with url: 'https://10.9.2.63/ecommerce/'

2023-09-29 15:07:50 - [TEST_STEP][PASSED] - maximizeWindow(): Current window maximized

2023-09-29 15:07:50 - [MESSAGE][PASSED] - Current window maximized

2023-09-29 15:07:50 - [TEST_STEP][PASSED] - click(findTestObject("Login/a_Login")): Object: 'Object Repository/Login/a_Login' is clicked on

2023-09-29 15:07:51 - [MESSAGE][PASSED] - Object: 'Object Repository/Login/a_Login' is clicked on

2023-09-29 15:07:51 - [TEST_STEP][PASSED] - setText(findTestObject("Login/input_Username, Email atau No. Handphone_a"), "runa36"): Text 'runa36' is set on object 'Object Repository/Login/input_Username, Email atau No. Handphone_a'

2023-09-29 15:07:52 - [MESSAGE][PASSED] - Text 'runa36' is set on object 'Object Repository/Login/input_Username, Email atau No. Handphone_a'

2023-09-29 15:07:52 - [TEST_STEP][PASSED] - setEncryptedText(findTestObject("Login/input_Password di Login(Masuk)"), "qbkrdMwyWE4="): Text ****** has been set on object 'Object Repository/Login/input_Password di Login(Masuk)'

2023-09-29 15:07:52 - [MESSAGE][PASSED] - Text ****** has been set on object 'Object Repository/Login/input_Password di Login(Masuk)'

2023-09-29 15:07:52 - [TEST_STEP][PASSED] - click(findTestObject("Login/button_Masuk di halaman login")): Object: 'Object Repository/Login/button_Masuk di halaman login' is clicked on

2023-09-29 15:07:53 - [MESSAGE][PASSED] - Object: 'Object Repository/Login/button_Masuk di halaman login' is clicked on

2023-09-29 15:07:53 - [TEST_STEP][PASSED] - verifyElementPresent(findTestObject("Pendaftaran/verifikasi MASUK di halaman Login"), 0): Object 'Object Repository/Pendaftaran/verifikasi MASUK di halaman Login' is present

2023-09-29 15:07:53 - [MESSAGE][WARNING] - Timeout '0' is invalid. Using default page load timeout: '30'

2023-09-29 15:07:54 - [MESSAGE][PASSED] - Object 'Object Repository/Pendaftaran/verifikasi MASUK di halaman Login' is present

2023-09-29 15:07:54 - [MESSAGE][PASSED] - Call Test Case 'Test Cases/T08 - Konfirmasi Pesanan/TC-LS-001' successfully

2023-09-29 15:07:54 - [TEST_STEP][PASSED] - setText(findTestObject("chekout/input aku mau belanja"), "acer"): Text 'acer' is set on object 'Object Repository/chekout/input aku mau belanja'

2023-09-29 15:07:54 - [MESSAGE][PASSED] - Text 'acer' is set on object 'Object Repository/chekout/input aku mau belanja'

2023-09-29 15:07:54 - [TEST_STEP][PASSED] - click(findTestObject("chekout/button_Cari di halaman tajalapak")): Object: 'Object Repository/chekout/button_Cari di halaman tajalapak' is clicked on

2023-09-29 15:07:55 - [MESSAGE][PASSED] - Object: 'Object Repository/chekout/button_Cari di halaman tajalapak' is clicked on

2023-09-29 15:07:55 - [TEST_STEP][PASSED] - click(findTestObject("chekout/NEW read more acer")): Object: 'Object Repository/chekout/NEW read more acer' is clicked on

2023-09-29 15:07:57 - [MESSAGE][PASSED] - Object: 'Object Repository/chekout/NEW read more acer' is clicked on

2023-09-29 15:07:57 - [TEST_STEP][PASSED] - click(findTestObject("chekout/button_Beli Sekarang di detail produk")): Object: 'Object Repository/chekout/button_Beli Sekarang di detail produk' is clicked on

2023-09-29 15:07:58 - [MESSAGE][PASSED] - Object: 'Object Repository/chekout/button_Beli Sekarang di detail produk' is clicked on

2023-09-29 15:07:58 - [TEST_STEP][PASSED] - verifyElementPresent(findTestObject("chekout/halaman keranjang belanja"), 0): Object 'Object Repository/chekout/halaman keranjang belanja' is present

2023-09-29 15:07:58 - [MESSAGE][WARNING] - Timeout '0' is invalid. Using default page load timeout: '30'

2023-09-29 15:07:59 - [MESSAGE][PASSED] - Object 'Object Repository/chekout/halaman keranjang belanja' is present

2023-09-29 15:07:59 - [TEST_STEP][PASSED] - click(findTestObject("chekout/button_Lanjut ke Pembayaran")): Object: 'Object Repository/chekout/button_Lanjut ke Pembayaran' is clicked on

2023-09-29 15:08:00 - [MESSAGE][PASSED] - Object: 'Object Repository/chekout/button_Lanjut ke Pembayaran' is clicked on

2023-09-29 15:08:00 - [TEST_STEP][PASSED] - selectOptionByValue(findTestObject("Object Repository/chekout/select_- Kirim via Kurir Lokal -Roda 2Roda 4"), Roda, false): All options with value '2' are selected in object 'Object Repository/chekout/select_- Kirim via Kurir Lokal -Roda 2Roda 4' 

2023-09-29 15:08:01 - [MESSAGE][PASSED] - All options with value '2' are selected in object 'Object Repository/chekout/select_- Kirim via Kurir Lokal -Roda 2Roda 4' 

2023-09-29 15:08:01 - [TEST_STEP][PASSED] - click(findTestObject("chekout/jenis kendaraan")): Object: 'Object Repository/chekout/jenis kendaraan' is clicked on

2023-09-29 15:08:02 - [MESSAGE][PASSED] - Object: 'Object Repository/chekout/jenis kendaraan' is clicked on

2023-09-29 15:08:02 - [TEST_STEP][PASSED] - if (toString().equalsIgnoreCase("transfer")): Object 'Object Repository/chekout/input metode tf bank' is checked

2023-09-29 15:08:02 - [TEST_STEP][PASSED] - check(findTestObject("chekout/input metode tf bank")): Object 'Object Repository/chekout/input metode tf bank' is checked

2023-09-29 15:08:02 - [MESSAGE][PASSED] - Object 'Object Repository/chekout/input metode tf bank' is checked

2023-09-29 15:08:02 - [TEST_STEP][PASSED] - click(findTestObject("chekout/button_Proses Pembayaran")): Object: 'Object Repository/chekout/button_Proses Pembayaran' is clicked on

2023-09-29 15:08:08 - [MESSAGE][PASSED] - Object: 'Object Repository/chekout/button_Proses Pembayaran' is clicked on

2023-09-29 15:08:08 - [TEST_STEP][PASSED] - noPesanan = getText(findTestObject("Object Repository/chekout/nomor invoice dari halaman menunggu pembayaran")): Text of object 'Object Repository/chekout/nomor invoice dari halaman menunggu pembayaran' is: 'TRX91.20230929150803'

2023-09-29 15:08:09 - [MESSAGE][PASSED] - Text of object 'Object Repository/chekout/nomor invoice dari halaman menunggu pembayaran' is: 'TRX91.20230929150803'

2023-09-29 15:08:09 - [TEST_STEP][PASSED] - println(noPesanan): null

2023-09-29 15:08:09 - [TEST_STEP][PASSED] - pengirim = getText(findTestObject("Object Repository/chekout/dikirim kepada sama dengan pengirim di tf di konfirmaasi bayar")): Text of object 'Object Repository/chekout/dikirim kepada sama dengan pengirim di tf di konfirmaasi bayar' is: 'runarun'

2023-09-29 15:08:10 - [MESSAGE][PASSED] - Text of object 'Object Repository/chekout/dikirim kepada sama dengan pengirim di tf di konfirmaasi bayar' is: 'runarun'

2023-09-29 15:08:10 - [TEST_STEP][PASSED] - totalharga = getText(findTestObject("Object Repository/chekout/total harga bayar")): Text of object 'Object Repository/chekout/total harga bayar' is: '17,549'

2023-09-29 15:08:11 - [MESSAGE][PASSED] - Text of object 'Object Repository/chekout/total harga bayar' is: '17,549'

2023-09-29 15:08:11 - [TEST_STEP][PASSED] - ongkir = getText(findTestObject("co saldo akun/new ongkir tf")): Text of object 'Object Repository/co saldo akun/new ongkir tf' is: 'Rp 13,000'

2023-09-29 15:08:11 - [MESSAGE][PASSED] - Text of object 'Object Repository/co saldo akun/new ongkir tf' is: 'Rp 13,000'

2023-09-29 15:08:11 - [TEST_STEP][PASSED] - ongkirr = replace(",", "").trim(): null

2023-09-29 15:08:11 - [TEST_STEP][PASSED] - ongkir1 = Integer.parseInt(ongkirr): null

2023-09-29 15:08:11 - [TEST_STEP][PASSED] - println(ongkir1): null

2023-09-29 15:08:11 - [TEST_STEP][PASSED] - biayaAdmin = getText(findTestObject("co saldo akun/new fee admin tf")): Text of object 'Object Repository/co saldo akun/new fee admin tf' is: 'Rp 1,500'

2023-09-29 15:08:12 - [MESSAGE][PASSED] - Text of object 'Object Repository/co saldo akun/new fee admin tf' is: 'Rp 1,500'

2023-09-29 15:08:12 - [TEST_STEP][PASSED] - bAdmin = replace(",", "").trim(): null

2023-09-29 15:08:12 - [TEST_STEP][PASSED] - Integer.parseInt(bAdmin): null

2023-09-29 15:08:12 - [TEST_STEP][PASSED] - Admin = Double.parseDouble(bAdmin): null

2023-09-29 15:08:12 - [TEST_STEP][PASSED] - println(Admin): null

2023-09-29 15:08:12 - [TEST_STEP][PASSED] - subtotal = getText(findTestObject("co saldo akun/new subtotal tf")): Text of object 'Object Repository/co saldo akun/new subtotal tf' is: 'Rp 2,246'

2023-09-29 15:08:12 - [MESSAGE][PASSED] - Text of object 'Object Repository/co saldo akun/new subtotal tf' is: 'Rp 2,246'

2023-09-29 15:08:12 - [TEST_STEP][PASSED] - subtotall = replace(",", "").trim(): null

2023-09-29 15:08:12 - [TEST_STEP][PASSED] - Integer.parseInt(subtotall): null

2023-09-29 15:08:12 - [TEST_STEP][PASSED] - sub = Double.parseDouble(subtotall): null

2023-09-29 15:08:12 - [TEST_STEP][PASSED] - println(sub): null

2023-09-29 15:08:12 - [TEST_STEP][PASSED] - kode = getText(findTestObject("co saldo akun/new kode unik tf")): Text of object 'Object Repository/co saldo akun/new kode unik tf' is: '+803'

2023-09-29 15:08:13 - [MESSAGE][PASSED] - Text of object 'Object Repository/co saldo akun/new kode unik tf' is: '+803'

2023-09-29 15:08:13 - [TEST_STEP][PASSED] - kodee = replace("+", "").trim(): null

2023-09-29 15:08:13 - [TEST_STEP][PASSED] - Integer.parseInt(kodee): null

2023-09-29 15:08:13 - [TEST_STEP][PASSED] - code = Double.parseDouble(kodee): null

2023-09-29 15:08:13 - [TEST_STEP][PASSED] - tOng = ongkir1 + sub: null

2023-09-29 15:08:13 - [TEST_STEP][PASSED] - println(tOng): null

2023-09-29 15:08:13 - [TEST_STEP][PASSED] - totalBayar = tOng + Admin + code: null

2023-09-29 15:08:13 - [TEST_STEP][PASSED] - println(totalBayar): null

2023-09-29 15:08:13 - [TEST_STEP][PASSED] - totalBayar1 = totalBayar: null

2023-09-29 15:08:13 - [TEST_STEP][PASSED] - println(totalBayar1): null

2023-09-29 15:08:13 - [TEST_STEP][PASSED] - total = getText(findTestObject("co saldo akun/new total harga tf")): Text of object 'Object Repository/co saldo akun/new total harga tf' is: '17,549'

2023-09-29 15:08:13 - [MESSAGE][PASSED] - Text of object 'Object Repository/co saldo akun/new total harga tf' is: '17,549'

2023-09-29 15:08:13 - [TEST_STEP][PASSED] - total1 = replace(",", "").trim(): null

2023-09-29 15:08:13 - [TEST_STEP][PASSED] - total2 = Integer.parseInt(total1): null

2023-09-29 15:08:13 - [TEST_STEP][PASSED] - println(total2): null

2023-09-29 15:08:13 - [TEST_STEP][PASSED] - assert totalBayar1 == total2: null

2023-09-29 15:08:13 - [TEST_STEP][PASSED] - data = new java.util.HashMap(): null

2023-09-29 15:08:13 - [TEST_STEP][PASSED] - data.put("invoice", noPesanan): null

2023-09-29 15:08:13 - [TEST_STEP][PASSED] - data.put("namaPengirim", pengirim): null

2023-09-29 15:08:13 - [TEST_STEP][PASSED] - data.put("totalBayar", totalharga): null

2023-09-29 15:08:13 - [TEST_STEP][PASSED] - data.put("totalOngkir", tOng): null

2023-09-29 15:08:13 - [TEST_STEP][PASSED] - return data: null

2023-09-29 15:08:13 - [MESSAGE][PASSED] - Call Test Case 'Test Cases/T08 - Konfirmasi Pesanan/TC-OS-001' successfully

2023-09-29 15:08:13 - [TEST_STEP][PASSED] - noPesanan = data.get("invoice"): null

2023-09-29 15:08:13 - [TEST_STEP][PASSED] - name = data.get("namaPengirim"): null

2023-09-29 15:08:13 - [TEST_STEP][PASSED] - count = data.get("totalBayar"): null

2023-09-29 15:08:13 - [TEST_STEP][PASSED] - click(findTestObject("konfirmasi pesanan/a_Logout")): Object: 'Object Repository/konfirmasi pesanan/a_Logout' is clicked on

2023-09-29 15:08:15 - [MESSAGE][PASSED] - Object: 'Object Repository/konfirmasi pesanan/a_Logout' is clicked on

2023-09-29 15:08:15 - [TEST_STEP][PASSED] - verifyElementPresent(findTestObject("verifikasi halaman tajalapak sebelum daftar"), 0): Object 'Object Repository/verifikasi halaman tajalapak sebelum daftar' is present

2023-09-29 15:08:15 - [MESSAGE][WARNING] - Timeout '0' is invalid. Using default page load timeout: '30'

2023-09-29 15:08:16 - [MESSAGE][PASSED] - Object 'Object Repository/verifikasi halaman tajalapak sebelum daftar' is present

2023-09-29 15:08:16 - [TEST_STEP][PASSED] - mouseOver(findTestObject("konfirmasi pesanan/a_Shop")): Object: 'Object Repository/konfirmasi pesanan/a_Shop' is hovered

2023-09-29 15:08:16 - [MESSAGE][PASSED] - Object: 'Object Repository/konfirmasi pesanan/a_Shop' is hovered

2023-09-29 15:08:16 - [TEST_STEP][PASSED] - click(findTestObject("konfirmasi pesanan/a_Konfirmasi Orders")): Object: 'Object Repository/konfirmasi pesanan/a_Konfirmasi Orders' is clicked on

2023-09-29 15:08:17 - [MESSAGE][PASSED] - Object: 'Object Repository/konfirmasi pesanan/a_Konfirmasi Orders' is clicked on

2023-09-29 15:08:17 - [TEST_STEP][PASSED] - setText(findTestObject("konfirmasi pesanan/input_No Pesanan_a di shop"), noPesanan): Text 'TRX91.20230929150803' is set on object 'Object Repository/konfirmasi pesanan/input_No Pesanan_a di shop'

2023-09-29 15:08:18 - [MESSAGE][PASSED] - Text 'TRX91.20230929150803' is set on object 'Object Repository/konfirmasi pesanan/input_No Pesanan_a di shop'

2023-09-29 15:08:18 - [TEST_STEP][PASSED] - setText(findTestObject("konfirmasi pesanan/input_Alamat E-mail_form-control"), email): Text 'runarun@gmail.com' is set on object 'Object Repository/konfirmasi pesanan/input_Alamat E-mail_form-control'

2023-09-29 15:08:19 - [MESSAGE][PASSED] - Text 'runarun@gmail.com' is set on object 'Object Repository/konfirmasi pesanan/input_Alamat E-mail_form-control'

2023-09-29 15:08:19 - [TEST_STEP][PASSED] - click(findTestObject("konfirmasi pesanan/button_Submit")): Object: 'Object Repository/konfirmasi pesanan/button_Submit' is clicked on

2023-09-29 15:08:20 - [MESSAGE][PASSED] - Object: 'Object Repository/konfirmasi pesanan/button_Submit' is clicked on

2023-09-29 15:08:20 - [TEST_STEP][PASSED] - return data: null

2023-09-29 15:08:20 - [MESSAGE][PASSED] - Call Test Case 'Test Cases/T08 - Konfirmasi Pesanan/TC-KS-003' successfully

2023-09-29 15:08:20 - [TEST_STEP][PASSED] - noPesanan = data.get("invoice"): null

2023-09-29 15:08:20 - [TEST_STEP][PASSED] - name = data.get("namaPengirim"): null

2023-09-29 15:08:20 - [TEST_STEP][PASSED] - count = data.get("totalBayar"): null

2023-09-29 15:08:20 - [TEST_STEP][PASSED] - clearText(findTestObject("konfirmasi pesanan/input_Total TagihanTransfer_b")): Text of object 'Object Repository/konfirmasi pesanan/input_Total TagihanTransfer_b' is cleared

2023-09-29 15:08:20 - [MESSAGE][PASSED] - Text of object 'Object Repository/konfirmasi pesanan/input_Total TagihanTransfer_b' is cleared

2023-09-29 15:08:20 - [TEST_STEP][PASSED] - setText(findTestObject("konfirmasi pesanan/input_Total TagihanTransfer_b"), count): Text '17,549' is set on object 'Object Repository/konfirmasi pesanan/input_Total TagihanTransfer_b'

2023-09-29 15:08:21 - [MESSAGE][PASSED] - Text '17,549' is set on object 'Object Repository/konfirmasi pesanan/input_Total TagihanTransfer_b'

2023-09-29 15:08:21 - [TEST_STEP][PASSED] - selectOptionByValue(findTestObject("konfirmasi pesanan/select dropdown trasfer"), transfer, false): All options with value '1' are selected in object 'Object Repository/konfirmasi pesanan/select dropdown trasfer' 

2023-09-29 15:08:22 - [MESSAGE][PASSED] - All options with value '1' are selected in object 'Object Repository/konfirmasi pesanan/select dropdown trasfer' 

2023-09-29 15:08:22 - [TEST_STEP][PASSED] - clearText(findTestObject("konfirmasi pesanan/input_Nama Pengirim_d")): Text of object 'Object Repository/konfirmasi pesanan/input_Nama Pengirim_d' is cleared

2023-09-29 15:08:22 - [MESSAGE][PASSED] - Text of object 'Object Repository/konfirmasi pesanan/input_Nama Pengirim_d' is cleared

2023-09-29 15:08:22 - [TEST_STEP][PASSED] - setText(findTestObject("konfirmasi pesanan/input_Nama Pengirim_d"), name): Text 'runarun' is set on object 'Object Repository/konfirmasi pesanan/input_Nama Pengirim_d'

2023-09-29 15:08:23 - [MESSAGE][PASSED] - Text 'runarun' is set on object 'Object Repository/konfirmasi pesanan/input_Nama Pengirim_d'

2023-09-29 15:08:23 - [TEST_STEP][PASSED] - uploadFile(findTestObject("konfirmasi pesanan/input_Upload Bukti Transfer_f"), "F:\bootcamp\Miniproject\transfer.jpg"): File 'F:\bootcamp\Miniproject\transfer.jpg' sent to object: 'Object Repository/konfirmasi pesanan/input_Upload Bukti Transfer_f'

2023-09-29 15:08:23 - [MESSAGE][PASSED] - File 'F:\bootcamp\Miniproject\transfer.jpg' sent to object: 'Object Repository/konfirmasi pesanan/input_Upload Bukti Transfer_f'

2023-09-29 15:08:23 - [TEST_STEP][PASSED] - click(findTestObject("konfirmasi pesanan/button_Konfirmasi Pembayaran")): Object: 'Object Repository/konfirmasi pesanan/button_Konfirmasi Pembayaran' is clicked on

2023-09-29 15:08:24 - [MESSAGE][PASSED] - Object: 'Object Repository/konfirmasi pesanan/button_Konfirmasi Pembayaran' is clicked on

2023-09-29 15:08:24 - [TEST_STEP][PASSED] - verifyElementText(findTestObject("konfirmasi pesanan/verifikasi sukses melakukan pembayaran dari menu shop"), "Sukses Melakukan Konfirmasi Pembayaran Pesanan!"): Actual text and expected text of test object 'Object Repository/konfirmasi pesanan/verifikasi sukses melakukan pembayaran dari menu shop' are matched.

2023-09-29 15:08:25 - [MESSAGE][PASSED] - Actual text and expected text of test object 'Object Repository/konfirmasi pesanan/verifikasi sukses melakukan pembayaran dari menu shop' are matched.

2023-09-29 15:08:25 - [TEST_STEP][PASSED] - return data: null

2023-09-29 15:08:25 - [MESSAGE][PASSED] - Call Test Case 'Test Cases/T08 - Konfirmasi Pesanan/TC-KS-004' successfully

2023-09-29 15:08:25 - [TEST_STEP][PASSED] - noPesanan = data.get("invoice"): null

2023-09-29 15:08:25 - [TEST_STEP][PASSED] - name = data.get("namaPengirim"): null

2023-09-29 15:08:25 - [TEST_STEP][PASSED] - count = data.get("totalBayar"): null

2023-09-29 15:08:25 - [TEST_STEP][PASSED] - setText(findTestObject("konfirmasi pesanan/input_No Pesanan_a di shop"), noPesanan): Text 'TRX91.20230929150803' is set on object 'Object Repository/konfirmasi pesanan/input_No Pesanan_a di shop'

2023-09-29 15:08:25 - [MESSAGE][PASSED] - Text 'TRX91.20230929150803' is set on object 'Object Repository/konfirmasi pesanan/input_No Pesanan_a di shop'

2023-09-29 15:08:25 - [TEST_STEP][PASSED] - setText(findTestObject("konfirmasi pesanan/input_Alamat E-mail_form-control"), "email"): Text 'email' is set on object 'Object Repository/konfirmasi pesanan/input_Alamat E-mail_form-control'

2023-09-29 15:08:26 - [MESSAGE][PASSED] - Text 'email' is set on object 'Object Repository/konfirmasi pesanan/input_Alamat E-mail_form-control'

2023-09-29 15:08:26 - [TEST_STEP][PASSED] - click(findTestObject("konfirmasi pesanan/button_Submit")): Object: 'Object Repository/konfirmasi pesanan/button_Submit' is clicked on

2023-09-29 15:08:27 - [MESSAGE][PASSED] - Object: 'Object Repository/konfirmasi pesanan/button_Submit' is clicked on

2023-09-29 15:08:27 - [TEST_STEP][PASSED] - verifyElementText(findTestObject("konfirmasi pesanan/verifikasi sudah verifikasi order sekali dari menu shop"), "PENTING - Pesanan ini sudah dikonfirmasi Sebelumnya sebanyak 1 kali,.."): Actual text and expected text of test object 'Object Repository/konfirmasi pesanan/verifikasi sudah verifikasi order sekali dari menu shop' are matched.

2023-09-29 15:08:28 - [MESSAGE][PASSED] - Actual text and expected text of test object 'Object Repository/konfirmasi pesanan/verifikasi sudah verifikasi order sekali dari menu shop' are matched.]]></system-out>
         <system-err><![CDATA[]]></system-err>
      </testcase>
      <testcase name="Test Cases/T08 - Konfirmasi Pesanan/TC-AK-001" time="61.101" classname="Test Cases/T08 - Konfirmasi Pesanan/TC-AK-001" status="PASSED">
         <system-out><![CDATA[2023-09-29 15:08:28 - [TEST_CASE][PASSED] - Test Cases/T08 - Konfirmasi Pesanan/TC-AK-001: Test Cases/T08 - Konfirmasi Pesanan/TC-AK-001

2023-09-29 15:08:28 - [TEST_STEP][PASSED] - data = callTestCase(findTestCase("T08 - Konfirmasi Pesanan/TC-OS-001"), ["Roda":"2", "MetodePembayaran":"transfer"], STOP_ON_FAILURE): Call Test Case 'Test Cases/T08 - Konfirmasi Pesanan/TC-OS-001' successfully

2023-09-29 15:08:28 - [TEST_CASE][PASSED] - Test Cases/T08 - Konfirmasi Pesanan/TC-OS-001: Test Cases/T08 - Konfirmasi Pesanan/TC-OS-001

2023-09-29 15:08:28 - [TEST_STEP][PASSED] - callTestCase(findTestCase("T08 - Konfirmasi Pesanan/TC-LS-001"), [:], STOP_ON_FAILURE): Call Test Case 'Test Cases/T08 - Konfirmasi Pesanan/TC-LS-001' successfully

2023-09-29 15:08:28 - [TEST_CASE][PASSED] - Test Cases/T08 - Konfirmasi Pesanan/TC-LS-001: Test Cases/T08 - Konfirmasi Pesanan/TC-LS-001

2023-09-29 15:08:29 - [TEST_STEP][PASSED] - openBrowser(urlWeb): Browser is opened with url: 'https://10.9.2.63/ecommerce/'

2023-09-29 15:08:29 - [MESSAGE][WARNING] - A browser is already opened. Closing browser and opening a new one

2023-09-29 15:08:31 - [MESSAGE][INFO] - Starting 'Firefox' driver

2023-09-29 15:08:31 - [MESSAGE][INFO] - Action delay is set to 0 milliseconds

2023-09-29 15:08:36 - [MESSAGE][PASSED] - Browser is opened with url: 'https://10.9.2.63/ecommerce/'

2023-09-29 15:08:36 - [TEST_STEP][PASSED] - maximizeWindow(): Current window maximized

2023-09-29 15:08:36 - [MESSAGE][PASSED] - Current window maximized

2023-09-29 15:08:36 - [TEST_STEP][PASSED] - click(findTestObject("Login/a_Login")): Object: 'Object Repository/Login/a_Login' is clicked on

2023-09-29 15:08:37 - [MESSAGE][PASSED] - Object: 'Object Repository/Login/a_Login' is clicked on

2023-09-29 15:08:37 - [TEST_STEP][PASSED] - setText(findTestObject("Login/input_Username, Email atau No. Handphone_a"), "runa36"): Text 'runa36' is set on object 'Object Repository/Login/input_Username, Email atau No. Handphone_a'

2023-09-29 15:08:38 - [MESSAGE][PASSED] - Text 'runa36' is set on object 'Object Repository/Login/input_Username, Email atau No. Handphone_a'

2023-09-29 15:08:38 - [TEST_STEP][PASSED] - setEncryptedText(findTestObject("Login/input_Password di Login(Masuk)"), "qbkrdMwyWE4="): Text ****** has been set on object 'Object Repository/Login/input_Password di Login(Masuk)'

2023-09-29 15:08:38 - [MESSAGE][PASSED] - Text ****** has been set on object 'Object Repository/Login/input_Password di Login(Masuk)'

2023-09-29 15:08:38 - [TEST_STEP][PASSED] - click(findTestObject("Login/button_Masuk di halaman login")): Object: 'Object Repository/Login/button_Masuk di halaman login' is clicked on

2023-09-29 15:08:39 - [MESSAGE][PASSED] - Object: 'Object Repository/Login/button_Masuk di halaman login' is clicked on

2023-09-29 15:08:39 - [TEST_STEP][PASSED] - verifyElementPresent(findTestObject("Pendaftaran/verifikasi MASUK di halaman Login"), 0): Object 'Object Repository/Pendaftaran/verifikasi MASUK di halaman Login' is present

2023-09-29 15:08:39 - [MESSAGE][WARNING] - Timeout '0' is invalid. Using default page load timeout: '30'

2023-09-29 15:08:40 - [MESSAGE][PASSED] - Object 'Object Repository/Pendaftaran/verifikasi MASUK di halaman Login' is present

2023-09-29 15:08:40 - [MESSAGE][PASSED] - Call Test Case 'Test Cases/T08 - Konfirmasi Pesanan/TC-LS-001' successfully

2023-09-29 15:08:40 - [TEST_STEP][PASSED] - setText(findTestObject("chekout/input aku mau belanja"), "acer"): Text 'acer' is set on object 'Object Repository/chekout/input aku mau belanja'

2023-09-29 15:08:40 - [MESSAGE][PASSED] - Text 'acer' is set on object 'Object Repository/chekout/input aku mau belanja'

2023-09-29 15:08:40 - [TEST_STEP][PASSED] - click(findTestObject("chekout/button_Cari di halaman tajalapak")): Object: 'Object Repository/chekout/button_Cari di halaman tajalapak' is clicked on

2023-09-29 15:08:41 - [MESSAGE][PASSED] - Object: 'Object Repository/chekout/button_Cari di halaman tajalapak' is clicked on

2023-09-29 15:08:41 - [TEST_STEP][PASSED] - click(findTestObject("chekout/NEW read more acer")): Object: 'Object Repository/chekout/NEW read more acer' is clicked on

2023-09-29 15:08:43 - [MESSAGE][PASSED] - Object: 'Object Repository/chekout/NEW read more acer' is clicked on

2023-09-29 15:08:43 - [TEST_STEP][PASSED] - click(findTestObject("chekout/button_Beli Sekarang di detail produk")): Object: 'Object Repository/chekout/button_Beli Sekarang di detail produk' is clicked on

2023-09-29 15:08:44 - [MESSAGE][PASSED] - Object: 'Object Repository/chekout/button_Beli Sekarang di detail produk' is clicked on

2023-09-29 15:08:44 - [TEST_STEP][PASSED] - verifyElementPresent(findTestObject("chekout/halaman keranjang belanja"), 0): Object 'Object Repository/chekout/halaman keranjang belanja' is present

2023-09-29 15:08:44 - [MESSAGE][WARNING] - Timeout '0' is invalid. Using default page load timeout: '30'

2023-09-29 15:08:45 - [MESSAGE][PASSED] - Object 'Object Repository/chekout/halaman keranjang belanja' is present

2023-09-29 15:08:45 - [TEST_STEP][PASSED] - click(findTestObject("chekout/button_Lanjut ke Pembayaran")): Object: 'Object Repository/chekout/button_Lanjut ke Pembayaran' is clicked on

2023-09-29 15:08:46 - [MESSAGE][PASSED] - Object: 'Object Repository/chekout/button_Lanjut ke Pembayaran' is clicked on

2023-09-29 15:08:46 - [TEST_STEP][PASSED] - selectOptionByValue(findTestObject("Object Repository/chekout/select_- Kirim via Kurir Lokal -Roda 2Roda 4"), Roda, false): All options with value '2' are selected in object 'Object Repository/chekout/select_- Kirim via Kurir Lokal -Roda 2Roda 4' 

2023-09-29 15:08:47 - [MESSAGE][PASSED] - All options with value '2' are selected in object 'Object Repository/chekout/select_- Kirim via Kurir Lokal -Roda 2Roda 4' 

2023-09-29 15:08:47 - [TEST_STEP][PASSED] - click(findTestObject("chekout/jenis kendaraan")): Object: 'Object Repository/chekout/jenis kendaraan' is clicked on

2023-09-29 15:08:47 - [MESSAGE][PASSED] - Object: 'Object Repository/chekout/jenis kendaraan' is clicked on

2023-09-29 15:08:47 - [TEST_STEP][PASSED] - if (toString().equalsIgnoreCase("transfer")): Object 'Object Repository/chekout/input metode tf bank' is checked

2023-09-29 15:08:47 - [TEST_STEP][PASSED] - check(findTestObject("chekout/input metode tf bank")): Object 'Object Repository/chekout/input metode tf bank' is checked

2023-09-29 15:08:48 - [MESSAGE][PASSED] - Object 'Object Repository/chekout/input metode tf bank' is checked

2023-09-29 15:08:48 - [TEST_STEP][PASSED] - click(findTestObject("chekout/button_Proses Pembayaran")): Object: 'Object Repository/chekout/button_Proses Pembayaran' is clicked on

2023-09-29 15:08:54 - [MESSAGE][PASSED] - Object: 'Object Repository/chekout/button_Proses Pembayaran' is clicked on

2023-09-29 15:08:54 - [TEST_STEP][PASSED] - noPesanan = getText(findTestObject("Object Repository/chekout/nomor invoice dari halaman menunggu pembayaran")): Text of object 'Object Repository/chekout/nomor invoice dari halaman menunggu pembayaran' is: 'TRX91.20230929150848'

2023-09-29 15:08:54 - [MESSAGE][PASSED] - Text of object 'Object Repository/chekout/nomor invoice dari halaman menunggu pembayaran' is: 'TRX91.20230929150848'

2023-09-29 15:08:54 - [TEST_STEP][PASSED] - println(noPesanan): null

2023-09-29 15:08:54 - [TEST_STEP][PASSED] - pengirim = getText(findTestObject("Object Repository/chekout/dikirim kepada sama dengan pengirim di tf di konfirmaasi bayar")): Text of object 'Object Repository/chekout/dikirim kepada sama dengan pengirim di tf di konfirmaasi bayar' is: 'runarun'

2023-09-29 15:08:55 - [MESSAGE][PASSED] - Text of object 'Object Repository/chekout/dikirim kepada sama dengan pengirim di tf di konfirmaasi bayar' is: 'runarun'

2023-09-29 15:08:55 - [TEST_STEP][PASSED] - totalharga = getText(findTestObject("Object Repository/chekout/total harga bayar")): Text of object 'Object Repository/chekout/total harga bayar' is: '17,594'

2023-09-29 15:08:55 - [MESSAGE][PASSED] - Text of object 'Object Repository/chekout/total harga bayar' is: '17,594'

2023-09-29 15:08:55 - [TEST_STEP][PASSED] - ongkir = getText(findTestObject("co saldo akun/new ongkir tf")): Text of object 'Object Repository/co saldo akun/new ongkir tf' is: 'Rp 13,000'

2023-09-29 15:08:55 - [MESSAGE][PASSED] - Text of object 'Object Repository/co saldo akun/new ongkir tf' is: 'Rp 13,000'

2023-09-29 15:08:55 - [TEST_STEP][PASSED] - ongkirr = replace(",", "").trim(): null

2023-09-29 15:08:55 - [TEST_STEP][PASSED] - ongkir1 = Integer.parseInt(ongkirr): null

2023-09-29 15:08:55 - [TEST_STEP][PASSED] - println(ongkir1): null

2023-09-29 15:08:55 - [TEST_STEP][PASSED] - biayaAdmin = getText(findTestObject("co saldo akun/new fee admin tf")): Text of object 'Object Repository/co saldo akun/new fee admin tf' is: 'Rp 1,500'

2023-09-29 15:08:56 - [MESSAGE][PASSED] - Text of object 'Object Repository/co saldo akun/new fee admin tf' is: 'Rp 1,500'

2023-09-29 15:08:56 - [TEST_STEP][PASSED] - bAdmin = replace(",", "").trim(): null

2023-09-29 15:08:56 - [TEST_STEP][PASSED] - Integer.parseInt(bAdmin): null

2023-09-29 15:08:56 - [TEST_STEP][PASSED] - Admin = Double.parseDouble(bAdmin): null

2023-09-29 15:08:56 - [TEST_STEP][PASSED] - println(Admin): null

2023-09-29 15:08:56 - [TEST_STEP][PASSED] - subtotal = getText(findTestObject("co saldo akun/new subtotal tf")): Text of object 'Object Repository/co saldo akun/new subtotal tf' is: 'Rp 2,246'

2023-09-29 15:08:57 - [MESSAGE][PASSED] - Text of object 'Object Repository/co saldo akun/new subtotal tf' is: 'Rp 2,246'

2023-09-29 15:08:57 - [TEST_STEP][PASSED] - subtotall = replace(",", "").trim(): null

2023-09-29 15:08:57 - [TEST_STEP][PASSED] - Integer.parseInt(subtotall): null

2023-09-29 15:08:57 - [TEST_STEP][PASSED] - sub = Double.parseDouble(subtotall): null

2023-09-29 15:08:57 - [TEST_STEP][PASSED] - println(sub): null

2023-09-29 15:08:57 - [TEST_STEP][PASSED] - kode = getText(findTestObject("co saldo akun/new kode unik tf")): Text of object 'Object Repository/co saldo akun/new kode unik tf' is: '+848'

2023-09-29 15:08:57 - [MESSAGE][PASSED] - Text of object 'Object Repository/co saldo akun/new kode unik tf' is: '+848'

2023-09-29 15:08:57 - [TEST_STEP][PASSED] - kodee = replace("+", "").trim(): null

2023-09-29 15:08:57 - [TEST_STEP][PASSED] - Integer.parseInt(kodee): null

2023-09-29 15:08:57 - [TEST_STEP][PASSED] - code = Double.parseDouble(kodee): null

2023-09-29 15:08:57 - [TEST_STEP][PASSED] - tOng = ongkir1 + sub: null

2023-09-29 15:08:57 - [TEST_STEP][PASSED] - println(tOng): null

2023-09-29 15:08:57 - [TEST_STEP][PASSED] - totalBayar = tOng + Admin + code: null

2023-09-29 15:08:57 - [TEST_STEP][PASSED] - println(totalBayar): null

2023-09-29 15:08:57 - [TEST_STEP][PASSED] - totalBayar1 = totalBayar: null

2023-09-29 15:08:57 - [TEST_STEP][PASSED] - println(totalBayar1): null

2023-09-29 15:08:57 - [TEST_STEP][PASSED] - total = getText(findTestObject("co saldo akun/new total harga tf")): Text of object 'Object Repository/co saldo akun/new total harga tf' is: '17,594'

2023-09-29 15:08:58 - [MESSAGE][PASSED] - Text of object 'Object Repository/co saldo akun/new total harga tf' is: '17,594'

2023-09-29 15:08:58 - [TEST_STEP][PASSED] - total1 = replace(",", "").trim(): null

2023-09-29 15:08:58 - [TEST_STEP][PASSED] - total2 = Integer.parseInt(total1): null

2023-09-29 15:08:58 - [TEST_STEP][PASSED] - println(total2): null

2023-09-29 15:08:58 - [TEST_STEP][PASSED] - assert totalBayar1 == total2: null

2023-09-29 15:08:58 - [TEST_STEP][PASSED] - data = new java.util.HashMap(): null

2023-09-29 15:08:58 - [TEST_STEP][PASSED] - data.put("invoice", noPesanan): null

2023-09-29 15:08:58 - [TEST_STEP][PASSED] - data.put("namaPengirim", pengirim): null

2023-09-29 15:08:58 - [TEST_STEP][PASSED] - data.put("totalBayar", totalharga): null

2023-09-29 15:08:58 - [TEST_STEP][PASSED] - data.put("totalOngkir", tOng): null

2023-09-29 15:08:58 - [TEST_STEP][PASSED] - return data: null

2023-09-29 15:08:58 - [MESSAGE][PASSED] - Call Test Case 'Test Cases/T08 - Konfirmasi Pesanan/TC-OS-001' successfully

2023-09-29 15:08:58 - [TEST_STEP][PASSED] - noInvoice = data.get("invoice"): null

2023-09-29 15:08:58 - [TEST_STEP][PASSED] - nmPengirim = data.get("namaPengirim"): null

2023-09-29 15:08:58 - [TEST_STEP][PASSED] - ttlBayar = data.get("totalBayar"): null

2023-09-29 15:08:58 - [TEST_STEP][PASSED] - navigateToUrl("https://10.9.2.63/ecommerce/administrator/"): Navigate to 'https://10.9.2.63/ecommerce/administrator/' successfully

2023-09-29 15:08:58 - [MESSAGE][PASSED] - Navigate to 'https://10.9.2.63/ecommerce/administrator/' successfully

2023-09-29 15:08:58 - [TEST_STEP][PASSED] - setText(findTestObject("halaman admin/input_ADMIN_a"), "admin"): Text 'admin' is set on object 'Object Repository/halaman admin/input_ADMIN_a'

2023-09-29 15:08:59 - [MESSAGE][PASSED] - Text 'admin' is set on object 'Object Repository/halaman admin/input_ADMIN_a'

2023-09-29 15:08:59 - [TEST_STEP][PASSED] - setEncryptedText(findTestObject("halaman admin/input_ADMIN_password"), "374mkdZ/lqyNS21oH+MJZQ=="): Text ****** has been set on object 'Object Repository/halaman admin/input_ADMIN_password'

2023-09-29 15:08:59 - [MESSAGE][PASSED] - Text ****** has been set on object 'Object Repository/halaman admin/input_ADMIN_password'

2023-09-29 15:08:59 - [TEST_STEP][PASSED] - delay(10): Delayed 10 second(s)

2023-09-29 15:09:09 - [MESSAGE][PASSED] - Delayed 10 second(s)

2023-09-29 15:09:09 - [TEST_STEP][PASSED] - click(findTestObject("halaman admin/input_login admin")): Object: 'Object Repository/halaman admin/input_login admin' is clicked on

2023-09-29 15:09:11 - [MESSAGE][PASSED] - Object: 'Object Repository/halaman admin/input_login admin' is clicked on

2023-09-29 15:09:11 - [TEST_STEP][PASSED] - verifyElementPresent(findTestObject("halaman admin/VERIFIKASI MASUK DASHBORD ADMIN"), 0): Object 'Object Repository/halaman admin/VERIFIKASI MASUK DASHBORD ADMIN' is present

2023-09-29 15:09:11 - [MESSAGE][WARNING] - Timeout '0' is invalid. Using default page load timeout: '30'

2023-09-29 15:09:17 - [MESSAGE][PASSED] - Object 'Object Repository/halaman admin/VERIFIKASI MASUK DASHBORD ADMIN' is present

2023-09-29 15:09:17 - [TEST_STEP][PASSED] - click(findTestObject("halaman admin/a_Transaksi Market")): Object: 'Object Repository/halaman admin/a_Transaksi Market' is clicked on

2023-09-29 15:09:18 - [MESSAGE][PASSED] - Object: 'Object Repository/halaman admin/a_Transaksi Market' is clicked on

2023-09-29 15:09:18 - [TEST_STEP][PASSED] - click(findTestObject("halaman admin/a_Penjualan ke Konsumen")): Object: 'Object Repository/halaman admin/a_Penjualan ke Konsumen' is clicked on

2023-09-29 15:09:20 - [MESSAGE][PASSED] - Object: 'Object Repository/halaman admin/a_Penjualan ke Konsumen' is clicked on

2023-09-29 15:09:20 - [TEST_STEP][PASSED] - verifyElementPresent(findTestObject("halaman admin/VERIFIKASI MASUK KE penjual ke konsumen"), 0): Object 'Object Repository/halaman admin/VERIFIKASI MASUK KE penjual ke konsumen' is present

2023-09-29 15:09:20 - [MESSAGE][WARNING] - Timeout '0' is invalid. Using default page load timeout: '30'

2023-09-29 15:09:26 - [MESSAGE][PASSED] - Object 'Object Repository/halaman admin/VERIFIKASI MASUK KE penjual ke konsumen' is present

2023-09-29 15:09:26 - [TEST_STEP][PASSED] - click(findTestObject("halaman admin/search di penjual ke konsumen")): Object: 'Object Repository/halaman admin/search di penjual ke konsumen' is clicked on

2023-09-29 15:09:27 - [MESSAGE][PASSED] - Object: 'Object Repository/halaman admin/search di penjual ke konsumen' is clicked on

2023-09-29 15:09:27 - [TEST_STEP][PASSED] - setText(findTestObject("halaman admin/search di penjual ke konsumen"), noInvoice): Text 'TRX91.20230929150848' is set on object 'Object Repository/halaman admin/search di penjual ke konsumen'

2023-09-29 15:09:28 - [MESSAGE][PASSED] - Text 'TRX91.20230929150848' is set on object 'Object Repository/halaman admin/search di penjual ke konsumen'

2023-09-29 15:09:28 - [TEST_STEP][PASSED] - status = getText(findTestObject("Object Repository/halaman admin/td_Pending")): Text of object 'Object Repository/halaman admin/td_Pending' is: 'Pending'

2023-09-29 15:09:28 - [MESSAGE][PASSED] - Text of object 'Object Repository/halaman admin/td_Pending' is: 'Pending'

2023-09-29 15:09:28 - [TEST_STEP][PASSED] - println(status): null

2023-09-29 15:09:28 - [TEST_STEP][PASSED] - totalOng = getText(findTestObject("Object Repository/halaman admin/td_Rp 15,246 (1 Produk)")): Text of object 'Object Repository/halaman admin/td_Rp 15,246 (1 Produk)' is: 'Rp 15,246 (1 Produk)'

2023-09-29 15:09:29 - [MESSAGE][PASSED] - Text of object 'Object Repository/halaman admin/td_Rp 15,246 (1 Produk)' is: 'Rp 15,246 (1 Produk)'

2023-09-29 15:09:29 - [TEST_STEP][PASSED] - println(totalOng): null

2023-09-29 15:09:29 - [TEST_STEP][PASSED] - harga = totalOng.substring(3, 9): null

2023-09-29 15:09:29 - [TEST_STEP][PASSED] - println(harga): null

2023-09-29 15:09:29 - [TEST_STEP][PASSED] - assert status == "Pending": null]]></system-out>
         <system-err><![CDATA[]]></system-err>
      </testcase>
      <testcase name="Test Cases/T08 - Konfirmasi Pesanan/TC-AK-002" time="69.883" classname="Test Cases/T08 - Konfirmasi Pesanan/TC-AK-002" status="PASSED">
         <system-out><![CDATA[2023-09-29 15:09:29 - [TEST_CASE][PASSED] - Test Cases/T08 - Konfirmasi Pesanan/TC-AK-002: Test Cases/T08 - Konfirmasi Pesanan/TC-AK-002

2023-09-29 15:09:30 - [TEST_STEP][PASSED] - data = callTestCase(findTestCase("T08 - Konfirmasi Pesanan/TC-KS-001"), [:], STOP_ON_FAILURE): Call Test Case 'Test Cases/T08 - Konfirmasi Pesanan/TC-KS-001' successfully

2023-09-29 15:09:30 - [TEST_CASE][PASSED] - Test Cases/T08 - Konfirmasi Pesanan/TC-KS-001: Test Cases/T08 - Konfirmasi Pesanan/TC-KS-001

2023-09-29 15:09:30 - [TEST_STEP][PASSED] - data = callTestCase(findTestCase("T08 - Konfirmasi Pesanan/TC-OS-001"), ["Roda":"2", "MetodePembayaran":"transfer"], STOP_ON_FAILURE): Call Test Case 'Test Cases/T08 - Konfirmasi Pesanan/TC-OS-001' successfully

2023-09-29 15:09:30 - [TEST_CASE][PASSED] - Test Cases/T08 - Konfirmasi Pesanan/TC-OS-001: Test Cases/T08 - Konfirmasi Pesanan/TC-OS-001

2023-09-29 15:09:30 - [TEST_STEP][PASSED] - callTestCase(findTestCase("T08 - Konfirmasi Pesanan/TC-LS-001"), [:], STOP_ON_FAILURE): Call Test Case 'Test Cases/T08 - Konfirmasi Pesanan/TC-LS-001' successfully

2023-09-29 15:09:30 - [TEST_CASE][PASSED] - Test Cases/T08 - Konfirmasi Pesanan/TC-LS-001: Test Cases/T08 - Konfirmasi Pesanan/TC-LS-001

2023-09-29 15:09:30 - [TEST_STEP][PASSED] - openBrowser(urlWeb): Browser is opened with url: 'https://10.9.2.63/ecommerce/'

2023-09-29 15:09:30 - [MESSAGE][WARNING] - A browser is already opened. Closing browser and opening a new one

2023-09-29 15:09:32 - [MESSAGE][INFO] - Starting 'Firefox' driver

2023-09-29 15:09:32 - [MESSAGE][INFO] - Action delay is set to 0 milliseconds

2023-09-29 15:09:37 - [MESSAGE][PASSED] - Browser is opened with url: 'https://10.9.2.63/ecommerce/'

2023-09-29 15:09:37 - [TEST_STEP][PASSED] - maximizeWindow(): Current window maximized

2023-09-29 15:09:37 - [MESSAGE][PASSED] - Current window maximized

2023-09-29 15:09:37 - [TEST_STEP][PASSED] - click(findTestObject("Login/a_Login")): Object: 'Object Repository/Login/a_Login' is clicked on

2023-09-29 15:09:37 - [MESSAGE][PASSED] - Object: 'Object Repository/Login/a_Login' is clicked on

2023-09-29 15:09:37 - [TEST_STEP][PASSED] - setText(findTestObject("Login/input_Username, Email atau No. Handphone_a"), "runa36"): Text 'runa36' is set on object 'Object Repository/Login/input_Username, Email atau No. Handphone_a'

2023-09-29 15:09:38 - [MESSAGE][PASSED] - Text 'runa36' is set on object 'Object Repository/Login/input_Username, Email atau No. Handphone_a'

2023-09-29 15:09:38 - [TEST_STEP][PASSED] - setEncryptedText(findTestObject("Login/input_Password di Login(Masuk)"), "qbkrdMwyWE4="): Text ****** has been set on object 'Object Repository/Login/input_Password di Login(Masuk)'

2023-09-29 15:09:39 - [MESSAGE][PASSED] - Text ****** has been set on object 'Object Repository/Login/input_Password di Login(Masuk)'

2023-09-29 15:09:39 - [TEST_STEP][PASSED] - click(findTestObject("Login/button_Masuk di halaman login")): Object: 'Object Repository/Login/button_Masuk di halaman login' is clicked on

2023-09-29 15:09:40 - [MESSAGE][PASSED] - Object: 'Object Repository/Login/button_Masuk di halaman login' is clicked on

2023-09-29 15:09:40 - [TEST_STEP][PASSED] - verifyElementPresent(findTestObject("Pendaftaran/verifikasi MASUK di halaman Login"), 0): Object 'Object Repository/Pendaftaran/verifikasi MASUK di halaman Login' is present

2023-09-29 15:09:40 - [MESSAGE][WARNING] - Timeout '0' is invalid. Using default page load timeout: '30'

2023-09-29 15:09:40 - [MESSAGE][PASSED] - Object 'Object Repository/Pendaftaran/verifikasi MASUK di halaman Login' is present

2023-09-29 15:09:40 - [MESSAGE][PASSED] - Call Test Case 'Test Cases/T08 - Konfirmasi Pesanan/TC-LS-001' successfully

2023-09-29 15:09:40 - [TEST_STEP][PASSED] - setText(findTestObject("chekout/input aku mau belanja"), "acer"): Text 'acer' is set on object 'Object Repository/chekout/input aku mau belanja'

2023-09-29 15:09:41 - [MESSAGE][PASSED] - Text 'acer' is set on object 'Object Repository/chekout/input aku mau belanja'

2023-09-29 15:09:41 - [TEST_STEP][PASSED] - click(findTestObject("chekout/button_Cari di halaman tajalapak")): Object: 'Object Repository/chekout/button_Cari di halaman tajalapak' is clicked on

2023-09-29 15:09:42 - [MESSAGE][PASSED] - Object: 'Object Repository/chekout/button_Cari di halaman tajalapak' is clicked on

2023-09-29 15:09:42 - [TEST_STEP][PASSED] - click(findTestObject("chekout/NEW read more acer")): Object: 'Object Repository/chekout/NEW read more acer' is clicked on

2023-09-29 15:09:43 - [MESSAGE][PASSED] - Object: 'Object Repository/chekout/NEW read more acer' is clicked on

2023-09-29 15:09:43 - [TEST_STEP][PASSED] - click(findTestObject("chekout/button_Beli Sekarang di detail produk")): Object: 'Object Repository/chekout/button_Beli Sekarang di detail produk' is clicked on

2023-09-29 15:09:44 - [MESSAGE][PASSED] - Object: 'Object Repository/chekout/button_Beli Sekarang di detail produk' is clicked on

2023-09-29 15:09:44 - [TEST_STEP][PASSED] - verifyElementPresent(findTestObject("chekout/halaman keranjang belanja"), 0): Object 'Object Repository/chekout/halaman keranjang belanja' is present

2023-09-29 15:09:44 - [MESSAGE][WARNING] - Timeout '0' is invalid. Using default page load timeout: '30'

2023-09-29 15:09:45 - [MESSAGE][PASSED] - Object 'Object Repository/chekout/halaman keranjang belanja' is present

2023-09-29 15:09:45 - [TEST_STEP][PASSED] - click(findTestObject("chekout/button_Lanjut ke Pembayaran")): Object: 'Object Repository/chekout/button_Lanjut ke Pembayaran' is clicked on

2023-09-29 15:09:46 - [MESSAGE][PASSED] - Object: 'Object Repository/chekout/button_Lanjut ke Pembayaran' is clicked on

2023-09-29 15:09:46 - [TEST_STEP][PASSED] - selectOptionByValue(findTestObject("Object Repository/chekout/select_- Kirim via Kurir Lokal -Roda 2Roda 4"), Roda, false): All options with value '2' are selected in object 'Object Repository/chekout/select_- Kirim via Kurir Lokal -Roda 2Roda 4' 

2023-09-29 15:09:47 - [MESSAGE][PASSED] - All options with value '2' are selected in object 'Object Repository/chekout/select_- Kirim via Kurir Lokal -Roda 2Roda 4' 

2023-09-29 15:09:47 - [TEST_STEP][PASSED] - click(findTestObject("chekout/jenis kendaraan")): Object: 'Object Repository/chekout/jenis kendaraan' is clicked on

2023-09-29 15:09:48 - [MESSAGE][PASSED] - Object: 'Object Repository/chekout/jenis kendaraan' is clicked on

2023-09-29 15:09:48 - [TEST_STEP][PASSED] - if (toString().equalsIgnoreCase("transfer")): Object 'Object Repository/chekout/input metode tf bank' is checked

2023-09-29 15:09:48 - [TEST_STEP][PASSED] - check(findTestObject("chekout/input metode tf bank")): Object 'Object Repository/chekout/input metode tf bank' is checked

2023-09-29 15:09:48 - [MESSAGE][PASSED] - Object 'Object Repository/chekout/input metode tf bank' is checked

2023-09-29 15:09:48 - [TEST_STEP][PASSED] - click(findTestObject("chekout/button_Proses Pembayaran")): Object: 'Object Repository/chekout/button_Proses Pembayaran' is clicked on

2023-09-29 15:09:54 - [MESSAGE][PASSED] - Object: 'Object Repository/chekout/button_Proses Pembayaran' is clicked on

2023-09-29 15:09:54 - [TEST_STEP][PASSED] - noPesanan = getText(findTestObject("Object Repository/chekout/nomor invoice dari halaman menunggu pembayaran")): Text of object 'Object Repository/chekout/nomor invoice dari halaman menunggu pembayaran' is: 'TRX91.20230929150949'

2023-09-29 15:09:54 - [MESSAGE][PASSED] - Text of object 'Object Repository/chekout/nomor invoice dari halaman menunggu pembayaran' is: 'TRX91.20230929150949'

2023-09-29 15:09:54 - [TEST_STEP][PASSED] - println(noPesanan): null

2023-09-29 15:09:54 - [TEST_STEP][PASSED] - pengirim = getText(findTestObject("Object Repository/chekout/dikirim kepada sama dengan pengirim di tf di konfirmaasi bayar")): Text of object 'Object Repository/chekout/dikirim kepada sama dengan pengirim di tf di konfirmaasi bayar' is: 'runarun'

2023-09-29 15:09:55 - [MESSAGE][PASSED] - Text of object 'Object Repository/chekout/dikirim kepada sama dengan pengirim di tf di konfirmaasi bayar' is: 'runarun'

2023-09-29 15:09:55 - [TEST_STEP][PASSED] - totalharga = getText(findTestObject("Object Repository/chekout/total harga bayar")): Text of object 'Object Repository/chekout/total harga bayar' is: '17,695'

2023-09-29 15:09:55 - [MESSAGE][PASSED] - Text of object 'Object Repository/chekout/total harga bayar' is: '17,695'

2023-09-29 15:09:55 - [TEST_STEP][PASSED] - ongkir = getText(findTestObject("co saldo akun/new ongkir tf")): Text of object 'Object Repository/co saldo akun/new ongkir tf' is: 'Rp 13,000'

2023-09-29 15:09:55 - [MESSAGE][PASSED] - Text of object 'Object Repository/co saldo akun/new ongkir tf' is: 'Rp 13,000'

2023-09-29 15:09:55 - [TEST_STEP][PASSED] - ongkirr = replace(",", "").trim(): null

2023-09-29 15:09:55 - [TEST_STEP][PASSED] - ongkir1 = Integer.parseInt(ongkirr): null

2023-09-29 15:09:55 - [TEST_STEP][PASSED] - println(ongkir1): null

2023-09-29 15:09:55 - [TEST_STEP][PASSED] - biayaAdmin = getText(findTestObject("co saldo akun/new fee admin tf")): Text of object 'Object Repository/co saldo akun/new fee admin tf' is: 'Rp 1,500'

2023-09-29 15:09:56 - [MESSAGE][PASSED] - Text of object 'Object Repository/co saldo akun/new fee admin tf' is: 'Rp 1,500'

2023-09-29 15:09:56 - [TEST_STEP][PASSED] - bAdmin = replace(",", "").trim(): null

2023-09-29 15:09:56 - [TEST_STEP][PASSED] - Integer.parseInt(bAdmin): null

2023-09-29 15:09:56 - [TEST_STEP][PASSED] - Admin = Double.parseDouble(bAdmin): null

2023-09-29 15:09:56 - [TEST_STEP][PASSED] - println(Admin): null

2023-09-29 15:09:56 - [TEST_STEP][PASSED] - subtotal = getText(findTestObject("co saldo akun/new subtotal tf")): Text of object 'Object Repository/co saldo akun/new subtotal tf' is: 'Rp 2,246'

2023-09-29 15:09:56 - [MESSAGE][PASSED] - Text of object 'Object Repository/co saldo akun/new subtotal tf' is: 'Rp 2,246'

2023-09-29 15:09:56 - [TEST_STEP][PASSED] - subtotall = replace(",", "").trim(): null

2023-09-29 15:09:56 - [TEST_STEP][PASSED] - Integer.parseInt(subtotall): null

2023-09-29 15:09:56 - [TEST_STEP][PASSED] - sub = Double.parseDouble(subtotall): null

2023-09-29 15:09:56 - [TEST_STEP][PASSED] - println(sub): null

2023-09-29 15:09:56 - [TEST_STEP][PASSED] - kode = getText(findTestObject("co saldo akun/new kode unik tf")): Text of object 'Object Repository/co saldo akun/new kode unik tf' is: '+949'

2023-09-29 15:09:57 - [MESSAGE][PASSED] - Text of object 'Object Repository/co saldo akun/new kode unik tf' is: '+949'

2023-09-29 15:09:57 - [TEST_STEP][PASSED] - kodee = replace("+", "").trim(): null

2023-09-29 15:09:57 - [TEST_STEP][PASSED] - Integer.parseInt(kodee): null

2023-09-29 15:09:57 - [TEST_STEP][PASSED] - code = Double.parseDouble(kodee): null

2023-09-29 15:09:57 - [TEST_STEP][PASSED] - tOng = ongkir1 + sub: null

2023-09-29 15:09:57 - [TEST_STEP][PASSED] - println(tOng): null

2023-09-29 15:09:57 - [TEST_STEP][PASSED] - totalBayar = tOng + Admin + code: null

2023-09-29 15:09:57 - [TEST_STEP][PASSED] - println(totalBayar): null

2023-09-29 15:09:57 - [TEST_STEP][PASSED] - totalBayar1 = totalBayar: null

2023-09-29 15:09:57 - [TEST_STEP][PASSED] - println(totalBayar1): null

2023-09-29 15:09:57 - [TEST_STEP][PASSED] - total = getText(findTestObject("co saldo akun/new total harga tf")): Text of object 'Object Repository/co saldo akun/new total harga tf' is: '17,695'

2023-09-29 15:09:58 - [MESSAGE][PASSED] - Text of object 'Object Repository/co saldo akun/new total harga tf' is: '17,695'

2023-09-29 15:09:58 - [TEST_STEP][PASSED] - total1 = replace(",", "").trim(): null

2023-09-29 15:09:58 - [TEST_STEP][PASSED] - total2 = Integer.parseInt(total1): null

2023-09-29 15:09:58 - [TEST_STEP][PASSED] - println(total2): null

2023-09-29 15:09:58 - [TEST_STEP][PASSED] - assert totalBayar1 == total2: null

2023-09-29 15:09:58 - [TEST_STEP][PASSED] - data = new java.util.HashMap(): null

2023-09-29 15:09:58 - [TEST_STEP][PASSED] - data.put("invoice", noPesanan): null

2023-09-29 15:09:58 - [TEST_STEP][PASSED] - data.put("namaPengirim", pengirim): null

2023-09-29 15:09:58 - [TEST_STEP][PASSED] - data.put("totalBayar", totalharga): null

2023-09-29 15:09:58 - [TEST_STEP][PASSED] - data.put("totalOngkir", tOng): null

2023-09-29 15:09:58 - [TEST_STEP][PASSED] - return data: null

2023-09-29 15:09:58 - [MESSAGE][PASSED] - Call Test Case 'Test Cases/T08 - Konfirmasi Pesanan/TC-OS-001' successfully

2023-09-29 15:09:58 - [TEST_STEP][PASSED] - noInvoice = data.get("invoice"): null

2023-09-29 15:09:58 - [TEST_STEP][PASSED] - nmPengirim = data.get("namaPengirim"): null

2023-09-29 15:09:58 - [TEST_STEP][PASSED] - ttlBayar = data.get("totalBayar"): null

2023-09-29 15:09:58 - [TEST_STEP][PASSED] - click(findTestObject("konfirmasi pesanan/a_Akun 0")): Object: 'Object Repository/konfirmasi pesanan/a_Akun 0' is clicked on

2023-09-29 15:09:58 - [MESSAGE][PASSED] - Object: 'Object Repository/konfirmasi pesanan/a_Akun 0' is clicked on

2023-09-29 15:09:58 - [TEST_STEP][PASSED] - click(findTestObject("konfirmasi pesanan/a_Profile")): Object: 'Object Repository/konfirmasi pesanan/a_Profile' is clicked on

2023-09-29 15:09:59 - [MESSAGE][PASSED] - Object: 'Object Repository/konfirmasi pesanan/a_Profile' is clicked on

2023-09-29 15:09:59 - [TEST_STEP][PASSED] - click(findTestObject("konfirmasi pesanan/a_Pembelian")): Object: 'Object Repository/konfirmasi pesanan/a_Pembelian' is clicked on

2023-09-29 15:10:00 - [MESSAGE][PASSED] - Object: 'Object Repository/konfirmasi pesanan/a_Pembelian' is clicked on

2023-09-29 15:10:00 - [TEST_STEP][PASSED] - click(findTestObject("konfirmasi pesanan/new konfirmasi bayar")): Object: 'Object Repository/konfirmasi pesanan/new konfirmasi bayar' is clicked on

2023-09-29 15:10:01 - [MESSAGE][PASSED] - Object: 'Object Repository/konfirmasi pesanan/new konfirmasi bayar' is clicked on

2023-09-29 15:10:01 - [TEST_STEP][PASSED] - verifyElementPresent(findTestObject("konfirmasi pesanan/verifikasi user masuk halaman konfirmasi bayar dari akun profil"), 0): Object 'Object Repository/konfirmasi pesanan/verifikasi user masuk halaman konfirmasi bayar dari akun profil' is present

2023-09-29 15:10:01 - [MESSAGE][WARNING] - Timeout '0' is invalid. Using default page load timeout: '30'

2023-09-29 15:10:01 - [MESSAGE][PASSED] - Object 'Object Repository/konfirmasi pesanan/verifikasi user masuk halaman konfirmasi bayar dari akun profil' is present

2023-09-29 15:10:01 - [TEST_STEP][PASSED] - uploadFile(findTestObject("konfirmasi pesanan/input_Upload Bukti Transfer_f"), "F:\bootcamp\Miniproject\transfer.jpg"): File 'F:\bootcamp\Miniproject\transfer.jpg' sent to object: 'Object Repository/konfirmasi pesanan/input_Upload Bukti Transfer_f'

2023-09-29 15:10:03 - [MESSAGE][PASSED] - File 'F:\bootcamp\Miniproject\transfer.jpg' sent to object: 'Object Repository/konfirmasi pesanan/input_Upload Bukti Transfer_f'

2023-09-29 15:10:03 - [TEST_STEP][PASSED] - totalBayar = getAttribute(findTestObject("Object Repository/konfirmasi pesanan/input_Total TagihanTransfer_b"), "value"): Attribute 'value' of object 'Object Repository/konfirmasi pesanan/input_Total TagihanTransfer_b' is: '17,695'

2023-09-29 15:10:03 - [MESSAGE][PASSED] - Attribute 'value' of object 'Object Repository/konfirmasi pesanan/input_Total TagihanTransfer_b' is: '17,695'

2023-09-29 15:10:03 - [TEST_STEP][PASSED] - selectOptionByValue(findTestObject("konfirmasi pesanan/select dropdown trasfer"), transfe, false): All options with value '2' are selected in object 'Object Repository/konfirmasi pesanan/select dropdown trasfer' 

2023-09-29 15:10:04 - [MESSAGE][PASSED] - All options with value '2' are selected in object 'Object Repository/konfirmasi pesanan/select dropdown trasfer' 

2023-09-29 15:10:04 - [TEST_STEP][PASSED] - naamaPengirim = getAttribute(findTestObject("Object Repository/konfirmasi pesanan/input_Nama Pengirim_d"), "value"): Attribute 'value' of object 'Object Repository/konfirmasi pesanan/input_Nama Pengirim_d' is: 'runarun'

2023-09-29 15:10:05 - [MESSAGE][PASSED] - Attribute 'value' of object 'Object Repository/konfirmasi pesanan/input_Nama Pengirim_d' is: 'runarun'

2023-09-29 15:10:05 - [TEST_STEP][PASSED] - println(naamaPengirim): null

2023-09-29 15:10:05 - [TEST_STEP][PASSED] - tanggal = getAttribute(findTestObject("Object Repository/konfirmasi pesanan/input_Tanggal Transfer_e"), "value"): Attribute 'value' of object 'Object Repository/konfirmasi pesanan/input_Tanggal Transfer_e' is: '2023-09-29'

2023-09-29 15:10:05 - [MESSAGE][PASSED] - Attribute 'value' of object 'Object Repository/konfirmasi pesanan/input_Tanggal Transfer_e' is: '2023-09-29'

2023-09-29 15:10:05 - [TEST_STEP][PASSED] - println(tanggal): null

2023-09-29 15:10:05 - [TEST_STEP][PASSED] - select = new org.openqa.selenium.support.ui.Select(com.kms.katalon.core.webui.driver.DriverFactory.getWebDriver().findElement(org.openqa.selenium.By.xpath(//select[@name="c"]))): null

2023-09-29 15:10:05 - [TEST_STEP][PASSED] - transfer = getFirstSelectedOption().getText(): null

2023-09-29 15:10:05 - [TEST_STEP][PASSED] - trans = transfer.split("-"): null

2023-09-29 15:10:05 - [TEST_STEP][PASSED] - transf = "": null

2023-09-29 15:10:05 - [TEST_STEP][PASSED] - for ([i = 0, i < length, (i++)]): null

2023-09-29 15:10:05 - [TEST_STEP][PASSED] - tf = trans[0].trim(): null

2023-09-29 15:10:05 - [TEST_STEP][PASSED] - transf = tf: null

2023-09-29 15:10:05 - [TEST_STEP][PASSED] - tf = trans[0].trim(): null

2023-09-29 15:10:05 - [TEST_STEP][PASSED] - transf = tf: null

2023-09-29 15:10:05 - [TEST_STEP][PASSED] - println(transf): null

2023-09-29 15:10:05 - [TEST_STEP][PASSED] - assert trim().equalsIgnoreCase(ttlBayar.trim()): null

2023-09-29 15:10:05 - [TEST_STEP][PASSED] - assert trim().equalsIgnoreCase(nmPengirim.trim()): null

2023-09-29 15:10:05 - [TEST_STEP][PASSED] - click(findTestObject("konfirmasi pesanan/button_Konfirmasi Pembayaran")): Object: 'Object Repository/konfirmasi pesanan/button_Konfirmasi Pembayaran' is clicked on

2023-09-29 15:10:06 - [MESSAGE][PASSED] - Object: 'Object Repository/konfirmasi pesanan/button_Konfirmasi Pembayaran' is clicked on

2023-09-29 15:10:06 - [TEST_STEP][PASSED] - verifyElementText(findTestObject("konfirmasi pesanan/verifikasi sukses melakukan pembayaran pesanan"), "Sukses Melakukan Konfirmasi Pembayaran Pesanan!"): Actual text and expected text of test object 'Object Repository/konfirmasi pesanan/verifikasi sukses melakukan pembayaran pesanan' are matched.

2023-09-29 15:10:07 - [MESSAGE][PASSED] - Actual text and expected text of test object 'Object Repository/konfirmasi pesanan/verifikasi sukses melakukan pembayaran pesanan' are matched.

2023-09-29 15:10:07 - [TEST_STEP][PASSED] - data.put("namaHasilInput", naamaPengirim): null

2023-09-29 15:10:07 - [TEST_STEP][PASSED] - data.put("date", tanggal): null

2023-09-29 15:10:07 - [TEST_STEP][PASSED] - data.put("noRekening", transf): null

2023-09-29 15:10:07 - [TEST_STEP][PASSED] - data.put("inputJmlTf", totalBayar): null

2023-09-29 15:10:07 - [TEST_STEP][PASSED] - return data: null

2023-09-29 15:10:07 - [MESSAGE][PASSED] - Call Test Case 'Test Cases/T08 - Konfirmasi Pesanan/TC-KS-001' successfully

2023-09-29 15:10:07 - [TEST_STEP][PASSED] - noInvoice = data.get("invoice"): null

2023-09-29 15:10:07 - [TEST_STEP][PASSED] - nmPengirim = data.get("namaPengirim"): null

2023-09-29 15:10:07 - [TEST_STEP][PASSED] - ttlBayar = data.get("totalBayar"): null

2023-09-29 15:10:07 - [TEST_STEP][PASSED] - ttlOngkir = data.get("totalOngkir"): null

2023-09-29 15:10:07 - [TEST_STEP][PASSED] - navigateToUrl("https://10.9.2.63/ecommerce/administrator/"): Navigate to 'https://10.9.2.63/ecommerce/administrator/' successfully

2023-09-29 15:10:07 - [MESSAGE][PASSED] - Navigate to 'https://10.9.2.63/ecommerce/administrator/' successfully

2023-09-29 15:10:07 - [TEST_STEP][PASSED] - setText(findTestObject("halaman admin/input_ADMIN_a"), "admin"): Text 'admin' is set on object 'Object Repository/halaman admin/input_ADMIN_a'

2023-09-29 15:10:08 - [MESSAGE][PASSED] - Text 'admin' is set on object 'Object Repository/halaman admin/input_ADMIN_a'

2023-09-29 15:10:08 - [TEST_STEP][PASSED] - setEncryptedText(findTestObject("halaman admin/input_ADMIN_password"), "374mkdZ/lqyNS21oH+MJZQ=="): Text ****** has been set on object 'Object Repository/halaman admin/input_ADMIN_password'

2023-09-29 15:10:09 - [MESSAGE][PASSED] - Text ****** has been set on object 'Object Repository/halaman admin/input_ADMIN_password'

2023-09-29 15:10:09 - [TEST_STEP][PASSED] - delay(10): Delayed 10 second(s)

2023-09-29 15:10:19 - [MESSAGE][PASSED] - Delayed 10 second(s)

2023-09-29 15:10:19 - [TEST_STEP][PASSED] - click(findTestObject("halaman admin/input_login admin")): Object: 'Object Repository/halaman admin/input_login admin' is clicked on

2023-09-29 15:10:20 - [MESSAGE][PASSED] - Object: 'Object Repository/halaman admin/input_login admin' is clicked on

2023-09-29 15:10:20 - [TEST_STEP][PASSED] - verifyElementPresent(findTestObject("halaman admin/VERIFIKASI MASUK DASHBORD ADMIN"), 0): Object 'Object Repository/halaman admin/VERIFIKASI MASUK DASHBORD ADMIN' is present

2023-09-29 15:10:20 - [MESSAGE][WARNING] - Timeout '0' is invalid. Using default page load timeout: '30'

2023-09-29 15:10:24 - [MESSAGE][PASSED] - Object 'Object Repository/halaman admin/VERIFIKASI MASUK DASHBORD ADMIN' is present

2023-09-29 15:10:24 - [TEST_STEP][PASSED] - click(findTestObject("halaman admin/a_Transaksi Market")): Object: 'Object Repository/halaman admin/a_Transaksi Market' is clicked on

2023-09-29 15:10:25 - [MESSAGE][PASSED] - Object: 'Object Repository/halaman admin/a_Transaksi Market' is clicked on

2023-09-29 15:10:25 - [TEST_STEP][PASSED] - click(findTestObject("halaman admin/a_Penjualan ke Konsumen")): Object: 'Object Repository/halaman admin/a_Penjualan ke Konsumen' is clicked on

2023-09-29 15:10:27 - [MESSAGE][PASSED] - Object: 'Object Repository/halaman admin/a_Penjualan ke Konsumen' is clicked on

2023-09-29 15:10:27 - [TEST_STEP][PASSED] - verifyElementPresent(findTestObject("halaman admin/VERIFIKASI MASUK KE penjual ke konsumen"), 0): Object 'Object Repository/halaman admin/VERIFIKASI MASUK KE penjual ke konsumen' is present

2023-09-29 15:10:27 - [MESSAGE][WARNING] - Timeout '0' is invalid. Using default page load timeout: '30'

2023-09-29 15:10:35 - [MESSAGE][PASSED] - Object 'Object Repository/halaman admin/VERIFIKASI MASUK KE penjual ke konsumen' is present

2023-09-29 15:10:35 - [TEST_STEP][PASSED] - click(findTestObject("halaman admin/search di penjual ke konsumen")): Object: 'Object Repository/halaman admin/search di penjual ke konsumen' is clicked on

2023-09-29 15:10:36 - [MESSAGE][PASSED] - Object: 'Object Repository/halaman admin/search di penjual ke konsumen' is clicked on

2023-09-29 15:10:36 - [TEST_STEP][PASSED] - setText(findTestObject("halaman admin/search di penjual ke konsumen"), noInvoice): Text 'TRX91.20230929150949' is set on object 'Object Repository/halaman admin/search di penjual ke konsumen'

2023-09-29 15:10:37 - [MESSAGE][PASSED] - Text 'TRX91.20230929150949' is set on object 'Object Repository/halaman admin/search di penjual ke konsumen'

2023-09-29 15:10:37 - [TEST_STEP][PASSED] - status = getText(findTestObject("Object Repository/halaman admin/td_Pending")): Text of object 'Object Repository/halaman admin/td_Pending' is: 'Konfirmasi'

2023-09-29 15:10:38 - [MESSAGE][PASSED] - Text of object 'Object Repository/halaman admin/td_Pending' is: 'Konfirmasi'

2023-09-29 15:10:38 - [TEST_STEP][PASSED] - println(status): null

2023-09-29 15:10:38 - [TEST_STEP][PASSED] - totalOng = getText(findTestObject("Object Repository/halaman admin/td_Rp 15,246 (1 Produk)")): Text of object 'Object Repository/halaman admin/td_Rp 15,246 (1 Produk)' is: 'Rp 15,246 (1 Produk)
Pending Payment'

2023-09-29 15:10:38 - [MESSAGE][PASSED] - Text of object 'Object Repository/halaman admin/td_Rp 15,246 (1 Produk)' is: 'Rp 15,246 (1 Produk)
Pending Payment'

2023-09-29 15:10:38 - [TEST_STEP][PASSED] - println(totalOng): null

2023-09-29 15:10:38 - [TEST_STEP][PASSED] - harga = trim().replace(",", ""): null

2023-09-29 15:10:38 - [TEST_STEP][PASSED] - Hargaa = Integer.parseInt(harga): null

2023-09-29 15:10:38 - [TEST_STEP][PASSED] - println(Hargaa): null

2023-09-29 15:10:38 - [TEST_STEP][PASSED] - konsumen = getText(findTestObject("Object Repository/halaman admin/KONSUMEN DI PENJUAL KE KONSUMEN")): Text of object 'Object Repository/halaman admin/KONSUMEN DI PENJUAL KE KONSUMEN' is: 'runarun'

2023-09-29 15:10:39 - [MESSAGE][PASSED] - Text of object 'Object Repository/halaman admin/KONSUMEN DI PENJUAL KE KONSUMEN' is: 'runarun'

2023-09-29 15:10:39 - [TEST_STEP][PASSED] - println(konsumen): null

2023-09-29 15:10:39 - [TEST_STEP][PASSED] - assert status == "Konfirmasi": null

2023-09-29 15:10:39 - [TEST_STEP][PASSED] - assert ttlOngkir == Hargaa: null

2023-09-29 15:10:39 - [TEST_STEP][PASSED] - assert konsumen == nmPengirim: null]]></system-out>
         <system-err><![CDATA[]]></system-err>
      </testcase>
      <testcase name="Test Cases/T08 - Konfirmasi Pesanan/TC-AK-003" time="58.714" classname="Test Cases/T08 - Konfirmasi Pesanan/TC-AK-003" status="PASSED">
         <system-out><![CDATA[2023-09-29 15:10:39 - [TEST_CASE][PASSED] - Test Cases/T08 - Konfirmasi Pesanan/TC-AK-003: Test Cases/T08 - Konfirmasi Pesanan/TC-AK-003

2023-09-29 15:10:39 - [TEST_STEP][PASSED] - data = callTestCase(findTestCase("T08 - Konfirmasi Pesanan/TC-OS-001"), ["Roda":"2", "MetodePembayaran":"transfer"], STOP_ON_FAILURE): Call Test Case 'Test Cases/T08 - Konfirmasi Pesanan/TC-OS-001' successfully

2023-09-29 15:10:39 - [TEST_CASE][PASSED] - Test Cases/T08 - Konfirmasi Pesanan/TC-OS-001: Test Cases/T08 - Konfirmasi Pesanan/TC-OS-001

2023-09-29 15:10:39 - [TEST_STEP][PASSED] - callTestCase(findTestCase("T08 - Konfirmasi Pesanan/TC-LS-001"), [:], STOP_ON_FAILURE): Call Test Case 'Test Cases/T08 - Konfirmasi Pesanan/TC-LS-001' successfully

2023-09-29 15:10:40 - [TEST_CASE][PASSED] - Test Cases/T08 - Konfirmasi Pesanan/TC-LS-001: Test Cases/T08 - Konfirmasi Pesanan/TC-LS-001

2023-09-29 15:10:40 - [TEST_STEP][PASSED] - openBrowser(urlWeb): Browser is opened with url: 'https://10.9.2.63/ecommerce/'

2023-09-29 15:10:40 - [MESSAGE][WARNING] - A browser is already opened. Closing browser and opening a new one

2023-09-29 15:10:41 - [MESSAGE][INFO] - Starting 'Firefox' driver

2023-09-29 15:10:41 - [MESSAGE][INFO] - Action delay is set to 0 milliseconds

2023-09-29 15:10:46 - [MESSAGE][PASSED] - Browser is opened with url: 'https://10.9.2.63/ecommerce/'

2023-09-29 15:10:46 - [TEST_STEP][PASSED] - maximizeWindow(): Current window maximized

2023-09-29 15:10:46 - [MESSAGE][PASSED] - Current window maximized

2023-09-29 15:10:46 - [TEST_STEP][PASSED] - click(findTestObject("Login/a_Login")): Object: 'Object Repository/Login/a_Login' is clicked on

2023-09-29 15:10:47 - [MESSAGE][PASSED] - Object: 'Object Repository/Login/a_Login' is clicked on

2023-09-29 15:10:47 - [TEST_STEP][PASSED] - setText(findTestObject("Login/input_Username, Email atau No. Handphone_a"), "runa36"): Text 'runa36' is set on object 'Object Repository/Login/input_Username, Email atau No. Handphone_a'

2023-09-29 15:10:48 - [MESSAGE][PASSED] - Text 'runa36' is set on object 'Object Repository/Login/input_Username, Email atau No. Handphone_a'

2023-09-29 15:10:48 - [TEST_STEP][PASSED] - setEncryptedText(findTestObject("Login/input_Password di Login(Masuk)"), "qbkrdMwyWE4="): Text ****** has been set on object 'Object Repository/Login/input_Password di Login(Masuk)'

2023-09-29 15:10:48 - [MESSAGE][PASSED] - Text ****** has been set on object 'Object Repository/Login/input_Password di Login(Masuk)'

2023-09-29 15:10:48 - [TEST_STEP][PASSED] - click(findTestObject("Login/button_Masuk di halaman login")): Object: 'Object Repository/Login/button_Masuk di halaman login' is clicked on

2023-09-29 15:10:49 - [MESSAGE][PASSED] - Object: 'Object Repository/Login/button_Masuk di halaman login' is clicked on

2023-09-29 15:10:49 - [TEST_STEP][PASSED] - verifyElementPresent(findTestObject("Pendaftaran/verifikasi MASUK di halaman Login"), 0): Object 'Object Repository/Pendaftaran/verifikasi MASUK di halaman Login' is present

2023-09-29 15:10:49 - [MESSAGE][WARNING] - Timeout '0' is invalid. Using default page load timeout: '30'

2023-09-29 15:10:50 - [MESSAGE][PASSED] - Object 'Object Repository/Pendaftaran/verifikasi MASUK di halaman Login' is present

2023-09-29 15:10:50 - [MESSAGE][PASSED] - Call Test Case 'Test Cases/T08 - Konfirmasi Pesanan/TC-LS-001' successfully

2023-09-29 15:10:50 - [TEST_STEP][PASSED] - setText(findTestObject("chekout/input aku mau belanja"), "acer"): Text 'acer' is set on object 'Object Repository/chekout/input aku mau belanja'

2023-09-29 15:10:50 - [MESSAGE][PASSED] - Text 'acer' is set on object 'Object Repository/chekout/input aku mau belanja'

2023-09-29 15:10:50 - [TEST_STEP][PASSED] - click(findTestObject("chekout/button_Cari di halaman tajalapak")): Object: 'Object Repository/chekout/button_Cari di halaman tajalapak' is clicked on

2023-09-29 15:10:51 - [MESSAGE][PASSED] - Object: 'Object Repository/chekout/button_Cari di halaman tajalapak' is clicked on

2023-09-29 15:10:51 - [TEST_STEP][PASSED] - click(findTestObject("chekout/NEW read more acer")): Object: 'Object Repository/chekout/NEW read more acer' is clicked on

2023-09-29 15:10:52 - [MESSAGE][PASSED] - Object: 'Object Repository/chekout/NEW read more acer' is clicked on

2023-09-29 15:10:52 - [TEST_STEP][PASSED] - click(findTestObject("chekout/button_Beli Sekarang di detail produk")): Object: 'Object Repository/chekout/button_Beli Sekarang di detail produk' is clicked on

2023-09-29 15:10:54 - [MESSAGE][PASSED] - Object: 'Object Repository/chekout/button_Beli Sekarang di detail produk' is clicked on

2023-09-29 15:10:54 - [TEST_STEP][PASSED] - verifyElementPresent(findTestObject("chekout/halaman keranjang belanja"), 0): Object 'Object Repository/chekout/halaman keranjang belanja' is present

2023-09-29 15:10:54 - [MESSAGE][WARNING] - Timeout '0' is invalid. Using default page load timeout: '30'

2023-09-29 15:10:54 - [MESSAGE][PASSED] - Object 'Object Repository/chekout/halaman keranjang belanja' is present

2023-09-29 15:10:54 - [TEST_STEP][PASSED] - click(findTestObject("chekout/button_Lanjut ke Pembayaran")): Object: 'Object Repository/chekout/button_Lanjut ke Pembayaran' is clicked on

2023-09-29 15:10:56 - [MESSAGE][PASSED] - Object: 'Object Repository/chekout/button_Lanjut ke Pembayaran' is clicked on

2023-09-29 15:10:56 - [TEST_STEP][PASSED] - selectOptionByValue(findTestObject("Object Repository/chekout/select_- Kirim via Kurir Lokal -Roda 2Roda 4"), Roda, false): All options with value '2' are selected in object 'Object Repository/chekout/select_- Kirim via Kurir Lokal -Roda 2Roda 4' 

2023-09-29 15:10:57 - [MESSAGE][PASSED] - All options with value '2' are selected in object 'Object Repository/chekout/select_- Kirim via Kurir Lokal -Roda 2Roda 4' 

2023-09-29 15:10:57 - [TEST_STEP][PASSED] - click(findTestObject("chekout/jenis kendaraan")): Object: 'Object Repository/chekout/jenis kendaraan' is clicked on

2023-09-29 15:10:57 - [MESSAGE][PASSED] - Object: 'Object Repository/chekout/jenis kendaraan' is clicked on

2023-09-29 15:10:57 - [TEST_STEP][PASSED] - if (toString().equalsIgnoreCase("transfer")): Object 'Object Repository/chekout/input metode tf bank' is checked

2023-09-29 15:10:57 - [TEST_STEP][PASSED] - check(findTestObject("chekout/input metode tf bank")): Object 'Object Repository/chekout/input metode tf bank' is checked

2023-09-29 15:10:58 - [MESSAGE][PASSED] - Object 'Object Repository/chekout/input metode tf bank' is checked

2023-09-29 15:10:58 - [TEST_STEP][PASSED] - click(findTestObject("chekout/button_Proses Pembayaran")): Object: 'Object Repository/chekout/button_Proses Pembayaran' is clicked on

2023-09-29 15:11:03 - [MESSAGE][PASSED] - Object: 'Object Repository/chekout/button_Proses Pembayaran' is clicked on

2023-09-29 15:11:03 - [TEST_STEP][PASSED] - noPesanan = getText(findTestObject("Object Repository/chekout/nomor invoice dari halaman menunggu pembayaran")): Text of object 'Object Repository/chekout/nomor invoice dari halaman menunggu pembayaran' is: 'TRX91.20230929151058'

2023-09-29 15:11:04 - [MESSAGE][PASSED] - Text of object 'Object Repository/chekout/nomor invoice dari halaman menunggu pembayaran' is: 'TRX91.20230929151058'

2023-09-29 15:11:04 - [TEST_STEP][PASSED] - println(noPesanan): null

2023-09-29 15:11:04 - [TEST_STEP][PASSED] - pengirim = getText(findTestObject("Object Repository/chekout/dikirim kepada sama dengan pengirim di tf di konfirmaasi bayar")): Text of object 'Object Repository/chekout/dikirim kepada sama dengan pengirim di tf di konfirmaasi bayar' is: 'runarun'

2023-09-29 15:11:04 - [MESSAGE][PASSED] - Text of object 'Object Repository/chekout/dikirim kepada sama dengan pengirim di tf di konfirmaasi bayar' is: 'runarun'

2023-09-29 15:11:04 - [TEST_STEP][PASSED] - totalharga = getText(findTestObject("Object Repository/chekout/total harga bayar")): Text of object 'Object Repository/chekout/total harga bayar' is: '16,804'

2023-09-29 15:11:05 - [MESSAGE][PASSED] - Text of object 'Object Repository/chekout/total harga bayar' is: '16,804'

2023-09-29 15:11:05 - [TEST_STEP][PASSED] - ongkir = getText(findTestObject("co saldo akun/new ongkir tf")): Text of object 'Object Repository/co saldo akun/new ongkir tf' is: 'Rp 13,000'

2023-09-29 15:11:05 - [MESSAGE][PASSED] - Text of object 'Object Repository/co saldo akun/new ongkir tf' is: 'Rp 13,000'

2023-09-29 15:11:05 - [TEST_STEP][PASSED] - ongkirr = replace(",", "").trim(): null

2023-09-29 15:11:05 - [TEST_STEP][PASSED] - ongkir1 = Integer.parseInt(ongkirr): null

2023-09-29 15:11:05 - [TEST_STEP][PASSED] - println(ongkir1): null

2023-09-29 15:11:05 - [TEST_STEP][PASSED] - biayaAdmin = getText(findTestObject("co saldo akun/new fee admin tf")): Text of object 'Object Repository/co saldo akun/new fee admin tf' is: 'Rp 1,500'

2023-09-29 15:11:06 - [MESSAGE][PASSED] - Text of object 'Object Repository/co saldo akun/new fee admin tf' is: 'Rp 1,500'

2023-09-29 15:11:06 - [TEST_STEP][PASSED] - bAdmin = replace(",", "").trim(): null

2023-09-29 15:11:06 - [TEST_STEP][PASSED] - Integer.parseInt(bAdmin): null

2023-09-29 15:11:06 - [TEST_STEP][PASSED] - Admin = Double.parseDouble(bAdmin): null

2023-09-29 15:11:06 - [TEST_STEP][PASSED] - println(Admin): null

2023-09-29 15:11:06 - [TEST_STEP][PASSED] - subtotal = getText(findTestObject("co saldo akun/new subtotal tf")): Text of object 'Object Repository/co saldo akun/new subtotal tf' is: 'Rp 2,246'

2023-09-29 15:11:06 - [MESSAGE][PASSED] - Text of object 'Object Repository/co saldo akun/new subtotal tf' is: 'Rp 2,246'

2023-09-29 15:11:06 - [TEST_STEP][PASSED] - subtotall = replace(",", "").trim(): null

2023-09-29 15:11:06 - [TEST_STEP][PASSED] - Integer.parseInt(subtotall): null

2023-09-29 15:11:06 - [TEST_STEP][PASSED] - sub = Double.parseDouble(subtotall): null

2023-09-29 15:11:06 - [TEST_STEP][PASSED] - println(sub): null

2023-09-29 15:11:06 - [TEST_STEP][PASSED] - kode = getText(findTestObject("co saldo akun/new kode unik tf")): Text of object 'Object Repository/co saldo akun/new kode unik tf' is: '+058'

2023-09-29 15:11:07 - [MESSAGE][PASSED] - Text of object 'Object Repository/co saldo akun/new kode unik tf' is: '+058'

2023-09-29 15:11:07 - [TEST_STEP][PASSED] - kodee = replace("+", "").trim(): null

2023-09-29 15:11:07 - [TEST_STEP][PASSED] - Integer.parseInt(kodee): null

2023-09-29 15:11:07 - [TEST_STEP][PASSED] - code = Double.parseDouble(kodee): null

2023-09-29 15:11:07 - [TEST_STEP][PASSED] - tOng = ongkir1 + sub: null

2023-09-29 15:11:07 - [TEST_STEP][PASSED] - println(tOng): null

2023-09-29 15:11:07 - [TEST_STEP][PASSED] - totalBayar = tOng + Admin + code: null

2023-09-29 15:11:07 - [TEST_STEP][PASSED] - println(totalBayar): null

2023-09-29 15:11:07 - [TEST_STEP][PASSED] - totalBayar1 = totalBayar: null

2023-09-29 15:11:07 - [TEST_STEP][PASSED] - println(totalBayar1): null

2023-09-29 15:11:07 - [TEST_STEP][PASSED] - total = getText(findTestObject("co saldo akun/new total harga tf")): Text of object 'Object Repository/co saldo akun/new total harga tf' is: '16,804'

2023-09-29 15:11:07 - [MESSAGE][PASSED] - Text of object 'Object Repository/co saldo akun/new total harga tf' is: '16,804'

2023-09-29 15:11:07 - [TEST_STEP][PASSED] - total1 = replace(",", "").trim(): null

2023-09-29 15:11:07 - [TEST_STEP][PASSED] - total2 = Integer.parseInt(total1): null

2023-09-29 15:11:07 - [TEST_STEP][PASSED] - println(total2): null

2023-09-29 15:11:07 - [TEST_STEP][PASSED] - assert totalBayar1 == total2: null

2023-09-29 15:11:07 - [TEST_STEP][PASSED] - data = new java.util.HashMap(): null

2023-09-29 15:11:07 - [TEST_STEP][PASSED] - data.put("invoice", noPesanan): null

2023-09-29 15:11:07 - [TEST_STEP][PASSED] - data.put("namaPengirim", pengirim): null

2023-09-29 15:11:07 - [TEST_STEP][PASSED] - data.put("totalBayar", totalharga): null

2023-09-29 15:11:07 - [TEST_STEP][PASSED] - data.put("totalOngkir", tOng): null

2023-09-29 15:11:07 - [TEST_STEP][PASSED] - return data: null

2023-09-29 15:11:07 - [MESSAGE][PASSED] - Call Test Case 'Test Cases/T08 - Konfirmasi Pesanan/TC-OS-001' successfully

2023-09-29 15:11:07 - [TEST_STEP][PASSED] - nopesanan = data.get("invoice"): null

2023-09-29 15:11:07 - [TEST_STEP][PASSED] - navigateToUrl("https://10.9.2.63/ecommerce/administrator/"): Navigate to 'https://10.9.2.63/ecommerce/administrator/' successfully

2023-09-29 15:11:07 - [MESSAGE][PASSED] - Navigate to 'https://10.9.2.63/ecommerce/administrator/' successfully

2023-09-29 15:11:07 - [TEST_STEP][PASSED] - verifyElementPresent(findTestObject("halaman admin/verifikasi masuk masuk website admin"), 0): Object 'Object Repository/halaman admin/verifikasi masuk masuk website admin' is present

2023-09-29 15:11:08 - [MESSAGE][WARNING] - Timeout '0' is invalid. Using default page load timeout: '30'

2023-09-29 15:11:08 - [MESSAGE][PASSED] - Object 'Object Repository/halaman admin/verifikasi masuk masuk website admin' is present

2023-09-29 15:11:08 - [TEST_STEP][PASSED] - setText(findTestObject("halaman admin/input_ADMIN_a"), "admin"): Text 'admin' is set on object 'Object Repository/halaman admin/input_ADMIN_a'

2023-09-29 15:11:09 - [MESSAGE][PASSED] - Text 'admin' is set on object 'Object Repository/halaman admin/input_ADMIN_a'

2023-09-29 15:11:09 - [TEST_STEP][PASSED] - setEncryptedText(findTestObject("halaman admin/input_ADMIN_password"), "374mkdZ/lqyNS21oH+MJZQ=="): Text ****** has been set on object 'Object Repository/halaman admin/input_ADMIN_password'

2023-09-29 15:11:09 - [MESSAGE][PASSED] - Text ****** has been set on object 'Object Repository/halaman admin/input_ADMIN_password'

2023-09-29 15:11:09 - [TEST_STEP][PASSED] - delay(10): Delayed 10 second(s)

2023-09-29 15:11:19 - [MESSAGE][PASSED] - Delayed 10 second(s)

2023-09-29 15:11:19 - [TEST_STEP][PASSED] - click(findTestObject("halaman admin/input_login admin")): Object: 'Object Repository/halaman admin/input_login admin' is clicked on

2023-09-29 15:11:20 - [MESSAGE][PASSED] - Object: 'Object Repository/halaman admin/input_login admin' is clicked on

2023-09-29 15:11:20 - [TEST_STEP][PASSED] - verifyElementPresent(findTestObject("halaman admin/VERIFIKASI MASUK DASHBORD ADMIN"), 0): Object 'Object Repository/halaman admin/VERIFIKASI MASUK DASHBORD ADMIN' is present

2023-09-29 15:11:21 - [MESSAGE][WARNING] - Timeout '0' is invalid. Using default page load timeout: '30'

2023-09-29 15:11:26 - [MESSAGE][PASSED] - Object 'Object Repository/halaman admin/VERIFIKASI MASUK DASHBORD ADMIN' is present

2023-09-29 15:11:26 - [TEST_STEP][PASSED] - click(findTestObject("halaman admin/a_Transaksi Market")): Object: 'Object Repository/halaman admin/a_Transaksi Market' is clicked on

2023-09-29 15:11:27 - [MESSAGE][PASSED] - Object: 'Object Repository/halaman admin/a_Transaksi Market' is clicked on

2023-09-29 15:11:27 - [TEST_STEP][PASSED] - click(findTestObject("konfirmasi order konsumen/MENU Konf. Order Konsumen")): Object: 'Object Repository/konfirmasi order konsumen/MENU Konf. Order Konsumen' is clicked on

2023-09-29 15:11:28 - [MESSAGE][PASSED] - Object: 'Object Repository/konfirmasi order konsumen/MENU Konf. Order Konsumen' is clicked on

2023-09-29 15:11:28 - [TEST_STEP][PASSED] - verifyElementPresent(findTestObject("konfirmasi order konsumen/HALAMAN Data Konfirmasi Pembayaran Konsumen"), 0): Object 'Object Repository/konfirmasi order konsumen/HALAMAN Data Konfirmasi Pembayaran Konsumen' is present

2023-09-29 15:11:28 - [MESSAGE][WARNING] - Timeout '0' is invalid. Using default page load timeout: '30'

2023-09-29 15:11:35 - [MESSAGE][PASSED] - Object 'Object Repository/konfirmasi order konsumen/HALAMAN Data Konfirmasi Pembayaran Konsumen' is present

2023-09-29 15:11:35 - [TEST_STEP][PASSED] - click(findTestObject("konfirmasi order konsumen/input_Search_ DI KON PEMBAYARAN")): Object: 'Object Repository/konfirmasi order konsumen/input_Search_ DI KON PEMBAYARAN' is clicked on

2023-09-29 15:11:36 - [MESSAGE][PASSED] - Object: 'Object Repository/konfirmasi order konsumen/input_Search_ DI KON PEMBAYARAN' is clicked on

2023-09-29 15:11:36 - [TEST_STEP][PASSED] - setText(findTestObject("konfirmasi order konsumen/input_Search_ DI KON PEMBAYARAN"), nopesanan): Text 'TRX91.20230929151058' is set on object 'Object Repository/konfirmasi order konsumen/input_Search_ DI KON PEMBAYARAN'

2023-09-29 15:11:37 - [MESSAGE][PASSED] - Text 'TRX91.20230929151058' is set on object 'Object Repository/konfirmasi order konsumen/input_Search_ DI KON PEMBAYARAN'

2023-09-29 15:11:37 - [TEST_STEP][PASSED] - verifyElementPresent(findTestObject("konfirmasi order konsumen/td_No matching records found"), 0): Object 'Object Repository/konfirmasi order konsumen/td_No matching records found' is present

2023-09-29 15:11:37 - [MESSAGE][WARNING] - Timeout '0' is invalid. Using default page load timeout: '30'

2023-09-29 15:11:38 - [MESSAGE][PASSED] - Object 'Object Repository/konfirmasi order konsumen/td_No matching records found' is present]]></system-out>
         <system-err><![CDATA[]]></system-err>
      </testcase>
      <testcase name="Test Cases/T08 - Konfirmasi Pesanan/TC-AK-004" time="88.393" classname="Test Cases/T08 - Konfirmasi Pesanan/TC-AK-004" status="PASSED">
         <system-out><![CDATA[2023-09-29 15:11:38 - [TEST_CASE][PASSED] - Test Cases/T08 - Konfirmasi Pesanan/TC-AK-004: Test Cases/T08 - Konfirmasi Pesanan/TC-AK-004

2023-09-29 15:11:39 - [TEST_STEP][PASSED] - data = callTestCase(findTestCase("T08 - Konfirmasi Pesanan/TC-KS-001"), ["transfe":"2"], STOP_ON_FAILURE): Call Test Case 'Test Cases/T08 - Konfirmasi Pesanan/TC-KS-001' successfully

2023-09-29 15:11:39 - [TEST_CASE][PASSED] - Test Cases/T08 - Konfirmasi Pesanan/TC-KS-001: Test Cases/T08 - Konfirmasi Pesanan/TC-KS-001

2023-09-29 15:11:39 - [TEST_STEP][PASSED] - data = callTestCase(findTestCase("T08 - Konfirmasi Pesanan/TC-OS-001"), ["Roda":"2", "MetodePembayaran":"transfer"], STOP_ON_FAILURE): Call Test Case 'Test Cases/T08 - Konfirmasi Pesanan/TC-OS-001' successfully

2023-09-29 15:11:39 - [TEST_CASE][PASSED] - Test Cases/T08 - Konfirmasi Pesanan/TC-OS-001: Test Cases/T08 - Konfirmasi Pesanan/TC-OS-001

2023-09-29 15:11:39 - [TEST_STEP][PASSED] - callTestCase(findTestCase("T08 - Konfirmasi Pesanan/TC-LS-001"), [:], STOP_ON_FAILURE): Call Test Case 'Test Cases/T08 - Konfirmasi Pesanan/TC-LS-001' successfully

2023-09-29 15:11:39 - [TEST_CASE][PASSED] - Test Cases/T08 - Konfirmasi Pesanan/TC-LS-001: Test Cases/T08 - Konfirmasi Pesanan/TC-LS-001

2023-09-29 15:11:39 - [TEST_STEP][PASSED] - openBrowser(urlWeb): Browser is opened with url: 'https://10.9.2.63/ecommerce/'

2023-09-29 15:11:39 - [MESSAGE][WARNING] - A browser is already opened. Closing browser and opening a new one

2023-09-29 15:11:41 - [MESSAGE][INFO] - Starting 'Firefox' driver

2023-09-29 15:11:41 - [MESSAGE][INFO] - Action delay is set to 0 milliseconds

2023-09-29 15:11:46 - [MESSAGE][PASSED] - Browser is opened with url: 'https://10.9.2.63/ecommerce/'

2023-09-29 15:11:46 - [TEST_STEP][PASSED] - maximizeWindow(): Current window maximized

2023-09-29 15:11:46 - [MESSAGE][PASSED] - Current window maximized

2023-09-29 15:11:46 - [TEST_STEP][PASSED] - click(findTestObject("Login/a_Login")): Object: 'Object Repository/Login/a_Login' is clicked on

2023-09-29 15:11:47 - [MESSAGE][PASSED] - Object: 'Object Repository/Login/a_Login' is clicked on

2023-09-29 15:11:47 - [TEST_STEP][PASSED] - setText(findTestObject("Login/input_Username, Email atau No. Handphone_a"), "runa36"): Text 'runa36' is set on object 'Object Repository/Login/input_Username, Email atau No. Handphone_a'

2023-09-29 15:11:48 - [MESSAGE][PASSED] - Text 'runa36' is set on object 'Object Repository/Login/input_Username, Email atau No. Handphone_a'

2023-09-29 15:11:48 - [TEST_STEP][PASSED] - setEncryptedText(findTestObject("Login/input_Password di Login(Masuk)"), "qbkrdMwyWE4="): Text ****** has been set on object 'Object Repository/Login/input_Password di Login(Masuk)'

2023-09-29 15:11:48 - [MESSAGE][PASSED] - Text ****** has been set on object 'Object Repository/Login/input_Password di Login(Masuk)'

2023-09-29 15:11:48 - [TEST_STEP][PASSED] - click(findTestObject("Login/button_Masuk di halaman login")): Object: 'Object Repository/Login/button_Masuk di halaman login' is clicked on

2023-09-29 15:11:49 - [MESSAGE][PASSED] - Object: 'Object Repository/Login/button_Masuk di halaman login' is clicked on

2023-09-29 15:11:49 - [TEST_STEP][PASSED] - verifyElementPresent(findTestObject("Pendaftaran/verifikasi MASUK di halaman Login"), 0): Object 'Object Repository/Pendaftaran/verifikasi MASUK di halaman Login' is present

2023-09-29 15:11:49 - [MESSAGE][WARNING] - Timeout '0' is invalid. Using default page load timeout: '30'

2023-09-29 15:11:49 - [MESSAGE][PASSED] - Object 'Object Repository/Pendaftaran/verifikasi MASUK di halaman Login' is present

2023-09-29 15:11:49 - [MESSAGE][PASSED] - Call Test Case 'Test Cases/T08 - Konfirmasi Pesanan/TC-LS-001' successfully

2023-09-29 15:11:49 - [TEST_STEP][PASSED] - setText(findTestObject("chekout/input aku mau belanja"), "acer"): Text 'acer' is set on object 'Object Repository/chekout/input aku mau belanja'

2023-09-29 15:11:50 - [MESSAGE][PASSED] - Text 'acer' is set on object 'Object Repository/chekout/input aku mau belanja'

2023-09-29 15:11:50 - [TEST_STEP][PASSED] - click(findTestObject("chekout/button_Cari di halaman tajalapak")): Object: 'Object Repository/chekout/button_Cari di halaman tajalapak' is clicked on

2023-09-29 15:11:51 - [MESSAGE][PASSED] - Object: 'Object Repository/chekout/button_Cari di halaman tajalapak' is clicked on

2023-09-29 15:11:51 - [TEST_STEP][PASSED] - click(findTestObject("chekout/NEW read more acer")): Object: 'Object Repository/chekout/NEW read more acer' is clicked on

2023-09-29 15:11:52 - [MESSAGE][PASSED] - Object: 'Object Repository/chekout/NEW read more acer' is clicked on

2023-09-29 15:11:52 - [TEST_STEP][PASSED] - click(findTestObject("chekout/button_Beli Sekarang di detail produk")): Object: 'Object Repository/chekout/button_Beli Sekarang di detail produk' is clicked on

2023-09-29 15:11:53 - [MESSAGE][PASSED] - Object: 'Object Repository/chekout/button_Beli Sekarang di detail produk' is clicked on

2023-09-29 15:11:53 - [TEST_STEP][PASSED] - verifyElementPresent(findTestObject("chekout/halaman keranjang belanja"), 0): Object 'Object Repository/chekout/halaman keranjang belanja' is present

2023-09-29 15:11:53 - [MESSAGE][WARNING] - Timeout '0' is invalid. Using default page load timeout: '30'

2023-09-29 15:11:54 - [MESSAGE][PASSED] - Object 'Object Repository/chekout/halaman keranjang belanja' is present

2023-09-29 15:11:54 - [TEST_STEP][PASSED] - click(findTestObject("chekout/button_Lanjut ke Pembayaran")): Object: 'Object Repository/chekout/button_Lanjut ke Pembayaran' is clicked on

2023-09-29 15:11:55 - [MESSAGE][PASSED] - Object: 'Object Repository/chekout/button_Lanjut ke Pembayaran' is clicked on

2023-09-29 15:11:55 - [TEST_STEP][PASSED] - selectOptionByValue(findTestObject("Object Repository/chekout/select_- Kirim via Kurir Lokal -Roda 2Roda 4"), Roda, false): All options with value '2' are selected in object 'Object Repository/chekout/select_- Kirim via Kurir Lokal -Roda 2Roda 4' 

2023-09-29 15:11:56 - [MESSAGE][PASSED] - All options with value '2' are selected in object 'Object Repository/chekout/select_- Kirim via Kurir Lokal -Roda 2Roda 4' 

2023-09-29 15:11:56 - [TEST_STEP][PASSED] - click(findTestObject("chekout/jenis kendaraan")): Object: 'Object Repository/chekout/jenis kendaraan' is clicked on

2023-09-29 15:11:57 - [MESSAGE][PASSED] - Object: 'Object Repository/chekout/jenis kendaraan' is clicked on

2023-09-29 15:11:57 - [TEST_STEP][PASSED] - if (toString().equalsIgnoreCase("transfer")): Object 'Object Repository/chekout/input metode tf bank' is checked

2023-09-29 15:11:57 - [TEST_STEP][PASSED] - check(findTestObject("chekout/input metode tf bank")): Object 'Object Repository/chekout/input metode tf bank' is checked

2023-09-29 15:11:58 - [MESSAGE][PASSED] - Object 'Object Repository/chekout/input metode tf bank' is checked

2023-09-29 15:11:58 - [TEST_STEP][PASSED] - click(findTestObject("chekout/button_Proses Pembayaran")): Object: 'Object Repository/chekout/button_Proses Pembayaran' is clicked on

2023-09-29 15:12:03 - [MESSAGE][PASSED] - Object: 'Object Repository/chekout/button_Proses Pembayaran' is clicked on

2023-09-29 15:12:03 - [TEST_STEP][PASSED] - noPesanan = getText(findTestObject("Object Repository/chekout/nomor invoice dari halaman menunggu pembayaran")): Text of object 'Object Repository/chekout/nomor invoice dari halaman menunggu pembayaran' is: 'TRX91.20230929151158'

2023-09-29 15:12:04 - [MESSAGE][PASSED] - Text of object 'Object Repository/chekout/nomor invoice dari halaman menunggu pembayaran' is: 'TRX91.20230929151158'

2023-09-29 15:12:04 - [TEST_STEP][PASSED] - println(noPesanan): null

2023-09-29 15:12:04 - [TEST_STEP][PASSED] - pengirim = getText(findTestObject("Object Repository/chekout/dikirim kepada sama dengan pengirim di tf di konfirmaasi bayar")): Text of object 'Object Repository/chekout/dikirim kepada sama dengan pengirim di tf di konfirmaasi bayar' is: 'runarun'

2023-09-29 15:12:04 - [MESSAGE][PASSED] - Text of object 'Object Repository/chekout/dikirim kepada sama dengan pengirim di tf di konfirmaasi bayar' is: 'runarun'

2023-09-29 15:12:04 - [TEST_STEP][PASSED] - totalharga = getText(findTestObject("Object Repository/chekout/total harga bayar")): Text of object 'Object Repository/chekout/total harga bayar' is: '16,904'

2023-09-29 15:12:05 - [MESSAGE][PASSED] - Text of object 'Object Repository/chekout/total harga bayar' is: '16,904'

2023-09-29 15:12:05 - [TEST_STEP][PASSED] - ongkir = getText(findTestObject("co saldo akun/new ongkir tf")): Text of object 'Object Repository/co saldo akun/new ongkir tf' is: 'Rp 13,000'

2023-09-29 15:12:05 - [MESSAGE][PASSED] - Text of object 'Object Repository/co saldo akun/new ongkir tf' is: 'Rp 13,000'

2023-09-29 15:12:05 - [TEST_STEP][PASSED] - ongkirr = replace(",", "").trim(): null

2023-09-29 15:12:05 - [TEST_STEP][PASSED] - ongkir1 = Integer.parseInt(ongkirr): null

2023-09-29 15:12:05 - [TEST_STEP][PASSED] - println(ongkir1): null

2023-09-29 15:12:05 - [TEST_STEP][PASSED] - biayaAdmin = getText(findTestObject("co saldo akun/new fee admin tf")): Text of object 'Object Repository/co saldo akun/new fee admin tf' is: 'Rp 1,500'

2023-09-29 15:12:06 - [MESSAGE][PASSED] - Text of object 'Object Repository/co saldo akun/new fee admin tf' is: 'Rp 1,500'

2023-09-29 15:12:06 - [TEST_STEP][PASSED] - bAdmin = replace(",", "").trim(): null

2023-09-29 15:12:06 - [TEST_STEP][PASSED] - Integer.parseInt(bAdmin): null

2023-09-29 15:12:06 - [TEST_STEP][PASSED] - Admin = Double.parseDouble(bAdmin): null

2023-09-29 15:12:06 - [TEST_STEP][PASSED] - println(Admin): null

2023-09-29 15:12:06 - [TEST_STEP][PASSED] - subtotal = getText(findTestObject("co saldo akun/new subtotal tf")): Text of object 'Object Repository/co saldo akun/new subtotal tf' is: 'Rp 2,246'

2023-09-29 15:12:06 - [MESSAGE][PASSED] - Text of object 'Object Repository/co saldo akun/new subtotal tf' is: 'Rp 2,246'

2023-09-29 15:12:06 - [TEST_STEP][PASSED] - subtotall = replace(",", "").trim(): null

2023-09-29 15:12:06 - [TEST_STEP][PASSED] - Integer.parseInt(subtotall): null

2023-09-29 15:12:06 - [TEST_STEP][PASSED] - sub = Double.parseDouble(subtotall): null

2023-09-29 15:12:06 - [TEST_STEP][PASSED] - println(sub): null

2023-09-29 15:12:06 - [TEST_STEP][PASSED] - kode = getText(findTestObject("co saldo akun/new kode unik tf")): Text of object 'Object Repository/co saldo akun/new kode unik tf' is: '+158'

2023-09-29 15:12:07 - [MESSAGE][PASSED] - Text of object 'Object Repository/co saldo akun/new kode unik tf' is: '+158'

2023-09-29 15:12:07 - [TEST_STEP][PASSED] - kodee = replace("+", "").trim(): null

2023-09-29 15:12:07 - [TEST_STEP][PASSED] - Integer.parseInt(kodee): null

2023-09-29 15:12:07 - [TEST_STEP][PASSED] - code = Double.parseDouble(kodee): null

2023-09-29 15:12:07 - [TEST_STEP][PASSED] - tOng = ongkir1 + sub: null

2023-09-29 15:12:07 - [TEST_STEP][PASSED] - println(tOng): null

2023-09-29 15:12:07 - [TEST_STEP][PASSED] - totalBayar = tOng + Admin + code: null

2023-09-29 15:12:07 - [TEST_STEP][PASSED] - println(totalBayar): null

2023-09-29 15:12:07 - [TEST_STEP][PASSED] - totalBayar1 = totalBayar: null

2023-09-29 15:12:07 - [TEST_STEP][PASSED] - println(totalBayar1): null

2023-09-29 15:12:07 - [TEST_STEP][PASSED] - total = getText(findTestObject("co saldo akun/new total harga tf")): Text of object 'Object Repository/co saldo akun/new total harga tf' is: '16,904'

2023-09-29 15:12:07 - [MESSAGE][PASSED] - Text of object 'Object Repository/co saldo akun/new total harga tf' is: '16,904'

2023-09-29 15:12:07 - [TEST_STEP][PASSED] - total1 = replace(",", "").trim(): null

2023-09-29 15:12:07 - [TEST_STEP][PASSED] - total2 = Integer.parseInt(total1): null

2023-09-29 15:12:07 - [TEST_STEP][PASSED] - println(total2): null

2023-09-29 15:12:07 - [TEST_STEP][PASSED] - assert totalBayar1 == total2: null

2023-09-29 15:12:07 - [TEST_STEP][PASSED] - data = new java.util.HashMap(): null

2023-09-29 15:12:07 - [TEST_STEP][PASSED] - data.put("invoice", noPesanan): null

2023-09-29 15:12:07 - [TEST_STEP][PASSED] - data.put("namaPengirim", pengirim): null

2023-09-29 15:12:07 - [TEST_STEP][PASSED] - data.put("totalBayar", totalharga): null

2023-09-29 15:12:07 - [TEST_STEP][PASSED] - data.put("totalOngkir", tOng): null

2023-09-29 15:12:07 - [TEST_STEP][PASSED] - return data: null

2023-09-29 15:12:07 - [MESSAGE][PASSED] - Call Test Case 'Test Cases/T08 - Konfirmasi Pesanan/TC-OS-001' successfully

2023-09-29 15:12:07 - [TEST_STEP][PASSED] - noInvoice = data.get("invoice"): null

2023-09-29 15:12:07 - [TEST_STEP][PASSED] - nmPengirim = data.get("namaPengirim"): null

2023-09-29 15:12:07 - [TEST_STEP][PASSED] - ttlBayar = data.get("totalBayar"): null

2023-09-29 15:12:07 - [TEST_STEP][PASSED] - click(findTestObject("konfirmasi pesanan/a_Akun 0")): Object: 'Object Repository/konfirmasi pesanan/a_Akun 0' is clicked on

2023-09-29 15:12:08 - [MESSAGE][PASSED] - Object: 'Object Repository/konfirmasi pesanan/a_Akun 0' is clicked on

2023-09-29 15:12:08 - [TEST_STEP][PASSED] - click(findTestObject("konfirmasi pesanan/a_Profile")): Object: 'Object Repository/konfirmasi pesanan/a_Profile' is clicked on

2023-09-29 15:12:08 - [MESSAGE][PASSED] - Object: 'Object Repository/konfirmasi pesanan/a_Profile' is clicked on

2023-09-29 15:12:08 - [TEST_STEP][PASSED] - click(findTestObject("konfirmasi pesanan/a_Pembelian")): Object: 'Object Repository/konfirmasi pesanan/a_Pembelian' is clicked on

2023-09-29 15:12:09 - [MESSAGE][PASSED] - Object: 'Object Repository/konfirmasi pesanan/a_Pembelian' is clicked on

2023-09-29 15:12:09 - [TEST_STEP][PASSED] - click(findTestObject("konfirmasi pesanan/new konfirmasi bayar")): Object: 'Object Repository/konfirmasi pesanan/new konfirmasi bayar' is clicked on

2023-09-29 15:12:10 - [MESSAGE][PASSED] - Object: 'Object Repository/konfirmasi pesanan/new konfirmasi bayar' is clicked on

2023-09-29 15:12:10 - [TEST_STEP][PASSED] - verifyElementPresent(findTestObject("konfirmasi pesanan/verifikasi user masuk halaman konfirmasi bayar dari akun profil"), 0): Object 'Object Repository/konfirmasi pesanan/verifikasi user masuk halaman konfirmasi bayar dari akun profil' is present

2023-09-29 15:12:10 - [MESSAGE][WARNING] - Timeout '0' is invalid. Using default page load timeout: '30'

2023-09-29 15:12:11 - [MESSAGE][PASSED] - Object 'Object Repository/konfirmasi pesanan/verifikasi user masuk halaman konfirmasi bayar dari akun profil' is present

2023-09-29 15:12:11 - [TEST_STEP][PASSED] - uploadFile(findTestObject("konfirmasi pesanan/input_Upload Bukti Transfer_f"), "F:\bootcamp\Miniproject\transfer.jpg"): File 'F:\bootcamp\Miniproject\transfer.jpg' sent to object: 'Object Repository/konfirmasi pesanan/input_Upload Bukti Transfer_f'

2023-09-29 15:12:11 - [MESSAGE][PASSED] - File 'F:\bootcamp\Miniproject\transfer.jpg' sent to object: 'Object Repository/konfirmasi pesanan/input_Upload Bukti Transfer_f'

2023-09-29 15:12:11 - [TEST_STEP][PASSED] - totalBayar = getAttribute(findTestObject("Object Repository/konfirmasi pesanan/input_Total TagihanTransfer_b"), "value"): Attribute 'value' of object 'Object Repository/konfirmasi pesanan/input_Total TagihanTransfer_b' is: '16,904'

2023-09-29 15:12:12 - [MESSAGE][PASSED] - Attribute 'value' of object 'Object Repository/konfirmasi pesanan/input_Total TagihanTransfer_b' is: '16,904'

2023-09-29 15:12:12 - [TEST_STEP][PASSED] - selectOptionByValue(findTestObject("konfirmasi pesanan/select dropdown trasfer"), transfe, false): All options with value '2' are selected in object 'Object Repository/konfirmasi pesanan/select dropdown trasfer' 

2023-09-29 15:12:13 - [MESSAGE][PASSED] - All options with value '2' are selected in object 'Object Repository/konfirmasi pesanan/select dropdown trasfer' 

2023-09-29 15:12:13 - [TEST_STEP][PASSED] - naamaPengirim = getAttribute(findTestObject("Object Repository/konfirmasi pesanan/input_Nama Pengirim_d"), "value"): Attribute 'value' of object 'Object Repository/konfirmasi pesanan/input_Nama Pengirim_d' is: 'runarun'

2023-09-29 15:12:13 - [MESSAGE][PASSED] - Attribute 'value' of object 'Object Repository/konfirmasi pesanan/input_Nama Pengirim_d' is: 'runarun'

2023-09-29 15:12:13 - [TEST_STEP][PASSED] - println(naamaPengirim): null

2023-09-29 15:12:13 - [TEST_STEP][PASSED] - tanggal = getAttribute(findTestObject("Object Repository/konfirmasi pesanan/input_Tanggal Transfer_e"), "value"): Attribute 'value' of object 'Object Repository/konfirmasi pesanan/input_Tanggal Transfer_e' is: '2023-09-29'

2023-09-29 15:12:14 - [MESSAGE][PASSED] - Attribute 'value' of object 'Object Repository/konfirmasi pesanan/input_Tanggal Transfer_e' is: '2023-09-29'

2023-09-29 15:12:14 - [TEST_STEP][PASSED] - println(tanggal): null

2023-09-29 15:12:14 - [TEST_STEP][PASSED] - select = new org.openqa.selenium.support.ui.Select(com.kms.katalon.core.webui.driver.DriverFactory.getWebDriver().findElement(org.openqa.selenium.By.xpath(//select[@name="c"]))): null

2023-09-29 15:12:14 - [TEST_STEP][PASSED] - transfer = getFirstSelectedOption().getText(): null

2023-09-29 15:12:14 - [TEST_STEP][PASSED] - trans = transfer.split("-"): null

2023-09-29 15:12:14 - [TEST_STEP][PASSED] - transf = "": null

2023-09-29 15:12:14 - [TEST_STEP][PASSED] - for ([i = 0, i < length, (i++)]): null

2023-09-29 15:12:14 - [TEST_STEP][PASSED] - tf = trans[0].trim(): null

2023-09-29 15:12:14 - [TEST_STEP][PASSED] - transf = tf: null

2023-09-29 15:12:14 - [TEST_STEP][PASSED] - tf = trans[0].trim(): null

2023-09-29 15:12:14 - [TEST_STEP][PASSED] - transf = tf: null

2023-09-29 15:12:14 - [TEST_STEP][PASSED] - println(transf): null

2023-09-29 15:12:14 - [TEST_STEP][PASSED] - assert trim().equalsIgnoreCase(ttlBayar.trim()): null

2023-09-29 15:12:14 - [TEST_STEP][PASSED] - assert trim().equalsIgnoreCase(nmPengirim.trim()): null

2023-09-29 15:12:14 - [TEST_STEP][PASSED] - click(findTestObject("konfirmasi pesanan/button_Konfirmasi Pembayaran")): Object: 'Object Repository/konfirmasi pesanan/button_Konfirmasi Pembayaran' is clicked on

2023-09-29 15:12:15 - [MESSAGE][PASSED] - Object: 'Object Repository/konfirmasi pesanan/button_Konfirmasi Pembayaran' is clicked on

2023-09-29 15:12:15 - [TEST_STEP][PASSED] - verifyElementText(findTestObject("konfirmasi pesanan/verifikasi sukses melakukan pembayaran pesanan"), "Sukses Melakukan Konfirmasi Pembayaran Pesanan!"): Actual text and expected text of test object 'Object Repository/konfirmasi pesanan/verifikasi sukses melakukan pembayaran pesanan' are matched.

2023-09-29 15:12:16 - [MESSAGE][PASSED] - Actual text and expected text of test object 'Object Repository/konfirmasi pesanan/verifikasi sukses melakukan pembayaran pesanan' are matched.

2023-09-29 15:12:16 - [TEST_STEP][PASSED] - data.put("namaHasilInput", naamaPengirim): null

2023-09-29 15:12:16 - [TEST_STEP][PASSED] - data.put("date", tanggal): null

2023-09-29 15:12:16 - [TEST_STEP][PASSED] - data.put("noRekening", transf): null

2023-09-29 15:12:16 - [TEST_STEP][PASSED] - data.put("inputJmlTf", totalBayar): null

2023-09-29 15:12:16 - [TEST_STEP][PASSED] - return data: null

2023-09-29 15:12:16 - [MESSAGE][PASSED] - Call Test Case 'Test Cases/T08 - Konfirmasi Pesanan/TC-KS-001' successfully

2023-09-29 15:12:16 - [TEST_STEP][PASSED] - nopesanan = data.get("invoice"): null

2023-09-29 15:12:16 - [TEST_STEP][PASSED] - println(nopesanan): null

2023-09-29 15:12:16 - [TEST_STEP][PASSED] - count = data.get("totalBayar"): null

2023-09-29 15:12:16 - [TEST_STEP][PASSED] - namaInput = data.get("namaHasilInput"): null

2023-09-29 15:12:16 - [TEST_STEP][PASSED] - date = data.get("date"): null

2023-09-29 15:12:16 - [TEST_STEP][PASSED] - tujuanTf = data.get("noRekening"): null

2023-09-29 15:12:16 - [TEST_STEP][PASSED] - jmlTF = data.get("inputJmlTf"): null

2023-09-29 15:12:16 - [TEST_STEP][PASSED] - navigateToUrl("https://10.9.2.63/ecommerce/administrator/"): Navigate to 'https://10.9.2.63/ecommerce/administrator/' successfully

2023-09-29 15:12:16 - [MESSAGE][PASSED] - Navigate to 'https://10.9.2.63/ecommerce/administrator/' successfully

2023-09-29 15:12:16 - [TEST_STEP][PASSED] - verifyElementPresent(findTestObject("halaman admin/verifikasi masuk masuk website admin"), 0): Object 'Object Repository/halaman admin/verifikasi masuk masuk website admin' is present

2023-09-29 15:12:16 - [MESSAGE][WARNING] - Timeout '0' is invalid. Using default page load timeout: '30'

2023-09-29 15:12:16 - [MESSAGE][PASSED] - Object 'Object Repository/halaman admin/verifikasi masuk masuk website admin' is present

2023-09-29 15:12:16 - [TEST_STEP][PASSED] - setText(findTestObject("halaman admin/input_ADMIN_a"), "admin"): Text 'admin' is set on object 'Object Repository/halaman admin/input_ADMIN_a'

2023-09-29 15:12:17 - [MESSAGE][PASSED] - Text 'admin' is set on object 'Object Repository/halaman admin/input_ADMIN_a'

2023-09-29 15:12:17 - [TEST_STEP][PASSED] - setEncryptedText(findTestObject("halaman admin/input_ADMIN_password"), "374mkdZ/lqyNS21oH+MJZQ=="): Text ****** has been set on object 'Object Repository/halaman admin/input_ADMIN_password'

2023-09-29 15:12:18 - [MESSAGE][PASSED] - Text ****** has been set on object 'Object Repository/halaman admin/input_ADMIN_password'

2023-09-29 15:12:18 - [TEST_STEP][PASSED] - delay(10): Delayed 10 second(s)

2023-09-29 15:12:28 - [MESSAGE][PASSED] - Delayed 10 second(s)

2023-09-29 15:12:28 - [TEST_STEP][PASSED] - click(findTestObject("halaman admin/input_login admin")): Object: 'Object Repository/halaman admin/input_login admin' is clicked on

2023-09-29 15:12:29 - [MESSAGE][PASSED] - Object: 'Object Repository/halaman admin/input_login admin' is clicked on

2023-09-29 15:12:29 - [TEST_STEP][PASSED] - verifyElementPresent(findTestObject("halaman admin/VERIFIKASI MASUK DASHBORD ADMIN"), 0): Object 'Object Repository/halaman admin/VERIFIKASI MASUK DASHBORD ADMIN' is present

2023-09-29 15:12:29 - [MESSAGE][WARNING] - Timeout '0' is invalid. Using default page load timeout: '30'

2023-09-29 15:12:36 - [MESSAGE][PASSED] - Object 'Object Repository/halaman admin/VERIFIKASI MASUK DASHBORD ADMIN' is present

2023-09-29 15:12:36 - [TEST_STEP][PASSED] - click(findTestObject("halaman admin/a_Transaksi Market")): Object: 'Object Repository/halaman admin/a_Transaksi Market' is clicked on

2023-09-29 15:12:37 - [MESSAGE][PASSED] - Object: 'Object Repository/halaman admin/a_Transaksi Market' is clicked on

2023-09-29 15:12:37 - [TEST_STEP][PASSED] - click(findTestObject("konfirmasi order konsumen/MENU Konf. Order Konsumen")): Object: 'Object Repository/konfirmasi order konsumen/MENU Konf. Order Konsumen' is clicked on

2023-09-29 15:12:38 - [MESSAGE][PASSED] - Object: 'Object Repository/konfirmasi order konsumen/MENU Konf. Order Konsumen' is clicked on

2023-09-29 15:12:38 - [TEST_STEP][PASSED] - verifyElementPresent(findTestObject("konfirmasi order konsumen/HALAMAN Data Konfirmasi Pembayaran Konsumen"), 0): Object 'Object Repository/konfirmasi order konsumen/HALAMAN Data Konfirmasi Pembayaran Konsumen' is present

2023-09-29 15:12:38 - [MESSAGE][WARNING] - Timeout '0' is invalid. Using default page load timeout: '30'

2023-09-29 15:12:45 - [MESSAGE][PASSED] - Object 'Object Repository/konfirmasi order konsumen/HALAMAN Data Konfirmasi Pembayaran Konsumen' is present

2023-09-29 15:12:45 - [TEST_STEP][PASSED] - click(findTestObject("konfirmasi order konsumen/input_Search_ DI KON PEMBAYARAN")): Object: 'Object Repository/konfirmasi order konsumen/input_Search_ DI KON PEMBAYARAN' is clicked on

2023-09-29 15:12:46 - [MESSAGE][PASSED] - Object: 'Object Repository/konfirmasi order konsumen/input_Search_ DI KON PEMBAYARAN' is clicked on

2023-09-29 15:12:46 - [TEST_STEP][PASSED] - setText(findTestObject("konfirmasi order konsumen/input_Search_ DI KON PEMBAYARAN"), nopesanan): Text 'TRX91.20230929151158' is set on object 'Object Repository/konfirmasi order konsumen/input_Search_ DI KON PEMBAYARAN'

2023-09-29 15:12:47 - [MESSAGE][PASSED] - Text 'TRX91.20230929151158' is set on object 'Object Repository/konfirmasi order konsumen/input_Search_ DI KON PEMBAYARAN'

2023-09-29 15:12:47 - [TEST_STEP][PASSED] - Uangtf = getText(findTestObject("Object Repository/konfirmasi order konsumen/UANG YANG di transfer")): Text of object 'Object Repository/konfirmasi order konsumen/UANG YANG di transfer' is: '16,904'

2023-09-29 15:12:48 - [MESSAGE][PASSED] - Text of object 'Object Repository/konfirmasi order konsumen/UANG YANG di transfer' is: '16,904'

2023-09-29 15:12:48 - [TEST_STEP][PASSED] - name = getText(findTestObject("Object Repository/konfirmasi order konsumen/nama yang tf")): Text of object 'Object Repository/konfirmasi order konsumen/nama yang tf' is: 'runarun'

2023-09-29 15:12:48 - [MESSAGE][PASSED] - Text of object 'Object Repository/konfirmasi order konsumen/nama yang tf' is: 'runarun'

2023-09-29 15:12:48 - [TEST_STEP][PASSED] - rekening = getText(findTestObject("Object Repository/konfirmasi order konsumen/ke rekening")): Text of object 'Object Repository/konfirmasi order konsumen/ke rekening' is: 'Bank Mandiri Syariah'

2023-09-29 15:12:49 - [MESSAGE][PASSED] - Text of object 'Object Repository/konfirmasi order konsumen/ke rekening' is: 'Bank Mandiri Syariah'

2023-09-29 15:12:49 - [TEST_STEP][PASSED] - waktu = getText(findTestObject("Object Repository/konfirmasi order konsumen/tanggal transfer")): Text of object 'Object Repository/konfirmasi order konsumen/tanggal transfer' is: '29 Sep 2023'

2023-09-29 15:12:49 - [MESSAGE][PASSED] - Text of object 'Object Repository/konfirmasi order konsumen/tanggal transfer' is: '29 Sep 2023'

2023-09-29 15:12:49 - [TEST_STEP][PASSED] - click(findTestObject("halaman admin/new bukti tf di halaman order konsumen")): Object: 'Object Repository/halaman admin/new bukti tf di halaman order konsumen' is clicked on

2023-09-29 15:12:55 - [MESSAGE][PASSED] - Object: 'Object Repository/halaman admin/new bukti tf di halaman order konsumen' is clicked on

2023-09-29 15:12:55 - [TEST_STEP][PASSED] - delay(10): Delayed 10 second(s)

2023-09-29 15:13:05 - [MESSAGE][PASSED] - Delayed 10 second(s)

2023-09-29 15:13:05 - [TEST_STEP][PASSED] - loc = new java.util.Locale(id, ID): null

2023-09-29 15:13:05 - [TEST_STEP][PASSED] - sdf = new java.text.SimpleDateFormat(dd MMM yyyy, loc): null

2023-09-29 15:13:05 - [TEST_STEP][PASSED] - parseDate = null: null

2023-09-29 15:13:05 - [TEST_STEP][PASSED] - SentDate = waktu: null

2023-09-29 15:13:05 - [TEST_STEP][PASSED] - parseDate = sdf.parse(SentDate): null

2023-09-29 15:13:05 - [TEST_STEP][PASSED] - print = new java.text.SimpleDateFormat(yyyy-MM-dd, loc): null

2023-09-29 15:13:05 - [TEST_STEP][PASSED] - tanggal = print.format(parseDate): null

2023-09-29 15:13:05 - [TEST_STEP][PASSED] - println(tanggal): null

2023-09-29 15:13:05 - [TEST_STEP][PASSED] - status = getText(findTestObject("Object Repository/konfirmasi order konsumen/keterangan lunas apa pending")): Text of object 'Object Repository/konfirmasi order konsumen/keterangan lunas apa pending' is: 'Lunas'

2023-09-29 15:13:06 - [MESSAGE][PASSED] - Text of object 'Object Repository/konfirmasi order konsumen/keterangan lunas apa pending' is: 'Lunas'

2023-09-29 15:13:06 - [TEST_STEP][PASSED] - berkas1 = getAttribute(findTestObject("Object Repository/halaman admin/new bukti tf di halaman order konsumen"), "href").split("/"): Attribute 'href' of object 'Object Repository/halaman admin/new bukti tf di halaman order konsumen' is: 'https://10.9.2.63/ecommerce/reseller/download/transfer73.jpg'

2023-09-29 15:13:06 - [MESSAGE][PASSED] - Attribute 'href' of object 'Object Repository/halaman admin/new bukti tf di halaman order konsumen' is: 'https://10.9.2.63/ecommerce/reseller/download/transfer73.jpg'

2023-09-29 15:13:06 - [TEST_STEP][PASSED] - println(berkas1): null

2023-09-29 15:13:06 - [TEST_STEP][PASSED] - berkasUrl = berkas1[berkas1.size() - 1]: null

2023-09-29 15:13:06 - [TEST_STEP][PASSED] - println(berkasUrl): null

2023-09-29 15:13:06 - [TEST_STEP][PASSED] - downloadFolder = new java.io.File(C:\Users\USER\Downloads): null

2023-09-29 15:13:06 - [TEST_STEP][PASSED] - namesOfFiles = Arrays.asList(downloadFolder.list()): null

2023-09-29 15:13:06 - [TEST_STEP][PASSED] - assert namesOfFiles.contains(berkasUrl): null

2023-09-29 15:13:06 - [TEST_STEP][PASSED] - assert count == Uangtf: null

2023-09-29 15:13:06 - [TEST_STEP][PASSED] - assert namaInput == name: null

2023-09-29 15:13:06 - [TEST_STEP][PASSED] - assert tujuanTf == rekening: null

2023-09-29 15:13:06 - [TEST_STEP][PASSED] - assert date == tanggal: null

2023-09-29 15:13:06 - [TEST_STEP][PASSED] - assert status == "Lunas": null]]></system-out>
         <system-err><![CDATA[]]></system-err>
      </testcase>
      <testcase name="Test Cases/T08 - Konfirmasi Pesanan/TC-AK-005" time="60.114" classname="Test Cases/T08 - Konfirmasi Pesanan/TC-AK-005" status="PASSED">
         <system-out><![CDATA[2023-09-29 15:13:06 - [TEST_CASE][PASSED] - Test Cases/T08 - Konfirmasi Pesanan/TC-AK-005: Test Cases/T08 - Konfirmasi Pesanan/TC-AK-005

2023-09-29 15:13:07 - [TEST_STEP][PASSED] - data1 = callTestCase(findTestCase("T08 - Konfirmasi Pesanan/TC-OS-002"), ["Roda":"2", "MetodePembayaran":"saldo"], STOP_ON_FAILURE): Call Test Case 'Test Cases/T08 - Konfirmasi Pesanan/TC-OS-002' successfully

2023-09-29 15:13:07 - [TEST_CASE][PASSED] - Test Cases/T08 - Konfirmasi Pesanan/TC-OS-002: Test Cases/T08 - Konfirmasi Pesanan/TC-OS-002

2023-09-29 15:13:07 - [TEST_STEP][PASSED] - callTestCase(findTestCase("T08 - Konfirmasi Pesanan/TC-LS-001"), [:], STOP_ON_FAILURE): Call Test Case 'Test Cases/T08 - Konfirmasi Pesanan/TC-LS-001' successfully

2023-09-29 15:13:07 - [TEST_CASE][PASSED] - Test Cases/T08 - Konfirmasi Pesanan/TC-LS-001: Test Cases/T08 - Konfirmasi Pesanan/TC-LS-001

2023-09-29 15:13:07 - [TEST_STEP][PASSED] - openBrowser(urlWeb): Browser is opened with url: 'https://10.9.2.63/ecommerce/'

2023-09-29 15:13:07 - [MESSAGE][WARNING] - A browser is already opened. Closing browser and opening a new one

2023-09-29 15:13:09 - [MESSAGE][INFO] - Starting 'Firefox' driver

2023-09-29 15:13:09 - [MESSAGE][INFO] - Action delay is set to 0 milliseconds

2023-09-29 15:13:14 - [MESSAGE][PASSED] - Browser is opened with url: 'https://10.9.2.63/ecommerce/'

2023-09-29 15:13:14 - [TEST_STEP][PASSED] - maximizeWindow(): Current window maximized

2023-09-29 15:13:14 - [MESSAGE][PASSED] - Current window maximized

2023-09-29 15:13:14 - [TEST_STEP][PASSED] - click(findTestObject("Login/a_Login")): Object: 'Object Repository/Login/a_Login' is clicked on

2023-09-29 15:13:15 - [MESSAGE][PASSED] - Object: 'Object Repository/Login/a_Login' is clicked on

2023-09-29 15:13:15 - [TEST_STEP][PASSED] - setText(findTestObject("Login/input_Username, Email atau No. Handphone_a"), "runa36"): Text 'runa36' is set on object 'Object Repository/Login/input_Username, Email atau No. Handphone_a'

2023-09-29 15:13:15 - [MESSAGE][PASSED] - Text 'runa36' is set on object 'Object Repository/Login/input_Username, Email atau No. Handphone_a'

2023-09-29 15:13:15 - [TEST_STEP][PASSED] - setEncryptedText(findTestObject("Login/input_Password di Login(Masuk)"), "qbkrdMwyWE4="): Text ****** has been set on object 'Object Repository/Login/input_Password di Login(Masuk)'

2023-09-29 15:13:16 - [MESSAGE][PASSED] - Text ****** has been set on object 'Object Repository/Login/input_Password di Login(Masuk)'

2023-09-29 15:13:16 - [TEST_STEP][PASSED] - click(findTestObject("Login/button_Masuk di halaman login")): Object: 'Object Repository/Login/button_Masuk di halaman login' is clicked on

2023-09-29 15:13:17 - [MESSAGE][PASSED] - Object: 'Object Repository/Login/button_Masuk di halaman login' is clicked on

2023-09-29 15:13:17 - [TEST_STEP][PASSED] - verifyElementPresent(findTestObject("Pendaftaran/verifikasi MASUK di halaman Login"), 0): Object 'Object Repository/Pendaftaran/verifikasi MASUK di halaman Login' is present

2023-09-29 15:13:17 - [MESSAGE][WARNING] - Timeout '0' is invalid. Using default page load timeout: '30'

2023-09-29 15:13:17 - [MESSAGE][PASSED] - Object 'Object Repository/Pendaftaran/verifikasi MASUK di halaman Login' is present

2023-09-29 15:13:17 - [MESSAGE][PASSED] - Call Test Case 'Test Cases/T08 - Konfirmasi Pesanan/TC-LS-001' successfully

2023-09-29 15:13:17 - [TEST_STEP][PASSED] - setText(findTestObject("chekout/input aku mau belanja"), "acer"): Text 'acer' is set on object 'Object Repository/chekout/input aku mau belanja'

2023-09-29 15:13:18 - [MESSAGE][PASSED] - Text 'acer' is set on object 'Object Repository/chekout/input aku mau belanja'

2023-09-29 15:13:18 - [TEST_STEP][PASSED] - click(findTestObject("chekout/button_Cari di halaman tajalapak")): Object: 'Object Repository/chekout/button_Cari di halaman tajalapak' is clicked on

2023-09-29 15:13:19 - [MESSAGE][PASSED] - Object: 'Object Repository/chekout/button_Cari di halaman tajalapak' is clicked on

2023-09-29 15:13:19 - [TEST_STEP][PASSED] - click(findTestObject("chekout/NEW read more acer")): Object: 'Object Repository/chekout/NEW read more acer' is clicked on

2023-09-29 15:13:20 - [MESSAGE][PASSED] - Object: 'Object Repository/chekout/NEW read more acer' is clicked on

2023-09-29 15:13:20 - [TEST_STEP][PASSED] - click(findTestObject("chekout/button_Beli Sekarang di detail produk")): Object: 'Object Repository/chekout/button_Beli Sekarang di detail produk' is clicked on

2023-09-29 15:13:21 - [MESSAGE][PASSED] - Object: 'Object Repository/chekout/button_Beli Sekarang di detail produk' is clicked on

2023-09-29 15:13:21 - [TEST_STEP][PASSED] - verifyElementPresent(findTestObject("chekout/halaman keranjang belanja"), 0): Object 'Object Repository/chekout/halaman keranjang belanja' is present

2023-09-29 15:13:21 - [MESSAGE][WARNING] - Timeout '0' is invalid. Using default page load timeout: '30'

2023-09-29 15:13:22 - [MESSAGE][PASSED] - Object 'Object Repository/chekout/halaman keranjang belanja' is present

2023-09-29 15:13:22 - [TEST_STEP][PASSED] - click(findTestObject("chekout/button_Lanjut ke Pembayaran")): Object: 'Object Repository/chekout/button_Lanjut ke Pembayaran' is clicked on

2023-09-29 15:13:23 - [MESSAGE][PASSED] - Object: 'Object Repository/chekout/button_Lanjut ke Pembayaran' is clicked on

2023-09-29 15:13:23 - [TEST_STEP][PASSED] - selectOptionByValue(findTestObject("Object Repository/chekout/select_- Kirim via Kurir Lokal -Roda 2Roda 4"), Roda, false): All options with value '2' are selected in object 'Object Repository/chekout/select_- Kirim via Kurir Lokal -Roda 2Roda 4' 

2023-09-29 15:13:24 - [MESSAGE][PASSED] - All options with value '2' are selected in object 'Object Repository/chekout/select_- Kirim via Kurir Lokal -Roda 2Roda 4' 

2023-09-29 15:13:24 - [TEST_STEP][PASSED] - click(findTestObject("chekout/jenis kendaraan")): Object: 'Object Repository/chekout/jenis kendaraan' is clicked on

2023-09-29 15:13:25 - [MESSAGE][PASSED] - Object: 'Object Repository/chekout/jenis kendaraan' is clicked on

2023-09-29 15:13:25 - [TEST_STEP][PASSED] - if (toString().equalsIgnoreCase("transfer")): null

2023-09-29 15:13:25 - [TEST_STEP][PASSED] - else if (toString().equalsIgnoreCase("saldo")): Object 'Object Repository/co saldo akun/tf saldo akun' is checked

2023-09-29 15:13:25 - [TEST_STEP][PASSED] - check(findTestObject("Object Repository/co saldo akun/tf saldo akun")): Object 'Object Repository/co saldo akun/tf saldo akun' is checked

2023-09-29 15:13:26 - [MESSAGE][PASSED] - Object 'Object Repository/co saldo akun/tf saldo akun' is checked

2023-09-29 15:13:26 - [TEST_STEP][PASSED] - click(findTestObject("chekout/button_Proses Pembayaran")): Object: 'Object Repository/chekout/button_Proses Pembayaran' is clicked on

2023-09-29 15:13:31 - [MESSAGE][PASSED] - Object: 'Object Repository/chekout/button_Proses Pembayaran' is clicked on

2023-09-29 15:13:31 - [TEST_STEP][PASSED] - invoice = getText(findTestObject("Object Repository/co saldo akun/saldo akun no invoice")): Text of object 'Object Repository/co saldo akun/saldo akun no invoice' is: 'TRX91.20230929151326'

2023-09-29 15:13:32 - [MESSAGE][PASSED] - Text of object 'Object Repository/co saldo akun/saldo akun no invoice' is: 'TRX91.20230929151326'

2023-09-29 15:13:32 - [TEST_STEP][PASSED] - println(invoice): null

2023-09-29 15:13:32 - [TEST_STEP][PASSED] - penerima = getText(findTestObject("Object Repository/chekout/dikirim kepada sama dengan pengirim di tf di konfirmaasi bayar")): Text of object 'Object Repository/chekout/dikirim kepada sama dengan pengirim di tf di konfirmaasi bayar' is: 'runarun'

2023-09-29 15:13:32 - [MESSAGE][PASSED] - Text of object 'Object Repository/chekout/dikirim kepada sama dengan pengirim di tf di konfirmaasi bayar' is: 'runarun'

2023-09-29 15:13:32 - [TEST_STEP][PASSED] - println(penerima): null

2023-09-29 15:13:32 - [TEST_STEP][PASSED] - total = getText(findTestObject("Object Repository/chekout/total harga bayar")): Text of object 'Object Repository/chekout/total harga bayar' is: '17,072'

2023-09-29 15:13:33 - [MESSAGE][PASSED] - Text of object 'Object Repository/chekout/total harga bayar' is: '17,072'

2023-09-29 15:13:33 - [TEST_STEP][PASSED] - println(total): null

2023-09-29 15:13:33 - [TEST_STEP][PASSED] - total1 = replace(",", "").trim(): null

2023-09-29 15:13:33 - [TEST_STEP][PASSED] - totalHarga = Integer.parseInt(total1): null

2023-09-29 15:13:33 - [TEST_STEP][PASSED] - println(totalHarga): null

2023-09-29 15:13:33 - [TEST_STEP][PASSED] - ongkir = getText(findTestObject("Object Repository/co saldo akun/ongkir")): Text of object 'Object Repository/co saldo akun/ongkir' is: 'Rp 13,000'

2023-09-29 15:13:33 - [MESSAGE][PASSED] - Text of object 'Object Repository/co saldo akun/ongkir' is: 'Rp 13,000'

2023-09-29 15:13:33 - [TEST_STEP][PASSED] - ongkir1 = replace(",", "").trim(): null

2023-09-29 15:13:33 - [TEST_STEP][PASSED] - ongkosKirim = Integer.parseInt(ongkir1): null

2023-09-29 15:13:33 - [TEST_STEP][PASSED] - println(ongkosKirim): null

2023-09-29 15:13:33 - [TEST_STEP][PASSED] - admin = getText(findTestObject("Object Repository/co saldo akun/fee admin")): Text of object 'Object Repository/co saldo akun/fee admin' is: 'Rp 1,500'

2023-09-29 15:13:33 - [MESSAGE][PASSED] - Text of object 'Object Repository/co saldo akun/fee admin' is: 'Rp 1,500'

2023-09-29 15:13:33 - [TEST_STEP][PASSED] - admin1 = replace(",", "").trim(): null

2023-09-29 15:13:33 - [TEST_STEP][PASSED] - Badmin = Integer.parseInt(admin1): null

2023-09-29 15:13:33 - [TEST_STEP][PASSED] - println(Badmin): null

2023-09-29 15:13:33 - [TEST_STEP][PASSED] - sub = getText(findTestObject("Object Repository/co saldo akun/subtotal")): Text of object 'Object Repository/co saldo akun/subtotal' is: 'Rp 2,246'

2023-09-29 15:13:34 - [MESSAGE][PASSED] - Text of object 'Object Repository/co saldo akun/subtotal' is: 'Rp 2,246'

2023-09-29 15:13:34 - [TEST_STEP][PASSED] - sub1 = replace(",", "").trim(): null

2023-09-29 15:13:34 - [TEST_STEP][PASSED] - subtotal = Integer.parseInt(sub1): null

2023-09-29 15:13:34 - [TEST_STEP][PASSED] - println(subtotal): null

2023-09-29 15:13:34 - [TEST_STEP][PASSED] - tOng = ongkosKirim + subtotal: null

2023-09-29 15:13:34 - [TEST_STEP][PASSED] - println(tOng): null

2023-09-29 15:13:34 - [TEST_STEP][PASSED] - unik = getText(findTestObject("Object Repository/co saldo akun/kode unik")): Text of object 'Object Repository/co saldo akun/kode unik' is: '+326'

2023-09-29 15:13:34 - [MESSAGE][PASSED] - Text of object 'Object Repository/co saldo akun/kode unik' is: '+326'

2023-09-29 15:13:34 - [TEST_STEP][PASSED] - unik1 = replace("+", "").trim(): null

2023-09-29 15:13:34 - [TEST_STEP][PASSED] - kode = Integer.parseInt(unik1): null

2023-09-29 15:13:34 - [TEST_STEP][PASSED] - println(kode): null

2023-09-29 15:13:34 - [TEST_STEP][PASSED] - totalBayar = ongkosKirim + Badmin + subtotal + kode: null

2023-09-29 15:13:34 - [TEST_STEP][PASSED] - println(totalBayar): null

2023-09-29 15:13:34 - [TEST_STEP][PASSED] - assert totalBayar == totalHarga: null

2023-09-29 15:13:34 - [TEST_STEP][PASSED] - data1 = new java.util.HashMap(): null

2023-09-29 15:13:34 - [TEST_STEP][PASSED] - data1.put("invoice", invoice): null

2023-09-29 15:13:34 - [TEST_STEP][PASSED] - data1.put("nmPengirim", penerima): null

2023-09-29 15:13:34 - [TEST_STEP][PASSED] - data1.put("hargaBayar", total): null

2023-09-29 15:13:34 - [TEST_STEP][PASSED] - data1.put("totalOngkir", tOng): null

2023-09-29 15:13:34 - [TEST_STEP][PASSED] - return data1: null

2023-09-29 15:13:34 - [MESSAGE][PASSED] - Call Test Case 'Test Cases/T08 - Konfirmasi Pesanan/TC-OS-002' successfully

2023-09-29 15:13:34 - [TEST_STEP][PASSED] - inv = data1.get("invoice"): null

2023-09-29 15:13:34 - [TEST_STEP][PASSED] - namaPengirim = data1.get("nmPengirim"): null

2023-09-29 15:13:34 - [TEST_STEP][PASSED] - tOng = data1.get("totalOngkir"): null

2023-09-29 15:13:34 - [TEST_STEP][PASSED] - navigateToUrl("https://10.9.2.63/ecommerce/administrator/"): Navigate to 'https://10.9.2.63/ecommerce/administrator/' successfully

2023-09-29 15:13:34 - [MESSAGE][PASSED] - Navigate to 'https://10.9.2.63/ecommerce/administrator/' successfully

2023-09-29 15:13:34 - [TEST_STEP][PASSED] - setText(findTestObject("halaman admin/input_ADMIN_a"), "admin"): Text 'admin' is set on object 'Object Repository/halaman admin/input_ADMIN_a'

2023-09-29 15:13:35 - [MESSAGE][PASSED] - Text 'admin' is set on object 'Object Repository/halaman admin/input_ADMIN_a'

2023-09-29 15:13:35 - [TEST_STEP][PASSED] - setEncryptedText(findTestObject("halaman admin/input_ADMIN_password"), "374mkdZ/lqyNS21oH+MJZQ=="): Text ****** has been set on object 'Object Repository/halaman admin/input_ADMIN_password'

2023-09-29 15:13:35 - [MESSAGE][PASSED] - Text ****** has been set on object 'Object Repository/halaman admin/input_ADMIN_password'

2023-09-29 15:13:35 - [TEST_STEP][PASSED] - delay(10): Delayed 10 second(s)

2023-09-29 15:13:45 - [MESSAGE][PASSED] - Delayed 10 second(s)

2023-09-29 15:13:45 - [TEST_STEP][PASSED] - click(findTestObject("halaman admin/input_login admin")): Object: 'Object Repository/halaman admin/input_login admin' is clicked on

2023-09-29 15:13:47 - [MESSAGE][PASSED] - Object: 'Object Repository/halaman admin/input_login admin' is clicked on

2023-09-29 15:13:47 - [TEST_STEP][PASSED] - verifyElementPresent(findTestObject("halaman admin/VERIFIKASI MASUK DASHBORD ADMIN"), 0): Object 'Object Repository/halaman admin/VERIFIKASI MASUK DASHBORD ADMIN' is present

2023-09-29 15:13:47 - [MESSAGE][WARNING] - Timeout '0' is invalid. Using default page load timeout: '30'

2023-09-29 15:13:53 - [MESSAGE][PASSED] - Object 'Object Repository/halaman admin/VERIFIKASI MASUK DASHBORD ADMIN' is present

2023-09-29 15:13:53 - [TEST_STEP][PASSED] - click(findTestObject("halaman admin/a_Transaksi Market")): Object: 'Object Repository/halaman admin/a_Transaksi Market' is clicked on

2023-09-29 15:13:54 - [MESSAGE][PASSED] - Object: 'Object Repository/halaman admin/a_Transaksi Market' is clicked on

2023-09-29 15:13:54 - [TEST_STEP][PASSED] - click(findTestObject("halaman admin/a_Penjualan ke Konsumen")): Object: 'Object Repository/halaman admin/a_Penjualan ke Konsumen' is clicked on

2023-09-29 15:13:56 - [MESSAGE][PASSED] - Object: 'Object Repository/halaman admin/a_Penjualan ke Konsumen' is clicked on

2023-09-29 15:13:56 - [TEST_STEP][PASSED] - verifyElementPresent(findTestObject("halaman admin/VERIFIKASI MASUK KE penjual ke konsumen"), 0): Object 'Object Repository/halaman admin/VERIFIKASI MASUK KE penjual ke konsumen' is present

2023-09-29 15:13:56 - [MESSAGE][WARNING] - Timeout '0' is invalid. Using default page load timeout: '30'

2023-09-29 15:14:03 - [MESSAGE][PASSED] - Object 'Object Repository/halaman admin/VERIFIKASI MASUK KE penjual ke konsumen' is present

2023-09-29 15:14:03 - [TEST_STEP][PASSED] - click(findTestObject("halaman admin/search di penjual ke konsumen")): Object: 'Object Repository/halaman admin/search di penjual ke konsumen' is clicked on

2023-09-29 15:14:04 - [MESSAGE][PASSED] - Object: 'Object Repository/halaman admin/search di penjual ke konsumen' is clicked on

2023-09-29 15:14:04 - [TEST_STEP][PASSED] - setText(findTestObject("halaman admin/search di penjual ke konsumen"), inv): Text 'TRX91.20230929151326' is set on object 'Object Repository/halaman admin/search di penjual ke konsumen'

2023-09-29 15:14:05 - [MESSAGE][PASSED] - Text 'TRX91.20230929151326' is set on object 'Object Repository/halaman admin/search di penjual ke konsumen'

2023-09-29 15:14:05 - [TEST_STEP][PASSED] - status = getText(findTestObject("Object Repository/halaman admin/td_Pending")): Text of object 'Object Repository/halaman admin/td_Pending' is: 'Konfirmasi'

2023-09-29 15:14:05 - [MESSAGE][PASSED] - Text of object 'Object Repository/halaman admin/td_Pending' is: 'Konfirmasi'

2023-09-29 15:14:05 - [TEST_STEP][PASSED] - println(status): null

2023-09-29 15:14:05 - [TEST_STEP][PASSED] - totalOng = getText(findTestObject("Object Repository/halaman admin/td_Rp 15,246 (1 Produk)")): Text of object 'Object Repository/halaman admin/td_Rp 15,246 (1 Produk)' is: 'Rp 15,246 (1 Produk)'

2023-09-29 15:14:06 - [MESSAGE][PASSED] - Text of object 'Object Repository/halaman admin/td_Rp 15,246 (1 Produk)' is: 'Rp 15,246 (1 Produk)'

2023-09-29 15:14:06 - [TEST_STEP][PASSED] - println(totalOng): null

2023-09-29 15:14:06 - [TEST_STEP][PASSED] - harga = trim().replace(",", ""): null

2023-09-29 15:14:06 - [TEST_STEP][PASSED] - Harga1 = Integer.parseInt(harga): null

2023-09-29 15:14:06 - [TEST_STEP][PASSED] - println(harga): null

2023-09-29 15:14:06 - [TEST_STEP][PASSED] - konsumen = getText(findTestObject("Object Repository/halaman admin/KONSUMEN DI PENJUAL KE KONSUMEN")): Text of object 'Object Repository/halaman admin/KONSUMEN DI PENJUAL KE KONSUMEN' is: 'runarun'

2023-09-29 15:14:06 - [MESSAGE][PASSED] - Text of object 'Object Repository/halaman admin/KONSUMEN DI PENJUAL KE KONSUMEN' is: 'runarun'

2023-09-29 15:14:06 - [TEST_STEP][PASSED] - println(konsumen): null

2023-09-29 15:14:06 - [TEST_STEP][PASSED] - assert status == "Konfirmasi": null

2023-09-29 15:14:06 - [TEST_STEP][PASSED] - assert Harga1 == tOng: null

2023-09-29 15:14:06 - [TEST_STEP][PASSED] - assert konsumen == namaPengirim: null]]></system-out>
         <system-err><![CDATA[]]></system-err>
      </testcase>
      <testcase name="Test Cases/T08 - Konfirmasi Pesanan/TC-KF-001" time="37.527" classname="Test Cases/T08 - Konfirmasi Pesanan/TC-KF-001" status="PASSED">
         <system-out><![CDATA[2023-09-29 15:14:07 - [TEST_CASE][PASSED] - Test Cases/T08 - Konfirmasi Pesanan/TC-KF-001: Test Cases/T08 - Konfirmasi Pesanan/TC-KF-001

2023-09-29 15:14:07 - [TEST_STEP][PASSED] - data = callTestCase(findTestCase("T08 - Konfirmasi Pesanan/TC-OS-001"), ["Roda":"2", "MetodePembayaran":"transfer"], STOP_ON_FAILURE): Call Test Case 'Test Cases/T08 - Konfirmasi Pesanan/TC-OS-001' successfully

2023-09-29 15:14:08 - [TEST_CASE][PASSED] - Test Cases/T08 - Konfirmasi Pesanan/TC-OS-001: Test Cases/T08 - Konfirmasi Pesanan/TC-OS-001

2023-09-29 15:14:08 - [TEST_STEP][PASSED] - callTestCase(findTestCase("T08 - Konfirmasi Pesanan/TC-LS-001"), [:], STOP_ON_FAILURE): Call Test Case 'Test Cases/T08 - Konfirmasi Pesanan/TC-LS-001' successfully

2023-09-29 15:14:08 - [TEST_CASE][PASSED] - Test Cases/T08 - Konfirmasi Pesanan/TC-LS-001: Test Cases/T08 - Konfirmasi Pesanan/TC-LS-001

2023-09-29 15:14:08 - [TEST_STEP][PASSED] - openBrowser(urlWeb): Browser is opened with url: 'https://10.9.2.63/ecommerce/'

2023-09-29 15:14:08 - [MESSAGE][WARNING] - A browser is already opened. Closing browser and opening a new one

2023-09-29 15:14:10 - [MESSAGE][INFO] - Starting 'Firefox' driver

2023-09-29 15:14:10 - [MESSAGE][INFO] - Action delay is set to 0 milliseconds

2023-09-29 15:14:15 - [MESSAGE][PASSED] - Browser is opened with url: 'https://10.9.2.63/ecommerce/'

2023-09-29 15:14:15 - [TEST_STEP][PASSED] - maximizeWindow(): Current window maximized

2023-09-29 15:14:15 - [MESSAGE][PASSED] - Current window maximized

2023-09-29 15:14:15 - [TEST_STEP][PASSED] - click(findTestObject("Login/a_Login")): Object: 'Object Repository/Login/a_Login' is clicked on

2023-09-29 15:14:15 - [MESSAGE][PASSED] - Object: 'Object Repository/Login/a_Login' is clicked on

2023-09-29 15:14:15 - [TEST_STEP][PASSED] - setText(findTestObject("Login/input_Username, Email atau No. Handphone_a"), "runa36"): Text 'runa36' is set on object 'Object Repository/Login/input_Username, Email atau No. Handphone_a'

2023-09-29 15:14:16 - [MESSAGE][PASSED] - Text 'runa36' is set on object 'Object Repository/Login/input_Username, Email atau No. Handphone_a'

2023-09-29 15:14:16 - [TEST_STEP][PASSED] - setEncryptedText(findTestObject("Login/input_Password di Login(Masuk)"), "qbkrdMwyWE4="): Text ****** has been set on object 'Object Repository/Login/input_Password di Login(Masuk)'

2023-09-29 15:14:17 - [MESSAGE][PASSED] - Text ****** has been set on object 'Object Repository/Login/input_Password di Login(Masuk)'

2023-09-29 15:14:17 - [TEST_STEP][PASSED] - click(findTestObject("Login/button_Masuk di halaman login")): Object: 'Object Repository/Login/button_Masuk di halaman login' is clicked on

2023-09-29 15:14:17 - [MESSAGE][PASSED] - Object: 'Object Repository/Login/button_Masuk di halaman login' is clicked on

2023-09-29 15:14:17 - [TEST_STEP][PASSED] - verifyElementPresent(findTestObject("Pendaftaran/verifikasi MASUK di halaman Login"), 0): Object 'Object Repository/Pendaftaran/verifikasi MASUK di halaman Login' is present

2023-09-29 15:14:17 - [MESSAGE][WARNING] - Timeout '0' is invalid. Using default page load timeout: '30'

2023-09-29 15:14:18 - [MESSAGE][PASSED] - Object 'Object Repository/Pendaftaran/verifikasi MASUK di halaman Login' is present

2023-09-29 15:14:18 - [MESSAGE][PASSED] - Call Test Case 'Test Cases/T08 - Konfirmasi Pesanan/TC-LS-001' successfully

2023-09-29 15:14:18 - [TEST_STEP][PASSED] - setText(findTestObject("chekout/input aku mau belanja"), "acer"): Text 'acer' is set on object 'Object Repository/chekout/input aku mau belanja'

2023-09-29 15:14:19 - [MESSAGE][PASSED] - Text 'acer' is set on object 'Object Repository/chekout/input aku mau belanja'

2023-09-29 15:14:19 - [TEST_STEP][PASSED] - click(findTestObject("chekout/button_Cari di halaman tajalapak")): Object: 'Object Repository/chekout/button_Cari di halaman tajalapak' is clicked on

2023-09-29 15:14:20 - [MESSAGE][PASSED] - Object: 'Object Repository/chekout/button_Cari di halaman tajalapak' is clicked on

2023-09-29 15:14:20 - [TEST_STEP][PASSED] - click(findTestObject("chekout/NEW read more acer")): Object: 'Object Repository/chekout/NEW read more acer' is clicked on

2023-09-29 15:14:21 - [MESSAGE][PASSED] - Object: 'Object Repository/chekout/NEW read more acer' is clicked on

2023-09-29 15:14:21 - [TEST_STEP][PASSED] - click(findTestObject("chekout/button_Beli Sekarang di detail produk")): Object: 'Object Repository/chekout/button_Beli Sekarang di detail produk' is clicked on

2023-09-29 15:14:22 - [MESSAGE][PASSED] - Object: 'Object Repository/chekout/button_Beli Sekarang di detail produk' is clicked on

2023-09-29 15:14:22 - [TEST_STEP][PASSED] - verifyElementPresent(findTestObject("chekout/halaman keranjang belanja"), 0): Object 'Object Repository/chekout/halaman keranjang belanja' is present

2023-09-29 15:14:22 - [MESSAGE][WARNING] - Timeout '0' is invalid. Using default page load timeout: '30'

2023-09-29 15:14:23 - [MESSAGE][PASSED] - Object 'Object Repository/chekout/halaman keranjang belanja' is present

2023-09-29 15:14:23 - [TEST_STEP][PASSED] - click(findTestObject("chekout/button_Lanjut ke Pembayaran")): Object: 'Object Repository/chekout/button_Lanjut ke Pembayaran' is clicked on

2023-09-29 15:14:24 - [MESSAGE][PASSED] - Object: 'Object Repository/chekout/button_Lanjut ke Pembayaran' is clicked on

2023-09-29 15:14:24 - [TEST_STEP][PASSED] - selectOptionByValue(findTestObject("Object Repository/chekout/select_- Kirim via Kurir Lokal -Roda 2Roda 4"), Roda, false): All options with value '2' are selected in object 'Object Repository/chekout/select_- Kirim via Kurir Lokal -Roda 2Roda 4' 

2023-09-29 15:14:25 - [MESSAGE][PASSED] - All options with value '2' are selected in object 'Object Repository/chekout/select_- Kirim via Kurir Lokal -Roda 2Roda 4' 

2023-09-29 15:14:25 - [TEST_STEP][PASSED] - click(findTestObject("chekout/jenis kendaraan")): Object: 'Object Repository/chekout/jenis kendaraan' is clicked on

2023-09-29 15:14:26 - [MESSAGE][PASSED] - Object: 'Object Repository/chekout/jenis kendaraan' is clicked on

2023-09-29 15:14:26 - [TEST_STEP][PASSED] - if (toString().equalsIgnoreCase("transfer")): Object 'Object Repository/chekout/input metode tf bank' is checked

2023-09-29 15:14:26 - [TEST_STEP][PASSED] - check(findTestObject("chekout/input metode tf bank")): Object 'Object Repository/chekout/input metode tf bank' is checked

2023-09-29 15:14:26 - [MESSAGE][PASSED] - Object 'Object Repository/chekout/input metode tf bank' is checked

2023-09-29 15:14:26 - [TEST_STEP][PASSED] - click(findTestObject("chekout/button_Proses Pembayaran")): Object: 'Object Repository/chekout/button_Proses Pembayaran' is clicked on

2023-09-29 15:14:32 - [MESSAGE][PASSED] - Object: 'Object Repository/chekout/button_Proses Pembayaran' is clicked on

2023-09-29 15:14:32 - [TEST_STEP][PASSED] - noPesanan = getText(findTestObject("Object Repository/chekout/nomor invoice dari halaman menunggu pembayaran")): Text of object 'Object Repository/chekout/nomor invoice dari halaman menunggu pembayaran' is: 'TRX91.20230929151427'

2023-09-29 15:14:33 - [MESSAGE][PASSED] - Text of object 'Object Repository/chekout/nomor invoice dari halaman menunggu pembayaran' is: 'TRX91.20230929151427'

2023-09-29 15:14:33 - [TEST_STEP][PASSED] - println(noPesanan): null

2023-09-29 15:14:33 - [TEST_STEP][PASSED] - pengirim = getText(findTestObject("Object Repository/chekout/dikirim kepada sama dengan pengirim di tf di konfirmaasi bayar")): Text of object 'Object Repository/chekout/dikirim kepada sama dengan pengirim di tf di konfirmaasi bayar' is: 'runarun'

2023-09-29 15:14:33 - [MESSAGE][PASSED] - Text of object 'Object Repository/chekout/dikirim kepada sama dengan pengirim di tf di konfirmaasi bayar' is: 'runarun'

2023-09-29 15:14:33 - [TEST_STEP][PASSED] - totalharga = getText(findTestObject("Object Repository/chekout/total harga bayar")): Text of object 'Object Repository/chekout/total harga bayar' is: '17,173'

2023-09-29 15:14:34 - [MESSAGE][PASSED] - Text of object 'Object Repository/chekout/total harga bayar' is: '17,173'

2023-09-29 15:14:34 - [TEST_STEP][PASSED] - ongkir = getText(findTestObject("co saldo akun/new ongkir tf")): Text of object 'Object Repository/co saldo akun/new ongkir tf' is: 'Rp 13,000'

2023-09-29 15:14:34 - [MESSAGE][PASSED] - Text of object 'Object Repository/co saldo akun/new ongkir tf' is: 'Rp 13,000'

2023-09-29 15:14:34 - [TEST_STEP][PASSED] - ongkirr = replace(",", "").trim(): null

2023-09-29 15:14:34 - [TEST_STEP][PASSED] - ongkir1 = Integer.parseInt(ongkirr): null

2023-09-29 15:14:34 - [TEST_STEP][PASSED] - println(ongkir1): null

2023-09-29 15:14:34 - [TEST_STEP][PASSED] - biayaAdmin = getText(findTestObject("co saldo akun/new fee admin tf")): Text of object 'Object Repository/co saldo akun/new fee admin tf' is: 'Rp 1,500'

2023-09-29 15:14:35 - [MESSAGE][PASSED] - Text of object 'Object Repository/co saldo akun/new fee admin tf' is: 'Rp 1,500'

2023-09-29 15:14:35 - [TEST_STEP][PASSED] - bAdmin = replace(",", "").trim(): null

2023-09-29 15:14:35 - [TEST_STEP][PASSED] - Integer.parseInt(bAdmin): null

2023-09-29 15:14:35 - [TEST_STEP][PASSED] - Admin = Double.parseDouble(bAdmin): null

2023-09-29 15:14:35 - [TEST_STEP][PASSED] - println(Admin): null

2023-09-29 15:14:35 - [TEST_STEP][PASSED] - subtotal = getText(findTestObject("co saldo akun/new subtotal tf")): Text of object 'Object Repository/co saldo akun/new subtotal tf' is: 'Rp 2,246'

2023-09-29 15:14:35 - [MESSAGE][PASSED] - Text of object 'Object Repository/co saldo akun/new subtotal tf' is: 'Rp 2,246'

2023-09-29 15:14:35 - [TEST_STEP][PASSED] - subtotall = replace(",", "").trim(): null

2023-09-29 15:14:35 - [TEST_STEP][PASSED] - Integer.parseInt(subtotall): null

2023-09-29 15:14:35 - [TEST_STEP][PASSED] - sub = Double.parseDouble(subtotall): null

2023-09-29 15:14:35 - [TEST_STEP][PASSED] - println(sub): null

2023-09-29 15:14:35 - [TEST_STEP][PASSED] - kode = getText(findTestObject("co saldo akun/new kode unik tf")): Text of object 'Object Repository/co saldo akun/new kode unik tf' is: '+427'

2023-09-29 15:14:36 - [MESSAGE][PASSED] - Text of object 'Object Repository/co saldo akun/new kode unik tf' is: '+427'

2023-09-29 15:14:36 - [TEST_STEP][PASSED] - kodee = replace("+", "").trim(): null

2023-09-29 15:14:36 - [TEST_STEP][PASSED] - Integer.parseInt(kodee): null

2023-09-29 15:14:36 - [TEST_STEP][PASSED] - code = Double.parseDouble(kodee): null

2023-09-29 15:14:36 - [TEST_STEP][PASSED] - tOng = ongkir1 + sub: null

2023-09-29 15:14:36 - [TEST_STEP][PASSED] - println(tOng): null

2023-09-29 15:14:36 - [TEST_STEP][PASSED] - totalBayar = tOng + Admin + code: null

2023-09-29 15:14:36 - [TEST_STEP][PASSED] - println(totalBayar): null

2023-09-29 15:14:36 - [TEST_STEP][PASSED] - totalBayar1 = totalBayar: null

2023-09-29 15:14:36 - [TEST_STEP][PASSED] - println(totalBayar1): null

2023-09-29 15:14:36 - [TEST_STEP][PASSED] - total = getText(findTestObject("co saldo akun/new total harga tf")): Text of object 'Object Repository/co saldo akun/new total harga tf' is: '17,173'

2023-09-29 15:14:36 - [MESSAGE][PASSED] - Text of object 'Object Repository/co saldo akun/new total harga tf' is: '17,173'

2023-09-29 15:14:36 - [TEST_STEP][PASSED] - total1 = replace(",", "").trim(): null

2023-09-29 15:14:36 - [TEST_STEP][PASSED] - total2 = Integer.parseInt(total1): null

2023-09-29 15:14:36 - [TEST_STEP][PASSED] - println(total2): null

2023-09-29 15:14:36 - [TEST_STEP][PASSED] - assert totalBayar1 == total2: null

2023-09-29 15:14:36 - [TEST_STEP][PASSED] - data = new java.util.HashMap(): null

2023-09-29 15:14:36 - [TEST_STEP][PASSED] - data.put("invoice", noPesanan): null

2023-09-29 15:14:36 - [TEST_STEP][PASSED] - data.put("namaPengirim", pengirim): null

2023-09-29 15:14:36 - [TEST_STEP][PASSED] - data.put("totalBayar", totalharga): null

2023-09-29 15:14:36 - [TEST_STEP][PASSED] - data.put("totalOngkir", tOng): null

2023-09-29 15:14:36 - [TEST_STEP][PASSED] - return data: null

2023-09-29 15:14:36 - [MESSAGE][PASSED] - Call Test Case 'Test Cases/T08 - Konfirmasi Pesanan/TC-OS-001' successfully

2023-09-29 15:14:36 - [TEST_STEP][PASSED] - noPesanan = data.get("invoice"): null

2023-09-29 15:14:36 - [TEST_STEP][PASSED] - nmPengirim = data.get("namaPengirim"): null

2023-09-29 15:14:36 - [TEST_STEP][PASSED] - ttlBayar = data.get("totalBayar"): null

2023-09-29 15:14:36 - [TEST_STEP][PASSED] - click(findTestObject("konfirmasi pesanan/a_Akun 0")): Object: 'Object Repository/konfirmasi pesanan/a_Akun 0' is clicked on

2023-09-29 15:14:37 - [MESSAGE][PASSED] - Object: 'Object Repository/konfirmasi pesanan/a_Akun 0' is clicked on

2023-09-29 15:14:37 - [TEST_STEP][PASSED] - click(findTestObject("konfirmasi pesanan/a_Profile")): Object: 'Object Repository/konfirmasi pesanan/a_Profile' is clicked on

2023-09-29 15:14:38 - [MESSAGE][PASSED] - Object: 'Object Repository/konfirmasi pesanan/a_Profile' is clicked on

2023-09-29 15:14:38 - [TEST_STEP][PASSED] - click(findTestObject("konfirmasi pesanan/a_Pembelian")): Object: 'Object Repository/konfirmasi pesanan/a_Pembelian' is clicked on

2023-09-29 15:14:39 - [MESSAGE][PASSED] - Object: 'Object Repository/konfirmasi pesanan/a_Pembelian' is clicked on

2023-09-29 15:14:39 - [TEST_STEP][PASSED] - click(findTestObject("konfirmasi pesanan/new konfirmasi bayar")): Object: 'Object Repository/konfirmasi pesanan/new konfirmasi bayar' is clicked on

2023-09-29 15:14:40 - [MESSAGE][PASSED] - Object: 'Object Repository/konfirmasi pesanan/new konfirmasi bayar' is clicked on

2023-09-29 15:14:40 - [TEST_STEP][PASSED] - verifyElementPresent(findTestObject("konfirmasi pesanan/verifikasi user masuk halaman konfirmasi bayar dari akun profil"), 0): Object 'Object Repository/konfirmasi pesanan/verifikasi user masuk halaman konfirmasi bayar dari akun profil' is present

2023-09-29 15:14:40 - [MESSAGE][WARNING] - Timeout '0' is invalid. Using default page load timeout: '30'

2023-09-29 15:14:40 - [MESSAGE][PASSED] - Object 'Object Repository/konfirmasi pesanan/verifikasi user masuk halaman konfirmasi bayar dari akun profil' is present

2023-09-29 15:14:40 - [TEST_STEP][PASSED] - selectOptionByValue(findTestObject("Object Repository/konfirmasi pesanan/select dropdown trasfer"), transfer, false): All options with value '1' are selected in object 'Object Repository/konfirmasi pesanan/select dropdown trasfer' 

2023-09-29 15:14:41 - [MESSAGE][PASSED] - All options with value '1' are selected in object 'Object Repository/konfirmasi pesanan/select dropdown trasfer' 

2023-09-29 15:14:41 - [TEST_STEP][PASSED] - clearText(findTestObject("konfirmasi pesanan/input_Nama Pengirim_d")): Text of object 'Object Repository/konfirmasi pesanan/input_Nama Pengirim_d' is cleared

2023-09-29 15:14:42 - [MESSAGE][PASSED] - Text of object 'Object Repository/konfirmasi pesanan/input_Nama Pengirim_d' is cleared

2023-09-29 15:14:42 - [TEST_STEP][PASSED] - setText(findTestObject("konfirmasi pesanan/input_Nama Pengirim_d"), name): Text 'runarun' is set on object 'Object Repository/konfirmasi pesanan/input_Nama Pengirim_d'

2023-09-29 15:14:42 - [MESSAGE][PASSED] - Text 'runarun' is set on object 'Object Repository/konfirmasi pesanan/input_Nama Pengirim_d'

2023-09-29 15:14:42 - [TEST_STEP][PASSED] - clearText(findTestObject("konfirmasi pesanan/input_Tanggal Transfer_e")): Text of object 'Object Repository/konfirmasi pesanan/input_Tanggal Transfer_e' is cleared

2023-09-29 15:14:43 - [MESSAGE][PASSED] - Text of object 'Object Repository/konfirmasi pesanan/input_Tanggal Transfer_e' is cleared

2023-09-29 15:14:43 - [TEST_STEP][PASSED] - setText(findTestObject("konfirmasi pesanan/input_Tanggal Transfer_e"), tanggal): Text '2023-09-11' is set on object 'Object Repository/konfirmasi pesanan/input_Tanggal Transfer_e'

2023-09-29 15:14:43 - [MESSAGE][PASSED] - Text '2023-09-11' is set on object 'Object Repository/konfirmasi pesanan/input_Tanggal Transfer_e'

2023-09-29 15:14:43 - [TEST_STEP][PASSED] - click(findTestObject("konfirmasi pesanan/button_Konfirmasi Pembayaran")): Object: 'Object Repository/konfirmasi pesanan/button_Konfirmasi Pembayaran' is clicked on

2023-09-29 15:14:44 - [MESSAGE][PASSED] - Object: 'Object Repository/konfirmasi pesanan/button_Konfirmasi Pembayaran' is clicked on

2023-09-29 15:14:44 - [TEST_STEP][PASSED] - webDriver = getWebDriver(): null

2023-09-29 15:14:44 - [TEST_STEP][PASSED] - field_photo = webDriver.findElement(By.xpath("//input[@name="f"]")): null

2023-09-29 15:14:44 - [TEST_STEP][PASSED] - error_message = webDriver.executeScript("return arguments[0].validationMessage", field_photo): null

2023-09-29 15:14:44 - [TEST_STEP][PASSED] - println(error_message): null

2023-09-29 15:14:44 - [TEST_STEP][PASSED] - assert error_message == "Please select a file.": null]]></system-out>
         <system-err><![CDATA[]]></system-err>
      </testcase>
      <testcase name="Test Cases/T08 - Konfirmasi Pesanan/TC-KF-002" time="36.927" classname="Test Cases/T08 - Konfirmasi Pesanan/TC-KF-002" status="PASSED">
         <system-out><![CDATA[2023-09-29 15:14:44 - [TEST_CASE][PASSED] - Test Cases/T08 - Konfirmasi Pesanan/TC-KF-002: Test Cases/T08 - Konfirmasi Pesanan/TC-KF-002

2023-09-29 15:14:45 - [TEST_STEP][PASSED] - callTestCase(findTestCase("T08 - Konfirmasi Pesanan/TC-OS-001"), ["Roda":"2", "MetodePembayaran":"transfer"], STOP_ON_FAILURE): Call Test Case 'Test Cases/T08 - Konfirmasi Pesanan/TC-OS-001' successfully

2023-09-29 15:14:45 - [TEST_CASE][PASSED] - Test Cases/T08 - Konfirmasi Pesanan/TC-OS-001: Test Cases/T08 - Konfirmasi Pesanan/TC-OS-001

2023-09-29 15:14:45 - [TEST_STEP][PASSED] - callTestCase(findTestCase("T08 - Konfirmasi Pesanan/TC-LS-001"), [:], STOP_ON_FAILURE): Call Test Case 'Test Cases/T08 - Konfirmasi Pesanan/TC-LS-001' successfully

2023-09-29 15:14:45 - [TEST_CASE][PASSED] - Test Cases/T08 - Konfirmasi Pesanan/TC-LS-001: Test Cases/T08 - Konfirmasi Pesanan/TC-LS-001

2023-09-29 15:14:45 - [TEST_STEP][PASSED] - openBrowser(urlWeb): Browser is opened with url: 'https://10.9.2.63/ecommerce/'

2023-09-29 15:14:45 - [MESSAGE][WARNING] - A browser is already opened. Closing browser and opening a new one

2023-09-29 15:14:47 - [MESSAGE][INFO] - Starting 'Firefox' driver

2023-09-29 15:14:47 - [MESSAGE][INFO] - Action delay is set to 0 milliseconds

2023-09-29 15:14:52 - [MESSAGE][PASSED] - Browser is opened with url: 'https://10.9.2.63/ecommerce/'

2023-09-29 15:14:52 - [TEST_STEP][PASSED] - maximizeWindow(): Current window maximized

2023-09-29 15:14:52 - [MESSAGE][PASSED] - Current window maximized

2023-09-29 15:14:52 - [TEST_STEP][PASSED] - click(findTestObject("Login/a_Login")): Object: 'Object Repository/Login/a_Login' is clicked on

2023-09-29 15:14:53 - [MESSAGE][PASSED] - Object: 'Object Repository/Login/a_Login' is clicked on

2023-09-29 15:14:53 - [TEST_STEP][PASSED] - setText(findTestObject("Login/input_Username, Email atau No. Handphone_a"), "runa36"): Text 'runa36' is set on object 'Object Repository/Login/input_Username, Email atau No. Handphone_a'

2023-09-29 15:14:53 - [MESSAGE][PASSED] - Text 'runa36' is set on object 'Object Repository/Login/input_Username, Email atau No. Handphone_a'

2023-09-29 15:14:53 - [TEST_STEP][PASSED] - setEncryptedText(findTestObject("Login/input_Password di Login(Masuk)"), "qbkrdMwyWE4="): Text ****** has been set on object 'Object Repository/Login/input_Password di Login(Masuk)'

2023-09-29 15:14:54 - [MESSAGE][PASSED] - Text ****** has been set on object 'Object Repository/Login/input_Password di Login(Masuk)'

2023-09-29 15:14:54 - [TEST_STEP][PASSED] - click(findTestObject("Login/button_Masuk di halaman login")): Object: 'Object Repository/Login/button_Masuk di halaman login' is clicked on

2023-09-29 15:14:55 - [MESSAGE][PASSED] - Object: 'Object Repository/Login/button_Masuk di halaman login' is clicked on

2023-09-29 15:14:55 - [TEST_STEP][PASSED] - verifyElementPresent(findTestObject("Pendaftaran/verifikasi MASUK di halaman Login"), 0): Object 'Object Repository/Pendaftaran/verifikasi MASUK di halaman Login' is present

2023-09-29 15:14:55 - [MESSAGE][WARNING] - Timeout '0' is invalid. Using default page load timeout: '30'

2023-09-29 15:14:55 - [MESSAGE][PASSED] - Object 'Object Repository/Pendaftaran/verifikasi MASUK di halaman Login' is present

2023-09-29 15:14:55 - [MESSAGE][PASSED] - Call Test Case 'Test Cases/T08 - Konfirmasi Pesanan/TC-LS-001' successfully

2023-09-29 15:14:55 - [TEST_STEP][PASSED] - setText(findTestObject("chekout/input aku mau belanja"), "acer"): Text 'acer' is set on object 'Object Repository/chekout/input aku mau belanja'

2023-09-29 15:14:56 - [MESSAGE][PASSED] - Text 'acer' is set on object 'Object Repository/chekout/input aku mau belanja'

2023-09-29 15:14:56 - [TEST_STEP][PASSED] - click(findTestObject("chekout/button_Cari di halaman tajalapak")): Object: 'Object Repository/chekout/button_Cari di halaman tajalapak' is clicked on

2023-09-29 15:14:57 - [MESSAGE][PASSED] - Object: 'Object Repository/chekout/button_Cari di halaman tajalapak' is clicked on

2023-09-29 15:14:57 - [TEST_STEP][PASSED] - click(findTestObject("chekout/NEW read more acer")): Object: 'Object Repository/chekout/NEW read more acer' is clicked on

2023-09-29 15:14:58 - [MESSAGE][PASSED] - Object: 'Object Repository/chekout/NEW read more acer' is clicked on

2023-09-29 15:14:58 - [TEST_STEP][PASSED] - click(findTestObject("chekout/button_Beli Sekarang di detail produk")): Object: 'Object Repository/chekout/button_Beli Sekarang di detail produk' is clicked on

2023-09-29 15:14:59 - [MESSAGE][PASSED] - Object: 'Object Repository/chekout/button_Beli Sekarang di detail produk' is clicked on

2023-09-29 15:14:59 - [TEST_STEP][PASSED] - verifyElementPresent(findTestObject("chekout/halaman keranjang belanja"), 0): Object 'Object Repository/chekout/halaman keranjang belanja' is present

2023-09-29 15:14:59 - [MESSAGE][WARNING] - Timeout '0' is invalid. Using default page load timeout: '30'

2023-09-29 15:15:00 - [MESSAGE][PASSED] - Object 'Object Repository/chekout/halaman keranjang belanja' is present

2023-09-29 15:15:00 - [TEST_STEP][PASSED] - click(findTestObject("chekout/button_Lanjut ke Pembayaran")): Object: 'Object Repository/chekout/button_Lanjut ke Pembayaran' is clicked on

2023-09-29 15:15:01 - [MESSAGE][PASSED] - Object: 'Object Repository/chekout/button_Lanjut ke Pembayaran' is clicked on

2023-09-29 15:15:01 - [TEST_STEP][PASSED] - selectOptionByValue(findTestObject("Object Repository/chekout/select_- Kirim via Kurir Lokal -Roda 2Roda 4"), Roda, false): All options with value '2' are selected in object 'Object Repository/chekout/select_- Kirim via Kurir Lokal -Roda 2Roda 4' 

2023-09-29 15:15:02 - [MESSAGE][PASSED] - All options with value '2' are selected in object 'Object Repository/chekout/select_- Kirim via Kurir Lokal -Roda 2Roda 4' 

2023-09-29 15:15:02 - [TEST_STEP][PASSED] - click(findTestObject("chekout/jenis kendaraan")): Object: 'Object Repository/chekout/jenis kendaraan' is clicked on

2023-09-29 15:15:03 - [MESSAGE][PASSED] - Object: 'Object Repository/chekout/jenis kendaraan' is clicked on

2023-09-29 15:15:03 - [TEST_STEP][PASSED] - if (toString().equalsIgnoreCase("transfer")): Object 'Object Repository/chekout/input metode tf bank' is checked

2023-09-29 15:15:03 - [TEST_STEP][PASSED] - check(findTestObject("chekout/input metode tf bank")): Object 'Object Repository/chekout/input metode tf bank' is checked

2023-09-29 15:15:03 - [MESSAGE][PASSED] - Object 'Object Repository/chekout/input metode tf bank' is checked

2023-09-29 15:15:03 - [TEST_STEP][PASSED] - click(findTestObject("chekout/button_Proses Pembayaran")): Object: 'Object Repository/chekout/button_Proses Pembayaran' is clicked on

2023-09-29 15:15:09 - [MESSAGE][PASSED] - Object: 'Object Repository/chekout/button_Proses Pembayaran' is clicked on

2023-09-29 15:15:09 - [TEST_STEP][PASSED] - noPesanan = getText(findTestObject("Object Repository/chekout/nomor invoice dari halaman menunggu pembayaran")): Text of object 'Object Repository/chekout/nomor invoice dari halaman menunggu pembayaran' is: 'TRX91.20230929151504'

2023-09-29 15:15:10 - [MESSAGE][PASSED] - Text of object 'Object Repository/chekout/nomor invoice dari halaman menunggu pembayaran' is: 'TRX91.20230929151504'

2023-09-29 15:15:10 - [TEST_STEP][PASSED] - println(noPesanan): null

2023-09-29 15:15:10 - [TEST_STEP][PASSED] - pengirim = getText(findTestObject("Object Repository/chekout/dikirim kepada sama dengan pengirim di tf di konfirmaasi bayar")): Text of object 'Object Repository/chekout/dikirim kepada sama dengan pengirim di tf di konfirmaasi bayar' is: 'runarun'

2023-09-29 15:15:10 - [MESSAGE][PASSED] - Text of object 'Object Repository/chekout/dikirim kepada sama dengan pengirim di tf di konfirmaasi bayar' is: 'runarun'

2023-09-29 15:15:10 - [TEST_STEP][PASSED] - totalharga = getText(findTestObject("Object Repository/chekout/total harga bayar")): Text of object 'Object Repository/chekout/total harga bayar' is: '17,250'

2023-09-29 15:15:11 - [MESSAGE][PASSED] - Text of object 'Object Repository/chekout/total harga bayar' is: '17,250'

2023-09-29 15:15:11 - [TEST_STEP][PASSED] - ongkir = getText(findTestObject("co saldo akun/new ongkir tf")): Text of object 'Object Repository/co saldo akun/new ongkir tf' is: 'Rp 13,000'

2023-09-29 15:15:11 - [MESSAGE][PASSED] - Text of object 'Object Repository/co saldo akun/new ongkir tf' is: 'Rp 13,000'

2023-09-29 15:15:11 - [TEST_STEP][PASSED] - ongkirr = replace(",", "").trim(): null

2023-09-29 15:15:11 - [TEST_STEP][PASSED] - ongkir1 = Integer.parseInt(ongkirr): null

2023-09-29 15:15:11 - [TEST_STEP][PASSED] - println(ongkir1): null

2023-09-29 15:15:11 - [TEST_STEP][PASSED] - biayaAdmin = getText(findTestObject("co saldo akun/new fee admin tf")): Text of object 'Object Repository/co saldo akun/new fee admin tf' is: 'Rp 1,500'

2023-09-29 15:15:12 - [MESSAGE][PASSED] - Text of object 'Object Repository/co saldo akun/new fee admin tf' is: 'Rp 1,500'

2023-09-29 15:15:12 - [TEST_STEP][PASSED] - bAdmin = replace(",", "").trim(): null

2023-09-29 15:15:12 - [TEST_STEP][PASSED] - Integer.parseInt(bAdmin): null

2023-09-29 15:15:12 - [TEST_STEP][PASSED] - Admin = Double.parseDouble(bAdmin): null

2023-09-29 15:15:12 - [TEST_STEP][PASSED] - println(Admin): null

2023-09-29 15:15:12 - [TEST_STEP][PASSED] - subtotal = getText(findTestObject("co saldo akun/new subtotal tf")): Text of object 'Object Repository/co saldo akun/new subtotal tf' is: 'Rp 2,246'

2023-09-29 15:15:12 - [MESSAGE][PASSED] - Text of object 'Object Repository/co saldo akun/new subtotal tf' is: 'Rp 2,246'

2023-09-29 15:15:12 - [TEST_STEP][PASSED] - subtotall = replace(",", "").trim(): null

2023-09-29 15:15:12 - [TEST_STEP][PASSED] - Integer.parseInt(subtotall): null

2023-09-29 15:15:12 - [TEST_STEP][PASSED] - sub = Double.parseDouble(subtotall): null

2023-09-29 15:15:12 - [TEST_STEP][PASSED] - println(sub): null

2023-09-29 15:15:12 - [TEST_STEP][PASSED] - kode = getText(findTestObject("co saldo akun/new kode unik tf")): Text of object 'Object Repository/co saldo akun/new kode unik tf' is: '+504'

2023-09-29 15:15:13 - [MESSAGE][PASSED] - Text of object 'Object Repository/co saldo akun/new kode unik tf' is: '+504'

2023-09-29 15:15:13 - [TEST_STEP][PASSED] - kodee = replace("+", "").trim(): null

2023-09-29 15:15:13 - [TEST_STEP][PASSED] - Integer.parseInt(kodee): null

2023-09-29 15:15:13 - [TEST_STEP][PASSED] - code = Double.parseDouble(kodee): null

2023-09-29 15:15:13 - [TEST_STEP][PASSED] - tOng = ongkir1 + sub: null

2023-09-29 15:15:13 - [TEST_STEP][PASSED] - println(tOng): null

2023-09-29 15:15:13 - [TEST_STEP][PASSED] - totalBayar = tOng + Admin + code: null

2023-09-29 15:15:13 - [TEST_STEP][PASSED] - println(totalBayar): null

2023-09-29 15:15:13 - [TEST_STEP][PASSED] - totalBayar1 = totalBayar: null

2023-09-29 15:15:13 - [TEST_STEP][PASSED] - println(totalBayar1): null

2023-09-29 15:15:13 - [TEST_STEP][PASSED] - total = getText(findTestObject("co saldo akun/new total harga tf")): Text of object 'Object Repository/co saldo akun/new total harga tf' is: '17,250'

2023-09-29 15:15:13 - [MESSAGE][PASSED] - Text of object 'Object Repository/co saldo akun/new total harga tf' is: '17,250'

2023-09-29 15:15:13 - [TEST_STEP][PASSED] - total1 = replace(",", "").trim(): null

2023-09-29 15:15:13 - [TEST_STEP][PASSED] - total2 = Integer.parseInt(total1): null

2023-09-29 15:15:13 - [TEST_STEP][PASSED] - println(total2): null

2023-09-29 15:15:13 - [TEST_STEP][PASSED] - assert totalBayar1 == total2: null

2023-09-29 15:15:13 - [TEST_STEP][PASSED] - data = new java.util.HashMap(): null

2023-09-29 15:15:13 - [TEST_STEP][PASSED] - data.put("invoice", noPesanan): null

2023-09-29 15:15:13 - [TEST_STEP][PASSED] - data.put("namaPengirim", pengirim): null

2023-09-29 15:15:13 - [TEST_STEP][PASSED] - data.put("totalBayar", totalharga): null

2023-09-29 15:15:13 - [TEST_STEP][PASSED] - data.put("totalOngkir", tOng): null

2023-09-29 15:15:13 - [TEST_STEP][PASSED] - return data: null

2023-09-29 15:15:13 - [MESSAGE][PASSED] - Call Test Case 'Test Cases/T08 - Konfirmasi Pesanan/TC-OS-001' successfully

2023-09-29 15:15:13 - [TEST_STEP][PASSED] - click(findTestObject("konfirmasi pesanan/a_Akun 0")): Object: 'Object Repository/konfirmasi pesanan/a_Akun 0' is clicked on

2023-09-29 15:15:14 - [MESSAGE][PASSED] - Object: 'Object Repository/konfirmasi pesanan/a_Akun 0' is clicked on

2023-09-29 15:15:14 - [TEST_STEP][PASSED] - click(findTestObject("konfirmasi pesanan/a_Profile")): Object: 'Object Repository/konfirmasi pesanan/a_Profile' is clicked on

2023-09-29 15:15:15 - [MESSAGE][PASSED] - Object: 'Object Repository/konfirmasi pesanan/a_Profile' is clicked on

2023-09-29 15:15:15 - [TEST_STEP][PASSED] - click(findTestObject("konfirmasi pesanan/a_Pembelian")): Object: 'Object Repository/konfirmasi pesanan/a_Pembelian' is clicked on

2023-09-29 15:15:16 - [MESSAGE][PASSED] - Object: 'Object Repository/konfirmasi pesanan/a_Pembelian' is clicked on

2023-09-29 15:15:16 - [TEST_STEP][PASSED] - click(findTestObject("konfirmasi pesanan/new konfirmasi bayar")): Object: 'Object Repository/konfirmasi pesanan/new konfirmasi bayar' is clicked on

2023-09-29 15:15:17 - [MESSAGE][PASSED] - Object: 'Object Repository/konfirmasi pesanan/new konfirmasi bayar' is clicked on

2023-09-29 15:15:17 - [TEST_STEP][PASSED] - clearText(findTestObject("konfirmasi pesanan/input_Total TagihanTransfer_b")): Text of object 'Object Repository/konfirmasi pesanan/input_Total TagihanTransfer_b' is cleared

2023-09-29 15:15:17 - [MESSAGE][PASSED] - Text of object 'Object Repository/konfirmasi pesanan/input_Total TagihanTransfer_b' is cleared

2023-09-29 15:15:17 - [TEST_STEP][PASSED] - selectOptionByValue(findTestObject("konfirmasi pesanan/select dropdown trasfer"), transfer, false): All options with value '1' are selected in object 'Object Repository/konfirmasi pesanan/select dropdown trasfer' 

2023-09-29 15:15:18 - [MESSAGE][PASSED] - All options with value '1' are selected in object 'Object Repository/konfirmasi pesanan/select dropdown trasfer' 

2023-09-29 15:15:18 - [TEST_STEP][PASSED] - clearText(findTestObject("konfirmasi pesanan/input_Nama Pengirim_d")): Text of object 'Object Repository/konfirmasi pesanan/input_Nama Pengirim_d' is cleared

2023-09-29 15:15:18 - [MESSAGE][PASSED] - Text of object 'Object Repository/konfirmasi pesanan/input_Nama Pengirim_d' is cleared

2023-09-29 15:15:18 - [TEST_STEP][PASSED] - setText(findTestObject("konfirmasi pesanan/input_Nama Pengirim_d"), name): Text 'runarun' is set on object 'Object Repository/konfirmasi pesanan/input_Nama Pengirim_d'

2023-09-29 15:15:19 - [MESSAGE][PASSED] - Text 'runarun' is set on object 'Object Repository/konfirmasi pesanan/input_Nama Pengirim_d'

2023-09-29 15:15:19 - [TEST_STEP][PASSED] - clearText(findTestObject("konfirmasi pesanan/input_Tanggal Transfer_e")): Text of object 'Object Repository/konfirmasi pesanan/input_Tanggal Transfer_e' is cleared

2023-09-29 15:15:20 - [MESSAGE][PASSED] - Text of object 'Object Repository/konfirmasi pesanan/input_Tanggal Transfer_e' is cleared

2023-09-29 15:15:20 - [TEST_STEP][PASSED] - setText(findTestObject("konfirmasi pesanan/input_Tanggal Transfer_e"), date): Text '2023-09-11' is set on object 'Object Repository/konfirmasi pesanan/input_Tanggal Transfer_e'

2023-09-29 15:15:20 - [MESSAGE][PASSED] - Text '2023-09-11' is set on object 'Object Repository/konfirmasi pesanan/input_Tanggal Transfer_e'

2023-09-29 15:15:20 - [TEST_STEP][PASSED] - uploadFile(findTestObject("konfirmasi pesanan/input_Upload Bukti Transfer_f"), "F:\bootcamp\Miniproject\transfer.jpg"): File 'F:\bootcamp\Miniproject\transfer.jpg' sent to object: 'Object Repository/konfirmasi pesanan/input_Upload Bukti Transfer_f'

2023-09-29 15:15:20 - [MESSAGE][PASSED] - File 'F:\bootcamp\Miniproject\transfer.jpg' sent to object: 'Object Repository/konfirmasi pesanan/input_Upload Bukti Transfer_f'

2023-09-29 15:15:20 - [TEST_STEP][PASSED] - click(findTestObject("konfirmasi pesanan/button_Konfirmasi Pembayaran")): Object: 'Object Repository/konfirmasi pesanan/button_Konfirmasi Pembayaran' is clicked on

2023-09-29 15:15:21 - [MESSAGE][PASSED] - Object: 'Object Repository/konfirmasi pesanan/button_Konfirmasi Pembayaran' is clicked on

2023-09-29 15:15:21 - [TEST_STEP][PASSED] - webDriver = getWebDriver(): null

2023-09-29 15:15:21 - [TEST_STEP][PASSED] - field_count = webDriver.findElement(By.xpath("(//input[@name="b"])[3]")): null

2023-09-29 15:15:21 - [TEST_STEP][PASSED] - error_message = webDriver.executeScript("return arguments[0].validationMessage", field_count): null

2023-09-29 15:15:21 - [TEST_STEP][PASSED] - println(error_message): null

2023-09-29 15:15:21 - [TEST_STEP][PASSED] - assert error_message == "Please fill out this field.": null]]></system-out>
         <system-err><![CDATA[]]></system-err>
      </testcase>
      <testcase name="Test Cases/T08 - Konfirmasi Pesanan/TC-KF-003" time="12.891" classname="Test Cases/T08 - Konfirmasi Pesanan/TC-KF-003" status="PASSED">
         <system-out><![CDATA[2023-09-29 15:15:21 - [TEST_CASE][PASSED] - Test Cases/T08 - Konfirmasi Pesanan/TC-KF-003: Test Cases/T08 - Konfirmasi Pesanan/TC-KF-003

2023-09-29 15:15:22 - [TEST_STEP][PASSED] - callTestCase(findTestCase("T08 - Konfirmasi Pesanan/TC-LS-001"), [:], STOP_ON_FAILURE): Call Test Case 'Test Cases/T08 - Konfirmasi Pesanan/TC-LS-001' successfully

2023-09-29 15:15:22 - [TEST_CASE][PASSED] - Test Cases/T08 - Konfirmasi Pesanan/TC-LS-001: Test Cases/T08 - Konfirmasi Pesanan/TC-LS-001

2023-09-29 15:15:22 - [TEST_STEP][PASSED] - openBrowser(urlWeb): Browser is opened with url: 'https://10.9.2.63/ecommerce/'

2023-09-29 15:15:22 - [MESSAGE][WARNING] - A browser is already opened. Closing browser and opening a new one

2023-09-29 15:15:23 - [MESSAGE][INFO] - Starting 'Firefox' driver

2023-09-29 15:15:23 - [MESSAGE][INFO] - Action delay is set to 0 milliseconds

2023-09-29 15:15:28 - [MESSAGE][PASSED] - Browser is opened with url: 'https://10.9.2.63/ecommerce/'

2023-09-29 15:15:28 - [TEST_STEP][PASSED] - maximizeWindow(): Current window maximized

2023-09-29 15:15:28 - [MESSAGE][PASSED] - Current window maximized

2023-09-29 15:15:28 - [TEST_STEP][PASSED] - click(findTestObject("Login/a_Login")): Object: 'Object Repository/Login/a_Login' is clicked on

2023-09-29 15:15:28 - [MESSAGE][PASSED] - Object: 'Object Repository/Login/a_Login' is clicked on

2023-09-29 15:15:28 - [TEST_STEP][PASSED] - setText(findTestObject("Login/input_Username, Email atau No. Handphone_a"), "runa36"): Text 'runa36' is set on object 'Object Repository/Login/input_Username, Email atau No. Handphone_a'

2023-09-29 15:15:29 - [MESSAGE][PASSED] - Text 'runa36' is set on object 'Object Repository/Login/input_Username, Email atau No. Handphone_a'

2023-09-29 15:15:29 - [TEST_STEP][PASSED] - setEncryptedText(findTestObject("Login/input_Password di Login(Masuk)"), "qbkrdMwyWE4="): Text ****** has been set on object 'Object Repository/Login/input_Password di Login(Masuk)'

2023-09-29 15:15:30 - [MESSAGE][PASSED] - Text ****** has been set on object 'Object Repository/Login/input_Password di Login(Masuk)'

2023-09-29 15:15:30 - [TEST_STEP][PASSED] - click(findTestObject("Login/button_Masuk di halaman login")): Object: 'Object Repository/Login/button_Masuk di halaman login' is clicked on

2023-09-29 15:15:31 - [MESSAGE][PASSED] - Object: 'Object Repository/Login/button_Masuk di halaman login' is clicked on

2023-09-29 15:15:31 - [TEST_STEP][PASSED] - verifyElementPresent(findTestObject("Pendaftaran/verifikasi MASUK di halaman Login"), 0): Object 'Object Repository/Pendaftaran/verifikasi MASUK di halaman Login' is present

2023-09-29 15:15:31 - [MESSAGE][WARNING] - Timeout '0' is invalid. Using default page load timeout: '30'

2023-09-29 15:15:31 - [MESSAGE][PASSED] - Object 'Object Repository/Pendaftaran/verifikasi MASUK di halaman Login' is present

2023-09-29 15:15:31 - [MESSAGE][PASSED] - Call Test Case 'Test Cases/T08 - Konfirmasi Pesanan/TC-LS-001' successfully

2023-09-29 15:15:31 - [TEST_STEP][PASSED] - mouseOver(findTestObject("konfirmasi pesanan/a_Shop")): Object: 'Object Repository/konfirmasi pesanan/a_Shop' is hovered

2023-09-29 15:15:32 - [MESSAGE][PASSED] - Object: 'Object Repository/konfirmasi pesanan/a_Shop' is hovered

2023-09-29 15:15:32 - [TEST_STEP][PASSED] - click(findTestObject("konfirmasi pesanan/New Konfirmasi_Orders")): Object: 'Object Repository/konfirmasi pesanan/New Konfirmasi_Orders' is clicked on

2023-09-29 15:15:33 - [MESSAGE][PASSED] - Object: 'Object Repository/konfirmasi pesanan/New Konfirmasi_Orders' is clicked on

2023-09-29 15:15:33 - [TEST_STEP][PASSED] - verifyElementPresent(findTestObject("konfirmasi pesanan/verifikasi masuk halaman konfirmasi pesanan"), 0): Object 'Object Repository/konfirmasi pesanan/verifikasi masuk halaman konfirmasi pesanan' is present

2023-09-29 15:15:33 - [MESSAGE][WARNING] - Timeout '0' is invalid. Using default page load timeout: '30'

2023-09-29 15:15:33 - [MESSAGE][PASSED] - Object 'Object Repository/konfirmasi pesanan/verifikasi masuk halaman konfirmasi pesanan' is present

2023-09-29 15:15:33 - [TEST_STEP][PASSED] - click(findTestObject("konfirmasi pesanan/button_Submit")): Object: 'Object Repository/konfirmasi pesanan/button_Submit' is clicked on

2023-09-29 15:15:34 - [MESSAGE][PASSED] - Object: 'Object Repository/konfirmasi pesanan/button_Submit' is clicked on

2023-09-29 15:15:34 - [TEST_STEP][PASSED] - webDriver = getWebDriver(): null

2023-09-29 15:15:34 - [TEST_STEP][PASSED] - field_invoice = webDriver.findElement(By.xpath("(//input[@name="a"])[3]")): null

2023-09-29 15:15:34 - [TEST_STEP][PASSED] - error_message = webDriver.executeScript("return arguments[0].validationMessage", field_invoice): null

2023-09-29 15:15:34 - [TEST_STEP][PASSED] - println(error_message): null

2023-09-29 15:15:34 - [TEST_STEP][PASSED] - assert error_message == "Please fill out this field.": null]]></system-out>
         <system-err><![CDATA[]]></system-err>
      </testcase>
      <testcase name="Test Cases/T08 - Konfirmasi Pesanan/TC-KF-004" time="33.099" classname="Test Cases/T08 - Konfirmasi Pesanan/TC-KF-004" status="FAILED">
         <failure type="FAILED" message="Test Cases/T08 - Konfirmasi Pesanan/TC-KF-004 FAILED.
Reason:
com.kms.katalon.core.exception.StepFailedException: Unable to verify text 'please input an valid email' is present 
	at com.kms.katalon.core.webui.keyword.internal.WebUIKeywordMain.stepFailed(WebUIKeywordMain.groovy:64)
	at com.kms.katalon.core.webui.keyword.internal.WebUIKeywordMain.runKeyword(WebUIKeywordMain.groovy:26)
	at com.kms.katalon.core.webui.keyword.builtin.VerifyTextPresentKeyword.verifyTextPresent(VerifyTextPresentKeyword.groovy:83)
	at com.kms.katalon.core.webui.keyword.builtin.VerifyTextPresentKeyword.execute(VerifyTextPresentKeyword.groovy:68)
	at com.kms.katalon.core.keyword.internal.KeywordExecutor.executeKeywordForPlatform(KeywordExecutor.groovy:74)
	at com.kms.katalon.core.webui.keyword.WebUiBuiltInKeywords.verifyTextPresent(WebUiBuiltInKeywords.groovy:1723)
	at com.kms.katalon.core.webui.keyword.WebUiBuiltInKeywords$verifyTextPresent$14.call(Unknown Source)
	at TC-KF-004.run(TC-KF-004:39)
	at com.kms.katalon.core.main.ScriptEngine.run(ScriptEngine.java:194)
	at com.kms.katalon.core.main.ScriptEngine.runScriptAsRawText(ScriptEngine.java:119)
	at com.kms.katalon.core.main.TestCaseExecutor.runScript(TestCaseExecutor.java:448)
	at com.kms.katalon.core.main.TestCaseExecutor.doExecute(TestCaseExecutor.java:439)
	at com.kms.katalon.core.main.TestCaseExecutor.processExecutionPhase(TestCaseExecutor.java:418)
	at com.kms.katalon.core.main.TestCaseExecutor.accessMainPhase(TestCaseExecutor.java:410)
	at com.kms.katalon.core.main.TestCaseExecutor.execute(TestCaseExecutor.java:285)
	at com.kms.katalon.core.common.CommonExecutor.accessTestCaseMainPhase(CommonExecutor.java:65)
	at com.kms.katalon.core.main.TestSuiteExecutor.accessTestSuiteMainPhase(TestSuiteExecutor.java:148)
	at com.kms.katalon.core.main.TestSuiteExecutor.execute(TestSuiteExecutor.java:106)
	at com.kms.katalon.core.main.TestCaseMain.startTestSuite(TestCaseMain.java:187)
	at com.kms.katalon.core.main.TestCaseMain$startTestSuite$0.call(Unknown Source)
	at TempTestSuite1695974576876.run(TempTestSuite1695974576876.groovy:36)
Caused by: com.kms.katalon.core.exception.StepFailedException: Text 'please input an valid email' is not present on page 
	at com.kms.katalon.core.webui.keyword.internal.WebUIKeywordMain.stepFailed(WebUIKeywordMain.groovy:64)
	at com.kms.katalon.core.webui.keyword.builtin.VerifyTextPresentKeyword$_verifyTextPresent_closure1.doCall(VerifyTextPresentKeyword.groovy:79)
	at com.kms.katalon.core.webui.keyword.builtin.VerifyTextPresentKeyword$_verifyTextPresent_closure1.call(VerifyTextPresentKeyword.groovy)
	at com.kms.katalon.core.webui.keyword.internal.WebUIKeywordMain.runKeyword(WebUIKeywordMain.groovy:20)
	... 19 more
"/>
         <system-out><![CDATA[2023-09-29 15:15:34 - [TEST_CASE][FAILED] - Test Cases/T08 - Konfirmasi Pesanan/TC-KF-004: Test Cases/T08 - Konfirmasi Pesanan/TC-KF-004 FAILED.
Reason:
com.kms.katalon.core.exception.StepFailedException: Unable to verify text 'please input an valid email' is present 
	at com.kms.katalon.core.webui.keyword.internal.WebUIKeywordMain.stepFailed(WebUIKeywordMain.groovy:64)
	at com.kms.katalon.core.webui.keyword.internal.WebUIKeywordMain.runKeyword(WebUIKeywordMain.groovy:26)
	at com.kms.katalon.core.webui.keyword.builtin.VerifyTextPresentKeyword.verifyTextPresent(VerifyTextPresentKeyword.groovy:83)
	at com.kms.katalon.core.webui.keyword.builtin.VerifyTextPresentKeyword.execute(VerifyTextPresentKeyword.groovy:68)
	at com.kms.katalon.core.keyword.internal.KeywordExecutor.executeKeywordForPlatform(KeywordExecutor.groovy:74)
	at com.kms.katalon.core.webui.keyword.WebUiBuiltInKeywords.verifyTextPresent(WebUiBuiltInKeywords.groovy:1723)
	at com.kms.katalon.core.webui.keyword.WebUiBuiltInKeywords$verifyTextPresent$14.call(Unknown Source)
	at TC-KF-004.run(TC-KF-004:39)
	at com.kms.katalon.core.main.ScriptEngine.run(ScriptEngine.java:194)
	at com.kms.katalon.core.main.ScriptEngine.runScriptAsRawText(ScriptEngine.java:119)
	at com.kms.katalon.core.main.TestCaseExecutor.runScript(TestCaseExecutor.java:448)
	at com.kms.katalon.core.main.TestCaseExecutor.doExecute(TestCaseExecutor.java:439)
	at com.kms.katalon.core.main.TestCaseExecutor.processExecutionPhase(TestCaseExecutor.java:418)
	at com.kms.katalon.core.main.TestCaseExecutor.accessMainPhase(TestCaseExecutor.java:410)
	at com.kms.katalon.core.main.TestCaseExecutor.execute(TestCaseExecutor.java:285)
	at com.kms.katalon.core.common.CommonExecutor.accessTestCaseMainPhase(CommonExecutor.java:65)
	at com.kms.katalon.core.main.TestSuiteExecutor.accessTestSuiteMainPhase(TestSuiteExecutor.java:148)
	at com.kms.katalon.core.main.TestSuiteExecutor.execute(TestSuiteExecutor.java:106)
	at com.kms.katalon.core.main.TestCaseMain.startTestSuite(TestCaseMain.java:187)
	at com.kms.katalon.core.main.TestCaseMain$startTestSuite$0.call(Unknown Source)
	at TempTestSuite1695974576876.run(TempTestSuite1695974576876.groovy:36)
Caused by: com.kms.katalon.core.exception.StepFailedException: Text 'please input an valid email' is not present on page 
	at com.kms.katalon.core.webui.keyword.internal.WebUIKeywordMain.stepFailed(WebUIKeywordMain.groovy:64)
	at com.kms.katalon.core.webui.keyword.builtin.VerifyTextPresentKeyword$_verifyTextPresent_closure1.doCall(VerifyTextPresentKeyword.groovy:79)
	at com.kms.katalon.core.webui.keyword.builtin.VerifyTextPresentKeyword$_verifyTextPresent_closure1.call(VerifyTextPresentKeyword.groovy)
	at com.kms.katalon.core.webui.keyword.internal.WebUIKeywordMain.runKeyword(WebUIKeywordMain.groovy:20)
	... 19 more


2023-09-29 15:15:34 - [TEST_STEP][PASSED] - data = callTestCase(findTestCase("T08 - Konfirmasi Pesanan/TC-OS-001"), ["Roda":"2", "MetodePembayaran":"transfer"], STOP_ON_FAILURE): Call Test Case 'Test Cases/T08 - Konfirmasi Pesanan/TC-OS-001' successfully

2023-09-29 15:15:35 - [TEST_CASE][PASSED] - Test Cases/T08 - Konfirmasi Pesanan/TC-OS-001: Test Cases/T08 - Konfirmasi Pesanan/TC-OS-001

2023-09-29 15:15:35 - [TEST_STEP][PASSED] - callTestCase(findTestCase("T08 - Konfirmasi Pesanan/TC-LS-001"), [:], STOP_ON_FAILURE): Call Test Case 'Test Cases/T08 - Konfirmasi Pesanan/TC-LS-001' successfully

2023-09-29 15:15:35 - [TEST_CASE][PASSED] - Test Cases/T08 - Konfirmasi Pesanan/TC-LS-001: Test Cases/T08 - Konfirmasi Pesanan/TC-LS-001

2023-09-29 15:15:35 - [TEST_STEP][PASSED] - openBrowser(urlWeb): Browser is opened with url: 'https://10.9.2.63/ecommerce/'

2023-09-29 15:15:35 - [MESSAGE][WARNING] - A browser is already opened. Closing browser and opening a new one

2023-09-29 15:15:36 - [MESSAGE][INFO] - Starting 'Firefox' driver

2023-09-29 15:15:36 - [MESSAGE][INFO] - Action delay is set to 0 milliseconds

2023-09-29 15:15:41 - [MESSAGE][PASSED] - Browser is opened with url: 'https://10.9.2.63/ecommerce/'

2023-09-29 15:15:41 - [TEST_STEP][PASSED] - maximizeWindow(): Current window maximized

2023-09-29 15:15:41 - [MESSAGE][PASSED] - Current window maximized

2023-09-29 15:15:41 - [TEST_STEP][PASSED] - click(findTestObject("Login/a_Login")): Object: 'Object Repository/Login/a_Login' is clicked on

2023-09-29 15:15:41 - [MESSAGE][PASSED] - Object: 'Object Repository/Login/a_Login' is clicked on

2023-09-29 15:15:41 - [TEST_STEP][PASSED] - setText(findTestObject("Login/input_Username, Email atau No. Handphone_a"), "runa36"): Text 'runa36' is set on object 'Object Repository/Login/input_Username, Email atau No. Handphone_a'

2023-09-29 15:15:42 - [MESSAGE][PASSED] - Text 'runa36' is set on object 'Object Repository/Login/input_Username, Email atau No. Handphone_a'

2023-09-29 15:15:42 - [TEST_STEP][PASSED] - setEncryptedText(findTestObject("Login/input_Password di Login(Masuk)"), "qbkrdMwyWE4="): Text ****** has been set on object 'Object Repository/Login/input_Password di Login(Masuk)'

2023-09-29 15:15:42 - [MESSAGE][PASSED] - Text ****** has been set on object 'Object Repository/Login/input_Password di Login(Masuk)'

2023-09-29 15:15:42 - [TEST_STEP][PASSED] - click(findTestObject("Login/button_Masuk di halaman login")): Object: 'Object Repository/Login/button_Masuk di halaman login' is clicked on

2023-09-29 15:15:43 - [MESSAGE][PASSED] - Object: 'Object Repository/Login/button_Masuk di halaman login' is clicked on

2023-09-29 15:15:43 - [TEST_STEP][PASSED] - verifyElementPresent(findTestObject("Pendaftaran/verifikasi MASUK di halaman Login"), 0): Object 'Object Repository/Pendaftaran/verifikasi MASUK di halaman Login' is present

2023-09-29 15:15:43 - [MESSAGE][WARNING] - Timeout '0' is invalid. Using default page load timeout: '30'

2023-09-29 15:15:44 - [MESSAGE][PASSED] - Object 'Object Repository/Pendaftaran/verifikasi MASUK di halaman Login' is present

2023-09-29 15:15:44 - [MESSAGE][PASSED] - Call Test Case 'Test Cases/T08 - Konfirmasi Pesanan/TC-LS-001' successfully

2023-09-29 15:15:44 - [TEST_STEP][PASSED] - setText(findTestObject("chekout/input aku mau belanja"), "acer"): Text 'acer' is set on object 'Object Repository/chekout/input aku mau belanja'

2023-09-29 15:15:44 - [MESSAGE][PASSED] - Text 'acer' is set on object 'Object Repository/chekout/input aku mau belanja'

2023-09-29 15:15:44 - [TEST_STEP][PASSED] - click(findTestObject("chekout/button_Cari di halaman tajalapak")): Object: 'Object Repository/chekout/button_Cari di halaman tajalapak' is clicked on

2023-09-29 15:15:45 - [MESSAGE][PASSED] - Object: 'Object Repository/chekout/button_Cari di halaman tajalapak' is clicked on

2023-09-29 15:15:45 - [TEST_STEP][PASSED] - click(findTestObject("chekout/NEW read more acer")): Object: 'Object Repository/chekout/NEW read more acer' is clicked on

2023-09-29 15:15:46 - [MESSAGE][PASSED] - Object: 'Object Repository/chekout/NEW read more acer' is clicked on

2023-09-29 15:15:46 - [TEST_STEP][PASSED] - click(findTestObject("chekout/button_Beli Sekarang di detail produk")): Object: 'Object Repository/chekout/button_Beli Sekarang di detail produk' is clicked on

2023-09-29 15:15:48 - [MESSAGE][PASSED] - Object: 'Object Repository/chekout/button_Beli Sekarang di detail produk' is clicked on

2023-09-29 15:15:48 - [TEST_STEP][PASSED] - verifyElementPresent(findTestObject("chekout/halaman keranjang belanja"), 0): Object 'Object Repository/chekout/halaman keranjang belanja' is present

2023-09-29 15:15:48 - [MESSAGE][WARNING] - Timeout '0' is invalid. Using default page load timeout: '30'

2023-09-29 15:15:48 - [MESSAGE][PASSED] - Object 'Object Repository/chekout/halaman keranjang belanja' is present

2023-09-29 15:15:48 - [TEST_STEP][PASSED] - click(findTestObject("chekout/button_Lanjut ke Pembayaran")): Object: 'Object Repository/chekout/button_Lanjut ke Pembayaran' is clicked on

2023-09-29 15:15:49 - [MESSAGE][PASSED] - Object: 'Object Repository/chekout/button_Lanjut ke Pembayaran' is clicked on

2023-09-29 15:15:49 - [TEST_STEP][PASSED] - selectOptionByValue(findTestObject("Object Repository/chekout/select_- Kirim via Kurir Lokal -Roda 2Roda 4"), Roda, false): All options with value '2' are selected in object 'Object Repository/chekout/select_- Kirim via Kurir Lokal -Roda 2Roda 4' 

2023-09-29 15:15:51 - [MESSAGE][PASSED] - All options with value '2' are selected in object 'Object Repository/chekout/select_- Kirim via Kurir Lokal -Roda 2Roda 4' 

2023-09-29 15:15:51 - [TEST_STEP][PASSED] - click(findTestObject("chekout/jenis kendaraan")): Object: 'Object Repository/chekout/jenis kendaraan' is clicked on

2023-09-29 15:15:51 - [MESSAGE][PASSED] - Object: 'Object Repository/chekout/jenis kendaraan' is clicked on

2023-09-29 15:15:51 - [TEST_STEP][PASSED] - if (toString().equalsIgnoreCase("transfer")): Object 'Object Repository/chekout/input metode tf bank' is checked

2023-09-29 15:15:51 - [TEST_STEP][PASSED] - check(findTestObject("chekout/input metode tf bank")): Object 'Object Repository/chekout/input metode tf bank' is checked

2023-09-29 15:15:52 - [MESSAGE][PASSED] - Object 'Object Repository/chekout/input metode tf bank' is checked

2023-09-29 15:15:52 - [TEST_STEP][PASSED] - click(findTestObject("chekout/button_Proses Pembayaran")): Object: 'Object Repository/chekout/button_Proses Pembayaran' is clicked on

2023-09-29 15:15:57 - [MESSAGE][PASSED] - Object: 'Object Repository/chekout/button_Proses Pembayaran' is clicked on

2023-09-29 15:15:57 - [TEST_STEP][PASSED] - noPesanan = getText(findTestObject("Object Repository/chekout/nomor invoice dari halaman menunggu pembayaran")): Text of object 'Object Repository/chekout/nomor invoice dari halaman menunggu pembayaran' is: 'TRX91.20230929151552'

2023-09-29 15:15:59 - [MESSAGE][PASSED] - Text of object 'Object Repository/chekout/nomor invoice dari halaman menunggu pembayaran' is: 'TRX91.20230929151552'

2023-09-29 15:15:59 - [TEST_STEP][PASSED] - println(noPesanan): null

2023-09-29 15:15:59 - [TEST_STEP][PASSED] - pengirim = getText(findTestObject("Object Repository/chekout/dikirim kepada sama dengan pengirim di tf di konfirmaasi bayar")): Text of object 'Object Repository/chekout/dikirim kepada sama dengan pengirim di tf di konfirmaasi bayar' is: 'runarun'

2023-09-29 15:15:59 - [MESSAGE][PASSED] - Text of object 'Object Repository/chekout/dikirim kepada sama dengan pengirim di tf di konfirmaasi bayar' is: 'runarun'

2023-09-29 15:15:59 - [TEST_STEP][PASSED] - totalharga = getText(findTestObject("Object Repository/chekout/total harga bayar")): Text of object 'Object Repository/chekout/total harga bayar' is: '17,298'

2023-09-29 15:15:59 - [MESSAGE][PASSED] - Text of object 'Object Repository/chekout/total harga bayar' is: '17,298'

2023-09-29 15:15:59 - [TEST_STEP][PASSED] - ongkir = getText(findTestObject("co saldo akun/new ongkir tf")): Text of object 'Object Repository/co saldo akun/new ongkir tf' is: 'Rp 13,000'

2023-09-29 15:16:00 - [MESSAGE][PASSED] - Text of object 'Object Repository/co saldo akun/new ongkir tf' is: 'Rp 13,000'

2023-09-29 15:16:00 - [TEST_STEP][PASSED] - ongkirr = replace(",", "").trim(): null

2023-09-29 15:16:00 - [TEST_STEP][PASSED] - ongkir1 = Integer.parseInt(ongkirr): null

2023-09-29 15:16:00 - [TEST_STEP][PASSED] - println(ongkir1): null

2023-09-29 15:16:00 - [TEST_STEP][PASSED] - biayaAdmin = getText(findTestObject("co saldo akun/new fee admin tf")): Text of object 'Object Repository/co saldo akun/new fee admin tf' is: 'Rp 1,500'

2023-09-29 15:16:00 - [MESSAGE][PASSED] - Text of object 'Object Repository/co saldo akun/new fee admin tf' is: 'Rp 1,500'

2023-09-29 15:16:00 - [TEST_STEP][PASSED] - bAdmin = replace(",", "").trim(): null

2023-09-29 15:16:00 - [TEST_STEP][PASSED] - Integer.parseInt(bAdmin): null

2023-09-29 15:16:00 - [TEST_STEP][PASSED] - Admin = Double.parseDouble(bAdmin): null

2023-09-29 15:16:00 - [TEST_STEP][PASSED] - println(Admin): null

2023-09-29 15:16:00 - [TEST_STEP][PASSED] - subtotal = getText(findTestObject("co saldo akun/new subtotal tf")): Text of object 'Object Repository/co saldo akun/new subtotal tf' is: 'Rp 2,246'

2023-09-29 15:16:01 - [MESSAGE][PASSED] - Text of object 'Object Repository/co saldo akun/new subtotal tf' is: 'Rp 2,246'

2023-09-29 15:16:01 - [TEST_STEP][PASSED] - subtotall = replace(",", "").trim(): null

2023-09-29 15:16:01 - [TEST_STEP][PASSED] - Integer.parseInt(subtotall): null

2023-09-29 15:16:01 - [TEST_STEP][PASSED] - sub = Double.parseDouble(subtotall): null

2023-09-29 15:16:01 - [TEST_STEP][PASSED] - println(sub): null

2023-09-29 15:16:01 - [TEST_STEP][PASSED] - kode = getText(findTestObject("co saldo akun/new kode unik tf")): Text of object 'Object Repository/co saldo akun/new kode unik tf' is: '+552'

2023-09-29 15:16:01 - [MESSAGE][PASSED] - Text of object 'Object Repository/co saldo akun/new kode unik tf' is: '+552'

2023-09-29 15:16:01 - [TEST_STEP][PASSED] - kodee = replace("+", "").trim(): null

2023-09-29 15:16:01 - [TEST_STEP][PASSED] - Integer.parseInt(kodee): null

2023-09-29 15:16:01 - [TEST_STEP][PASSED] - code = Double.parseDouble(kodee): null

2023-09-29 15:16:01 - [TEST_STEP][PASSED] - tOng = ongkir1 + sub: null

2023-09-29 15:16:01 - [TEST_STEP][PASSED] - println(tOng): null

2023-09-29 15:16:01 - [TEST_STEP][PASSED] - totalBayar = tOng + Admin + code: null

2023-09-29 15:16:01 - [TEST_STEP][PASSED] - println(totalBayar): null

2023-09-29 15:16:01 - [TEST_STEP][PASSED] - totalBayar1 = totalBayar: null

2023-09-29 15:16:01 - [TEST_STEP][PASSED] - println(totalBayar1): null

2023-09-29 15:16:01 - [TEST_STEP][PASSED] - total = getText(findTestObject("co saldo akun/new total harga tf")): Text of object 'Object Repository/co saldo akun/new total harga tf' is: '17,298'

2023-09-29 15:16:02 - [MESSAGE][PASSED] - Text of object 'Object Repository/co saldo akun/new total harga tf' is: '17,298'

2023-09-29 15:16:02 - [TEST_STEP][PASSED] - total1 = replace(",", "").trim(): null

2023-09-29 15:16:02 - [TEST_STEP][PASSED] - total2 = Integer.parseInt(total1): null

2023-09-29 15:16:02 - [TEST_STEP][PASSED] - println(total2): null

2023-09-29 15:16:02 - [TEST_STEP][PASSED] - assert totalBayar1 == total2: null

2023-09-29 15:16:02 - [TEST_STEP][PASSED] - data = new java.util.HashMap(): null

2023-09-29 15:16:02 - [TEST_STEP][PASSED] - data.put("invoice", noPesanan): null

2023-09-29 15:16:02 - [TEST_STEP][PASSED] - data.put("namaPengirim", pengirim): null

2023-09-29 15:16:02 - [TEST_STEP][PASSED] - data.put("totalBayar", totalharga): null

2023-09-29 15:16:02 - [TEST_STEP][PASSED] - data.put("totalOngkir", tOng): null

2023-09-29 15:16:02 - [TEST_STEP][PASSED] - return data: null

2023-09-29 15:16:02 - [MESSAGE][PASSED] - Call Test Case 'Test Cases/T08 - Konfirmasi Pesanan/TC-OS-001' successfully

2023-09-29 15:16:02 - [TEST_STEP][PASSED] - noInvoice = data.get("invoice"): null

2023-09-29 15:16:02 - [TEST_STEP][PASSED] - nmPengirim = data.get("namaPengirim"): null

2023-09-29 15:16:02 - [TEST_STEP][PASSED] - ttlBayar = data.get("totalBayar"): null

2023-09-29 15:16:02 - [TEST_STEP][PASSED] - mouseOver(findTestObject("konfirmasi pesanan/a_Shop")): Object: 'Object Repository/konfirmasi pesanan/a_Shop' is hovered

2023-09-29 15:16:03 - [MESSAGE][PASSED] - Object: 'Object Repository/konfirmasi pesanan/a_Shop' is hovered

2023-09-29 15:16:03 - [TEST_STEP][PASSED] - click(findTestObject("konfirmasi pesanan/a_Konfirmasi Orders")): Object: 'Object Repository/konfirmasi pesanan/a_Konfirmasi Orders' is clicked on

2023-09-29 15:16:04 - [MESSAGE][PASSED] - Object: 'Object Repository/konfirmasi pesanan/a_Konfirmasi Orders' is clicked on

2023-09-29 15:16:04 - [TEST_STEP][PASSED] - setText(findTestObject("konfirmasi pesanan/input_No Pesanan_a di shop"), noInvoice): Text 'TRX91.20230929151552' is set on object 'Object Repository/konfirmasi pesanan/input_No Pesanan_a di shop'

2023-09-29 15:16:05 - [MESSAGE][PASSED] - Text 'TRX91.20230929151552' is set on object 'Object Repository/konfirmasi pesanan/input_No Pesanan_a di shop'

2023-09-29 15:16:05 - [TEST_STEP][PASSED] - setText(findTestObject("konfirmasi pesanan/input_Alamat E-mail_form-control"), email): Text 'runarun' is set on object 'Object Repository/konfirmasi pesanan/input_Alamat E-mail_form-control'

2023-09-29 15:16:05 - [MESSAGE][PASSED] - Text 'runarun' is set on object 'Object Repository/konfirmasi pesanan/input_Alamat E-mail_form-control'

2023-09-29 15:16:05 - [TEST_STEP][PASSED] - click(findTestObject("konfirmasi pesanan/button_Submit")): Object: 'Object Repository/konfirmasi pesanan/button_Submit' is clicked on

2023-09-29 15:16:06 - [MESSAGE][PASSED] - Object: 'Object Repository/konfirmasi pesanan/button_Submit' is clicked on

2023-09-29 15:16:06 - [TEST_STEP][FAILED] - verifyTextPresent("please input an valid email", false): Unable to verify text 'please input an valid email' is present  (Root cause: com.kms.katalon.core.exception.StepFailedException: Unable to verify text 'please input an valid email' is present 
	at com.kms.katalon.core.webui.keyword.internal.WebUIKeywordMain.stepFailed(WebUIKeywordMain.groovy:64)
	at com.kms.katalon.core.webui.keyword.internal.WebUIKeywordMain.runKeyword(WebUIKeywordMain.groovy:26)
	at com.kms.katalon.core.webui.keyword.builtin.VerifyTextPresentKeyword.verifyTextPresent(VerifyTextPresentKeyword.groovy:83)
	at com.kms.katalon.core.webui.keyword.builtin.VerifyTextPresentKeyword.execute(VerifyTextPresentKeyword.groovy:68)
	at com.kms.katalon.core.keyword.internal.KeywordExecutor.executeKeywordForPlatform(KeywordExecutor.groovy:74)
	at com.kms.katalon.core.webui.keyword.WebUiBuiltInKeywords.verifyTextPresent(WebUiBuiltInKeywords.groovy:1723)
	at com.kms.katalon.core.webui.keyword.WebUiBuiltInKeywords$verifyTextPresent$14.call(Unknown Source)
	at TC-KF-004.run(TC-KF-004:39)
	at com.kms.katalon.core.main.ScriptEngine.run(ScriptEngine.java:194)
	at com.kms.katalon.core.main.ScriptEngine.runScriptAsRawText(ScriptEngine.java:119)
	at com.kms.katalon.core.main.TestCaseExecutor.runScript(TestCaseExecutor.java:448)
	at com.kms.katalon.core.main.TestCaseExecutor.doExecute(TestCaseExecutor.java:439)
	at com.kms.katalon.core.main.TestCaseExecutor.processExecutionPhase(TestCaseExecutor.java:418)
	at com.kms.katalon.core.main.TestCaseExecutor.accessMainPhase(TestCaseExecutor.java:410)
	at com.kms.katalon.core.main.TestCaseExecutor.execute(TestCaseExecutor.java:285)
	at com.kms.katalon.core.common.CommonExecutor.accessTestCaseMainPhase(CommonExecutor.java:65)
	at com.kms.katalon.core.main.TestSuiteExecutor.accessTestSuiteMainPhase(TestSuiteExecutor.java:148)
	at com.kms.katalon.core.main.TestSuiteExecutor.execute(TestSuiteExecutor.java:106)
	at com.kms.katalon.core.main.TestCaseMain.startTestSuite(TestCaseMain.java:187)
	at com.kms.katalon.core.main.TestCaseMain$startTestSuite$0.call(Unknown Source)
	at TempTestSuite1695974576876.run(TempTestSuite1695974576876.groovy:36)
Caused by: com.kms.katalon.core.exception.StepFailedException: Text 'please input an valid email' is not present on page 
	at com.kms.katalon.core.webui.keyword.internal.WebUIKeywordMain.stepFailed(WebUIKeywordMain.groovy:64)
	at com.kms.katalon.core.webui.keyword.builtin.VerifyTextPresentKeyword$_verifyTextPresent_closure1.doCall(VerifyTextPresentKeyword.groovy:79)
	at com.kms.katalon.core.webui.keyword.builtin.VerifyTextPresentKeyword$_verifyTextPresent_closure1.call(VerifyTextPresentKeyword.groovy)
	at com.kms.katalon.core.webui.keyword.internal.WebUIKeywordMain.runKeyword(WebUIKeywordMain.groovy:20)
	... 19 more
)

2023-09-29 15:16:07 - [MESSAGE][FAILED] - Text 'please input an valid email' is not present on page  (Root cause: com.kms.katalon.core.exception.StepFailedException: Text 'please input an valid email' is not present on page 
	at com.kms.katalon.core.webui.keyword.internal.WebUIKeywordMain.stepFailed(WebUIKeywordMain.groovy:64)
	at com.kms.katalon.core.webui.keyword.builtin.VerifyTextPresentKeyword$_verifyTextPresent_closure1.doCall(VerifyTextPresentKeyword.groovy:79)
	at com.kms.katalon.core.webui.keyword.builtin.VerifyTextPresentKeyword$_verifyTextPresent_closure1.call(VerifyTextPresentKeyword.groovy)
	at com.kms.katalon.core.webui.keyword.internal.WebUIKeywordMain.runKeyword(WebUIKeywordMain.groovy:20)
	at com.kms.katalon.core.webui.keyword.builtin.VerifyTextPresentKeyword.verifyTextPresent(VerifyTextPresentKeyword.groovy:83)
	at com.kms.katalon.core.webui.keyword.builtin.VerifyTextPresentKeyword.execute(VerifyTextPresentKeyword.groovy:68)
	at com.kms.katalon.core.keyword.internal.KeywordExecutor.executeKeywordForPlatform(KeywordExecutor.groovy:74)
	at com.kms.katalon.core.webui.keyword.WebUiBuiltInKeywords.verifyTextPresent(WebUiBuiltInKeywords.groovy:1723)
	at com.kms.katalon.core.webui.keyword.WebUiBuiltInKeywords$verifyTextPresent$14.call(Unknown Source)
	at TC-KF-004.run(TC-KF-004:39)
	at com.kms.katalon.core.main.ScriptEngine.run(ScriptEngine.java:194)
	at com.kms.katalon.core.main.ScriptEngine.runScriptAsRawText(ScriptEngine.java:119)
	at com.kms.katalon.core.main.TestCaseExecutor.runScript(TestCaseExecutor.java:448)
	at com.kms.katalon.core.main.TestCaseExecutor.doExecute(TestCaseExecutor.java:439)
	at com.kms.katalon.core.main.TestCaseExecutor.processExecutionPhase(TestCaseExecutor.java:418)
	at com.kms.katalon.core.main.TestCaseExecutor.accessMainPhase(TestCaseExecutor.java:410)
	at com.kms.katalon.core.main.TestCaseExecutor.execute(TestCaseExecutor.java:285)
	at com.kms.katalon.core.common.CommonExecutor.accessTestCaseMainPhase(CommonExecutor.java:65)
	at com.kms.katalon.core.main.TestSuiteExecutor.accessTestSuiteMainPhase(TestSuiteExecutor.java:148)
	at com.kms.katalon.core.main.TestSuiteExecutor.execute(TestSuiteExecutor.java:106)
	at com.kms.katalon.core.main.TestCaseMain.startTestSuite(TestCaseMain.java:187)
	at com.kms.katalon.core.main.TestCaseMain$startTestSuite$0.call(Unknown Source)
	at TempTestSuite1695974576876.run(TempTestSuite1695974576876.groovy:36)
)

2023-09-29 15:16:07 - [MESSAGE][FAILED] - Unable to verify text 'please input an valid email' is present  (Root cause: com.kms.katalon.core.exception.StepFailedException: Unable to verify text 'please input an valid email' is present 
	at com.kms.katalon.core.webui.keyword.internal.WebUIKeywordMain.stepFailed(WebUIKeywordMain.groovy:64)
	at com.kms.katalon.core.webui.keyword.internal.WebUIKeywordMain.runKeyword(WebUIKeywordMain.groovy:26)
	at com.kms.katalon.core.webui.keyword.builtin.VerifyTextPresentKeyword.verifyTextPresent(VerifyTextPresentKeyword.groovy:83)
	at com.kms.katalon.core.webui.keyword.builtin.VerifyTextPresentKeyword.execute(VerifyTextPresentKeyword.groovy:68)
	at com.kms.katalon.core.keyword.internal.KeywordExecutor.executeKeywordForPlatform(KeywordExecutor.groovy:74)
	at com.kms.katalon.core.webui.keyword.WebUiBuiltInKeywords.verifyTextPresent(WebUiBuiltInKeywords.groovy:1723)
	at com.kms.katalon.core.webui.keyword.WebUiBuiltInKeywords$verifyTextPresent$14.call(Unknown Source)
	at TC-KF-004.run(TC-KF-004:39)
	at com.kms.katalon.core.main.ScriptEngine.run(ScriptEngine.java:194)
	at com.kms.katalon.core.main.ScriptEngine.runScriptAsRawText(ScriptEngine.java:119)
	at com.kms.katalon.core.main.TestCaseExecutor.runScript(TestCaseExecutor.java:448)
	at com.kms.katalon.core.main.TestCaseExecutor.doExecute(TestCaseExecutor.java:439)
	at com.kms.katalon.core.main.TestCaseExecutor.processExecutionPhase(TestCaseExecutor.java:418)
	at com.kms.katalon.core.main.TestCaseExecutor.accessMainPhase(TestCaseExecutor.java:410)
	at com.kms.katalon.core.main.TestCaseExecutor.execute(TestCaseExecutor.java:285)
	at com.kms.katalon.core.common.CommonExecutor.accessTestCaseMainPhase(CommonExecutor.java:65)
	at com.kms.katalon.core.main.TestSuiteExecutor.accessTestSuiteMainPhase(TestSuiteExecutor.java:148)
	at com.kms.katalon.core.main.TestSuiteExecutor.execute(TestSuiteExecutor.java:106)
	at com.kms.katalon.core.main.TestCaseMain.startTestSuite(TestCaseMain.java:187)
	at com.kms.katalon.core.main.TestCaseMain$startTestSuite$0.call(Unknown Source)
	at TempTestSuite1695974576876.run(TempTestSuite1695974576876.groovy:36)
Caused by: com.kms.katalon.core.exception.StepFailedException: Text 'please input an valid email' is not present on page 
	at com.kms.katalon.core.webui.keyword.internal.WebUIKeywordMain.stepFailed(WebUIKeywordMain.groovy:64)
	at com.kms.katalon.core.webui.keyword.builtin.VerifyTextPresentKeyword$_verifyTextPresent_closure1.doCall(VerifyTextPresentKeyword.groovy:79)
	at com.kms.katalon.core.webui.keyword.builtin.VerifyTextPresentKeyword$_verifyTextPresent_closure1.call(VerifyTextPresentKeyword.groovy)
	at com.kms.katalon.core.webui.keyword.internal.WebUIKeywordMain.runKeyword(WebUIKeywordMain.groovy:20)
	... 19 more
)
[[ATTACHMENT|F:\\bootcamp\\Miniproject\\Tajalapak\\Reports\\20230929_150256\\T08 - Konfirmasi Pesanan\\20230929_150256\\1695975367580.png]]]]></system-out>
         <system-err><![CDATA[2023-09-29 15:15:34 - [TEST_CASE][FAILED] - Test Cases/T08 - Konfirmasi Pesanan/TC-KF-004: Test Cases/T08 - Konfirmasi Pesanan/TC-KF-004 FAILED.
Reason:
com.kms.katalon.core.exception.StepFailedException: Unable to verify text 'please input an valid email' is present 
	at com.kms.katalon.core.webui.keyword.internal.WebUIKeywordMain.stepFailed(WebUIKeywordMain.groovy:64)
	at com.kms.katalon.core.webui.keyword.internal.WebUIKeywordMain.runKeyword(WebUIKeywordMain.groovy:26)
	at com.kms.katalon.core.webui.keyword.builtin.VerifyTextPresentKeyword.verifyTextPresent(VerifyTextPresentKeyword.groovy:83)
	at com.kms.katalon.core.webui.keyword.builtin.VerifyTextPresentKeyword.execute(VerifyTextPresentKeyword.groovy:68)
	at com.kms.katalon.core.keyword.internal.KeywordExecutor.executeKeywordForPlatform(KeywordExecutor.groovy:74)
	at com.kms.katalon.core.webui.keyword.WebUiBuiltInKeywords.verifyTextPresent(WebUiBuiltInKeywords.groovy:1723)
	at com.kms.katalon.core.webui.keyword.WebUiBuiltInKeywords$verifyTextPresent$14.call(Unknown Source)
	at TC-KF-004.run(TC-KF-004:39)
	at com.kms.katalon.core.main.ScriptEngine.run(ScriptEngine.java:194)
	at com.kms.katalon.core.main.ScriptEngine.runScriptAsRawText(ScriptEngine.java:119)
	at com.kms.katalon.core.main.TestCaseExecutor.runScript(TestCaseExecutor.java:448)
	at com.kms.katalon.core.main.TestCaseExecutor.doExecute(TestCaseExecutor.java:439)
	at com.kms.katalon.core.main.TestCaseExecutor.processExecutionPhase(TestCaseExecutor.java:418)
	at com.kms.katalon.core.main.TestCaseExecutor.accessMainPhase(TestCaseExecutor.java:410)
	at com.kms.katalon.core.main.TestCaseExecutor.execute(TestCaseExecutor.java:285)
	at com.kms.katalon.core.common.CommonExecutor.accessTestCaseMainPhase(CommonExecutor.java:65)
	at com.kms.katalon.core.main.TestSuiteExecutor.accessTestSuiteMainPhase(TestSuiteExecutor.java:148)
	at com.kms.katalon.core.main.TestSuiteExecutor.execute(TestSuiteExecutor.java:106)
	at com.kms.katalon.core.main.TestCaseMain.startTestSuite(TestCaseMain.java:187)
	at com.kms.katalon.core.main.TestCaseMain$startTestSuite$0.call(Unknown Source)
	at TempTestSuite1695974576876.run(TempTestSuite1695974576876.groovy:36)
Caused by: com.kms.katalon.core.exception.StepFailedException: Text 'please input an valid email' is not present on page 
	at com.kms.katalon.core.webui.keyword.internal.WebUIKeywordMain.stepFailed(WebUIKeywordMain.groovy:64)
	at com.kms.katalon.core.webui.keyword.builtin.VerifyTextPresentKeyword$_verifyTextPresent_closure1.doCall(VerifyTextPresentKeyword.groovy:79)
	at com.kms.katalon.core.webui.keyword.builtin.VerifyTextPresentKeyword$_verifyTextPresent_closure1.call(VerifyTextPresentKeyword.groovy)
	at com.kms.katalon.core.webui.keyword.internal.WebUIKeywordMain.runKeyword(WebUIKeywordMain.groovy:20)
	... 19 more]]></system-err>
      </testcase>
      <testcase name="Test Cases/T08 - Konfirmasi Pesanan/TC-KF-005" time="14.326" classname="Test Cases/T08 - Konfirmasi Pesanan/TC-KF-005" status="FAILED">
         <failure type="FAILED" message="Test Cases/T08 - Konfirmasi Pesanan/TC-KF-005 FAILED.
Reason:
com.kms.katalon.core.exception.StepFailedException: Unable to verify text 'please input an valid invoice' is present 
	at com.kms.katalon.core.webui.keyword.internal.WebUIKeywordMain.stepFailed(WebUIKeywordMain.groovy:64)
	at com.kms.katalon.core.webui.keyword.internal.WebUIKeywordMain.runKeyword(WebUIKeywordMain.groovy:26)
	at com.kms.katalon.core.webui.keyword.builtin.VerifyTextPresentKeyword.verifyTextPresent(VerifyTextPresentKeyword.groovy:83)
	at com.kms.katalon.core.webui.keyword.builtin.VerifyTextPresentKeyword.execute(VerifyTextPresentKeyword.groovy:68)
	at com.kms.katalon.core.keyword.internal.KeywordExecutor.executeKeywordForPlatform(KeywordExecutor.groovy:74)
	at com.kms.katalon.core.webui.keyword.WebUiBuiltInKeywords.verifyTextPresent(WebUiBuiltInKeywords.groovy:1723)
	at com.kms.katalon.core.webui.keyword.WebUiBuiltInKeywords$verifyTextPresent$14.call(Unknown Source)
	at TC-KF-005.run(TC-KF-005:34)
	at com.kms.katalon.core.main.ScriptEngine.run(ScriptEngine.java:194)
	at com.kms.katalon.core.main.ScriptEngine.runScriptAsRawText(ScriptEngine.java:119)
	at com.kms.katalon.core.main.TestCaseExecutor.runScript(TestCaseExecutor.java:448)
	at com.kms.katalon.core.main.TestCaseExecutor.doExecute(TestCaseExecutor.java:439)
	at com.kms.katalon.core.main.TestCaseExecutor.processExecutionPhase(TestCaseExecutor.java:418)
	at com.kms.katalon.core.main.TestCaseExecutor.accessMainPhase(TestCaseExecutor.java:410)
	at com.kms.katalon.core.main.TestCaseExecutor.execute(TestCaseExecutor.java:285)
	at com.kms.katalon.core.common.CommonExecutor.accessTestCaseMainPhase(CommonExecutor.java:65)
	at com.kms.katalon.core.main.TestSuiteExecutor.accessTestSuiteMainPhase(TestSuiteExecutor.java:148)
	at com.kms.katalon.core.main.TestSuiteExecutor.execute(TestSuiteExecutor.java:106)
	at com.kms.katalon.core.main.TestCaseMain.startTestSuite(TestCaseMain.java:187)
	at com.kms.katalon.core.main.TestCaseMain$startTestSuite$0.call(Unknown Source)
	at TempTestSuite1695974576876.run(TempTestSuite1695974576876.groovy:36)
Caused by: com.kms.katalon.core.exception.StepFailedException: Text 'please input an valid invoice' is not present on page 
	at com.kms.katalon.core.webui.keyword.internal.WebUIKeywordMain.stepFailed(WebUIKeywordMain.groovy:64)
	at com.kms.katalon.core.webui.keyword.builtin.VerifyTextPresentKeyword$_verifyTextPresent_closure1.doCall(VerifyTextPresentKeyword.groovy:79)
	at com.kms.katalon.core.webui.keyword.builtin.VerifyTextPresentKeyword$_verifyTextPresent_closure1.call(VerifyTextPresentKeyword.groovy)
	at com.kms.katalon.core.webui.keyword.internal.WebUIKeywordMain.runKeyword(WebUIKeywordMain.groovy:20)
	... 19 more
"/>
         <system-out><![CDATA[2023-09-29 15:16:07 - [TEST_CASE][FAILED] - Test Cases/T08 - Konfirmasi Pesanan/TC-KF-005: Test Cases/T08 - Konfirmasi Pesanan/TC-KF-005 FAILED.
Reason:
com.kms.katalon.core.exception.StepFailedException: Unable to verify text 'please input an valid invoice' is present 
	at com.kms.katalon.core.webui.keyword.internal.WebUIKeywordMain.stepFailed(WebUIKeywordMain.groovy:64)
	at com.kms.katalon.core.webui.keyword.internal.WebUIKeywordMain.runKeyword(WebUIKeywordMain.groovy:26)
	at com.kms.katalon.core.webui.keyword.builtin.VerifyTextPresentKeyword.verifyTextPresent(VerifyTextPresentKeyword.groovy:83)
	at com.kms.katalon.core.webui.keyword.builtin.VerifyTextPresentKeyword.execute(VerifyTextPresentKeyword.groovy:68)
	at com.kms.katalon.core.keyword.internal.KeywordExecutor.executeKeywordForPlatform(KeywordExecutor.groovy:74)
	at com.kms.katalon.core.webui.keyword.WebUiBuiltInKeywords.verifyTextPresent(WebUiBuiltInKeywords.groovy:1723)
	at com.kms.katalon.core.webui.keyword.WebUiBuiltInKeywords$verifyTextPresent$14.call(Unknown Source)
	at TC-KF-005.run(TC-KF-005:34)
	at com.kms.katalon.core.main.ScriptEngine.run(ScriptEngine.java:194)
	at com.kms.katalon.core.main.ScriptEngine.runScriptAsRawText(ScriptEngine.java:119)
	at com.kms.katalon.core.main.TestCaseExecutor.runScript(TestCaseExecutor.java:448)
	at com.kms.katalon.core.main.TestCaseExecutor.doExecute(TestCaseExecutor.java:439)
	at com.kms.katalon.core.main.TestCaseExecutor.processExecutionPhase(TestCaseExecutor.java:418)
	at com.kms.katalon.core.main.TestCaseExecutor.accessMainPhase(TestCaseExecutor.java:410)
	at com.kms.katalon.core.main.TestCaseExecutor.execute(TestCaseExecutor.java:285)
	at com.kms.katalon.core.common.CommonExecutor.accessTestCaseMainPhase(CommonExecutor.java:65)
	at com.kms.katalon.core.main.TestSuiteExecutor.accessTestSuiteMainPhase(TestSuiteExecutor.java:148)
	at com.kms.katalon.core.main.TestSuiteExecutor.execute(TestSuiteExecutor.java:106)
	at com.kms.katalon.core.main.TestCaseMain.startTestSuite(TestCaseMain.java:187)
	at com.kms.katalon.core.main.TestCaseMain$startTestSuite$0.call(Unknown Source)
	at TempTestSuite1695974576876.run(TempTestSuite1695974576876.groovy:36)
Caused by: com.kms.katalon.core.exception.StepFailedException: Text 'please input an valid invoice' is not present on page 
	at com.kms.katalon.core.webui.keyword.internal.WebUIKeywordMain.stepFailed(WebUIKeywordMain.groovy:64)
	at com.kms.katalon.core.webui.keyword.builtin.VerifyTextPresentKeyword$_verifyTextPresent_closure1.doCall(VerifyTextPresentKeyword.groovy:79)
	at com.kms.katalon.core.webui.keyword.builtin.VerifyTextPresentKeyword$_verifyTextPresent_closure1.call(VerifyTextPresentKeyword.groovy)
	at com.kms.katalon.core.webui.keyword.internal.WebUIKeywordMain.runKeyword(WebUIKeywordMain.groovy:20)
	... 19 more


2023-09-29 15:16:08 - [TEST_STEP][PASSED] - callTestCase(findTestCase("T08 - Konfirmasi Pesanan/TC-LS-001"), [:], STOP_ON_FAILURE): Call Test Case 'Test Cases/T08 - Konfirmasi Pesanan/TC-LS-001' successfully

2023-09-29 15:16:08 - [TEST_CASE][PASSED] - Test Cases/T08 - Konfirmasi Pesanan/TC-LS-001: Test Cases/T08 - Konfirmasi Pesanan/TC-LS-001

2023-09-29 15:16:08 - [TEST_STEP][PASSED] - openBrowser(urlWeb): Browser is opened with url: 'https://10.9.2.63/ecommerce/'

2023-09-29 15:16:08 - [MESSAGE][WARNING] - A browser is already opened. Closing browser and opening a new one

2023-09-29 15:16:09 - [MESSAGE][INFO] - Starting 'Firefox' driver

2023-09-29 15:16:09 - [MESSAGE][INFO] - Action delay is set to 0 milliseconds

2023-09-29 15:16:13 - [MESSAGE][PASSED] - Browser is opened with url: 'https://10.9.2.63/ecommerce/'

2023-09-29 15:16:13 - [TEST_STEP][PASSED] - maximizeWindow(): Current window maximized

2023-09-29 15:16:13 - [MESSAGE][PASSED] - Current window maximized

2023-09-29 15:16:13 - [TEST_STEP][PASSED] - click(findTestObject("Login/a_Login")): Object: 'Object Repository/Login/a_Login' is clicked on

2023-09-29 15:16:14 - [MESSAGE][PASSED] - Object: 'Object Repository/Login/a_Login' is clicked on

2023-09-29 15:16:14 - [TEST_STEP][PASSED] - setText(findTestObject("Login/input_Username, Email atau No. Handphone_a"), "runa36"): Text 'runa36' is set on object 'Object Repository/Login/input_Username, Email atau No. Handphone_a'

2023-09-29 15:16:15 - [MESSAGE][PASSED] - Text 'runa36' is set on object 'Object Repository/Login/input_Username, Email atau No. Handphone_a'

2023-09-29 15:16:15 - [TEST_STEP][PASSED] - setEncryptedText(findTestObject("Login/input_Password di Login(Masuk)"), "qbkrdMwyWE4="): Text ****** has been set on object 'Object Repository/Login/input_Password di Login(Masuk)'

2023-09-29 15:16:15 - [MESSAGE][PASSED] - Text ****** has been set on object 'Object Repository/Login/input_Password di Login(Masuk)'

2023-09-29 15:16:15 - [TEST_STEP][PASSED] - click(findTestObject("Login/button_Masuk di halaman login")): Object: 'Object Repository/Login/button_Masuk di halaman login' is clicked on

2023-09-29 15:16:16 - [MESSAGE][PASSED] - Object: 'Object Repository/Login/button_Masuk di halaman login' is clicked on

2023-09-29 15:16:16 - [TEST_STEP][PASSED] - verifyElementPresent(findTestObject("Pendaftaran/verifikasi MASUK di halaman Login"), 0): Object 'Object Repository/Pendaftaran/verifikasi MASUK di halaman Login' is present

2023-09-29 15:16:16 - [MESSAGE][WARNING] - Timeout '0' is invalid. Using default page load timeout: '30'

2023-09-29 15:16:17 - [MESSAGE][PASSED] - Object 'Object Repository/Pendaftaran/verifikasi MASUK di halaman Login' is present

2023-09-29 15:16:17 - [MESSAGE][PASSED] - Call Test Case 'Test Cases/T08 - Konfirmasi Pesanan/TC-LS-001' successfully

2023-09-29 15:16:17 - [TEST_STEP][PASSED] - mouseOver(findTestObject("konfirmasi pesanan/a_Shop")): Object: 'Object Repository/konfirmasi pesanan/a_Shop' is hovered

2023-09-29 15:16:17 - [MESSAGE][PASSED] - Object: 'Object Repository/konfirmasi pesanan/a_Shop' is hovered

2023-09-29 15:16:17 - [TEST_STEP][PASSED] - click(findTestObject("konfirmasi pesanan/New Konfirmasi_Orders")): Object: 'Object Repository/konfirmasi pesanan/New Konfirmasi_Orders' is clicked on

2023-09-29 15:16:18 - [MESSAGE][PASSED] - Object: 'Object Repository/konfirmasi pesanan/New Konfirmasi_Orders' is clicked on

2023-09-29 15:16:18 - [TEST_STEP][PASSED] - verifyElementPresent(findTestObject("konfirmasi pesanan/verifikasi masuk halaman konfirmasi pesanan"), 0): Object 'Object Repository/konfirmasi pesanan/verifikasi masuk halaman konfirmasi pesanan' is present

2023-09-29 15:16:18 - [MESSAGE][WARNING] - Timeout '0' is invalid. Using default page load timeout: '30'

2023-09-29 15:16:19 - [MESSAGE][PASSED] - Object 'Object Repository/konfirmasi pesanan/verifikasi masuk halaman konfirmasi pesanan' is present

2023-09-29 15:16:19 - [TEST_STEP][PASSED] - setText(findTestObject("konfirmasi pesanan/input_No Pesanan_a di shop"), invoice): Text 'TRX20230907090150' is set on object 'Object Repository/konfirmasi pesanan/input_No Pesanan_a di shop'

2023-09-29 15:16:19 - [MESSAGE][PASSED] - Text 'TRX20230907090150' is set on object 'Object Repository/konfirmasi pesanan/input_No Pesanan_a di shop'

2023-09-29 15:16:19 - [TEST_STEP][PASSED] - setText(findTestObject("konfirmasi pesanan/input_Alamat E-mail_form-control"), email): Text 'runarun@gmail.com' is set on object 'Object Repository/konfirmasi pesanan/input_Alamat E-mail_form-control'

2023-09-29 15:16:20 - [MESSAGE][PASSED] - Text 'runarun@gmail.com' is set on object 'Object Repository/konfirmasi pesanan/input_Alamat E-mail_form-control'

2023-09-29 15:16:20 - [TEST_STEP][PASSED] - click(findTestObject("konfirmasi pesanan/button_Submit")): Object: 'Object Repository/konfirmasi pesanan/button_Submit' is clicked on

2023-09-29 15:16:21 - [MESSAGE][PASSED] - Object: 'Object Repository/konfirmasi pesanan/button_Submit' is clicked on

2023-09-29 15:16:21 - [TEST_STEP][FAILED] - verifyTextPresent("please input an valid invoice", false): Unable to verify text 'please input an valid invoice' is present  (Root cause: com.kms.katalon.core.exception.StepFailedException: Unable to verify text 'please input an valid invoice' is present 
	at com.kms.katalon.core.webui.keyword.internal.WebUIKeywordMain.stepFailed(WebUIKeywordMain.groovy:64)
	at com.kms.katalon.core.webui.keyword.internal.WebUIKeywordMain.runKeyword(WebUIKeywordMain.groovy:26)
	at com.kms.katalon.core.webui.keyword.builtin.VerifyTextPresentKeyword.verifyTextPresent(VerifyTextPresentKeyword.groovy:83)
	at com.kms.katalon.core.webui.keyword.builtin.VerifyTextPresentKeyword.execute(VerifyTextPresentKeyword.groovy:68)
	at com.kms.katalon.core.keyword.internal.KeywordExecutor.executeKeywordForPlatform(KeywordExecutor.groovy:74)
	at com.kms.katalon.core.webui.keyword.WebUiBuiltInKeywords.verifyTextPresent(WebUiBuiltInKeywords.groovy:1723)
	at com.kms.katalon.core.webui.keyword.WebUiBuiltInKeywords$verifyTextPresent$14.call(Unknown Source)
	at TC-KF-005.run(TC-KF-005:34)
	at com.kms.katalon.core.main.ScriptEngine.run(ScriptEngine.java:194)
	at com.kms.katalon.core.main.ScriptEngine.runScriptAsRawText(ScriptEngine.java:119)
	at com.kms.katalon.core.main.TestCaseExecutor.runScript(TestCaseExecutor.java:448)
	at com.kms.katalon.core.main.TestCaseExecutor.doExecute(TestCaseExecutor.java:439)
	at com.kms.katalon.core.main.TestCaseExecutor.processExecutionPhase(TestCaseExecutor.java:418)
	at com.kms.katalon.core.main.TestCaseExecutor.accessMainPhase(TestCaseExecutor.java:410)
	at com.kms.katalon.core.main.TestCaseExecutor.execute(TestCaseExecutor.java:285)
	at com.kms.katalon.core.common.CommonExecutor.accessTestCaseMainPhase(CommonExecutor.java:65)
	at com.kms.katalon.core.main.TestSuiteExecutor.accessTestSuiteMainPhase(TestSuiteExecutor.java:148)
	at com.kms.katalon.core.main.TestSuiteExecutor.execute(TestSuiteExecutor.java:106)
	at com.kms.katalon.core.main.TestCaseMain.startTestSuite(TestCaseMain.java:187)
	at com.kms.katalon.core.main.TestCaseMain$startTestSuite$0.call(Unknown Source)
	at TempTestSuite1695974576876.run(TempTestSuite1695974576876.groovy:36)
Caused by: com.kms.katalon.core.exception.StepFailedException: Text 'please input an valid invoice' is not present on page 
	at com.kms.katalon.core.webui.keyword.internal.WebUIKeywordMain.stepFailed(WebUIKeywordMain.groovy:64)
	at com.kms.katalon.core.webui.keyword.builtin.VerifyTextPresentKeyword$_verifyTextPresent_closure1.doCall(VerifyTextPresentKeyword.groovy:79)
	at com.kms.katalon.core.webui.keyword.builtin.VerifyTextPresentKeyword$_verifyTextPresent_closure1.call(VerifyTextPresentKeyword.groovy)
	at com.kms.katalon.core.webui.keyword.internal.WebUIKeywordMain.runKeyword(WebUIKeywordMain.groovy:20)
	... 19 more
)

2023-09-29 15:16:22 - [MESSAGE][FAILED] - Text 'please input an valid invoice' is not present on page  (Root cause: com.kms.katalon.core.exception.StepFailedException: Text 'please input an valid invoice' is not present on page 
	at com.kms.katalon.core.webui.keyword.internal.WebUIKeywordMain.stepFailed(WebUIKeywordMain.groovy:64)
	at com.kms.katalon.core.webui.keyword.builtin.VerifyTextPresentKeyword$_verifyTextPresent_closure1.doCall(VerifyTextPresentKeyword.groovy:79)
	at com.kms.katalon.core.webui.keyword.builtin.VerifyTextPresentKeyword$_verifyTextPresent_closure1.call(VerifyTextPresentKeyword.groovy)
	at com.kms.katalon.core.webui.keyword.internal.WebUIKeywordMain.runKeyword(WebUIKeywordMain.groovy:20)
	at com.kms.katalon.core.webui.keyword.builtin.VerifyTextPresentKeyword.verifyTextPresent(VerifyTextPresentKeyword.groovy:83)
	at com.kms.katalon.core.webui.keyword.builtin.VerifyTextPresentKeyword.execute(VerifyTextPresentKeyword.groovy:68)
	at com.kms.katalon.core.keyword.internal.KeywordExecutor.executeKeywordForPlatform(KeywordExecutor.groovy:74)
	at com.kms.katalon.core.webui.keyword.WebUiBuiltInKeywords.verifyTextPresent(WebUiBuiltInKeywords.groovy:1723)
	at com.kms.katalon.core.webui.keyword.WebUiBuiltInKeywords$verifyTextPresent$14.call(Unknown Source)
	at TC-KF-005.run(TC-KF-005:34)
	at com.kms.katalon.core.main.ScriptEngine.run(ScriptEngine.java:194)
	at com.kms.katalon.core.main.ScriptEngine.runScriptAsRawText(ScriptEngine.java:119)
	at com.kms.katalon.core.main.TestCaseExecutor.runScript(TestCaseExecutor.java:448)
	at com.kms.katalon.core.main.TestCaseExecutor.doExecute(TestCaseExecutor.java:439)
	at com.kms.katalon.core.main.TestCaseExecutor.processExecutionPhase(TestCaseExecutor.java:418)
	at com.kms.katalon.core.main.TestCaseExecutor.accessMainPhase(TestCaseExecutor.java:410)
	at com.kms.katalon.core.main.TestCaseExecutor.execute(TestCaseExecutor.java:285)
	at com.kms.katalon.core.common.CommonExecutor.accessTestCaseMainPhase(CommonExecutor.java:65)
	at com.kms.katalon.core.main.TestSuiteExecutor.accessTestSuiteMainPhase(TestSuiteExecutor.java:148)
	at com.kms.katalon.core.main.TestSuiteExecutor.execute(TestSuiteExecutor.java:106)
	at com.kms.katalon.core.main.TestCaseMain.startTestSuite(TestCaseMain.java:187)
	at com.kms.katalon.core.main.TestCaseMain$startTestSuite$0.call(Unknown Source)
	at TempTestSuite1695974576876.run(TempTestSuite1695974576876.groovy:36)
)

2023-09-29 15:16:22 - [MESSAGE][FAILED] - Unable to verify text 'please input an valid invoice' is present  (Root cause: com.kms.katalon.core.exception.StepFailedException: Unable to verify text 'please input an valid invoice' is present 
	at com.kms.katalon.core.webui.keyword.internal.WebUIKeywordMain.stepFailed(WebUIKeywordMain.groovy:64)
	at com.kms.katalon.core.webui.keyword.internal.WebUIKeywordMain.runKeyword(WebUIKeywordMain.groovy:26)
	at com.kms.katalon.core.webui.keyword.builtin.VerifyTextPresentKeyword.verifyTextPresent(VerifyTextPresentKeyword.groovy:83)
	at com.kms.katalon.core.webui.keyword.builtin.VerifyTextPresentKeyword.execute(VerifyTextPresentKeyword.groovy:68)
	at com.kms.katalon.core.keyword.internal.KeywordExecutor.executeKeywordForPlatform(KeywordExecutor.groovy:74)
	at com.kms.katalon.core.webui.keyword.WebUiBuiltInKeywords.verifyTextPresent(WebUiBuiltInKeywords.groovy:1723)
	at com.kms.katalon.core.webui.keyword.WebUiBuiltInKeywords$verifyTextPresent$14.call(Unknown Source)
	at TC-KF-005.run(TC-KF-005:34)
	at com.kms.katalon.core.main.ScriptEngine.run(ScriptEngine.java:194)
	at com.kms.katalon.core.main.ScriptEngine.runScriptAsRawText(ScriptEngine.java:119)
	at com.kms.katalon.core.main.TestCaseExecutor.runScript(TestCaseExecutor.java:448)
	at com.kms.katalon.core.main.TestCaseExecutor.doExecute(TestCaseExecutor.java:439)
	at com.kms.katalon.core.main.TestCaseExecutor.processExecutionPhase(TestCaseExecutor.java:418)
	at com.kms.katalon.core.main.TestCaseExecutor.accessMainPhase(TestCaseExecutor.java:410)
	at com.kms.katalon.core.main.TestCaseExecutor.execute(TestCaseExecutor.java:285)
	at com.kms.katalon.core.common.CommonExecutor.accessTestCaseMainPhase(CommonExecutor.java:65)
	at com.kms.katalon.core.main.TestSuiteExecutor.accessTestSuiteMainPhase(TestSuiteExecutor.java:148)
	at com.kms.katalon.core.main.TestSuiteExecutor.execute(TestSuiteExecutor.java:106)
	at com.kms.katalon.core.main.TestCaseMain.startTestSuite(TestCaseMain.java:187)
	at com.kms.katalon.core.main.TestCaseMain$startTestSuite$0.call(Unknown Source)
	at TempTestSuite1695974576876.run(TempTestSuite1695974576876.groovy:36)
Caused by: com.kms.katalon.core.exception.StepFailedException: Text 'please input an valid invoice' is not present on page 
	at com.kms.katalon.core.webui.keyword.internal.WebUIKeywordMain.stepFailed(WebUIKeywordMain.groovy:64)
	at com.kms.katalon.core.webui.keyword.builtin.VerifyTextPresentKeyword$_verifyTextPresent_closure1.doCall(VerifyTextPresentKeyword.groovy:79)
	at com.kms.katalon.core.webui.keyword.builtin.VerifyTextPresentKeyword$_verifyTextPresent_closure1.call(VerifyTextPresentKeyword.groovy)
	at com.kms.katalon.core.webui.keyword.internal.WebUIKeywordMain.runKeyword(WebUIKeywordMain.groovy:20)
	... 19 more
)
[[ATTACHMENT|F:\\bootcamp\\Miniproject\\Tajalapak\\Reports\\20230929_150256\\T08 - Konfirmasi Pesanan\\20230929_150256\\1695975382192.png]]]]></system-out>
         <system-err><![CDATA[2023-09-29 15:16:07 - [TEST_CASE][FAILED] - Test Cases/T08 - Konfirmasi Pesanan/TC-KF-005: Test Cases/T08 - Konfirmasi Pesanan/TC-KF-005 FAILED.
Reason:
com.kms.katalon.core.exception.StepFailedException: Unable to verify text 'please input an valid invoice' is present 
	at com.kms.katalon.core.webui.keyword.internal.WebUIKeywordMain.stepFailed(WebUIKeywordMain.groovy:64)
	at com.kms.katalon.core.webui.keyword.internal.WebUIKeywordMain.runKeyword(WebUIKeywordMain.groovy:26)
	at com.kms.katalon.core.webui.keyword.builtin.VerifyTextPresentKeyword.verifyTextPresent(VerifyTextPresentKeyword.groovy:83)
	at com.kms.katalon.core.webui.keyword.builtin.VerifyTextPresentKeyword.execute(VerifyTextPresentKeyword.groovy:68)
	at com.kms.katalon.core.keyword.internal.KeywordExecutor.executeKeywordForPlatform(KeywordExecutor.groovy:74)
	at com.kms.katalon.core.webui.keyword.WebUiBuiltInKeywords.verifyTextPresent(WebUiBuiltInKeywords.groovy:1723)
	at com.kms.katalon.core.webui.keyword.WebUiBuiltInKeywords$verifyTextPresent$14.call(Unknown Source)
	at TC-KF-005.run(TC-KF-005:34)
	at com.kms.katalon.core.main.ScriptEngine.run(ScriptEngine.java:194)
	at com.kms.katalon.core.main.ScriptEngine.runScriptAsRawText(ScriptEngine.java:119)
	at com.kms.katalon.core.main.TestCaseExecutor.runScript(TestCaseExecutor.java:448)
	at com.kms.katalon.core.main.TestCaseExecutor.doExecute(TestCaseExecutor.java:439)
	at com.kms.katalon.core.main.TestCaseExecutor.processExecutionPhase(TestCaseExecutor.java:418)
	at com.kms.katalon.core.main.TestCaseExecutor.accessMainPhase(TestCaseExecutor.java:410)
	at com.kms.katalon.core.main.TestCaseExecutor.execute(TestCaseExecutor.java:285)
	at com.kms.katalon.core.common.CommonExecutor.accessTestCaseMainPhase(CommonExecutor.java:65)
	at com.kms.katalon.core.main.TestSuiteExecutor.accessTestSuiteMainPhase(TestSuiteExecutor.java:148)
	at com.kms.katalon.core.main.TestSuiteExecutor.execute(TestSuiteExecutor.java:106)
	at com.kms.katalon.core.main.TestCaseMain.startTestSuite(TestCaseMain.java:187)
	at com.kms.katalon.core.main.TestCaseMain$startTestSuite$0.call(Unknown Source)
	at TempTestSuite1695974576876.run(TempTestSuite1695974576876.groovy:36)
Caused by: com.kms.katalon.core.exception.StepFailedException: Text 'please input an valid invoice' is not present on page 
	at com.kms.katalon.core.webui.keyword.internal.WebUIKeywordMain.stepFailed(WebUIKeywordMain.groovy:64)
	at com.kms.katalon.core.webui.keyword.builtin.VerifyTextPresentKeyword$_verifyTextPresent_closure1.doCall(VerifyTextPresentKeyword.groovy:79)
	at com.kms.katalon.core.webui.keyword.builtin.VerifyTextPresentKeyword$_verifyTextPresent_closure1.call(VerifyTextPresentKeyword.groovy)
	at com.kms.katalon.core.webui.keyword.internal.WebUIKeywordMain.runKeyword(WebUIKeywordMain.groovy:20)
	... 19 more]]></system-err>
      </testcase>
      <testcase name="Test Cases/T08 - Konfirmasi Pesanan/TC-KF-006" time="38.297" classname="Test Cases/T08 - Konfirmasi Pesanan/TC-KF-006" status="FAILED">
         <failure type="FAILED" message="Test Cases/T08 - Konfirmasi Pesanan/TC-KF-006 FAILED.
Reason:
com.kms.katalon.core.exception.StepFailedException: Unable to verify text 'please input an valid date' is present 
	at com.kms.katalon.core.webui.keyword.internal.WebUIKeywordMain.stepFailed(WebUIKeywordMain.groovy:64)
	at com.kms.katalon.core.webui.keyword.internal.WebUIKeywordMain.runKeyword(WebUIKeywordMain.groovy:26)
	at com.kms.katalon.core.webui.keyword.builtin.VerifyTextPresentKeyword.verifyTextPresent(VerifyTextPresentKeyword.groovy:83)
	at com.kms.katalon.core.webui.keyword.builtin.VerifyTextPresentKeyword.execute(VerifyTextPresentKeyword.groovy:68)
	at com.kms.katalon.core.keyword.internal.KeywordExecutor.executeKeywordForPlatform(KeywordExecutor.groovy:74)
	at com.kms.katalon.core.webui.keyword.WebUiBuiltInKeywords.verifyTextPresent(WebUiBuiltInKeywords.groovy:1723)
	at com.kms.katalon.core.webui.keyword.WebUiBuiltInKeywords$verifyTextPresent$14.call(Unknown Source)
	at TC-KF-006.run(TC-KF-006:66)
	at com.kms.katalon.core.main.ScriptEngine.run(ScriptEngine.java:194)
	at com.kms.katalon.core.main.ScriptEngine.runScriptAsRawText(ScriptEngine.java:119)
	at com.kms.katalon.core.main.TestCaseExecutor.runScript(TestCaseExecutor.java:448)
	at com.kms.katalon.core.main.TestCaseExecutor.doExecute(TestCaseExecutor.java:439)
	at com.kms.katalon.core.main.TestCaseExecutor.processExecutionPhase(TestCaseExecutor.java:418)
	at com.kms.katalon.core.main.TestCaseExecutor.accessMainPhase(TestCaseExecutor.java:410)
	at com.kms.katalon.core.main.TestCaseExecutor.execute(TestCaseExecutor.java:285)
	at com.kms.katalon.core.common.CommonExecutor.accessTestCaseMainPhase(CommonExecutor.java:65)
	at com.kms.katalon.core.main.TestSuiteExecutor.accessTestSuiteMainPhase(TestSuiteExecutor.java:148)
	at com.kms.katalon.core.main.TestSuiteExecutor.execute(TestSuiteExecutor.java:106)
	at com.kms.katalon.core.main.TestCaseMain.startTestSuite(TestCaseMain.java:187)
	at com.kms.katalon.core.main.TestCaseMain$startTestSuite$0.call(Unknown Source)
	at TempTestSuite1695974576876.run(TempTestSuite1695974576876.groovy:36)
Caused by: com.kms.katalon.core.exception.StepFailedException: Text 'please input an valid date' is not present on page 
	at com.kms.katalon.core.webui.keyword.internal.WebUIKeywordMain.stepFailed(WebUIKeywordMain.groovy:64)
	at com.kms.katalon.core.webui.keyword.builtin.VerifyTextPresentKeyword$_verifyTextPresent_closure1.doCall(VerifyTextPresentKeyword.groovy:79)
	at com.kms.katalon.core.webui.keyword.builtin.VerifyTextPresentKeyword$_verifyTextPresent_closure1.call(VerifyTextPresentKeyword.groovy)
	at com.kms.katalon.core.webui.keyword.internal.WebUIKeywordMain.runKeyword(WebUIKeywordMain.groovy:20)
	... 19 more
"/>
         <system-out><![CDATA[2023-09-29 15:16:22 - [TEST_CASE][FAILED] - Test Cases/T08 - Konfirmasi Pesanan/TC-KF-006: Test Cases/T08 - Konfirmasi Pesanan/TC-KF-006 FAILED.
Reason:
com.kms.katalon.core.exception.StepFailedException: Unable to verify text 'please input an valid date' is present 
	at com.kms.katalon.core.webui.keyword.internal.WebUIKeywordMain.stepFailed(WebUIKeywordMain.groovy:64)
	at com.kms.katalon.core.webui.keyword.internal.WebUIKeywordMain.runKeyword(WebUIKeywordMain.groovy:26)
	at com.kms.katalon.core.webui.keyword.builtin.VerifyTextPresentKeyword.verifyTextPresent(VerifyTextPresentKeyword.groovy:83)
	at com.kms.katalon.core.webui.keyword.builtin.VerifyTextPresentKeyword.execute(VerifyTextPresentKeyword.groovy:68)
	at com.kms.katalon.core.keyword.internal.KeywordExecutor.executeKeywordForPlatform(KeywordExecutor.groovy:74)
	at com.kms.katalon.core.webui.keyword.WebUiBuiltInKeywords.verifyTextPresent(WebUiBuiltInKeywords.groovy:1723)
	at com.kms.katalon.core.webui.keyword.WebUiBuiltInKeywords$verifyTextPresent$14.call(Unknown Source)
	at TC-KF-006.run(TC-KF-006:66)
	at com.kms.katalon.core.main.ScriptEngine.run(ScriptEngine.java:194)
	at com.kms.katalon.core.main.ScriptEngine.runScriptAsRawText(ScriptEngine.java:119)
	at com.kms.katalon.core.main.TestCaseExecutor.runScript(TestCaseExecutor.java:448)
	at com.kms.katalon.core.main.TestCaseExecutor.doExecute(TestCaseExecutor.java:439)
	at com.kms.katalon.core.main.TestCaseExecutor.processExecutionPhase(TestCaseExecutor.java:418)
	at com.kms.katalon.core.main.TestCaseExecutor.accessMainPhase(TestCaseExecutor.java:410)
	at com.kms.katalon.core.main.TestCaseExecutor.execute(TestCaseExecutor.java:285)
	at com.kms.katalon.core.common.CommonExecutor.accessTestCaseMainPhase(CommonExecutor.java:65)
	at com.kms.katalon.core.main.TestSuiteExecutor.accessTestSuiteMainPhase(TestSuiteExecutor.java:148)
	at com.kms.katalon.core.main.TestSuiteExecutor.execute(TestSuiteExecutor.java:106)
	at com.kms.katalon.core.main.TestCaseMain.startTestSuite(TestCaseMain.java:187)
	at com.kms.katalon.core.main.TestCaseMain$startTestSuite$0.call(Unknown Source)
	at TempTestSuite1695974576876.run(TempTestSuite1695974576876.groovy:36)
Caused by: com.kms.katalon.core.exception.StepFailedException: Text 'please input an valid date' is not present on page 
	at com.kms.katalon.core.webui.keyword.internal.WebUIKeywordMain.stepFailed(WebUIKeywordMain.groovy:64)
	at com.kms.katalon.core.webui.keyword.builtin.VerifyTextPresentKeyword$_verifyTextPresent_closure1.doCall(VerifyTextPresentKeyword.groovy:79)
	at com.kms.katalon.core.webui.keyword.builtin.VerifyTextPresentKeyword$_verifyTextPresent_closure1.call(VerifyTextPresentKeyword.groovy)
	at com.kms.katalon.core.webui.keyword.internal.WebUIKeywordMain.runKeyword(WebUIKeywordMain.groovy:20)
	... 19 more


2023-09-29 15:16:23 - [TEST_STEP][PASSED] - data = callTestCase(findTestCase("T08 - Konfirmasi Pesanan/TC-OS-001"), ["Roda":"2", "MetodePembayaran":"transfer"], STOP_ON_FAILURE): Call Test Case 'Test Cases/T08 - Konfirmasi Pesanan/TC-OS-001' successfully

2023-09-29 15:16:23 - [TEST_CASE][PASSED] - Test Cases/T08 - Konfirmasi Pesanan/TC-OS-001: Test Cases/T08 - Konfirmasi Pesanan/TC-OS-001

2023-09-29 15:16:23 - [TEST_STEP][PASSED] - callTestCase(findTestCase("T08 - Konfirmasi Pesanan/TC-LS-001"), [:], STOP_ON_FAILURE): Call Test Case 'Test Cases/T08 - Konfirmasi Pesanan/TC-LS-001' successfully

2023-09-29 15:16:23 - [TEST_CASE][PASSED] - Test Cases/T08 - Konfirmasi Pesanan/TC-LS-001: Test Cases/T08 - Konfirmasi Pesanan/TC-LS-001

2023-09-29 15:16:23 - [TEST_STEP][PASSED] - openBrowser(urlWeb): Browser is opened with url: 'https://10.9.2.63/ecommerce/'

2023-09-29 15:16:23 - [MESSAGE][WARNING] - A browser is already opened. Closing browser and opening a new one

2023-09-29 15:16:24 - [MESSAGE][INFO] - Starting 'Firefox' driver

2023-09-29 15:16:24 - [MESSAGE][INFO] - Action delay is set to 0 milliseconds

2023-09-29 15:16:28 - [MESSAGE][PASSED] - Browser is opened with url: 'https://10.9.2.63/ecommerce/'

2023-09-29 15:16:28 - [TEST_STEP][PASSED] - maximizeWindow(): Current window maximized

2023-09-29 15:16:28 - [MESSAGE][PASSED] - Current window maximized

2023-09-29 15:16:28 - [TEST_STEP][PASSED] - click(findTestObject("Login/a_Login")): Object: 'Object Repository/Login/a_Login' is clicked on

2023-09-29 15:16:29 - [MESSAGE][PASSED] - Object: 'Object Repository/Login/a_Login' is clicked on

2023-09-29 15:16:29 - [TEST_STEP][PASSED] - setText(findTestObject("Login/input_Username, Email atau No. Handphone_a"), "runa36"): Text 'runa36' is set on object 'Object Repository/Login/input_Username, Email atau No. Handphone_a'

2023-09-29 15:16:30 - [MESSAGE][PASSED] - Text 'runa36' is set on object 'Object Repository/Login/input_Username, Email atau No. Handphone_a'

2023-09-29 15:16:30 - [TEST_STEP][PASSED] - setEncryptedText(findTestObject("Login/input_Password di Login(Masuk)"), "qbkrdMwyWE4="): Text ****** has been set on object 'Object Repository/Login/input_Password di Login(Masuk)'

2023-09-29 15:16:30 - [MESSAGE][PASSED] - Text ****** has been set on object 'Object Repository/Login/input_Password di Login(Masuk)'

2023-09-29 15:16:30 - [TEST_STEP][PASSED] - click(findTestObject("Login/button_Masuk di halaman login")): Object: 'Object Repository/Login/button_Masuk di halaman login' is clicked on

2023-09-29 15:16:31 - [MESSAGE][PASSED] - Object: 'Object Repository/Login/button_Masuk di halaman login' is clicked on

2023-09-29 15:16:31 - [TEST_STEP][PASSED] - verifyElementPresent(findTestObject("Pendaftaran/verifikasi MASUK di halaman Login"), 0): Object 'Object Repository/Pendaftaran/verifikasi MASUK di halaman Login' is present

2023-09-29 15:16:31 - [MESSAGE][WARNING] - Timeout '0' is invalid. Using default page load timeout: '30'

2023-09-29 15:16:32 - [MESSAGE][PASSED] - Object 'Object Repository/Pendaftaran/verifikasi MASUK di halaman Login' is present

2023-09-29 15:16:32 - [MESSAGE][PASSED] - Call Test Case 'Test Cases/T08 - Konfirmasi Pesanan/TC-LS-001' successfully

2023-09-29 15:16:32 - [TEST_STEP][PASSED] - setText(findTestObject("chekout/input aku mau belanja"), "acer"): Text 'acer' is set on object 'Object Repository/chekout/input aku mau belanja'

2023-09-29 15:16:32 - [MESSAGE][PASSED] - Text 'acer' is set on object 'Object Repository/chekout/input aku mau belanja'

2023-09-29 15:16:32 - [TEST_STEP][PASSED] - click(findTestObject("chekout/button_Cari di halaman tajalapak")): Object: 'Object Repository/chekout/button_Cari di halaman tajalapak' is clicked on

2023-09-29 15:16:33 - [MESSAGE][PASSED] - Object: 'Object Repository/chekout/button_Cari di halaman tajalapak' is clicked on

2023-09-29 15:16:33 - [TEST_STEP][PASSED] - click(findTestObject("chekout/NEW read more acer")): Object: 'Object Repository/chekout/NEW read more acer' is clicked on

2023-09-29 15:16:34 - [MESSAGE][PASSED] - Object: 'Object Repository/chekout/NEW read more acer' is clicked on

2023-09-29 15:16:34 - [TEST_STEP][PASSED] - click(findTestObject("chekout/button_Beli Sekarang di detail produk")): Object: 'Object Repository/chekout/button_Beli Sekarang di detail produk' is clicked on

2023-09-29 15:16:35 - [MESSAGE][PASSED] - Object: 'Object Repository/chekout/button_Beli Sekarang di detail produk' is clicked on

2023-09-29 15:16:35 - [TEST_STEP][PASSED] - verifyElementPresent(findTestObject("chekout/halaman keranjang belanja"), 0): Object 'Object Repository/chekout/halaman keranjang belanja' is present

2023-09-29 15:16:36 - [MESSAGE][WARNING] - Timeout '0' is invalid. Using default page load timeout: '30'

2023-09-29 15:16:36 - [MESSAGE][PASSED] - Object 'Object Repository/chekout/halaman keranjang belanja' is present

2023-09-29 15:16:36 - [TEST_STEP][PASSED] - click(findTestObject("chekout/button_Lanjut ke Pembayaran")): Object: 'Object Repository/chekout/button_Lanjut ke Pembayaran' is clicked on

2023-09-29 15:16:37 - [MESSAGE][PASSED] - Object: 'Object Repository/chekout/button_Lanjut ke Pembayaran' is clicked on

2023-09-29 15:16:37 - [TEST_STEP][PASSED] - selectOptionByValue(findTestObject("Object Repository/chekout/select_- Kirim via Kurir Lokal -Roda 2Roda 4"), Roda, false): All options with value '2' are selected in object 'Object Repository/chekout/select_- Kirim via Kurir Lokal -Roda 2Roda 4' 

2023-09-29 15:16:38 - [MESSAGE][PASSED] - All options with value '2' are selected in object 'Object Repository/chekout/select_- Kirim via Kurir Lokal -Roda 2Roda 4' 

2023-09-29 15:16:38 - [TEST_STEP][PASSED] - click(findTestObject("chekout/jenis kendaraan")): Object: 'Object Repository/chekout/jenis kendaraan' is clicked on

2023-09-29 15:16:39 - [MESSAGE][PASSED] - Object: 'Object Repository/chekout/jenis kendaraan' is clicked on

2023-09-29 15:16:39 - [TEST_STEP][PASSED] - if (toString().equalsIgnoreCase("transfer")): Object 'Object Repository/chekout/input metode tf bank' is checked

2023-09-29 15:16:39 - [TEST_STEP][PASSED] - check(findTestObject("chekout/input metode tf bank")): Object 'Object Repository/chekout/input metode tf bank' is checked

2023-09-29 15:16:39 - [MESSAGE][PASSED] - Object 'Object Repository/chekout/input metode tf bank' is checked

2023-09-29 15:16:39 - [TEST_STEP][PASSED] - click(findTestObject("chekout/button_Proses Pembayaran")): Object: 'Object Repository/chekout/button_Proses Pembayaran' is clicked on

2023-09-29 15:16:45 - [MESSAGE][PASSED] - Object: 'Object Repository/chekout/button_Proses Pembayaran' is clicked on

2023-09-29 15:16:45 - [TEST_STEP][PASSED] - noPesanan = getText(findTestObject("Object Repository/chekout/nomor invoice dari halaman menunggu pembayaran")): Text of object 'Object Repository/chekout/nomor invoice dari halaman menunggu pembayaran' is: 'TRX91.20230929151640'

2023-09-29 15:16:46 - [MESSAGE][PASSED] - Text of object 'Object Repository/chekout/nomor invoice dari halaman menunggu pembayaran' is: 'TRX91.20230929151640'

2023-09-29 15:16:46 - [TEST_STEP][PASSED] - println(noPesanan): null

2023-09-29 15:16:46 - [TEST_STEP][PASSED] - pengirim = getText(findTestObject("Object Repository/chekout/dikirim kepada sama dengan pengirim di tf di konfirmaasi bayar")): Text of object 'Object Repository/chekout/dikirim kepada sama dengan pengirim di tf di konfirmaasi bayar' is: 'runarun'

2023-09-29 15:16:46 - [MESSAGE][PASSED] - Text of object 'Object Repository/chekout/dikirim kepada sama dengan pengirim di tf di konfirmaasi bayar' is: 'runarun'

2023-09-29 15:16:46 - [TEST_STEP][PASSED] - totalharga = getText(findTestObject("Object Repository/chekout/total harga bayar")): Text of object 'Object Repository/chekout/total harga bayar' is: '17,386'

2023-09-29 15:16:47 - [MESSAGE][PASSED] - Text of object 'Object Repository/chekout/total harga bayar' is: '17,386'

2023-09-29 15:16:47 - [TEST_STEP][PASSED] - ongkir = getText(findTestObject("co saldo akun/new ongkir tf")): Text of object 'Object Repository/co saldo akun/new ongkir tf' is: 'Rp 13,000'

2023-09-29 15:16:47 - [MESSAGE][PASSED] - Text of object 'Object Repository/co saldo akun/new ongkir tf' is: 'Rp 13,000'

2023-09-29 15:16:47 - [TEST_STEP][PASSED] - ongkirr = replace(",", "").trim(): null

2023-09-29 15:16:47 - [TEST_STEP][PASSED] - ongkir1 = Integer.parseInt(ongkirr): null

2023-09-29 15:16:47 - [TEST_STEP][PASSED] - println(ongkir1): null

2023-09-29 15:16:47 - [TEST_STEP][PASSED] - biayaAdmin = getText(findTestObject("co saldo akun/new fee admin tf")): Text of object 'Object Repository/co saldo akun/new fee admin tf' is: 'Rp 1,500'

2023-09-29 15:16:48 - [MESSAGE][PASSED] - Text of object 'Object Repository/co saldo akun/new fee admin tf' is: 'Rp 1,500'

2023-09-29 15:16:48 - [TEST_STEP][PASSED] - bAdmin = replace(",", "").trim(): null

2023-09-29 15:16:48 - [TEST_STEP][PASSED] - Integer.parseInt(bAdmin): null

2023-09-29 15:16:48 - [TEST_STEP][PASSED] - Admin = Double.parseDouble(bAdmin): null

2023-09-29 15:16:48 - [TEST_STEP][PASSED] - println(Admin): null

2023-09-29 15:16:48 - [TEST_STEP][PASSED] - subtotal = getText(findTestObject("co saldo akun/new subtotal tf")): Text of object 'Object Repository/co saldo akun/new subtotal tf' is: 'Rp 2,246'

2023-09-29 15:16:48 - [MESSAGE][PASSED] - Text of object 'Object Repository/co saldo akun/new subtotal tf' is: 'Rp 2,246'

2023-09-29 15:16:48 - [TEST_STEP][PASSED] - subtotall = replace(",", "").trim(): null

2023-09-29 15:16:48 - [TEST_STEP][PASSED] - Integer.parseInt(subtotall): null

2023-09-29 15:16:48 - [TEST_STEP][PASSED] - sub = Double.parseDouble(subtotall): null

2023-09-29 15:16:48 - [TEST_STEP][PASSED] - println(sub): null

2023-09-29 15:16:48 - [TEST_STEP][PASSED] - kode = getText(findTestObject("co saldo akun/new kode unik tf")): Text of object 'Object Repository/co saldo akun/new kode unik tf' is: '+640'

2023-09-29 15:16:49 - [MESSAGE][PASSED] - Text of object 'Object Repository/co saldo akun/new kode unik tf' is: '+640'

2023-09-29 15:16:49 - [TEST_STEP][PASSED] - kodee = replace("+", "").trim(): null

2023-09-29 15:16:49 - [TEST_STEP][PASSED] - Integer.parseInt(kodee): null

2023-09-29 15:16:49 - [TEST_STEP][PASSED] - code = Double.parseDouble(kodee): null

2023-09-29 15:16:49 - [TEST_STEP][PASSED] - tOng = ongkir1 + sub: null

2023-09-29 15:16:49 - [TEST_STEP][PASSED] - println(tOng): null

2023-09-29 15:16:49 - [TEST_STEP][PASSED] - totalBayar = tOng + Admin + code: null

2023-09-29 15:16:49 - [TEST_STEP][PASSED] - println(totalBayar): null

2023-09-29 15:16:49 - [TEST_STEP][PASSED] - totalBayar1 = totalBayar: null

2023-09-29 15:16:49 - [TEST_STEP][PASSED] - println(totalBayar1): null

2023-09-29 15:16:49 - [TEST_STEP][PASSED] - total = getText(findTestObject("co saldo akun/new total harga tf")): Text of object 'Object Repository/co saldo akun/new total harga tf' is: '17,386'

2023-09-29 15:16:49 - [MESSAGE][PASSED] - Text of object 'Object Repository/co saldo akun/new total harga tf' is: '17,386'

2023-09-29 15:16:49 - [TEST_STEP][PASSED] - total1 = replace(",", "").trim(): null

2023-09-29 15:16:49 - [TEST_STEP][PASSED] - total2 = Integer.parseInt(total1): null

2023-09-29 15:16:49 - [TEST_STEP][PASSED] - println(total2): null

2023-09-29 15:16:49 - [TEST_STEP][PASSED] - assert totalBayar1 == total2: null

2023-09-29 15:16:49 - [TEST_STEP][PASSED] - data = new java.util.HashMap(): null

2023-09-29 15:16:49 - [TEST_STEP][PASSED] - data.put("invoice", noPesanan): null

2023-09-29 15:16:49 - [TEST_STEP][PASSED] - data.put("namaPengirim", pengirim): null

2023-09-29 15:16:49 - [TEST_STEP][PASSED] - data.put("totalBayar", totalharga): null

2023-09-29 15:16:49 - [TEST_STEP][PASSED] - data.put("totalOngkir", tOng): null

2023-09-29 15:16:49 - [TEST_STEP][PASSED] - return data: null

2023-09-29 15:16:49 - [MESSAGE][PASSED] - Call Test Case 'Test Cases/T08 - Konfirmasi Pesanan/TC-OS-001' successfully

2023-09-29 15:16:49 - [TEST_STEP][PASSED] - noPesanan = data.get("invoice"): null

2023-09-29 15:16:49 - [TEST_STEP][PASSED] - nmPengirim = data.get("namaPengirim"): null

2023-09-29 15:16:49 - [TEST_STEP][PASSED] - bayarTotal = data.get("totalBayar"): null

2023-09-29 15:16:49 - [TEST_STEP][PASSED] - click(findTestObject("konfirmasi pesanan/a_Akun 0")): Object: 'Object Repository/konfirmasi pesanan/a_Akun 0' is clicked on

2023-09-29 15:16:50 - [MESSAGE][PASSED] - Object: 'Object Repository/konfirmasi pesanan/a_Akun 0' is clicked on

2023-09-29 15:16:50 - [TEST_STEP][PASSED] - click(findTestObject("konfirmasi pesanan/a_Profile")): Object: 'Object Repository/konfirmasi pesanan/a_Profile' is clicked on

2023-09-29 15:16:51 - [MESSAGE][PASSED] - Object: 'Object Repository/konfirmasi pesanan/a_Profile' is clicked on

2023-09-29 15:16:51 - [TEST_STEP][PASSED] - click(findTestObject("konfirmasi pesanan/a_Pembelian")): Object: 'Object Repository/konfirmasi pesanan/a_Pembelian' is clicked on

2023-09-29 15:16:52 - [MESSAGE][PASSED] - Object: 'Object Repository/konfirmasi pesanan/a_Pembelian' is clicked on

2023-09-29 15:16:52 - [TEST_STEP][PASSED] - click(findTestObject("konfirmasi pesanan/new konfirmasi bayar")): Object: 'Object Repository/konfirmasi pesanan/new konfirmasi bayar' is clicked on

2023-09-29 15:16:53 - [MESSAGE][PASSED] - Object: 'Object Repository/konfirmasi pesanan/new konfirmasi bayar' is clicked on

2023-09-29 15:16:53 - [TEST_STEP][PASSED] - verifyElementPresent(findTestObject("konfirmasi pesanan/verifikasi user masuk halaman konfirmasi bayar dari akun profil"), 0): Object 'Object Repository/konfirmasi pesanan/verifikasi user masuk halaman konfirmasi bayar dari akun profil' is present

2023-09-29 15:16:53 - [MESSAGE][WARNING] - Timeout '0' is invalid. Using default page load timeout: '30'

2023-09-29 15:16:53 - [MESSAGE][PASSED] - Object 'Object Repository/konfirmasi pesanan/verifikasi user masuk halaman konfirmasi bayar dari akun profil' is present

2023-09-29 15:16:53 - [TEST_STEP][PASSED] - clearText(findTestObject("konfirmasi pesanan/input_Total TagihanTransfer_b")): Text of object 'Object Repository/konfirmasi pesanan/input_Total TagihanTransfer_b' is cleared

2023-09-29 15:16:54 - [MESSAGE][PASSED] - Text of object 'Object Repository/konfirmasi pesanan/input_Total TagihanTransfer_b' is cleared

2023-09-29 15:16:54 - [TEST_STEP][PASSED] - setText(findTestObject("konfirmasi pesanan/input_Total TagihanTransfer_b"), bayarTotal): Text '17,386' is set on object 'Object Repository/konfirmasi pesanan/input_Total TagihanTransfer_b'

2023-09-29 15:16:54 - [MESSAGE][PASSED] - Text '17,386' is set on object 'Object Repository/konfirmasi pesanan/input_Total TagihanTransfer_b'

2023-09-29 15:16:54 - [TEST_STEP][PASSED] - selectOptionByValue(findTestObject("konfirmasi pesanan/select dropdown trasfer"), transfer, false): All options with value '1' are selected in object 'Object Repository/konfirmasi pesanan/select dropdown trasfer' 

2023-09-29 15:16:55 - [MESSAGE][PASSED] - All options with value '1' are selected in object 'Object Repository/konfirmasi pesanan/select dropdown trasfer' 

2023-09-29 15:16:55 - [TEST_STEP][PASSED] - clearText(findTestObject("konfirmasi pesanan/input_Nama Pengirim_d")): Text of object 'Object Repository/konfirmasi pesanan/input_Nama Pengirim_d' is cleared

2023-09-29 15:16:55 - [MESSAGE][PASSED] - Text of object 'Object Repository/konfirmasi pesanan/input_Nama Pengirim_d' is cleared

2023-09-29 15:16:55 - [TEST_STEP][PASSED] - setText(findTestObject("konfirmasi pesanan/input_Nama Pengirim_d"), name): Text 'runarun' is set on object 'Object Repository/konfirmasi pesanan/input_Nama Pengirim_d'

2023-09-29 15:16:56 - [MESSAGE][PASSED] - Text 'runarun' is set on object 'Object Repository/konfirmasi pesanan/input_Nama Pengirim_d'

2023-09-29 15:16:56 - [TEST_STEP][PASSED] - clearText(findTestObject("konfirmasi pesanan/input_Tanggal Transfer_e")): Text of object 'Object Repository/konfirmasi pesanan/input_Tanggal Transfer_e' is cleared

2023-09-29 15:16:56 - [MESSAGE][PASSED] - Text of object 'Object Repository/konfirmasi pesanan/input_Tanggal Transfer_e' is cleared

2023-09-29 15:16:56 - [TEST_STEP][PASSED] - setText(findTestObject("konfirmasi pesanan/input_Tanggal Transfer_e"), date): Text '2024-01-21' is set on object 'Object Repository/konfirmasi pesanan/input_Tanggal Transfer_e'

2023-09-29 15:16:57 - [MESSAGE][PASSED] - Text '2024-01-21' is set on object 'Object Repository/konfirmasi pesanan/input_Tanggal Transfer_e'

2023-09-29 15:16:57 - [TEST_STEP][PASSED] - uploadFile(findTestObject("konfirmasi pesanan/input_Upload Bukti Transfer_f"), "F:\bootcamp\Miniproject\transfer.jpg"): File 'F:\bootcamp\Miniproject\transfer.jpg' sent to object: 'Object Repository/konfirmasi pesanan/input_Upload Bukti Transfer_f'

2023-09-29 15:16:57 - [MESSAGE][PASSED] - File 'F:\bootcamp\Miniproject\transfer.jpg' sent to object: 'Object Repository/konfirmasi pesanan/input_Upload Bukti Transfer_f'

2023-09-29 15:16:57 - [TEST_STEP][PASSED] - count = getAttribute(findTestObject("Object Repository/konfirmasi pesanan/input_Total TagihanTransfer_b"), "value"): Attribute 'value' of object 'Object Repository/konfirmasi pesanan/input_Total TagihanTransfer_b' is: '17,386'

2023-09-29 15:16:58 - [MESSAGE][PASSED] - Attribute 'value' of object 'Object Repository/konfirmasi pesanan/input_Total TagihanTransfer_b' is: '17,386'

2023-09-29 15:16:58 - [TEST_STEP][PASSED] - nama = getAttribute(findTestObject("Object Repository/konfirmasi pesanan/input_Nama Pengirim_d"), "value"): Attribute 'value' of object 'Object Repository/konfirmasi pesanan/input_Nama Pengirim_d' is: 'runarun'

2023-09-29 15:16:58 - [MESSAGE][PASSED] - Attribute 'value' of object 'Object Repository/konfirmasi pesanan/input_Nama Pengirim_d' is: 'runarun'

2023-09-29 15:16:58 - [TEST_STEP][PASSED] - assert trim().equalsIgnoreCase(bayarTotal.trim()): null

2023-09-29 15:16:58 - [TEST_STEP][PASSED] - assert trim().equalsIgnoreCase(nmPengirim.trim()): null

2023-09-29 15:16:58 - [TEST_STEP][PASSED] - click(findTestObject("konfirmasi pesanan/button_Konfirmasi Pembayaran")): Object: 'Object Repository/konfirmasi pesanan/button_Konfirmasi Pembayaran' is clicked on

2023-09-29 15:16:59 - [MESSAGE][PASSED] - Object: 'Object Repository/konfirmasi pesanan/button_Konfirmasi Pembayaran' is clicked on

2023-09-29 15:16:59 - [TEST_STEP][FAILED] - verifyTextPresent("please input an valid date", false): Unable to verify text 'please input an valid date' is present  (Root cause: com.kms.katalon.core.exception.StepFailedException: Unable to verify text 'please input an valid date' is present 
	at com.kms.katalon.core.webui.keyword.internal.WebUIKeywordMain.stepFailed(WebUIKeywordMain.groovy:64)
	at com.kms.katalon.core.webui.keyword.internal.WebUIKeywordMain.runKeyword(WebUIKeywordMain.groovy:26)
	at com.kms.katalon.core.webui.keyword.builtin.VerifyTextPresentKeyword.verifyTextPresent(VerifyTextPresentKeyword.groovy:83)
	at com.kms.katalon.core.webui.keyword.builtin.VerifyTextPresentKeyword.execute(VerifyTextPresentKeyword.groovy:68)
	at com.kms.katalon.core.keyword.internal.KeywordExecutor.executeKeywordForPlatform(KeywordExecutor.groovy:74)
	at com.kms.katalon.core.webui.keyword.WebUiBuiltInKeywords.verifyTextPresent(WebUiBuiltInKeywords.groovy:1723)
	at com.kms.katalon.core.webui.keyword.WebUiBuiltInKeywords$verifyTextPresent$14.call(Unknown Source)
	at TC-KF-006.run(TC-KF-006:66)
	at com.kms.katalon.core.main.ScriptEngine.run(ScriptEngine.java:194)
	at com.kms.katalon.core.main.ScriptEngine.runScriptAsRawText(ScriptEngine.java:119)
	at com.kms.katalon.core.main.TestCaseExecutor.runScript(TestCaseExecutor.java:448)
	at com.kms.katalon.core.main.TestCaseExecutor.doExecute(TestCaseExecutor.java:439)
	at com.kms.katalon.core.main.TestCaseExecutor.processExecutionPhase(TestCaseExecutor.java:418)
	at com.kms.katalon.core.main.TestCaseExecutor.accessMainPhase(TestCaseExecutor.java:410)
	at com.kms.katalon.core.main.TestCaseExecutor.execute(TestCaseExecutor.java:285)
	at com.kms.katalon.core.common.CommonExecutor.accessTestCaseMainPhase(CommonExecutor.java:65)
	at com.kms.katalon.core.main.TestSuiteExecutor.accessTestSuiteMainPhase(TestSuiteExecutor.java:148)
	at com.kms.katalon.core.main.TestSuiteExecutor.execute(TestSuiteExecutor.java:106)
	at com.kms.katalon.core.main.TestCaseMain.startTestSuite(TestCaseMain.java:187)
	at com.kms.katalon.core.main.TestCaseMain$startTestSuite$0.call(Unknown Source)
	at TempTestSuite1695974576876.run(TempTestSuite1695974576876.groovy:36)
Caused by: com.kms.katalon.core.exception.StepFailedException: Text 'please input an valid date' is not present on page 
	at com.kms.katalon.core.webui.keyword.internal.WebUIKeywordMain.stepFailed(WebUIKeywordMain.groovy:64)
	at com.kms.katalon.core.webui.keyword.builtin.VerifyTextPresentKeyword$_verifyTextPresent_closure1.doCall(VerifyTextPresentKeyword.groovy:79)
	at com.kms.katalon.core.webui.keyword.builtin.VerifyTextPresentKeyword$_verifyTextPresent_closure1.call(VerifyTextPresentKeyword.groovy)
	at com.kms.katalon.core.webui.keyword.internal.WebUIKeywordMain.runKeyword(WebUIKeywordMain.groovy:20)
	... 19 more
)

2023-09-29 15:17:00 - [MESSAGE][FAILED] - Text 'please input an valid date' is not present on page  (Root cause: com.kms.katalon.core.exception.StepFailedException: Text 'please input an valid date' is not present on page 
	at com.kms.katalon.core.webui.keyword.internal.WebUIKeywordMain.stepFailed(WebUIKeywordMain.groovy:64)
	at com.kms.katalon.core.webui.keyword.builtin.VerifyTextPresentKeyword$_verifyTextPresent_closure1.doCall(VerifyTextPresentKeyword.groovy:79)
	at com.kms.katalon.core.webui.keyword.builtin.VerifyTextPresentKeyword$_verifyTextPresent_closure1.call(VerifyTextPresentKeyword.groovy)
	at com.kms.katalon.core.webui.keyword.internal.WebUIKeywordMain.runKeyword(WebUIKeywordMain.groovy:20)
	at com.kms.katalon.core.webui.keyword.builtin.VerifyTextPresentKeyword.verifyTextPresent(VerifyTextPresentKeyword.groovy:83)
	at com.kms.katalon.core.webui.keyword.builtin.VerifyTextPresentKeyword.execute(VerifyTextPresentKeyword.groovy:68)
	at com.kms.katalon.core.keyword.internal.KeywordExecutor.executeKeywordForPlatform(KeywordExecutor.groovy:74)
	at com.kms.katalon.core.webui.keyword.WebUiBuiltInKeywords.verifyTextPresent(WebUiBuiltInKeywords.groovy:1723)
	at com.kms.katalon.core.webui.keyword.WebUiBuiltInKeywords$verifyTextPresent$14.call(Unknown Source)
	at TC-KF-006.run(TC-KF-006:66)
	at com.kms.katalon.core.main.ScriptEngine.run(ScriptEngine.java:194)
	at com.kms.katalon.core.main.ScriptEngine.runScriptAsRawText(ScriptEngine.java:119)
	at com.kms.katalon.core.main.TestCaseExecutor.runScript(TestCaseExecutor.java:448)
	at com.kms.katalon.core.main.TestCaseExecutor.doExecute(TestCaseExecutor.java:439)
	at com.kms.katalon.core.main.TestCaseExecutor.processExecutionPhase(TestCaseExecutor.java:418)
	at com.kms.katalon.core.main.TestCaseExecutor.accessMainPhase(TestCaseExecutor.java:410)
	at com.kms.katalon.core.main.TestCaseExecutor.execute(TestCaseExecutor.java:285)
	at com.kms.katalon.core.common.CommonExecutor.accessTestCaseMainPhase(CommonExecutor.java:65)
	at com.kms.katalon.core.main.TestSuiteExecutor.accessTestSuiteMainPhase(TestSuiteExecutor.java:148)
	at com.kms.katalon.core.main.TestSuiteExecutor.execute(TestSuiteExecutor.java:106)
	at com.kms.katalon.core.main.TestCaseMain.startTestSuite(TestCaseMain.java:187)
	at com.kms.katalon.core.main.TestCaseMain$startTestSuite$0.call(Unknown Source)
	at TempTestSuite1695974576876.run(TempTestSuite1695974576876.groovy:36)
)

2023-09-29 15:17:00 - [MESSAGE][FAILED] - Unable to verify text 'please input an valid date' is present  (Root cause: com.kms.katalon.core.exception.StepFailedException: Unable to verify text 'please input an valid date' is present 
	at com.kms.katalon.core.webui.keyword.internal.WebUIKeywordMain.stepFailed(WebUIKeywordMain.groovy:64)
	at com.kms.katalon.core.webui.keyword.internal.WebUIKeywordMain.runKeyword(WebUIKeywordMain.groovy:26)
	at com.kms.katalon.core.webui.keyword.builtin.VerifyTextPresentKeyword.verifyTextPresent(VerifyTextPresentKeyword.groovy:83)
	at com.kms.katalon.core.webui.keyword.builtin.VerifyTextPresentKeyword.execute(VerifyTextPresentKeyword.groovy:68)
	at com.kms.katalon.core.keyword.internal.KeywordExecutor.executeKeywordForPlatform(KeywordExecutor.groovy:74)
	at com.kms.katalon.core.webui.keyword.WebUiBuiltInKeywords.verifyTextPresent(WebUiBuiltInKeywords.groovy:1723)
	at com.kms.katalon.core.webui.keyword.WebUiBuiltInKeywords$verifyTextPresent$14.call(Unknown Source)
	at TC-KF-006.run(TC-KF-006:66)
	at com.kms.katalon.core.main.ScriptEngine.run(ScriptEngine.java:194)
	at com.kms.katalon.core.main.ScriptEngine.runScriptAsRawText(ScriptEngine.java:119)
	at com.kms.katalon.core.main.TestCaseExecutor.runScript(TestCaseExecutor.java:448)
	at com.kms.katalon.core.main.TestCaseExecutor.doExecute(TestCaseExecutor.java:439)
	at com.kms.katalon.core.main.TestCaseExecutor.processExecutionPhase(TestCaseExecutor.java:418)
	at com.kms.katalon.core.main.TestCaseExecutor.accessMainPhase(TestCaseExecutor.java:410)
	at com.kms.katalon.core.main.TestCaseExecutor.execute(TestCaseExecutor.java:285)
	at com.kms.katalon.core.common.CommonExecutor.accessTestCaseMainPhase(CommonExecutor.java:65)
	at com.kms.katalon.core.main.TestSuiteExecutor.accessTestSuiteMainPhase(TestSuiteExecutor.java:148)
	at com.kms.katalon.core.main.TestSuiteExecutor.execute(TestSuiteExecutor.java:106)
	at com.kms.katalon.core.main.TestCaseMain.startTestSuite(TestCaseMain.java:187)
	at com.kms.katalon.core.main.TestCaseMain$startTestSuite$0.call(Unknown Source)
	at TempTestSuite1695974576876.run(TempTestSuite1695974576876.groovy:36)
Caused by: com.kms.katalon.core.exception.StepFailedException: Text 'please input an valid date' is not present on page 
	at com.kms.katalon.core.webui.keyword.internal.WebUIKeywordMain.stepFailed(WebUIKeywordMain.groovy:64)
	at com.kms.katalon.core.webui.keyword.builtin.VerifyTextPresentKeyword$_verifyTextPresent_closure1.doCall(VerifyTextPresentKeyword.groovy:79)
	at com.kms.katalon.core.webui.keyword.builtin.VerifyTextPresentKeyword$_verifyTextPresent_closure1.call(VerifyTextPresentKeyword.groovy)
	at com.kms.katalon.core.webui.keyword.internal.WebUIKeywordMain.runKeyword(WebUIKeywordMain.groovy:20)
	... 19 more
)
[[ATTACHMENT|F:\\bootcamp\\Miniproject\\Tajalapak\\Reports\\20230929_150256\\T08 - Konfirmasi Pesanan\\20230929_150256\\1695975420468.png]]]]></system-out>
         <system-err><![CDATA[2023-09-29 15:16:22 - [TEST_CASE][FAILED] - Test Cases/T08 - Konfirmasi Pesanan/TC-KF-006: Test Cases/T08 - Konfirmasi Pesanan/TC-KF-006 FAILED.
Reason:
com.kms.katalon.core.exception.StepFailedException: Unable to verify text 'please input an valid date' is present 
	at com.kms.katalon.core.webui.keyword.internal.WebUIKeywordMain.stepFailed(WebUIKeywordMain.groovy:64)
	at com.kms.katalon.core.webui.keyword.internal.WebUIKeywordMain.runKeyword(WebUIKeywordMain.groovy:26)
	at com.kms.katalon.core.webui.keyword.builtin.VerifyTextPresentKeyword.verifyTextPresent(VerifyTextPresentKeyword.groovy:83)
	at com.kms.katalon.core.webui.keyword.builtin.VerifyTextPresentKeyword.execute(VerifyTextPresentKeyword.groovy:68)
	at com.kms.katalon.core.keyword.internal.KeywordExecutor.executeKeywordForPlatform(KeywordExecutor.groovy:74)
	at com.kms.katalon.core.webui.keyword.WebUiBuiltInKeywords.verifyTextPresent(WebUiBuiltInKeywords.groovy:1723)
	at com.kms.katalon.core.webui.keyword.WebUiBuiltInKeywords$verifyTextPresent$14.call(Unknown Source)
	at TC-KF-006.run(TC-KF-006:66)
	at com.kms.katalon.core.main.ScriptEngine.run(ScriptEngine.java:194)
	at com.kms.katalon.core.main.ScriptEngine.runScriptAsRawText(ScriptEngine.java:119)
	at com.kms.katalon.core.main.TestCaseExecutor.runScript(TestCaseExecutor.java:448)
	at com.kms.katalon.core.main.TestCaseExecutor.doExecute(TestCaseExecutor.java:439)
	at com.kms.katalon.core.main.TestCaseExecutor.processExecutionPhase(TestCaseExecutor.java:418)
	at com.kms.katalon.core.main.TestCaseExecutor.accessMainPhase(TestCaseExecutor.java:410)
	at com.kms.katalon.core.main.TestCaseExecutor.execute(TestCaseExecutor.java:285)
	at com.kms.katalon.core.common.CommonExecutor.accessTestCaseMainPhase(CommonExecutor.java:65)
	at com.kms.katalon.core.main.TestSuiteExecutor.accessTestSuiteMainPhase(TestSuiteExecutor.java:148)
	at com.kms.katalon.core.main.TestSuiteExecutor.execute(TestSuiteExecutor.java:106)
	at com.kms.katalon.core.main.TestCaseMain.startTestSuite(TestCaseMain.java:187)
	at com.kms.katalon.core.main.TestCaseMain$startTestSuite$0.call(Unknown Source)
	at TempTestSuite1695974576876.run(TempTestSuite1695974576876.groovy:36)
Caused by: com.kms.katalon.core.exception.StepFailedException: Text 'please input an valid date' is not present on page 
	at com.kms.katalon.core.webui.keyword.internal.WebUIKeywordMain.stepFailed(WebUIKeywordMain.groovy:64)
	at com.kms.katalon.core.webui.keyword.builtin.VerifyTextPresentKeyword$_verifyTextPresent_closure1.doCall(VerifyTextPresentKeyword.groovy:79)
	at com.kms.katalon.core.webui.keyword.builtin.VerifyTextPresentKeyword$_verifyTextPresent_closure1.call(VerifyTextPresentKeyword.groovy)
	at com.kms.katalon.core.webui.keyword.internal.WebUIKeywordMain.runKeyword(WebUIKeywordMain.groovy:20)
	... 19 more]]></system-err>
      </testcase>
      <testcase name="Test Cases/T08 - Konfirmasi Pesanan/TC-KF-007" time="38.714" classname="Test Cases/T08 - Konfirmasi Pesanan/TC-KF-007" status="FAILED">
         <failure type="FAILED" message="Test Cases/T08 - Konfirmasi Pesanan/TC-KF-007 FAILED.
Reason:
com.kms.katalon.core.exception.StepFailedException: Unable to verify text 'please input an valid date' is present 
	at com.kms.katalon.core.webui.keyword.internal.WebUIKeywordMain.stepFailed(WebUIKeywordMain.groovy:64)
	at com.kms.katalon.core.webui.keyword.internal.WebUIKeywordMain.runKeyword(WebUIKeywordMain.groovy:26)
	at com.kms.katalon.core.webui.keyword.builtin.VerifyTextPresentKeyword.verifyTextPresent(VerifyTextPresentKeyword.groovy:83)
	at com.kms.katalon.core.webui.keyword.builtin.VerifyTextPresentKeyword.execute(VerifyTextPresentKeyword.groovy:68)
	at com.kms.katalon.core.keyword.internal.KeywordExecutor.executeKeywordForPlatform(KeywordExecutor.groovy:74)
	at com.kms.katalon.core.webui.keyword.WebUiBuiltInKeywords.verifyTextPresent(WebUiBuiltInKeywords.groovy:1723)
	at com.kms.katalon.core.webui.keyword.WebUiBuiltInKeywords$verifyTextPresent$14.call(Unknown Source)
	at TC-KF-007.run(TC-KF-007:58)
	at com.kms.katalon.core.main.ScriptEngine.run(ScriptEngine.java:194)
	at com.kms.katalon.core.main.ScriptEngine.runScriptAsRawText(ScriptEngine.java:119)
	at com.kms.katalon.core.main.TestCaseExecutor.runScript(TestCaseExecutor.java:448)
	at com.kms.katalon.core.main.TestCaseExecutor.doExecute(TestCaseExecutor.java:439)
	at com.kms.katalon.core.main.TestCaseExecutor.processExecutionPhase(TestCaseExecutor.java:418)
	at com.kms.katalon.core.main.TestCaseExecutor.accessMainPhase(TestCaseExecutor.java:410)
	at com.kms.katalon.core.main.TestCaseExecutor.execute(TestCaseExecutor.java:285)
	at com.kms.katalon.core.common.CommonExecutor.accessTestCaseMainPhase(CommonExecutor.java:65)
	at com.kms.katalon.core.main.TestSuiteExecutor.accessTestSuiteMainPhase(TestSuiteExecutor.java:148)
	at com.kms.katalon.core.main.TestSuiteExecutor.execute(TestSuiteExecutor.java:106)
	at com.kms.katalon.core.main.TestCaseMain.startTestSuite(TestCaseMain.java:187)
	at com.kms.katalon.core.main.TestCaseMain$startTestSuite$0.call(Unknown Source)
	at TempTestSuite1695974576876.run(TempTestSuite1695974576876.groovy:36)
Caused by: com.kms.katalon.core.exception.StepFailedException: Text 'please input an valid date' is not present on page 
	at com.kms.katalon.core.webui.keyword.internal.WebUIKeywordMain.stepFailed(WebUIKeywordMain.groovy:64)
	at com.kms.katalon.core.webui.keyword.builtin.VerifyTextPresentKeyword$_verifyTextPresent_closure1.doCall(VerifyTextPresentKeyword.groovy:79)
	at com.kms.katalon.core.webui.keyword.builtin.VerifyTextPresentKeyword$_verifyTextPresent_closure1.call(VerifyTextPresentKeyword.groovy)
	at com.kms.katalon.core.webui.keyword.internal.WebUIKeywordMain.runKeyword(WebUIKeywordMain.groovy:20)
	... 19 more
"/>
         <system-out><![CDATA[2023-09-29 15:17:00 - [TEST_CASE][FAILED] - Test Cases/T08 - Konfirmasi Pesanan/TC-KF-007: Test Cases/T08 - Konfirmasi Pesanan/TC-KF-007 FAILED.
Reason:
com.kms.katalon.core.exception.StepFailedException: Unable to verify text 'please input an valid date' is present 
	at com.kms.katalon.core.webui.keyword.internal.WebUIKeywordMain.stepFailed(WebUIKeywordMain.groovy:64)
	at com.kms.katalon.core.webui.keyword.internal.WebUIKeywordMain.runKeyword(WebUIKeywordMain.groovy:26)
	at com.kms.katalon.core.webui.keyword.builtin.VerifyTextPresentKeyword.verifyTextPresent(VerifyTextPresentKeyword.groovy:83)
	at com.kms.katalon.core.webui.keyword.builtin.VerifyTextPresentKeyword.execute(VerifyTextPresentKeyword.groovy:68)
	at com.kms.katalon.core.keyword.internal.KeywordExecutor.executeKeywordForPlatform(KeywordExecutor.groovy:74)
	at com.kms.katalon.core.webui.keyword.WebUiBuiltInKeywords.verifyTextPresent(WebUiBuiltInKeywords.groovy:1723)
	at com.kms.katalon.core.webui.keyword.WebUiBuiltInKeywords$verifyTextPresent$14.call(Unknown Source)
	at TC-KF-007.run(TC-KF-007:58)
	at com.kms.katalon.core.main.ScriptEngine.run(ScriptEngine.java:194)
	at com.kms.katalon.core.main.ScriptEngine.runScriptAsRawText(ScriptEngine.java:119)
	at com.kms.katalon.core.main.TestCaseExecutor.runScript(TestCaseExecutor.java:448)
	at com.kms.katalon.core.main.TestCaseExecutor.doExecute(TestCaseExecutor.java:439)
	at com.kms.katalon.core.main.TestCaseExecutor.processExecutionPhase(TestCaseExecutor.java:418)
	at com.kms.katalon.core.main.TestCaseExecutor.accessMainPhase(TestCaseExecutor.java:410)
	at com.kms.katalon.core.main.TestCaseExecutor.execute(TestCaseExecutor.java:285)
	at com.kms.katalon.core.common.CommonExecutor.accessTestCaseMainPhase(CommonExecutor.java:65)
	at com.kms.katalon.core.main.TestSuiteExecutor.accessTestSuiteMainPhase(TestSuiteExecutor.java:148)
	at com.kms.katalon.core.main.TestSuiteExecutor.execute(TestSuiteExecutor.java:106)
	at com.kms.katalon.core.main.TestCaseMain.startTestSuite(TestCaseMain.java:187)
	at com.kms.katalon.core.main.TestCaseMain$startTestSuite$0.call(Unknown Source)
	at TempTestSuite1695974576876.run(TempTestSuite1695974576876.groovy:36)
Caused by: com.kms.katalon.core.exception.StepFailedException: Text 'please input an valid date' is not present on page 
	at com.kms.katalon.core.webui.keyword.internal.WebUIKeywordMain.stepFailed(WebUIKeywordMain.groovy:64)
	at com.kms.katalon.core.webui.keyword.builtin.VerifyTextPresentKeyword$_verifyTextPresent_closure1.doCall(VerifyTextPresentKeyword.groovy:79)
	at com.kms.katalon.core.webui.keyword.builtin.VerifyTextPresentKeyword$_verifyTextPresent_closure1.call(VerifyTextPresentKeyword.groovy)
	at com.kms.katalon.core.webui.keyword.internal.WebUIKeywordMain.runKeyword(WebUIKeywordMain.groovy:20)
	... 19 more


2023-09-29 15:17:01 - [TEST_STEP][PASSED] - data = callTestCase(findTestCase("T08 - Konfirmasi Pesanan/TC-OS-001"), ["Roda":"2", "MetodePembayaran":"transfer"], STOP_ON_FAILURE): Call Test Case 'Test Cases/T08 - Konfirmasi Pesanan/TC-OS-001' successfully

2023-09-29 15:17:01 - [TEST_CASE][PASSED] - Test Cases/T08 - Konfirmasi Pesanan/TC-OS-001: Test Cases/T08 - Konfirmasi Pesanan/TC-OS-001

2023-09-29 15:17:01 - [TEST_STEP][PASSED] - callTestCase(findTestCase("T08 - Konfirmasi Pesanan/TC-LS-001"), [:], STOP_ON_FAILURE): Call Test Case 'Test Cases/T08 - Konfirmasi Pesanan/TC-LS-001' successfully

2023-09-29 15:17:01 - [TEST_CASE][PASSED] - Test Cases/T08 - Konfirmasi Pesanan/TC-LS-001: Test Cases/T08 - Konfirmasi Pesanan/TC-LS-001

2023-09-29 15:17:01 - [TEST_STEP][PASSED] - openBrowser(urlWeb): Browser is opened with url: 'https://10.9.2.63/ecommerce/'

2023-09-29 15:17:01 - [MESSAGE][WARNING] - A browser is already opened. Closing browser and opening a new one

2023-09-29 15:17:02 - [MESSAGE][INFO] - Starting 'Firefox' driver

2023-09-29 15:17:02 - [MESSAGE][INFO] - Action delay is set to 0 milliseconds

2023-09-29 15:17:07 - [MESSAGE][PASSED] - Browser is opened with url: 'https://10.9.2.63/ecommerce/'

2023-09-29 15:17:07 - [TEST_STEP][PASSED] - maximizeWindow(): Current window maximized

2023-09-29 15:17:07 - [MESSAGE][PASSED] - Current window maximized

2023-09-29 15:17:07 - [TEST_STEP][PASSED] - click(findTestObject("Login/a_Login")): Object: 'Object Repository/Login/a_Login' is clicked on

2023-09-29 15:17:08 - [MESSAGE][PASSED] - Object: 'Object Repository/Login/a_Login' is clicked on

2023-09-29 15:17:08 - [TEST_STEP][PASSED] - setText(findTestObject("Login/input_Username, Email atau No. Handphone_a"), "runa36"): Text 'runa36' is set on object 'Object Repository/Login/input_Username, Email atau No. Handphone_a'

2023-09-29 15:17:08 - [MESSAGE][PASSED] - Text 'runa36' is set on object 'Object Repository/Login/input_Username, Email atau No. Handphone_a'

2023-09-29 15:17:08 - [TEST_STEP][PASSED] - setEncryptedText(findTestObject("Login/input_Password di Login(Masuk)"), "qbkrdMwyWE4="): Text ****** has been set on object 'Object Repository/Login/input_Password di Login(Masuk)'

2023-09-29 15:17:09 - [MESSAGE][PASSED] - Text ****** has been set on object 'Object Repository/Login/input_Password di Login(Masuk)'

2023-09-29 15:17:09 - [TEST_STEP][PASSED] - click(findTestObject("Login/button_Masuk di halaman login")): Object: 'Object Repository/Login/button_Masuk di halaman login' is clicked on

2023-09-29 15:17:10 - [MESSAGE][PASSED] - Object: 'Object Repository/Login/button_Masuk di halaman login' is clicked on

2023-09-29 15:17:10 - [TEST_STEP][PASSED] - verifyElementPresent(findTestObject("Pendaftaran/verifikasi MASUK di halaman Login"), 0): Object 'Object Repository/Pendaftaran/verifikasi MASUK di halaman Login' is present

2023-09-29 15:17:10 - [MESSAGE][WARNING] - Timeout '0' is invalid. Using default page load timeout: '30'

2023-09-29 15:17:11 - [MESSAGE][PASSED] - Object 'Object Repository/Pendaftaran/verifikasi MASUK di halaman Login' is present

2023-09-29 15:17:11 - [MESSAGE][PASSED] - Call Test Case 'Test Cases/T08 - Konfirmasi Pesanan/TC-LS-001' successfully

2023-09-29 15:17:11 - [TEST_STEP][PASSED] - setText(findTestObject("chekout/input aku mau belanja"), "acer"): Text 'acer' is set on object 'Object Repository/chekout/input aku mau belanja'

2023-09-29 15:17:11 - [MESSAGE][PASSED] - Text 'acer' is set on object 'Object Repository/chekout/input aku mau belanja'

2023-09-29 15:17:11 - [TEST_STEP][PASSED] - click(findTestObject("chekout/button_Cari di halaman tajalapak")): Object: 'Object Repository/chekout/button_Cari di halaman tajalapak' is clicked on

2023-09-29 15:17:12 - [MESSAGE][PASSED] - Object: 'Object Repository/chekout/button_Cari di halaman tajalapak' is clicked on

2023-09-29 15:17:12 - [TEST_STEP][PASSED] - click(findTestObject("chekout/NEW read more acer")): Object: 'Object Repository/chekout/NEW read more acer' is clicked on

2023-09-29 15:17:13 - [MESSAGE][PASSED] - Object: 'Object Repository/chekout/NEW read more acer' is clicked on

2023-09-29 15:17:13 - [TEST_STEP][PASSED] - click(findTestObject("chekout/button_Beli Sekarang di detail produk")): Object: 'Object Repository/chekout/button_Beli Sekarang di detail produk' is clicked on

2023-09-29 15:17:14 - [MESSAGE][PASSED] - Object: 'Object Repository/chekout/button_Beli Sekarang di detail produk' is clicked on

2023-09-29 15:17:14 - [TEST_STEP][PASSED] - verifyElementPresent(findTestObject("chekout/halaman keranjang belanja"), 0): Object 'Object Repository/chekout/halaman keranjang belanja' is present

2023-09-29 15:17:15 - [MESSAGE][WARNING] - Timeout '0' is invalid. Using default page load timeout: '30'

2023-09-29 15:17:15 - [MESSAGE][PASSED] - Object 'Object Repository/chekout/halaman keranjang belanja' is present

2023-09-29 15:17:15 - [TEST_STEP][PASSED] - click(findTestObject("chekout/button_Lanjut ke Pembayaran")): Object: 'Object Repository/chekout/button_Lanjut ke Pembayaran' is clicked on

2023-09-29 15:17:16 - [MESSAGE][PASSED] - Object: 'Object Repository/chekout/button_Lanjut ke Pembayaran' is clicked on

2023-09-29 15:17:16 - [TEST_STEP][PASSED] - selectOptionByValue(findTestObject("Object Repository/chekout/select_- Kirim via Kurir Lokal -Roda 2Roda 4"), Roda, false): All options with value '2' are selected in object 'Object Repository/chekout/select_- Kirim via Kurir Lokal -Roda 2Roda 4' 

2023-09-29 15:17:18 - [MESSAGE][PASSED] - All options with value '2' are selected in object 'Object Repository/chekout/select_- Kirim via Kurir Lokal -Roda 2Roda 4' 

2023-09-29 15:17:18 - [TEST_STEP][PASSED] - click(findTestObject("chekout/jenis kendaraan")): Object: 'Object Repository/chekout/jenis kendaraan' is clicked on

2023-09-29 15:17:18 - [MESSAGE][PASSED] - Object: 'Object Repository/chekout/jenis kendaraan' is clicked on

2023-09-29 15:17:18 - [TEST_STEP][PASSED] - if (toString().equalsIgnoreCase("transfer")): Object 'Object Repository/chekout/input metode tf bank' is checked

2023-09-29 15:17:18 - [TEST_STEP][PASSED] - check(findTestObject("chekout/input metode tf bank")): Object 'Object Repository/chekout/input metode tf bank' is checked

2023-09-29 15:17:18 - [MESSAGE][PASSED] - Object 'Object Repository/chekout/input metode tf bank' is checked

2023-09-29 15:17:18 - [TEST_STEP][PASSED] - click(findTestObject("chekout/button_Proses Pembayaran")): Object: 'Object Repository/chekout/button_Proses Pembayaran' is clicked on

2023-09-29 15:17:24 - [MESSAGE][PASSED] - Object: 'Object Repository/chekout/button_Proses Pembayaran' is clicked on

2023-09-29 15:17:24 - [TEST_STEP][PASSED] - noPesanan = getText(findTestObject("Object Repository/chekout/nomor invoice dari halaman menunggu pembayaran")): Text of object 'Object Repository/chekout/nomor invoice dari halaman menunggu pembayaran' is: 'TRX91.20230929151719'

2023-09-29 15:17:25 - [MESSAGE][PASSED] - Text of object 'Object Repository/chekout/nomor invoice dari halaman menunggu pembayaran' is: 'TRX91.20230929151719'

2023-09-29 15:17:25 - [TEST_STEP][PASSED] - println(noPesanan): null

2023-09-29 15:17:25 - [TEST_STEP][PASSED] - pengirim = getText(findTestObject("Object Repository/chekout/dikirim kepada sama dengan pengirim di tf di konfirmaasi bayar")): Text of object 'Object Repository/chekout/dikirim kepada sama dengan pengirim di tf di konfirmaasi bayar' is: 'runarun'

2023-09-29 15:17:26 - [MESSAGE][PASSED] - Text of object 'Object Repository/chekout/dikirim kepada sama dengan pengirim di tf di konfirmaasi bayar' is: 'runarun'

2023-09-29 15:17:26 - [TEST_STEP][PASSED] - totalharga = getText(findTestObject("Object Repository/chekout/total harga bayar")): Text of object 'Object Repository/chekout/total harga bayar' is: '17,465'

2023-09-29 15:17:26 - [MESSAGE][PASSED] - Text of object 'Object Repository/chekout/total harga bayar' is: '17,465'

2023-09-29 15:17:26 - [TEST_STEP][PASSED] - ongkir = getText(findTestObject("co saldo akun/new ongkir tf")): Text of object 'Object Repository/co saldo akun/new ongkir tf' is: 'Rp 13,000'

2023-09-29 15:17:27 - [MESSAGE][PASSED] - Text of object 'Object Repository/co saldo akun/new ongkir tf' is: 'Rp 13,000'

2023-09-29 15:17:27 - [TEST_STEP][PASSED] - ongkirr = replace(",", "").trim(): null

2023-09-29 15:17:27 - [TEST_STEP][PASSED] - ongkir1 = Integer.parseInt(ongkirr): null

2023-09-29 15:17:27 - [TEST_STEP][PASSED] - println(ongkir1): null

2023-09-29 15:17:27 - [TEST_STEP][PASSED] - biayaAdmin = getText(findTestObject("co saldo akun/new fee admin tf")): Text of object 'Object Repository/co saldo akun/new fee admin tf' is: 'Rp 1,500'

2023-09-29 15:17:27 - [MESSAGE][PASSED] - Text of object 'Object Repository/co saldo akun/new fee admin tf' is: 'Rp 1,500'

2023-09-29 15:17:27 - [TEST_STEP][PASSED] - bAdmin = replace(",", "").trim(): null

2023-09-29 15:17:27 - [TEST_STEP][PASSED] - Integer.parseInt(bAdmin): null

2023-09-29 15:17:27 - [TEST_STEP][PASSED] - Admin = Double.parseDouble(bAdmin): null

2023-09-29 15:17:27 - [TEST_STEP][PASSED] - println(Admin): null

2023-09-29 15:17:27 - [TEST_STEP][PASSED] - subtotal = getText(findTestObject("co saldo akun/new subtotal tf")): Text of object 'Object Repository/co saldo akun/new subtotal tf' is: 'Rp 2,246'

2023-09-29 15:17:28 - [MESSAGE][PASSED] - Text of object 'Object Repository/co saldo akun/new subtotal tf' is: 'Rp 2,246'

2023-09-29 15:17:28 - [TEST_STEP][PASSED] - subtotall = replace(",", "").trim(): null

2023-09-29 15:17:28 - [TEST_STEP][PASSED] - Integer.parseInt(subtotall): null

2023-09-29 15:17:28 - [TEST_STEP][PASSED] - sub = Double.parseDouble(subtotall): null

2023-09-29 15:17:28 - [TEST_STEP][PASSED] - println(sub): null

2023-09-29 15:17:28 - [TEST_STEP][PASSED] - kode = getText(findTestObject("co saldo akun/new kode unik tf")): Text of object 'Object Repository/co saldo akun/new kode unik tf' is: '+719'

2023-09-29 15:17:28 - [MESSAGE][PASSED] - Text of object 'Object Repository/co saldo akun/new kode unik tf' is: '+719'

2023-09-29 15:17:28 - [TEST_STEP][PASSED] - kodee = replace("+", "").trim(): null

2023-09-29 15:17:28 - [TEST_STEP][PASSED] - Integer.parseInt(kodee): null

2023-09-29 15:17:28 - [TEST_STEP][PASSED] - code = Double.parseDouble(kodee): null

2023-09-29 15:17:28 - [TEST_STEP][PASSED] - tOng = ongkir1 + sub: null

2023-09-29 15:17:28 - [TEST_STEP][PASSED] - println(tOng): null

2023-09-29 15:17:28 - [TEST_STEP][PASSED] - totalBayar = tOng + Admin + code: null

2023-09-29 15:17:28 - [TEST_STEP][PASSED] - println(totalBayar): null

2023-09-29 15:17:28 - [TEST_STEP][PASSED] - totalBayar1 = totalBayar: null

2023-09-29 15:17:28 - [TEST_STEP][PASSED] - println(totalBayar1): null

2023-09-29 15:17:28 - [TEST_STEP][PASSED] - total = getText(findTestObject("co saldo akun/new total harga tf")): Text of object 'Object Repository/co saldo akun/new total harga tf' is: '17,465'

2023-09-29 15:17:29 - [MESSAGE][PASSED] - Text of object 'Object Repository/co saldo akun/new total harga tf' is: '17,465'

2023-09-29 15:17:29 - [TEST_STEP][PASSED] - total1 = replace(",", "").trim(): null

2023-09-29 15:17:29 - [TEST_STEP][PASSED] - total2 = Integer.parseInt(total1): null

2023-09-29 15:17:29 - [TEST_STEP][PASSED] - println(total2): null

2023-09-29 15:17:29 - [TEST_STEP][PASSED] - assert totalBayar1 == total2: null

2023-09-29 15:17:29 - [TEST_STEP][PASSED] - data = new java.util.HashMap(): null

2023-09-29 15:17:29 - [TEST_STEP][PASSED] - data.put("invoice", noPesanan): null

2023-09-29 15:17:29 - [TEST_STEP][PASSED] - data.put("namaPengirim", pengirim): null

2023-09-29 15:17:29 - [TEST_STEP][PASSED] - data.put("totalBayar", totalharga): null

2023-09-29 15:17:29 - [TEST_STEP][PASSED] - data.put("totalOngkir", tOng): null

2023-09-29 15:17:29 - [TEST_STEP][PASSED] - return data: null

2023-09-29 15:17:29 - [MESSAGE][PASSED] - Call Test Case 'Test Cases/T08 - Konfirmasi Pesanan/TC-OS-001' successfully

2023-09-29 15:17:29 - [TEST_STEP][PASSED] - noPesanan = data.get("invoice"): null

2023-09-29 15:17:29 - [TEST_STEP][PASSED] - nmPengirim = data.get("namaPengirim"): null

2023-09-29 15:17:29 - [TEST_STEP][PASSED] - bayarTotal = data.get("totalBayar"): null

2023-09-29 15:17:29 - [TEST_STEP][PASSED] - click(findTestObject("konfirmasi pesanan/a_Akun 0")): Object: 'Object Repository/konfirmasi pesanan/a_Akun 0' is clicked on

2023-09-29 15:17:29 - [MESSAGE][PASSED] - Object: 'Object Repository/konfirmasi pesanan/a_Akun 0' is clicked on

2023-09-29 15:17:29 - [TEST_STEP][PASSED] - click(findTestObject("konfirmasi pesanan/a_Profile")): Object: 'Object Repository/konfirmasi pesanan/a_Profile' is clicked on

2023-09-29 15:17:30 - [MESSAGE][PASSED] - Object: 'Object Repository/konfirmasi pesanan/a_Profile' is clicked on

2023-09-29 15:17:30 - [TEST_STEP][PASSED] - click(findTestObject("konfirmasi pesanan/a_Pembelian")): Object: 'Object Repository/konfirmasi pesanan/a_Pembelian' is clicked on

2023-09-29 15:17:31 - [MESSAGE][PASSED] - Object: 'Object Repository/konfirmasi pesanan/a_Pembelian' is clicked on

2023-09-29 15:17:31 - [TEST_STEP][PASSED] - click(findTestObject("konfirmasi pesanan/new konfirmasi bayar")): Object: 'Object Repository/konfirmasi pesanan/new konfirmasi bayar' is clicked on

2023-09-29 15:17:32 - [MESSAGE][PASSED] - Object: 'Object Repository/konfirmasi pesanan/new konfirmasi bayar' is clicked on

2023-09-29 15:17:32 - [TEST_STEP][PASSED] - verifyElementPresent(findTestObject("konfirmasi pesanan/verifikasi user masuk halaman konfirmasi bayar dari akun profil"), 0): Object 'Object Repository/konfirmasi pesanan/verifikasi user masuk halaman konfirmasi bayar dari akun profil' is present

2023-09-29 15:17:32 - [MESSAGE][WARNING] - Timeout '0' is invalid. Using default page load timeout: '30'

2023-09-29 15:17:33 - [MESSAGE][PASSED] - Object 'Object Repository/konfirmasi pesanan/verifikasi user masuk halaman konfirmasi bayar dari akun profil' is present

2023-09-29 15:17:33 - [TEST_STEP][PASSED] - selectOptionByValue(findTestObject("konfirmasi pesanan/select dropdown trasfer"), transfer, false): All options with value '1' are selected in object 'Object Repository/konfirmasi pesanan/select dropdown trasfer' 

2023-09-29 15:17:34 - [MESSAGE][PASSED] - All options with value '1' are selected in object 'Object Repository/konfirmasi pesanan/select dropdown trasfer' 

2023-09-29 15:17:34 - [TEST_STEP][PASSED] - clearText(findTestObject("konfirmasi pesanan/input_Nama Pengirim_d")): Text of object 'Object Repository/konfirmasi pesanan/input_Nama Pengirim_d' is cleared

2023-09-29 15:17:34 - [MESSAGE][PASSED] - Text of object 'Object Repository/konfirmasi pesanan/input_Nama Pengirim_d' is cleared

2023-09-29 15:17:34 - [TEST_STEP][PASSED] - setText(findTestObject("konfirmasi pesanan/input_Nama Pengirim_d"), name): Text 'runarun' is set on object 'Object Repository/konfirmasi pesanan/input_Nama Pengirim_d'

2023-09-29 15:17:35 - [MESSAGE][PASSED] - Text 'runarun' is set on object 'Object Repository/konfirmasi pesanan/input_Nama Pengirim_d'

2023-09-29 15:17:35 - [TEST_STEP][PASSED] - clearText(findTestObject("konfirmasi pesanan/input_Tanggal Transfer_e")): Text of object 'Object Repository/konfirmasi pesanan/input_Tanggal Transfer_e' is cleared

2023-09-29 15:17:35 - [MESSAGE][PASSED] - Text of object 'Object Repository/konfirmasi pesanan/input_Tanggal Transfer_e' is cleared

2023-09-29 15:17:35 - [TEST_STEP][PASSED] - setText(findTestObject("konfirmasi pesanan/input_Tanggal Transfer_e"), date): Text '2023-08-07' is set on object 'Object Repository/konfirmasi pesanan/input_Tanggal Transfer_e'

2023-09-29 15:17:36 - [MESSAGE][PASSED] - Text '2023-08-07' is set on object 'Object Repository/konfirmasi pesanan/input_Tanggal Transfer_e'

2023-09-29 15:17:36 - [TEST_STEP][PASSED] - uploadFile(findTestObject("konfirmasi pesanan/input_Upload Bukti Transfer_f"), "F:\bootcamp\Miniproject\transfer.jpg"): File 'F:\bootcamp\Miniproject\transfer.jpg' sent to object: 'Object Repository/konfirmasi pesanan/input_Upload Bukti Transfer_f'

2023-09-29 15:17:36 - [MESSAGE][PASSED] - File 'F:\bootcamp\Miniproject\transfer.jpg' sent to object: 'Object Repository/konfirmasi pesanan/input_Upload Bukti Transfer_f'

2023-09-29 15:17:36 - [TEST_STEP][PASSED] - count = getAttribute(findTestObject("Object Repository/konfirmasi pesanan/input_Total TagihanTransfer_b"), "value"): Attribute 'value' of object 'Object Repository/konfirmasi pesanan/input_Total TagihanTransfer_b' is: '17,465'

2023-09-29 15:17:37 - [MESSAGE][PASSED] - Attribute 'value' of object 'Object Repository/konfirmasi pesanan/input_Total TagihanTransfer_b' is: '17,465'

2023-09-29 15:17:37 - [TEST_STEP][PASSED] - nama = getAttribute(findTestObject("Object Repository/konfirmasi pesanan/input_Nama Pengirim_d"), "value"): Attribute 'value' of object 'Object Repository/konfirmasi pesanan/input_Nama Pengirim_d' is: 'runarun'

2023-09-29 15:17:37 - [MESSAGE][PASSED] - Attribute 'value' of object 'Object Repository/konfirmasi pesanan/input_Nama Pengirim_d' is: 'runarun'

2023-09-29 15:17:37 - [TEST_STEP][PASSED] - assert trim().equalsIgnoreCase(bayarTotal.trim()): null

2023-09-29 15:17:37 - [TEST_STEP][PASSED] - assert trim().equalsIgnoreCase(nmPengirim.trim()): null

2023-09-29 15:17:37 - [TEST_STEP][PASSED] - click(findTestObject("konfirmasi pesanan/button_Konfirmasi Pembayaran")): Object: 'Object Repository/konfirmasi pesanan/button_Konfirmasi Pembayaran' is clicked on

2023-09-29 15:17:38 - [MESSAGE][PASSED] - Object: 'Object Repository/konfirmasi pesanan/button_Konfirmasi Pembayaran' is clicked on

2023-09-29 15:17:38 - [TEST_STEP][FAILED] - verifyTextPresent("please input an valid date", false): Unable to verify text 'please input an valid date' is present  (Root cause: com.kms.katalon.core.exception.StepFailedException: Unable to verify text 'please input an valid date' is present 
	at com.kms.katalon.core.webui.keyword.internal.WebUIKeywordMain.stepFailed(WebUIKeywordMain.groovy:64)
	at com.kms.katalon.core.webui.keyword.internal.WebUIKeywordMain.runKeyword(WebUIKeywordMain.groovy:26)
	at com.kms.katalon.core.webui.keyword.builtin.VerifyTextPresentKeyword.verifyTextPresent(VerifyTextPresentKeyword.groovy:83)
	at com.kms.katalon.core.webui.keyword.builtin.VerifyTextPresentKeyword.execute(VerifyTextPresentKeyword.groovy:68)
	at com.kms.katalon.core.keyword.internal.KeywordExecutor.executeKeywordForPlatform(KeywordExecutor.groovy:74)
	at com.kms.katalon.core.webui.keyword.WebUiBuiltInKeywords.verifyTextPresent(WebUiBuiltInKeywords.groovy:1723)
	at com.kms.katalon.core.webui.keyword.WebUiBuiltInKeywords$verifyTextPresent$14.call(Unknown Source)
	at TC-KF-007.run(TC-KF-007:58)
	at com.kms.katalon.core.main.ScriptEngine.run(ScriptEngine.java:194)
	at com.kms.katalon.core.main.ScriptEngine.runScriptAsRawText(ScriptEngine.java:119)
	at com.kms.katalon.core.main.TestCaseExecutor.runScript(TestCaseExecutor.java:448)
	at com.kms.katalon.core.main.TestCaseExecutor.doExecute(TestCaseExecutor.java:439)
	at com.kms.katalon.core.main.TestCaseExecutor.processExecutionPhase(TestCaseExecutor.java:418)
	at com.kms.katalon.core.main.TestCaseExecutor.accessMainPhase(TestCaseExecutor.java:410)
	at com.kms.katalon.core.main.TestCaseExecutor.execute(TestCaseExecutor.java:285)
	at com.kms.katalon.core.common.CommonExecutor.accessTestCaseMainPhase(CommonExecutor.java:65)
	at com.kms.katalon.core.main.TestSuiteExecutor.accessTestSuiteMainPhase(TestSuiteExecutor.java:148)
	at com.kms.katalon.core.main.TestSuiteExecutor.execute(TestSuiteExecutor.java:106)
	at com.kms.katalon.core.main.TestCaseMain.startTestSuite(TestCaseMain.java:187)
	at com.kms.katalon.core.main.TestCaseMain$startTestSuite$0.call(Unknown Source)
	at TempTestSuite1695974576876.run(TempTestSuite1695974576876.groovy:36)
Caused by: com.kms.katalon.core.exception.StepFailedException: Text 'please input an valid date' is not present on page 
	at com.kms.katalon.core.webui.keyword.internal.WebUIKeywordMain.stepFailed(WebUIKeywordMain.groovy:64)
	at com.kms.katalon.core.webui.keyword.builtin.VerifyTextPresentKeyword$_verifyTextPresent_closure1.doCall(VerifyTextPresentKeyword.groovy:79)
	at com.kms.katalon.core.webui.keyword.builtin.VerifyTextPresentKeyword$_verifyTextPresent_closure1.call(VerifyTextPresentKeyword.groovy)
	at com.kms.katalon.core.webui.keyword.internal.WebUIKeywordMain.runKeyword(WebUIKeywordMain.groovy:20)
	... 19 more
)

2023-09-29 15:17:39 - [MESSAGE][FAILED] - Text 'please input an valid date' is not present on page  (Root cause: com.kms.katalon.core.exception.StepFailedException: Text 'please input an valid date' is not present on page 
	at com.kms.katalon.core.webui.keyword.internal.WebUIKeywordMain.stepFailed(WebUIKeywordMain.groovy:64)
	at com.kms.katalon.core.webui.keyword.builtin.VerifyTextPresentKeyword$_verifyTextPresent_closure1.doCall(VerifyTextPresentKeyword.groovy:79)
	at com.kms.katalon.core.webui.keyword.builtin.VerifyTextPresentKeyword$_verifyTextPresent_closure1.call(VerifyTextPresentKeyword.groovy)
	at com.kms.katalon.core.webui.keyword.internal.WebUIKeywordMain.runKeyword(WebUIKeywordMain.groovy:20)
	at com.kms.katalon.core.webui.keyword.builtin.VerifyTextPresentKeyword.verifyTextPresent(VerifyTextPresentKeyword.groovy:83)
	at com.kms.katalon.core.webui.keyword.builtin.VerifyTextPresentKeyword.execute(VerifyTextPresentKeyword.groovy:68)
	at com.kms.katalon.core.keyword.internal.KeywordExecutor.executeKeywordForPlatform(KeywordExecutor.groovy:74)
	at com.kms.katalon.core.webui.keyword.WebUiBuiltInKeywords.verifyTextPresent(WebUiBuiltInKeywords.groovy:1723)
	at com.kms.katalon.core.webui.keyword.WebUiBuiltInKeywords$verifyTextPresent$14.call(Unknown Source)
	at TC-KF-007.run(TC-KF-007:58)
	at com.kms.katalon.core.main.ScriptEngine.run(ScriptEngine.java:194)
	at com.kms.katalon.core.main.ScriptEngine.runScriptAsRawText(ScriptEngine.java:119)
	at com.kms.katalon.core.main.TestCaseExecutor.runScript(TestCaseExecutor.java:448)
	at com.kms.katalon.core.main.TestCaseExecutor.doExecute(TestCaseExecutor.java:439)
	at com.kms.katalon.core.main.TestCaseExecutor.processExecutionPhase(TestCaseExecutor.java:418)
	at com.kms.katalon.core.main.TestCaseExecutor.accessMainPhase(TestCaseExecutor.java:410)
	at com.kms.katalon.core.main.TestCaseExecutor.execute(TestCaseExecutor.java:285)
	at com.kms.katalon.core.common.CommonExecutor.accessTestCaseMainPhase(CommonExecutor.java:65)
	at com.kms.katalon.core.main.TestSuiteExecutor.accessTestSuiteMainPhase(TestSuiteExecutor.java:148)
	at com.kms.katalon.core.main.TestSuiteExecutor.execute(TestSuiteExecutor.java:106)
	at com.kms.katalon.core.main.TestCaseMain.startTestSuite(TestCaseMain.java:187)
	at com.kms.katalon.core.main.TestCaseMain$startTestSuite$0.call(Unknown Source)
	at TempTestSuite1695974576876.run(TempTestSuite1695974576876.groovy:36)
)

2023-09-29 15:17:39 - [MESSAGE][FAILED] - Unable to verify text 'please input an valid date' is present  (Root cause: com.kms.katalon.core.exception.StepFailedException: Unable to verify text 'please input an valid date' is present 
	at com.kms.katalon.core.webui.keyword.internal.WebUIKeywordMain.stepFailed(WebUIKeywordMain.groovy:64)
	at com.kms.katalon.core.webui.keyword.internal.WebUIKeywordMain.runKeyword(WebUIKeywordMain.groovy:26)
	at com.kms.katalon.core.webui.keyword.builtin.VerifyTextPresentKeyword.verifyTextPresent(VerifyTextPresentKeyword.groovy:83)
	at com.kms.katalon.core.webui.keyword.builtin.VerifyTextPresentKeyword.execute(VerifyTextPresentKeyword.groovy:68)
	at com.kms.katalon.core.keyword.internal.KeywordExecutor.executeKeywordForPlatform(KeywordExecutor.groovy:74)
	at com.kms.katalon.core.webui.keyword.WebUiBuiltInKeywords.verifyTextPresent(WebUiBuiltInKeywords.groovy:1723)
	at com.kms.katalon.core.webui.keyword.WebUiBuiltInKeywords$verifyTextPresent$14.call(Unknown Source)
	at TC-KF-007.run(TC-KF-007:58)
	at com.kms.katalon.core.main.ScriptEngine.run(ScriptEngine.java:194)
	at com.kms.katalon.core.main.ScriptEngine.runScriptAsRawText(ScriptEngine.java:119)
	at com.kms.katalon.core.main.TestCaseExecutor.runScript(TestCaseExecutor.java:448)
	at com.kms.katalon.core.main.TestCaseExecutor.doExecute(TestCaseExecutor.java:439)
	at com.kms.katalon.core.main.TestCaseExecutor.processExecutionPhase(TestCaseExecutor.java:418)
	at com.kms.katalon.core.main.TestCaseExecutor.accessMainPhase(TestCaseExecutor.java:410)
	at com.kms.katalon.core.main.TestCaseExecutor.execute(TestCaseExecutor.java:285)
	at com.kms.katalon.core.common.CommonExecutor.accessTestCaseMainPhase(CommonExecutor.java:65)
	at com.kms.katalon.core.main.TestSuiteExecutor.accessTestSuiteMainPhase(TestSuiteExecutor.java:148)
	at com.kms.katalon.core.main.TestSuiteExecutor.execute(TestSuiteExecutor.java:106)
	at com.kms.katalon.core.main.TestCaseMain.startTestSuite(TestCaseMain.java:187)
	at com.kms.katalon.core.main.TestCaseMain$startTestSuite$0.call(Unknown Source)
	at TempTestSuite1695974576876.run(TempTestSuite1695974576876.groovy:36)
Caused by: com.kms.katalon.core.exception.StepFailedException: Text 'please input an valid date' is not present on page 
	at com.kms.katalon.core.webui.keyword.internal.WebUIKeywordMain.stepFailed(WebUIKeywordMain.groovy:64)
	at com.kms.katalon.core.webui.keyword.builtin.VerifyTextPresentKeyword$_verifyTextPresent_closure1.doCall(VerifyTextPresentKeyword.groovy:79)
	at com.kms.katalon.core.webui.keyword.builtin.VerifyTextPresentKeyword$_verifyTextPresent_closure1.call(VerifyTextPresentKeyword.groovy)
	at com.kms.katalon.core.webui.keyword.internal.WebUIKeywordMain.runKeyword(WebUIKeywordMain.groovy:20)
	... 19 more
)
[[ATTACHMENT|F:\\bootcamp\\Miniproject\\Tajalapak\\Reports\\20230929_150256\\T08 - Konfirmasi Pesanan\\20230929_150256\\1695975459445.png]]]]></system-out>
         <system-err><![CDATA[2023-09-29 15:17:00 - [TEST_CASE][FAILED] - Test Cases/T08 - Konfirmasi Pesanan/TC-KF-007: Test Cases/T08 - Konfirmasi Pesanan/TC-KF-007 FAILED.
Reason:
com.kms.katalon.core.exception.StepFailedException: Unable to verify text 'please input an valid date' is present 
	at com.kms.katalon.core.webui.keyword.internal.WebUIKeywordMain.stepFailed(WebUIKeywordMain.groovy:64)
	at com.kms.katalon.core.webui.keyword.internal.WebUIKeywordMain.runKeyword(WebUIKeywordMain.groovy:26)
	at com.kms.katalon.core.webui.keyword.builtin.VerifyTextPresentKeyword.verifyTextPresent(VerifyTextPresentKeyword.groovy:83)
	at com.kms.katalon.core.webui.keyword.builtin.VerifyTextPresentKeyword.execute(VerifyTextPresentKeyword.groovy:68)
	at com.kms.katalon.core.keyword.internal.KeywordExecutor.executeKeywordForPlatform(KeywordExecutor.groovy:74)
	at com.kms.katalon.core.webui.keyword.WebUiBuiltInKeywords.verifyTextPresent(WebUiBuiltInKeywords.groovy:1723)
	at com.kms.katalon.core.webui.keyword.WebUiBuiltInKeywords$verifyTextPresent$14.call(Unknown Source)
	at TC-KF-007.run(TC-KF-007:58)
	at com.kms.katalon.core.main.ScriptEngine.run(ScriptEngine.java:194)
	at com.kms.katalon.core.main.ScriptEngine.runScriptAsRawText(ScriptEngine.java:119)
	at com.kms.katalon.core.main.TestCaseExecutor.runScript(TestCaseExecutor.java:448)
	at com.kms.katalon.core.main.TestCaseExecutor.doExecute(TestCaseExecutor.java:439)
	at com.kms.katalon.core.main.TestCaseExecutor.processExecutionPhase(TestCaseExecutor.java:418)
	at com.kms.katalon.core.main.TestCaseExecutor.accessMainPhase(TestCaseExecutor.java:410)
	at com.kms.katalon.core.main.TestCaseExecutor.execute(TestCaseExecutor.java:285)
	at com.kms.katalon.core.common.CommonExecutor.accessTestCaseMainPhase(CommonExecutor.java:65)
	at com.kms.katalon.core.main.TestSuiteExecutor.accessTestSuiteMainPhase(TestSuiteExecutor.java:148)
	at com.kms.katalon.core.main.TestSuiteExecutor.execute(TestSuiteExecutor.java:106)
	at com.kms.katalon.core.main.TestCaseMain.startTestSuite(TestCaseMain.java:187)
	at com.kms.katalon.core.main.TestCaseMain$startTestSuite$0.call(Unknown Source)
	at TempTestSuite1695974576876.run(TempTestSuite1695974576876.groovy:36)
Caused by: com.kms.katalon.core.exception.StepFailedException: Text 'please input an valid date' is not present on page 
	at com.kms.katalon.core.webui.keyword.internal.WebUIKeywordMain.stepFailed(WebUIKeywordMain.groovy:64)
	at com.kms.katalon.core.webui.keyword.builtin.VerifyTextPresentKeyword$_verifyTextPresent_closure1.doCall(VerifyTextPresentKeyword.groovy:79)
	at com.kms.katalon.core.webui.keyword.builtin.VerifyTextPresentKeyword$_verifyTextPresent_closure1.call(VerifyTextPresentKeyword.groovy)
	at com.kms.katalon.core.webui.keyword.internal.WebUIKeywordMain.runKeyword(WebUIKeywordMain.groovy:20)
	... 19 more]]></system-err>
      </testcase>
      <testcase name="Test Cases/T08 - Konfirmasi Pesanan/TC-KF-008" time="34.311" classname="Test Cases/T08 - Konfirmasi Pesanan/TC-KF-008" status="PASSED">
         <system-out><![CDATA[2023-09-29 15:17:39 - [TEST_CASE][PASSED] - Test Cases/T08 - Konfirmasi Pesanan/TC-KF-008: Test Cases/T08 - Konfirmasi Pesanan/TC-KF-008

2023-09-29 15:17:39 - [TEST_STEP][PASSED] - data = callTestCase(findTestCase("T08 - Konfirmasi Pesanan/TC-OS-001"), ["Roda":"2", "MetodePembayaran":"transfer"], STOP_ON_FAILURE): Call Test Case 'Test Cases/T08 - Konfirmasi Pesanan/TC-OS-001' successfully

2023-09-29 15:17:39 - [TEST_CASE][PASSED] - Test Cases/T08 - Konfirmasi Pesanan/TC-OS-001: Test Cases/T08 - Konfirmasi Pesanan/TC-OS-001

2023-09-29 15:17:39 - [TEST_STEP][PASSED] - callTestCase(findTestCase("T08 - Konfirmasi Pesanan/TC-LS-001"), [:], STOP_ON_FAILURE): Call Test Case 'Test Cases/T08 - Konfirmasi Pesanan/TC-LS-001' successfully

2023-09-29 15:17:40 - [TEST_CASE][PASSED] - Test Cases/T08 - Konfirmasi Pesanan/TC-LS-001: Test Cases/T08 - Konfirmasi Pesanan/TC-LS-001

2023-09-29 15:17:40 - [TEST_STEP][PASSED] - openBrowser(urlWeb): Browser is opened with url: 'https://10.9.2.63/ecommerce/'

2023-09-29 15:17:40 - [MESSAGE][WARNING] - A browser is already opened. Closing browser and opening a new one

2023-09-29 15:17:41 - [MESSAGE][INFO] - Starting 'Firefox' driver

2023-09-29 15:17:41 - [MESSAGE][INFO] - Action delay is set to 0 milliseconds

2023-09-29 15:17:46 - [MESSAGE][PASSED] - Browser is opened with url: 'https://10.9.2.63/ecommerce/'

2023-09-29 15:17:46 - [TEST_STEP][PASSED] - maximizeWindow(): Current window maximized

2023-09-29 15:17:46 - [MESSAGE][PASSED] - Current window maximized

2023-09-29 15:17:46 - [TEST_STEP][PASSED] - click(findTestObject("Login/a_Login")): Object: 'Object Repository/Login/a_Login' is clicked on

2023-09-29 15:17:47 - [MESSAGE][PASSED] - Object: 'Object Repository/Login/a_Login' is clicked on

2023-09-29 15:17:47 - [TEST_STEP][PASSED] - setText(findTestObject("Login/input_Username, Email atau No. Handphone_a"), "runa36"): Text 'runa36' is set on object 'Object Repository/Login/input_Username, Email atau No. Handphone_a'

2023-09-29 15:17:48 - [MESSAGE][PASSED] - Text 'runa36' is set on object 'Object Repository/Login/input_Username, Email atau No. Handphone_a'

2023-09-29 15:17:48 - [TEST_STEP][PASSED] - setEncryptedText(findTestObject("Login/input_Password di Login(Masuk)"), "qbkrdMwyWE4="): Text ****** has been set on object 'Object Repository/Login/input_Password di Login(Masuk)'

2023-09-29 15:17:48 - [MESSAGE][PASSED] - Text ****** has been set on object 'Object Repository/Login/input_Password di Login(Masuk)'

2023-09-29 15:17:48 - [TEST_STEP][PASSED] - click(findTestObject("Login/button_Masuk di halaman login")): Object: 'Object Repository/Login/button_Masuk di halaman login' is clicked on

2023-09-29 15:17:49 - [MESSAGE][PASSED] - Object: 'Object Repository/Login/button_Masuk di halaman login' is clicked on

2023-09-29 15:17:49 - [TEST_STEP][PASSED] - verifyElementPresent(findTestObject("Pendaftaran/verifikasi MASUK di halaman Login"), 0): Object 'Object Repository/Pendaftaran/verifikasi MASUK di halaman Login' is present

2023-09-29 15:17:49 - [MESSAGE][WARNING] - Timeout '0' is invalid. Using default page load timeout: '30'

2023-09-29 15:17:49 - [MESSAGE][PASSED] - Object 'Object Repository/Pendaftaran/verifikasi MASUK di halaman Login' is present

2023-09-29 15:17:49 - [MESSAGE][PASSED] - Call Test Case 'Test Cases/T08 - Konfirmasi Pesanan/TC-LS-001' successfully

2023-09-29 15:17:49 - [TEST_STEP][PASSED] - setText(findTestObject("chekout/input aku mau belanja"), "acer"): Text 'acer' is set on object 'Object Repository/chekout/input aku mau belanja'

2023-09-29 15:17:50 - [MESSAGE][PASSED] - Text 'acer' is set on object 'Object Repository/chekout/input aku mau belanja'

2023-09-29 15:17:50 - [TEST_STEP][PASSED] - click(findTestObject("chekout/button_Cari di halaman tajalapak")): Object: 'Object Repository/chekout/button_Cari di halaman tajalapak' is clicked on

2023-09-29 15:17:51 - [MESSAGE][PASSED] - Object: 'Object Repository/chekout/button_Cari di halaman tajalapak' is clicked on

2023-09-29 15:17:51 - [TEST_STEP][PASSED] - click(findTestObject("chekout/NEW read more acer")): Object: 'Object Repository/chekout/NEW read more acer' is clicked on

2023-09-29 15:17:52 - [MESSAGE][PASSED] - Object: 'Object Repository/chekout/NEW read more acer' is clicked on

2023-09-29 15:17:52 - [TEST_STEP][PASSED] - click(findTestObject("chekout/button_Beli Sekarang di detail produk")): Object: 'Object Repository/chekout/button_Beli Sekarang di detail produk' is clicked on

2023-09-29 15:17:53 - [MESSAGE][PASSED] - Object: 'Object Repository/chekout/button_Beli Sekarang di detail produk' is clicked on

2023-09-29 15:17:53 - [TEST_STEP][PASSED] - verifyElementPresent(findTestObject("chekout/halaman keranjang belanja"), 0): Object 'Object Repository/chekout/halaman keranjang belanja' is present

2023-09-29 15:17:53 - [MESSAGE][WARNING] - Timeout '0' is invalid. Using default page load timeout: '30'

2023-09-29 15:17:54 - [MESSAGE][PASSED] - Object 'Object Repository/chekout/halaman keranjang belanja' is present

2023-09-29 15:17:54 - [TEST_STEP][PASSED] - click(findTestObject("chekout/button_Lanjut ke Pembayaran")): Object: 'Object Repository/chekout/button_Lanjut ke Pembayaran' is clicked on

2023-09-29 15:17:55 - [MESSAGE][PASSED] - Object: 'Object Repository/chekout/button_Lanjut ke Pembayaran' is clicked on

2023-09-29 15:17:55 - [TEST_STEP][PASSED] - selectOptionByValue(findTestObject("Object Repository/chekout/select_- Kirim via Kurir Lokal -Roda 2Roda 4"), Roda, false): All options with value '2' are selected in object 'Object Repository/chekout/select_- Kirim via Kurir Lokal -Roda 2Roda 4' 

2023-09-29 15:17:56 - [MESSAGE][PASSED] - All options with value '2' are selected in object 'Object Repository/chekout/select_- Kirim via Kurir Lokal -Roda 2Roda 4' 

2023-09-29 15:17:56 - [TEST_STEP][PASSED] - click(findTestObject("chekout/jenis kendaraan")): Object: 'Object Repository/chekout/jenis kendaraan' is clicked on

2023-09-29 15:17:57 - [MESSAGE][PASSED] - Object: 'Object Repository/chekout/jenis kendaraan' is clicked on

2023-09-29 15:17:57 - [TEST_STEP][PASSED] - if (toString().equalsIgnoreCase("transfer")): Object 'Object Repository/chekout/input metode tf bank' is checked

2023-09-29 15:17:57 - [TEST_STEP][PASSED] - check(findTestObject("chekout/input metode tf bank")): Object 'Object Repository/chekout/input metode tf bank' is checked

2023-09-29 15:17:57 - [MESSAGE][PASSED] - Object 'Object Repository/chekout/input metode tf bank' is checked

2023-09-29 15:17:57 - [TEST_STEP][PASSED] - click(findTestObject("chekout/button_Proses Pembayaran")): Object: 'Object Repository/chekout/button_Proses Pembayaran' is clicked on

2023-09-29 15:18:02 - [MESSAGE][PASSED] - Object: 'Object Repository/chekout/button_Proses Pembayaran' is clicked on

2023-09-29 15:18:02 - [TEST_STEP][PASSED] - noPesanan = getText(findTestObject("Object Repository/chekout/nomor invoice dari halaman menunggu pembayaran")): Text of object 'Object Repository/chekout/nomor invoice dari halaman menunggu pembayaran' is: 'TRX91.20230929151758'

2023-09-29 15:18:03 - [MESSAGE][PASSED] - Text of object 'Object Repository/chekout/nomor invoice dari halaman menunggu pembayaran' is: 'TRX91.20230929151758'

2023-09-29 15:18:03 - [TEST_STEP][PASSED] - println(noPesanan): null

2023-09-29 15:18:03 - [TEST_STEP][PASSED] - pengirim = getText(findTestObject("Object Repository/chekout/dikirim kepada sama dengan pengirim di tf di konfirmaasi bayar")): Text of object 'Object Repository/chekout/dikirim kepada sama dengan pengirim di tf di konfirmaasi bayar' is: 'runarun'

2023-09-29 15:18:03 - [MESSAGE][PASSED] - Text of object 'Object Repository/chekout/dikirim kepada sama dengan pengirim di tf di konfirmaasi bayar' is: 'runarun'

2023-09-29 15:18:03 - [TEST_STEP][PASSED] - totalharga = getText(findTestObject("Object Repository/chekout/total harga bayar")): Text of object 'Object Repository/chekout/total harga bayar' is: '17,504'

2023-09-29 15:18:04 - [MESSAGE][PASSED] - Text of object 'Object Repository/chekout/total harga bayar' is: '17,504'

2023-09-29 15:18:04 - [TEST_STEP][PASSED] - ongkir = getText(findTestObject("co saldo akun/new ongkir tf")): Text of object 'Object Repository/co saldo akun/new ongkir tf' is: 'Rp 13,000'

2023-09-29 15:18:04 - [MESSAGE][PASSED] - Text of object 'Object Repository/co saldo akun/new ongkir tf' is: 'Rp 13,000'

2023-09-29 15:18:04 - [TEST_STEP][PASSED] - ongkirr = replace(",", "").trim(): null

2023-09-29 15:18:04 - [TEST_STEP][PASSED] - ongkir1 = Integer.parseInt(ongkirr): null

2023-09-29 15:18:04 - [TEST_STEP][PASSED] - println(ongkir1): null

2023-09-29 15:18:04 - [TEST_STEP][PASSED] - biayaAdmin = getText(findTestObject("co saldo akun/new fee admin tf")): Text of object 'Object Repository/co saldo akun/new fee admin tf' is: 'Rp 1,500'

2023-09-29 15:18:05 - [MESSAGE][PASSED] - Text of object 'Object Repository/co saldo akun/new fee admin tf' is: 'Rp 1,500'

2023-09-29 15:18:05 - [TEST_STEP][PASSED] - bAdmin = replace(",", "").trim(): null

2023-09-29 15:18:05 - [TEST_STEP][PASSED] - Integer.parseInt(bAdmin): null

2023-09-29 15:18:05 - [TEST_STEP][PASSED] - Admin = Double.parseDouble(bAdmin): null

2023-09-29 15:18:05 - [TEST_STEP][PASSED] - println(Admin): null

2023-09-29 15:18:05 - [TEST_STEP][PASSED] - subtotal = getText(findTestObject("co saldo akun/new subtotal tf")): Text of object 'Object Repository/co saldo akun/new subtotal tf' is: 'Rp 2,246'

2023-09-29 15:18:05 - [MESSAGE][PASSED] - Text of object 'Object Repository/co saldo akun/new subtotal tf' is: 'Rp 2,246'

2023-09-29 15:18:05 - [TEST_STEP][PASSED] - subtotall = replace(",", "").trim(): null

2023-09-29 15:18:05 - [TEST_STEP][PASSED] - Integer.parseInt(subtotall): null

2023-09-29 15:18:05 - [TEST_STEP][PASSED] - sub = Double.parseDouble(subtotall): null

2023-09-29 15:18:05 - [TEST_STEP][PASSED] - println(sub): null

2023-09-29 15:18:05 - [TEST_STEP][PASSED] - kode = getText(findTestObject("co saldo akun/new kode unik tf")): Text of object 'Object Repository/co saldo akun/new kode unik tf' is: '+758'

2023-09-29 15:18:06 - [MESSAGE][PASSED] - Text of object 'Object Repository/co saldo akun/new kode unik tf' is: '+758'

2023-09-29 15:18:06 - [TEST_STEP][PASSED] - kodee = replace("+", "").trim(): null

2023-09-29 15:18:06 - [TEST_STEP][PASSED] - Integer.parseInt(kodee): null

2023-09-29 15:18:06 - [TEST_STEP][PASSED] - code = Double.parseDouble(kodee): null

2023-09-29 15:18:06 - [TEST_STEP][PASSED] - tOng = ongkir1 + sub: null

2023-09-29 15:18:06 - [TEST_STEP][PASSED] - println(tOng): null

2023-09-29 15:18:06 - [TEST_STEP][PASSED] - totalBayar = tOng + Admin + code: null

2023-09-29 15:18:06 - [TEST_STEP][PASSED] - println(totalBayar): null

2023-09-29 15:18:06 - [TEST_STEP][PASSED] - totalBayar1 = totalBayar: null

2023-09-29 15:18:06 - [TEST_STEP][PASSED] - println(totalBayar1): null

2023-09-29 15:18:06 - [TEST_STEP][PASSED] - total = getText(findTestObject("co saldo akun/new total harga tf")): Text of object 'Object Repository/co saldo akun/new total harga tf' is: '17,504'

2023-09-29 15:18:06 - [MESSAGE][PASSED] - Text of object 'Object Repository/co saldo akun/new total harga tf' is: '17,504'

2023-09-29 15:18:06 - [TEST_STEP][PASSED] - total1 = replace(",", "").trim(): null

2023-09-29 15:18:06 - [TEST_STEP][PASSED] - total2 = Integer.parseInt(total1): null

2023-09-29 15:18:06 - [TEST_STEP][PASSED] - println(total2): null

2023-09-29 15:18:06 - [TEST_STEP][PASSED] - assert totalBayar1 == total2: null

2023-09-29 15:18:06 - [TEST_STEP][PASSED] - data = new java.util.HashMap(): null

2023-09-29 15:18:06 - [TEST_STEP][PASSED] - data.put("invoice", noPesanan): null

2023-09-29 15:18:06 - [TEST_STEP][PASSED] - data.put("namaPengirim", pengirim): null

2023-09-29 15:18:06 - [TEST_STEP][PASSED] - data.put("totalBayar", totalharga): null

2023-09-29 15:18:06 - [TEST_STEP][PASSED] - data.put("totalOngkir", tOng): null

2023-09-29 15:18:06 - [TEST_STEP][PASSED] - return data: null

2023-09-29 15:18:06 - [MESSAGE][PASSED] - Call Test Case 'Test Cases/T08 - Konfirmasi Pesanan/TC-OS-001' successfully

2023-09-29 15:18:06 - [TEST_STEP][PASSED] - noPesanan = data.get("invoice"): null

2023-09-29 15:18:06 - [TEST_STEP][PASSED] - nmPengirim = data.get("namaPengirim"): null

2023-09-29 15:18:06 - [TEST_STEP][PASSED] - bayarTotal = data.get("totalBayar"): null

2023-09-29 15:18:06 - [TEST_STEP][PASSED] - click(findTestObject("konfirmasi pesanan/a_Akun 0")): Object: 'Object Repository/konfirmasi pesanan/a_Akun 0' is clicked on

2023-09-29 15:18:07 - [MESSAGE][PASSED] - Object: 'Object Repository/konfirmasi pesanan/a_Akun 0' is clicked on

2023-09-29 15:18:07 - [TEST_STEP][PASSED] - click(findTestObject("konfirmasi pesanan/a_Profile")): Object: 'Object Repository/konfirmasi pesanan/a_Profile' is clicked on

2023-09-29 15:18:08 - [MESSAGE][PASSED] - Object: 'Object Repository/konfirmasi pesanan/a_Profile' is clicked on

2023-09-29 15:18:08 - [TEST_STEP][PASSED] - click(findTestObject("konfirmasi pesanan/a_Pembelian")): Object: 'Object Repository/konfirmasi pesanan/a_Pembelian' is clicked on

2023-09-29 15:18:09 - [MESSAGE][PASSED] - Object: 'Object Repository/konfirmasi pesanan/a_Pembelian' is clicked on

2023-09-29 15:18:09 - [TEST_STEP][PASSED] - click(findTestObject("konfirmasi pesanan/new konfirmasi bayar")): Object: 'Object Repository/konfirmasi pesanan/new konfirmasi bayar' is clicked on

2023-09-29 15:18:10 - [MESSAGE][PASSED] - Object: 'Object Repository/konfirmasi pesanan/new konfirmasi bayar' is clicked on

2023-09-29 15:18:10 - [TEST_STEP][PASSED] - verifyElementPresent(findTestObject("konfirmasi pesanan/verifikasi user masuk halaman konfirmasi bayar dari akun profil"), 0): Object 'Object Repository/konfirmasi pesanan/verifikasi user masuk halaman konfirmasi bayar dari akun profil' is present

2023-09-29 15:18:10 - [MESSAGE][WARNING] - Timeout '0' is invalid. Using default page load timeout: '30'

2023-09-29 15:18:10 - [MESSAGE][PASSED] - Object 'Object Repository/konfirmasi pesanan/verifikasi user masuk halaman konfirmasi bayar dari akun profil' is present

2023-09-29 15:18:10 - [TEST_STEP][PASSED] - selectOptionByValue(findTestObject("konfirmasi pesanan/select dropdown trasfer"), transfer, false): All options with value '1' are selected in object 'Object Repository/konfirmasi pesanan/select dropdown trasfer' 

2023-09-29 15:18:11 - [MESSAGE][PASSED] - All options with value '1' are selected in object 'Object Repository/konfirmasi pesanan/select dropdown trasfer' 

2023-09-29 15:18:11 - [TEST_STEP][PASSED] - clearText(findTestObject("konfirmasi pesanan/input_Nama Pengirim_d")): Text of object 'Object Repository/konfirmasi pesanan/input_Nama Pengirim_d' is cleared

2023-09-29 15:18:11 - [MESSAGE][PASSED] - Text of object 'Object Repository/konfirmasi pesanan/input_Nama Pengirim_d' is cleared

2023-09-29 15:18:11 - [TEST_STEP][PASSED] - uploadFile(findTestObject("konfirmasi pesanan/input_Upload Bukti Transfer_f"), "F:\bootcamp\Miniproject\transfer.jpg"): File 'F:\bootcamp\Miniproject\transfer.jpg' sent to object: 'Object Repository/konfirmasi pesanan/input_Upload Bukti Transfer_f'

2023-09-29 15:18:12 - [MESSAGE][PASSED] - File 'F:\bootcamp\Miniproject\transfer.jpg' sent to object: 'Object Repository/konfirmasi pesanan/input_Upload Bukti Transfer_f'

2023-09-29 15:18:12 - [TEST_STEP][PASSED] - count = getAttribute(findTestObject("Object Repository/konfirmasi pesanan/input_Total TagihanTransfer_b"), "value"): Attribute 'value' of object 'Object Repository/konfirmasi pesanan/input_Total TagihanTransfer_b' is: '17,504'

2023-09-29 15:18:12 - [MESSAGE][PASSED] - Attribute 'value' of object 'Object Repository/konfirmasi pesanan/input_Total TagihanTransfer_b' is: '17,504'

2023-09-29 15:18:12 - [TEST_STEP][PASSED] - nama = getAttribute(findTestObject("Object Repository/konfirmasi pesanan/input_Nama Pengirim_d"), "value"): Attribute 'value' of object 'Object Repository/konfirmasi pesanan/input_Nama Pengirim_d' is: ''

2023-09-29 15:18:13 - [MESSAGE][PASSED] - Attribute 'value' of object 'Object Repository/konfirmasi pesanan/input_Nama Pengirim_d' is: ''

2023-09-29 15:18:13 - [TEST_STEP][PASSED] - click(findTestObject("konfirmasi pesanan/button_Konfirmasi Pembayaran")): Object: 'Object Repository/konfirmasi pesanan/button_Konfirmasi Pembayaran' is clicked on

2023-09-29 15:18:13 - [MESSAGE][PASSED] - Object: 'Object Repository/konfirmasi pesanan/button_Konfirmasi Pembayaran' is clicked on

2023-09-29 15:18:13 - [TEST_STEP][PASSED] - webDriver = getWebDriver(): null

2023-09-29 15:18:13 - [TEST_STEP][PASSED] - field_username = webDriver.findElement(By.xpath("//input[@name="d"]")): null

2023-09-29 15:18:13 - [TEST_STEP][PASSED] - error_message = webDriver.executeScript("return arguments[0].validationMessage", field_username): null

2023-09-29 15:18:13 - [TEST_STEP][PASSED] - println(error_message): null

2023-09-29 15:18:13 - [TEST_STEP][PASSED] - assert error_message == "Please fill out this field.": null]]></system-out>
         <system-err><![CDATA[]]></system-err>
      </testcase>
      <testcase name="Test Cases/T08 - Konfirmasi Pesanan/TC-KF-009" time="36.405" classname="Test Cases/T08 - Konfirmasi Pesanan/TC-KF-009" status="FAILED">
         <failure type="FAILED" message="Test Cases/T08 - Konfirmasi Pesanan/TC-KF-009 FAILED.
Reason:
com.kms.katalon.core.exception.StepFailedException: Unable to verify text 'please input an valid field' is present 
	at com.kms.katalon.core.webui.keyword.internal.WebUIKeywordMain.stepFailed(WebUIKeywordMain.groovy:64)
	at com.kms.katalon.core.webui.keyword.internal.WebUIKeywordMain.runKeyword(WebUIKeywordMain.groovy:26)
	at com.kms.katalon.core.webui.keyword.builtin.VerifyTextPresentKeyword.verifyTextPresent(VerifyTextPresentKeyword.groovy:83)
	at com.kms.katalon.core.webui.keyword.builtin.VerifyTextPresentKeyword.execute(VerifyTextPresentKeyword.groovy:68)
	at com.kms.katalon.core.keyword.internal.KeywordExecutor.executeKeywordForPlatform(KeywordExecutor.groovy:74)
	at com.kms.katalon.core.webui.keyword.WebUiBuiltInKeywords.verifyTextPresent(WebUiBuiltInKeywords.groovy:1723)
	at com.kms.katalon.core.webui.keyword.WebUiBuiltInKeywords$verifyTextPresent$14.call(Unknown Source)
	at TC-KF-009.run(TC-KF-009:51)
	at com.kms.katalon.core.main.ScriptEngine.run(ScriptEngine.java:194)
	at com.kms.katalon.core.main.ScriptEngine.runScriptAsRawText(ScriptEngine.java:119)
	at com.kms.katalon.core.main.TestCaseExecutor.runScript(TestCaseExecutor.java:448)
	at com.kms.katalon.core.main.TestCaseExecutor.doExecute(TestCaseExecutor.java:439)
	at com.kms.katalon.core.main.TestCaseExecutor.processExecutionPhase(TestCaseExecutor.java:418)
	at com.kms.katalon.core.main.TestCaseExecutor.accessMainPhase(TestCaseExecutor.java:410)
	at com.kms.katalon.core.main.TestCaseExecutor.execute(TestCaseExecutor.java:285)
	at com.kms.katalon.core.common.CommonExecutor.accessTestCaseMainPhase(CommonExecutor.java:65)
	at com.kms.katalon.core.main.TestSuiteExecutor.accessTestSuiteMainPhase(TestSuiteExecutor.java:148)
	at com.kms.katalon.core.main.TestSuiteExecutor.execute(TestSuiteExecutor.java:106)
	at com.kms.katalon.core.main.TestCaseMain.startTestSuite(TestCaseMain.java:187)
	at com.kms.katalon.core.main.TestCaseMain$startTestSuite$0.call(Unknown Source)
	at TempTestSuite1695974576876.run(TempTestSuite1695974576876.groovy:36)
Caused by: com.kms.katalon.core.exception.StepFailedException: Text 'please input an valid field' is not present on page 
	at com.kms.katalon.core.webui.keyword.internal.WebUIKeywordMain.stepFailed(WebUIKeywordMain.groovy:64)
	at com.kms.katalon.core.webui.keyword.builtin.VerifyTextPresentKeyword$_verifyTextPresent_closure1.doCall(VerifyTextPresentKeyword.groovy:79)
	at com.kms.katalon.core.webui.keyword.builtin.VerifyTextPresentKeyword$_verifyTextPresent_closure1.call(VerifyTextPresentKeyword.groovy)
	at com.kms.katalon.core.webui.keyword.internal.WebUIKeywordMain.runKeyword(WebUIKeywordMain.groovy:20)
	... 19 more
"/>
         <system-out><![CDATA[2023-09-29 15:18:13 - [TEST_CASE][FAILED] - Test Cases/T08 - Konfirmasi Pesanan/TC-KF-009: Test Cases/T08 - Konfirmasi Pesanan/TC-KF-009 FAILED.
Reason:
com.kms.katalon.core.exception.StepFailedException: Unable to verify text 'please input an valid field' is present 
	at com.kms.katalon.core.webui.keyword.internal.WebUIKeywordMain.stepFailed(WebUIKeywordMain.groovy:64)
	at com.kms.katalon.core.webui.keyword.internal.WebUIKeywordMain.runKeyword(WebUIKeywordMain.groovy:26)
	at com.kms.katalon.core.webui.keyword.builtin.VerifyTextPresentKeyword.verifyTextPresent(VerifyTextPresentKeyword.groovy:83)
	at com.kms.katalon.core.webui.keyword.builtin.VerifyTextPresentKeyword.execute(VerifyTextPresentKeyword.groovy:68)
	at com.kms.katalon.core.keyword.internal.KeywordExecutor.executeKeywordForPlatform(KeywordExecutor.groovy:74)
	at com.kms.katalon.core.webui.keyword.WebUiBuiltInKeywords.verifyTextPresent(WebUiBuiltInKeywords.groovy:1723)
	at com.kms.katalon.core.webui.keyword.WebUiBuiltInKeywords$verifyTextPresent$14.call(Unknown Source)
	at TC-KF-009.run(TC-KF-009:51)
	at com.kms.katalon.core.main.ScriptEngine.run(ScriptEngine.java:194)
	at com.kms.katalon.core.main.ScriptEngine.runScriptAsRawText(ScriptEngine.java:119)
	at com.kms.katalon.core.main.TestCaseExecutor.runScript(TestCaseExecutor.java:448)
	at com.kms.katalon.core.main.TestCaseExecutor.doExecute(TestCaseExecutor.java:439)
	at com.kms.katalon.core.main.TestCaseExecutor.processExecutionPhase(TestCaseExecutor.java:418)
	at com.kms.katalon.core.main.TestCaseExecutor.accessMainPhase(TestCaseExecutor.java:410)
	at com.kms.katalon.core.main.TestCaseExecutor.execute(TestCaseExecutor.java:285)
	at com.kms.katalon.core.common.CommonExecutor.accessTestCaseMainPhase(CommonExecutor.java:65)
	at com.kms.katalon.core.main.TestSuiteExecutor.accessTestSuiteMainPhase(TestSuiteExecutor.java:148)
	at com.kms.katalon.core.main.TestSuiteExecutor.execute(TestSuiteExecutor.java:106)
	at com.kms.katalon.core.main.TestCaseMain.startTestSuite(TestCaseMain.java:187)
	at com.kms.katalon.core.main.TestCaseMain$startTestSuite$0.call(Unknown Source)
	at TempTestSuite1695974576876.run(TempTestSuite1695974576876.groovy:36)
Caused by: com.kms.katalon.core.exception.StepFailedException: Text 'please input an valid field' is not present on page 
	at com.kms.katalon.core.webui.keyword.internal.WebUIKeywordMain.stepFailed(WebUIKeywordMain.groovy:64)
	at com.kms.katalon.core.webui.keyword.builtin.VerifyTextPresentKeyword$_verifyTextPresent_closure1.doCall(VerifyTextPresentKeyword.groovy:79)
	at com.kms.katalon.core.webui.keyword.builtin.VerifyTextPresentKeyword$_verifyTextPresent_closure1.call(VerifyTextPresentKeyword.groovy)
	at com.kms.katalon.core.webui.keyword.internal.WebUIKeywordMain.runKeyword(WebUIKeywordMain.groovy:20)
	... 19 more


2023-09-29 15:18:14 - [TEST_STEP][PASSED] - data = callTestCase(findTestCase("T08 - Konfirmasi Pesanan/TC-OS-001"), ["Roda":"2", "MetodePembayaran":"transfer"], STOP_ON_FAILURE): Call Test Case 'Test Cases/T08 - Konfirmasi Pesanan/TC-OS-001' successfully

2023-09-29 15:18:14 - [TEST_CASE][PASSED] - Test Cases/T08 - Konfirmasi Pesanan/TC-OS-001: Test Cases/T08 - Konfirmasi Pesanan/TC-OS-001

2023-09-29 15:18:14 - [TEST_STEP][PASSED] - callTestCase(findTestCase("T08 - Konfirmasi Pesanan/TC-LS-001"), [:], STOP_ON_FAILURE): Call Test Case 'Test Cases/T08 - Konfirmasi Pesanan/TC-LS-001' successfully

2023-09-29 15:18:14 - [TEST_CASE][PASSED] - Test Cases/T08 - Konfirmasi Pesanan/TC-LS-001: Test Cases/T08 - Konfirmasi Pesanan/TC-LS-001

2023-09-29 15:18:14 - [TEST_STEP][PASSED] - openBrowser(urlWeb): Browser is opened with url: 'https://10.9.2.63/ecommerce/'

2023-09-29 15:18:14 - [MESSAGE][WARNING] - A browser is already opened. Closing browser and opening a new one

2023-09-29 15:18:15 - [MESSAGE][INFO] - Starting 'Firefox' driver

2023-09-29 15:18:15 - [MESSAGE][INFO] - Action delay is set to 0 milliseconds

2023-09-29 15:18:20 - [MESSAGE][PASSED] - Browser is opened with url: 'https://10.9.2.63/ecommerce/'

2023-09-29 15:18:20 - [TEST_STEP][PASSED] - maximizeWindow(): Current window maximized

2023-09-29 15:18:20 - [MESSAGE][PASSED] - Current window maximized

2023-09-29 15:18:20 - [TEST_STEP][PASSED] - click(findTestObject("Login/a_Login")): Object: 'Object Repository/Login/a_Login' is clicked on

2023-09-29 15:18:21 - [MESSAGE][PASSED] - Object: 'Object Repository/Login/a_Login' is clicked on

2023-09-29 15:18:21 - [TEST_STEP][PASSED] - setText(findTestObject("Login/input_Username, Email atau No. Handphone_a"), "runa36"): Text 'runa36' is set on object 'Object Repository/Login/input_Username, Email atau No. Handphone_a'

2023-09-29 15:18:22 - [MESSAGE][PASSED] - Text 'runa36' is set on object 'Object Repository/Login/input_Username, Email atau No. Handphone_a'

2023-09-29 15:18:22 - [TEST_STEP][PASSED] - setEncryptedText(findTestObject("Login/input_Password di Login(Masuk)"), "qbkrdMwyWE4="): Text ****** has been set on object 'Object Repository/Login/input_Password di Login(Masuk)'

2023-09-29 15:18:22 - [MESSAGE][PASSED] - Text ****** has been set on object 'Object Repository/Login/input_Password di Login(Masuk)'

2023-09-29 15:18:22 - [TEST_STEP][PASSED] - click(findTestObject("Login/button_Masuk di halaman login")): Object: 'Object Repository/Login/button_Masuk di halaman login' is clicked on

2023-09-29 15:18:23 - [MESSAGE][PASSED] - Object: 'Object Repository/Login/button_Masuk di halaman login' is clicked on

2023-09-29 15:18:23 - [TEST_STEP][PASSED] - verifyElementPresent(findTestObject("Pendaftaran/verifikasi MASUK di halaman Login"), 0): Object 'Object Repository/Pendaftaran/verifikasi MASUK di halaman Login' is present

2023-09-29 15:18:23 - [MESSAGE][WARNING] - Timeout '0' is invalid. Using default page load timeout: '30'

2023-09-29 15:18:24 - [MESSAGE][PASSED] - Object 'Object Repository/Pendaftaran/verifikasi MASUK di halaman Login' is present

2023-09-29 15:18:24 - [MESSAGE][PASSED] - Call Test Case 'Test Cases/T08 - Konfirmasi Pesanan/TC-LS-001' successfully

2023-09-29 15:18:24 - [TEST_STEP][PASSED] - setText(findTestObject("chekout/input aku mau belanja"), "acer"): Text 'acer' is set on object 'Object Repository/chekout/input aku mau belanja'

2023-09-29 15:18:24 - [MESSAGE][PASSED] - Text 'acer' is set on object 'Object Repository/chekout/input aku mau belanja'

2023-09-29 15:18:24 - [TEST_STEP][PASSED] - click(findTestObject("chekout/button_Cari di halaman tajalapak")): Object: 'Object Repository/chekout/button_Cari di halaman tajalapak' is clicked on

2023-09-29 15:18:25 - [MESSAGE][PASSED] - Object: 'Object Repository/chekout/button_Cari di halaman tajalapak' is clicked on

2023-09-29 15:18:25 - [TEST_STEP][PASSED] - click(findTestObject("chekout/NEW read more acer")): Object: 'Object Repository/chekout/NEW read more acer' is clicked on

2023-09-29 15:18:26 - [MESSAGE][PASSED] - Object: 'Object Repository/chekout/NEW read more acer' is clicked on

2023-09-29 15:18:26 - [TEST_STEP][PASSED] - click(findTestObject("chekout/button_Beli Sekarang di detail produk")): Object: 'Object Repository/chekout/button_Beli Sekarang di detail produk' is clicked on

2023-09-29 15:18:27 - [MESSAGE][PASSED] - Object: 'Object Repository/chekout/button_Beli Sekarang di detail produk' is clicked on

2023-09-29 15:18:27 - [TEST_STEP][PASSED] - verifyElementPresent(findTestObject("chekout/halaman keranjang belanja"), 0): Object 'Object Repository/chekout/halaman keranjang belanja' is present

2023-09-29 15:18:27 - [MESSAGE][WARNING] - Timeout '0' is invalid. Using default page load timeout: '30'

2023-09-29 15:18:28 - [MESSAGE][PASSED] - Object 'Object Repository/chekout/halaman keranjang belanja' is present

2023-09-29 15:18:28 - [TEST_STEP][PASSED] - click(findTestObject("chekout/button_Lanjut ke Pembayaran")): Object: 'Object Repository/chekout/button_Lanjut ke Pembayaran' is clicked on

2023-09-29 15:18:29 - [MESSAGE][PASSED] - Object: 'Object Repository/chekout/button_Lanjut ke Pembayaran' is clicked on

2023-09-29 15:18:29 - [TEST_STEP][PASSED] - selectOptionByValue(findTestObject("Object Repository/chekout/select_- Kirim via Kurir Lokal -Roda 2Roda 4"), Roda, false): All options with value '2' are selected in object 'Object Repository/chekout/select_- Kirim via Kurir Lokal -Roda 2Roda 4' 

2023-09-29 15:18:31 - [MESSAGE][PASSED] - All options with value '2' are selected in object 'Object Repository/chekout/select_- Kirim via Kurir Lokal -Roda 2Roda 4' 

2023-09-29 15:18:31 - [TEST_STEP][PASSED] - click(findTestObject("chekout/jenis kendaraan")): Object: 'Object Repository/chekout/jenis kendaraan' is clicked on

2023-09-29 15:18:31 - [MESSAGE][PASSED] - Object: 'Object Repository/chekout/jenis kendaraan' is clicked on

2023-09-29 15:18:31 - [TEST_STEP][PASSED] - if (toString().equalsIgnoreCase("transfer")): Object 'Object Repository/chekout/input metode tf bank' is checked

2023-09-29 15:18:31 - [TEST_STEP][PASSED] - check(findTestObject("chekout/input metode tf bank")): Object 'Object Repository/chekout/input metode tf bank' is checked

2023-09-29 15:18:32 - [MESSAGE][PASSED] - Object 'Object Repository/chekout/input metode tf bank' is checked

2023-09-29 15:18:32 - [TEST_STEP][PASSED] - click(findTestObject("chekout/button_Proses Pembayaran")): Object: 'Object Repository/chekout/button_Proses Pembayaran' is clicked on

2023-09-29 15:18:37 - [MESSAGE][PASSED] - Object: 'Object Repository/chekout/button_Proses Pembayaran' is clicked on

2023-09-29 15:18:37 - [TEST_STEP][PASSED] - noPesanan = getText(findTestObject("Object Repository/chekout/nomor invoice dari halaman menunggu pembayaran")): Text of object 'Object Repository/chekout/nomor invoice dari halaman menunggu pembayaran' is: 'TRX91.20230929151832'

2023-09-29 15:18:38 - [MESSAGE][PASSED] - Text of object 'Object Repository/chekout/nomor invoice dari halaman menunggu pembayaran' is: 'TRX91.20230929151832'

2023-09-29 15:18:38 - [TEST_STEP][PASSED] - println(noPesanan): null

2023-09-29 15:18:38 - [TEST_STEP][PASSED] - pengirim = getText(findTestObject("Object Repository/chekout/dikirim kepada sama dengan pengirim di tf di konfirmaasi bayar")): Text of object 'Object Repository/chekout/dikirim kepada sama dengan pengirim di tf di konfirmaasi bayar' is: 'runarun'

2023-09-29 15:18:38 - [MESSAGE][PASSED] - Text of object 'Object Repository/chekout/dikirim kepada sama dengan pengirim di tf di konfirmaasi bayar' is: 'runarun'

2023-09-29 15:18:38 - [TEST_STEP][PASSED] - totalharga = getText(findTestObject("Object Repository/chekout/total harga bayar")): Text of object 'Object Repository/chekout/total harga bayar' is: '17,578'

2023-09-29 15:18:38 - [MESSAGE][PASSED] - Text of object 'Object Repository/chekout/total harga bayar' is: '17,578'

2023-09-29 15:18:38 - [TEST_STEP][PASSED] - ongkir = getText(findTestObject("co saldo akun/new ongkir tf")): Text of object 'Object Repository/co saldo akun/new ongkir tf' is: 'Rp 13,000'

2023-09-29 15:18:39 - [MESSAGE][PASSED] - Text of object 'Object Repository/co saldo akun/new ongkir tf' is: 'Rp 13,000'

2023-09-29 15:18:39 - [TEST_STEP][PASSED] - ongkirr = replace(",", "").trim(): null

2023-09-29 15:18:39 - [TEST_STEP][PASSED] - ongkir1 = Integer.parseInt(ongkirr): null

2023-09-29 15:18:39 - [TEST_STEP][PASSED] - println(ongkir1): null

2023-09-29 15:18:39 - [TEST_STEP][PASSED] - biayaAdmin = getText(findTestObject("co saldo akun/new fee admin tf")): Text of object 'Object Repository/co saldo akun/new fee admin tf' is: 'Rp 1,500'

2023-09-29 15:18:39 - [MESSAGE][PASSED] - Text of object 'Object Repository/co saldo akun/new fee admin tf' is: 'Rp 1,500'

2023-09-29 15:18:39 - [TEST_STEP][PASSED] - bAdmin = replace(",", "").trim(): null

2023-09-29 15:18:40 - [TEST_STEP][PASSED] - Integer.parseInt(bAdmin): null

2023-09-29 15:18:40 - [TEST_STEP][PASSED] - Admin = Double.parseDouble(bAdmin): null

2023-09-29 15:18:40 - [TEST_STEP][PASSED] - println(Admin): null

2023-09-29 15:18:40 - [TEST_STEP][PASSED] - subtotal = getText(findTestObject("co saldo akun/new subtotal tf")): Text of object 'Object Repository/co saldo akun/new subtotal tf' is: 'Rp 2,246'

2023-09-29 15:18:40 - [MESSAGE][PASSED] - Text of object 'Object Repository/co saldo akun/new subtotal tf' is: 'Rp 2,246'

2023-09-29 15:18:40 - [TEST_STEP][PASSED] - subtotall = replace(",", "").trim(): null

2023-09-29 15:18:40 - [TEST_STEP][PASSED] - Integer.parseInt(subtotall): null

2023-09-29 15:18:40 - [TEST_STEP][PASSED] - sub = Double.parseDouble(subtotall): null

2023-09-29 15:18:40 - [TEST_STEP][PASSED] - println(sub): null

2023-09-29 15:18:40 - [TEST_STEP][PASSED] - kode = getText(findTestObject("co saldo akun/new kode unik tf")): Text of object 'Object Repository/co saldo akun/new kode unik tf' is: '+832'

2023-09-29 15:18:41 - [MESSAGE][PASSED] - Text of object 'Object Repository/co saldo akun/new kode unik tf' is: '+832'

2023-09-29 15:18:41 - [TEST_STEP][PASSED] - kodee = replace("+", "").trim(): null

2023-09-29 15:18:41 - [TEST_STEP][PASSED] - Integer.parseInt(kodee): null

2023-09-29 15:18:41 - [TEST_STEP][PASSED] - code = Double.parseDouble(kodee): null

2023-09-29 15:18:41 - [TEST_STEP][PASSED] - tOng = ongkir1 + sub: null

2023-09-29 15:18:41 - [TEST_STEP][PASSED] - println(tOng): null

2023-09-29 15:18:41 - [TEST_STEP][PASSED] - totalBayar = tOng + Admin + code: null

2023-09-29 15:18:41 - [TEST_STEP][PASSED] - println(totalBayar): null

2023-09-29 15:18:41 - [TEST_STEP][PASSED] - totalBayar1 = totalBayar: null

2023-09-29 15:18:41 - [TEST_STEP][PASSED] - println(totalBayar1): null

2023-09-29 15:18:41 - [TEST_STEP][PASSED] - total = getText(findTestObject("co saldo akun/new total harga tf")): Text of object 'Object Repository/co saldo akun/new total harga tf' is: '17,578'

2023-09-29 15:18:41 - [MESSAGE][PASSED] - Text of object 'Object Repository/co saldo akun/new total harga tf' is: '17,578'

2023-09-29 15:18:41 - [TEST_STEP][PASSED] - total1 = replace(",", "").trim(): null

2023-09-29 15:18:41 - [TEST_STEP][PASSED] - total2 = Integer.parseInt(total1): null

2023-09-29 15:18:41 - [TEST_STEP][PASSED] - println(total2): null

2023-09-29 15:18:41 - [TEST_STEP][PASSED] - assert totalBayar1 == total2: null

2023-09-29 15:18:41 - [TEST_STEP][PASSED] - data = new java.util.HashMap(): null

2023-09-29 15:18:41 - [TEST_STEP][PASSED] - data.put("invoice", noPesanan): null

2023-09-29 15:18:41 - [TEST_STEP][PASSED] - data.put("namaPengirim", pengirim): null

2023-09-29 15:18:41 - [TEST_STEP][PASSED] - data.put("totalBayar", totalharga): null

2023-09-29 15:18:41 - [TEST_STEP][PASSED] - data.put("totalOngkir", tOng): null

2023-09-29 15:18:41 - [TEST_STEP][PASSED] - return data: null

2023-09-29 15:18:41 - [MESSAGE][PASSED] - Call Test Case 'Test Cases/T08 - Konfirmasi Pesanan/TC-OS-001' successfully

2023-09-29 15:18:41 - [TEST_STEP][PASSED] - noInvoice = data.get("invoice"): null

2023-09-29 15:18:41 - [TEST_STEP][PASSED] - nmPengirim = data.get("namaPengirim"): null

2023-09-29 15:18:41 - [TEST_STEP][PASSED] - ttlBayar = data.get("totalBayar"): null

2023-09-29 15:18:41 - [TEST_STEP][PASSED] - click(findTestObject("konfirmasi pesanan/a_Akun 0")): Object: 'Object Repository/konfirmasi pesanan/a_Akun 0' is clicked on

2023-09-29 15:18:42 - [MESSAGE][PASSED] - Object: 'Object Repository/konfirmasi pesanan/a_Akun 0' is clicked on

2023-09-29 15:18:42 - [TEST_STEP][PASSED] - click(findTestObject("konfirmasi pesanan/a_Profile")): Object: 'Object Repository/konfirmasi pesanan/a_Profile' is clicked on

2023-09-29 15:18:42 - [MESSAGE][PASSED] - Object: 'Object Repository/konfirmasi pesanan/a_Profile' is clicked on

2023-09-29 15:18:42 - [TEST_STEP][PASSED] - click(findTestObject("konfirmasi pesanan/a_Pembelian")): Object: 'Object Repository/konfirmasi pesanan/a_Pembelian' is clicked on

2023-09-29 15:18:43 - [MESSAGE][PASSED] - Object: 'Object Repository/konfirmasi pesanan/a_Pembelian' is clicked on

2023-09-29 15:18:43 - [TEST_STEP][PASSED] - click(findTestObject("konfirmasi pesanan/new konfirmasi bayar")): Object: 'Object Repository/konfirmasi pesanan/new konfirmasi bayar' is clicked on

2023-09-29 15:18:44 - [MESSAGE][PASSED] - Object: 'Object Repository/konfirmasi pesanan/new konfirmasi bayar' is clicked on

2023-09-29 15:18:44 - [TEST_STEP][PASSED] - clearText(findTestObject("konfirmasi pesanan/input_Total TagihanTransfer_b")): Text of object 'Object Repository/konfirmasi pesanan/input_Total TagihanTransfer_b' is cleared

2023-09-29 15:18:45 - [MESSAGE][PASSED] - Text of object 'Object Repository/konfirmasi pesanan/input_Total TagihanTransfer_b' is cleared

2023-09-29 15:18:45 - [TEST_STEP][PASSED] - setText(findTestObject("konfirmasi pesanan/input_Total TagihanTransfer_b"), tagihan): Text '-2000' is set on object 'Object Repository/konfirmasi pesanan/input_Total TagihanTransfer_b'

2023-09-29 15:18:46 - [MESSAGE][PASSED] - Text '-2000' is set on object 'Object Repository/konfirmasi pesanan/input_Total TagihanTransfer_b'

2023-09-29 15:18:46 - [TEST_STEP][PASSED] - selectOptionByValue(findTestObject("konfirmasi pesanan/select dropdown trasfer"), transfer, false): All options with value '1' are selected in object 'Object Repository/konfirmasi pesanan/select dropdown trasfer' 

2023-09-29 15:18:46 - [MESSAGE][PASSED] - All options with value '1' are selected in object 'Object Repository/konfirmasi pesanan/select dropdown trasfer' 

2023-09-29 15:18:46 - [TEST_STEP][PASSED] - clearText(findTestObject("konfirmasi pesanan/input_Nama Pengirim_d")): Text of object 'Object Repository/konfirmasi pesanan/input_Nama Pengirim_d' is cleared

2023-09-29 15:18:47 - [MESSAGE][PASSED] - Text of object 'Object Repository/konfirmasi pesanan/input_Nama Pengirim_d' is cleared

2023-09-29 15:18:47 - [TEST_STEP][PASSED] - setText(findTestObject("konfirmasi pesanan/input_Nama Pengirim_d"), nmPengirim): Text 'runarun' is set on object 'Object Repository/konfirmasi pesanan/input_Nama Pengirim_d'

2023-09-29 15:18:48 - [MESSAGE][PASSED] - Text 'runarun' is set on object 'Object Repository/konfirmasi pesanan/input_Nama Pengirim_d'

2023-09-29 15:18:48 - [TEST_STEP][PASSED] - uploadFile(findTestObject("konfirmasi pesanan/input_Upload Bukti Transfer_f"), "F:\bootcamp\Miniproject\transfer.jpg"): File 'F:\bootcamp\Miniproject\transfer.jpg' sent to object: 'Object Repository/konfirmasi pesanan/input_Upload Bukti Transfer_f'

2023-09-29 15:18:48 - [MESSAGE][PASSED] - File 'F:\bootcamp\Miniproject\transfer.jpg' sent to object: 'Object Repository/konfirmasi pesanan/input_Upload Bukti Transfer_f'

2023-09-29 15:18:48 - [TEST_STEP][PASSED] - click(findTestObject("konfirmasi pesanan/button_Konfirmasi Pembayaran")): Object: 'Object Repository/konfirmasi pesanan/button_Konfirmasi Pembayaran' is clicked on

2023-09-29 15:18:49 - [MESSAGE][PASSED] - Object: 'Object Repository/konfirmasi pesanan/button_Konfirmasi Pembayaran' is clicked on

2023-09-29 15:18:49 - [TEST_STEP][FAILED] - verifyTextPresent("please input an valid field", false): Unable to verify text 'please input an valid field' is present  (Root cause: com.kms.katalon.core.exception.StepFailedException: Unable to verify text 'please input an valid field' is present 
	at com.kms.katalon.core.webui.keyword.internal.WebUIKeywordMain.stepFailed(WebUIKeywordMain.groovy:64)
	at com.kms.katalon.core.webui.keyword.internal.WebUIKeywordMain.runKeyword(WebUIKeywordMain.groovy:26)
	at com.kms.katalon.core.webui.keyword.builtin.VerifyTextPresentKeyword.verifyTextPresent(VerifyTextPresentKeyword.groovy:83)
	at com.kms.katalon.core.webui.keyword.builtin.VerifyTextPresentKeyword.execute(VerifyTextPresentKeyword.groovy:68)
	at com.kms.katalon.core.keyword.internal.KeywordExecutor.executeKeywordForPlatform(KeywordExecutor.groovy:74)
	at com.kms.katalon.core.webui.keyword.WebUiBuiltInKeywords.verifyTextPresent(WebUiBuiltInKeywords.groovy:1723)
	at com.kms.katalon.core.webui.keyword.WebUiBuiltInKeywords$verifyTextPresent$14.call(Unknown Source)
	at TC-KF-009.run(TC-KF-009:51)
	at com.kms.katalon.core.main.ScriptEngine.run(ScriptEngine.java:194)
	at com.kms.katalon.core.main.ScriptEngine.runScriptAsRawText(ScriptEngine.java:119)
	at com.kms.katalon.core.main.TestCaseExecutor.runScript(TestCaseExecutor.java:448)
	at com.kms.katalon.core.main.TestCaseExecutor.doExecute(TestCaseExecutor.java:439)
	at com.kms.katalon.core.main.TestCaseExecutor.processExecutionPhase(TestCaseExecutor.java:418)
	at com.kms.katalon.core.main.TestCaseExecutor.accessMainPhase(TestCaseExecutor.java:410)
	at com.kms.katalon.core.main.TestCaseExecutor.execute(TestCaseExecutor.java:285)
	at com.kms.katalon.core.common.CommonExecutor.accessTestCaseMainPhase(CommonExecutor.java:65)
	at com.kms.katalon.core.main.TestSuiteExecutor.accessTestSuiteMainPhase(TestSuiteExecutor.java:148)
	at com.kms.katalon.core.main.TestSuiteExecutor.execute(TestSuiteExecutor.java:106)
	at com.kms.katalon.core.main.TestCaseMain.startTestSuite(TestCaseMain.java:187)
	at com.kms.katalon.core.main.TestCaseMain$startTestSuite$0.call(Unknown Source)
	at TempTestSuite1695974576876.run(TempTestSuite1695974576876.groovy:36)
Caused by: com.kms.katalon.core.exception.StepFailedException: Text 'please input an valid field' is not present on page 
	at com.kms.katalon.core.webui.keyword.internal.WebUIKeywordMain.stepFailed(WebUIKeywordMain.groovy:64)
	at com.kms.katalon.core.webui.keyword.builtin.VerifyTextPresentKeyword$_verifyTextPresent_closure1.doCall(VerifyTextPresentKeyword.groovy:79)
	at com.kms.katalon.core.webui.keyword.builtin.VerifyTextPresentKeyword$_verifyTextPresent_closure1.call(VerifyTextPresentKeyword.groovy)
	at com.kms.katalon.core.webui.keyword.internal.WebUIKeywordMain.runKeyword(WebUIKeywordMain.groovy:20)
	... 19 more
)

2023-09-29 15:18:50 - [MESSAGE][FAILED] - Text 'please input an valid field' is not present on page  (Root cause: com.kms.katalon.core.exception.StepFailedException: Text 'please input an valid field' is not present on page 
	at com.kms.katalon.core.webui.keyword.internal.WebUIKeywordMain.stepFailed(WebUIKeywordMain.groovy:64)
	at com.kms.katalon.core.webui.keyword.builtin.VerifyTextPresentKeyword$_verifyTextPresent_closure1.doCall(VerifyTextPresentKeyword.groovy:79)
	at com.kms.katalon.core.webui.keyword.builtin.VerifyTextPresentKeyword$_verifyTextPresent_closure1.call(VerifyTextPresentKeyword.groovy)
	at com.kms.katalon.core.webui.keyword.internal.WebUIKeywordMain.runKeyword(WebUIKeywordMain.groovy:20)
	at com.kms.katalon.core.webui.keyword.builtin.VerifyTextPresentKeyword.verifyTextPresent(VerifyTextPresentKeyword.groovy:83)
	at com.kms.katalon.core.webui.keyword.builtin.VerifyTextPresentKeyword.execute(VerifyTextPresentKeyword.groovy:68)
	at com.kms.katalon.core.keyword.internal.KeywordExecutor.executeKeywordForPlatform(KeywordExecutor.groovy:74)
	at com.kms.katalon.core.webui.keyword.WebUiBuiltInKeywords.verifyTextPresent(WebUiBuiltInKeywords.groovy:1723)
	at com.kms.katalon.core.webui.keyword.WebUiBuiltInKeywords$verifyTextPresent$14.call(Unknown Source)
	at TC-KF-009.run(TC-KF-009:51)
	at com.kms.katalon.core.main.ScriptEngine.run(ScriptEngine.java:194)
	at com.kms.katalon.core.main.ScriptEngine.runScriptAsRawText(ScriptEngine.java:119)
	at com.kms.katalon.core.main.TestCaseExecutor.runScript(TestCaseExecutor.java:448)
	at com.kms.katalon.core.main.TestCaseExecutor.doExecute(TestCaseExecutor.java:439)
	at com.kms.katalon.core.main.TestCaseExecutor.processExecutionPhase(TestCaseExecutor.java:418)
	at com.kms.katalon.core.main.TestCaseExecutor.accessMainPhase(TestCaseExecutor.java:410)
	at com.kms.katalon.core.main.TestCaseExecutor.execute(TestCaseExecutor.java:285)
	at com.kms.katalon.core.common.CommonExecutor.accessTestCaseMainPhase(CommonExecutor.java:65)
	at com.kms.katalon.core.main.TestSuiteExecutor.accessTestSuiteMainPhase(TestSuiteExecutor.java:148)
	at com.kms.katalon.core.main.TestSuiteExecutor.execute(TestSuiteExecutor.java:106)
	at com.kms.katalon.core.main.TestCaseMain.startTestSuite(TestCaseMain.java:187)
	at com.kms.katalon.core.main.TestCaseMain$startTestSuite$0.call(Unknown Source)
	at TempTestSuite1695974576876.run(TempTestSuite1695974576876.groovy:36)
)

2023-09-29 15:18:50 - [MESSAGE][FAILED] - Unable to verify text 'please input an valid field' is present  (Root cause: com.kms.katalon.core.exception.StepFailedException: Unable to verify text 'please input an valid field' is present 
	at com.kms.katalon.core.webui.keyword.internal.WebUIKeywordMain.stepFailed(WebUIKeywordMain.groovy:64)
	at com.kms.katalon.core.webui.keyword.internal.WebUIKeywordMain.runKeyword(WebUIKeywordMain.groovy:26)
	at com.kms.katalon.core.webui.keyword.builtin.VerifyTextPresentKeyword.verifyTextPresent(VerifyTextPresentKeyword.groovy:83)
	at com.kms.katalon.core.webui.keyword.builtin.VerifyTextPresentKeyword.execute(VerifyTextPresentKeyword.groovy:68)
	at com.kms.katalon.core.keyword.internal.KeywordExecutor.executeKeywordForPlatform(KeywordExecutor.groovy:74)
	at com.kms.katalon.core.webui.keyword.WebUiBuiltInKeywords.verifyTextPresent(WebUiBuiltInKeywords.groovy:1723)
	at com.kms.katalon.core.webui.keyword.WebUiBuiltInKeywords$verifyTextPresent$14.call(Unknown Source)
	at TC-KF-009.run(TC-KF-009:51)
	at com.kms.katalon.core.main.ScriptEngine.run(ScriptEngine.java:194)
	at com.kms.katalon.core.main.ScriptEngine.runScriptAsRawText(ScriptEngine.java:119)
	at com.kms.katalon.core.main.TestCaseExecutor.runScript(TestCaseExecutor.java:448)
	at com.kms.katalon.core.main.TestCaseExecutor.doExecute(TestCaseExecutor.java:439)
	at com.kms.katalon.core.main.TestCaseExecutor.processExecutionPhase(TestCaseExecutor.java:418)
	at com.kms.katalon.core.main.TestCaseExecutor.accessMainPhase(TestCaseExecutor.java:410)
	at com.kms.katalon.core.main.TestCaseExecutor.execute(TestCaseExecutor.java:285)
	at com.kms.katalon.core.common.CommonExecutor.accessTestCaseMainPhase(CommonExecutor.java:65)
	at com.kms.katalon.core.main.TestSuiteExecutor.accessTestSuiteMainPhase(TestSuiteExecutor.java:148)
	at com.kms.katalon.core.main.TestSuiteExecutor.execute(TestSuiteExecutor.java:106)
	at com.kms.katalon.core.main.TestCaseMain.startTestSuite(TestCaseMain.java:187)
	at com.kms.katalon.core.main.TestCaseMain$startTestSuite$0.call(Unknown Source)
	at TempTestSuite1695974576876.run(TempTestSuite1695974576876.groovy:36)
Caused by: com.kms.katalon.core.exception.StepFailedException: Text 'please input an valid field' is not present on page 
	at com.kms.katalon.core.webui.keyword.internal.WebUIKeywordMain.stepFailed(WebUIKeywordMain.groovy:64)
	at com.kms.katalon.core.webui.keyword.builtin.VerifyTextPresentKeyword$_verifyTextPresent_closure1.doCall(VerifyTextPresentKeyword.groovy:79)
	at com.kms.katalon.core.webui.keyword.builtin.VerifyTextPresentKeyword$_verifyTextPresent_closure1.call(VerifyTextPresentKeyword.groovy)
	at com.kms.katalon.core.webui.keyword.internal.WebUIKeywordMain.runKeyword(WebUIKeywordMain.groovy:20)
	... 19 more
)
[[ATTACHMENT|F:\\bootcamp\\Miniproject\\Tajalapak\\Reports\\20230929_150256\\T08 - Konfirmasi Pesanan\\20230929_150256\\1695975530235.png]]]]></system-out>
         <system-err><![CDATA[2023-09-29 15:18:13 - [TEST_CASE][FAILED] - Test Cases/T08 - Konfirmasi Pesanan/TC-KF-009: Test Cases/T08 - Konfirmasi Pesanan/TC-KF-009 FAILED.
Reason:
com.kms.katalon.core.exception.StepFailedException: Unable to verify text 'please input an valid field' is present 
	at com.kms.katalon.core.webui.keyword.internal.WebUIKeywordMain.stepFailed(WebUIKeywordMain.groovy:64)
	at com.kms.katalon.core.webui.keyword.internal.WebUIKeywordMain.runKeyword(WebUIKeywordMain.groovy:26)
	at com.kms.katalon.core.webui.keyword.builtin.VerifyTextPresentKeyword.verifyTextPresent(VerifyTextPresentKeyword.groovy:83)
	at com.kms.katalon.core.webui.keyword.builtin.VerifyTextPresentKeyword.execute(VerifyTextPresentKeyword.groovy:68)
	at com.kms.katalon.core.keyword.internal.KeywordExecutor.executeKeywordForPlatform(KeywordExecutor.groovy:74)
	at com.kms.katalon.core.webui.keyword.WebUiBuiltInKeywords.verifyTextPresent(WebUiBuiltInKeywords.groovy:1723)
	at com.kms.katalon.core.webui.keyword.WebUiBuiltInKeywords$verifyTextPresent$14.call(Unknown Source)
	at TC-KF-009.run(TC-KF-009:51)
	at com.kms.katalon.core.main.ScriptEngine.run(ScriptEngine.java:194)
	at com.kms.katalon.core.main.ScriptEngine.runScriptAsRawText(ScriptEngine.java:119)
	at com.kms.katalon.core.main.TestCaseExecutor.runScript(TestCaseExecutor.java:448)
	at com.kms.katalon.core.main.TestCaseExecutor.doExecute(TestCaseExecutor.java:439)
	at com.kms.katalon.core.main.TestCaseExecutor.processExecutionPhase(TestCaseExecutor.java:418)
	at com.kms.katalon.core.main.TestCaseExecutor.accessMainPhase(TestCaseExecutor.java:410)
	at com.kms.katalon.core.main.TestCaseExecutor.execute(TestCaseExecutor.java:285)
	at com.kms.katalon.core.common.CommonExecutor.accessTestCaseMainPhase(CommonExecutor.java:65)
	at com.kms.katalon.core.main.TestSuiteExecutor.accessTestSuiteMainPhase(TestSuiteExecutor.java:148)
	at com.kms.katalon.core.main.TestSuiteExecutor.execute(TestSuiteExecutor.java:106)
	at com.kms.katalon.core.main.TestCaseMain.startTestSuite(TestCaseMain.java:187)
	at com.kms.katalon.core.main.TestCaseMain$startTestSuite$0.call(Unknown Source)
	at TempTestSuite1695974576876.run(TempTestSuite1695974576876.groovy:36)
Caused by: com.kms.katalon.core.exception.StepFailedException: Text 'please input an valid field' is not present on page 
	at com.kms.katalon.core.webui.keyword.internal.WebUIKeywordMain.stepFailed(WebUIKeywordMain.groovy:64)
	at com.kms.katalon.core.webui.keyword.builtin.VerifyTextPresentKeyword$_verifyTextPresent_closure1.doCall(VerifyTextPresentKeyword.groovy:79)
	at com.kms.katalon.core.webui.keyword.builtin.VerifyTextPresentKeyword$_verifyTextPresent_closure1.call(VerifyTextPresentKeyword.groovy)
	at com.kms.katalon.core.webui.keyword.internal.WebUIKeywordMain.runKeyword(WebUIKeywordMain.groovy:20)
	... 19 more]]></system-err>
      </testcase>
      <testcase name="Test Cases/T08 - Konfirmasi Pesanan/TC-KF-010" time="36.207" classname="Test Cases/T08 - Konfirmasi Pesanan/TC-KF-010" status="FAILED">
         <failure type="FAILED" message="Test Cases/T08 - Konfirmasi Pesanan/TC-KF-010 FAILED.
Reason:
com.kms.katalon.core.exception.StepFailedException: Unable to verify text 'please input an valid field' is present 
	at com.kms.katalon.core.webui.keyword.internal.WebUIKeywordMain.stepFailed(WebUIKeywordMain.groovy:64)
	at com.kms.katalon.core.webui.keyword.internal.WebUIKeywordMain.runKeyword(WebUIKeywordMain.groovy:26)
	at com.kms.katalon.core.webui.keyword.builtin.VerifyTextPresentKeyword.verifyTextPresent(VerifyTextPresentKeyword.groovy:83)
	at com.kms.katalon.core.webui.keyword.builtin.VerifyTextPresentKeyword.execute(VerifyTextPresentKeyword.groovy:68)
	at com.kms.katalon.core.keyword.internal.KeywordExecutor.executeKeywordForPlatform(KeywordExecutor.groovy:74)
	at com.kms.katalon.core.webui.keyword.WebUiBuiltInKeywords.verifyTextPresent(WebUiBuiltInKeywords.groovy:1723)
	at com.kms.katalon.core.webui.keyword.WebUiBuiltInKeywords$verifyTextPresent$14.call(Unknown Source)
	at TC-KF-010.run(TC-KF-010:51)
	at com.kms.katalon.core.main.ScriptEngine.run(ScriptEngine.java:194)
	at com.kms.katalon.core.main.ScriptEngine.runScriptAsRawText(ScriptEngine.java:119)
	at com.kms.katalon.core.main.TestCaseExecutor.runScript(TestCaseExecutor.java:448)
	at com.kms.katalon.core.main.TestCaseExecutor.doExecute(TestCaseExecutor.java:439)
	at com.kms.katalon.core.main.TestCaseExecutor.processExecutionPhase(TestCaseExecutor.java:418)
	at com.kms.katalon.core.main.TestCaseExecutor.accessMainPhase(TestCaseExecutor.java:410)
	at com.kms.katalon.core.main.TestCaseExecutor.execute(TestCaseExecutor.java:285)
	at com.kms.katalon.core.common.CommonExecutor.accessTestCaseMainPhase(CommonExecutor.java:65)
	at com.kms.katalon.core.main.TestSuiteExecutor.accessTestSuiteMainPhase(TestSuiteExecutor.java:148)
	at com.kms.katalon.core.main.TestSuiteExecutor.execute(TestSuiteExecutor.java:106)
	at com.kms.katalon.core.main.TestCaseMain.startTestSuite(TestCaseMain.java:187)
	at com.kms.katalon.core.main.TestCaseMain$startTestSuite$0.call(Unknown Source)
	at TempTestSuite1695974576876.run(TempTestSuite1695974576876.groovy:36)
Caused by: com.kms.katalon.core.exception.StepFailedException: Text 'please input an valid field' is not present on page 
	at com.kms.katalon.core.webui.keyword.internal.WebUIKeywordMain.stepFailed(WebUIKeywordMain.groovy:64)
	at com.kms.katalon.core.webui.keyword.builtin.VerifyTextPresentKeyword$_verifyTextPresent_closure1.doCall(VerifyTextPresentKeyword.groovy:79)
	at com.kms.katalon.core.webui.keyword.builtin.VerifyTextPresentKeyword$_verifyTextPresent_closure1.call(VerifyTextPresentKeyword.groovy)
	at com.kms.katalon.core.webui.keyword.internal.WebUIKeywordMain.runKeyword(WebUIKeywordMain.groovy:20)
	... 19 more
"/>
         <system-out><![CDATA[2023-09-29 15:18:50 - [TEST_CASE][FAILED] - Test Cases/T08 - Konfirmasi Pesanan/TC-KF-010: Test Cases/T08 - Konfirmasi Pesanan/TC-KF-010 FAILED.
Reason:
com.kms.katalon.core.exception.StepFailedException: Unable to verify text 'please input an valid field' is present 
	at com.kms.katalon.core.webui.keyword.internal.WebUIKeywordMain.stepFailed(WebUIKeywordMain.groovy:64)
	at com.kms.katalon.core.webui.keyword.internal.WebUIKeywordMain.runKeyword(WebUIKeywordMain.groovy:26)
	at com.kms.katalon.core.webui.keyword.builtin.VerifyTextPresentKeyword.verifyTextPresent(VerifyTextPresentKeyword.groovy:83)
	at com.kms.katalon.core.webui.keyword.builtin.VerifyTextPresentKeyword.execute(VerifyTextPresentKeyword.groovy:68)
	at com.kms.katalon.core.keyword.internal.KeywordExecutor.executeKeywordForPlatform(KeywordExecutor.groovy:74)
	at com.kms.katalon.core.webui.keyword.WebUiBuiltInKeywords.verifyTextPresent(WebUiBuiltInKeywords.groovy:1723)
	at com.kms.katalon.core.webui.keyword.WebUiBuiltInKeywords$verifyTextPresent$14.call(Unknown Source)
	at TC-KF-010.run(TC-KF-010:51)
	at com.kms.katalon.core.main.ScriptEngine.run(ScriptEngine.java:194)
	at com.kms.katalon.core.main.ScriptEngine.runScriptAsRawText(ScriptEngine.java:119)
	at com.kms.katalon.core.main.TestCaseExecutor.runScript(TestCaseExecutor.java:448)
	at com.kms.katalon.core.main.TestCaseExecutor.doExecute(TestCaseExecutor.java:439)
	at com.kms.katalon.core.main.TestCaseExecutor.processExecutionPhase(TestCaseExecutor.java:418)
	at com.kms.katalon.core.main.TestCaseExecutor.accessMainPhase(TestCaseExecutor.java:410)
	at com.kms.katalon.core.main.TestCaseExecutor.execute(TestCaseExecutor.java:285)
	at com.kms.katalon.core.common.CommonExecutor.accessTestCaseMainPhase(CommonExecutor.java:65)
	at com.kms.katalon.core.main.TestSuiteExecutor.accessTestSuiteMainPhase(TestSuiteExecutor.java:148)
	at com.kms.katalon.core.main.TestSuiteExecutor.execute(TestSuiteExecutor.java:106)
	at com.kms.katalon.core.main.TestCaseMain.startTestSuite(TestCaseMain.java:187)
	at com.kms.katalon.core.main.TestCaseMain$startTestSuite$0.call(Unknown Source)
	at TempTestSuite1695974576876.run(TempTestSuite1695974576876.groovy:36)
Caused by: com.kms.katalon.core.exception.StepFailedException: Text 'please input an valid field' is not present on page 
	at com.kms.katalon.core.webui.keyword.internal.WebUIKeywordMain.stepFailed(WebUIKeywordMain.groovy:64)
	at com.kms.katalon.core.webui.keyword.builtin.VerifyTextPresentKeyword$_verifyTextPresent_closure1.doCall(VerifyTextPresentKeyword.groovy:79)
	at com.kms.katalon.core.webui.keyword.builtin.VerifyTextPresentKeyword$_verifyTextPresent_closure1.call(VerifyTextPresentKeyword.groovy)
	at com.kms.katalon.core.webui.keyword.internal.WebUIKeywordMain.runKeyword(WebUIKeywordMain.groovy:20)
	... 19 more


2023-09-29 15:18:50 - [TEST_STEP][PASSED] - data = callTestCase(findTestCase("T08 - Konfirmasi Pesanan/TC-OS-001"), ["Roda":"2", "MetodePembayaran":"transfer"], STOP_ON_FAILURE): Call Test Case 'Test Cases/T08 - Konfirmasi Pesanan/TC-OS-001' successfully

2023-09-29 15:18:50 - [TEST_CASE][PASSED] - Test Cases/T08 - Konfirmasi Pesanan/TC-OS-001: Test Cases/T08 - Konfirmasi Pesanan/TC-OS-001

2023-09-29 15:18:50 - [TEST_STEP][PASSED] - callTestCase(findTestCase("T08 - Konfirmasi Pesanan/TC-LS-001"), [:], STOP_ON_FAILURE): Call Test Case 'Test Cases/T08 - Konfirmasi Pesanan/TC-LS-001' successfully

2023-09-29 15:18:50 - [TEST_CASE][PASSED] - Test Cases/T08 - Konfirmasi Pesanan/TC-LS-001: Test Cases/T08 - Konfirmasi Pesanan/TC-LS-001

2023-09-29 15:18:50 - [TEST_STEP][PASSED] - openBrowser(urlWeb): Browser is opened with url: 'https://10.9.2.63/ecommerce/'

2023-09-29 15:18:50 - [MESSAGE][WARNING] - A browser is already opened. Closing browser and opening a new one

2023-09-29 15:18:52 - [MESSAGE][INFO] - Starting 'Firefox' driver

2023-09-29 15:18:52 - [MESSAGE][INFO] - Action delay is set to 0 milliseconds

2023-09-29 15:18:56 - [MESSAGE][PASSED] - Browser is opened with url: 'https://10.9.2.63/ecommerce/'

2023-09-29 15:18:56 - [TEST_STEP][PASSED] - maximizeWindow(): Current window maximized

2023-09-29 15:18:56 - [MESSAGE][PASSED] - Current window maximized

2023-09-29 15:18:56 - [TEST_STEP][PASSED] - click(findTestObject("Login/a_Login")): Object: 'Object Repository/Login/a_Login' is clicked on

2023-09-29 15:18:57 - [MESSAGE][PASSED] - Object: 'Object Repository/Login/a_Login' is clicked on

2023-09-29 15:18:57 - [TEST_STEP][PASSED] - setText(findTestObject("Login/input_Username, Email atau No. Handphone_a"), "runa36"): Text 'runa36' is set on object 'Object Repository/Login/input_Username, Email atau No. Handphone_a'

2023-09-29 15:18:58 - [MESSAGE][PASSED] - Text 'runa36' is set on object 'Object Repository/Login/input_Username, Email atau No. Handphone_a'

2023-09-29 15:18:58 - [TEST_STEP][PASSED] - setEncryptedText(findTestObject("Login/input_Password di Login(Masuk)"), "qbkrdMwyWE4="): Text ****** has been set on object 'Object Repository/Login/input_Password di Login(Masuk)'

2023-09-29 15:18:58 - [MESSAGE][PASSED] - Text ****** has been set on object 'Object Repository/Login/input_Password di Login(Masuk)'

2023-09-29 15:18:58 - [TEST_STEP][PASSED] - click(findTestObject("Login/button_Masuk di halaman login")): Object: 'Object Repository/Login/button_Masuk di halaman login' is clicked on

2023-09-29 15:18:59 - [MESSAGE][PASSED] - Object: 'Object Repository/Login/button_Masuk di halaman login' is clicked on

2023-09-29 15:18:59 - [TEST_STEP][PASSED] - verifyElementPresent(findTestObject("Pendaftaran/verifikasi MASUK di halaman Login"), 0): Object 'Object Repository/Pendaftaran/verifikasi MASUK di halaman Login' is present

2023-09-29 15:18:59 - [MESSAGE][WARNING] - Timeout '0' is invalid. Using default page load timeout: '30'

2023-09-29 15:19:00 - [MESSAGE][PASSED] - Object 'Object Repository/Pendaftaran/verifikasi MASUK di halaman Login' is present

2023-09-29 15:19:00 - [MESSAGE][PASSED] - Call Test Case 'Test Cases/T08 - Konfirmasi Pesanan/TC-LS-001' successfully

2023-09-29 15:19:00 - [TEST_STEP][PASSED] - setText(findTestObject("chekout/input aku mau belanja"), "acer"): Text 'acer' is set on object 'Object Repository/chekout/input aku mau belanja'

2023-09-29 15:19:00 - [MESSAGE][PASSED] - Text 'acer' is set on object 'Object Repository/chekout/input aku mau belanja'

2023-09-29 15:19:00 - [TEST_STEP][PASSED] - click(findTestObject("chekout/button_Cari di halaman tajalapak")): Object: 'Object Repository/chekout/button_Cari di halaman tajalapak' is clicked on

2023-09-29 15:19:01 - [MESSAGE][PASSED] - Object: 'Object Repository/chekout/button_Cari di halaman tajalapak' is clicked on

2023-09-29 15:19:01 - [TEST_STEP][PASSED] - click(findTestObject("chekout/NEW read more acer")): Object: 'Object Repository/chekout/NEW read more acer' is clicked on

2023-09-29 15:19:03 - [MESSAGE][PASSED] - Object: 'Object Repository/chekout/NEW read more acer' is clicked on

2023-09-29 15:19:03 - [TEST_STEP][PASSED] - click(findTestObject("chekout/button_Beli Sekarang di detail produk")): Object: 'Object Repository/chekout/button_Beli Sekarang di detail produk' is clicked on

2023-09-29 15:19:04 - [MESSAGE][PASSED] - Object: 'Object Repository/chekout/button_Beli Sekarang di detail produk' is clicked on

2023-09-29 15:19:04 - [TEST_STEP][PASSED] - verifyElementPresent(findTestObject("chekout/halaman keranjang belanja"), 0): Object 'Object Repository/chekout/halaman keranjang belanja' is present

2023-09-29 15:19:04 - [MESSAGE][WARNING] - Timeout '0' is invalid. Using default page load timeout: '30'

2023-09-29 15:19:05 - [MESSAGE][PASSED] - Object 'Object Repository/chekout/halaman keranjang belanja' is present

2023-09-29 15:19:05 - [TEST_STEP][PASSED] - click(findTestObject("chekout/button_Lanjut ke Pembayaran")): Object: 'Object Repository/chekout/button_Lanjut ke Pembayaran' is clicked on

2023-09-29 15:19:06 - [MESSAGE][PASSED] - Object: 'Object Repository/chekout/button_Lanjut ke Pembayaran' is clicked on

2023-09-29 15:19:06 - [TEST_STEP][PASSED] - selectOptionByValue(findTestObject("Object Repository/chekout/select_- Kirim via Kurir Lokal -Roda 2Roda 4"), Roda, false): All options with value '2' are selected in object 'Object Repository/chekout/select_- Kirim via Kurir Lokal -Roda 2Roda 4' 

2023-09-29 15:19:07 - [MESSAGE][PASSED] - All options with value '2' are selected in object 'Object Repository/chekout/select_- Kirim via Kurir Lokal -Roda 2Roda 4' 

2023-09-29 15:19:07 - [TEST_STEP][PASSED] - click(findTestObject("chekout/jenis kendaraan")): Object: 'Object Repository/chekout/jenis kendaraan' is clicked on

2023-09-29 15:19:07 - [MESSAGE][PASSED] - Object: 'Object Repository/chekout/jenis kendaraan' is clicked on

2023-09-29 15:19:07 - [TEST_STEP][PASSED] - if (toString().equalsIgnoreCase("transfer")): Object 'Object Repository/chekout/input metode tf bank' is checked

2023-09-29 15:19:07 - [TEST_STEP][PASSED] - check(findTestObject("chekout/input metode tf bank")): Object 'Object Repository/chekout/input metode tf bank' is checked

2023-09-29 15:19:08 - [MESSAGE][PASSED] - Object 'Object Repository/chekout/input metode tf bank' is checked

2023-09-29 15:19:08 - [TEST_STEP][PASSED] - click(findTestObject("chekout/button_Proses Pembayaran")): Object: 'Object Repository/chekout/button_Proses Pembayaran' is clicked on

2023-09-29 15:19:13 - [MESSAGE][PASSED] - Object: 'Object Repository/chekout/button_Proses Pembayaran' is clicked on

2023-09-29 15:19:13 - [TEST_STEP][PASSED] - noPesanan = getText(findTestObject("Object Repository/chekout/nomor invoice dari halaman menunggu pembayaran")): Text of object 'Object Repository/chekout/nomor invoice dari halaman menunggu pembayaran' is: 'TRX91.20230929151908'

2023-09-29 15:19:14 - [MESSAGE][PASSED] - Text of object 'Object Repository/chekout/nomor invoice dari halaman menunggu pembayaran' is: 'TRX91.20230929151908'

2023-09-29 15:19:14 - [TEST_STEP][PASSED] - println(noPesanan): null

2023-09-29 15:19:14 - [TEST_STEP][PASSED] - pengirim = getText(findTestObject("Object Repository/chekout/dikirim kepada sama dengan pengirim di tf di konfirmaasi bayar")): Text of object 'Object Repository/chekout/dikirim kepada sama dengan pengirim di tf di konfirmaasi bayar' is: 'runarun'

2023-09-29 15:19:14 - [MESSAGE][PASSED] - Text of object 'Object Repository/chekout/dikirim kepada sama dengan pengirim di tf di konfirmaasi bayar' is: 'runarun'

2023-09-29 15:19:14 - [TEST_STEP][PASSED] - totalharga = getText(findTestObject("Object Repository/chekout/total harga bayar")): Text of object 'Object Repository/chekout/total harga bayar' is: '17,654'

2023-09-29 15:19:15 - [MESSAGE][PASSED] - Text of object 'Object Repository/chekout/total harga bayar' is: '17,654'

2023-09-29 15:19:15 - [TEST_STEP][PASSED] - ongkir = getText(findTestObject("co saldo akun/new ongkir tf")): Text of object 'Object Repository/co saldo akun/new ongkir tf' is: 'Rp 13,000'

2023-09-29 15:19:15 - [MESSAGE][PASSED] - Text of object 'Object Repository/co saldo akun/new ongkir tf' is: 'Rp 13,000'

2023-09-29 15:19:15 - [TEST_STEP][PASSED] - ongkirr = replace(",", "").trim(): null

2023-09-29 15:19:15 - [TEST_STEP][PASSED] - ongkir1 = Integer.parseInt(ongkirr): null

2023-09-29 15:19:15 - [TEST_STEP][PASSED] - println(ongkir1): null

2023-09-29 15:19:15 - [TEST_STEP][PASSED] - biayaAdmin = getText(findTestObject("co saldo akun/new fee admin tf")): Text of object 'Object Repository/co saldo akun/new fee admin tf' is: 'Rp 1,500'

2023-09-29 15:19:16 - [MESSAGE][PASSED] - Text of object 'Object Repository/co saldo akun/new fee admin tf' is: 'Rp 1,500'

2023-09-29 15:19:16 - [TEST_STEP][PASSED] - bAdmin = replace(",", "").trim(): null

2023-09-29 15:19:16 - [TEST_STEP][PASSED] - Integer.parseInt(bAdmin): null

2023-09-29 15:19:16 - [TEST_STEP][PASSED] - Admin = Double.parseDouble(bAdmin): null

2023-09-29 15:19:16 - [TEST_STEP][PASSED] - println(Admin): null

2023-09-29 15:19:16 - [TEST_STEP][PASSED] - subtotal = getText(findTestObject("co saldo akun/new subtotal tf")): Text of object 'Object Repository/co saldo akun/new subtotal tf' is: 'Rp 2,246'

2023-09-29 15:19:16 - [MESSAGE][PASSED] - Text of object 'Object Repository/co saldo akun/new subtotal tf' is: 'Rp 2,246'

2023-09-29 15:19:16 - [TEST_STEP][PASSED] - subtotall = replace(",", "").trim(): null

2023-09-29 15:19:16 - [TEST_STEP][PASSED] - Integer.parseInt(subtotall): null

2023-09-29 15:19:16 - [TEST_STEP][PASSED] - sub = Double.parseDouble(subtotall): null

2023-09-29 15:19:16 - [TEST_STEP][PASSED] - println(sub): null

2023-09-29 15:19:16 - [TEST_STEP][PASSED] - kode = getText(findTestObject("co saldo akun/new kode unik tf")): Text of object 'Object Repository/co saldo akun/new kode unik tf' is: '+908'

2023-09-29 15:19:17 - [MESSAGE][PASSED] - Text of object 'Object Repository/co saldo akun/new kode unik tf' is: '+908'

2023-09-29 15:19:17 - [TEST_STEP][PASSED] - kodee = replace("+", "").trim(): null

2023-09-29 15:19:17 - [TEST_STEP][PASSED] - Integer.parseInt(kodee): null

2023-09-29 15:19:17 - [TEST_STEP][PASSED] - code = Double.parseDouble(kodee): null

2023-09-29 15:19:17 - [TEST_STEP][PASSED] - tOng = ongkir1 + sub: null

2023-09-29 15:19:17 - [TEST_STEP][PASSED] - println(tOng): null

2023-09-29 15:19:17 - [TEST_STEP][PASSED] - totalBayar = tOng + Admin + code: null

2023-09-29 15:19:17 - [TEST_STEP][PASSED] - println(totalBayar): null

2023-09-29 15:19:17 - [TEST_STEP][PASSED] - totalBayar1 = totalBayar: null

2023-09-29 15:19:17 - [TEST_STEP][PASSED] - println(totalBayar1): null

2023-09-29 15:19:17 - [TEST_STEP][PASSED] - total = getText(findTestObject("co saldo akun/new total harga tf")): Text of object 'Object Repository/co saldo akun/new total harga tf' is: '17,654'

2023-09-29 15:19:17 - [MESSAGE][PASSED] - Text of object 'Object Repository/co saldo akun/new total harga tf' is: '17,654'

2023-09-29 15:19:17 - [TEST_STEP][PASSED] - total1 = replace(",", "").trim(): null

2023-09-29 15:19:17 - [TEST_STEP][PASSED] - total2 = Integer.parseInt(total1): null

2023-09-29 15:19:17 - [TEST_STEP][PASSED] - println(total2): null

2023-09-29 15:19:17 - [TEST_STEP][PASSED] - assert totalBayar1 == total2: null

2023-09-29 15:19:17 - [TEST_STEP][PASSED] - data = new java.util.HashMap(): null

2023-09-29 15:19:17 - [TEST_STEP][PASSED] - data.put("invoice", noPesanan): null

2023-09-29 15:19:17 - [TEST_STEP][PASSED] - data.put("namaPengirim", pengirim): null

2023-09-29 15:19:17 - [TEST_STEP][PASSED] - data.put("totalBayar", totalharga): null

2023-09-29 15:19:17 - [TEST_STEP][PASSED] - data.put("totalOngkir", tOng): null

2023-09-29 15:19:17 - [TEST_STEP][PASSED] - return data: null

2023-09-29 15:19:17 - [MESSAGE][PASSED] - Call Test Case 'Test Cases/T08 - Konfirmasi Pesanan/TC-OS-001' successfully

2023-09-29 15:19:17 - [TEST_STEP][PASSED] - noInvoice = data.get("invoice"): null

2023-09-29 15:19:17 - [TEST_STEP][PASSED] - nmPengirim = data.get("namaPengirim"): null

2023-09-29 15:19:17 - [TEST_STEP][PASSED] - ttlBayar = data.get("totalBayar"): null

2023-09-29 15:19:17 - [TEST_STEP][PASSED] - click(findTestObject("konfirmasi pesanan/a_Akun 0")): Object: 'Object Repository/konfirmasi pesanan/a_Akun 0' is clicked on

2023-09-29 15:19:18 - [MESSAGE][PASSED] - Object: 'Object Repository/konfirmasi pesanan/a_Akun 0' is clicked on

2023-09-29 15:19:18 - [TEST_STEP][PASSED] - click(findTestObject("konfirmasi pesanan/a_Profile")): Object: 'Object Repository/konfirmasi pesanan/a_Profile' is clicked on

2023-09-29 15:19:19 - [MESSAGE][PASSED] - Object: 'Object Repository/konfirmasi pesanan/a_Profile' is clicked on

2023-09-29 15:19:19 - [TEST_STEP][PASSED] - click(findTestObject("konfirmasi pesanan/a_Pembelian")): Object: 'Object Repository/konfirmasi pesanan/a_Pembelian' is clicked on

2023-09-29 15:19:20 - [MESSAGE][PASSED] - Object: 'Object Repository/konfirmasi pesanan/a_Pembelian' is clicked on

2023-09-29 15:19:20 - [TEST_STEP][PASSED] - click(findTestObject("konfirmasi pesanan/new konfirmasi bayar")): Object: 'Object Repository/konfirmasi pesanan/new konfirmasi bayar' is clicked on

2023-09-29 15:19:21 - [MESSAGE][PASSED] - Object: 'Object Repository/konfirmasi pesanan/new konfirmasi bayar' is clicked on

2023-09-29 15:19:21 - [TEST_STEP][PASSED] - clearText(findTestObject("konfirmasi pesanan/input_Total TagihanTransfer_b")): Text of object 'Object Repository/konfirmasi pesanan/input_Total TagihanTransfer_b' is cleared

2023-09-29 15:19:22 - [MESSAGE][PASSED] - Text of object 'Object Repository/konfirmasi pesanan/input_Total TagihanTransfer_b' is cleared

2023-09-29 15:19:22 - [TEST_STEP][PASSED] - setText(findTestObject("konfirmasi pesanan/input_Total TagihanTransfer_b"), tagihan): Text '@2o0e' is set on object 'Object Repository/konfirmasi pesanan/input_Total TagihanTransfer_b'

2023-09-29 15:19:22 - [MESSAGE][PASSED] - Text '@2o0e' is set on object 'Object Repository/konfirmasi pesanan/input_Total TagihanTransfer_b'

2023-09-29 15:19:22 - [TEST_STEP][PASSED] - selectOptionByValue(findTestObject("konfirmasi pesanan/select dropdown trasfer"), transfer, false): All options with value '1' are selected in object 'Object Repository/konfirmasi pesanan/select dropdown trasfer' 

2023-09-29 15:19:23 - [MESSAGE][PASSED] - All options with value '1' are selected in object 'Object Repository/konfirmasi pesanan/select dropdown trasfer' 

2023-09-29 15:19:23 - [TEST_STEP][PASSED] - clearText(findTestObject("konfirmasi pesanan/input_Nama Pengirim_d")): Text of object 'Object Repository/konfirmasi pesanan/input_Nama Pengirim_d' is cleared

2023-09-29 15:19:23 - [MESSAGE][PASSED] - Text of object 'Object Repository/konfirmasi pesanan/input_Nama Pengirim_d' is cleared

2023-09-29 15:19:23 - [TEST_STEP][PASSED] - setText(findTestObject("konfirmasi pesanan/input_Nama Pengirim_d"), nmPengirim): Text 'runarun' is set on object 'Object Repository/konfirmasi pesanan/input_Nama Pengirim_d'

2023-09-29 15:19:24 - [MESSAGE][PASSED] - Text 'runarun' is set on object 'Object Repository/konfirmasi pesanan/input_Nama Pengirim_d'

2023-09-29 15:19:24 - [TEST_STEP][PASSED] - uploadFile(findTestObject("konfirmasi pesanan/input_Upload Bukti Transfer_f"), "F:\bootcamp\Miniproject\transfer.jpg"): File 'F:\bootcamp\Miniproject\transfer.jpg' sent to object: 'Object Repository/konfirmasi pesanan/input_Upload Bukti Transfer_f'

2023-09-29 15:19:24 - [MESSAGE][PASSED] - File 'F:\bootcamp\Miniproject\transfer.jpg' sent to object: 'Object Repository/konfirmasi pesanan/input_Upload Bukti Transfer_f'

2023-09-29 15:19:24 - [TEST_STEP][PASSED] - click(findTestObject("konfirmasi pesanan/button_Konfirmasi Pembayaran")): Object: 'Object Repository/konfirmasi pesanan/button_Konfirmasi Pembayaran' is clicked on

2023-09-29 15:19:25 - [MESSAGE][PASSED] - Object: 'Object Repository/konfirmasi pesanan/button_Konfirmasi Pembayaran' is clicked on

2023-09-29 15:19:25 - [TEST_STEP][FAILED] - verifyTextPresent("please input an valid field", false): Unable to verify text 'please input an valid field' is present  (Root cause: com.kms.katalon.core.exception.StepFailedException: Unable to verify text 'please input an valid field' is present 
	at com.kms.katalon.core.webui.keyword.internal.WebUIKeywordMain.stepFailed(WebUIKeywordMain.groovy:64)
	at com.kms.katalon.core.webui.keyword.internal.WebUIKeywordMain.runKeyword(WebUIKeywordMain.groovy:26)
	at com.kms.katalon.core.webui.keyword.builtin.VerifyTextPresentKeyword.verifyTextPresent(VerifyTextPresentKeyword.groovy:83)
	at com.kms.katalon.core.webui.keyword.builtin.VerifyTextPresentKeyword.execute(VerifyTextPresentKeyword.groovy:68)
	at com.kms.katalon.core.keyword.internal.KeywordExecutor.executeKeywordForPlatform(KeywordExecutor.groovy:74)
	at com.kms.katalon.core.webui.keyword.WebUiBuiltInKeywords.verifyTextPresent(WebUiBuiltInKeywords.groovy:1723)
	at com.kms.katalon.core.webui.keyword.WebUiBuiltInKeywords$verifyTextPresent$14.call(Unknown Source)
	at TC-KF-010.run(TC-KF-010:51)
	at com.kms.katalon.core.main.ScriptEngine.run(ScriptEngine.java:194)
	at com.kms.katalon.core.main.ScriptEngine.runScriptAsRawText(ScriptEngine.java:119)
	at com.kms.katalon.core.main.TestCaseExecutor.runScript(TestCaseExecutor.java:448)
	at com.kms.katalon.core.main.TestCaseExecutor.doExecute(TestCaseExecutor.java:439)
	at com.kms.katalon.core.main.TestCaseExecutor.processExecutionPhase(TestCaseExecutor.java:418)
	at com.kms.katalon.core.main.TestCaseExecutor.accessMainPhase(TestCaseExecutor.java:410)
	at com.kms.katalon.core.main.TestCaseExecutor.execute(TestCaseExecutor.java:285)
	at com.kms.katalon.core.common.CommonExecutor.accessTestCaseMainPhase(CommonExecutor.java:65)
	at com.kms.katalon.core.main.TestSuiteExecutor.accessTestSuiteMainPhase(TestSuiteExecutor.java:148)
	at com.kms.katalon.core.main.TestSuiteExecutor.execute(TestSuiteExecutor.java:106)
	at com.kms.katalon.core.main.TestCaseMain.startTestSuite(TestCaseMain.java:187)
	at com.kms.katalon.core.main.TestCaseMain$startTestSuite$0.call(Unknown Source)
	at TempTestSuite1695974576876.run(TempTestSuite1695974576876.groovy:36)
Caused by: com.kms.katalon.core.exception.StepFailedException: Text 'please input an valid field' is not present on page 
	at com.kms.katalon.core.webui.keyword.internal.WebUIKeywordMain.stepFailed(WebUIKeywordMain.groovy:64)
	at com.kms.katalon.core.webui.keyword.builtin.VerifyTextPresentKeyword$_verifyTextPresent_closure1.doCall(VerifyTextPresentKeyword.groovy:79)
	at com.kms.katalon.core.webui.keyword.builtin.VerifyTextPresentKeyword$_verifyTextPresent_closure1.call(VerifyTextPresentKeyword.groovy)
	at com.kms.katalon.core.webui.keyword.internal.WebUIKeywordMain.runKeyword(WebUIKeywordMain.groovy:20)
	... 19 more
)

2023-09-29 15:19:26 - [MESSAGE][FAILED] - Text 'please input an valid field' is not present on page  (Root cause: com.kms.katalon.core.exception.StepFailedException: Text 'please input an valid field' is not present on page 
	at com.kms.katalon.core.webui.keyword.internal.WebUIKeywordMain.stepFailed(WebUIKeywordMain.groovy:64)
	at com.kms.katalon.core.webui.keyword.builtin.VerifyTextPresentKeyword$_verifyTextPresent_closure1.doCall(VerifyTextPresentKeyword.groovy:79)
	at com.kms.katalon.core.webui.keyword.builtin.VerifyTextPresentKeyword$_verifyTextPresent_closure1.call(VerifyTextPresentKeyword.groovy)
	at com.kms.katalon.core.webui.keyword.internal.WebUIKeywordMain.runKeyword(WebUIKeywordMain.groovy:20)
	at com.kms.katalon.core.webui.keyword.builtin.VerifyTextPresentKeyword.verifyTextPresent(VerifyTextPresentKeyword.groovy:83)
	at com.kms.katalon.core.webui.keyword.builtin.VerifyTextPresentKeyword.execute(VerifyTextPresentKeyword.groovy:68)
	at com.kms.katalon.core.keyword.internal.KeywordExecutor.executeKeywordForPlatform(KeywordExecutor.groovy:74)
	at com.kms.katalon.core.webui.keyword.WebUiBuiltInKeywords.verifyTextPresent(WebUiBuiltInKeywords.groovy:1723)
	at com.kms.katalon.core.webui.keyword.WebUiBuiltInKeywords$verifyTextPresent$14.call(Unknown Source)
	at TC-KF-010.run(TC-KF-010:51)
	at com.kms.katalon.core.main.ScriptEngine.run(ScriptEngine.java:194)
	at com.kms.katalon.core.main.ScriptEngine.runScriptAsRawText(ScriptEngine.java:119)
	at com.kms.katalon.core.main.TestCaseExecutor.runScript(TestCaseExecutor.java:448)
	at com.kms.katalon.core.main.TestCaseExecutor.doExecute(TestCaseExecutor.java:439)
	at com.kms.katalon.core.main.TestCaseExecutor.processExecutionPhase(TestCaseExecutor.java:418)
	at com.kms.katalon.core.main.TestCaseExecutor.accessMainPhase(TestCaseExecutor.java:410)
	at com.kms.katalon.core.main.TestCaseExecutor.execute(TestCaseExecutor.java:285)
	at com.kms.katalon.core.common.CommonExecutor.accessTestCaseMainPhase(CommonExecutor.java:65)
	at com.kms.katalon.core.main.TestSuiteExecutor.accessTestSuiteMainPhase(TestSuiteExecutor.java:148)
	at com.kms.katalon.core.main.TestSuiteExecutor.execute(TestSuiteExecutor.java:106)
	at com.kms.katalon.core.main.TestCaseMain.startTestSuite(TestCaseMain.java:187)
	at com.kms.katalon.core.main.TestCaseMain$startTestSuite$0.call(Unknown Source)
	at TempTestSuite1695974576876.run(TempTestSuite1695974576876.groovy:36)
)

2023-09-29 15:19:26 - [MESSAGE][FAILED] - Unable to verify text 'please input an valid field' is present  (Root cause: com.kms.katalon.core.exception.StepFailedException: Unable to verify text 'please input an valid field' is present 
	at com.kms.katalon.core.webui.keyword.internal.WebUIKeywordMain.stepFailed(WebUIKeywordMain.groovy:64)
	at com.kms.katalon.core.webui.keyword.internal.WebUIKeywordMain.runKeyword(WebUIKeywordMain.groovy:26)
	at com.kms.katalon.core.webui.keyword.builtin.VerifyTextPresentKeyword.verifyTextPresent(VerifyTextPresentKeyword.groovy:83)
	at com.kms.katalon.core.webui.keyword.builtin.VerifyTextPresentKeyword.execute(VerifyTextPresentKeyword.groovy:68)
	at com.kms.katalon.core.keyword.internal.KeywordExecutor.executeKeywordForPlatform(KeywordExecutor.groovy:74)
	at com.kms.katalon.core.webui.keyword.WebUiBuiltInKeywords.verifyTextPresent(WebUiBuiltInKeywords.groovy:1723)
	at com.kms.katalon.core.webui.keyword.WebUiBuiltInKeywords$verifyTextPresent$14.call(Unknown Source)
	at TC-KF-010.run(TC-KF-010:51)
	at com.kms.katalon.core.main.ScriptEngine.run(ScriptEngine.java:194)
	at com.kms.katalon.core.main.ScriptEngine.runScriptAsRawText(ScriptEngine.java:119)
	at com.kms.katalon.core.main.TestCaseExecutor.runScript(TestCaseExecutor.java:448)
	at com.kms.katalon.core.main.TestCaseExecutor.doExecute(TestCaseExecutor.java:439)
	at com.kms.katalon.core.main.TestCaseExecutor.processExecutionPhase(TestCaseExecutor.java:418)
	at com.kms.katalon.core.main.TestCaseExecutor.accessMainPhase(TestCaseExecutor.java:410)
	at com.kms.katalon.core.main.TestCaseExecutor.execute(TestCaseExecutor.java:285)
	at com.kms.katalon.core.common.CommonExecutor.accessTestCaseMainPhase(CommonExecutor.java:65)
	at com.kms.katalon.core.main.TestSuiteExecutor.accessTestSuiteMainPhase(TestSuiteExecutor.java:148)
	at com.kms.katalon.core.main.TestSuiteExecutor.execute(TestSuiteExecutor.java:106)
	at com.kms.katalon.core.main.TestCaseMain.startTestSuite(TestCaseMain.java:187)
	at com.kms.katalon.core.main.TestCaseMain$startTestSuite$0.call(Unknown Source)
	at TempTestSuite1695974576876.run(TempTestSuite1695974576876.groovy:36)
Caused by: com.kms.katalon.core.exception.StepFailedException: Text 'please input an valid field' is not present on page 
	at com.kms.katalon.core.webui.keyword.internal.WebUIKeywordMain.stepFailed(WebUIKeywordMain.groovy:64)
	at com.kms.katalon.core.webui.keyword.builtin.VerifyTextPresentKeyword$_verifyTextPresent_closure1.doCall(VerifyTextPresentKeyword.groovy:79)
	at com.kms.katalon.core.webui.keyword.builtin.VerifyTextPresentKeyword$_verifyTextPresent_closure1.call(VerifyTextPresentKeyword.groovy)
	at com.kms.katalon.core.webui.keyword.internal.WebUIKeywordMain.runKeyword(WebUIKeywordMain.groovy:20)
	... 19 more
)
[[ATTACHMENT|F:\\bootcamp\\Miniproject\\Tajalapak\\Reports\\20230929_150256\\T08 - Konfirmasi Pesanan\\20230929_150256\\1695975566563.png]]]]></system-out>
         <system-err><![CDATA[2023-09-29 15:18:50 - [TEST_CASE][FAILED] - Test Cases/T08 - Konfirmasi Pesanan/TC-KF-010: Test Cases/T08 - Konfirmasi Pesanan/TC-KF-010 FAILED.
Reason:
com.kms.katalon.core.exception.StepFailedException: Unable to verify text 'please input an valid field' is present 
	at com.kms.katalon.core.webui.keyword.internal.WebUIKeywordMain.stepFailed(WebUIKeywordMain.groovy:64)
	at com.kms.katalon.core.webui.keyword.internal.WebUIKeywordMain.runKeyword(WebUIKeywordMain.groovy:26)
	at com.kms.katalon.core.webui.keyword.builtin.VerifyTextPresentKeyword.verifyTextPresent(VerifyTextPresentKeyword.groovy:83)
	at com.kms.katalon.core.webui.keyword.builtin.VerifyTextPresentKeyword.execute(VerifyTextPresentKeyword.groovy:68)
	at com.kms.katalon.core.keyword.internal.KeywordExecutor.executeKeywordForPlatform(KeywordExecutor.groovy:74)
	at com.kms.katalon.core.webui.keyword.WebUiBuiltInKeywords.verifyTextPresent(WebUiBuiltInKeywords.groovy:1723)
	at com.kms.katalon.core.webui.keyword.WebUiBuiltInKeywords$verifyTextPresent$14.call(Unknown Source)
	at TC-KF-010.run(TC-KF-010:51)
	at com.kms.katalon.core.main.ScriptEngine.run(ScriptEngine.java:194)
	at com.kms.katalon.core.main.ScriptEngine.runScriptAsRawText(ScriptEngine.java:119)
	at com.kms.katalon.core.main.TestCaseExecutor.runScript(TestCaseExecutor.java:448)
	at com.kms.katalon.core.main.TestCaseExecutor.doExecute(TestCaseExecutor.java:439)
	at com.kms.katalon.core.main.TestCaseExecutor.processExecutionPhase(TestCaseExecutor.java:418)
	at com.kms.katalon.core.main.TestCaseExecutor.accessMainPhase(TestCaseExecutor.java:410)
	at com.kms.katalon.core.main.TestCaseExecutor.execute(TestCaseExecutor.java:285)
	at com.kms.katalon.core.common.CommonExecutor.accessTestCaseMainPhase(CommonExecutor.java:65)
	at com.kms.katalon.core.main.TestSuiteExecutor.accessTestSuiteMainPhase(TestSuiteExecutor.java:148)
	at com.kms.katalon.core.main.TestSuiteExecutor.execute(TestSuiteExecutor.java:106)
	at com.kms.katalon.core.main.TestCaseMain.startTestSuite(TestCaseMain.java:187)
	at com.kms.katalon.core.main.TestCaseMain$startTestSuite$0.call(Unknown Source)
	at TempTestSuite1695974576876.run(TempTestSuite1695974576876.groovy:36)
Caused by: com.kms.katalon.core.exception.StepFailedException: Text 'please input an valid field' is not present on page 
	at com.kms.katalon.core.webui.keyword.internal.WebUIKeywordMain.stepFailed(WebUIKeywordMain.groovy:64)
	at com.kms.katalon.core.webui.keyword.builtin.VerifyTextPresentKeyword$_verifyTextPresent_closure1.doCall(VerifyTextPresentKeyword.groovy:79)
	at com.kms.katalon.core.webui.keyword.builtin.VerifyTextPresentKeyword$_verifyTextPresent_closure1.call(VerifyTextPresentKeyword.groovy)
	at com.kms.katalon.core.webui.keyword.internal.WebUIKeywordMain.runKeyword(WebUIKeywordMain.groovy:20)
	... 19 more]]></system-err>
      </testcase>
      <testcase name="Test Cases/T08 - Konfirmasi Pesanan/TC-KF-011" time="35.634" classname="Test Cases/T08 - Konfirmasi Pesanan/TC-KF-011" status="FAILED">
         <failure type="FAILED" message="Test Cases/T08 - Konfirmasi Pesanan/TC-KF-011 FAILED.
Reason:
com.kms.katalon.core.exception.StepFailedException: Unable to verify text 'please input an valid field' is present 
	at com.kms.katalon.core.webui.keyword.internal.WebUIKeywordMain.stepFailed(WebUIKeywordMain.groovy:64)
	at com.kms.katalon.core.webui.keyword.internal.WebUIKeywordMain.runKeyword(WebUIKeywordMain.groovy:26)
	at com.kms.katalon.core.webui.keyword.builtin.VerifyTextPresentKeyword.verifyTextPresent(VerifyTextPresentKeyword.groovy:83)
	at com.kms.katalon.core.webui.keyword.builtin.VerifyTextPresentKeyword.execute(VerifyTextPresentKeyword.groovy:68)
	at com.kms.katalon.core.keyword.internal.KeywordExecutor.executeKeywordForPlatform(KeywordExecutor.groovy:74)
	at com.kms.katalon.core.webui.keyword.WebUiBuiltInKeywords.verifyTextPresent(WebUiBuiltInKeywords.groovy:1723)
	at com.kms.katalon.core.webui.keyword.WebUiBuiltInKeywords$verifyTextPresent$14.call(Unknown Source)
	at TC-KF-011.run(TC-KF-011:51)
	at com.kms.katalon.core.main.ScriptEngine.run(ScriptEngine.java:194)
	at com.kms.katalon.core.main.ScriptEngine.runScriptAsRawText(ScriptEngine.java:119)
	at com.kms.katalon.core.main.TestCaseExecutor.runScript(TestCaseExecutor.java:448)
	at com.kms.katalon.core.main.TestCaseExecutor.doExecute(TestCaseExecutor.java:439)
	at com.kms.katalon.core.main.TestCaseExecutor.processExecutionPhase(TestCaseExecutor.java:418)
	at com.kms.katalon.core.main.TestCaseExecutor.accessMainPhase(TestCaseExecutor.java:410)
	at com.kms.katalon.core.main.TestCaseExecutor.execute(TestCaseExecutor.java:285)
	at com.kms.katalon.core.common.CommonExecutor.accessTestCaseMainPhase(CommonExecutor.java:65)
	at com.kms.katalon.core.main.TestSuiteExecutor.accessTestSuiteMainPhase(TestSuiteExecutor.java:148)
	at com.kms.katalon.core.main.TestSuiteExecutor.execute(TestSuiteExecutor.java:106)
	at com.kms.katalon.core.main.TestCaseMain.startTestSuite(TestCaseMain.java:187)
	at com.kms.katalon.core.main.TestCaseMain$startTestSuite$0.call(Unknown Source)
	at TempTestSuite1695974576876.run(TempTestSuite1695974576876.groovy:36)
Caused by: com.kms.katalon.core.exception.StepFailedException: Text 'please input an valid field' is not present on page 
	at com.kms.katalon.core.webui.keyword.internal.WebUIKeywordMain.stepFailed(WebUIKeywordMain.groovy:64)
	at com.kms.katalon.core.webui.keyword.builtin.VerifyTextPresentKeyword$_verifyTextPresent_closure1.doCall(VerifyTextPresentKeyword.groovy:79)
	at com.kms.katalon.core.webui.keyword.builtin.VerifyTextPresentKeyword$_verifyTextPresent_closure1.call(VerifyTextPresentKeyword.groovy)
	at com.kms.katalon.core.webui.keyword.internal.WebUIKeywordMain.runKeyword(WebUIKeywordMain.groovy:20)
	... 19 more
"/>
         <system-out><![CDATA[2023-09-29 15:19:26 - [TEST_CASE][FAILED] - Test Cases/T08 - Konfirmasi Pesanan/TC-KF-011: Test Cases/T08 - Konfirmasi Pesanan/TC-KF-011 FAILED.
Reason:
com.kms.katalon.core.exception.StepFailedException: Unable to verify text 'please input an valid field' is present 
	at com.kms.katalon.core.webui.keyword.internal.WebUIKeywordMain.stepFailed(WebUIKeywordMain.groovy:64)
	at com.kms.katalon.core.webui.keyword.internal.WebUIKeywordMain.runKeyword(WebUIKeywordMain.groovy:26)
	at com.kms.katalon.core.webui.keyword.builtin.VerifyTextPresentKeyword.verifyTextPresent(VerifyTextPresentKeyword.groovy:83)
	at com.kms.katalon.core.webui.keyword.builtin.VerifyTextPresentKeyword.execute(VerifyTextPresentKeyword.groovy:68)
	at com.kms.katalon.core.keyword.internal.KeywordExecutor.executeKeywordForPlatform(KeywordExecutor.groovy:74)
	at com.kms.katalon.core.webui.keyword.WebUiBuiltInKeywords.verifyTextPresent(WebUiBuiltInKeywords.groovy:1723)
	at com.kms.katalon.core.webui.keyword.WebUiBuiltInKeywords$verifyTextPresent$14.call(Unknown Source)
	at TC-KF-011.run(TC-KF-011:51)
	at com.kms.katalon.core.main.ScriptEngine.run(ScriptEngine.java:194)
	at com.kms.katalon.core.main.ScriptEngine.runScriptAsRawText(ScriptEngine.java:119)
	at com.kms.katalon.core.main.TestCaseExecutor.runScript(TestCaseExecutor.java:448)
	at com.kms.katalon.core.main.TestCaseExecutor.doExecute(TestCaseExecutor.java:439)
	at com.kms.katalon.core.main.TestCaseExecutor.processExecutionPhase(TestCaseExecutor.java:418)
	at com.kms.katalon.core.main.TestCaseExecutor.accessMainPhase(TestCaseExecutor.java:410)
	at com.kms.katalon.core.main.TestCaseExecutor.execute(TestCaseExecutor.java:285)
	at com.kms.katalon.core.common.CommonExecutor.accessTestCaseMainPhase(CommonExecutor.java:65)
	at com.kms.katalon.core.main.TestSuiteExecutor.accessTestSuiteMainPhase(TestSuiteExecutor.java:148)
	at com.kms.katalon.core.main.TestSuiteExecutor.execute(TestSuiteExecutor.java:106)
	at com.kms.katalon.core.main.TestCaseMain.startTestSuite(TestCaseMain.java:187)
	at com.kms.katalon.core.main.TestCaseMain$startTestSuite$0.call(Unknown Source)
	at TempTestSuite1695974576876.run(TempTestSuite1695974576876.groovy:36)
Caused by: com.kms.katalon.core.exception.StepFailedException: Text 'please input an valid field' is not present on page 
	at com.kms.katalon.core.webui.keyword.internal.WebUIKeywordMain.stepFailed(WebUIKeywordMain.groovy:64)
	at com.kms.katalon.core.webui.keyword.builtin.VerifyTextPresentKeyword$_verifyTextPresent_closure1.doCall(VerifyTextPresentKeyword.groovy:79)
	at com.kms.katalon.core.webui.keyword.builtin.VerifyTextPresentKeyword$_verifyTextPresent_closure1.call(VerifyTextPresentKeyword.groovy)
	at com.kms.katalon.core.webui.keyword.internal.WebUIKeywordMain.runKeyword(WebUIKeywordMain.groovy:20)
	... 19 more


2023-09-29 15:19:27 - [TEST_STEP][PASSED] - data = callTestCase(findTestCase("T08 - Konfirmasi Pesanan/TC-OS-001"), ["Roda":"2", "MetodePembayaran":"transfer"], STOP_ON_FAILURE): Call Test Case 'Test Cases/T08 - Konfirmasi Pesanan/TC-OS-001' successfully

2023-09-29 15:19:27 - [TEST_CASE][PASSED] - Test Cases/T08 - Konfirmasi Pesanan/TC-OS-001: Test Cases/T08 - Konfirmasi Pesanan/TC-OS-001

2023-09-29 15:19:27 - [TEST_STEP][PASSED] - callTestCase(findTestCase("T08 - Konfirmasi Pesanan/TC-LS-001"), [:], STOP_ON_FAILURE): Call Test Case 'Test Cases/T08 - Konfirmasi Pesanan/TC-LS-001' successfully

2023-09-29 15:19:27 - [TEST_CASE][PASSED] - Test Cases/T08 - Konfirmasi Pesanan/TC-LS-001: Test Cases/T08 - Konfirmasi Pesanan/TC-LS-001

2023-09-29 15:19:27 - [TEST_STEP][PASSED] - openBrowser(urlWeb): Browser is opened with url: 'https://10.9.2.63/ecommerce/'

2023-09-29 15:19:27 - [MESSAGE][WARNING] - A browser is already opened. Closing browser and opening a new one

2023-09-29 15:19:28 - [MESSAGE][INFO] - Starting 'Firefox' driver

2023-09-29 15:19:28 - [MESSAGE][INFO] - Action delay is set to 0 milliseconds

2023-09-29 15:19:33 - [MESSAGE][PASSED] - Browser is opened with url: 'https://10.9.2.63/ecommerce/'

2023-09-29 15:19:33 - [TEST_STEP][PASSED] - maximizeWindow(): Current window maximized

2023-09-29 15:19:33 - [MESSAGE][PASSED] - Current window maximized

2023-09-29 15:19:33 - [TEST_STEP][PASSED] - click(findTestObject("Login/a_Login")): Object: 'Object Repository/Login/a_Login' is clicked on

2023-09-29 15:19:34 - [MESSAGE][PASSED] - Object: 'Object Repository/Login/a_Login' is clicked on

2023-09-29 15:19:34 - [TEST_STEP][PASSED] - setText(findTestObject("Login/input_Username, Email atau No. Handphone_a"), "runa36"): Text 'runa36' is set on object 'Object Repository/Login/input_Username, Email atau No. Handphone_a'

2023-09-29 15:19:35 - [MESSAGE][PASSED] - Text 'runa36' is set on object 'Object Repository/Login/input_Username, Email atau No. Handphone_a'

2023-09-29 15:19:35 - [TEST_STEP][PASSED] - setEncryptedText(findTestObject("Login/input_Password di Login(Masuk)"), "qbkrdMwyWE4="): Text ****** has been set on object 'Object Repository/Login/input_Password di Login(Masuk)'

2023-09-29 15:19:35 - [MESSAGE][PASSED] - Text ****** has been set on object 'Object Repository/Login/input_Password di Login(Masuk)'

2023-09-29 15:19:35 - [TEST_STEP][PASSED] - click(findTestObject("Login/button_Masuk di halaman login")): Object: 'Object Repository/Login/button_Masuk di halaman login' is clicked on

2023-09-29 15:19:36 - [MESSAGE][PASSED] - Object: 'Object Repository/Login/button_Masuk di halaman login' is clicked on

2023-09-29 15:19:36 - [TEST_STEP][PASSED] - verifyElementPresent(findTestObject("Pendaftaran/verifikasi MASUK di halaman Login"), 0): Object 'Object Repository/Pendaftaran/verifikasi MASUK di halaman Login' is present

2023-09-29 15:19:36 - [MESSAGE][WARNING] - Timeout '0' is invalid. Using default page load timeout: '30'

2023-09-29 15:19:37 - [MESSAGE][PASSED] - Object 'Object Repository/Pendaftaran/verifikasi MASUK di halaman Login' is present

2023-09-29 15:19:37 - [MESSAGE][PASSED] - Call Test Case 'Test Cases/T08 - Konfirmasi Pesanan/TC-LS-001' successfully

2023-09-29 15:19:37 - [TEST_STEP][PASSED] - setText(findTestObject("chekout/input aku mau belanja"), "acer"): Text 'acer' is set on object 'Object Repository/chekout/input aku mau belanja'

2023-09-29 15:19:37 - [MESSAGE][PASSED] - Text 'acer' is set on object 'Object Repository/chekout/input aku mau belanja'

2023-09-29 15:19:37 - [TEST_STEP][PASSED] - click(findTestObject("chekout/button_Cari di halaman tajalapak")): Object: 'Object Repository/chekout/button_Cari di halaman tajalapak' is clicked on

2023-09-29 15:19:38 - [MESSAGE][PASSED] - Object: 'Object Repository/chekout/button_Cari di halaman tajalapak' is clicked on

2023-09-29 15:19:38 - [TEST_STEP][PASSED] - click(findTestObject("chekout/NEW read more acer")): Object: 'Object Repository/chekout/NEW read more acer' is clicked on

2023-09-29 15:19:39 - [MESSAGE][PASSED] - Object: 'Object Repository/chekout/NEW read more acer' is clicked on

2023-09-29 15:19:39 - [TEST_STEP][PASSED] - click(findTestObject("chekout/button_Beli Sekarang di detail produk")): Object: 'Object Repository/chekout/button_Beli Sekarang di detail produk' is clicked on

2023-09-29 15:19:40 - [MESSAGE][PASSED] - Object: 'Object Repository/chekout/button_Beli Sekarang di detail produk' is clicked on

2023-09-29 15:19:40 - [TEST_STEP][PASSED] - verifyElementPresent(findTestObject("chekout/halaman keranjang belanja"), 0): Object 'Object Repository/chekout/halaman keranjang belanja' is present

2023-09-29 15:19:40 - [MESSAGE][WARNING] - Timeout '0' is invalid. Using default page load timeout: '30'

2023-09-29 15:19:41 - [MESSAGE][PASSED] - Object 'Object Repository/chekout/halaman keranjang belanja' is present

2023-09-29 15:19:41 - [TEST_STEP][PASSED] - click(findTestObject("chekout/button_Lanjut ke Pembayaran")): Object: 'Object Repository/chekout/button_Lanjut ke Pembayaran' is clicked on

2023-09-29 15:19:42 - [MESSAGE][PASSED] - Object: 'Object Repository/chekout/button_Lanjut ke Pembayaran' is clicked on

2023-09-29 15:19:42 - [TEST_STEP][PASSED] - selectOptionByValue(findTestObject("Object Repository/chekout/select_- Kirim via Kurir Lokal -Roda 2Roda 4"), Roda, false): All options with value '2' are selected in object 'Object Repository/chekout/select_- Kirim via Kurir Lokal -Roda 2Roda 4' 

2023-09-29 15:19:43 - [MESSAGE][PASSED] - All options with value '2' are selected in object 'Object Repository/chekout/select_- Kirim via Kurir Lokal -Roda 2Roda 4' 

2023-09-29 15:19:43 - [TEST_STEP][PASSED] - click(findTestObject("chekout/jenis kendaraan")): Object: 'Object Repository/chekout/jenis kendaraan' is clicked on

2023-09-29 15:19:44 - [MESSAGE][PASSED] - Object: 'Object Repository/chekout/jenis kendaraan' is clicked on

2023-09-29 15:19:44 - [TEST_STEP][PASSED] - if (toString().equalsIgnoreCase("transfer")): Object 'Object Repository/chekout/input metode tf bank' is checked

2023-09-29 15:19:44 - [TEST_STEP][PASSED] - check(findTestObject("chekout/input metode tf bank")): Object 'Object Repository/chekout/input metode tf bank' is checked

2023-09-29 15:19:44 - [MESSAGE][PASSED] - Object 'Object Repository/chekout/input metode tf bank' is checked

2023-09-29 15:19:44 - [TEST_STEP][PASSED] - click(findTestObject("chekout/button_Proses Pembayaran")): Object: 'Object Repository/chekout/button_Proses Pembayaran' is clicked on

2023-09-29 15:19:49 - [MESSAGE][PASSED] - Object: 'Object Repository/chekout/button_Proses Pembayaran' is clicked on

2023-09-29 15:19:49 - [TEST_STEP][PASSED] - noPesanan = getText(findTestObject("Object Repository/chekout/nomor invoice dari halaman menunggu pembayaran")): Text of object 'Object Repository/chekout/nomor invoice dari halaman menunggu pembayaran' is: 'TRX91.20230929151945'

2023-09-29 15:19:50 - [MESSAGE][PASSED] - Text of object 'Object Repository/chekout/nomor invoice dari halaman menunggu pembayaran' is: 'TRX91.20230929151945'

2023-09-29 15:19:50 - [TEST_STEP][PASSED] - println(noPesanan): null

2023-09-29 15:19:50 - [TEST_STEP][PASSED] - pengirim = getText(findTestObject("Object Repository/chekout/dikirim kepada sama dengan pengirim di tf di konfirmaasi bayar")): Text of object 'Object Repository/chekout/dikirim kepada sama dengan pengirim di tf di konfirmaasi bayar' is: 'runarun'

2023-09-29 15:19:50 - [MESSAGE][PASSED] - Text of object 'Object Repository/chekout/dikirim kepada sama dengan pengirim di tf di konfirmaasi bayar' is: 'runarun'

2023-09-29 15:19:50 - [TEST_STEP][PASSED] - totalharga = getText(findTestObject("Object Repository/chekout/total harga bayar")): Text of object 'Object Repository/chekout/total harga bayar' is: '17,691'

2023-09-29 15:19:51 - [MESSAGE][PASSED] - Text of object 'Object Repository/chekout/total harga bayar' is: '17,691'

2023-09-29 15:19:51 - [TEST_STEP][PASSED] - ongkir = getText(findTestObject("co saldo akun/new ongkir tf")): Text of object 'Object Repository/co saldo akun/new ongkir tf' is: 'Rp 13,000'

2023-09-29 15:19:51 - [MESSAGE][PASSED] - Text of object 'Object Repository/co saldo akun/new ongkir tf' is: 'Rp 13,000'

2023-09-29 15:19:51 - [TEST_STEP][PASSED] - ongkirr = replace(",", "").trim(): null

2023-09-29 15:19:51 - [TEST_STEP][PASSED] - ongkir1 = Integer.parseInt(ongkirr): null

2023-09-29 15:19:51 - [TEST_STEP][PASSED] - println(ongkir1): null

2023-09-29 15:19:51 - [TEST_STEP][PASSED] - biayaAdmin = getText(findTestObject("co saldo akun/new fee admin tf")): Text of object 'Object Repository/co saldo akun/new fee admin tf' is: 'Rp 1,500'

2023-09-29 15:19:52 - [MESSAGE][PASSED] - Text of object 'Object Repository/co saldo akun/new fee admin tf' is: 'Rp 1,500'

2023-09-29 15:19:52 - [TEST_STEP][PASSED] - bAdmin = replace(",", "").trim(): null

2023-09-29 15:19:52 - [TEST_STEP][PASSED] - Integer.parseInt(bAdmin): null

2023-09-29 15:19:52 - [TEST_STEP][PASSED] - Admin = Double.parseDouble(bAdmin): null

2023-09-29 15:19:52 - [TEST_STEP][PASSED] - println(Admin): null

2023-09-29 15:19:52 - [TEST_STEP][PASSED] - subtotal = getText(findTestObject("co saldo akun/new subtotal tf")): Text of object 'Object Repository/co saldo akun/new subtotal tf' is: 'Rp 2,246'

2023-09-29 15:19:53 - [MESSAGE][PASSED] - Text of object 'Object Repository/co saldo akun/new subtotal tf' is: 'Rp 2,246'

2023-09-29 15:19:53 - [TEST_STEP][PASSED] - subtotall = replace(",", "").trim(): null

2023-09-29 15:19:53 - [TEST_STEP][PASSED] - Integer.parseInt(subtotall): null

2023-09-29 15:19:53 - [TEST_STEP][PASSED] - sub = Double.parseDouble(subtotall): null

2023-09-29 15:19:53 - [TEST_STEP][PASSED] - println(sub): null

2023-09-29 15:19:53 - [TEST_STEP][PASSED] - kode = getText(findTestObject("co saldo akun/new kode unik tf")): Text of object 'Object Repository/co saldo akun/new kode unik tf' is: '+945'

2023-09-29 15:19:53 - [MESSAGE][PASSED] - Text of object 'Object Repository/co saldo akun/new kode unik tf' is: '+945'

2023-09-29 15:19:53 - [TEST_STEP][PASSED] - kodee = replace("+", "").trim(): null

2023-09-29 15:19:53 - [TEST_STEP][PASSED] - Integer.parseInt(kodee): null

2023-09-29 15:19:53 - [TEST_STEP][PASSED] - code = Double.parseDouble(kodee): null

2023-09-29 15:19:53 - [TEST_STEP][PASSED] - tOng = ongkir1 + sub: null

2023-09-29 15:19:53 - [TEST_STEP][PASSED] - println(tOng): null

2023-09-29 15:19:53 - [TEST_STEP][PASSED] - totalBayar = tOng + Admin + code: null

2023-09-29 15:19:53 - [TEST_STEP][PASSED] - println(totalBayar): null

2023-09-29 15:19:53 - [TEST_STEP][PASSED] - totalBayar1 = totalBayar: null

2023-09-29 15:19:53 - [TEST_STEP][PASSED] - println(totalBayar1): null

2023-09-29 15:19:53 - [TEST_STEP][PASSED] - total = getText(findTestObject("co saldo akun/new total harga tf")): Text of object 'Object Repository/co saldo akun/new total harga tf' is: '17,691'

2023-09-29 15:19:53 - [MESSAGE][PASSED] - Text of object 'Object Repository/co saldo akun/new total harga tf' is: '17,691'

2023-09-29 15:19:53 - [TEST_STEP][PASSED] - total1 = replace(",", "").trim(): null

2023-09-29 15:19:53 - [TEST_STEP][PASSED] - total2 = Integer.parseInt(total1): null

2023-09-29 15:19:53 - [TEST_STEP][PASSED] - println(total2): null

2023-09-29 15:19:53 - [TEST_STEP][PASSED] - assert totalBayar1 == total2: null

2023-09-29 15:19:53 - [TEST_STEP][PASSED] - data = new java.util.HashMap(): null

2023-09-29 15:19:53 - [TEST_STEP][PASSED] - data.put("invoice", noPesanan): null

2023-09-29 15:19:53 - [TEST_STEP][PASSED] - data.put("namaPengirim", pengirim): null

2023-09-29 15:19:53 - [TEST_STEP][PASSED] - data.put("totalBayar", totalharga): null

2023-09-29 15:19:53 - [TEST_STEP][PASSED] - data.put("totalOngkir", tOng): null

2023-09-29 15:19:53 - [TEST_STEP][PASSED] - return data: null

2023-09-29 15:19:53 - [MESSAGE][PASSED] - Call Test Case 'Test Cases/T08 - Konfirmasi Pesanan/TC-OS-001' successfully

2023-09-29 15:19:53 - [TEST_STEP][PASSED] - noInvoice = data.get("invoice"): null

2023-09-29 15:19:53 - [TEST_STEP][PASSED] - nmPengirim = data.get("namaPengirim"): null

2023-09-29 15:19:53 - [TEST_STEP][PASSED] - ttlBayar = data.get("totalBayar"): null

2023-09-29 15:19:53 - [TEST_STEP][PASSED] - click(findTestObject("konfirmasi pesanan/a_Akun 0")): Object: 'Object Repository/konfirmasi pesanan/a_Akun 0' is clicked on

2023-09-29 15:19:54 - [MESSAGE][PASSED] - Object: 'Object Repository/konfirmasi pesanan/a_Akun 0' is clicked on

2023-09-29 15:19:54 - [TEST_STEP][PASSED] - click(findTestObject("konfirmasi pesanan/a_Profile")): Object: 'Object Repository/konfirmasi pesanan/a_Profile' is clicked on

2023-09-29 15:19:55 - [MESSAGE][PASSED] - Object: 'Object Repository/konfirmasi pesanan/a_Profile' is clicked on

2023-09-29 15:19:55 - [TEST_STEP][PASSED] - click(findTestObject("konfirmasi pesanan/a_Pembelian")): Object: 'Object Repository/konfirmasi pesanan/a_Pembelian' is clicked on

2023-09-29 15:19:56 - [MESSAGE][PASSED] - Object: 'Object Repository/konfirmasi pesanan/a_Pembelian' is clicked on

2023-09-29 15:19:56 - [TEST_STEP][PASSED] - click(findTestObject("konfirmasi pesanan/new konfirmasi bayar")): Object: 'Object Repository/konfirmasi pesanan/new konfirmasi bayar' is clicked on

2023-09-29 15:19:57 - [MESSAGE][PASSED] - Object: 'Object Repository/konfirmasi pesanan/new konfirmasi bayar' is clicked on

2023-09-29 15:19:57 - [TEST_STEP][PASSED] - clearText(findTestObject("konfirmasi pesanan/input_Total TagihanTransfer_b")): Text of object 'Object Repository/konfirmasi pesanan/input_Total TagihanTransfer_b' is cleared

2023-09-29 15:19:57 - [MESSAGE][PASSED] - Text of object 'Object Repository/konfirmasi pesanan/input_Total TagihanTransfer_b' is cleared

2023-09-29 15:19:57 - [TEST_STEP][PASSED] - setText(findTestObject("konfirmasi pesanan/input_Total TagihanTransfer_b"), tagihan): Text '12' is set on object 'Object Repository/konfirmasi pesanan/input_Total TagihanTransfer_b'

2023-09-29 15:19:58 - [MESSAGE][PASSED] - Text '12' is set on object 'Object Repository/konfirmasi pesanan/input_Total TagihanTransfer_b'

2023-09-29 15:19:58 - [TEST_STEP][PASSED] - selectOptionByValue(findTestObject("konfirmasi pesanan/select dropdown trasfer"), transfer, false): All options with value '1' are selected in object 'Object Repository/konfirmasi pesanan/select dropdown trasfer' 

2023-09-29 15:19:59 - [MESSAGE][PASSED] - All options with value '1' are selected in object 'Object Repository/konfirmasi pesanan/select dropdown trasfer' 

2023-09-29 15:19:59 - [TEST_STEP][PASSED] - clearText(findTestObject("konfirmasi pesanan/input_Nama Pengirim_d")): Text of object 'Object Repository/konfirmasi pesanan/input_Nama Pengirim_d' is cleared

2023-09-29 15:19:59 - [MESSAGE][PASSED] - Text of object 'Object Repository/konfirmasi pesanan/input_Nama Pengirim_d' is cleared

2023-09-29 15:19:59 - [TEST_STEP][PASSED] - setText(findTestObject("konfirmasi pesanan/input_Nama Pengirim_d"), nmPengirim): Text 'runarun' is set on object 'Object Repository/konfirmasi pesanan/input_Nama Pengirim_d'

2023-09-29 15:20:00 - [MESSAGE][PASSED] - Text 'runarun' is set on object 'Object Repository/konfirmasi pesanan/input_Nama Pengirim_d'

2023-09-29 15:20:00 - [TEST_STEP][PASSED] - uploadFile(findTestObject("konfirmasi pesanan/input_Upload Bukti Transfer_f"), "F:\bootcamp\Miniproject\transfer.jpg"): File 'F:\bootcamp\Miniproject\transfer.jpg' sent to object: 'Object Repository/konfirmasi pesanan/input_Upload Bukti Transfer_f'

2023-09-29 15:20:00 - [MESSAGE][PASSED] - File 'F:\bootcamp\Miniproject\transfer.jpg' sent to object: 'Object Repository/konfirmasi pesanan/input_Upload Bukti Transfer_f'

2023-09-29 15:20:00 - [TEST_STEP][PASSED] - click(findTestObject("konfirmasi pesanan/button_Konfirmasi Pembayaran")): Object: 'Object Repository/konfirmasi pesanan/button_Konfirmasi Pembayaran' is clicked on

2023-09-29 15:20:01 - [MESSAGE][PASSED] - Object: 'Object Repository/konfirmasi pesanan/button_Konfirmasi Pembayaran' is clicked on

2023-09-29 15:20:01 - [TEST_STEP][FAILED] - verifyTextPresent("please input an valid field", false): Unable to verify text 'please input an valid field' is present  (Root cause: com.kms.katalon.core.exception.StepFailedException: Unable to verify text 'please input an valid field' is present 
	at com.kms.katalon.core.webui.keyword.internal.WebUIKeywordMain.stepFailed(WebUIKeywordMain.groovy:64)
	at com.kms.katalon.core.webui.keyword.internal.WebUIKeywordMain.runKeyword(WebUIKeywordMain.groovy:26)
	at com.kms.katalon.core.webui.keyword.builtin.VerifyTextPresentKeyword.verifyTextPresent(VerifyTextPresentKeyword.groovy:83)
	at com.kms.katalon.core.webui.keyword.builtin.VerifyTextPresentKeyword.execute(VerifyTextPresentKeyword.groovy:68)
	at com.kms.katalon.core.keyword.internal.KeywordExecutor.executeKeywordForPlatform(KeywordExecutor.groovy:74)
	at com.kms.katalon.core.webui.keyword.WebUiBuiltInKeywords.verifyTextPresent(WebUiBuiltInKeywords.groovy:1723)
	at com.kms.katalon.core.webui.keyword.WebUiBuiltInKeywords$verifyTextPresent$14.call(Unknown Source)
	at TC-KF-011.run(TC-KF-011:51)
	at com.kms.katalon.core.main.ScriptEngine.run(ScriptEngine.java:194)
	at com.kms.katalon.core.main.ScriptEngine.runScriptAsRawText(ScriptEngine.java:119)
	at com.kms.katalon.core.main.TestCaseExecutor.runScript(TestCaseExecutor.java:448)
	at com.kms.katalon.core.main.TestCaseExecutor.doExecute(TestCaseExecutor.java:439)
	at com.kms.katalon.core.main.TestCaseExecutor.processExecutionPhase(TestCaseExecutor.java:418)
	at com.kms.katalon.core.main.TestCaseExecutor.accessMainPhase(TestCaseExecutor.java:410)
	at com.kms.katalon.core.main.TestCaseExecutor.execute(TestCaseExecutor.java:285)
	at com.kms.katalon.core.common.CommonExecutor.accessTestCaseMainPhase(CommonExecutor.java:65)
	at com.kms.katalon.core.main.TestSuiteExecutor.accessTestSuiteMainPhase(TestSuiteExecutor.java:148)
	at com.kms.katalon.core.main.TestSuiteExecutor.execute(TestSuiteExecutor.java:106)
	at com.kms.katalon.core.main.TestCaseMain.startTestSuite(TestCaseMain.java:187)
	at com.kms.katalon.core.main.TestCaseMain$startTestSuite$0.call(Unknown Source)
	at TempTestSuite1695974576876.run(TempTestSuite1695974576876.groovy:36)
Caused by: com.kms.katalon.core.exception.StepFailedException: Text 'please input an valid field' is not present on page 
	at com.kms.katalon.core.webui.keyword.internal.WebUIKeywordMain.stepFailed(WebUIKeywordMain.groovy:64)
	at com.kms.katalon.core.webui.keyword.builtin.VerifyTextPresentKeyword$_verifyTextPresent_closure1.doCall(VerifyTextPresentKeyword.groovy:79)
	at com.kms.katalon.core.webui.keyword.builtin.VerifyTextPresentKeyword$_verifyTextPresent_closure1.call(VerifyTextPresentKeyword.groovy)
	at com.kms.katalon.core.webui.keyword.internal.WebUIKeywordMain.runKeyword(WebUIKeywordMain.groovy:20)
	... 19 more
)

2023-09-29 15:20:02 - [MESSAGE][FAILED] - Text 'please input an valid field' is not present on page  (Root cause: com.kms.katalon.core.exception.StepFailedException: Text 'please input an valid field' is not present on page 
	at com.kms.katalon.core.webui.keyword.internal.WebUIKeywordMain.stepFailed(WebUIKeywordMain.groovy:64)
	at com.kms.katalon.core.webui.keyword.builtin.VerifyTextPresentKeyword$_verifyTextPresent_closure1.doCall(VerifyTextPresentKeyword.groovy:79)
	at com.kms.katalon.core.webui.keyword.builtin.VerifyTextPresentKeyword$_verifyTextPresent_closure1.call(VerifyTextPresentKeyword.groovy)
	at com.kms.katalon.core.webui.keyword.internal.WebUIKeywordMain.runKeyword(WebUIKeywordMain.groovy:20)
	at com.kms.katalon.core.webui.keyword.builtin.VerifyTextPresentKeyword.verifyTextPresent(VerifyTextPresentKeyword.groovy:83)
	at com.kms.katalon.core.webui.keyword.builtin.VerifyTextPresentKeyword.execute(VerifyTextPresentKeyword.groovy:68)
	at com.kms.katalon.core.keyword.internal.KeywordExecutor.executeKeywordForPlatform(KeywordExecutor.groovy:74)
	at com.kms.katalon.core.webui.keyword.WebUiBuiltInKeywords.verifyTextPresent(WebUiBuiltInKeywords.groovy:1723)
	at com.kms.katalon.core.webui.keyword.WebUiBuiltInKeywords$verifyTextPresent$14.call(Unknown Source)
	at TC-KF-011.run(TC-KF-011:51)
	at com.kms.katalon.core.main.ScriptEngine.run(ScriptEngine.java:194)
	at com.kms.katalon.core.main.ScriptEngine.runScriptAsRawText(ScriptEngine.java:119)
	at com.kms.katalon.core.main.TestCaseExecutor.runScript(TestCaseExecutor.java:448)
	at com.kms.katalon.core.main.TestCaseExecutor.doExecute(TestCaseExecutor.java:439)
	at com.kms.katalon.core.main.TestCaseExecutor.processExecutionPhase(TestCaseExecutor.java:418)
	at com.kms.katalon.core.main.TestCaseExecutor.accessMainPhase(TestCaseExecutor.java:410)
	at com.kms.katalon.core.main.TestCaseExecutor.execute(TestCaseExecutor.java:285)
	at com.kms.katalon.core.common.CommonExecutor.accessTestCaseMainPhase(CommonExecutor.java:65)
	at com.kms.katalon.core.main.TestSuiteExecutor.accessTestSuiteMainPhase(TestSuiteExecutor.java:148)
	at com.kms.katalon.core.main.TestSuiteExecutor.execute(TestSuiteExecutor.java:106)
	at com.kms.katalon.core.main.TestCaseMain.startTestSuite(TestCaseMain.java:187)
	at com.kms.katalon.core.main.TestCaseMain$startTestSuite$0.call(Unknown Source)
	at TempTestSuite1695974576876.run(TempTestSuite1695974576876.groovy:36)
)

2023-09-29 15:20:02 - [MESSAGE][FAILED] - Unable to verify text 'please input an valid field' is present  (Root cause: com.kms.katalon.core.exception.StepFailedException: Unable to verify text 'please input an valid field' is present 
	at com.kms.katalon.core.webui.keyword.internal.WebUIKeywordMain.stepFailed(WebUIKeywordMain.groovy:64)
	at com.kms.katalon.core.webui.keyword.internal.WebUIKeywordMain.runKeyword(WebUIKeywordMain.groovy:26)
	at com.kms.katalon.core.webui.keyword.builtin.VerifyTextPresentKeyword.verifyTextPresent(VerifyTextPresentKeyword.groovy:83)
	at com.kms.katalon.core.webui.keyword.builtin.VerifyTextPresentKeyword.execute(VerifyTextPresentKeyword.groovy:68)
	at com.kms.katalon.core.keyword.internal.KeywordExecutor.executeKeywordForPlatform(KeywordExecutor.groovy:74)
	at com.kms.katalon.core.webui.keyword.WebUiBuiltInKeywords.verifyTextPresent(WebUiBuiltInKeywords.groovy:1723)
	at com.kms.katalon.core.webui.keyword.WebUiBuiltInKeywords$verifyTextPresent$14.call(Unknown Source)
	at TC-KF-011.run(TC-KF-011:51)
	at com.kms.katalon.core.main.ScriptEngine.run(ScriptEngine.java:194)
	at com.kms.katalon.core.main.ScriptEngine.runScriptAsRawText(ScriptEngine.java:119)
	at com.kms.katalon.core.main.TestCaseExecutor.runScript(TestCaseExecutor.java:448)
	at com.kms.katalon.core.main.TestCaseExecutor.doExecute(TestCaseExecutor.java:439)
	at com.kms.katalon.core.main.TestCaseExecutor.processExecutionPhase(TestCaseExecutor.java:418)
	at com.kms.katalon.core.main.TestCaseExecutor.accessMainPhase(TestCaseExecutor.java:410)
	at com.kms.katalon.core.main.TestCaseExecutor.execute(TestCaseExecutor.java:285)
	at com.kms.katalon.core.common.CommonExecutor.accessTestCaseMainPhase(CommonExecutor.java:65)
	at com.kms.katalon.core.main.TestSuiteExecutor.accessTestSuiteMainPhase(TestSuiteExecutor.java:148)
	at com.kms.katalon.core.main.TestSuiteExecutor.execute(TestSuiteExecutor.java:106)
	at com.kms.katalon.core.main.TestCaseMain.startTestSuite(TestCaseMain.java:187)
	at com.kms.katalon.core.main.TestCaseMain$startTestSuite$0.call(Unknown Source)
	at TempTestSuite1695974576876.run(TempTestSuite1695974576876.groovy:36)
Caused by: com.kms.katalon.core.exception.StepFailedException: Text 'please input an valid field' is not present on page 
	at com.kms.katalon.core.webui.keyword.internal.WebUIKeywordMain.stepFailed(WebUIKeywordMain.groovy:64)
	at com.kms.katalon.core.webui.keyword.builtin.VerifyTextPresentKeyword$_verifyTextPresent_closure1.doCall(VerifyTextPresentKeyword.groovy:79)
	at com.kms.katalon.core.webui.keyword.builtin.VerifyTextPresentKeyword$_verifyTextPresent_closure1.call(VerifyTextPresentKeyword.groovy)
	at com.kms.katalon.core.webui.keyword.internal.WebUIKeywordMain.runKeyword(WebUIKeywordMain.groovy:20)
	... 19 more
)
[[ATTACHMENT|F:\\bootcamp\\Miniproject\\Tajalapak\\Reports\\20230929_150256\\T08 - Konfirmasi Pesanan\\20230929_150256\\1695975602355.png]]]]></system-out>
         <system-err><![CDATA[2023-09-29 15:19:26 - [TEST_CASE][FAILED] - Test Cases/T08 - Konfirmasi Pesanan/TC-KF-011: Test Cases/T08 - Konfirmasi Pesanan/TC-KF-011 FAILED.
Reason:
com.kms.katalon.core.exception.StepFailedException: Unable to verify text 'please input an valid field' is present 
	at com.kms.katalon.core.webui.keyword.internal.WebUIKeywordMain.stepFailed(WebUIKeywordMain.groovy:64)
	at com.kms.katalon.core.webui.keyword.internal.WebUIKeywordMain.runKeyword(WebUIKeywordMain.groovy:26)
	at com.kms.katalon.core.webui.keyword.builtin.VerifyTextPresentKeyword.verifyTextPresent(VerifyTextPresentKeyword.groovy:83)
	at com.kms.katalon.core.webui.keyword.builtin.VerifyTextPresentKeyword.execute(VerifyTextPresentKeyword.groovy:68)
	at com.kms.katalon.core.keyword.internal.KeywordExecutor.executeKeywordForPlatform(KeywordExecutor.groovy:74)
	at com.kms.katalon.core.webui.keyword.WebUiBuiltInKeywords.verifyTextPresent(WebUiBuiltInKeywords.groovy:1723)
	at com.kms.katalon.core.webui.keyword.WebUiBuiltInKeywords$verifyTextPresent$14.call(Unknown Source)
	at TC-KF-011.run(TC-KF-011:51)
	at com.kms.katalon.core.main.ScriptEngine.run(ScriptEngine.java:194)
	at com.kms.katalon.core.main.ScriptEngine.runScriptAsRawText(ScriptEngine.java:119)
	at com.kms.katalon.core.main.TestCaseExecutor.runScript(TestCaseExecutor.java:448)
	at com.kms.katalon.core.main.TestCaseExecutor.doExecute(TestCaseExecutor.java:439)
	at com.kms.katalon.core.main.TestCaseExecutor.processExecutionPhase(TestCaseExecutor.java:418)
	at com.kms.katalon.core.main.TestCaseExecutor.accessMainPhase(TestCaseExecutor.java:410)
	at com.kms.katalon.core.main.TestCaseExecutor.execute(TestCaseExecutor.java:285)
	at com.kms.katalon.core.common.CommonExecutor.accessTestCaseMainPhase(CommonExecutor.java:65)
	at com.kms.katalon.core.main.TestSuiteExecutor.accessTestSuiteMainPhase(TestSuiteExecutor.java:148)
	at com.kms.katalon.core.main.TestSuiteExecutor.execute(TestSuiteExecutor.java:106)
	at com.kms.katalon.core.main.TestCaseMain.startTestSuite(TestCaseMain.java:187)
	at com.kms.katalon.core.main.TestCaseMain$startTestSuite$0.call(Unknown Source)
	at TempTestSuite1695974576876.run(TempTestSuite1695974576876.groovy:36)
Caused by: com.kms.katalon.core.exception.StepFailedException: Text 'please input an valid field' is not present on page 
	at com.kms.katalon.core.webui.keyword.internal.WebUIKeywordMain.stepFailed(WebUIKeywordMain.groovy:64)
	at com.kms.katalon.core.webui.keyword.builtin.VerifyTextPresentKeyword$_verifyTextPresent_closure1.doCall(VerifyTextPresentKeyword.groovy:79)
	at com.kms.katalon.core.webui.keyword.builtin.VerifyTextPresentKeyword$_verifyTextPresent_closure1.call(VerifyTextPresentKeyword.groovy)
	at com.kms.katalon.core.webui.keyword.internal.WebUIKeywordMain.runKeyword(WebUIKeywordMain.groovy:20)
	... 19 more]]></system-err>
      </testcase>
      <testcase name="Test Cases/T08 - Konfirmasi Pesanan/TC-KF-012" time="35.395" classname="Test Cases/T08 - Konfirmasi Pesanan/TC-KF-012" status="FAILED">
         <failure type="FAILED" message="Test Cases/T08 - Konfirmasi Pesanan/TC-KF-012 FAILED.
Reason:
com.kms.katalon.core.exception.StepFailedException: Unable to verify text 'Please fill out this field.' is present 
	at com.kms.katalon.core.webui.keyword.internal.WebUIKeywordMain.stepFailed(WebUIKeywordMain.groovy:64)
	at com.kms.katalon.core.webui.keyword.internal.WebUIKeywordMain.runKeyword(WebUIKeywordMain.groovy:26)
	at com.kms.katalon.core.webui.keyword.builtin.VerifyTextPresentKeyword.verifyTextPresent(VerifyTextPresentKeyword.groovy:83)
	at com.kms.katalon.core.webui.keyword.builtin.VerifyTextPresentKeyword.execute(VerifyTextPresentKeyword.groovy:68)
	at com.kms.katalon.core.keyword.internal.KeywordExecutor.executeKeywordForPlatform(KeywordExecutor.groovy:74)
	at com.kms.katalon.core.webui.keyword.WebUiBuiltInKeywords.verifyTextPresent(WebUiBuiltInKeywords.groovy:1723)
	at com.kms.katalon.core.webui.keyword.WebUiBuiltInKeywords$verifyTextPresent$14.call(Unknown Source)
	at TC-KF-012.run(TC-KF-012:57)
	at com.kms.katalon.core.main.ScriptEngine.run(ScriptEngine.java:194)
	at com.kms.katalon.core.main.ScriptEngine.runScriptAsRawText(ScriptEngine.java:119)
	at com.kms.katalon.core.main.TestCaseExecutor.runScript(TestCaseExecutor.java:448)
	at com.kms.katalon.core.main.TestCaseExecutor.doExecute(TestCaseExecutor.java:439)
	at com.kms.katalon.core.main.TestCaseExecutor.processExecutionPhase(TestCaseExecutor.java:418)
	at com.kms.katalon.core.main.TestCaseExecutor.accessMainPhase(TestCaseExecutor.java:410)
	at com.kms.katalon.core.main.TestCaseExecutor.execute(TestCaseExecutor.java:285)
	at com.kms.katalon.core.common.CommonExecutor.accessTestCaseMainPhase(CommonExecutor.java:65)
	at com.kms.katalon.core.main.TestSuiteExecutor.accessTestSuiteMainPhase(TestSuiteExecutor.java:148)
	at com.kms.katalon.core.main.TestSuiteExecutor.execute(TestSuiteExecutor.java:106)
	at com.kms.katalon.core.main.TestCaseMain.startTestSuite(TestCaseMain.java:187)
	at com.kms.katalon.core.main.TestCaseMain$startTestSuite$0.call(Unknown Source)
	at TempTestSuite1695974576876.run(TempTestSuite1695974576876.groovy:36)
Caused by: com.kms.katalon.core.exception.StepFailedException: Text 'Please fill out this field.' is not present on page 
	at com.kms.katalon.core.webui.keyword.internal.WebUIKeywordMain.stepFailed(WebUIKeywordMain.groovy:64)
	at com.kms.katalon.core.webui.keyword.builtin.VerifyTextPresentKeyword$_verifyTextPresent_closure1.doCall(VerifyTextPresentKeyword.groovy:79)
	at com.kms.katalon.core.webui.keyword.builtin.VerifyTextPresentKeyword$_verifyTextPresent_closure1.call(VerifyTextPresentKeyword.groovy)
	at com.kms.katalon.core.webui.keyword.internal.WebUIKeywordMain.runKeyword(WebUIKeywordMain.groovy:20)
	... 19 more
"/>
         <system-out><![CDATA[2023-09-29 15:20:02 - [TEST_CASE][FAILED] - Test Cases/T08 - Konfirmasi Pesanan/TC-KF-012: Test Cases/T08 - Konfirmasi Pesanan/TC-KF-012 FAILED.
Reason:
com.kms.katalon.core.exception.StepFailedException: Unable to verify text 'Please fill out this field.' is present 
	at com.kms.katalon.core.webui.keyword.internal.WebUIKeywordMain.stepFailed(WebUIKeywordMain.groovy:64)
	at com.kms.katalon.core.webui.keyword.internal.WebUIKeywordMain.runKeyword(WebUIKeywordMain.groovy:26)
	at com.kms.katalon.core.webui.keyword.builtin.VerifyTextPresentKeyword.verifyTextPresent(VerifyTextPresentKeyword.groovy:83)
	at com.kms.katalon.core.webui.keyword.builtin.VerifyTextPresentKeyword.execute(VerifyTextPresentKeyword.groovy:68)
	at com.kms.katalon.core.keyword.internal.KeywordExecutor.executeKeywordForPlatform(KeywordExecutor.groovy:74)
	at com.kms.katalon.core.webui.keyword.WebUiBuiltInKeywords.verifyTextPresent(WebUiBuiltInKeywords.groovy:1723)
	at com.kms.katalon.core.webui.keyword.WebUiBuiltInKeywords$verifyTextPresent$14.call(Unknown Source)
	at TC-KF-012.run(TC-KF-012:57)
	at com.kms.katalon.core.main.ScriptEngine.run(ScriptEngine.java:194)
	at com.kms.katalon.core.main.ScriptEngine.runScriptAsRawText(ScriptEngine.java:119)
	at com.kms.katalon.core.main.TestCaseExecutor.runScript(TestCaseExecutor.java:448)
	at com.kms.katalon.core.main.TestCaseExecutor.doExecute(TestCaseExecutor.java:439)
	at com.kms.katalon.core.main.TestCaseExecutor.processExecutionPhase(TestCaseExecutor.java:418)
	at com.kms.katalon.core.main.TestCaseExecutor.accessMainPhase(TestCaseExecutor.java:410)
	at com.kms.katalon.core.main.TestCaseExecutor.execute(TestCaseExecutor.java:285)
	at com.kms.katalon.core.common.CommonExecutor.accessTestCaseMainPhase(CommonExecutor.java:65)
	at com.kms.katalon.core.main.TestSuiteExecutor.accessTestSuiteMainPhase(TestSuiteExecutor.java:148)
	at com.kms.katalon.core.main.TestSuiteExecutor.execute(TestSuiteExecutor.java:106)
	at com.kms.katalon.core.main.TestCaseMain.startTestSuite(TestCaseMain.java:187)
	at com.kms.katalon.core.main.TestCaseMain$startTestSuite$0.call(Unknown Source)
	at TempTestSuite1695974576876.run(TempTestSuite1695974576876.groovy:36)
Caused by: com.kms.katalon.core.exception.StepFailedException: Text 'Please fill out this field.' is not present on page 
	at com.kms.katalon.core.webui.keyword.internal.WebUIKeywordMain.stepFailed(WebUIKeywordMain.groovy:64)
	at com.kms.katalon.core.webui.keyword.builtin.VerifyTextPresentKeyword$_verifyTextPresent_closure1.doCall(VerifyTextPresentKeyword.groovy:79)
	at com.kms.katalon.core.webui.keyword.builtin.VerifyTextPresentKeyword$_verifyTextPresent_closure1.call(VerifyTextPresentKeyword.groovy)
	at com.kms.katalon.core.webui.keyword.internal.WebUIKeywordMain.runKeyword(WebUIKeywordMain.groovy:20)
	... 19 more


2023-09-29 15:20:03 - [TEST_STEP][PASSED] - data = callTestCase(findTestCase("T08 - Konfirmasi Pesanan/TC-OS-001"), ["Roda":"2", "MetodePembayaran":"transfer"], STOP_ON_FAILURE): Call Test Case 'Test Cases/T08 - Konfirmasi Pesanan/TC-OS-001' successfully

2023-09-29 15:20:03 - [TEST_CASE][PASSED] - Test Cases/T08 - Konfirmasi Pesanan/TC-OS-001: Test Cases/T08 - Konfirmasi Pesanan/TC-OS-001

2023-09-29 15:20:03 - [TEST_STEP][PASSED] - callTestCase(findTestCase("T08 - Konfirmasi Pesanan/TC-LS-001"), [:], STOP_ON_FAILURE): Call Test Case 'Test Cases/T08 - Konfirmasi Pesanan/TC-LS-001' successfully

2023-09-29 15:20:03 - [TEST_CASE][PASSED] - Test Cases/T08 - Konfirmasi Pesanan/TC-LS-001: Test Cases/T08 - Konfirmasi Pesanan/TC-LS-001

2023-09-29 15:20:03 - [TEST_STEP][PASSED] - openBrowser(urlWeb): Browser is opened with url: 'https://10.9.2.63/ecommerce/'

2023-09-29 15:20:03 - [MESSAGE][WARNING] - A browser is already opened. Closing browser and opening a new one

2023-09-29 15:20:04 - [MESSAGE][INFO] - Starting 'Firefox' driver

2023-09-29 15:20:04 - [MESSAGE][INFO] - Action delay is set to 0 milliseconds

2023-09-29 15:20:09 - [MESSAGE][PASSED] - Browser is opened with url: 'https://10.9.2.63/ecommerce/'

2023-09-29 15:20:09 - [TEST_STEP][PASSED] - maximizeWindow(): Current window maximized

2023-09-29 15:20:09 - [MESSAGE][PASSED] - Current window maximized

2023-09-29 15:20:09 - [TEST_STEP][PASSED] - click(findTestObject("Login/a_Login")): Object: 'Object Repository/Login/a_Login' is clicked on

2023-09-29 15:20:10 - [MESSAGE][PASSED] - Object: 'Object Repository/Login/a_Login' is clicked on

2023-09-29 15:20:10 - [TEST_STEP][PASSED] - setText(findTestObject("Login/input_Username, Email atau No. Handphone_a"), "runa36"): Text 'runa36' is set on object 'Object Repository/Login/input_Username, Email atau No. Handphone_a'

2023-09-29 15:20:11 - [MESSAGE][PASSED] - Text 'runa36' is set on object 'Object Repository/Login/input_Username, Email atau No. Handphone_a'

2023-09-29 15:20:11 - [TEST_STEP][PASSED] - setEncryptedText(findTestObject("Login/input_Password di Login(Masuk)"), "qbkrdMwyWE4="): Text ****** has been set on object 'Object Repository/Login/input_Password di Login(Masuk)'

2023-09-29 15:20:11 - [MESSAGE][PASSED] - Text ****** has been set on object 'Object Repository/Login/input_Password di Login(Masuk)'

2023-09-29 15:20:11 - [TEST_STEP][PASSED] - click(findTestObject("Login/button_Masuk di halaman login")): Object: 'Object Repository/Login/button_Masuk di halaman login' is clicked on

2023-09-29 15:20:12 - [MESSAGE][PASSED] - Object: 'Object Repository/Login/button_Masuk di halaman login' is clicked on

2023-09-29 15:20:12 - [TEST_STEP][PASSED] - verifyElementPresent(findTestObject("Pendaftaran/verifikasi MASUK di halaman Login"), 0): Object 'Object Repository/Pendaftaran/verifikasi MASUK di halaman Login' is present

2023-09-29 15:20:12 - [MESSAGE][WARNING] - Timeout '0' is invalid. Using default page load timeout: '30'

2023-09-29 15:20:12 - [MESSAGE][PASSED] - Object 'Object Repository/Pendaftaran/verifikasi MASUK di halaman Login' is present

2023-09-29 15:20:12 - [MESSAGE][PASSED] - Call Test Case 'Test Cases/T08 - Konfirmasi Pesanan/TC-LS-001' successfully

2023-09-29 15:20:12 - [TEST_STEP][PASSED] - setText(findTestObject("chekout/input aku mau belanja"), "acer"): Text 'acer' is set on object 'Object Repository/chekout/input aku mau belanja'

2023-09-29 15:20:13 - [MESSAGE][PASSED] - Text 'acer' is set on object 'Object Repository/chekout/input aku mau belanja'

2023-09-29 15:20:13 - [TEST_STEP][PASSED] - click(findTestObject("chekout/button_Cari di halaman tajalapak")): Object: 'Object Repository/chekout/button_Cari di halaman tajalapak' is clicked on

2023-09-29 15:20:14 - [MESSAGE][PASSED] - Object: 'Object Repository/chekout/button_Cari di halaman tajalapak' is clicked on

2023-09-29 15:20:14 - [TEST_STEP][PASSED] - click(findTestObject("chekout/NEW read more acer")): Object: 'Object Repository/chekout/NEW read more acer' is clicked on

2023-09-29 15:20:15 - [MESSAGE][PASSED] - Object: 'Object Repository/chekout/NEW read more acer' is clicked on

2023-09-29 15:20:15 - [TEST_STEP][PASSED] - click(findTestObject("chekout/button_Beli Sekarang di detail produk")): Object: 'Object Repository/chekout/button_Beli Sekarang di detail produk' is clicked on

2023-09-29 15:20:16 - [MESSAGE][PASSED] - Object: 'Object Repository/chekout/button_Beli Sekarang di detail produk' is clicked on

2023-09-29 15:20:16 - [TEST_STEP][PASSED] - verifyElementPresent(findTestObject("chekout/halaman keranjang belanja"), 0): Object 'Object Repository/chekout/halaman keranjang belanja' is present

2023-09-29 15:20:16 - [MESSAGE][WARNING] - Timeout '0' is invalid. Using default page load timeout: '30'

2023-09-29 15:20:17 - [MESSAGE][PASSED] - Object 'Object Repository/chekout/halaman keranjang belanja' is present

2023-09-29 15:20:17 - [TEST_STEP][PASSED] - click(findTestObject("chekout/button_Lanjut ke Pembayaran")): Object: 'Object Repository/chekout/button_Lanjut ke Pembayaran' is clicked on

2023-09-29 15:20:18 - [MESSAGE][PASSED] - Object: 'Object Repository/chekout/button_Lanjut ke Pembayaran' is clicked on

2023-09-29 15:20:18 - [TEST_STEP][PASSED] - selectOptionByValue(findTestObject("Object Repository/chekout/select_- Kirim via Kurir Lokal -Roda 2Roda 4"), Roda, false): All options with value '2' are selected in object 'Object Repository/chekout/select_- Kirim via Kurir Lokal -Roda 2Roda 4' 

2023-09-29 15:20:19 - [MESSAGE][PASSED] - All options with value '2' are selected in object 'Object Repository/chekout/select_- Kirim via Kurir Lokal -Roda 2Roda 4' 

2023-09-29 15:20:19 - [TEST_STEP][PASSED] - click(findTestObject("chekout/jenis kendaraan")): Object: 'Object Repository/chekout/jenis kendaraan' is clicked on

2023-09-29 15:20:20 - [MESSAGE][PASSED] - Object: 'Object Repository/chekout/jenis kendaraan' is clicked on

2023-09-29 15:20:20 - [TEST_STEP][PASSED] - if (toString().equalsIgnoreCase("transfer")): Object 'Object Repository/chekout/input metode tf bank' is checked

2023-09-29 15:20:20 - [TEST_STEP][PASSED] - check(findTestObject("chekout/input metode tf bank")): Object 'Object Repository/chekout/input metode tf bank' is checked

2023-09-29 15:20:20 - [MESSAGE][PASSED] - Object 'Object Repository/chekout/input metode tf bank' is checked

2023-09-29 15:20:20 - [TEST_STEP][PASSED] - click(findTestObject("chekout/button_Proses Pembayaran")): Object: 'Object Repository/chekout/button_Proses Pembayaran' is clicked on

2023-09-29 15:20:25 - [MESSAGE][PASSED] - Object: 'Object Repository/chekout/button_Proses Pembayaran' is clicked on

2023-09-29 15:20:25 - [TEST_STEP][PASSED] - noPesanan = getText(findTestObject("Object Repository/chekout/nomor invoice dari halaman menunggu pembayaran")): Text of object 'Object Repository/chekout/nomor invoice dari halaman menunggu pembayaran' is: 'TRX91.20230929152021'

2023-09-29 15:20:26 - [MESSAGE][PASSED] - Text of object 'Object Repository/chekout/nomor invoice dari halaman menunggu pembayaran' is: 'TRX91.20230929152021'

2023-09-29 15:20:26 - [TEST_STEP][PASSED] - println(noPesanan): null

2023-09-29 15:20:26 - [TEST_STEP][PASSED] - pengirim = getText(findTestObject("Object Repository/chekout/dikirim kepada sama dengan pengirim di tf di konfirmaasi bayar")): Text of object 'Object Repository/chekout/dikirim kepada sama dengan pengirim di tf di konfirmaasi bayar' is: 'runarun'

2023-09-29 15:20:26 - [MESSAGE][PASSED] - Text of object 'Object Repository/chekout/dikirim kepada sama dengan pengirim di tf di konfirmaasi bayar' is: 'runarun'

2023-09-29 15:20:26 - [TEST_STEP][PASSED] - totalharga = getText(findTestObject("Object Repository/chekout/total harga bayar")): Text of object 'Object Repository/chekout/total harga bayar' is: '16,767'

2023-09-29 15:20:26 - [MESSAGE][PASSED] - Text of object 'Object Repository/chekout/total harga bayar' is: '16,767'

2023-09-29 15:20:26 - [TEST_STEP][PASSED] - ongkir = getText(findTestObject("co saldo akun/new ongkir tf")): Text of object 'Object Repository/co saldo akun/new ongkir tf' is: 'Rp 13,000'

2023-09-29 15:20:27 - [MESSAGE][PASSED] - Text of object 'Object Repository/co saldo akun/new ongkir tf' is: 'Rp 13,000'

2023-09-29 15:20:27 - [TEST_STEP][PASSED] - ongkirr = replace(",", "").trim(): null

2023-09-29 15:20:27 - [TEST_STEP][PASSED] - ongkir1 = Integer.parseInt(ongkirr): null

2023-09-29 15:20:27 - [TEST_STEP][PASSED] - println(ongkir1): null

2023-09-29 15:20:27 - [TEST_STEP][PASSED] - biayaAdmin = getText(findTestObject("co saldo akun/new fee admin tf")): Text of object 'Object Repository/co saldo akun/new fee admin tf' is: 'Rp 1,500'

2023-09-29 15:20:27 - [MESSAGE][PASSED] - Text of object 'Object Repository/co saldo akun/new fee admin tf' is: 'Rp 1,500'

2023-09-29 15:20:27 - [TEST_STEP][PASSED] - bAdmin = replace(",", "").trim(): null

2023-09-29 15:20:27 - [TEST_STEP][PASSED] - Integer.parseInt(bAdmin): null

2023-09-29 15:20:27 - [TEST_STEP][PASSED] - Admin = Double.parseDouble(bAdmin): null

2023-09-29 15:20:27 - [TEST_STEP][PASSED] - println(Admin): null

2023-09-29 15:20:27 - [TEST_STEP][PASSED] - subtotal = getText(findTestObject("co saldo akun/new subtotal tf")): Text of object 'Object Repository/co saldo akun/new subtotal tf' is: 'Rp 2,246'

2023-09-29 15:20:28 - [MESSAGE][PASSED] - Text of object 'Object Repository/co saldo akun/new subtotal tf' is: 'Rp 2,246'

2023-09-29 15:20:28 - [TEST_STEP][PASSED] - subtotall = replace(",", "").trim(): null

2023-09-29 15:20:28 - [TEST_STEP][PASSED] - Integer.parseInt(subtotall): null

2023-09-29 15:20:28 - [TEST_STEP][PASSED] - sub = Double.parseDouble(subtotall): null

2023-09-29 15:20:28 - [TEST_STEP][PASSED] - println(sub): null

2023-09-29 15:20:28 - [TEST_STEP][PASSED] - kode = getText(findTestObject("co saldo akun/new kode unik tf")): Text of object 'Object Repository/co saldo akun/new kode unik tf' is: '+021'

2023-09-29 15:20:28 - [MESSAGE][PASSED] - Text of object 'Object Repository/co saldo akun/new kode unik tf' is: '+021'

2023-09-29 15:20:28 - [TEST_STEP][PASSED] - kodee = replace("+", "").trim(): null

2023-09-29 15:20:28 - [TEST_STEP][PASSED] - Integer.parseInt(kodee): null

2023-09-29 15:20:28 - [TEST_STEP][PASSED] - code = Double.parseDouble(kodee): null

2023-09-29 15:20:28 - [TEST_STEP][PASSED] - tOng = ongkir1 + sub: null

2023-09-29 15:20:28 - [TEST_STEP][PASSED] - println(tOng): null

2023-09-29 15:20:28 - [TEST_STEP][PASSED] - totalBayar = tOng + Admin + code: null

2023-09-29 15:20:28 - [TEST_STEP][PASSED] - println(totalBayar): null

2023-09-29 15:20:28 - [TEST_STEP][PASSED] - totalBayar1 = totalBayar: null

2023-09-29 15:20:28 - [TEST_STEP][PASSED] - println(totalBayar1): null

2023-09-29 15:20:28 - [TEST_STEP][PASSED] - total = getText(findTestObject("co saldo akun/new total harga tf")): Text of object 'Object Repository/co saldo akun/new total harga tf' is: '16,767'

2023-09-29 15:20:29 - [MESSAGE][PASSED] - Text of object 'Object Repository/co saldo akun/new total harga tf' is: '16,767'

2023-09-29 15:20:29 - [TEST_STEP][PASSED] - total1 = replace(",", "").trim(): null

2023-09-29 15:20:29 - [TEST_STEP][PASSED] - total2 = Integer.parseInt(total1): null

2023-09-29 15:20:29 - [TEST_STEP][PASSED] - println(total2): null

2023-09-29 15:20:29 - [TEST_STEP][PASSED] - assert totalBayar1 == total2: null

2023-09-29 15:20:29 - [TEST_STEP][PASSED] - data = new java.util.HashMap(): null

2023-09-29 15:20:29 - [TEST_STEP][PASSED] - data.put("invoice", noPesanan): null

2023-09-29 15:20:29 - [TEST_STEP][PASSED] - data.put("namaPengirim", pengirim): null

2023-09-29 15:20:29 - [TEST_STEP][PASSED] - data.put("totalBayar", totalharga): null

2023-09-29 15:20:29 - [TEST_STEP][PASSED] - data.put("totalOngkir", tOng): null

2023-09-29 15:20:29 - [TEST_STEP][PASSED] - return data: null

2023-09-29 15:20:29 - [MESSAGE][PASSED] - Call Test Case 'Test Cases/T08 - Konfirmasi Pesanan/TC-OS-001' successfully

2023-09-29 15:20:29 - [TEST_STEP][PASSED] - noInvoice = data.get("invoice"): null

2023-09-29 15:20:29 - [TEST_STEP][PASSED] - nmPengirim = data.get("namaPengirim"): null

2023-09-29 15:20:29 - [TEST_STEP][PASSED] - ttlBayar = data.get("totalBayar"): null

2023-09-29 15:20:29 - [TEST_STEP][PASSED] - click(findTestObject("konfirmasi pesanan/a_Akun 0")): Object: 'Object Repository/konfirmasi pesanan/a_Akun 0' is clicked on

2023-09-29 15:20:29 - [MESSAGE][PASSED] - Object: 'Object Repository/konfirmasi pesanan/a_Akun 0' is clicked on

2023-09-29 15:20:29 - [TEST_STEP][PASSED] - click(findTestObject("konfirmasi pesanan/a_Profile")): Object: 'Object Repository/konfirmasi pesanan/a_Profile' is clicked on

2023-09-29 15:20:30 - [MESSAGE][PASSED] - Object: 'Object Repository/konfirmasi pesanan/a_Profile' is clicked on

2023-09-29 15:20:30 - [TEST_STEP][PASSED] - click(findTestObject("konfirmasi pesanan/a_Pembelian")): Object: 'Object Repository/konfirmasi pesanan/a_Pembelian' is clicked on

2023-09-29 15:20:31 - [MESSAGE][PASSED] - Object: 'Object Repository/konfirmasi pesanan/a_Pembelian' is clicked on

2023-09-29 15:20:31 - [TEST_STEP][PASSED] - click(findTestObject("konfirmasi pesanan/new konfirmasi bayar")): Object: 'Object Repository/konfirmasi pesanan/new konfirmasi bayar' is clicked on

2023-09-29 15:20:32 - [MESSAGE][PASSED] - Object: 'Object Repository/konfirmasi pesanan/new konfirmasi bayar' is clicked on

2023-09-29 15:20:32 - [TEST_STEP][PASSED] - clearText(findTestObject("konfirmasi pesanan/input_Total TagihanTransfer_b")): Text of object 'Object Repository/konfirmasi pesanan/input_Total TagihanTransfer_b' is cleared

2023-09-29 15:20:33 - [MESSAGE][PASSED] - Text of object 'Object Repository/konfirmasi pesanan/input_Total TagihanTransfer_b' is cleared

2023-09-29 15:20:33 - [TEST_STEP][PASSED] - setText(findTestObject("konfirmasi pesanan/input_Total TagihanTransfer_b"), ttlBayar): Text '16,767' is set on object 'Object Repository/konfirmasi pesanan/input_Total TagihanTransfer_b'

2023-09-29 15:20:33 - [MESSAGE][PASSED] - Text '16,767' is set on object 'Object Repository/konfirmasi pesanan/input_Total TagihanTransfer_b'

2023-09-29 15:20:33 - [TEST_STEP][PASSED] - selectOptionByValue(findTestObject("konfirmasi pesanan/select dropdown trasfer"), transfer, false): All options with value '1' are selected in object 'Object Repository/konfirmasi pesanan/select dropdown trasfer' 

2023-09-29 15:20:34 - [MESSAGE][PASSED] - All options with value '1' are selected in object 'Object Repository/konfirmasi pesanan/select dropdown trasfer' 

2023-09-29 15:20:34 - [TEST_STEP][PASSED] - clearText(findTestObject("konfirmasi pesanan/input_Nama Pengirim_d")): Text of object 'Object Repository/konfirmasi pesanan/input_Nama Pengirim_d' is cleared

2023-09-29 15:20:34 - [MESSAGE][PASSED] - Text of object 'Object Repository/konfirmasi pesanan/input_Nama Pengirim_d' is cleared

2023-09-29 15:20:34 - [TEST_STEP][PASSED] - setText(findTestObject("konfirmasi pesanan/input_Nama Pengirim_d"), nmPengirim): Text 'runarun' is set on object 'Object Repository/konfirmasi pesanan/input_Nama Pengirim_d'

2023-09-29 15:20:35 - [MESSAGE][PASSED] - Text 'runarun' is set on object 'Object Repository/konfirmasi pesanan/input_Nama Pengirim_d'

2023-09-29 15:20:35 - [TEST_STEP][PASSED] - clearText(findTestObject("konfirmasi pesanan/input_Tanggal Transfer_e")): Text of object 'Object Repository/konfirmasi pesanan/input_Tanggal Transfer_e' is cleared

2023-09-29 15:20:36 - [MESSAGE][PASSED] - Text of object 'Object Repository/konfirmasi pesanan/input_Tanggal Transfer_e' is cleared

2023-09-29 15:20:36 - [TEST_STEP][PASSED] - uploadFile(findTestObject("konfirmasi pesanan/input_Upload Bukti Transfer_f"), "F:\bootcamp\Miniproject\transfer.jpg"): File 'F:\bootcamp\Miniproject\transfer.jpg' sent to object: 'Object Repository/konfirmasi pesanan/input_Upload Bukti Transfer_f'

2023-09-29 15:20:36 - [MESSAGE][PASSED] - File 'F:\bootcamp\Miniproject\transfer.jpg' sent to object: 'Object Repository/konfirmasi pesanan/input_Upload Bukti Transfer_f'

2023-09-29 15:20:36 - [TEST_STEP][PASSED] - click(findTestObject("konfirmasi pesanan/button_Konfirmasi Pembayaran")): Object: 'Object Repository/konfirmasi pesanan/button_Konfirmasi Pembayaran' is clicked on

2023-09-29 15:20:37 - [MESSAGE][PASSED] - Object: 'Object Repository/konfirmasi pesanan/button_Konfirmasi Pembayaran' is clicked on

2023-09-29 15:20:37 - [TEST_STEP][FAILED] - verifyTextPresent("Please fill out this field.", false): Unable to verify text 'Please fill out this field.' is present  (Root cause: com.kms.katalon.core.exception.StepFailedException: Unable to verify text 'Please fill out this field.' is present 
	at com.kms.katalon.core.webui.keyword.internal.WebUIKeywordMain.stepFailed(WebUIKeywordMain.groovy:64)
	at com.kms.katalon.core.webui.keyword.internal.WebUIKeywordMain.runKeyword(WebUIKeywordMain.groovy:26)
	at com.kms.katalon.core.webui.keyword.builtin.VerifyTextPresentKeyword.verifyTextPresent(VerifyTextPresentKeyword.groovy:83)
	at com.kms.katalon.core.webui.keyword.builtin.VerifyTextPresentKeyword.execute(VerifyTextPresentKeyword.groovy:68)
	at com.kms.katalon.core.keyword.internal.KeywordExecutor.executeKeywordForPlatform(KeywordExecutor.groovy:74)
	at com.kms.katalon.core.webui.keyword.WebUiBuiltInKeywords.verifyTextPresent(WebUiBuiltInKeywords.groovy:1723)
	at com.kms.katalon.core.webui.keyword.WebUiBuiltInKeywords$verifyTextPresent$14.call(Unknown Source)
	at TC-KF-012.run(TC-KF-012:57)
	at com.kms.katalon.core.main.ScriptEngine.run(ScriptEngine.java:194)
	at com.kms.katalon.core.main.ScriptEngine.runScriptAsRawText(ScriptEngine.java:119)
	at com.kms.katalon.core.main.TestCaseExecutor.runScript(TestCaseExecutor.java:448)
	at com.kms.katalon.core.main.TestCaseExecutor.doExecute(TestCaseExecutor.java:439)
	at com.kms.katalon.core.main.TestCaseExecutor.processExecutionPhase(TestCaseExecutor.java:418)
	at com.kms.katalon.core.main.TestCaseExecutor.accessMainPhase(TestCaseExecutor.java:410)
	at com.kms.katalon.core.main.TestCaseExecutor.execute(TestCaseExecutor.java:285)
	at com.kms.katalon.core.common.CommonExecutor.accessTestCaseMainPhase(CommonExecutor.java:65)
	at com.kms.katalon.core.main.TestSuiteExecutor.accessTestSuiteMainPhase(TestSuiteExecutor.java:148)
	at com.kms.katalon.core.main.TestSuiteExecutor.execute(TestSuiteExecutor.java:106)
	at com.kms.katalon.core.main.TestCaseMain.startTestSuite(TestCaseMain.java:187)
	at com.kms.katalon.core.main.TestCaseMain$startTestSuite$0.call(Unknown Source)
	at TempTestSuite1695974576876.run(TempTestSuite1695974576876.groovy:36)
Caused by: com.kms.katalon.core.exception.StepFailedException: Text 'Please fill out this field.' is not present on page 
	at com.kms.katalon.core.webui.keyword.internal.WebUIKeywordMain.stepFailed(WebUIKeywordMain.groovy:64)
	at com.kms.katalon.core.webui.keyword.builtin.VerifyTextPresentKeyword$_verifyTextPresent_closure1.doCall(VerifyTextPresentKeyword.groovy:79)
	at com.kms.katalon.core.webui.keyword.builtin.VerifyTextPresentKeyword$_verifyTextPresent_closure1.call(VerifyTextPresentKeyword.groovy)
	at com.kms.katalon.core.webui.keyword.internal.WebUIKeywordMain.runKeyword(WebUIKeywordMain.groovy:20)
	... 19 more
)

2023-09-29 15:20:37 - [MESSAGE][FAILED] - Text 'Please fill out this field.' is not present on page  (Root cause: com.kms.katalon.core.exception.StepFailedException: Text 'Please fill out this field.' is not present on page 
	at com.kms.katalon.core.webui.keyword.internal.WebUIKeywordMain.stepFailed(WebUIKeywordMain.groovy:64)
	at com.kms.katalon.core.webui.keyword.builtin.VerifyTextPresentKeyword$_verifyTextPresent_closure1.doCall(VerifyTextPresentKeyword.groovy:79)
	at com.kms.katalon.core.webui.keyword.builtin.VerifyTextPresentKeyword$_verifyTextPresent_closure1.call(VerifyTextPresentKeyword.groovy)
	at com.kms.katalon.core.webui.keyword.internal.WebUIKeywordMain.runKeyword(WebUIKeywordMain.groovy:20)
	at com.kms.katalon.core.webui.keyword.builtin.VerifyTextPresentKeyword.verifyTextPresent(VerifyTextPresentKeyword.groovy:83)
	at com.kms.katalon.core.webui.keyword.builtin.VerifyTextPresentKeyword.execute(VerifyTextPresentKeyword.groovy:68)
	at com.kms.katalon.core.keyword.internal.KeywordExecutor.executeKeywordForPlatform(KeywordExecutor.groovy:74)
	at com.kms.katalon.core.webui.keyword.WebUiBuiltInKeywords.verifyTextPresent(WebUiBuiltInKeywords.groovy:1723)
	at com.kms.katalon.core.webui.keyword.WebUiBuiltInKeywords$verifyTextPresent$14.call(Unknown Source)
	at TC-KF-012.run(TC-KF-012:57)
	at com.kms.katalon.core.main.ScriptEngine.run(ScriptEngine.java:194)
	at com.kms.katalon.core.main.ScriptEngine.runScriptAsRawText(ScriptEngine.java:119)
	at com.kms.katalon.core.main.TestCaseExecutor.runScript(TestCaseExecutor.java:448)
	at com.kms.katalon.core.main.TestCaseExecutor.doExecute(TestCaseExecutor.java:439)
	at com.kms.katalon.core.main.TestCaseExecutor.processExecutionPhase(TestCaseExecutor.java:418)
	at com.kms.katalon.core.main.TestCaseExecutor.accessMainPhase(TestCaseExecutor.java:410)
	at com.kms.katalon.core.main.TestCaseExecutor.execute(TestCaseExecutor.java:285)
	at com.kms.katalon.core.common.CommonExecutor.accessTestCaseMainPhase(CommonExecutor.java:65)
	at com.kms.katalon.core.main.TestSuiteExecutor.accessTestSuiteMainPhase(TestSuiteExecutor.java:148)
	at com.kms.katalon.core.main.TestSuiteExecutor.execute(TestSuiteExecutor.java:106)
	at com.kms.katalon.core.main.TestCaseMain.startTestSuite(TestCaseMain.java:187)
	at com.kms.katalon.core.main.TestCaseMain$startTestSuite$0.call(Unknown Source)
	at TempTestSuite1695974576876.run(TempTestSuite1695974576876.groovy:36)
)

2023-09-29 15:20:38 - [MESSAGE][FAILED] - Unable to verify text 'Please fill out this field.' is present  (Root cause: com.kms.katalon.core.exception.StepFailedException: Unable to verify text 'Please fill out this field.' is present 
	at com.kms.katalon.core.webui.keyword.internal.WebUIKeywordMain.stepFailed(WebUIKeywordMain.groovy:64)
	at com.kms.katalon.core.webui.keyword.internal.WebUIKeywordMain.runKeyword(WebUIKeywordMain.groovy:26)
	at com.kms.katalon.core.webui.keyword.builtin.VerifyTextPresentKeyword.verifyTextPresent(VerifyTextPresentKeyword.groovy:83)
	at com.kms.katalon.core.webui.keyword.builtin.VerifyTextPresentKeyword.execute(VerifyTextPresentKeyword.groovy:68)
	at com.kms.katalon.core.keyword.internal.KeywordExecutor.executeKeywordForPlatform(KeywordExecutor.groovy:74)
	at com.kms.katalon.core.webui.keyword.WebUiBuiltInKeywords.verifyTextPresent(WebUiBuiltInKeywords.groovy:1723)
	at com.kms.katalon.core.webui.keyword.WebUiBuiltInKeywords$verifyTextPresent$14.call(Unknown Source)
	at TC-KF-012.run(TC-KF-012:57)
	at com.kms.katalon.core.main.ScriptEngine.run(ScriptEngine.java:194)
	at com.kms.katalon.core.main.ScriptEngine.runScriptAsRawText(ScriptEngine.java:119)
	at com.kms.katalon.core.main.TestCaseExecutor.runScript(TestCaseExecutor.java:448)
	at com.kms.katalon.core.main.TestCaseExecutor.doExecute(TestCaseExecutor.java:439)
	at com.kms.katalon.core.main.TestCaseExecutor.processExecutionPhase(TestCaseExecutor.java:418)
	at com.kms.katalon.core.main.TestCaseExecutor.accessMainPhase(TestCaseExecutor.java:410)
	at com.kms.katalon.core.main.TestCaseExecutor.execute(TestCaseExecutor.java:285)
	at com.kms.katalon.core.common.CommonExecutor.accessTestCaseMainPhase(CommonExecutor.java:65)
	at com.kms.katalon.core.main.TestSuiteExecutor.accessTestSuiteMainPhase(TestSuiteExecutor.java:148)
	at com.kms.katalon.core.main.TestSuiteExecutor.execute(TestSuiteExecutor.java:106)
	at com.kms.katalon.core.main.TestCaseMain.startTestSuite(TestCaseMain.java:187)
	at com.kms.katalon.core.main.TestCaseMain$startTestSuite$0.call(Unknown Source)
	at TempTestSuite1695974576876.run(TempTestSuite1695974576876.groovy:36)
Caused by: com.kms.katalon.core.exception.StepFailedException: Text 'Please fill out this field.' is not present on page 
	at com.kms.katalon.core.webui.keyword.internal.WebUIKeywordMain.stepFailed(WebUIKeywordMain.groovy:64)
	at com.kms.katalon.core.webui.keyword.builtin.VerifyTextPresentKeyword$_verifyTextPresent_closure1.doCall(VerifyTextPresentKeyword.groovy:79)
	at com.kms.katalon.core.webui.keyword.builtin.VerifyTextPresentKeyword$_verifyTextPresent_closure1.call(VerifyTextPresentKeyword.groovy)
	at com.kms.katalon.core.webui.keyword.internal.WebUIKeywordMain.runKeyword(WebUIKeywordMain.groovy:20)
	... 19 more
)
[[ATTACHMENT|F:\\bootcamp\\Miniproject\\Tajalapak\\Reports\\20230929_150256\\T08 - Konfirmasi Pesanan\\20230929_150256\\1695975637954.png]]]]></system-out>
         <system-err><![CDATA[2023-09-29 15:20:02 - [TEST_CASE][FAILED] - Test Cases/T08 - Konfirmasi Pesanan/TC-KF-012: Test Cases/T08 - Konfirmasi Pesanan/TC-KF-012 FAILED.
Reason:
com.kms.katalon.core.exception.StepFailedException: Unable to verify text 'Please fill out this field.' is present 
	at com.kms.katalon.core.webui.keyword.internal.WebUIKeywordMain.stepFailed(WebUIKeywordMain.groovy:64)
	at com.kms.katalon.core.webui.keyword.internal.WebUIKeywordMain.runKeyword(WebUIKeywordMain.groovy:26)
	at com.kms.katalon.core.webui.keyword.builtin.VerifyTextPresentKeyword.verifyTextPresent(VerifyTextPresentKeyword.groovy:83)
	at com.kms.katalon.core.webui.keyword.builtin.VerifyTextPresentKeyword.execute(VerifyTextPresentKeyword.groovy:68)
	at com.kms.katalon.core.keyword.internal.KeywordExecutor.executeKeywordForPlatform(KeywordExecutor.groovy:74)
	at com.kms.katalon.core.webui.keyword.WebUiBuiltInKeywords.verifyTextPresent(WebUiBuiltInKeywords.groovy:1723)
	at com.kms.katalon.core.webui.keyword.WebUiBuiltInKeywords$verifyTextPresent$14.call(Unknown Source)
	at TC-KF-012.run(TC-KF-012:57)
	at com.kms.katalon.core.main.ScriptEngine.run(ScriptEngine.java:194)
	at com.kms.katalon.core.main.ScriptEngine.runScriptAsRawText(ScriptEngine.java:119)
	at com.kms.katalon.core.main.TestCaseExecutor.runScript(TestCaseExecutor.java:448)
	at com.kms.katalon.core.main.TestCaseExecutor.doExecute(TestCaseExecutor.java:439)
	at com.kms.katalon.core.main.TestCaseExecutor.processExecutionPhase(TestCaseExecutor.java:418)
	at com.kms.katalon.core.main.TestCaseExecutor.accessMainPhase(TestCaseExecutor.java:410)
	at com.kms.katalon.core.main.TestCaseExecutor.execute(TestCaseExecutor.java:285)
	at com.kms.katalon.core.common.CommonExecutor.accessTestCaseMainPhase(CommonExecutor.java:65)
	at com.kms.katalon.core.main.TestSuiteExecutor.accessTestSuiteMainPhase(TestSuiteExecutor.java:148)
	at com.kms.katalon.core.main.TestSuiteExecutor.execute(TestSuiteExecutor.java:106)
	at com.kms.katalon.core.main.TestCaseMain.startTestSuite(TestCaseMain.java:187)
	at com.kms.katalon.core.main.TestCaseMain$startTestSuite$0.call(Unknown Source)
	at TempTestSuite1695974576876.run(TempTestSuite1695974576876.groovy:36)
Caused by: com.kms.katalon.core.exception.StepFailedException: Text 'Please fill out this field.' is not present on page 
	at com.kms.katalon.core.webui.keyword.internal.WebUIKeywordMain.stepFailed(WebUIKeywordMain.groovy:64)
	at com.kms.katalon.core.webui.keyword.builtin.VerifyTextPresentKeyword$_verifyTextPresent_closure1.doCall(VerifyTextPresentKeyword.groovy:79)
	at com.kms.katalon.core.webui.keyword.builtin.VerifyTextPresentKeyword$_verifyTextPresent_closure1.call(VerifyTextPresentKeyword.groovy)
	at com.kms.katalon.core.webui.keyword.internal.WebUIKeywordMain.runKeyword(WebUIKeywordMain.groovy:20)
	... 19 more]]></system-err>
      </testcase>
      <testcase name="Test Cases/T08 - Konfirmasi Pesanan/TC-KF-013" time="34.115" classname="Test Cases/T08 - Konfirmasi Pesanan/TC-KF-013" status="FAILED">
         <failure type="FAILED" message="Test Cases/T08 - Konfirmasi Pesanan/TC-KF-013 FAILED.
Reason:
com.kms.katalon.core.exception.StepFailedException: Unable to verify text 'Please upload an valid file!' is present 
	at com.kms.katalon.core.webui.keyword.internal.WebUIKeywordMain.stepFailed(WebUIKeywordMain.groovy:64)
	at com.kms.katalon.core.webui.keyword.internal.WebUIKeywordMain.runKeyword(WebUIKeywordMain.groovy:26)
	at com.kms.katalon.core.webui.keyword.builtin.VerifyTextPresentKeyword.verifyTextPresent(VerifyTextPresentKeyword.groovy:83)
	at com.kms.katalon.core.webui.keyword.builtin.VerifyTextPresentKeyword.execute(VerifyTextPresentKeyword.groovy:68)
	at com.kms.katalon.core.keyword.internal.KeywordExecutor.executeKeywordForPlatform(KeywordExecutor.groovy:74)
	at com.kms.katalon.core.webui.keyword.WebUiBuiltInKeywords.verifyTextPresent(WebUiBuiltInKeywords.groovy:1723)
	at com.kms.katalon.core.webui.keyword.WebUiBuiltInKeywords$verifyTextPresent$14.call(Unknown Source)
	at TC-KF-013.run(TC-KF-013:54)
	at com.kms.katalon.core.main.ScriptEngine.run(ScriptEngine.java:194)
	at com.kms.katalon.core.main.ScriptEngine.runScriptAsRawText(ScriptEngine.java:119)
	at com.kms.katalon.core.main.TestCaseExecutor.runScript(TestCaseExecutor.java:448)
	at com.kms.katalon.core.main.TestCaseExecutor.doExecute(TestCaseExecutor.java:439)
	at com.kms.katalon.core.main.TestCaseExecutor.processExecutionPhase(TestCaseExecutor.java:418)
	at com.kms.katalon.core.main.TestCaseExecutor.accessMainPhase(TestCaseExecutor.java:410)
	at com.kms.katalon.core.main.TestCaseExecutor.execute(TestCaseExecutor.java:285)
	at com.kms.katalon.core.common.CommonExecutor.accessTestCaseMainPhase(CommonExecutor.java:65)
	at com.kms.katalon.core.main.TestSuiteExecutor.accessTestSuiteMainPhase(TestSuiteExecutor.java:148)
	at com.kms.katalon.core.main.TestSuiteExecutor.execute(TestSuiteExecutor.java:106)
	at com.kms.katalon.core.main.TestCaseMain.startTestSuite(TestCaseMain.java:187)
	at com.kms.katalon.core.main.TestCaseMain$startTestSuite$0.call(Unknown Source)
	at TempTestSuite1695974576876.run(TempTestSuite1695974576876.groovy:36)
Caused by: com.kms.katalon.core.exception.StepFailedException: Text 'Please upload an valid file!' is not present on page 
	at com.kms.katalon.core.webui.keyword.internal.WebUIKeywordMain.stepFailed(WebUIKeywordMain.groovy:64)
	at com.kms.katalon.core.webui.keyword.builtin.VerifyTextPresentKeyword$_verifyTextPresent_closure1.doCall(VerifyTextPresentKeyword.groovy:79)
	at com.kms.katalon.core.webui.keyword.builtin.VerifyTextPresentKeyword$_verifyTextPresent_closure1.call(VerifyTextPresentKeyword.groovy)
	at com.kms.katalon.core.webui.keyword.internal.WebUIKeywordMain.runKeyword(WebUIKeywordMain.groovy:20)
	... 19 more
"/>
         <system-out><![CDATA[2023-09-29 15:20:38 - [TEST_CASE][FAILED] - Test Cases/T08 - Konfirmasi Pesanan/TC-KF-013: Test Cases/T08 - Konfirmasi Pesanan/TC-KF-013 FAILED.
Reason:
com.kms.katalon.core.exception.StepFailedException: Unable to verify text 'Please upload an valid file!' is present 
	at com.kms.katalon.core.webui.keyword.internal.WebUIKeywordMain.stepFailed(WebUIKeywordMain.groovy:64)
	at com.kms.katalon.core.webui.keyword.internal.WebUIKeywordMain.runKeyword(WebUIKeywordMain.groovy:26)
	at com.kms.katalon.core.webui.keyword.builtin.VerifyTextPresentKeyword.verifyTextPresent(VerifyTextPresentKeyword.groovy:83)
	at com.kms.katalon.core.webui.keyword.builtin.VerifyTextPresentKeyword.execute(VerifyTextPresentKeyword.groovy:68)
	at com.kms.katalon.core.keyword.internal.KeywordExecutor.executeKeywordForPlatform(KeywordExecutor.groovy:74)
	at com.kms.katalon.core.webui.keyword.WebUiBuiltInKeywords.verifyTextPresent(WebUiBuiltInKeywords.groovy:1723)
	at com.kms.katalon.core.webui.keyword.WebUiBuiltInKeywords$verifyTextPresent$14.call(Unknown Source)
	at TC-KF-013.run(TC-KF-013:54)
	at com.kms.katalon.core.main.ScriptEngine.run(ScriptEngine.java:194)
	at com.kms.katalon.core.main.ScriptEngine.runScriptAsRawText(ScriptEngine.java:119)
	at com.kms.katalon.core.main.TestCaseExecutor.runScript(TestCaseExecutor.java:448)
	at com.kms.katalon.core.main.TestCaseExecutor.doExecute(TestCaseExecutor.java:439)
	at com.kms.katalon.core.main.TestCaseExecutor.processExecutionPhase(TestCaseExecutor.java:418)
	at com.kms.katalon.core.main.TestCaseExecutor.accessMainPhase(TestCaseExecutor.java:410)
	at com.kms.katalon.core.main.TestCaseExecutor.execute(TestCaseExecutor.java:285)
	at com.kms.katalon.core.common.CommonExecutor.accessTestCaseMainPhase(CommonExecutor.java:65)
	at com.kms.katalon.core.main.TestSuiteExecutor.accessTestSuiteMainPhase(TestSuiteExecutor.java:148)
	at com.kms.katalon.core.main.TestSuiteExecutor.execute(TestSuiteExecutor.java:106)
	at com.kms.katalon.core.main.TestCaseMain.startTestSuite(TestCaseMain.java:187)
	at com.kms.katalon.core.main.TestCaseMain$startTestSuite$0.call(Unknown Source)
	at TempTestSuite1695974576876.run(TempTestSuite1695974576876.groovy:36)
Caused by: com.kms.katalon.core.exception.StepFailedException: Text 'Please upload an valid file!' is not present on page 
	at com.kms.katalon.core.webui.keyword.internal.WebUIKeywordMain.stepFailed(WebUIKeywordMain.groovy:64)
	at com.kms.katalon.core.webui.keyword.builtin.VerifyTextPresentKeyword$_verifyTextPresent_closure1.doCall(VerifyTextPresentKeyword.groovy:79)
	at com.kms.katalon.core.webui.keyword.builtin.VerifyTextPresentKeyword$_verifyTextPresent_closure1.call(VerifyTextPresentKeyword.groovy)
	at com.kms.katalon.core.webui.keyword.internal.WebUIKeywordMain.runKeyword(WebUIKeywordMain.groovy:20)
	... 19 more


2023-09-29 15:20:38 - [TEST_STEP][PASSED] - data = callTestCase(findTestCase("T08 - Konfirmasi Pesanan/TC-OS-001"), ["Roda":"2", "MetodePembayaran":"transfer"], STOP_ON_FAILURE): Call Test Case 'Test Cases/T08 - Konfirmasi Pesanan/TC-OS-001' successfully

2023-09-29 15:20:38 - [TEST_CASE][PASSED] - Test Cases/T08 - Konfirmasi Pesanan/TC-OS-001: Test Cases/T08 - Konfirmasi Pesanan/TC-OS-001

2023-09-29 15:20:38 - [TEST_STEP][PASSED] - callTestCase(findTestCase("T08 - Konfirmasi Pesanan/TC-LS-001"), [:], STOP_ON_FAILURE): Call Test Case 'Test Cases/T08 - Konfirmasi Pesanan/TC-LS-001' successfully

2023-09-29 15:20:38 - [TEST_CASE][PASSED] - Test Cases/T08 - Konfirmasi Pesanan/TC-LS-001: Test Cases/T08 - Konfirmasi Pesanan/TC-LS-001

2023-09-29 15:20:38 - [TEST_STEP][PASSED] - openBrowser(urlWeb): Browser is opened with url: 'https://10.9.2.63/ecommerce/'

2023-09-29 15:20:38 - [MESSAGE][WARNING] - A browser is already opened. Closing browser and opening a new one

2023-09-29 15:20:39 - [MESSAGE][INFO] - Starting 'Firefox' driver

2023-09-29 15:20:39 - [MESSAGE][INFO] - Action delay is set to 0 milliseconds

2023-09-29 15:20:44 - [MESSAGE][PASSED] - Browser is opened with url: 'https://10.9.2.63/ecommerce/'

2023-09-29 15:20:44 - [TEST_STEP][PASSED] - maximizeWindow(): Current window maximized

2023-09-29 15:20:44 - [MESSAGE][PASSED] - Current window maximized

2023-09-29 15:20:44 - [TEST_STEP][PASSED] - click(findTestObject("Login/a_Login")): Object: 'Object Repository/Login/a_Login' is clicked on

2023-09-29 15:20:45 - [MESSAGE][PASSED] - Object: 'Object Repository/Login/a_Login' is clicked on

2023-09-29 15:20:45 - [TEST_STEP][PASSED] - setText(findTestObject("Login/input_Username, Email atau No. Handphone_a"), "runa36"): Text 'runa36' is set on object 'Object Repository/Login/input_Username, Email atau No. Handphone_a'

2023-09-29 15:20:46 - [MESSAGE][PASSED] - Text 'runa36' is set on object 'Object Repository/Login/input_Username, Email atau No. Handphone_a'

2023-09-29 15:20:46 - [TEST_STEP][PASSED] - setEncryptedText(findTestObject("Login/input_Password di Login(Masuk)"), "qbkrdMwyWE4="): Text ****** has been set on object 'Object Repository/Login/input_Password di Login(Masuk)'

2023-09-29 15:20:46 - [MESSAGE][PASSED] - Text ****** has been set on object 'Object Repository/Login/input_Password di Login(Masuk)'

2023-09-29 15:20:46 - [TEST_STEP][PASSED] - click(findTestObject("Login/button_Masuk di halaman login")): Object: 'Object Repository/Login/button_Masuk di halaman login' is clicked on

2023-09-29 15:20:47 - [MESSAGE][PASSED] - Object: 'Object Repository/Login/button_Masuk di halaman login' is clicked on

2023-09-29 15:20:47 - [TEST_STEP][PASSED] - verifyElementPresent(findTestObject("Pendaftaran/verifikasi MASUK di halaman Login"), 0): Object 'Object Repository/Pendaftaran/verifikasi MASUK di halaman Login' is present

2023-09-29 15:20:47 - [MESSAGE][WARNING] - Timeout '0' is invalid. Using default page load timeout: '30'

2023-09-29 15:20:47 - [MESSAGE][PASSED] - Object 'Object Repository/Pendaftaran/verifikasi MASUK di halaman Login' is present

2023-09-29 15:20:47 - [MESSAGE][PASSED] - Call Test Case 'Test Cases/T08 - Konfirmasi Pesanan/TC-LS-001' successfully

2023-09-29 15:20:47 - [TEST_STEP][PASSED] - setText(findTestObject("chekout/input aku mau belanja"), "acer"): Text 'acer' is set on object 'Object Repository/chekout/input aku mau belanja'

2023-09-29 15:20:48 - [MESSAGE][PASSED] - Text 'acer' is set on object 'Object Repository/chekout/input aku mau belanja'

2023-09-29 15:20:48 - [TEST_STEP][PASSED] - click(findTestObject("chekout/button_Cari di halaman tajalapak")): Object: 'Object Repository/chekout/button_Cari di halaman tajalapak' is clicked on

2023-09-29 15:20:49 - [MESSAGE][PASSED] - Object: 'Object Repository/chekout/button_Cari di halaman tajalapak' is clicked on

2023-09-29 15:20:49 - [TEST_STEP][PASSED] - click(findTestObject("chekout/NEW read more acer")): Object: 'Object Repository/chekout/NEW read more acer' is clicked on

2023-09-29 15:20:50 - [MESSAGE][PASSED] - Object: 'Object Repository/chekout/NEW read more acer' is clicked on

2023-09-29 15:20:50 - [TEST_STEP][PASSED] - click(findTestObject("chekout/button_Beli Sekarang di detail produk")): Object: 'Object Repository/chekout/button_Beli Sekarang di detail produk' is clicked on

2023-09-29 15:20:51 - [MESSAGE][PASSED] - Object: 'Object Repository/chekout/button_Beli Sekarang di detail produk' is clicked on

2023-09-29 15:20:51 - [TEST_STEP][PASSED] - verifyElementPresent(findTestObject("chekout/halaman keranjang belanja"), 0): Object 'Object Repository/chekout/halaman keranjang belanja' is present

2023-09-29 15:20:51 - [MESSAGE][WARNING] - Timeout '0' is invalid. Using default page load timeout: '30'

2023-09-29 15:20:52 - [MESSAGE][PASSED] - Object 'Object Repository/chekout/halaman keranjang belanja' is present

2023-09-29 15:20:52 - [TEST_STEP][PASSED] - click(findTestObject("chekout/button_Lanjut ke Pembayaran")): Object: 'Object Repository/chekout/button_Lanjut ke Pembayaran' is clicked on

2023-09-29 15:20:53 - [MESSAGE][PASSED] - Object: 'Object Repository/chekout/button_Lanjut ke Pembayaran' is clicked on

2023-09-29 15:20:53 - [TEST_STEP][PASSED] - selectOptionByValue(findTestObject("Object Repository/chekout/select_- Kirim via Kurir Lokal -Roda 2Roda 4"), Roda, false): All options with value '2' are selected in object 'Object Repository/chekout/select_- Kirim via Kurir Lokal -Roda 2Roda 4' 

2023-09-29 15:20:54 - [MESSAGE][PASSED] - All options with value '2' are selected in object 'Object Repository/chekout/select_- Kirim via Kurir Lokal -Roda 2Roda 4' 

2023-09-29 15:20:54 - [TEST_STEP][PASSED] - click(findTestObject("chekout/jenis kendaraan")): Object: 'Object Repository/chekout/jenis kendaraan' is clicked on

2023-09-29 15:20:55 - [MESSAGE][PASSED] - Object: 'Object Repository/chekout/jenis kendaraan' is clicked on

2023-09-29 15:20:55 - [TEST_STEP][PASSED] - if (toString().equalsIgnoreCase("transfer")): Object 'Object Repository/chekout/input metode tf bank' is checked

2023-09-29 15:20:55 - [TEST_STEP][PASSED] - check(findTestObject("chekout/input metode tf bank")): Object 'Object Repository/chekout/input metode tf bank' is checked

2023-09-29 15:20:55 - [MESSAGE][PASSED] - Object 'Object Repository/chekout/input metode tf bank' is checked

2023-09-29 15:20:55 - [TEST_STEP][PASSED] - click(findTestObject("chekout/button_Proses Pembayaran")): Object: 'Object Repository/chekout/button_Proses Pembayaran' is clicked on

2023-09-29 15:21:01 - [MESSAGE][PASSED] - Object: 'Object Repository/chekout/button_Proses Pembayaran' is clicked on

2023-09-29 15:21:01 - [TEST_STEP][PASSED] - noPesanan = getText(findTestObject("Object Repository/chekout/nomor invoice dari halaman menunggu pembayaran")): Text of object 'Object Repository/chekout/nomor invoice dari halaman menunggu pembayaran' is: 'TRX91.20230929152056'

2023-09-29 15:21:01 - [MESSAGE][PASSED] - Text of object 'Object Repository/chekout/nomor invoice dari halaman menunggu pembayaran' is: 'TRX91.20230929152056'

2023-09-29 15:21:01 - [TEST_STEP][PASSED] - println(noPesanan): null

2023-09-29 15:21:01 - [TEST_STEP][PASSED] - pengirim = getText(findTestObject("Object Repository/chekout/dikirim kepada sama dengan pengirim di tf di konfirmaasi bayar")): Text of object 'Object Repository/chekout/dikirim kepada sama dengan pengirim di tf di konfirmaasi bayar' is: 'runarun'

2023-09-29 15:21:02 - [MESSAGE][PASSED] - Text of object 'Object Repository/chekout/dikirim kepada sama dengan pengirim di tf di konfirmaasi bayar' is: 'runarun'

2023-09-29 15:21:02 - [TEST_STEP][PASSED] - totalharga = getText(findTestObject("Object Repository/chekout/total harga bayar")): Text of object 'Object Repository/chekout/total harga bayar' is: '16,802'

2023-09-29 15:21:02 - [MESSAGE][PASSED] - Text of object 'Object Repository/chekout/total harga bayar' is: '16,802'

2023-09-29 15:21:02 - [TEST_STEP][PASSED] - ongkir = getText(findTestObject("co saldo akun/new ongkir tf")): Text of object 'Object Repository/co saldo akun/new ongkir tf' is: 'Rp 13,000'

2023-09-29 15:21:03 - [MESSAGE][PASSED] - Text of object 'Object Repository/co saldo akun/new ongkir tf' is: 'Rp 13,000'

2023-09-29 15:21:03 - [TEST_STEP][PASSED] - ongkirr = replace(",", "").trim(): null

2023-09-29 15:21:03 - [TEST_STEP][PASSED] - ongkir1 = Integer.parseInt(ongkirr): null

2023-09-29 15:21:03 - [TEST_STEP][PASSED] - println(ongkir1): null

2023-09-29 15:21:03 - [TEST_STEP][PASSED] - biayaAdmin = getText(findTestObject("co saldo akun/new fee admin tf")): Text of object 'Object Repository/co saldo akun/new fee admin tf' is: 'Rp 1,500'

2023-09-29 15:21:03 - [MESSAGE][PASSED] - Text of object 'Object Repository/co saldo akun/new fee admin tf' is: 'Rp 1,500'

2023-09-29 15:21:03 - [TEST_STEP][PASSED] - bAdmin = replace(",", "").trim(): null

2023-09-29 15:21:03 - [TEST_STEP][PASSED] - Integer.parseInt(bAdmin): null

2023-09-29 15:21:03 - [TEST_STEP][PASSED] - Admin = Double.parseDouble(bAdmin): null

2023-09-29 15:21:03 - [TEST_STEP][PASSED] - println(Admin): null

2023-09-29 15:21:03 - [TEST_STEP][PASSED] - subtotal = getText(findTestObject("co saldo akun/new subtotal tf")): Text of object 'Object Repository/co saldo akun/new subtotal tf' is: 'Rp 2,246'

2023-09-29 15:21:04 - [MESSAGE][PASSED] - Text of object 'Object Repository/co saldo akun/new subtotal tf' is: 'Rp 2,246'

2023-09-29 15:21:04 - [TEST_STEP][PASSED] - subtotall = replace(",", "").trim(): null

2023-09-29 15:21:04 - [TEST_STEP][PASSED] - Integer.parseInt(subtotall): null

2023-09-29 15:21:04 - [TEST_STEP][PASSED] - sub = Double.parseDouble(subtotall): null

2023-09-29 15:21:04 - [TEST_STEP][PASSED] - println(sub): null

2023-09-29 15:21:04 - [TEST_STEP][PASSED] - kode = getText(findTestObject("co saldo akun/new kode unik tf")): Text of object 'Object Repository/co saldo akun/new kode unik tf' is: '+056'

2023-09-29 15:21:04 - [MESSAGE][PASSED] - Text of object 'Object Repository/co saldo akun/new kode unik tf' is: '+056'

2023-09-29 15:21:04 - [TEST_STEP][PASSED] - kodee = replace("+", "").trim(): null

2023-09-29 15:21:04 - [TEST_STEP][PASSED] - Integer.parseInt(kodee): null

2023-09-29 15:21:04 - [TEST_STEP][PASSED] - code = Double.parseDouble(kodee): null

2023-09-29 15:21:04 - [TEST_STEP][PASSED] - tOng = ongkir1 + sub: null

2023-09-29 15:21:04 - [TEST_STEP][PASSED] - println(tOng): null

2023-09-29 15:21:04 - [TEST_STEP][PASSED] - totalBayar = tOng + Admin + code: null

2023-09-29 15:21:04 - [TEST_STEP][PASSED] - println(totalBayar): null

2023-09-29 15:21:04 - [TEST_STEP][PASSED] - totalBayar1 = totalBayar: null

2023-09-29 15:21:04 - [TEST_STEP][PASSED] - println(totalBayar1): null

2023-09-29 15:21:04 - [TEST_STEP][PASSED] - total = getText(findTestObject("co saldo akun/new total harga tf")): Text of object 'Object Repository/co saldo akun/new total harga tf' is: '16,802'

2023-09-29 15:21:05 - [MESSAGE][PASSED] - Text of object 'Object Repository/co saldo akun/new total harga tf' is: '16,802'

2023-09-29 15:21:05 - [TEST_STEP][PASSED] - total1 = replace(",", "").trim(): null

2023-09-29 15:21:05 - [TEST_STEP][PASSED] - total2 = Integer.parseInt(total1): null

2023-09-29 15:21:05 - [TEST_STEP][PASSED] - println(total2): null

2023-09-29 15:21:05 - [TEST_STEP][PASSED] - assert totalBayar1 == total2: null

2023-09-29 15:21:05 - [TEST_STEP][PASSED] - data = new java.util.HashMap(): null

2023-09-29 15:21:05 - [TEST_STEP][PASSED] - data.put("invoice", noPesanan): null

2023-09-29 15:21:05 - [TEST_STEP][PASSED] - data.put("namaPengirim", pengirim): null

2023-09-29 15:21:05 - [TEST_STEP][PASSED] - data.put("totalBayar", totalharga): null

2023-09-29 15:21:05 - [TEST_STEP][PASSED] - data.put("totalOngkir", tOng): null

2023-09-29 15:21:05 - [TEST_STEP][PASSED] - return data: null

2023-09-29 15:21:05 - [MESSAGE][PASSED] - Call Test Case 'Test Cases/T08 - Konfirmasi Pesanan/TC-OS-001' successfully

2023-09-29 15:21:05 - [TEST_STEP][PASSED] - noInvoice = data.get("invoice"): null

2023-09-29 15:21:05 - [TEST_STEP][PASSED] - nmPengirim = data.get("namaPengirim"): null

2023-09-29 15:21:05 - [TEST_STEP][PASSED] - ttlBayar = data.get("totalBayar"): null

2023-09-29 15:21:05 - [TEST_STEP][PASSED] - click(findTestObject("konfirmasi pesanan/a_Akun 0")): Object: 'Object Repository/konfirmasi pesanan/a_Akun 0' is clicked on

2023-09-29 15:21:05 - [MESSAGE][PASSED] - Object: 'Object Repository/konfirmasi pesanan/a_Akun 0' is clicked on

2023-09-29 15:21:05 - [TEST_STEP][PASSED] - click(findTestObject("konfirmasi order konsumen/pembelian dari akun")): Object: 'Object Repository/konfirmasi order konsumen/pembelian dari akun' is clicked on

2023-09-29 15:21:06 - [MESSAGE][PASSED] - Object: 'Object Repository/konfirmasi order konsumen/pembelian dari akun' is clicked on

2023-09-29 15:21:06 - [TEST_STEP][PASSED] - click(findTestObject("konfirmasi pesanan/new konfirmasi bayar")): Object: 'Object Repository/konfirmasi pesanan/new konfirmasi bayar' is clicked on

2023-09-29 15:21:07 - [MESSAGE][PASSED] - Object: 'Object Repository/konfirmasi pesanan/new konfirmasi bayar' is clicked on

2023-09-29 15:21:07 - [TEST_STEP][PASSED] - verifyElementPresent(findTestObject("konfirmasi pesanan/verifikasi user masuk halaman konfirmasi bayar dari akun profil"), 0): Object 'Object Repository/konfirmasi pesanan/verifikasi user masuk halaman konfirmasi bayar dari akun profil' is present

2023-09-29 15:21:07 - [MESSAGE][WARNING] - Timeout '0' is invalid. Using default page load timeout: '30'

2023-09-29 15:21:08 - [MESSAGE][PASSED] - Object 'Object Repository/konfirmasi pesanan/verifikasi user masuk halaman konfirmasi bayar dari akun profil' is present

2023-09-29 15:21:08 - [TEST_STEP][PASSED] - clearText(findTestObject("konfirmasi pesanan/input_Total TagihanTransfer_b")): Text of object 'Object Repository/konfirmasi pesanan/input_Total TagihanTransfer_b' is cleared

2023-09-29 15:21:08 - [MESSAGE][PASSED] - Text of object 'Object Repository/konfirmasi pesanan/input_Total TagihanTransfer_b' is cleared

2023-09-29 15:21:08 - [TEST_STEP][PASSED] - setText(findTestObject("konfirmasi pesanan/input_Total TagihanTransfer_b"), ttlBayar): Text '16,802' is set on object 'Object Repository/konfirmasi pesanan/input_Total TagihanTransfer_b'

2023-09-29 15:21:09 - [MESSAGE][PASSED] - Text '16,802' is set on object 'Object Repository/konfirmasi pesanan/input_Total TagihanTransfer_b'

2023-09-29 15:21:09 - [TEST_STEP][PASSED] - selectOptionByValue(findTestObject("konfirmasi pesanan/select dropdown trasfer"), transfer, false): All options with value '1' are selected in object 'Object Repository/konfirmasi pesanan/select dropdown trasfer' 

2023-09-29 15:21:09 - [MESSAGE][PASSED] - All options with value '1' are selected in object 'Object Repository/konfirmasi pesanan/select dropdown trasfer' 

2023-09-29 15:21:09 - [TEST_STEP][PASSED] - uploadFile(findTestObject("konfirmasi pesanan/input_Upload Bukti Transfer_f"), "F:\bootcamp\Miniproject\Transfer.rar"): File 'F:\bootcamp\Miniproject\Transfer.rar' sent to object: 'Object Repository/konfirmasi pesanan/input_Upload Bukti Transfer_f'

2023-09-29 15:21:10 - [MESSAGE][PASSED] - File 'F:\bootcamp\Miniproject\Transfer.rar' sent to object: 'Object Repository/konfirmasi pesanan/input_Upload Bukti Transfer_f'

2023-09-29 15:21:10 - [TEST_STEP][PASSED] - name = getAttribute(findTestObject("Object Repository/konfirmasi pesanan/input_Nama Pengirim_d"), "value"): Attribute 'value' of object 'Object Repository/konfirmasi pesanan/input_Nama Pengirim_d' is: 'runarun'

2023-09-29 15:21:10 - [MESSAGE][PASSED] - Attribute 'value' of object 'Object Repository/konfirmasi pesanan/input_Nama Pengirim_d' is: 'runarun'

2023-09-29 15:21:10 - [TEST_STEP][PASSED] - assert name == nmPengirim: null

2023-09-29 15:21:10 - [TEST_STEP][PASSED] - assert trim().equalsIgnoreCase(nama.trim()): null

2023-09-29 15:21:10 - [TEST_STEP][PASSED] - click(findTestObject("konfirmasi pesanan/button_Konfirmasi Pembayaran")): Object: 'Object Repository/konfirmasi pesanan/button_Konfirmasi Pembayaran' is clicked on

2023-09-29 15:21:11 - [MESSAGE][PASSED] - Object: 'Object Repository/konfirmasi pesanan/button_Konfirmasi Pembayaran' is clicked on

2023-09-29 15:21:11 - [TEST_STEP][FAILED] - verifyTextPresent("Please upload an valid file!", false): Unable to verify text 'Please upload an valid file!' is present  (Root cause: com.kms.katalon.core.exception.StepFailedException: Unable to verify text 'Please upload an valid file!' is present 
	at com.kms.katalon.core.webui.keyword.internal.WebUIKeywordMain.stepFailed(WebUIKeywordMain.groovy:64)
	at com.kms.katalon.core.webui.keyword.internal.WebUIKeywordMain.runKeyword(WebUIKeywordMain.groovy:26)
	at com.kms.katalon.core.webui.keyword.builtin.VerifyTextPresentKeyword.verifyTextPresent(VerifyTextPresentKeyword.groovy:83)
	at com.kms.katalon.core.webui.keyword.builtin.VerifyTextPresentKeyword.execute(VerifyTextPresentKeyword.groovy:68)
	at com.kms.katalon.core.keyword.internal.KeywordExecutor.executeKeywordForPlatform(KeywordExecutor.groovy:74)
	at com.kms.katalon.core.webui.keyword.WebUiBuiltInKeywords.verifyTextPresent(WebUiBuiltInKeywords.groovy:1723)
	at com.kms.katalon.core.webui.keyword.WebUiBuiltInKeywords$verifyTextPresent$14.call(Unknown Source)
	at TC-KF-013.run(TC-KF-013:54)
	at com.kms.katalon.core.main.ScriptEngine.run(ScriptEngine.java:194)
	at com.kms.katalon.core.main.ScriptEngine.runScriptAsRawText(ScriptEngine.java:119)
	at com.kms.katalon.core.main.TestCaseExecutor.runScript(TestCaseExecutor.java:448)
	at com.kms.katalon.core.main.TestCaseExecutor.doExecute(TestCaseExecutor.java:439)
	at com.kms.katalon.core.main.TestCaseExecutor.processExecutionPhase(TestCaseExecutor.java:418)
	at com.kms.katalon.core.main.TestCaseExecutor.accessMainPhase(TestCaseExecutor.java:410)
	at com.kms.katalon.core.main.TestCaseExecutor.execute(TestCaseExecutor.java:285)
	at com.kms.katalon.core.common.CommonExecutor.accessTestCaseMainPhase(CommonExecutor.java:65)
	at com.kms.katalon.core.main.TestSuiteExecutor.accessTestSuiteMainPhase(TestSuiteExecutor.java:148)
	at com.kms.katalon.core.main.TestSuiteExecutor.execute(TestSuiteExecutor.java:106)
	at com.kms.katalon.core.main.TestCaseMain.startTestSuite(TestCaseMain.java:187)
	at com.kms.katalon.core.main.TestCaseMain$startTestSuite$0.call(Unknown Source)
	at TempTestSuite1695974576876.run(TempTestSuite1695974576876.groovy:36)
Caused by: com.kms.katalon.core.exception.StepFailedException: Text 'Please upload an valid file!' is not present on page 
	at com.kms.katalon.core.webui.keyword.internal.WebUIKeywordMain.stepFailed(WebUIKeywordMain.groovy:64)
	at com.kms.katalon.core.webui.keyword.builtin.VerifyTextPresentKeyword$_verifyTextPresent_closure1.doCall(VerifyTextPresentKeyword.groovy:79)
	at com.kms.katalon.core.webui.keyword.builtin.VerifyTextPresentKeyword$_verifyTextPresent_closure1.call(VerifyTextPresentKeyword.groovy)
	at com.kms.katalon.core.webui.keyword.internal.WebUIKeywordMain.runKeyword(WebUIKeywordMain.groovy:20)
	... 19 more
)

2023-09-29 15:21:12 - [MESSAGE][FAILED] - Text 'Please upload an valid file!' is not present on page  (Root cause: com.kms.katalon.core.exception.StepFailedException: Text 'Please upload an valid file!' is not present on page 
	at com.kms.katalon.core.webui.keyword.internal.WebUIKeywordMain.stepFailed(WebUIKeywordMain.groovy:64)
	at com.kms.katalon.core.webui.keyword.builtin.VerifyTextPresentKeyword$_verifyTextPresent_closure1.doCall(VerifyTextPresentKeyword.groovy:79)
	at com.kms.katalon.core.webui.keyword.builtin.VerifyTextPresentKeyword$_verifyTextPresent_closure1.call(VerifyTextPresentKeyword.groovy)
	at com.kms.katalon.core.webui.keyword.internal.WebUIKeywordMain.runKeyword(WebUIKeywordMain.groovy:20)
	at com.kms.katalon.core.webui.keyword.builtin.VerifyTextPresentKeyword.verifyTextPresent(VerifyTextPresentKeyword.groovy:83)
	at com.kms.katalon.core.webui.keyword.builtin.VerifyTextPresentKeyword.execute(VerifyTextPresentKeyword.groovy:68)
	at com.kms.katalon.core.keyword.internal.KeywordExecutor.executeKeywordForPlatform(KeywordExecutor.groovy:74)
	at com.kms.katalon.core.webui.keyword.WebUiBuiltInKeywords.verifyTextPresent(WebUiBuiltInKeywords.groovy:1723)
	at com.kms.katalon.core.webui.keyword.WebUiBuiltInKeywords$verifyTextPresent$14.call(Unknown Source)
	at TC-KF-013.run(TC-KF-013:54)
	at com.kms.katalon.core.main.ScriptEngine.run(ScriptEngine.java:194)
	at com.kms.katalon.core.main.ScriptEngine.runScriptAsRawText(ScriptEngine.java:119)
	at com.kms.katalon.core.main.TestCaseExecutor.runScript(TestCaseExecutor.java:448)
	at com.kms.katalon.core.main.TestCaseExecutor.doExecute(TestCaseExecutor.java:439)
	at com.kms.katalon.core.main.TestCaseExecutor.processExecutionPhase(TestCaseExecutor.java:418)
	at com.kms.katalon.core.main.TestCaseExecutor.accessMainPhase(TestCaseExecutor.java:410)
	at com.kms.katalon.core.main.TestCaseExecutor.execute(TestCaseExecutor.java:285)
	at com.kms.katalon.core.common.CommonExecutor.accessTestCaseMainPhase(CommonExecutor.java:65)
	at com.kms.katalon.core.main.TestSuiteExecutor.accessTestSuiteMainPhase(TestSuiteExecutor.java:148)
	at com.kms.katalon.core.main.TestSuiteExecutor.execute(TestSuiteExecutor.java:106)
	at com.kms.katalon.core.main.TestCaseMain.startTestSuite(TestCaseMain.java:187)
	at com.kms.katalon.core.main.TestCaseMain$startTestSuite$0.call(Unknown Source)
	at TempTestSuite1695974576876.run(TempTestSuite1695974576876.groovy:36)
)

2023-09-29 15:21:12 - [MESSAGE][FAILED] - Unable to verify text 'Please upload an valid file!' is present  (Root cause: com.kms.katalon.core.exception.StepFailedException: Unable to verify text 'Please upload an valid file!' is present 
	at com.kms.katalon.core.webui.keyword.internal.WebUIKeywordMain.stepFailed(WebUIKeywordMain.groovy:64)
	at com.kms.katalon.core.webui.keyword.internal.WebUIKeywordMain.runKeyword(WebUIKeywordMain.groovy:26)
	at com.kms.katalon.core.webui.keyword.builtin.VerifyTextPresentKeyword.verifyTextPresent(VerifyTextPresentKeyword.groovy:83)
	at com.kms.katalon.core.webui.keyword.builtin.VerifyTextPresentKeyword.execute(VerifyTextPresentKeyword.groovy:68)
	at com.kms.katalon.core.keyword.internal.KeywordExecutor.executeKeywordForPlatform(KeywordExecutor.groovy:74)
	at com.kms.katalon.core.webui.keyword.WebUiBuiltInKeywords.verifyTextPresent(WebUiBuiltInKeywords.groovy:1723)
	at com.kms.katalon.core.webui.keyword.WebUiBuiltInKeywords$verifyTextPresent$14.call(Unknown Source)
	at TC-KF-013.run(TC-KF-013:54)
	at com.kms.katalon.core.main.ScriptEngine.run(ScriptEngine.java:194)
	at com.kms.katalon.core.main.ScriptEngine.runScriptAsRawText(ScriptEngine.java:119)
	at com.kms.katalon.core.main.TestCaseExecutor.runScript(TestCaseExecutor.java:448)
	at com.kms.katalon.core.main.TestCaseExecutor.doExecute(TestCaseExecutor.java:439)
	at com.kms.katalon.core.main.TestCaseExecutor.processExecutionPhase(TestCaseExecutor.java:418)
	at com.kms.katalon.core.main.TestCaseExecutor.accessMainPhase(TestCaseExecutor.java:410)
	at com.kms.katalon.core.main.TestCaseExecutor.execute(TestCaseExecutor.java:285)
	at com.kms.katalon.core.common.CommonExecutor.accessTestCaseMainPhase(CommonExecutor.java:65)
	at com.kms.katalon.core.main.TestSuiteExecutor.accessTestSuiteMainPhase(TestSuiteExecutor.java:148)
	at com.kms.katalon.core.main.TestSuiteExecutor.execute(TestSuiteExecutor.java:106)
	at com.kms.katalon.core.main.TestCaseMain.startTestSuite(TestCaseMain.java:187)
	at com.kms.katalon.core.main.TestCaseMain$startTestSuite$0.call(Unknown Source)
	at TempTestSuite1695974576876.run(TempTestSuite1695974576876.groovy:36)
Caused by: com.kms.katalon.core.exception.StepFailedException: Text 'Please upload an valid file!' is not present on page 
	at com.kms.katalon.core.webui.keyword.internal.WebUIKeywordMain.stepFailed(WebUIKeywordMain.groovy:64)
	at com.kms.katalon.core.webui.keyword.builtin.VerifyTextPresentKeyword$_verifyTextPresent_closure1.doCall(VerifyTextPresentKeyword.groovy:79)
	at com.kms.katalon.core.webui.keyword.builtin.VerifyTextPresentKeyword$_verifyTextPresent_closure1.call(VerifyTextPresentKeyword.groovy)
	at com.kms.katalon.core.webui.keyword.internal.WebUIKeywordMain.runKeyword(WebUIKeywordMain.groovy:20)
	... 19 more
)
[[ATTACHMENT|F:\\bootcamp\\Miniproject\\Tajalapak\\Reports\\20230929_150256\\T08 - Konfirmasi Pesanan\\20230929_150256\\1695975672197.png]]]]></system-out>
         <system-err><![CDATA[2023-09-29 15:20:38 - [TEST_CASE][FAILED] - Test Cases/T08 - Konfirmasi Pesanan/TC-KF-013: Test Cases/T08 - Konfirmasi Pesanan/TC-KF-013 FAILED.
Reason:
com.kms.katalon.core.exception.StepFailedException: Unable to verify text 'Please upload an valid file!' is present 
	at com.kms.katalon.core.webui.keyword.internal.WebUIKeywordMain.stepFailed(WebUIKeywordMain.groovy:64)
	at com.kms.katalon.core.webui.keyword.internal.WebUIKeywordMain.runKeyword(WebUIKeywordMain.groovy:26)
	at com.kms.katalon.core.webui.keyword.builtin.VerifyTextPresentKeyword.verifyTextPresent(VerifyTextPresentKeyword.groovy:83)
	at com.kms.katalon.core.webui.keyword.builtin.VerifyTextPresentKeyword.execute(VerifyTextPresentKeyword.groovy:68)
	at com.kms.katalon.core.keyword.internal.KeywordExecutor.executeKeywordForPlatform(KeywordExecutor.groovy:74)
	at com.kms.katalon.core.webui.keyword.WebUiBuiltInKeywords.verifyTextPresent(WebUiBuiltInKeywords.groovy:1723)
	at com.kms.katalon.core.webui.keyword.WebUiBuiltInKeywords$verifyTextPresent$14.call(Unknown Source)
	at TC-KF-013.run(TC-KF-013:54)
	at com.kms.katalon.core.main.ScriptEngine.run(ScriptEngine.java:194)
	at com.kms.katalon.core.main.ScriptEngine.runScriptAsRawText(ScriptEngine.java:119)
	at com.kms.katalon.core.main.TestCaseExecutor.runScript(TestCaseExecutor.java:448)
	at com.kms.katalon.core.main.TestCaseExecutor.doExecute(TestCaseExecutor.java:439)
	at com.kms.katalon.core.main.TestCaseExecutor.processExecutionPhase(TestCaseExecutor.java:418)
	at com.kms.katalon.core.main.TestCaseExecutor.accessMainPhase(TestCaseExecutor.java:410)
	at com.kms.katalon.core.main.TestCaseExecutor.execute(TestCaseExecutor.java:285)
	at com.kms.katalon.core.common.CommonExecutor.accessTestCaseMainPhase(CommonExecutor.java:65)
	at com.kms.katalon.core.main.TestSuiteExecutor.accessTestSuiteMainPhase(TestSuiteExecutor.java:148)
	at com.kms.katalon.core.main.TestSuiteExecutor.execute(TestSuiteExecutor.java:106)
	at com.kms.katalon.core.main.TestCaseMain.startTestSuite(TestCaseMain.java:187)
	at com.kms.katalon.core.main.TestCaseMain$startTestSuite$0.call(Unknown Source)
	at TempTestSuite1695974576876.run(TempTestSuite1695974576876.groovy:36)
Caused by: com.kms.katalon.core.exception.StepFailedException: Text 'Please upload an valid file!' is not present on page 
	at com.kms.katalon.core.webui.keyword.internal.WebUIKeywordMain.stepFailed(WebUIKeywordMain.groovy:64)
	at com.kms.katalon.core.webui.keyword.builtin.VerifyTextPresentKeyword$_verifyTextPresent_closure1.doCall(VerifyTextPresentKeyword.groovy:79)
	at com.kms.katalon.core.webui.keyword.builtin.VerifyTextPresentKeyword$_verifyTextPresent_closure1.call(VerifyTextPresentKeyword.groovy)
	at com.kms.katalon.core.webui.keyword.internal.WebUIKeywordMain.runKeyword(WebUIKeywordMain.groovy:20)
	... 19 more]]></system-err>
      </testcase>
      <testcase name="Test Cases/T08 - Konfirmasi Pesanan/TC-KF-014" time="33.968" classname="Test Cases/T08 - Konfirmasi Pesanan/TC-KF-014" status="FAILED">
         <failure type="FAILED" message="Test Cases/T08 - Konfirmasi Pesanan/TC-KF-014 FAILED.
Reason:
com.kms.katalon.core.exception.StepFailedException: Unable to verify text 'Please input an valid field' is present 
	at com.kms.katalon.core.webui.keyword.internal.WebUIKeywordMain.stepFailed(WebUIKeywordMain.groovy:64)
	at com.kms.katalon.core.webui.keyword.internal.WebUIKeywordMain.runKeyword(WebUIKeywordMain.groovy:26)
	at com.kms.katalon.core.webui.keyword.builtin.VerifyTextPresentKeyword.verifyTextPresent(VerifyTextPresentKeyword.groovy:83)
	at com.kms.katalon.core.webui.keyword.builtin.VerifyTextPresentKeyword.execute(VerifyTextPresentKeyword.groovy:68)
	at com.kms.katalon.core.keyword.internal.KeywordExecutor.executeKeywordForPlatform(KeywordExecutor.groovy:74)
	at com.kms.katalon.core.webui.keyword.WebUiBuiltInKeywords.verifyTextPresent(WebUiBuiltInKeywords.groovy:1723)
	at com.kms.katalon.core.webui.keyword.WebUiBuiltInKeywords$verifyTextPresent$14.call(Unknown Source)
	at TC-KF-014.run(TC-KF-014:52)
	at com.kms.katalon.core.main.ScriptEngine.run(ScriptEngine.java:194)
	at com.kms.katalon.core.main.ScriptEngine.runScriptAsRawText(ScriptEngine.java:119)
	at com.kms.katalon.core.main.TestCaseExecutor.runScript(TestCaseExecutor.java:448)
	at com.kms.katalon.core.main.TestCaseExecutor.doExecute(TestCaseExecutor.java:439)
	at com.kms.katalon.core.main.TestCaseExecutor.processExecutionPhase(TestCaseExecutor.java:418)
	at com.kms.katalon.core.main.TestCaseExecutor.accessMainPhase(TestCaseExecutor.java:410)
	at com.kms.katalon.core.main.TestCaseExecutor.execute(TestCaseExecutor.java:285)
	at com.kms.katalon.core.common.CommonExecutor.accessTestCaseMainPhase(CommonExecutor.java:65)
	at com.kms.katalon.core.main.TestSuiteExecutor.accessTestSuiteMainPhase(TestSuiteExecutor.java:148)
	at com.kms.katalon.core.main.TestSuiteExecutor.execute(TestSuiteExecutor.java:106)
	at com.kms.katalon.core.main.TestCaseMain.startTestSuite(TestCaseMain.java:187)
	at com.kms.katalon.core.main.TestCaseMain$startTestSuite$0.call(Unknown Source)
	at TempTestSuite1695974576876.run(TempTestSuite1695974576876.groovy:36)
Caused by: com.kms.katalon.core.exception.StepFailedException: Text 'Please input an valid field' is not present on page 
	at com.kms.katalon.core.webui.keyword.internal.WebUIKeywordMain.stepFailed(WebUIKeywordMain.groovy:64)
	at com.kms.katalon.core.webui.keyword.builtin.VerifyTextPresentKeyword$_verifyTextPresent_closure1.doCall(VerifyTextPresentKeyword.groovy:79)
	at com.kms.katalon.core.webui.keyword.builtin.VerifyTextPresentKeyword$_verifyTextPresent_closure1.call(VerifyTextPresentKeyword.groovy)
	at com.kms.katalon.core.webui.keyword.internal.WebUIKeywordMain.runKeyword(WebUIKeywordMain.groovy:20)
	... 19 more
"/>
         <system-out><![CDATA[2023-09-29 15:21:12 - [TEST_CASE][FAILED] - Test Cases/T08 - Konfirmasi Pesanan/TC-KF-014: Test Cases/T08 - Konfirmasi Pesanan/TC-KF-014 FAILED.
Reason:
com.kms.katalon.core.exception.StepFailedException: Unable to verify text 'Please input an valid field' is present 
	at com.kms.katalon.core.webui.keyword.internal.WebUIKeywordMain.stepFailed(WebUIKeywordMain.groovy:64)
	at com.kms.katalon.core.webui.keyword.internal.WebUIKeywordMain.runKeyword(WebUIKeywordMain.groovy:26)
	at com.kms.katalon.core.webui.keyword.builtin.VerifyTextPresentKeyword.verifyTextPresent(VerifyTextPresentKeyword.groovy:83)
	at com.kms.katalon.core.webui.keyword.builtin.VerifyTextPresentKeyword.execute(VerifyTextPresentKeyword.groovy:68)
	at com.kms.katalon.core.keyword.internal.KeywordExecutor.executeKeywordForPlatform(KeywordExecutor.groovy:74)
	at com.kms.katalon.core.webui.keyword.WebUiBuiltInKeywords.verifyTextPresent(WebUiBuiltInKeywords.groovy:1723)
	at com.kms.katalon.core.webui.keyword.WebUiBuiltInKeywords$verifyTextPresent$14.call(Unknown Source)
	at TC-KF-014.run(TC-KF-014:52)
	at com.kms.katalon.core.main.ScriptEngine.run(ScriptEngine.java:194)
	at com.kms.katalon.core.main.ScriptEngine.runScriptAsRawText(ScriptEngine.java:119)
	at com.kms.katalon.core.main.TestCaseExecutor.runScript(TestCaseExecutor.java:448)
	at com.kms.katalon.core.main.TestCaseExecutor.doExecute(TestCaseExecutor.java:439)
	at com.kms.katalon.core.main.TestCaseExecutor.processExecutionPhase(TestCaseExecutor.java:418)
	at com.kms.katalon.core.main.TestCaseExecutor.accessMainPhase(TestCaseExecutor.java:410)
	at com.kms.katalon.core.main.TestCaseExecutor.execute(TestCaseExecutor.java:285)
	at com.kms.katalon.core.common.CommonExecutor.accessTestCaseMainPhase(CommonExecutor.java:65)
	at com.kms.katalon.core.main.TestSuiteExecutor.accessTestSuiteMainPhase(TestSuiteExecutor.java:148)
	at com.kms.katalon.core.main.TestSuiteExecutor.execute(TestSuiteExecutor.java:106)
	at com.kms.katalon.core.main.TestCaseMain.startTestSuite(TestCaseMain.java:187)
	at com.kms.katalon.core.main.TestCaseMain$startTestSuite$0.call(Unknown Source)
	at TempTestSuite1695974576876.run(TempTestSuite1695974576876.groovy:36)
Caused by: com.kms.katalon.core.exception.StepFailedException: Text 'Please input an valid field' is not present on page 
	at com.kms.katalon.core.webui.keyword.internal.WebUIKeywordMain.stepFailed(WebUIKeywordMain.groovy:64)
	at com.kms.katalon.core.webui.keyword.builtin.VerifyTextPresentKeyword$_verifyTextPresent_closure1.doCall(VerifyTextPresentKeyword.groovy:79)
	at com.kms.katalon.core.webui.keyword.builtin.VerifyTextPresentKeyword$_verifyTextPresent_closure1.call(VerifyTextPresentKeyword.groovy)
	at com.kms.katalon.core.webui.keyword.internal.WebUIKeywordMain.runKeyword(WebUIKeywordMain.groovy:20)
	... 19 more


2023-09-29 15:21:12 - [TEST_STEP][PASSED] - data = callTestCase(findTestCase("T08 - Konfirmasi Pesanan/TC-OS-001"), ["Roda":"2", "MetodePembayaran":"transfer"], STOP_ON_FAILURE): Call Test Case 'Test Cases/T08 - Konfirmasi Pesanan/TC-OS-001' successfully

2023-09-29 15:21:12 - [TEST_CASE][PASSED] - Test Cases/T08 - Konfirmasi Pesanan/TC-OS-001: Test Cases/T08 - Konfirmasi Pesanan/TC-OS-001

2023-09-29 15:21:12 - [TEST_STEP][PASSED] - callTestCase(findTestCase("T08 - Konfirmasi Pesanan/TC-LS-001"), [:], STOP_ON_FAILURE): Call Test Case 'Test Cases/T08 - Konfirmasi Pesanan/TC-LS-001' successfully

2023-09-29 15:21:12 - [TEST_CASE][PASSED] - Test Cases/T08 - Konfirmasi Pesanan/TC-LS-001: Test Cases/T08 - Konfirmasi Pesanan/TC-LS-001

2023-09-29 15:21:12 - [TEST_STEP][PASSED] - openBrowser(urlWeb): Browser is opened with url: 'https://10.9.2.63/ecommerce/'

2023-09-29 15:21:12 - [MESSAGE][WARNING] - A browser is already opened. Closing browser and opening a new one

2023-09-29 15:21:13 - [MESSAGE][INFO] - Starting 'Firefox' driver

2023-09-29 15:21:13 - [MESSAGE][INFO] - Action delay is set to 0 milliseconds

2023-09-29 15:21:18 - [MESSAGE][PASSED] - Browser is opened with url: 'https://10.9.2.63/ecommerce/'

2023-09-29 15:21:18 - [TEST_STEP][PASSED] - maximizeWindow(): Current window maximized

2023-09-29 15:21:18 - [MESSAGE][PASSED] - Current window maximized

2023-09-29 15:21:18 - [TEST_STEP][PASSED] - click(findTestObject("Login/a_Login")): Object: 'Object Repository/Login/a_Login' is clicked on

2023-09-29 15:21:19 - [MESSAGE][PASSED] - Object: 'Object Repository/Login/a_Login' is clicked on

2023-09-29 15:21:19 - [TEST_STEP][PASSED] - setText(findTestObject("Login/input_Username, Email atau No. Handphone_a"), "runa36"): Text 'runa36' is set on object 'Object Repository/Login/input_Username, Email atau No. Handphone_a'

2023-09-29 15:21:20 - [MESSAGE][PASSED] - Text 'runa36' is set on object 'Object Repository/Login/input_Username, Email atau No. Handphone_a'

2023-09-29 15:21:20 - [TEST_STEP][PASSED] - setEncryptedText(findTestObject("Login/input_Password di Login(Masuk)"), "qbkrdMwyWE4="): Text ****** has been set on object 'Object Repository/Login/input_Password di Login(Masuk)'

2023-09-29 15:21:20 - [MESSAGE][PASSED] - Text ****** has been set on object 'Object Repository/Login/input_Password di Login(Masuk)'

2023-09-29 15:21:20 - [TEST_STEP][PASSED] - click(findTestObject("Login/button_Masuk di halaman login")): Object: 'Object Repository/Login/button_Masuk di halaman login' is clicked on

2023-09-29 15:21:21 - [MESSAGE][PASSED] - Object: 'Object Repository/Login/button_Masuk di halaman login' is clicked on

2023-09-29 15:21:21 - [TEST_STEP][PASSED] - verifyElementPresent(findTestObject("Pendaftaran/verifikasi MASUK di halaman Login"), 0): Object 'Object Repository/Pendaftaran/verifikasi MASUK di halaman Login' is present

2023-09-29 15:21:21 - [MESSAGE][WARNING] - Timeout '0' is invalid. Using default page load timeout: '30'

2023-09-29 15:21:21 - [MESSAGE][PASSED] - Object 'Object Repository/Pendaftaran/verifikasi MASUK di halaman Login' is present

2023-09-29 15:21:21 - [MESSAGE][PASSED] - Call Test Case 'Test Cases/T08 - Konfirmasi Pesanan/TC-LS-001' successfully

2023-09-29 15:21:21 - [TEST_STEP][PASSED] - setText(findTestObject("chekout/input aku mau belanja"), "acer"): Text 'acer' is set on object 'Object Repository/chekout/input aku mau belanja'

2023-09-29 15:21:22 - [MESSAGE][PASSED] - Text 'acer' is set on object 'Object Repository/chekout/input aku mau belanja'

2023-09-29 15:21:22 - [TEST_STEP][PASSED] - click(findTestObject("chekout/button_Cari di halaman tajalapak")): Object: 'Object Repository/chekout/button_Cari di halaman tajalapak' is clicked on

2023-09-29 15:21:23 - [MESSAGE][PASSED] - Object: 'Object Repository/chekout/button_Cari di halaman tajalapak' is clicked on

2023-09-29 15:21:23 - [TEST_STEP][PASSED] - click(findTestObject("chekout/NEW read more acer")): Object: 'Object Repository/chekout/NEW read more acer' is clicked on

2023-09-29 15:21:24 - [MESSAGE][PASSED] - Object: 'Object Repository/chekout/NEW read more acer' is clicked on

2023-09-29 15:21:24 - [TEST_STEP][PASSED] - click(findTestObject("chekout/button_Beli Sekarang di detail produk")): Object: 'Object Repository/chekout/button_Beli Sekarang di detail produk' is clicked on

2023-09-29 15:21:25 - [MESSAGE][PASSED] - Object: 'Object Repository/chekout/button_Beli Sekarang di detail produk' is clicked on

2023-09-29 15:21:25 - [TEST_STEP][PASSED] - verifyElementPresent(findTestObject("chekout/halaman keranjang belanja"), 0): Object 'Object Repository/chekout/halaman keranjang belanja' is present

2023-09-29 15:21:25 - [MESSAGE][WARNING] - Timeout '0' is invalid. Using default page load timeout: '30'

2023-09-29 15:21:26 - [MESSAGE][PASSED] - Object 'Object Repository/chekout/halaman keranjang belanja' is present

2023-09-29 15:21:26 - [TEST_STEP][PASSED] - click(findTestObject("chekout/button_Lanjut ke Pembayaran")): Object: 'Object Repository/chekout/button_Lanjut ke Pembayaran' is clicked on

2023-09-29 15:21:27 - [MESSAGE][PASSED] - Object: 'Object Repository/chekout/button_Lanjut ke Pembayaran' is clicked on

2023-09-29 15:21:27 - [TEST_STEP][PASSED] - selectOptionByValue(findTestObject("Object Repository/chekout/select_- Kirim via Kurir Lokal -Roda 2Roda 4"), Roda, false): All options with value '2' are selected in object 'Object Repository/chekout/select_- Kirim via Kurir Lokal -Roda 2Roda 4' 

2023-09-29 15:21:28 - [MESSAGE][PASSED] - All options with value '2' are selected in object 'Object Repository/chekout/select_- Kirim via Kurir Lokal -Roda 2Roda 4' 

2023-09-29 15:21:28 - [TEST_STEP][PASSED] - click(findTestObject("chekout/jenis kendaraan")): Object: 'Object Repository/chekout/jenis kendaraan' is clicked on

2023-09-29 15:21:29 - [MESSAGE][PASSED] - Object: 'Object Repository/chekout/jenis kendaraan' is clicked on

2023-09-29 15:21:29 - [TEST_STEP][PASSED] - if (toString().equalsIgnoreCase("transfer")): Object 'Object Repository/chekout/input metode tf bank' is checked

2023-09-29 15:21:29 - [TEST_STEP][PASSED] - check(findTestObject("chekout/input metode tf bank")): Object 'Object Repository/chekout/input metode tf bank' is checked

2023-09-29 15:21:29 - [MESSAGE][PASSED] - Object 'Object Repository/chekout/input metode tf bank' is checked

2023-09-29 15:21:29 - [TEST_STEP][PASSED] - click(findTestObject("chekout/button_Proses Pembayaran")): Object: 'Object Repository/chekout/button_Proses Pembayaran' is clicked on

2023-09-29 15:21:35 - [MESSAGE][PASSED] - Object: 'Object Repository/chekout/button_Proses Pembayaran' is clicked on

2023-09-29 15:21:35 - [TEST_STEP][PASSED] - noPesanan = getText(findTestObject("Object Repository/chekout/nomor invoice dari halaman menunggu pembayaran")): Text of object 'Object Repository/chekout/nomor invoice dari halaman menunggu pembayaran' is: 'TRX91.20230929152130'

2023-09-29 15:21:35 - [MESSAGE][PASSED] - Text of object 'Object Repository/chekout/nomor invoice dari halaman menunggu pembayaran' is: 'TRX91.20230929152130'

2023-09-29 15:21:35 - [TEST_STEP][PASSED] - println(noPesanan): null

2023-09-29 15:21:35 - [TEST_STEP][PASSED] - pengirim = getText(findTestObject("Object Repository/chekout/dikirim kepada sama dengan pengirim di tf di konfirmaasi bayar")): Text of object 'Object Repository/chekout/dikirim kepada sama dengan pengirim di tf di konfirmaasi bayar' is: 'runarun'

2023-09-29 15:21:36 - [MESSAGE][PASSED] - Text of object 'Object Repository/chekout/dikirim kepada sama dengan pengirim di tf di konfirmaasi bayar' is: 'runarun'

2023-09-29 15:21:36 - [TEST_STEP][PASSED] - totalharga = getText(findTestObject("Object Repository/chekout/total harga bayar")): Text of object 'Object Repository/chekout/total harga bayar' is: '16,876'

2023-09-29 15:21:36 - [MESSAGE][PASSED] - Text of object 'Object Repository/chekout/total harga bayar' is: '16,876'

2023-09-29 15:21:36 - [TEST_STEP][PASSED] - ongkir = getText(findTestObject("co saldo akun/new ongkir tf")): Text of object 'Object Repository/co saldo akun/new ongkir tf' is: 'Rp 13,000'

2023-09-29 15:21:37 - [MESSAGE][PASSED] - Text of object 'Object Repository/co saldo akun/new ongkir tf' is: 'Rp 13,000'

2023-09-29 15:21:37 - [TEST_STEP][PASSED] - ongkirr = replace(",", "").trim(): null

2023-09-29 15:21:37 - [TEST_STEP][PASSED] - ongkir1 = Integer.parseInt(ongkirr): null

2023-09-29 15:21:37 - [TEST_STEP][PASSED] - println(ongkir1): null

2023-09-29 15:21:37 - [TEST_STEP][PASSED] - biayaAdmin = getText(findTestObject("co saldo akun/new fee admin tf")): Text of object 'Object Repository/co saldo akun/new fee admin tf' is: 'Rp 1,500'

2023-09-29 15:21:37 - [MESSAGE][PASSED] - Text of object 'Object Repository/co saldo akun/new fee admin tf' is: 'Rp 1,500'

2023-09-29 15:21:37 - [TEST_STEP][PASSED] - bAdmin = replace(",", "").trim(): null

2023-09-29 15:21:37 - [TEST_STEP][PASSED] - Integer.parseInt(bAdmin): null

2023-09-29 15:21:37 - [TEST_STEP][PASSED] - Admin = Double.parseDouble(bAdmin): null

2023-09-29 15:21:37 - [TEST_STEP][PASSED] - println(Admin): null

2023-09-29 15:21:37 - [TEST_STEP][PASSED] - subtotal = getText(findTestObject("co saldo akun/new subtotal tf")): Text of object 'Object Repository/co saldo akun/new subtotal tf' is: 'Rp 2,246'

2023-09-29 15:21:38 - [MESSAGE][PASSED] - Text of object 'Object Repository/co saldo akun/new subtotal tf' is: 'Rp 2,246'

2023-09-29 15:21:38 - [TEST_STEP][PASSED] - subtotall = replace(",", "").trim(): null

2023-09-29 15:21:38 - [TEST_STEP][PASSED] - Integer.parseInt(subtotall): null

2023-09-29 15:21:38 - [TEST_STEP][PASSED] - sub = Double.parseDouble(subtotall): null

2023-09-29 15:21:38 - [TEST_STEP][PASSED] - println(sub): null

2023-09-29 15:21:38 - [TEST_STEP][PASSED] - kode = getText(findTestObject("co saldo akun/new kode unik tf")): Text of object 'Object Repository/co saldo akun/new kode unik tf' is: '+130'

2023-09-29 15:21:38 - [MESSAGE][PASSED] - Text of object 'Object Repository/co saldo akun/new kode unik tf' is: '+130'

2023-09-29 15:21:38 - [TEST_STEP][PASSED] - kodee = replace("+", "").trim(): null

2023-09-29 15:21:38 - [TEST_STEP][PASSED] - Integer.parseInt(kodee): null

2023-09-29 15:21:38 - [TEST_STEP][PASSED] - code = Double.parseDouble(kodee): null

2023-09-29 15:21:38 - [TEST_STEP][PASSED] - tOng = ongkir1 + sub: null

2023-09-29 15:21:38 - [TEST_STEP][PASSED] - println(tOng): null

2023-09-29 15:21:38 - [TEST_STEP][PASSED] - totalBayar = tOng + Admin + code: null

2023-09-29 15:21:38 - [TEST_STEP][PASSED] - println(totalBayar): null

2023-09-29 15:21:38 - [TEST_STEP][PASSED] - totalBayar1 = totalBayar: null

2023-09-29 15:21:38 - [TEST_STEP][PASSED] - println(totalBayar1): null

2023-09-29 15:21:38 - [TEST_STEP][PASSED] - total = getText(findTestObject("co saldo akun/new total harga tf")): Text of object 'Object Repository/co saldo akun/new total harga tf' is: '16,876'

2023-09-29 15:21:39 - [MESSAGE][PASSED] - Text of object 'Object Repository/co saldo akun/new total harga tf' is: '16,876'

2023-09-29 15:21:39 - [TEST_STEP][PASSED] - total1 = replace(",", "").trim(): null

2023-09-29 15:21:39 - [TEST_STEP][PASSED] - total2 = Integer.parseInt(total1): null

2023-09-29 15:21:39 - [TEST_STEP][PASSED] - println(total2): null

2023-09-29 15:21:39 - [TEST_STEP][PASSED] - assert totalBayar1 == total2: null

2023-09-29 15:21:39 - [TEST_STEP][PASSED] - data = new java.util.HashMap(): null

2023-09-29 15:21:39 - [TEST_STEP][PASSED] - data.put("invoice", noPesanan): null

2023-09-29 15:21:39 - [TEST_STEP][PASSED] - data.put("namaPengirim", pengirim): null

2023-09-29 15:21:39 - [TEST_STEP][PASSED] - data.put("totalBayar", totalharga): null

2023-09-29 15:21:39 - [TEST_STEP][PASSED] - data.put("totalOngkir", tOng): null

2023-09-29 15:21:39 - [TEST_STEP][PASSED] - return data: null

2023-09-29 15:21:39 - [MESSAGE][PASSED] - Call Test Case 'Test Cases/T08 - Konfirmasi Pesanan/TC-OS-001' successfully

2023-09-29 15:21:39 - [TEST_STEP][PASSED] - noInvoice = data.get("invoice"): null

2023-09-29 15:21:39 - [TEST_STEP][PASSED] - nmPengirim = data.get("namaPengirim"): null

2023-09-29 15:21:39 - [TEST_STEP][PASSED] - ttlBayar = data.get("totalBayar"): null

2023-09-29 15:21:39 - [TEST_STEP][PASSED] - click(findTestObject("konfirmasi pesanan/a_Akun 0")): Object: 'Object Repository/konfirmasi pesanan/a_Akun 0' is clicked on

2023-09-29 15:21:39 - [MESSAGE][PASSED] - Object: 'Object Repository/konfirmasi pesanan/a_Akun 0' is clicked on

2023-09-29 15:21:39 - [TEST_STEP][PASSED] - click(findTestObject("konfirmasi order konsumen/pembelian dari akun")): Object: 'Object Repository/konfirmasi order konsumen/pembelian dari akun' is clicked on

2023-09-29 15:21:40 - [MESSAGE][PASSED] - Object: 'Object Repository/konfirmasi order konsumen/pembelian dari akun' is clicked on

2023-09-29 15:21:40 - [TEST_STEP][PASSED] - click(findTestObject("konfirmasi pesanan/new konfirmasi bayar")): Object: 'Object Repository/konfirmasi pesanan/new konfirmasi bayar' is clicked on

2023-09-29 15:21:41 - [MESSAGE][PASSED] - Object: 'Object Repository/konfirmasi pesanan/new konfirmasi bayar' is clicked on

2023-09-29 15:21:41 - [TEST_STEP][PASSED] - verifyElementPresent(findTestObject("konfirmasi pesanan/verifikasi user masuk halaman konfirmasi bayar dari akun profil"), 0): Object 'Object Repository/konfirmasi pesanan/verifikasi user masuk halaman konfirmasi bayar dari akun profil' is present

2023-09-29 15:21:41 - [MESSAGE][WARNING] - Timeout '0' is invalid. Using default page load timeout: '30'

2023-09-29 15:21:42 - [MESSAGE][PASSED] - Object 'Object Repository/konfirmasi pesanan/verifikasi user masuk halaman konfirmasi bayar dari akun profil' is present

2023-09-29 15:21:42 - [TEST_STEP][PASSED] - clearText(findTestObject("konfirmasi pesanan/input_Total TagihanTransfer_b")): Text of object 'Object Repository/konfirmasi pesanan/input_Total TagihanTransfer_b' is cleared

2023-09-29 15:21:42 - [MESSAGE][PASSED] - Text of object 'Object Repository/konfirmasi pesanan/input_Total TagihanTransfer_b' is cleared

2023-09-29 15:21:42 - [TEST_STEP][PASSED] - setText(findTestObject("konfirmasi pesanan/input_Total TagihanTransfer_b"), bayar): Text 'opqrst' is set on object 'Object Repository/konfirmasi pesanan/input_Total TagihanTransfer_b'

2023-09-29 15:21:43 - [MESSAGE][PASSED] - Text 'opqrst' is set on object 'Object Repository/konfirmasi pesanan/input_Total TagihanTransfer_b'

2023-09-29 15:21:43 - [TEST_STEP][PASSED] - selectOptionByValue(findTestObject("konfirmasi pesanan/select dropdown trasfer"), transfer, false): All options with value '1' are selected in object 'Object Repository/konfirmasi pesanan/select dropdown trasfer' 

2023-09-29 15:21:43 - [MESSAGE][PASSED] - All options with value '1' are selected in object 'Object Repository/konfirmasi pesanan/select dropdown trasfer' 

2023-09-29 15:21:43 - [TEST_STEP][PASSED] - uploadFile(findTestObject("konfirmasi pesanan/input_Upload Bukti Transfer_f"), "F:\bootcamp\Miniproject\transfer.jpg"): File 'F:\bootcamp\Miniproject\transfer.jpg' sent to object: 'Object Repository/konfirmasi pesanan/input_Upload Bukti Transfer_f'

2023-09-29 15:21:44 - [MESSAGE][PASSED] - File 'F:\bootcamp\Miniproject\transfer.jpg' sent to object: 'Object Repository/konfirmasi pesanan/input_Upload Bukti Transfer_f'

2023-09-29 15:21:44 - [TEST_STEP][PASSED] - name = getAttribute(findTestObject("Object Repository/konfirmasi pesanan/input_Nama Pengirim_d"), "value"): Attribute 'value' of object 'Object Repository/konfirmasi pesanan/input_Nama Pengirim_d' is: 'runarun'

2023-09-29 15:21:44 - [MESSAGE][PASSED] - Attribute 'value' of object 'Object Repository/konfirmasi pesanan/input_Nama Pengirim_d' is: 'runarun'

2023-09-29 15:21:44 - [TEST_STEP][PASSED] - assert name == nmPengirim: null

2023-09-29 15:21:44 - [TEST_STEP][PASSED] - click(findTestObject("konfirmasi pesanan/button_Konfirmasi Pembayaran")): Object: 'Object Repository/konfirmasi pesanan/button_Konfirmasi Pembayaran' is clicked on

2023-09-29 15:21:45 - [MESSAGE][PASSED] - Object: 'Object Repository/konfirmasi pesanan/button_Konfirmasi Pembayaran' is clicked on

2023-09-29 15:21:45 - [TEST_STEP][FAILED] - verifyTextPresent("Please input an valid field", false): Unable to verify text 'Please input an valid field' is present  (Root cause: com.kms.katalon.core.exception.StepFailedException: Unable to verify text 'Please input an valid field' is present 
	at com.kms.katalon.core.webui.keyword.internal.WebUIKeywordMain.stepFailed(WebUIKeywordMain.groovy:64)
	at com.kms.katalon.core.webui.keyword.internal.WebUIKeywordMain.runKeyword(WebUIKeywordMain.groovy:26)
	at com.kms.katalon.core.webui.keyword.builtin.VerifyTextPresentKeyword.verifyTextPresent(VerifyTextPresentKeyword.groovy:83)
	at com.kms.katalon.core.webui.keyword.builtin.VerifyTextPresentKeyword.execute(VerifyTextPresentKeyword.groovy:68)
	at com.kms.katalon.core.keyword.internal.KeywordExecutor.executeKeywordForPlatform(KeywordExecutor.groovy:74)
	at com.kms.katalon.core.webui.keyword.WebUiBuiltInKeywords.verifyTextPresent(WebUiBuiltInKeywords.groovy:1723)
	at com.kms.katalon.core.webui.keyword.WebUiBuiltInKeywords$verifyTextPresent$14.call(Unknown Source)
	at TC-KF-014.run(TC-KF-014:52)
	at com.kms.katalon.core.main.ScriptEngine.run(ScriptEngine.java:194)
	at com.kms.katalon.core.main.ScriptEngine.runScriptAsRawText(ScriptEngine.java:119)
	at com.kms.katalon.core.main.TestCaseExecutor.runScript(TestCaseExecutor.java:448)
	at com.kms.katalon.core.main.TestCaseExecutor.doExecute(TestCaseExecutor.java:439)
	at com.kms.katalon.core.main.TestCaseExecutor.processExecutionPhase(TestCaseExecutor.java:418)
	at com.kms.katalon.core.main.TestCaseExecutor.accessMainPhase(TestCaseExecutor.java:410)
	at com.kms.katalon.core.main.TestCaseExecutor.execute(TestCaseExecutor.java:285)
	at com.kms.katalon.core.common.CommonExecutor.accessTestCaseMainPhase(CommonExecutor.java:65)
	at com.kms.katalon.core.main.TestSuiteExecutor.accessTestSuiteMainPhase(TestSuiteExecutor.java:148)
	at com.kms.katalon.core.main.TestSuiteExecutor.execute(TestSuiteExecutor.java:106)
	at com.kms.katalon.core.main.TestCaseMain.startTestSuite(TestCaseMain.java:187)
	at com.kms.katalon.core.main.TestCaseMain$startTestSuite$0.call(Unknown Source)
	at TempTestSuite1695974576876.run(TempTestSuite1695974576876.groovy:36)
Caused by: com.kms.katalon.core.exception.StepFailedException: Text 'Please input an valid field' is not present on page 
	at com.kms.katalon.core.webui.keyword.internal.WebUIKeywordMain.stepFailed(WebUIKeywordMain.groovy:64)
	at com.kms.katalon.core.webui.keyword.builtin.VerifyTextPresentKeyword$_verifyTextPresent_closure1.doCall(VerifyTextPresentKeyword.groovy:79)
	at com.kms.katalon.core.webui.keyword.builtin.VerifyTextPresentKeyword$_verifyTextPresent_closure1.call(VerifyTextPresentKeyword.groovy)
	at com.kms.katalon.core.webui.keyword.internal.WebUIKeywordMain.runKeyword(WebUIKeywordMain.groovy:20)
	... 19 more
)

2023-09-29 15:21:46 - [MESSAGE][FAILED] - Text 'Please input an valid field' is not present on page  (Root cause: com.kms.katalon.core.exception.StepFailedException: Text 'Please input an valid field' is not present on page 
	at com.kms.katalon.core.webui.keyword.internal.WebUIKeywordMain.stepFailed(WebUIKeywordMain.groovy:64)
	at com.kms.katalon.core.webui.keyword.builtin.VerifyTextPresentKeyword$_verifyTextPresent_closure1.doCall(VerifyTextPresentKeyword.groovy:79)
	at com.kms.katalon.core.webui.keyword.builtin.VerifyTextPresentKeyword$_verifyTextPresent_closure1.call(VerifyTextPresentKeyword.groovy)
	at com.kms.katalon.core.webui.keyword.internal.WebUIKeywordMain.runKeyword(WebUIKeywordMain.groovy:20)
	at com.kms.katalon.core.webui.keyword.builtin.VerifyTextPresentKeyword.verifyTextPresent(VerifyTextPresentKeyword.groovy:83)
	at com.kms.katalon.core.webui.keyword.builtin.VerifyTextPresentKeyword.execute(VerifyTextPresentKeyword.groovy:68)
	at com.kms.katalon.core.keyword.internal.KeywordExecutor.executeKeywordForPlatform(KeywordExecutor.groovy:74)
	at com.kms.katalon.core.webui.keyword.WebUiBuiltInKeywords.verifyTextPresent(WebUiBuiltInKeywords.groovy:1723)
	at com.kms.katalon.core.webui.keyword.WebUiBuiltInKeywords$verifyTextPresent$14.call(Unknown Source)
	at TC-KF-014.run(TC-KF-014:52)
	at com.kms.katalon.core.main.ScriptEngine.run(ScriptEngine.java:194)
	at com.kms.katalon.core.main.ScriptEngine.runScriptAsRawText(ScriptEngine.java:119)
	at com.kms.katalon.core.main.TestCaseExecutor.runScript(TestCaseExecutor.java:448)
	at com.kms.katalon.core.main.TestCaseExecutor.doExecute(TestCaseExecutor.java:439)
	at com.kms.katalon.core.main.TestCaseExecutor.processExecutionPhase(TestCaseExecutor.java:418)
	at com.kms.katalon.core.main.TestCaseExecutor.accessMainPhase(TestCaseExecutor.java:410)
	at com.kms.katalon.core.main.TestCaseExecutor.execute(TestCaseExecutor.java:285)
	at com.kms.katalon.core.common.CommonExecutor.accessTestCaseMainPhase(CommonExecutor.java:65)
	at com.kms.katalon.core.main.TestSuiteExecutor.accessTestSuiteMainPhase(TestSuiteExecutor.java:148)
	at com.kms.katalon.core.main.TestSuiteExecutor.execute(TestSuiteExecutor.java:106)
	at com.kms.katalon.core.main.TestCaseMain.startTestSuite(TestCaseMain.java:187)
	at com.kms.katalon.core.main.TestCaseMain$startTestSuite$0.call(Unknown Source)
	at TempTestSuite1695974576876.run(TempTestSuite1695974576876.groovy:36)
)

2023-09-29 15:21:46 - [MESSAGE][FAILED] - Unable to verify text 'Please input an valid field' is present  (Root cause: com.kms.katalon.core.exception.StepFailedException: Unable to verify text 'Please input an valid field' is present 
	at com.kms.katalon.core.webui.keyword.internal.WebUIKeywordMain.stepFailed(WebUIKeywordMain.groovy:64)
	at com.kms.katalon.core.webui.keyword.internal.WebUIKeywordMain.runKeyword(WebUIKeywordMain.groovy:26)
	at com.kms.katalon.core.webui.keyword.builtin.VerifyTextPresentKeyword.verifyTextPresent(VerifyTextPresentKeyword.groovy:83)
	at com.kms.katalon.core.webui.keyword.builtin.VerifyTextPresentKeyword.execute(VerifyTextPresentKeyword.groovy:68)
	at com.kms.katalon.core.keyword.internal.KeywordExecutor.executeKeywordForPlatform(KeywordExecutor.groovy:74)
	at com.kms.katalon.core.webui.keyword.WebUiBuiltInKeywords.verifyTextPresent(WebUiBuiltInKeywords.groovy:1723)
	at com.kms.katalon.core.webui.keyword.WebUiBuiltInKeywords$verifyTextPresent$14.call(Unknown Source)
	at TC-KF-014.run(TC-KF-014:52)
	at com.kms.katalon.core.main.ScriptEngine.run(ScriptEngine.java:194)
	at com.kms.katalon.core.main.ScriptEngine.runScriptAsRawText(ScriptEngine.java:119)
	at com.kms.katalon.core.main.TestCaseExecutor.runScript(TestCaseExecutor.java:448)
	at com.kms.katalon.core.main.TestCaseExecutor.doExecute(TestCaseExecutor.java:439)
	at com.kms.katalon.core.main.TestCaseExecutor.processExecutionPhase(TestCaseExecutor.java:418)
	at com.kms.katalon.core.main.TestCaseExecutor.accessMainPhase(TestCaseExecutor.java:410)
	at com.kms.katalon.core.main.TestCaseExecutor.execute(TestCaseExecutor.java:285)
	at com.kms.katalon.core.common.CommonExecutor.accessTestCaseMainPhase(CommonExecutor.java:65)
	at com.kms.katalon.core.main.TestSuiteExecutor.accessTestSuiteMainPhase(TestSuiteExecutor.java:148)
	at com.kms.katalon.core.main.TestSuiteExecutor.execute(TestSuiteExecutor.java:106)
	at com.kms.katalon.core.main.TestCaseMain.startTestSuite(TestCaseMain.java:187)
	at com.kms.katalon.core.main.TestCaseMain$startTestSuite$0.call(Unknown Source)
	at TempTestSuite1695974576876.run(TempTestSuite1695974576876.groovy:36)
Caused by: com.kms.katalon.core.exception.StepFailedException: Text 'Please input an valid field' is not present on page 
	at com.kms.katalon.core.webui.keyword.internal.WebUIKeywordMain.stepFailed(WebUIKeywordMain.groovy:64)
	at com.kms.katalon.core.webui.keyword.builtin.VerifyTextPresentKeyword$_verifyTextPresent_closure1.doCall(VerifyTextPresentKeyword.groovy:79)
	at com.kms.katalon.core.webui.keyword.builtin.VerifyTextPresentKeyword$_verifyTextPresent_closure1.call(VerifyTextPresentKeyword.groovy)
	at com.kms.katalon.core.webui.keyword.internal.WebUIKeywordMain.runKeyword(WebUIKeywordMain.groovy:20)
	... 19 more
)
[[ATTACHMENT|F:\\bootcamp\\Miniproject\\Tajalapak\\Reports\\20230929_150256\\T08 - Konfirmasi Pesanan\\20230929_150256\\1695975706194.png]]]]></system-out>
         <system-err><![CDATA[2023-09-29 15:21:12 - [TEST_CASE][FAILED] - Test Cases/T08 - Konfirmasi Pesanan/TC-KF-014: Test Cases/T08 - Konfirmasi Pesanan/TC-KF-014 FAILED.
Reason:
com.kms.katalon.core.exception.StepFailedException: Unable to verify text 'Please input an valid field' is present 
	at com.kms.katalon.core.webui.keyword.internal.WebUIKeywordMain.stepFailed(WebUIKeywordMain.groovy:64)
	at com.kms.katalon.core.webui.keyword.internal.WebUIKeywordMain.runKeyword(WebUIKeywordMain.groovy:26)
	at com.kms.katalon.core.webui.keyword.builtin.VerifyTextPresentKeyword.verifyTextPresent(VerifyTextPresentKeyword.groovy:83)
	at com.kms.katalon.core.webui.keyword.builtin.VerifyTextPresentKeyword.execute(VerifyTextPresentKeyword.groovy:68)
	at com.kms.katalon.core.keyword.internal.KeywordExecutor.executeKeywordForPlatform(KeywordExecutor.groovy:74)
	at com.kms.katalon.core.webui.keyword.WebUiBuiltInKeywords.verifyTextPresent(WebUiBuiltInKeywords.groovy:1723)
	at com.kms.katalon.core.webui.keyword.WebUiBuiltInKeywords$verifyTextPresent$14.call(Unknown Source)
	at TC-KF-014.run(TC-KF-014:52)
	at com.kms.katalon.core.main.ScriptEngine.run(ScriptEngine.java:194)
	at com.kms.katalon.core.main.ScriptEngine.runScriptAsRawText(ScriptEngine.java:119)
	at com.kms.katalon.core.main.TestCaseExecutor.runScript(TestCaseExecutor.java:448)
	at com.kms.katalon.core.main.TestCaseExecutor.doExecute(TestCaseExecutor.java:439)
	at com.kms.katalon.core.main.TestCaseExecutor.processExecutionPhase(TestCaseExecutor.java:418)
	at com.kms.katalon.core.main.TestCaseExecutor.accessMainPhase(TestCaseExecutor.java:410)
	at com.kms.katalon.core.main.TestCaseExecutor.execute(TestCaseExecutor.java:285)
	at com.kms.katalon.core.common.CommonExecutor.accessTestCaseMainPhase(CommonExecutor.java:65)
	at com.kms.katalon.core.main.TestSuiteExecutor.accessTestSuiteMainPhase(TestSuiteExecutor.java:148)
	at com.kms.katalon.core.main.TestSuiteExecutor.execute(TestSuiteExecutor.java:106)
	at com.kms.katalon.core.main.TestCaseMain.startTestSuite(TestCaseMain.java:187)
	at com.kms.katalon.core.main.TestCaseMain$startTestSuite$0.call(Unknown Source)
	at TempTestSuite1695974576876.run(TempTestSuite1695974576876.groovy:36)
Caused by: com.kms.katalon.core.exception.StepFailedException: Text 'Please input an valid field' is not present on page 
	at com.kms.katalon.core.webui.keyword.internal.WebUIKeywordMain.stepFailed(WebUIKeywordMain.groovy:64)
	at com.kms.katalon.core.webui.keyword.builtin.VerifyTextPresentKeyword$_verifyTextPresent_closure1.doCall(VerifyTextPresentKeyword.groovy:79)
	at com.kms.katalon.core.webui.keyword.builtin.VerifyTextPresentKeyword$_verifyTextPresent_closure1.call(VerifyTextPresentKeyword.groovy)
	at com.kms.katalon.core.webui.keyword.internal.WebUIKeywordMain.runKeyword(WebUIKeywordMain.groovy:20)
	... 19 more]]></system-err>
      </testcase>
      <testcase name="Test Cases/T08 - Konfirmasi Pesanan/TC-KF-015" time="35.979" classname="Test Cases/T08 - Konfirmasi Pesanan/TC-KF-015" status="FAILED">
         <failure type="FAILED" message="Test Cases/T08 - Konfirmasi Pesanan/TC-KF-015 FAILED.
Reason:
com.kms.katalon.core.exception.StepFailedException: Unable to verify text 'Please input an valid field' is present 
	at com.kms.katalon.core.webui.keyword.internal.WebUIKeywordMain.stepFailed(WebUIKeywordMain.groovy:64)
	at com.kms.katalon.core.webui.keyword.internal.WebUIKeywordMain.runKeyword(WebUIKeywordMain.groovy:26)
	at com.kms.katalon.core.webui.keyword.builtin.VerifyTextPresentKeyword.verifyTextPresent(VerifyTextPresentKeyword.groovy:83)
	at com.kms.katalon.core.webui.keyword.builtin.VerifyTextPresentKeyword.execute(VerifyTextPresentKeyword.groovy:68)
	at com.kms.katalon.core.keyword.internal.KeywordExecutor.executeKeywordForPlatform(KeywordExecutor.groovy:74)
	at com.kms.katalon.core.webui.keyword.WebUiBuiltInKeywords.verifyTextPresent(WebUiBuiltInKeywords.groovy:1723)
	at com.kms.katalon.core.webui.keyword.WebUiBuiltInKeywords$verifyTextPresent$14.call(Unknown Source)
	at TC-KF-015.run(TC-KF-015:53)
	at com.kms.katalon.core.main.ScriptEngine.run(ScriptEngine.java:194)
	at com.kms.katalon.core.main.ScriptEngine.runScriptAsRawText(ScriptEngine.java:119)
	at com.kms.katalon.core.main.TestCaseExecutor.runScript(TestCaseExecutor.java:448)
	at com.kms.katalon.core.main.TestCaseExecutor.doExecute(TestCaseExecutor.java:439)
	at com.kms.katalon.core.main.TestCaseExecutor.processExecutionPhase(TestCaseExecutor.java:418)
	at com.kms.katalon.core.main.TestCaseExecutor.accessMainPhase(TestCaseExecutor.java:410)
	at com.kms.katalon.core.main.TestCaseExecutor.execute(TestCaseExecutor.java:285)
	at com.kms.katalon.core.common.CommonExecutor.accessTestCaseMainPhase(CommonExecutor.java:65)
	at com.kms.katalon.core.main.TestSuiteExecutor.accessTestSuiteMainPhase(TestSuiteExecutor.java:148)
	at com.kms.katalon.core.main.TestSuiteExecutor.execute(TestSuiteExecutor.java:106)
	at com.kms.katalon.core.main.TestCaseMain.startTestSuite(TestCaseMain.java:187)
	at com.kms.katalon.core.main.TestCaseMain$startTestSuite$0.call(Unknown Source)
	at TempTestSuite1695974576876.run(TempTestSuite1695974576876.groovy:36)
Caused by: com.kms.katalon.core.exception.StepFailedException: Text 'Please input an valid field' is not present on page 
	at com.kms.katalon.core.webui.keyword.internal.WebUIKeywordMain.stepFailed(WebUIKeywordMain.groovy:64)
	at com.kms.katalon.core.webui.keyword.builtin.VerifyTextPresentKeyword$_verifyTextPresent_closure1.doCall(VerifyTextPresentKeyword.groovy:79)
	at com.kms.katalon.core.webui.keyword.builtin.VerifyTextPresentKeyword$_verifyTextPresent_closure1.call(VerifyTextPresentKeyword.groovy)
	at com.kms.katalon.core.webui.keyword.internal.WebUIKeywordMain.runKeyword(WebUIKeywordMain.groovy:20)
	... 19 more
"/>
         <system-out><![CDATA[2023-09-29 15:21:46 - [TEST_CASE][FAILED] - Test Cases/T08 - Konfirmasi Pesanan/TC-KF-015: Test Cases/T08 - Konfirmasi Pesanan/TC-KF-015 FAILED.
Reason:
com.kms.katalon.core.exception.StepFailedException: Unable to verify text 'Please input an valid field' is present 
	at com.kms.katalon.core.webui.keyword.internal.WebUIKeywordMain.stepFailed(WebUIKeywordMain.groovy:64)
	at com.kms.katalon.core.webui.keyword.internal.WebUIKeywordMain.runKeyword(WebUIKeywordMain.groovy:26)
	at com.kms.katalon.core.webui.keyword.builtin.VerifyTextPresentKeyword.verifyTextPresent(VerifyTextPresentKeyword.groovy:83)
	at com.kms.katalon.core.webui.keyword.builtin.VerifyTextPresentKeyword.execute(VerifyTextPresentKeyword.groovy:68)
	at com.kms.katalon.core.keyword.internal.KeywordExecutor.executeKeywordForPlatform(KeywordExecutor.groovy:74)
	at com.kms.katalon.core.webui.keyword.WebUiBuiltInKeywords.verifyTextPresent(WebUiBuiltInKeywords.groovy:1723)
	at com.kms.katalon.core.webui.keyword.WebUiBuiltInKeywords$verifyTextPresent$14.call(Unknown Source)
	at TC-KF-015.run(TC-KF-015:53)
	at com.kms.katalon.core.main.ScriptEngine.run(ScriptEngine.java:194)
	at com.kms.katalon.core.main.ScriptEngine.runScriptAsRawText(ScriptEngine.java:119)
	at com.kms.katalon.core.main.TestCaseExecutor.runScript(TestCaseExecutor.java:448)
	at com.kms.katalon.core.main.TestCaseExecutor.doExecute(TestCaseExecutor.java:439)
	at com.kms.katalon.core.main.TestCaseExecutor.processExecutionPhase(TestCaseExecutor.java:418)
	at com.kms.katalon.core.main.TestCaseExecutor.accessMainPhase(TestCaseExecutor.java:410)
	at com.kms.katalon.core.main.TestCaseExecutor.execute(TestCaseExecutor.java:285)
	at com.kms.katalon.core.common.CommonExecutor.accessTestCaseMainPhase(CommonExecutor.java:65)
	at com.kms.katalon.core.main.TestSuiteExecutor.accessTestSuiteMainPhase(TestSuiteExecutor.java:148)
	at com.kms.katalon.core.main.TestSuiteExecutor.execute(TestSuiteExecutor.java:106)
	at com.kms.katalon.core.main.TestCaseMain.startTestSuite(TestCaseMain.java:187)
	at com.kms.katalon.core.main.TestCaseMain$startTestSuite$0.call(Unknown Source)
	at TempTestSuite1695974576876.run(TempTestSuite1695974576876.groovy:36)
Caused by: com.kms.katalon.core.exception.StepFailedException: Text 'Please input an valid field' is not present on page 
	at com.kms.katalon.core.webui.keyword.internal.WebUIKeywordMain.stepFailed(WebUIKeywordMain.groovy:64)
	at com.kms.katalon.core.webui.keyword.builtin.VerifyTextPresentKeyword$_verifyTextPresent_closure1.doCall(VerifyTextPresentKeyword.groovy:79)
	at com.kms.katalon.core.webui.keyword.builtin.VerifyTextPresentKeyword$_verifyTextPresent_closure1.call(VerifyTextPresentKeyword.groovy)
	at com.kms.katalon.core.webui.keyword.internal.WebUIKeywordMain.runKeyword(WebUIKeywordMain.groovy:20)
	... 19 more


2023-09-29 15:21:46 - [TEST_STEP][PASSED] - data = callTestCase(findTestCase("T08 - Konfirmasi Pesanan/TC-OS-001"), ["Roda":"2", "MetodePembayaran":"transfer"], STOP_ON_FAILURE): Call Test Case 'Test Cases/T08 - Konfirmasi Pesanan/TC-OS-001' successfully

2023-09-29 15:21:46 - [TEST_CASE][PASSED] - Test Cases/T08 - Konfirmasi Pesanan/TC-OS-001: Test Cases/T08 - Konfirmasi Pesanan/TC-OS-001

2023-09-29 15:21:46 - [TEST_STEP][PASSED] - callTestCase(findTestCase("T08 - Konfirmasi Pesanan/TC-LS-001"), [:], STOP_ON_FAILURE): Call Test Case 'Test Cases/T08 - Konfirmasi Pesanan/TC-LS-001' successfully

2023-09-29 15:21:46 - [TEST_CASE][PASSED] - Test Cases/T08 - Konfirmasi Pesanan/TC-LS-001: Test Cases/T08 - Konfirmasi Pesanan/TC-LS-001

2023-09-29 15:21:46 - [TEST_STEP][PASSED] - openBrowser(urlWeb): Browser is opened with url: 'https://10.9.2.63/ecommerce/'

2023-09-29 15:21:46 - [MESSAGE][WARNING] - A browser is already opened. Closing browser and opening a new one

2023-09-29 15:21:47 - [MESSAGE][INFO] - Starting 'Firefox' driver

2023-09-29 15:21:47 - [MESSAGE][INFO] - Action delay is set to 0 milliseconds

2023-09-29 15:21:53 - [MESSAGE][PASSED] - Browser is opened with url: 'https://10.9.2.63/ecommerce/'

2023-09-29 15:21:53 - [TEST_STEP][PASSED] - maximizeWindow(): Current window maximized

2023-09-29 15:21:53 - [MESSAGE][PASSED] - Current window maximized

2023-09-29 15:21:53 - [TEST_STEP][PASSED] - click(findTestObject("Login/a_Login")): Object: 'Object Repository/Login/a_Login' is clicked on

2023-09-29 15:21:54 - [MESSAGE][PASSED] - Object: 'Object Repository/Login/a_Login' is clicked on

2023-09-29 15:21:54 - [TEST_STEP][PASSED] - setText(findTestObject("Login/input_Username, Email atau No. Handphone_a"), "runa36"): Text 'runa36' is set on object 'Object Repository/Login/input_Username, Email atau No. Handphone_a'

2023-09-29 15:21:54 - [MESSAGE][PASSED] - Text 'runa36' is set on object 'Object Repository/Login/input_Username, Email atau No. Handphone_a'

2023-09-29 15:21:54 - [TEST_STEP][PASSED] - setEncryptedText(findTestObject("Login/input_Password di Login(Masuk)"), "qbkrdMwyWE4="): Text ****** has been set on object 'Object Repository/Login/input_Password di Login(Masuk)'

2023-09-29 15:21:55 - [MESSAGE][PASSED] - Text ****** has been set on object 'Object Repository/Login/input_Password di Login(Masuk)'

2023-09-29 15:21:55 - [TEST_STEP][PASSED] - click(findTestObject("Login/button_Masuk di halaman login")): Object: 'Object Repository/Login/button_Masuk di halaman login' is clicked on

2023-09-29 15:21:56 - [MESSAGE][PASSED] - Object: 'Object Repository/Login/button_Masuk di halaman login' is clicked on

2023-09-29 15:21:56 - [TEST_STEP][PASSED] - verifyElementPresent(findTestObject("Pendaftaran/verifikasi MASUK di halaman Login"), 0): Object 'Object Repository/Pendaftaran/verifikasi MASUK di halaman Login' is present

2023-09-29 15:21:56 - [MESSAGE][WARNING] - Timeout '0' is invalid. Using default page load timeout: '30'

2023-09-29 15:21:56 - [MESSAGE][PASSED] - Object 'Object Repository/Pendaftaran/verifikasi MASUK di halaman Login' is present

2023-09-29 15:21:56 - [MESSAGE][PASSED] - Call Test Case 'Test Cases/T08 - Konfirmasi Pesanan/TC-LS-001' successfully

2023-09-29 15:21:56 - [TEST_STEP][PASSED] - setText(findTestObject("chekout/input aku mau belanja"), "acer"): Text 'acer' is set on object 'Object Repository/chekout/input aku mau belanja'

2023-09-29 15:21:57 - [MESSAGE][PASSED] - Text 'acer' is set on object 'Object Repository/chekout/input aku mau belanja'

2023-09-29 15:21:57 - [TEST_STEP][PASSED] - click(findTestObject("chekout/button_Cari di halaman tajalapak")): Object: 'Object Repository/chekout/button_Cari di halaman tajalapak' is clicked on

2023-09-29 15:21:58 - [MESSAGE][PASSED] - Object: 'Object Repository/chekout/button_Cari di halaman tajalapak' is clicked on

2023-09-29 15:21:58 - [TEST_STEP][PASSED] - click(findTestObject("chekout/NEW read more acer")): Object: 'Object Repository/chekout/NEW read more acer' is clicked on

2023-09-29 15:21:59 - [MESSAGE][PASSED] - Object: 'Object Repository/chekout/NEW read more acer' is clicked on

2023-09-29 15:21:59 - [TEST_STEP][PASSED] - click(findTestObject("chekout/button_Beli Sekarang di detail produk")): Object: 'Object Repository/chekout/button_Beli Sekarang di detail produk' is clicked on

2023-09-29 15:22:00 - [MESSAGE][PASSED] - Object: 'Object Repository/chekout/button_Beli Sekarang di detail produk' is clicked on

2023-09-29 15:22:00 - [TEST_STEP][PASSED] - verifyElementPresent(findTestObject("chekout/halaman keranjang belanja"), 0): Object 'Object Repository/chekout/halaman keranjang belanja' is present

2023-09-29 15:22:01 - [MESSAGE][WARNING] - Timeout '0' is invalid. Using default page load timeout: '30'

2023-09-29 15:22:01 - [MESSAGE][PASSED] - Object 'Object Repository/chekout/halaman keranjang belanja' is present

2023-09-29 15:22:01 - [TEST_STEP][PASSED] - click(findTestObject("chekout/button_Lanjut ke Pembayaran")): Object: 'Object Repository/chekout/button_Lanjut ke Pembayaran' is clicked on

2023-09-29 15:22:02 - [MESSAGE][PASSED] - Object: 'Object Repository/chekout/button_Lanjut ke Pembayaran' is clicked on

2023-09-29 15:22:02 - [TEST_STEP][PASSED] - selectOptionByValue(findTestObject("Object Repository/chekout/select_- Kirim via Kurir Lokal -Roda 2Roda 4"), Roda, false): All options with value '2' are selected in object 'Object Repository/chekout/select_- Kirim via Kurir Lokal -Roda 2Roda 4' 

2023-09-29 15:22:04 - [MESSAGE][PASSED] - All options with value '2' are selected in object 'Object Repository/chekout/select_- Kirim via Kurir Lokal -Roda 2Roda 4' 

2023-09-29 15:22:04 - [TEST_STEP][PASSED] - click(findTestObject("chekout/jenis kendaraan")): Object: 'Object Repository/chekout/jenis kendaraan' is clicked on

2023-09-29 15:22:04 - [MESSAGE][PASSED] - Object: 'Object Repository/chekout/jenis kendaraan' is clicked on

2023-09-29 15:22:04 - [TEST_STEP][PASSED] - if (toString().equalsIgnoreCase("transfer")): Object 'Object Repository/chekout/input metode tf bank' is checked

2023-09-29 15:22:04 - [TEST_STEP][PASSED] - check(findTestObject("chekout/input metode tf bank")): Object 'Object Repository/chekout/input metode tf bank' is checked

2023-09-29 15:22:05 - [MESSAGE][PASSED] - Object 'Object Repository/chekout/input metode tf bank' is checked

2023-09-29 15:22:05 - [TEST_STEP][PASSED] - click(findTestObject("chekout/button_Proses Pembayaran")): Object: 'Object Repository/chekout/button_Proses Pembayaran' is clicked on

2023-09-29 15:22:10 - [MESSAGE][PASSED] - Object: 'Object Repository/chekout/button_Proses Pembayaran' is clicked on

2023-09-29 15:22:10 - [TEST_STEP][PASSED] - noPesanan = getText(findTestObject("Object Repository/chekout/nomor invoice dari halaman menunggu pembayaran")): Text of object 'Object Repository/chekout/nomor invoice dari halaman menunggu pembayaran' is: 'TRX91.20230929152205'

2023-09-29 15:22:11 - [MESSAGE][PASSED] - Text of object 'Object Repository/chekout/nomor invoice dari halaman menunggu pembayaran' is: 'TRX91.20230929152205'

2023-09-29 15:22:11 - [TEST_STEP][PASSED] - println(noPesanan): null

2023-09-29 15:22:11 - [TEST_STEP][PASSED] - pengirim = getText(findTestObject("Object Repository/chekout/dikirim kepada sama dengan pengirim di tf di konfirmaasi bayar")): Text of object 'Object Repository/chekout/dikirim kepada sama dengan pengirim di tf di konfirmaasi bayar' is: 'runarun'

2023-09-29 15:22:11 - [MESSAGE][PASSED] - Text of object 'Object Repository/chekout/dikirim kepada sama dengan pengirim di tf di konfirmaasi bayar' is: 'runarun'

2023-09-29 15:22:11 - [TEST_STEP][PASSED] - totalharga = getText(findTestObject("Object Repository/chekout/total harga bayar")): Text of object 'Object Repository/chekout/total harga bayar' is: '16,951'

2023-09-29 15:22:12 - [MESSAGE][PASSED] - Text of object 'Object Repository/chekout/total harga bayar' is: '16,951'

2023-09-29 15:22:12 - [TEST_STEP][PASSED] - ongkir = getText(findTestObject("co saldo akun/new ongkir tf")): Text of object 'Object Repository/co saldo akun/new ongkir tf' is: 'Rp 13,000'

2023-09-29 15:22:12 - [MESSAGE][PASSED] - Text of object 'Object Repository/co saldo akun/new ongkir tf' is: 'Rp 13,000'

2023-09-29 15:22:12 - [TEST_STEP][PASSED] - ongkirr = replace(",", "").trim(): null

2023-09-29 15:22:12 - [TEST_STEP][PASSED] - ongkir1 = Integer.parseInt(ongkirr): null

2023-09-29 15:22:12 - [TEST_STEP][PASSED] - println(ongkir1): null

2023-09-29 15:22:12 - [TEST_STEP][PASSED] - biayaAdmin = getText(findTestObject("co saldo akun/new fee admin tf")): Text of object 'Object Repository/co saldo akun/new fee admin tf' is: 'Rp 1,500'

2023-09-29 15:22:13 - [MESSAGE][PASSED] - Text of object 'Object Repository/co saldo akun/new fee admin tf' is: 'Rp 1,500'

2023-09-29 15:22:13 - [TEST_STEP][PASSED] - bAdmin = replace(",", "").trim(): null

2023-09-29 15:22:13 - [TEST_STEP][PASSED] - Integer.parseInt(bAdmin): null

2023-09-29 15:22:13 - [TEST_STEP][PASSED] - Admin = Double.parseDouble(bAdmin): null

2023-09-29 15:22:13 - [TEST_STEP][PASSED] - println(Admin): null

2023-09-29 15:22:13 - [TEST_STEP][PASSED] - subtotal = getText(findTestObject("co saldo akun/new subtotal tf")): Text of object 'Object Repository/co saldo akun/new subtotal tf' is: 'Rp 2,246'

2023-09-29 15:22:13 - [MESSAGE][PASSED] - Text of object 'Object Repository/co saldo akun/new subtotal tf' is: 'Rp 2,246'

2023-09-29 15:22:13 - [TEST_STEP][PASSED] - subtotall = replace(",", "").trim(): null

2023-09-29 15:22:13 - [TEST_STEP][PASSED] - Integer.parseInt(subtotall): null

2023-09-29 15:22:13 - [TEST_STEP][PASSED] - sub = Double.parseDouble(subtotall): null

2023-09-29 15:22:13 - [TEST_STEP][PASSED] - println(sub): null

2023-09-29 15:22:13 - [TEST_STEP][PASSED] - kode = getText(findTestObject("co saldo akun/new kode unik tf")): Text of object 'Object Repository/co saldo akun/new kode unik tf' is: '+205'

2023-09-29 15:22:14 - [MESSAGE][PASSED] - Text of object 'Object Repository/co saldo akun/new kode unik tf' is: '+205'

2023-09-29 15:22:14 - [TEST_STEP][PASSED] - kodee = replace("+", "").trim(): null

2023-09-29 15:22:14 - [TEST_STEP][PASSED] - Integer.parseInt(kodee): null

2023-09-29 15:22:14 - [TEST_STEP][PASSED] - code = Double.parseDouble(kodee): null

2023-09-29 15:22:14 - [TEST_STEP][PASSED] - tOng = ongkir1 + sub: null

2023-09-29 15:22:14 - [TEST_STEP][PASSED] - println(tOng): null

2023-09-29 15:22:14 - [TEST_STEP][PASSED] - totalBayar = tOng + Admin + code: null

2023-09-29 15:22:14 - [TEST_STEP][PASSED] - println(totalBayar): null

2023-09-29 15:22:14 - [TEST_STEP][PASSED] - totalBayar1 = totalBayar: null

2023-09-29 15:22:14 - [TEST_STEP][PASSED] - println(totalBayar1): null

2023-09-29 15:22:14 - [TEST_STEP][PASSED] - total = getText(findTestObject("co saldo akun/new total harga tf")): Text of object 'Object Repository/co saldo akun/new total harga tf' is: '16,951'

2023-09-29 15:22:14 - [MESSAGE][PASSED] - Text of object 'Object Repository/co saldo akun/new total harga tf' is: '16,951'

2023-09-29 15:22:14 - [TEST_STEP][PASSED] - total1 = replace(",", "").trim(): null

2023-09-29 15:22:14 - [TEST_STEP][PASSED] - total2 = Integer.parseInt(total1): null

2023-09-29 15:22:14 - [TEST_STEP][PASSED] - println(total2): null

2023-09-29 15:22:14 - [TEST_STEP][PASSED] - assert totalBayar1 == total2: null

2023-09-29 15:22:14 - [TEST_STEP][PASSED] - data = new java.util.HashMap(): null

2023-09-29 15:22:14 - [TEST_STEP][PASSED] - data.put("invoice", noPesanan): null

2023-09-29 15:22:14 - [TEST_STEP][PASSED] - data.put("namaPengirim", pengirim): null

2023-09-29 15:22:14 - [TEST_STEP][PASSED] - data.put("totalBayar", totalharga): null

2023-09-29 15:22:14 - [TEST_STEP][PASSED] - data.put("totalOngkir", tOng): null

2023-09-29 15:22:14 - [TEST_STEP][PASSED] - return data: null

2023-09-29 15:22:14 - [MESSAGE][PASSED] - Call Test Case 'Test Cases/T08 - Konfirmasi Pesanan/TC-OS-001' successfully

2023-09-29 15:22:14 - [TEST_STEP][PASSED] - noInvoice = data.get("invoice"): null

2023-09-29 15:22:14 - [TEST_STEP][PASSED] - nmPengirim = data.get("namaPengirim"): null

2023-09-29 15:22:14 - [TEST_STEP][PASSED] - ttlBayar = data.get("totalBayar"): null

2023-09-29 15:22:14 - [TEST_STEP][PASSED] - click(findTestObject("konfirmasi pesanan/a_Akun 0")): Object: 'Object Repository/konfirmasi pesanan/a_Akun 0' is clicked on

2023-09-29 15:22:15 - [MESSAGE][PASSED] - Object: 'Object Repository/konfirmasi pesanan/a_Akun 0' is clicked on

2023-09-29 15:22:15 - [TEST_STEP][PASSED] - click(findTestObject("konfirmasi order konsumen/pembelian dari akun")): Object: 'Object Repository/konfirmasi order konsumen/pembelian dari akun' is clicked on

2023-09-29 15:22:16 - [MESSAGE][PASSED] - Object: 'Object Repository/konfirmasi order konsumen/pembelian dari akun' is clicked on

2023-09-29 15:22:16 - [TEST_STEP][PASSED] - click(findTestObject("konfirmasi pesanan/new konfirmasi bayar")): Object: 'Object Repository/konfirmasi pesanan/new konfirmasi bayar' is clicked on

2023-09-29 15:22:17 - [MESSAGE][PASSED] - Object: 'Object Repository/konfirmasi pesanan/new konfirmasi bayar' is clicked on

2023-09-29 15:22:17 - [TEST_STEP][PASSED] - verifyElementPresent(findTestObject("konfirmasi pesanan/verifikasi user masuk halaman konfirmasi bayar dari akun profil"), 0): Object 'Object Repository/konfirmasi pesanan/verifikasi user masuk halaman konfirmasi bayar dari akun profil' is present

2023-09-29 15:22:17 - [MESSAGE][WARNING] - Timeout '0' is invalid. Using default page load timeout: '30'

2023-09-29 15:22:18 - [MESSAGE][PASSED] - Object 'Object Repository/konfirmasi pesanan/verifikasi user masuk halaman konfirmasi bayar dari akun profil' is present

2023-09-29 15:22:18 - [TEST_STEP][PASSED] - clearText(findTestObject("konfirmasi pesanan/input_Total TagihanTransfer_b")): Text of object 'Object Repository/konfirmasi pesanan/input_Total TagihanTransfer_b' is cleared

2023-09-29 15:22:18 - [MESSAGE][PASSED] - Text of object 'Object Repository/konfirmasi pesanan/input_Total TagihanTransfer_b' is cleared

2023-09-29 15:22:18 - [TEST_STEP][PASSED] - setText(findTestObject("konfirmasi pesanan/input_Total TagihanTransfer_b"), bayar): Text '@+-!&' is set on object 'Object Repository/konfirmasi pesanan/input_Total TagihanTransfer_b'

2023-09-29 15:22:19 - [MESSAGE][PASSED] - Text '@+-!&' is set on object 'Object Repository/konfirmasi pesanan/input_Total TagihanTransfer_b'

2023-09-29 15:22:19 - [TEST_STEP][PASSED] - selectOptionByValue(findTestObject("konfirmasi pesanan/select dropdown trasfer"), transfer, false): All options with value '1' are selected in object 'Object Repository/konfirmasi pesanan/select dropdown trasfer' 

2023-09-29 15:22:19 - [MESSAGE][PASSED] - All options with value '1' are selected in object 'Object Repository/konfirmasi pesanan/select dropdown trasfer' 

2023-09-29 15:22:19 - [TEST_STEP][PASSED] - uploadFile(findTestObject("konfirmasi pesanan/input_Upload Bukti Transfer_f"), "F:\bootcamp\Miniproject\transfer.jpg"): File 'F:\bootcamp\Miniproject\transfer.jpg' sent to object: 'Object Repository/konfirmasi pesanan/input_Upload Bukti Transfer_f'

2023-09-29 15:22:20 - [MESSAGE][PASSED] - File 'F:\bootcamp\Miniproject\transfer.jpg' sent to object: 'Object Repository/konfirmasi pesanan/input_Upload Bukti Transfer_f'

2023-09-29 15:22:20 - [TEST_STEP][PASSED] - name = getAttribute(findTestObject("Object Repository/konfirmasi pesanan/input_Nama Pengirim_d"), "value"): Attribute 'value' of object 'Object Repository/konfirmasi pesanan/input_Nama Pengirim_d' is: 'runarun'

2023-09-29 15:22:20 - [MESSAGE][PASSED] - Attribute 'value' of object 'Object Repository/konfirmasi pesanan/input_Nama Pengirim_d' is: 'runarun'

2023-09-29 15:22:20 - [TEST_STEP][PASSED] - assert name == nmPengirim: null

2023-09-29 15:22:20 - [TEST_STEP][PASSED] - assert trim().equalsIgnoreCase(nama.trim()): null

2023-09-29 15:22:20 - [TEST_STEP][PASSED] - click(findTestObject("konfirmasi pesanan/button_Konfirmasi Pembayaran")): Object: 'Object Repository/konfirmasi pesanan/button_Konfirmasi Pembayaran' is clicked on

2023-09-29 15:22:21 - [MESSAGE][PASSED] - Object: 'Object Repository/konfirmasi pesanan/button_Konfirmasi Pembayaran' is clicked on

2023-09-29 15:22:21 - [TEST_STEP][FAILED] - verifyTextPresent("Please input an valid field", false): Unable to verify text 'Please input an valid field' is present  (Root cause: com.kms.katalon.core.exception.StepFailedException: Unable to verify text 'Please input an valid field' is present 
	at com.kms.katalon.core.webui.keyword.internal.WebUIKeywordMain.stepFailed(WebUIKeywordMain.groovy:64)
	at com.kms.katalon.core.webui.keyword.internal.WebUIKeywordMain.runKeyword(WebUIKeywordMain.groovy:26)
	at com.kms.katalon.core.webui.keyword.builtin.VerifyTextPresentKeyword.verifyTextPresent(VerifyTextPresentKeyword.groovy:83)
	at com.kms.katalon.core.webui.keyword.builtin.VerifyTextPresentKeyword.execute(VerifyTextPresentKeyword.groovy:68)
	at com.kms.katalon.core.keyword.internal.KeywordExecutor.executeKeywordForPlatform(KeywordExecutor.groovy:74)
	at com.kms.katalon.core.webui.keyword.WebUiBuiltInKeywords.verifyTextPresent(WebUiBuiltInKeywords.groovy:1723)
	at com.kms.katalon.core.webui.keyword.WebUiBuiltInKeywords$verifyTextPresent$14.call(Unknown Source)
	at TC-KF-015.run(TC-KF-015:53)
	at com.kms.katalon.core.main.ScriptEngine.run(ScriptEngine.java:194)
	at com.kms.katalon.core.main.ScriptEngine.runScriptAsRawText(ScriptEngine.java:119)
	at com.kms.katalon.core.main.TestCaseExecutor.runScript(TestCaseExecutor.java:448)
	at com.kms.katalon.core.main.TestCaseExecutor.doExecute(TestCaseExecutor.java:439)
	at com.kms.katalon.core.main.TestCaseExecutor.processExecutionPhase(TestCaseExecutor.java:418)
	at com.kms.katalon.core.main.TestCaseExecutor.accessMainPhase(TestCaseExecutor.java:410)
	at com.kms.katalon.core.main.TestCaseExecutor.execute(TestCaseExecutor.java:285)
	at com.kms.katalon.core.common.CommonExecutor.accessTestCaseMainPhase(CommonExecutor.java:65)
	at com.kms.katalon.core.main.TestSuiteExecutor.accessTestSuiteMainPhase(TestSuiteExecutor.java:148)
	at com.kms.katalon.core.main.TestSuiteExecutor.execute(TestSuiteExecutor.java:106)
	at com.kms.katalon.core.main.TestCaseMain.startTestSuite(TestCaseMain.java:187)
	at com.kms.katalon.core.main.TestCaseMain$startTestSuite$0.call(Unknown Source)
	at TempTestSuite1695974576876.run(TempTestSuite1695974576876.groovy:36)
Caused by: com.kms.katalon.core.exception.StepFailedException: Text 'Please input an valid field' is not present on page 
	at com.kms.katalon.core.webui.keyword.internal.WebUIKeywordMain.stepFailed(WebUIKeywordMain.groovy:64)
	at com.kms.katalon.core.webui.keyword.builtin.VerifyTextPresentKeyword$_verifyTextPresent_closure1.doCall(VerifyTextPresentKeyword.groovy:79)
	at com.kms.katalon.core.webui.keyword.builtin.VerifyTextPresentKeyword$_verifyTextPresent_closure1.call(VerifyTextPresentKeyword.groovy)
	at com.kms.katalon.core.webui.keyword.internal.WebUIKeywordMain.runKeyword(WebUIKeywordMain.groovy:20)
	... 19 more
)

2023-09-29 15:22:22 - [MESSAGE][FAILED] - Text 'Please input an valid field' is not present on page  (Root cause: com.kms.katalon.core.exception.StepFailedException: Text 'Please input an valid field' is not present on page 
	at com.kms.katalon.core.webui.keyword.internal.WebUIKeywordMain.stepFailed(WebUIKeywordMain.groovy:64)
	at com.kms.katalon.core.webui.keyword.builtin.VerifyTextPresentKeyword$_verifyTextPresent_closure1.doCall(VerifyTextPresentKeyword.groovy:79)
	at com.kms.katalon.core.webui.keyword.builtin.VerifyTextPresentKeyword$_verifyTextPresent_closure1.call(VerifyTextPresentKeyword.groovy)
	at com.kms.katalon.core.webui.keyword.internal.WebUIKeywordMain.runKeyword(WebUIKeywordMain.groovy:20)
	at com.kms.katalon.core.webui.keyword.builtin.VerifyTextPresentKeyword.verifyTextPresent(VerifyTextPresentKeyword.groovy:83)
	at com.kms.katalon.core.webui.keyword.builtin.VerifyTextPresentKeyword.execute(VerifyTextPresentKeyword.groovy:68)
	at com.kms.katalon.core.keyword.internal.KeywordExecutor.executeKeywordForPlatform(KeywordExecutor.groovy:74)
	at com.kms.katalon.core.webui.keyword.WebUiBuiltInKeywords.verifyTextPresent(WebUiBuiltInKeywords.groovy:1723)
	at com.kms.katalon.core.webui.keyword.WebUiBuiltInKeywords$verifyTextPresent$14.call(Unknown Source)
	at TC-KF-015.run(TC-KF-015:53)
	at com.kms.katalon.core.main.ScriptEngine.run(ScriptEngine.java:194)
	at com.kms.katalon.core.main.ScriptEngine.runScriptAsRawText(ScriptEngine.java:119)
	at com.kms.katalon.core.main.TestCaseExecutor.runScript(TestCaseExecutor.java:448)
	at com.kms.katalon.core.main.TestCaseExecutor.doExecute(TestCaseExecutor.java:439)
	at com.kms.katalon.core.main.TestCaseExecutor.processExecutionPhase(TestCaseExecutor.java:418)
	at com.kms.katalon.core.main.TestCaseExecutor.accessMainPhase(TestCaseExecutor.java:410)
	at com.kms.katalon.core.main.TestCaseExecutor.execute(TestCaseExecutor.java:285)
	at com.kms.katalon.core.common.CommonExecutor.accessTestCaseMainPhase(CommonExecutor.java:65)
	at com.kms.katalon.core.main.TestSuiteExecutor.accessTestSuiteMainPhase(TestSuiteExecutor.java:148)
	at com.kms.katalon.core.main.TestSuiteExecutor.execute(TestSuiteExecutor.java:106)
	at com.kms.katalon.core.main.TestCaseMain.startTestSuite(TestCaseMain.java:187)
	at com.kms.katalon.core.main.TestCaseMain$startTestSuite$0.call(Unknown Source)
	at TempTestSuite1695974576876.run(TempTestSuite1695974576876.groovy:36)
)

2023-09-29 15:22:22 - [MESSAGE][FAILED] - Unable to verify text 'Please input an valid field' is present  (Root cause: com.kms.katalon.core.exception.StepFailedException: Unable to verify text 'Please input an valid field' is present 
	at com.kms.katalon.core.webui.keyword.internal.WebUIKeywordMain.stepFailed(WebUIKeywordMain.groovy:64)
	at com.kms.katalon.core.webui.keyword.internal.WebUIKeywordMain.runKeyword(WebUIKeywordMain.groovy:26)
	at com.kms.katalon.core.webui.keyword.builtin.VerifyTextPresentKeyword.verifyTextPresent(VerifyTextPresentKeyword.groovy:83)
	at com.kms.katalon.core.webui.keyword.builtin.VerifyTextPresentKeyword.execute(VerifyTextPresentKeyword.groovy:68)
	at com.kms.katalon.core.keyword.internal.KeywordExecutor.executeKeywordForPlatform(KeywordExecutor.groovy:74)
	at com.kms.katalon.core.webui.keyword.WebUiBuiltInKeywords.verifyTextPresent(WebUiBuiltInKeywords.groovy:1723)
	at com.kms.katalon.core.webui.keyword.WebUiBuiltInKeywords$verifyTextPresent$14.call(Unknown Source)
	at TC-KF-015.run(TC-KF-015:53)
	at com.kms.katalon.core.main.ScriptEngine.run(ScriptEngine.java:194)
	at com.kms.katalon.core.main.ScriptEngine.runScriptAsRawText(ScriptEngine.java:119)
	at com.kms.katalon.core.main.TestCaseExecutor.runScript(TestCaseExecutor.java:448)
	at com.kms.katalon.core.main.TestCaseExecutor.doExecute(TestCaseExecutor.java:439)
	at com.kms.katalon.core.main.TestCaseExecutor.processExecutionPhase(TestCaseExecutor.java:418)
	at com.kms.katalon.core.main.TestCaseExecutor.accessMainPhase(TestCaseExecutor.java:410)
	at com.kms.katalon.core.main.TestCaseExecutor.execute(TestCaseExecutor.java:285)
	at com.kms.katalon.core.common.CommonExecutor.accessTestCaseMainPhase(CommonExecutor.java:65)
	at com.kms.katalon.core.main.TestSuiteExecutor.accessTestSuiteMainPhase(TestSuiteExecutor.java:148)
	at com.kms.katalon.core.main.TestSuiteExecutor.execute(TestSuiteExecutor.java:106)
	at com.kms.katalon.core.main.TestCaseMain.startTestSuite(TestCaseMain.java:187)
	at com.kms.katalon.core.main.TestCaseMain$startTestSuite$0.call(Unknown Source)
	at TempTestSuite1695974576876.run(TempTestSuite1695974576876.groovy:36)
Caused by: com.kms.katalon.core.exception.StepFailedException: Text 'Please input an valid field' is not present on page 
	at com.kms.katalon.core.webui.keyword.internal.WebUIKeywordMain.stepFailed(WebUIKeywordMain.groovy:64)
	at com.kms.katalon.core.webui.keyword.builtin.VerifyTextPresentKeyword$_verifyTextPresent_closure1.doCall(VerifyTextPresentKeyword.groovy:79)
	at com.kms.katalon.core.webui.keyword.builtin.VerifyTextPresentKeyword$_verifyTextPresent_closure1.call(VerifyTextPresentKeyword.groovy)
	at com.kms.katalon.core.webui.keyword.internal.WebUIKeywordMain.runKeyword(WebUIKeywordMain.groovy:20)
	... 19 more
)
[[ATTACHMENT|F:\\bootcamp\\Miniproject\\Tajalapak\\Reports\\20230929_150256\\T08 - Konfirmasi Pesanan\\20230929_150256\\1695975742198.png]]]]></system-out>
         <system-err><![CDATA[2023-09-29 15:21:46 - [TEST_CASE][FAILED] - Test Cases/T08 - Konfirmasi Pesanan/TC-KF-015: Test Cases/T08 - Konfirmasi Pesanan/TC-KF-015 FAILED.
Reason:
com.kms.katalon.core.exception.StepFailedException: Unable to verify text 'Please input an valid field' is present 
	at com.kms.katalon.core.webui.keyword.internal.WebUIKeywordMain.stepFailed(WebUIKeywordMain.groovy:64)
	at com.kms.katalon.core.webui.keyword.internal.WebUIKeywordMain.runKeyword(WebUIKeywordMain.groovy:26)
	at com.kms.katalon.core.webui.keyword.builtin.VerifyTextPresentKeyword.verifyTextPresent(VerifyTextPresentKeyword.groovy:83)
	at com.kms.katalon.core.webui.keyword.builtin.VerifyTextPresentKeyword.execute(VerifyTextPresentKeyword.groovy:68)
	at com.kms.katalon.core.keyword.internal.KeywordExecutor.executeKeywordForPlatform(KeywordExecutor.groovy:74)
	at com.kms.katalon.core.webui.keyword.WebUiBuiltInKeywords.verifyTextPresent(WebUiBuiltInKeywords.groovy:1723)
	at com.kms.katalon.core.webui.keyword.WebUiBuiltInKeywords$verifyTextPresent$14.call(Unknown Source)
	at TC-KF-015.run(TC-KF-015:53)
	at com.kms.katalon.core.main.ScriptEngine.run(ScriptEngine.java:194)
	at com.kms.katalon.core.main.ScriptEngine.runScriptAsRawText(ScriptEngine.java:119)
	at com.kms.katalon.core.main.TestCaseExecutor.runScript(TestCaseExecutor.java:448)
	at com.kms.katalon.core.main.TestCaseExecutor.doExecute(TestCaseExecutor.java:439)
	at com.kms.katalon.core.main.TestCaseExecutor.processExecutionPhase(TestCaseExecutor.java:418)
	at com.kms.katalon.core.main.TestCaseExecutor.accessMainPhase(TestCaseExecutor.java:410)
	at com.kms.katalon.core.main.TestCaseExecutor.execute(TestCaseExecutor.java:285)
	at com.kms.katalon.core.common.CommonExecutor.accessTestCaseMainPhase(CommonExecutor.java:65)
	at com.kms.katalon.core.main.TestSuiteExecutor.accessTestSuiteMainPhase(TestSuiteExecutor.java:148)
	at com.kms.katalon.core.main.TestSuiteExecutor.execute(TestSuiteExecutor.java:106)
	at com.kms.katalon.core.main.TestCaseMain.startTestSuite(TestCaseMain.java:187)
	at com.kms.katalon.core.main.TestCaseMain$startTestSuite$0.call(Unknown Source)
	at TempTestSuite1695974576876.run(TempTestSuite1695974576876.groovy:36)
Caused by: com.kms.katalon.core.exception.StepFailedException: Text 'Please input an valid field' is not present on page 
	at com.kms.katalon.core.webui.keyword.internal.WebUIKeywordMain.stepFailed(WebUIKeywordMain.groovy:64)
	at com.kms.katalon.core.webui.keyword.builtin.VerifyTextPresentKeyword$_verifyTextPresent_closure1.doCall(VerifyTextPresentKeyword.groovy:79)
	at com.kms.katalon.core.webui.keyword.builtin.VerifyTextPresentKeyword$_verifyTextPresent_closure1.call(VerifyTextPresentKeyword.groovy)
	at com.kms.katalon.core.webui.keyword.internal.WebUIKeywordMain.runKeyword(WebUIKeywordMain.groovy:20)
	... 19 more]]></system-err>
      </testcase>
      <system-out><![CDATA[2023-09-29 15:03:18 - [TEST_SUITE][FAILED] - T08 - Konfirmasi Pesanan: Test Cases/T08 - Konfirmasi Pesanan/TC-KS-002 FAILED.
Reason:
com.kms.katalon.core.exception.StepFailedException: Verify element text of test object 'Object Repository/konfirmasi pesanan/verifikasi sudah melakukan konfirmasi sekali di menu akun' FAILED.
	at com.kms.katalon.core.webui.keyword.internal.WebUIKeywordMain.stepFailed(WebUIKeywordMain.groovy:64)
	at com.kms.katalon.core.webui.keyword.internal.WebUIKeywordMain.runKeyword(WebUIKeywordMain.groovy:26)
	at com.kms.katalon.core.webui.keyword.builtin.VerifyElementTextKeyword.verifyElementText(VerifyElementTextKeyword.groovy:72)
	at com.kms.katalon.core.webui.keyword.builtin.VerifyElementTextKeyword.execute(VerifyElementTextKeyword.groovy:40)
	at com.kms.katalon.core.keyword.internal.KeywordExecutor.executeKeywordForPlatform(KeywordExecutor.groovy:74)
	at com.kms.katalon.core.webui.keyword.WebUiBuiltInKeywords.verifyElementText(WebUiBuiltInKeywords.groovy:4749)
	at com.kms.katalon.core.webui.keyword.WebUiBuiltInKeywords$verifyElementText$10.call(Unknown Source)
	at TC-KS-002.run(TC-KS-002:35)
	at com.kms.katalon.core.main.ScriptEngine.run(ScriptEngine.java:194)
	at com.kms.katalon.core.main.ScriptEngine.runScriptAsRawText(ScriptEngine.java:119)
	at com.kms.katalon.core.main.TestCaseExecutor.runScript(TestCaseExecutor.java:448)
	at com.kms.katalon.core.main.TestCaseExecutor.doExecute(TestCaseExecutor.java:439)
	at com.kms.katalon.core.main.TestCaseExecutor.processExecutionPhase(TestCaseExecutor.java:418)
	at com.kms.katalon.core.main.TestCaseExecutor.accessMainPhase(TestCaseExecutor.java:410)
	at com.kms.katalon.core.main.TestCaseExecutor.execute(TestCaseExecutor.java:285)
	at com.kms.katalon.core.common.CommonExecutor.accessTestCaseMainPhase(CommonExecutor.java:65)
	at com.kms.katalon.core.main.TestSuiteExecutor.accessTestSuiteMainPhase(TestSuiteExecutor.java:148)
	at com.kms.katalon.core.main.TestSuiteExecutor.execute(TestSuiteExecutor.java:106)
	at com.kms.katalon.core.main.TestCaseMain.startTestSuite(TestCaseMain.java:187)
	at com.kms.katalon.core.main.TestCaseMain$startTestSuite$0.call(Unknown Source)
	at TempTestSuite1695974576876.run(TempTestSuite1695974576876.groovy:36)
Caused by: com.kms.katalon.core.exception.StepFailedException: Actual text 'PENTING - Pesanan ini sudah dikonfirmasi Sebelumnya sebanyak 1 kali,..' and expected text 'Sukses Melakukan Konfirmasi Pesanan!' of test object 'Object Repository/konfirmasi pesanan/verifikasi sudah melakukan konfirmasi sekali di menu akun' are NOT matched.
	at com.kms.katalon.core.webui.keyword.internal.WebUIKeywordMain.stepFailed(WebUIKeywordMain.groovy:64)
	at com.kms.katalon.core.webui.keyword.builtin.VerifyElementTextKeyword$_verifyElementText_closure1.doCall(VerifyElementTextKeyword.groovy:57)
	at com.kms.katalon.core.webui.keyword.builtin.VerifyElementTextKeyword$_verifyElementText_closure1.call(VerifyElementTextKeyword.groovy)
	at com.kms.katalon.core.webui.keyword.internal.WebUIKeywordMain.runKeyword(WebUIKeywordMain.groovy:20)
	... 19 more]]></system-out>
      <system-err><![CDATA[2023-09-29 15:03:18 - [TEST_SUITE][FAILED] - T08 - Konfirmasi Pesanan: Test Cases/T08 - Konfirmasi Pesanan/TC-KS-002 FAILED.
Reason:
com.kms.katalon.core.exception.StepFailedException: Verify element text of test object 'Object Repository/konfirmasi pesanan/verifikasi sudah melakukan konfirmasi sekali di menu akun' FAILED.
	at com.kms.katalon.core.webui.keyword.internal.WebUIKeywordMain.stepFailed(WebUIKeywordMain.groovy:64)
	at com.kms.katalon.core.webui.keyword.internal.WebUIKeywordMain.runKeyword(WebUIKeywordMain.groovy:26)
	at com.kms.katalon.core.webui.keyword.builtin.VerifyElementTextKeyword.verifyElementText(VerifyElementTextKeyword.groovy:72)
	at com.kms.katalon.core.webui.keyword.builtin.VerifyElementTextKeyword.execute(VerifyElementTextKeyword.groovy:40)
	at com.kms.katalon.core.keyword.internal.KeywordExecutor.executeKeywordForPlatform(KeywordExecutor.groovy:74)
	at com.kms.katalon.core.webui.keyword.WebUiBuiltInKeywords.verifyElementText(WebUiBuiltInKeywords.groovy:4749)
	at com.kms.katalon.core.webui.keyword.WebUiBuiltInKeywords$verifyElementText$10.call(Unknown Source)
	at TC-KS-002.run(TC-KS-002:35)
	at com.kms.katalon.core.main.ScriptEngine.run(ScriptEngine.java:194)
	at com.kms.katalon.core.main.ScriptEngine.runScriptAsRawText(ScriptEngine.java:119)
	at com.kms.katalon.core.main.TestCaseExecutor.runScript(TestCaseExecutor.java:448)
	at com.kms.katalon.core.main.TestCaseExecutor.doExecute(TestCaseExecutor.java:439)
	at com.kms.katalon.core.main.TestCaseExecutor.processExecutionPhase(TestCaseExecutor.java:418)
	at com.kms.katalon.core.main.TestCaseExecutor.accessMainPhase(TestCaseExecutor.java:410)
	at com.kms.katalon.core.main.TestCaseExecutor.execute(TestCaseExecutor.java:285)
	at com.kms.katalon.core.common.CommonExecutor.accessTestCaseMainPhase(CommonExecutor.java:65)
	at com.kms.katalon.core.main.TestSuiteExecutor.accessTestSuiteMainPhase(TestSuiteExecutor.java:148)
	at com.kms.katalon.core.main.TestSuiteExecutor.execute(TestSuiteExecutor.java:106)
	at com.kms.katalon.core.main.TestCaseMain.startTestSuite(TestCaseMain.java:187)
	at com.kms.katalon.core.main.TestCaseMain$startTestSuite$0.call(Unknown Source)
	at TempTestSuite1695974576876.run(TempTestSuite1695974576876.groovy:36)
Caused by: com.kms.katalon.core.exception.StepFailedException: Actual text 'PENTING - Pesanan ini sudah dikonfirmasi Sebelumnya sebanyak 1 kali,..' and expected text 'Sukses Melakukan Konfirmasi Pesanan!' of test object 'Object Repository/konfirmasi pesanan/verifikasi sudah melakukan konfirmasi sekali di menu akun' are NOT matched.
	at com.kms.katalon.core.webui.keyword.internal.WebUIKeywordMain.stepFailed(WebUIKeywordMain.groovy:64)
	at com.kms.katalon.core.webui.keyword.builtin.VerifyElementTextKeyword$_verifyElementText_closure1.doCall(VerifyElementTextKeyword.groovy:57)
	at com.kms.katalon.core.webui.keyword.builtin.VerifyElementTextKeyword$_verifyElementText_closure1.call(VerifyElementTextKeyword.groovy)
	at com.kms.katalon.core.webui.keyword.internal.WebUIKeywordMain.runKeyword(WebUIKeywordMain.groovy:20)
	... 19 more]]></system-err>
   </testsuite>
</testsuites>
