<?xml version="1.0" encoding="UTF-8"?>
<testsuites name="M05 - Edit Sosial Media" time="462.374" tests="20" failures="13" errors="0">
   <testsuite name="M05 - Edit Sosial Media" tests="20" failures="13" errors="0" time="462.374" skipped="0" timestamp="2023-10-06 11:37:24" hostname="USER - DESKTOP-22KTP91" id="Test Suites/M05 - Edit Sosial Media">
      <properties>
         <property name="deviceName" value=""/>
         <property name="devicePlatform" value=""/>
         <property name="logFolder" value="F:\\bootcamp\\Miniproject\\Tajalapak\\Reports\\20231006_113705\\M05 - Edit Sosial Media\\20231006_113705"/>
         <property name="logFiles" value="F:\\bootcamp\\Miniproject\\Tajalapak\\Reports\\20231006_113705\\M05 - Edit Sosial Media\\20231006_113705\\execution0.log"/>
         <property name="attachments" value="F:\\bootcamp\\Miniproject\\Tajalapak\\Reports\\20231006_113705\\M05 - Edit Sosial Media\\20231006_113705\\1696567281321.png, F:\\bootcamp\\Miniproject\\Tajalapak\\Reports\\20231006_113705\\M05 - Edit Sosial Media\\20231006_113705\\1696567308417.png, F:\\bootcamp\\Miniproject\\Tajalapak\\Reports\\20231006_113705\\M05 - Edit Sosial Media\\20231006_113705\\1696567407356.png, F:\\bootcamp\\Miniproject\\Tajalapak\\Reports\\20231006_113705\\M05 - Edit Sosial Media\\20231006_113705\\1696567428157.png, F:\\bootcamp\\Miniproject\\Tajalapak\\Reports\\20231006_113705\\M05 - Edit Sosial Media\\20231006_113705\\1696567447871.png, F:\\bootcamp\\Miniproject\\Tajalapak\\Reports\\20231006_113705\\M05 - Edit Sosial Media\\20231006_113705\\1696567485551.png"/>
         <property name="hostName" value="USER - DESKTOP-22KTP91"/>
         <property name="os" value="Windows 10 64bit"/>
         <property name="katalonVersion" value="8.6.5.208"/>
         <property name="browser" value="Edge Chromium 117"/>
         <property name="hostAddress" value="10.9.2.52"/>
         <property name="sessionId" value="5665d24f98446789d114431daa2e6c62"/>
         <property name="seleniumVersion" value="3.141.59"/>
         <property name="proxyInformation" value="ProxyInformation { proxyOption=NO_PROXY, proxyServerType=HTTP, username=, password=********, proxyServerAddress=, proxyServerPort=0, executionList=&quot;&quot;, isApplyToDesiredCapabilities=true }"/>
         <property name="platform" value="Windows 10"/>
      </properties>
      <testcase name="Test Cases/M05 -Edit Sosial Media/TC-LS-001" time="18.68" classname="Test Cases/M05 -Edit Sosial Media/TC-LS-001" status="PASSED">
         <system-out><![CDATA[2023-10-06 11:37:24 - [TEST_CASE][PASSED] - Test Cases/M05 -Edit Sosial Media/TC-LS-001: Test Cases/M05 -Edit Sosial Media/TC-LS-001

2023-10-06 11:37:25 - [TEST_STEP][PASSED] - openBrowser(urlWeb): Browser is opened with url: 'https://10.9.2.63/ecommerce/'

2023-10-06 11:37:25 - [MESSAGE][INFO] - Starting 'Edge Chromium' driver

2023-10-06 11:37:25 - [MESSAGE][INFO] - User set preference: ['acceptInsecureCerts', 'true']

2023-10-06 11:37:28 - [MESSAGE][INFO] - Action delay is set to 0 milliseconds

2023-10-06 11:37:35 - [MESSAGE][PASSED] - Browser is opened with url: 'https://10.9.2.63/ecommerce/'

2023-10-06 11:37:35 - [TEST_STEP][PASSED] - maximizeWindow(): Current window maximized

2023-10-06 11:37:36 - [MESSAGE][PASSED] - Current window maximized

2023-10-06 11:37:36 - [TEST_STEP][PASSED] - click(findTestObject("Login/a_Login")): Object: 'Object Repository/Login/a_Login' is clicked on

2023-10-06 11:37:37 - [MESSAGE][PASSED] - Object: 'Object Repository/Login/a_Login' is clicked on

2023-10-06 11:37:37 - [TEST_STEP][PASSED] - setText(findTestObject("Login/input_Username, Email atau No. Handphone_a"), "runa36"): Text 'runa36' is set on object 'Object Repository/Login/input_Username, Email atau No. Handphone_a'

2023-10-06 11:37:38 - [MESSAGE][PASSED] - Text 'runa36' is set on object 'Object Repository/Login/input_Username, Email atau No. Handphone_a'

2023-10-06 11:37:38 - [TEST_STEP][PASSED] - setEncryptedText(findTestObject("Login/input_Password di Login(Masuk)"), "qbkrdMwyWE4="): Text ****** has been set on object 'Object Repository/Login/input_Password di Login(Masuk)'

2023-10-06 11:37:38 - [MESSAGE][PASSED] - Text ****** has been set on object 'Object Repository/Login/input_Password di Login(Masuk)'

2023-10-06 11:37:39 - [TEST_STEP][PASSED] - click(findTestObject("Login/button_Masuk di halaman login")): Object: 'Object Repository/Login/button_Masuk di halaman login' is clicked on

2023-10-06 11:37:42 - [MESSAGE][PASSED] - Object: 'Object Repository/Login/button_Masuk di halaman login' is clicked on

2023-10-06 11:37:42 - [TEST_STEP][PASSED] - verifyElementPresent(findTestObject("edit sosial media/verifikasi masuk halaman biodata diri"), 0): Object 'Object Repository/edit sosial media/verifikasi masuk halaman biodata diri' is present

2023-10-06 11:37:43 - [MESSAGE][WARNING] - Timeout '0' is invalid. Using default page load timeout: '30'

2023-10-06 11:37:43 - [MESSAGE][PASSED] - Object 'Object Repository/edit sosial media/verifikasi masuk halaman biodata diri' is present]]></system-out>
         <system-err><![CDATA[]]></system-err>
      </testcase>
      <testcase name="Test Cases/M05 -Edit Sosial Media/TC-ESMS-001" time="35.671" classname="Test Cases/M05 -Edit Sosial Media/TC-ESMS-001" status="PASSED">
         <system-out><![CDATA[2023-10-06 11:37:43 - [TEST_CASE][PASSED] - Test Cases/M05 -Edit Sosial Media/TC-ESMS-001: Test Cases/M05 -Edit Sosial Media/TC-ESMS-001

2023-10-06 11:37:44 - [TEST_STEP][PASSED] - callTestCase(findTestCase("M05 -Edit Sosial Media/TC-LS-001"), [:], STOP_ON_FAILURE): Call Test Case 'Test Cases/M05 -Edit Sosial Media/TC-LS-001' successfully

2023-10-06 11:37:45 - [TEST_CASE][PASSED] - Test Cases/M05 -Edit Sosial Media/TC-LS-001: Test Cases/M05 -Edit Sosial Media/TC-LS-001

2023-10-06 11:37:45 - [TEST_STEP][PASSED] - openBrowser(urlWeb): Browser is opened with url: 'https://10.9.2.63/ecommerce/'

2023-10-06 11:37:45 - [MESSAGE][WARNING] - A browser is already opened. Closing browser and opening a new one

2023-10-06 11:37:46 - [MESSAGE][INFO] - Starting 'Edge Chromium' driver

2023-10-06 11:37:46 - [MESSAGE][INFO] - User set preference: ['acceptInsecureCerts', 'true']

2023-10-06 11:37:48 - [MESSAGE][INFO] - Action delay is set to 0 milliseconds

2023-10-06 11:37:51 - [MESSAGE][PASSED] - Browser is opened with url: 'https://10.9.2.63/ecommerce/'

2023-10-06 11:37:51 - [TEST_STEP][PASSED] - maximizeWindow(): Current window maximized

2023-10-06 11:37:51 - [MESSAGE][PASSED] - Current window maximized

2023-10-06 11:37:51 - [TEST_STEP][PASSED] - click(findTestObject("Login/a_Login")): Object: 'Object Repository/Login/a_Login' is clicked on

2023-10-06 11:37:52 - [MESSAGE][PASSED] - Object: 'Object Repository/Login/a_Login' is clicked on

2023-10-06 11:37:52 - [TEST_STEP][PASSED] - setText(findTestObject("Login/input_Username, Email atau No. Handphone_a"), "runa36"): Text 'runa36' is set on object 'Object Repository/Login/input_Username, Email atau No. Handphone_a'

2023-10-06 11:37:54 - [MESSAGE][PASSED] - Text 'runa36' is set on object 'Object Repository/Login/input_Username, Email atau No. Handphone_a'

2023-10-06 11:37:54 - [TEST_STEP][PASSED] - setEncryptedText(findTestObject("Login/input_Password di Login(Masuk)"), "qbkrdMwyWE4="): Text ****** has been set on object 'Object Repository/Login/input_Password di Login(Masuk)'

2023-10-06 11:37:54 - [MESSAGE][PASSED] - Text ****** has been set on object 'Object Repository/Login/input_Password di Login(Masuk)'

2023-10-06 11:37:54 - [TEST_STEP][PASSED] - click(findTestObject("Login/button_Masuk di halaman login")): Object: 'Object Repository/Login/button_Masuk di halaman login' is clicked on

2023-10-06 11:37:56 - [MESSAGE][PASSED] - Object: 'Object Repository/Login/button_Masuk di halaman login' is clicked on

2023-10-06 11:37:56 - [TEST_STEP][PASSED] - verifyElementPresent(findTestObject("edit sosial media/verifikasi masuk halaman biodata diri"), 0): Object 'Object Repository/edit sosial media/verifikasi masuk halaman biodata diri' is present

2023-10-06 11:37:56 - [MESSAGE][WARNING] - Timeout '0' is invalid. Using default page load timeout: '30'

2023-10-06 11:37:57 - [MESSAGE][PASSED] - Object 'Object Repository/edit sosial media/verifikasi masuk halaman biodata diri' is present

2023-10-06 11:37:57 - [MESSAGE][PASSED] - Call Test Case 'Test Cases/M05 -Edit Sosial Media/TC-LS-001' successfully

2023-10-06 11:37:57 - [TEST_STEP][PASSED] - verifyElementPresent(findTestObject("edit sosial media/verifikasi masuk halaman biodata diri"), 0): Object 'Object Repository/edit sosial media/verifikasi masuk halaman biodata diri' is present

2023-10-06 11:37:57 - [MESSAGE][WARNING] - Timeout '0' is invalid. Using default page load timeout: '30'

2023-10-06 11:37:58 - [MESSAGE][PASSED] - Object 'Object Repository/edit sosial media/verifikasi masuk halaman biodata diri' is present

2023-10-06 11:37:58 - [TEST_STEP][PASSED] - click(findTestObject("edit sosial media/a_Sosmed")): Object: 'Object Repository/edit sosial media/a_Sosmed' is clicked on

2023-10-06 11:37:59 - [MESSAGE][PASSED] - Object: 'Object Repository/edit sosial media/a_Sosmed' is clicked on

2023-10-06 11:37:59 - [TEST_STEP][PASSED] - click(findTestObject("edit sosial media/Edit Sosial Media")): Object: 'Object Repository/edit sosial media/Edit Sosial Media' is clicked on

2023-10-06 11:38:00 - [MESSAGE][PASSED] - Object: 'Object Repository/edit sosial media/Edit Sosial Media' is clicked on

2023-10-06 11:38:00 - [TEST_STEP][PASSED] - clearText(findTestObject("edit sosial media/input_Facebook_a")): Text of object 'Object Repository/edit sosial media/input_Facebook_a' is cleared

2023-10-06 11:38:01 - [MESSAGE][PASSED] - Text of object 'Object Repository/edit sosial media/input_Facebook_a' is cleared

2023-10-06 11:38:01 - [TEST_STEP][PASSED] - setText(findTestObject("edit sosial media/input_Facebook_a"), Facebook): Text 'Runarun' is set on object 'Object Repository/edit sosial media/input_Facebook_a'

2023-10-06 11:38:02 - [MESSAGE][PASSED] - Text 'Runarun' is set on object 'Object Repository/edit sosial media/input_Facebook_a'

2023-10-06 11:38:02 - [TEST_STEP][PASSED] - clearText(findTestObject("edit sosial media/input_Twitter_b")): Text of object 'Object Repository/edit sosial media/input_Twitter_b' is cleared

2023-10-06 11:38:03 - [MESSAGE][PASSED] - Text of object 'Object Repository/edit sosial media/input_Twitter_b' is cleared

2023-10-06 11:38:03 - [TEST_STEP][PASSED] - setText(findTestObject("edit sosial media/input_Twitter_b"), Twitter): Text 'Runaya71' is set on object 'Object Repository/edit sosial media/input_Twitter_b'

2023-10-06 11:38:04 - [MESSAGE][PASSED] - Text 'Runaya71' is set on object 'Object Repository/edit sosial media/input_Twitter_b'

2023-10-06 11:38:04 - [TEST_STEP][PASSED] - clearText(findTestObject("edit sosial media/input_Instagram_c")): Text of object 'Object Repository/edit sosial media/input_Instagram_c' is cleared

2023-10-06 11:38:04 - [MESSAGE][PASSED] - Text of object 'Object Repository/edit sosial media/input_Instagram_c' is cleared

2023-10-06 11:38:04 - [TEST_STEP][PASSED] - setText(findTestObject("edit sosial media/input_Instagram_c"), Instagram): Text 'Runarun' is set on object 'Object Repository/edit sosial media/input_Instagram_c'

2023-10-06 11:38:05 - [MESSAGE][PASSED] - Text 'Runarun' is set on object 'Object Repository/edit sosial media/input_Instagram_c'

2023-10-06 11:38:05 - [TEST_STEP][PASSED] - clearText(findTestObject("edit sosial media/input_Whatsapp_d")): Text of object 'Object Repository/edit sosial media/input_Whatsapp_d' is cleared

2023-10-06 11:38:06 - [MESSAGE][PASSED] - Text of object 'Object Repository/edit sosial media/input_Whatsapp_d' is cleared

2023-10-06 11:38:06 - [TEST_STEP][PASSED] - setText(findTestObject("edit sosial media/input_Whatsapp_d"), Whatsapp): Text '+6281122223333' is set on object 'Object Repository/edit sosial media/input_Whatsapp_d'

2023-10-06 11:38:07 - [MESSAGE][PASSED] - Text '+6281122223333' is set on object 'Object Repository/edit sosial media/input_Whatsapp_d'

2023-10-06 11:38:07 - [TEST_STEP][PASSED] - clearText(findTestObject("edit sosial media/input_Telegram_e")): Text of object 'Object Repository/edit sosial media/input_Telegram_e' is cleared

2023-10-06 11:38:08 - [MESSAGE][PASSED] - Text of object 'Object Repository/edit sosial media/input_Telegram_e' is cleared

2023-10-06 11:38:08 - [TEST_STEP][PASSED] - setText(findTestObject("edit sosial media/input_Telegram_e"), Telegram): Text '@Runaya71' is set on object 'Object Repository/edit sosial media/input_Telegram_e'

2023-10-06 11:38:09 - [MESSAGE][PASSED] - Text '@Runaya71' is set on object 'Object Repository/edit sosial media/input_Telegram_e'

2023-10-06 11:38:09 - [TEST_STEP][PASSED] - clearText(findTestObject("edit sosial media/input_Youtube_f")): Text of object 'Object Repository/edit sosial media/input_Youtube_f' is cleared

2023-10-06 11:38:09 - [MESSAGE][PASSED] - Text of object 'Object Repository/edit sosial media/input_Youtube_f' is cleared

2023-10-06 11:38:09 - [TEST_STEP][PASSED] - setText(findTestObject("edit sosial media/input_Youtube_f"), Youtube): Text 'Runarun' is set on object 'Object Repository/edit sosial media/input_Youtube_f'

2023-10-06 11:38:10 - [MESSAGE][PASSED] - Text 'Runarun' is set on object 'Object Repository/edit sosial media/input_Youtube_f'

2023-10-06 11:38:10 - [TEST_STEP][PASSED] - clearText(findTestObject("edit sosial media/input_LinkedIn_g")): Text of object 'Object Repository/edit sosial media/input_LinkedIn_g' is cleared

2023-10-06 11:38:11 - [MESSAGE][PASSED] - Text of object 'Object Repository/edit sosial media/input_LinkedIn_g' is cleared

2023-10-06 11:38:11 - [TEST_STEP][PASSED] - setText(findTestObject("edit sosial media/input_LinkedIn_g"), LinkedIn): Text 'RunaOkta' is set on object 'Object Repository/edit sosial media/input_LinkedIn_g'

2023-10-06 11:38:12 - [MESSAGE][PASSED] - Text 'RunaOkta' is set on object 'Object Repository/edit sosial media/input_LinkedIn_g'

2023-10-06 11:38:12 - [TEST_STEP][PASSED] - clearText(findTestObject("edit sosial media/input_Google_h")): Text of object 'Object Repository/edit sosial media/input_Google_h' is cleared

2023-10-06 11:38:12 - [MESSAGE][PASSED] - Text of object 'Object Repository/edit sosial media/input_Google_h' is cleared

2023-10-06 11:38:12 - [TEST_STEP][PASSED] - setText(findTestObject("edit sosial media/input_Google_h"), Google): Text '+Runaya' is set on object 'Object Repository/edit sosial media/input_Google_h'

2023-10-06 11:38:13 - [MESSAGE][PASSED] - Text '+Runaya' is set on object 'Object Repository/edit sosial media/input_Google_h'

2023-10-06 11:38:13 - [TEST_STEP][PASSED] - click(findTestObject("edit sosial media/center_Simpan Sosial Media")): Object: 'Object Repository/edit sosial media/center_Simpan Sosial Media' is clicked on

2023-10-06 11:38:15 - [MESSAGE][PASSED] - Object: 'Object Repository/edit sosial media/center_Simpan Sosial Media' is clicked on

2023-10-06 11:38:15 - [TEST_STEP][PASSED] - face = getText(findTestObject("hasil sosmed/hasil facebook_a")): Text of object 'Object Repository/hasil sosmed/hasil facebook_a' is: 'Runarun'

2023-10-06 11:38:16 - [MESSAGE][PASSED] - Text of object 'Object Repository/hasil sosmed/hasil facebook_a' is: 'Runarun'

2023-10-06 11:38:16 - [TEST_STEP][PASSED] - Twit = getText(findTestObject("hasil sosmed/hasil twitter_b")): Text of object 'Object Repository/hasil sosmed/hasil twitter_b' is: 'Runaya71'

2023-10-06 11:38:16 - [MESSAGE][PASSED] - Text of object 'Object Repository/hasil sosmed/hasil twitter_b' is: 'Runaya71'

2023-10-06 11:38:16 - [TEST_STEP][PASSED] - insta = getText(findTestObject("hasil sosmed/hasil Instagram_c")): Text of object 'Object Repository/hasil sosmed/hasil Instagram_c' is: 'Runarun'

2023-10-06 11:38:16 - [MESSAGE][PASSED] - Text of object 'Object Repository/hasil sosmed/hasil Instagram_c' is: 'Runarun'

2023-10-06 11:38:16 - [TEST_STEP][PASSED] - wa = getText(findTestObject("hasil sosmed/hasil whatsapp d")): Text of object 'Object Repository/hasil sosmed/hasil whatsapp d' is: '+6281122223333'

2023-10-06 11:38:17 - [MESSAGE][PASSED] - Text of object 'Object Repository/hasil sosmed/hasil whatsapp d' is: '+6281122223333'

2023-10-06 11:38:17 - [TEST_STEP][PASSED] - tele = getText(findTestObject("hasil sosmed/hasil Telegram e")): Text of object 'Object Repository/hasil sosmed/hasil Telegram e' is: '@Runaya71'

2023-10-06 11:38:17 - [MESSAGE][PASSED] - Text of object 'Object Repository/hasil sosmed/hasil Telegram e' is: '@Runaya71'

2023-10-06 11:38:17 - [TEST_STEP][PASSED] - yout = getText(findTestObject("hasil sosmed/hasil youtube f")): Text of object 'Object Repository/hasil sosmed/hasil youtube f' is: 'Runarun'

2023-10-06 11:38:18 - [MESSAGE][PASSED] - Text of object 'Object Repository/hasil sosmed/hasil youtube f' is: 'Runarun'

2023-10-06 11:38:18 - [TEST_STEP][PASSED] - lin = getText(findTestObject("hasil sosmed/hasil linkedin g")): Text of object 'Object Repository/hasil sosmed/hasil linkedin g' is: 'RunaOkta'

2023-10-06 11:38:18 - [MESSAGE][PASSED] - Text of object 'Object Repository/hasil sosmed/hasil linkedin g' is: 'RunaOkta'

2023-10-06 11:38:18 - [TEST_STEP][PASSED] - goo = getText(findTestObject("hasil sosmed/hasil google h")): Text of object 'Object Repository/hasil sosmed/hasil google h' is: '+Runaya'

2023-10-06 11:38:19 - [MESSAGE][PASSED] - Text of object 'Object Repository/hasil sosmed/hasil google h' is: '+Runaya'

2023-10-06 11:38:19 - [TEST_STEP][PASSED] - assert trim().equalsIgnoreCase(Facebook.trim()): null

2023-10-06 11:38:19 - [TEST_STEP][PASSED] - assert trim().equalsIgnoreCase(Twitter.trim()): null

2023-10-06 11:38:19 - [TEST_STEP][PASSED] - assert trim().equalsIgnoreCase(Instagram.trim()): null

2023-10-06 11:38:19 - [TEST_STEP][PASSED] - assert trim().equalsIgnoreCase(Whatsapp.trim()): null

2023-10-06 11:38:19 - [TEST_STEP][PASSED] - assert trim().equalsIgnoreCase(Telegram.trim()): null

2023-10-06 11:38:19 - [TEST_STEP][PASSED] - assert trim().equalsIgnoreCase(Youtube.trim()): null

2023-10-06 11:38:19 - [TEST_STEP][PASSED] - assert trim().equalsIgnoreCase(LinkedIn.trim()): null

2023-10-06 11:38:19 - [TEST_STEP][PASSED] - assert trim().equalsIgnoreCase(Google.trim()): null]]></system-out>
         <system-err><![CDATA[]]></system-err>
      </testcase>
      <testcase name="Test Cases/M05 -Edit Sosial Media/TC-ESMS-002" time="21.975" classname="Test Cases/M05 -Edit Sosial Media/TC-ESMS-002" status="PASSED">
         <system-out><![CDATA[2023-10-06 11:38:19 - [TEST_CASE][PASSED] - Test Cases/M05 -Edit Sosial Media/TC-ESMS-002: Test Cases/M05 -Edit Sosial Media/TC-ESMS-002

2023-10-06 11:38:20 - [TEST_STEP][PASSED] - callTestCase(findTestCase("M05 -Edit Sosial Media/TC-LS-001"), [:], STOP_ON_FAILURE): Call Test Case 'Test Cases/M05 -Edit Sosial Media/TC-LS-001' successfully

2023-10-06 11:38:20 - [TEST_CASE][PASSED] - Test Cases/M05 -Edit Sosial Media/TC-LS-001: Test Cases/M05 -Edit Sosial Media/TC-LS-001

2023-10-06 11:38:20 - [TEST_STEP][PASSED] - openBrowser(urlWeb): Browser is opened with url: 'https://10.9.2.63/ecommerce/'

2023-10-06 11:38:20 - [MESSAGE][WARNING] - A browser is already opened. Closing browser and opening a new one

2023-10-06 11:38:20 - [MESSAGE][INFO] - Starting 'Edge Chromium' driver

2023-10-06 11:38:20 - [MESSAGE][INFO] - User set preference: ['acceptInsecureCerts', 'true']

2023-10-06 11:38:23 - [MESSAGE][INFO] - Action delay is set to 0 milliseconds

2023-10-06 11:38:27 - [MESSAGE][PASSED] - Browser is opened with url: 'https://10.9.2.63/ecommerce/'

2023-10-06 11:38:27 - [TEST_STEP][PASSED] - maximizeWindow(): Current window maximized

2023-10-06 11:38:27 - [MESSAGE][PASSED] - Current window maximized

2023-10-06 11:38:27 - [TEST_STEP][PASSED] - click(findTestObject("Login/a_Login")): Object: 'Object Repository/Login/a_Login' is clicked on

2023-10-06 11:38:28 - [MESSAGE][PASSED] - Object: 'Object Repository/Login/a_Login' is clicked on

2023-10-06 11:38:28 - [TEST_STEP][PASSED] - setText(findTestObject("Login/input_Username, Email atau No. Handphone_a"), "runa36"): Text 'runa36' is set on object 'Object Repository/Login/input_Username, Email atau No. Handphone_a'

2023-10-06 11:38:29 - [MESSAGE][PASSED] - Text 'runa36' is set on object 'Object Repository/Login/input_Username, Email atau No. Handphone_a'

2023-10-06 11:38:29 - [TEST_STEP][PASSED] - setEncryptedText(findTestObject("Login/input_Password di Login(Masuk)"), "qbkrdMwyWE4="): Text ****** has been set on object 'Object Repository/Login/input_Password di Login(Masuk)'

2023-10-06 11:38:30 - [MESSAGE][PASSED] - Text ****** has been set on object 'Object Repository/Login/input_Password di Login(Masuk)'

2023-10-06 11:38:30 - [TEST_STEP][PASSED] - click(findTestObject("Login/button_Masuk di halaman login")): Object: 'Object Repository/Login/button_Masuk di halaman login' is clicked on

2023-10-06 11:38:32 - [MESSAGE][PASSED] - Object: 'Object Repository/Login/button_Masuk di halaman login' is clicked on

2023-10-06 11:38:32 - [TEST_STEP][PASSED] - verifyElementPresent(findTestObject("edit sosial media/verifikasi masuk halaman biodata diri"), 0): Object 'Object Repository/edit sosial media/verifikasi masuk halaman biodata diri' is present

2023-10-06 11:38:32 - [MESSAGE][WARNING] - Timeout '0' is invalid. Using default page load timeout: '30'

2023-10-06 11:38:32 - [MESSAGE][PASSED] - Object 'Object Repository/edit sosial media/verifikasi masuk halaman biodata diri' is present

2023-10-06 11:38:32 - [MESSAGE][PASSED] - Call Test Case 'Test Cases/M05 -Edit Sosial Media/TC-LS-001' successfully

2023-10-06 11:38:32 - [TEST_STEP][PASSED] - verifyElementPresent(findTestObject("edit sosial media/verifikasi masuk halaman biodata diri"), 0): Object 'Object Repository/edit sosial media/verifikasi masuk halaman biodata diri' is present

2023-10-06 11:38:33 - [MESSAGE][WARNING] - Timeout '0' is invalid. Using default page load timeout: '30'

2023-10-06 11:38:33 - [MESSAGE][PASSED] - Object 'Object Repository/edit sosial media/verifikasi masuk halaman biodata diri' is present

2023-10-06 11:38:33 - [TEST_STEP][PASSED] - click(findTestObject("edit sosial media/a_Sosmed")): Object: 'Object Repository/edit sosial media/a_Sosmed' is clicked on

2023-10-06 11:38:34 - [MESSAGE][PASSED] - Object: 'Object Repository/edit sosial media/a_Sosmed' is clicked on

2023-10-06 11:38:34 - [TEST_STEP][PASSED] - click(findTestObject("edit sosial media/Edit Sosial Media")): Object: 'Object Repository/edit sosial media/Edit Sosial Media' is clicked on

2023-10-06 11:38:35 - [MESSAGE][PASSED] - Object: 'Object Repository/edit sosial media/Edit Sosial Media' is clicked on

2023-10-06 11:38:35 - [TEST_STEP][PASSED] - clearText(findTestObject("edit sosial media/input_Facebook_a")): Text of object 'Object Repository/edit sosial media/input_Facebook_a' is cleared

2023-10-06 11:38:36 - [MESSAGE][PASSED] - Text of object 'Object Repository/edit sosial media/input_Facebook_a' is cleared

2023-10-06 11:38:36 - [TEST_STEP][PASSED] - setText(findTestObject("edit sosial media/input_Facebook_a"), facebook): Text 'Runaya' is set on object 'Object Repository/edit sosial media/input_Facebook_a'

2023-10-06 11:38:37 - [MESSAGE][PASSED] - Text 'Runaya' is set on object 'Object Repository/edit sosial media/input_Facebook_a'

2023-10-06 11:38:37 - [TEST_STEP][PASSED] - clearText(findTestObject("edit sosial media/input_Instagram_c")): Text of object 'Object Repository/edit sosial media/input_Instagram_c' is cleared

2023-10-06 11:38:38 - [MESSAGE][PASSED] - Text of object 'Object Repository/edit sosial media/input_Instagram_c' is cleared

2023-10-06 11:38:38 - [TEST_STEP][PASSED] - setText(findTestObject("edit sosial media/input_Instagram_c"), instagram): Text 'Runaya' is set on object 'Object Repository/edit sosial media/input_Instagram_c'

2023-10-06 11:38:38 - [MESSAGE][PASSED] - Text 'Runaya' is set on object 'Object Repository/edit sosial media/input_Instagram_c'

2023-10-06 11:38:38 - [TEST_STEP][PASSED] - click(findTestObject("edit sosial media/center_Simpan Sosial Media")): Object: 'Object Repository/edit sosial media/center_Simpan Sosial Media' is clicked on

2023-10-06 11:38:40 - [MESSAGE][PASSED] - Object: 'Object Repository/edit sosial media/center_Simpan Sosial Media' is clicked on

2023-10-06 11:38:40 - [TEST_STEP][PASSED] - face = getText(findTestObject("Object Repository/hasil sosmed/hasil facebook_a")): Text of object 'Object Repository/hasil sosmed/hasil facebook_a' is: 'Runaya'

2023-10-06 11:38:40 - [MESSAGE][PASSED] - Text of object 'Object Repository/hasil sosmed/hasil facebook_a' is: 'Runaya'

2023-10-06 11:38:40 - [TEST_STEP][PASSED] - insta = getText(findTestObject("Object Repository/hasil sosmed/hasil Instagram_c")): Text of object 'Object Repository/hasil sosmed/hasil Instagram_c' is: 'Runaya'

2023-10-06 11:38:41 - [MESSAGE][PASSED] - Text of object 'Object Repository/hasil sosmed/hasil Instagram_c' is: 'Runaya'

2023-10-06 11:38:41 - [TEST_STEP][PASSED] - assert trim().equalsIgnoreCase(facebook.trim()): null

2023-10-06 11:38:41 - [TEST_STEP][PASSED] - assert trim().equalsIgnoreCase(instagram.trim()): null]]></system-out>
         <system-err><![CDATA[]]></system-err>
      </testcase>
      <testcase name="Test Cases/M05 -Edit Sosial Media/TC-ESMS-003" time="21.231" classname="Test Cases/M05 -Edit Sosial Media/TC-ESMS-003" status="FAILED">
         <failure type="FAILED" message="Test Cases/M05 -Edit Sosial Media/TC-ESMS-003 FAILED.
Reason:
Assertion failed: 

assert twit.toString().trim().equalsIgnoreCase(twitter.trim())
       |    |          |      |                |       |
       -    -          -      false            &quot;&quot;      &quot;&quot;

	at TC-ESMS-003.run(TC-ESMS-003:36)
	at com.kms.katalon.core.main.ScriptEngine.run(ScriptEngine.java:194)
	at com.kms.katalon.core.main.ScriptEngine.runScriptAsRawText(ScriptEngine.java:119)
	at com.kms.katalon.core.main.TestCaseExecutor.runScript(TestCaseExecutor.java:448)
	at com.kms.katalon.core.main.TestCaseExecutor.doExecute(TestCaseExecutor.java:439)
	at com.kms.katalon.core.main.TestCaseExecutor.processExecutionPhase(TestCaseExecutor.java:418)
	at com.kms.katalon.core.main.TestCaseExecutor.accessMainPhase(TestCaseExecutor.java:410)
	at com.kms.katalon.core.main.TestCaseExecutor.execute(TestCaseExecutor.java:285)
	at com.kms.katalon.core.common.CommonExecutor.accessTestCaseMainPhase(CommonExecutor.java:65)
	at com.kms.katalon.core.main.TestSuiteExecutor.accessTestSuiteMainPhase(TestSuiteExecutor.java:148)
	at com.kms.katalon.core.main.TestSuiteExecutor.execute(TestSuiteExecutor.java:106)
	at com.kms.katalon.core.main.TestCaseMain.startTestSuite(TestCaseMain.java:187)
	at com.kms.katalon.core.main.TestCaseMain$startTestSuite$0.call(Unknown Source)
	at TempTestSuite1696567025672.run(TempTestSuite1696567025672.groovy:36)
"/>
         <system-out><![CDATA[2023-10-06 11:38:41 - [TEST_CASE][FAILED] - Test Cases/M05 -Edit Sosial Media/TC-ESMS-003: Test Cases/M05 -Edit Sosial Media/TC-ESMS-003 FAILED.
Reason:
Assertion failed: 

assert twit.toString().trim().equalsIgnoreCase(twitter.trim())
       |    |          |      |                |       |
       -    -          -      false            ""      ""

	at TC-ESMS-003.run(TC-ESMS-003:36)
	at com.kms.katalon.core.main.ScriptEngine.run(ScriptEngine.java:194)
	at com.kms.katalon.core.main.ScriptEngine.runScriptAsRawText(ScriptEngine.java:119)
	at com.kms.katalon.core.main.TestCaseExecutor.runScript(TestCaseExecutor.java:448)
	at com.kms.katalon.core.main.TestCaseExecutor.doExecute(TestCaseExecutor.java:439)
	at com.kms.katalon.core.main.TestCaseExecutor.processExecutionPhase(TestCaseExecutor.java:418)
	at com.kms.katalon.core.main.TestCaseExecutor.accessMainPhase(TestCaseExecutor.java:410)
	at com.kms.katalon.core.main.TestCaseExecutor.execute(TestCaseExecutor.java:285)
	at com.kms.katalon.core.common.CommonExecutor.accessTestCaseMainPhase(CommonExecutor.java:65)
	at com.kms.katalon.core.main.TestSuiteExecutor.accessTestSuiteMainPhase(TestSuiteExecutor.java:148)
	at com.kms.katalon.core.main.TestSuiteExecutor.execute(TestSuiteExecutor.java:106)
	at com.kms.katalon.core.main.TestCaseMain.startTestSuite(TestCaseMain.java:187)
	at com.kms.katalon.core.main.TestCaseMain$startTestSuite$0.call(Unknown Source)
	at TempTestSuite1696567025672.run(TempTestSuite1696567025672.groovy:36)


2023-10-06 11:38:42 - [TEST_STEP][PASSED] - callTestCase(findTestCase("M05 -Edit Sosial Media/TC-LS-001"), [:], STOP_ON_FAILURE): Call Test Case 'Test Cases/M05 -Edit Sosial Media/TC-LS-001' successfully

2023-10-06 11:38:42 - [TEST_CASE][PASSED] - Test Cases/M05 -Edit Sosial Media/TC-LS-001: Test Cases/M05 -Edit Sosial Media/TC-LS-001

2023-10-06 11:38:42 - [TEST_STEP][PASSED] - openBrowser(urlWeb): Browser is opened with url: 'https://10.9.2.63/ecommerce/'

2023-10-06 11:38:42 - [MESSAGE][WARNING] - A browser is already opened. Closing browser and opening a new one

2023-10-06 11:38:43 - [MESSAGE][INFO] - Starting 'Edge Chromium' driver

2023-10-06 11:38:43 - [MESSAGE][INFO] - User set preference: ['acceptInsecureCerts', 'true']

2023-10-06 11:38:45 - [MESSAGE][INFO] - Action delay is set to 0 milliseconds

2023-10-06 11:38:49 - [MESSAGE][PASSED] - Browser is opened with url: 'https://10.9.2.63/ecommerce/'

2023-10-06 11:38:49 - [TEST_STEP][PASSED] - maximizeWindow(): Current window maximized

2023-10-06 11:38:50 - [MESSAGE][PASSED] - Current window maximized

2023-10-06 11:38:50 - [TEST_STEP][PASSED] - click(findTestObject("Login/a_Login")): Object: 'Object Repository/Login/a_Login' is clicked on

2023-10-06 11:38:51 - [MESSAGE][PASSED] - Object: 'Object Repository/Login/a_Login' is clicked on

2023-10-06 11:38:51 - [TEST_STEP][PASSED] - setText(findTestObject("Login/input_Username, Email atau No. Handphone_a"), "runa36"): Text 'runa36' is set on object 'Object Repository/Login/input_Username, Email atau No. Handphone_a'

2023-10-06 11:38:52 - [MESSAGE][PASSED] - Text 'runa36' is set on object 'Object Repository/Login/input_Username, Email atau No. Handphone_a'

2023-10-06 11:38:52 - [TEST_STEP][PASSED] - setEncryptedText(findTestObject("Login/input_Password di Login(Masuk)"), "qbkrdMwyWE4="): Text ****** has been set on object 'Object Repository/Login/input_Password di Login(Masuk)'

2023-10-06 11:38:53 - [MESSAGE][PASSED] - Text ****** has been set on object 'Object Repository/Login/input_Password di Login(Masuk)'

2023-10-06 11:38:53 - [TEST_STEP][PASSED] - click(findTestObject("Login/button_Masuk di halaman login")): Object: 'Object Repository/Login/button_Masuk di halaman login' is clicked on

2023-10-06 11:38:55 - [MESSAGE][PASSED] - Object: 'Object Repository/Login/button_Masuk di halaman login' is clicked on

2023-10-06 11:38:55 - [TEST_STEP][PASSED] - verifyElementPresent(findTestObject("edit sosial media/verifikasi masuk halaman biodata diri"), 0): Object 'Object Repository/edit sosial media/verifikasi masuk halaman biodata diri' is present

2023-10-06 11:38:55 - [MESSAGE][WARNING] - Timeout '0' is invalid. Using default page load timeout: '30'

2023-10-06 11:38:55 - [MESSAGE][PASSED] - Object 'Object Repository/edit sosial media/verifikasi masuk halaman biodata diri' is present

2023-10-06 11:38:55 - [MESSAGE][PASSED] - Call Test Case 'Test Cases/M05 -Edit Sosial Media/TC-LS-001' successfully

2023-10-06 11:38:55 - [TEST_STEP][PASSED] - verifyElementPresent(findTestObject("edit sosial media/verifikasi masuk halaman biodata diri"), 0): Object 'Object Repository/edit sosial media/verifikasi masuk halaman biodata diri' is present

2023-10-06 11:38:55 - [MESSAGE][WARNING] - Timeout '0' is invalid. Using default page load timeout: '30'

2023-10-06 11:38:56 - [MESSAGE][PASSED] - Object 'Object Repository/edit sosial media/verifikasi masuk halaman biodata diri' is present

2023-10-06 11:38:56 - [TEST_STEP][PASSED] - click(findTestObject("edit sosial media/a_Sosmed")): Object: 'Object Repository/edit sosial media/a_Sosmed' is clicked on

2023-10-06 11:38:57 - [MESSAGE][PASSED] - Object: 'Object Repository/edit sosial media/a_Sosmed' is clicked on

2023-10-06 11:38:57 - [TEST_STEP][PASSED] - click(findTestObject("edit sosial media/Edit Sosial Media")): Object: 'Object Repository/edit sosial media/Edit Sosial Media' is clicked on

2023-10-06 11:38:58 - [MESSAGE][PASSED] - Object: 'Object Repository/edit sosial media/Edit Sosial Media' is clicked on

2023-10-06 11:38:58 - [TEST_STEP][PASSED] - clearText(findTestObject("edit sosial media/input_Twitter_b")): Text of object 'Object Repository/edit sosial media/input_Twitter_b' is cleared

2023-10-06 11:38:59 - [MESSAGE][PASSED] - Text of object 'Object Repository/edit sosial media/input_Twitter_b' is cleared

2023-10-06 11:38:59 - [TEST_STEP][PASSED] - setText(findTestObject("edit sosial media/input_Twitter_b"), twitter): Text '' is set on object 'Object Repository/edit sosial media/input_Twitter_b'

2023-10-06 11:39:00 - [MESSAGE][PASSED] - Text '' is set on object 'Object Repository/edit sosial media/input_Twitter_b'

2023-10-06 11:39:00 - [TEST_STEP][PASSED] - click(findTestObject("edit sosial media/center_Simpan Sosial Media")): Object: 'Object Repository/edit sosial media/center_Simpan Sosial Media' is clicked on

2023-10-06 11:39:01 - [MESSAGE][PASSED] - Object: 'Object Repository/edit sosial media/center_Simpan Sosial Media' is clicked on

2023-10-06 11:39:01 - [TEST_STEP][PASSED] - twit = getText(findTestObject("Object Repository/hasil sosmed/hasil twitter_b")): Text of object 'Object Repository/hasil sosmed/hasil twitter_b' is: '-'

2023-10-06 11:39:02 - [MESSAGE][PASSED] - Text of object 'Object Repository/hasil sosmed/hasil twitter_b' is: '-'

2023-10-06 11:39:02 - [TEST_STEP][FAILED] - assert trim().equalsIgnoreCase(twitter.trim()): Test Cases/M05 -Edit Sosial Media/TC-ESMS-003 FAILED.
Reason:
Assertion failed: 

assert twit.toString().trim().equalsIgnoreCase(twitter.trim())
       |    |          |      |                |       |
       -    -          -      false            ""      ""

	at TC-ESMS-003.run(TC-ESMS-003:36)
	at com.kms.katalon.core.main.ScriptEngine.run(ScriptEngine.java:194)
	at com.kms.katalon.core.main.ScriptEngine.runScriptAsRawText(ScriptEngine.java:119)
	at com.kms.katalon.core.main.TestCaseExecutor.runScript(TestCaseExecutor.java:448)
	at com.kms.katalon.core.main.TestCaseExecutor.doExecute(TestCaseExecutor.java:439)
	at com.kms.katalon.core.main.TestCaseExecutor.processExecutionPhase(TestCaseExecutor.java:418)
	at com.kms.katalon.core.main.TestCaseExecutor.accessMainPhase(TestCaseExecutor.java:410)
	at com.kms.katalon.core.main.TestCaseExecutor.execute(TestCaseExecutor.java:285)
	at com.kms.katalon.core.common.CommonExecutor.accessTestCaseMainPhase(CommonExecutor.java:65)
	at com.kms.katalon.core.main.TestSuiteExecutor.accessTestSuiteMainPhase(TestSuiteExecutor.java:148)
	at com.kms.katalon.core.main.TestSuiteExecutor.execute(TestSuiteExecutor.java:106)
	at com.kms.katalon.core.main.TestCaseMain.startTestSuite(TestCaseMain.java:187)
	at com.kms.katalon.core.main.TestCaseMain$startTestSuite$0.call(Unknown Source)
	at TempTestSuite1696567025672.run(TempTestSuite1696567025672.groovy:36)


2023-10-06 11:39:02 - [MESSAGE][FAILED] - Test Cases/M05 -Edit Sosial Media/TC-ESMS-003 FAILED.
Reason:
Assertion failed: 

assert twit.toString().trim().equalsIgnoreCase(twitter.trim())
       |    |          |      |                |       |
       -    -          -      false            ""      ""

	at TC-ESMS-003.run(TC-ESMS-003:36)
	at com.kms.katalon.core.main.ScriptEngine.run(ScriptEngine.java:194)
	at com.kms.katalon.core.main.ScriptEngine.runScriptAsRawText(ScriptEngine.java:119)
	at com.kms.katalon.core.main.TestCaseExecutor.runScript(TestCaseExecutor.java:448)
	at com.kms.katalon.core.main.TestCaseExecutor.doExecute(TestCaseExecutor.java:439)
	at com.kms.katalon.core.main.TestCaseExecutor.processExecutionPhase(TestCaseExecutor.java:418)
	at com.kms.katalon.core.main.TestCaseExecutor.accessMainPhase(TestCaseExecutor.java:410)
	at com.kms.katalon.core.main.TestCaseExecutor.execute(TestCaseExecutor.java:285)
	at com.kms.katalon.core.common.CommonExecutor.accessTestCaseMainPhase(CommonExecutor.java:65)
	at com.kms.katalon.core.main.TestSuiteExecutor.accessTestSuiteMainPhase(TestSuiteExecutor.java:148)
	at com.kms.katalon.core.main.TestSuiteExecutor.execute(TestSuiteExecutor.java:106)
	at com.kms.katalon.core.main.TestCaseMain.startTestSuite(TestCaseMain.java:187)
	at com.kms.katalon.core.main.TestCaseMain$startTestSuite$0.call(Unknown Source)
	at TempTestSuite1696567025672.run(TempTestSuite1696567025672.groovy:36)]]></system-out>
         <system-err><![CDATA[2023-10-06 11:38:41 - [TEST_CASE][FAILED] - Test Cases/M05 -Edit Sosial Media/TC-ESMS-003: Test Cases/M05 -Edit Sosial Media/TC-ESMS-003 FAILED.
Reason:
Assertion failed: 

assert twit.toString().trim().equalsIgnoreCase(twitter.trim())
       |    |          |      |                |       |
       -    -          -      false            ""      ""

	at TC-ESMS-003.run(TC-ESMS-003:36)
	at com.kms.katalon.core.main.ScriptEngine.run(ScriptEngine.java:194)
	at com.kms.katalon.core.main.ScriptEngine.runScriptAsRawText(ScriptEngine.java:119)
	at com.kms.katalon.core.main.TestCaseExecutor.runScript(TestCaseExecutor.java:448)
	at com.kms.katalon.core.main.TestCaseExecutor.doExecute(TestCaseExecutor.java:439)
	at com.kms.katalon.core.main.TestCaseExecutor.processExecutionPhase(TestCaseExecutor.java:418)
	at com.kms.katalon.core.main.TestCaseExecutor.accessMainPhase(TestCaseExecutor.java:410)
	at com.kms.katalon.core.main.TestCaseExecutor.execute(TestCaseExecutor.java:285)
	at com.kms.katalon.core.common.CommonExecutor.accessTestCaseMainPhase(CommonExecutor.java:65)
	at com.kms.katalon.core.main.TestSuiteExecutor.accessTestSuiteMainPhase(TestSuiteExecutor.java:148)
	at com.kms.katalon.core.main.TestSuiteExecutor.execute(TestSuiteExecutor.java:106)
	at com.kms.katalon.core.main.TestCaseMain.startTestSuite(TestCaseMain.java:187)
	at com.kms.katalon.core.main.TestCaseMain$startTestSuite$0.call(Unknown Source)
	at TempTestSuite1696567025672.run(TempTestSuite1696567025672.groovy:36)]]></system-err>
      </testcase>
      <testcase name="Test Cases/M05 -Edit Sosial Media/TC-ESMS-004" time="22.718" classname="Test Cases/M05 -Edit Sosial Media/TC-ESMS-004" status="PASSED">
         <system-out><![CDATA[2023-10-06 11:39:02 - [TEST_CASE][PASSED] - Test Cases/M05 -Edit Sosial Media/TC-ESMS-004: Test Cases/M05 -Edit Sosial Media/TC-ESMS-004

2023-10-06 11:39:03 - [TEST_STEP][PASSED] - callTestCase(findTestCase("M05 -Edit Sosial Media/TC-LS-001"), [:], STOP_ON_FAILURE): Call Test Case 'Test Cases/M05 -Edit Sosial Media/TC-LS-001' successfully

2023-10-06 11:39:03 - [TEST_CASE][PASSED] - Test Cases/M05 -Edit Sosial Media/TC-LS-001: Test Cases/M05 -Edit Sosial Media/TC-LS-001

2023-10-06 11:39:03 - [TEST_STEP][PASSED] - openBrowser(urlWeb): Browser is opened with url: 'https://10.9.2.63/ecommerce/'

2023-10-06 11:39:03 - [MESSAGE][WARNING] - A browser is already opened. Closing browser and opening a new one

2023-10-06 11:39:04 - [MESSAGE][INFO] - Starting 'Edge Chromium' driver

2023-10-06 11:39:04 - [MESSAGE][INFO] - User set preference: ['acceptInsecureCerts', 'true']

2023-10-06 11:39:06 - [MESSAGE][INFO] - Action delay is set to 0 milliseconds

2023-10-06 11:39:11 - [MESSAGE][PASSED] - Browser is opened with url: 'https://10.9.2.63/ecommerce/'

2023-10-06 11:39:11 - [TEST_STEP][PASSED] - maximizeWindow(): Current window maximized

2023-10-06 11:39:11 - [MESSAGE][PASSED] - Current window maximized

2023-10-06 11:39:11 - [TEST_STEP][PASSED] - click(findTestObject("Login/a_Login")): Object: 'Object Repository/Login/a_Login' is clicked on

2023-10-06 11:39:12 - [MESSAGE][PASSED] - Object: 'Object Repository/Login/a_Login' is clicked on

2023-10-06 11:39:12 - [TEST_STEP][PASSED] - setText(findTestObject("Login/input_Username, Email atau No. Handphone_a"), "runa36"): Text 'runa36' is set on object 'Object Repository/Login/input_Username, Email atau No. Handphone_a'

2023-10-06 11:39:13 - [MESSAGE][PASSED] - Text 'runa36' is set on object 'Object Repository/Login/input_Username, Email atau No. Handphone_a'

2023-10-06 11:39:13 - [TEST_STEP][PASSED] - setEncryptedText(findTestObject("Login/input_Password di Login(Masuk)"), "qbkrdMwyWE4="): Text ****** has been set on object 'Object Repository/Login/input_Password di Login(Masuk)'

2023-10-06 11:39:13 - [MESSAGE][PASSED] - Text ****** has been set on object 'Object Repository/Login/input_Password di Login(Masuk)'

2023-10-06 11:39:13 - [TEST_STEP][PASSED] - click(findTestObject("Login/button_Masuk di halaman login")): Object: 'Object Repository/Login/button_Masuk di halaman login' is clicked on

2023-10-06 11:39:16 - [MESSAGE][PASSED] - Object: 'Object Repository/Login/button_Masuk di halaman login' is clicked on

2023-10-06 11:39:16 - [TEST_STEP][PASSED] - verifyElementPresent(findTestObject("edit sosial media/verifikasi masuk halaman biodata diri"), 0): Object 'Object Repository/edit sosial media/verifikasi masuk halaman biodata diri' is present

2023-10-06 11:39:16 - [MESSAGE][WARNING] - Timeout '0' is invalid. Using default page load timeout: '30'

2023-10-06 11:39:16 - [MESSAGE][PASSED] - Object 'Object Repository/edit sosial media/verifikasi masuk halaman biodata diri' is present

2023-10-06 11:39:16 - [MESSAGE][PASSED] - Call Test Case 'Test Cases/M05 -Edit Sosial Media/TC-LS-001' successfully

2023-10-06 11:39:16 - [TEST_STEP][PASSED] - verifyElementPresent(findTestObject("edit sosial media/verifikasi masuk halaman biodata diri"), 0): Object 'Object Repository/edit sosial media/verifikasi masuk halaman biodata diri' is present

2023-10-06 11:39:16 - [MESSAGE][WARNING] - Timeout '0' is invalid. Using default page load timeout: '30'

2023-10-06 11:39:17 - [MESSAGE][PASSED] - Object 'Object Repository/edit sosial media/verifikasi masuk halaman biodata diri' is present

2023-10-06 11:39:17 - [TEST_STEP][PASSED] - click(findTestObject("edit sosial media/a_Sosmed")): Object: 'Object Repository/edit sosial media/a_Sosmed' is clicked on

2023-10-06 11:39:18 - [MESSAGE][PASSED] - Object: 'Object Repository/edit sosial media/a_Sosmed' is clicked on

2023-10-06 11:39:18 - [TEST_STEP][PASSED] - click(findTestObject("edit sosial media/Edit Sosial Media")): Object: 'Object Repository/edit sosial media/Edit Sosial Media' is clicked on

2023-10-06 11:39:19 - [MESSAGE][PASSED] - Object: 'Object Repository/edit sosial media/Edit Sosial Media' is clicked on

2023-10-06 11:39:19 - [TEST_STEP][PASSED] - clearText(findTestObject("edit sosial media/input_Youtube_f")): Text of object 'Object Repository/edit sosial media/input_Youtube_f' is cleared

2023-10-06 11:39:20 - [MESSAGE][PASSED] - Text of object 'Object Repository/edit sosial media/input_Youtube_f' is cleared

2023-10-06 11:39:20 - [TEST_STEP][PASSED] - setText(findTestObject("edit sosial media/input_Youtube_f"), youtube): Text 'https://www.youtube.com/@BLACKPINK' is set on object 'Object Repository/edit sosial media/input_Youtube_f'

2023-10-06 11:39:21 - [MESSAGE][PASSED] - Text 'https://www.youtube.com/@BLACKPINK' is set on object 'Object Repository/edit sosial media/input_Youtube_f'

2023-10-06 11:39:21 - [TEST_STEP][PASSED] - clearText(findTestObject("edit sosial media/input_LinkedIn_g")): Text of object 'Object Repository/edit sosial media/input_LinkedIn_g' is cleared

2023-10-06 11:39:22 - [MESSAGE][PASSED] - Text of object 'Object Repository/edit sosial media/input_LinkedIn_g' is cleared

2023-10-06 11:39:22 - [TEST_STEP][PASSED] - setText(findTestObject("edit sosial media/input_LinkedIn_g"), linkedin): Text 'www.linkedin.com/in/blackpink' is set on object 'Object Repository/edit sosial media/input_LinkedIn_g'

2023-10-06 11:39:23 - [MESSAGE][PASSED] - Text 'www.linkedin.com/in/blackpink' is set on object 'Object Repository/edit sosial media/input_LinkedIn_g'

2023-10-06 11:39:23 - [TEST_STEP][PASSED] - click(findTestObject("edit sosial media/center_Simpan Sosial Media")): Object: 'Object Repository/edit sosial media/center_Simpan Sosial Media' is clicked on

2023-10-06 11:39:24 - [MESSAGE][PASSED] - Object: 'Object Repository/edit sosial media/center_Simpan Sosial Media' is clicked on

2023-10-06 11:39:24 - [TEST_STEP][PASSED] - yt = getText(findTestObject("hasil sosmed/hasil youtube f")): Text of object 'Object Repository/hasil sosmed/hasil youtube f' is: 'https://www.youtube.com/@BLACKPINK'

2023-10-06 11:39:25 - [MESSAGE][PASSED] - Text of object 'Object Repository/hasil sosmed/hasil youtube f' is: 'https://www.youtube.com/@BLACKPINK'

2023-10-06 11:39:25 - [TEST_STEP][PASSED] - lind = getText(findTestObject("hasil sosmed/hasil linkedin g")): Text of object 'Object Repository/hasil sosmed/hasil linkedin g' is: 'www.linkedin.com/in/blackpink'

2023-10-06 11:39:25 - [MESSAGE][PASSED] - Text of object 'Object Repository/hasil sosmed/hasil linkedin g' is: 'www.linkedin.com/in/blackpink'

2023-10-06 11:39:25 - [TEST_STEP][PASSED] - assert trim().equalsIgnoreCase(youtube.trim()): null

2023-10-06 11:39:25 - [TEST_STEP][PASSED] - assert trim().equalsIgnoreCase(linkedin.trim()): null]]></system-out>
         <system-err><![CDATA[]]></system-err>
      </testcase>
      <testcase name="Test Cases/M05 -Edit Sosial Media/TC-ESMS-005" time="21.107" classname="Test Cases/M05 -Edit Sosial Media/TC-ESMS-005" status="PASSED">
         <system-out><![CDATA[2023-10-06 11:39:25 - [TEST_CASE][PASSED] - Test Cases/M05 -Edit Sosial Media/TC-ESMS-005: Test Cases/M05 -Edit Sosial Media/TC-ESMS-005

2023-10-06 11:39:26 - [TEST_STEP][PASSED] - callTestCase(findTestCase("M05 -Edit Sosial Media/TC-LS-001"), [:], STOP_ON_FAILURE): Call Test Case 'Test Cases/M05 -Edit Sosial Media/TC-LS-001' successfully

2023-10-06 11:39:26 - [TEST_CASE][PASSED] - Test Cases/M05 -Edit Sosial Media/TC-LS-001: Test Cases/M05 -Edit Sosial Media/TC-LS-001

2023-10-06 11:39:26 - [TEST_STEP][PASSED] - openBrowser(urlWeb): Browser is opened with url: 'https://10.9.2.63/ecommerce/'

2023-10-06 11:39:26 - [MESSAGE][WARNING] - A browser is already opened. Closing browser and opening a new one

2023-10-06 11:39:27 - [MESSAGE][INFO] - Starting 'Edge Chromium' driver

2023-10-06 11:39:27 - [MESSAGE][INFO] - User set preference: ['acceptInsecureCerts', 'true']

2023-10-06 11:39:29 - [MESSAGE][INFO] - Action delay is set to 0 milliseconds

2023-10-06 11:39:33 - [MESSAGE][PASSED] - Browser is opened with url: 'https://10.9.2.63/ecommerce/'

2023-10-06 11:39:33 - [TEST_STEP][PASSED] - maximizeWindow(): Current window maximized

2023-10-06 11:39:33 - [MESSAGE][PASSED] - Current window maximized

2023-10-06 11:39:33 - [TEST_STEP][PASSED] - click(findTestObject("Login/a_Login")): Object: 'Object Repository/Login/a_Login' is clicked on

2023-10-06 11:39:34 - [MESSAGE][PASSED] - Object: 'Object Repository/Login/a_Login' is clicked on

2023-10-06 11:39:34 - [TEST_STEP][PASSED] - setText(findTestObject("Login/input_Username, Email atau No. Handphone_a"), "runa36"): Text 'runa36' is set on object 'Object Repository/Login/input_Username, Email atau No. Handphone_a'

2023-10-06 11:39:35 - [MESSAGE][PASSED] - Text 'runa36' is set on object 'Object Repository/Login/input_Username, Email atau No. Handphone_a'

2023-10-06 11:39:35 - [TEST_STEP][PASSED] - setEncryptedText(findTestObject("Login/input_Password di Login(Masuk)"), "qbkrdMwyWE4="): Text ****** has been set on object 'Object Repository/Login/input_Password di Login(Masuk)'

2023-10-06 11:39:36 - [MESSAGE][PASSED] - Text ****** has been set on object 'Object Repository/Login/input_Password di Login(Masuk)'

2023-10-06 11:39:36 - [TEST_STEP][PASSED] - click(findTestObject("Login/button_Masuk di halaman login")): Object: 'Object Repository/Login/button_Masuk di halaman login' is clicked on

2023-10-06 11:39:38 - [MESSAGE][PASSED] - Object: 'Object Repository/Login/button_Masuk di halaman login' is clicked on

2023-10-06 11:39:38 - [TEST_STEP][PASSED] - verifyElementPresent(findTestObject("edit sosial media/verifikasi masuk halaman biodata diri"), 0): Object 'Object Repository/edit sosial media/verifikasi masuk halaman biodata diri' is present

2023-10-06 11:39:38 - [MESSAGE][WARNING] - Timeout '0' is invalid. Using default page load timeout: '30'

2023-10-06 11:39:38 - [MESSAGE][PASSED] - Object 'Object Repository/edit sosial media/verifikasi masuk halaman biodata diri' is present

2023-10-06 11:39:38 - [MESSAGE][PASSED] - Call Test Case 'Test Cases/M05 -Edit Sosial Media/TC-LS-001' successfully

2023-10-06 11:39:38 - [TEST_STEP][PASSED] - verifyElementPresent(findTestObject("edit sosial media/verifikasi masuk halaman biodata diri"), 0): Object 'Object Repository/edit sosial media/verifikasi masuk halaman biodata diri' is present

2023-10-06 11:39:38 - [MESSAGE][WARNING] - Timeout '0' is invalid. Using default page load timeout: '30'

2023-10-06 11:39:39 - [MESSAGE][PASSED] - Object 'Object Repository/edit sosial media/verifikasi masuk halaman biodata diri' is present

2023-10-06 11:39:39 - [TEST_STEP][PASSED] - click(findTestObject("edit sosial media/a_Sosmed")): Object: 'Object Repository/edit sosial media/a_Sosmed' is clicked on

2023-10-06 11:39:40 - [MESSAGE][PASSED] - Object: 'Object Repository/edit sosial media/a_Sosmed' is clicked on

2023-10-06 11:39:40 - [TEST_STEP][PASSED] - instagram = getText(findTestObject("Object Repository/hasil sosmed/hasil Instagram_c")): Text of object 'Object Repository/hasil sosmed/hasil Instagram_c' is: 'Runaya'

2023-10-06 11:39:40 - [MESSAGE][PASSED] - Text of object 'Object Repository/hasil sosmed/hasil Instagram_c' is: 'Runaya'

2023-10-06 11:39:40 - [TEST_STEP][PASSED] - println(instagram): null

2023-10-06 11:39:40 - [TEST_STEP][PASSED] - click(findTestObject("edit sosial media/Edit Sosial Media")): Object: 'Object Repository/edit sosial media/Edit Sosial Media' is clicked on

2023-10-06 11:39:41 - [MESSAGE][PASSED] - Object: 'Object Repository/edit sosial media/Edit Sosial Media' is clicked on

2023-10-06 11:39:41 - [TEST_STEP][PASSED] - clearText(findTestObject("edit sosial media/input_Instagram_c")): Text of object 'Object Repository/edit sosial media/input_Instagram_c' is cleared

2023-10-06 11:39:42 - [MESSAGE][PASSED] - Text of object 'Object Repository/edit sosial media/input_Instagram_c' is cleared

2023-10-06 11:39:42 - [TEST_STEP][PASSED] - setText(findTestObject("edit sosial media/input_Instagram_c"), insta): Text 'Johndue' is set on object 'Object Repository/edit sosial media/input_Instagram_c'

2023-10-06 11:39:43 - [MESSAGE][PASSED] - Text 'Johndue' is set on object 'Object Repository/edit sosial media/input_Instagram_c'

2023-10-06 11:39:43 - [TEST_STEP][PASSED] - click(findTestObject("edit sosial media/li_Profile")): Object: 'Object Repository/edit sosial media/li_Profile' is clicked on

2023-10-06 11:39:44 - [MESSAGE][PASSED] - Object: 'Object Repository/edit sosial media/li_Profile' is clicked on

2023-10-06 11:39:44 - [TEST_STEP][PASSED] - click(findTestObject("edit sosial media/a_Sosmed")): Object: 'Object Repository/edit sosial media/a_Sosmed' is clicked on

2023-10-06 11:39:46 - [MESSAGE][PASSED] - Object: 'Object Repository/edit sosial media/a_Sosmed' is clicked on

2023-10-06 11:39:46 - [TEST_STEP][PASSED] - instag = getText(findTestObject("Object Repository/hasil sosmed/hasil Instagram_c")): Text of object 'Object Repository/hasil sosmed/hasil Instagram_c' is: 'Runaya'

2023-10-06 11:39:46 - [MESSAGE][PASSED] - Text of object 'Object Repository/hasil sosmed/hasil Instagram_c' is: 'Runaya'

2023-10-06 11:39:46 - [TEST_STEP][PASSED] - println(instag): null

2023-10-06 11:39:46 - [TEST_STEP][PASSED] - assert instagram == instag: null]]></system-out>
         <system-err><![CDATA[]]></system-err>
      </testcase>
      <testcase name="Test Cases/M05 -Edit Sosial Media/TC-ESMD-001" time="45.473" classname="Test Cases/M05 -Edit Sosial Media/TC-ESMD-001" status="FAILED">
         <failure type="FAILED" message="Test Cases/M05 -Edit Sosial Media/TC-ESMD-001 FAILED.
Reason:
Assertion failed: 

assert face.toString().trim().equalsIgnoreCase(facebook.trim())
       |    |          |      |                |        |
       -    -          -      false            &quot;&quot;       &quot;&quot;

	at TC-ESMD-001.run(TC-ESMD-001:60)
	at com.kms.katalon.core.main.ScriptEngine.run(ScriptEngine.java:194)
	at com.kms.katalon.core.main.ScriptEngine.runScriptAsRawText(ScriptEngine.java:119)
	at com.kms.katalon.core.main.TestCaseExecutor.runScript(TestCaseExecutor.java:448)
	at com.kms.katalon.core.main.TestCaseExecutor.doExecute(TestCaseExecutor.java:439)
	at com.kms.katalon.core.main.TestCaseExecutor.processExecutionPhase(TestCaseExecutor.java:418)
	at com.kms.katalon.core.main.TestCaseExecutor.accessMainPhase(TestCaseExecutor.java:410)
	at com.kms.katalon.core.main.TestCaseExecutor.execute(TestCaseExecutor.java:285)
	at com.kms.katalon.core.common.CommonExecutor.accessTestCaseMainPhase(CommonExecutor.java:65)
	at com.kms.katalon.core.main.TestSuiteExecutor.accessTestSuiteMainPhase(TestSuiteExecutor.java:148)
	at com.kms.katalon.core.main.TestSuiteExecutor.execute(TestSuiteExecutor.java:106)
	at com.kms.katalon.core.main.TestCaseMain.startTestSuite(TestCaseMain.java:187)
	at com.kms.katalon.core.main.TestCaseMain$startTestSuite$0.call(Unknown Source)
	at TempTestSuite1696567025672.run(TempTestSuite1696567025672.groovy:36)
"/>
         <system-out><![CDATA[2023-10-06 11:39:46 - [TEST_CASE][FAILED] - Test Cases/M05 -Edit Sosial Media/TC-ESMD-001: Test Cases/M05 -Edit Sosial Media/TC-ESMD-001 FAILED.
Reason:
Assertion failed: 

assert face.toString().trim().equalsIgnoreCase(facebook.trim())
       |    |          |      |                |        |
       -    -          -      false            ""       ""

	at TC-ESMD-001.run(TC-ESMD-001:60)
	at com.kms.katalon.core.main.ScriptEngine.run(ScriptEngine.java:194)
	at com.kms.katalon.core.main.ScriptEngine.runScriptAsRawText(ScriptEngine.java:119)
	at com.kms.katalon.core.main.TestCaseExecutor.runScript(TestCaseExecutor.java:448)
	at com.kms.katalon.core.main.TestCaseExecutor.doExecute(TestCaseExecutor.java:439)
	at com.kms.katalon.core.main.TestCaseExecutor.processExecutionPhase(TestCaseExecutor.java:418)
	at com.kms.katalon.core.main.TestCaseExecutor.accessMainPhase(TestCaseExecutor.java:410)
	at com.kms.katalon.core.main.TestCaseExecutor.execute(TestCaseExecutor.java:285)
	at com.kms.katalon.core.common.CommonExecutor.accessTestCaseMainPhase(CommonExecutor.java:65)
	at com.kms.katalon.core.main.TestSuiteExecutor.accessTestSuiteMainPhase(TestSuiteExecutor.java:148)
	at com.kms.katalon.core.main.TestSuiteExecutor.execute(TestSuiteExecutor.java:106)
	at com.kms.katalon.core.main.TestCaseMain.startTestSuite(TestCaseMain.java:187)
	at com.kms.katalon.core.main.TestCaseMain$startTestSuite$0.call(Unknown Source)
	at TempTestSuite1696567025672.run(TempTestSuite1696567025672.groovy:36)


2023-10-06 11:39:47 - [TEST_STEP][PASSED] - callTestCase(findTestCase("M05 -Edit Sosial Media/TC-ESMS-001"), ["Facebook":"Runarun", "Twitter":"Runaya71", "Instagram":"Runarun", "Whatsapp":"+6281122223333", "Telegram":"@Runaya71", "Youtube":"Runarun", ... ], STOP_ON_FAILURE): Call Test Case 'Test Cases/M05 -Edit Sosial Media/TC-ESMS-001' successfully

2023-10-06 11:39:47 - [TEST_CASE][PASSED] - Test Cases/M05 -Edit Sosial Media/TC-ESMS-001: Test Cases/M05 -Edit Sosial Media/TC-ESMS-001

2023-10-06 11:39:47 - [TEST_STEP][PASSED] - callTestCase(findTestCase("M05 -Edit Sosial Media/TC-LS-001"), [:], STOP_ON_FAILURE): Call Test Case 'Test Cases/M05 -Edit Sosial Media/TC-LS-001' successfully

2023-10-06 11:39:47 - [TEST_CASE][PASSED] - Test Cases/M05 -Edit Sosial Media/TC-LS-001: Test Cases/M05 -Edit Sosial Media/TC-LS-001

2023-10-06 11:39:47 - [TEST_STEP][PASSED] - openBrowser(urlWeb): Browser is opened with url: 'https://10.9.2.63/ecommerce/'

2023-10-06 11:39:47 - [MESSAGE][WARNING] - A browser is already opened. Closing browser and opening a new one

2023-10-06 11:39:48 - [MESSAGE][INFO] - Starting 'Edge Chromium' driver

2023-10-06 11:39:48 - [MESSAGE][INFO] - User set preference: ['acceptInsecureCerts', 'true']

2023-10-06 11:39:51 - [MESSAGE][INFO] - Action delay is set to 0 milliseconds

2023-10-06 11:39:55 - [MESSAGE][PASSED] - Browser is opened with url: 'https://10.9.2.63/ecommerce/'

2023-10-06 11:39:55 - [TEST_STEP][PASSED] - maximizeWindow(): Current window maximized

2023-10-06 11:39:55 - [MESSAGE][PASSED] - Current window maximized

2023-10-06 11:39:55 - [TEST_STEP][PASSED] - click(findTestObject("Login/a_Login")): Object: 'Object Repository/Login/a_Login' is clicked on

2023-10-06 11:39:56 - [MESSAGE][PASSED] - Object: 'Object Repository/Login/a_Login' is clicked on

2023-10-06 11:39:56 - [TEST_STEP][PASSED] - setText(findTestObject("Login/input_Username, Email atau No. Handphone_a"), "runa36"): Text 'runa36' is set on object 'Object Repository/Login/input_Username, Email atau No. Handphone_a'

2023-10-06 11:39:57 - [MESSAGE][PASSED] - Text 'runa36' is set on object 'Object Repository/Login/input_Username, Email atau No. Handphone_a'

2023-10-06 11:39:57 - [TEST_STEP][PASSED] - setEncryptedText(findTestObject("Login/input_Password di Login(Masuk)"), "qbkrdMwyWE4="): Text ****** has been set on object 'Object Repository/Login/input_Password di Login(Masuk)'

2023-10-06 11:39:58 - [MESSAGE][PASSED] - Text ****** has been set on object 'Object Repository/Login/input_Password di Login(Masuk)'

2023-10-06 11:39:58 - [TEST_STEP][PASSED] - click(findTestObject("Login/button_Masuk di halaman login")): Object: 'Object Repository/Login/button_Masuk di halaman login' is clicked on

2023-10-06 11:39:59 - [MESSAGE][PASSED] - Object: 'Object Repository/Login/button_Masuk di halaman login' is clicked on

2023-10-06 11:39:59 - [TEST_STEP][PASSED] - verifyElementPresent(findTestObject("edit sosial media/verifikasi masuk halaman biodata diri"), 0): Object 'Object Repository/edit sosial media/verifikasi masuk halaman biodata diri' is present

2023-10-06 11:39:59 - [MESSAGE][WARNING] - Timeout '0' is invalid. Using default page load timeout: '30'

2023-10-06 11:40:00 - [MESSAGE][PASSED] - Object 'Object Repository/edit sosial media/verifikasi masuk halaman biodata diri' is present

2023-10-06 11:40:00 - [MESSAGE][PASSED] - Call Test Case 'Test Cases/M05 -Edit Sosial Media/TC-LS-001' successfully

2023-10-06 11:40:00 - [TEST_STEP][PASSED] - verifyElementPresent(findTestObject("edit sosial media/verifikasi masuk halaman biodata diri"), 0): Object 'Object Repository/edit sosial media/verifikasi masuk halaman biodata diri' is present

2023-10-06 11:40:00 - [MESSAGE][WARNING] - Timeout '0' is invalid. Using default page load timeout: '30'

2023-10-06 11:40:00 - [MESSAGE][PASSED] - Object 'Object Repository/edit sosial media/verifikasi masuk halaman biodata diri' is present

2023-10-06 11:40:00 - [TEST_STEP][PASSED] - click(findTestObject("edit sosial media/a_Sosmed")): Object: 'Object Repository/edit sosial media/a_Sosmed' is clicked on

2023-10-06 11:40:01 - [MESSAGE][PASSED] - Object: 'Object Repository/edit sosial media/a_Sosmed' is clicked on

2023-10-06 11:40:01 - [TEST_STEP][PASSED] - click(findTestObject("edit sosial media/Edit Sosial Media")): Object: 'Object Repository/edit sosial media/Edit Sosial Media' is clicked on

2023-10-06 11:40:02 - [MESSAGE][PASSED] - Object: 'Object Repository/edit sosial media/Edit Sosial Media' is clicked on

2023-10-06 11:40:02 - [TEST_STEP][PASSED] - clearText(findTestObject("edit sosial media/input_Facebook_a")): Text of object 'Object Repository/edit sosial media/input_Facebook_a' is cleared

2023-10-06 11:40:03 - [MESSAGE][PASSED] - Text of object 'Object Repository/edit sosial media/input_Facebook_a' is cleared

2023-10-06 11:40:03 - [TEST_STEP][PASSED] - setText(findTestObject("edit sosial media/input_Facebook_a"), Facebook): Text 'Runarun' is set on object 'Object Repository/edit sosial media/input_Facebook_a'

2023-10-06 11:40:04 - [MESSAGE][PASSED] - Text 'Runarun' is set on object 'Object Repository/edit sosial media/input_Facebook_a'

2023-10-06 11:40:04 - [TEST_STEP][PASSED] - clearText(findTestObject("edit sosial media/input_Twitter_b")): Text of object 'Object Repository/edit sosial media/input_Twitter_b' is cleared

2023-10-06 11:40:05 - [MESSAGE][PASSED] - Text of object 'Object Repository/edit sosial media/input_Twitter_b' is cleared

2023-10-06 11:40:05 - [TEST_STEP][PASSED] - setText(findTestObject("edit sosial media/input_Twitter_b"), Twitter): Text 'Runaya71' is set on object 'Object Repository/edit sosial media/input_Twitter_b'

2023-10-06 11:40:06 - [MESSAGE][PASSED] - Text 'Runaya71' is set on object 'Object Repository/edit sosial media/input_Twitter_b'

2023-10-06 11:40:06 - [TEST_STEP][PASSED] - clearText(findTestObject("edit sosial media/input_Instagram_c")): Text of object 'Object Repository/edit sosial media/input_Instagram_c' is cleared

2023-10-06 11:40:06 - [MESSAGE][PASSED] - Text of object 'Object Repository/edit sosial media/input_Instagram_c' is cleared

2023-10-06 11:40:06 - [TEST_STEP][PASSED] - setText(findTestObject("edit sosial media/input_Instagram_c"), Instagram): Text 'Runarun' is set on object 'Object Repository/edit sosial media/input_Instagram_c'

2023-10-06 11:40:07 - [MESSAGE][PASSED] - Text 'Runarun' is set on object 'Object Repository/edit sosial media/input_Instagram_c'

2023-10-06 11:40:07 - [TEST_STEP][PASSED] - clearText(findTestObject("edit sosial media/input_Whatsapp_d")): Text of object 'Object Repository/edit sosial media/input_Whatsapp_d' is cleared

2023-10-06 11:40:08 - [MESSAGE][PASSED] - Text of object 'Object Repository/edit sosial media/input_Whatsapp_d' is cleared

2023-10-06 11:40:08 - [TEST_STEP][PASSED] - setText(findTestObject("edit sosial media/input_Whatsapp_d"), Whatsapp): Text '+6281122223333' is set on object 'Object Repository/edit sosial media/input_Whatsapp_d'

2023-10-06 11:40:09 - [MESSAGE][PASSED] - Text '+6281122223333' is set on object 'Object Repository/edit sosial media/input_Whatsapp_d'

2023-10-06 11:40:09 - [TEST_STEP][PASSED] - clearText(findTestObject("edit sosial media/input_Telegram_e")): Text of object 'Object Repository/edit sosial media/input_Telegram_e' is cleared

2023-10-06 11:40:10 - [MESSAGE][PASSED] - Text of object 'Object Repository/edit sosial media/input_Telegram_e' is cleared

2023-10-06 11:40:10 - [TEST_STEP][PASSED] - setText(findTestObject("edit sosial media/input_Telegram_e"), Telegram): Text '@Runaya71' is set on object 'Object Repository/edit sosial media/input_Telegram_e'

2023-10-06 11:40:11 - [MESSAGE][PASSED] - Text '@Runaya71' is set on object 'Object Repository/edit sosial media/input_Telegram_e'

2023-10-06 11:40:11 - [TEST_STEP][PASSED] - clearText(findTestObject("edit sosial media/input_Youtube_f")): Text of object 'Object Repository/edit sosial media/input_Youtube_f' is cleared

2023-10-06 11:40:11 - [MESSAGE][PASSED] - Text of object 'Object Repository/edit sosial media/input_Youtube_f' is cleared

2023-10-06 11:40:11 - [TEST_STEP][PASSED] - setText(findTestObject("edit sosial media/input_Youtube_f"), Youtube): Text 'Runarun' is set on object 'Object Repository/edit sosial media/input_Youtube_f'

2023-10-06 11:40:12 - [MESSAGE][PASSED] - Text 'Runarun' is set on object 'Object Repository/edit sosial media/input_Youtube_f'

2023-10-06 11:40:12 - [TEST_STEP][PASSED] - clearText(findTestObject("edit sosial media/input_LinkedIn_g")): Text of object 'Object Repository/edit sosial media/input_LinkedIn_g' is cleared

2023-10-06 11:40:13 - [MESSAGE][PASSED] - Text of object 'Object Repository/edit sosial media/input_LinkedIn_g' is cleared

2023-10-06 11:40:13 - [TEST_STEP][PASSED] - setText(findTestObject("edit sosial media/input_LinkedIn_g"), LinkedIn): Text 'RunaOkta' is set on object 'Object Repository/edit sosial media/input_LinkedIn_g'

2023-10-06 11:40:14 - [MESSAGE][PASSED] - Text 'RunaOkta' is set on object 'Object Repository/edit sosial media/input_LinkedIn_g'

2023-10-06 11:40:14 - [TEST_STEP][PASSED] - clearText(findTestObject("edit sosial media/input_Google_h")): Text of object 'Object Repository/edit sosial media/input_Google_h' is cleared

2023-10-06 11:40:14 - [MESSAGE][PASSED] - Text of object 'Object Repository/edit sosial media/input_Google_h' is cleared

2023-10-06 11:40:14 - [TEST_STEP][PASSED] - setText(findTestObject("edit sosial media/input_Google_h"), Google): Text '+Runaya' is set on object 'Object Repository/edit sosial media/input_Google_h'

2023-10-06 11:40:15 - [MESSAGE][PASSED] - Text '+Runaya' is set on object 'Object Repository/edit sosial media/input_Google_h'

2023-10-06 11:40:15 - [TEST_STEP][PASSED] - click(findTestObject("edit sosial media/center_Simpan Sosial Media")): Object: 'Object Repository/edit sosial media/center_Simpan Sosial Media' is clicked on

2023-10-06 11:40:17 - [MESSAGE][PASSED] - Object: 'Object Repository/edit sosial media/center_Simpan Sosial Media' is clicked on

2023-10-06 11:40:17 - [TEST_STEP][PASSED] - face = getText(findTestObject("hasil sosmed/hasil facebook_a")): Text of object 'Object Repository/hasil sosmed/hasil facebook_a' is: 'Runarun'

2023-10-06 11:40:17 - [MESSAGE][PASSED] - Text of object 'Object Repository/hasil sosmed/hasil facebook_a' is: 'Runarun'

2023-10-06 11:40:17 - [TEST_STEP][PASSED] - Twit = getText(findTestObject("hasil sosmed/hasil twitter_b")): Text of object 'Object Repository/hasil sosmed/hasil twitter_b' is: 'Runaya71'

2023-10-06 11:40:18 - [MESSAGE][PASSED] - Text of object 'Object Repository/hasil sosmed/hasil twitter_b' is: 'Runaya71'

2023-10-06 11:40:18 - [TEST_STEP][PASSED] - insta = getText(findTestObject("hasil sosmed/hasil Instagram_c")): Text of object 'Object Repository/hasil sosmed/hasil Instagram_c' is: 'Runarun'

2023-10-06 11:40:18 - [MESSAGE][PASSED] - Text of object 'Object Repository/hasil sosmed/hasil Instagram_c' is: 'Runarun'

2023-10-06 11:40:18 - [TEST_STEP][PASSED] - wa = getText(findTestObject("hasil sosmed/hasil whatsapp d")): Text of object 'Object Repository/hasil sosmed/hasil whatsapp d' is: '+6281122223333'

2023-10-06 11:40:19 - [MESSAGE][PASSED] - Text of object 'Object Repository/hasil sosmed/hasil whatsapp d' is: '+6281122223333'

2023-10-06 11:40:19 - [TEST_STEP][PASSED] - tele = getText(findTestObject("hasil sosmed/hasil Telegram e")): Text of object 'Object Repository/hasil sosmed/hasil Telegram e' is: '@Runaya71'

2023-10-06 11:40:19 - [MESSAGE][PASSED] - Text of object 'Object Repository/hasil sosmed/hasil Telegram e' is: '@Runaya71'

2023-10-06 11:40:19 - [TEST_STEP][PASSED] - yout = getText(findTestObject("hasil sosmed/hasil youtube f")): Text of object 'Object Repository/hasil sosmed/hasil youtube f' is: 'Runarun'

2023-10-06 11:40:20 - [MESSAGE][PASSED] - Text of object 'Object Repository/hasil sosmed/hasil youtube f' is: 'Runarun'

2023-10-06 11:40:20 - [TEST_STEP][PASSED] - lin = getText(findTestObject("hasil sosmed/hasil linkedin g")): Text of object 'Object Repository/hasil sosmed/hasil linkedin g' is: 'RunaOkta'

2023-10-06 11:40:20 - [MESSAGE][PASSED] - Text of object 'Object Repository/hasil sosmed/hasil linkedin g' is: 'RunaOkta'

2023-10-06 11:40:20 - [TEST_STEP][PASSED] - goo = getText(findTestObject("hasil sosmed/hasil google h")): Text of object 'Object Repository/hasil sosmed/hasil google h' is: '+Runaya'

2023-10-06 11:40:21 - [MESSAGE][PASSED] - Text of object 'Object Repository/hasil sosmed/hasil google h' is: '+Runaya'

2023-10-06 11:40:21 - [TEST_STEP][PASSED] - assert trim().equalsIgnoreCase(Facebook.trim()): null

2023-10-06 11:40:21 - [TEST_STEP][PASSED] - assert trim().equalsIgnoreCase(Twitter.trim()): null

2023-10-06 11:40:21 - [TEST_STEP][PASSED] - assert trim().equalsIgnoreCase(Instagram.trim()): null

2023-10-06 11:40:21 - [TEST_STEP][PASSED] - assert trim().equalsIgnoreCase(Whatsapp.trim()): null

2023-10-06 11:40:21 - [TEST_STEP][PASSED] - assert trim().equalsIgnoreCase(Telegram.trim()): null

2023-10-06 11:40:21 - [TEST_STEP][PASSED] - assert trim().equalsIgnoreCase(Youtube.trim()): null

2023-10-06 11:40:21 - [TEST_STEP][PASSED] - assert trim().equalsIgnoreCase(LinkedIn.trim()): null

2023-10-06 11:40:21 - [TEST_STEP][PASSED] - assert trim().equalsIgnoreCase(Google.trim()): null

2023-10-06 11:40:21 - [MESSAGE][PASSED] - Call Test Case 'Test Cases/M05 -Edit Sosial Media/TC-ESMS-001' successfully

2023-10-06 11:40:21 - [TEST_STEP][PASSED] - click(findTestObject("edit sosial media/Edit Sosial Media")): Object: 'Object Repository/edit sosial media/Edit Sosial Media' is clicked on

2023-10-06 11:40:22 - [MESSAGE][PASSED] - Object: 'Object Repository/edit sosial media/Edit Sosial Media' is clicked on

2023-10-06 11:40:22 - [TEST_STEP][PASSED] - clearText(findTestObject("edit sosial media/input_Facebook_a")): Text of object 'Object Repository/edit sosial media/input_Facebook_a' is cleared

2023-10-06 11:40:23 - [MESSAGE][PASSED] - Text of object 'Object Repository/edit sosial media/input_Facebook_a' is cleared

2023-10-06 11:40:23 - [TEST_STEP][PASSED] - clearText(findTestObject("edit sosial media/input_Twitter_b")): Text of object 'Object Repository/edit sosial media/input_Twitter_b' is cleared

2023-10-06 11:40:23 - [MESSAGE][PASSED] - Text of object 'Object Repository/edit sosial media/input_Twitter_b' is cleared

2023-10-06 11:40:23 - [TEST_STEP][PASSED] - clearText(findTestObject("edit sosial media/input_Instagram_c")): Text of object 'Object Repository/edit sosial media/input_Instagram_c' is cleared

2023-10-06 11:40:24 - [MESSAGE][PASSED] - Text of object 'Object Repository/edit sosial media/input_Instagram_c' is cleared

2023-10-06 11:40:24 - [TEST_STEP][PASSED] - clearText(findTestObject("edit sosial media/input_Whatsapp_d")): Text of object 'Object Repository/edit sosial media/input_Whatsapp_d' is cleared

2023-10-06 11:40:24 - [MESSAGE][PASSED] - Text of object 'Object Repository/edit sosial media/input_Whatsapp_d' is cleared

2023-10-06 11:40:24 - [TEST_STEP][PASSED] - clearText(findTestObject("edit sosial media/input_Telegram_e")): Text of object 'Object Repository/edit sosial media/input_Telegram_e' is cleared

2023-10-06 11:40:25 - [MESSAGE][PASSED] - Text of object 'Object Repository/edit sosial media/input_Telegram_e' is cleared

2023-10-06 11:40:25 - [TEST_STEP][PASSED] - clearText(findTestObject("edit sosial media/input_Youtube_f")): Text of object 'Object Repository/edit sosial media/input_Youtube_f' is cleared

2023-10-06 11:40:25 - [MESSAGE][PASSED] - Text of object 'Object Repository/edit sosial media/input_Youtube_f' is cleared

2023-10-06 11:40:25 - [TEST_STEP][PASSED] - clearText(findTestObject("edit sosial media/input_LinkedIn_g")): Text of object 'Object Repository/edit sosial media/input_LinkedIn_g' is cleared

2023-10-06 11:40:26 - [MESSAGE][PASSED] - Text of object 'Object Repository/edit sosial media/input_LinkedIn_g' is cleared

2023-10-06 11:40:26 - [TEST_STEP][PASSED] - clearText(findTestObject("edit sosial media/input_Google_h")): Text of object 'Object Repository/edit sosial media/input_Google_h' is cleared

2023-10-06 11:40:26 - [MESSAGE][PASSED] - Text of object 'Object Repository/edit sosial media/input_Google_h' is cleared

2023-10-06 11:40:26 - [TEST_STEP][PASSED] - click(findTestObject("edit sosial media/center_Simpan Sosial Media")): Object: 'Object Repository/edit sosial media/center_Simpan Sosial Media' is clicked on

2023-10-06 11:40:28 - [MESSAGE][PASSED] - Object: 'Object Repository/edit sosial media/center_Simpan Sosial Media' is clicked on

2023-10-06 11:40:28 - [TEST_STEP][PASSED] - face = getText(findTestObject("Object Repository/hasil sosmed/hasil facebook_a")): Text of object 'Object Repository/hasil sosmed/hasil facebook_a' is: '-'

2023-10-06 11:40:29 - [MESSAGE][PASSED] - Text of object 'Object Repository/hasil sosmed/hasil facebook_a' is: '-'

2023-10-06 11:40:29 - [TEST_STEP][PASSED] - twit = getText(findTestObject("hasil sosmed/hasil twitter_b")): Text of object 'Object Repository/hasil sosmed/hasil twitter_b' is: '-'

2023-10-06 11:40:29 - [MESSAGE][PASSED] - Text of object 'Object Repository/hasil sosmed/hasil twitter_b' is: '-'

2023-10-06 11:40:29 - [TEST_STEP][PASSED] - insta = getText(findTestObject("hasil sosmed/hasil Instagram_c")): Text of object 'Object Repository/hasil sosmed/hasil Instagram_c' is: '-'

2023-10-06 11:40:30 - [MESSAGE][PASSED] - Text of object 'Object Repository/hasil sosmed/hasil Instagram_c' is: '-'

2023-10-06 11:40:30 - [TEST_STEP][PASSED] - wa = getText(findTestObject("hasil sosmed/hasil whatsapp d")): Text of object 'Object Repository/hasil sosmed/hasil whatsapp d' is: '-'

2023-10-06 11:40:30 - [MESSAGE][PASSED] - Text of object 'Object Repository/hasil sosmed/hasil whatsapp d' is: '-'

2023-10-06 11:40:30 - [TEST_STEP][PASSED] - tele = getText(findTestObject("hasil sosmed/hasil Telegram e")): Text of object 'Object Repository/hasil sosmed/hasil Telegram e' is: '-'

2023-10-06 11:40:31 - [MESSAGE][PASSED] - Text of object 'Object Repository/hasil sosmed/hasil Telegram e' is: '-'

2023-10-06 11:40:31 - [TEST_STEP][PASSED] - yout = getText(findTestObject("hasil sosmed/hasil youtube f")): Text of object 'Object Repository/hasil sosmed/hasil youtube f' is: '-'

2023-10-06 11:40:31 - [MESSAGE][PASSED] - Text of object 'Object Repository/hasil sosmed/hasil youtube f' is: '-'

2023-10-06 11:40:31 - [TEST_STEP][PASSED] - lin = getText(findTestObject("hasil sosmed/hasil linkedin g")): Text of object 'Object Repository/hasil sosmed/hasil linkedin g' is: '-'

2023-10-06 11:40:31 - [MESSAGE][PASSED] - Text of object 'Object Repository/hasil sosmed/hasil linkedin g' is: '-'

2023-10-06 11:40:31 - [TEST_STEP][PASSED] - goo = getText(findTestObject("hasil sosmed/hasil google h")): Text of object 'Object Repository/hasil sosmed/hasil google h' is: '-'

2023-10-06 11:40:32 - [MESSAGE][PASSED] - Text of object 'Object Repository/hasil sosmed/hasil google h' is: '-'

2023-10-06 11:40:32 - [TEST_STEP][FAILED] - assert trim().equalsIgnoreCase(facebook.trim()): Test Cases/M05 -Edit Sosial Media/TC-ESMD-001 FAILED.
Reason:
Assertion failed: 

assert face.toString().trim().equalsIgnoreCase(facebook.trim())
       |    |          |      |                |        |
       -    -          -      false            ""       ""

	at TC-ESMD-001.run(TC-ESMD-001:60)
	at com.kms.katalon.core.main.ScriptEngine.run(ScriptEngine.java:194)
	at com.kms.katalon.core.main.ScriptEngine.runScriptAsRawText(ScriptEngine.java:119)
	at com.kms.katalon.core.main.TestCaseExecutor.runScript(TestCaseExecutor.java:448)
	at com.kms.katalon.core.main.TestCaseExecutor.doExecute(TestCaseExecutor.java:439)
	at com.kms.katalon.core.main.TestCaseExecutor.processExecutionPhase(TestCaseExecutor.java:418)
	at com.kms.katalon.core.main.TestCaseExecutor.accessMainPhase(TestCaseExecutor.java:410)
	at com.kms.katalon.core.main.TestCaseExecutor.execute(TestCaseExecutor.java:285)
	at com.kms.katalon.core.common.CommonExecutor.accessTestCaseMainPhase(CommonExecutor.java:65)
	at com.kms.katalon.core.main.TestSuiteExecutor.accessTestSuiteMainPhase(TestSuiteExecutor.java:148)
	at com.kms.katalon.core.main.TestSuiteExecutor.execute(TestSuiteExecutor.java:106)
	at com.kms.katalon.core.main.TestCaseMain.startTestSuite(TestCaseMain.java:187)
	at com.kms.katalon.core.main.TestCaseMain$startTestSuite$0.call(Unknown Source)
	at TempTestSuite1696567025672.run(TempTestSuite1696567025672.groovy:36)


2023-10-06 11:40:32 - [MESSAGE][FAILED] - Test Cases/M05 -Edit Sosial Media/TC-ESMD-001 FAILED.
Reason:
Assertion failed: 

assert face.toString().trim().equalsIgnoreCase(facebook.trim())
       |    |          |      |                |        |
       -    -          -      false            ""       ""

	at TC-ESMD-001.run(TC-ESMD-001:60)
	at com.kms.katalon.core.main.ScriptEngine.run(ScriptEngine.java:194)
	at com.kms.katalon.core.main.ScriptEngine.runScriptAsRawText(ScriptEngine.java:119)
	at com.kms.katalon.core.main.TestCaseExecutor.runScript(TestCaseExecutor.java:448)
	at com.kms.katalon.core.main.TestCaseExecutor.doExecute(TestCaseExecutor.java:439)
	at com.kms.katalon.core.main.TestCaseExecutor.processExecutionPhase(TestCaseExecutor.java:418)
	at com.kms.katalon.core.main.TestCaseExecutor.accessMainPhase(TestCaseExecutor.java:410)
	at com.kms.katalon.core.main.TestCaseExecutor.execute(TestCaseExecutor.java:285)
	at com.kms.katalon.core.common.CommonExecutor.accessTestCaseMainPhase(CommonExecutor.java:65)
	at com.kms.katalon.core.main.TestSuiteExecutor.accessTestSuiteMainPhase(TestSuiteExecutor.java:148)
	at com.kms.katalon.core.main.TestSuiteExecutor.execute(TestSuiteExecutor.java:106)
	at com.kms.katalon.core.main.TestCaseMain.startTestSuite(TestCaseMain.java:187)
	at com.kms.katalon.core.main.TestCaseMain$startTestSuite$0.call(Unknown Source)
	at TempTestSuite1696567025672.run(TempTestSuite1696567025672.groovy:36)]]></system-out>
         <system-err><![CDATA[2023-10-06 11:39:46 - [TEST_CASE][FAILED] - Test Cases/M05 -Edit Sosial Media/TC-ESMD-001: Test Cases/M05 -Edit Sosial Media/TC-ESMD-001 FAILED.
Reason:
Assertion failed: 

assert face.toString().trim().equalsIgnoreCase(facebook.trim())
       |    |          |      |                |        |
       -    -          -      false            ""       ""

	at TC-ESMD-001.run(TC-ESMD-001:60)
	at com.kms.katalon.core.main.ScriptEngine.run(ScriptEngine.java:194)
	at com.kms.katalon.core.main.ScriptEngine.runScriptAsRawText(ScriptEngine.java:119)
	at com.kms.katalon.core.main.TestCaseExecutor.runScript(TestCaseExecutor.java:448)
	at com.kms.katalon.core.main.TestCaseExecutor.doExecute(TestCaseExecutor.java:439)
	at com.kms.katalon.core.main.TestCaseExecutor.processExecutionPhase(TestCaseExecutor.java:418)
	at com.kms.katalon.core.main.TestCaseExecutor.accessMainPhase(TestCaseExecutor.java:410)
	at com.kms.katalon.core.main.TestCaseExecutor.execute(TestCaseExecutor.java:285)
	at com.kms.katalon.core.common.CommonExecutor.accessTestCaseMainPhase(CommonExecutor.java:65)
	at com.kms.katalon.core.main.TestSuiteExecutor.accessTestSuiteMainPhase(TestSuiteExecutor.java:148)
	at com.kms.katalon.core.main.TestSuiteExecutor.execute(TestSuiteExecutor.java:106)
	at com.kms.katalon.core.main.TestCaseMain.startTestSuite(TestCaseMain.java:187)
	at com.kms.katalon.core.main.TestCaseMain$startTestSuite$0.call(Unknown Source)
	at TempTestSuite1696567025672.run(TempTestSuite1696567025672.groovy:36)]]></system-err>
      </testcase>
      <testcase name="Test Cases/M05 -Edit Sosial Media/TC-ESMF-001" time="27.748" classname="Test Cases/M05 -Edit Sosial Media/TC-ESMF-001" status="PASSED">
         <system-out><![CDATA[2023-10-06 11:40:32 - [TEST_CASE][PASSED] - Test Cases/M05 -Edit Sosial Media/TC-ESMF-001: Test Cases/M05 -Edit Sosial Media/TC-ESMF-001

2023-10-06 11:40:33 - [TEST_STEP][PASSED] - callTestCase(findTestCase("M05 -Edit Sosial Media/TC-LS-001"), [:], STOP_ON_FAILURE): Call Test Case 'Test Cases/M05 -Edit Sosial Media/TC-LS-001' successfully

2023-10-06 11:40:33 - [TEST_CASE][PASSED] - Test Cases/M05 -Edit Sosial Media/TC-LS-001: Test Cases/M05 -Edit Sosial Media/TC-LS-001

2023-10-06 11:40:33 - [TEST_STEP][PASSED] - openBrowser(urlWeb): Browser is opened with url: 'https://10.9.2.63/ecommerce/'

2023-10-06 11:40:33 - [MESSAGE][WARNING] - A browser is already opened. Closing browser and opening a new one

2023-10-06 11:40:34 - [MESSAGE][INFO] - Starting 'Edge Chromium' driver

2023-10-06 11:40:34 - [MESSAGE][INFO] - User set preference: ['acceptInsecureCerts', 'true']

2023-10-06 11:40:36 - [MESSAGE][INFO] - Action delay is set to 0 milliseconds

2023-10-06 11:40:50 - [MESSAGE][PASSED] - Browser is opened with url: 'https://10.9.2.63/ecommerce/'

2023-10-06 11:40:50 - [TEST_STEP][PASSED] - maximizeWindow(): Current window maximized

2023-10-06 11:40:50 - [MESSAGE][PASSED] - Current window maximized

2023-10-06 11:40:50 - [TEST_STEP][PASSED] - click(findTestObject("Login/a_Login")): Object: 'Object Repository/Login/a_Login' is clicked on

2023-10-06 11:40:51 - [MESSAGE][PASSED] - Object: 'Object Repository/Login/a_Login' is clicked on

2023-10-06 11:40:51 - [TEST_STEP][PASSED] - setText(findTestObject("Login/input_Username, Email atau No. Handphone_a"), "runa36"): Text 'runa36' is set on object 'Object Repository/Login/input_Username, Email atau No. Handphone_a'

2023-10-06 11:40:52 - [MESSAGE][PASSED] - Text 'runa36' is set on object 'Object Repository/Login/input_Username, Email atau No. Handphone_a'

2023-10-06 11:40:52 - [TEST_STEP][PASSED] - setEncryptedText(findTestObject("Login/input_Password di Login(Masuk)"), "qbkrdMwyWE4="): Text ****** has been set on object 'Object Repository/Login/input_Password di Login(Masuk)'

2023-10-06 11:40:53 - [MESSAGE][PASSED] - Text ****** has been set on object 'Object Repository/Login/input_Password di Login(Masuk)'

2023-10-06 11:40:53 - [TEST_STEP][PASSED] - click(findTestObject("Login/button_Masuk di halaman login")): Object: 'Object Repository/Login/button_Masuk di halaman login' is clicked on

2023-10-06 11:40:55 - [MESSAGE][PASSED] - Object: 'Object Repository/Login/button_Masuk di halaman login' is clicked on

2023-10-06 11:40:55 - [TEST_STEP][PASSED] - verifyElementPresent(findTestObject("edit sosial media/verifikasi masuk halaman biodata diri"), 0): Object 'Object Repository/edit sosial media/verifikasi masuk halaman biodata diri' is present

2023-10-06 11:40:55 - [MESSAGE][WARNING] - Timeout '0' is invalid. Using default page load timeout: '30'

2023-10-06 11:40:55 - [MESSAGE][PASSED] - Object 'Object Repository/edit sosial media/verifikasi masuk halaman biodata diri' is present

2023-10-06 11:40:55 - [MESSAGE][PASSED] - Call Test Case 'Test Cases/M05 -Edit Sosial Media/TC-LS-001' successfully

2023-10-06 11:40:55 - [TEST_STEP][PASSED] - click(findTestObject("edit sosial media/a_Sosmed")): Object: 'Object Repository/edit sosial media/a_Sosmed' is clicked on

2023-10-06 11:40:57 - [MESSAGE][PASSED] - Object: 'Object Repository/edit sosial media/a_Sosmed' is clicked on

2023-10-06 11:40:57 - [TEST_STEP][PASSED] - click(findTestObject("edit sosial media/Edit Sosial Media")): Object: 'Object Repository/edit sosial media/Edit Sosial Media' is clicked on

2023-10-06 11:40:58 - [MESSAGE][PASSED] - Object: 'Object Repository/edit sosial media/Edit Sosial Media' is clicked on

2023-10-06 11:40:58 - [TEST_STEP][PASSED] - click(findTestObject("edit sosial media/input_Facebook_a")): Object: 'Object Repository/edit sosial media/input_Facebook_a' is clicked on

2023-10-06 11:40:59 - [MESSAGE][PASSED] - Object: 'Object Repository/edit sosial media/input_Facebook_a' is clicked on

2023-10-06 11:40:59 - [TEST_STEP][PASSED] - setText(findTestObject("edit sosial media/input_Facebook_a"), facebook, CONTINUE_ON_FAILURE): Text 'Runa run' is set on object 'Object Repository/edit sosial media/input_Facebook_a'

2023-10-06 11:41:00 - [MESSAGE][PASSED] - Text 'Runa run' is set on object 'Object Repository/edit sosial media/input_Facebook_a'

2023-10-06 11:41:00 - [TEST_STEP][PASSED] - waitForAlert(5, OPTIONAL): Alert is present after 5 second(s).

2023-10-06 11:41:00 - [MESSAGE][PASSED] - Alert is present after 5 second(s).

2023-10-06 11:41:00 - [TEST_STEP][PASSED] - webDriver = getWebDriver(): null

2023-10-06 11:41:00 - [TEST_STEP][PASSED] - AlertText = alert().getText(): null

2023-10-06 11:41:00 - [TEST_STEP][PASSED] - verifyEqual(AlertText, "Maaf, Tidak Boleh Menggunakan Spasi,.."): Actual object 'Maaf, Tidak Boleh Menggunakan Spasi,..' and expected object 'Maaf, Tidak Boleh Menggunakan Spasi,..' are equal

2023-10-06 11:41:00 - [MESSAGE][PASSED] - Actual object 'Maaf, Tidak Boleh Menggunakan Spasi,..' and expected object 'Maaf, Tidak Boleh Menggunakan Spasi,..' are equal]]></system-out>
         <system-err><![CDATA[]]></system-err>
      </testcase>
      <testcase name="Test Cases/M05 -Edit Sosial Media/TC-ESMF-002" time="21.065" classname="Test Cases/M05 -Edit Sosial Media/TC-ESMF-002" status="FAILED">
         <failure type="FAILED" message="Test Cases/M05 -Edit Sosial Media/TC-ESMF-002 FAILED.
Reason:
com.kms.katalon.core.exception.StepFailedException: Unable to verify text 'Please input an valid phone number' is present 
	at com.kms.katalon.core.webui.keyword.internal.WebUIKeywordMain.stepFailed(WebUIKeywordMain.groovy:64)
	at com.kms.katalon.core.webui.keyword.internal.WebUIKeywordMain.runKeyword(WebUIKeywordMain.groovy:26)
	at com.kms.katalon.core.webui.keyword.builtin.VerifyTextPresentKeyword.verifyTextPresent(VerifyTextPresentKeyword.groovy:83)
	at com.kms.katalon.core.webui.keyword.builtin.VerifyTextPresentKeyword.execute(VerifyTextPresentKeyword.groovy:68)
	at com.kms.katalon.core.keyword.internal.KeywordExecutor.executeKeywordForPlatform(KeywordExecutor.groovy:74)
	at com.kms.katalon.core.webui.keyword.WebUiBuiltInKeywords.verifyTextPresent(WebUiBuiltInKeywords.groovy:1723)
	at com.kms.katalon.core.webui.keyword.WebUiBuiltInKeywords$verifyTextPresent$9.call(Unknown Source)
	at TC-ESMF-002.run(TC-ESMF-002:32)
	at com.kms.katalon.core.main.ScriptEngine.run(ScriptEngine.java:194)
	at com.kms.katalon.core.main.ScriptEngine.runScriptAsRawText(ScriptEngine.java:119)
	at com.kms.katalon.core.main.TestCaseExecutor.runScript(TestCaseExecutor.java:448)
	at com.kms.katalon.core.main.TestCaseExecutor.doExecute(TestCaseExecutor.java:439)
	at com.kms.katalon.core.main.TestCaseExecutor.processExecutionPhase(TestCaseExecutor.java:418)
	at com.kms.katalon.core.main.TestCaseExecutor.accessMainPhase(TestCaseExecutor.java:410)
	at com.kms.katalon.core.main.TestCaseExecutor.execute(TestCaseExecutor.java:285)
	at com.kms.katalon.core.common.CommonExecutor.accessTestCaseMainPhase(CommonExecutor.java:65)
	at com.kms.katalon.core.main.TestSuiteExecutor.accessTestSuiteMainPhase(TestSuiteExecutor.java:148)
	at com.kms.katalon.core.main.TestSuiteExecutor.execute(TestSuiteExecutor.java:106)
	at com.kms.katalon.core.main.TestCaseMain.startTestSuite(TestCaseMain.java:187)
	at com.kms.katalon.core.main.TestCaseMain$startTestSuite$0.call(Unknown Source)
	at TempTestSuite1696567025672.run(TempTestSuite1696567025672.groovy:36)
Caused by: com.kms.katalon.core.exception.StepFailedException: Text 'Please input an valid phone number' is not present on page 
	at com.kms.katalon.core.webui.keyword.internal.WebUIKeywordMain.stepFailed(WebUIKeywordMain.groovy:64)
	at com.kms.katalon.core.webui.keyword.builtin.VerifyTextPresentKeyword$_verifyTextPresent_closure1.doCall(VerifyTextPresentKeyword.groovy:79)
	at com.kms.katalon.core.webui.keyword.builtin.VerifyTextPresentKeyword$_verifyTextPresent_closure1.call(VerifyTextPresentKeyword.groovy)
	at com.kms.katalon.core.webui.keyword.internal.WebUIKeywordMain.runKeyword(WebUIKeywordMain.groovy:20)
	... 19 more
"/>
         <system-out><![CDATA[2023-10-06 11:41:00 - [TEST_CASE][FAILED] - Test Cases/M05 -Edit Sosial Media/TC-ESMF-002: Test Cases/M05 -Edit Sosial Media/TC-ESMF-002 FAILED.
Reason:
com.kms.katalon.core.exception.StepFailedException: Unable to verify text 'Please input an valid phone number' is present 
	at com.kms.katalon.core.webui.keyword.internal.WebUIKeywordMain.stepFailed(WebUIKeywordMain.groovy:64)
	at com.kms.katalon.core.webui.keyword.internal.WebUIKeywordMain.runKeyword(WebUIKeywordMain.groovy:26)
	at com.kms.katalon.core.webui.keyword.builtin.VerifyTextPresentKeyword.verifyTextPresent(VerifyTextPresentKeyword.groovy:83)
	at com.kms.katalon.core.webui.keyword.builtin.VerifyTextPresentKeyword.execute(VerifyTextPresentKeyword.groovy:68)
	at com.kms.katalon.core.keyword.internal.KeywordExecutor.executeKeywordForPlatform(KeywordExecutor.groovy:74)
	at com.kms.katalon.core.webui.keyword.WebUiBuiltInKeywords.verifyTextPresent(WebUiBuiltInKeywords.groovy:1723)
	at com.kms.katalon.core.webui.keyword.WebUiBuiltInKeywords$verifyTextPresent$9.call(Unknown Source)
	at TC-ESMF-002.run(TC-ESMF-002:32)
	at com.kms.katalon.core.main.ScriptEngine.run(ScriptEngine.java:194)
	at com.kms.katalon.core.main.ScriptEngine.runScriptAsRawText(ScriptEngine.java:119)
	at com.kms.katalon.core.main.TestCaseExecutor.runScript(TestCaseExecutor.java:448)
	at com.kms.katalon.core.main.TestCaseExecutor.doExecute(TestCaseExecutor.java:439)
	at com.kms.katalon.core.main.TestCaseExecutor.processExecutionPhase(TestCaseExecutor.java:418)
	at com.kms.katalon.core.main.TestCaseExecutor.accessMainPhase(TestCaseExecutor.java:410)
	at com.kms.katalon.core.main.TestCaseExecutor.execute(TestCaseExecutor.java:285)
	at com.kms.katalon.core.common.CommonExecutor.accessTestCaseMainPhase(CommonExecutor.java:65)
	at com.kms.katalon.core.main.TestSuiteExecutor.accessTestSuiteMainPhase(TestSuiteExecutor.java:148)
	at com.kms.katalon.core.main.TestSuiteExecutor.execute(TestSuiteExecutor.java:106)
	at com.kms.katalon.core.main.TestCaseMain.startTestSuite(TestCaseMain.java:187)
	at com.kms.katalon.core.main.TestCaseMain$startTestSuite$0.call(Unknown Source)
	at TempTestSuite1696567025672.run(TempTestSuite1696567025672.groovy:36)
Caused by: com.kms.katalon.core.exception.StepFailedException: Text 'Please input an valid phone number' is not present on page 
	at com.kms.katalon.core.webui.keyword.internal.WebUIKeywordMain.stepFailed(WebUIKeywordMain.groovy:64)
	at com.kms.katalon.core.webui.keyword.builtin.VerifyTextPresentKeyword$_verifyTextPresent_closure1.doCall(VerifyTextPresentKeyword.groovy:79)
	at com.kms.katalon.core.webui.keyword.builtin.VerifyTextPresentKeyword$_verifyTextPresent_closure1.call(VerifyTextPresentKeyword.groovy)
	at com.kms.katalon.core.webui.keyword.internal.WebUIKeywordMain.runKeyword(WebUIKeywordMain.groovy:20)
	... 19 more


2023-10-06 11:41:01 - [TEST_STEP][PASSED] - callTestCase(findTestCase("M05 -Edit Sosial Media/TC-LS-001"), [:], STOP_ON_FAILURE): Call Test Case 'Test Cases/M05 -Edit Sosial Media/TC-LS-001' successfully

2023-10-06 11:41:01 - [TEST_CASE][PASSED] - Test Cases/M05 -Edit Sosial Media/TC-LS-001: Test Cases/M05 -Edit Sosial Media/TC-LS-001

2023-10-06 11:41:01 - [TEST_STEP][PASSED] - openBrowser(urlWeb): Browser is opened with url: 'https://10.9.2.63/ecommerce/'

2023-10-06 11:41:01 - [MESSAGE][WARNING] - A browser is already opened. Closing browser and opening a new one

2023-10-06 11:41:02 - [MESSAGE][INFO] - Starting 'Edge Chromium' driver

2023-10-06 11:41:02 - [MESSAGE][INFO] - User set preference: ['acceptInsecureCerts', 'true']

2023-10-06 11:41:04 - [MESSAGE][INFO] - Action delay is set to 0 milliseconds

2023-10-06 11:41:09 - [MESSAGE][PASSED] - Browser is opened with url: 'https://10.9.2.63/ecommerce/'

2023-10-06 11:41:09 - [TEST_STEP][PASSED] - maximizeWindow(): Current window maximized

2023-10-06 11:41:09 - [MESSAGE][PASSED] - Current window maximized

2023-10-06 11:41:09 - [TEST_STEP][PASSED] - click(findTestObject("Login/a_Login")): Object: 'Object Repository/Login/a_Login' is clicked on

2023-10-06 11:41:10 - [MESSAGE][PASSED] - Object: 'Object Repository/Login/a_Login' is clicked on

2023-10-06 11:41:10 - [TEST_STEP][PASSED] - setText(findTestObject("Login/input_Username, Email atau No. Handphone_a"), "runa36"): Text 'runa36' is set on object 'Object Repository/Login/input_Username, Email atau No. Handphone_a'

2023-10-06 11:41:11 - [MESSAGE][PASSED] - Text 'runa36' is set on object 'Object Repository/Login/input_Username, Email atau No. Handphone_a'

2023-10-06 11:41:11 - [TEST_STEP][PASSED] - setEncryptedText(findTestObject("Login/input_Password di Login(Masuk)"), "qbkrdMwyWE4="): Text ****** has been set on object 'Object Repository/Login/input_Password di Login(Masuk)'

2023-10-06 11:41:12 - [MESSAGE][PASSED] - Text ****** has been set on object 'Object Repository/Login/input_Password di Login(Masuk)'

2023-10-06 11:41:12 - [TEST_STEP][PASSED] - click(findTestObject("Login/button_Masuk di halaman login")): Object: 'Object Repository/Login/button_Masuk di halaman login' is clicked on

2023-10-06 11:41:13 - [MESSAGE][PASSED] - Object: 'Object Repository/Login/button_Masuk di halaman login' is clicked on

2023-10-06 11:41:13 - [TEST_STEP][PASSED] - verifyElementPresent(findTestObject("edit sosial media/verifikasi masuk halaman biodata diri"), 0): Object 'Object Repository/edit sosial media/verifikasi masuk halaman biodata diri' is present

2023-10-06 11:41:13 - [MESSAGE][WARNING] - Timeout '0' is invalid. Using default page load timeout: '30'

2023-10-06 11:41:14 - [MESSAGE][PASSED] - Object 'Object Repository/edit sosial media/verifikasi masuk halaman biodata diri' is present

2023-10-06 11:41:14 - [MESSAGE][PASSED] - Call Test Case 'Test Cases/M05 -Edit Sosial Media/TC-LS-001' successfully

2023-10-06 11:41:14 - [TEST_STEP][PASSED] - click(findTestObject("edit sosial media/a_Sosmed")): Object: 'Object Repository/edit sosial media/a_Sosmed' is clicked on

2023-10-06 11:41:15 - [MESSAGE][PASSED] - Object: 'Object Repository/edit sosial media/a_Sosmed' is clicked on

2023-10-06 11:41:15 - [TEST_STEP][PASSED] - click(findTestObject("edit sosial media/Edit Sosial Media")): Object: 'Object Repository/edit sosial media/Edit Sosial Media' is clicked on

2023-10-06 11:41:17 - [MESSAGE][PASSED] - Object: 'Object Repository/edit sosial media/Edit Sosial Media' is clicked on

2023-10-06 11:41:17 - [TEST_STEP][PASSED] - clearText(findTestObject("edit sosial media/input_Whatsapp_d")): Text of object 'Object Repository/edit sosial media/input_Whatsapp_d' is cleared

2023-10-06 11:41:18 - [MESSAGE][PASSED] - Text of object 'Object Repository/edit sosial media/input_Whatsapp_d' is cleared

2023-10-06 11:41:18 - [TEST_STEP][PASSED] - setText(findTestObject("edit sosial media/input_Whatsapp_d"), Whatsapp): Text '+6285g4e9s996o' is set on object 'Object Repository/edit sosial media/input_Whatsapp_d'

2023-10-06 11:41:19 - [MESSAGE][PASSED] - Text '+6285g4e9s996o' is set on object 'Object Repository/edit sosial media/input_Whatsapp_d'

2023-10-06 11:41:19 - [TEST_STEP][PASSED] - click(findTestObject("edit sosial media/center_Simpan Sosial Media")): Object: 'Object Repository/edit sosial media/center_Simpan Sosial Media' is clicked on

2023-10-06 11:41:20 - [MESSAGE][PASSED] - Object: 'Object Repository/edit sosial media/center_Simpan Sosial Media' is clicked on

2023-10-06 11:41:20 - [TEST_STEP][FAILED] - verifyTextPresent("Please input an valid phone number", false): Unable to verify text 'Please input an valid phone number' is present  (Root cause: com.kms.katalon.core.exception.StepFailedException: Unable to verify text 'Please input an valid phone number' is present 
	at com.kms.katalon.core.webui.keyword.internal.WebUIKeywordMain.stepFailed(WebUIKeywordMain.groovy:64)
	at com.kms.katalon.core.webui.keyword.internal.WebUIKeywordMain.runKeyword(WebUIKeywordMain.groovy:26)
	at com.kms.katalon.core.webui.keyword.builtin.VerifyTextPresentKeyword.verifyTextPresent(VerifyTextPresentKeyword.groovy:83)
	at com.kms.katalon.core.webui.keyword.builtin.VerifyTextPresentKeyword.execute(VerifyTextPresentKeyword.groovy:68)
	at com.kms.katalon.core.keyword.internal.KeywordExecutor.executeKeywordForPlatform(KeywordExecutor.groovy:74)
	at com.kms.katalon.core.webui.keyword.WebUiBuiltInKeywords.verifyTextPresent(WebUiBuiltInKeywords.groovy:1723)
	at com.kms.katalon.core.webui.keyword.WebUiBuiltInKeywords$verifyTextPresent$9.call(Unknown Source)
	at TC-ESMF-002.run(TC-ESMF-002:32)
	at com.kms.katalon.core.main.ScriptEngine.run(ScriptEngine.java:194)
	at com.kms.katalon.core.main.ScriptEngine.runScriptAsRawText(ScriptEngine.java:119)
	at com.kms.katalon.core.main.TestCaseExecutor.runScript(TestCaseExecutor.java:448)
	at com.kms.katalon.core.main.TestCaseExecutor.doExecute(TestCaseExecutor.java:439)
	at com.kms.katalon.core.main.TestCaseExecutor.processExecutionPhase(TestCaseExecutor.java:418)
	at com.kms.katalon.core.main.TestCaseExecutor.accessMainPhase(TestCaseExecutor.java:410)
	at com.kms.katalon.core.main.TestCaseExecutor.execute(TestCaseExecutor.java:285)
	at com.kms.katalon.core.common.CommonExecutor.accessTestCaseMainPhase(CommonExecutor.java:65)
	at com.kms.katalon.core.main.TestSuiteExecutor.accessTestSuiteMainPhase(TestSuiteExecutor.java:148)
	at com.kms.katalon.core.main.TestSuiteExecutor.execute(TestSuiteExecutor.java:106)
	at com.kms.katalon.core.main.TestCaseMain.startTestSuite(TestCaseMain.java:187)
	at com.kms.katalon.core.main.TestCaseMain$startTestSuite$0.call(Unknown Source)
	at TempTestSuite1696567025672.run(TempTestSuite1696567025672.groovy:36)
Caused by: com.kms.katalon.core.exception.StepFailedException: Text 'Please input an valid phone number' is not present on page 
	at com.kms.katalon.core.webui.keyword.internal.WebUIKeywordMain.stepFailed(WebUIKeywordMain.groovy:64)
	at com.kms.katalon.core.webui.keyword.builtin.VerifyTextPresentKeyword$_verifyTextPresent_closure1.doCall(VerifyTextPresentKeyword.groovy:79)
	at com.kms.katalon.core.webui.keyword.builtin.VerifyTextPresentKeyword$_verifyTextPresent_closure1.call(VerifyTextPresentKeyword.groovy)
	at com.kms.katalon.core.webui.keyword.internal.WebUIKeywordMain.runKeyword(WebUIKeywordMain.groovy:20)
	... 19 more
)

2023-10-06 11:41:21 - [MESSAGE][FAILED] - Text 'Please input an valid phone number' is not present on page  (Root cause: com.kms.katalon.core.exception.StepFailedException: Text 'Please input an valid phone number' is not present on page 
	at com.kms.katalon.core.webui.keyword.internal.WebUIKeywordMain.stepFailed(WebUIKeywordMain.groovy:64)
	at com.kms.katalon.core.webui.keyword.builtin.VerifyTextPresentKeyword$_verifyTextPresent_closure1.doCall(VerifyTextPresentKeyword.groovy:79)
	at com.kms.katalon.core.webui.keyword.builtin.VerifyTextPresentKeyword$_verifyTextPresent_closure1.call(VerifyTextPresentKeyword.groovy)
	at com.kms.katalon.core.webui.keyword.internal.WebUIKeywordMain.runKeyword(WebUIKeywordMain.groovy:20)
	at com.kms.katalon.core.webui.keyword.builtin.VerifyTextPresentKeyword.verifyTextPresent(VerifyTextPresentKeyword.groovy:83)
	at com.kms.katalon.core.webui.keyword.builtin.VerifyTextPresentKeyword.execute(VerifyTextPresentKeyword.groovy:68)
	at com.kms.katalon.core.keyword.internal.KeywordExecutor.executeKeywordForPlatform(KeywordExecutor.groovy:74)
	at com.kms.katalon.core.webui.keyword.WebUiBuiltInKeywords.verifyTextPresent(WebUiBuiltInKeywords.groovy:1723)
	at com.kms.katalon.core.webui.keyword.WebUiBuiltInKeywords$verifyTextPresent$9.call(Unknown Source)
	at TC-ESMF-002.run(TC-ESMF-002:32)
	at com.kms.katalon.core.main.ScriptEngine.run(ScriptEngine.java:194)
	at com.kms.katalon.core.main.ScriptEngine.runScriptAsRawText(ScriptEngine.java:119)
	at com.kms.katalon.core.main.TestCaseExecutor.runScript(TestCaseExecutor.java:448)
	at com.kms.katalon.core.main.TestCaseExecutor.doExecute(TestCaseExecutor.java:439)
	at com.kms.katalon.core.main.TestCaseExecutor.processExecutionPhase(TestCaseExecutor.java:418)
	at com.kms.katalon.core.main.TestCaseExecutor.accessMainPhase(TestCaseExecutor.java:410)
	at com.kms.katalon.core.main.TestCaseExecutor.execute(TestCaseExecutor.java:285)
	at com.kms.katalon.core.common.CommonExecutor.accessTestCaseMainPhase(CommonExecutor.java:65)
	at com.kms.katalon.core.main.TestSuiteExecutor.accessTestSuiteMainPhase(TestSuiteExecutor.java:148)
	at com.kms.katalon.core.main.TestSuiteExecutor.execute(TestSuiteExecutor.java:106)
	at com.kms.katalon.core.main.TestCaseMain.startTestSuite(TestCaseMain.java:187)
	at com.kms.katalon.core.main.TestCaseMain$startTestSuite$0.call(Unknown Source)
	at TempTestSuite1696567025672.run(TempTestSuite1696567025672.groovy:36)
)

2023-10-06 11:41:21 - [MESSAGE][FAILED] - Unable to verify text 'Please input an valid phone number' is present  (Root cause: com.kms.katalon.core.exception.StepFailedException: Unable to verify text 'Please input an valid phone number' is present 
	at com.kms.katalon.core.webui.keyword.internal.WebUIKeywordMain.stepFailed(WebUIKeywordMain.groovy:64)
	at com.kms.katalon.core.webui.keyword.internal.WebUIKeywordMain.runKeyword(WebUIKeywordMain.groovy:26)
	at com.kms.katalon.core.webui.keyword.builtin.VerifyTextPresentKeyword.verifyTextPresent(VerifyTextPresentKeyword.groovy:83)
	at com.kms.katalon.core.webui.keyword.builtin.VerifyTextPresentKeyword.execute(VerifyTextPresentKeyword.groovy:68)
	at com.kms.katalon.core.keyword.internal.KeywordExecutor.executeKeywordForPlatform(KeywordExecutor.groovy:74)
	at com.kms.katalon.core.webui.keyword.WebUiBuiltInKeywords.verifyTextPresent(WebUiBuiltInKeywords.groovy:1723)
	at com.kms.katalon.core.webui.keyword.WebUiBuiltInKeywords$verifyTextPresent$9.call(Unknown Source)
	at TC-ESMF-002.run(TC-ESMF-002:32)
	at com.kms.katalon.core.main.ScriptEngine.run(ScriptEngine.java:194)
	at com.kms.katalon.core.main.ScriptEngine.runScriptAsRawText(ScriptEngine.java:119)
	at com.kms.katalon.core.main.TestCaseExecutor.runScript(TestCaseExecutor.java:448)
	at com.kms.katalon.core.main.TestCaseExecutor.doExecute(TestCaseExecutor.java:439)
	at com.kms.katalon.core.main.TestCaseExecutor.processExecutionPhase(TestCaseExecutor.java:418)
	at com.kms.katalon.core.main.TestCaseExecutor.accessMainPhase(TestCaseExecutor.java:410)
	at com.kms.katalon.core.main.TestCaseExecutor.execute(TestCaseExecutor.java:285)
	at com.kms.katalon.core.common.CommonExecutor.accessTestCaseMainPhase(CommonExecutor.java:65)
	at com.kms.katalon.core.main.TestSuiteExecutor.accessTestSuiteMainPhase(TestSuiteExecutor.java:148)
	at com.kms.katalon.core.main.TestSuiteExecutor.execute(TestSuiteExecutor.java:106)
	at com.kms.katalon.core.main.TestCaseMain.startTestSuite(TestCaseMain.java:187)
	at com.kms.katalon.core.main.TestCaseMain$startTestSuite$0.call(Unknown Source)
	at TempTestSuite1696567025672.run(TempTestSuite1696567025672.groovy:36)
Caused by: com.kms.katalon.core.exception.StepFailedException: Text 'Please input an valid phone number' is not present on page 
	at com.kms.katalon.core.webui.keyword.internal.WebUIKeywordMain.stepFailed(WebUIKeywordMain.groovy:64)
	at com.kms.katalon.core.webui.keyword.builtin.VerifyTextPresentKeyword$_verifyTextPresent_closure1.doCall(VerifyTextPresentKeyword.groovy:79)
	at com.kms.katalon.core.webui.keyword.builtin.VerifyTextPresentKeyword$_verifyTextPresent_closure1.call(VerifyTextPresentKeyword.groovy)
	at com.kms.katalon.core.webui.keyword.internal.WebUIKeywordMain.runKeyword(WebUIKeywordMain.groovy:20)
	... 19 more
)
[[ATTACHMENT|F:\\bootcamp\\Miniproject\\Tajalapak\\Reports\\20231006_113705\\M05 - Edit Sosial Media\\20231006_113705\\1696567281321.png]]]]></system-out>
         <system-err><![CDATA[2023-10-06 11:41:00 - [TEST_CASE][FAILED] - Test Cases/M05 -Edit Sosial Media/TC-ESMF-002: Test Cases/M05 -Edit Sosial Media/TC-ESMF-002 FAILED.
Reason:
com.kms.katalon.core.exception.StepFailedException: Unable to verify text 'Please input an valid phone number' is present 
	at com.kms.katalon.core.webui.keyword.internal.WebUIKeywordMain.stepFailed(WebUIKeywordMain.groovy:64)
	at com.kms.katalon.core.webui.keyword.internal.WebUIKeywordMain.runKeyword(WebUIKeywordMain.groovy:26)
	at com.kms.katalon.core.webui.keyword.builtin.VerifyTextPresentKeyword.verifyTextPresent(VerifyTextPresentKeyword.groovy:83)
	at com.kms.katalon.core.webui.keyword.builtin.VerifyTextPresentKeyword.execute(VerifyTextPresentKeyword.groovy:68)
	at com.kms.katalon.core.keyword.internal.KeywordExecutor.executeKeywordForPlatform(KeywordExecutor.groovy:74)
	at com.kms.katalon.core.webui.keyword.WebUiBuiltInKeywords.verifyTextPresent(WebUiBuiltInKeywords.groovy:1723)
	at com.kms.katalon.core.webui.keyword.WebUiBuiltInKeywords$verifyTextPresent$9.call(Unknown Source)
	at TC-ESMF-002.run(TC-ESMF-002:32)
	at com.kms.katalon.core.main.ScriptEngine.run(ScriptEngine.java:194)
	at com.kms.katalon.core.main.ScriptEngine.runScriptAsRawText(ScriptEngine.java:119)
	at com.kms.katalon.core.main.TestCaseExecutor.runScript(TestCaseExecutor.java:448)
	at com.kms.katalon.core.main.TestCaseExecutor.doExecute(TestCaseExecutor.java:439)
	at com.kms.katalon.core.main.TestCaseExecutor.processExecutionPhase(TestCaseExecutor.java:418)
	at com.kms.katalon.core.main.TestCaseExecutor.accessMainPhase(TestCaseExecutor.java:410)
	at com.kms.katalon.core.main.TestCaseExecutor.execute(TestCaseExecutor.java:285)
	at com.kms.katalon.core.common.CommonExecutor.accessTestCaseMainPhase(CommonExecutor.java:65)
	at com.kms.katalon.core.main.TestSuiteExecutor.accessTestSuiteMainPhase(TestSuiteExecutor.java:148)
	at com.kms.katalon.core.main.TestSuiteExecutor.execute(TestSuiteExecutor.java:106)
	at com.kms.katalon.core.main.TestCaseMain.startTestSuite(TestCaseMain.java:187)
	at com.kms.katalon.core.main.TestCaseMain$startTestSuite$0.call(Unknown Source)
	at TempTestSuite1696567025672.run(TempTestSuite1696567025672.groovy:36)
Caused by: com.kms.katalon.core.exception.StepFailedException: Text 'Please input an valid phone number' is not present on page 
	at com.kms.katalon.core.webui.keyword.internal.WebUIKeywordMain.stepFailed(WebUIKeywordMain.groovy:64)
	at com.kms.katalon.core.webui.keyword.builtin.VerifyTextPresentKeyword$_verifyTextPresent_closure1.doCall(VerifyTextPresentKeyword.groovy:79)
	at com.kms.katalon.core.webui.keyword.builtin.VerifyTextPresentKeyword$_verifyTextPresent_closure1.call(VerifyTextPresentKeyword.groovy)
	at com.kms.katalon.core.webui.keyword.internal.WebUIKeywordMain.runKeyword(WebUIKeywordMain.groovy:20)
	... 19 more]]></system-err>
      </testcase>
      <testcase name="Test Cases/M05 -Edit Sosial Media/TC-ESMF-003" time="27.063" classname="Test Cases/M05 -Edit Sosial Media/TC-ESMF-003" status="FAILED">
         <failure type="FAILED" message="Test Cases/M05 -Edit Sosial Media/TC-ESMF-003 FAILED.
Reason:
com.kms.katalon.core.exception.StepFailedException: Unable to verify text 'plese input an valid username' is present 
	at com.kms.katalon.core.webui.keyword.internal.WebUIKeywordMain.stepFailed(WebUIKeywordMain.groovy:64)
	at com.kms.katalon.core.webui.keyword.internal.WebUIKeywordMain.runKeyword(WebUIKeywordMain.groovy:26)
	at com.kms.katalon.core.webui.keyword.builtin.VerifyTextPresentKeyword.verifyTextPresent(VerifyTextPresentKeyword.groovy:83)
	at com.kms.katalon.core.webui.keyword.builtin.VerifyTextPresentKeyword.execute(VerifyTextPresentKeyword.groovy:68)
	at com.kms.katalon.core.keyword.internal.KeywordExecutor.executeKeywordForPlatform(KeywordExecutor.groovy:74)
	at com.kms.katalon.core.webui.keyword.WebUiBuiltInKeywords.verifyTextPresent(WebUiBuiltInKeywords.groovy:1723)
	at com.kms.katalon.core.webui.keyword.WebUiBuiltInKeywords$verifyTextPresent$9.call(Unknown Source)
	at TC-ESMF-003.run(TC-ESMF-003:36)
	at com.kms.katalon.core.main.ScriptEngine.run(ScriptEngine.java:194)
	at com.kms.katalon.core.main.ScriptEngine.runScriptAsRawText(ScriptEngine.java:119)
	at com.kms.katalon.core.main.TestCaseExecutor.runScript(TestCaseExecutor.java:448)
	at com.kms.katalon.core.main.TestCaseExecutor.doExecute(TestCaseExecutor.java:439)
	at com.kms.katalon.core.main.TestCaseExecutor.processExecutionPhase(TestCaseExecutor.java:418)
	at com.kms.katalon.core.main.TestCaseExecutor.accessMainPhase(TestCaseExecutor.java:410)
	at com.kms.katalon.core.main.TestCaseExecutor.execute(TestCaseExecutor.java:285)
	at com.kms.katalon.core.common.CommonExecutor.accessTestCaseMainPhase(CommonExecutor.java:65)
	at com.kms.katalon.core.main.TestSuiteExecutor.accessTestSuiteMainPhase(TestSuiteExecutor.java:148)
	at com.kms.katalon.core.main.TestSuiteExecutor.execute(TestSuiteExecutor.java:106)
	at com.kms.katalon.core.main.TestCaseMain.startTestSuite(TestCaseMain.java:187)
	at com.kms.katalon.core.main.TestCaseMain$startTestSuite$0.call(Unknown Source)
	at TempTestSuite1696567025672.run(TempTestSuite1696567025672.groovy:36)
Caused by: com.kms.katalon.core.exception.StepFailedException: Text 'plese input an valid username' is not present on page 
	at com.kms.katalon.core.webui.keyword.internal.WebUIKeywordMain.stepFailed(WebUIKeywordMain.groovy:64)
	at com.kms.katalon.core.webui.keyword.builtin.VerifyTextPresentKeyword$_verifyTextPresent_closure1.doCall(VerifyTextPresentKeyword.groovy:79)
	at com.kms.katalon.core.webui.keyword.builtin.VerifyTextPresentKeyword$_verifyTextPresent_closure1.call(VerifyTextPresentKeyword.groovy)
	at com.kms.katalon.core.webui.keyword.internal.WebUIKeywordMain.runKeyword(WebUIKeywordMain.groovy:20)
	... 19 more
"/>
         <system-out><![CDATA[2023-10-06 11:41:21 - [TEST_CASE][FAILED] - Test Cases/M05 -Edit Sosial Media/TC-ESMF-003: Test Cases/M05 -Edit Sosial Media/TC-ESMF-003 FAILED.
Reason:
com.kms.katalon.core.exception.StepFailedException: Unable to verify text 'plese input an valid username' is present 
	at com.kms.katalon.core.webui.keyword.internal.WebUIKeywordMain.stepFailed(WebUIKeywordMain.groovy:64)
	at com.kms.katalon.core.webui.keyword.internal.WebUIKeywordMain.runKeyword(WebUIKeywordMain.groovy:26)
	at com.kms.katalon.core.webui.keyword.builtin.VerifyTextPresentKeyword.verifyTextPresent(VerifyTextPresentKeyword.groovy:83)
	at com.kms.katalon.core.webui.keyword.builtin.VerifyTextPresentKeyword.execute(VerifyTextPresentKeyword.groovy:68)
	at com.kms.katalon.core.keyword.internal.KeywordExecutor.executeKeywordForPlatform(KeywordExecutor.groovy:74)
	at com.kms.katalon.core.webui.keyword.WebUiBuiltInKeywords.verifyTextPresent(WebUiBuiltInKeywords.groovy:1723)
	at com.kms.katalon.core.webui.keyword.WebUiBuiltInKeywords$verifyTextPresent$9.call(Unknown Source)
	at TC-ESMF-003.run(TC-ESMF-003:36)
	at com.kms.katalon.core.main.ScriptEngine.run(ScriptEngine.java:194)
	at com.kms.katalon.core.main.ScriptEngine.runScriptAsRawText(ScriptEngine.java:119)
	at com.kms.katalon.core.main.TestCaseExecutor.runScript(TestCaseExecutor.java:448)
	at com.kms.katalon.core.main.TestCaseExecutor.doExecute(TestCaseExecutor.java:439)
	at com.kms.katalon.core.main.TestCaseExecutor.processExecutionPhase(TestCaseExecutor.java:418)
	at com.kms.katalon.core.main.TestCaseExecutor.accessMainPhase(TestCaseExecutor.java:410)
	at com.kms.katalon.core.main.TestCaseExecutor.execute(TestCaseExecutor.java:285)
	at com.kms.katalon.core.common.CommonExecutor.accessTestCaseMainPhase(CommonExecutor.java:65)
	at com.kms.katalon.core.main.TestSuiteExecutor.accessTestSuiteMainPhase(TestSuiteExecutor.java:148)
	at com.kms.katalon.core.main.TestSuiteExecutor.execute(TestSuiteExecutor.java:106)
	at com.kms.katalon.core.main.TestCaseMain.startTestSuite(TestCaseMain.java:187)
	at com.kms.katalon.core.main.TestCaseMain$startTestSuite$0.call(Unknown Source)
	at TempTestSuite1696567025672.run(TempTestSuite1696567025672.groovy:36)
Caused by: com.kms.katalon.core.exception.StepFailedException: Text 'plese input an valid username' is not present on page 
	at com.kms.katalon.core.webui.keyword.internal.WebUIKeywordMain.stepFailed(WebUIKeywordMain.groovy:64)
	at com.kms.katalon.core.webui.keyword.builtin.VerifyTextPresentKeyword$_verifyTextPresent_closure1.doCall(VerifyTextPresentKeyword.groovy:79)
	at com.kms.katalon.core.webui.keyword.builtin.VerifyTextPresentKeyword$_verifyTextPresent_closure1.call(VerifyTextPresentKeyword.groovy)
	at com.kms.katalon.core.webui.keyword.internal.WebUIKeywordMain.runKeyword(WebUIKeywordMain.groovy:20)
	... 19 more


2023-10-06 11:41:22 - [TEST_STEP][PASSED] - callTestCase(findTestCase("M05 -Edit Sosial Media/TC-LS-001"), [:], STOP_ON_FAILURE): Call Test Case 'Test Cases/M05 -Edit Sosial Media/TC-LS-001' successfully

2023-10-06 11:41:22 - [TEST_CASE][PASSED] - Test Cases/M05 -Edit Sosial Media/TC-LS-001: Test Cases/M05 -Edit Sosial Media/TC-LS-001

2023-10-06 11:41:22 - [TEST_STEP][PASSED] - openBrowser(urlWeb): Browser is opened with url: 'https://10.9.2.63/ecommerce/'

2023-10-06 11:41:22 - [MESSAGE][WARNING] - A browser is already opened. Closing browser and opening a new one

2023-10-06 11:41:23 - [MESSAGE][INFO] - Starting 'Edge Chromium' driver

2023-10-06 11:41:23 - [MESSAGE][INFO] - User set preference: ['acceptInsecureCerts', 'true']

2023-10-06 11:41:25 - [MESSAGE][INFO] - Action delay is set to 0 milliseconds

2023-10-06 11:41:36 - [MESSAGE][PASSED] - Browser is opened with url: 'https://10.9.2.63/ecommerce/'

2023-10-06 11:41:36 - [TEST_STEP][PASSED] - maximizeWindow(): Current window maximized

2023-10-06 11:41:36 - [MESSAGE][PASSED] - Current window maximized

2023-10-06 11:41:36 - [TEST_STEP][PASSED] - click(findTestObject("Login/a_Login")): Object: 'Object Repository/Login/a_Login' is clicked on

2023-10-06 11:41:37 - [MESSAGE][PASSED] - Object: 'Object Repository/Login/a_Login' is clicked on

2023-10-06 11:41:37 - [TEST_STEP][PASSED] - setText(findTestObject("Login/input_Username, Email atau No. Handphone_a"), "runa36"): Text 'runa36' is set on object 'Object Repository/Login/input_Username, Email atau No. Handphone_a'

2023-10-06 11:41:39 - [MESSAGE][PASSED] - Text 'runa36' is set on object 'Object Repository/Login/input_Username, Email atau No. Handphone_a'

2023-10-06 11:41:39 - [TEST_STEP][PASSED] - setEncryptedText(findTestObject("Login/input_Password di Login(Masuk)"), "qbkrdMwyWE4="): Text ****** has been set on object 'Object Repository/Login/input_Password di Login(Masuk)'

2023-10-06 11:41:39 - [MESSAGE][PASSED] - Text ****** has been set on object 'Object Repository/Login/input_Password di Login(Masuk)'

2023-10-06 11:41:39 - [TEST_STEP][PASSED] - click(findTestObject("Login/button_Masuk di halaman login")): Object: 'Object Repository/Login/button_Masuk di halaman login' is clicked on

2023-10-06 11:41:41 - [MESSAGE][PASSED] - Object: 'Object Repository/Login/button_Masuk di halaman login' is clicked on

2023-10-06 11:41:41 - [TEST_STEP][PASSED] - verifyElementPresent(findTestObject("edit sosial media/verifikasi masuk halaman biodata diri"), 0): Object 'Object Repository/edit sosial media/verifikasi masuk halaman biodata diri' is present

2023-10-06 11:41:41 - [MESSAGE][WARNING] - Timeout '0' is invalid. Using default page load timeout: '30'

2023-10-06 11:41:41 - [MESSAGE][PASSED] - Object 'Object Repository/edit sosial media/verifikasi masuk halaman biodata diri' is present

2023-10-06 11:41:41 - [MESSAGE][PASSED] - Call Test Case 'Test Cases/M05 -Edit Sosial Media/TC-LS-001' successfully

2023-10-06 11:41:41 - [TEST_STEP][PASSED] - click(findTestObject("edit sosial media/a_Sosmed")): Object: 'Object Repository/edit sosial media/a_Sosmed' is clicked on

2023-10-06 11:41:42 - [MESSAGE][PASSED] - Object: 'Object Repository/edit sosial media/a_Sosmed' is clicked on

2023-10-06 11:41:42 - [TEST_STEP][PASSED] - click(findTestObject("edit sosial media/Edit Sosial Media")): Object: 'Object Repository/edit sosial media/Edit Sosial Media' is clicked on

2023-10-06 11:41:44 - [MESSAGE][PASSED] - Object: 'Object Repository/edit sosial media/Edit Sosial Media' is clicked on

2023-10-06 11:41:44 - [TEST_STEP][PASSED] - clearText(findTestObject("edit sosial media/input_LinkedIn_g")): Text of object 'Object Repository/edit sosial media/input_LinkedIn_g' is cleared

2023-10-06 11:41:45 - [MESSAGE][PASSED] - Text of object 'Object Repository/edit sosial media/input_LinkedIn_g' is cleared

2023-10-06 11:41:45 - [TEST_STEP][PASSED] - setText(findTestObject("edit sosial media/input_LinkedIn_g"), LinkedIn): Text '!' is set on object 'Object Repository/edit sosial media/input_LinkedIn_g'

2023-10-06 11:41:46 - [MESSAGE][PASSED] - Text '!' is set on object 'Object Repository/edit sosial media/input_LinkedIn_g'

2023-10-06 11:41:46 - [TEST_STEP][PASSED] - click(findTestObject("edit sosial media/center_Simpan Sosial Media")): Object: 'Object Repository/edit sosial media/center_Simpan Sosial Media' is clicked on

2023-10-06 11:41:47 - [MESSAGE][PASSED] - Object: 'Object Repository/edit sosial media/center_Simpan Sosial Media' is clicked on

2023-10-06 11:41:47 - [TEST_STEP][FAILED] - verifyTextPresent("plese input an valid username", false): Unable to verify text 'plese input an valid username' is present  (Root cause: com.kms.katalon.core.exception.StepFailedException: Unable to verify text 'plese input an valid username' is present 
	at com.kms.katalon.core.webui.keyword.internal.WebUIKeywordMain.stepFailed(WebUIKeywordMain.groovy:64)
	at com.kms.katalon.core.webui.keyword.internal.WebUIKeywordMain.runKeyword(WebUIKeywordMain.groovy:26)
	at com.kms.katalon.core.webui.keyword.builtin.VerifyTextPresentKeyword.verifyTextPresent(VerifyTextPresentKeyword.groovy:83)
	at com.kms.katalon.core.webui.keyword.builtin.VerifyTextPresentKeyword.execute(VerifyTextPresentKeyword.groovy:68)
	at com.kms.katalon.core.keyword.internal.KeywordExecutor.executeKeywordForPlatform(KeywordExecutor.groovy:74)
	at com.kms.katalon.core.webui.keyword.WebUiBuiltInKeywords.verifyTextPresent(WebUiBuiltInKeywords.groovy:1723)
	at com.kms.katalon.core.webui.keyword.WebUiBuiltInKeywords$verifyTextPresent$9.call(Unknown Source)
	at TC-ESMF-003.run(TC-ESMF-003:36)
	at com.kms.katalon.core.main.ScriptEngine.run(ScriptEngine.java:194)
	at com.kms.katalon.core.main.ScriptEngine.runScriptAsRawText(ScriptEngine.java:119)
	at com.kms.katalon.core.main.TestCaseExecutor.runScript(TestCaseExecutor.java:448)
	at com.kms.katalon.core.main.TestCaseExecutor.doExecute(TestCaseExecutor.java:439)
	at com.kms.katalon.core.main.TestCaseExecutor.processExecutionPhase(TestCaseExecutor.java:418)
	at com.kms.katalon.core.main.TestCaseExecutor.accessMainPhase(TestCaseExecutor.java:410)
	at com.kms.katalon.core.main.TestCaseExecutor.execute(TestCaseExecutor.java:285)
	at com.kms.katalon.core.common.CommonExecutor.accessTestCaseMainPhase(CommonExecutor.java:65)
	at com.kms.katalon.core.main.TestSuiteExecutor.accessTestSuiteMainPhase(TestSuiteExecutor.java:148)
	at com.kms.katalon.core.main.TestSuiteExecutor.execute(TestSuiteExecutor.java:106)
	at com.kms.katalon.core.main.TestCaseMain.startTestSuite(TestCaseMain.java:187)
	at com.kms.katalon.core.main.TestCaseMain$startTestSuite$0.call(Unknown Source)
	at TempTestSuite1696567025672.run(TempTestSuite1696567025672.groovy:36)
Caused by: com.kms.katalon.core.exception.StepFailedException: Text 'plese input an valid username' is not present on page 
	at com.kms.katalon.core.webui.keyword.internal.WebUIKeywordMain.stepFailed(WebUIKeywordMain.groovy:64)
	at com.kms.katalon.core.webui.keyword.builtin.VerifyTextPresentKeyword$_verifyTextPresent_closure1.doCall(VerifyTextPresentKeyword.groovy:79)
	at com.kms.katalon.core.webui.keyword.builtin.VerifyTextPresentKeyword$_verifyTextPresent_closure1.call(VerifyTextPresentKeyword.groovy)
	at com.kms.katalon.core.webui.keyword.internal.WebUIKeywordMain.runKeyword(WebUIKeywordMain.groovy:20)
	... 19 more
)

2023-10-06 11:41:48 - [MESSAGE][FAILED] - Text 'plese input an valid username' is not present on page  (Root cause: com.kms.katalon.core.exception.StepFailedException: Text 'plese input an valid username' is not present on page 
	at com.kms.katalon.core.webui.keyword.internal.WebUIKeywordMain.stepFailed(WebUIKeywordMain.groovy:64)
	at com.kms.katalon.core.webui.keyword.builtin.VerifyTextPresentKeyword$_verifyTextPresent_closure1.doCall(VerifyTextPresentKeyword.groovy:79)
	at com.kms.katalon.core.webui.keyword.builtin.VerifyTextPresentKeyword$_verifyTextPresent_closure1.call(VerifyTextPresentKeyword.groovy)
	at com.kms.katalon.core.webui.keyword.internal.WebUIKeywordMain.runKeyword(WebUIKeywordMain.groovy:20)
	at com.kms.katalon.core.webui.keyword.builtin.VerifyTextPresentKeyword.verifyTextPresent(VerifyTextPresentKeyword.groovy:83)
	at com.kms.katalon.core.webui.keyword.builtin.VerifyTextPresentKeyword.execute(VerifyTextPresentKeyword.groovy:68)
	at com.kms.katalon.core.keyword.internal.KeywordExecutor.executeKeywordForPlatform(KeywordExecutor.groovy:74)
	at com.kms.katalon.core.webui.keyword.WebUiBuiltInKeywords.verifyTextPresent(WebUiBuiltInKeywords.groovy:1723)
	at com.kms.katalon.core.webui.keyword.WebUiBuiltInKeywords$verifyTextPresent$9.call(Unknown Source)
	at TC-ESMF-003.run(TC-ESMF-003:36)
	at com.kms.katalon.core.main.ScriptEngine.run(ScriptEngine.java:194)
	at com.kms.katalon.core.main.ScriptEngine.runScriptAsRawText(ScriptEngine.java:119)
	at com.kms.katalon.core.main.TestCaseExecutor.runScript(TestCaseExecutor.java:448)
	at com.kms.katalon.core.main.TestCaseExecutor.doExecute(TestCaseExecutor.java:439)
	at com.kms.katalon.core.main.TestCaseExecutor.processExecutionPhase(TestCaseExecutor.java:418)
	at com.kms.katalon.core.main.TestCaseExecutor.accessMainPhase(TestCaseExecutor.java:410)
	at com.kms.katalon.core.main.TestCaseExecutor.execute(TestCaseExecutor.java:285)
	at com.kms.katalon.core.common.CommonExecutor.accessTestCaseMainPhase(CommonExecutor.java:65)
	at com.kms.katalon.core.main.TestSuiteExecutor.accessTestSuiteMainPhase(TestSuiteExecutor.java:148)
	at com.kms.katalon.core.main.TestSuiteExecutor.execute(TestSuiteExecutor.java:106)
	at com.kms.katalon.core.main.TestCaseMain.startTestSuite(TestCaseMain.java:187)
	at com.kms.katalon.core.main.TestCaseMain$startTestSuite$0.call(Unknown Source)
	at TempTestSuite1696567025672.run(TempTestSuite1696567025672.groovy:36)
)

2023-10-06 11:41:48 - [MESSAGE][FAILED] - Unable to verify text 'plese input an valid username' is present  (Root cause: com.kms.katalon.core.exception.StepFailedException: Unable to verify text 'plese input an valid username' is present 
	at com.kms.katalon.core.webui.keyword.internal.WebUIKeywordMain.stepFailed(WebUIKeywordMain.groovy:64)
	at com.kms.katalon.core.webui.keyword.internal.WebUIKeywordMain.runKeyword(WebUIKeywordMain.groovy:26)
	at com.kms.katalon.core.webui.keyword.builtin.VerifyTextPresentKeyword.verifyTextPresent(VerifyTextPresentKeyword.groovy:83)
	at com.kms.katalon.core.webui.keyword.builtin.VerifyTextPresentKeyword.execute(VerifyTextPresentKeyword.groovy:68)
	at com.kms.katalon.core.keyword.internal.KeywordExecutor.executeKeywordForPlatform(KeywordExecutor.groovy:74)
	at com.kms.katalon.core.webui.keyword.WebUiBuiltInKeywords.verifyTextPresent(WebUiBuiltInKeywords.groovy:1723)
	at com.kms.katalon.core.webui.keyword.WebUiBuiltInKeywords$verifyTextPresent$9.call(Unknown Source)
	at TC-ESMF-003.run(TC-ESMF-003:36)
	at com.kms.katalon.core.main.ScriptEngine.run(ScriptEngine.java:194)
	at com.kms.katalon.core.main.ScriptEngine.runScriptAsRawText(ScriptEngine.java:119)
	at com.kms.katalon.core.main.TestCaseExecutor.runScript(TestCaseExecutor.java:448)
	at com.kms.katalon.core.main.TestCaseExecutor.doExecute(TestCaseExecutor.java:439)
	at com.kms.katalon.core.main.TestCaseExecutor.processExecutionPhase(TestCaseExecutor.java:418)
	at com.kms.katalon.core.main.TestCaseExecutor.accessMainPhase(TestCaseExecutor.java:410)
	at com.kms.katalon.core.main.TestCaseExecutor.execute(TestCaseExecutor.java:285)
	at com.kms.katalon.core.common.CommonExecutor.accessTestCaseMainPhase(CommonExecutor.java:65)
	at com.kms.katalon.core.main.TestSuiteExecutor.accessTestSuiteMainPhase(TestSuiteExecutor.java:148)
	at com.kms.katalon.core.main.TestSuiteExecutor.execute(TestSuiteExecutor.java:106)
	at com.kms.katalon.core.main.TestCaseMain.startTestSuite(TestCaseMain.java:187)
	at com.kms.katalon.core.main.TestCaseMain$startTestSuite$0.call(Unknown Source)
	at TempTestSuite1696567025672.run(TempTestSuite1696567025672.groovy:36)
Caused by: com.kms.katalon.core.exception.StepFailedException: Text 'plese input an valid username' is not present on page 
	at com.kms.katalon.core.webui.keyword.internal.WebUIKeywordMain.stepFailed(WebUIKeywordMain.groovy:64)
	at com.kms.katalon.core.webui.keyword.builtin.VerifyTextPresentKeyword$_verifyTextPresent_closure1.doCall(VerifyTextPresentKeyword.groovy:79)
	at com.kms.katalon.core.webui.keyword.builtin.VerifyTextPresentKeyword$_verifyTextPresent_closure1.call(VerifyTextPresentKeyword.groovy)
	at com.kms.katalon.core.webui.keyword.internal.WebUIKeywordMain.runKeyword(WebUIKeywordMain.groovy:20)
	... 19 more
)
[[ATTACHMENT|F:\\bootcamp\\Miniproject\\Tajalapak\\Reports\\20231006_113705\\M05 - Edit Sosial Media\\20231006_113705\\1696567308417.png]]]]></system-out>
         <system-err><![CDATA[2023-10-06 11:41:21 - [TEST_CASE][FAILED] - Test Cases/M05 -Edit Sosial Media/TC-ESMF-003: Test Cases/M05 -Edit Sosial Media/TC-ESMF-003 FAILED.
Reason:
com.kms.katalon.core.exception.StepFailedException: Unable to verify text 'plese input an valid username' is present 
	at com.kms.katalon.core.webui.keyword.internal.WebUIKeywordMain.stepFailed(WebUIKeywordMain.groovy:64)
	at com.kms.katalon.core.webui.keyword.internal.WebUIKeywordMain.runKeyword(WebUIKeywordMain.groovy:26)
	at com.kms.katalon.core.webui.keyword.builtin.VerifyTextPresentKeyword.verifyTextPresent(VerifyTextPresentKeyword.groovy:83)
	at com.kms.katalon.core.webui.keyword.builtin.VerifyTextPresentKeyword.execute(VerifyTextPresentKeyword.groovy:68)
	at com.kms.katalon.core.keyword.internal.KeywordExecutor.executeKeywordForPlatform(KeywordExecutor.groovy:74)
	at com.kms.katalon.core.webui.keyword.WebUiBuiltInKeywords.verifyTextPresent(WebUiBuiltInKeywords.groovy:1723)
	at com.kms.katalon.core.webui.keyword.WebUiBuiltInKeywords$verifyTextPresent$9.call(Unknown Source)
	at TC-ESMF-003.run(TC-ESMF-003:36)
	at com.kms.katalon.core.main.ScriptEngine.run(ScriptEngine.java:194)
	at com.kms.katalon.core.main.ScriptEngine.runScriptAsRawText(ScriptEngine.java:119)
	at com.kms.katalon.core.main.TestCaseExecutor.runScript(TestCaseExecutor.java:448)
	at com.kms.katalon.core.main.TestCaseExecutor.doExecute(TestCaseExecutor.java:439)
	at com.kms.katalon.core.main.TestCaseExecutor.processExecutionPhase(TestCaseExecutor.java:418)
	at com.kms.katalon.core.main.TestCaseExecutor.accessMainPhase(TestCaseExecutor.java:410)
	at com.kms.katalon.core.main.TestCaseExecutor.execute(TestCaseExecutor.java:285)
	at com.kms.katalon.core.common.CommonExecutor.accessTestCaseMainPhase(CommonExecutor.java:65)
	at com.kms.katalon.core.main.TestSuiteExecutor.accessTestSuiteMainPhase(TestSuiteExecutor.java:148)
	at com.kms.katalon.core.main.TestSuiteExecutor.execute(TestSuiteExecutor.java:106)
	at com.kms.katalon.core.main.TestCaseMain.startTestSuite(TestCaseMain.java:187)
	at com.kms.katalon.core.main.TestCaseMain$startTestSuite$0.call(Unknown Source)
	at TempTestSuite1696567025672.run(TempTestSuite1696567025672.groovy:36)
Caused by: com.kms.katalon.core.exception.StepFailedException: Text 'plese input an valid username' is not present on page 
	at com.kms.katalon.core.webui.keyword.internal.WebUIKeywordMain.stepFailed(WebUIKeywordMain.groovy:64)
	at com.kms.katalon.core.webui.keyword.builtin.VerifyTextPresentKeyword$_verifyTextPresent_closure1.doCall(VerifyTextPresentKeyword.groovy:79)
	at com.kms.katalon.core.webui.keyword.builtin.VerifyTextPresentKeyword$_verifyTextPresent_closure1.call(VerifyTextPresentKeyword.groovy)
	at com.kms.katalon.core.webui.keyword.internal.WebUIKeywordMain.runKeyword(WebUIKeywordMain.groovy:20)
	... 19 more]]></system-err>
      </testcase>
      <testcase name="Test Cases/M05 -Edit Sosial Media/TC-ESMF-004" time="19.522" classname="Test Cases/M05 -Edit Sosial Media/TC-ESMF-004" status="FAILED">
         <failure type="FAILED" message="Test Cases/M05 -Edit Sosial Media/TC-ESMF-004 FAILED.
Reason:
Assertion failed: 

assert error_message == 'please include an \'@\' in the first place username'
       |             |
       null          false

	at TC-ESMF-004.run(TC-ESMF-004:44)
	at com.kms.katalon.core.main.ScriptEngine.run(ScriptEngine.java:194)
	at com.kms.katalon.core.main.ScriptEngine.runScriptAsRawText(ScriptEngine.java:119)
	at com.kms.katalon.core.main.TestCaseExecutor.runScript(TestCaseExecutor.java:448)
	at com.kms.katalon.core.main.TestCaseExecutor.doExecute(TestCaseExecutor.java:439)
	at com.kms.katalon.core.main.TestCaseExecutor.processExecutionPhase(TestCaseExecutor.java:418)
	at com.kms.katalon.core.main.TestCaseExecutor.accessMainPhase(TestCaseExecutor.java:410)
	at com.kms.katalon.core.main.TestCaseExecutor.execute(TestCaseExecutor.java:285)
	at com.kms.katalon.core.common.CommonExecutor.accessTestCaseMainPhase(CommonExecutor.java:65)
	at com.kms.katalon.core.main.TestSuiteExecutor.accessTestSuiteMainPhase(TestSuiteExecutor.java:148)
	at com.kms.katalon.core.main.TestSuiteExecutor.execute(TestSuiteExecutor.java:106)
	at com.kms.katalon.core.main.TestCaseMain.startTestSuite(TestCaseMain.java:187)
	at com.kms.katalon.core.main.TestCaseMain$startTestSuite$0.call(Unknown Source)
	at TempTestSuite1696567025672.run(TempTestSuite1696567025672.groovy:36)
"/>
         <system-out><![CDATA[2023-10-06 11:41:48 - [TEST_CASE][FAILED] - Test Cases/M05 -Edit Sosial Media/TC-ESMF-004: Test Cases/M05 -Edit Sosial Media/TC-ESMF-004 FAILED.
Reason:
Assertion failed: 

assert error_message == 'please include an \'@\' in the first place username'
       |             |
       null          false

	at TC-ESMF-004.run(TC-ESMF-004:44)
	at com.kms.katalon.core.main.ScriptEngine.run(ScriptEngine.java:194)
	at com.kms.katalon.core.main.ScriptEngine.runScriptAsRawText(ScriptEngine.java:119)
	at com.kms.katalon.core.main.TestCaseExecutor.runScript(TestCaseExecutor.java:448)
	at com.kms.katalon.core.main.TestCaseExecutor.doExecute(TestCaseExecutor.java:439)
	at com.kms.katalon.core.main.TestCaseExecutor.processExecutionPhase(TestCaseExecutor.java:418)
	at com.kms.katalon.core.main.TestCaseExecutor.accessMainPhase(TestCaseExecutor.java:410)
	at com.kms.katalon.core.main.TestCaseExecutor.execute(TestCaseExecutor.java:285)
	at com.kms.katalon.core.common.CommonExecutor.accessTestCaseMainPhase(CommonExecutor.java:65)
	at com.kms.katalon.core.main.TestSuiteExecutor.accessTestSuiteMainPhase(TestSuiteExecutor.java:148)
	at com.kms.katalon.core.main.TestSuiteExecutor.execute(TestSuiteExecutor.java:106)
	at com.kms.katalon.core.main.TestCaseMain.startTestSuite(TestCaseMain.java:187)
	at com.kms.katalon.core.main.TestCaseMain$startTestSuite$0.call(Unknown Source)
	at TempTestSuite1696567025672.run(TempTestSuite1696567025672.groovy:36)


2023-10-06 11:41:49 - [TEST_STEP][PASSED] - callTestCase(findTestCase("M05 -Edit Sosial Media/TC-LS-001"), [:], STOP_ON_FAILURE): Call Test Case 'Test Cases/M05 -Edit Sosial Media/TC-LS-001' successfully

2023-10-06 11:41:49 - [TEST_CASE][PASSED] - Test Cases/M05 -Edit Sosial Media/TC-LS-001: Test Cases/M05 -Edit Sosial Media/TC-LS-001

2023-10-06 11:41:49 - [TEST_STEP][PASSED] - openBrowser(urlWeb): Browser is opened with url: 'https://10.9.2.63/ecommerce/'

2023-10-06 11:41:49 - [MESSAGE][WARNING] - A browser is already opened. Closing browser and opening a new one

2023-10-06 11:41:50 - [MESSAGE][INFO] - Starting 'Edge Chromium' driver

2023-10-06 11:41:50 - [MESSAGE][INFO] - User set preference: ['acceptInsecureCerts', 'true']

2023-10-06 11:41:52 - [MESSAGE][INFO] - Action delay is set to 0 milliseconds

2023-10-06 11:41:56 - [MESSAGE][PASSED] - Browser is opened with url: 'https://10.9.2.63/ecommerce/'

2023-10-06 11:41:56 - [TEST_STEP][PASSED] - maximizeWindow(): Current window maximized

2023-10-06 11:41:57 - [MESSAGE][PASSED] - Current window maximized

2023-10-06 11:41:57 - [TEST_STEP][PASSED] - click(findTestObject("Login/a_Login")): Object: 'Object Repository/Login/a_Login' is clicked on

2023-10-06 11:41:58 - [MESSAGE][PASSED] - Object: 'Object Repository/Login/a_Login' is clicked on

2023-10-06 11:41:58 - [TEST_STEP][PASSED] - setText(findTestObject("Login/input_Username, Email atau No. Handphone_a"), "runa36"): Text 'runa36' is set on object 'Object Repository/Login/input_Username, Email atau No. Handphone_a'

2023-10-06 11:41:59 - [MESSAGE][PASSED] - Text 'runa36' is set on object 'Object Repository/Login/input_Username, Email atau No. Handphone_a'

2023-10-06 11:41:59 - [TEST_STEP][PASSED] - setEncryptedText(findTestObject("Login/input_Password di Login(Masuk)"), "qbkrdMwyWE4="): Text ****** has been set on object 'Object Repository/Login/input_Password di Login(Masuk)'

2023-10-06 11:41:59 - [MESSAGE][PASSED] - Text ****** has been set on object 'Object Repository/Login/input_Password di Login(Masuk)'

2023-10-06 11:41:59 - [TEST_STEP][PASSED] - click(findTestObject("Login/button_Masuk di halaman login")): Object: 'Object Repository/Login/button_Masuk di halaman login' is clicked on

2023-10-06 11:42:01 - [MESSAGE][PASSED] - Object: 'Object Repository/Login/button_Masuk di halaman login' is clicked on

2023-10-06 11:42:01 - [TEST_STEP][PASSED] - verifyElementPresent(findTestObject("edit sosial media/verifikasi masuk halaman biodata diri"), 0): Object 'Object Repository/edit sosial media/verifikasi masuk halaman biodata diri' is present

2023-10-06 11:42:01 - [MESSAGE][WARNING] - Timeout '0' is invalid. Using default page load timeout: '30'

2023-10-06 11:42:02 - [MESSAGE][PASSED] - Object 'Object Repository/edit sosial media/verifikasi masuk halaman biodata diri' is present

2023-10-06 11:42:02 - [MESSAGE][PASSED] - Call Test Case 'Test Cases/M05 -Edit Sosial Media/TC-LS-001' successfully

2023-10-06 11:42:02 - [TEST_STEP][PASSED] - click(findTestObject("edit sosial media/a_Sosmed")): Object: 'Object Repository/edit sosial media/a_Sosmed' is clicked on

2023-10-06 11:42:03 - [MESSAGE][PASSED] - Object: 'Object Repository/edit sosial media/a_Sosmed' is clicked on

2023-10-06 11:42:03 - [TEST_STEP][PASSED] - click(findTestObject("edit sosial media/Edit Sosial Media")): Object: 'Object Repository/edit sosial media/Edit Sosial Media' is clicked on

2023-10-06 11:42:04 - [MESSAGE][PASSED] - Object: 'Object Repository/edit sosial media/Edit Sosial Media' is clicked on

2023-10-06 11:42:04 - [TEST_STEP][PASSED] - clearText(findTestObject("edit sosial media/input_Telegram_e")): Text of object 'Object Repository/edit sosial media/input_Telegram_e' is cleared

2023-10-06 11:42:05 - [MESSAGE][PASSED] - Text of object 'Object Repository/edit sosial media/input_Telegram_e' is cleared

2023-10-06 11:42:05 - [TEST_STEP][PASSED] - setText(findTestObject("edit sosial media/input_Telegram_e"), Telegram): Text 'Runaya71' is set on object 'Object Repository/edit sosial media/input_Telegram_e'

2023-10-06 11:42:06 - [MESSAGE][PASSED] - Text 'Runaya71' is set on object 'Object Repository/edit sosial media/input_Telegram_e'

2023-10-06 11:42:06 - [TEST_STEP][PASSED] - click(findTestObject("edit sosial media/center_Simpan Sosial Media")): Object: 'Object Repository/edit sosial media/center_Simpan Sosial Media' is clicked on

2023-10-06 11:42:07 - [MESSAGE][PASSED] - Object: 'Object Repository/edit sosial media/center_Simpan Sosial Media' is clicked on

2023-10-06 11:42:07 - [TEST_STEP][PASSED] - webDriver = getWebDriver(): null

2023-10-06 11:42:07 - [TEST_STEP][PASSED] - field_telegram = webDriver.findElement(By.xpath("(.//*[normalize-space(text()) and normalize-space(.)="Telegram"])[1]/following::div[1]")): null

2023-10-06 11:42:08 - [TEST_STEP][PASSED] - error_message = webDriver.executeScript("return arguments[0].validationMessage", field_telegram): null

2023-10-06 11:42:08 - [TEST_STEP][PASSED] - println(error_message): null

2023-10-06 11:42:08 - [TEST_STEP][FAILED] - assert error_message == "please include an '@' in the first place username": Test Cases/M05 -Edit Sosial Media/TC-ESMF-004 FAILED.
Reason:
Assertion failed: 

assert error_message == 'please include an \'@\' in the first place username'
       |             |
       null          false

	at TC-ESMF-004.run(TC-ESMF-004:44)
	at com.kms.katalon.core.main.ScriptEngine.run(ScriptEngine.java:194)
	at com.kms.katalon.core.main.ScriptEngine.runScriptAsRawText(ScriptEngine.java:119)
	at com.kms.katalon.core.main.TestCaseExecutor.runScript(TestCaseExecutor.java:448)
	at com.kms.katalon.core.main.TestCaseExecutor.doExecute(TestCaseExecutor.java:439)
	at com.kms.katalon.core.main.TestCaseExecutor.processExecutionPhase(TestCaseExecutor.java:418)
	at com.kms.katalon.core.main.TestCaseExecutor.accessMainPhase(TestCaseExecutor.java:410)
	at com.kms.katalon.core.main.TestCaseExecutor.execute(TestCaseExecutor.java:285)
	at com.kms.katalon.core.common.CommonExecutor.accessTestCaseMainPhase(CommonExecutor.java:65)
	at com.kms.katalon.core.main.TestSuiteExecutor.accessTestSuiteMainPhase(TestSuiteExecutor.java:148)
	at com.kms.katalon.core.main.TestSuiteExecutor.execute(TestSuiteExecutor.java:106)
	at com.kms.katalon.core.main.TestCaseMain.startTestSuite(TestCaseMain.java:187)
	at com.kms.katalon.core.main.TestCaseMain$startTestSuite$0.call(Unknown Source)
	at TempTestSuite1696567025672.run(TempTestSuite1696567025672.groovy:36)


2023-10-06 11:42:08 - [MESSAGE][FAILED] - Test Cases/M05 -Edit Sosial Media/TC-ESMF-004 FAILED.
Reason:
Assertion failed: 

assert error_message == 'please include an \'@\' in the first place username'
       |             |
       null          false

	at TC-ESMF-004.run(TC-ESMF-004:44)
	at com.kms.katalon.core.main.ScriptEngine.run(ScriptEngine.java:194)
	at com.kms.katalon.core.main.ScriptEngine.runScriptAsRawText(ScriptEngine.java:119)
	at com.kms.katalon.core.main.TestCaseExecutor.runScript(TestCaseExecutor.java:448)
	at com.kms.katalon.core.main.TestCaseExecutor.doExecute(TestCaseExecutor.java:439)
	at com.kms.katalon.core.main.TestCaseExecutor.processExecutionPhase(TestCaseExecutor.java:418)
	at com.kms.katalon.core.main.TestCaseExecutor.accessMainPhase(TestCaseExecutor.java:410)
	at com.kms.katalon.core.main.TestCaseExecutor.execute(TestCaseExecutor.java:285)
	at com.kms.katalon.core.common.CommonExecutor.accessTestCaseMainPhase(CommonExecutor.java:65)
	at com.kms.katalon.core.main.TestSuiteExecutor.accessTestSuiteMainPhase(TestSuiteExecutor.java:148)
	at com.kms.katalon.core.main.TestSuiteExecutor.execute(TestSuiteExecutor.java:106)
	at com.kms.katalon.core.main.TestCaseMain.startTestSuite(TestCaseMain.java:187)
	at com.kms.katalon.core.main.TestCaseMain$startTestSuite$0.call(Unknown Source)
	at TempTestSuite1696567025672.run(TempTestSuite1696567025672.groovy:36)]]></system-out>
         <system-err><![CDATA[2023-10-06 11:41:48 - [TEST_CASE][FAILED] - Test Cases/M05 -Edit Sosial Media/TC-ESMF-004: Test Cases/M05 -Edit Sosial Media/TC-ESMF-004 FAILED.
Reason:
Assertion failed: 

assert error_message == 'please include an \'@\' in the first place username'
       |             |
       null          false

	at TC-ESMF-004.run(TC-ESMF-004:44)
	at com.kms.katalon.core.main.ScriptEngine.run(ScriptEngine.java:194)
	at com.kms.katalon.core.main.ScriptEngine.runScriptAsRawText(ScriptEngine.java:119)
	at com.kms.katalon.core.main.TestCaseExecutor.runScript(TestCaseExecutor.java:448)
	at com.kms.katalon.core.main.TestCaseExecutor.doExecute(TestCaseExecutor.java:439)
	at com.kms.katalon.core.main.TestCaseExecutor.processExecutionPhase(TestCaseExecutor.java:418)
	at com.kms.katalon.core.main.TestCaseExecutor.accessMainPhase(TestCaseExecutor.java:410)
	at com.kms.katalon.core.main.TestCaseExecutor.execute(TestCaseExecutor.java:285)
	at com.kms.katalon.core.common.CommonExecutor.accessTestCaseMainPhase(CommonExecutor.java:65)
	at com.kms.katalon.core.main.TestSuiteExecutor.accessTestSuiteMainPhase(TestSuiteExecutor.java:148)
	at com.kms.katalon.core.main.TestSuiteExecutor.execute(TestSuiteExecutor.java:106)
	at com.kms.katalon.core.main.TestCaseMain.startTestSuite(TestCaseMain.java:187)
	at com.kms.katalon.core.main.TestCaseMain$startTestSuite$0.call(Unknown Source)
	at TempTestSuite1696567025672.run(TempTestSuite1696567025672.groovy:36)]]></system-err>
      </testcase>
      <testcase name="Test Cases/M05 -Edit Sosial Media/TC-ESMF-005" time="19.115" classname="Test Cases/M05 -Edit Sosial Media/TC-ESMF-005" status="FAILED">
         <failure type="FAILED" message="Test Cases/M05 -Edit Sosial Media/TC-ESMF-005 FAILED.
Reason:
Assertion failed: 

assert validationMessage == 'please input username not exceed 50 character'
       |                 |
       null              false

	at TC-ESMF-005.run(TC-ESMF-005:41)
	at com.kms.katalon.core.main.ScriptEngine.run(ScriptEngine.java:194)
	at com.kms.katalon.core.main.ScriptEngine.runScriptAsRawText(ScriptEngine.java:119)
	at com.kms.katalon.core.main.TestCaseExecutor.runScript(TestCaseExecutor.java:448)
	at com.kms.katalon.core.main.TestCaseExecutor.doExecute(TestCaseExecutor.java:439)
	at com.kms.katalon.core.main.TestCaseExecutor.processExecutionPhase(TestCaseExecutor.java:418)
	at com.kms.katalon.core.main.TestCaseExecutor.accessMainPhase(TestCaseExecutor.java:410)
	at com.kms.katalon.core.main.TestCaseExecutor.execute(TestCaseExecutor.java:285)
	at com.kms.katalon.core.common.CommonExecutor.accessTestCaseMainPhase(CommonExecutor.java:65)
	at com.kms.katalon.core.main.TestSuiteExecutor.accessTestSuiteMainPhase(TestSuiteExecutor.java:148)
	at com.kms.katalon.core.main.TestSuiteExecutor.execute(TestSuiteExecutor.java:106)
	at com.kms.katalon.core.main.TestCaseMain.startTestSuite(TestCaseMain.java:187)
	at com.kms.katalon.core.main.TestCaseMain$startTestSuite$0.call(Unknown Source)
	at TempTestSuite1696567025672.run(TempTestSuite1696567025672.groovy:36)
"/>
         <system-out><![CDATA[2023-10-06 11:42:08 - [TEST_CASE][FAILED] - Test Cases/M05 -Edit Sosial Media/TC-ESMF-005: Test Cases/M05 -Edit Sosial Media/TC-ESMF-005 FAILED.
Reason:
Assertion failed: 

assert validationMessage == 'please input username not exceed 50 character'
       |                 |
       null              false

	at TC-ESMF-005.run(TC-ESMF-005:41)
	at com.kms.katalon.core.main.ScriptEngine.run(ScriptEngine.java:194)
	at com.kms.katalon.core.main.ScriptEngine.runScriptAsRawText(ScriptEngine.java:119)
	at com.kms.katalon.core.main.TestCaseExecutor.runScript(TestCaseExecutor.java:448)
	at com.kms.katalon.core.main.TestCaseExecutor.doExecute(TestCaseExecutor.java:439)
	at com.kms.katalon.core.main.TestCaseExecutor.processExecutionPhase(TestCaseExecutor.java:418)
	at com.kms.katalon.core.main.TestCaseExecutor.accessMainPhase(TestCaseExecutor.java:410)
	at com.kms.katalon.core.main.TestCaseExecutor.execute(TestCaseExecutor.java:285)
	at com.kms.katalon.core.common.CommonExecutor.accessTestCaseMainPhase(CommonExecutor.java:65)
	at com.kms.katalon.core.main.TestSuiteExecutor.accessTestSuiteMainPhase(TestSuiteExecutor.java:148)
	at com.kms.katalon.core.main.TestSuiteExecutor.execute(TestSuiteExecutor.java:106)
	at com.kms.katalon.core.main.TestCaseMain.startTestSuite(TestCaseMain.java:187)
	at com.kms.katalon.core.main.TestCaseMain$startTestSuite$0.call(Unknown Source)
	at TempTestSuite1696567025672.run(TempTestSuite1696567025672.groovy:36)


2023-10-06 11:42:09 - [TEST_STEP][PASSED] - callTestCase(findTestCase("M05 -Edit Sosial Media/TC-LS-001"), [:], STOP_ON_FAILURE): Call Test Case 'Test Cases/M05 -Edit Sosial Media/TC-LS-001' successfully

2023-10-06 11:42:09 - [TEST_CASE][PASSED] - Test Cases/M05 -Edit Sosial Media/TC-LS-001: Test Cases/M05 -Edit Sosial Media/TC-LS-001

2023-10-06 11:42:09 - [TEST_STEP][PASSED] - openBrowser(urlWeb): Browser is opened with url: 'https://10.9.2.63/ecommerce/'

2023-10-06 11:42:09 - [MESSAGE][WARNING] - A browser is already opened. Closing browser and opening a new one

2023-10-06 11:42:09 - [MESSAGE][INFO] - Starting 'Edge Chromium' driver

2023-10-06 11:42:09 - [MESSAGE][INFO] - User set preference: ['acceptInsecureCerts', 'true']

2023-10-06 11:42:12 - [MESSAGE][INFO] - Action delay is set to 0 milliseconds

2023-10-06 11:42:15 - [MESSAGE][PASSED] - Browser is opened with url: 'https://10.9.2.63/ecommerce/'

2023-10-06 11:42:15 - [TEST_STEP][PASSED] - maximizeWindow(): Current window maximized

2023-10-06 11:42:15 - [MESSAGE][PASSED] - Current window maximized

2023-10-06 11:42:15 - [TEST_STEP][PASSED] - click(findTestObject("Login/a_Login")): Object: 'Object Repository/Login/a_Login' is clicked on

2023-10-06 11:42:16 - [MESSAGE][PASSED] - Object: 'Object Repository/Login/a_Login' is clicked on

2023-10-06 11:42:16 - [TEST_STEP][PASSED] - setText(findTestObject("Login/input_Username, Email atau No. Handphone_a"), "runa36"): Text 'runa36' is set on object 'Object Repository/Login/input_Username, Email atau No. Handphone_a'

2023-10-06 11:42:17 - [MESSAGE][PASSED] - Text 'runa36' is set on object 'Object Repository/Login/input_Username, Email atau No. Handphone_a'

2023-10-06 11:42:17 - [TEST_STEP][PASSED] - setEncryptedText(findTestObject("Login/input_Password di Login(Masuk)"), "qbkrdMwyWE4="): Text ****** has been set on object 'Object Repository/Login/input_Password di Login(Masuk)'

2023-10-06 11:42:18 - [MESSAGE][PASSED] - Text ****** has been set on object 'Object Repository/Login/input_Password di Login(Masuk)'

2023-10-06 11:42:18 - [TEST_STEP][PASSED] - click(findTestObject("Login/button_Masuk di halaman login")): Object: 'Object Repository/Login/button_Masuk di halaman login' is clicked on

2023-10-06 11:42:20 - [MESSAGE][PASSED] - Object: 'Object Repository/Login/button_Masuk di halaman login' is clicked on

2023-10-06 11:42:20 - [TEST_STEP][PASSED] - verifyElementPresent(findTestObject("edit sosial media/verifikasi masuk halaman biodata diri"), 0): Object 'Object Repository/edit sosial media/verifikasi masuk halaman biodata diri' is present

2023-10-06 11:42:20 - [MESSAGE][WARNING] - Timeout '0' is invalid. Using default page load timeout: '30'

2023-10-06 11:42:21 - [MESSAGE][PASSED] - Object 'Object Repository/edit sosial media/verifikasi masuk halaman biodata diri' is present

2023-10-06 11:42:21 - [MESSAGE][PASSED] - Call Test Case 'Test Cases/M05 -Edit Sosial Media/TC-LS-001' successfully

2023-10-06 11:42:21 - [TEST_STEP][PASSED] - click(findTestObject("edit sosial media/a_Sosmed")): Object: 'Object Repository/edit sosial media/a_Sosmed' is clicked on

2023-10-06 11:42:22 - [MESSAGE][PASSED] - Object: 'Object Repository/edit sosial media/a_Sosmed' is clicked on

2023-10-06 11:42:22 - [TEST_STEP][PASSED] - click(findTestObject("edit sosial media/Edit Sosial Media")): Object: 'Object Repository/edit sosial media/Edit Sosial Media' is clicked on

2023-10-06 11:42:23 - [MESSAGE][PASSED] - Object: 'Object Repository/edit sosial media/Edit Sosial Media' is clicked on

2023-10-06 11:42:23 - [TEST_STEP][PASSED] - clearText(findTestObject("edit sosial media/input_Instagram_c")): Text of object 'Object Repository/edit sosial media/input_Instagram_c' is cleared

2023-10-06 11:42:24 - [MESSAGE][PASSED] - Text of object 'Object Repository/edit sosial media/input_Instagram_c' is cleared

2023-10-06 11:42:24 - [TEST_STEP][PASSED] - setText(findTestObject("edit sosial media/input_Instagram_c"), Instagram): Text 'AkulahCintaDiLangitPrudenceLovelyPrincessOfAwanampwnw' is set on object 'Object Repository/edit sosial media/input_Instagram_c'

2023-10-06 11:42:25 - [MESSAGE][PASSED] - Text 'AkulahCintaDiLangitPrudenceLovelyPrincessOfAwanampwnw' is set on object 'Object Repository/edit sosial media/input_Instagram_c'

2023-10-06 11:42:25 - [TEST_STEP][PASSED] - click(findTestObject("edit sosial media/center_Simpan Sosial Media")): Object: 'Object Repository/edit sosial media/center_Simpan Sosial Media' is clicked on

2023-10-06 11:42:26 - [MESSAGE][PASSED] - Object: 'Object Repository/edit sosial media/center_Simpan Sosial Media' is clicked on

2023-10-06 11:42:26 - [TEST_STEP][PASSED] - webDriver = getWebDriver(): null

2023-10-06 11:42:26 - [TEST_STEP][PASSED] - field_insta = webDriver.findElement(By.xpath("(.//*[normalize-space(text()) and normalize-space(.)="Instagram"])[1]/following::div[1]")): null

2023-10-06 11:42:27 - [TEST_STEP][PASSED] - validationMessage = executeJavaScript("return arguments[0].validationMessage;", Arrays.asList(field_insta)): Execute JavaScript 'return arguments[0].validationMessage;' successfully

2023-10-06 11:42:27 - [MESSAGE][PASSED] - Execute JavaScript 'return arguments[0].validationMessage;' successfully

2023-10-06 11:42:27 - [TEST_STEP][FAILED] - assert validationMessage == "please input username not exceed 50 character": Test Cases/M05 -Edit Sosial Media/TC-ESMF-005 FAILED.
Reason:
Assertion failed: 

assert validationMessage == 'please input username not exceed 50 character'
       |                 |
       null              false

	at TC-ESMF-005.run(TC-ESMF-005:41)
	at com.kms.katalon.core.main.ScriptEngine.run(ScriptEngine.java:194)
	at com.kms.katalon.core.main.ScriptEngine.runScriptAsRawText(ScriptEngine.java:119)
	at com.kms.katalon.core.main.TestCaseExecutor.runScript(TestCaseExecutor.java:448)
	at com.kms.katalon.core.main.TestCaseExecutor.doExecute(TestCaseExecutor.java:439)
	at com.kms.katalon.core.main.TestCaseExecutor.processExecutionPhase(TestCaseExecutor.java:418)
	at com.kms.katalon.core.main.TestCaseExecutor.accessMainPhase(TestCaseExecutor.java:410)
	at com.kms.katalon.core.main.TestCaseExecutor.execute(TestCaseExecutor.java:285)
	at com.kms.katalon.core.common.CommonExecutor.accessTestCaseMainPhase(CommonExecutor.java:65)
	at com.kms.katalon.core.main.TestSuiteExecutor.accessTestSuiteMainPhase(TestSuiteExecutor.java:148)
	at com.kms.katalon.core.main.TestSuiteExecutor.execute(TestSuiteExecutor.java:106)
	at com.kms.katalon.core.main.TestCaseMain.startTestSuite(TestCaseMain.java:187)
	at com.kms.katalon.core.main.TestCaseMain$startTestSuite$0.call(Unknown Source)
	at TempTestSuite1696567025672.run(TempTestSuite1696567025672.groovy:36)


2023-10-06 11:42:27 - [MESSAGE][FAILED] - Test Cases/M05 -Edit Sosial Media/TC-ESMF-005 FAILED.
Reason:
Assertion failed: 

assert validationMessage == 'please input username not exceed 50 character'
       |                 |
       null              false

	at TC-ESMF-005.run(TC-ESMF-005:41)
	at com.kms.katalon.core.main.ScriptEngine.run(ScriptEngine.java:194)
	at com.kms.katalon.core.main.ScriptEngine.runScriptAsRawText(ScriptEngine.java:119)
	at com.kms.katalon.core.main.TestCaseExecutor.runScript(TestCaseExecutor.java:448)
	at com.kms.katalon.core.main.TestCaseExecutor.doExecute(TestCaseExecutor.java:439)
	at com.kms.katalon.core.main.TestCaseExecutor.processExecutionPhase(TestCaseExecutor.java:418)
	at com.kms.katalon.core.main.TestCaseExecutor.accessMainPhase(TestCaseExecutor.java:410)
	at com.kms.katalon.core.main.TestCaseExecutor.execute(TestCaseExecutor.java:285)
	at com.kms.katalon.core.common.CommonExecutor.accessTestCaseMainPhase(CommonExecutor.java:65)
	at com.kms.katalon.core.main.TestSuiteExecutor.accessTestSuiteMainPhase(TestSuiteExecutor.java:148)
	at com.kms.katalon.core.main.TestSuiteExecutor.execute(TestSuiteExecutor.java:106)
	at com.kms.katalon.core.main.TestCaseMain.startTestSuite(TestCaseMain.java:187)
	at com.kms.katalon.core.main.TestCaseMain$startTestSuite$0.call(Unknown Source)
	at TempTestSuite1696567025672.run(TempTestSuite1696567025672.groovy:36)]]></system-out>
         <system-err><![CDATA[2023-10-06 11:42:08 - [TEST_CASE][FAILED] - Test Cases/M05 -Edit Sosial Media/TC-ESMF-005: Test Cases/M05 -Edit Sosial Media/TC-ESMF-005 FAILED.
Reason:
Assertion failed: 

assert validationMessage == 'please input username not exceed 50 character'
       |                 |
       null              false

	at TC-ESMF-005.run(TC-ESMF-005:41)
	at com.kms.katalon.core.main.ScriptEngine.run(ScriptEngine.java:194)
	at com.kms.katalon.core.main.ScriptEngine.runScriptAsRawText(ScriptEngine.java:119)
	at com.kms.katalon.core.main.TestCaseExecutor.runScript(TestCaseExecutor.java:448)
	at com.kms.katalon.core.main.TestCaseExecutor.doExecute(TestCaseExecutor.java:439)
	at com.kms.katalon.core.main.TestCaseExecutor.processExecutionPhase(TestCaseExecutor.java:418)
	at com.kms.katalon.core.main.TestCaseExecutor.accessMainPhase(TestCaseExecutor.java:410)
	at com.kms.katalon.core.main.TestCaseExecutor.execute(TestCaseExecutor.java:285)
	at com.kms.katalon.core.common.CommonExecutor.accessTestCaseMainPhase(CommonExecutor.java:65)
	at com.kms.katalon.core.main.TestSuiteExecutor.accessTestSuiteMainPhase(TestSuiteExecutor.java:148)
	at com.kms.katalon.core.main.TestSuiteExecutor.execute(TestSuiteExecutor.java:106)
	at com.kms.katalon.core.main.TestCaseMain.startTestSuite(TestCaseMain.java:187)
	at com.kms.katalon.core.main.TestCaseMain$startTestSuite$0.call(Unknown Source)
	at TempTestSuite1696567025672.run(TempTestSuite1696567025672.groovy:36)]]></system-err>
      </testcase>
      <testcase name="Test Cases/M05 -Edit Sosial Media/TC-ESMF-006" time="20.708" classname="Test Cases/M05 -Edit Sosial Media/TC-ESMF-006" status="FAILED">
         <failure type="FAILED" message="Test Cases/M05 -Edit Sosial Media/TC-ESMF-006 FAILED.
Reason:
Assertion failed: 

assert error_message == 'Please include an \'+\' at the first place username'
       |             |
       null          false

	at TC-ESMF-006.run(TC-ESMF-006:44)
	at com.kms.katalon.core.main.ScriptEngine.run(ScriptEngine.java:194)
	at com.kms.katalon.core.main.ScriptEngine.runScriptAsRawText(ScriptEngine.java:119)
	at com.kms.katalon.core.main.TestCaseExecutor.runScript(TestCaseExecutor.java:448)
	at com.kms.katalon.core.main.TestCaseExecutor.doExecute(TestCaseExecutor.java:439)
	at com.kms.katalon.core.main.TestCaseExecutor.processExecutionPhase(TestCaseExecutor.java:418)
	at com.kms.katalon.core.main.TestCaseExecutor.accessMainPhase(TestCaseExecutor.java:410)
	at com.kms.katalon.core.main.TestCaseExecutor.execute(TestCaseExecutor.java:285)
	at com.kms.katalon.core.common.CommonExecutor.accessTestCaseMainPhase(CommonExecutor.java:65)
	at com.kms.katalon.core.main.TestSuiteExecutor.accessTestSuiteMainPhase(TestSuiteExecutor.java:148)
	at com.kms.katalon.core.main.TestSuiteExecutor.execute(TestSuiteExecutor.java:106)
	at com.kms.katalon.core.main.TestCaseMain.startTestSuite(TestCaseMain.java:187)
	at com.kms.katalon.core.main.TestCaseMain$startTestSuite$0.call(Unknown Source)
	at TempTestSuite1696567025672.run(TempTestSuite1696567025672.groovy:36)
"/>
         <system-out><![CDATA[2023-10-06 11:42:27 - [TEST_CASE][FAILED] - Test Cases/M05 -Edit Sosial Media/TC-ESMF-006: Test Cases/M05 -Edit Sosial Media/TC-ESMF-006 FAILED.
Reason:
Assertion failed: 

assert error_message == 'Please include an \'+\' at the first place username'
       |             |
       null          false

	at TC-ESMF-006.run(TC-ESMF-006:44)
	at com.kms.katalon.core.main.ScriptEngine.run(ScriptEngine.java:194)
	at com.kms.katalon.core.main.ScriptEngine.runScriptAsRawText(ScriptEngine.java:119)
	at com.kms.katalon.core.main.TestCaseExecutor.runScript(TestCaseExecutor.java:448)
	at com.kms.katalon.core.main.TestCaseExecutor.doExecute(TestCaseExecutor.java:439)
	at com.kms.katalon.core.main.TestCaseExecutor.processExecutionPhase(TestCaseExecutor.java:418)
	at com.kms.katalon.core.main.TestCaseExecutor.accessMainPhase(TestCaseExecutor.java:410)
	at com.kms.katalon.core.main.TestCaseExecutor.execute(TestCaseExecutor.java:285)
	at com.kms.katalon.core.common.CommonExecutor.accessTestCaseMainPhase(CommonExecutor.java:65)
	at com.kms.katalon.core.main.TestSuiteExecutor.accessTestSuiteMainPhase(TestSuiteExecutor.java:148)
	at com.kms.katalon.core.main.TestSuiteExecutor.execute(TestSuiteExecutor.java:106)
	at com.kms.katalon.core.main.TestCaseMain.startTestSuite(TestCaseMain.java:187)
	at com.kms.katalon.core.main.TestCaseMain$startTestSuite$0.call(Unknown Source)
	at TempTestSuite1696567025672.run(TempTestSuite1696567025672.groovy:36)


2023-10-06 11:42:28 - [TEST_STEP][PASSED] - callTestCase(findTestCase("M05 -Edit Sosial Media/TC-LS-001"), [:], STOP_ON_FAILURE): Call Test Case 'Test Cases/M05 -Edit Sosial Media/TC-LS-001' successfully

2023-10-06 11:42:28 - [TEST_CASE][PASSED] - Test Cases/M05 -Edit Sosial Media/TC-LS-001: Test Cases/M05 -Edit Sosial Media/TC-LS-001

2023-10-06 11:42:28 - [TEST_STEP][PASSED] - openBrowser(urlWeb): Browser is opened with url: 'https://10.9.2.63/ecommerce/'

2023-10-06 11:42:28 - [MESSAGE][WARNING] - A browser is already opened. Closing browser and opening a new one

2023-10-06 11:42:29 - [MESSAGE][INFO] - Starting 'Edge Chromium' driver

2023-10-06 11:42:29 - [MESSAGE][INFO] - User set preference: ['acceptInsecureCerts', 'true']

2023-10-06 11:42:31 - [MESSAGE][INFO] - Action delay is set to 0 milliseconds

2023-10-06 11:42:36 - [MESSAGE][PASSED] - Browser is opened with url: 'https://10.9.2.63/ecommerce/'

2023-10-06 11:42:36 - [TEST_STEP][PASSED] - maximizeWindow(): Current window maximized

2023-10-06 11:42:36 - [MESSAGE][PASSED] - Current window maximized

2023-10-06 11:42:36 - [TEST_STEP][PASSED] - click(findTestObject("Login/a_Login")): Object: 'Object Repository/Login/a_Login' is clicked on

2023-10-06 11:42:37 - [MESSAGE][PASSED] - Object: 'Object Repository/Login/a_Login' is clicked on

2023-10-06 11:42:37 - [TEST_STEP][PASSED] - setText(findTestObject("Login/input_Username, Email atau No. Handphone_a"), "runa36"): Text 'runa36' is set on object 'Object Repository/Login/input_Username, Email atau No. Handphone_a'

2023-10-06 11:42:38 - [MESSAGE][PASSED] - Text 'runa36' is set on object 'Object Repository/Login/input_Username, Email atau No. Handphone_a'

2023-10-06 11:42:38 - [TEST_STEP][PASSED] - setEncryptedText(findTestObject("Login/input_Password di Login(Masuk)"), "qbkrdMwyWE4="): Text ****** has been set on object 'Object Repository/Login/input_Password di Login(Masuk)'

2023-10-06 11:42:39 - [MESSAGE][PASSED] - Text ****** has been set on object 'Object Repository/Login/input_Password di Login(Masuk)'

2023-10-06 11:42:39 - [TEST_STEP][PASSED] - click(findTestObject("Login/button_Masuk di halaman login")): Object: 'Object Repository/Login/button_Masuk di halaman login' is clicked on

2023-10-06 11:42:41 - [MESSAGE][PASSED] - Object: 'Object Repository/Login/button_Masuk di halaman login' is clicked on

2023-10-06 11:42:41 - [TEST_STEP][PASSED] - verifyElementPresent(findTestObject("edit sosial media/verifikasi masuk halaman biodata diri"), 0): Object 'Object Repository/edit sosial media/verifikasi masuk halaman biodata diri' is present

2023-10-06 11:42:41 - [MESSAGE][WARNING] - Timeout '0' is invalid. Using default page load timeout: '30'

2023-10-06 11:42:41 - [MESSAGE][PASSED] - Object 'Object Repository/edit sosial media/verifikasi masuk halaman biodata diri' is present

2023-10-06 11:42:41 - [MESSAGE][PASSED] - Call Test Case 'Test Cases/M05 -Edit Sosial Media/TC-LS-001' successfully

2023-10-06 11:42:41 - [TEST_STEP][PASSED] - click(findTestObject("edit sosial media/a_Sosmed")): Object: 'Object Repository/edit sosial media/a_Sosmed' is clicked on

2023-10-06 11:42:42 - [MESSAGE][PASSED] - Object: 'Object Repository/edit sosial media/a_Sosmed' is clicked on

2023-10-06 11:42:42 - [TEST_STEP][PASSED] - click(findTestObject("edit sosial media/Edit Sosial Media")): Object: 'Object Repository/edit sosial media/Edit Sosial Media' is clicked on

2023-10-06 11:42:44 - [MESSAGE][PASSED] - Object: 'Object Repository/edit sosial media/Edit Sosial Media' is clicked on

2023-10-06 11:42:44 - [TEST_STEP][PASSED] - clearText(findTestObject("edit sosial media/input_Google_h")): Text of object 'Object Repository/edit sosial media/input_Google_h' is cleared

2023-10-06 11:42:45 - [MESSAGE][PASSED] - Text of object 'Object Repository/edit sosial media/input_Google_h' is cleared

2023-10-06 11:42:45 - [TEST_STEP][PASSED] - setText(findTestObject("edit sosial media/input_Google_h"), Google): Text 'Runaya' is set on object 'Object Repository/edit sosial media/input_Google_h'

2023-10-06 11:42:46 - [MESSAGE][PASSED] - Text 'Runaya' is set on object 'Object Repository/edit sosial media/input_Google_h'

2023-10-06 11:42:46 - [TEST_STEP][PASSED] - click(findTestObject("edit sosial media/center_Simpan Sosial Media")): Object: 'Object Repository/edit sosial media/center_Simpan Sosial Media' is clicked on

2023-10-06 11:42:47 - [MESSAGE][PASSED] - Object: 'Object Repository/edit sosial media/center_Simpan Sosial Media' is clicked on

2023-10-06 11:42:47 - [TEST_STEP][PASSED] - webDriver = getWebDriver(): null

2023-10-06 11:42:47 - [TEST_STEP][PASSED] - field_google = webDriver.findElement(By.xpath("(.//*[normalize-space(text()) and normalize-space(.)="Google+"])[1]/following::div[1]")): null

2023-10-06 11:42:48 - [TEST_STEP][PASSED] - error_message = webDriver.executeScript("return arguments[0].validationMessage", field_google): null

2023-10-06 11:42:48 - [TEST_STEP][PASSED] - println(error_message): null

2023-10-06 11:42:48 - [TEST_STEP][FAILED] - assert error_message == "Please include an '+' at the first place username": Test Cases/M05 -Edit Sosial Media/TC-ESMF-006 FAILED.
Reason:
Assertion failed: 

assert error_message == 'Please include an \'+\' at the first place username'
       |             |
       null          false

	at TC-ESMF-006.run(TC-ESMF-006:44)
	at com.kms.katalon.core.main.ScriptEngine.run(ScriptEngine.java:194)
	at com.kms.katalon.core.main.ScriptEngine.runScriptAsRawText(ScriptEngine.java:119)
	at com.kms.katalon.core.main.TestCaseExecutor.runScript(TestCaseExecutor.java:448)
	at com.kms.katalon.core.main.TestCaseExecutor.doExecute(TestCaseExecutor.java:439)
	at com.kms.katalon.core.main.TestCaseExecutor.processExecutionPhase(TestCaseExecutor.java:418)
	at com.kms.katalon.core.main.TestCaseExecutor.accessMainPhase(TestCaseExecutor.java:410)
	at com.kms.katalon.core.main.TestCaseExecutor.execute(TestCaseExecutor.java:285)
	at com.kms.katalon.core.common.CommonExecutor.accessTestCaseMainPhase(CommonExecutor.java:65)
	at com.kms.katalon.core.main.TestSuiteExecutor.accessTestSuiteMainPhase(TestSuiteExecutor.java:148)
	at com.kms.katalon.core.main.TestSuiteExecutor.execute(TestSuiteExecutor.java:106)
	at com.kms.katalon.core.main.TestCaseMain.startTestSuite(TestCaseMain.java:187)
	at com.kms.katalon.core.main.TestCaseMain$startTestSuite$0.call(Unknown Source)
	at TempTestSuite1696567025672.run(TempTestSuite1696567025672.groovy:36)


2023-10-06 11:42:48 - [MESSAGE][FAILED] - Test Cases/M05 -Edit Sosial Media/TC-ESMF-006 FAILED.
Reason:
Assertion failed: 

assert error_message == 'Please include an \'+\' at the first place username'
       |             |
       null          false

	at TC-ESMF-006.run(TC-ESMF-006:44)
	at com.kms.katalon.core.main.ScriptEngine.run(ScriptEngine.java:194)
	at com.kms.katalon.core.main.ScriptEngine.runScriptAsRawText(ScriptEngine.java:119)
	at com.kms.katalon.core.main.TestCaseExecutor.runScript(TestCaseExecutor.java:448)
	at com.kms.katalon.core.main.TestCaseExecutor.doExecute(TestCaseExecutor.java:439)
	at com.kms.katalon.core.main.TestCaseExecutor.processExecutionPhase(TestCaseExecutor.java:418)
	at com.kms.katalon.core.main.TestCaseExecutor.accessMainPhase(TestCaseExecutor.java:410)
	at com.kms.katalon.core.main.TestCaseExecutor.execute(TestCaseExecutor.java:285)
	at com.kms.katalon.core.common.CommonExecutor.accessTestCaseMainPhase(CommonExecutor.java:65)
	at com.kms.katalon.core.main.TestSuiteExecutor.accessTestSuiteMainPhase(TestSuiteExecutor.java:148)
	at com.kms.katalon.core.main.TestSuiteExecutor.execute(TestSuiteExecutor.java:106)
	at com.kms.katalon.core.main.TestCaseMain.startTestSuite(TestCaseMain.java:187)
	at com.kms.katalon.core.main.TestCaseMain$startTestSuite$0.call(Unknown Source)
	at TempTestSuite1696567025672.run(TempTestSuite1696567025672.groovy:36)]]></system-out>
         <system-err><![CDATA[2023-10-06 11:42:27 - [TEST_CASE][FAILED] - Test Cases/M05 -Edit Sosial Media/TC-ESMF-006: Test Cases/M05 -Edit Sosial Media/TC-ESMF-006 FAILED.
Reason:
Assertion failed: 

assert error_message == 'Please include an \'+\' at the first place username'
       |             |
       null          false

	at TC-ESMF-006.run(TC-ESMF-006:44)
	at com.kms.katalon.core.main.ScriptEngine.run(ScriptEngine.java:194)
	at com.kms.katalon.core.main.ScriptEngine.runScriptAsRawText(ScriptEngine.java:119)
	at com.kms.katalon.core.main.TestCaseExecutor.runScript(TestCaseExecutor.java:448)
	at com.kms.katalon.core.main.TestCaseExecutor.doExecute(TestCaseExecutor.java:439)
	at com.kms.katalon.core.main.TestCaseExecutor.processExecutionPhase(TestCaseExecutor.java:418)
	at com.kms.katalon.core.main.TestCaseExecutor.accessMainPhase(TestCaseExecutor.java:410)
	at com.kms.katalon.core.main.TestCaseExecutor.execute(TestCaseExecutor.java:285)
	at com.kms.katalon.core.common.CommonExecutor.accessTestCaseMainPhase(CommonExecutor.java:65)
	at com.kms.katalon.core.main.TestSuiteExecutor.accessTestSuiteMainPhase(TestSuiteExecutor.java:148)
	at com.kms.katalon.core.main.TestSuiteExecutor.execute(TestSuiteExecutor.java:106)
	at com.kms.katalon.core.main.TestCaseMain.startTestSuite(TestCaseMain.java:187)
	at com.kms.katalon.core.main.TestCaseMain$startTestSuite$0.call(Unknown Source)
	at TempTestSuite1696567025672.run(TempTestSuite1696567025672.groovy:36)]]></system-err>
      </testcase>
      <testcase name="Test Cases/M05 -Edit Sosial Media/TC-ESMF-007" time="18.391" classname="Test Cases/M05 -Edit Sosial Media/TC-ESMF-007" status="FAILED">
         <failure type="FAILED" message="Test Cases/M05 -Edit Sosial Media/TC-ESMF-007 FAILED.
Reason:
Assertion failed: 

assert error_message == 'Please input an valid phone number'
       |             |
       null          false

	at TC-ESMF-007.run(TC-ESMF-007:45)
	at com.kms.katalon.core.main.ScriptEngine.run(ScriptEngine.java:194)
	at com.kms.katalon.core.main.ScriptEngine.runScriptAsRawText(ScriptEngine.java:119)
	at com.kms.katalon.core.main.TestCaseExecutor.runScript(TestCaseExecutor.java:448)
	at com.kms.katalon.core.main.TestCaseExecutor.doExecute(TestCaseExecutor.java:439)
	at com.kms.katalon.core.main.TestCaseExecutor.processExecutionPhase(TestCaseExecutor.java:418)
	at com.kms.katalon.core.main.TestCaseExecutor.accessMainPhase(TestCaseExecutor.java:410)
	at com.kms.katalon.core.main.TestCaseExecutor.execute(TestCaseExecutor.java:285)
	at com.kms.katalon.core.common.CommonExecutor.accessTestCaseMainPhase(CommonExecutor.java:65)
	at com.kms.katalon.core.main.TestSuiteExecutor.accessTestSuiteMainPhase(TestSuiteExecutor.java:148)
	at com.kms.katalon.core.main.TestSuiteExecutor.execute(TestSuiteExecutor.java:106)
	at com.kms.katalon.core.main.TestCaseMain.startTestSuite(TestCaseMain.java:187)
	at com.kms.katalon.core.main.TestCaseMain$startTestSuite$0.call(Unknown Source)
	at TempTestSuite1696567025672.run(TempTestSuite1696567025672.groovy:36)
"/>
         <system-out><![CDATA[2023-10-06 11:42:48 - [TEST_CASE][FAILED] - Test Cases/M05 -Edit Sosial Media/TC-ESMF-007: Test Cases/M05 -Edit Sosial Media/TC-ESMF-007 FAILED.
Reason:
Assertion failed: 

assert error_message == 'Please input an valid phone number'
       |             |
       null          false

	at TC-ESMF-007.run(TC-ESMF-007:45)
	at com.kms.katalon.core.main.ScriptEngine.run(ScriptEngine.java:194)
	at com.kms.katalon.core.main.ScriptEngine.runScriptAsRawText(ScriptEngine.java:119)
	at com.kms.katalon.core.main.TestCaseExecutor.runScript(TestCaseExecutor.java:448)
	at com.kms.katalon.core.main.TestCaseExecutor.doExecute(TestCaseExecutor.java:439)
	at com.kms.katalon.core.main.TestCaseExecutor.processExecutionPhase(TestCaseExecutor.java:418)
	at com.kms.katalon.core.main.TestCaseExecutor.accessMainPhase(TestCaseExecutor.java:410)
	at com.kms.katalon.core.main.TestCaseExecutor.execute(TestCaseExecutor.java:285)
	at com.kms.katalon.core.common.CommonExecutor.accessTestCaseMainPhase(CommonExecutor.java:65)
	at com.kms.katalon.core.main.TestSuiteExecutor.accessTestSuiteMainPhase(TestSuiteExecutor.java:148)
	at com.kms.katalon.core.main.TestSuiteExecutor.execute(TestSuiteExecutor.java:106)
	at com.kms.katalon.core.main.TestCaseMain.startTestSuite(TestCaseMain.java:187)
	at com.kms.katalon.core.main.TestCaseMain$startTestSuite$0.call(Unknown Source)
	at TempTestSuite1696567025672.run(TempTestSuite1696567025672.groovy:36)


2023-10-06 11:42:49 - [TEST_STEP][PASSED] - callTestCase(findTestCase("M05 -Edit Sosial Media/TC-LS-001"), [:], STOP_ON_FAILURE): Call Test Case 'Test Cases/M05 -Edit Sosial Media/TC-LS-001' successfully

2023-10-06 11:42:49 - [TEST_CASE][PASSED] - Test Cases/M05 -Edit Sosial Media/TC-LS-001: Test Cases/M05 -Edit Sosial Media/TC-LS-001

2023-10-06 11:42:49 - [TEST_STEP][PASSED] - openBrowser(urlWeb): Browser is opened with url: 'https://10.9.2.63/ecommerce/'

2023-10-06 11:42:49 - [MESSAGE][WARNING] - A browser is already opened. Closing browser and opening a new one

2023-10-06 11:42:50 - [MESSAGE][INFO] - Starting 'Edge Chromium' driver

2023-10-06 11:42:50 - [MESSAGE][INFO] - User set preference: ['acceptInsecureCerts', 'true']

2023-10-06 11:42:52 - [MESSAGE][INFO] - Action delay is set to 0 milliseconds

2023-10-06 11:42:55 - [MESSAGE][PASSED] - Browser is opened with url: 'https://10.9.2.63/ecommerce/'

2023-10-06 11:42:55 - [TEST_STEP][PASSED] - maximizeWindow(): Current window maximized

2023-10-06 11:42:55 - [MESSAGE][PASSED] - Current window maximized

2023-10-06 11:42:55 - [TEST_STEP][PASSED] - click(findTestObject("Login/a_Login")): Object: 'Object Repository/Login/a_Login' is clicked on

2023-10-06 11:42:56 - [MESSAGE][PASSED] - Object: 'Object Repository/Login/a_Login' is clicked on

2023-10-06 11:42:56 - [TEST_STEP][PASSED] - setText(findTestObject("Login/input_Username, Email atau No. Handphone_a"), "runa36"): Text 'runa36' is set on object 'Object Repository/Login/input_Username, Email atau No. Handphone_a'

2023-10-06 11:42:57 - [MESSAGE][PASSED] - Text 'runa36' is set on object 'Object Repository/Login/input_Username, Email atau No. Handphone_a'

2023-10-06 11:42:57 - [TEST_STEP][PASSED] - setEncryptedText(findTestObject("Login/input_Password di Login(Masuk)"), "qbkrdMwyWE4="): Text ****** has been set on object 'Object Repository/Login/input_Password di Login(Masuk)'

2023-10-06 11:42:58 - [MESSAGE][PASSED] - Text ****** has been set on object 'Object Repository/Login/input_Password di Login(Masuk)'

2023-10-06 11:42:58 - [TEST_STEP][PASSED] - click(findTestObject("Login/button_Masuk di halaman login")): Object: 'Object Repository/Login/button_Masuk di halaman login' is clicked on

2023-10-06 11:42:59 - [MESSAGE][PASSED] - Object: 'Object Repository/Login/button_Masuk di halaman login' is clicked on

2023-10-06 11:42:59 - [TEST_STEP][PASSED] - verifyElementPresent(findTestObject("edit sosial media/verifikasi masuk halaman biodata diri"), 0): Object 'Object Repository/edit sosial media/verifikasi masuk halaman biodata diri' is present

2023-10-06 11:42:59 - [MESSAGE][WARNING] - Timeout '0' is invalid. Using default page load timeout: '30'

2023-10-06 11:43:00 - [MESSAGE][PASSED] - Object 'Object Repository/edit sosial media/verifikasi masuk halaman biodata diri' is present

2023-10-06 11:43:00 - [MESSAGE][PASSED] - Call Test Case 'Test Cases/M05 -Edit Sosial Media/TC-LS-001' successfully

2023-10-06 11:43:00 - [TEST_STEP][PASSED] - click(findTestObject("edit sosial media/a_Sosmed")): Object: 'Object Repository/edit sosial media/a_Sosmed' is clicked on

2023-10-06 11:43:01 - [MESSAGE][PASSED] - Object: 'Object Repository/edit sosial media/a_Sosmed' is clicked on

2023-10-06 11:43:01 - [TEST_STEP][PASSED] - click(findTestObject("edit sosial media/Edit Sosial Media")): Object: 'Object Repository/edit sosial media/Edit Sosial Media' is clicked on

2023-10-06 11:43:02 - [MESSAGE][PASSED] - Object: 'Object Repository/edit sosial media/Edit Sosial Media' is clicked on

2023-10-06 11:43:02 - [TEST_STEP][PASSED] - clearText(findTestObject("edit sosial media/input_Whatsapp_d")): Text of object 'Object Repository/edit sosial media/input_Whatsapp_d' is cleared

2023-10-06 11:43:03 - [MESSAGE][PASSED] - Text of object 'Object Repository/edit sosial media/input_Whatsapp_d' is cleared

2023-10-06 11:43:03 - [TEST_STEP][PASSED] - setText(findTestObject("edit sosial media/input_Whatsapp_d"), Whatsapp): Text '085944999968' is set on object 'Object Repository/edit sosial media/input_Whatsapp_d'

2023-10-06 11:43:04 - [MESSAGE][PASSED] - Text '085944999968' is set on object 'Object Repository/edit sosial media/input_Whatsapp_d'

2023-10-06 11:43:04 - [TEST_STEP][PASSED] - click(findTestObject("edit sosial media/center_Simpan Sosial Media")): Object: 'Object Repository/edit sosial media/center_Simpan Sosial Media' is clicked on

2023-10-06 11:43:05 - [MESSAGE][PASSED] - Object: 'Object Repository/edit sosial media/center_Simpan Sosial Media' is clicked on

2023-10-06 11:43:05 - [TEST_STEP][PASSED] - webDriver = getWebDriver(): null

2023-10-06 11:43:05 - [TEST_STEP][PASSED] - field_wa = webDriver.findElement(By.xpath("(.//*[normalize-space(text()) and normalize-space(.)="Whatsapp"])[1]/following::div[1]")): null

2023-10-06 11:43:06 - [TEST_STEP][PASSED] - error_message = webDriver.executeScript("return arguments[0].validationMessage", field_wa): null

2023-10-06 11:43:06 - [TEST_STEP][PASSED] - println(error_message): null

2023-10-06 11:43:06 - [TEST_STEP][FAILED] - assert error_message == "Please input an valid phone number": Test Cases/M05 -Edit Sosial Media/TC-ESMF-007 FAILED.
Reason:
Assertion failed: 

assert error_message == 'Please input an valid phone number'
       |             |
       null          false

	at TC-ESMF-007.run(TC-ESMF-007:45)
	at com.kms.katalon.core.main.ScriptEngine.run(ScriptEngine.java:194)
	at com.kms.katalon.core.main.ScriptEngine.runScriptAsRawText(ScriptEngine.java:119)
	at com.kms.katalon.core.main.TestCaseExecutor.runScript(TestCaseExecutor.java:448)
	at com.kms.katalon.core.main.TestCaseExecutor.doExecute(TestCaseExecutor.java:439)
	at com.kms.katalon.core.main.TestCaseExecutor.processExecutionPhase(TestCaseExecutor.java:418)
	at com.kms.katalon.core.main.TestCaseExecutor.accessMainPhase(TestCaseExecutor.java:410)
	at com.kms.katalon.core.main.TestCaseExecutor.execute(TestCaseExecutor.java:285)
	at com.kms.katalon.core.common.CommonExecutor.accessTestCaseMainPhase(CommonExecutor.java:65)
	at com.kms.katalon.core.main.TestSuiteExecutor.accessTestSuiteMainPhase(TestSuiteExecutor.java:148)
	at com.kms.katalon.core.main.TestSuiteExecutor.execute(TestSuiteExecutor.java:106)
	at com.kms.katalon.core.main.TestCaseMain.startTestSuite(TestCaseMain.java:187)
	at com.kms.katalon.core.main.TestCaseMain$startTestSuite$0.call(Unknown Source)
	at TempTestSuite1696567025672.run(TempTestSuite1696567025672.groovy:36)


2023-10-06 11:43:06 - [MESSAGE][FAILED] - Test Cases/M05 -Edit Sosial Media/TC-ESMF-007 FAILED.
Reason:
Assertion failed: 

assert error_message == 'Please input an valid phone number'
       |             |
       null          false

	at TC-ESMF-007.run(TC-ESMF-007:45)
	at com.kms.katalon.core.main.ScriptEngine.run(ScriptEngine.java:194)
	at com.kms.katalon.core.main.ScriptEngine.runScriptAsRawText(ScriptEngine.java:119)
	at com.kms.katalon.core.main.TestCaseExecutor.runScript(TestCaseExecutor.java:448)
	at com.kms.katalon.core.main.TestCaseExecutor.doExecute(TestCaseExecutor.java:439)
	at com.kms.katalon.core.main.TestCaseExecutor.processExecutionPhase(TestCaseExecutor.java:418)
	at com.kms.katalon.core.main.TestCaseExecutor.accessMainPhase(TestCaseExecutor.java:410)
	at com.kms.katalon.core.main.TestCaseExecutor.execute(TestCaseExecutor.java:285)
	at com.kms.katalon.core.common.CommonExecutor.accessTestCaseMainPhase(CommonExecutor.java:65)
	at com.kms.katalon.core.main.TestSuiteExecutor.accessTestSuiteMainPhase(TestSuiteExecutor.java:148)
	at com.kms.katalon.core.main.TestSuiteExecutor.execute(TestSuiteExecutor.java:106)
	at com.kms.katalon.core.main.TestCaseMain.startTestSuite(TestCaseMain.java:187)
	at com.kms.katalon.core.main.TestCaseMain$startTestSuite$0.call(Unknown Source)
	at TempTestSuite1696567025672.run(TempTestSuite1696567025672.groovy:36)]]></system-out>
         <system-err><![CDATA[2023-10-06 11:42:48 - [TEST_CASE][FAILED] - Test Cases/M05 -Edit Sosial Media/TC-ESMF-007: Test Cases/M05 -Edit Sosial Media/TC-ESMF-007 FAILED.
Reason:
Assertion failed: 

assert error_message == 'Please input an valid phone number'
       |             |
       null          false

	at TC-ESMF-007.run(TC-ESMF-007:45)
	at com.kms.katalon.core.main.ScriptEngine.run(ScriptEngine.java:194)
	at com.kms.katalon.core.main.ScriptEngine.runScriptAsRawText(ScriptEngine.java:119)
	at com.kms.katalon.core.main.TestCaseExecutor.runScript(TestCaseExecutor.java:448)
	at com.kms.katalon.core.main.TestCaseExecutor.doExecute(TestCaseExecutor.java:439)
	at com.kms.katalon.core.main.TestCaseExecutor.processExecutionPhase(TestCaseExecutor.java:418)
	at com.kms.katalon.core.main.TestCaseExecutor.accessMainPhase(TestCaseExecutor.java:410)
	at com.kms.katalon.core.main.TestCaseExecutor.execute(TestCaseExecutor.java:285)
	at com.kms.katalon.core.common.CommonExecutor.accessTestCaseMainPhase(CommonExecutor.java:65)
	at com.kms.katalon.core.main.TestSuiteExecutor.accessTestSuiteMainPhase(TestSuiteExecutor.java:148)
	at com.kms.katalon.core.main.TestSuiteExecutor.execute(TestSuiteExecutor.java:106)
	at com.kms.katalon.core.main.TestCaseMain.startTestSuite(TestCaseMain.java:187)
	at com.kms.katalon.core.main.TestCaseMain$startTestSuite$0.call(Unknown Source)
	at TempTestSuite1696567025672.run(TempTestSuite1696567025672.groovy:36)]]></system-err>
      </testcase>
      <testcase name="Test Cases/M05 -Edit Sosial Media/TC-ESMF-008" time="20.884" classname="Test Cases/M05 -Edit Sosial Media/TC-ESMF-008" status="FAILED">
         <failure type="FAILED" message="Test Cases/M05 -Edit Sosial Media/TC-ESMF-008 FAILED.
Reason:
com.kms.katalon.core.exception.StepFailedException: Unable to verify text 'please input an valid number' is present 
	at com.kms.katalon.core.webui.keyword.internal.WebUIKeywordMain.stepFailed(WebUIKeywordMain.groovy:64)
	at com.kms.katalon.core.webui.keyword.internal.WebUIKeywordMain.runKeyword(WebUIKeywordMain.groovy:26)
	at com.kms.katalon.core.webui.keyword.builtin.VerifyTextPresentKeyword.verifyTextPresent(VerifyTextPresentKeyword.groovy:83)
	at com.kms.katalon.core.webui.keyword.builtin.VerifyTextPresentKeyword.execute(VerifyTextPresentKeyword.groovy:68)
	at com.kms.katalon.core.keyword.internal.KeywordExecutor.executeKeywordForPlatform(KeywordExecutor.groovy:74)
	at com.kms.katalon.core.webui.keyword.WebUiBuiltInKeywords.verifyTextPresent(WebUiBuiltInKeywords.groovy:1723)
	at com.kms.katalon.core.webui.keyword.WebUiBuiltInKeywords$verifyTextPresent$9.call(Unknown Source)
	at TC-ESMF-008.run(TC-ESMF-008:34)
	at com.kms.katalon.core.main.ScriptEngine.run(ScriptEngine.java:194)
	at com.kms.katalon.core.main.ScriptEngine.runScriptAsRawText(ScriptEngine.java:119)
	at com.kms.katalon.core.main.TestCaseExecutor.runScript(TestCaseExecutor.java:448)
	at com.kms.katalon.core.main.TestCaseExecutor.doExecute(TestCaseExecutor.java:439)
	at com.kms.katalon.core.main.TestCaseExecutor.processExecutionPhase(TestCaseExecutor.java:418)
	at com.kms.katalon.core.main.TestCaseExecutor.accessMainPhase(TestCaseExecutor.java:410)
	at com.kms.katalon.core.main.TestCaseExecutor.execute(TestCaseExecutor.java:285)
	at com.kms.katalon.core.common.CommonExecutor.accessTestCaseMainPhase(CommonExecutor.java:65)
	at com.kms.katalon.core.main.TestSuiteExecutor.accessTestSuiteMainPhase(TestSuiteExecutor.java:148)
	at com.kms.katalon.core.main.TestSuiteExecutor.execute(TestSuiteExecutor.java:106)
	at com.kms.katalon.core.main.TestCaseMain.startTestSuite(TestCaseMain.java:187)
	at com.kms.katalon.core.main.TestCaseMain$startTestSuite$0.call(Unknown Source)
	at TempTestSuite1696567025672.run(TempTestSuite1696567025672.groovy:36)
Caused by: com.kms.katalon.core.exception.StepFailedException: Text 'please input an valid number' is not present on page 
	at com.kms.katalon.core.webui.keyword.internal.WebUIKeywordMain.stepFailed(WebUIKeywordMain.groovy:64)
	at com.kms.katalon.core.webui.keyword.builtin.VerifyTextPresentKeyword$_verifyTextPresent_closure1.doCall(VerifyTextPresentKeyword.groovy:79)
	at com.kms.katalon.core.webui.keyword.builtin.VerifyTextPresentKeyword$_verifyTextPresent_closure1.call(VerifyTextPresentKeyword.groovy)
	at com.kms.katalon.core.webui.keyword.internal.WebUIKeywordMain.runKeyword(WebUIKeywordMain.groovy:20)
	... 19 more
"/>
         <system-out><![CDATA[2023-10-06 11:43:06 - [TEST_CASE][FAILED] - Test Cases/M05 -Edit Sosial Media/TC-ESMF-008: Test Cases/M05 -Edit Sosial Media/TC-ESMF-008 FAILED.
Reason:
com.kms.katalon.core.exception.StepFailedException: Unable to verify text 'please input an valid number' is present 
	at com.kms.katalon.core.webui.keyword.internal.WebUIKeywordMain.stepFailed(WebUIKeywordMain.groovy:64)
	at com.kms.katalon.core.webui.keyword.internal.WebUIKeywordMain.runKeyword(WebUIKeywordMain.groovy:26)
	at com.kms.katalon.core.webui.keyword.builtin.VerifyTextPresentKeyword.verifyTextPresent(VerifyTextPresentKeyword.groovy:83)
	at com.kms.katalon.core.webui.keyword.builtin.VerifyTextPresentKeyword.execute(VerifyTextPresentKeyword.groovy:68)
	at com.kms.katalon.core.keyword.internal.KeywordExecutor.executeKeywordForPlatform(KeywordExecutor.groovy:74)
	at com.kms.katalon.core.webui.keyword.WebUiBuiltInKeywords.verifyTextPresent(WebUiBuiltInKeywords.groovy:1723)
	at com.kms.katalon.core.webui.keyword.WebUiBuiltInKeywords$verifyTextPresent$9.call(Unknown Source)
	at TC-ESMF-008.run(TC-ESMF-008:34)
	at com.kms.katalon.core.main.ScriptEngine.run(ScriptEngine.java:194)
	at com.kms.katalon.core.main.ScriptEngine.runScriptAsRawText(ScriptEngine.java:119)
	at com.kms.katalon.core.main.TestCaseExecutor.runScript(TestCaseExecutor.java:448)
	at com.kms.katalon.core.main.TestCaseExecutor.doExecute(TestCaseExecutor.java:439)
	at com.kms.katalon.core.main.TestCaseExecutor.processExecutionPhase(TestCaseExecutor.java:418)
	at com.kms.katalon.core.main.TestCaseExecutor.accessMainPhase(TestCaseExecutor.java:410)
	at com.kms.katalon.core.main.TestCaseExecutor.execute(TestCaseExecutor.java:285)
	at com.kms.katalon.core.common.CommonExecutor.accessTestCaseMainPhase(CommonExecutor.java:65)
	at com.kms.katalon.core.main.TestSuiteExecutor.accessTestSuiteMainPhase(TestSuiteExecutor.java:148)
	at com.kms.katalon.core.main.TestSuiteExecutor.execute(TestSuiteExecutor.java:106)
	at com.kms.katalon.core.main.TestCaseMain.startTestSuite(TestCaseMain.java:187)
	at com.kms.katalon.core.main.TestCaseMain$startTestSuite$0.call(Unknown Source)
	at TempTestSuite1696567025672.run(TempTestSuite1696567025672.groovy:36)
Caused by: com.kms.katalon.core.exception.StepFailedException: Text 'please input an valid number' is not present on page 
	at com.kms.katalon.core.webui.keyword.internal.WebUIKeywordMain.stepFailed(WebUIKeywordMain.groovy:64)
	at com.kms.katalon.core.webui.keyword.builtin.VerifyTextPresentKeyword$_verifyTextPresent_closure1.doCall(VerifyTextPresentKeyword.groovy:79)
	at com.kms.katalon.core.webui.keyword.builtin.VerifyTextPresentKeyword$_verifyTextPresent_closure1.call(VerifyTextPresentKeyword.groovy)
	at com.kms.katalon.core.webui.keyword.internal.WebUIKeywordMain.runKeyword(WebUIKeywordMain.groovy:20)
	... 19 more


2023-10-06 11:43:07 - [TEST_STEP][PASSED] - callTestCase(findTestCase("M05 -Edit Sosial Media/TC-LS-001"), [:], STOP_ON_FAILURE): Call Test Case 'Test Cases/M05 -Edit Sosial Media/TC-LS-001' successfully

2023-10-06 11:43:07 - [TEST_CASE][PASSED] - Test Cases/M05 -Edit Sosial Media/TC-LS-001: Test Cases/M05 -Edit Sosial Media/TC-LS-001

2023-10-06 11:43:07 - [TEST_STEP][PASSED] - openBrowser(urlWeb): Browser is opened with url: 'https://10.9.2.63/ecommerce/'

2023-10-06 11:43:07 - [MESSAGE][WARNING] - A browser is already opened. Closing browser and opening a new one

2023-10-06 11:43:08 - [MESSAGE][INFO] - Starting 'Edge Chromium' driver

2023-10-06 11:43:08 - [MESSAGE][INFO] - User set preference: ['acceptInsecureCerts', 'true']

2023-10-06 11:43:10 - [MESSAGE][INFO] - Action delay is set to 0 milliseconds

2023-10-06 11:43:14 - [MESSAGE][PASSED] - Browser is opened with url: 'https://10.9.2.63/ecommerce/'

2023-10-06 11:43:14 - [TEST_STEP][PASSED] - maximizeWindow(): Current window maximized

2023-10-06 11:43:14 - [MESSAGE][PASSED] - Current window maximized

2023-10-06 11:43:14 - [TEST_STEP][PASSED] - click(findTestObject("Login/a_Login")): Object: 'Object Repository/Login/a_Login' is clicked on

2023-10-06 11:43:15 - [MESSAGE][PASSED] - Object: 'Object Repository/Login/a_Login' is clicked on

2023-10-06 11:43:15 - [TEST_STEP][PASSED] - setText(findTestObject("Login/input_Username, Email atau No. Handphone_a"), "runa36"): Text 'runa36' is set on object 'Object Repository/Login/input_Username, Email atau No. Handphone_a'

2023-10-06 11:43:17 - [MESSAGE][PASSED] - Text 'runa36' is set on object 'Object Repository/Login/input_Username, Email atau No. Handphone_a'

2023-10-06 11:43:17 - [TEST_STEP][PASSED] - setEncryptedText(findTestObject("Login/input_Password di Login(Masuk)"), "qbkrdMwyWE4="): Text ****** has been set on object 'Object Repository/Login/input_Password di Login(Masuk)'

2023-10-06 11:43:18 - [MESSAGE][PASSED] - Text ****** has been set on object 'Object Repository/Login/input_Password di Login(Masuk)'

2023-10-06 11:43:18 - [TEST_STEP][PASSED] - click(findTestObject("Login/button_Masuk di halaman login")): Object: 'Object Repository/Login/button_Masuk di halaman login' is clicked on

2023-10-06 11:43:19 - [MESSAGE][PASSED] - Object: 'Object Repository/Login/button_Masuk di halaman login' is clicked on

2023-10-06 11:43:19 - [TEST_STEP][PASSED] - verifyElementPresent(findTestObject("edit sosial media/verifikasi masuk halaman biodata diri"), 0): Object 'Object Repository/edit sosial media/verifikasi masuk halaman biodata diri' is present

2023-10-06 11:43:19 - [MESSAGE][WARNING] - Timeout '0' is invalid. Using default page load timeout: '30'

2023-10-06 11:43:20 - [MESSAGE][PASSED] - Object 'Object Repository/edit sosial media/verifikasi masuk halaman biodata diri' is present

2023-10-06 11:43:20 - [MESSAGE][PASSED] - Call Test Case 'Test Cases/M05 -Edit Sosial Media/TC-LS-001' successfully

2023-10-06 11:43:20 - [TEST_STEP][PASSED] - verifyElementPresent(findTestObject("edit sosial media/verifikasi masuk halaman biodata diri"), 0): Object 'Object Repository/edit sosial media/verifikasi masuk halaman biodata diri' is present

2023-10-06 11:43:20 - [MESSAGE][WARNING] - Timeout '0' is invalid. Using default page load timeout: '30'

2023-10-06 11:43:20 - [MESSAGE][PASSED] - Object 'Object Repository/edit sosial media/verifikasi masuk halaman biodata diri' is present

2023-10-06 11:43:20 - [TEST_STEP][PASSED] - click(findTestObject("edit sosial media/a_Sosmed")): Object: 'Object Repository/edit sosial media/a_Sosmed' is clicked on

2023-10-06 11:43:21 - [MESSAGE][PASSED] - Object: 'Object Repository/edit sosial media/a_Sosmed' is clicked on

2023-10-06 11:43:21 - [TEST_STEP][PASSED] - click(findTestObject("edit sosial media/Edit Sosial Media")): Object: 'Object Repository/edit sosial media/Edit Sosial Media' is clicked on

2023-10-06 11:43:23 - [MESSAGE][PASSED] - Object: 'Object Repository/edit sosial media/Edit Sosial Media' is clicked on

2023-10-06 11:43:23 - [TEST_STEP][PASSED] - clearText(findTestObject("edit sosial media/input_Whatsapp_d")): Text of object 'Object Repository/edit sosial media/input_Whatsapp_d' is cleared

2023-10-06 11:43:24 - [MESSAGE][PASSED] - Text of object 'Object Repository/edit sosial media/input_Whatsapp_d' is cleared

2023-10-06 11:43:24 - [TEST_STEP][PASSED] - setText(findTestObject("edit sosial media/input_Whatsapp_d"), whatsapp): Text '+628112222333344445555' is set on object 'Object Repository/edit sosial media/input_Whatsapp_d'

2023-10-06 11:43:25 - [MESSAGE][PASSED] - Text '+628112222333344445555' is set on object 'Object Repository/edit sosial media/input_Whatsapp_d'

2023-10-06 11:43:25 - [TEST_STEP][PASSED] - click(findTestObject("edit sosial media/center_Simpan Sosial Media")): Object: 'Object Repository/edit sosial media/center_Simpan Sosial Media' is clicked on

2023-10-06 11:43:26 - [MESSAGE][PASSED] - Object: 'Object Repository/edit sosial media/center_Simpan Sosial Media' is clicked on

2023-10-06 11:43:26 - [TEST_STEP][FAILED] - verifyTextPresent("please input an valid number", false): Unable to verify text 'please input an valid number' is present  (Root cause: com.kms.katalon.core.exception.StepFailedException: Unable to verify text 'please input an valid number' is present 
	at com.kms.katalon.core.webui.keyword.internal.WebUIKeywordMain.stepFailed(WebUIKeywordMain.groovy:64)
	at com.kms.katalon.core.webui.keyword.internal.WebUIKeywordMain.runKeyword(WebUIKeywordMain.groovy:26)
	at com.kms.katalon.core.webui.keyword.builtin.VerifyTextPresentKeyword.verifyTextPresent(VerifyTextPresentKeyword.groovy:83)
	at com.kms.katalon.core.webui.keyword.builtin.VerifyTextPresentKeyword.execute(VerifyTextPresentKeyword.groovy:68)
	at com.kms.katalon.core.keyword.internal.KeywordExecutor.executeKeywordForPlatform(KeywordExecutor.groovy:74)
	at com.kms.katalon.core.webui.keyword.WebUiBuiltInKeywords.verifyTextPresent(WebUiBuiltInKeywords.groovy:1723)
	at com.kms.katalon.core.webui.keyword.WebUiBuiltInKeywords$verifyTextPresent$9.call(Unknown Source)
	at TC-ESMF-008.run(TC-ESMF-008:34)
	at com.kms.katalon.core.main.ScriptEngine.run(ScriptEngine.java:194)
	at com.kms.katalon.core.main.ScriptEngine.runScriptAsRawText(ScriptEngine.java:119)
	at com.kms.katalon.core.main.TestCaseExecutor.runScript(TestCaseExecutor.java:448)
	at com.kms.katalon.core.main.TestCaseExecutor.doExecute(TestCaseExecutor.java:439)
	at com.kms.katalon.core.main.TestCaseExecutor.processExecutionPhase(TestCaseExecutor.java:418)
	at com.kms.katalon.core.main.TestCaseExecutor.accessMainPhase(TestCaseExecutor.java:410)
	at com.kms.katalon.core.main.TestCaseExecutor.execute(TestCaseExecutor.java:285)
	at com.kms.katalon.core.common.CommonExecutor.accessTestCaseMainPhase(CommonExecutor.java:65)
	at com.kms.katalon.core.main.TestSuiteExecutor.accessTestSuiteMainPhase(TestSuiteExecutor.java:148)
	at com.kms.katalon.core.main.TestSuiteExecutor.execute(TestSuiteExecutor.java:106)
	at com.kms.katalon.core.main.TestCaseMain.startTestSuite(TestCaseMain.java:187)
	at com.kms.katalon.core.main.TestCaseMain$startTestSuite$0.call(Unknown Source)
	at TempTestSuite1696567025672.run(TempTestSuite1696567025672.groovy:36)
Caused by: com.kms.katalon.core.exception.StepFailedException: Text 'please input an valid number' is not present on page 
	at com.kms.katalon.core.webui.keyword.internal.WebUIKeywordMain.stepFailed(WebUIKeywordMain.groovy:64)
	at com.kms.katalon.core.webui.keyword.builtin.VerifyTextPresentKeyword$_verifyTextPresent_closure1.doCall(VerifyTextPresentKeyword.groovy:79)
	at com.kms.katalon.core.webui.keyword.builtin.VerifyTextPresentKeyword$_verifyTextPresent_closure1.call(VerifyTextPresentKeyword.groovy)
	at com.kms.katalon.core.webui.keyword.internal.WebUIKeywordMain.runKeyword(WebUIKeywordMain.groovy:20)
	... 19 more
)

2023-10-06 11:43:27 - [MESSAGE][FAILED] - Text 'please input an valid number' is not present on page  (Root cause: com.kms.katalon.core.exception.StepFailedException: Text 'please input an valid number' is not present on page 
	at com.kms.katalon.core.webui.keyword.internal.WebUIKeywordMain.stepFailed(WebUIKeywordMain.groovy:64)
	at com.kms.katalon.core.webui.keyword.builtin.VerifyTextPresentKeyword$_verifyTextPresent_closure1.doCall(VerifyTextPresentKeyword.groovy:79)
	at com.kms.katalon.core.webui.keyword.builtin.VerifyTextPresentKeyword$_verifyTextPresent_closure1.call(VerifyTextPresentKeyword.groovy)
	at com.kms.katalon.core.webui.keyword.internal.WebUIKeywordMain.runKeyword(WebUIKeywordMain.groovy:20)
	at com.kms.katalon.core.webui.keyword.builtin.VerifyTextPresentKeyword.verifyTextPresent(VerifyTextPresentKeyword.groovy:83)
	at com.kms.katalon.core.webui.keyword.builtin.VerifyTextPresentKeyword.execute(VerifyTextPresentKeyword.groovy:68)
	at com.kms.katalon.core.keyword.internal.KeywordExecutor.executeKeywordForPlatform(KeywordExecutor.groovy:74)
	at com.kms.katalon.core.webui.keyword.WebUiBuiltInKeywords.verifyTextPresent(WebUiBuiltInKeywords.groovy:1723)
	at com.kms.katalon.core.webui.keyword.WebUiBuiltInKeywords$verifyTextPresent$9.call(Unknown Source)
	at TC-ESMF-008.run(TC-ESMF-008:34)
	at com.kms.katalon.core.main.ScriptEngine.run(ScriptEngine.java:194)
	at com.kms.katalon.core.main.ScriptEngine.runScriptAsRawText(ScriptEngine.java:119)
	at com.kms.katalon.core.main.TestCaseExecutor.runScript(TestCaseExecutor.java:448)
	at com.kms.katalon.core.main.TestCaseExecutor.doExecute(TestCaseExecutor.java:439)
	at com.kms.katalon.core.main.TestCaseExecutor.processExecutionPhase(TestCaseExecutor.java:418)
	at com.kms.katalon.core.main.TestCaseExecutor.accessMainPhase(TestCaseExecutor.java:410)
	at com.kms.katalon.core.main.TestCaseExecutor.execute(TestCaseExecutor.java:285)
	at com.kms.katalon.core.common.CommonExecutor.accessTestCaseMainPhase(CommonExecutor.java:65)
	at com.kms.katalon.core.main.TestSuiteExecutor.accessTestSuiteMainPhase(TestSuiteExecutor.java:148)
	at com.kms.katalon.core.main.TestSuiteExecutor.execute(TestSuiteExecutor.java:106)
	at com.kms.katalon.core.main.TestCaseMain.startTestSuite(TestCaseMain.java:187)
	at com.kms.katalon.core.main.TestCaseMain$startTestSuite$0.call(Unknown Source)
	at TempTestSuite1696567025672.run(TempTestSuite1696567025672.groovy:36)
)

2023-10-06 11:43:27 - [MESSAGE][FAILED] - Unable to verify text 'please input an valid number' is present  (Root cause: com.kms.katalon.core.exception.StepFailedException: Unable to verify text 'please input an valid number' is present 
	at com.kms.katalon.core.webui.keyword.internal.WebUIKeywordMain.stepFailed(WebUIKeywordMain.groovy:64)
	at com.kms.katalon.core.webui.keyword.internal.WebUIKeywordMain.runKeyword(WebUIKeywordMain.groovy:26)
	at com.kms.katalon.core.webui.keyword.builtin.VerifyTextPresentKeyword.verifyTextPresent(VerifyTextPresentKeyword.groovy:83)
	at com.kms.katalon.core.webui.keyword.builtin.VerifyTextPresentKeyword.execute(VerifyTextPresentKeyword.groovy:68)
	at com.kms.katalon.core.keyword.internal.KeywordExecutor.executeKeywordForPlatform(KeywordExecutor.groovy:74)
	at com.kms.katalon.core.webui.keyword.WebUiBuiltInKeywords.verifyTextPresent(WebUiBuiltInKeywords.groovy:1723)
	at com.kms.katalon.core.webui.keyword.WebUiBuiltInKeywords$verifyTextPresent$9.call(Unknown Source)
	at TC-ESMF-008.run(TC-ESMF-008:34)
	at com.kms.katalon.core.main.ScriptEngine.run(ScriptEngine.java:194)
	at com.kms.katalon.core.main.ScriptEngine.runScriptAsRawText(ScriptEngine.java:119)
	at com.kms.katalon.core.main.TestCaseExecutor.runScript(TestCaseExecutor.java:448)
	at com.kms.katalon.core.main.TestCaseExecutor.doExecute(TestCaseExecutor.java:439)
	at com.kms.katalon.core.main.TestCaseExecutor.processExecutionPhase(TestCaseExecutor.java:418)
	at com.kms.katalon.core.main.TestCaseExecutor.accessMainPhase(TestCaseExecutor.java:410)
	at com.kms.katalon.core.main.TestCaseExecutor.execute(TestCaseExecutor.java:285)
	at com.kms.katalon.core.common.CommonExecutor.accessTestCaseMainPhase(CommonExecutor.java:65)
	at com.kms.katalon.core.main.TestSuiteExecutor.accessTestSuiteMainPhase(TestSuiteExecutor.java:148)
	at com.kms.katalon.core.main.TestSuiteExecutor.execute(TestSuiteExecutor.java:106)
	at com.kms.katalon.core.main.TestCaseMain.startTestSuite(TestCaseMain.java:187)
	at com.kms.katalon.core.main.TestCaseMain$startTestSuite$0.call(Unknown Source)
	at TempTestSuite1696567025672.run(TempTestSuite1696567025672.groovy:36)
Caused by: com.kms.katalon.core.exception.StepFailedException: Text 'please input an valid number' is not present on page 
	at com.kms.katalon.core.webui.keyword.internal.WebUIKeywordMain.stepFailed(WebUIKeywordMain.groovy:64)
	at com.kms.katalon.core.webui.keyword.builtin.VerifyTextPresentKeyword$_verifyTextPresent_closure1.doCall(VerifyTextPresentKeyword.groovy:79)
	at com.kms.katalon.core.webui.keyword.builtin.VerifyTextPresentKeyword$_verifyTextPresent_closure1.call(VerifyTextPresentKeyword.groovy)
	at com.kms.katalon.core.webui.keyword.internal.WebUIKeywordMain.runKeyword(WebUIKeywordMain.groovy:20)
	... 19 more
)
[[ATTACHMENT|F:\\bootcamp\\Miniproject\\Tajalapak\\Reports\\20231006_113705\\M05 - Edit Sosial Media\\20231006_113705\\1696567407356.png]]]]></system-out>
         <system-err><![CDATA[2023-10-06 11:43:06 - [TEST_CASE][FAILED] - Test Cases/M05 -Edit Sosial Media/TC-ESMF-008: Test Cases/M05 -Edit Sosial Media/TC-ESMF-008 FAILED.
Reason:
com.kms.katalon.core.exception.StepFailedException: Unable to verify text 'please input an valid number' is present 
	at com.kms.katalon.core.webui.keyword.internal.WebUIKeywordMain.stepFailed(WebUIKeywordMain.groovy:64)
	at com.kms.katalon.core.webui.keyword.internal.WebUIKeywordMain.runKeyword(WebUIKeywordMain.groovy:26)
	at com.kms.katalon.core.webui.keyword.builtin.VerifyTextPresentKeyword.verifyTextPresent(VerifyTextPresentKeyword.groovy:83)
	at com.kms.katalon.core.webui.keyword.builtin.VerifyTextPresentKeyword.execute(VerifyTextPresentKeyword.groovy:68)
	at com.kms.katalon.core.keyword.internal.KeywordExecutor.executeKeywordForPlatform(KeywordExecutor.groovy:74)
	at com.kms.katalon.core.webui.keyword.WebUiBuiltInKeywords.verifyTextPresent(WebUiBuiltInKeywords.groovy:1723)
	at com.kms.katalon.core.webui.keyword.WebUiBuiltInKeywords$verifyTextPresent$9.call(Unknown Source)
	at TC-ESMF-008.run(TC-ESMF-008:34)
	at com.kms.katalon.core.main.ScriptEngine.run(ScriptEngine.java:194)
	at com.kms.katalon.core.main.ScriptEngine.runScriptAsRawText(ScriptEngine.java:119)
	at com.kms.katalon.core.main.TestCaseExecutor.runScript(TestCaseExecutor.java:448)
	at com.kms.katalon.core.main.TestCaseExecutor.doExecute(TestCaseExecutor.java:439)
	at com.kms.katalon.core.main.TestCaseExecutor.processExecutionPhase(TestCaseExecutor.java:418)
	at com.kms.katalon.core.main.TestCaseExecutor.accessMainPhase(TestCaseExecutor.java:410)
	at com.kms.katalon.core.main.TestCaseExecutor.execute(TestCaseExecutor.java:285)
	at com.kms.katalon.core.common.CommonExecutor.accessTestCaseMainPhase(CommonExecutor.java:65)
	at com.kms.katalon.core.main.TestSuiteExecutor.accessTestSuiteMainPhase(TestSuiteExecutor.java:148)
	at com.kms.katalon.core.main.TestSuiteExecutor.execute(TestSuiteExecutor.java:106)
	at com.kms.katalon.core.main.TestCaseMain.startTestSuite(TestCaseMain.java:187)
	at com.kms.katalon.core.main.TestCaseMain$startTestSuite$0.call(Unknown Source)
	at TempTestSuite1696567025672.run(TempTestSuite1696567025672.groovy:36)
Caused by: com.kms.katalon.core.exception.StepFailedException: Text 'please input an valid number' is not present on page 
	at com.kms.katalon.core.webui.keyword.internal.WebUIKeywordMain.stepFailed(WebUIKeywordMain.groovy:64)
	at com.kms.katalon.core.webui.keyword.builtin.VerifyTextPresentKeyword$_verifyTextPresent_closure1.doCall(VerifyTextPresentKeyword.groovy:79)
	at com.kms.katalon.core.webui.keyword.builtin.VerifyTextPresentKeyword$_verifyTextPresent_closure1.call(VerifyTextPresentKeyword.groovy)
	at com.kms.katalon.core.webui.keyword.internal.WebUIKeywordMain.runKeyword(WebUIKeywordMain.groovy:20)
	... 19 more]]></system-err>
      </testcase>
      <testcase name="Test Cases/M05 -Edit Sosial Media/TC-ESMF-009" time="20.573" classname="Test Cases/M05 -Edit Sosial Media/TC-ESMF-009" status="FAILED">
         <failure type="FAILED" message="Test Cases/M05 -Edit Sosial Media/TC-ESMF-009 FAILED.
Reason:
com.kms.katalon.core.exception.StepFailedException: Unable to verify text 'please input an valid number' is present 
	at com.kms.katalon.core.webui.keyword.internal.WebUIKeywordMain.stepFailed(WebUIKeywordMain.groovy:64)
	at com.kms.katalon.core.webui.keyword.internal.WebUIKeywordMain.runKeyword(WebUIKeywordMain.groovy:26)
	at com.kms.katalon.core.webui.keyword.builtin.VerifyTextPresentKeyword.verifyTextPresent(VerifyTextPresentKeyword.groovy:83)
	at com.kms.katalon.core.webui.keyword.builtin.VerifyTextPresentKeyword.execute(VerifyTextPresentKeyword.groovy:68)
	at com.kms.katalon.core.keyword.internal.KeywordExecutor.executeKeywordForPlatform(KeywordExecutor.groovy:74)
	at com.kms.katalon.core.webui.keyword.WebUiBuiltInKeywords.verifyTextPresent(WebUiBuiltInKeywords.groovy:1723)
	at com.kms.katalon.core.webui.keyword.WebUiBuiltInKeywords$verifyTextPresent$9.call(Unknown Source)
	at TC-ESMF-009.run(TC-ESMF-009:34)
	at com.kms.katalon.core.main.ScriptEngine.run(ScriptEngine.java:194)
	at com.kms.katalon.core.main.ScriptEngine.runScriptAsRawText(ScriptEngine.java:119)
	at com.kms.katalon.core.main.TestCaseExecutor.runScript(TestCaseExecutor.java:448)
	at com.kms.katalon.core.main.TestCaseExecutor.doExecute(TestCaseExecutor.java:439)
	at com.kms.katalon.core.main.TestCaseExecutor.processExecutionPhase(TestCaseExecutor.java:418)
	at com.kms.katalon.core.main.TestCaseExecutor.accessMainPhase(TestCaseExecutor.java:410)
	at com.kms.katalon.core.main.TestCaseExecutor.execute(TestCaseExecutor.java:285)
	at com.kms.katalon.core.common.CommonExecutor.accessTestCaseMainPhase(CommonExecutor.java:65)
	at com.kms.katalon.core.main.TestSuiteExecutor.accessTestSuiteMainPhase(TestSuiteExecutor.java:148)
	at com.kms.katalon.core.main.TestSuiteExecutor.execute(TestSuiteExecutor.java:106)
	at com.kms.katalon.core.main.TestCaseMain.startTestSuite(TestCaseMain.java:187)
	at com.kms.katalon.core.main.TestCaseMain$startTestSuite$0.call(Unknown Source)
	at TempTestSuite1696567025672.run(TempTestSuite1696567025672.groovy:36)
Caused by: com.kms.katalon.core.exception.StepFailedException: Text 'please input an valid number' is not present on page 
	at com.kms.katalon.core.webui.keyword.internal.WebUIKeywordMain.stepFailed(WebUIKeywordMain.groovy:64)
	at com.kms.katalon.core.webui.keyword.builtin.VerifyTextPresentKeyword$_verifyTextPresent_closure1.doCall(VerifyTextPresentKeyword.groovy:79)
	at com.kms.katalon.core.webui.keyword.builtin.VerifyTextPresentKeyword$_verifyTextPresent_closure1.call(VerifyTextPresentKeyword.groovy)
	at com.kms.katalon.core.webui.keyword.internal.WebUIKeywordMain.runKeyword(WebUIKeywordMain.groovy:20)
	... 19 more
"/>
         <system-out><![CDATA[2023-10-06 11:43:27 - [TEST_CASE][FAILED] - Test Cases/M05 -Edit Sosial Media/TC-ESMF-009: Test Cases/M05 -Edit Sosial Media/TC-ESMF-009 FAILED.
Reason:
com.kms.katalon.core.exception.StepFailedException: Unable to verify text 'please input an valid number' is present 
	at com.kms.katalon.core.webui.keyword.internal.WebUIKeywordMain.stepFailed(WebUIKeywordMain.groovy:64)
	at com.kms.katalon.core.webui.keyword.internal.WebUIKeywordMain.runKeyword(WebUIKeywordMain.groovy:26)
	at com.kms.katalon.core.webui.keyword.builtin.VerifyTextPresentKeyword.verifyTextPresent(VerifyTextPresentKeyword.groovy:83)
	at com.kms.katalon.core.webui.keyword.builtin.VerifyTextPresentKeyword.execute(VerifyTextPresentKeyword.groovy:68)
	at com.kms.katalon.core.keyword.internal.KeywordExecutor.executeKeywordForPlatform(KeywordExecutor.groovy:74)
	at com.kms.katalon.core.webui.keyword.WebUiBuiltInKeywords.verifyTextPresent(WebUiBuiltInKeywords.groovy:1723)
	at com.kms.katalon.core.webui.keyword.WebUiBuiltInKeywords$verifyTextPresent$9.call(Unknown Source)
	at TC-ESMF-009.run(TC-ESMF-009:34)
	at com.kms.katalon.core.main.ScriptEngine.run(ScriptEngine.java:194)
	at com.kms.katalon.core.main.ScriptEngine.runScriptAsRawText(ScriptEngine.java:119)
	at com.kms.katalon.core.main.TestCaseExecutor.runScript(TestCaseExecutor.java:448)
	at com.kms.katalon.core.main.TestCaseExecutor.doExecute(TestCaseExecutor.java:439)
	at com.kms.katalon.core.main.TestCaseExecutor.processExecutionPhase(TestCaseExecutor.java:418)
	at com.kms.katalon.core.main.TestCaseExecutor.accessMainPhase(TestCaseExecutor.java:410)
	at com.kms.katalon.core.main.TestCaseExecutor.execute(TestCaseExecutor.java:285)
	at com.kms.katalon.core.common.CommonExecutor.accessTestCaseMainPhase(CommonExecutor.java:65)
	at com.kms.katalon.core.main.TestSuiteExecutor.accessTestSuiteMainPhase(TestSuiteExecutor.java:148)
	at com.kms.katalon.core.main.TestSuiteExecutor.execute(TestSuiteExecutor.java:106)
	at com.kms.katalon.core.main.TestCaseMain.startTestSuite(TestCaseMain.java:187)
	at com.kms.katalon.core.main.TestCaseMain$startTestSuite$0.call(Unknown Source)
	at TempTestSuite1696567025672.run(TempTestSuite1696567025672.groovy:36)
Caused by: com.kms.katalon.core.exception.StepFailedException: Text 'please input an valid number' is not present on page 
	at com.kms.katalon.core.webui.keyword.internal.WebUIKeywordMain.stepFailed(WebUIKeywordMain.groovy:64)
	at com.kms.katalon.core.webui.keyword.builtin.VerifyTextPresentKeyword$_verifyTextPresent_closure1.doCall(VerifyTextPresentKeyword.groovy:79)
	at com.kms.katalon.core.webui.keyword.builtin.VerifyTextPresentKeyword$_verifyTextPresent_closure1.call(VerifyTextPresentKeyword.groovy)
	at com.kms.katalon.core.webui.keyword.internal.WebUIKeywordMain.runKeyword(WebUIKeywordMain.groovy:20)
	... 19 more


2023-10-06 11:43:28 - [TEST_STEP][PASSED] - callTestCase(findTestCase("M05 -Edit Sosial Media/TC-LS-001"), [:], STOP_ON_FAILURE): Call Test Case 'Test Cases/M05 -Edit Sosial Media/TC-LS-001' successfully

2023-10-06 11:43:28 - [TEST_CASE][PASSED] - Test Cases/M05 -Edit Sosial Media/TC-LS-001: Test Cases/M05 -Edit Sosial Media/TC-LS-001

2023-10-06 11:43:28 - [TEST_STEP][PASSED] - openBrowser(urlWeb): Browser is opened with url: 'https://10.9.2.63/ecommerce/'

2023-10-06 11:43:28 - [MESSAGE][WARNING] - A browser is already opened. Closing browser and opening a new one

2023-10-06 11:43:29 - [MESSAGE][INFO] - Starting 'Edge Chromium' driver

2023-10-06 11:43:29 - [MESSAGE][INFO] - User set preference: ['acceptInsecureCerts', 'true']

2023-10-06 11:43:31 - [MESSAGE][INFO] - Action delay is set to 0 milliseconds

2023-10-06 11:43:36 - [MESSAGE][PASSED] - Browser is opened with url: 'https://10.9.2.63/ecommerce/'

2023-10-06 11:43:36 - [TEST_STEP][PASSED] - maximizeWindow(): Current window maximized

2023-10-06 11:43:36 - [MESSAGE][PASSED] - Current window maximized

2023-10-06 11:43:36 - [TEST_STEP][PASSED] - click(findTestObject("Login/a_Login")): Object: 'Object Repository/Login/a_Login' is clicked on

2023-10-06 11:43:37 - [MESSAGE][PASSED] - Object: 'Object Repository/Login/a_Login' is clicked on

2023-10-06 11:43:37 - [TEST_STEP][PASSED] - setText(findTestObject("Login/input_Username, Email atau No. Handphone_a"), "runa36"): Text 'runa36' is set on object 'Object Repository/Login/input_Username, Email atau No. Handphone_a'

2023-10-06 11:43:38 - [MESSAGE][PASSED] - Text 'runa36' is set on object 'Object Repository/Login/input_Username, Email atau No. Handphone_a'

2023-10-06 11:43:38 - [TEST_STEP][PASSED] - setEncryptedText(findTestObject("Login/input_Password di Login(Masuk)"), "qbkrdMwyWE4="): Text ****** has been set on object 'Object Repository/Login/input_Password di Login(Masuk)'

2023-10-06 11:43:39 - [MESSAGE][PASSED] - Text ****** has been set on object 'Object Repository/Login/input_Password di Login(Masuk)'

2023-10-06 11:43:39 - [TEST_STEP][PASSED] - click(findTestObject("Login/button_Masuk di halaman login")): Object: 'Object Repository/Login/button_Masuk di halaman login' is clicked on

2023-10-06 11:43:40 - [MESSAGE][PASSED] - Object: 'Object Repository/Login/button_Masuk di halaman login' is clicked on

2023-10-06 11:43:40 - [TEST_STEP][PASSED] - verifyElementPresent(findTestObject("edit sosial media/verifikasi masuk halaman biodata diri"), 0): Object 'Object Repository/edit sosial media/verifikasi masuk halaman biodata diri' is present

2023-10-06 11:43:40 - [MESSAGE][WARNING] - Timeout '0' is invalid. Using default page load timeout: '30'

2023-10-06 11:43:41 - [MESSAGE][PASSED] - Object 'Object Repository/edit sosial media/verifikasi masuk halaman biodata diri' is present

2023-10-06 11:43:41 - [MESSAGE][PASSED] - Call Test Case 'Test Cases/M05 -Edit Sosial Media/TC-LS-001' successfully

2023-10-06 11:43:41 - [TEST_STEP][PASSED] - verifyElementPresent(findTestObject("edit sosial media/verifikasi masuk halaman biodata diri"), 0): Object 'Object Repository/edit sosial media/verifikasi masuk halaman biodata diri' is present

2023-10-06 11:43:41 - [MESSAGE][WARNING] - Timeout '0' is invalid. Using default page load timeout: '30'

2023-10-06 11:43:41 - [MESSAGE][PASSED] - Object 'Object Repository/edit sosial media/verifikasi masuk halaman biodata diri' is present

2023-10-06 11:43:41 - [TEST_STEP][PASSED] - click(findTestObject("edit sosial media/a_Sosmed")): Object: 'Object Repository/edit sosial media/a_Sosmed' is clicked on

2023-10-06 11:43:42 - [MESSAGE][PASSED] - Object: 'Object Repository/edit sosial media/a_Sosmed' is clicked on

2023-10-06 11:43:42 - [TEST_STEP][PASSED] - click(findTestObject("edit sosial media/Edit Sosial Media")): Object: 'Object Repository/edit sosial media/Edit Sosial Media' is clicked on

2023-10-06 11:43:44 - [MESSAGE][PASSED] - Object: 'Object Repository/edit sosial media/Edit Sosial Media' is clicked on

2023-10-06 11:43:44 - [TEST_STEP][PASSED] - clearText(findTestObject("edit sosial media/input_Whatsapp_d")): Text of object 'Object Repository/edit sosial media/input_Whatsapp_d' is cleared

2023-10-06 11:43:44 - [MESSAGE][PASSED] - Text of object 'Object Repository/edit sosial media/input_Whatsapp_d' is cleared

2023-10-06 11:43:44 - [TEST_STEP][PASSED] - setText(findTestObject("edit sosial media/input_Whatsapp_d"), "+6281122"): Text '+6281122' is set on object 'Object Repository/edit sosial media/input_Whatsapp_d'

2023-10-06 11:43:46 - [MESSAGE][PASSED] - Text '+6281122' is set on object 'Object Repository/edit sosial media/input_Whatsapp_d'

2023-10-06 11:43:46 - [TEST_STEP][PASSED] - click(findTestObject("edit sosial media/center_Simpan Sosial Media")): Object: 'Object Repository/edit sosial media/center_Simpan Sosial Media' is clicked on

2023-10-06 11:43:47 - [MESSAGE][PASSED] - Object: 'Object Repository/edit sosial media/center_Simpan Sosial Media' is clicked on

2023-10-06 11:43:47 - [TEST_STEP][FAILED] - verifyTextPresent("please input an valid number", false): Unable to verify text 'please input an valid number' is present  (Root cause: com.kms.katalon.core.exception.StepFailedException: Unable to verify text 'please input an valid number' is present 
	at com.kms.katalon.core.webui.keyword.internal.WebUIKeywordMain.stepFailed(WebUIKeywordMain.groovy:64)
	at com.kms.katalon.core.webui.keyword.internal.WebUIKeywordMain.runKeyword(WebUIKeywordMain.groovy:26)
	at com.kms.katalon.core.webui.keyword.builtin.VerifyTextPresentKeyword.verifyTextPresent(VerifyTextPresentKeyword.groovy:83)
	at com.kms.katalon.core.webui.keyword.builtin.VerifyTextPresentKeyword.execute(VerifyTextPresentKeyword.groovy:68)
	at com.kms.katalon.core.keyword.internal.KeywordExecutor.executeKeywordForPlatform(KeywordExecutor.groovy:74)
	at com.kms.katalon.core.webui.keyword.WebUiBuiltInKeywords.verifyTextPresent(WebUiBuiltInKeywords.groovy:1723)
	at com.kms.katalon.core.webui.keyword.WebUiBuiltInKeywords$verifyTextPresent$9.call(Unknown Source)
	at TC-ESMF-009.run(TC-ESMF-009:34)
	at com.kms.katalon.core.main.ScriptEngine.run(ScriptEngine.java:194)
	at com.kms.katalon.core.main.ScriptEngine.runScriptAsRawText(ScriptEngine.java:119)
	at com.kms.katalon.core.main.TestCaseExecutor.runScript(TestCaseExecutor.java:448)
	at com.kms.katalon.core.main.TestCaseExecutor.doExecute(TestCaseExecutor.java:439)
	at com.kms.katalon.core.main.TestCaseExecutor.processExecutionPhase(TestCaseExecutor.java:418)
	at com.kms.katalon.core.main.TestCaseExecutor.accessMainPhase(TestCaseExecutor.java:410)
	at com.kms.katalon.core.main.TestCaseExecutor.execute(TestCaseExecutor.java:285)
	at com.kms.katalon.core.common.CommonExecutor.accessTestCaseMainPhase(CommonExecutor.java:65)
	at com.kms.katalon.core.main.TestSuiteExecutor.accessTestSuiteMainPhase(TestSuiteExecutor.java:148)
	at com.kms.katalon.core.main.TestSuiteExecutor.execute(TestSuiteExecutor.java:106)
	at com.kms.katalon.core.main.TestCaseMain.startTestSuite(TestCaseMain.java:187)
	at com.kms.katalon.core.main.TestCaseMain$startTestSuite$0.call(Unknown Source)
	at TempTestSuite1696567025672.run(TempTestSuite1696567025672.groovy:36)
Caused by: com.kms.katalon.core.exception.StepFailedException: Text 'please input an valid number' is not present on page 
	at com.kms.katalon.core.webui.keyword.internal.WebUIKeywordMain.stepFailed(WebUIKeywordMain.groovy:64)
	at com.kms.katalon.core.webui.keyword.builtin.VerifyTextPresentKeyword$_verifyTextPresent_closure1.doCall(VerifyTextPresentKeyword.groovy:79)
	at com.kms.katalon.core.webui.keyword.builtin.VerifyTextPresentKeyword$_verifyTextPresent_closure1.call(VerifyTextPresentKeyword.groovy)
	at com.kms.katalon.core.webui.keyword.internal.WebUIKeywordMain.runKeyword(WebUIKeywordMain.groovy:20)
	... 19 more
)

2023-10-06 11:43:48 - [MESSAGE][FAILED] - Text 'please input an valid number' is not present on page  (Root cause: com.kms.katalon.core.exception.StepFailedException: Text 'please input an valid number' is not present on page 
	at com.kms.katalon.core.webui.keyword.internal.WebUIKeywordMain.stepFailed(WebUIKeywordMain.groovy:64)
	at com.kms.katalon.core.webui.keyword.builtin.VerifyTextPresentKeyword$_verifyTextPresent_closure1.doCall(VerifyTextPresentKeyword.groovy:79)
	at com.kms.katalon.core.webui.keyword.builtin.VerifyTextPresentKeyword$_verifyTextPresent_closure1.call(VerifyTextPresentKeyword.groovy)
	at com.kms.katalon.core.webui.keyword.internal.WebUIKeywordMain.runKeyword(WebUIKeywordMain.groovy:20)
	at com.kms.katalon.core.webui.keyword.builtin.VerifyTextPresentKeyword.verifyTextPresent(VerifyTextPresentKeyword.groovy:83)
	at com.kms.katalon.core.webui.keyword.builtin.VerifyTextPresentKeyword.execute(VerifyTextPresentKeyword.groovy:68)
	at com.kms.katalon.core.keyword.internal.KeywordExecutor.executeKeywordForPlatform(KeywordExecutor.groovy:74)
	at com.kms.katalon.core.webui.keyword.WebUiBuiltInKeywords.verifyTextPresent(WebUiBuiltInKeywords.groovy:1723)
	at com.kms.katalon.core.webui.keyword.WebUiBuiltInKeywords$verifyTextPresent$9.call(Unknown Source)
	at TC-ESMF-009.run(TC-ESMF-009:34)
	at com.kms.katalon.core.main.ScriptEngine.run(ScriptEngine.java:194)
	at com.kms.katalon.core.main.ScriptEngine.runScriptAsRawText(ScriptEngine.java:119)
	at com.kms.katalon.core.main.TestCaseExecutor.runScript(TestCaseExecutor.java:448)
	at com.kms.katalon.core.main.TestCaseExecutor.doExecute(TestCaseExecutor.java:439)
	at com.kms.katalon.core.main.TestCaseExecutor.processExecutionPhase(TestCaseExecutor.java:418)
	at com.kms.katalon.core.main.TestCaseExecutor.accessMainPhase(TestCaseExecutor.java:410)
	at com.kms.katalon.core.main.TestCaseExecutor.execute(TestCaseExecutor.java:285)
	at com.kms.katalon.core.common.CommonExecutor.accessTestCaseMainPhase(CommonExecutor.java:65)
	at com.kms.katalon.core.main.TestSuiteExecutor.accessTestSuiteMainPhase(TestSuiteExecutor.java:148)
	at com.kms.katalon.core.main.TestSuiteExecutor.execute(TestSuiteExecutor.java:106)
	at com.kms.katalon.core.main.TestCaseMain.startTestSuite(TestCaseMain.java:187)
	at com.kms.katalon.core.main.TestCaseMain$startTestSuite$0.call(Unknown Source)
	at TempTestSuite1696567025672.run(TempTestSuite1696567025672.groovy:36)
)

2023-10-06 11:43:48 - [MESSAGE][FAILED] - Unable to verify text 'please input an valid number' is present  (Root cause: com.kms.katalon.core.exception.StepFailedException: Unable to verify text 'please input an valid number' is present 
	at com.kms.katalon.core.webui.keyword.internal.WebUIKeywordMain.stepFailed(WebUIKeywordMain.groovy:64)
	at com.kms.katalon.core.webui.keyword.internal.WebUIKeywordMain.runKeyword(WebUIKeywordMain.groovy:26)
	at com.kms.katalon.core.webui.keyword.builtin.VerifyTextPresentKeyword.verifyTextPresent(VerifyTextPresentKeyword.groovy:83)
	at com.kms.katalon.core.webui.keyword.builtin.VerifyTextPresentKeyword.execute(VerifyTextPresentKeyword.groovy:68)
	at com.kms.katalon.core.keyword.internal.KeywordExecutor.executeKeywordForPlatform(KeywordExecutor.groovy:74)
	at com.kms.katalon.core.webui.keyword.WebUiBuiltInKeywords.verifyTextPresent(WebUiBuiltInKeywords.groovy:1723)
	at com.kms.katalon.core.webui.keyword.WebUiBuiltInKeywords$verifyTextPresent$9.call(Unknown Source)
	at TC-ESMF-009.run(TC-ESMF-009:34)
	at com.kms.katalon.core.main.ScriptEngine.run(ScriptEngine.java:194)
	at com.kms.katalon.core.main.ScriptEngine.runScriptAsRawText(ScriptEngine.java:119)
	at com.kms.katalon.core.main.TestCaseExecutor.runScript(TestCaseExecutor.java:448)
	at com.kms.katalon.core.main.TestCaseExecutor.doExecute(TestCaseExecutor.java:439)
	at com.kms.katalon.core.main.TestCaseExecutor.processExecutionPhase(TestCaseExecutor.java:418)
	at com.kms.katalon.core.main.TestCaseExecutor.accessMainPhase(TestCaseExecutor.java:410)
	at com.kms.katalon.core.main.TestCaseExecutor.execute(TestCaseExecutor.java:285)
	at com.kms.katalon.core.common.CommonExecutor.accessTestCaseMainPhase(CommonExecutor.java:65)
	at com.kms.katalon.core.main.TestSuiteExecutor.accessTestSuiteMainPhase(TestSuiteExecutor.java:148)
	at com.kms.katalon.core.main.TestSuiteExecutor.execute(TestSuiteExecutor.java:106)
	at com.kms.katalon.core.main.TestCaseMain.startTestSuite(TestCaseMain.java:187)
	at com.kms.katalon.core.main.TestCaseMain$startTestSuite$0.call(Unknown Source)
	at TempTestSuite1696567025672.run(TempTestSuite1696567025672.groovy:36)
Caused by: com.kms.katalon.core.exception.StepFailedException: Text 'please input an valid number' is not present on page 
	at com.kms.katalon.core.webui.keyword.internal.WebUIKeywordMain.stepFailed(WebUIKeywordMain.groovy:64)
	at com.kms.katalon.core.webui.keyword.builtin.VerifyTextPresentKeyword$_verifyTextPresent_closure1.doCall(VerifyTextPresentKeyword.groovy:79)
	at com.kms.katalon.core.webui.keyword.builtin.VerifyTextPresentKeyword$_verifyTextPresent_closure1.call(VerifyTextPresentKeyword.groovy)
	at com.kms.katalon.core.webui.keyword.internal.WebUIKeywordMain.runKeyword(WebUIKeywordMain.groovy:20)
	... 19 more
)
[[ATTACHMENT|F:\\bootcamp\\Miniproject\\Tajalapak\\Reports\\20231006_113705\\M05 - Edit Sosial Media\\20231006_113705\\1696567428157.png]]]]></system-out>
         <system-err><![CDATA[2023-10-06 11:43:27 - [TEST_CASE][FAILED] - Test Cases/M05 -Edit Sosial Media/TC-ESMF-009: Test Cases/M05 -Edit Sosial Media/TC-ESMF-009 FAILED.
Reason:
com.kms.katalon.core.exception.StepFailedException: Unable to verify text 'please input an valid number' is present 
	at com.kms.katalon.core.webui.keyword.internal.WebUIKeywordMain.stepFailed(WebUIKeywordMain.groovy:64)
	at com.kms.katalon.core.webui.keyword.internal.WebUIKeywordMain.runKeyword(WebUIKeywordMain.groovy:26)
	at com.kms.katalon.core.webui.keyword.builtin.VerifyTextPresentKeyword.verifyTextPresent(VerifyTextPresentKeyword.groovy:83)
	at com.kms.katalon.core.webui.keyword.builtin.VerifyTextPresentKeyword.execute(VerifyTextPresentKeyword.groovy:68)
	at com.kms.katalon.core.keyword.internal.KeywordExecutor.executeKeywordForPlatform(KeywordExecutor.groovy:74)
	at com.kms.katalon.core.webui.keyword.WebUiBuiltInKeywords.verifyTextPresent(WebUiBuiltInKeywords.groovy:1723)
	at com.kms.katalon.core.webui.keyword.WebUiBuiltInKeywords$verifyTextPresent$9.call(Unknown Source)
	at TC-ESMF-009.run(TC-ESMF-009:34)
	at com.kms.katalon.core.main.ScriptEngine.run(ScriptEngine.java:194)
	at com.kms.katalon.core.main.ScriptEngine.runScriptAsRawText(ScriptEngine.java:119)
	at com.kms.katalon.core.main.TestCaseExecutor.runScript(TestCaseExecutor.java:448)
	at com.kms.katalon.core.main.TestCaseExecutor.doExecute(TestCaseExecutor.java:439)
	at com.kms.katalon.core.main.TestCaseExecutor.processExecutionPhase(TestCaseExecutor.java:418)
	at com.kms.katalon.core.main.TestCaseExecutor.accessMainPhase(TestCaseExecutor.java:410)
	at com.kms.katalon.core.main.TestCaseExecutor.execute(TestCaseExecutor.java:285)
	at com.kms.katalon.core.common.CommonExecutor.accessTestCaseMainPhase(CommonExecutor.java:65)
	at com.kms.katalon.core.main.TestSuiteExecutor.accessTestSuiteMainPhase(TestSuiteExecutor.java:148)
	at com.kms.katalon.core.main.TestSuiteExecutor.execute(TestSuiteExecutor.java:106)
	at com.kms.katalon.core.main.TestCaseMain.startTestSuite(TestCaseMain.java:187)
	at com.kms.katalon.core.main.TestCaseMain$startTestSuite$0.call(Unknown Source)
	at TempTestSuite1696567025672.run(TempTestSuite1696567025672.groovy:36)
Caused by: com.kms.katalon.core.exception.StepFailedException: Text 'please input an valid number' is not present on page 
	at com.kms.katalon.core.webui.keyword.internal.WebUIKeywordMain.stepFailed(WebUIKeywordMain.groovy:64)
	at com.kms.katalon.core.webui.keyword.builtin.VerifyTextPresentKeyword$_verifyTextPresent_closure1.doCall(VerifyTextPresentKeyword.groovy:79)
	at com.kms.katalon.core.webui.keyword.builtin.VerifyTextPresentKeyword$_verifyTextPresent_closure1.call(VerifyTextPresentKeyword.groovy)
	at com.kms.katalon.core.webui.keyword.internal.WebUIKeywordMain.runKeyword(WebUIKeywordMain.groovy:20)
	... 19 more]]></system-err>
      </testcase>
      <testcase name="Test Cases/M05 -Edit Sosial Media/TC-ESMF-010" time="19.747" classname="Test Cases/M05 -Edit Sosial Media/TC-ESMF-010" status="FAILED">
         <failure type="FAILED" message="Test Cases/M05 -Edit Sosial Media/TC-ESMF-010 FAILED.
Reason:
com.kms.katalon.core.exception.StepFailedException: Unable to verify text 'Your unique URL must contain 3-100 letters or numbers. Don't use spaces, symbols, or special characters.' is present 
	at com.kms.katalon.core.webui.keyword.internal.WebUIKeywordMain.stepFailed(WebUIKeywordMain.groovy:64)
	at com.kms.katalon.core.webui.keyword.internal.WebUIKeywordMain.runKeyword(WebUIKeywordMain.groovy:26)
	at com.kms.katalon.core.webui.keyword.builtin.VerifyTextPresentKeyword.verifyTextPresent(VerifyTextPresentKeyword.groovy:83)
	at com.kms.katalon.core.webui.keyword.builtin.VerifyTextPresentKeyword.execute(VerifyTextPresentKeyword.groovy:68)
	at com.kms.katalon.core.keyword.internal.KeywordExecutor.executeKeywordForPlatform(KeywordExecutor.groovy:74)
	at com.kms.katalon.core.webui.keyword.WebUiBuiltInKeywords.verifyTextPresent(WebUiBuiltInKeywords.groovy:1723)
	at com.kms.katalon.core.webui.keyword.WebUiBuiltInKeywords$verifyTextPresent$9.call(Unknown Source)
	at TC-ESMF-010.run(TC-ESMF-010:32)
	at com.kms.katalon.core.main.ScriptEngine.run(ScriptEngine.java:194)
	at com.kms.katalon.core.main.ScriptEngine.runScriptAsRawText(ScriptEngine.java:119)
	at com.kms.katalon.core.main.TestCaseExecutor.runScript(TestCaseExecutor.java:448)
	at com.kms.katalon.core.main.TestCaseExecutor.doExecute(TestCaseExecutor.java:439)
	at com.kms.katalon.core.main.TestCaseExecutor.processExecutionPhase(TestCaseExecutor.java:418)
	at com.kms.katalon.core.main.TestCaseExecutor.accessMainPhase(TestCaseExecutor.java:410)
	at com.kms.katalon.core.main.TestCaseExecutor.execute(TestCaseExecutor.java:285)
	at com.kms.katalon.core.common.CommonExecutor.accessTestCaseMainPhase(CommonExecutor.java:65)
	at com.kms.katalon.core.main.TestSuiteExecutor.accessTestSuiteMainPhase(TestSuiteExecutor.java:148)
	at com.kms.katalon.core.main.TestSuiteExecutor.execute(TestSuiteExecutor.java:106)
	at com.kms.katalon.core.main.TestCaseMain.startTestSuite(TestCaseMain.java:187)
	at com.kms.katalon.core.main.TestCaseMain$startTestSuite$0.call(Unknown Source)
	at TempTestSuite1696567025672.run(TempTestSuite1696567025672.groovy:36)
Caused by: com.kms.katalon.core.exception.StepFailedException: Text 'Your unique URL must contain 3-100 letters or numbers. Don't use spaces, symbols, or special characters.' is not present on page 
	at com.kms.katalon.core.webui.keyword.internal.WebUIKeywordMain.stepFailed(WebUIKeywordMain.groovy:64)
	at com.kms.katalon.core.webui.keyword.builtin.VerifyTextPresentKeyword$_verifyTextPresent_closure1.doCall(VerifyTextPresentKeyword.groovy:79)
	at com.kms.katalon.core.webui.keyword.builtin.VerifyTextPresentKeyword$_verifyTextPresent_closure1.call(VerifyTextPresentKeyword.groovy)
	at com.kms.katalon.core.webui.keyword.internal.WebUIKeywordMain.runKeyword(WebUIKeywordMain.groovy:20)
	... 19 more
"/>
         <system-out><![CDATA[2023-10-06 11:43:48 - [TEST_CASE][FAILED] - Test Cases/M05 -Edit Sosial Media/TC-ESMF-010: Test Cases/M05 -Edit Sosial Media/TC-ESMF-010 FAILED.
Reason:
com.kms.katalon.core.exception.StepFailedException: Unable to verify text 'Your unique URL must contain 3-100 letters or numbers. Don't use spaces, symbols, or special characters.' is present 
	at com.kms.katalon.core.webui.keyword.internal.WebUIKeywordMain.stepFailed(WebUIKeywordMain.groovy:64)
	at com.kms.katalon.core.webui.keyword.internal.WebUIKeywordMain.runKeyword(WebUIKeywordMain.groovy:26)
	at com.kms.katalon.core.webui.keyword.builtin.VerifyTextPresentKeyword.verifyTextPresent(VerifyTextPresentKeyword.groovy:83)
	at com.kms.katalon.core.webui.keyword.builtin.VerifyTextPresentKeyword.execute(VerifyTextPresentKeyword.groovy:68)
	at com.kms.katalon.core.keyword.internal.KeywordExecutor.executeKeywordForPlatform(KeywordExecutor.groovy:74)
	at com.kms.katalon.core.webui.keyword.WebUiBuiltInKeywords.verifyTextPresent(WebUiBuiltInKeywords.groovy:1723)
	at com.kms.katalon.core.webui.keyword.WebUiBuiltInKeywords$verifyTextPresent$9.call(Unknown Source)
	at TC-ESMF-010.run(TC-ESMF-010:32)
	at com.kms.katalon.core.main.ScriptEngine.run(ScriptEngine.java:194)
	at com.kms.katalon.core.main.ScriptEngine.runScriptAsRawText(ScriptEngine.java:119)
	at com.kms.katalon.core.main.TestCaseExecutor.runScript(TestCaseExecutor.java:448)
	at com.kms.katalon.core.main.TestCaseExecutor.doExecute(TestCaseExecutor.java:439)
	at com.kms.katalon.core.main.TestCaseExecutor.processExecutionPhase(TestCaseExecutor.java:418)
	at com.kms.katalon.core.main.TestCaseExecutor.accessMainPhase(TestCaseExecutor.java:410)
	at com.kms.katalon.core.main.TestCaseExecutor.execute(TestCaseExecutor.java:285)
	at com.kms.katalon.core.common.CommonExecutor.accessTestCaseMainPhase(CommonExecutor.java:65)
	at com.kms.katalon.core.main.TestSuiteExecutor.accessTestSuiteMainPhase(TestSuiteExecutor.java:148)
	at com.kms.katalon.core.main.TestSuiteExecutor.execute(TestSuiteExecutor.java:106)
	at com.kms.katalon.core.main.TestCaseMain.startTestSuite(TestCaseMain.java:187)
	at com.kms.katalon.core.main.TestCaseMain$startTestSuite$0.call(Unknown Source)
	at TempTestSuite1696567025672.run(TempTestSuite1696567025672.groovy:36)
Caused by: com.kms.katalon.core.exception.StepFailedException: Text 'Your unique URL must contain 3-100 letters or numbers. Don't use spaces, symbols, or special characters.' is not present on page 
	at com.kms.katalon.core.webui.keyword.internal.WebUIKeywordMain.stepFailed(WebUIKeywordMain.groovy:64)
	at com.kms.katalon.core.webui.keyword.builtin.VerifyTextPresentKeyword$_verifyTextPresent_closure1.doCall(VerifyTextPresentKeyword.groovy:79)
	at com.kms.katalon.core.webui.keyword.builtin.VerifyTextPresentKeyword$_verifyTextPresent_closure1.call(VerifyTextPresentKeyword.groovy)
	at com.kms.katalon.core.webui.keyword.internal.WebUIKeywordMain.runKeyword(WebUIKeywordMain.groovy:20)
	... 19 more


2023-10-06 11:43:48 - [TEST_STEP][PASSED] - callTestCase(findTestCase("M05 -Edit Sosial Media/TC-LS-001"), [:], STOP_ON_FAILURE): Call Test Case 'Test Cases/M05 -Edit Sosial Media/TC-LS-001' successfully

2023-10-06 11:43:48 - [TEST_CASE][PASSED] - Test Cases/M05 -Edit Sosial Media/TC-LS-001: Test Cases/M05 -Edit Sosial Media/TC-LS-001

2023-10-06 11:43:48 - [TEST_STEP][PASSED] - openBrowser(urlWeb): Browser is opened with url: 'https://10.9.2.63/ecommerce/'

2023-10-06 11:43:48 - [MESSAGE][WARNING] - A browser is already opened. Closing browser and opening a new one

2023-10-06 11:43:49 - [MESSAGE][INFO] - Starting 'Edge Chromium' driver

2023-10-06 11:43:49 - [MESSAGE][INFO] - User set preference: ['acceptInsecureCerts', 'true']

2023-10-06 11:43:52 - [MESSAGE][INFO] - Action delay is set to 0 milliseconds

2023-10-06 11:43:56 - [MESSAGE][PASSED] - Browser is opened with url: 'https://10.9.2.63/ecommerce/'

2023-10-06 11:43:56 - [TEST_STEP][PASSED] - maximizeWindow(): Current window maximized

2023-10-06 11:43:56 - [MESSAGE][PASSED] - Current window maximized

2023-10-06 11:43:56 - [TEST_STEP][PASSED] - click(findTestObject("Login/a_Login")): Object: 'Object Repository/Login/a_Login' is clicked on

2023-10-06 11:43:57 - [MESSAGE][PASSED] - Object: 'Object Repository/Login/a_Login' is clicked on

2023-10-06 11:43:57 - [TEST_STEP][PASSED] - setText(findTestObject("Login/input_Username, Email atau No. Handphone_a"), "runa36"): Text 'runa36' is set on object 'Object Repository/Login/input_Username, Email atau No. Handphone_a'

2023-10-06 11:43:58 - [MESSAGE][PASSED] - Text 'runa36' is set on object 'Object Repository/Login/input_Username, Email atau No. Handphone_a'

2023-10-06 11:43:58 - [TEST_STEP][PASSED] - setEncryptedText(findTestObject("Login/input_Password di Login(Masuk)"), "qbkrdMwyWE4="): Text ****** has been set on object 'Object Repository/Login/input_Password di Login(Masuk)'

2023-10-06 11:43:58 - [MESSAGE][PASSED] - Text ****** has been set on object 'Object Repository/Login/input_Password di Login(Masuk)'

2023-10-06 11:43:58 - [TEST_STEP][PASSED] - click(findTestObject("Login/button_Masuk di halaman login")): Object: 'Object Repository/Login/button_Masuk di halaman login' is clicked on

2023-10-06 11:44:00 - [MESSAGE][PASSED] - Object: 'Object Repository/Login/button_Masuk di halaman login' is clicked on

2023-10-06 11:44:00 - [TEST_STEP][PASSED] - verifyElementPresent(findTestObject("edit sosial media/verifikasi masuk halaman biodata diri"), 0): Object 'Object Repository/edit sosial media/verifikasi masuk halaman biodata diri' is present

2023-10-06 11:44:00 - [MESSAGE][WARNING] - Timeout '0' is invalid. Using default page load timeout: '30'

2023-10-06 11:44:00 - [MESSAGE][PASSED] - Object 'Object Repository/edit sosial media/verifikasi masuk halaman biodata diri' is present

2023-10-06 11:44:00 - [MESSAGE][PASSED] - Call Test Case 'Test Cases/M05 -Edit Sosial Media/TC-LS-001' successfully

2023-10-06 11:44:00 - [TEST_STEP][PASSED] - click(findTestObject("edit sosial media/a_Sosmed")): Object: 'Object Repository/edit sosial media/a_Sosmed' is clicked on

2023-10-06 11:44:02 - [MESSAGE][PASSED] - Object: 'Object Repository/edit sosial media/a_Sosmed' is clicked on

2023-10-06 11:44:02 - [TEST_STEP][PASSED] - click(findTestObject("edit sosial media/Edit Sosial Media")): Object: 'Object Repository/edit sosial media/Edit Sosial Media' is clicked on

2023-10-06 11:44:03 - [MESSAGE][PASSED] - Object: 'Object Repository/edit sosial media/Edit Sosial Media' is clicked on

2023-10-06 11:44:03 - [TEST_STEP][PASSED] - clearText(findTestObject("edit sosial media/input_LinkedIn_g")): Text of object 'Object Repository/edit sosial media/input_LinkedIn_g' is cleared

2023-10-06 11:44:04 - [MESSAGE][PASSED] - Text of object 'Object Repository/edit sosial media/input_LinkedIn_g' is cleared

2023-10-06 11:44:04 - [TEST_STEP][PASSED] - setText(findTestObject("edit sosial media/input_LinkedIn_g"), linkedin): Text 'www.linkedin.com/in/Ik' is set on object 'Object Repository/edit sosial media/input_LinkedIn_g'

2023-10-06 11:44:05 - [MESSAGE][PASSED] - Text 'www.linkedin.com/in/Ik' is set on object 'Object Repository/edit sosial media/input_LinkedIn_g'

2023-10-06 11:44:05 - [TEST_STEP][PASSED] - click(findTestObject("edit sosial media/center_Simpan Sosial Media")): Object: 'Object Repository/edit sosial media/center_Simpan Sosial Media' is clicked on

2023-10-06 11:44:06 - [MESSAGE][PASSED] - Object: 'Object Repository/edit sosial media/center_Simpan Sosial Media' is clicked on

2023-10-06 11:44:06 - [TEST_STEP][FAILED] - verifyTextPresent("Your unique URL must contain 3-100 letters or numbers. Don't use spaces, symbols, or special characters.", false): Unable to verify text 'Your unique URL must contain 3-100 letters or numbers. Don't use spaces, symbols, or special characters.' is present  (Root cause: com.kms.katalon.core.exception.StepFailedException: Unable to verify text 'Your unique URL must contain 3-100 letters or numbers. Don't use spaces, symbols, or special characters.' is present 
	at com.kms.katalon.core.webui.keyword.internal.WebUIKeywordMain.stepFailed(WebUIKeywordMain.groovy:64)
	at com.kms.katalon.core.webui.keyword.internal.WebUIKeywordMain.runKeyword(WebUIKeywordMain.groovy:26)
	at com.kms.katalon.core.webui.keyword.builtin.VerifyTextPresentKeyword.verifyTextPresent(VerifyTextPresentKeyword.groovy:83)
	at com.kms.katalon.core.webui.keyword.builtin.VerifyTextPresentKeyword.execute(VerifyTextPresentKeyword.groovy:68)
	at com.kms.katalon.core.keyword.internal.KeywordExecutor.executeKeywordForPlatform(KeywordExecutor.groovy:74)
	at com.kms.katalon.core.webui.keyword.WebUiBuiltInKeywords.verifyTextPresent(WebUiBuiltInKeywords.groovy:1723)
	at com.kms.katalon.core.webui.keyword.WebUiBuiltInKeywords$verifyTextPresent$9.call(Unknown Source)
	at TC-ESMF-010.run(TC-ESMF-010:32)
	at com.kms.katalon.core.main.ScriptEngine.run(ScriptEngine.java:194)
	at com.kms.katalon.core.main.ScriptEngine.runScriptAsRawText(ScriptEngine.java:119)
	at com.kms.katalon.core.main.TestCaseExecutor.runScript(TestCaseExecutor.java:448)
	at com.kms.katalon.core.main.TestCaseExecutor.doExecute(TestCaseExecutor.java:439)
	at com.kms.katalon.core.main.TestCaseExecutor.processExecutionPhase(TestCaseExecutor.java:418)
	at com.kms.katalon.core.main.TestCaseExecutor.accessMainPhase(TestCaseExecutor.java:410)
	at com.kms.katalon.core.main.TestCaseExecutor.execute(TestCaseExecutor.java:285)
	at com.kms.katalon.core.common.CommonExecutor.accessTestCaseMainPhase(CommonExecutor.java:65)
	at com.kms.katalon.core.main.TestSuiteExecutor.accessTestSuiteMainPhase(TestSuiteExecutor.java:148)
	at com.kms.katalon.core.main.TestSuiteExecutor.execute(TestSuiteExecutor.java:106)
	at com.kms.katalon.core.main.TestCaseMain.startTestSuite(TestCaseMain.java:187)
	at com.kms.katalon.core.main.TestCaseMain$startTestSuite$0.call(Unknown Source)
	at TempTestSuite1696567025672.run(TempTestSuite1696567025672.groovy:36)
Caused by: com.kms.katalon.core.exception.StepFailedException: Text 'Your unique URL must contain 3-100 letters or numbers. Don't use spaces, symbols, or special characters.' is not present on page 
	at com.kms.katalon.core.webui.keyword.internal.WebUIKeywordMain.stepFailed(WebUIKeywordMain.groovy:64)
	at com.kms.katalon.core.webui.keyword.builtin.VerifyTextPresentKeyword$_verifyTextPresent_closure1.doCall(VerifyTextPresentKeyword.groovy:79)
	at com.kms.katalon.core.webui.keyword.builtin.VerifyTextPresentKeyword$_verifyTextPresent_closure1.call(VerifyTextPresentKeyword.groovy)
	at com.kms.katalon.core.webui.keyword.internal.WebUIKeywordMain.runKeyword(WebUIKeywordMain.groovy:20)
	... 19 more
)

2023-10-06 11:44:07 - [MESSAGE][FAILED] - Text 'Your unique URL must contain 3-100 letters or numbers. Don't use spaces, symbols, or special characters.' is not present on page  (Root cause: com.kms.katalon.core.exception.StepFailedException: Text 'Your unique URL must contain 3-100 letters or numbers. Don't use spaces, symbols, or special characters.' is not present on page 
	at com.kms.katalon.core.webui.keyword.internal.WebUIKeywordMain.stepFailed(WebUIKeywordMain.groovy:64)
	at com.kms.katalon.core.webui.keyword.builtin.VerifyTextPresentKeyword$_verifyTextPresent_closure1.doCall(VerifyTextPresentKeyword.groovy:79)
	at com.kms.katalon.core.webui.keyword.builtin.VerifyTextPresentKeyword$_verifyTextPresent_closure1.call(VerifyTextPresentKeyword.groovy)
	at com.kms.katalon.core.webui.keyword.internal.WebUIKeywordMain.runKeyword(WebUIKeywordMain.groovy:20)
	at com.kms.katalon.core.webui.keyword.builtin.VerifyTextPresentKeyword.verifyTextPresent(VerifyTextPresentKeyword.groovy:83)
	at com.kms.katalon.core.webui.keyword.builtin.VerifyTextPresentKeyword.execute(VerifyTextPresentKeyword.groovy:68)
	at com.kms.katalon.core.keyword.internal.KeywordExecutor.executeKeywordForPlatform(KeywordExecutor.groovy:74)
	at com.kms.katalon.core.webui.keyword.WebUiBuiltInKeywords.verifyTextPresent(WebUiBuiltInKeywords.groovy:1723)
	at com.kms.katalon.core.webui.keyword.WebUiBuiltInKeywords$verifyTextPresent$9.call(Unknown Source)
	at TC-ESMF-010.run(TC-ESMF-010:32)
	at com.kms.katalon.core.main.ScriptEngine.run(ScriptEngine.java:194)
	at com.kms.katalon.core.main.ScriptEngine.runScriptAsRawText(ScriptEngine.java:119)
	at com.kms.katalon.core.main.TestCaseExecutor.runScript(TestCaseExecutor.java:448)
	at com.kms.katalon.core.main.TestCaseExecutor.doExecute(TestCaseExecutor.java:439)
	at com.kms.katalon.core.main.TestCaseExecutor.processExecutionPhase(TestCaseExecutor.java:418)
	at com.kms.katalon.core.main.TestCaseExecutor.accessMainPhase(TestCaseExecutor.java:410)
	at com.kms.katalon.core.main.TestCaseExecutor.execute(TestCaseExecutor.java:285)
	at com.kms.katalon.core.common.CommonExecutor.accessTestCaseMainPhase(CommonExecutor.java:65)
	at com.kms.katalon.core.main.TestSuiteExecutor.accessTestSuiteMainPhase(TestSuiteExecutor.java:148)
	at com.kms.katalon.core.main.TestSuiteExecutor.execute(TestSuiteExecutor.java:106)
	at com.kms.katalon.core.main.TestCaseMain.startTestSuite(TestCaseMain.java:187)
	at com.kms.katalon.core.main.TestCaseMain$startTestSuite$0.call(Unknown Source)
	at TempTestSuite1696567025672.run(TempTestSuite1696567025672.groovy:36)
)

2023-10-06 11:44:08 - [MESSAGE][FAILED] - Unable to verify text 'Your unique URL must contain 3-100 letters or numbers. Don't use spaces, symbols, or special characters.' is present  (Root cause: com.kms.katalon.core.exception.StepFailedException: Unable to verify text 'Your unique URL must contain 3-100 letters or numbers. Don't use spaces, symbols, or special characters.' is present 
	at com.kms.katalon.core.webui.keyword.internal.WebUIKeywordMain.stepFailed(WebUIKeywordMain.groovy:64)
	at com.kms.katalon.core.webui.keyword.internal.WebUIKeywordMain.runKeyword(WebUIKeywordMain.groovy:26)
	at com.kms.katalon.core.webui.keyword.builtin.VerifyTextPresentKeyword.verifyTextPresent(VerifyTextPresentKeyword.groovy:83)
	at com.kms.katalon.core.webui.keyword.builtin.VerifyTextPresentKeyword.execute(VerifyTextPresentKeyword.groovy:68)
	at com.kms.katalon.core.keyword.internal.KeywordExecutor.executeKeywordForPlatform(KeywordExecutor.groovy:74)
	at com.kms.katalon.core.webui.keyword.WebUiBuiltInKeywords.verifyTextPresent(WebUiBuiltInKeywords.groovy:1723)
	at com.kms.katalon.core.webui.keyword.WebUiBuiltInKeywords$verifyTextPresent$9.call(Unknown Source)
	at TC-ESMF-010.run(TC-ESMF-010:32)
	at com.kms.katalon.core.main.ScriptEngine.run(ScriptEngine.java:194)
	at com.kms.katalon.core.main.ScriptEngine.runScriptAsRawText(ScriptEngine.java:119)
	at com.kms.katalon.core.main.TestCaseExecutor.runScript(TestCaseExecutor.java:448)
	at com.kms.katalon.core.main.TestCaseExecutor.doExecute(TestCaseExecutor.java:439)
	at com.kms.katalon.core.main.TestCaseExecutor.processExecutionPhase(TestCaseExecutor.java:418)
	at com.kms.katalon.core.main.TestCaseExecutor.accessMainPhase(TestCaseExecutor.java:410)
	at com.kms.katalon.core.main.TestCaseExecutor.execute(TestCaseExecutor.java:285)
	at com.kms.katalon.core.common.CommonExecutor.accessTestCaseMainPhase(CommonExecutor.java:65)
	at com.kms.katalon.core.main.TestSuiteExecutor.accessTestSuiteMainPhase(TestSuiteExecutor.java:148)
	at com.kms.katalon.core.main.TestSuiteExecutor.execute(TestSuiteExecutor.java:106)
	at com.kms.katalon.core.main.TestCaseMain.startTestSuite(TestCaseMain.java:187)
	at com.kms.katalon.core.main.TestCaseMain$startTestSuite$0.call(Unknown Source)
	at TempTestSuite1696567025672.run(TempTestSuite1696567025672.groovy:36)
Caused by: com.kms.katalon.core.exception.StepFailedException: Text 'Your unique URL must contain 3-100 letters or numbers. Don't use spaces, symbols, or special characters.' is not present on page 
	at com.kms.katalon.core.webui.keyword.internal.WebUIKeywordMain.stepFailed(WebUIKeywordMain.groovy:64)
	at com.kms.katalon.core.webui.keyword.builtin.VerifyTextPresentKeyword$_verifyTextPresent_closure1.doCall(VerifyTextPresentKeyword.groovy:79)
	at com.kms.katalon.core.webui.keyword.builtin.VerifyTextPresentKeyword$_verifyTextPresent_closure1.call(VerifyTextPresentKeyword.groovy)
	at com.kms.katalon.core.webui.keyword.internal.WebUIKeywordMain.runKeyword(WebUIKeywordMain.groovy:20)
	... 19 more
)
[[ATTACHMENT|F:\\bootcamp\\Miniproject\\Tajalapak\\Reports\\20231006_113705\\M05 - Edit Sosial Media\\20231006_113705\\1696567447871.png]]]]></system-out>
         <system-err><![CDATA[2023-10-06 11:43:48 - [TEST_CASE][FAILED] - Test Cases/M05 -Edit Sosial Media/TC-ESMF-010: Test Cases/M05 -Edit Sosial Media/TC-ESMF-010 FAILED.
Reason:
com.kms.katalon.core.exception.StepFailedException: Unable to verify text 'Your unique URL must contain 3-100 letters or numbers. Don't use spaces, symbols, or special characters.' is present 
	at com.kms.katalon.core.webui.keyword.internal.WebUIKeywordMain.stepFailed(WebUIKeywordMain.groovy:64)
	at com.kms.katalon.core.webui.keyword.internal.WebUIKeywordMain.runKeyword(WebUIKeywordMain.groovy:26)
	at com.kms.katalon.core.webui.keyword.builtin.VerifyTextPresentKeyword.verifyTextPresent(VerifyTextPresentKeyword.groovy:83)
	at com.kms.katalon.core.webui.keyword.builtin.VerifyTextPresentKeyword.execute(VerifyTextPresentKeyword.groovy:68)
	at com.kms.katalon.core.keyword.internal.KeywordExecutor.executeKeywordForPlatform(KeywordExecutor.groovy:74)
	at com.kms.katalon.core.webui.keyword.WebUiBuiltInKeywords.verifyTextPresent(WebUiBuiltInKeywords.groovy:1723)
	at com.kms.katalon.core.webui.keyword.WebUiBuiltInKeywords$verifyTextPresent$9.call(Unknown Source)
	at TC-ESMF-010.run(TC-ESMF-010:32)
	at com.kms.katalon.core.main.ScriptEngine.run(ScriptEngine.java:194)
	at com.kms.katalon.core.main.ScriptEngine.runScriptAsRawText(ScriptEngine.java:119)
	at com.kms.katalon.core.main.TestCaseExecutor.runScript(TestCaseExecutor.java:448)
	at com.kms.katalon.core.main.TestCaseExecutor.doExecute(TestCaseExecutor.java:439)
	at com.kms.katalon.core.main.TestCaseExecutor.processExecutionPhase(TestCaseExecutor.java:418)
	at com.kms.katalon.core.main.TestCaseExecutor.accessMainPhase(TestCaseExecutor.java:410)
	at com.kms.katalon.core.main.TestCaseExecutor.execute(TestCaseExecutor.java:285)
	at com.kms.katalon.core.common.CommonExecutor.accessTestCaseMainPhase(CommonExecutor.java:65)
	at com.kms.katalon.core.main.TestSuiteExecutor.accessTestSuiteMainPhase(TestSuiteExecutor.java:148)
	at com.kms.katalon.core.main.TestSuiteExecutor.execute(TestSuiteExecutor.java:106)
	at com.kms.katalon.core.main.TestCaseMain.startTestSuite(TestCaseMain.java:187)
	at com.kms.katalon.core.main.TestCaseMain$startTestSuite$0.call(Unknown Source)
	at TempTestSuite1696567025672.run(TempTestSuite1696567025672.groovy:36)
Caused by: com.kms.katalon.core.exception.StepFailedException: Text 'Your unique URL must contain 3-100 letters or numbers. Don't use spaces, symbols, or special characters.' is not present on page 
	at com.kms.katalon.core.webui.keyword.internal.WebUIKeywordMain.stepFailed(WebUIKeywordMain.groovy:64)
	at com.kms.katalon.core.webui.keyword.builtin.VerifyTextPresentKeyword$_verifyTextPresent_closure1.doCall(VerifyTextPresentKeyword.groovy:79)
	at com.kms.katalon.core.webui.keyword.builtin.VerifyTextPresentKeyword$_verifyTextPresent_closure1.call(VerifyTextPresentKeyword.groovy)
	at com.kms.katalon.core.webui.keyword.internal.WebUIKeywordMain.runKeyword(WebUIKeywordMain.groovy:20)
	... 19 more]]></system-err>
      </testcase>
      <testcase name="Test Cases/M05 -Edit Sosial Media/TC-ESMF-011" time="17.831" classname="Test Cases/M05 -Edit Sosial Media/TC-ESMF-011" status="PASSED">
         <system-out><![CDATA[2023-10-06 11:44:08 - [TEST_CASE][PASSED] - Test Cases/M05 -Edit Sosial Media/TC-ESMF-011: Test Cases/M05 -Edit Sosial Media/TC-ESMF-011

2023-10-06 11:44:08 - [TEST_STEP][PASSED] - callTestCase(findTestCase("M05 -Edit Sosial Media/TC-LS-001"), [:], STOP_ON_FAILURE): Call Test Case 'Test Cases/M05 -Edit Sosial Media/TC-LS-001' successfully

2023-10-06 11:44:08 - [TEST_CASE][PASSED] - Test Cases/M05 -Edit Sosial Media/TC-LS-001: Test Cases/M05 -Edit Sosial Media/TC-LS-001

2023-10-06 11:44:08 - [TEST_STEP][PASSED] - openBrowser(urlWeb): Browser is opened with url: 'https://10.9.2.63/ecommerce/'

2023-10-06 11:44:08 - [MESSAGE][WARNING] - A browser is already opened. Closing browser and opening a new one

2023-10-06 11:44:09 - [MESSAGE][INFO] - Starting 'Edge Chromium' driver

2023-10-06 11:44:09 - [MESSAGE][INFO] - User set preference: ['acceptInsecureCerts', 'true']

2023-10-06 11:44:11 - [MESSAGE][INFO] - Action delay is set to 0 milliseconds

2023-10-06 11:44:15 - [MESSAGE][PASSED] - Browser is opened with url: 'https://10.9.2.63/ecommerce/'

2023-10-06 11:44:15 - [TEST_STEP][PASSED] - maximizeWindow(): Current window maximized

2023-10-06 11:44:15 - [MESSAGE][PASSED] - Current window maximized

2023-10-06 11:44:15 - [TEST_STEP][PASSED] - click(findTestObject("Login/a_Login")): Object: 'Object Repository/Login/a_Login' is clicked on

2023-10-06 11:44:16 - [MESSAGE][PASSED] - Object: 'Object Repository/Login/a_Login' is clicked on

2023-10-06 11:44:16 - [TEST_STEP][PASSED] - setText(findTestObject("Login/input_Username, Email atau No. Handphone_a"), "runa36"): Text 'runa36' is set on object 'Object Repository/Login/input_Username, Email atau No. Handphone_a'

2023-10-06 11:44:18 - [MESSAGE][PASSED] - Text 'runa36' is set on object 'Object Repository/Login/input_Username, Email atau No. Handphone_a'

2023-10-06 11:44:18 - [TEST_STEP][PASSED] - setEncryptedText(findTestObject("Login/input_Password di Login(Masuk)"), "qbkrdMwyWE4="): Text ****** has been set on object 'Object Repository/Login/input_Password di Login(Masuk)'

2023-10-06 11:44:18 - [MESSAGE][PASSED] - Text ****** has been set on object 'Object Repository/Login/input_Password di Login(Masuk)'

2023-10-06 11:44:18 - [TEST_STEP][PASSED] - click(findTestObject("Login/button_Masuk di halaman login")): Object: 'Object Repository/Login/button_Masuk di halaman login' is clicked on

2023-10-06 11:44:20 - [MESSAGE][PASSED] - Object: 'Object Repository/Login/button_Masuk di halaman login' is clicked on

2023-10-06 11:44:20 - [TEST_STEP][PASSED] - verifyElementPresent(findTestObject("edit sosial media/verifikasi masuk halaman biodata diri"), 0): Object 'Object Repository/edit sosial media/verifikasi masuk halaman biodata diri' is present

2023-10-06 11:44:20 - [MESSAGE][WARNING] - Timeout '0' is invalid. Using default page load timeout: '30'

2023-10-06 11:44:21 - [MESSAGE][PASSED] - Object 'Object Repository/edit sosial media/verifikasi masuk halaman biodata diri' is present

2023-10-06 11:44:21 - [MESSAGE][PASSED] - Call Test Case 'Test Cases/M05 -Edit Sosial Media/TC-LS-001' successfully

2023-10-06 11:44:21 - [TEST_STEP][PASSED] - click(findTestObject("edit sosial media/a_Sosmed")): Object: 'Object Repository/edit sosial media/a_Sosmed' is clicked on

2023-10-06 11:44:22 - [MESSAGE][PASSED] - Object: 'Object Repository/edit sosial media/a_Sosmed' is clicked on

2023-10-06 11:44:22 - [TEST_STEP][PASSED] - click(findTestObject("edit sosial media/Edit Sosial Media")): Object: 'Object Repository/edit sosial media/Edit Sosial Media' is clicked on

2023-10-06 11:44:23 - [MESSAGE][PASSED] - Object: 'Object Repository/edit sosial media/Edit Sosial Media' is clicked on

2023-10-06 11:44:23 - [TEST_STEP][PASSED] - clearText(findTestObject("edit sosial media/input_LinkedIn_g")): Text of object 'Object Repository/edit sosial media/input_LinkedIn_g' is cleared

2023-10-06 11:44:24 - [MESSAGE][PASSED] - Text of object 'Object Repository/edit sosial media/input_LinkedIn_g' is cleared

2023-10-06 11:44:24 - [TEST_STEP][PASSED] - setText(findTestObject("edit sosial media/input_LinkedIn_g"), linkedin, CONTINUE_ON_FAILURE): Text 'www.linkedin.com/in/runa run' is set on object 'Object Repository/edit sosial media/input_LinkedIn_g'

2023-10-06 11:44:25 - [MESSAGE][PASSED] - Text 'www.linkedin.com/in/runa run' is set on object 'Object Repository/edit sosial media/input_LinkedIn_g'

2023-10-06 11:44:25 - [TEST_STEP][PASSED] - waitForAlert(2, OPTIONAL): Alert is present after 2 second(s).

2023-10-06 11:44:25 - [MESSAGE][PASSED] - Alert is present after 2 second(s).

2023-10-06 11:44:25 - [TEST_STEP][PASSED] - webDriver = getWebDriver(): null

2023-10-06 11:44:25 - [TEST_STEP][PASSED] - AlertText = alert().getText(): null

2023-10-06 11:44:25 - [TEST_STEP][PASSED] - verifyEqual(AlertText, "Maaf, Tidak Boleh Menggunakan Spasi,.."): Actual object 'Maaf, Tidak Boleh Menggunakan Spasi,..' and expected object 'Maaf, Tidak Boleh Menggunakan Spasi,..' are equal

2023-10-06 11:44:25 - [MESSAGE][PASSED] - Actual object 'Maaf, Tidak Boleh Menggunakan Spasi,..' and expected object 'Maaf, Tidak Boleh Menggunakan Spasi,..' are equal]]></system-out>
         <system-err><![CDATA[]]></system-err>
      </testcase>
      <testcase name="Test Cases/M05 -Edit Sosial Media/TC-ESMF-012" time="19.856" classname="Test Cases/M05 -Edit Sosial Media/TC-ESMF-012" status="FAILED">
         <failure type="FAILED" message="Test Cases/M05 -Edit Sosial Media/TC-ESMF-012 FAILED.
Reason:
com.kms.katalon.core.exception.StepFailedException: Unable to verify text 'Your unique URL must contain 3-100 letters or numbers. Don't use spaces, symbols, or special characters.' is present 
	at com.kms.katalon.core.webui.keyword.internal.WebUIKeywordMain.stepFailed(WebUIKeywordMain.groovy:64)
	at com.kms.katalon.core.webui.keyword.internal.WebUIKeywordMain.runKeyword(WebUIKeywordMain.groovy:26)
	at com.kms.katalon.core.webui.keyword.builtin.VerifyTextPresentKeyword.verifyTextPresent(VerifyTextPresentKeyword.groovy:83)
	at com.kms.katalon.core.webui.keyword.builtin.VerifyTextPresentKeyword.execute(VerifyTextPresentKeyword.groovy:68)
	at com.kms.katalon.core.keyword.internal.KeywordExecutor.executeKeywordForPlatform(KeywordExecutor.groovy:74)
	at com.kms.katalon.core.webui.keyword.WebUiBuiltInKeywords.verifyTextPresent(WebUiBuiltInKeywords.groovy:1723)
	at com.kms.katalon.core.webui.keyword.WebUiBuiltInKeywords$verifyTextPresent$9.call(Unknown Source)
	at TC-ESMF-012.run(TC-ESMF-012:34)
	at com.kms.katalon.core.main.ScriptEngine.run(ScriptEngine.java:194)
	at com.kms.katalon.core.main.ScriptEngine.runScriptAsRawText(ScriptEngine.java:119)
	at com.kms.katalon.core.main.TestCaseExecutor.runScript(TestCaseExecutor.java:448)
	at com.kms.katalon.core.main.TestCaseExecutor.doExecute(TestCaseExecutor.java:439)
	at com.kms.katalon.core.main.TestCaseExecutor.processExecutionPhase(TestCaseExecutor.java:418)
	at com.kms.katalon.core.main.TestCaseExecutor.accessMainPhase(TestCaseExecutor.java:410)
	at com.kms.katalon.core.main.TestCaseExecutor.execute(TestCaseExecutor.java:285)
	at com.kms.katalon.core.common.CommonExecutor.accessTestCaseMainPhase(CommonExecutor.java:65)
	at com.kms.katalon.core.main.TestSuiteExecutor.accessTestSuiteMainPhase(TestSuiteExecutor.java:148)
	at com.kms.katalon.core.main.TestSuiteExecutor.execute(TestSuiteExecutor.java:106)
	at com.kms.katalon.core.main.TestCaseMain.startTestSuite(TestCaseMain.java:187)
	at com.kms.katalon.core.main.TestCaseMain$startTestSuite$0.call(Unknown Source)
	at TempTestSuite1696567025672.run(TempTestSuite1696567025672.groovy:36)
Caused by: com.kms.katalon.core.exception.StepFailedException: Text 'Your unique URL must contain 3-100 letters or numbers. Don't use spaces, symbols, or special characters.' is not present on page 
	at com.kms.katalon.core.webui.keyword.internal.WebUIKeywordMain.stepFailed(WebUIKeywordMain.groovy:64)
	at com.kms.katalon.core.webui.keyword.builtin.VerifyTextPresentKeyword$_verifyTextPresent_closure1.doCall(VerifyTextPresentKeyword.groovy:79)
	at com.kms.katalon.core.webui.keyword.builtin.VerifyTextPresentKeyword$_verifyTextPresent_closure1.call(VerifyTextPresentKeyword.groovy)
	at com.kms.katalon.core.webui.keyword.internal.WebUIKeywordMain.runKeyword(WebUIKeywordMain.groovy:20)
	... 19 more
"/>
         <system-out><![CDATA[2023-10-06 11:44:25 - [TEST_CASE][FAILED] - Test Cases/M05 -Edit Sosial Media/TC-ESMF-012: Test Cases/M05 -Edit Sosial Media/TC-ESMF-012 FAILED.
Reason:
com.kms.katalon.core.exception.StepFailedException: Unable to verify text 'Your unique URL must contain 3-100 letters or numbers. Don't use spaces, symbols, or special characters.' is present 
	at com.kms.katalon.core.webui.keyword.internal.WebUIKeywordMain.stepFailed(WebUIKeywordMain.groovy:64)
	at com.kms.katalon.core.webui.keyword.internal.WebUIKeywordMain.runKeyword(WebUIKeywordMain.groovy:26)
	at com.kms.katalon.core.webui.keyword.builtin.VerifyTextPresentKeyword.verifyTextPresent(VerifyTextPresentKeyword.groovy:83)
	at com.kms.katalon.core.webui.keyword.builtin.VerifyTextPresentKeyword.execute(VerifyTextPresentKeyword.groovy:68)
	at com.kms.katalon.core.keyword.internal.KeywordExecutor.executeKeywordForPlatform(KeywordExecutor.groovy:74)
	at com.kms.katalon.core.webui.keyword.WebUiBuiltInKeywords.verifyTextPresent(WebUiBuiltInKeywords.groovy:1723)
	at com.kms.katalon.core.webui.keyword.WebUiBuiltInKeywords$verifyTextPresent$9.call(Unknown Source)
	at TC-ESMF-012.run(TC-ESMF-012:34)
	at com.kms.katalon.core.main.ScriptEngine.run(ScriptEngine.java:194)
	at com.kms.katalon.core.main.ScriptEngine.runScriptAsRawText(ScriptEngine.java:119)
	at com.kms.katalon.core.main.TestCaseExecutor.runScript(TestCaseExecutor.java:448)
	at com.kms.katalon.core.main.TestCaseExecutor.doExecute(TestCaseExecutor.java:439)
	at com.kms.katalon.core.main.TestCaseExecutor.processExecutionPhase(TestCaseExecutor.java:418)
	at com.kms.katalon.core.main.TestCaseExecutor.accessMainPhase(TestCaseExecutor.java:410)
	at com.kms.katalon.core.main.TestCaseExecutor.execute(TestCaseExecutor.java:285)
	at com.kms.katalon.core.common.CommonExecutor.accessTestCaseMainPhase(CommonExecutor.java:65)
	at com.kms.katalon.core.main.TestSuiteExecutor.accessTestSuiteMainPhase(TestSuiteExecutor.java:148)
	at com.kms.katalon.core.main.TestSuiteExecutor.execute(TestSuiteExecutor.java:106)
	at com.kms.katalon.core.main.TestCaseMain.startTestSuite(TestCaseMain.java:187)
	at com.kms.katalon.core.main.TestCaseMain$startTestSuite$0.call(Unknown Source)
	at TempTestSuite1696567025672.run(TempTestSuite1696567025672.groovy:36)
Caused by: com.kms.katalon.core.exception.StepFailedException: Text 'Your unique URL must contain 3-100 letters or numbers. Don't use spaces, symbols, or special characters.' is not present on page 
	at com.kms.katalon.core.webui.keyword.internal.WebUIKeywordMain.stepFailed(WebUIKeywordMain.groovy:64)
	at com.kms.katalon.core.webui.keyword.builtin.VerifyTextPresentKeyword$_verifyTextPresent_closure1.doCall(VerifyTextPresentKeyword.groovy:79)
	at com.kms.katalon.core.webui.keyword.builtin.VerifyTextPresentKeyword$_verifyTextPresent_closure1.call(VerifyTextPresentKeyword.groovy)
	at com.kms.katalon.core.webui.keyword.internal.WebUIKeywordMain.runKeyword(WebUIKeywordMain.groovy:20)
	... 19 more


2023-10-06 11:44:26 - [TEST_STEP][PASSED] - callTestCase(findTestCase("M05 -Edit Sosial Media/TC-LS-001"), [:], STOP_ON_FAILURE): Call Test Case 'Test Cases/M05 -Edit Sosial Media/TC-LS-001' successfully

2023-10-06 11:44:26 - [TEST_CASE][PASSED] - Test Cases/M05 -Edit Sosial Media/TC-LS-001: Test Cases/M05 -Edit Sosial Media/TC-LS-001

2023-10-06 11:44:26 - [TEST_STEP][PASSED] - openBrowser(urlWeb): Browser is opened with url: 'https://10.9.2.63/ecommerce/'

2023-10-06 11:44:26 - [MESSAGE][WARNING] - A browser is already opened. Closing browser and opening a new one

2023-10-06 11:44:27 - [MESSAGE][INFO] - Starting 'Edge Chromium' driver

2023-10-06 11:44:27 - [MESSAGE][INFO] - User set preference: ['acceptInsecureCerts', 'true']

2023-10-06 11:44:29 - [MESSAGE][INFO] - Action delay is set to 0 milliseconds

2023-10-06 11:44:33 - [MESSAGE][PASSED] - Browser is opened with url: 'https://10.9.2.63/ecommerce/'

2023-10-06 11:44:33 - [TEST_STEP][PASSED] - maximizeWindow(): Current window maximized

2023-10-06 11:44:34 - [MESSAGE][PASSED] - Current window maximized

2023-10-06 11:44:34 - [TEST_STEP][PASSED] - click(findTestObject("Login/a_Login")): Object: 'Object Repository/Login/a_Login' is clicked on

2023-10-06 11:44:35 - [MESSAGE][PASSED] - Object: 'Object Repository/Login/a_Login' is clicked on

2023-10-06 11:44:35 - [TEST_STEP][PASSED] - setText(findTestObject("Login/input_Username, Email atau No. Handphone_a"), "runa36"): Text 'runa36' is set on object 'Object Repository/Login/input_Username, Email atau No. Handphone_a'

2023-10-06 11:44:36 - [MESSAGE][PASSED] - Text 'runa36' is set on object 'Object Repository/Login/input_Username, Email atau No. Handphone_a'

2023-10-06 11:44:36 - [TEST_STEP][PASSED] - setEncryptedText(findTestObject("Login/input_Password di Login(Masuk)"), "qbkrdMwyWE4="): Text ****** has been set on object 'Object Repository/Login/input_Password di Login(Masuk)'

2023-10-06 11:44:36 - [MESSAGE][PASSED] - Text ****** has been set on object 'Object Repository/Login/input_Password di Login(Masuk)'

2023-10-06 11:44:36 - [TEST_STEP][PASSED] - click(findTestObject("Login/button_Masuk di halaman login")): Object: 'Object Repository/Login/button_Masuk di halaman login' is clicked on

2023-10-06 11:44:38 - [MESSAGE][PASSED] - Object: 'Object Repository/Login/button_Masuk di halaman login' is clicked on

2023-10-06 11:44:38 - [TEST_STEP][PASSED] - verifyElementPresent(findTestObject("edit sosial media/verifikasi masuk halaman biodata diri"), 0): Object 'Object Repository/edit sosial media/verifikasi masuk halaman biodata diri' is present

2023-10-06 11:44:38 - [MESSAGE][WARNING] - Timeout '0' is invalid. Using default page load timeout: '30'

2023-10-06 11:44:39 - [MESSAGE][PASSED] - Object 'Object Repository/edit sosial media/verifikasi masuk halaman biodata diri' is present

2023-10-06 11:44:39 - [MESSAGE][PASSED] - Call Test Case 'Test Cases/M05 -Edit Sosial Media/TC-LS-001' successfully

2023-10-06 11:44:39 - [TEST_STEP][PASSED] - click(findTestObject("edit sosial media/a_Sosmed")): Object: 'Object Repository/edit sosial media/a_Sosmed' is clicked on

2023-10-06 11:44:40 - [MESSAGE][PASSED] - Object: 'Object Repository/edit sosial media/a_Sosmed' is clicked on

2023-10-06 11:44:40 - [TEST_STEP][PASSED] - click(findTestObject("edit sosial media/Edit Sosial Media")): Object: 'Object Repository/edit sosial media/Edit Sosial Media' is clicked on

2023-10-06 11:44:41 - [MESSAGE][PASSED] - Object: 'Object Repository/edit sosial media/Edit Sosial Media' is clicked on

2023-10-06 11:44:41 - [TEST_STEP][PASSED] - clearText(findTestObject("edit sosial media/input_LinkedIn_g")): Text of object 'Object Repository/edit sosial media/input_LinkedIn_g' is cleared

2023-10-06 11:44:42 - [MESSAGE][PASSED] - Text of object 'Object Repository/edit sosial media/input_LinkedIn_g' is cleared

2023-10-06 11:44:42 - [TEST_STEP][PASSED] - setText(findTestObject("edit sosial media/input_LinkedIn_g"), linkedin, CONTINUE_ON_FAILURE): Text 'www.linkedin.com/in/run@arun' is set on object 'Object Repository/edit sosial media/input_LinkedIn_g'

2023-10-06 11:44:43 - [MESSAGE][PASSED] - Text 'www.linkedin.com/in/run@arun' is set on object 'Object Repository/edit sosial media/input_LinkedIn_g'

2023-10-06 11:44:43 - [TEST_STEP][PASSED] - click(findTestObject("edit sosial media/center_Simpan Sosial Media")): Object: 'Object Repository/edit sosial media/center_Simpan Sosial Media' is clicked on

2023-10-06 11:44:44 - [MESSAGE][PASSED] - Object: 'Object Repository/edit sosial media/center_Simpan Sosial Media' is clicked on

2023-10-06 11:44:44 - [TEST_STEP][FAILED] - verifyTextPresent("Your unique URL must contain 3-100 letters or numbers. Don't use spaces, symbols, or special characters.", false): Unable to verify text 'Your unique URL must contain 3-100 letters or numbers. Don't use spaces, symbols, or special characters.' is present  (Root cause: com.kms.katalon.core.exception.StepFailedException: Unable to verify text 'Your unique URL must contain 3-100 letters or numbers. Don't use spaces, symbols, or special characters.' is present 
	at com.kms.katalon.core.webui.keyword.internal.WebUIKeywordMain.stepFailed(WebUIKeywordMain.groovy:64)
	at com.kms.katalon.core.webui.keyword.internal.WebUIKeywordMain.runKeyword(WebUIKeywordMain.groovy:26)
	at com.kms.katalon.core.webui.keyword.builtin.VerifyTextPresentKeyword.verifyTextPresent(VerifyTextPresentKeyword.groovy:83)
	at com.kms.katalon.core.webui.keyword.builtin.VerifyTextPresentKeyword.execute(VerifyTextPresentKeyword.groovy:68)
	at com.kms.katalon.core.keyword.internal.KeywordExecutor.executeKeywordForPlatform(KeywordExecutor.groovy:74)
	at com.kms.katalon.core.webui.keyword.WebUiBuiltInKeywords.verifyTextPresent(WebUiBuiltInKeywords.groovy:1723)
	at com.kms.katalon.core.webui.keyword.WebUiBuiltInKeywords$verifyTextPresent$9.call(Unknown Source)
	at TC-ESMF-012.run(TC-ESMF-012:34)
	at com.kms.katalon.core.main.ScriptEngine.run(ScriptEngine.java:194)
	at com.kms.katalon.core.main.ScriptEngine.runScriptAsRawText(ScriptEngine.java:119)
	at com.kms.katalon.core.main.TestCaseExecutor.runScript(TestCaseExecutor.java:448)
	at com.kms.katalon.core.main.TestCaseExecutor.doExecute(TestCaseExecutor.java:439)
	at com.kms.katalon.core.main.TestCaseExecutor.processExecutionPhase(TestCaseExecutor.java:418)
	at com.kms.katalon.core.main.TestCaseExecutor.accessMainPhase(TestCaseExecutor.java:410)
	at com.kms.katalon.core.main.TestCaseExecutor.execute(TestCaseExecutor.java:285)
	at com.kms.katalon.core.common.CommonExecutor.accessTestCaseMainPhase(CommonExecutor.java:65)
	at com.kms.katalon.core.main.TestSuiteExecutor.accessTestSuiteMainPhase(TestSuiteExecutor.java:148)
	at com.kms.katalon.core.main.TestSuiteExecutor.execute(TestSuiteExecutor.java:106)
	at com.kms.katalon.core.main.TestCaseMain.startTestSuite(TestCaseMain.java:187)
	at com.kms.katalon.core.main.TestCaseMain$startTestSuite$0.call(Unknown Source)
	at TempTestSuite1696567025672.run(TempTestSuite1696567025672.groovy:36)
Caused by: com.kms.katalon.core.exception.StepFailedException: Text 'Your unique URL must contain 3-100 letters or numbers. Don't use spaces, symbols, or special characters.' is not present on page 
	at com.kms.katalon.core.webui.keyword.internal.WebUIKeywordMain.stepFailed(WebUIKeywordMain.groovy:64)
	at com.kms.katalon.core.webui.keyword.builtin.VerifyTextPresentKeyword$_verifyTextPresent_closure1.doCall(VerifyTextPresentKeyword.groovy:79)
	at com.kms.katalon.core.webui.keyword.builtin.VerifyTextPresentKeyword$_verifyTextPresent_closure1.call(VerifyTextPresentKeyword.groovy)
	at com.kms.katalon.core.webui.keyword.internal.WebUIKeywordMain.runKeyword(WebUIKeywordMain.groovy:20)
	... 19 more
)

2023-10-06 11:44:45 - [MESSAGE][FAILED] - Text 'Your unique URL must contain 3-100 letters or numbers. Don't use spaces, symbols, or special characters.' is not present on page  (Root cause: com.kms.katalon.core.exception.StepFailedException: Text 'Your unique URL must contain 3-100 letters or numbers. Don't use spaces, symbols, or special characters.' is not present on page 
	at com.kms.katalon.core.webui.keyword.internal.WebUIKeywordMain.stepFailed(WebUIKeywordMain.groovy:64)
	at com.kms.katalon.core.webui.keyword.builtin.VerifyTextPresentKeyword$_verifyTextPresent_closure1.doCall(VerifyTextPresentKeyword.groovy:79)
	at com.kms.katalon.core.webui.keyword.builtin.VerifyTextPresentKeyword$_verifyTextPresent_closure1.call(VerifyTextPresentKeyword.groovy)
	at com.kms.katalon.core.webui.keyword.internal.WebUIKeywordMain.runKeyword(WebUIKeywordMain.groovy:20)
	at com.kms.katalon.core.webui.keyword.builtin.VerifyTextPresentKeyword.verifyTextPresent(VerifyTextPresentKeyword.groovy:83)
	at com.kms.katalon.core.webui.keyword.builtin.VerifyTextPresentKeyword.execute(VerifyTextPresentKeyword.groovy:68)
	at com.kms.katalon.core.keyword.internal.KeywordExecutor.executeKeywordForPlatform(KeywordExecutor.groovy:74)
	at com.kms.katalon.core.webui.keyword.WebUiBuiltInKeywords.verifyTextPresent(WebUiBuiltInKeywords.groovy:1723)
	at com.kms.katalon.core.webui.keyword.WebUiBuiltInKeywords$verifyTextPresent$9.call(Unknown Source)
	at TC-ESMF-012.run(TC-ESMF-012:34)
	at com.kms.katalon.core.main.ScriptEngine.run(ScriptEngine.java:194)
	at com.kms.katalon.core.main.ScriptEngine.runScriptAsRawText(ScriptEngine.java:119)
	at com.kms.katalon.core.main.TestCaseExecutor.runScript(TestCaseExecutor.java:448)
	at com.kms.katalon.core.main.TestCaseExecutor.doExecute(TestCaseExecutor.java:439)
	at com.kms.katalon.core.main.TestCaseExecutor.processExecutionPhase(TestCaseExecutor.java:418)
	at com.kms.katalon.core.main.TestCaseExecutor.accessMainPhase(TestCaseExecutor.java:410)
	at com.kms.katalon.core.main.TestCaseExecutor.execute(TestCaseExecutor.java:285)
	at com.kms.katalon.core.common.CommonExecutor.accessTestCaseMainPhase(CommonExecutor.java:65)
	at com.kms.katalon.core.main.TestSuiteExecutor.accessTestSuiteMainPhase(TestSuiteExecutor.java:148)
	at com.kms.katalon.core.main.TestSuiteExecutor.execute(TestSuiteExecutor.java:106)
	at com.kms.katalon.core.main.TestCaseMain.startTestSuite(TestCaseMain.java:187)
	at com.kms.katalon.core.main.TestCaseMain$startTestSuite$0.call(Unknown Source)
	at TempTestSuite1696567025672.run(TempTestSuite1696567025672.groovy:36)
)

2023-10-06 11:44:45 - [MESSAGE][FAILED] - Unable to verify text 'Your unique URL must contain 3-100 letters or numbers. Don't use spaces, symbols, or special characters.' is present  (Root cause: com.kms.katalon.core.exception.StepFailedException: Unable to verify text 'Your unique URL must contain 3-100 letters or numbers. Don't use spaces, symbols, or special characters.' is present 
	at com.kms.katalon.core.webui.keyword.internal.WebUIKeywordMain.stepFailed(WebUIKeywordMain.groovy:64)
	at com.kms.katalon.core.webui.keyword.internal.WebUIKeywordMain.runKeyword(WebUIKeywordMain.groovy:26)
	at com.kms.katalon.core.webui.keyword.builtin.VerifyTextPresentKeyword.verifyTextPresent(VerifyTextPresentKeyword.groovy:83)
	at com.kms.katalon.core.webui.keyword.builtin.VerifyTextPresentKeyword.execute(VerifyTextPresentKeyword.groovy:68)
	at com.kms.katalon.core.keyword.internal.KeywordExecutor.executeKeywordForPlatform(KeywordExecutor.groovy:74)
	at com.kms.katalon.core.webui.keyword.WebUiBuiltInKeywords.verifyTextPresent(WebUiBuiltInKeywords.groovy:1723)
	at com.kms.katalon.core.webui.keyword.WebUiBuiltInKeywords$verifyTextPresent$9.call(Unknown Source)
	at TC-ESMF-012.run(TC-ESMF-012:34)
	at com.kms.katalon.core.main.ScriptEngine.run(ScriptEngine.java:194)
	at com.kms.katalon.core.main.ScriptEngine.runScriptAsRawText(ScriptEngine.java:119)
	at com.kms.katalon.core.main.TestCaseExecutor.runScript(TestCaseExecutor.java:448)
	at com.kms.katalon.core.main.TestCaseExecutor.doExecute(TestCaseExecutor.java:439)
	at com.kms.katalon.core.main.TestCaseExecutor.processExecutionPhase(TestCaseExecutor.java:418)
	at com.kms.katalon.core.main.TestCaseExecutor.accessMainPhase(TestCaseExecutor.java:410)
	at com.kms.katalon.core.main.TestCaseExecutor.execute(TestCaseExecutor.java:285)
	at com.kms.katalon.core.common.CommonExecutor.accessTestCaseMainPhase(CommonExecutor.java:65)
	at com.kms.katalon.core.main.TestSuiteExecutor.accessTestSuiteMainPhase(TestSuiteExecutor.java:148)
	at com.kms.katalon.core.main.TestSuiteExecutor.execute(TestSuiteExecutor.java:106)
	at com.kms.katalon.core.main.TestCaseMain.startTestSuite(TestCaseMain.java:187)
	at com.kms.katalon.core.main.TestCaseMain$startTestSuite$0.call(Unknown Source)
	at TempTestSuite1696567025672.run(TempTestSuite1696567025672.groovy:36)
Caused by: com.kms.katalon.core.exception.StepFailedException: Text 'Your unique URL must contain 3-100 letters or numbers. Don't use spaces, symbols, or special characters.' is not present on page 
	at com.kms.katalon.core.webui.keyword.internal.WebUIKeywordMain.stepFailed(WebUIKeywordMain.groovy:64)
	at com.kms.katalon.core.webui.keyword.builtin.VerifyTextPresentKeyword$_verifyTextPresent_closure1.doCall(VerifyTextPresentKeyword.groovy:79)
	at com.kms.katalon.core.webui.keyword.builtin.VerifyTextPresentKeyword$_verifyTextPresent_closure1.call(VerifyTextPresentKeyword.groovy)
	at com.kms.katalon.core.webui.keyword.internal.WebUIKeywordMain.runKeyword(WebUIKeywordMain.groovy:20)
	... 19 more
)
[[ATTACHMENT|F:\\bootcamp\\Miniproject\\Tajalapak\\Reports\\20231006_113705\\M05 - Edit Sosial Media\\20231006_113705\\1696567485551.png]]]]></system-out>
         <system-err><![CDATA[2023-10-06 11:44:25 - [TEST_CASE][FAILED] - Test Cases/M05 -Edit Sosial Media/TC-ESMF-012: Test Cases/M05 -Edit Sosial Media/TC-ESMF-012 FAILED.
Reason:
com.kms.katalon.core.exception.StepFailedException: Unable to verify text 'Your unique URL must contain 3-100 letters or numbers. Don't use spaces, symbols, or special characters.' is present 
	at com.kms.katalon.core.webui.keyword.internal.WebUIKeywordMain.stepFailed(WebUIKeywordMain.groovy:64)
	at com.kms.katalon.core.webui.keyword.internal.WebUIKeywordMain.runKeyword(WebUIKeywordMain.groovy:26)
	at com.kms.katalon.core.webui.keyword.builtin.VerifyTextPresentKeyword.verifyTextPresent(VerifyTextPresentKeyword.groovy:83)
	at com.kms.katalon.core.webui.keyword.builtin.VerifyTextPresentKeyword.execute(VerifyTextPresentKeyword.groovy:68)
	at com.kms.katalon.core.keyword.internal.KeywordExecutor.executeKeywordForPlatform(KeywordExecutor.groovy:74)
	at com.kms.katalon.core.webui.keyword.WebUiBuiltInKeywords.verifyTextPresent(WebUiBuiltInKeywords.groovy:1723)
	at com.kms.katalon.core.webui.keyword.WebUiBuiltInKeywords$verifyTextPresent$9.call(Unknown Source)
	at TC-ESMF-012.run(TC-ESMF-012:34)
	at com.kms.katalon.core.main.ScriptEngine.run(ScriptEngine.java:194)
	at com.kms.katalon.core.main.ScriptEngine.runScriptAsRawText(ScriptEngine.java:119)
	at com.kms.katalon.core.main.TestCaseExecutor.runScript(TestCaseExecutor.java:448)
	at com.kms.katalon.core.main.TestCaseExecutor.doExecute(TestCaseExecutor.java:439)
	at com.kms.katalon.core.main.TestCaseExecutor.processExecutionPhase(TestCaseExecutor.java:418)
	at com.kms.katalon.core.main.TestCaseExecutor.accessMainPhase(TestCaseExecutor.java:410)
	at com.kms.katalon.core.main.TestCaseExecutor.execute(TestCaseExecutor.java:285)
	at com.kms.katalon.core.common.CommonExecutor.accessTestCaseMainPhase(CommonExecutor.java:65)
	at com.kms.katalon.core.main.TestSuiteExecutor.accessTestSuiteMainPhase(TestSuiteExecutor.java:148)
	at com.kms.katalon.core.main.TestSuiteExecutor.execute(TestSuiteExecutor.java:106)
	at com.kms.katalon.core.main.TestCaseMain.startTestSuite(TestCaseMain.java:187)
	at com.kms.katalon.core.main.TestCaseMain$startTestSuite$0.call(Unknown Source)
	at TempTestSuite1696567025672.run(TempTestSuite1696567025672.groovy:36)
Caused by: com.kms.katalon.core.exception.StepFailedException: Text 'Your unique URL must contain 3-100 letters or numbers. Don't use spaces, symbols, or special characters.' is not present on page 
	at com.kms.katalon.core.webui.keyword.internal.WebUIKeywordMain.stepFailed(WebUIKeywordMain.groovy:64)
	at com.kms.katalon.core.webui.keyword.builtin.VerifyTextPresentKeyword$_verifyTextPresent_closure1.doCall(VerifyTextPresentKeyword.groovy:79)
	at com.kms.katalon.core.webui.keyword.builtin.VerifyTextPresentKeyword$_verifyTextPresent_closure1.call(VerifyTextPresentKeyword.groovy)
	at com.kms.katalon.core.webui.keyword.internal.WebUIKeywordMain.runKeyword(WebUIKeywordMain.groovy:20)
	... 19 more]]></system-err>
      </testcase>
      <testcase name="Test Cases/M05 -Edit Sosial Media/TC-ESMF-013" time="20.929" classname="Test Cases/M05 -Edit Sosial Media/TC-ESMF-013" status="FAILED">
         <failure type="FAILED" message="Test Cases/M05 -Edit Sosial Media/TC-ESMF-013 FAILED.
Reason:
Assertion failed: 

assert validationMessage == 'Your unique URL must contain 3-100 letters or numbers. Don\'t use spaces, symbols, or special characters.'
       |                 |
       null              false

	at TC-ESMF-013.run(TC-ESMF-013:42)
	at com.kms.katalon.core.main.ScriptEngine.run(ScriptEngine.java:194)
	at com.kms.katalon.core.main.ScriptEngine.runScriptAsRawText(ScriptEngine.java:119)
	at com.kms.katalon.core.main.TestCaseExecutor.runScript(TestCaseExecutor.java:448)
	at com.kms.katalon.core.main.TestCaseExecutor.doExecute(TestCaseExecutor.java:439)
	at com.kms.katalon.core.main.TestCaseExecutor.processExecutionPhase(TestCaseExecutor.java:418)
	at com.kms.katalon.core.main.TestCaseExecutor.accessMainPhase(TestCaseExecutor.java:410)
	at com.kms.katalon.core.main.TestCaseExecutor.execute(TestCaseExecutor.java:285)
	at com.kms.katalon.core.common.CommonExecutor.accessTestCaseMainPhase(CommonExecutor.java:65)
	at com.kms.katalon.core.main.TestSuiteExecutor.accessTestSuiteMainPhase(TestSuiteExecutor.java:148)
	at com.kms.katalon.core.main.TestSuiteExecutor.execute(TestSuiteExecutor.java:106)
	at com.kms.katalon.core.main.TestCaseMain.startTestSuite(TestCaseMain.java:187)
	at com.kms.katalon.core.main.TestCaseMain$startTestSuite$0.call(Unknown Source)
	at TempTestSuite1696567025672.run(TempTestSuite1696567025672.groovy:36)
"/>
         <system-out><![CDATA[2023-10-06 11:44:45 - [TEST_CASE][FAILED] - Test Cases/M05 -Edit Sosial Media/TC-ESMF-013: Test Cases/M05 -Edit Sosial Media/TC-ESMF-013 FAILED.
Reason:
Assertion failed: 

assert validationMessage == 'Your unique URL must contain 3-100 letters or numbers. Don\'t use spaces, symbols, or special characters.'
       |                 |
       null              false

	at TC-ESMF-013.run(TC-ESMF-013:42)
	at com.kms.katalon.core.main.ScriptEngine.run(ScriptEngine.java:194)
	at com.kms.katalon.core.main.ScriptEngine.runScriptAsRawText(ScriptEngine.java:119)
	at com.kms.katalon.core.main.TestCaseExecutor.runScript(TestCaseExecutor.java:448)
	at com.kms.katalon.core.main.TestCaseExecutor.doExecute(TestCaseExecutor.java:439)
	at com.kms.katalon.core.main.TestCaseExecutor.processExecutionPhase(TestCaseExecutor.java:418)
	at com.kms.katalon.core.main.TestCaseExecutor.accessMainPhase(TestCaseExecutor.java:410)
	at com.kms.katalon.core.main.TestCaseExecutor.execute(TestCaseExecutor.java:285)
	at com.kms.katalon.core.common.CommonExecutor.accessTestCaseMainPhase(CommonExecutor.java:65)
	at com.kms.katalon.core.main.TestSuiteExecutor.accessTestSuiteMainPhase(TestSuiteExecutor.java:148)
	at com.kms.katalon.core.main.TestSuiteExecutor.execute(TestSuiteExecutor.java:106)
	at com.kms.katalon.core.main.TestCaseMain.startTestSuite(TestCaseMain.java:187)
	at com.kms.katalon.core.main.TestCaseMain$startTestSuite$0.call(Unknown Source)
	at TempTestSuite1696567025672.run(TempTestSuite1696567025672.groovy:36)


2023-10-06 11:44:46 - [TEST_STEP][PASSED] - callTestCase(findTestCase("M05 -Edit Sosial Media/TC-LS-001"), [:], STOP_ON_FAILURE): Call Test Case 'Test Cases/M05 -Edit Sosial Media/TC-LS-001' successfully

2023-10-06 11:44:46 - [TEST_CASE][PASSED] - Test Cases/M05 -Edit Sosial Media/TC-LS-001: Test Cases/M05 -Edit Sosial Media/TC-LS-001

2023-10-06 11:44:46 - [TEST_STEP][PASSED] - openBrowser(urlWeb): Browser is opened with url: 'https://10.9.2.63/ecommerce/'

2023-10-06 11:44:46 - [MESSAGE][WARNING] - A browser is already opened. Closing browser and opening a new one

2023-10-06 11:44:47 - [MESSAGE][INFO] - Starting 'Edge Chromium' driver

2023-10-06 11:44:47 - [MESSAGE][INFO] - User set preference: ['acceptInsecureCerts', 'true']

2023-10-06 11:44:49 - [MESSAGE][INFO] - Action delay is set to 0 milliseconds

2023-10-06 11:44:55 - [MESSAGE][PASSED] - Browser is opened with url: 'https://10.9.2.63/ecommerce/'

2023-10-06 11:44:55 - [TEST_STEP][PASSED] - maximizeWindow(): Current window maximized

2023-10-06 11:44:55 - [MESSAGE][PASSED] - Current window maximized

2023-10-06 11:44:55 - [TEST_STEP][PASSED] - click(findTestObject("Login/a_Login")): Object: 'Object Repository/Login/a_Login' is clicked on

2023-10-06 11:44:56 - [MESSAGE][PASSED] - Object: 'Object Repository/Login/a_Login' is clicked on

2023-10-06 11:44:56 - [TEST_STEP][PASSED] - setText(findTestObject("Login/input_Username, Email atau No. Handphone_a"), "runa36"): Text 'runa36' is set on object 'Object Repository/Login/input_Username, Email atau No. Handphone_a'

2023-10-06 11:44:58 - [MESSAGE][PASSED] - Text 'runa36' is set on object 'Object Repository/Login/input_Username, Email atau No. Handphone_a'

2023-10-06 11:44:58 - [TEST_STEP][PASSED] - setEncryptedText(findTestObject("Login/input_Password di Login(Masuk)"), "qbkrdMwyWE4="): Text ****** has been set on object 'Object Repository/Login/input_Password di Login(Masuk)'

2023-10-06 11:44:58 - [MESSAGE][PASSED] - Text ****** has been set on object 'Object Repository/Login/input_Password di Login(Masuk)'

2023-10-06 11:44:58 - [TEST_STEP][PASSED] - click(findTestObject("Login/button_Masuk di halaman login")): Object: 'Object Repository/Login/button_Masuk di halaman login' is clicked on

2023-10-06 11:45:00 - [MESSAGE][PASSED] - Object: 'Object Repository/Login/button_Masuk di halaman login' is clicked on

2023-10-06 11:45:00 - [TEST_STEP][PASSED] - verifyElementPresent(findTestObject("edit sosial media/verifikasi masuk halaman biodata diri"), 0): Object 'Object Repository/edit sosial media/verifikasi masuk halaman biodata diri' is present

2023-10-06 11:45:00 - [MESSAGE][WARNING] - Timeout '0' is invalid. Using default page load timeout: '30'

2023-10-06 11:45:00 - [MESSAGE][PASSED] - Object 'Object Repository/edit sosial media/verifikasi masuk halaman biodata diri' is present

2023-10-06 11:45:00 - [MESSAGE][PASSED] - Call Test Case 'Test Cases/M05 -Edit Sosial Media/TC-LS-001' successfully

2023-10-06 11:45:00 - [TEST_STEP][PASSED] - click(findTestObject("edit sosial media/a_Sosmed")): Object: 'Object Repository/edit sosial media/a_Sosmed' is clicked on

2023-10-06 11:45:01 - [MESSAGE][PASSED] - Object: 'Object Repository/edit sosial media/a_Sosmed' is clicked on

2023-10-06 11:45:01 - [TEST_STEP][PASSED] - click(findTestObject("edit sosial media/Edit Sosial Media")): Object: 'Object Repository/edit sosial media/Edit Sosial Media' is clicked on

2023-10-06 11:45:03 - [MESSAGE][PASSED] - Object: 'Object Repository/edit sosial media/Edit Sosial Media' is clicked on

2023-10-06 11:45:03 - [TEST_STEP][PASSED] - clearText(findTestObject("edit sosial media/input_LinkedIn_g")): Text of object 'Object Repository/edit sosial media/input_LinkedIn_g' is cleared

2023-10-06 11:45:03 - [MESSAGE][PASSED] - Text of object 'Object Repository/edit sosial media/input_LinkedIn_g' is cleared

2023-10-06 11:45:03 - [TEST_STEP][PASSED] - setText(findTestObject("edit sosial media/input_LinkedIn_g"), linkedin, CONTINUE_ON_FAILURE): Text 'www.linkedin.com/in/Rhoshandiatellyneshiaunneveshenkescianneshaimondrischlyndasaccarnaerenquellenendrasamecashaunettethalemeicoles' is set on object 'Object Repository/edit sosial media/input_LinkedIn_g'

2023-10-06 11:45:04 - [MESSAGE][PASSED] - Text 'www.linkedin.com/in/Rhoshandiatellyneshiaunneveshenkescianneshaimondrischlyndasaccarnaerenquellenendrasamecashaunettethalemeicoles' is set on object 'Object Repository/edit sosial media/input_LinkedIn_g'

2023-10-06 11:45:04 - [TEST_STEP][PASSED] - click(findTestObject("edit sosial media/center_Simpan Sosial Media")): Object: 'Object Repository/edit sosial media/center_Simpan Sosial Media' is clicked on

2023-10-06 11:45:06 - [MESSAGE][PASSED] - Object: 'Object Repository/edit sosial media/center_Simpan Sosial Media' is clicked on

2023-10-06 11:45:06 - [TEST_STEP][PASSED] - webDriver = getWebDriver(): null

2023-10-06 11:45:06 - [TEST_STEP][PASSED] - field_linkedin = webDriver.findElement(By.xpath("(.//*[normalize-space(text()) and normalize-space(.)="LinkedIn"])[1]/following::div[1]")): null

2023-10-06 11:45:06 - [TEST_STEP][PASSED] - validationMessage = executeJavaScript("return arguments[0].validationMessage;", Arrays.asList(field_linkedin)): Execute JavaScript 'return arguments[0].validationMessage;' successfully

2023-10-06 11:45:06 - [MESSAGE][PASSED] - Execute JavaScript 'return arguments[0].validationMessage;' successfully

2023-10-06 11:45:06 - [TEST_STEP][FAILED] - assert validationMessage == "Your unique URL must contain 3-100 letters or numbers. Don't use spaces, symbols, or special characters.": Test Cases/M05 -Edit Sosial Media/TC-ESMF-013 FAILED.
Reason:
Assertion failed: 

assert validationMessage == 'Your unique URL must contain 3-100 letters or numbers. Don\'t use spaces, symbols, or special characters.'
       |                 |
       null              false

	at TC-ESMF-013.run(TC-ESMF-013:42)
	at com.kms.katalon.core.main.ScriptEngine.run(ScriptEngine.java:194)
	at com.kms.katalon.core.main.ScriptEngine.runScriptAsRawText(ScriptEngine.java:119)
	at com.kms.katalon.core.main.TestCaseExecutor.runScript(TestCaseExecutor.java:448)
	at com.kms.katalon.core.main.TestCaseExecutor.doExecute(TestCaseExecutor.java:439)
	at com.kms.katalon.core.main.TestCaseExecutor.processExecutionPhase(TestCaseExecutor.java:418)
	at com.kms.katalon.core.main.TestCaseExecutor.accessMainPhase(TestCaseExecutor.java:410)
	at com.kms.katalon.core.main.TestCaseExecutor.execute(TestCaseExecutor.java:285)
	at com.kms.katalon.core.common.CommonExecutor.accessTestCaseMainPhase(CommonExecutor.java:65)
	at com.kms.katalon.core.main.TestSuiteExecutor.accessTestSuiteMainPhase(TestSuiteExecutor.java:148)
	at com.kms.katalon.core.main.TestSuiteExecutor.execute(TestSuiteExecutor.java:106)
	at com.kms.katalon.core.main.TestCaseMain.startTestSuite(TestCaseMain.java:187)
	at com.kms.katalon.core.main.TestCaseMain$startTestSuite$0.call(Unknown Source)
	at TempTestSuite1696567025672.run(TempTestSuite1696567025672.groovy:36)


2023-10-06 11:45:06 - [MESSAGE][FAILED] - Test Cases/M05 -Edit Sosial Media/TC-ESMF-013 FAILED.
Reason:
Assertion failed: 

assert validationMessage == 'Your unique URL must contain 3-100 letters or numbers. Don\'t use spaces, symbols, or special characters.'
       |                 |
       null              false

	at TC-ESMF-013.run(TC-ESMF-013:42)
	at com.kms.katalon.core.main.ScriptEngine.run(ScriptEngine.java:194)
	at com.kms.katalon.core.main.ScriptEngine.runScriptAsRawText(ScriptEngine.java:119)
	at com.kms.katalon.core.main.TestCaseExecutor.runScript(TestCaseExecutor.java:448)
	at com.kms.katalon.core.main.TestCaseExecutor.doExecute(TestCaseExecutor.java:439)
	at com.kms.katalon.core.main.TestCaseExecutor.processExecutionPhase(TestCaseExecutor.java:418)
	at com.kms.katalon.core.main.TestCaseExecutor.accessMainPhase(TestCaseExecutor.java:410)
	at com.kms.katalon.core.main.TestCaseExecutor.execute(TestCaseExecutor.java:285)
	at com.kms.katalon.core.common.CommonExecutor.accessTestCaseMainPhase(CommonExecutor.java:65)
	at com.kms.katalon.core.main.TestSuiteExecutor.accessTestSuiteMainPhase(TestSuiteExecutor.java:148)
	at com.kms.katalon.core.main.TestSuiteExecutor.execute(TestSuiteExecutor.java:106)
	at com.kms.katalon.core.main.TestCaseMain.startTestSuite(TestCaseMain.java:187)
	at com.kms.katalon.core.main.TestCaseMain$startTestSuite$0.call(Unknown Source)
	at TempTestSuite1696567025672.run(TempTestSuite1696567025672.groovy:36)]]></system-out>
         <system-err><![CDATA[2023-10-06 11:44:45 - [TEST_CASE][FAILED] - Test Cases/M05 -Edit Sosial Media/TC-ESMF-013: Test Cases/M05 -Edit Sosial Media/TC-ESMF-013 FAILED.
Reason:
Assertion failed: 

assert validationMessage == 'Your unique URL must contain 3-100 letters or numbers. Don\'t use spaces, symbols, or special characters.'
       |                 |
       null              false

	at TC-ESMF-013.run(TC-ESMF-013:42)
	at com.kms.katalon.core.main.ScriptEngine.run(ScriptEngine.java:194)
	at com.kms.katalon.core.main.ScriptEngine.runScriptAsRawText(ScriptEngine.java:119)
	at com.kms.katalon.core.main.TestCaseExecutor.runScript(TestCaseExecutor.java:448)
	at com.kms.katalon.core.main.TestCaseExecutor.doExecute(TestCaseExecutor.java:439)
	at com.kms.katalon.core.main.TestCaseExecutor.processExecutionPhase(TestCaseExecutor.java:418)
	at com.kms.katalon.core.main.TestCaseExecutor.accessMainPhase(TestCaseExecutor.java:410)
	at com.kms.katalon.core.main.TestCaseExecutor.execute(TestCaseExecutor.java:285)
	at com.kms.katalon.core.common.CommonExecutor.accessTestCaseMainPhase(CommonExecutor.java:65)
	at com.kms.katalon.core.main.TestSuiteExecutor.accessTestSuiteMainPhase(TestSuiteExecutor.java:148)
	at com.kms.katalon.core.main.TestSuiteExecutor.execute(TestSuiteExecutor.java:106)
	at com.kms.katalon.core.main.TestCaseMain.startTestSuite(TestCaseMain.java:187)
	at com.kms.katalon.core.main.TestCaseMain$startTestSuite$0.call(Unknown Source)
	at TempTestSuite1696567025672.run(TempTestSuite1696567025672.groovy:36)]]></system-err>
      </testcase>
      <system-out><![CDATA[2023-10-06 11:37:24 - [TEST_SUITE][FAILED] - M05 - Edit Sosial Media: Test Cases/M05 -Edit Sosial Media/TC-ESMS-003 FAILED.
Reason:
Assertion failed: 

assert twit.toString().trim().equalsIgnoreCase(twitter.trim())
       |    |          |      |                |       |
       -    -          -      false            ""      ""

	at TC-ESMS-003.run(TC-ESMS-003:36)
	at com.kms.katalon.core.main.ScriptEngine.run(ScriptEngine.java:194)
	at com.kms.katalon.core.main.ScriptEngine.runScriptAsRawText(ScriptEngine.java:119)
	at com.kms.katalon.core.main.TestCaseExecutor.runScript(TestCaseExecutor.java:448)
	at com.kms.katalon.core.main.TestCaseExecutor.doExecute(TestCaseExecutor.java:439)
	at com.kms.katalon.core.main.TestCaseExecutor.processExecutionPhase(TestCaseExecutor.java:418)
	at com.kms.katalon.core.main.TestCaseExecutor.accessMainPhase(TestCaseExecutor.java:410)
	at com.kms.katalon.core.main.TestCaseExecutor.execute(TestCaseExecutor.java:285)
	at com.kms.katalon.core.common.CommonExecutor.accessTestCaseMainPhase(CommonExecutor.java:65)
	at com.kms.katalon.core.main.TestSuiteExecutor.accessTestSuiteMainPhase(TestSuiteExecutor.java:148)
	at com.kms.katalon.core.main.TestSuiteExecutor.execute(TestSuiteExecutor.java:106)
	at com.kms.katalon.core.main.TestCaseMain.startTestSuite(TestCaseMain.java:187)
	at com.kms.katalon.core.main.TestCaseMain$startTestSuite$0.call(Unknown Source)
	at TempTestSuite1696567025672.run(TempTestSuite1696567025672.groovy:36)]]></system-out>
      <system-err><![CDATA[2023-10-06 11:37:24 - [TEST_SUITE][FAILED] - M05 - Edit Sosial Media: Test Cases/M05 -Edit Sosial Media/TC-ESMS-003 FAILED.
Reason:
Assertion failed: 

assert twit.toString().trim().equalsIgnoreCase(twitter.trim())
       |    |          |      |                |       |
       -    -          -      false            ""      ""

	at TC-ESMS-003.run(TC-ESMS-003:36)
	at com.kms.katalon.core.main.ScriptEngine.run(ScriptEngine.java:194)
	at com.kms.katalon.core.main.ScriptEngine.runScriptAsRawText(ScriptEngine.java:119)
	at com.kms.katalon.core.main.TestCaseExecutor.runScript(TestCaseExecutor.java:448)
	at com.kms.katalon.core.main.TestCaseExecutor.doExecute(TestCaseExecutor.java:439)
	at com.kms.katalon.core.main.TestCaseExecutor.processExecutionPhase(TestCaseExecutor.java:418)
	at com.kms.katalon.core.main.TestCaseExecutor.accessMainPhase(TestCaseExecutor.java:410)
	at com.kms.katalon.core.main.TestCaseExecutor.execute(TestCaseExecutor.java:285)
	at com.kms.katalon.core.common.CommonExecutor.accessTestCaseMainPhase(CommonExecutor.java:65)
	at com.kms.katalon.core.main.TestSuiteExecutor.accessTestSuiteMainPhase(TestSuiteExecutor.java:148)
	at com.kms.katalon.core.main.TestSuiteExecutor.execute(TestSuiteExecutor.java:106)
	at com.kms.katalon.core.main.TestCaseMain.startTestSuite(TestCaseMain.java:187)
	at com.kms.katalon.core.main.TestCaseMain$startTestSuite$0.call(Unknown Source)
	at TempTestSuite1696567025672.run(TempTestSuite1696567025672.groovy:36)]]></system-err>
   </testsuite>
</testsuites>
