<?xml version="1.0" encoding="UTF-8"?>
<testsuites name="M05 - Edit Sosial Media" time="524.838" tests="18" failures="13" errors="1">
   <testsuite name="M05 - Edit Sosial Media" tests="18" failures="13" errors="1" time="524.838" skipped="0" timestamp="2023-10-03 10:55:42" hostname="USER - DESKTOP-22KTP91" id="Test Suites/M05 - Edit Sosial Media">
      <properties>
         <property name="deviceName" value=""/>
         <property name="devicePlatform" value=""/>
         <property name="logFolder" value="F:\\bootcamp\\Miniproject\\Tajalapak\\Reports\\20231003_105528\\M05 - Edit Sosial Media\\20231003_105528"/>
         <property name="logFiles" value="F:\\bootcamp\\Miniproject\\Tajalapak\\Reports\\20231003_105528\\M05 - Edit Sosial Media\\20231003_105528\\execution0.log"/>
         <property name="attachments" value="F:\\bootcamp\\Miniproject\\Tajalapak\\Reports\\20231003_105528\\M05 - Edit Sosial Media\\20231003_105528\\1696305628668.png, F:\\bootcamp\\Miniproject\\Tajalapak\\Reports\\20231003_105528\\M05 - Edit Sosial Media\\20231003_105528\\1696305655134.png, F:\\bootcamp\\Miniproject\\Tajalapak\\Reports\\20231003_105528\\M05 - Edit Sosial Media\\20231003_105528\\1696305786568.png, F:\\bootcamp\\Miniproject\\Tajalapak\\Reports\\20231003_105528\\M05 - Edit Sosial Media\\20231003_105528\\1696305813499.png, F:\\bootcamp\\Miniproject\\Tajalapak\\Reports\\20231003_105528\\M05 - Edit Sosial Media\\20231003_105528\\1696305841012.png, F:\\bootcamp\\Miniproject\\Tajalapak\\Reports\\20231003_105528\\M05 - Edit Sosial Media\\20231003_105528\\1696305866677.png"/>
         <property name="hostName" value="USER - DESKTOP-22KTP91"/>
         <property name="os" value="Windows 10 64bit"/>
         <property name="katalonVersion" value="8.6.5.208"/>
         <property name="browser" value="Firefox 117.0"/>
         <property name="hostAddress" value="10.9.2.48"/>
         <property name="sessionId" value="481b1d52-7482-4192-a32a-2e741756815e"/>
         <property name="seleniumVersion" value="3.141.59"/>
         <property name="proxyInformation" value="ProxyInformation { proxyOption=NO_PROXY, proxyServerType=HTTP, username=, password=********, proxyServerAddress=, proxyServerPort=0, executionList=&quot;&quot;, isApplyToDesiredCapabilities=true }"/>
         <property name="platform" value="Windows 10"/>
      </properties>
      <testcase name="Test Cases/M05 -Edit Sosial Media/TC-LS-001" time="21.846" classname="Test Cases/M05 -Edit Sosial Media/TC-LS-001" status="PASSED">
         <system-out><![CDATA[2023-10-03 10:55:42 - [TEST_CASE][PASSED] - Test Cases/M05 -Edit Sosial Media/TC-LS-001: Test Cases/M05 -Edit Sosial Media/TC-LS-001

2023-10-03 10:55:43 - [TEST_STEP][PASSED] - openBrowser(urlWeb): Browser is opened with url: 'https://10.9.2.63/ecommerce/'

2023-10-03 10:55:44 - [MESSAGE][INFO] - Starting 'Firefox' driver

2023-10-03 10:55:44 - [MESSAGE][INFO] - Action delay is set to 0 milliseconds

2023-10-03 10:55:59 - [MESSAGE][PASSED] - Browser is opened with url: 'https://10.9.2.63/ecommerce/'

2023-10-03 10:55:59 - [TEST_STEP][PASSED] - maximizeWindow(): Current window maximized

2023-10-03 10:55:59 - [MESSAGE][PASSED] - Current window maximized

2023-10-03 10:55:59 - [TEST_STEP][PASSED] - click(findTestObject("Login/a_Login")): Object: 'Object Repository/Login/a_Login' is clicked on

2023-10-03 10:56:00 - [MESSAGE][PASSED] - Object: 'Object Repository/Login/a_Login' is clicked on

2023-10-03 10:56:00 - [TEST_STEP][PASSED] - setText(findTestObject("Login/input_Username, Email atau No. Handphone_a"), "runa36"): Text 'runa36' is set on object 'Object Repository/Login/input_Username, Email atau No. Handphone_a'

2023-10-03 10:56:01 - [MESSAGE][PASSED] - Text 'runa36' is set on object 'Object Repository/Login/input_Username, Email atau No. Handphone_a'

2023-10-03 10:56:01 - [TEST_STEP][PASSED] - setEncryptedText(findTestObject("Login/input_Password di Login(Masuk)"), "qbkrdMwyWE4="): Text ****** has been set on object 'Object Repository/Login/input_Password di Login(Masuk)'

2023-10-03 10:56:02 - [MESSAGE][PASSED] - Text ****** has been set on object 'Object Repository/Login/input_Password di Login(Masuk)'

2023-10-03 10:56:02 - [TEST_STEP][PASSED] - click(findTestObject("Login/button_Masuk di halaman login")): Object: 'Object Repository/Login/button_Masuk di halaman login' is clicked on

2023-10-03 10:56:03 - [MESSAGE][PASSED] - Object: 'Object Repository/Login/button_Masuk di halaman login' is clicked on

2023-10-03 10:56:03 - [TEST_STEP][PASSED] - verifyElementPresent(findTestObject("edit sosial media/verifikasi masuk halaman biodata diri"), 0): Object 'Object Repository/edit sosial media/verifikasi masuk halaman biodata diri' is present

2023-10-03 10:56:04 - [MESSAGE][WARNING] - Timeout '0' is invalid. Using default page load timeout: '30'

2023-10-03 10:56:04 - [MESSAGE][PASSED] - Object 'Object Repository/edit sosial media/verifikasi masuk halaman biodata diri' is present]]></system-out>
         <system-err><![CDATA[]]></system-err>
      </testcase>
      <testcase name="Test Cases/M05 -Edit Sosial Media/TC-ESMS-001" time="41.543" classname="Test Cases/M05 -Edit Sosial Media/TC-ESMS-001" status="PASSED">
         <system-out><![CDATA[2023-10-03 10:56:04 - [TEST_CASE][PASSED] - Test Cases/M05 -Edit Sosial Media/TC-ESMS-001: Test Cases/M05 -Edit Sosial Media/TC-ESMS-001

2023-10-03 10:56:06 - [TEST_STEP][PASSED] - callTestCase(findTestCase("M05 -Edit Sosial Media/TC-LS-001"), [:], STOP_ON_FAILURE): Call Test Case 'Test Cases/M05 -Edit Sosial Media/TC-LS-001' successfully

2023-10-03 10:56:06 - [TEST_CASE][PASSED] - Test Cases/M05 -Edit Sosial Media/TC-LS-001: Test Cases/M05 -Edit Sosial Media/TC-LS-001

2023-10-03 10:56:06 - [TEST_STEP][PASSED] - openBrowser(urlWeb): Browser is opened with url: 'https://10.9.2.63/ecommerce/'

2023-10-03 10:56:06 - [MESSAGE][WARNING] - A browser is already opened. Closing browser and opening a new one

2023-10-03 10:56:09 - [MESSAGE][INFO] - Starting 'Firefox' driver

2023-10-03 10:56:09 - [MESSAGE][INFO] - Action delay is set to 0 milliseconds

2023-10-03 10:56:17 - [MESSAGE][PASSED] - Browser is opened with url: 'https://10.9.2.63/ecommerce/'

2023-10-03 10:56:17 - [TEST_STEP][PASSED] - maximizeWindow(): Current window maximized

2023-10-03 10:56:18 - [MESSAGE][PASSED] - Current window maximized

2023-10-03 10:56:18 - [TEST_STEP][PASSED] - click(findTestObject("Login/a_Login")): Object: 'Object Repository/Login/a_Login' is clicked on

2023-10-03 10:56:18 - [MESSAGE][PASSED] - Object: 'Object Repository/Login/a_Login' is clicked on

2023-10-03 10:56:18 - [TEST_STEP][PASSED] - setText(findTestObject("Login/input_Username, Email atau No. Handphone_a"), "runa36"): Text 'runa36' is set on object 'Object Repository/Login/input_Username, Email atau No. Handphone_a'

2023-10-03 10:56:19 - [MESSAGE][PASSED] - Text 'runa36' is set on object 'Object Repository/Login/input_Username, Email atau No. Handphone_a'

2023-10-03 10:56:19 - [TEST_STEP][PASSED] - setEncryptedText(findTestObject("Login/input_Password di Login(Masuk)"), "qbkrdMwyWE4="): Text ****** has been set on object 'Object Repository/Login/input_Password di Login(Masuk)'

2023-10-03 10:56:20 - [MESSAGE][PASSED] - Text ****** has been set on object 'Object Repository/Login/input_Password di Login(Masuk)'

2023-10-03 10:56:20 - [TEST_STEP][PASSED] - click(findTestObject("Login/button_Masuk di halaman login")): Object: 'Object Repository/Login/button_Masuk di halaman login' is clicked on

2023-10-03 10:56:22 - [MESSAGE][PASSED] - Object: 'Object Repository/Login/button_Masuk di halaman login' is clicked on

2023-10-03 10:56:22 - [TEST_STEP][PASSED] - verifyElementPresent(findTestObject("edit sosial media/verifikasi masuk halaman biodata diri"), 0): Object 'Object Repository/edit sosial media/verifikasi masuk halaman biodata diri' is present

2023-10-03 10:56:22 - [MESSAGE][WARNING] - Timeout '0' is invalid. Using default page load timeout: '30'

2023-10-03 10:56:23 - [MESSAGE][PASSED] - Object 'Object Repository/edit sosial media/verifikasi masuk halaman biodata diri' is present

2023-10-03 10:56:23 - [MESSAGE][PASSED] - Call Test Case 'Test Cases/M05 -Edit Sosial Media/TC-LS-001' successfully

2023-10-03 10:56:23 - [TEST_STEP][PASSED] - verifyElementPresent(findTestObject("edit sosial media/verifikasi masuk halaman biodata diri"), 0): Object 'Object Repository/edit sosial media/verifikasi masuk halaman biodata diri' is present

2023-10-03 10:56:23 - [MESSAGE][WARNING] - Timeout '0' is invalid. Using default page load timeout: '30'

2023-10-03 10:56:23 - [MESSAGE][PASSED] - Object 'Object Repository/edit sosial media/verifikasi masuk halaman biodata diri' is present

2023-10-03 10:56:23 - [TEST_STEP][PASSED] - click(findTestObject("edit sosial media/a_Sosmed")): Object: 'Object Repository/edit sosial media/a_Sosmed' is clicked on

2023-10-03 10:56:25 - [MESSAGE][PASSED] - Object: 'Object Repository/edit sosial media/a_Sosmed' is clicked on

2023-10-03 10:56:25 - [TEST_STEP][PASSED] - click(findTestObject("edit sosial media/Edit Sosial Media")): Object: 'Object Repository/edit sosial media/Edit Sosial Media' is clicked on

2023-10-03 10:56:26 - [MESSAGE][PASSED] - Object: 'Object Repository/edit sosial media/Edit Sosial Media' is clicked on

2023-10-03 10:56:26 - [TEST_STEP][PASSED] - clearText(findTestObject("edit sosial media/input_Facebook_a")): Text of object 'Object Repository/edit sosial media/input_Facebook_a' is cleared

2023-10-03 10:56:27 - [MESSAGE][PASSED] - Text of object 'Object Repository/edit sosial media/input_Facebook_a' is cleared

2023-10-03 10:56:27 - [TEST_STEP][PASSED] - setText(findTestObject("edit sosial media/input_Facebook_a"), Facebook): Text 'Runarun' is set on object 'Object Repository/edit sosial media/input_Facebook_a'

2023-10-03 10:56:28 - [MESSAGE][PASSED] - Text 'Runarun' is set on object 'Object Repository/edit sosial media/input_Facebook_a'

2023-10-03 10:56:28 - [TEST_STEP][PASSED] - clearText(findTestObject("edit sosial media/input_Twitter_b")): Text of object 'Object Repository/edit sosial media/input_Twitter_b' is cleared

2023-10-03 10:56:29 - [MESSAGE][PASSED] - Text of object 'Object Repository/edit sosial media/input_Twitter_b' is cleared

2023-10-03 10:56:29 - [TEST_STEP][PASSED] - setText(findTestObject("edit sosial media/input_Twitter_b"), Twitter): Text 'Runaya71' is set on object 'Object Repository/edit sosial media/input_Twitter_b'

2023-10-03 10:56:30 - [MESSAGE][PASSED] - Text 'Runaya71' is set on object 'Object Repository/edit sosial media/input_Twitter_b'

2023-10-03 10:56:30 - [TEST_STEP][PASSED] - clearText(findTestObject("edit sosial media/input_Instagram_c")): Text of object 'Object Repository/edit sosial media/input_Instagram_c' is cleared

2023-10-03 10:56:30 - [MESSAGE][PASSED] - Text of object 'Object Repository/edit sosial media/input_Instagram_c' is cleared

2023-10-03 10:56:30 - [TEST_STEP][PASSED] - setText(findTestObject("edit sosial media/input_Instagram_c"), Instagram): Text 'Runarun' is set on object 'Object Repository/edit sosial media/input_Instagram_c'

2023-10-03 10:56:32 - [MESSAGE][PASSED] - Text 'Runarun' is set on object 'Object Repository/edit sosial media/input_Instagram_c'

2023-10-03 10:56:32 - [TEST_STEP][PASSED] - clearText(findTestObject("edit sosial media/input_Whatsapp_d")): Text of object 'Object Repository/edit sosial media/input_Whatsapp_d' is cleared

2023-10-03 10:56:32 - [MESSAGE][PASSED] - Text of object 'Object Repository/edit sosial media/input_Whatsapp_d' is cleared

2023-10-03 10:56:32 - [TEST_STEP][PASSED] - setText(findTestObject("edit sosial media/input_Whatsapp_d"), Whatsapp): Text '+6281122223333' is set on object 'Object Repository/edit sosial media/input_Whatsapp_d'

2023-10-03 10:56:33 - [MESSAGE][PASSED] - Text '+6281122223333' is set on object 'Object Repository/edit sosial media/input_Whatsapp_d'

2023-10-03 10:56:33 - [TEST_STEP][PASSED] - clearText(findTestObject("edit sosial media/input_Telegram_e")): Text of object 'Object Repository/edit sosial media/input_Telegram_e' is cleared

2023-10-03 10:56:34 - [MESSAGE][PASSED] - Text of object 'Object Repository/edit sosial media/input_Telegram_e' is cleared

2023-10-03 10:56:34 - [TEST_STEP][PASSED] - setText(findTestObject("edit sosial media/input_Telegram_e"), Telegram): Text '@Runaya71' is set on object 'Object Repository/edit sosial media/input_Telegram_e'

2023-10-03 10:56:35 - [MESSAGE][PASSED] - Text '@Runaya71' is set on object 'Object Repository/edit sosial media/input_Telegram_e'

2023-10-03 10:56:35 - [TEST_STEP][PASSED] - clearText(findTestObject("edit sosial media/input_Youtube_f")): Text of object 'Object Repository/edit sosial media/input_Youtube_f' is cleared

2023-10-03 10:56:36 - [MESSAGE][PASSED] - Text of object 'Object Repository/edit sosial media/input_Youtube_f' is cleared

2023-10-03 10:56:36 - [TEST_STEP][PASSED] - setText(findTestObject("edit sosial media/input_Youtube_f"), Youtube): Text 'Runarun' is set on object 'Object Repository/edit sosial media/input_Youtube_f'

2023-10-03 10:56:36 - [MESSAGE][PASSED] - Text 'Runarun' is set on object 'Object Repository/edit sosial media/input_Youtube_f'

2023-10-03 10:56:36 - [TEST_STEP][PASSED] - clearText(findTestObject("edit sosial media/input_LinkedIn_g")): Text of object 'Object Repository/edit sosial media/input_LinkedIn_g' is cleared

2023-10-03 10:56:37 - [MESSAGE][PASSED] - Text of object 'Object Repository/edit sosial media/input_LinkedIn_g' is cleared

2023-10-03 10:56:37 - [TEST_STEP][PASSED] - setText(findTestObject("edit sosial media/input_LinkedIn_g"), LinkedIn): Text 'RunaOkta' is set on object 'Object Repository/edit sosial media/input_LinkedIn_g'

2023-10-03 10:56:38 - [MESSAGE][PASSED] - Text 'RunaOkta' is set on object 'Object Repository/edit sosial media/input_LinkedIn_g'

2023-10-03 10:56:38 - [TEST_STEP][PASSED] - clearText(findTestObject("edit sosial media/input_Google_h")): Text of object 'Object Repository/edit sosial media/input_Google_h' is cleared

2023-10-03 10:56:38 - [MESSAGE][PASSED] - Text of object 'Object Repository/edit sosial media/input_Google_h' is cleared

2023-10-03 10:56:38 - [TEST_STEP][PASSED] - setText(findTestObject("edit sosial media/input_Google_h"), Google): Text '+Runaya' is set on object 'Object Repository/edit sosial media/input_Google_h'

2023-10-03 10:56:39 - [MESSAGE][PASSED] - Text '+Runaya' is set on object 'Object Repository/edit sosial media/input_Google_h'

2023-10-03 10:56:39 - [TEST_STEP][PASSED] - click(findTestObject("edit sosial media/center_Simpan Sosial Media")): Object: 'Object Repository/edit sosial media/center_Simpan Sosial Media' is clicked on

2023-10-03 10:56:42 - [MESSAGE][PASSED] - Object: 'Object Repository/edit sosial media/center_Simpan Sosial Media' is clicked on

2023-10-03 10:56:42 - [TEST_STEP][PASSED] - face = getText(findTestObject("hasil sosmed/hasil facebook_a")): Text of object 'Object Repository/hasil sosmed/hasil facebook_a' is: 'Runarun'

2023-10-03 10:56:42 - [MESSAGE][PASSED] - Text of object 'Object Repository/hasil sosmed/hasil facebook_a' is: 'Runarun'

2023-10-03 10:56:43 - [TEST_STEP][PASSED] - Twit = getText(findTestObject("hasil sosmed/hasil twitter_b")): Text of object 'Object Repository/hasil sosmed/hasil twitter_b' is: 'Runaya71'

2023-10-03 10:56:43 - [MESSAGE][PASSED] - Text of object 'Object Repository/hasil sosmed/hasil twitter_b' is: 'Runaya71'

2023-10-03 10:56:43 - [TEST_STEP][PASSED] - insta = getText(findTestObject("hasil sosmed/hasil Instagram_c")): Text of object 'Object Repository/hasil sosmed/hasil Instagram_c' is: 'Runarun'

2023-10-03 10:56:44 - [MESSAGE][PASSED] - Text of object 'Object Repository/hasil sosmed/hasil Instagram_c' is: 'Runarun'

2023-10-03 10:56:44 - [TEST_STEP][PASSED] - wa = getText(findTestObject("hasil sosmed/hasil whatsapp d")): Text of object 'Object Repository/hasil sosmed/hasil whatsapp d' is: '+6281122223333'

2023-10-03 10:56:44 - [MESSAGE][PASSED] - Text of object 'Object Repository/hasil sosmed/hasil whatsapp d' is: '+6281122223333'

2023-10-03 10:56:44 - [TEST_STEP][PASSED] - tele = getText(findTestObject("hasil sosmed/hasil Telegram e")): Text of object 'Object Repository/hasil sosmed/hasil Telegram e' is: '@Runaya71'

2023-10-03 10:56:44 - [MESSAGE][PASSED] - Text of object 'Object Repository/hasil sosmed/hasil Telegram e' is: '@Runaya71'

2023-10-03 10:56:44 - [TEST_STEP][PASSED] - yout = getText(findTestObject("hasil sosmed/hasil youtube f")): Text of object 'Object Repository/hasil sosmed/hasil youtube f' is: 'Runarun'

2023-10-03 10:56:45 - [MESSAGE][PASSED] - Text of object 'Object Repository/hasil sosmed/hasil youtube f' is: 'Runarun'

2023-10-03 10:56:45 - [TEST_STEP][PASSED] - lin = getText(findTestObject("hasil sosmed/hasil linkedin g")): Text of object 'Object Repository/hasil sosmed/hasil linkedin g' is: 'RunaOkta'

2023-10-03 10:56:45 - [MESSAGE][PASSED] - Text of object 'Object Repository/hasil sosmed/hasil linkedin g' is: 'RunaOkta'

2023-10-03 10:56:45 - [TEST_STEP][PASSED] - goo = getText(findTestObject("hasil sosmed/hasil google h")): Text of object 'Object Repository/hasil sosmed/hasil google h' is: '+Runaya'

2023-10-03 10:56:46 - [MESSAGE][PASSED] - Text of object 'Object Repository/hasil sosmed/hasil google h' is: '+Runaya'

2023-10-03 10:56:46 - [TEST_STEP][PASSED] - assert trim().equalsIgnoreCase(Facebook.trim()): null

2023-10-03 10:56:46 - [TEST_STEP][PASSED] - assert trim().equalsIgnoreCase(Twitter.trim()): null

2023-10-03 10:56:46 - [TEST_STEP][PASSED] - assert trim().equalsIgnoreCase(Instagram.trim()): null

2023-10-03 10:56:46 - [TEST_STEP][PASSED] - assert trim().equalsIgnoreCase(Whatsapp.trim()): null

2023-10-03 10:56:46 - [TEST_STEP][PASSED] - assert trim().equalsIgnoreCase(Telegram.trim()): null

2023-10-03 10:56:46 - [TEST_STEP][PASSED] - assert trim().equalsIgnoreCase(Youtube.trim()): null

2023-10-03 10:56:46 - [TEST_STEP][PASSED] - assert trim().equalsIgnoreCase(LinkedIn.trim()): null

2023-10-03 10:56:46 - [TEST_STEP][PASSED] - assert trim().equalsIgnoreCase(Google.trim()): null]]></system-out>
         <system-err><![CDATA[]]></system-err>
      </testcase>
      <testcase name="Test Cases/M05 -Edit Sosial Media/TC-ESMS-002" time="30.951" classname="Test Cases/M05 -Edit Sosial Media/TC-ESMS-002" status="PASSED">
         <system-out><![CDATA[2023-10-03 10:56:46 - [TEST_CASE][PASSED] - Test Cases/M05 -Edit Sosial Media/TC-ESMS-002: Test Cases/M05 -Edit Sosial Media/TC-ESMS-002

2023-10-03 10:56:47 - [TEST_STEP][PASSED] - callTestCase(findTestCase("M05 -Edit Sosial Media/TC-LS-001"), [:], STOP_ON_FAILURE): Call Test Case 'Test Cases/M05 -Edit Sosial Media/TC-LS-001' successfully

2023-10-03 10:56:48 - [TEST_CASE][PASSED] - Test Cases/M05 -Edit Sosial Media/TC-LS-001: Test Cases/M05 -Edit Sosial Media/TC-LS-001

2023-10-03 10:56:48 - [TEST_STEP][PASSED] - openBrowser(urlWeb): Browser is opened with url: 'https://10.9.2.63/ecommerce/'

2023-10-03 10:56:48 - [MESSAGE][WARNING] - A browser is already opened. Closing browser and opening a new one

2023-10-03 10:56:50 - [MESSAGE][INFO] - Starting 'Firefox' driver

2023-10-03 10:56:50 - [MESSAGE][INFO] - Action delay is set to 0 milliseconds

2023-10-03 10:57:01 - [MESSAGE][PASSED] - Browser is opened with url: 'https://10.9.2.63/ecommerce/'

2023-10-03 10:57:01 - [TEST_STEP][PASSED] - maximizeWindow(): Current window maximized

2023-10-03 10:57:01 - [MESSAGE][PASSED] - Current window maximized

2023-10-03 10:57:01 - [TEST_STEP][PASSED] - click(findTestObject("Login/a_Login")): Object: 'Object Repository/Login/a_Login' is clicked on

2023-10-03 10:57:02 - [MESSAGE][PASSED] - Object: 'Object Repository/Login/a_Login' is clicked on

2023-10-03 10:57:02 - [TEST_STEP][PASSED] - setText(findTestObject("Login/input_Username, Email atau No. Handphone_a"), "runa36"): Text 'runa36' is set on object 'Object Repository/Login/input_Username, Email atau No. Handphone_a'

2023-10-03 10:57:03 - [MESSAGE][PASSED] - Text 'runa36' is set on object 'Object Repository/Login/input_Username, Email atau No. Handphone_a'

2023-10-03 10:57:03 - [TEST_STEP][PASSED] - setEncryptedText(findTestObject("Login/input_Password di Login(Masuk)"), "qbkrdMwyWE4="): Text ****** has been set on object 'Object Repository/Login/input_Password di Login(Masuk)'

2023-10-03 10:57:04 - [MESSAGE][PASSED] - Text ****** has been set on object 'Object Repository/Login/input_Password di Login(Masuk)'

2023-10-03 10:57:04 - [TEST_STEP][PASSED] - click(findTestObject("Login/button_Masuk di halaman login")): Object: 'Object Repository/Login/button_Masuk di halaman login' is clicked on

2023-10-03 10:57:06 - [MESSAGE][PASSED] - Object: 'Object Repository/Login/button_Masuk di halaman login' is clicked on

2023-10-03 10:57:06 - [TEST_STEP][PASSED] - verifyElementPresent(findTestObject("edit sosial media/verifikasi masuk halaman biodata diri"), 0): Object 'Object Repository/edit sosial media/verifikasi masuk halaman biodata diri' is present

2023-10-03 10:57:06 - [MESSAGE][WARNING] - Timeout '0' is invalid. Using default page load timeout: '30'

2023-10-03 10:57:07 - [MESSAGE][PASSED] - Object 'Object Repository/edit sosial media/verifikasi masuk halaman biodata diri' is present

2023-10-03 10:57:07 - [MESSAGE][PASSED] - Call Test Case 'Test Cases/M05 -Edit Sosial Media/TC-LS-001' successfully

2023-10-03 10:57:07 - [TEST_STEP][PASSED] - verifyElementPresent(findTestObject("edit sosial media/verifikasi masuk halaman biodata diri"), 0): Object 'Object Repository/edit sosial media/verifikasi masuk halaman biodata diri' is present

2023-10-03 10:57:07 - [MESSAGE][WARNING] - Timeout '0' is invalid. Using default page load timeout: '30'

2023-10-03 10:57:07 - [MESSAGE][PASSED] - Object 'Object Repository/edit sosial media/verifikasi masuk halaman biodata diri' is present

2023-10-03 10:57:07 - [TEST_STEP][PASSED] - click(findTestObject("edit sosial media/a_Sosmed")): Object: 'Object Repository/edit sosial media/a_Sosmed' is clicked on

2023-10-03 10:57:09 - [MESSAGE][PASSED] - Object: 'Object Repository/edit sosial media/a_Sosmed' is clicked on

2023-10-03 10:57:09 - [TEST_STEP][PASSED] - click(findTestObject("edit sosial media/Edit Sosial Media")): Object: 'Object Repository/edit sosial media/Edit Sosial Media' is clicked on

2023-10-03 10:57:10 - [MESSAGE][PASSED] - Object: 'Object Repository/edit sosial media/Edit Sosial Media' is clicked on

2023-10-03 10:57:10 - [TEST_STEP][PASSED] - clearText(findTestObject("edit sosial media/input_Facebook_a")): Text of object 'Object Repository/edit sosial media/input_Facebook_a' is cleared

2023-10-03 10:57:11 - [MESSAGE][PASSED] - Text of object 'Object Repository/edit sosial media/input_Facebook_a' is cleared

2023-10-03 10:57:11 - [TEST_STEP][PASSED] - setText(findTestObject("edit sosial media/input_Facebook_a"), facebook): Text 'Runaya' is set on object 'Object Repository/edit sosial media/input_Facebook_a'

2023-10-03 10:57:12 - [MESSAGE][PASSED] - Text 'Runaya' is set on object 'Object Repository/edit sosial media/input_Facebook_a'

2023-10-03 10:57:12 - [TEST_STEP][PASSED] - clearText(findTestObject("edit sosial media/input_Instagram_c")): Text of object 'Object Repository/edit sosial media/input_Instagram_c' is cleared

2023-10-03 10:57:13 - [MESSAGE][PASSED] - Text of object 'Object Repository/edit sosial media/input_Instagram_c' is cleared

2023-10-03 10:57:13 - [TEST_STEP][PASSED] - setText(findTestObject("edit sosial media/input_Instagram_c"), instagram): Text 'Runaya' is set on object 'Object Repository/edit sosial media/input_Instagram_c'

2023-10-03 10:57:14 - [MESSAGE][PASSED] - Text 'Runaya' is set on object 'Object Repository/edit sosial media/input_Instagram_c'

2023-10-03 10:57:14 - [TEST_STEP][PASSED] - click(findTestObject("edit sosial media/center_Simpan Sosial Media")): Object: 'Object Repository/edit sosial media/center_Simpan Sosial Media' is clicked on

2023-10-03 10:57:16 - [MESSAGE][PASSED] - Object: 'Object Repository/edit sosial media/center_Simpan Sosial Media' is clicked on

2023-10-03 10:57:16 - [TEST_STEP][PASSED] - face = getText(findTestObject("Object Repository/hasil sosmed/hasil facebook_a")): Text of object 'Object Repository/hasil sosmed/hasil facebook_a' is: 'Runaya'

2023-10-03 10:57:16 - [MESSAGE][PASSED] - Text of object 'Object Repository/hasil sosmed/hasil facebook_a' is: 'Runaya'

2023-10-03 10:57:16 - [TEST_STEP][PASSED] - insta = getText(findTestObject("Object Repository/hasil sosmed/hasil Instagram_c")): Text of object 'Object Repository/hasil sosmed/hasil Instagram_c' is: 'Runaya'

2023-10-03 10:57:17 - [MESSAGE][PASSED] - Text of object 'Object Repository/hasil sosmed/hasil Instagram_c' is: 'Runaya'

2023-10-03 10:57:17 - [TEST_STEP][PASSED] - assert trim().equalsIgnoreCase(facebook.trim()): null

2023-10-03 10:57:17 - [TEST_STEP][PASSED] - assert trim().equalsIgnoreCase(instagram.trim()): null]]></system-out>
         <system-err><![CDATA[]]></system-err>
      </testcase>
      <testcase name="Test Cases/M05 -Edit Sosial Media/TC-ESMS-003" time="26.12" classname="Test Cases/M05 -Edit Sosial Media/TC-ESMS-003" status="FAILED">
         <failure type="FAILED" message="Test Cases/M05 -Edit Sosial Media/TC-ESMS-003 FAILED.
Reason:
Assertion failed: 

assert twit.toString().trim().equalsIgnoreCase(twitter.trim())
       |    |          |      |                |       |
       -    -          -      false            &quot;&quot;      &quot;&quot;

	at TC-ESMS-003.run(TC-ESMS-003:36)
	at com.kms.katalon.core.main.ScriptEngine.run(ScriptEngine.java:194)
	at com.kms.katalon.core.main.ScriptEngine.runScriptAsRawText(ScriptEngine.java:119)
	at com.kms.katalon.core.main.TestCaseExecutor.runScript(TestCaseExecutor.java:448)
	at com.kms.katalon.core.main.TestCaseExecutor.doExecute(TestCaseExecutor.java:439)
	at com.kms.katalon.core.main.TestCaseExecutor.processExecutionPhase(TestCaseExecutor.java:418)
	at com.kms.katalon.core.main.TestCaseExecutor.accessMainPhase(TestCaseExecutor.java:410)
	at com.kms.katalon.core.main.TestCaseExecutor.execute(TestCaseExecutor.java:285)
	at com.kms.katalon.core.common.CommonExecutor.accessTestCaseMainPhase(CommonExecutor.java:65)
	at com.kms.katalon.core.main.TestSuiteExecutor.accessTestSuiteMainPhase(TestSuiteExecutor.java:148)
	at com.kms.katalon.core.main.TestSuiteExecutor.execute(TestSuiteExecutor.java:106)
	at com.kms.katalon.core.main.TestCaseMain.startTestSuite(TestCaseMain.java:187)
	at com.kms.katalon.core.main.TestCaseMain$startTestSuite$0.call(Unknown Source)
	at TempTestSuite1696305328923.run(TempTestSuite1696305328923.groovy:36)
"/>
         <system-out><![CDATA[2023-10-03 10:57:17 - [TEST_CASE][FAILED] - Test Cases/M05 -Edit Sosial Media/TC-ESMS-003: Test Cases/M05 -Edit Sosial Media/TC-ESMS-003 FAILED.
Reason:
Assertion failed: 

assert twit.toString().trim().equalsIgnoreCase(twitter.trim())
       |    |          |      |                |       |
       -    -          -      false            ""      ""

	at TC-ESMS-003.run(TC-ESMS-003:36)
	at com.kms.katalon.core.main.ScriptEngine.run(ScriptEngine.java:194)
	at com.kms.katalon.core.main.ScriptEngine.runScriptAsRawText(ScriptEngine.java:119)
	at com.kms.katalon.core.main.TestCaseExecutor.runScript(TestCaseExecutor.java:448)
	at com.kms.katalon.core.main.TestCaseExecutor.doExecute(TestCaseExecutor.java:439)
	at com.kms.katalon.core.main.TestCaseExecutor.processExecutionPhase(TestCaseExecutor.java:418)
	at com.kms.katalon.core.main.TestCaseExecutor.accessMainPhase(TestCaseExecutor.java:410)
	at com.kms.katalon.core.main.TestCaseExecutor.execute(TestCaseExecutor.java:285)
	at com.kms.katalon.core.common.CommonExecutor.accessTestCaseMainPhase(CommonExecutor.java:65)
	at com.kms.katalon.core.main.TestSuiteExecutor.accessTestSuiteMainPhase(TestSuiteExecutor.java:148)
	at com.kms.katalon.core.main.TestSuiteExecutor.execute(TestSuiteExecutor.java:106)
	at com.kms.katalon.core.main.TestCaseMain.startTestSuite(TestCaseMain.java:187)
	at com.kms.katalon.core.main.TestCaseMain$startTestSuite$0.call(Unknown Source)
	at TempTestSuite1696305328923.run(TempTestSuite1696305328923.groovy:36)


2023-10-03 10:57:18 - [TEST_STEP][PASSED] - callTestCase(findTestCase("M05 -Edit Sosial Media/TC-LS-001"), [:], STOP_ON_FAILURE): Call Test Case 'Test Cases/M05 -Edit Sosial Media/TC-LS-001' successfully

2023-10-03 10:57:18 - [TEST_CASE][PASSED] - Test Cases/M05 -Edit Sosial Media/TC-LS-001: Test Cases/M05 -Edit Sosial Media/TC-LS-001

2023-10-03 10:57:18 - [TEST_STEP][PASSED] - openBrowser(urlWeb): Browser is opened with url: 'https://10.9.2.63/ecommerce/'

2023-10-03 10:57:18 - [MESSAGE][WARNING] - A browser is already opened. Closing browser and opening a new one

2023-10-03 10:57:20 - [MESSAGE][INFO] - Starting 'Firefox' driver

2023-10-03 10:57:20 - [MESSAGE][INFO] - Action delay is set to 0 milliseconds

2023-10-03 10:57:30 - [MESSAGE][PASSED] - Browser is opened with url: 'https://10.9.2.63/ecommerce/'

2023-10-03 10:57:30 - [TEST_STEP][PASSED] - maximizeWindow(): Current window maximized

2023-10-03 10:57:30 - [MESSAGE][PASSED] - Current window maximized

2023-10-03 10:57:30 - [TEST_STEP][PASSED] - click(findTestObject("Login/a_Login")): Object: 'Object Repository/Login/a_Login' is clicked on

2023-10-03 10:57:31 - [MESSAGE][PASSED] - Object: 'Object Repository/Login/a_Login' is clicked on

2023-10-03 10:57:31 - [TEST_STEP][PASSED] - setText(findTestObject("Login/input_Username, Email atau No. Handphone_a"), "runa36"): Text 'runa36' is set on object 'Object Repository/Login/input_Username, Email atau No. Handphone_a'

2023-10-03 10:57:32 - [MESSAGE][PASSED] - Text 'runa36' is set on object 'Object Repository/Login/input_Username, Email atau No. Handphone_a'

2023-10-03 10:57:32 - [TEST_STEP][PASSED] - setEncryptedText(findTestObject("Login/input_Password di Login(Masuk)"), "qbkrdMwyWE4="): Text ****** has been set on object 'Object Repository/Login/input_Password di Login(Masuk)'

2023-10-03 10:57:33 - [MESSAGE][PASSED] - Text ****** has been set on object 'Object Repository/Login/input_Password di Login(Masuk)'

2023-10-03 10:57:33 - [TEST_STEP][PASSED] - click(findTestObject("Login/button_Masuk di halaman login")): Object: 'Object Repository/Login/button_Masuk di halaman login' is clicked on

2023-10-03 10:57:35 - [MESSAGE][PASSED] - Object: 'Object Repository/Login/button_Masuk di halaman login' is clicked on

2023-10-03 10:57:35 - [TEST_STEP][PASSED] - verifyElementPresent(findTestObject("edit sosial media/verifikasi masuk halaman biodata diri"), 0): Object 'Object Repository/edit sosial media/verifikasi masuk halaman biodata diri' is present

2023-10-03 10:57:35 - [MESSAGE][WARNING] - Timeout '0' is invalid. Using default page load timeout: '30'

2023-10-03 10:57:35 - [MESSAGE][PASSED] - Object 'Object Repository/edit sosial media/verifikasi masuk halaman biodata diri' is present

2023-10-03 10:57:35 - [MESSAGE][PASSED] - Call Test Case 'Test Cases/M05 -Edit Sosial Media/TC-LS-001' successfully

2023-10-03 10:57:35 - [TEST_STEP][PASSED] - verifyElementPresent(findTestObject("edit sosial media/verifikasi masuk halaman biodata diri"), 0): Object 'Object Repository/edit sosial media/verifikasi masuk halaman biodata diri' is present

2023-10-03 10:57:36 - [MESSAGE][WARNING] - Timeout '0' is invalid. Using default page load timeout: '30'

2023-10-03 10:57:36 - [MESSAGE][PASSED] - Object 'Object Repository/edit sosial media/verifikasi masuk halaman biodata diri' is present

2023-10-03 10:57:36 - [TEST_STEP][PASSED] - click(findTestObject("edit sosial media/a_Sosmed")): Object: 'Object Repository/edit sosial media/a_Sosmed' is clicked on

2023-10-03 10:57:37 - [MESSAGE][PASSED] - Object: 'Object Repository/edit sosial media/a_Sosmed' is clicked on

2023-10-03 10:57:37 - [TEST_STEP][PASSED] - click(findTestObject("edit sosial media/Edit Sosial Media")): Object: 'Object Repository/edit sosial media/Edit Sosial Media' is clicked on

2023-10-03 10:57:39 - [MESSAGE][PASSED] - Object: 'Object Repository/edit sosial media/Edit Sosial Media' is clicked on

2023-10-03 10:57:39 - [TEST_STEP][PASSED] - clearText(findTestObject("edit sosial media/input_Twitter_b")): Text of object 'Object Repository/edit sosial media/input_Twitter_b' is cleared

2023-10-03 10:57:40 - [MESSAGE][PASSED] - Text of object 'Object Repository/edit sosial media/input_Twitter_b' is cleared

2023-10-03 10:57:40 - [TEST_STEP][PASSED] - setText(findTestObject("edit sosial media/input_Twitter_b"), twitter): Text '' is set on object 'Object Repository/edit sosial media/input_Twitter_b'

2023-10-03 10:57:41 - [MESSAGE][PASSED] - Text '' is set on object 'Object Repository/edit sosial media/input_Twitter_b'

2023-10-03 10:57:41 - [TEST_STEP][PASSED] - click(findTestObject("edit sosial media/center_Simpan Sosial Media")): Object: 'Object Repository/edit sosial media/center_Simpan Sosial Media' is clicked on

2023-10-03 10:57:42 - [MESSAGE][PASSED] - Object: 'Object Repository/edit sosial media/center_Simpan Sosial Media' is clicked on

2023-10-03 10:57:42 - [TEST_STEP][PASSED] - twit = getText(findTestObject("Object Repository/hasil sosmed/hasil twitter_b")): Text of object 'Object Repository/hasil sosmed/hasil twitter_b' is: '-'

2023-10-03 10:57:43 - [MESSAGE][PASSED] - Text of object 'Object Repository/hasil sosmed/hasil twitter_b' is: '-'

2023-10-03 10:57:43 - [TEST_STEP][FAILED] - assert trim().equalsIgnoreCase(twitter.trim()): Test Cases/M05 -Edit Sosial Media/TC-ESMS-003 FAILED.
Reason:
Assertion failed: 

assert twit.toString().trim().equalsIgnoreCase(twitter.trim())
       |    |          |      |                |       |
       -    -          -      false            ""      ""

	at TC-ESMS-003.run(TC-ESMS-003:36)
	at com.kms.katalon.core.main.ScriptEngine.run(ScriptEngine.java:194)
	at com.kms.katalon.core.main.ScriptEngine.runScriptAsRawText(ScriptEngine.java:119)
	at com.kms.katalon.core.main.TestCaseExecutor.runScript(TestCaseExecutor.java:448)
	at com.kms.katalon.core.main.TestCaseExecutor.doExecute(TestCaseExecutor.java:439)
	at com.kms.katalon.core.main.TestCaseExecutor.processExecutionPhase(TestCaseExecutor.java:418)
	at com.kms.katalon.core.main.TestCaseExecutor.accessMainPhase(TestCaseExecutor.java:410)
	at com.kms.katalon.core.main.TestCaseExecutor.execute(TestCaseExecutor.java:285)
	at com.kms.katalon.core.common.CommonExecutor.accessTestCaseMainPhase(CommonExecutor.java:65)
	at com.kms.katalon.core.main.TestSuiteExecutor.accessTestSuiteMainPhase(TestSuiteExecutor.java:148)
	at com.kms.katalon.core.main.TestSuiteExecutor.execute(TestSuiteExecutor.java:106)
	at com.kms.katalon.core.main.TestCaseMain.startTestSuite(TestCaseMain.java:187)
	at com.kms.katalon.core.main.TestCaseMain$startTestSuite$0.call(Unknown Source)
	at TempTestSuite1696305328923.run(TempTestSuite1696305328923.groovy:36)


2023-10-03 10:57:43 - [MESSAGE][FAILED] - Test Cases/M05 -Edit Sosial Media/TC-ESMS-003 FAILED.
Reason:
Assertion failed: 

assert twit.toString().trim().equalsIgnoreCase(twitter.trim())
       |    |          |      |                |       |
       -    -          -      false            ""      ""

	at TC-ESMS-003.run(TC-ESMS-003:36)
	at com.kms.katalon.core.main.ScriptEngine.run(ScriptEngine.java:194)
	at com.kms.katalon.core.main.ScriptEngine.runScriptAsRawText(ScriptEngine.java:119)
	at com.kms.katalon.core.main.TestCaseExecutor.runScript(TestCaseExecutor.java:448)
	at com.kms.katalon.core.main.TestCaseExecutor.doExecute(TestCaseExecutor.java:439)
	at com.kms.katalon.core.main.TestCaseExecutor.processExecutionPhase(TestCaseExecutor.java:418)
	at com.kms.katalon.core.main.TestCaseExecutor.accessMainPhase(TestCaseExecutor.java:410)
	at com.kms.katalon.core.main.TestCaseExecutor.execute(TestCaseExecutor.java:285)
	at com.kms.katalon.core.common.CommonExecutor.accessTestCaseMainPhase(CommonExecutor.java:65)
	at com.kms.katalon.core.main.TestSuiteExecutor.accessTestSuiteMainPhase(TestSuiteExecutor.java:148)
	at com.kms.katalon.core.main.TestSuiteExecutor.execute(TestSuiteExecutor.java:106)
	at com.kms.katalon.core.main.TestCaseMain.startTestSuite(TestCaseMain.java:187)
	at com.kms.katalon.core.main.TestCaseMain$startTestSuite$0.call(Unknown Source)
	at TempTestSuite1696305328923.run(TempTestSuite1696305328923.groovy:36)]]></system-out>
         <system-err><![CDATA[2023-10-03 10:57:17 - [TEST_CASE][FAILED] - Test Cases/M05 -Edit Sosial Media/TC-ESMS-003: Test Cases/M05 -Edit Sosial Media/TC-ESMS-003 FAILED.
Reason:
Assertion failed: 

assert twit.toString().trim().equalsIgnoreCase(twitter.trim())
       |    |          |      |                |       |
       -    -          -      false            ""      ""

	at TC-ESMS-003.run(TC-ESMS-003:36)
	at com.kms.katalon.core.main.ScriptEngine.run(ScriptEngine.java:194)
	at com.kms.katalon.core.main.ScriptEngine.runScriptAsRawText(ScriptEngine.java:119)
	at com.kms.katalon.core.main.TestCaseExecutor.runScript(TestCaseExecutor.java:448)
	at com.kms.katalon.core.main.TestCaseExecutor.doExecute(TestCaseExecutor.java:439)
	at com.kms.katalon.core.main.TestCaseExecutor.processExecutionPhase(TestCaseExecutor.java:418)
	at com.kms.katalon.core.main.TestCaseExecutor.accessMainPhase(TestCaseExecutor.java:410)
	at com.kms.katalon.core.main.TestCaseExecutor.execute(TestCaseExecutor.java:285)
	at com.kms.katalon.core.common.CommonExecutor.accessTestCaseMainPhase(CommonExecutor.java:65)
	at com.kms.katalon.core.main.TestSuiteExecutor.accessTestSuiteMainPhase(TestSuiteExecutor.java:148)
	at com.kms.katalon.core.main.TestSuiteExecutor.execute(TestSuiteExecutor.java:106)
	at com.kms.katalon.core.main.TestCaseMain.startTestSuite(TestCaseMain.java:187)
	at com.kms.katalon.core.main.TestCaseMain$startTestSuite$0.call(Unknown Source)
	at TempTestSuite1696305328923.run(TempTestSuite1696305328923.groovy:36)]]></system-err>
      </testcase>
      <testcase name="Test Cases/M05 -Edit Sosial Media/TC-ESMS-004" time="29.765" classname="Test Cases/M05 -Edit Sosial Media/TC-ESMS-004" status="PASSED">
         <system-out><![CDATA[2023-10-03 10:57:43 - [TEST_CASE][PASSED] - Test Cases/M05 -Edit Sosial Media/TC-ESMS-004: Test Cases/M05 -Edit Sosial Media/TC-ESMS-004

2023-10-03 10:57:46 - [TEST_STEP][PASSED] - callTestCase(findTestCase("M05 -Edit Sosial Media/TC-LS-001"), [:], STOP_ON_FAILURE): Call Test Case 'Test Cases/M05 -Edit Sosial Media/TC-LS-001' successfully

2023-10-03 10:57:46 - [TEST_CASE][PASSED] - Test Cases/M05 -Edit Sosial Media/TC-LS-001: Test Cases/M05 -Edit Sosial Media/TC-LS-001

2023-10-03 10:57:46 - [TEST_STEP][PASSED] - openBrowser(urlWeb): Browser is opened with url: 'https://10.9.2.63/ecommerce/'

2023-10-03 10:57:46 - [MESSAGE][WARNING] - A browser is already opened. Closing browser and opening a new one

2023-10-03 10:57:48 - [MESSAGE][INFO] - Starting 'Firefox' driver

2023-10-03 10:57:48 - [MESSAGE][INFO] - Action delay is set to 0 milliseconds

2023-10-03 10:57:57 - [MESSAGE][PASSED] - Browser is opened with url: 'https://10.9.2.63/ecommerce/'

2023-10-03 10:57:57 - [TEST_STEP][PASSED] - maximizeWindow(): Current window maximized

2023-10-03 10:57:57 - [MESSAGE][PASSED] - Current window maximized

2023-10-03 10:57:57 - [TEST_STEP][PASSED] - click(findTestObject("Login/a_Login")): Object: 'Object Repository/Login/a_Login' is clicked on

2023-10-03 10:57:58 - [MESSAGE][PASSED] - Object: 'Object Repository/Login/a_Login' is clicked on

2023-10-03 10:57:58 - [TEST_STEP][PASSED] - setText(findTestObject("Login/input_Username, Email atau No. Handphone_a"), "runa36"): Text 'runa36' is set on object 'Object Repository/Login/input_Username, Email atau No. Handphone_a'

2023-10-03 10:58:00 - [MESSAGE][PASSED] - Text 'runa36' is set on object 'Object Repository/Login/input_Username, Email atau No. Handphone_a'

2023-10-03 10:58:00 - [TEST_STEP][PASSED] - setEncryptedText(findTestObject("Login/input_Password di Login(Masuk)"), "qbkrdMwyWE4="): Text ****** has been set on object 'Object Repository/Login/input_Password di Login(Masuk)'

2023-10-03 10:58:00 - [MESSAGE][PASSED] - Text ****** has been set on object 'Object Repository/Login/input_Password di Login(Masuk)'

2023-10-03 10:58:00 - [TEST_STEP][PASSED] - click(findTestObject("Login/button_Masuk di halaman login")): Object: 'Object Repository/Login/button_Masuk di halaman login' is clicked on

2023-10-03 10:58:02 - [MESSAGE][PASSED] - Object: 'Object Repository/Login/button_Masuk di halaman login' is clicked on

2023-10-03 10:58:02 - [TEST_STEP][PASSED] - verifyElementPresent(findTestObject("edit sosial media/verifikasi masuk halaman biodata diri"), 0): Object 'Object Repository/edit sosial media/verifikasi masuk halaman biodata diri' is present

2023-10-03 10:58:02 - [MESSAGE][WARNING] - Timeout '0' is invalid. Using default page load timeout: '30'

2023-10-03 10:58:03 - [MESSAGE][PASSED] - Object 'Object Repository/edit sosial media/verifikasi masuk halaman biodata diri' is present

2023-10-03 10:58:03 - [MESSAGE][PASSED] - Call Test Case 'Test Cases/M05 -Edit Sosial Media/TC-LS-001' successfully

2023-10-03 10:58:03 - [TEST_STEP][PASSED] - verifyElementPresent(findTestObject("edit sosial media/verifikasi masuk halaman biodata diri"), 0): Object 'Object Repository/edit sosial media/verifikasi masuk halaman biodata diri' is present

2023-10-03 10:58:03 - [MESSAGE][WARNING] - Timeout '0' is invalid. Using default page load timeout: '30'

2023-10-03 10:58:04 - [MESSAGE][PASSED] - Object 'Object Repository/edit sosial media/verifikasi masuk halaman biodata diri' is present

2023-10-03 10:58:04 - [TEST_STEP][PASSED] - click(findTestObject("edit sosial media/a_Sosmed")): Object: 'Object Repository/edit sosial media/a_Sosmed' is clicked on

2023-10-03 10:58:05 - [MESSAGE][PASSED] - Object: 'Object Repository/edit sosial media/a_Sosmed' is clicked on

2023-10-03 10:58:05 - [TEST_STEP][PASSED] - click(findTestObject("edit sosial media/Edit Sosial Media")): Object: 'Object Repository/edit sosial media/Edit Sosial Media' is clicked on

2023-10-03 10:58:07 - [MESSAGE][PASSED] - Object: 'Object Repository/edit sosial media/Edit Sosial Media' is clicked on

2023-10-03 10:58:07 - [TEST_STEP][PASSED] - clearText(findTestObject("edit sosial media/input_Youtube_f")): Text of object 'Object Repository/edit sosial media/input_Youtube_f' is cleared

2023-10-03 10:58:08 - [MESSAGE][PASSED] - Text of object 'Object Repository/edit sosial media/input_Youtube_f' is cleared

2023-10-03 10:58:08 - [TEST_STEP][PASSED] - setText(findTestObject("edit sosial media/input_Youtube_f"), youtube): Text 'https://www.youtube.com/@BLACKPINK' is set on object 'Object Repository/edit sosial media/input_Youtube_f'

2023-10-03 10:58:09 - [MESSAGE][PASSED] - Text 'https://www.youtube.com/@BLACKPINK' is set on object 'Object Repository/edit sosial media/input_Youtube_f'

2023-10-03 10:58:09 - [TEST_STEP][PASSED] - clearText(findTestObject("edit sosial media/input_LinkedIn_g")): Text of object 'Object Repository/edit sosial media/input_LinkedIn_g' is cleared

2023-10-03 10:58:09 - [MESSAGE][PASSED] - Text of object 'Object Repository/edit sosial media/input_LinkedIn_g' is cleared

2023-10-03 10:58:09 - [TEST_STEP][PASSED] - setText(findTestObject("edit sosial media/input_LinkedIn_g"), linkedin): Text 'www.linkedin.com/in/blackpink' is set on object 'Object Repository/edit sosial media/input_LinkedIn_g'

2023-10-03 10:58:10 - [MESSAGE][PASSED] - Text 'www.linkedin.com/in/blackpink' is set on object 'Object Repository/edit sosial media/input_LinkedIn_g'

2023-10-03 10:58:10 - [TEST_STEP][PASSED] - click(findTestObject("edit sosial media/center_Simpan Sosial Media")): Object: 'Object Repository/edit sosial media/center_Simpan Sosial Media' is clicked on

2023-10-03 10:58:12 - [MESSAGE][PASSED] - Object: 'Object Repository/edit sosial media/center_Simpan Sosial Media' is clicked on

2023-10-03 10:58:12 - [TEST_STEP][PASSED] - yt = getText(findTestObject("hasil sosmed/hasil youtube f")): Text of object 'Object Repository/hasil sosmed/hasil youtube f' is: 'https://www.youtube.com/@BLACKPINK'

2023-10-03 10:58:13 - [MESSAGE][PASSED] - Text of object 'Object Repository/hasil sosmed/hasil youtube f' is: 'https://www.youtube.com/@BLACKPINK'

2023-10-03 10:58:13 - [TEST_STEP][PASSED] - lind = getText(findTestObject("hasil sosmed/hasil linkedin g")): Text of object 'Object Repository/hasil sosmed/hasil linkedin g' is: 'www.linkedin.com/in/blackpink'

2023-10-03 10:58:13 - [MESSAGE][PASSED] - Text of object 'Object Repository/hasil sosmed/hasil linkedin g' is: 'www.linkedin.com/in/blackpink'

2023-10-03 10:58:13 - [TEST_STEP][PASSED] - assert trim().equalsIgnoreCase(youtube.trim()): null

2023-10-03 10:58:13 - [TEST_STEP][PASSED] - assert trim().equalsIgnoreCase(linkedin.trim()): null]]></system-out>
         <system-err><![CDATA[]]></system-err>
      </testcase>
      <testcase name="Test Cases/M05 -Edit Sosial Media/TC-ESMS-005" time="29.188" classname="Test Cases/M05 -Edit Sosial Media/TC-ESMS-005" status="FAILED">
         <failure type="FAILED" message="Test Cases/M05 -Edit Sosial Media/TC-ESMS-005 FAILED.
Reason:
Assertion failed: 

assert insta == instag
       |     |  |
       |     |  Runaya
       |     false
       Johndue

	at TC-ESMS-005.run(TC-ESMS-005:38)
	at com.kms.katalon.core.main.ScriptEngine.run(ScriptEngine.java:194)
	at com.kms.katalon.core.main.ScriptEngine.runScriptAsRawText(ScriptEngine.java:119)
	at com.kms.katalon.core.main.TestCaseExecutor.runScript(TestCaseExecutor.java:448)
	at com.kms.katalon.core.main.TestCaseExecutor.doExecute(TestCaseExecutor.java:439)
	at com.kms.katalon.core.main.TestCaseExecutor.processExecutionPhase(TestCaseExecutor.java:418)
	at com.kms.katalon.core.main.TestCaseExecutor.accessMainPhase(TestCaseExecutor.java:410)
	at com.kms.katalon.core.main.TestCaseExecutor.execute(TestCaseExecutor.java:285)
	at com.kms.katalon.core.common.CommonExecutor.accessTestCaseMainPhase(CommonExecutor.java:65)
	at com.kms.katalon.core.main.TestSuiteExecutor.accessTestSuiteMainPhase(TestSuiteExecutor.java:148)
	at com.kms.katalon.core.main.TestSuiteExecutor.execute(TestSuiteExecutor.java:106)
	at com.kms.katalon.core.main.TestCaseMain.startTestSuite(TestCaseMain.java:187)
	at com.kms.katalon.core.main.TestCaseMain$startTestSuite$0.call(Unknown Source)
	at TempTestSuite1696305328923.run(TempTestSuite1696305328923.groovy:36)
"/>
         <system-out><![CDATA[2023-10-03 10:58:13 - [TEST_CASE][FAILED] - Test Cases/M05 -Edit Sosial Media/TC-ESMS-005: Test Cases/M05 -Edit Sosial Media/TC-ESMS-005 FAILED.
Reason:
Assertion failed: 

assert insta == instag
       |     |  |
       |     |  Runaya
       |     false
       Johndue

	at TC-ESMS-005.run(TC-ESMS-005:38)
	at com.kms.katalon.core.main.ScriptEngine.run(ScriptEngine.java:194)
	at com.kms.katalon.core.main.ScriptEngine.runScriptAsRawText(ScriptEngine.java:119)
	at com.kms.katalon.core.main.TestCaseExecutor.runScript(TestCaseExecutor.java:448)
	at com.kms.katalon.core.main.TestCaseExecutor.doExecute(TestCaseExecutor.java:439)
	at com.kms.katalon.core.main.TestCaseExecutor.processExecutionPhase(TestCaseExecutor.java:418)
	at com.kms.katalon.core.main.TestCaseExecutor.accessMainPhase(TestCaseExecutor.java:410)
	at com.kms.katalon.core.main.TestCaseExecutor.execute(TestCaseExecutor.java:285)
	at com.kms.katalon.core.common.CommonExecutor.accessTestCaseMainPhase(CommonExecutor.java:65)
	at com.kms.katalon.core.main.TestSuiteExecutor.accessTestSuiteMainPhase(TestSuiteExecutor.java:148)
	at com.kms.katalon.core.main.TestSuiteExecutor.execute(TestSuiteExecutor.java:106)
	at com.kms.katalon.core.main.TestCaseMain.startTestSuite(TestCaseMain.java:187)
	at com.kms.katalon.core.main.TestCaseMain$startTestSuite$0.call(Unknown Source)
	at TempTestSuite1696305328923.run(TempTestSuite1696305328923.groovy:36)


2023-10-03 10:58:15 - [TEST_STEP][PASSED] - callTestCase(findTestCase("M05 -Edit Sosial Media/TC-LS-001"), [:], STOP_ON_FAILURE): Call Test Case 'Test Cases/M05 -Edit Sosial Media/TC-LS-001' successfully

2023-10-03 10:58:15 - [TEST_CASE][PASSED] - Test Cases/M05 -Edit Sosial Media/TC-LS-001: Test Cases/M05 -Edit Sosial Media/TC-LS-001

2023-10-03 10:58:15 - [TEST_STEP][PASSED] - openBrowser(urlWeb): Browser is opened with url: 'https://10.9.2.63/ecommerce/'

2023-10-03 10:58:15 - [MESSAGE][WARNING] - A browser is already opened. Closing browser and opening a new one

2023-10-03 10:58:17 - [MESSAGE][INFO] - Starting 'Firefox' driver

2023-10-03 10:58:17 - [MESSAGE][INFO] - Action delay is set to 0 milliseconds

2023-10-03 10:58:28 - [MESSAGE][PASSED] - Browser is opened with url: 'https://10.9.2.63/ecommerce/'

2023-10-03 10:58:28 - [TEST_STEP][PASSED] - maximizeWindow(): Current window maximized

2023-10-03 10:58:28 - [MESSAGE][PASSED] - Current window maximized

2023-10-03 10:58:28 - [TEST_STEP][PASSED] - click(findTestObject("Login/a_Login")): Object: 'Object Repository/Login/a_Login' is clicked on

2023-10-03 10:58:28 - [MESSAGE][PASSED] - Object: 'Object Repository/Login/a_Login' is clicked on

2023-10-03 10:58:28 - [TEST_STEP][PASSED] - setText(findTestObject("Login/input_Username, Email atau No. Handphone_a"), "runa36"): Text 'runa36' is set on object 'Object Repository/Login/input_Username, Email atau No. Handphone_a'

2023-10-03 10:58:29 - [MESSAGE][PASSED] - Text 'runa36' is set on object 'Object Repository/Login/input_Username, Email atau No. Handphone_a'

2023-10-03 10:58:29 - [TEST_STEP][PASSED] - setEncryptedText(findTestObject("Login/input_Password di Login(Masuk)"), "qbkrdMwyWE4="): Text ****** has been set on object 'Object Repository/Login/input_Password di Login(Masuk)'

2023-10-03 10:58:30 - [MESSAGE][PASSED] - Text ****** has been set on object 'Object Repository/Login/input_Password di Login(Masuk)'

2023-10-03 10:58:30 - [TEST_STEP][PASSED] - click(findTestObject("Login/button_Masuk di halaman login")): Object: 'Object Repository/Login/button_Masuk di halaman login' is clicked on

2023-10-03 10:58:32 - [MESSAGE][PASSED] - Object: 'Object Repository/Login/button_Masuk di halaman login' is clicked on

2023-10-03 10:58:32 - [TEST_STEP][PASSED] - verifyElementPresent(findTestObject("edit sosial media/verifikasi masuk halaman biodata diri"), 0): Object 'Object Repository/edit sosial media/verifikasi masuk halaman biodata diri' is present

2023-10-03 10:58:32 - [MESSAGE][WARNING] - Timeout '0' is invalid. Using default page load timeout: '30'

2023-10-03 10:58:33 - [MESSAGE][PASSED] - Object 'Object Repository/edit sosial media/verifikasi masuk halaman biodata diri' is present

2023-10-03 10:58:33 - [MESSAGE][PASSED] - Call Test Case 'Test Cases/M05 -Edit Sosial Media/TC-LS-001' successfully

2023-10-03 10:58:33 - [TEST_STEP][PASSED] - verifyElementPresent(findTestObject("edit sosial media/verifikasi masuk halaman biodata diri"), 0): Object 'Object Repository/edit sosial media/verifikasi masuk halaman biodata diri' is present

2023-10-03 10:58:33 - [MESSAGE][WARNING] - Timeout '0' is invalid. Using default page load timeout: '30'

2023-10-03 10:58:33 - [MESSAGE][PASSED] - Object 'Object Repository/edit sosial media/verifikasi masuk halaman biodata diri' is present

2023-10-03 10:58:33 - [TEST_STEP][PASSED] - click(findTestObject("edit sosial media/a_Sosmed")): Object: 'Object Repository/edit sosial media/a_Sosmed' is clicked on

2023-10-03 10:58:35 - [MESSAGE][PASSED] - Object: 'Object Repository/edit sosial media/a_Sosmed' is clicked on

2023-10-03 10:58:35 - [TEST_STEP][PASSED] - click(findTestObject("edit sosial media/Edit Sosial Media")): Object: 'Object Repository/edit sosial media/Edit Sosial Media' is clicked on

2023-10-03 10:58:36 - [MESSAGE][PASSED] - Object: 'Object Repository/edit sosial media/Edit Sosial Media' is clicked on

2023-10-03 10:58:36 - [TEST_STEP][PASSED] - clearText(findTestObject("edit sosial media/input_Instagram_c")): Text of object 'Object Repository/edit sosial media/input_Instagram_c' is cleared

2023-10-03 10:58:37 - [MESSAGE][PASSED] - Text of object 'Object Repository/edit sosial media/input_Instagram_c' is cleared

2023-10-03 10:58:37 - [TEST_STEP][PASSED] - setText(findTestObject("edit sosial media/input_Instagram_c"), insta): Text 'Johndue' is set on object 'Object Repository/edit sosial media/input_Instagram_c'

2023-10-03 10:58:38 - [MESSAGE][PASSED] - Text 'Johndue' is set on object 'Object Repository/edit sosial media/input_Instagram_c'

2023-10-03 10:58:38 - [TEST_STEP][PASSED] - click(findTestObject("edit sosial media/li_Profile")): Object: 'Object Repository/edit sosial media/li_Profile' is clicked on

2023-10-03 10:58:40 - [MESSAGE][PASSED] - Object: 'Object Repository/edit sosial media/li_Profile' is clicked on

2023-10-03 10:58:40 - [TEST_STEP][PASSED] - click(findTestObject("edit sosial media/a_Sosmed")): Object: 'Object Repository/edit sosial media/a_Sosmed' is clicked on

2023-10-03 10:58:42 - [MESSAGE][PASSED] - Object: 'Object Repository/edit sosial media/a_Sosmed' is clicked on

2023-10-03 10:58:42 - [TEST_STEP][PASSED] - instag = getText(findTestObject("Object Repository/hasil sosmed/hasil Instagram_c")): Text of object 'Object Repository/hasil sosmed/hasil Instagram_c' is: 'Runaya'

2023-10-03 10:58:42 - [MESSAGE][PASSED] - Text of object 'Object Repository/hasil sosmed/hasil Instagram_c' is: 'Runaya'

2023-10-03 10:58:42 - [TEST_STEP][FAILED] - assert insta == instag: Test Cases/M05 -Edit Sosial Media/TC-ESMS-005 FAILED.
Reason:
Assertion failed: 

assert insta == instag
       |     |  |
       |     |  Runaya
       |     false
       Johndue

	at TC-ESMS-005.run(TC-ESMS-005:38)
	at com.kms.katalon.core.main.ScriptEngine.run(ScriptEngine.java:194)
	at com.kms.katalon.core.main.ScriptEngine.runScriptAsRawText(ScriptEngine.java:119)
	at com.kms.katalon.core.main.TestCaseExecutor.runScript(TestCaseExecutor.java:448)
	at com.kms.katalon.core.main.TestCaseExecutor.doExecute(TestCaseExecutor.java:439)
	at com.kms.katalon.core.main.TestCaseExecutor.processExecutionPhase(TestCaseExecutor.java:418)
	at com.kms.katalon.core.main.TestCaseExecutor.accessMainPhase(TestCaseExecutor.java:410)
	at com.kms.katalon.core.main.TestCaseExecutor.execute(TestCaseExecutor.java:285)
	at com.kms.katalon.core.common.CommonExecutor.accessTestCaseMainPhase(CommonExecutor.java:65)
	at com.kms.katalon.core.main.TestSuiteExecutor.accessTestSuiteMainPhase(TestSuiteExecutor.java:148)
	at com.kms.katalon.core.main.TestSuiteExecutor.execute(TestSuiteExecutor.java:106)
	at com.kms.katalon.core.main.TestCaseMain.startTestSuite(TestCaseMain.java:187)
	at com.kms.katalon.core.main.TestCaseMain$startTestSuite$0.call(Unknown Source)
	at TempTestSuite1696305328923.run(TempTestSuite1696305328923.groovy:36)


2023-10-03 10:58:43 - [MESSAGE][FAILED] - Test Cases/M05 -Edit Sosial Media/TC-ESMS-005 FAILED.
Reason:
Assertion failed: 

assert insta == instag
       |     |  |
       |     |  Runaya
       |     false
       Johndue

	at TC-ESMS-005.run(TC-ESMS-005:38)
	at com.kms.katalon.core.main.ScriptEngine.run(ScriptEngine.java:194)
	at com.kms.katalon.core.main.ScriptEngine.runScriptAsRawText(ScriptEngine.java:119)
	at com.kms.katalon.core.main.TestCaseExecutor.runScript(TestCaseExecutor.java:448)
	at com.kms.katalon.core.main.TestCaseExecutor.doExecute(TestCaseExecutor.java:439)
	at com.kms.katalon.core.main.TestCaseExecutor.processExecutionPhase(TestCaseExecutor.java:418)
	at com.kms.katalon.core.main.TestCaseExecutor.accessMainPhase(TestCaseExecutor.java:410)
	at com.kms.katalon.core.main.TestCaseExecutor.execute(TestCaseExecutor.java:285)
	at com.kms.katalon.core.common.CommonExecutor.accessTestCaseMainPhase(CommonExecutor.java:65)
	at com.kms.katalon.core.main.TestSuiteExecutor.accessTestSuiteMainPhase(TestSuiteExecutor.java:148)
	at com.kms.katalon.core.main.TestSuiteExecutor.execute(TestSuiteExecutor.java:106)
	at com.kms.katalon.core.main.TestCaseMain.startTestSuite(TestCaseMain.java:187)
	at com.kms.katalon.core.main.TestCaseMain$startTestSuite$0.call(Unknown Source)
	at TempTestSuite1696305328923.run(TempTestSuite1696305328923.groovy:36)]]></system-out>
         <system-err><![CDATA[2023-10-03 10:58:13 - [TEST_CASE][FAILED] - Test Cases/M05 -Edit Sosial Media/TC-ESMS-005: Test Cases/M05 -Edit Sosial Media/TC-ESMS-005 FAILED.
Reason:
Assertion failed: 

assert insta == instag
       |     |  |
       |     |  Runaya
       |     false
       Johndue

	at TC-ESMS-005.run(TC-ESMS-005:38)
	at com.kms.katalon.core.main.ScriptEngine.run(ScriptEngine.java:194)
	at com.kms.katalon.core.main.ScriptEngine.runScriptAsRawText(ScriptEngine.java:119)
	at com.kms.katalon.core.main.TestCaseExecutor.runScript(TestCaseExecutor.java:448)
	at com.kms.katalon.core.main.TestCaseExecutor.doExecute(TestCaseExecutor.java:439)
	at com.kms.katalon.core.main.TestCaseExecutor.processExecutionPhase(TestCaseExecutor.java:418)
	at com.kms.katalon.core.main.TestCaseExecutor.accessMainPhase(TestCaseExecutor.java:410)
	at com.kms.katalon.core.main.TestCaseExecutor.execute(TestCaseExecutor.java:285)
	at com.kms.katalon.core.common.CommonExecutor.accessTestCaseMainPhase(CommonExecutor.java:65)
	at com.kms.katalon.core.main.TestSuiteExecutor.accessTestSuiteMainPhase(TestSuiteExecutor.java:148)
	at com.kms.katalon.core.main.TestSuiteExecutor.execute(TestSuiteExecutor.java:106)
	at com.kms.katalon.core.main.TestCaseMain.startTestSuite(TestCaseMain.java:187)
	at com.kms.katalon.core.main.TestCaseMain$startTestSuite$0.call(Unknown Source)
	at TempTestSuite1696305328923.run(TempTestSuite1696305328923.groovy:36)]]></system-err>
      </testcase>
      <testcase name="Test Cases/M05 -Edit Sosial Media/TC-ESMD-001" time="53.854" classname="Test Cases/M05 -Edit Sosial Media/TC-ESMD-001" status="FAILED">
         <failure type="FAILED" message="Test Cases/M05 -Edit Sosial Media/TC-ESMD-001 FAILED.
Reason:
Assertion failed: 

assert face.toString().trim().equalsIgnoreCase(facebook.trim())
       |    |          |      |                |        |
       -    -          -      false            &quot;&quot;       &quot;&quot;

	at TC-ESMD-001.run(TC-ESMD-001:60)
	at com.kms.katalon.core.main.ScriptEngine.run(ScriptEngine.java:194)
	at com.kms.katalon.core.main.ScriptEngine.runScriptAsRawText(ScriptEngine.java:119)
	at com.kms.katalon.core.main.TestCaseExecutor.runScript(TestCaseExecutor.java:448)
	at com.kms.katalon.core.main.TestCaseExecutor.doExecute(TestCaseExecutor.java:439)
	at com.kms.katalon.core.main.TestCaseExecutor.processExecutionPhase(TestCaseExecutor.java:418)
	at com.kms.katalon.core.main.TestCaseExecutor.accessMainPhase(TestCaseExecutor.java:410)
	at com.kms.katalon.core.main.TestCaseExecutor.execute(TestCaseExecutor.java:285)
	at com.kms.katalon.core.common.CommonExecutor.accessTestCaseMainPhase(CommonExecutor.java:65)
	at com.kms.katalon.core.main.TestSuiteExecutor.accessTestSuiteMainPhase(TestSuiteExecutor.java:148)
	at com.kms.katalon.core.main.TestSuiteExecutor.execute(TestSuiteExecutor.java:106)
	at com.kms.katalon.core.main.TestCaseMain.startTestSuite(TestCaseMain.java:187)
	at com.kms.katalon.core.main.TestCaseMain$startTestSuite$0.call(Unknown Source)
	at TempTestSuite1696305328923.run(TempTestSuite1696305328923.groovy:36)
"/>
         <system-out><![CDATA[2023-10-03 10:58:43 - [TEST_CASE][FAILED] - Test Cases/M05 -Edit Sosial Media/TC-ESMD-001: Test Cases/M05 -Edit Sosial Media/TC-ESMD-001 FAILED.
Reason:
Assertion failed: 

assert face.toString().trim().equalsIgnoreCase(facebook.trim())
       |    |          |      |                |        |
       -    -          -      false            ""       ""

	at TC-ESMD-001.run(TC-ESMD-001:60)
	at com.kms.katalon.core.main.ScriptEngine.run(ScriptEngine.java:194)
	at com.kms.katalon.core.main.ScriptEngine.runScriptAsRawText(ScriptEngine.java:119)
	at com.kms.katalon.core.main.TestCaseExecutor.runScript(TestCaseExecutor.java:448)
	at com.kms.katalon.core.main.TestCaseExecutor.doExecute(TestCaseExecutor.java:439)
	at com.kms.katalon.core.main.TestCaseExecutor.processExecutionPhase(TestCaseExecutor.java:418)
	at com.kms.katalon.core.main.TestCaseExecutor.accessMainPhase(TestCaseExecutor.java:410)
	at com.kms.katalon.core.main.TestCaseExecutor.execute(TestCaseExecutor.java:285)
	at com.kms.katalon.core.common.CommonExecutor.accessTestCaseMainPhase(CommonExecutor.java:65)
	at com.kms.katalon.core.main.TestSuiteExecutor.accessTestSuiteMainPhase(TestSuiteExecutor.java:148)
	at com.kms.katalon.core.main.TestSuiteExecutor.execute(TestSuiteExecutor.java:106)
	at com.kms.katalon.core.main.TestCaseMain.startTestSuite(TestCaseMain.java:187)
	at com.kms.katalon.core.main.TestCaseMain$startTestSuite$0.call(Unknown Source)
	at TempTestSuite1696305328923.run(TempTestSuite1696305328923.groovy:36)


2023-10-03 10:58:45 - [TEST_STEP][PASSED] - callTestCase(findTestCase("M05 -Edit Sosial Media/TC-ESMS-001"), ["Facebook":"Runarun", "Twitter":"Runaya71", "Instagram":"Runarun", "Whatsapp":"+6281122223333", "Telegram":"@Runaya71", "Youtube":"Runarun", ... ], STOP_ON_FAILURE): Call Test Case 'Test Cases/M05 -Edit Sosial Media/TC-ESMS-001' successfully

2023-10-03 10:58:45 - [TEST_CASE][PASSED] - Test Cases/M05 -Edit Sosial Media/TC-ESMS-001: Test Cases/M05 -Edit Sosial Media/TC-ESMS-001

2023-10-03 10:58:45 - [TEST_STEP][PASSED] - callTestCase(findTestCase("M05 -Edit Sosial Media/TC-LS-001"), [:], STOP_ON_FAILURE): Call Test Case 'Test Cases/M05 -Edit Sosial Media/TC-LS-001' successfully

2023-10-03 10:58:45 - [TEST_CASE][PASSED] - Test Cases/M05 -Edit Sosial Media/TC-LS-001: Test Cases/M05 -Edit Sosial Media/TC-LS-001

2023-10-03 10:58:45 - [TEST_STEP][PASSED] - openBrowser(urlWeb): Browser is opened with url: 'https://10.9.2.63/ecommerce/'

2023-10-03 10:58:45 - [MESSAGE][WARNING] - A browser is already opened. Closing browser and opening a new one

2023-10-03 10:58:47 - [MESSAGE][INFO] - Starting 'Firefox' driver

2023-10-03 10:58:47 - [MESSAGE][INFO] - Action delay is set to 0 milliseconds

2023-10-03 10:58:56 - [MESSAGE][PASSED] - Browser is opened with url: 'https://10.9.2.63/ecommerce/'

2023-10-03 10:58:56 - [TEST_STEP][PASSED] - maximizeWindow(): Current window maximized

2023-10-03 10:58:56 - [MESSAGE][PASSED] - Current window maximized

2023-10-03 10:58:56 - [TEST_STEP][PASSED] - click(findTestObject("Login/a_Login")): Object: 'Object Repository/Login/a_Login' is clicked on

2023-10-03 10:58:57 - [MESSAGE][PASSED] - Object: 'Object Repository/Login/a_Login' is clicked on

2023-10-03 10:58:57 - [TEST_STEP][PASSED] - setText(findTestObject("Login/input_Username, Email atau No. Handphone_a"), "runa36"): Text 'runa36' is set on object 'Object Repository/Login/input_Username, Email atau No. Handphone_a'

2023-10-03 10:58:58 - [MESSAGE][PASSED] - Text 'runa36' is set on object 'Object Repository/Login/input_Username, Email atau No. Handphone_a'

2023-10-03 10:58:58 - [TEST_STEP][PASSED] - setEncryptedText(findTestObject("Login/input_Password di Login(Masuk)"), "qbkrdMwyWE4="): Text ****** has been set on object 'Object Repository/Login/input_Password di Login(Masuk)'

2023-10-03 10:58:58 - [MESSAGE][PASSED] - Text ****** has been set on object 'Object Repository/Login/input_Password di Login(Masuk)'

2023-10-03 10:58:58 - [TEST_STEP][PASSED] - click(findTestObject("Login/button_Masuk di halaman login")): Object: 'Object Repository/Login/button_Masuk di halaman login' is clicked on

2023-10-03 10:59:00 - [MESSAGE][PASSED] - Object: 'Object Repository/Login/button_Masuk di halaman login' is clicked on

2023-10-03 10:59:00 - [TEST_STEP][PASSED] - verifyElementPresent(findTestObject("edit sosial media/verifikasi masuk halaman biodata diri"), 0): Object 'Object Repository/edit sosial media/verifikasi masuk halaman biodata diri' is present

2023-10-03 10:59:00 - [MESSAGE][WARNING] - Timeout '0' is invalid. Using default page load timeout: '30'

2023-10-03 10:59:01 - [MESSAGE][PASSED] - Object 'Object Repository/edit sosial media/verifikasi masuk halaman biodata diri' is present

2023-10-03 10:59:01 - [MESSAGE][PASSED] - Call Test Case 'Test Cases/M05 -Edit Sosial Media/TC-LS-001' successfully

2023-10-03 10:59:01 - [TEST_STEP][PASSED] - verifyElementPresent(findTestObject("edit sosial media/verifikasi masuk halaman biodata diri"), 0): Object 'Object Repository/edit sosial media/verifikasi masuk halaman biodata diri' is present

2023-10-03 10:59:01 - [MESSAGE][WARNING] - Timeout '0' is invalid. Using default page load timeout: '30'

2023-10-03 10:59:01 - [MESSAGE][PASSED] - Object 'Object Repository/edit sosial media/verifikasi masuk halaman biodata diri' is present

2023-10-03 10:59:01 - [TEST_STEP][PASSED] - click(findTestObject("edit sosial media/a_Sosmed")): Object: 'Object Repository/edit sosial media/a_Sosmed' is clicked on

2023-10-03 10:59:03 - [MESSAGE][PASSED] - Object: 'Object Repository/edit sosial media/a_Sosmed' is clicked on

2023-10-03 10:59:03 - [TEST_STEP][PASSED] - click(findTestObject("edit sosial media/Edit Sosial Media")): Object: 'Object Repository/edit sosial media/Edit Sosial Media' is clicked on

2023-10-03 10:59:04 - [MESSAGE][PASSED] - Object: 'Object Repository/edit sosial media/Edit Sosial Media' is clicked on

2023-10-03 10:59:04 - [TEST_STEP][PASSED] - clearText(findTestObject("edit sosial media/input_Facebook_a")): Text of object 'Object Repository/edit sosial media/input_Facebook_a' is cleared

2023-10-03 10:59:05 - [MESSAGE][PASSED] - Text of object 'Object Repository/edit sosial media/input_Facebook_a' is cleared

2023-10-03 10:59:05 - [TEST_STEP][PASSED] - setText(findTestObject("edit sosial media/input_Facebook_a"), Facebook): Text 'Runarun' is set on object 'Object Repository/edit sosial media/input_Facebook_a'

2023-10-03 10:59:06 - [MESSAGE][PASSED] - Text 'Runarun' is set on object 'Object Repository/edit sosial media/input_Facebook_a'

2023-10-03 10:59:06 - [TEST_STEP][PASSED] - clearText(findTestObject("edit sosial media/input_Twitter_b")): Text of object 'Object Repository/edit sosial media/input_Twitter_b' is cleared

2023-10-03 10:59:07 - [MESSAGE][PASSED] - Text of object 'Object Repository/edit sosial media/input_Twitter_b' is cleared

2023-10-03 10:59:07 - [TEST_STEP][PASSED] - setText(findTestObject("edit sosial media/input_Twitter_b"), Twitter): Text 'Runaya71' is set on object 'Object Repository/edit sosial media/input_Twitter_b'

2023-10-03 10:59:07 - [MESSAGE][PASSED] - Text 'Runaya71' is set on object 'Object Repository/edit sosial media/input_Twitter_b'

2023-10-03 10:59:07 - [TEST_STEP][PASSED] - clearText(findTestObject("edit sosial media/input_Instagram_c")): Text of object 'Object Repository/edit sosial media/input_Instagram_c' is cleared

2023-10-03 10:59:08 - [MESSAGE][PASSED] - Text of object 'Object Repository/edit sosial media/input_Instagram_c' is cleared

2023-10-03 10:59:08 - [TEST_STEP][PASSED] - setText(findTestObject("edit sosial media/input_Instagram_c"), Instagram): Text 'Runarun' is set on object 'Object Repository/edit sosial media/input_Instagram_c'

2023-10-03 10:59:09 - [MESSAGE][PASSED] - Text 'Runarun' is set on object 'Object Repository/edit sosial media/input_Instagram_c'

2023-10-03 10:59:09 - [TEST_STEP][PASSED] - clearText(findTestObject("edit sosial media/input_Whatsapp_d")): Text of object 'Object Repository/edit sosial media/input_Whatsapp_d' is cleared

2023-10-03 10:59:10 - [MESSAGE][PASSED] - Text of object 'Object Repository/edit sosial media/input_Whatsapp_d' is cleared

2023-10-03 10:59:10 - [TEST_STEP][PASSED] - setText(findTestObject("edit sosial media/input_Whatsapp_d"), Whatsapp): Text '+6281122223333' is set on object 'Object Repository/edit sosial media/input_Whatsapp_d'

2023-10-03 10:59:11 - [MESSAGE][PASSED] - Text '+6281122223333' is set on object 'Object Repository/edit sosial media/input_Whatsapp_d'

2023-10-03 10:59:11 - [TEST_STEP][PASSED] - clearText(findTestObject("edit sosial media/input_Telegram_e")): Text of object 'Object Repository/edit sosial media/input_Telegram_e' is cleared

2023-10-03 10:59:11 - [MESSAGE][PASSED] - Text of object 'Object Repository/edit sosial media/input_Telegram_e' is cleared

2023-10-03 10:59:11 - [TEST_STEP][PASSED] - setText(findTestObject("edit sosial media/input_Telegram_e"), Telegram): Text '@Runaya71' is set on object 'Object Repository/edit sosial media/input_Telegram_e'

2023-10-03 10:59:12 - [MESSAGE][PASSED] - Text '@Runaya71' is set on object 'Object Repository/edit sosial media/input_Telegram_e'

2023-10-03 10:59:12 - [TEST_STEP][PASSED] - clearText(findTestObject("edit sosial media/input_Youtube_f")): Text of object 'Object Repository/edit sosial media/input_Youtube_f' is cleared

2023-10-03 10:59:13 - [MESSAGE][PASSED] - Text of object 'Object Repository/edit sosial media/input_Youtube_f' is cleared

2023-10-03 10:59:13 - [TEST_STEP][PASSED] - setText(findTestObject("edit sosial media/input_Youtube_f"), Youtube): Text 'Runarun' is set on object 'Object Repository/edit sosial media/input_Youtube_f'

2023-10-03 10:59:13 - [MESSAGE][PASSED] - Text 'Runarun' is set on object 'Object Repository/edit sosial media/input_Youtube_f'

2023-10-03 10:59:13 - [TEST_STEP][PASSED] - clearText(findTestObject("edit sosial media/input_LinkedIn_g")): Text of object 'Object Repository/edit sosial media/input_LinkedIn_g' is cleared

2023-10-03 10:59:14 - [MESSAGE][PASSED] - Text of object 'Object Repository/edit sosial media/input_LinkedIn_g' is cleared

2023-10-03 10:59:14 - [TEST_STEP][PASSED] - setText(findTestObject("edit sosial media/input_LinkedIn_g"), LinkedIn): Text 'RunaOkta' is set on object 'Object Repository/edit sosial media/input_LinkedIn_g'

2023-10-03 10:59:15 - [MESSAGE][PASSED] - Text 'RunaOkta' is set on object 'Object Repository/edit sosial media/input_LinkedIn_g'

2023-10-03 10:59:15 - [TEST_STEP][PASSED] - clearText(findTestObject("edit sosial media/input_Google_h")): Text of object 'Object Repository/edit sosial media/input_Google_h' is cleared

2023-10-03 10:59:16 - [MESSAGE][PASSED] - Text of object 'Object Repository/edit sosial media/input_Google_h' is cleared

2023-10-03 10:59:16 - [TEST_STEP][PASSED] - setText(findTestObject("edit sosial media/input_Google_h"), Google): Text '+Runaya' is set on object 'Object Repository/edit sosial media/input_Google_h'

2023-10-03 10:59:17 - [MESSAGE][PASSED] - Text '+Runaya' is set on object 'Object Repository/edit sosial media/input_Google_h'

2023-10-03 10:59:17 - [TEST_STEP][PASSED] - click(findTestObject("edit sosial media/center_Simpan Sosial Media")): Object: 'Object Repository/edit sosial media/center_Simpan Sosial Media' is clicked on

2023-10-03 10:59:19 - [MESSAGE][PASSED] - Object: 'Object Repository/edit sosial media/center_Simpan Sosial Media' is clicked on

2023-10-03 10:59:19 - [TEST_STEP][PASSED] - face = getText(findTestObject("hasil sosmed/hasil facebook_a")): Text of object 'Object Repository/hasil sosmed/hasil facebook_a' is: 'Runarun'

2023-10-03 10:59:19 - [MESSAGE][PASSED] - Text of object 'Object Repository/hasil sosmed/hasil facebook_a' is: 'Runarun'

2023-10-03 10:59:19 - [TEST_STEP][PASSED] - Twit = getText(findTestObject("hasil sosmed/hasil twitter_b")): Text of object 'Object Repository/hasil sosmed/hasil twitter_b' is: 'Runaya71'

2023-10-03 10:59:20 - [MESSAGE][PASSED] - Text of object 'Object Repository/hasil sosmed/hasil twitter_b' is: 'Runaya71'

2023-10-03 10:59:20 - [TEST_STEP][PASSED] - insta = getText(findTestObject("hasil sosmed/hasil Instagram_c")): Text of object 'Object Repository/hasil sosmed/hasil Instagram_c' is: 'Runarun'

2023-10-03 10:59:21 - [MESSAGE][PASSED] - Text of object 'Object Repository/hasil sosmed/hasil Instagram_c' is: 'Runarun'

2023-10-03 10:59:21 - [TEST_STEP][PASSED] - wa = getText(findTestObject("hasil sosmed/hasil whatsapp d")): Text of object 'Object Repository/hasil sosmed/hasil whatsapp d' is: '+6281122223333'

2023-10-03 10:59:21 - [MESSAGE][PASSED] - Text of object 'Object Repository/hasil sosmed/hasil whatsapp d' is: '+6281122223333'

2023-10-03 10:59:21 - [TEST_STEP][PASSED] - tele = getText(findTestObject("hasil sosmed/hasil Telegram e")): Text of object 'Object Repository/hasil sosmed/hasil Telegram e' is: '@Runaya71'

2023-10-03 10:59:22 - [MESSAGE][PASSED] - Text of object 'Object Repository/hasil sosmed/hasil Telegram e' is: '@Runaya71'

2023-10-03 10:59:22 - [TEST_STEP][PASSED] - yout = getText(findTestObject("hasil sosmed/hasil youtube f")): Text of object 'Object Repository/hasil sosmed/hasil youtube f' is: 'Runarun'

2023-10-03 10:59:22 - [MESSAGE][PASSED] - Text of object 'Object Repository/hasil sosmed/hasil youtube f' is: 'Runarun'

2023-10-03 10:59:22 - [TEST_STEP][PASSED] - lin = getText(findTestObject("hasil sosmed/hasil linkedin g")): Text of object 'Object Repository/hasil sosmed/hasil linkedin g' is: 'RunaOkta'

2023-10-03 10:59:23 - [MESSAGE][PASSED] - Text of object 'Object Repository/hasil sosmed/hasil linkedin g' is: 'RunaOkta'

2023-10-03 10:59:23 - [TEST_STEP][PASSED] - goo = getText(findTestObject("hasil sosmed/hasil google h")): Text of object 'Object Repository/hasil sosmed/hasil google h' is: '+Runaya'

2023-10-03 10:59:23 - [MESSAGE][PASSED] - Text of object 'Object Repository/hasil sosmed/hasil google h' is: '+Runaya'

2023-10-03 10:59:23 - [TEST_STEP][PASSED] - assert trim().equalsIgnoreCase(Facebook.trim()): null

2023-10-03 10:59:23 - [TEST_STEP][PASSED] - assert trim().equalsIgnoreCase(Twitter.trim()): null

2023-10-03 10:59:23 - [TEST_STEP][PASSED] - assert trim().equalsIgnoreCase(Instagram.trim()): null

2023-10-03 10:59:23 - [TEST_STEP][PASSED] - assert trim().equalsIgnoreCase(Whatsapp.trim()): null

2023-10-03 10:59:23 - [TEST_STEP][PASSED] - assert trim().equalsIgnoreCase(Telegram.trim()): null

2023-10-03 10:59:23 - [TEST_STEP][PASSED] - assert trim().equalsIgnoreCase(Youtube.trim()): null

2023-10-03 10:59:23 - [TEST_STEP][PASSED] - assert trim().equalsIgnoreCase(LinkedIn.trim()): null

2023-10-03 10:59:23 - [TEST_STEP][PASSED] - assert trim().equalsIgnoreCase(Google.trim()): null

2023-10-03 10:59:23 - [MESSAGE][PASSED] - Call Test Case 'Test Cases/M05 -Edit Sosial Media/TC-ESMS-001' successfully

2023-10-03 10:59:23 - [TEST_STEP][PASSED] - click(findTestObject("edit sosial media/Edit Sosial Media")): Object: 'Object Repository/edit sosial media/Edit Sosial Media' is clicked on

2023-10-03 10:59:25 - [MESSAGE][PASSED] - Object: 'Object Repository/edit sosial media/Edit Sosial Media' is clicked on

2023-10-03 10:59:25 - [TEST_STEP][PASSED] - clearText(findTestObject("edit sosial media/input_Facebook_a")): Text of object 'Object Repository/edit sosial media/input_Facebook_a' is cleared

2023-10-03 10:59:26 - [MESSAGE][PASSED] - Text of object 'Object Repository/edit sosial media/input_Facebook_a' is cleared

2023-10-03 10:59:26 - [TEST_STEP][PASSED] - clearText(findTestObject("edit sosial media/input_Twitter_b")): Text of object 'Object Repository/edit sosial media/input_Twitter_b' is cleared

2023-10-03 10:59:26 - [MESSAGE][PASSED] - Text of object 'Object Repository/edit sosial media/input_Twitter_b' is cleared

2023-10-03 10:59:26 - [TEST_STEP][PASSED] - clearText(findTestObject("edit sosial media/input_Instagram_c")): Text of object 'Object Repository/edit sosial media/input_Instagram_c' is cleared

2023-10-03 10:59:27 - [MESSAGE][PASSED] - Text of object 'Object Repository/edit sosial media/input_Instagram_c' is cleared

2023-10-03 10:59:27 - [TEST_STEP][PASSED] - clearText(findTestObject("edit sosial media/input_Whatsapp_d")): Text of object 'Object Repository/edit sosial media/input_Whatsapp_d' is cleared

2023-10-03 10:59:27 - [MESSAGE][PASSED] - Text of object 'Object Repository/edit sosial media/input_Whatsapp_d' is cleared

2023-10-03 10:59:27 - [TEST_STEP][PASSED] - clearText(findTestObject("edit sosial media/input_Telegram_e")): Text of object 'Object Repository/edit sosial media/input_Telegram_e' is cleared

2023-10-03 10:59:28 - [MESSAGE][PASSED] - Text of object 'Object Repository/edit sosial media/input_Telegram_e' is cleared

2023-10-03 10:59:28 - [TEST_STEP][PASSED] - clearText(findTestObject("edit sosial media/input_Youtube_f")): Text of object 'Object Repository/edit sosial media/input_Youtube_f' is cleared

2023-10-03 10:59:28 - [MESSAGE][PASSED] - Text of object 'Object Repository/edit sosial media/input_Youtube_f' is cleared

2023-10-03 10:59:28 - [TEST_STEP][PASSED] - clearText(findTestObject("edit sosial media/input_LinkedIn_g")): Text of object 'Object Repository/edit sosial media/input_LinkedIn_g' is cleared

2023-10-03 10:59:29 - [MESSAGE][PASSED] - Text of object 'Object Repository/edit sosial media/input_LinkedIn_g' is cleared

2023-10-03 10:59:29 - [TEST_STEP][PASSED] - clearText(findTestObject("edit sosial media/input_Google_h")): Text of object 'Object Repository/edit sosial media/input_Google_h' is cleared

2023-10-03 10:59:29 - [MESSAGE][PASSED] - Text of object 'Object Repository/edit sosial media/input_Google_h' is cleared

2023-10-03 10:59:29 - [TEST_STEP][PASSED] - click(findTestObject("edit sosial media/center_Simpan Sosial Media")): Object: 'Object Repository/edit sosial media/center_Simpan Sosial Media' is clicked on

2023-10-03 10:59:31 - [MESSAGE][PASSED] - Object: 'Object Repository/edit sosial media/center_Simpan Sosial Media' is clicked on

2023-10-03 10:59:31 - [TEST_STEP][PASSED] - face = getText(findTestObject("Object Repository/hasil sosmed/hasil facebook_a")): Text of object 'Object Repository/hasil sosmed/hasil facebook_a' is: '-'

2023-10-03 10:59:32 - [MESSAGE][PASSED] - Text of object 'Object Repository/hasil sosmed/hasil facebook_a' is: '-'

2023-10-03 10:59:32 - [TEST_STEP][PASSED] - twit = getText(findTestObject("hasil sosmed/hasil twitter_b")): Text of object 'Object Repository/hasil sosmed/hasil twitter_b' is: '-'

2023-10-03 10:59:33 - [MESSAGE][PASSED] - Text of object 'Object Repository/hasil sosmed/hasil twitter_b' is: '-'

2023-10-03 10:59:33 - [TEST_STEP][PASSED] - insta = getText(findTestObject("hasil sosmed/hasil Instagram_c")): Text of object 'Object Repository/hasil sosmed/hasil Instagram_c' is: '-'

2023-10-03 10:59:33 - [MESSAGE][PASSED] - Text of object 'Object Repository/hasil sosmed/hasil Instagram_c' is: '-'

2023-10-03 10:59:33 - [TEST_STEP][PASSED] - wa = getText(findTestObject("hasil sosmed/hasil whatsapp d")): Text of object 'Object Repository/hasil sosmed/hasil whatsapp d' is: '-'

2023-10-03 10:59:34 - [MESSAGE][PASSED] - Text of object 'Object Repository/hasil sosmed/hasil whatsapp d' is: '-'

2023-10-03 10:59:34 - [TEST_STEP][PASSED] - tele = getText(findTestObject("hasil sosmed/hasil Telegram e")): Text of object 'Object Repository/hasil sosmed/hasil Telegram e' is: '-'

2023-10-03 10:59:34 - [MESSAGE][PASSED] - Text of object 'Object Repository/hasil sosmed/hasil Telegram e' is: '-'

2023-10-03 10:59:34 - [TEST_STEP][PASSED] - yout = getText(findTestObject("hasil sosmed/hasil youtube f")): Text of object 'Object Repository/hasil sosmed/hasil youtube f' is: '-'

2023-10-03 10:59:35 - [MESSAGE][PASSED] - Text of object 'Object Repository/hasil sosmed/hasil youtube f' is: '-'

2023-10-03 10:59:35 - [TEST_STEP][PASSED] - lin = getText(findTestObject("hasil sosmed/hasil linkedin g")): Text of object 'Object Repository/hasil sosmed/hasil linkedin g' is: '-'

2023-10-03 10:59:36 - [MESSAGE][PASSED] - Text of object 'Object Repository/hasil sosmed/hasil linkedin g' is: '-'

2023-10-03 10:59:36 - [TEST_STEP][PASSED] - goo = getText(findTestObject("hasil sosmed/hasil google h")): Text of object 'Object Repository/hasil sosmed/hasil google h' is: '-'

2023-10-03 10:59:36 - [MESSAGE][PASSED] - Text of object 'Object Repository/hasil sosmed/hasil google h' is: '-'

2023-10-03 10:59:36 - [TEST_STEP][FAILED] - assert trim().equalsIgnoreCase(facebook.trim()): Test Cases/M05 -Edit Sosial Media/TC-ESMD-001 FAILED.
Reason:
Assertion failed: 

assert face.toString().trim().equalsIgnoreCase(facebook.trim())
       |    |          |      |                |        |
       -    -          -      false            ""       ""

	at TC-ESMD-001.run(TC-ESMD-001:60)
	at com.kms.katalon.core.main.ScriptEngine.run(ScriptEngine.java:194)
	at com.kms.katalon.core.main.ScriptEngine.runScriptAsRawText(ScriptEngine.java:119)
	at com.kms.katalon.core.main.TestCaseExecutor.runScript(TestCaseExecutor.java:448)
	at com.kms.katalon.core.main.TestCaseExecutor.doExecute(TestCaseExecutor.java:439)
	at com.kms.katalon.core.main.TestCaseExecutor.processExecutionPhase(TestCaseExecutor.java:418)
	at com.kms.katalon.core.main.TestCaseExecutor.accessMainPhase(TestCaseExecutor.java:410)
	at com.kms.katalon.core.main.TestCaseExecutor.execute(TestCaseExecutor.java:285)
	at com.kms.katalon.core.common.CommonExecutor.accessTestCaseMainPhase(CommonExecutor.java:65)
	at com.kms.katalon.core.main.TestSuiteExecutor.accessTestSuiteMainPhase(TestSuiteExecutor.java:148)
	at com.kms.katalon.core.main.TestSuiteExecutor.execute(TestSuiteExecutor.java:106)
	at com.kms.katalon.core.main.TestCaseMain.startTestSuite(TestCaseMain.java:187)
	at com.kms.katalon.core.main.TestCaseMain$startTestSuite$0.call(Unknown Source)
	at TempTestSuite1696305328923.run(TempTestSuite1696305328923.groovy:36)


2023-10-03 10:59:36 - [MESSAGE][FAILED] - Test Cases/M05 -Edit Sosial Media/TC-ESMD-001 FAILED.
Reason:
Assertion failed: 

assert face.toString().trim().equalsIgnoreCase(facebook.trim())
       |    |          |      |                |        |
       -    -          -      false            ""       ""

	at TC-ESMD-001.run(TC-ESMD-001:60)
	at com.kms.katalon.core.main.ScriptEngine.run(ScriptEngine.java:194)
	at com.kms.katalon.core.main.ScriptEngine.runScriptAsRawText(ScriptEngine.java:119)
	at com.kms.katalon.core.main.TestCaseExecutor.runScript(TestCaseExecutor.java:448)
	at com.kms.katalon.core.main.TestCaseExecutor.doExecute(TestCaseExecutor.java:439)
	at com.kms.katalon.core.main.TestCaseExecutor.processExecutionPhase(TestCaseExecutor.java:418)
	at com.kms.katalon.core.main.TestCaseExecutor.accessMainPhase(TestCaseExecutor.java:410)
	at com.kms.katalon.core.main.TestCaseExecutor.execute(TestCaseExecutor.java:285)
	at com.kms.katalon.core.common.CommonExecutor.accessTestCaseMainPhase(CommonExecutor.java:65)
	at com.kms.katalon.core.main.TestSuiteExecutor.accessTestSuiteMainPhase(TestSuiteExecutor.java:148)
	at com.kms.katalon.core.main.TestSuiteExecutor.execute(TestSuiteExecutor.java:106)
	at com.kms.katalon.core.main.TestCaseMain.startTestSuite(TestCaseMain.java:187)
	at com.kms.katalon.core.main.TestCaseMain$startTestSuite$0.call(Unknown Source)
	at TempTestSuite1696305328923.run(TempTestSuite1696305328923.groovy:36)]]></system-out>
         <system-err><![CDATA[2023-10-03 10:58:43 - [TEST_CASE][FAILED] - Test Cases/M05 -Edit Sosial Media/TC-ESMD-001: Test Cases/M05 -Edit Sosial Media/TC-ESMD-001 FAILED.
Reason:
Assertion failed: 

assert face.toString().trim().equalsIgnoreCase(facebook.trim())
       |    |          |      |                |        |
       -    -          -      false            ""       ""

	at TC-ESMD-001.run(TC-ESMD-001:60)
	at com.kms.katalon.core.main.ScriptEngine.run(ScriptEngine.java:194)
	at com.kms.katalon.core.main.ScriptEngine.runScriptAsRawText(ScriptEngine.java:119)
	at com.kms.katalon.core.main.TestCaseExecutor.runScript(TestCaseExecutor.java:448)
	at com.kms.katalon.core.main.TestCaseExecutor.doExecute(TestCaseExecutor.java:439)
	at com.kms.katalon.core.main.TestCaseExecutor.processExecutionPhase(TestCaseExecutor.java:418)
	at com.kms.katalon.core.main.TestCaseExecutor.accessMainPhase(TestCaseExecutor.java:410)
	at com.kms.katalon.core.main.TestCaseExecutor.execute(TestCaseExecutor.java:285)
	at com.kms.katalon.core.common.CommonExecutor.accessTestCaseMainPhase(CommonExecutor.java:65)
	at com.kms.katalon.core.main.TestSuiteExecutor.accessTestSuiteMainPhase(TestSuiteExecutor.java:148)
	at com.kms.katalon.core.main.TestSuiteExecutor.execute(TestSuiteExecutor.java:106)
	at com.kms.katalon.core.main.TestCaseMain.startTestSuite(TestCaseMain.java:187)
	at com.kms.katalon.core.main.TestCaseMain$startTestSuite$0.call(Unknown Source)
	at TempTestSuite1696305328923.run(TempTestSuite1696305328923.groovy:36)]]></system-err>
      </testcase>
      <testcase name="Test Cases/M05 -Edit Sosial Media/TC-ESMF-001" time="26.646" classname="Test Cases/M05 -Edit Sosial Media/TC-ESMF-001" status="ERROR">
         <error type="ERROR" message="Test Cases/M05 -Edit Sosial Media/TC-ESMF-001 FAILED.
Reason:
org.openqa.selenium.NoAlertPresentException: 
Build info: version: '3.141.59', revision: 'e82be7d358', time: '2018-11-14T08:25:53'
System info: host: 'DESKTOP-22KTP91', ip: '10.9.2.48', os.name: 'Windows 10', os.arch: 'amd64', os.version: '10.0', java.version: '1.8.0_362'
Driver info: com.kms.katalon.core.webui.driver.firefox.CGeckoDriver
Capabilities {acceptInsecureCerts: true, browserName: firefox, browserVersion: 117.0.1, javascriptEnabled: true, moz:accessibilityChecks: false, moz:buildID: 20230912013654, moz:geckodriverVersion: 0.33.0, moz:headless: false, moz:platformVersion: 10.0, moz:processID: 12060, moz:profile: C:\Users\USER\AppData\Local..., moz:shutdownTimeout: 60000, moz:webdriverClick: true, moz:windowless: false, pageLoadStrategy: normal, platform: WINDOWS, platformName: WINDOWS, proxy: Proxy(direct), setWindowRect: true, strictFileInteractability: false, timeouts: {implicit: 0, pageLoad: 300000, script: 30000}, unhandledPromptBehavior: dismiss and notify}
Session ID: 945e81f0-6cd0-4bde-96f9-1da9d063cc29
	at org.openqa.selenium.remote.http.W3CHttpResponseCodec.createException(W3CHttpResponseCodec.java:187)
	at org.openqa.selenium.remote.http.W3CHttpResponseCodec.decode(W3CHttpResponseCodec.java:122)
	at org.openqa.selenium.remote.http.W3CHttpResponseCodec.decode(W3CHttpResponseCodec.java:49)
	at org.openqa.selenium.remote.HttpCommandExecutor.execute(HttpCommandExecutor.java:158)
	at org.openqa.selenium.remote.service.DriverCommandExecutor.execute(DriverCommandExecutor.java:83)
	at org.openqa.selenium.remote.RemoteWebDriver.execute(RemoteWebDriver.java:552)
	at com.kms.katalon.selenium.driver.CFirefoxDriver.execute(CFirefoxDriver.java:27)
	at org.openqa.selenium.remote.RemoteWebDriver.execute(RemoteWebDriver.java:609)
	at org.openqa.selenium.remote.RemoteWebDriver$RemoteTargetLocator.alert(RemoteWebDriver.java:932)
	at org.openqa.selenium.support.events.EventFiringWebDriver$EventFiringTargetLocator.alert(EventFiringWebDriver.java:735)
	at org.openqa.selenium.WebDriver$TargetLocator$alert.call(Unknown Source)
	at TC-ESMF-001.run(TC-ESMF-001:35)
	at com.kms.katalon.core.main.ScriptEngine.run(ScriptEngine.java:194)
	at com.kms.katalon.core.main.ScriptEngine.runScriptAsRawText(ScriptEngine.java:119)
	at com.kms.katalon.core.main.TestCaseExecutor.runScript(TestCaseExecutor.java:448)
	at com.kms.katalon.core.main.TestCaseExecutor.doExecute(TestCaseExecutor.java:439)
	at com.kms.katalon.core.main.TestCaseExecutor.processExecutionPhase(TestCaseExecutor.java:418)
	at com.kms.katalon.core.main.TestCaseExecutor.accessMainPhase(TestCaseExecutor.java:410)
	at com.kms.katalon.core.main.TestCaseExecutor.execute(TestCaseExecutor.java:285)
	at com.kms.katalon.core.common.CommonExecutor.accessTestCaseMainPhase(CommonExecutor.java:65)
	at com.kms.katalon.core.main.TestSuiteExecutor.accessTestSuiteMainPhase(TestSuiteExecutor.java:148)
	at com.kms.katalon.core.main.TestSuiteExecutor.execute(TestSuiteExecutor.java:106)
	at com.kms.katalon.core.main.TestCaseMain.startTestSuite(TestCaseMain.java:187)
	at com.kms.katalon.core.main.TestCaseMain$startTestSuite$0.call(Unknown Source)
	at TempTestSuite1696305328923.run(TempTestSuite1696305328923.groovy:36)
"/>
         <system-out><![CDATA[2023-10-03 10:59:37 - [TEST_CASE][ERROR] - Test Cases/M05 -Edit Sosial Media/TC-ESMF-001: Test Cases/M05 -Edit Sosial Media/TC-ESMF-001 FAILED.
Reason:
org.openqa.selenium.NoAlertPresentException: 
Build info: version: '3.141.59', revision: 'e82be7d358', time: '2018-11-14T08:25:53'
System info: host: 'DESKTOP-22KTP91', ip: '10.9.2.48', os.name: 'Windows 10', os.arch: 'amd64', os.version: '10.0', java.version: '1.8.0_362'
Driver info: com.kms.katalon.core.webui.driver.firefox.CGeckoDriver
Capabilities {acceptInsecureCerts: true, browserName: firefox, browserVersion: 117.0.1, javascriptEnabled: true, moz:accessibilityChecks: false, moz:buildID: 20230912013654, moz:geckodriverVersion: 0.33.0, moz:headless: false, moz:platformVersion: 10.0, moz:processID: 12060, moz:profile: C:\Users\USER\AppData\Local..., moz:shutdownTimeout: 60000, moz:webdriverClick: true, moz:windowless: false, pageLoadStrategy: normal, platform: WINDOWS, platformName: WINDOWS, proxy: Proxy(direct), setWindowRect: true, strictFileInteractability: false, timeouts: {implicit: 0, pageLoad: 300000, script: 30000}, unhandledPromptBehavior: dismiss and notify}
Session ID: 945e81f0-6cd0-4bde-96f9-1da9d063cc29
	at org.openqa.selenium.remote.http.W3CHttpResponseCodec.createException(W3CHttpResponseCodec.java:187)
	at org.openqa.selenium.remote.http.W3CHttpResponseCodec.decode(W3CHttpResponseCodec.java:122)
	at org.openqa.selenium.remote.http.W3CHttpResponseCodec.decode(W3CHttpResponseCodec.java:49)
	at org.openqa.selenium.remote.HttpCommandExecutor.execute(HttpCommandExecutor.java:158)
	at org.openqa.selenium.remote.service.DriverCommandExecutor.execute(DriverCommandExecutor.java:83)
	at org.openqa.selenium.remote.RemoteWebDriver.execute(RemoteWebDriver.java:552)
	at com.kms.katalon.selenium.driver.CFirefoxDriver.execute(CFirefoxDriver.java:27)
	at org.openqa.selenium.remote.RemoteWebDriver.execute(RemoteWebDriver.java:609)
	at org.openqa.selenium.remote.RemoteWebDriver$RemoteTargetLocator.alert(RemoteWebDriver.java:932)
	at org.openqa.selenium.support.events.EventFiringWebDriver$EventFiringTargetLocator.alert(EventFiringWebDriver.java:735)
	at org.openqa.selenium.WebDriver$TargetLocator$alert.call(Unknown Source)
	at TC-ESMF-001.run(TC-ESMF-001:35)
	at com.kms.katalon.core.main.ScriptEngine.run(ScriptEngine.java:194)
	at com.kms.katalon.core.main.ScriptEngine.runScriptAsRawText(ScriptEngine.java:119)
	at com.kms.katalon.core.main.TestCaseExecutor.runScript(TestCaseExecutor.java:448)
	at com.kms.katalon.core.main.TestCaseExecutor.doExecute(TestCaseExecutor.java:439)
	at com.kms.katalon.core.main.TestCaseExecutor.processExecutionPhase(TestCaseExecutor.java:418)
	at com.kms.katalon.core.main.TestCaseExecutor.accessMainPhase(TestCaseExecutor.java:410)
	at com.kms.katalon.core.main.TestCaseExecutor.execute(TestCaseExecutor.java:285)
	at com.kms.katalon.core.common.CommonExecutor.accessTestCaseMainPhase(CommonExecutor.java:65)
	at com.kms.katalon.core.main.TestSuiteExecutor.accessTestSuiteMainPhase(TestSuiteExecutor.java:148)
	at com.kms.katalon.core.main.TestSuiteExecutor.execute(TestSuiteExecutor.java:106)
	at com.kms.katalon.core.main.TestCaseMain.startTestSuite(TestCaseMain.java:187)
	at com.kms.katalon.core.main.TestCaseMain$startTestSuite$0.call(Unknown Source)
	at TempTestSuite1696305328923.run(TempTestSuite1696305328923.groovy:36)


2023-10-03 10:59:38 - [TEST_STEP][PASSED] - callTestCase(findTestCase("M05 -Edit Sosial Media/TC-LS-001"), [:], STOP_ON_FAILURE): Call Test Case 'Test Cases/M05 -Edit Sosial Media/TC-LS-001' successfully

2023-10-03 10:59:38 - [TEST_CASE][PASSED] - Test Cases/M05 -Edit Sosial Media/TC-LS-001: Test Cases/M05 -Edit Sosial Media/TC-LS-001

2023-10-03 10:59:38 - [TEST_STEP][PASSED] - openBrowser(urlWeb): Browser is opened with url: 'https://10.9.2.63/ecommerce/'

2023-10-03 10:59:38 - [MESSAGE][WARNING] - A browser is already opened. Closing browser and opening a new one

2023-10-03 10:59:43 - [MESSAGE][INFO] - Starting 'Firefox' driver

2023-10-03 10:59:43 - [MESSAGE][INFO] - Action delay is set to 0 milliseconds

2023-10-03 10:59:52 - [MESSAGE][PASSED] - Browser is opened with url: 'https://10.9.2.63/ecommerce/'

2023-10-03 10:59:52 - [TEST_STEP][PASSED] - maximizeWindow(): Current window maximized

2023-10-03 10:59:52 - [MESSAGE][PASSED] - Current window maximized

2023-10-03 10:59:52 - [TEST_STEP][PASSED] - click(findTestObject("Login/a_Login")): Object: 'Object Repository/Login/a_Login' is clicked on

2023-10-03 10:59:53 - [MESSAGE][PASSED] - Object: 'Object Repository/Login/a_Login' is clicked on

2023-10-03 10:59:53 - [TEST_STEP][PASSED] - setText(findTestObject("Login/input_Username, Email atau No. Handphone_a"), "runa36"): Text 'runa36' is set on object 'Object Repository/Login/input_Username, Email atau No. Handphone_a'

2023-10-03 10:59:54 - [MESSAGE][PASSED] - Text 'runa36' is set on object 'Object Repository/Login/input_Username, Email atau No. Handphone_a'

2023-10-03 10:59:54 - [TEST_STEP][PASSED] - setEncryptedText(findTestObject("Login/input_Password di Login(Masuk)"), "qbkrdMwyWE4="): Text ****** has been set on object 'Object Repository/Login/input_Password di Login(Masuk)'

2023-10-03 10:59:55 - [MESSAGE][PASSED] - Text ****** has been set on object 'Object Repository/Login/input_Password di Login(Masuk)'

2023-10-03 10:59:55 - [TEST_STEP][PASSED] - click(findTestObject("Login/button_Masuk di halaman login")): Object: 'Object Repository/Login/button_Masuk di halaman login' is clicked on

2023-10-03 10:59:56 - [MESSAGE][PASSED] - Object: 'Object Repository/Login/button_Masuk di halaman login' is clicked on

2023-10-03 10:59:56 - [TEST_STEP][PASSED] - verifyElementPresent(findTestObject("edit sosial media/verifikasi masuk halaman biodata diri"), 0): Object 'Object Repository/edit sosial media/verifikasi masuk halaman biodata diri' is present

2023-10-03 10:59:57 - [MESSAGE][WARNING] - Timeout '0' is invalid. Using default page load timeout: '30'

2023-10-03 10:59:57 - [MESSAGE][PASSED] - Object 'Object Repository/edit sosial media/verifikasi masuk halaman biodata diri' is present

2023-10-03 10:59:57 - [MESSAGE][PASSED] - Call Test Case 'Test Cases/M05 -Edit Sosial Media/TC-LS-001' successfully

2023-10-03 10:59:57 - [TEST_STEP][PASSED] - click(findTestObject("edit sosial media/a_Sosmed")): Object: 'Object Repository/edit sosial media/a_Sosmed' is clicked on

2023-10-03 10:59:59 - [MESSAGE][PASSED] - Object: 'Object Repository/edit sosial media/a_Sosmed' is clicked on

2023-10-03 10:59:59 - [TEST_STEP][PASSED] - click(findTestObject("edit sosial media/Edit Sosial Media")): Object: 'Object Repository/edit sosial media/Edit Sosial Media' is clicked on

2023-10-03 11:00:00 - [MESSAGE][PASSED] - Object: 'Object Repository/edit sosial media/Edit Sosial Media' is clicked on

2023-10-03 11:00:00 - [TEST_STEP][PASSED] - click(findTestObject("edit sosial media/input_Facebook_a")): Object: 'Object Repository/edit sosial media/input_Facebook_a' is clicked on

2023-10-03 11:00:01 - [MESSAGE][PASSED] - Object: 'Object Repository/edit sosial media/input_Facebook_a' is clicked on

2023-10-03 11:00:01 - [TEST_STEP][PASSED] - setText(findTestObject("edit sosial media/input_Facebook_a"), facebook, OPTIONAL): Text 'Runa run' is set on object 'Object Repository/edit sosial media/input_Facebook_a'

2023-10-03 11:00:03 - [MESSAGE][PASSED] - Text 'Runa run' is set on object 'Object Repository/edit sosial media/input_Facebook_a'

2023-10-03 11:00:03 - [TEST_STEP][PASSED] - webDriver = getWebDriver(): null

2023-10-03 11:00:03 - [TEST_STEP][ERROR] - AlertText = alert().getText(): Test Cases/M05 -Edit Sosial Media/TC-ESMF-001 FAILED.
Reason:
org.openqa.selenium.NoAlertPresentException: 
Build info: version: '3.141.59', revision: 'e82be7d358', time: '2018-11-14T08:25:53'
System info: host: 'DESKTOP-22KTP91', ip: '10.9.2.48', os.name: 'Windows 10', os.arch: 'amd64', os.version: '10.0', java.version: '1.8.0_362'
Driver info: com.kms.katalon.core.webui.driver.firefox.CGeckoDriver
Capabilities {acceptInsecureCerts: true, browserName: firefox, browserVersion: 117.0.1, javascriptEnabled: true, moz:accessibilityChecks: false, moz:buildID: 20230912013654, moz:geckodriverVersion: 0.33.0, moz:headless: false, moz:platformVersion: 10.0, moz:processID: 12060, moz:profile: C:\Users\USER\AppData\Local..., moz:shutdownTimeout: 60000, moz:webdriverClick: true, moz:windowless: false, pageLoadStrategy: normal, platform: WINDOWS, platformName: WINDOWS, proxy: Proxy(direct), setWindowRect: true, strictFileInteractability: false, timeouts: {implicit: 0, pageLoad: 300000, script: 30000}, unhandledPromptBehavior: dismiss and notify}
Session ID: 945e81f0-6cd0-4bde-96f9-1da9d063cc29
	at org.openqa.selenium.remote.http.W3CHttpResponseCodec.createException(W3CHttpResponseCodec.java:187)
	at org.openqa.selenium.remote.http.W3CHttpResponseCodec.decode(W3CHttpResponseCodec.java:122)
	at org.openqa.selenium.remote.http.W3CHttpResponseCodec.decode(W3CHttpResponseCodec.java:49)
	at org.openqa.selenium.remote.HttpCommandExecutor.execute(HttpCommandExecutor.java:158)
	at org.openqa.selenium.remote.service.DriverCommandExecutor.execute(DriverCommandExecutor.java:83)
	at org.openqa.selenium.remote.RemoteWebDriver.execute(RemoteWebDriver.java:552)
	at com.kms.katalon.selenium.driver.CFirefoxDriver.execute(CFirefoxDriver.java:27)
	at org.openqa.selenium.remote.RemoteWebDriver.execute(RemoteWebDriver.java:609)
	at org.openqa.selenium.remote.RemoteWebDriver$RemoteTargetLocator.alert(RemoteWebDriver.java:932)
	at org.openqa.selenium.support.events.EventFiringWebDriver$EventFiringTargetLocator.alert(EventFiringWebDriver.java:735)
	at org.openqa.selenium.WebDriver$TargetLocator$alert.call(Unknown Source)
	at TC-ESMF-001.run(TC-ESMF-001:35)
	at com.kms.katalon.core.main.ScriptEngine.run(ScriptEngine.java:194)
	at com.kms.katalon.core.main.ScriptEngine.runScriptAsRawText(ScriptEngine.java:119)
	at com.kms.katalon.core.main.TestCaseExecutor.runScript(TestCaseExecutor.java:448)
	at com.kms.katalon.core.main.TestCaseExecutor.doExecute(TestCaseExecutor.java:439)
	at com.kms.katalon.core.main.TestCaseExecutor.processExecutionPhase(TestCaseExecutor.java:418)
	at com.kms.katalon.core.main.TestCaseExecutor.accessMainPhase(TestCaseExecutor.java:410)
	at com.kms.katalon.core.main.TestCaseExecutor.execute(TestCaseExecutor.java:285)
	at com.kms.katalon.core.common.CommonExecutor.accessTestCaseMainPhase(CommonExecutor.java:65)
	at com.kms.katalon.core.main.TestSuiteExecutor.accessTestSuiteMainPhase(TestSuiteExecutor.java:148)
	at com.kms.katalon.core.main.TestSuiteExecutor.execute(TestSuiteExecutor.java:106)
	at com.kms.katalon.core.main.TestCaseMain.startTestSuite(TestCaseMain.java:187)
	at com.kms.katalon.core.main.TestCaseMain$startTestSuite$0.call(Unknown Source)
	at TempTestSuite1696305328923.run(TempTestSuite1696305328923.groovy:36)


2023-10-03 11:00:03 - [MESSAGE][ERROR] - Test Cases/M05 -Edit Sosial Media/TC-ESMF-001 FAILED.
Reason:
org.openqa.selenium.NoAlertPresentException: 
Build info: version: '3.141.59', revision: 'e82be7d358', time: '2018-11-14T08:25:53'
System info: host: 'DESKTOP-22KTP91', ip: '10.9.2.48', os.name: 'Windows 10', os.arch: 'amd64', os.version: '10.0', java.version: '1.8.0_362'
Driver info: com.kms.katalon.core.webui.driver.firefox.CGeckoDriver
Capabilities {acceptInsecureCerts: true, browserName: firefox, browserVersion: 117.0.1, javascriptEnabled: true, moz:accessibilityChecks: false, moz:buildID: 20230912013654, moz:geckodriverVersion: 0.33.0, moz:headless: false, moz:platformVersion: 10.0, moz:processID: 12060, moz:profile: C:\Users\USER\AppData\Local..., moz:shutdownTimeout: 60000, moz:webdriverClick: true, moz:windowless: false, pageLoadStrategy: normal, platform: WINDOWS, platformName: WINDOWS, proxy: Proxy(direct), setWindowRect: true, strictFileInteractability: false, timeouts: {implicit: 0, pageLoad: 300000, script: 30000}, unhandledPromptBehavior: dismiss and notify}
Session ID: 945e81f0-6cd0-4bde-96f9-1da9d063cc29
	at org.openqa.selenium.remote.http.W3CHttpResponseCodec.createException(W3CHttpResponseCodec.java:187)
	at org.openqa.selenium.remote.http.W3CHttpResponseCodec.decode(W3CHttpResponseCodec.java:122)
	at org.openqa.selenium.remote.http.W3CHttpResponseCodec.decode(W3CHttpResponseCodec.java:49)
	at org.openqa.selenium.remote.HttpCommandExecutor.execute(HttpCommandExecutor.java:158)
	at org.openqa.selenium.remote.service.DriverCommandExecutor.execute(DriverCommandExecutor.java:83)
	at org.openqa.selenium.remote.RemoteWebDriver.execute(RemoteWebDriver.java:552)
	at com.kms.katalon.selenium.driver.CFirefoxDriver.execute(CFirefoxDriver.java:27)
	at org.openqa.selenium.remote.RemoteWebDriver.execute(RemoteWebDriver.java:609)
	at org.openqa.selenium.remote.RemoteWebDriver$RemoteTargetLocator.alert(RemoteWebDriver.java:932)
	at org.openqa.selenium.support.events.EventFiringWebDriver$EventFiringTargetLocator.alert(EventFiringWebDriver.java:735)
	at org.openqa.selenium.WebDriver$TargetLocator$alert.call(Unknown Source)
	at TC-ESMF-001.run(TC-ESMF-001:35)
	at com.kms.katalon.core.main.ScriptEngine.run(ScriptEngine.java:194)
	at com.kms.katalon.core.main.ScriptEngine.runScriptAsRawText(ScriptEngine.java:119)
	at com.kms.katalon.core.main.TestCaseExecutor.runScript(TestCaseExecutor.java:448)
	at com.kms.katalon.core.main.TestCaseExecutor.doExecute(TestCaseExecutor.java:439)
	at com.kms.katalon.core.main.TestCaseExecutor.processExecutionPhase(TestCaseExecutor.java:418)
	at com.kms.katalon.core.main.TestCaseExecutor.accessMainPhase(TestCaseExecutor.java:410)
	at com.kms.katalon.core.main.TestCaseExecutor.execute(TestCaseExecutor.java:285)
	at com.kms.katalon.core.common.CommonExecutor.accessTestCaseMainPhase(CommonExecutor.java:65)
	at com.kms.katalon.core.main.TestSuiteExecutor.accessTestSuiteMainPhase(TestSuiteExecutor.java:148)
	at com.kms.katalon.core.main.TestSuiteExecutor.execute(TestSuiteExecutor.java:106)
	at com.kms.katalon.core.main.TestCaseMain.startTestSuite(TestCaseMain.java:187)
	at com.kms.katalon.core.main.TestCaseMain$startTestSuite$0.call(Unknown Source)
	at TempTestSuite1696305328923.run(TempTestSuite1696305328923.groovy:36)]]></system-out>
         <system-err><![CDATA[2023-10-03 10:59:37 - [TEST_CASE][ERROR] - Test Cases/M05 -Edit Sosial Media/TC-ESMF-001: Test Cases/M05 -Edit Sosial Media/TC-ESMF-001 FAILED.
Reason:
org.openqa.selenium.NoAlertPresentException: 
Build info: version: '3.141.59', revision: 'e82be7d358', time: '2018-11-14T08:25:53'
System info: host: 'DESKTOP-22KTP91', ip: '10.9.2.48', os.name: 'Windows 10', os.arch: 'amd64', os.version: '10.0', java.version: '1.8.0_362'
Driver info: com.kms.katalon.core.webui.driver.firefox.CGeckoDriver
Capabilities {acceptInsecureCerts: true, browserName: firefox, browserVersion: 117.0.1, javascriptEnabled: true, moz:accessibilityChecks: false, moz:buildID: 20230912013654, moz:geckodriverVersion: 0.33.0, moz:headless: false, moz:platformVersion: 10.0, moz:processID: 12060, moz:profile: C:\Users\USER\AppData\Local..., moz:shutdownTimeout: 60000, moz:webdriverClick: true, moz:windowless: false, pageLoadStrategy: normal, platform: WINDOWS, platformName: WINDOWS, proxy: Proxy(direct), setWindowRect: true, strictFileInteractability: false, timeouts: {implicit: 0, pageLoad: 300000, script: 30000}, unhandledPromptBehavior: dismiss and notify}
Session ID: 945e81f0-6cd0-4bde-96f9-1da9d063cc29
	at org.openqa.selenium.remote.http.W3CHttpResponseCodec.createException(W3CHttpResponseCodec.java:187)
	at org.openqa.selenium.remote.http.W3CHttpResponseCodec.decode(W3CHttpResponseCodec.java:122)
	at org.openqa.selenium.remote.http.W3CHttpResponseCodec.decode(W3CHttpResponseCodec.java:49)
	at org.openqa.selenium.remote.HttpCommandExecutor.execute(HttpCommandExecutor.java:158)
	at org.openqa.selenium.remote.service.DriverCommandExecutor.execute(DriverCommandExecutor.java:83)
	at org.openqa.selenium.remote.RemoteWebDriver.execute(RemoteWebDriver.java:552)
	at com.kms.katalon.selenium.driver.CFirefoxDriver.execute(CFirefoxDriver.java:27)
	at org.openqa.selenium.remote.RemoteWebDriver.execute(RemoteWebDriver.java:609)
	at org.openqa.selenium.remote.RemoteWebDriver$RemoteTargetLocator.alert(RemoteWebDriver.java:932)
	at org.openqa.selenium.support.events.EventFiringWebDriver$EventFiringTargetLocator.alert(EventFiringWebDriver.java:735)
	at org.openqa.selenium.WebDriver$TargetLocator$alert.call(Unknown Source)
	at TC-ESMF-001.run(TC-ESMF-001:35)
	at com.kms.katalon.core.main.ScriptEngine.run(ScriptEngine.java:194)
	at com.kms.katalon.core.main.ScriptEngine.runScriptAsRawText(ScriptEngine.java:119)
	at com.kms.katalon.core.main.TestCaseExecutor.runScript(TestCaseExecutor.java:448)
	at com.kms.katalon.core.main.TestCaseExecutor.doExecute(TestCaseExecutor.java:439)
	at com.kms.katalon.core.main.TestCaseExecutor.processExecutionPhase(TestCaseExecutor.java:418)
	at com.kms.katalon.core.main.TestCaseExecutor.accessMainPhase(TestCaseExecutor.java:410)
	at com.kms.katalon.core.main.TestCaseExecutor.execute(TestCaseExecutor.java:285)
	at com.kms.katalon.core.common.CommonExecutor.accessTestCaseMainPhase(CommonExecutor.java:65)
	at com.kms.katalon.core.main.TestSuiteExecutor.accessTestSuiteMainPhase(TestSuiteExecutor.java:148)
	at com.kms.katalon.core.main.TestSuiteExecutor.execute(TestSuiteExecutor.java:106)
	at com.kms.katalon.core.main.TestCaseMain.startTestSuite(TestCaseMain.java:187)
	at com.kms.katalon.core.main.TestCaseMain$startTestSuite$0.call(Unknown Source)
	at TempTestSuite1696305328923.run(TempTestSuite1696305328923.groovy:36)]]></system-err>
      </testcase>
      <testcase name="Test Cases/M05 -Edit Sosial Media/TC-ESMF-002" time="25.46" classname="Test Cases/M05 -Edit Sosial Media/TC-ESMF-002" status="FAILED">
         <failure type="FAILED" message="Test Cases/M05 -Edit Sosial Media/TC-ESMF-002 FAILED.
Reason:
com.kms.katalon.core.exception.StepFailedException: Unable to verify text 'Please input an valid phone number' is present 
	at com.kms.katalon.core.webui.keyword.internal.WebUIKeywordMain.stepFailed(WebUIKeywordMain.groovy:64)
	at com.kms.katalon.core.webui.keyword.internal.WebUIKeywordMain.runKeyword(WebUIKeywordMain.groovy:26)
	at com.kms.katalon.core.webui.keyword.builtin.VerifyTextPresentKeyword.verifyTextPresent(VerifyTextPresentKeyword.groovy:83)
	at com.kms.katalon.core.webui.keyword.builtin.VerifyTextPresentKeyword.execute(VerifyTextPresentKeyword.groovy:68)
	at com.kms.katalon.core.keyword.internal.KeywordExecutor.executeKeywordForPlatform(KeywordExecutor.groovy:74)
	at com.kms.katalon.core.webui.keyword.WebUiBuiltInKeywords.verifyTextPresent(WebUiBuiltInKeywords.groovy:1723)
	at com.kms.katalon.core.webui.keyword.WebUiBuiltInKeywords$verifyTextPresent$8.call(Unknown Source)
	at TC-ESMF-002.run(TC-ESMF-002:32)
	at com.kms.katalon.core.main.ScriptEngine.run(ScriptEngine.java:194)
	at com.kms.katalon.core.main.ScriptEngine.runScriptAsRawText(ScriptEngine.java:119)
	at com.kms.katalon.core.main.TestCaseExecutor.runScript(TestCaseExecutor.java:448)
	at com.kms.katalon.core.main.TestCaseExecutor.doExecute(TestCaseExecutor.java:439)
	at com.kms.katalon.core.main.TestCaseExecutor.processExecutionPhase(TestCaseExecutor.java:418)
	at com.kms.katalon.core.main.TestCaseExecutor.accessMainPhase(TestCaseExecutor.java:410)
	at com.kms.katalon.core.main.TestCaseExecutor.execute(TestCaseExecutor.java:285)
	at com.kms.katalon.core.common.CommonExecutor.accessTestCaseMainPhase(CommonExecutor.java:65)
	at com.kms.katalon.core.main.TestSuiteExecutor.accessTestSuiteMainPhase(TestSuiteExecutor.java:148)
	at com.kms.katalon.core.main.TestSuiteExecutor.execute(TestSuiteExecutor.java:106)
	at com.kms.katalon.core.main.TestCaseMain.startTestSuite(TestCaseMain.java:187)
	at com.kms.katalon.core.main.TestCaseMain$startTestSuite$0.call(Unknown Source)
	at TempTestSuite1696305328923.run(TempTestSuite1696305328923.groovy:36)
Caused by: com.kms.katalon.core.exception.StepFailedException: Text 'Please input an valid phone number' is not present on page 
	at com.kms.katalon.core.webui.keyword.internal.WebUIKeywordMain.stepFailed(WebUIKeywordMain.groovy:64)
	at com.kms.katalon.core.webui.keyword.builtin.VerifyTextPresentKeyword$_verifyTextPresent_closure1.doCall(VerifyTextPresentKeyword.groovy:79)
	at com.kms.katalon.core.webui.keyword.builtin.VerifyTextPresentKeyword$_verifyTextPresent_closure1.call(VerifyTextPresentKeyword.groovy)
	at com.kms.katalon.core.webui.keyword.internal.WebUIKeywordMain.runKeyword(WebUIKeywordMain.groovy:20)
	... 19 more
"/>
         <system-out><![CDATA[2023-10-03 11:00:03 - [TEST_CASE][FAILED] - Test Cases/M05 -Edit Sosial Media/TC-ESMF-002: Test Cases/M05 -Edit Sosial Media/TC-ESMF-002 FAILED.
Reason:
com.kms.katalon.core.exception.StepFailedException: Unable to verify text 'Please input an valid phone number' is present 
	at com.kms.katalon.core.webui.keyword.internal.WebUIKeywordMain.stepFailed(WebUIKeywordMain.groovy:64)
	at com.kms.katalon.core.webui.keyword.internal.WebUIKeywordMain.runKeyword(WebUIKeywordMain.groovy:26)
	at com.kms.katalon.core.webui.keyword.builtin.VerifyTextPresentKeyword.verifyTextPresent(VerifyTextPresentKeyword.groovy:83)
	at com.kms.katalon.core.webui.keyword.builtin.VerifyTextPresentKeyword.execute(VerifyTextPresentKeyword.groovy:68)
	at com.kms.katalon.core.keyword.internal.KeywordExecutor.executeKeywordForPlatform(KeywordExecutor.groovy:74)
	at com.kms.katalon.core.webui.keyword.WebUiBuiltInKeywords.verifyTextPresent(WebUiBuiltInKeywords.groovy:1723)
	at com.kms.katalon.core.webui.keyword.WebUiBuiltInKeywords$verifyTextPresent$8.call(Unknown Source)
	at TC-ESMF-002.run(TC-ESMF-002:32)
	at com.kms.katalon.core.main.ScriptEngine.run(ScriptEngine.java:194)
	at com.kms.katalon.core.main.ScriptEngine.runScriptAsRawText(ScriptEngine.java:119)
	at com.kms.katalon.core.main.TestCaseExecutor.runScript(TestCaseExecutor.java:448)
	at com.kms.katalon.core.main.TestCaseExecutor.doExecute(TestCaseExecutor.java:439)
	at com.kms.katalon.core.main.TestCaseExecutor.processExecutionPhase(TestCaseExecutor.java:418)
	at com.kms.katalon.core.main.TestCaseExecutor.accessMainPhase(TestCaseExecutor.java:410)
	at com.kms.katalon.core.main.TestCaseExecutor.execute(TestCaseExecutor.java:285)
	at com.kms.katalon.core.common.CommonExecutor.accessTestCaseMainPhase(CommonExecutor.java:65)
	at com.kms.katalon.core.main.TestSuiteExecutor.accessTestSuiteMainPhase(TestSuiteExecutor.java:148)
	at com.kms.katalon.core.main.TestSuiteExecutor.execute(TestSuiteExecutor.java:106)
	at com.kms.katalon.core.main.TestCaseMain.startTestSuite(TestCaseMain.java:187)
	at com.kms.katalon.core.main.TestCaseMain$startTestSuite$0.call(Unknown Source)
	at TempTestSuite1696305328923.run(TempTestSuite1696305328923.groovy:36)
Caused by: com.kms.katalon.core.exception.StepFailedException: Text 'Please input an valid phone number' is not present on page 
	at com.kms.katalon.core.webui.keyword.internal.WebUIKeywordMain.stepFailed(WebUIKeywordMain.groovy:64)
	at com.kms.katalon.core.webui.keyword.builtin.VerifyTextPresentKeyword$_verifyTextPresent_closure1.doCall(VerifyTextPresentKeyword.groovy:79)
	at com.kms.katalon.core.webui.keyword.builtin.VerifyTextPresentKeyword$_verifyTextPresent_closure1.call(VerifyTextPresentKeyword.groovy)
	at com.kms.katalon.core.webui.keyword.internal.WebUIKeywordMain.runKeyword(WebUIKeywordMain.groovy:20)
	... 19 more


2023-10-03 11:00:05 - [TEST_STEP][PASSED] - callTestCase(findTestCase("M05 -Edit Sosial Media/TC-LS-001"), [:], STOP_ON_FAILURE): Call Test Case 'Test Cases/M05 -Edit Sosial Media/TC-LS-001' successfully

2023-10-03 11:00:05 - [TEST_CASE][PASSED] - Test Cases/M05 -Edit Sosial Media/TC-LS-001: Test Cases/M05 -Edit Sosial Media/TC-LS-001

2023-10-03 11:00:05 - [TEST_STEP][PASSED] - openBrowser(urlWeb): Browser is opened with url: 'https://10.9.2.63/ecommerce/'

2023-10-03 11:00:05 - [MESSAGE][WARNING] - A browser is already opened. Closing browser and opening a new one

2023-10-03 11:00:07 - [MESSAGE][INFO] - Starting 'Firefox' driver

2023-10-03 11:00:07 - [MESSAGE][INFO] - Action delay is set to 0 milliseconds

2023-10-03 11:00:15 - [MESSAGE][PASSED] - Browser is opened with url: 'https://10.9.2.63/ecommerce/'

2023-10-03 11:00:15 - [TEST_STEP][PASSED] - maximizeWindow(): Current window maximized

2023-10-03 11:00:15 - [MESSAGE][PASSED] - Current window maximized

2023-10-03 11:00:15 - [TEST_STEP][PASSED] - click(findTestObject("Login/a_Login")): Object: 'Object Repository/Login/a_Login' is clicked on

2023-10-03 11:00:16 - [MESSAGE][PASSED] - Object: 'Object Repository/Login/a_Login' is clicked on

2023-10-03 11:00:16 - [TEST_STEP][PASSED] - setText(findTestObject("Login/input_Username, Email atau No. Handphone_a"), "runa36"): Text 'runa36' is set on object 'Object Repository/Login/input_Username, Email atau No. Handphone_a'

2023-10-03 11:00:17 - [MESSAGE][PASSED] - Text 'runa36' is set on object 'Object Repository/Login/input_Username, Email atau No. Handphone_a'

2023-10-03 11:00:17 - [TEST_STEP][PASSED] - setEncryptedText(findTestObject("Login/input_Password di Login(Masuk)"), "qbkrdMwyWE4="): Text ****** has been set on object 'Object Repository/Login/input_Password di Login(Masuk)'

2023-10-03 11:00:18 - [MESSAGE][PASSED] - Text ****** has been set on object 'Object Repository/Login/input_Password di Login(Masuk)'

2023-10-03 11:00:18 - [TEST_STEP][PASSED] - click(findTestObject("Login/button_Masuk di halaman login")): Object: 'Object Repository/Login/button_Masuk di halaman login' is clicked on

2023-10-03 11:00:20 - [MESSAGE][PASSED] - Object: 'Object Repository/Login/button_Masuk di halaman login' is clicked on

2023-10-03 11:00:20 - [TEST_STEP][PASSED] - verifyElementPresent(findTestObject("edit sosial media/verifikasi masuk halaman biodata diri"), 0): Object 'Object Repository/edit sosial media/verifikasi masuk halaman biodata diri' is present

2023-10-03 11:00:20 - [MESSAGE][WARNING] - Timeout '0' is invalid. Using default page load timeout: '30'

2023-10-03 11:00:20 - [MESSAGE][PASSED] - Object 'Object Repository/edit sosial media/verifikasi masuk halaman biodata diri' is present

2023-10-03 11:00:20 - [MESSAGE][PASSED] - Call Test Case 'Test Cases/M05 -Edit Sosial Media/TC-LS-001' successfully

2023-10-03 11:00:20 - [TEST_STEP][PASSED] - click(findTestObject("edit sosial media/a_Sosmed")): Object: 'Object Repository/edit sosial media/a_Sosmed' is clicked on

2023-10-03 11:00:22 - [MESSAGE][PASSED] - Object: 'Object Repository/edit sosial media/a_Sosmed' is clicked on

2023-10-03 11:00:22 - [TEST_STEP][PASSED] - click(findTestObject("edit sosial media/Edit Sosial Media")): Object: 'Object Repository/edit sosial media/Edit Sosial Media' is clicked on

2023-10-03 11:00:24 - [MESSAGE][PASSED] - Object: 'Object Repository/edit sosial media/Edit Sosial Media' is clicked on

2023-10-03 11:00:24 - [TEST_STEP][PASSED] - clearText(findTestObject("edit sosial media/input_Whatsapp_d")): Text of object 'Object Repository/edit sosial media/input_Whatsapp_d' is cleared

2023-10-03 11:00:24 - [MESSAGE][PASSED] - Text of object 'Object Repository/edit sosial media/input_Whatsapp_d' is cleared

2023-10-03 11:00:24 - [TEST_STEP][PASSED] - setText(findTestObject("edit sosial media/input_Whatsapp_d"), Whatsapp): Text '+6285g4e9s996o' is set on object 'Object Repository/edit sosial media/input_Whatsapp_d'

2023-10-03 11:00:25 - [MESSAGE][PASSED] - Text '+6285g4e9s996o' is set on object 'Object Repository/edit sosial media/input_Whatsapp_d'

2023-10-03 11:00:25 - [TEST_STEP][PASSED] - click(findTestObject("edit sosial media/center_Simpan Sosial Media")): Object: 'Object Repository/edit sosial media/center_Simpan Sosial Media' is clicked on

2023-10-03 11:00:27 - [MESSAGE][PASSED] - Object: 'Object Repository/edit sosial media/center_Simpan Sosial Media' is clicked on

2023-10-03 11:00:27 - [TEST_STEP][FAILED] - verifyTextPresent("Please input an valid phone number", false): Unable to verify text 'Please input an valid phone number' is present  (Root cause: com.kms.katalon.core.exception.StepFailedException: Unable to verify text 'Please input an valid phone number' is present 
	at com.kms.katalon.core.webui.keyword.internal.WebUIKeywordMain.stepFailed(WebUIKeywordMain.groovy:64)
	at com.kms.katalon.core.webui.keyword.internal.WebUIKeywordMain.runKeyword(WebUIKeywordMain.groovy:26)
	at com.kms.katalon.core.webui.keyword.builtin.VerifyTextPresentKeyword.verifyTextPresent(VerifyTextPresentKeyword.groovy:83)
	at com.kms.katalon.core.webui.keyword.builtin.VerifyTextPresentKeyword.execute(VerifyTextPresentKeyword.groovy:68)
	at com.kms.katalon.core.keyword.internal.KeywordExecutor.executeKeywordForPlatform(KeywordExecutor.groovy:74)
	at com.kms.katalon.core.webui.keyword.WebUiBuiltInKeywords.verifyTextPresent(WebUiBuiltInKeywords.groovy:1723)
	at com.kms.katalon.core.webui.keyword.WebUiBuiltInKeywords$verifyTextPresent$8.call(Unknown Source)
	at TC-ESMF-002.run(TC-ESMF-002:32)
	at com.kms.katalon.core.main.ScriptEngine.run(ScriptEngine.java:194)
	at com.kms.katalon.core.main.ScriptEngine.runScriptAsRawText(ScriptEngine.java:119)
	at com.kms.katalon.core.main.TestCaseExecutor.runScript(TestCaseExecutor.java:448)
	at com.kms.katalon.core.main.TestCaseExecutor.doExecute(TestCaseExecutor.java:439)
	at com.kms.katalon.core.main.TestCaseExecutor.processExecutionPhase(TestCaseExecutor.java:418)
	at com.kms.katalon.core.main.TestCaseExecutor.accessMainPhase(TestCaseExecutor.java:410)
	at com.kms.katalon.core.main.TestCaseExecutor.execute(TestCaseExecutor.java:285)
	at com.kms.katalon.core.common.CommonExecutor.accessTestCaseMainPhase(CommonExecutor.java:65)
	at com.kms.katalon.core.main.TestSuiteExecutor.accessTestSuiteMainPhase(TestSuiteExecutor.java:148)
	at com.kms.katalon.core.main.TestSuiteExecutor.execute(TestSuiteExecutor.java:106)
	at com.kms.katalon.core.main.TestCaseMain.startTestSuite(TestCaseMain.java:187)
	at com.kms.katalon.core.main.TestCaseMain$startTestSuite$0.call(Unknown Source)
	at TempTestSuite1696305328923.run(TempTestSuite1696305328923.groovy:36)
Caused by: com.kms.katalon.core.exception.StepFailedException: Text 'Please input an valid phone number' is not present on page 
	at com.kms.katalon.core.webui.keyword.internal.WebUIKeywordMain.stepFailed(WebUIKeywordMain.groovy:64)
	at com.kms.katalon.core.webui.keyword.builtin.VerifyTextPresentKeyword$_verifyTextPresent_closure1.doCall(VerifyTextPresentKeyword.groovy:79)
	at com.kms.katalon.core.webui.keyword.builtin.VerifyTextPresentKeyword$_verifyTextPresent_closure1.call(VerifyTextPresentKeyword.groovy)
	at com.kms.katalon.core.webui.keyword.internal.WebUIKeywordMain.runKeyword(WebUIKeywordMain.groovy:20)
	... 19 more
)

2023-10-03 11:00:28 - [MESSAGE][FAILED] - Text 'Please input an valid phone number' is not present on page  (Root cause: com.kms.katalon.core.exception.StepFailedException: Text 'Please input an valid phone number' is not present on page 
	at com.kms.katalon.core.webui.keyword.internal.WebUIKeywordMain.stepFailed(WebUIKeywordMain.groovy:64)
	at com.kms.katalon.core.webui.keyword.builtin.VerifyTextPresentKeyword$_verifyTextPresent_closure1.doCall(VerifyTextPresentKeyword.groovy:79)
	at com.kms.katalon.core.webui.keyword.builtin.VerifyTextPresentKeyword$_verifyTextPresent_closure1.call(VerifyTextPresentKeyword.groovy)
	at com.kms.katalon.core.webui.keyword.internal.WebUIKeywordMain.runKeyword(WebUIKeywordMain.groovy:20)
	at com.kms.katalon.core.webui.keyword.builtin.VerifyTextPresentKeyword.verifyTextPresent(VerifyTextPresentKeyword.groovy:83)
	at com.kms.katalon.core.webui.keyword.builtin.VerifyTextPresentKeyword.execute(VerifyTextPresentKeyword.groovy:68)
	at com.kms.katalon.core.keyword.internal.KeywordExecutor.executeKeywordForPlatform(KeywordExecutor.groovy:74)
	at com.kms.katalon.core.webui.keyword.WebUiBuiltInKeywords.verifyTextPresent(WebUiBuiltInKeywords.groovy:1723)
	at com.kms.katalon.core.webui.keyword.WebUiBuiltInKeywords$verifyTextPresent$8.call(Unknown Source)
	at TC-ESMF-002.run(TC-ESMF-002:32)
	at com.kms.katalon.core.main.ScriptEngine.run(ScriptEngine.java:194)
	at com.kms.katalon.core.main.ScriptEngine.runScriptAsRawText(ScriptEngine.java:119)
	at com.kms.katalon.core.main.TestCaseExecutor.runScript(TestCaseExecutor.java:448)
	at com.kms.katalon.core.main.TestCaseExecutor.doExecute(TestCaseExecutor.java:439)
	at com.kms.katalon.core.main.TestCaseExecutor.processExecutionPhase(TestCaseExecutor.java:418)
	at com.kms.katalon.core.main.TestCaseExecutor.accessMainPhase(TestCaseExecutor.java:410)
	at com.kms.katalon.core.main.TestCaseExecutor.execute(TestCaseExecutor.java:285)
	at com.kms.katalon.core.common.CommonExecutor.accessTestCaseMainPhase(CommonExecutor.java:65)
	at com.kms.katalon.core.main.TestSuiteExecutor.accessTestSuiteMainPhase(TestSuiteExecutor.java:148)
	at com.kms.katalon.core.main.TestSuiteExecutor.execute(TestSuiteExecutor.java:106)
	at com.kms.katalon.core.main.TestCaseMain.startTestSuite(TestCaseMain.java:187)
	at com.kms.katalon.core.main.TestCaseMain$startTestSuite$0.call(Unknown Source)
	at TempTestSuite1696305328923.run(TempTestSuite1696305328923.groovy:36)
)

2023-10-03 11:00:29 - [MESSAGE][FAILED] - Unable to verify text 'Please input an valid phone number' is present  (Root cause: com.kms.katalon.core.exception.StepFailedException: Unable to verify text 'Please input an valid phone number' is present 
	at com.kms.katalon.core.webui.keyword.internal.WebUIKeywordMain.stepFailed(WebUIKeywordMain.groovy:64)
	at com.kms.katalon.core.webui.keyword.internal.WebUIKeywordMain.runKeyword(WebUIKeywordMain.groovy:26)
	at com.kms.katalon.core.webui.keyword.builtin.VerifyTextPresentKeyword.verifyTextPresent(VerifyTextPresentKeyword.groovy:83)
	at com.kms.katalon.core.webui.keyword.builtin.VerifyTextPresentKeyword.execute(VerifyTextPresentKeyword.groovy:68)
	at com.kms.katalon.core.keyword.internal.KeywordExecutor.executeKeywordForPlatform(KeywordExecutor.groovy:74)
	at com.kms.katalon.core.webui.keyword.WebUiBuiltInKeywords.verifyTextPresent(WebUiBuiltInKeywords.groovy:1723)
	at com.kms.katalon.core.webui.keyword.WebUiBuiltInKeywords$verifyTextPresent$8.call(Unknown Source)
	at TC-ESMF-002.run(TC-ESMF-002:32)
	at com.kms.katalon.core.main.ScriptEngine.run(ScriptEngine.java:194)
	at com.kms.katalon.core.main.ScriptEngine.runScriptAsRawText(ScriptEngine.java:119)
	at com.kms.katalon.core.main.TestCaseExecutor.runScript(TestCaseExecutor.java:448)
	at com.kms.katalon.core.main.TestCaseExecutor.doExecute(TestCaseExecutor.java:439)
	at com.kms.katalon.core.main.TestCaseExecutor.processExecutionPhase(TestCaseExecutor.java:418)
	at com.kms.katalon.core.main.TestCaseExecutor.accessMainPhase(TestCaseExecutor.java:410)
	at com.kms.katalon.core.main.TestCaseExecutor.execute(TestCaseExecutor.java:285)
	at com.kms.katalon.core.common.CommonExecutor.accessTestCaseMainPhase(CommonExecutor.java:65)
	at com.kms.katalon.core.main.TestSuiteExecutor.accessTestSuiteMainPhase(TestSuiteExecutor.java:148)
	at com.kms.katalon.core.main.TestSuiteExecutor.execute(TestSuiteExecutor.java:106)
	at com.kms.katalon.core.main.TestCaseMain.startTestSuite(TestCaseMain.java:187)
	at com.kms.katalon.core.main.TestCaseMain$startTestSuite$0.call(Unknown Source)
	at TempTestSuite1696305328923.run(TempTestSuite1696305328923.groovy:36)
Caused by: com.kms.katalon.core.exception.StepFailedException: Text 'Please input an valid phone number' is not present on page 
	at com.kms.katalon.core.webui.keyword.internal.WebUIKeywordMain.stepFailed(WebUIKeywordMain.groovy:64)
	at com.kms.katalon.core.webui.keyword.builtin.VerifyTextPresentKeyword$_verifyTextPresent_closure1.doCall(VerifyTextPresentKeyword.groovy:79)
	at com.kms.katalon.core.webui.keyword.builtin.VerifyTextPresentKeyword$_verifyTextPresent_closure1.call(VerifyTextPresentKeyword.groovy)
	at com.kms.katalon.core.webui.keyword.internal.WebUIKeywordMain.runKeyword(WebUIKeywordMain.groovy:20)
	... 19 more
)
[[ATTACHMENT|F:\\bootcamp\\Miniproject\\Tajalapak\\Reports\\20231003_105528\\M05 - Edit Sosial Media\\20231003_105528\\1696305628668.png]]]]></system-out>
         <system-err><![CDATA[2023-10-03 11:00:03 - [TEST_CASE][FAILED] - Test Cases/M05 -Edit Sosial Media/TC-ESMF-002: Test Cases/M05 -Edit Sosial Media/TC-ESMF-002 FAILED.
Reason:
com.kms.katalon.core.exception.StepFailedException: Unable to verify text 'Please input an valid phone number' is present 
	at com.kms.katalon.core.webui.keyword.internal.WebUIKeywordMain.stepFailed(WebUIKeywordMain.groovy:64)
	at com.kms.katalon.core.webui.keyword.internal.WebUIKeywordMain.runKeyword(WebUIKeywordMain.groovy:26)
	at com.kms.katalon.core.webui.keyword.builtin.VerifyTextPresentKeyword.verifyTextPresent(VerifyTextPresentKeyword.groovy:83)
	at com.kms.katalon.core.webui.keyword.builtin.VerifyTextPresentKeyword.execute(VerifyTextPresentKeyword.groovy:68)
	at com.kms.katalon.core.keyword.internal.KeywordExecutor.executeKeywordForPlatform(KeywordExecutor.groovy:74)
	at com.kms.katalon.core.webui.keyword.WebUiBuiltInKeywords.verifyTextPresent(WebUiBuiltInKeywords.groovy:1723)
	at com.kms.katalon.core.webui.keyword.WebUiBuiltInKeywords$verifyTextPresent$8.call(Unknown Source)
	at TC-ESMF-002.run(TC-ESMF-002:32)
	at com.kms.katalon.core.main.ScriptEngine.run(ScriptEngine.java:194)
	at com.kms.katalon.core.main.ScriptEngine.runScriptAsRawText(ScriptEngine.java:119)
	at com.kms.katalon.core.main.TestCaseExecutor.runScript(TestCaseExecutor.java:448)
	at com.kms.katalon.core.main.TestCaseExecutor.doExecute(TestCaseExecutor.java:439)
	at com.kms.katalon.core.main.TestCaseExecutor.processExecutionPhase(TestCaseExecutor.java:418)
	at com.kms.katalon.core.main.TestCaseExecutor.accessMainPhase(TestCaseExecutor.java:410)
	at com.kms.katalon.core.main.TestCaseExecutor.execute(TestCaseExecutor.java:285)
	at com.kms.katalon.core.common.CommonExecutor.accessTestCaseMainPhase(CommonExecutor.java:65)
	at com.kms.katalon.core.main.TestSuiteExecutor.accessTestSuiteMainPhase(TestSuiteExecutor.java:148)
	at com.kms.katalon.core.main.TestSuiteExecutor.execute(TestSuiteExecutor.java:106)
	at com.kms.katalon.core.main.TestCaseMain.startTestSuite(TestCaseMain.java:187)
	at com.kms.katalon.core.main.TestCaseMain$startTestSuite$0.call(Unknown Source)
	at TempTestSuite1696305328923.run(TempTestSuite1696305328923.groovy:36)
Caused by: com.kms.katalon.core.exception.StepFailedException: Text 'Please input an valid phone number' is not present on page 
	at com.kms.katalon.core.webui.keyword.internal.WebUIKeywordMain.stepFailed(WebUIKeywordMain.groovy:64)
	at com.kms.katalon.core.webui.keyword.builtin.VerifyTextPresentKeyword$_verifyTextPresent_closure1.doCall(VerifyTextPresentKeyword.groovy:79)
	at com.kms.katalon.core.webui.keyword.builtin.VerifyTextPresentKeyword$_verifyTextPresent_closure1.call(VerifyTextPresentKeyword.groovy)
	at com.kms.katalon.core.webui.keyword.internal.WebUIKeywordMain.runKeyword(WebUIKeywordMain.groovy:20)
	... 19 more]]></system-err>
      </testcase>
      <testcase name="Test Cases/M05 -Edit Sosial Media/TC-ESMF-003" time="26.167" classname="Test Cases/M05 -Edit Sosial Media/TC-ESMF-003" status="FAILED">
         <failure type="FAILED" message="Test Cases/M05 -Edit Sosial Media/TC-ESMF-003 FAILED.
Reason:
com.kms.katalon.core.exception.StepFailedException: Unable to verify text 'plese input an valid username' is present 
	at com.kms.katalon.core.webui.keyword.internal.WebUIKeywordMain.stepFailed(WebUIKeywordMain.groovy:64)
	at com.kms.katalon.core.webui.keyword.internal.WebUIKeywordMain.runKeyword(WebUIKeywordMain.groovy:26)
	at com.kms.katalon.core.webui.keyword.builtin.VerifyTextPresentKeyword.verifyTextPresent(VerifyTextPresentKeyword.groovy:83)
	at com.kms.katalon.core.webui.keyword.builtin.VerifyTextPresentKeyword.execute(VerifyTextPresentKeyword.groovy:68)
	at com.kms.katalon.core.keyword.internal.KeywordExecutor.executeKeywordForPlatform(KeywordExecutor.groovy:74)
	at com.kms.katalon.core.webui.keyword.WebUiBuiltInKeywords.verifyTextPresent(WebUiBuiltInKeywords.groovy:1723)
	at com.kms.katalon.core.webui.keyword.WebUiBuiltInKeywords$verifyTextPresent$8.call(Unknown Source)
	at TC-ESMF-003.run(TC-ESMF-003:36)
	at com.kms.katalon.core.main.ScriptEngine.run(ScriptEngine.java:194)
	at com.kms.katalon.core.main.ScriptEngine.runScriptAsRawText(ScriptEngine.java:119)
	at com.kms.katalon.core.main.TestCaseExecutor.runScript(TestCaseExecutor.java:448)
	at com.kms.katalon.core.main.TestCaseExecutor.doExecute(TestCaseExecutor.java:439)
	at com.kms.katalon.core.main.TestCaseExecutor.processExecutionPhase(TestCaseExecutor.java:418)
	at com.kms.katalon.core.main.TestCaseExecutor.accessMainPhase(TestCaseExecutor.java:410)
	at com.kms.katalon.core.main.TestCaseExecutor.execute(TestCaseExecutor.java:285)
	at com.kms.katalon.core.common.CommonExecutor.accessTestCaseMainPhase(CommonExecutor.java:65)
	at com.kms.katalon.core.main.TestSuiteExecutor.accessTestSuiteMainPhase(TestSuiteExecutor.java:148)
	at com.kms.katalon.core.main.TestSuiteExecutor.execute(TestSuiteExecutor.java:106)
	at com.kms.katalon.core.main.TestCaseMain.startTestSuite(TestCaseMain.java:187)
	at com.kms.katalon.core.main.TestCaseMain$startTestSuite$0.call(Unknown Source)
	at TempTestSuite1696305328923.run(TempTestSuite1696305328923.groovy:36)
Caused by: com.kms.katalon.core.exception.StepFailedException: Text 'plese input an valid username' is not present on page 
	at com.kms.katalon.core.webui.keyword.internal.WebUIKeywordMain.stepFailed(WebUIKeywordMain.groovy:64)
	at com.kms.katalon.core.webui.keyword.builtin.VerifyTextPresentKeyword$_verifyTextPresent_closure1.doCall(VerifyTextPresentKeyword.groovy:79)
	at com.kms.katalon.core.webui.keyword.builtin.VerifyTextPresentKeyword$_verifyTextPresent_closure1.call(VerifyTextPresentKeyword.groovy)
	at com.kms.katalon.core.webui.keyword.internal.WebUIKeywordMain.runKeyword(WebUIKeywordMain.groovy:20)
	... 19 more
"/>
         <system-out><![CDATA[2023-10-03 11:00:29 - [TEST_CASE][FAILED] - Test Cases/M05 -Edit Sosial Media/TC-ESMF-003: Test Cases/M05 -Edit Sosial Media/TC-ESMF-003 FAILED.
Reason:
com.kms.katalon.core.exception.StepFailedException: Unable to verify text 'plese input an valid username' is present 
	at com.kms.katalon.core.webui.keyword.internal.WebUIKeywordMain.stepFailed(WebUIKeywordMain.groovy:64)
	at com.kms.katalon.core.webui.keyword.internal.WebUIKeywordMain.runKeyword(WebUIKeywordMain.groovy:26)
	at com.kms.katalon.core.webui.keyword.builtin.VerifyTextPresentKeyword.verifyTextPresent(VerifyTextPresentKeyword.groovy:83)
	at com.kms.katalon.core.webui.keyword.builtin.VerifyTextPresentKeyword.execute(VerifyTextPresentKeyword.groovy:68)
	at com.kms.katalon.core.keyword.internal.KeywordExecutor.executeKeywordForPlatform(KeywordExecutor.groovy:74)
	at com.kms.katalon.core.webui.keyword.WebUiBuiltInKeywords.verifyTextPresent(WebUiBuiltInKeywords.groovy:1723)
	at com.kms.katalon.core.webui.keyword.WebUiBuiltInKeywords$verifyTextPresent$8.call(Unknown Source)
	at TC-ESMF-003.run(TC-ESMF-003:36)
	at com.kms.katalon.core.main.ScriptEngine.run(ScriptEngine.java:194)
	at com.kms.katalon.core.main.ScriptEngine.runScriptAsRawText(ScriptEngine.java:119)
	at com.kms.katalon.core.main.TestCaseExecutor.runScript(TestCaseExecutor.java:448)
	at com.kms.katalon.core.main.TestCaseExecutor.doExecute(TestCaseExecutor.java:439)
	at com.kms.katalon.core.main.TestCaseExecutor.processExecutionPhase(TestCaseExecutor.java:418)
	at com.kms.katalon.core.main.TestCaseExecutor.accessMainPhase(TestCaseExecutor.java:410)
	at com.kms.katalon.core.main.TestCaseExecutor.execute(TestCaseExecutor.java:285)
	at com.kms.katalon.core.common.CommonExecutor.accessTestCaseMainPhase(CommonExecutor.java:65)
	at com.kms.katalon.core.main.TestSuiteExecutor.accessTestSuiteMainPhase(TestSuiteExecutor.java:148)
	at com.kms.katalon.core.main.TestSuiteExecutor.execute(TestSuiteExecutor.java:106)
	at com.kms.katalon.core.main.TestCaseMain.startTestSuite(TestCaseMain.java:187)
	at com.kms.katalon.core.main.TestCaseMain$startTestSuite$0.call(Unknown Source)
	at TempTestSuite1696305328923.run(TempTestSuite1696305328923.groovy:36)
Caused by: com.kms.katalon.core.exception.StepFailedException: Text 'plese input an valid username' is not present on page 
	at com.kms.katalon.core.webui.keyword.internal.WebUIKeywordMain.stepFailed(WebUIKeywordMain.groovy:64)
	at com.kms.katalon.core.webui.keyword.builtin.VerifyTextPresentKeyword$_verifyTextPresent_closure1.doCall(VerifyTextPresentKeyword.groovy:79)
	at com.kms.katalon.core.webui.keyword.builtin.VerifyTextPresentKeyword$_verifyTextPresent_closure1.call(VerifyTextPresentKeyword.groovy)
	at com.kms.katalon.core.webui.keyword.internal.WebUIKeywordMain.runKeyword(WebUIKeywordMain.groovy:20)
	... 19 more


2023-10-03 11:00:31 - [TEST_STEP][PASSED] - callTestCase(findTestCase("M05 -Edit Sosial Media/TC-LS-001"), [:], STOP_ON_FAILURE): Call Test Case 'Test Cases/M05 -Edit Sosial Media/TC-LS-001' successfully

2023-10-03 11:00:31 - [TEST_CASE][PASSED] - Test Cases/M05 -Edit Sosial Media/TC-LS-001: Test Cases/M05 -Edit Sosial Media/TC-LS-001

2023-10-03 11:00:31 - [TEST_STEP][PASSED] - openBrowser(urlWeb): Browser is opened with url: 'https://10.9.2.63/ecommerce/'

2023-10-03 11:00:31 - [MESSAGE][WARNING] - A browser is already opened. Closing browser and opening a new one

2023-10-03 11:00:32 - [MESSAGE][INFO] - Starting 'Firefox' driver

2023-10-03 11:00:32 - [MESSAGE][INFO] - Action delay is set to 0 milliseconds

2023-10-03 11:00:41 - [MESSAGE][PASSED] - Browser is opened with url: 'https://10.9.2.63/ecommerce/'

2023-10-03 11:00:41 - [TEST_STEP][PASSED] - maximizeWindow(): Current window maximized

2023-10-03 11:00:41 - [MESSAGE][PASSED] - Current window maximized

2023-10-03 11:00:41 - [TEST_STEP][PASSED] - click(findTestObject("Login/a_Login")): Object: 'Object Repository/Login/a_Login' is clicked on

2023-10-03 11:00:42 - [MESSAGE][PASSED] - Object: 'Object Repository/Login/a_Login' is clicked on

2023-10-03 11:00:42 - [TEST_STEP][PASSED] - setText(findTestObject("Login/input_Username, Email atau No. Handphone_a"), "runa36"): Text 'runa36' is set on object 'Object Repository/Login/input_Username, Email atau No. Handphone_a'

2023-10-03 11:00:43 - [MESSAGE][PASSED] - Text 'runa36' is set on object 'Object Repository/Login/input_Username, Email atau No. Handphone_a'

2023-10-03 11:00:43 - [TEST_STEP][PASSED] - setEncryptedText(findTestObject("Login/input_Password di Login(Masuk)"), "qbkrdMwyWE4="): Text ****** has been set on object 'Object Repository/Login/input_Password di Login(Masuk)'

2023-10-03 11:00:44 - [MESSAGE][PASSED] - Text ****** has been set on object 'Object Repository/Login/input_Password di Login(Masuk)'

2023-10-03 11:00:44 - [TEST_STEP][PASSED] - click(findTestObject("Login/button_Masuk di halaman login")): Object: 'Object Repository/Login/button_Masuk di halaman login' is clicked on

2023-10-03 11:00:46 - [MESSAGE][PASSED] - Object: 'Object Repository/Login/button_Masuk di halaman login' is clicked on

2023-10-03 11:00:46 - [TEST_STEP][PASSED] - verifyElementPresent(findTestObject("edit sosial media/verifikasi masuk halaman biodata diri"), 0): Object 'Object Repository/edit sosial media/verifikasi masuk halaman biodata diri' is present

2023-10-03 11:00:46 - [MESSAGE][WARNING] - Timeout '0' is invalid. Using default page load timeout: '30'

2023-10-03 11:00:47 - [MESSAGE][PASSED] - Object 'Object Repository/edit sosial media/verifikasi masuk halaman biodata diri' is present

2023-10-03 11:00:47 - [MESSAGE][PASSED] - Call Test Case 'Test Cases/M05 -Edit Sosial Media/TC-LS-001' successfully

2023-10-03 11:00:47 - [TEST_STEP][PASSED] - click(findTestObject("edit sosial media/a_Sosmed")): Object: 'Object Repository/edit sosial media/a_Sosmed' is clicked on

2023-10-03 11:00:48 - [MESSAGE][PASSED] - Object: 'Object Repository/edit sosial media/a_Sosmed' is clicked on

2023-10-03 11:00:48 - [TEST_STEP][PASSED] - click(findTestObject("edit sosial media/Edit Sosial Media")): Object: 'Object Repository/edit sosial media/Edit Sosial Media' is clicked on

2023-10-03 11:00:50 - [MESSAGE][PASSED] - Object: 'Object Repository/edit sosial media/Edit Sosial Media' is clicked on

2023-10-03 11:00:50 - [TEST_STEP][PASSED] - clearText(findTestObject("edit sosial media/input_LinkedIn_g")): Text of object 'Object Repository/edit sosial media/input_LinkedIn_g' is cleared

2023-10-03 11:00:51 - [MESSAGE][PASSED] - Text of object 'Object Repository/edit sosial media/input_LinkedIn_g' is cleared

2023-10-03 11:00:51 - [TEST_STEP][PASSED] - setText(findTestObject("edit sosial media/input_LinkedIn_g"), LinkedIn): Text '!' is set on object 'Object Repository/edit sosial media/input_LinkedIn_g'

2023-10-03 11:00:51 - [MESSAGE][PASSED] - Text '!' is set on object 'Object Repository/edit sosial media/input_LinkedIn_g'

2023-10-03 11:00:51 - [TEST_STEP][PASSED] - click(findTestObject("edit sosial media/center_Simpan Sosial Media")): Object: 'Object Repository/edit sosial media/center_Simpan Sosial Media' is clicked on

2023-10-03 11:00:53 - [MESSAGE][PASSED] - Object: 'Object Repository/edit sosial media/center_Simpan Sosial Media' is clicked on

2023-10-03 11:00:53 - [TEST_STEP][FAILED] - verifyTextPresent("plese input an valid username", false): Unable to verify text 'plese input an valid username' is present  (Root cause: com.kms.katalon.core.exception.StepFailedException: Unable to verify text 'plese input an valid username' is present 
	at com.kms.katalon.core.webui.keyword.internal.WebUIKeywordMain.stepFailed(WebUIKeywordMain.groovy:64)
	at com.kms.katalon.core.webui.keyword.internal.WebUIKeywordMain.runKeyword(WebUIKeywordMain.groovy:26)
	at com.kms.katalon.core.webui.keyword.builtin.VerifyTextPresentKeyword.verifyTextPresent(VerifyTextPresentKeyword.groovy:83)
	at com.kms.katalon.core.webui.keyword.builtin.VerifyTextPresentKeyword.execute(VerifyTextPresentKeyword.groovy:68)
	at com.kms.katalon.core.keyword.internal.KeywordExecutor.executeKeywordForPlatform(KeywordExecutor.groovy:74)
	at com.kms.katalon.core.webui.keyword.WebUiBuiltInKeywords.verifyTextPresent(WebUiBuiltInKeywords.groovy:1723)
	at com.kms.katalon.core.webui.keyword.WebUiBuiltInKeywords$verifyTextPresent$8.call(Unknown Source)
	at TC-ESMF-003.run(TC-ESMF-003:36)
	at com.kms.katalon.core.main.ScriptEngine.run(ScriptEngine.java:194)
	at com.kms.katalon.core.main.ScriptEngine.runScriptAsRawText(ScriptEngine.java:119)
	at com.kms.katalon.core.main.TestCaseExecutor.runScript(TestCaseExecutor.java:448)
	at com.kms.katalon.core.main.TestCaseExecutor.doExecute(TestCaseExecutor.java:439)
	at com.kms.katalon.core.main.TestCaseExecutor.processExecutionPhase(TestCaseExecutor.java:418)
	at com.kms.katalon.core.main.TestCaseExecutor.accessMainPhase(TestCaseExecutor.java:410)
	at com.kms.katalon.core.main.TestCaseExecutor.execute(TestCaseExecutor.java:285)
	at com.kms.katalon.core.common.CommonExecutor.accessTestCaseMainPhase(CommonExecutor.java:65)
	at com.kms.katalon.core.main.TestSuiteExecutor.accessTestSuiteMainPhase(TestSuiteExecutor.java:148)
	at com.kms.katalon.core.main.TestSuiteExecutor.execute(TestSuiteExecutor.java:106)
	at com.kms.katalon.core.main.TestCaseMain.startTestSuite(TestCaseMain.java:187)
	at com.kms.katalon.core.main.TestCaseMain$startTestSuite$0.call(Unknown Source)
	at TempTestSuite1696305328923.run(TempTestSuite1696305328923.groovy:36)
Caused by: com.kms.katalon.core.exception.StepFailedException: Text 'plese input an valid username' is not present on page 
	at com.kms.katalon.core.webui.keyword.internal.WebUIKeywordMain.stepFailed(WebUIKeywordMain.groovy:64)
	at com.kms.katalon.core.webui.keyword.builtin.VerifyTextPresentKeyword$_verifyTextPresent_closure1.doCall(VerifyTextPresentKeyword.groovy:79)
	at com.kms.katalon.core.webui.keyword.builtin.VerifyTextPresentKeyword$_verifyTextPresent_closure1.call(VerifyTextPresentKeyword.groovy)
	at com.kms.katalon.core.webui.keyword.internal.WebUIKeywordMain.runKeyword(WebUIKeywordMain.groovy:20)
	... 19 more
)

2023-10-03 11:00:55 - [MESSAGE][FAILED] - Text 'plese input an valid username' is not present on page  (Root cause: com.kms.katalon.core.exception.StepFailedException: Text 'plese input an valid username' is not present on page 
	at com.kms.katalon.core.webui.keyword.internal.WebUIKeywordMain.stepFailed(WebUIKeywordMain.groovy:64)
	at com.kms.katalon.core.webui.keyword.builtin.VerifyTextPresentKeyword$_verifyTextPresent_closure1.doCall(VerifyTextPresentKeyword.groovy:79)
	at com.kms.katalon.core.webui.keyword.builtin.VerifyTextPresentKeyword$_verifyTextPresent_closure1.call(VerifyTextPresentKeyword.groovy)
	at com.kms.katalon.core.webui.keyword.internal.WebUIKeywordMain.runKeyword(WebUIKeywordMain.groovy:20)
	at com.kms.katalon.core.webui.keyword.builtin.VerifyTextPresentKeyword.verifyTextPresent(VerifyTextPresentKeyword.groovy:83)
	at com.kms.katalon.core.webui.keyword.builtin.VerifyTextPresentKeyword.execute(VerifyTextPresentKeyword.groovy:68)
	at com.kms.katalon.core.keyword.internal.KeywordExecutor.executeKeywordForPlatform(KeywordExecutor.groovy:74)
	at com.kms.katalon.core.webui.keyword.WebUiBuiltInKeywords.verifyTextPresent(WebUiBuiltInKeywords.groovy:1723)
	at com.kms.katalon.core.webui.keyword.WebUiBuiltInKeywords$verifyTextPresent$8.call(Unknown Source)
	at TC-ESMF-003.run(TC-ESMF-003:36)
	at com.kms.katalon.core.main.ScriptEngine.run(ScriptEngine.java:194)
	at com.kms.katalon.core.main.ScriptEngine.runScriptAsRawText(ScriptEngine.java:119)
	at com.kms.katalon.core.main.TestCaseExecutor.runScript(TestCaseExecutor.java:448)
	at com.kms.katalon.core.main.TestCaseExecutor.doExecute(TestCaseExecutor.java:439)
	at com.kms.katalon.core.main.TestCaseExecutor.processExecutionPhase(TestCaseExecutor.java:418)
	at com.kms.katalon.core.main.TestCaseExecutor.accessMainPhase(TestCaseExecutor.java:410)
	at com.kms.katalon.core.main.TestCaseExecutor.execute(TestCaseExecutor.java:285)
	at com.kms.katalon.core.common.CommonExecutor.accessTestCaseMainPhase(CommonExecutor.java:65)
	at com.kms.katalon.core.main.TestSuiteExecutor.accessTestSuiteMainPhase(TestSuiteExecutor.java:148)
	at com.kms.katalon.core.main.TestSuiteExecutor.execute(TestSuiteExecutor.java:106)
	at com.kms.katalon.core.main.TestCaseMain.startTestSuite(TestCaseMain.java:187)
	at com.kms.katalon.core.main.TestCaseMain$startTestSuite$0.call(Unknown Source)
	at TempTestSuite1696305328923.run(TempTestSuite1696305328923.groovy:36)
)

2023-10-03 11:00:55 - [MESSAGE][FAILED] - Unable to verify text 'plese input an valid username' is present  (Root cause: com.kms.katalon.core.exception.StepFailedException: Unable to verify text 'plese input an valid username' is present 
	at com.kms.katalon.core.webui.keyword.internal.WebUIKeywordMain.stepFailed(WebUIKeywordMain.groovy:64)
	at com.kms.katalon.core.webui.keyword.internal.WebUIKeywordMain.runKeyword(WebUIKeywordMain.groovy:26)
	at com.kms.katalon.core.webui.keyword.builtin.VerifyTextPresentKeyword.verifyTextPresent(VerifyTextPresentKeyword.groovy:83)
	at com.kms.katalon.core.webui.keyword.builtin.VerifyTextPresentKeyword.execute(VerifyTextPresentKeyword.groovy:68)
	at com.kms.katalon.core.keyword.internal.KeywordExecutor.executeKeywordForPlatform(KeywordExecutor.groovy:74)
	at com.kms.katalon.core.webui.keyword.WebUiBuiltInKeywords.verifyTextPresent(WebUiBuiltInKeywords.groovy:1723)
	at com.kms.katalon.core.webui.keyword.WebUiBuiltInKeywords$verifyTextPresent$8.call(Unknown Source)
	at TC-ESMF-003.run(TC-ESMF-003:36)
	at com.kms.katalon.core.main.ScriptEngine.run(ScriptEngine.java:194)
	at com.kms.katalon.core.main.ScriptEngine.runScriptAsRawText(ScriptEngine.java:119)
	at com.kms.katalon.core.main.TestCaseExecutor.runScript(TestCaseExecutor.java:448)
	at com.kms.katalon.core.main.TestCaseExecutor.doExecute(TestCaseExecutor.java:439)
	at com.kms.katalon.core.main.TestCaseExecutor.processExecutionPhase(TestCaseExecutor.java:418)
	at com.kms.katalon.core.main.TestCaseExecutor.accessMainPhase(TestCaseExecutor.java:410)
	at com.kms.katalon.core.main.TestCaseExecutor.execute(TestCaseExecutor.java:285)
	at com.kms.katalon.core.common.CommonExecutor.accessTestCaseMainPhase(CommonExecutor.java:65)
	at com.kms.katalon.core.main.TestSuiteExecutor.accessTestSuiteMainPhase(TestSuiteExecutor.java:148)
	at com.kms.katalon.core.main.TestSuiteExecutor.execute(TestSuiteExecutor.java:106)
	at com.kms.katalon.core.main.TestCaseMain.startTestSuite(TestCaseMain.java:187)
	at com.kms.katalon.core.main.TestCaseMain$startTestSuite$0.call(Unknown Source)
	at TempTestSuite1696305328923.run(TempTestSuite1696305328923.groovy:36)
Caused by: com.kms.katalon.core.exception.StepFailedException: Text 'plese input an valid username' is not present on page 
	at com.kms.katalon.core.webui.keyword.internal.WebUIKeywordMain.stepFailed(WebUIKeywordMain.groovy:64)
	at com.kms.katalon.core.webui.keyword.builtin.VerifyTextPresentKeyword$_verifyTextPresent_closure1.doCall(VerifyTextPresentKeyword.groovy:79)
	at com.kms.katalon.core.webui.keyword.builtin.VerifyTextPresentKeyword$_verifyTextPresent_closure1.call(VerifyTextPresentKeyword.groovy)
	at com.kms.katalon.core.webui.keyword.internal.WebUIKeywordMain.runKeyword(WebUIKeywordMain.groovy:20)
	... 19 more
)
[[ATTACHMENT|F:\\bootcamp\\Miniproject\\Tajalapak\\Reports\\20231003_105528\\M05 - Edit Sosial Media\\20231003_105528\\1696305655134.png]]]]></system-out>
         <system-err><![CDATA[2023-10-03 11:00:29 - [TEST_CASE][FAILED] - Test Cases/M05 -Edit Sosial Media/TC-ESMF-003: Test Cases/M05 -Edit Sosial Media/TC-ESMF-003 FAILED.
Reason:
com.kms.katalon.core.exception.StepFailedException: Unable to verify text 'plese input an valid username' is present 
	at com.kms.katalon.core.webui.keyword.internal.WebUIKeywordMain.stepFailed(WebUIKeywordMain.groovy:64)
	at com.kms.katalon.core.webui.keyword.internal.WebUIKeywordMain.runKeyword(WebUIKeywordMain.groovy:26)
	at com.kms.katalon.core.webui.keyword.builtin.VerifyTextPresentKeyword.verifyTextPresent(VerifyTextPresentKeyword.groovy:83)
	at com.kms.katalon.core.webui.keyword.builtin.VerifyTextPresentKeyword.execute(VerifyTextPresentKeyword.groovy:68)
	at com.kms.katalon.core.keyword.internal.KeywordExecutor.executeKeywordForPlatform(KeywordExecutor.groovy:74)
	at com.kms.katalon.core.webui.keyword.WebUiBuiltInKeywords.verifyTextPresent(WebUiBuiltInKeywords.groovy:1723)
	at com.kms.katalon.core.webui.keyword.WebUiBuiltInKeywords$verifyTextPresent$8.call(Unknown Source)
	at TC-ESMF-003.run(TC-ESMF-003:36)
	at com.kms.katalon.core.main.ScriptEngine.run(ScriptEngine.java:194)
	at com.kms.katalon.core.main.ScriptEngine.runScriptAsRawText(ScriptEngine.java:119)
	at com.kms.katalon.core.main.TestCaseExecutor.runScript(TestCaseExecutor.java:448)
	at com.kms.katalon.core.main.TestCaseExecutor.doExecute(TestCaseExecutor.java:439)
	at com.kms.katalon.core.main.TestCaseExecutor.processExecutionPhase(TestCaseExecutor.java:418)
	at com.kms.katalon.core.main.TestCaseExecutor.accessMainPhase(TestCaseExecutor.java:410)
	at com.kms.katalon.core.main.TestCaseExecutor.execute(TestCaseExecutor.java:285)
	at com.kms.katalon.core.common.CommonExecutor.accessTestCaseMainPhase(CommonExecutor.java:65)
	at com.kms.katalon.core.main.TestSuiteExecutor.accessTestSuiteMainPhase(TestSuiteExecutor.java:148)
	at com.kms.katalon.core.main.TestSuiteExecutor.execute(TestSuiteExecutor.java:106)
	at com.kms.katalon.core.main.TestCaseMain.startTestSuite(TestCaseMain.java:187)
	at com.kms.katalon.core.main.TestCaseMain$startTestSuite$0.call(Unknown Source)
	at TempTestSuite1696305328923.run(TempTestSuite1696305328923.groovy:36)
Caused by: com.kms.katalon.core.exception.StepFailedException: Text 'plese input an valid username' is not present on page 
	at com.kms.katalon.core.webui.keyword.internal.WebUIKeywordMain.stepFailed(WebUIKeywordMain.groovy:64)
	at com.kms.katalon.core.webui.keyword.builtin.VerifyTextPresentKeyword$_verifyTextPresent_closure1.doCall(VerifyTextPresentKeyword.groovy:79)
	at com.kms.katalon.core.webui.keyword.builtin.VerifyTextPresentKeyword$_verifyTextPresent_closure1.call(VerifyTextPresentKeyword.groovy)
	at com.kms.katalon.core.webui.keyword.internal.WebUIKeywordMain.runKeyword(WebUIKeywordMain.groovy:20)
	... 19 more]]></system-err>
      </testcase>
      <testcase name="Test Cases/M05 -Edit Sosial Media/TC-ESMF-004" time="25.428" classname="Test Cases/M05 -Edit Sosial Media/TC-ESMF-004" status="FAILED">
         <failure type="FAILED" message="Test Cases/M05 -Edit Sosial Media/TC-ESMF-004 FAILED.
Reason:
Assertion failed: 

assert error_message == 'please include an \'@\' in the first place username'
       |             |
       null          false

	at TC-ESMF-004.run(TC-ESMF-004:44)
	at com.kms.katalon.core.main.ScriptEngine.run(ScriptEngine.java:194)
	at com.kms.katalon.core.main.ScriptEngine.runScriptAsRawText(ScriptEngine.java:119)
	at com.kms.katalon.core.main.TestCaseExecutor.runScript(TestCaseExecutor.java:448)
	at com.kms.katalon.core.main.TestCaseExecutor.doExecute(TestCaseExecutor.java:439)
	at com.kms.katalon.core.main.TestCaseExecutor.processExecutionPhase(TestCaseExecutor.java:418)
	at com.kms.katalon.core.main.TestCaseExecutor.accessMainPhase(TestCaseExecutor.java:410)
	at com.kms.katalon.core.main.TestCaseExecutor.execute(TestCaseExecutor.java:285)
	at com.kms.katalon.core.common.CommonExecutor.accessTestCaseMainPhase(CommonExecutor.java:65)
	at com.kms.katalon.core.main.TestSuiteExecutor.accessTestSuiteMainPhase(TestSuiteExecutor.java:148)
	at com.kms.katalon.core.main.TestSuiteExecutor.execute(TestSuiteExecutor.java:106)
	at com.kms.katalon.core.main.TestCaseMain.startTestSuite(TestCaseMain.java:187)
	at com.kms.katalon.core.main.TestCaseMain$startTestSuite$0.call(Unknown Source)
	at TempTestSuite1696305328923.run(TempTestSuite1696305328923.groovy:36)
"/>
         <system-out><![CDATA[2023-10-03 11:00:55 - [TEST_CASE][FAILED] - Test Cases/M05 -Edit Sosial Media/TC-ESMF-004: Test Cases/M05 -Edit Sosial Media/TC-ESMF-004 FAILED.
Reason:
Assertion failed: 

assert error_message == 'please include an \'@\' in the first place username'
       |             |
       null          false

	at TC-ESMF-004.run(TC-ESMF-004:44)
	at com.kms.katalon.core.main.ScriptEngine.run(ScriptEngine.java:194)
	at com.kms.katalon.core.main.ScriptEngine.runScriptAsRawText(ScriptEngine.java:119)
	at com.kms.katalon.core.main.TestCaseExecutor.runScript(TestCaseExecutor.java:448)
	at com.kms.katalon.core.main.TestCaseExecutor.doExecute(TestCaseExecutor.java:439)
	at com.kms.katalon.core.main.TestCaseExecutor.processExecutionPhase(TestCaseExecutor.java:418)
	at com.kms.katalon.core.main.TestCaseExecutor.accessMainPhase(TestCaseExecutor.java:410)
	at com.kms.katalon.core.main.TestCaseExecutor.execute(TestCaseExecutor.java:285)
	at com.kms.katalon.core.common.CommonExecutor.accessTestCaseMainPhase(CommonExecutor.java:65)
	at com.kms.katalon.core.main.TestSuiteExecutor.accessTestSuiteMainPhase(TestSuiteExecutor.java:148)
	at com.kms.katalon.core.main.TestSuiteExecutor.execute(TestSuiteExecutor.java:106)
	at com.kms.katalon.core.main.TestCaseMain.startTestSuite(TestCaseMain.java:187)
	at com.kms.katalon.core.main.TestCaseMain$startTestSuite$0.call(Unknown Source)
	at TempTestSuite1696305328923.run(TempTestSuite1696305328923.groovy:36)


2023-10-03 11:00:57 - [TEST_STEP][PASSED] - callTestCase(findTestCase("M05 -Edit Sosial Media/TC-LS-001"), [:], STOP_ON_FAILURE): Call Test Case 'Test Cases/M05 -Edit Sosial Media/TC-LS-001' successfully

2023-10-03 11:00:57 - [TEST_CASE][PASSED] - Test Cases/M05 -Edit Sosial Media/TC-LS-001: Test Cases/M05 -Edit Sosial Media/TC-LS-001

2023-10-03 11:00:57 - [TEST_STEP][PASSED] - openBrowser(urlWeb): Browser is opened with url: 'https://10.9.2.63/ecommerce/'

2023-10-03 11:00:57 - [MESSAGE][WARNING] - A browser is already opened. Closing browser and opening a new one

2023-10-03 11:00:58 - [MESSAGE][INFO] - Starting 'Firefox' driver

2023-10-03 11:00:58 - [MESSAGE][INFO] - Action delay is set to 0 milliseconds

2023-10-03 11:01:07 - [MESSAGE][PASSED] - Browser is opened with url: 'https://10.9.2.63/ecommerce/'

2023-10-03 11:01:07 - [TEST_STEP][PASSED] - maximizeWindow(): Current window maximized

2023-10-03 11:01:07 - [MESSAGE][PASSED] - Current window maximized

2023-10-03 11:01:07 - [TEST_STEP][PASSED] - click(findTestObject("Login/a_Login")): Object: 'Object Repository/Login/a_Login' is clicked on

2023-10-03 11:01:08 - [MESSAGE][PASSED] - Object: 'Object Repository/Login/a_Login' is clicked on

2023-10-03 11:01:08 - [TEST_STEP][PASSED] - setText(findTestObject("Login/input_Username, Email atau No. Handphone_a"), "runa36"): Text 'runa36' is set on object 'Object Repository/Login/input_Username, Email atau No. Handphone_a'

2023-10-03 11:01:10 - [MESSAGE][PASSED] - Text 'runa36' is set on object 'Object Repository/Login/input_Username, Email atau No. Handphone_a'

2023-10-03 11:01:10 - [TEST_STEP][PASSED] - setEncryptedText(findTestObject("Login/input_Password di Login(Masuk)"), "qbkrdMwyWE4="): Text ****** has been set on object 'Object Repository/Login/input_Password di Login(Masuk)'

2023-10-03 11:01:11 - [MESSAGE][PASSED] - Text ****** has been set on object 'Object Repository/Login/input_Password di Login(Masuk)'

2023-10-03 11:01:11 - [TEST_STEP][PASSED] - click(findTestObject("Login/button_Masuk di halaman login")): Object: 'Object Repository/Login/button_Masuk di halaman login' is clicked on

2023-10-03 11:01:12 - [MESSAGE][PASSED] - Object: 'Object Repository/Login/button_Masuk di halaman login' is clicked on

2023-10-03 11:01:12 - [TEST_STEP][PASSED] - verifyElementPresent(findTestObject("edit sosial media/verifikasi masuk halaman biodata diri"), 0): Object 'Object Repository/edit sosial media/verifikasi masuk halaman biodata diri' is present

2023-10-03 11:01:12 - [MESSAGE][WARNING] - Timeout '0' is invalid. Using default page load timeout: '30'

2023-10-03 11:01:13 - [MESSAGE][PASSED] - Object 'Object Repository/edit sosial media/verifikasi masuk halaman biodata diri' is present

2023-10-03 11:01:13 - [MESSAGE][PASSED] - Call Test Case 'Test Cases/M05 -Edit Sosial Media/TC-LS-001' successfully

2023-10-03 11:01:13 - [TEST_STEP][PASSED] - click(findTestObject("edit sosial media/a_Sosmed")): Object: 'Object Repository/edit sosial media/a_Sosmed' is clicked on

2023-10-03 11:01:14 - [MESSAGE][PASSED] - Object: 'Object Repository/edit sosial media/a_Sosmed' is clicked on

2023-10-03 11:01:14 - [TEST_STEP][PASSED] - click(findTestObject("edit sosial media/Edit Sosial Media")): Object: 'Object Repository/edit sosial media/Edit Sosial Media' is clicked on

2023-10-03 11:01:16 - [MESSAGE][PASSED] - Object: 'Object Repository/edit sosial media/Edit Sosial Media' is clicked on

2023-10-03 11:01:16 - [TEST_STEP][PASSED] - clearText(findTestObject("edit sosial media/input_Telegram_e")): Text of object 'Object Repository/edit sosial media/input_Telegram_e' is cleared

2023-10-03 11:01:17 - [MESSAGE][PASSED] - Text of object 'Object Repository/edit sosial media/input_Telegram_e' is cleared

2023-10-03 11:01:17 - [TEST_STEP][PASSED] - setText(findTestObject("edit sosial media/input_Telegram_e"), Telegram): Text 'Runaya71' is set on object 'Object Repository/edit sosial media/input_Telegram_e'

2023-10-03 11:01:18 - [MESSAGE][PASSED] - Text 'Runaya71' is set on object 'Object Repository/edit sosial media/input_Telegram_e'

2023-10-03 11:01:18 - [TEST_STEP][PASSED] - click(findTestObject("edit sosial media/center_Simpan Sosial Media")): Object: 'Object Repository/edit sosial media/center_Simpan Sosial Media' is clicked on

2023-10-03 11:01:19 - [MESSAGE][PASSED] - Object: 'Object Repository/edit sosial media/center_Simpan Sosial Media' is clicked on

2023-10-03 11:01:19 - [TEST_STEP][PASSED] - webDriver = getWebDriver(): null

2023-10-03 11:01:19 - [TEST_STEP][PASSED] - field_telegram = webDriver.findElement(By.xpath("(.//*[normalize-space(text()) and normalize-space(.)="Telegram"])[1]/following::div[1]")): null

2023-10-03 11:01:20 - [TEST_STEP][PASSED] - error_message = webDriver.executeScript("return arguments[0].validationMessage", field_telegram): null

2023-10-03 11:01:20 - [TEST_STEP][PASSED] - println(error_message): null

2023-10-03 11:01:20 - [TEST_STEP][FAILED] - assert error_message == "please include an '@' in the first place username": Test Cases/M05 -Edit Sosial Media/TC-ESMF-004 FAILED.
Reason:
Assertion failed: 

assert error_message == 'please include an \'@\' in the first place username'
       |             |
       null          false

	at TC-ESMF-004.run(TC-ESMF-004:44)
	at com.kms.katalon.core.main.ScriptEngine.run(ScriptEngine.java:194)
	at com.kms.katalon.core.main.ScriptEngine.runScriptAsRawText(ScriptEngine.java:119)
	at com.kms.katalon.core.main.TestCaseExecutor.runScript(TestCaseExecutor.java:448)
	at com.kms.katalon.core.main.TestCaseExecutor.doExecute(TestCaseExecutor.java:439)
	at com.kms.katalon.core.main.TestCaseExecutor.processExecutionPhase(TestCaseExecutor.java:418)
	at com.kms.katalon.core.main.TestCaseExecutor.accessMainPhase(TestCaseExecutor.java:410)
	at com.kms.katalon.core.main.TestCaseExecutor.execute(TestCaseExecutor.java:285)
	at com.kms.katalon.core.common.CommonExecutor.accessTestCaseMainPhase(CommonExecutor.java:65)
	at com.kms.katalon.core.main.TestSuiteExecutor.accessTestSuiteMainPhase(TestSuiteExecutor.java:148)
	at com.kms.katalon.core.main.TestSuiteExecutor.execute(TestSuiteExecutor.java:106)
	at com.kms.katalon.core.main.TestCaseMain.startTestSuite(TestCaseMain.java:187)
	at com.kms.katalon.core.main.TestCaseMain$startTestSuite$0.call(Unknown Source)
	at TempTestSuite1696305328923.run(TempTestSuite1696305328923.groovy:36)


2023-10-03 11:01:20 - [MESSAGE][FAILED] - Test Cases/M05 -Edit Sosial Media/TC-ESMF-004 FAILED.
Reason:
Assertion failed: 

assert error_message == 'please include an \'@\' in the first place username'
       |             |
       null          false

	at TC-ESMF-004.run(TC-ESMF-004:44)
	at com.kms.katalon.core.main.ScriptEngine.run(ScriptEngine.java:194)
	at com.kms.katalon.core.main.ScriptEngine.runScriptAsRawText(ScriptEngine.java:119)
	at com.kms.katalon.core.main.TestCaseExecutor.runScript(TestCaseExecutor.java:448)
	at com.kms.katalon.core.main.TestCaseExecutor.doExecute(TestCaseExecutor.java:439)
	at com.kms.katalon.core.main.TestCaseExecutor.processExecutionPhase(TestCaseExecutor.java:418)
	at com.kms.katalon.core.main.TestCaseExecutor.accessMainPhase(TestCaseExecutor.java:410)
	at com.kms.katalon.core.main.TestCaseExecutor.execute(TestCaseExecutor.java:285)
	at com.kms.katalon.core.common.CommonExecutor.accessTestCaseMainPhase(CommonExecutor.java:65)
	at com.kms.katalon.core.main.TestSuiteExecutor.accessTestSuiteMainPhase(TestSuiteExecutor.java:148)
	at com.kms.katalon.core.main.TestSuiteExecutor.execute(TestSuiteExecutor.java:106)
	at com.kms.katalon.core.main.TestCaseMain.startTestSuite(TestCaseMain.java:187)
	at com.kms.katalon.core.main.TestCaseMain$startTestSuite$0.call(Unknown Source)
	at TempTestSuite1696305328923.run(TempTestSuite1696305328923.groovy:36)]]></system-out>
         <system-err><![CDATA[2023-10-03 11:00:55 - [TEST_CASE][FAILED] - Test Cases/M05 -Edit Sosial Media/TC-ESMF-004: Test Cases/M05 -Edit Sosial Media/TC-ESMF-004 FAILED.
Reason:
Assertion failed: 

assert error_message == 'please include an \'@\' in the first place username'
       |             |
       null          false

	at TC-ESMF-004.run(TC-ESMF-004:44)
	at com.kms.katalon.core.main.ScriptEngine.run(ScriptEngine.java:194)
	at com.kms.katalon.core.main.ScriptEngine.runScriptAsRawText(ScriptEngine.java:119)
	at com.kms.katalon.core.main.TestCaseExecutor.runScript(TestCaseExecutor.java:448)
	at com.kms.katalon.core.main.TestCaseExecutor.doExecute(TestCaseExecutor.java:439)
	at com.kms.katalon.core.main.TestCaseExecutor.processExecutionPhase(TestCaseExecutor.java:418)
	at com.kms.katalon.core.main.TestCaseExecutor.accessMainPhase(TestCaseExecutor.java:410)
	at com.kms.katalon.core.main.TestCaseExecutor.execute(TestCaseExecutor.java:285)
	at com.kms.katalon.core.common.CommonExecutor.accessTestCaseMainPhase(CommonExecutor.java:65)
	at com.kms.katalon.core.main.TestSuiteExecutor.accessTestSuiteMainPhase(TestSuiteExecutor.java:148)
	at com.kms.katalon.core.main.TestSuiteExecutor.execute(TestSuiteExecutor.java:106)
	at com.kms.katalon.core.main.TestCaseMain.startTestSuite(TestCaseMain.java:187)
	at com.kms.katalon.core.main.TestCaseMain$startTestSuite$0.call(Unknown Source)
	at TempTestSuite1696305328923.run(TempTestSuite1696305328923.groovy:36)]]></system-err>
      </testcase>
      <testcase name="Test Cases/M05 -Edit Sosial Media/TC-ESMF-005" time="26.537" classname="Test Cases/M05 -Edit Sosial Media/TC-ESMF-005" status="FAILED">
         <failure type="FAILED" message="Test Cases/M05 -Edit Sosial Media/TC-ESMF-005 FAILED.
Reason:
Assertion failed: 

assert validationMessage == 'please input username not exceed 50 character'
       |                 |
       null              false

	at TC-ESMF-005.run(TC-ESMF-005:41)
	at com.kms.katalon.core.main.ScriptEngine.run(ScriptEngine.java:194)
	at com.kms.katalon.core.main.ScriptEngine.runScriptAsRawText(ScriptEngine.java:119)
	at com.kms.katalon.core.main.TestCaseExecutor.runScript(TestCaseExecutor.java:448)
	at com.kms.katalon.core.main.TestCaseExecutor.doExecute(TestCaseExecutor.java:439)
	at com.kms.katalon.core.main.TestCaseExecutor.processExecutionPhase(TestCaseExecutor.java:418)
	at com.kms.katalon.core.main.TestCaseExecutor.accessMainPhase(TestCaseExecutor.java:410)
	at com.kms.katalon.core.main.TestCaseExecutor.execute(TestCaseExecutor.java:285)
	at com.kms.katalon.core.common.CommonExecutor.accessTestCaseMainPhase(CommonExecutor.java:65)
	at com.kms.katalon.core.main.TestSuiteExecutor.accessTestSuiteMainPhase(TestSuiteExecutor.java:148)
	at com.kms.katalon.core.main.TestSuiteExecutor.execute(TestSuiteExecutor.java:106)
	at com.kms.katalon.core.main.TestCaseMain.startTestSuite(TestCaseMain.java:187)
	at com.kms.katalon.core.main.TestCaseMain$startTestSuite$0.call(Unknown Source)
	at TempTestSuite1696305328923.run(TempTestSuite1696305328923.groovy:36)
"/>
         <system-out><![CDATA[2023-10-03 11:01:20 - [TEST_CASE][FAILED] - Test Cases/M05 -Edit Sosial Media/TC-ESMF-005: Test Cases/M05 -Edit Sosial Media/TC-ESMF-005 FAILED.
Reason:
Assertion failed: 

assert validationMessage == 'please input username not exceed 50 character'
       |                 |
       null              false

	at TC-ESMF-005.run(TC-ESMF-005:41)
	at com.kms.katalon.core.main.ScriptEngine.run(ScriptEngine.java:194)
	at com.kms.katalon.core.main.ScriptEngine.runScriptAsRawText(ScriptEngine.java:119)
	at com.kms.katalon.core.main.TestCaseExecutor.runScript(TestCaseExecutor.java:448)
	at com.kms.katalon.core.main.TestCaseExecutor.doExecute(TestCaseExecutor.java:439)
	at com.kms.katalon.core.main.TestCaseExecutor.processExecutionPhase(TestCaseExecutor.java:418)
	at com.kms.katalon.core.main.TestCaseExecutor.accessMainPhase(TestCaseExecutor.java:410)
	at com.kms.katalon.core.main.TestCaseExecutor.execute(TestCaseExecutor.java:285)
	at com.kms.katalon.core.common.CommonExecutor.accessTestCaseMainPhase(CommonExecutor.java:65)
	at com.kms.katalon.core.main.TestSuiteExecutor.accessTestSuiteMainPhase(TestSuiteExecutor.java:148)
	at com.kms.katalon.core.main.TestSuiteExecutor.execute(TestSuiteExecutor.java:106)
	at com.kms.katalon.core.main.TestCaseMain.startTestSuite(TestCaseMain.java:187)
	at com.kms.katalon.core.main.TestCaseMain$startTestSuite$0.call(Unknown Source)
	at TempTestSuite1696305328923.run(TempTestSuite1696305328923.groovy:36)


2023-10-03 11:01:22 - [TEST_STEP][PASSED] - callTestCase(findTestCase("M05 -Edit Sosial Media/TC-LS-001"), [:], STOP_ON_FAILURE): Call Test Case 'Test Cases/M05 -Edit Sosial Media/TC-LS-001' successfully

2023-10-03 11:01:22 - [TEST_CASE][PASSED] - Test Cases/M05 -Edit Sosial Media/TC-LS-001: Test Cases/M05 -Edit Sosial Media/TC-LS-001

2023-10-03 11:01:22 - [TEST_STEP][PASSED] - openBrowser(urlWeb): Browser is opened with url: 'https://10.9.2.63/ecommerce/'

2023-10-03 11:01:22 - [MESSAGE][WARNING] - A browser is already opened. Closing browser and opening a new one

2023-10-03 11:01:24 - [MESSAGE][INFO] - Starting 'Firefox' driver

2023-10-03 11:01:24 - [MESSAGE][INFO] - Action delay is set to 0 milliseconds

2023-10-03 11:01:33 - [MESSAGE][PASSED] - Browser is opened with url: 'https://10.9.2.63/ecommerce/'

2023-10-03 11:01:33 - [TEST_STEP][PASSED] - maximizeWindow(): Current window maximized

2023-10-03 11:01:33 - [MESSAGE][PASSED] - Current window maximized

2023-10-03 11:01:33 - [TEST_STEP][PASSED] - click(findTestObject("Login/a_Login")): Object: 'Object Repository/Login/a_Login' is clicked on

2023-10-03 11:01:34 - [MESSAGE][PASSED] - Object: 'Object Repository/Login/a_Login' is clicked on

2023-10-03 11:01:34 - [TEST_STEP][PASSED] - setText(findTestObject("Login/input_Username, Email atau No. Handphone_a"), "runa36"): Text 'runa36' is set on object 'Object Repository/Login/input_Username, Email atau No. Handphone_a'

2023-10-03 11:01:35 - [MESSAGE][PASSED] - Text 'runa36' is set on object 'Object Repository/Login/input_Username, Email atau No. Handphone_a'

2023-10-03 11:01:35 - [TEST_STEP][PASSED] - setEncryptedText(findTestObject("Login/input_Password di Login(Masuk)"), "qbkrdMwyWE4="): Text ****** has been set on object 'Object Repository/Login/input_Password di Login(Masuk)'

2023-10-03 11:01:36 - [MESSAGE][PASSED] - Text ****** has been set on object 'Object Repository/Login/input_Password di Login(Masuk)'

2023-10-03 11:01:36 - [TEST_STEP][PASSED] - click(findTestObject("Login/button_Masuk di halaman login")): Object: 'Object Repository/Login/button_Masuk di halaman login' is clicked on

2023-10-03 11:01:38 - [MESSAGE][PASSED] - Object: 'Object Repository/Login/button_Masuk di halaman login' is clicked on

2023-10-03 11:01:38 - [TEST_STEP][PASSED] - verifyElementPresent(findTestObject("edit sosial media/verifikasi masuk halaman biodata diri"), 0): Object 'Object Repository/edit sosial media/verifikasi masuk halaman biodata diri' is present

2023-10-03 11:01:38 - [MESSAGE][WARNING] - Timeout '0' is invalid. Using default page load timeout: '30'

2023-10-03 11:01:39 - [MESSAGE][PASSED] - Object 'Object Repository/edit sosial media/verifikasi masuk halaman biodata diri' is present

2023-10-03 11:01:39 - [MESSAGE][PASSED] - Call Test Case 'Test Cases/M05 -Edit Sosial Media/TC-LS-001' successfully

2023-10-03 11:01:39 - [TEST_STEP][PASSED] - click(findTestObject("edit sosial media/a_Sosmed")): Object: 'Object Repository/edit sosial media/a_Sosmed' is clicked on

2023-10-03 11:01:41 - [MESSAGE][PASSED] - Object: 'Object Repository/edit sosial media/a_Sosmed' is clicked on

2023-10-03 11:01:41 - [TEST_STEP][PASSED] - click(findTestObject("edit sosial media/Edit Sosial Media")): Object: 'Object Repository/edit sosial media/Edit Sosial Media' is clicked on

2023-10-03 11:01:42 - [MESSAGE][PASSED] - Object: 'Object Repository/edit sosial media/Edit Sosial Media' is clicked on

2023-10-03 11:01:42 - [TEST_STEP][PASSED] - clearText(findTestObject("edit sosial media/input_Instagram_c")): Text of object 'Object Repository/edit sosial media/input_Instagram_c' is cleared

2023-10-03 11:01:43 - [MESSAGE][PASSED] - Text of object 'Object Repository/edit sosial media/input_Instagram_c' is cleared

2023-10-03 11:01:43 - [TEST_STEP][PASSED] - setText(findTestObject("edit sosial media/input_Instagram_c"), Instagram): Text 'AkulahCintaDiLangitPrudenceLovelyPrincessOfAwanampwnw' is set on object 'Object Repository/edit sosial media/input_Instagram_c'

2023-10-03 11:01:44 - [MESSAGE][PASSED] - Text 'AkulahCintaDiLangitPrudenceLovelyPrincessOfAwanampwnw' is set on object 'Object Repository/edit sosial media/input_Instagram_c'

2023-10-03 11:01:44 - [TEST_STEP][PASSED] - click(findTestObject("edit sosial media/center_Simpan Sosial Media")): Object: 'Object Repository/edit sosial media/center_Simpan Sosial Media' is clicked on

2023-10-03 11:01:46 - [MESSAGE][PASSED] - Object: 'Object Repository/edit sosial media/center_Simpan Sosial Media' is clicked on

2023-10-03 11:01:46 - [TEST_STEP][PASSED] - webDriver = getWebDriver(): null

2023-10-03 11:01:46 - [TEST_STEP][PASSED] - field_insta = webDriver.findElement(By.xpath("(.//*[normalize-space(text()) and normalize-space(.)="Instagram"])[1]/following::div[1]")): null

2023-10-03 11:01:47 - [TEST_STEP][PASSED] - validationMessage = executeJavaScript("return arguments[0].validationMessage;", Arrays.asList(field_insta)): Execute JavaScript 'return arguments[0].validationMessage;' successfully

2023-10-03 11:01:47 - [MESSAGE][PASSED] - Execute JavaScript 'return arguments[0].validationMessage;' successfully

2023-10-03 11:01:47 - [TEST_STEP][FAILED] - assert validationMessage == "please input username not exceed 50 character": Test Cases/M05 -Edit Sosial Media/TC-ESMF-005 FAILED.
Reason:
Assertion failed: 

assert validationMessage == 'please input username not exceed 50 character'
       |                 |
       null              false

	at TC-ESMF-005.run(TC-ESMF-005:41)
	at com.kms.katalon.core.main.ScriptEngine.run(ScriptEngine.java:194)
	at com.kms.katalon.core.main.ScriptEngine.runScriptAsRawText(ScriptEngine.java:119)
	at com.kms.katalon.core.main.TestCaseExecutor.runScript(TestCaseExecutor.java:448)
	at com.kms.katalon.core.main.TestCaseExecutor.doExecute(TestCaseExecutor.java:439)
	at com.kms.katalon.core.main.TestCaseExecutor.processExecutionPhase(TestCaseExecutor.java:418)
	at com.kms.katalon.core.main.TestCaseExecutor.accessMainPhase(TestCaseExecutor.java:410)
	at com.kms.katalon.core.main.TestCaseExecutor.execute(TestCaseExecutor.java:285)
	at com.kms.katalon.core.common.CommonExecutor.accessTestCaseMainPhase(CommonExecutor.java:65)
	at com.kms.katalon.core.main.TestSuiteExecutor.accessTestSuiteMainPhase(TestSuiteExecutor.java:148)
	at com.kms.katalon.core.main.TestSuiteExecutor.execute(TestSuiteExecutor.java:106)
	at com.kms.katalon.core.main.TestCaseMain.startTestSuite(TestCaseMain.java:187)
	at com.kms.katalon.core.main.TestCaseMain$startTestSuite$0.call(Unknown Source)
	at TempTestSuite1696305328923.run(TempTestSuite1696305328923.groovy:36)


2023-10-03 11:01:47 - [MESSAGE][FAILED] - Test Cases/M05 -Edit Sosial Media/TC-ESMF-005 FAILED.
Reason:
Assertion failed: 

assert validationMessage == 'please input username not exceed 50 character'
       |                 |
       null              false

	at TC-ESMF-005.run(TC-ESMF-005:41)
	at com.kms.katalon.core.main.ScriptEngine.run(ScriptEngine.java:194)
	at com.kms.katalon.core.main.ScriptEngine.runScriptAsRawText(ScriptEngine.java:119)
	at com.kms.katalon.core.main.TestCaseExecutor.runScript(TestCaseExecutor.java:448)
	at com.kms.katalon.core.main.TestCaseExecutor.doExecute(TestCaseExecutor.java:439)
	at com.kms.katalon.core.main.TestCaseExecutor.processExecutionPhase(TestCaseExecutor.java:418)
	at com.kms.katalon.core.main.TestCaseExecutor.accessMainPhase(TestCaseExecutor.java:410)
	at com.kms.katalon.core.main.TestCaseExecutor.execute(TestCaseExecutor.java:285)
	at com.kms.katalon.core.common.CommonExecutor.accessTestCaseMainPhase(CommonExecutor.java:65)
	at com.kms.katalon.core.main.TestSuiteExecutor.accessTestSuiteMainPhase(TestSuiteExecutor.java:148)
	at com.kms.katalon.core.main.TestSuiteExecutor.execute(TestSuiteExecutor.java:106)
	at com.kms.katalon.core.main.TestCaseMain.startTestSuite(TestCaseMain.java:187)
	at com.kms.katalon.core.main.TestCaseMain$startTestSuite$0.call(Unknown Source)
	at TempTestSuite1696305328923.run(TempTestSuite1696305328923.groovy:36)]]></system-out>
         <system-err><![CDATA[2023-10-03 11:01:20 - [TEST_CASE][FAILED] - Test Cases/M05 -Edit Sosial Media/TC-ESMF-005: Test Cases/M05 -Edit Sosial Media/TC-ESMF-005 FAILED.
Reason:
Assertion failed: 

assert validationMessage == 'please input username not exceed 50 character'
       |                 |
       null              false

	at TC-ESMF-005.run(TC-ESMF-005:41)
	at com.kms.katalon.core.main.ScriptEngine.run(ScriptEngine.java:194)
	at com.kms.katalon.core.main.ScriptEngine.runScriptAsRawText(ScriptEngine.java:119)
	at com.kms.katalon.core.main.TestCaseExecutor.runScript(TestCaseExecutor.java:448)
	at com.kms.katalon.core.main.TestCaseExecutor.doExecute(TestCaseExecutor.java:439)
	at com.kms.katalon.core.main.TestCaseExecutor.processExecutionPhase(TestCaseExecutor.java:418)
	at com.kms.katalon.core.main.TestCaseExecutor.accessMainPhase(TestCaseExecutor.java:410)
	at com.kms.katalon.core.main.TestCaseExecutor.execute(TestCaseExecutor.java:285)
	at com.kms.katalon.core.common.CommonExecutor.accessTestCaseMainPhase(CommonExecutor.java:65)
	at com.kms.katalon.core.main.TestSuiteExecutor.accessTestSuiteMainPhase(TestSuiteExecutor.java:148)
	at com.kms.katalon.core.main.TestSuiteExecutor.execute(TestSuiteExecutor.java:106)
	at com.kms.katalon.core.main.TestCaseMain.startTestSuite(TestCaseMain.java:187)
	at com.kms.katalon.core.main.TestCaseMain$startTestSuite$0.call(Unknown Source)
	at TempTestSuite1696305328923.run(TempTestSuite1696305328923.groovy:36)]]></system-err>
      </testcase>
      <testcase name="Test Cases/M05 -Edit Sosial Media/TC-ESMF-006" time="26.763" classname="Test Cases/M05 -Edit Sosial Media/TC-ESMF-006" status="FAILED">
         <failure type="FAILED" message="Test Cases/M05 -Edit Sosial Media/TC-ESMF-006 FAILED.
Reason:
Assertion failed: 

assert error_message == 'Please include an \'+\' at the first place username'
       |             |
       null          false

	at TC-ESMF-006.run(TC-ESMF-006:44)
	at com.kms.katalon.core.main.ScriptEngine.run(ScriptEngine.java:194)
	at com.kms.katalon.core.main.ScriptEngine.runScriptAsRawText(ScriptEngine.java:119)
	at com.kms.katalon.core.main.TestCaseExecutor.runScript(TestCaseExecutor.java:448)
	at com.kms.katalon.core.main.TestCaseExecutor.doExecute(TestCaseExecutor.java:439)
	at com.kms.katalon.core.main.TestCaseExecutor.processExecutionPhase(TestCaseExecutor.java:418)
	at com.kms.katalon.core.main.TestCaseExecutor.accessMainPhase(TestCaseExecutor.java:410)
	at com.kms.katalon.core.main.TestCaseExecutor.execute(TestCaseExecutor.java:285)
	at com.kms.katalon.core.common.CommonExecutor.accessTestCaseMainPhase(CommonExecutor.java:65)
	at com.kms.katalon.core.main.TestSuiteExecutor.accessTestSuiteMainPhase(TestSuiteExecutor.java:148)
	at com.kms.katalon.core.main.TestSuiteExecutor.execute(TestSuiteExecutor.java:106)
	at com.kms.katalon.core.main.TestCaseMain.startTestSuite(TestCaseMain.java:187)
	at com.kms.katalon.core.main.TestCaseMain$startTestSuite$0.call(Unknown Source)
	at TempTestSuite1696305328923.run(TempTestSuite1696305328923.groovy:36)
"/>
         <system-out><![CDATA[2023-10-03 11:01:47 - [TEST_CASE][FAILED] - Test Cases/M05 -Edit Sosial Media/TC-ESMF-006: Test Cases/M05 -Edit Sosial Media/TC-ESMF-006 FAILED.
Reason:
Assertion failed: 

assert error_message == 'Please include an \'+\' at the first place username'
       |             |
       null          false

	at TC-ESMF-006.run(TC-ESMF-006:44)
	at com.kms.katalon.core.main.ScriptEngine.run(ScriptEngine.java:194)
	at com.kms.katalon.core.main.ScriptEngine.runScriptAsRawText(ScriptEngine.java:119)
	at com.kms.katalon.core.main.TestCaseExecutor.runScript(TestCaseExecutor.java:448)
	at com.kms.katalon.core.main.TestCaseExecutor.doExecute(TestCaseExecutor.java:439)
	at com.kms.katalon.core.main.TestCaseExecutor.processExecutionPhase(TestCaseExecutor.java:418)
	at com.kms.katalon.core.main.TestCaseExecutor.accessMainPhase(TestCaseExecutor.java:410)
	at com.kms.katalon.core.main.TestCaseExecutor.execute(TestCaseExecutor.java:285)
	at com.kms.katalon.core.common.CommonExecutor.accessTestCaseMainPhase(CommonExecutor.java:65)
	at com.kms.katalon.core.main.TestSuiteExecutor.accessTestSuiteMainPhase(TestSuiteExecutor.java:148)
	at com.kms.katalon.core.main.TestSuiteExecutor.execute(TestSuiteExecutor.java:106)
	at com.kms.katalon.core.main.TestCaseMain.startTestSuite(TestCaseMain.java:187)
	at com.kms.katalon.core.main.TestCaseMain$startTestSuite$0.call(Unknown Source)
	at TempTestSuite1696305328923.run(TempTestSuite1696305328923.groovy:36)


2023-10-03 11:01:49 - [TEST_STEP][PASSED] - callTestCase(findTestCase("M05 -Edit Sosial Media/TC-LS-001"), [:], STOP_ON_FAILURE): Call Test Case 'Test Cases/M05 -Edit Sosial Media/TC-LS-001' successfully

2023-10-03 11:01:49 - [TEST_CASE][PASSED] - Test Cases/M05 -Edit Sosial Media/TC-LS-001: Test Cases/M05 -Edit Sosial Media/TC-LS-001

2023-10-03 11:01:49 - [TEST_STEP][PASSED] - openBrowser(urlWeb): Browser is opened with url: 'https://10.9.2.63/ecommerce/'

2023-10-03 11:01:49 - [MESSAGE][WARNING] - A browser is already opened. Closing browser and opening a new one

2023-10-03 11:01:51 - [MESSAGE][INFO] - Starting 'Firefox' driver

2023-10-03 11:01:51 - [MESSAGE][INFO] - Action delay is set to 0 milliseconds

2023-10-03 11:02:01 - [MESSAGE][PASSED] - Browser is opened with url: 'https://10.9.2.63/ecommerce/'

2023-10-03 11:02:01 - [TEST_STEP][PASSED] - maximizeWindow(): Current window maximized

2023-10-03 11:02:01 - [MESSAGE][PASSED] - Current window maximized

2023-10-03 11:02:01 - [TEST_STEP][PASSED] - click(findTestObject("Login/a_Login")): Object: 'Object Repository/Login/a_Login' is clicked on

2023-10-03 11:02:02 - [MESSAGE][PASSED] - Object: 'Object Repository/Login/a_Login' is clicked on

2023-10-03 11:02:02 - [TEST_STEP][PASSED] - setText(findTestObject("Login/input_Username, Email atau No. Handphone_a"), "runa36"): Text 'runa36' is set on object 'Object Repository/Login/input_Username, Email atau No. Handphone_a'

2023-10-03 11:02:03 - [MESSAGE][PASSED] - Text 'runa36' is set on object 'Object Repository/Login/input_Username, Email atau No. Handphone_a'

2023-10-03 11:02:03 - [TEST_STEP][PASSED] - setEncryptedText(findTestObject("Login/input_Password di Login(Masuk)"), "qbkrdMwyWE4="): Text ****** has been set on object 'Object Repository/Login/input_Password di Login(Masuk)'

2023-10-03 11:02:04 - [MESSAGE][PASSED] - Text ****** has been set on object 'Object Repository/Login/input_Password di Login(Masuk)'

2023-10-03 11:02:04 - [TEST_STEP][PASSED] - click(findTestObject("Login/button_Masuk di halaman login")): Object: 'Object Repository/Login/button_Masuk di halaman login' is clicked on

2023-10-03 11:02:06 - [MESSAGE][PASSED] - Object: 'Object Repository/Login/button_Masuk di halaman login' is clicked on

2023-10-03 11:02:06 - [TEST_STEP][PASSED] - verifyElementPresent(findTestObject("edit sosial media/verifikasi masuk halaman biodata diri"), 0): Object 'Object Repository/edit sosial media/verifikasi masuk halaman biodata diri' is present

2023-10-03 11:02:06 - [MESSAGE][WARNING] - Timeout '0' is invalid. Using default page load timeout: '30'

2023-10-03 11:02:06 - [MESSAGE][PASSED] - Object 'Object Repository/edit sosial media/verifikasi masuk halaman biodata diri' is present

2023-10-03 11:02:06 - [MESSAGE][PASSED] - Call Test Case 'Test Cases/M05 -Edit Sosial Media/TC-LS-001' successfully

2023-10-03 11:02:06 - [TEST_STEP][PASSED] - click(findTestObject("edit sosial media/a_Sosmed")): Object: 'Object Repository/edit sosial media/a_Sosmed' is clicked on

2023-10-03 11:02:08 - [MESSAGE][PASSED] - Object: 'Object Repository/edit sosial media/a_Sosmed' is clicked on

2023-10-03 11:02:08 - [TEST_STEP][PASSED] - click(findTestObject("edit sosial media/Edit Sosial Media")): Object: 'Object Repository/edit sosial media/Edit Sosial Media' is clicked on

2023-10-03 11:02:10 - [MESSAGE][PASSED] - Object: 'Object Repository/edit sosial media/Edit Sosial Media' is clicked on

2023-10-03 11:02:10 - [TEST_STEP][PASSED] - clearText(findTestObject("edit sosial media/input_Google_h")): Text of object 'Object Repository/edit sosial media/input_Google_h' is cleared

2023-10-03 11:02:10 - [MESSAGE][PASSED] - Text of object 'Object Repository/edit sosial media/input_Google_h' is cleared

2023-10-03 11:02:10 - [TEST_STEP][PASSED] - setText(findTestObject("edit sosial media/input_Google_h"), Google): Text 'Runaya' is set on object 'Object Repository/edit sosial media/input_Google_h'

2023-10-03 11:02:11 - [MESSAGE][PASSED] - Text 'Runaya' is set on object 'Object Repository/edit sosial media/input_Google_h'

2023-10-03 11:02:11 - [TEST_STEP][PASSED] - click(findTestObject("edit sosial media/center_Simpan Sosial Media")): Object: 'Object Repository/edit sosial media/center_Simpan Sosial Media' is clicked on

2023-10-03 11:02:13 - [MESSAGE][PASSED] - Object: 'Object Repository/edit sosial media/center_Simpan Sosial Media' is clicked on

2023-10-03 11:02:13 - [TEST_STEP][PASSED] - webDriver = getWebDriver(): null

2023-10-03 11:02:13 - [TEST_STEP][PASSED] - field_google = webDriver.findElement(By.xpath("(.//*[normalize-space(text()) and normalize-space(.)="Google+"])[1]/following::div[1]")): null

2023-10-03 11:02:14 - [TEST_STEP][PASSED] - error_message = webDriver.executeScript("return arguments[0].validationMessage", field_google): null

2023-10-03 11:02:14 - [TEST_STEP][PASSED] - println(error_message): null

2023-10-03 11:02:14 - [TEST_STEP][FAILED] - assert error_message == "Please include an '+' at the first place username": Test Cases/M05 -Edit Sosial Media/TC-ESMF-006 FAILED.
Reason:
Assertion failed: 

assert error_message == 'Please include an \'+\' at the first place username'
       |             |
       null          false

	at TC-ESMF-006.run(TC-ESMF-006:44)
	at com.kms.katalon.core.main.ScriptEngine.run(ScriptEngine.java:194)
	at com.kms.katalon.core.main.ScriptEngine.runScriptAsRawText(ScriptEngine.java:119)
	at com.kms.katalon.core.main.TestCaseExecutor.runScript(TestCaseExecutor.java:448)
	at com.kms.katalon.core.main.TestCaseExecutor.doExecute(TestCaseExecutor.java:439)
	at com.kms.katalon.core.main.TestCaseExecutor.processExecutionPhase(TestCaseExecutor.java:418)
	at com.kms.katalon.core.main.TestCaseExecutor.accessMainPhase(TestCaseExecutor.java:410)
	at com.kms.katalon.core.main.TestCaseExecutor.execute(TestCaseExecutor.java:285)
	at com.kms.katalon.core.common.CommonExecutor.accessTestCaseMainPhase(CommonExecutor.java:65)
	at com.kms.katalon.core.main.TestSuiteExecutor.accessTestSuiteMainPhase(TestSuiteExecutor.java:148)
	at com.kms.katalon.core.main.TestSuiteExecutor.execute(TestSuiteExecutor.java:106)
	at com.kms.katalon.core.main.TestCaseMain.startTestSuite(TestCaseMain.java:187)
	at com.kms.katalon.core.main.TestCaseMain$startTestSuite$0.call(Unknown Source)
	at TempTestSuite1696305328923.run(TempTestSuite1696305328923.groovy:36)


2023-10-03 11:02:14 - [MESSAGE][FAILED] - Test Cases/M05 -Edit Sosial Media/TC-ESMF-006 FAILED.
Reason:
Assertion failed: 

assert error_message == 'Please include an \'+\' at the first place username'
       |             |
       null          false

	at TC-ESMF-006.run(TC-ESMF-006:44)
	at com.kms.katalon.core.main.ScriptEngine.run(ScriptEngine.java:194)
	at com.kms.katalon.core.main.ScriptEngine.runScriptAsRawText(ScriptEngine.java:119)
	at com.kms.katalon.core.main.TestCaseExecutor.runScript(TestCaseExecutor.java:448)
	at com.kms.katalon.core.main.TestCaseExecutor.doExecute(TestCaseExecutor.java:439)
	at com.kms.katalon.core.main.TestCaseExecutor.processExecutionPhase(TestCaseExecutor.java:418)
	at com.kms.katalon.core.main.TestCaseExecutor.accessMainPhase(TestCaseExecutor.java:410)
	at com.kms.katalon.core.main.TestCaseExecutor.execute(TestCaseExecutor.java:285)
	at com.kms.katalon.core.common.CommonExecutor.accessTestCaseMainPhase(CommonExecutor.java:65)
	at com.kms.katalon.core.main.TestSuiteExecutor.accessTestSuiteMainPhase(TestSuiteExecutor.java:148)
	at com.kms.katalon.core.main.TestSuiteExecutor.execute(TestSuiteExecutor.java:106)
	at com.kms.katalon.core.main.TestCaseMain.startTestSuite(TestCaseMain.java:187)
	at com.kms.katalon.core.main.TestCaseMain$startTestSuite$0.call(Unknown Source)
	at TempTestSuite1696305328923.run(TempTestSuite1696305328923.groovy:36)]]></system-out>
         <system-err><![CDATA[2023-10-03 11:01:47 - [TEST_CASE][FAILED] - Test Cases/M05 -Edit Sosial Media/TC-ESMF-006: Test Cases/M05 -Edit Sosial Media/TC-ESMF-006 FAILED.
Reason:
Assertion failed: 

assert error_message == 'Please include an \'+\' at the first place username'
       |             |
       null          false

	at TC-ESMF-006.run(TC-ESMF-006:44)
	at com.kms.katalon.core.main.ScriptEngine.run(ScriptEngine.java:194)
	at com.kms.katalon.core.main.ScriptEngine.runScriptAsRawText(ScriptEngine.java:119)
	at com.kms.katalon.core.main.TestCaseExecutor.runScript(TestCaseExecutor.java:448)
	at com.kms.katalon.core.main.TestCaseExecutor.doExecute(TestCaseExecutor.java:439)
	at com.kms.katalon.core.main.TestCaseExecutor.processExecutionPhase(TestCaseExecutor.java:418)
	at com.kms.katalon.core.main.TestCaseExecutor.accessMainPhase(TestCaseExecutor.java:410)
	at com.kms.katalon.core.main.TestCaseExecutor.execute(TestCaseExecutor.java:285)
	at com.kms.katalon.core.common.CommonExecutor.accessTestCaseMainPhase(CommonExecutor.java:65)
	at com.kms.katalon.core.main.TestSuiteExecutor.accessTestSuiteMainPhase(TestSuiteExecutor.java:148)
	at com.kms.katalon.core.main.TestSuiteExecutor.execute(TestSuiteExecutor.java:106)
	at com.kms.katalon.core.main.TestCaseMain.startTestSuite(TestCaseMain.java:187)
	at com.kms.katalon.core.main.TestCaseMain$startTestSuite$0.call(Unknown Source)
	at TempTestSuite1696305328923.run(TempTestSuite1696305328923.groovy:36)]]></system-err>
      </testcase>
      <testcase name="Test Cases/M05 -Edit Sosial Media/TC-ESMF-007" time="23.709" classname="Test Cases/M05 -Edit Sosial Media/TC-ESMF-007" status="FAILED">
         <failure type="FAILED" message="Test Cases/M05 -Edit Sosial Media/TC-ESMF-007 FAILED.
Reason:
Assertion failed: 

assert error_message == 'Please input an valid phone number'
       |             |
       null          false

	at TC-ESMF-007.run(TC-ESMF-007:45)
	at com.kms.katalon.core.main.ScriptEngine.run(ScriptEngine.java:194)
	at com.kms.katalon.core.main.ScriptEngine.runScriptAsRawText(ScriptEngine.java:119)
	at com.kms.katalon.core.main.TestCaseExecutor.runScript(TestCaseExecutor.java:448)
	at com.kms.katalon.core.main.TestCaseExecutor.doExecute(TestCaseExecutor.java:439)
	at com.kms.katalon.core.main.TestCaseExecutor.processExecutionPhase(TestCaseExecutor.java:418)
	at com.kms.katalon.core.main.TestCaseExecutor.accessMainPhase(TestCaseExecutor.java:410)
	at com.kms.katalon.core.main.TestCaseExecutor.execute(TestCaseExecutor.java:285)
	at com.kms.katalon.core.common.CommonExecutor.accessTestCaseMainPhase(CommonExecutor.java:65)
	at com.kms.katalon.core.main.TestSuiteExecutor.accessTestSuiteMainPhase(TestSuiteExecutor.java:148)
	at com.kms.katalon.core.main.TestSuiteExecutor.execute(TestSuiteExecutor.java:106)
	at com.kms.katalon.core.main.TestCaseMain.startTestSuite(TestCaseMain.java:187)
	at com.kms.katalon.core.main.TestCaseMain$startTestSuite$0.call(Unknown Source)
	at TempTestSuite1696305328923.run(TempTestSuite1696305328923.groovy:36)
"/>
         <system-out><![CDATA[2023-10-03 11:02:14 - [TEST_CASE][FAILED] - Test Cases/M05 -Edit Sosial Media/TC-ESMF-007: Test Cases/M05 -Edit Sosial Media/TC-ESMF-007 FAILED.
Reason:
Assertion failed: 

assert error_message == 'Please input an valid phone number'
       |             |
       null          false

	at TC-ESMF-007.run(TC-ESMF-007:45)
	at com.kms.katalon.core.main.ScriptEngine.run(ScriptEngine.java:194)
	at com.kms.katalon.core.main.ScriptEngine.runScriptAsRawText(ScriptEngine.java:119)
	at com.kms.katalon.core.main.TestCaseExecutor.runScript(TestCaseExecutor.java:448)
	at com.kms.katalon.core.main.TestCaseExecutor.doExecute(TestCaseExecutor.java:439)
	at com.kms.katalon.core.main.TestCaseExecutor.processExecutionPhase(TestCaseExecutor.java:418)
	at com.kms.katalon.core.main.TestCaseExecutor.accessMainPhase(TestCaseExecutor.java:410)
	at com.kms.katalon.core.main.TestCaseExecutor.execute(TestCaseExecutor.java:285)
	at com.kms.katalon.core.common.CommonExecutor.accessTestCaseMainPhase(CommonExecutor.java:65)
	at com.kms.katalon.core.main.TestSuiteExecutor.accessTestSuiteMainPhase(TestSuiteExecutor.java:148)
	at com.kms.katalon.core.main.TestSuiteExecutor.execute(TestSuiteExecutor.java:106)
	at com.kms.katalon.core.main.TestCaseMain.startTestSuite(TestCaseMain.java:187)
	at com.kms.katalon.core.main.TestCaseMain$startTestSuite$0.call(Unknown Source)
	at TempTestSuite1696305328923.run(TempTestSuite1696305328923.groovy:36)


2023-10-03 11:02:15 - [TEST_STEP][PASSED] - callTestCase(findTestCase("M05 -Edit Sosial Media/TC-LS-001"), [:], STOP_ON_FAILURE): Call Test Case 'Test Cases/M05 -Edit Sosial Media/TC-LS-001' successfully

2023-10-03 11:02:15 - [TEST_CASE][PASSED] - Test Cases/M05 -Edit Sosial Media/TC-LS-001: Test Cases/M05 -Edit Sosial Media/TC-LS-001

2023-10-03 11:02:15 - [TEST_STEP][PASSED] - openBrowser(urlWeb): Browser is opened with url: 'https://10.9.2.63/ecommerce/'

2023-10-03 11:02:15 - [MESSAGE][WARNING] - A browser is already opened. Closing browser and opening a new one

2023-10-03 11:02:17 - [MESSAGE][INFO] - Starting 'Firefox' driver

2023-10-03 11:02:17 - [MESSAGE][INFO] - Action delay is set to 0 milliseconds

2023-10-03 11:02:26 - [MESSAGE][PASSED] - Browser is opened with url: 'https://10.9.2.63/ecommerce/'

2023-10-03 11:02:26 - [TEST_STEP][PASSED] - maximizeWindow(): Current window maximized

2023-10-03 11:02:26 - [MESSAGE][PASSED] - Current window maximized

2023-10-03 11:02:26 - [TEST_STEP][PASSED] - click(findTestObject("Login/a_Login")): Object: 'Object Repository/Login/a_Login' is clicked on

2023-10-03 11:02:27 - [MESSAGE][PASSED] - Object: 'Object Repository/Login/a_Login' is clicked on

2023-10-03 11:02:27 - [TEST_STEP][PASSED] - setText(findTestObject("Login/input_Username, Email atau No. Handphone_a"), "runa36"): Text 'runa36' is set on object 'Object Repository/Login/input_Username, Email atau No. Handphone_a'

2023-10-03 11:02:28 - [MESSAGE][PASSED] - Text 'runa36' is set on object 'Object Repository/Login/input_Username, Email atau No. Handphone_a'

2023-10-03 11:02:28 - [TEST_STEP][PASSED] - setEncryptedText(findTestObject("Login/input_Password di Login(Masuk)"), "qbkrdMwyWE4="): Text ****** has been set on object 'Object Repository/Login/input_Password di Login(Masuk)'

2023-10-03 11:02:28 - [MESSAGE][PASSED] - Text ****** has been set on object 'Object Repository/Login/input_Password di Login(Masuk)'

2023-10-03 11:02:28 - [TEST_STEP][PASSED] - click(findTestObject("Login/button_Masuk di halaman login")): Object: 'Object Repository/Login/button_Masuk di halaman login' is clicked on

2023-10-03 11:02:30 - [MESSAGE][PASSED] - Object: 'Object Repository/Login/button_Masuk di halaman login' is clicked on

2023-10-03 11:02:30 - [TEST_STEP][PASSED] - verifyElementPresent(findTestObject("edit sosial media/verifikasi masuk halaman biodata diri"), 0): Object 'Object Repository/edit sosial media/verifikasi masuk halaman biodata diri' is present

2023-10-03 11:02:30 - [MESSAGE][WARNING] - Timeout '0' is invalid. Using default page load timeout: '30'

2023-10-03 11:02:31 - [MESSAGE][PASSED] - Object 'Object Repository/edit sosial media/verifikasi masuk halaman biodata diri' is present

2023-10-03 11:02:31 - [MESSAGE][PASSED] - Call Test Case 'Test Cases/M05 -Edit Sosial Media/TC-LS-001' successfully

2023-10-03 11:02:31 - [TEST_STEP][PASSED] - click(findTestObject("edit sosial media/a_Sosmed")): Object: 'Object Repository/edit sosial media/a_Sosmed' is clicked on

2023-10-03 11:02:32 - [MESSAGE][PASSED] - Object: 'Object Repository/edit sosial media/a_Sosmed' is clicked on

2023-10-03 11:02:32 - [TEST_STEP][PASSED] - click(findTestObject("edit sosial media/Edit Sosial Media")): Object: 'Object Repository/edit sosial media/Edit Sosial Media' is clicked on

2023-10-03 11:02:34 - [MESSAGE][PASSED] - Object: 'Object Repository/edit sosial media/Edit Sosial Media' is clicked on

2023-10-03 11:02:34 - [TEST_STEP][PASSED] - clearText(findTestObject("edit sosial media/input_Whatsapp_d")): Text of object 'Object Repository/edit sosial media/input_Whatsapp_d' is cleared

2023-10-03 11:02:35 - [MESSAGE][PASSED] - Text of object 'Object Repository/edit sosial media/input_Whatsapp_d' is cleared

2023-10-03 11:02:35 - [TEST_STEP][PASSED] - setText(findTestObject("edit sosial media/input_Whatsapp_d"), Whatsapp): Text '085944999968' is set on object 'Object Repository/edit sosial media/input_Whatsapp_d'

2023-10-03 11:02:35 - [MESSAGE][PASSED] - Text '085944999968' is set on object 'Object Repository/edit sosial media/input_Whatsapp_d'

2023-10-03 11:02:35 - [TEST_STEP][PASSED] - click(findTestObject("edit sosial media/center_Simpan Sosial Media")): Object: 'Object Repository/edit sosial media/center_Simpan Sosial Media' is clicked on

2023-10-03 11:02:37 - [MESSAGE][PASSED] - Object: 'Object Repository/edit sosial media/center_Simpan Sosial Media' is clicked on

2023-10-03 11:02:37 - [TEST_STEP][PASSED] - webDriver = getWebDriver(): null

2023-10-03 11:02:37 - [TEST_STEP][PASSED] - field_wa = webDriver.findElement(By.xpath("(.//*[normalize-space(text()) and normalize-space(.)="Whatsapp"])[1]/following::div[1]")): null

2023-10-03 11:02:38 - [TEST_STEP][PASSED] - error_message = webDriver.executeScript("return arguments[0].validationMessage", field_wa): null

2023-10-03 11:02:38 - [TEST_STEP][PASSED] - println(error_message): null

2023-10-03 11:02:38 - [TEST_STEP][FAILED] - assert error_message == "Please input an valid phone number": Test Cases/M05 -Edit Sosial Media/TC-ESMF-007 FAILED.
Reason:
Assertion failed: 

assert error_message == 'Please input an valid phone number'
       |             |
       null          false

	at TC-ESMF-007.run(TC-ESMF-007:45)
	at com.kms.katalon.core.main.ScriptEngine.run(ScriptEngine.java:194)
	at com.kms.katalon.core.main.ScriptEngine.runScriptAsRawText(ScriptEngine.java:119)
	at com.kms.katalon.core.main.TestCaseExecutor.runScript(TestCaseExecutor.java:448)
	at com.kms.katalon.core.main.TestCaseExecutor.doExecute(TestCaseExecutor.java:439)
	at com.kms.katalon.core.main.TestCaseExecutor.processExecutionPhase(TestCaseExecutor.java:418)
	at com.kms.katalon.core.main.TestCaseExecutor.accessMainPhase(TestCaseExecutor.java:410)
	at com.kms.katalon.core.main.TestCaseExecutor.execute(TestCaseExecutor.java:285)
	at com.kms.katalon.core.common.CommonExecutor.accessTestCaseMainPhase(CommonExecutor.java:65)
	at com.kms.katalon.core.main.TestSuiteExecutor.accessTestSuiteMainPhase(TestSuiteExecutor.java:148)
	at com.kms.katalon.core.main.TestSuiteExecutor.execute(TestSuiteExecutor.java:106)
	at com.kms.katalon.core.main.TestCaseMain.startTestSuite(TestCaseMain.java:187)
	at com.kms.katalon.core.main.TestCaseMain$startTestSuite$0.call(Unknown Source)
	at TempTestSuite1696305328923.run(TempTestSuite1696305328923.groovy:36)


2023-10-03 11:02:38 - [MESSAGE][FAILED] - Test Cases/M05 -Edit Sosial Media/TC-ESMF-007 FAILED.
Reason:
Assertion failed: 

assert error_message == 'Please input an valid phone number'
       |             |
       null          false

	at TC-ESMF-007.run(TC-ESMF-007:45)
	at com.kms.katalon.core.main.ScriptEngine.run(ScriptEngine.java:194)
	at com.kms.katalon.core.main.ScriptEngine.runScriptAsRawText(ScriptEngine.java:119)
	at com.kms.katalon.core.main.TestCaseExecutor.runScript(TestCaseExecutor.java:448)
	at com.kms.katalon.core.main.TestCaseExecutor.doExecute(TestCaseExecutor.java:439)
	at com.kms.katalon.core.main.TestCaseExecutor.processExecutionPhase(TestCaseExecutor.java:418)
	at com.kms.katalon.core.main.TestCaseExecutor.accessMainPhase(TestCaseExecutor.java:410)
	at com.kms.katalon.core.main.TestCaseExecutor.execute(TestCaseExecutor.java:285)
	at com.kms.katalon.core.common.CommonExecutor.accessTestCaseMainPhase(CommonExecutor.java:65)
	at com.kms.katalon.core.main.TestSuiteExecutor.accessTestSuiteMainPhase(TestSuiteExecutor.java:148)
	at com.kms.katalon.core.main.TestSuiteExecutor.execute(TestSuiteExecutor.java:106)
	at com.kms.katalon.core.main.TestCaseMain.startTestSuite(TestCaseMain.java:187)
	at com.kms.katalon.core.main.TestCaseMain$startTestSuite$0.call(Unknown Source)
	at TempTestSuite1696305328923.run(TempTestSuite1696305328923.groovy:36)]]></system-out>
         <system-err><![CDATA[2023-10-03 11:02:14 - [TEST_CASE][FAILED] - Test Cases/M05 -Edit Sosial Media/TC-ESMF-007: Test Cases/M05 -Edit Sosial Media/TC-ESMF-007 FAILED.
Reason:
Assertion failed: 

assert error_message == 'Please input an valid phone number'
       |             |
       null          false

	at TC-ESMF-007.run(TC-ESMF-007:45)
	at com.kms.katalon.core.main.ScriptEngine.run(ScriptEngine.java:194)
	at com.kms.katalon.core.main.ScriptEngine.runScriptAsRawText(ScriptEngine.java:119)
	at com.kms.katalon.core.main.TestCaseExecutor.runScript(TestCaseExecutor.java:448)
	at com.kms.katalon.core.main.TestCaseExecutor.doExecute(TestCaseExecutor.java:439)
	at com.kms.katalon.core.main.TestCaseExecutor.processExecutionPhase(TestCaseExecutor.java:418)
	at com.kms.katalon.core.main.TestCaseExecutor.accessMainPhase(TestCaseExecutor.java:410)
	at com.kms.katalon.core.main.TestCaseExecutor.execute(TestCaseExecutor.java:285)
	at com.kms.katalon.core.common.CommonExecutor.accessTestCaseMainPhase(CommonExecutor.java:65)
	at com.kms.katalon.core.main.TestSuiteExecutor.accessTestSuiteMainPhase(TestSuiteExecutor.java:148)
	at com.kms.katalon.core.main.TestSuiteExecutor.execute(TestSuiteExecutor.java:106)
	at com.kms.katalon.core.main.TestCaseMain.startTestSuite(TestCaseMain.java:187)
	at com.kms.katalon.core.main.TestCaseMain$startTestSuite$0.call(Unknown Source)
	at TempTestSuite1696305328923.run(TempTestSuite1696305328923.groovy:36)]]></system-err>
      </testcase>
      <testcase name="Test Cases/M05 -Edit Sosial Media/TC-ESMF-008" time="28.912" classname="Test Cases/M05 -Edit Sosial Media/TC-ESMF-008" status="FAILED">
         <failure type="FAILED" message="Test Cases/M05 -Edit Sosial Media/TC-ESMF-008 FAILED.
Reason:
com.kms.katalon.core.exception.StepFailedException: Unable to verify text 'please input an valid number' is present 
	at com.kms.katalon.core.webui.keyword.internal.WebUIKeywordMain.stepFailed(WebUIKeywordMain.groovy:64)
	at com.kms.katalon.core.webui.keyword.internal.WebUIKeywordMain.runKeyword(WebUIKeywordMain.groovy:26)
	at com.kms.katalon.core.webui.keyword.builtin.VerifyTextPresentKeyword.verifyTextPresent(VerifyTextPresentKeyword.groovy:83)
	at com.kms.katalon.core.webui.keyword.builtin.VerifyTextPresentKeyword.execute(VerifyTextPresentKeyword.groovy:68)
	at com.kms.katalon.core.keyword.internal.KeywordExecutor.executeKeywordForPlatform(KeywordExecutor.groovy:74)
	at com.kms.katalon.core.webui.keyword.WebUiBuiltInKeywords.verifyTextPresent(WebUiBuiltInKeywords.groovy:1723)
	at com.kms.katalon.core.webui.keyword.WebUiBuiltInKeywords$verifyTextPresent$8.call(Unknown Source)
	at TC-ESMF-008.run(TC-ESMF-008:34)
	at com.kms.katalon.core.main.ScriptEngine.run(ScriptEngine.java:194)
	at com.kms.katalon.core.main.ScriptEngine.runScriptAsRawText(ScriptEngine.java:119)
	at com.kms.katalon.core.main.TestCaseExecutor.runScript(TestCaseExecutor.java:448)
	at com.kms.katalon.core.main.TestCaseExecutor.doExecute(TestCaseExecutor.java:439)
	at com.kms.katalon.core.main.TestCaseExecutor.processExecutionPhase(TestCaseExecutor.java:418)
	at com.kms.katalon.core.main.TestCaseExecutor.accessMainPhase(TestCaseExecutor.java:410)
	at com.kms.katalon.core.main.TestCaseExecutor.execute(TestCaseExecutor.java:285)
	at com.kms.katalon.core.common.CommonExecutor.accessTestCaseMainPhase(CommonExecutor.java:65)
	at com.kms.katalon.core.main.TestSuiteExecutor.accessTestSuiteMainPhase(TestSuiteExecutor.java:148)
	at com.kms.katalon.core.main.TestSuiteExecutor.execute(TestSuiteExecutor.java:106)
	at com.kms.katalon.core.main.TestCaseMain.startTestSuite(TestCaseMain.java:187)
	at com.kms.katalon.core.main.TestCaseMain$startTestSuite$0.call(Unknown Source)
	at TempTestSuite1696305328923.run(TempTestSuite1696305328923.groovy:36)
Caused by: com.kms.katalon.core.exception.StepFailedException: Text 'please input an valid number' is not present on page 
	at com.kms.katalon.core.webui.keyword.internal.WebUIKeywordMain.stepFailed(WebUIKeywordMain.groovy:64)
	at com.kms.katalon.core.webui.keyword.builtin.VerifyTextPresentKeyword$_verifyTextPresent_closure1.doCall(VerifyTextPresentKeyword.groovy:79)
	at com.kms.katalon.core.webui.keyword.builtin.VerifyTextPresentKeyword$_verifyTextPresent_closure1.call(VerifyTextPresentKeyword.groovy)
	at com.kms.katalon.core.webui.keyword.internal.WebUIKeywordMain.runKeyword(WebUIKeywordMain.groovy:20)
	... 19 more
"/>
         <system-out><![CDATA[2023-10-03 11:02:38 - [TEST_CASE][FAILED] - Test Cases/M05 -Edit Sosial Media/TC-ESMF-008: Test Cases/M05 -Edit Sosial Media/TC-ESMF-008 FAILED.
Reason:
com.kms.katalon.core.exception.StepFailedException: Unable to verify text 'please input an valid number' is present 
	at com.kms.katalon.core.webui.keyword.internal.WebUIKeywordMain.stepFailed(WebUIKeywordMain.groovy:64)
	at com.kms.katalon.core.webui.keyword.internal.WebUIKeywordMain.runKeyword(WebUIKeywordMain.groovy:26)
	at com.kms.katalon.core.webui.keyword.builtin.VerifyTextPresentKeyword.verifyTextPresent(VerifyTextPresentKeyword.groovy:83)
	at com.kms.katalon.core.webui.keyword.builtin.VerifyTextPresentKeyword.execute(VerifyTextPresentKeyword.groovy:68)
	at com.kms.katalon.core.keyword.internal.KeywordExecutor.executeKeywordForPlatform(KeywordExecutor.groovy:74)
	at com.kms.katalon.core.webui.keyword.WebUiBuiltInKeywords.verifyTextPresent(WebUiBuiltInKeywords.groovy:1723)
	at com.kms.katalon.core.webui.keyword.WebUiBuiltInKeywords$verifyTextPresent$8.call(Unknown Source)
	at TC-ESMF-008.run(TC-ESMF-008:34)
	at com.kms.katalon.core.main.ScriptEngine.run(ScriptEngine.java:194)
	at com.kms.katalon.core.main.ScriptEngine.runScriptAsRawText(ScriptEngine.java:119)
	at com.kms.katalon.core.main.TestCaseExecutor.runScript(TestCaseExecutor.java:448)
	at com.kms.katalon.core.main.TestCaseExecutor.doExecute(TestCaseExecutor.java:439)
	at com.kms.katalon.core.main.TestCaseExecutor.processExecutionPhase(TestCaseExecutor.java:418)
	at com.kms.katalon.core.main.TestCaseExecutor.accessMainPhase(TestCaseExecutor.java:410)
	at com.kms.katalon.core.main.TestCaseExecutor.execute(TestCaseExecutor.java:285)
	at com.kms.katalon.core.common.CommonExecutor.accessTestCaseMainPhase(CommonExecutor.java:65)
	at com.kms.katalon.core.main.TestSuiteExecutor.accessTestSuiteMainPhase(TestSuiteExecutor.java:148)
	at com.kms.katalon.core.main.TestSuiteExecutor.execute(TestSuiteExecutor.java:106)
	at com.kms.katalon.core.main.TestCaseMain.startTestSuite(TestCaseMain.java:187)
	at com.kms.katalon.core.main.TestCaseMain$startTestSuite$0.call(Unknown Source)
	at TempTestSuite1696305328923.run(TempTestSuite1696305328923.groovy:36)
Caused by: com.kms.katalon.core.exception.StepFailedException: Text 'please input an valid number' is not present on page 
	at com.kms.katalon.core.webui.keyword.internal.WebUIKeywordMain.stepFailed(WebUIKeywordMain.groovy:64)
	at com.kms.katalon.core.webui.keyword.builtin.VerifyTextPresentKeyword$_verifyTextPresent_closure1.doCall(VerifyTextPresentKeyword.groovy:79)
	at com.kms.katalon.core.webui.keyword.builtin.VerifyTextPresentKeyword$_verifyTextPresent_closure1.call(VerifyTextPresentKeyword.groovy)
	at com.kms.katalon.core.webui.keyword.internal.WebUIKeywordMain.runKeyword(WebUIKeywordMain.groovy:20)
	... 19 more


2023-10-03 11:02:39 - [TEST_STEP][PASSED] - callTestCase(findTestCase("M05 -Edit Sosial Media/TC-LS-001"), [:], STOP_ON_FAILURE): Call Test Case 'Test Cases/M05 -Edit Sosial Media/TC-LS-001' successfully

2023-10-03 11:02:39 - [TEST_CASE][PASSED] - Test Cases/M05 -Edit Sosial Media/TC-LS-001: Test Cases/M05 -Edit Sosial Media/TC-LS-001

2023-10-03 11:02:39 - [TEST_STEP][PASSED] - openBrowser(urlWeb): Browser is opened with url: 'https://10.9.2.63/ecommerce/'

2023-10-03 11:02:39 - [MESSAGE][WARNING] - A browser is already opened. Closing browser and opening a new one

2023-10-03 11:02:41 - [MESSAGE][INFO] - Starting 'Firefox' driver

2023-10-03 11:02:41 - [MESSAGE][INFO] - Action delay is set to 0 milliseconds

2023-10-03 11:02:52 - [MESSAGE][PASSED] - Browser is opened with url: 'https://10.9.2.63/ecommerce/'

2023-10-03 11:02:52 - [TEST_STEP][PASSED] - maximizeWindow(): Current window maximized

2023-10-03 11:02:52 - [MESSAGE][PASSED] - Current window maximized

2023-10-03 11:02:52 - [TEST_STEP][PASSED] - click(findTestObject("Login/a_Login")): Object: 'Object Repository/Login/a_Login' is clicked on

2023-10-03 11:02:54 - [MESSAGE][PASSED] - Object: 'Object Repository/Login/a_Login' is clicked on

2023-10-03 11:02:54 - [TEST_STEP][PASSED] - setText(findTestObject("Login/input_Username, Email atau No. Handphone_a"), "runa36"): Text 'runa36' is set on object 'Object Repository/Login/input_Username, Email atau No. Handphone_a'

2023-10-03 11:02:55 - [MESSAGE][PASSED] - Text 'runa36' is set on object 'Object Repository/Login/input_Username, Email atau No. Handphone_a'

2023-10-03 11:02:55 - [TEST_STEP][PASSED] - setEncryptedText(findTestObject("Login/input_Password di Login(Masuk)"), "qbkrdMwyWE4="): Text ****** has been set on object 'Object Repository/Login/input_Password di Login(Masuk)'

2023-10-03 11:02:55 - [MESSAGE][PASSED] - Text ****** has been set on object 'Object Repository/Login/input_Password di Login(Masuk)'

2023-10-03 11:02:55 - [TEST_STEP][PASSED] - click(findTestObject("Login/button_Masuk di halaman login")): Object: 'Object Repository/Login/button_Masuk di halaman login' is clicked on

2023-10-03 11:02:57 - [MESSAGE][PASSED] - Object: 'Object Repository/Login/button_Masuk di halaman login' is clicked on

2023-10-03 11:02:57 - [TEST_STEP][PASSED] - verifyElementPresent(findTestObject("edit sosial media/verifikasi masuk halaman biodata diri"), 0): Object 'Object Repository/edit sosial media/verifikasi masuk halaman biodata diri' is present

2023-10-03 11:02:57 - [MESSAGE][WARNING] - Timeout '0' is invalid. Using default page load timeout: '30'

2023-10-03 11:02:58 - [MESSAGE][PASSED] - Object 'Object Repository/edit sosial media/verifikasi masuk halaman biodata diri' is present

2023-10-03 11:02:58 - [MESSAGE][PASSED] - Call Test Case 'Test Cases/M05 -Edit Sosial Media/TC-LS-001' successfully

2023-10-03 11:02:58 - [TEST_STEP][PASSED] - verifyElementPresent(findTestObject("edit sosial media/verifikasi masuk halaman biodata diri"), 0): Object 'Object Repository/edit sosial media/verifikasi masuk halaman biodata diri' is present

2023-10-03 11:02:58 - [MESSAGE][WARNING] - Timeout '0' is invalid. Using default page load timeout: '30'

2023-10-03 11:02:59 - [MESSAGE][PASSED] - Object 'Object Repository/edit sosial media/verifikasi masuk halaman biodata diri' is present

2023-10-03 11:02:59 - [TEST_STEP][PASSED] - click(findTestObject("edit sosial media/a_Sosmed")): Object: 'Object Repository/edit sosial media/a_Sosmed' is clicked on

2023-10-03 11:03:00 - [MESSAGE][PASSED] - Object: 'Object Repository/edit sosial media/a_Sosmed' is clicked on

2023-10-03 11:03:00 - [TEST_STEP][PASSED] - click(findTestObject("edit sosial media/Edit Sosial Media")): Object: 'Object Repository/edit sosial media/Edit Sosial Media' is clicked on

2023-10-03 11:03:02 - [MESSAGE][PASSED] - Object: 'Object Repository/edit sosial media/Edit Sosial Media' is clicked on

2023-10-03 11:03:02 - [TEST_STEP][PASSED] - clearText(findTestObject("edit sosial media/input_Whatsapp_d")): Text of object 'Object Repository/edit sosial media/input_Whatsapp_d' is cleared

2023-10-03 11:03:03 - [MESSAGE][PASSED] - Text of object 'Object Repository/edit sosial media/input_Whatsapp_d' is cleared

2023-10-03 11:03:03 - [TEST_STEP][PASSED] - setText(findTestObject("edit sosial media/input_Whatsapp_d"), whatsapp): Text '+628112222333344445555' is set on object 'Object Repository/edit sosial media/input_Whatsapp_d'

2023-10-03 11:03:03 - [MESSAGE][PASSED] - Text '+628112222333344445555' is set on object 'Object Repository/edit sosial media/input_Whatsapp_d'

2023-10-03 11:03:03 - [TEST_STEP][PASSED] - click(findTestObject("edit sosial media/center_Simpan Sosial Media")): Object: 'Object Repository/edit sosial media/center_Simpan Sosial Media' is clicked on

2023-10-03 11:03:05 - [MESSAGE][PASSED] - Object: 'Object Repository/edit sosial media/center_Simpan Sosial Media' is clicked on

2023-10-03 11:03:05 - [TEST_STEP][FAILED] - verifyTextPresent("please input an valid number", false): Unable to verify text 'please input an valid number' is present  (Root cause: com.kms.katalon.core.exception.StepFailedException: Unable to verify text 'please input an valid number' is present 
	at com.kms.katalon.core.webui.keyword.internal.WebUIKeywordMain.stepFailed(WebUIKeywordMain.groovy:64)
	at com.kms.katalon.core.webui.keyword.internal.WebUIKeywordMain.runKeyword(WebUIKeywordMain.groovy:26)
	at com.kms.katalon.core.webui.keyword.builtin.VerifyTextPresentKeyword.verifyTextPresent(VerifyTextPresentKeyword.groovy:83)
	at com.kms.katalon.core.webui.keyword.builtin.VerifyTextPresentKeyword.execute(VerifyTextPresentKeyword.groovy:68)
	at com.kms.katalon.core.keyword.internal.KeywordExecutor.executeKeywordForPlatform(KeywordExecutor.groovy:74)
	at com.kms.katalon.core.webui.keyword.WebUiBuiltInKeywords.verifyTextPresent(WebUiBuiltInKeywords.groovy:1723)
	at com.kms.katalon.core.webui.keyword.WebUiBuiltInKeywords$verifyTextPresent$8.call(Unknown Source)
	at TC-ESMF-008.run(TC-ESMF-008:34)
	at com.kms.katalon.core.main.ScriptEngine.run(ScriptEngine.java:194)
	at com.kms.katalon.core.main.ScriptEngine.runScriptAsRawText(ScriptEngine.java:119)
	at com.kms.katalon.core.main.TestCaseExecutor.runScript(TestCaseExecutor.java:448)
	at com.kms.katalon.core.main.TestCaseExecutor.doExecute(TestCaseExecutor.java:439)
	at com.kms.katalon.core.main.TestCaseExecutor.processExecutionPhase(TestCaseExecutor.java:418)
	at com.kms.katalon.core.main.TestCaseExecutor.accessMainPhase(TestCaseExecutor.java:410)
	at com.kms.katalon.core.main.TestCaseExecutor.execute(TestCaseExecutor.java:285)
	at com.kms.katalon.core.common.CommonExecutor.accessTestCaseMainPhase(CommonExecutor.java:65)
	at com.kms.katalon.core.main.TestSuiteExecutor.accessTestSuiteMainPhase(TestSuiteExecutor.java:148)
	at com.kms.katalon.core.main.TestSuiteExecutor.execute(TestSuiteExecutor.java:106)
	at com.kms.katalon.core.main.TestCaseMain.startTestSuite(TestCaseMain.java:187)
	at com.kms.katalon.core.main.TestCaseMain$startTestSuite$0.call(Unknown Source)
	at TempTestSuite1696305328923.run(TempTestSuite1696305328923.groovy:36)
Caused by: com.kms.katalon.core.exception.StepFailedException: Text 'please input an valid number' is not present on page 
	at com.kms.katalon.core.webui.keyword.internal.WebUIKeywordMain.stepFailed(WebUIKeywordMain.groovy:64)
	at com.kms.katalon.core.webui.keyword.builtin.VerifyTextPresentKeyword$_verifyTextPresent_closure1.doCall(VerifyTextPresentKeyword.groovy:79)
	at com.kms.katalon.core.webui.keyword.builtin.VerifyTextPresentKeyword$_verifyTextPresent_closure1.call(VerifyTextPresentKeyword.groovy)
	at com.kms.katalon.core.webui.keyword.internal.WebUIKeywordMain.runKeyword(WebUIKeywordMain.groovy:20)
	... 19 more
)

2023-10-03 11:03:06 - [MESSAGE][FAILED] - Text 'please input an valid number' is not present on page  (Root cause: com.kms.katalon.core.exception.StepFailedException: Text 'please input an valid number' is not present on page 
	at com.kms.katalon.core.webui.keyword.internal.WebUIKeywordMain.stepFailed(WebUIKeywordMain.groovy:64)
	at com.kms.katalon.core.webui.keyword.builtin.VerifyTextPresentKeyword$_verifyTextPresent_closure1.doCall(VerifyTextPresentKeyword.groovy:79)
	at com.kms.katalon.core.webui.keyword.builtin.VerifyTextPresentKeyword$_verifyTextPresent_closure1.call(VerifyTextPresentKeyword.groovy)
	at com.kms.katalon.core.webui.keyword.internal.WebUIKeywordMain.runKeyword(WebUIKeywordMain.groovy:20)
	at com.kms.katalon.core.webui.keyword.builtin.VerifyTextPresentKeyword.verifyTextPresent(VerifyTextPresentKeyword.groovy:83)
	at com.kms.katalon.core.webui.keyword.builtin.VerifyTextPresentKeyword.execute(VerifyTextPresentKeyword.groovy:68)
	at com.kms.katalon.core.keyword.internal.KeywordExecutor.executeKeywordForPlatform(KeywordExecutor.groovy:74)
	at com.kms.katalon.core.webui.keyword.WebUiBuiltInKeywords.verifyTextPresent(WebUiBuiltInKeywords.groovy:1723)
	at com.kms.katalon.core.webui.keyword.WebUiBuiltInKeywords$verifyTextPresent$8.call(Unknown Source)
	at TC-ESMF-008.run(TC-ESMF-008:34)
	at com.kms.katalon.core.main.ScriptEngine.run(ScriptEngine.java:194)
	at com.kms.katalon.core.main.ScriptEngine.runScriptAsRawText(ScriptEngine.java:119)
	at com.kms.katalon.core.main.TestCaseExecutor.runScript(TestCaseExecutor.java:448)
	at com.kms.katalon.core.main.TestCaseExecutor.doExecute(TestCaseExecutor.java:439)
	at com.kms.katalon.core.main.TestCaseExecutor.processExecutionPhase(TestCaseExecutor.java:418)
	at com.kms.katalon.core.main.TestCaseExecutor.accessMainPhase(TestCaseExecutor.java:410)
	at com.kms.katalon.core.main.TestCaseExecutor.execute(TestCaseExecutor.java:285)
	at com.kms.katalon.core.common.CommonExecutor.accessTestCaseMainPhase(CommonExecutor.java:65)
	at com.kms.katalon.core.main.TestSuiteExecutor.accessTestSuiteMainPhase(TestSuiteExecutor.java:148)
	at com.kms.katalon.core.main.TestSuiteExecutor.execute(TestSuiteExecutor.java:106)
	at com.kms.katalon.core.main.TestCaseMain.startTestSuite(TestCaseMain.java:187)
	at com.kms.katalon.core.main.TestCaseMain$startTestSuite$0.call(Unknown Source)
	at TempTestSuite1696305328923.run(TempTestSuite1696305328923.groovy:36)
)

2023-10-03 11:03:07 - [MESSAGE][FAILED] - Unable to verify text 'please input an valid number' is present  (Root cause: com.kms.katalon.core.exception.StepFailedException: Unable to verify text 'please input an valid number' is present 
	at com.kms.katalon.core.webui.keyword.internal.WebUIKeywordMain.stepFailed(WebUIKeywordMain.groovy:64)
	at com.kms.katalon.core.webui.keyword.internal.WebUIKeywordMain.runKeyword(WebUIKeywordMain.groovy:26)
	at com.kms.katalon.core.webui.keyword.builtin.VerifyTextPresentKeyword.verifyTextPresent(VerifyTextPresentKeyword.groovy:83)
	at com.kms.katalon.core.webui.keyword.builtin.VerifyTextPresentKeyword.execute(VerifyTextPresentKeyword.groovy:68)
	at com.kms.katalon.core.keyword.internal.KeywordExecutor.executeKeywordForPlatform(KeywordExecutor.groovy:74)
	at com.kms.katalon.core.webui.keyword.WebUiBuiltInKeywords.verifyTextPresent(WebUiBuiltInKeywords.groovy:1723)
	at com.kms.katalon.core.webui.keyword.WebUiBuiltInKeywords$verifyTextPresent$8.call(Unknown Source)
	at TC-ESMF-008.run(TC-ESMF-008:34)
	at com.kms.katalon.core.main.ScriptEngine.run(ScriptEngine.java:194)
	at com.kms.katalon.core.main.ScriptEngine.runScriptAsRawText(ScriptEngine.java:119)
	at com.kms.katalon.core.main.TestCaseExecutor.runScript(TestCaseExecutor.java:448)
	at com.kms.katalon.core.main.TestCaseExecutor.doExecute(TestCaseExecutor.java:439)
	at com.kms.katalon.core.main.TestCaseExecutor.processExecutionPhase(TestCaseExecutor.java:418)
	at com.kms.katalon.core.main.TestCaseExecutor.accessMainPhase(TestCaseExecutor.java:410)
	at com.kms.katalon.core.main.TestCaseExecutor.execute(TestCaseExecutor.java:285)
	at com.kms.katalon.core.common.CommonExecutor.accessTestCaseMainPhase(CommonExecutor.java:65)
	at com.kms.katalon.core.main.TestSuiteExecutor.accessTestSuiteMainPhase(TestSuiteExecutor.java:148)
	at com.kms.katalon.core.main.TestSuiteExecutor.execute(TestSuiteExecutor.java:106)
	at com.kms.katalon.core.main.TestCaseMain.startTestSuite(TestCaseMain.java:187)
	at com.kms.katalon.core.main.TestCaseMain$startTestSuite$0.call(Unknown Source)
	at TempTestSuite1696305328923.run(TempTestSuite1696305328923.groovy:36)
Caused by: com.kms.katalon.core.exception.StepFailedException: Text 'please input an valid number' is not present on page 
	at com.kms.katalon.core.webui.keyword.internal.WebUIKeywordMain.stepFailed(WebUIKeywordMain.groovy:64)
	at com.kms.katalon.core.webui.keyword.builtin.VerifyTextPresentKeyword$_verifyTextPresent_closure1.doCall(VerifyTextPresentKeyword.groovy:79)
	at com.kms.katalon.core.webui.keyword.builtin.VerifyTextPresentKeyword$_verifyTextPresent_closure1.call(VerifyTextPresentKeyword.groovy)
	at com.kms.katalon.core.webui.keyword.internal.WebUIKeywordMain.runKeyword(WebUIKeywordMain.groovy:20)
	... 19 more
)
[[ATTACHMENT|F:\\bootcamp\\Miniproject\\Tajalapak\\Reports\\20231003_105528\\M05 - Edit Sosial Media\\20231003_105528\\1696305786568.png]]]]></system-out>
         <system-err><![CDATA[2023-10-03 11:02:38 - [TEST_CASE][FAILED] - Test Cases/M05 -Edit Sosial Media/TC-ESMF-008: Test Cases/M05 -Edit Sosial Media/TC-ESMF-008 FAILED.
Reason:
com.kms.katalon.core.exception.StepFailedException: Unable to verify text 'please input an valid number' is present 
	at com.kms.katalon.core.webui.keyword.internal.WebUIKeywordMain.stepFailed(WebUIKeywordMain.groovy:64)
	at com.kms.katalon.core.webui.keyword.internal.WebUIKeywordMain.runKeyword(WebUIKeywordMain.groovy:26)
	at com.kms.katalon.core.webui.keyword.builtin.VerifyTextPresentKeyword.verifyTextPresent(VerifyTextPresentKeyword.groovy:83)
	at com.kms.katalon.core.webui.keyword.builtin.VerifyTextPresentKeyword.execute(VerifyTextPresentKeyword.groovy:68)
	at com.kms.katalon.core.keyword.internal.KeywordExecutor.executeKeywordForPlatform(KeywordExecutor.groovy:74)
	at com.kms.katalon.core.webui.keyword.WebUiBuiltInKeywords.verifyTextPresent(WebUiBuiltInKeywords.groovy:1723)
	at com.kms.katalon.core.webui.keyword.WebUiBuiltInKeywords$verifyTextPresent$8.call(Unknown Source)
	at TC-ESMF-008.run(TC-ESMF-008:34)
	at com.kms.katalon.core.main.ScriptEngine.run(ScriptEngine.java:194)
	at com.kms.katalon.core.main.ScriptEngine.runScriptAsRawText(ScriptEngine.java:119)
	at com.kms.katalon.core.main.TestCaseExecutor.runScript(TestCaseExecutor.java:448)
	at com.kms.katalon.core.main.TestCaseExecutor.doExecute(TestCaseExecutor.java:439)
	at com.kms.katalon.core.main.TestCaseExecutor.processExecutionPhase(TestCaseExecutor.java:418)
	at com.kms.katalon.core.main.TestCaseExecutor.accessMainPhase(TestCaseExecutor.java:410)
	at com.kms.katalon.core.main.TestCaseExecutor.execute(TestCaseExecutor.java:285)
	at com.kms.katalon.core.common.CommonExecutor.accessTestCaseMainPhase(CommonExecutor.java:65)
	at com.kms.katalon.core.main.TestSuiteExecutor.accessTestSuiteMainPhase(TestSuiteExecutor.java:148)
	at com.kms.katalon.core.main.TestSuiteExecutor.execute(TestSuiteExecutor.java:106)
	at com.kms.katalon.core.main.TestCaseMain.startTestSuite(TestCaseMain.java:187)
	at com.kms.katalon.core.main.TestCaseMain$startTestSuite$0.call(Unknown Source)
	at TempTestSuite1696305328923.run(TempTestSuite1696305328923.groovy:36)
Caused by: com.kms.katalon.core.exception.StepFailedException: Text 'please input an valid number' is not present on page 
	at com.kms.katalon.core.webui.keyword.internal.WebUIKeywordMain.stepFailed(WebUIKeywordMain.groovy:64)
	at com.kms.katalon.core.webui.keyword.builtin.VerifyTextPresentKeyword$_verifyTextPresent_closure1.doCall(VerifyTextPresentKeyword.groovy:79)
	at com.kms.katalon.core.webui.keyword.builtin.VerifyTextPresentKeyword$_verifyTextPresent_closure1.call(VerifyTextPresentKeyword.groovy)
	at com.kms.katalon.core.webui.keyword.internal.WebUIKeywordMain.runKeyword(WebUIKeywordMain.groovy:20)
	... 19 more]]></system-err>
      </testcase>
      <testcase name="Test Cases/M05 -Edit Sosial Media/TC-ESMF-009" time="26.709" classname="Test Cases/M05 -Edit Sosial Media/TC-ESMF-009" status="FAILED">
         <failure type="FAILED" message="Test Cases/M05 -Edit Sosial Media/TC-ESMF-009 FAILED.
Reason:
com.kms.katalon.core.exception.StepFailedException: Unable to verify text 'please input an valid number' is present 
	at com.kms.katalon.core.webui.keyword.internal.WebUIKeywordMain.stepFailed(WebUIKeywordMain.groovy:64)
	at com.kms.katalon.core.webui.keyword.internal.WebUIKeywordMain.runKeyword(WebUIKeywordMain.groovy:26)
	at com.kms.katalon.core.webui.keyword.builtin.VerifyTextPresentKeyword.verifyTextPresent(VerifyTextPresentKeyword.groovy:83)
	at com.kms.katalon.core.webui.keyword.builtin.VerifyTextPresentKeyword.execute(VerifyTextPresentKeyword.groovy:68)
	at com.kms.katalon.core.keyword.internal.KeywordExecutor.executeKeywordForPlatform(KeywordExecutor.groovy:74)
	at com.kms.katalon.core.webui.keyword.WebUiBuiltInKeywords.verifyTextPresent(WebUiBuiltInKeywords.groovy:1723)
	at com.kms.katalon.core.webui.keyword.WebUiBuiltInKeywords$verifyTextPresent$8.call(Unknown Source)
	at TC-ESMF-009.run(TC-ESMF-009:34)
	at com.kms.katalon.core.main.ScriptEngine.run(ScriptEngine.java:194)
	at com.kms.katalon.core.main.ScriptEngine.runScriptAsRawText(ScriptEngine.java:119)
	at com.kms.katalon.core.main.TestCaseExecutor.runScript(TestCaseExecutor.java:448)
	at com.kms.katalon.core.main.TestCaseExecutor.doExecute(TestCaseExecutor.java:439)
	at com.kms.katalon.core.main.TestCaseExecutor.processExecutionPhase(TestCaseExecutor.java:418)
	at com.kms.katalon.core.main.TestCaseExecutor.accessMainPhase(TestCaseExecutor.java:410)
	at com.kms.katalon.core.main.TestCaseExecutor.execute(TestCaseExecutor.java:285)
	at com.kms.katalon.core.common.CommonExecutor.accessTestCaseMainPhase(CommonExecutor.java:65)
	at com.kms.katalon.core.main.TestSuiteExecutor.accessTestSuiteMainPhase(TestSuiteExecutor.java:148)
	at com.kms.katalon.core.main.TestSuiteExecutor.execute(TestSuiteExecutor.java:106)
	at com.kms.katalon.core.main.TestCaseMain.startTestSuite(TestCaseMain.java:187)
	at com.kms.katalon.core.main.TestCaseMain$startTestSuite$0.call(Unknown Source)
	at TempTestSuite1696305328923.run(TempTestSuite1696305328923.groovy:36)
Caused by: com.kms.katalon.core.exception.StepFailedException: Text 'please input an valid number' is not present on page 
	at com.kms.katalon.core.webui.keyword.internal.WebUIKeywordMain.stepFailed(WebUIKeywordMain.groovy:64)
	at com.kms.katalon.core.webui.keyword.builtin.VerifyTextPresentKeyword$_verifyTextPresent_closure1.doCall(VerifyTextPresentKeyword.groovy:79)
	at com.kms.katalon.core.webui.keyword.builtin.VerifyTextPresentKeyword$_verifyTextPresent_closure1.call(VerifyTextPresentKeyword.groovy)
	at com.kms.katalon.core.webui.keyword.internal.WebUIKeywordMain.runKeyword(WebUIKeywordMain.groovy:20)
	... 19 more
"/>
         <system-out><![CDATA[2023-10-03 11:03:07 - [TEST_CASE][FAILED] - Test Cases/M05 -Edit Sosial Media/TC-ESMF-009: Test Cases/M05 -Edit Sosial Media/TC-ESMF-009 FAILED.
Reason:
com.kms.katalon.core.exception.StepFailedException: Unable to verify text 'please input an valid number' is present 
	at com.kms.katalon.core.webui.keyword.internal.WebUIKeywordMain.stepFailed(WebUIKeywordMain.groovy:64)
	at com.kms.katalon.core.webui.keyword.internal.WebUIKeywordMain.runKeyword(WebUIKeywordMain.groovy:26)
	at com.kms.katalon.core.webui.keyword.builtin.VerifyTextPresentKeyword.verifyTextPresent(VerifyTextPresentKeyword.groovy:83)
	at com.kms.katalon.core.webui.keyword.builtin.VerifyTextPresentKeyword.execute(VerifyTextPresentKeyword.groovy:68)
	at com.kms.katalon.core.keyword.internal.KeywordExecutor.executeKeywordForPlatform(KeywordExecutor.groovy:74)
	at com.kms.katalon.core.webui.keyword.WebUiBuiltInKeywords.verifyTextPresent(WebUiBuiltInKeywords.groovy:1723)
	at com.kms.katalon.core.webui.keyword.WebUiBuiltInKeywords$verifyTextPresent$8.call(Unknown Source)
	at TC-ESMF-009.run(TC-ESMF-009:34)
	at com.kms.katalon.core.main.ScriptEngine.run(ScriptEngine.java:194)
	at com.kms.katalon.core.main.ScriptEngine.runScriptAsRawText(ScriptEngine.java:119)
	at com.kms.katalon.core.main.TestCaseExecutor.runScript(TestCaseExecutor.java:448)
	at com.kms.katalon.core.main.TestCaseExecutor.doExecute(TestCaseExecutor.java:439)
	at com.kms.katalon.core.main.TestCaseExecutor.processExecutionPhase(TestCaseExecutor.java:418)
	at com.kms.katalon.core.main.TestCaseExecutor.accessMainPhase(TestCaseExecutor.java:410)
	at com.kms.katalon.core.main.TestCaseExecutor.execute(TestCaseExecutor.java:285)
	at com.kms.katalon.core.common.CommonExecutor.accessTestCaseMainPhase(CommonExecutor.java:65)
	at com.kms.katalon.core.main.TestSuiteExecutor.accessTestSuiteMainPhase(TestSuiteExecutor.java:148)
	at com.kms.katalon.core.main.TestSuiteExecutor.execute(TestSuiteExecutor.java:106)
	at com.kms.katalon.core.main.TestCaseMain.startTestSuite(TestCaseMain.java:187)
	at com.kms.katalon.core.main.TestCaseMain$startTestSuite$0.call(Unknown Source)
	at TempTestSuite1696305328923.run(TempTestSuite1696305328923.groovy:36)
Caused by: com.kms.katalon.core.exception.StepFailedException: Text 'please input an valid number' is not present on page 
	at com.kms.katalon.core.webui.keyword.internal.WebUIKeywordMain.stepFailed(WebUIKeywordMain.groovy:64)
	at com.kms.katalon.core.webui.keyword.builtin.VerifyTextPresentKeyword$_verifyTextPresent_closure1.doCall(VerifyTextPresentKeyword.groovy:79)
	at com.kms.katalon.core.webui.keyword.builtin.VerifyTextPresentKeyword$_verifyTextPresent_closure1.call(VerifyTextPresentKeyword.groovy)
	at com.kms.katalon.core.webui.keyword.internal.WebUIKeywordMain.runKeyword(WebUIKeywordMain.groovy:20)
	... 19 more


2023-10-03 11:03:09 - [TEST_STEP][PASSED] - callTestCase(findTestCase("M05 -Edit Sosial Media/TC-LS-001"), [:], STOP_ON_FAILURE): Call Test Case 'Test Cases/M05 -Edit Sosial Media/TC-LS-001' successfully

2023-10-03 11:03:09 - [TEST_CASE][PASSED] - Test Cases/M05 -Edit Sosial Media/TC-LS-001: Test Cases/M05 -Edit Sosial Media/TC-LS-001

2023-10-03 11:03:09 - [TEST_STEP][PASSED] - openBrowser(urlWeb): Browser is opened with url: 'https://10.9.2.63/ecommerce/'

2023-10-03 11:03:09 - [MESSAGE][WARNING] - A browser is already opened. Closing browser and opening a new one

2023-10-03 11:03:10 - [MESSAGE][INFO] - Starting 'Firefox' driver

2023-10-03 11:03:10 - [MESSAGE][INFO] - Action delay is set to 0 milliseconds

2023-10-03 11:03:20 - [MESSAGE][PASSED] - Browser is opened with url: 'https://10.9.2.63/ecommerce/'

2023-10-03 11:03:20 - [TEST_STEP][PASSED] - maximizeWindow(): Current window maximized

2023-10-03 11:03:20 - [MESSAGE][PASSED] - Current window maximized

2023-10-03 11:03:20 - [TEST_STEP][PASSED] - click(findTestObject("Login/a_Login")): Object: 'Object Repository/Login/a_Login' is clicked on

2023-10-03 11:03:21 - [MESSAGE][PASSED] - Object: 'Object Repository/Login/a_Login' is clicked on

2023-10-03 11:03:21 - [TEST_STEP][PASSED] - setText(findTestObject("Login/input_Username, Email atau No. Handphone_a"), "runa36"): Text 'runa36' is set on object 'Object Repository/Login/input_Username, Email atau No. Handphone_a'

2023-10-03 11:03:22 - [MESSAGE][PASSED] - Text 'runa36' is set on object 'Object Repository/Login/input_Username, Email atau No. Handphone_a'

2023-10-03 11:03:22 - [TEST_STEP][PASSED] - setEncryptedText(findTestObject("Login/input_Password di Login(Masuk)"), "qbkrdMwyWE4="): Text ****** has been set on object 'Object Repository/Login/input_Password di Login(Masuk)'

2023-10-03 11:03:23 - [MESSAGE][PASSED] - Text ****** has been set on object 'Object Repository/Login/input_Password di Login(Masuk)'

2023-10-03 11:03:23 - [TEST_STEP][PASSED] - click(findTestObject("Login/button_Masuk di halaman login")): Object: 'Object Repository/Login/button_Masuk di halaman login' is clicked on

2023-10-03 11:03:24 - [MESSAGE][PASSED] - Object: 'Object Repository/Login/button_Masuk di halaman login' is clicked on

2023-10-03 11:03:24 - [TEST_STEP][PASSED] - verifyElementPresent(findTestObject("edit sosial media/verifikasi masuk halaman biodata diri"), 0): Object 'Object Repository/edit sosial media/verifikasi masuk halaman biodata diri' is present

2023-10-03 11:03:25 - [MESSAGE][WARNING] - Timeout '0' is invalid. Using default page load timeout: '30'

2023-10-03 11:03:25 - [MESSAGE][PASSED] - Object 'Object Repository/edit sosial media/verifikasi masuk halaman biodata diri' is present

2023-10-03 11:03:25 - [MESSAGE][PASSED] - Call Test Case 'Test Cases/M05 -Edit Sosial Media/TC-LS-001' successfully

2023-10-03 11:03:25 - [TEST_STEP][PASSED] - verifyElementPresent(findTestObject("edit sosial media/verifikasi masuk halaman biodata diri"), 0): Object 'Object Repository/edit sosial media/verifikasi masuk halaman biodata diri' is present

2023-10-03 11:03:25 - [MESSAGE][WARNING] - Timeout '0' is invalid. Using default page load timeout: '30'

2023-10-03 11:03:25 - [MESSAGE][PASSED] - Object 'Object Repository/edit sosial media/verifikasi masuk halaman biodata diri' is present

2023-10-03 11:03:25 - [TEST_STEP][PASSED] - click(findTestObject("edit sosial media/a_Sosmed")): Object: 'Object Repository/edit sosial media/a_Sosmed' is clicked on

2023-10-03 11:03:27 - [MESSAGE][PASSED] - Object: 'Object Repository/edit sosial media/a_Sosmed' is clicked on

2023-10-03 11:03:27 - [TEST_STEP][PASSED] - click(findTestObject("edit sosial media/Edit Sosial Media")): Object: 'Object Repository/edit sosial media/Edit Sosial Media' is clicked on

2023-10-03 11:03:28 - [MESSAGE][PASSED] - Object: 'Object Repository/edit sosial media/Edit Sosial Media' is clicked on

2023-10-03 11:03:28 - [TEST_STEP][PASSED] - clearText(findTestObject("edit sosial media/input_Whatsapp_d")): Text of object 'Object Repository/edit sosial media/input_Whatsapp_d' is cleared

2023-10-03 11:03:29 - [MESSAGE][PASSED] - Text of object 'Object Repository/edit sosial media/input_Whatsapp_d' is cleared

2023-10-03 11:03:29 - [TEST_STEP][PASSED] - setText(findTestObject("edit sosial media/input_Whatsapp_d"), "+6281122"): Text '+6281122' is set on object 'Object Repository/edit sosial media/input_Whatsapp_d'

2023-10-03 11:03:30 - [MESSAGE][PASSED] - Text '+6281122' is set on object 'Object Repository/edit sosial media/input_Whatsapp_d'

2023-10-03 11:03:30 - [TEST_STEP][PASSED] - click(findTestObject("edit sosial media/center_Simpan Sosial Media")): Object: 'Object Repository/edit sosial media/center_Simpan Sosial Media' is clicked on

2023-10-03 11:03:32 - [MESSAGE][PASSED] - Object: 'Object Repository/edit sosial media/center_Simpan Sosial Media' is clicked on

2023-10-03 11:03:32 - [TEST_STEP][FAILED] - verifyTextPresent("please input an valid number", false): Unable to verify text 'please input an valid number' is present  (Root cause: com.kms.katalon.core.exception.StepFailedException: Unable to verify text 'please input an valid number' is present 
	at com.kms.katalon.core.webui.keyword.internal.WebUIKeywordMain.stepFailed(WebUIKeywordMain.groovy:64)
	at com.kms.katalon.core.webui.keyword.internal.WebUIKeywordMain.runKeyword(WebUIKeywordMain.groovy:26)
	at com.kms.katalon.core.webui.keyword.builtin.VerifyTextPresentKeyword.verifyTextPresent(VerifyTextPresentKeyword.groovy:83)
	at com.kms.katalon.core.webui.keyword.builtin.VerifyTextPresentKeyword.execute(VerifyTextPresentKeyword.groovy:68)
	at com.kms.katalon.core.keyword.internal.KeywordExecutor.executeKeywordForPlatform(KeywordExecutor.groovy:74)
	at com.kms.katalon.core.webui.keyword.WebUiBuiltInKeywords.verifyTextPresent(WebUiBuiltInKeywords.groovy:1723)
	at com.kms.katalon.core.webui.keyword.WebUiBuiltInKeywords$verifyTextPresent$8.call(Unknown Source)
	at TC-ESMF-009.run(TC-ESMF-009:34)
	at com.kms.katalon.core.main.ScriptEngine.run(ScriptEngine.java:194)
	at com.kms.katalon.core.main.ScriptEngine.runScriptAsRawText(ScriptEngine.java:119)
	at com.kms.katalon.core.main.TestCaseExecutor.runScript(TestCaseExecutor.java:448)
	at com.kms.katalon.core.main.TestCaseExecutor.doExecute(TestCaseExecutor.java:439)
	at com.kms.katalon.core.main.TestCaseExecutor.processExecutionPhase(TestCaseExecutor.java:418)
	at com.kms.katalon.core.main.TestCaseExecutor.accessMainPhase(TestCaseExecutor.java:410)
	at com.kms.katalon.core.main.TestCaseExecutor.execute(TestCaseExecutor.java:285)
	at com.kms.katalon.core.common.CommonExecutor.accessTestCaseMainPhase(CommonExecutor.java:65)
	at com.kms.katalon.core.main.TestSuiteExecutor.accessTestSuiteMainPhase(TestSuiteExecutor.java:148)
	at com.kms.katalon.core.main.TestSuiteExecutor.execute(TestSuiteExecutor.java:106)
	at com.kms.katalon.core.main.TestCaseMain.startTestSuite(TestCaseMain.java:187)
	at com.kms.katalon.core.main.TestCaseMain$startTestSuite$0.call(Unknown Source)
	at TempTestSuite1696305328923.run(TempTestSuite1696305328923.groovy:36)
Caused by: com.kms.katalon.core.exception.StepFailedException: Text 'please input an valid number' is not present on page 
	at com.kms.katalon.core.webui.keyword.internal.WebUIKeywordMain.stepFailed(WebUIKeywordMain.groovy:64)
	at com.kms.katalon.core.webui.keyword.builtin.VerifyTextPresentKeyword$_verifyTextPresent_closure1.doCall(VerifyTextPresentKeyword.groovy:79)
	at com.kms.katalon.core.webui.keyword.builtin.VerifyTextPresentKeyword$_verifyTextPresent_closure1.call(VerifyTextPresentKeyword.groovy)
	at com.kms.katalon.core.webui.keyword.internal.WebUIKeywordMain.runKeyword(WebUIKeywordMain.groovy:20)
	... 19 more
)

2023-10-03 11:03:33 - [MESSAGE][FAILED] - Text 'please input an valid number' is not present on page  (Root cause: com.kms.katalon.core.exception.StepFailedException: Text 'please input an valid number' is not present on page 
	at com.kms.katalon.core.webui.keyword.internal.WebUIKeywordMain.stepFailed(WebUIKeywordMain.groovy:64)
	at com.kms.katalon.core.webui.keyword.builtin.VerifyTextPresentKeyword$_verifyTextPresent_closure1.doCall(VerifyTextPresentKeyword.groovy:79)
	at com.kms.katalon.core.webui.keyword.builtin.VerifyTextPresentKeyword$_verifyTextPresent_closure1.call(VerifyTextPresentKeyword.groovy)
	at com.kms.katalon.core.webui.keyword.internal.WebUIKeywordMain.runKeyword(WebUIKeywordMain.groovy:20)
	at com.kms.katalon.core.webui.keyword.builtin.VerifyTextPresentKeyword.verifyTextPresent(VerifyTextPresentKeyword.groovy:83)
	at com.kms.katalon.core.webui.keyword.builtin.VerifyTextPresentKeyword.execute(VerifyTextPresentKeyword.groovy:68)
	at com.kms.katalon.core.keyword.internal.KeywordExecutor.executeKeywordForPlatform(KeywordExecutor.groovy:74)
	at com.kms.katalon.core.webui.keyword.WebUiBuiltInKeywords.verifyTextPresent(WebUiBuiltInKeywords.groovy:1723)
	at com.kms.katalon.core.webui.keyword.WebUiBuiltInKeywords$verifyTextPresent$8.call(Unknown Source)
	at TC-ESMF-009.run(TC-ESMF-009:34)
	at com.kms.katalon.core.main.ScriptEngine.run(ScriptEngine.java:194)
	at com.kms.katalon.core.main.ScriptEngine.runScriptAsRawText(ScriptEngine.java:119)
	at com.kms.katalon.core.main.TestCaseExecutor.runScript(TestCaseExecutor.java:448)
	at com.kms.katalon.core.main.TestCaseExecutor.doExecute(TestCaseExecutor.java:439)
	at com.kms.katalon.core.main.TestCaseExecutor.processExecutionPhase(TestCaseExecutor.java:418)
	at com.kms.katalon.core.main.TestCaseExecutor.accessMainPhase(TestCaseExecutor.java:410)
	at com.kms.katalon.core.main.TestCaseExecutor.execute(TestCaseExecutor.java:285)
	at com.kms.katalon.core.common.CommonExecutor.accessTestCaseMainPhase(CommonExecutor.java:65)
	at com.kms.katalon.core.main.TestSuiteExecutor.accessTestSuiteMainPhase(TestSuiteExecutor.java:148)
	at com.kms.katalon.core.main.TestSuiteExecutor.execute(TestSuiteExecutor.java:106)
	at com.kms.katalon.core.main.TestCaseMain.startTestSuite(TestCaseMain.java:187)
	at com.kms.katalon.core.main.TestCaseMain$startTestSuite$0.call(Unknown Source)
	at TempTestSuite1696305328923.run(TempTestSuite1696305328923.groovy:36)
)

2023-10-03 11:03:33 - [MESSAGE][FAILED] - Unable to verify text 'please input an valid number' is present  (Root cause: com.kms.katalon.core.exception.StepFailedException: Unable to verify text 'please input an valid number' is present 
	at com.kms.katalon.core.webui.keyword.internal.WebUIKeywordMain.stepFailed(WebUIKeywordMain.groovy:64)
	at com.kms.katalon.core.webui.keyword.internal.WebUIKeywordMain.runKeyword(WebUIKeywordMain.groovy:26)
	at com.kms.katalon.core.webui.keyword.builtin.VerifyTextPresentKeyword.verifyTextPresent(VerifyTextPresentKeyword.groovy:83)
	at com.kms.katalon.core.webui.keyword.builtin.VerifyTextPresentKeyword.execute(VerifyTextPresentKeyword.groovy:68)
	at com.kms.katalon.core.keyword.internal.KeywordExecutor.executeKeywordForPlatform(KeywordExecutor.groovy:74)
	at com.kms.katalon.core.webui.keyword.WebUiBuiltInKeywords.verifyTextPresent(WebUiBuiltInKeywords.groovy:1723)
	at com.kms.katalon.core.webui.keyword.WebUiBuiltInKeywords$verifyTextPresent$8.call(Unknown Source)
	at TC-ESMF-009.run(TC-ESMF-009:34)
	at com.kms.katalon.core.main.ScriptEngine.run(ScriptEngine.java:194)
	at com.kms.katalon.core.main.ScriptEngine.runScriptAsRawText(ScriptEngine.java:119)
	at com.kms.katalon.core.main.TestCaseExecutor.runScript(TestCaseExecutor.java:448)
	at com.kms.katalon.core.main.TestCaseExecutor.doExecute(TestCaseExecutor.java:439)
	at com.kms.katalon.core.main.TestCaseExecutor.processExecutionPhase(TestCaseExecutor.java:418)
	at com.kms.katalon.core.main.TestCaseExecutor.accessMainPhase(TestCaseExecutor.java:410)
	at com.kms.katalon.core.main.TestCaseExecutor.execute(TestCaseExecutor.java:285)
	at com.kms.katalon.core.common.CommonExecutor.accessTestCaseMainPhase(CommonExecutor.java:65)
	at com.kms.katalon.core.main.TestSuiteExecutor.accessTestSuiteMainPhase(TestSuiteExecutor.java:148)
	at com.kms.katalon.core.main.TestSuiteExecutor.execute(TestSuiteExecutor.java:106)
	at com.kms.katalon.core.main.TestCaseMain.startTestSuite(TestCaseMain.java:187)
	at com.kms.katalon.core.main.TestCaseMain$startTestSuite$0.call(Unknown Source)
	at TempTestSuite1696305328923.run(TempTestSuite1696305328923.groovy:36)
Caused by: com.kms.katalon.core.exception.StepFailedException: Text 'please input an valid number' is not present on page 
	at com.kms.katalon.core.webui.keyword.internal.WebUIKeywordMain.stepFailed(WebUIKeywordMain.groovy:64)
	at com.kms.katalon.core.webui.keyword.builtin.VerifyTextPresentKeyword$_verifyTextPresent_closure1.doCall(VerifyTextPresentKeyword.groovy:79)
	at com.kms.katalon.core.webui.keyword.builtin.VerifyTextPresentKeyword$_verifyTextPresent_closure1.call(VerifyTextPresentKeyword.groovy)
	at com.kms.katalon.core.webui.keyword.internal.WebUIKeywordMain.runKeyword(WebUIKeywordMain.groovy:20)
	... 19 more
)
[[ATTACHMENT|F:\\bootcamp\\Miniproject\\Tajalapak\\Reports\\20231003_105528\\M05 - Edit Sosial Media\\20231003_105528\\1696305813499.png]]]]></system-out>
         <system-err><![CDATA[2023-10-03 11:03:07 - [TEST_CASE][FAILED] - Test Cases/M05 -Edit Sosial Media/TC-ESMF-009: Test Cases/M05 -Edit Sosial Media/TC-ESMF-009 FAILED.
Reason:
com.kms.katalon.core.exception.StepFailedException: Unable to verify text 'please input an valid number' is present 
	at com.kms.katalon.core.webui.keyword.internal.WebUIKeywordMain.stepFailed(WebUIKeywordMain.groovy:64)
	at com.kms.katalon.core.webui.keyword.internal.WebUIKeywordMain.runKeyword(WebUIKeywordMain.groovy:26)
	at com.kms.katalon.core.webui.keyword.builtin.VerifyTextPresentKeyword.verifyTextPresent(VerifyTextPresentKeyword.groovy:83)
	at com.kms.katalon.core.webui.keyword.builtin.VerifyTextPresentKeyword.execute(VerifyTextPresentKeyword.groovy:68)
	at com.kms.katalon.core.keyword.internal.KeywordExecutor.executeKeywordForPlatform(KeywordExecutor.groovy:74)
	at com.kms.katalon.core.webui.keyword.WebUiBuiltInKeywords.verifyTextPresent(WebUiBuiltInKeywords.groovy:1723)
	at com.kms.katalon.core.webui.keyword.WebUiBuiltInKeywords$verifyTextPresent$8.call(Unknown Source)
	at TC-ESMF-009.run(TC-ESMF-009:34)
	at com.kms.katalon.core.main.ScriptEngine.run(ScriptEngine.java:194)
	at com.kms.katalon.core.main.ScriptEngine.runScriptAsRawText(ScriptEngine.java:119)
	at com.kms.katalon.core.main.TestCaseExecutor.runScript(TestCaseExecutor.java:448)
	at com.kms.katalon.core.main.TestCaseExecutor.doExecute(TestCaseExecutor.java:439)
	at com.kms.katalon.core.main.TestCaseExecutor.processExecutionPhase(TestCaseExecutor.java:418)
	at com.kms.katalon.core.main.TestCaseExecutor.accessMainPhase(TestCaseExecutor.java:410)
	at com.kms.katalon.core.main.TestCaseExecutor.execute(TestCaseExecutor.java:285)
	at com.kms.katalon.core.common.CommonExecutor.accessTestCaseMainPhase(CommonExecutor.java:65)
	at com.kms.katalon.core.main.TestSuiteExecutor.accessTestSuiteMainPhase(TestSuiteExecutor.java:148)
	at com.kms.katalon.core.main.TestSuiteExecutor.execute(TestSuiteExecutor.java:106)
	at com.kms.katalon.core.main.TestCaseMain.startTestSuite(TestCaseMain.java:187)
	at com.kms.katalon.core.main.TestCaseMain$startTestSuite$0.call(Unknown Source)
	at TempTestSuite1696305328923.run(TempTestSuite1696305328923.groovy:36)
Caused by: com.kms.katalon.core.exception.StepFailedException: Text 'please input an valid number' is not present on page 
	at com.kms.katalon.core.webui.keyword.internal.WebUIKeywordMain.stepFailed(WebUIKeywordMain.groovy:64)
	at com.kms.katalon.core.webui.keyword.builtin.VerifyTextPresentKeyword$_verifyTextPresent_closure1.doCall(VerifyTextPresentKeyword.groovy:79)
	at com.kms.katalon.core.webui.keyword.builtin.VerifyTextPresentKeyword$_verifyTextPresent_closure1.call(VerifyTextPresentKeyword.groovy)
	at com.kms.katalon.core.webui.keyword.internal.WebUIKeywordMain.runKeyword(WebUIKeywordMain.groovy:20)
	... 19 more]]></system-err>
      </testcase>
      <testcase name="Test Cases/M05 -Edit Sosial Media/TC-ESMF-010" time="27.288" classname="Test Cases/M05 -Edit Sosial Media/TC-ESMF-010" status="FAILED">
         <failure type="FAILED" message="Test Cases/M05 -Edit Sosial Media/TC-ESMF-010 FAILED.
Reason:
com.kms.katalon.core.exception.StepFailedException: Unable to verify text 'plese input an valid username' is present 
	at com.kms.katalon.core.webui.keyword.internal.WebUIKeywordMain.stepFailed(WebUIKeywordMain.groovy:64)
	at com.kms.katalon.core.webui.keyword.internal.WebUIKeywordMain.runKeyword(WebUIKeywordMain.groovy:26)
	at com.kms.katalon.core.webui.keyword.builtin.VerifyTextPresentKeyword.verifyTextPresent(VerifyTextPresentKeyword.groovy:83)
	at com.kms.katalon.core.webui.keyword.builtin.VerifyTextPresentKeyword.execute(VerifyTextPresentKeyword.groovy:68)
	at com.kms.katalon.core.keyword.internal.KeywordExecutor.executeKeywordForPlatform(KeywordExecutor.groovy:74)
	at com.kms.katalon.core.webui.keyword.WebUiBuiltInKeywords.verifyTextPresent(WebUiBuiltInKeywords.groovy:1723)
	at com.kms.katalon.core.webui.keyword.WebUiBuiltInKeywords$verifyTextPresent$8.call(Unknown Source)
	at TC-ESMF-010.run(TC-ESMF-010:32)
	at com.kms.katalon.core.main.ScriptEngine.run(ScriptEngine.java:194)
	at com.kms.katalon.core.main.ScriptEngine.runScriptAsRawText(ScriptEngine.java:119)
	at com.kms.katalon.core.main.TestCaseExecutor.runScript(TestCaseExecutor.java:448)
	at com.kms.katalon.core.main.TestCaseExecutor.doExecute(TestCaseExecutor.java:439)
	at com.kms.katalon.core.main.TestCaseExecutor.processExecutionPhase(TestCaseExecutor.java:418)
	at com.kms.katalon.core.main.TestCaseExecutor.accessMainPhase(TestCaseExecutor.java:410)
	at com.kms.katalon.core.main.TestCaseExecutor.execute(TestCaseExecutor.java:285)
	at com.kms.katalon.core.common.CommonExecutor.accessTestCaseMainPhase(CommonExecutor.java:65)
	at com.kms.katalon.core.main.TestSuiteExecutor.accessTestSuiteMainPhase(TestSuiteExecutor.java:148)
	at com.kms.katalon.core.main.TestSuiteExecutor.execute(TestSuiteExecutor.java:106)
	at com.kms.katalon.core.main.TestCaseMain.startTestSuite(TestCaseMain.java:187)
	at com.kms.katalon.core.main.TestCaseMain$startTestSuite$0.call(Unknown Source)
	at TempTestSuite1696305328923.run(TempTestSuite1696305328923.groovy:36)
Caused by: com.kms.katalon.core.exception.StepFailedException: Text 'plese input an valid username' is not present on page 
	at com.kms.katalon.core.webui.keyword.internal.WebUIKeywordMain.stepFailed(WebUIKeywordMain.groovy:64)
	at com.kms.katalon.core.webui.keyword.builtin.VerifyTextPresentKeyword$_verifyTextPresent_closure1.doCall(VerifyTextPresentKeyword.groovy:79)
	at com.kms.katalon.core.webui.keyword.builtin.VerifyTextPresentKeyword$_verifyTextPresent_closure1.call(VerifyTextPresentKeyword.groovy)
	at com.kms.katalon.core.webui.keyword.internal.WebUIKeywordMain.runKeyword(WebUIKeywordMain.groovy:20)
	... 19 more
"/>
         <system-out><![CDATA[2023-10-03 11:03:33 - [TEST_CASE][FAILED] - Test Cases/M05 -Edit Sosial Media/TC-ESMF-010: Test Cases/M05 -Edit Sosial Media/TC-ESMF-010 FAILED.
Reason:
com.kms.katalon.core.exception.StepFailedException: Unable to verify text 'plese input an valid username' is present 
	at com.kms.katalon.core.webui.keyword.internal.WebUIKeywordMain.stepFailed(WebUIKeywordMain.groovy:64)
	at com.kms.katalon.core.webui.keyword.internal.WebUIKeywordMain.runKeyword(WebUIKeywordMain.groovy:26)
	at com.kms.katalon.core.webui.keyword.builtin.VerifyTextPresentKeyword.verifyTextPresent(VerifyTextPresentKeyword.groovy:83)
	at com.kms.katalon.core.webui.keyword.builtin.VerifyTextPresentKeyword.execute(VerifyTextPresentKeyword.groovy:68)
	at com.kms.katalon.core.keyword.internal.KeywordExecutor.executeKeywordForPlatform(KeywordExecutor.groovy:74)
	at com.kms.katalon.core.webui.keyword.WebUiBuiltInKeywords.verifyTextPresent(WebUiBuiltInKeywords.groovy:1723)
	at com.kms.katalon.core.webui.keyword.WebUiBuiltInKeywords$verifyTextPresent$8.call(Unknown Source)
	at TC-ESMF-010.run(TC-ESMF-010:32)
	at com.kms.katalon.core.main.ScriptEngine.run(ScriptEngine.java:194)
	at com.kms.katalon.core.main.ScriptEngine.runScriptAsRawText(ScriptEngine.java:119)
	at com.kms.katalon.core.main.TestCaseExecutor.runScript(TestCaseExecutor.java:448)
	at com.kms.katalon.core.main.TestCaseExecutor.doExecute(TestCaseExecutor.java:439)
	at com.kms.katalon.core.main.TestCaseExecutor.processExecutionPhase(TestCaseExecutor.java:418)
	at com.kms.katalon.core.main.TestCaseExecutor.accessMainPhase(TestCaseExecutor.java:410)
	at com.kms.katalon.core.main.TestCaseExecutor.execute(TestCaseExecutor.java:285)
	at com.kms.katalon.core.common.CommonExecutor.accessTestCaseMainPhase(CommonExecutor.java:65)
	at com.kms.katalon.core.main.TestSuiteExecutor.accessTestSuiteMainPhase(TestSuiteExecutor.java:148)
	at com.kms.katalon.core.main.TestSuiteExecutor.execute(TestSuiteExecutor.java:106)
	at com.kms.katalon.core.main.TestCaseMain.startTestSuite(TestCaseMain.java:187)
	at com.kms.katalon.core.main.TestCaseMain$startTestSuite$0.call(Unknown Source)
	at TempTestSuite1696305328923.run(TempTestSuite1696305328923.groovy:36)
Caused by: com.kms.katalon.core.exception.StepFailedException: Text 'plese input an valid username' is not present on page 
	at com.kms.katalon.core.webui.keyword.internal.WebUIKeywordMain.stepFailed(WebUIKeywordMain.groovy:64)
	at com.kms.katalon.core.webui.keyword.builtin.VerifyTextPresentKeyword$_verifyTextPresent_closure1.doCall(VerifyTextPresentKeyword.groovy:79)
	at com.kms.katalon.core.webui.keyword.builtin.VerifyTextPresentKeyword$_verifyTextPresent_closure1.call(VerifyTextPresentKeyword.groovy)
	at com.kms.katalon.core.webui.keyword.internal.WebUIKeywordMain.runKeyword(WebUIKeywordMain.groovy:20)
	... 19 more


2023-10-03 11:03:35 - [TEST_STEP][PASSED] - callTestCase(findTestCase("M05 -Edit Sosial Media/TC-LS-001"), [:], STOP_ON_FAILURE): Call Test Case 'Test Cases/M05 -Edit Sosial Media/TC-LS-001' successfully

2023-10-03 11:03:35 - [TEST_CASE][PASSED] - Test Cases/M05 -Edit Sosial Media/TC-LS-001: Test Cases/M05 -Edit Sosial Media/TC-LS-001

2023-10-03 11:03:35 - [TEST_STEP][PASSED] - openBrowser(urlWeb): Browser is opened with url: 'https://10.9.2.63/ecommerce/'

2023-10-03 11:03:35 - [MESSAGE][WARNING] - A browser is already opened. Closing browser and opening a new one

2023-10-03 11:03:36 - [MESSAGE][INFO] - Starting 'Firefox' driver

2023-10-03 11:03:36 - [MESSAGE][INFO] - Action delay is set to 0 milliseconds

2023-10-03 11:03:48 - [MESSAGE][PASSED] - Browser is opened with url: 'https://10.9.2.63/ecommerce/'

2023-10-03 11:03:48 - [TEST_STEP][PASSED] - maximizeWindow(): Current window maximized

2023-10-03 11:03:48 - [MESSAGE][PASSED] - Current window maximized

2023-10-03 11:03:48 - [TEST_STEP][PASSED] - click(findTestObject("Login/a_Login")): Object: 'Object Repository/Login/a_Login' is clicked on

2023-10-03 11:03:49 - [MESSAGE][PASSED] - Object: 'Object Repository/Login/a_Login' is clicked on

2023-10-03 11:03:49 - [TEST_STEP][PASSED] - setText(findTestObject("Login/input_Username, Email atau No. Handphone_a"), "runa36"): Text 'runa36' is set on object 'Object Repository/Login/input_Username, Email atau No. Handphone_a'

2023-10-03 11:03:50 - [MESSAGE][PASSED] - Text 'runa36' is set on object 'Object Repository/Login/input_Username, Email atau No. Handphone_a'

2023-10-03 11:03:50 - [TEST_STEP][PASSED] - setEncryptedText(findTestObject("Login/input_Password di Login(Masuk)"), "qbkrdMwyWE4="): Text ****** has been set on object 'Object Repository/Login/input_Password di Login(Masuk)'

2023-10-03 11:03:50 - [MESSAGE][PASSED] - Text ****** has been set on object 'Object Repository/Login/input_Password di Login(Masuk)'

2023-10-03 11:03:50 - [TEST_STEP][PASSED] - click(findTestObject("Login/button_Masuk di halaman login")): Object: 'Object Repository/Login/button_Masuk di halaman login' is clicked on

2023-10-03 11:03:52 - [MESSAGE][PASSED] - Object: 'Object Repository/Login/button_Masuk di halaman login' is clicked on

2023-10-03 11:03:52 - [TEST_STEP][PASSED] - verifyElementPresent(findTestObject("edit sosial media/verifikasi masuk halaman biodata diri"), 0): Object 'Object Repository/edit sosial media/verifikasi masuk halaman biodata diri' is present

2023-10-03 11:03:52 - [MESSAGE][WARNING] - Timeout '0' is invalid. Using default page load timeout: '30'

2023-10-03 11:03:52 - [MESSAGE][PASSED] - Object 'Object Repository/edit sosial media/verifikasi masuk halaman biodata diri' is present

2023-10-03 11:03:52 - [MESSAGE][PASSED] - Call Test Case 'Test Cases/M05 -Edit Sosial Media/TC-LS-001' successfully

2023-10-03 11:03:52 - [TEST_STEP][PASSED] - click(findTestObject("edit sosial media/a_Sosmed")): Object: 'Object Repository/edit sosial media/a_Sosmed' is clicked on

2023-10-03 11:03:54 - [MESSAGE][PASSED] - Object: 'Object Repository/edit sosial media/a_Sosmed' is clicked on

2023-10-03 11:03:54 - [TEST_STEP][PASSED] - click(findTestObject("edit sosial media/Edit Sosial Media")): Object: 'Object Repository/edit sosial media/Edit Sosial Media' is clicked on

2023-10-03 11:03:55 - [MESSAGE][PASSED] - Object: 'Object Repository/edit sosial media/Edit Sosial Media' is clicked on

2023-10-03 11:03:55 - [TEST_STEP][PASSED] - clearText(findTestObject("edit sosial media/input_LinkedIn_g")): Text of object 'Object Repository/edit sosial media/input_LinkedIn_g' is cleared

2023-10-03 11:03:56 - [MESSAGE][PASSED] - Text of object 'Object Repository/edit sosial media/input_LinkedIn_g' is cleared

2023-10-03 11:03:56 - [TEST_STEP][PASSED] - setText(findTestObject("edit sosial media/input_LinkedIn_g"), linkedin): Text '081112222' is set on object 'Object Repository/edit sosial media/input_LinkedIn_g'

2023-10-03 11:03:57 - [MESSAGE][PASSED] - Text '081112222' is set on object 'Object Repository/edit sosial media/input_LinkedIn_g'

2023-10-03 11:03:57 - [TEST_STEP][PASSED] - click(findTestObject("edit sosial media/center_Simpan Sosial Media")): Object: 'Object Repository/edit sosial media/center_Simpan Sosial Media' is clicked on

2023-10-03 11:03:59 - [MESSAGE][PASSED] - Object: 'Object Repository/edit sosial media/center_Simpan Sosial Media' is clicked on

2023-10-03 11:03:59 - [TEST_STEP][FAILED] - verifyTextPresent("plese input an valid username", false): Unable to verify text 'plese input an valid username' is present  (Root cause: com.kms.katalon.core.exception.StepFailedException: Unable to verify text 'plese input an valid username' is present 
	at com.kms.katalon.core.webui.keyword.internal.WebUIKeywordMain.stepFailed(WebUIKeywordMain.groovy:64)
	at com.kms.katalon.core.webui.keyword.internal.WebUIKeywordMain.runKeyword(WebUIKeywordMain.groovy:26)
	at com.kms.katalon.core.webui.keyword.builtin.VerifyTextPresentKeyword.verifyTextPresent(VerifyTextPresentKeyword.groovy:83)
	at com.kms.katalon.core.webui.keyword.builtin.VerifyTextPresentKeyword.execute(VerifyTextPresentKeyword.groovy:68)
	at com.kms.katalon.core.keyword.internal.KeywordExecutor.executeKeywordForPlatform(KeywordExecutor.groovy:74)
	at com.kms.katalon.core.webui.keyword.WebUiBuiltInKeywords.verifyTextPresent(WebUiBuiltInKeywords.groovy:1723)
	at com.kms.katalon.core.webui.keyword.WebUiBuiltInKeywords$verifyTextPresent$8.call(Unknown Source)
	at TC-ESMF-010.run(TC-ESMF-010:32)
	at com.kms.katalon.core.main.ScriptEngine.run(ScriptEngine.java:194)
	at com.kms.katalon.core.main.ScriptEngine.runScriptAsRawText(ScriptEngine.java:119)
	at com.kms.katalon.core.main.TestCaseExecutor.runScript(TestCaseExecutor.java:448)
	at com.kms.katalon.core.main.TestCaseExecutor.doExecute(TestCaseExecutor.java:439)
	at com.kms.katalon.core.main.TestCaseExecutor.processExecutionPhase(TestCaseExecutor.java:418)
	at com.kms.katalon.core.main.TestCaseExecutor.accessMainPhase(TestCaseExecutor.java:410)
	at com.kms.katalon.core.main.TestCaseExecutor.execute(TestCaseExecutor.java:285)
	at com.kms.katalon.core.common.CommonExecutor.accessTestCaseMainPhase(CommonExecutor.java:65)
	at com.kms.katalon.core.main.TestSuiteExecutor.accessTestSuiteMainPhase(TestSuiteExecutor.java:148)
	at com.kms.katalon.core.main.TestSuiteExecutor.execute(TestSuiteExecutor.java:106)
	at com.kms.katalon.core.main.TestCaseMain.startTestSuite(TestCaseMain.java:187)
	at com.kms.katalon.core.main.TestCaseMain$startTestSuite$0.call(Unknown Source)
	at TempTestSuite1696305328923.run(TempTestSuite1696305328923.groovy:36)
Caused by: com.kms.katalon.core.exception.StepFailedException: Text 'plese input an valid username' is not present on page 
	at com.kms.katalon.core.webui.keyword.internal.WebUIKeywordMain.stepFailed(WebUIKeywordMain.groovy:64)
	at com.kms.katalon.core.webui.keyword.builtin.VerifyTextPresentKeyword$_verifyTextPresent_closure1.doCall(VerifyTextPresentKeyword.groovy:79)
	at com.kms.katalon.core.webui.keyword.builtin.VerifyTextPresentKeyword$_verifyTextPresent_closure1.call(VerifyTextPresentKeyword.groovy)
	at com.kms.katalon.core.webui.keyword.internal.WebUIKeywordMain.runKeyword(WebUIKeywordMain.groovy:20)
	... 19 more
)

2023-10-03 11:04:01 - [MESSAGE][FAILED] - Text 'plese input an valid username' is not present on page  (Root cause: com.kms.katalon.core.exception.StepFailedException: Text 'plese input an valid username' is not present on page 
	at com.kms.katalon.core.webui.keyword.internal.WebUIKeywordMain.stepFailed(WebUIKeywordMain.groovy:64)
	at com.kms.katalon.core.webui.keyword.builtin.VerifyTextPresentKeyword$_verifyTextPresent_closure1.doCall(VerifyTextPresentKeyword.groovy:79)
	at com.kms.katalon.core.webui.keyword.builtin.VerifyTextPresentKeyword$_verifyTextPresent_closure1.call(VerifyTextPresentKeyword.groovy)
	at com.kms.katalon.core.webui.keyword.internal.WebUIKeywordMain.runKeyword(WebUIKeywordMain.groovy:20)
	at com.kms.katalon.core.webui.keyword.builtin.VerifyTextPresentKeyword.verifyTextPresent(VerifyTextPresentKeyword.groovy:83)
	at com.kms.katalon.core.webui.keyword.builtin.VerifyTextPresentKeyword.execute(VerifyTextPresentKeyword.groovy:68)
	at com.kms.katalon.core.keyword.internal.KeywordExecutor.executeKeywordForPlatform(KeywordExecutor.groovy:74)
	at com.kms.katalon.core.webui.keyword.WebUiBuiltInKeywords.verifyTextPresent(WebUiBuiltInKeywords.groovy:1723)
	at com.kms.katalon.core.webui.keyword.WebUiBuiltInKeywords$verifyTextPresent$8.call(Unknown Source)
	at TC-ESMF-010.run(TC-ESMF-010:32)
	at com.kms.katalon.core.main.ScriptEngine.run(ScriptEngine.java:194)
	at com.kms.katalon.core.main.ScriptEngine.runScriptAsRawText(ScriptEngine.java:119)
	at com.kms.katalon.core.main.TestCaseExecutor.runScript(TestCaseExecutor.java:448)
	at com.kms.katalon.core.main.TestCaseExecutor.doExecute(TestCaseExecutor.java:439)
	at com.kms.katalon.core.main.TestCaseExecutor.processExecutionPhase(TestCaseExecutor.java:418)
	at com.kms.katalon.core.main.TestCaseExecutor.accessMainPhase(TestCaseExecutor.java:410)
	at com.kms.katalon.core.main.TestCaseExecutor.execute(TestCaseExecutor.java:285)
	at com.kms.katalon.core.common.CommonExecutor.accessTestCaseMainPhase(CommonExecutor.java:65)
	at com.kms.katalon.core.main.TestSuiteExecutor.accessTestSuiteMainPhase(TestSuiteExecutor.java:148)
	at com.kms.katalon.core.main.TestSuiteExecutor.execute(TestSuiteExecutor.java:106)
	at com.kms.katalon.core.main.TestCaseMain.startTestSuite(TestCaseMain.java:187)
	at com.kms.katalon.core.main.TestCaseMain$startTestSuite$0.call(Unknown Source)
	at TempTestSuite1696305328923.run(TempTestSuite1696305328923.groovy:36)
)

2023-10-03 11:04:01 - [MESSAGE][FAILED] - Unable to verify text 'plese input an valid username' is present  (Root cause: com.kms.katalon.core.exception.StepFailedException: Unable to verify text 'plese input an valid username' is present 
	at com.kms.katalon.core.webui.keyword.internal.WebUIKeywordMain.stepFailed(WebUIKeywordMain.groovy:64)
	at com.kms.katalon.core.webui.keyword.internal.WebUIKeywordMain.runKeyword(WebUIKeywordMain.groovy:26)
	at com.kms.katalon.core.webui.keyword.builtin.VerifyTextPresentKeyword.verifyTextPresent(VerifyTextPresentKeyword.groovy:83)
	at com.kms.katalon.core.webui.keyword.builtin.VerifyTextPresentKeyword.execute(VerifyTextPresentKeyword.groovy:68)
	at com.kms.katalon.core.keyword.internal.KeywordExecutor.executeKeywordForPlatform(KeywordExecutor.groovy:74)
	at com.kms.katalon.core.webui.keyword.WebUiBuiltInKeywords.verifyTextPresent(WebUiBuiltInKeywords.groovy:1723)
	at com.kms.katalon.core.webui.keyword.WebUiBuiltInKeywords$verifyTextPresent$8.call(Unknown Source)
	at TC-ESMF-010.run(TC-ESMF-010:32)
	at com.kms.katalon.core.main.ScriptEngine.run(ScriptEngine.java:194)
	at com.kms.katalon.core.main.ScriptEngine.runScriptAsRawText(ScriptEngine.java:119)
	at com.kms.katalon.core.main.TestCaseExecutor.runScript(TestCaseExecutor.java:448)
	at com.kms.katalon.core.main.TestCaseExecutor.doExecute(TestCaseExecutor.java:439)
	at com.kms.katalon.core.main.TestCaseExecutor.processExecutionPhase(TestCaseExecutor.java:418)
	at com.kms.katalon.core.main.TestCaseExecutor.accessMainPhase(TestCaseExecutor.java:410)
	at com.kms.katalon.core.main.TestCaseExecutor.execute(TestCaseExecutor.java:285)
	at com.kms.katalon.core.common.CommonExecutor.accessTestCaseMainPhase(CommonExecutor.java:65)
	at com.kms.katalon.core.main.TestSuiteExecutor.accessTestSuiteMainPhase(TestSuiteExecutor.java:148)
	at com.kms.katalon.core.main.TestSuiteExecutor.execute(TestSuiteExecutor.java:106)
	at com.kms.katalon.core.main.TestCaseMain.startTestSuite(TestCaseMain.java:187)
	at com.kms.katalon.core.main.TestCaseMain$startTestSuite$0.call(Unknown Source)
	at TempTestSuite1696305328923.run(TempTestSuite1696305328923.groovy:36)
Caused by: com.kms.katalon.core.exception.StepFailedException: Text 'plese input an valid username' is not present on page 
	at com.kms.katalon.core.webui.keyword.internal.WebUIKeywordMain.stepFailed(WebUIKeywordMain.groovy:64)
	at com.kms.katalon.core.webui.keyword.builtin.VerifyTextPresentKeyword$_verifyTextPresent_closure1.doCall(VerifyTextPresentKeyword.groovy:79)
	at com.kms.katalon.core.webui.keyword.builtin.VerifyTextPresentKeyword$_verifyTextPresent_closure1.call(VerifyTextPresentKeyword.groovy)
	at com.kms.katalon.core.webui.keyword.internal.WebUIKeywordMain.runKeyword(WebUIKeywordMain.groovy:20)
	... 19 more
)
[[ATTACHMENT|F:\\bootcamp\\Miniproject\\Tajalapak\\Reports\\20231003_105528\\M05 - Edit Sosial Media\\20231003_105528\\1696305841012.png]]]]></system-out>
         <system-err><![CDATA[2023-10-03 11:03:33 - [TEST_CASE][FAILED] - Test Cases/M05 -Edit Sosial Media/TC-ESMF-010: Test Cases/M05 -Edit Sosial Media/TC-ESMF-010 FAILED.
Reason:
com.kms.katalon.core.exception.StepFailedException: Unable to verify text 'plese input an valid username' is present 
	at com.kms.katalon.core.webui.keyword.internal.WebUIKeywordMain.stepFailed(WebUIKeywordMain.groovy:64)
	at com.kms.katalon.core.webui.keyword.internal.WebUIKeywordMain.runKeyword(WebUIKeywordMain.groovy:26)
	at com.kms.katalon.core.webui.keyword.builtin.VerifyTextPresentKeyword.verifyTextPresent(VerifyTextPresentKeyword.groovy:83)
	at com.kms.katalon.core.webui.keyword.builtin.VerifyTextPresentKeyword.execute(VerifyTextPresentKeyword.groovy:68)
	at com.kms.katalon.core.keyword.internal.KeywordExecutor.executeKeywordForPlatform(KeywordExecutor.groovy:74)
	at com.kms.katalon.core.webui.keyword.WebUiBuiltInKeywords.verifyTextPresent(WebUiBuiltInKeywords.groovy:1723)
	at com.kms.katalon.core.webui.keyword.WebUiBuiltInKeywords$verifyTextPresent$8.call(Unknown Source)
	at TC-ESMF-010.run(TC-ESMF-010:32)
	at com.kms.katalon.core.main.ScriptEngine.run(ScriptEngine.java:194)
	at com.kms.katalon.core.main.ScriptEngine.runScriptAsRawText(ScriptEngine.java:119)
	at com.kms.katalon.core.main.TestCaseExecutor.runScript(TestCaseExecutor.java:448)
	at com.kms.katalon.core.main.TestCaseExecutor.doExecute(TestCaseExecutor.java:439)
	at com.kms.katalon.core.main.TestCaseExecutor.processExecutionPhase(TestCaseExecutor.java:418)
	at com.kms.katalon.core.main.TestCaseExecutor.accessMainPhase(TestCaseExecutor.java:410)
	at com.kms.katalon.core.main.TestCaseExecutor.execute(TestCaseExecutor.java:285)
	at com.kms.katalon.core.common.CommonExecutor.accessTestCaseMainPhase(CommonExecutor.java:65)
	at com.kms.katalon.core.main.TestSuiteExecutor.accessTestSuiteMainPhase(TestSuiteExecutor.java:148)
	at com.kms.katalon.core.main.TestSuiteExecutor.execute(TestSuiteExecutor.java:106)
	at com.kms.katalon.core.main.TestCaseMain.startTestSuite(TestCaseMain.java:187)
	at com.kms.katalon.core.main.TestCaseMain$startTestSuite$0.call(Unknown Source)
	at TempTestSuite1696305328923.run(TempTestSuite1696305328923.groovy:36)
Caused by: com.kms.katalon.core.exception.StepFailedException: Text 'plese input an valid username' is not present on page 
	at com.kms.katalon.core.webui.keyword.internal.WebUIKeywordMain.stepFailed(WebUIKeywordMain.groovy:64)
	at com.kms.katalon.core.webui.keyword.builtin.VerifyTextPresentKeyword$_verifyTextPresent_closure1.doCall(VerifyTextPresentKeyword.groovy:79)
	at com.kms.katalon.core.webui.keyword.builtin.VerifyTextPresentKeyword$_verifyTextPresent_closure1.call(VerifyTextPresentKeyword.groovy)
	at com.kms.katalon.core.webui.keyword.internal.WebUIKeywordMain.runKeyword(WebUIKeywordMain.groovy:20)
	... 19 more]]></system-err>
      </testcase>
      <testcase name="Test Cases/M05 -Edit Sosial Media/TC-ESMF-011" time="25.746" classname="Test Cases/M05 -Edit Sosial Media/TC-ESMF-011" status="FAILED">
         <failure type="FAILED" message="Test Cases/M05 -Edit Sosial Media/TC-ESMF-011 FAILED.
Reason:
com.kms.katalon.core.exception.StepFailedException: Unable to verify text 'plese input an valid username' is present 
	at com.kms.katalon.core.webui.keyword.internal.WebUIKeywordMain.stepFailed(WebUIKeywordMain.groovy:64)
	at com.kms.katalon.core.webui.keyword.internal.WebUIKeywordMain.runKeyword(WebUIKeywordMain.groovy:26)
	at com.kms.katalon.core.webui.keyword.builtin.VerifyTextPresentKeyword.verifyTextPresent(VerifyTextPresentKeyword.groovy:83)
	at com.kms.katalon.core.webui.keyword.builtin.VerifyTextPresentKeyword.execute(VerifyTextPresentKeyword.groovy:68)
	at com.kms.katalon.core.keyword.internal.KeywordExecutor.executeKeywordForPlatform(KeywordExecutor.groovy:74)
	at com.kms.katalon.core.webui.keyword.WebUiBuiltInKeywords.verifyTextPresent(WebUiBuiltInKeywords.groovy:1723)
	at com.kms.katalon.core.webui.keyword.WebUiBuiltInKeywords$verifyTextPresent$8.call(Unknown Source)
	at TC-ESMF-011.run(TC-ESMF-011:32)
	at com.kms.katalon.core.main.ScriptEngine.run(ScriptEngine.java:194)
	at com.kms.katalon.core.main.ScriptEngine.runScriptAsRawText(ScriptEngine.java:119)
	at com.kms.katalon.core.main.TestCaseExecutor.runScript(TestCaseExecutor.java:448)
	at com.kms.katalon.core.main.TestCaseExecutor.doExecute(TestCaseExecutor.java:439)
	at com.kms.katalon.core.main.TestCaseExecutor.processExecutionPhase(TestCaseExecutor.java:418)
	at com.kms.katalon.core.main.TestCaseExecutor.accessMainPhase(TestCaseExecutor.java:410)
	at com.kms.katalon.core.main.TestCaseExecutor.execute(TestCaseExecutor.java:285)
	at com.kms.katalon.core.common.CommonExecutor.accessTestCaseMainPhase(CommonExecutor.java:65)
	at com.kms.katalon.core.main.TestSuiteExecutor.accessTestSuiteMainPhase(TestSuiteExecutor.java:148)
	at com.kms.katalon.core.main.TestSuiteExecutor.execute(TestSuiteExecutor.java:106)
	at com.kms.katalon.core.main.TestCaseMain.startTestSuite(TestCaseMain.java:187)
	at com.kms.katalon.core.main.TestCaseMain$startTestSuite$0.call(Unknown Source)
	at TempTestSuite1696305328923.run(TempTestSuite1696305328923.groovy:36)
Caused by: com.kms.katalon.core.exception.StepFailedException: Text 'plese input an valid username' is not present on page 
	at com.kms.katalon.core.webui.keyword.internal.WebUIKeywordMain.stepFailed(WebUIKeywordMain.groovy:64)
	at com.kms.katalon.core.webui.keyword.builtin.VerifyTextPresentKeyword$_verifyTextPresent_closure1.doCall(VerifyTextPresentKeyword.groovy:79)
	at com.kms.katalon.core.webui.keyword.builtin.VerifyTextPresentKeyword$_verifyTextPresent_closure1.call(VerifyTextPresentKeyword.groovy)
	at com.kms.katalon.core.webui.keyword.internal.WebUIKeywordMain.runKeyword(WebUIKeywordMain.groovy:20)
	... 19 more
"/>
         <system-out><![CDATA[2023-10-03 11:04:01 - [TEST_CASE][FAILED] - Test Cases/M05 -Edit Sosial Media/TC-ESMF-011: Test Cases/M05 -Edit Sosial Media/TC-ESMF-011 FAILED.
Reason:
com.kms.katalon.core.exception.StepFailedException: Unable to verify text 'plese input an valid username' is present 
	at com.kms.katalon.core.webui.keyword.internal.WebUIKeywordMain.stepFailed(WebUIKeywordMain.groovy:64)
	at com.kms.katalon.core.webui.keyword.internal.WebUIKeywordMain.runKeyword(WebUIKeywordMain.groovy:26)
	at com.kms.katalon.core.webui.keyword.builtin.VerifyTextPresentKeyword.verifyTextPresent(VerifyTextPresentKeyword.groovy:83)
	at com.kms.katalon.core.webui.keyword.builtin.VerifyTextPresentKeyword.execute(VerifyTextPresentKeyword.groovy:68)
	at com.kms.katalon.core.keyword.internal.KeywordExecutor.executeKeywordForPlatform(KeywordExecutor.groovy:74)
	at com.kms.katalon.core.webui.keyword.WebUiBuiltInKeywords.verifyTextPresent(WebUiBuiltInKeywords.groovy:1723)
	at com.kms.katalon.core.webui.keyword.WebUiBuiltInKeywords$verifyTextPresent$8.call(Unknown Source)
	at TC-ESMF-011.run(TC-ESMF-011:32)
	at com.kms.katalon.core.main.ScriptEngine.run(ScriptEngine.java:194)
	at com.kms.katalon.core.main.ScriptEngine.runScriptAsRawText(ScriptEngine.java:119)
	at com.kms.katalon.core.main.TestCaseExecutor.runScript(TestCaseExecutor.java:448)
	at com.kms.katalon.core.main.TestCaseExecutor.doExecute(TestCaseExecutor.java:439)
	at com.kms.katalon.core.main.TestCaseExecutor.processExecutionPhase(TestCaseExecutor.java:418)
	at com.kms.katalon.core.main.TestCaseExecutor.accessMainPhase(TestCaseExecutor.java:410)
	at com.kms.katalon.core.main.TestCaseExecutor.execute(TestCaseExecutor.java:285)
	at com.kms.katalon.core.common.CommonExecutor.accessTestCaseMainPhase(CommonExecutor.java:65)
	at com.kms.katalon.core.main.TestSuiteExecutor.accessTestSuiteMainPhase(TestSuiteExecutor.java:148)
	at com.kms.katalon.core.main.TestSuiteExecutor.execute(TestSuiteExecutor.java:106)
	at com.kms.katalon.core.main.TestCaseMain.startTestSuite(TestCaseMain.java:187)
	at com.kms.katalon.core.main.TestCaseMain$startTestSuite$0.call(Unknown Source)
	at TempTestSuite1696305328923.run(TempTestSuite1696305328923.groovy:36)
Caused by: com.kms.katalon.core.exception.StepFailedException: Text 'plese input an valid username' is not present on page 
	at com.kms.katalon.core.webui.keyword.internal.WebUIKeywordMain.stepFailed(WebUIKeywordMain.groovy:64)
	at com.kms.katalon.core.webui.keyword.builtin.VerifyTextPresentKeyword$_verifyTextPresent_closure1.doCall(VerifyTextPresentKeyword.groovy:79)
	at com.kms.katalon.core.webui.keyword.builtin.VerifyTextPresentKeyword$_verifyTextPresent_closure1.call(VerifyTextPresentKeyword.groovy)
	at com.kms.katalon.core.webui.keyword.internal.WebUIKeywordMain.runKeyword(WebUIKeywordMain.groovy:20)
	... 19 more


2023-10-03 11:04:02 - [TEST_STEP][PASSED] - callTestCase(findTestCase("M05 -Edit Sosial Media/TC-LS-001"), [:], STOP_ON_FAILURE): Call Test Case 'Test Cases/M05 -Edit Sosial Media/TC-LS-001' successfully

2023-10-03 11:04:02 - [TEST_CASE][PASSED] - Test Cases/M05 -Edit Sosial Media/TC-LS-001: Test Cases/M05 -Edit Sosial Media/TC-LS-001

2023-10-03 11:04:02 - [TEST_STEP][PASSED] - openBrowser(urlWeb): Browser is opened with url: 'https://10.9.2.63/ecommerce/'

2023-10-03 11:04:02 - [MESSAGE][WARNING] - A browser is already opened. Closing browser and opening a new one

2023-10-03 11:04:04 - [MESSAGE][INFO] - Starting 'Firefox' driver

2023-10-03 11:04:04 - [MESSAGE][INFO] - Action delay is set to 0 milliseconds

2023-10-03 11:04:13 - [MESSAGE][PASSED] - Browser is opened with url: 'https://10.9.2.63/ecommerce/'

2023-10-03 11:04:13 - [TEST_STEP][PASSED] - maximizeWindow(): Current window maximized

2023-10-03 11:04:13 - [MESSAGE][PASSED] - Current window maximized

2023-10-03 11:04:13 - [TEST_STEP][PASSED] - click(findTestObject("Login/a_Login")): Object: 'Object Repository/Login/a_Login' is clicked on

2023-10-03 11:04:14 - [MESSAGE][PASSED] - Object: 'Object Repository/Login/a_Login' is clicked on

2023-10-03 11:04:14 - [TEST_STEP][PASSED] - setText(findTestObject("Login/input_Username, Email atau No. Handphone_a"), "runa36"): Text 'runa36' is set on object 'Object Repository/Login/input_Username, Email atau No. Handphone_a'

2023-10-03 11:04:15 - [MESSAGE][PASSED] - Text 'runa36' is set on object 'Object Repository/Login/input_Username, Email atau No. Handphone_a'

2023-10-03 11:04:15 - [TEST_STEP][PASSED] - setEncryptedText(findTestObject("Login/input_Password di Login(Masuk)"), "qbkrdMwyWE4="): Text ****** has been set on object 'Object Repository/Login/input_Password di Login(Masuk)'

2023-10-03 11:04:16 - [MESSAGE][PASSED] - Text ****** has been set on object 'Object Repository/Login/input_Password di Login(Masuk)'

2023-10-03 11:04:16 - [TEST_STEP][PASSED] - click(findTestObject("Login/button_Masuk di halaman login")): Object: 'Object Repository/Login/button_Masuk di halaman login' is clicked on

2023-10-03 11:04:17 - [MESSAGE][PASSED] - Object: 'Object Repository/Login/button_Masuk di halaman login' is clicked on

2023-10-03 11:04:17 - [TEST_STEP][PASSED] - verifyElementPresent(findTestObject("edit sosial media/verifikasi masuk halaman biodata diri"), 0): Object 'Object Repository/edit sosial media/verifikasi masuk halaman biodata diri' is present

2023-10-03 11:04:18 - [MESSAGE][WARNING] - Timeout '0' is invalid. Using default page load timeout: '30'

2023-10-03 11:04:18 - [MESSAGE][PASSED] - Object 'Object Repository/edit sosial media/verifikasi masuk halaman biodata diri' is present

2023-10-03 11:04:18 - [MESSAGE][PASSED] - Call Test Case 'Test Cases/M05 -Edit Sosial Media/TC-LS-001' successfully

2023-10-03 11:04:18 - [TEST_STEP][PASSED] - click(findTestObject("edit sosial media/a_Sosmed")): Object: 'Object Repository/edit sosial media/a_Sosmed' is clicked on

2023-10-03 11:04:20 - [MESSAGE][PASSED] - Object: 'Object Repository/edit sosial media/a_Sosmed' is clicked on

2023-10-03 11:04:20 - [TEST_STEP][PASSED] - click(findTestObject("edit sosial media/Edit Sosial Media")): Object: 'Object Repository/edit sosial media/Edit Sosial Media' is clicked on

2023-10-03 11:04:21 - [MESSAGE][PASSED] - Object: 'Object Repository/edit sosial media/Edit Sosial Media' is clicked on

2023-10-03 11:04:21 - [TEST_STEP][PASSED] - clearText(findTestObject("edit sosial media/input_LinkedIn_g")): Text of object 'Object Repository/edit sosial media/input_LinkedIn_g' is cleared

2023-10-03 11:04:22 - [MESSAGE][PASSED] - Text of object 'Object Repository/edit sosial media/input_LinkedIn_g' is cleared

2023-10-03 11:04:22 - [TEST_STEP][PASSED] - setText(findTestObject("edit sosial media/input_LinkedIn_g"), linkedin): Text '%$#' is set on object 'Object Repository/edit sosial media/input_LinkedIn_g'

2023-10-03 11:04:23 - [MESSAGE][PASSED] - Text '%$#' is set on object 'Object Repository/edit sosial media/input_LinkedIn_g'

2023-10-03 11:04:23 - [TEST_STEP][PASSED] - click(findTestObject("edit sosial media/center_Simpan Sosial Media")): Object: 'Object Repository/edit sosial media/center_Simpan Sosial Media' is clicked on

2023-10-03 11:04:25 - [MESSAGE][PASSED] - Object: 'Object Repository/edit sosial media/center_Simpan Sosial Media' is clicked on

2023-10-03 11:04:25 - [TEST_STEP][FAILED] - verifyTextPresent("plese input an valid username", false): Unable to verify text 'plese input an valid username' is present  (Root cause: com.kms.katalon.core.exception.StepFailedException: Unable to verify text 'plese input an valid username' is present 
	at com.kms.katalon.core.webui.keyword.internal.WebUIKeywordMain.stepFailed(WebUIKeywordMain.groovy:64)
	at com.kms.katalon.core.webui.keyword.internal.WebUIKeywordMain.runKeyword(WebUIKeywordMain.groovy:26)
	at com.kms.katalon.core.webui.keyword.builtin.VerifyTextPresentKeyword.verifyTextPresent(VerifyTextPresentKeyword.groovy:83)
	at com.kms.katalon.core.webui.keyword.builtin.VerifyTextPresentKeyword.execute(VerifyTextPresentKeyword.groovy:68)
	at com.kms.katalon.core.keyword.internal.KeywordExecutor.executeKeywordForPlatform(KeywordExecutor.groovy:74)
	at com.kms.katalon.core.webui.keyword.WebUiBuiltInKeywords.verifyTextPresent(WebUiBuiltInKeywords.groovy:1723)
	at com.kms.katalon.core.webui.keyword.WebUiBuiltInKeywords$verifyTextPresent$8.call(Unknown Source)
	at TC-ESMF-011.run(TC-ESMF-011:32)
	at com.kms.katalon.core.main.ScriptEngine.run(ScriptEngine.java:194)
	at com.kms.katalon.core.main.ScriptEngine.runScriptAsRawText(ScriptEngine.java:119)
	at com.kms.katalon.core.main.TestCaseExecutor.runScript(TestCaseExecutor.java:448)
	at com.kms.katalon.core.main.TestCaseExecutor.doExecute(TestCaseExecutor.java:439)
	at com.kms.katalon.core.main.TestCaseExecutor.processExecutionPhase(TestCaseExecutor.java:418)
	at com.kms.katalon.core.main.TestCaseExecutor.accessMainPhase(TestCaseExecutor.java:410)
	at com.kms.katalon.core.main.TestCaseExecutor.execute(TestCaseExecutor.java:285)
	at com.kms.katalon.core.common.CommonExecutor.accessTestCaseMainPhase(CommonExecutor.java:65)
	at com.kms.katalon.core.main.TestSuiteExecutor.accessTestSuiteMainPhase(TestSuiteExecutor.java:148)
	at com.kms.katalon.core.main.TestSuiteExecutor.execute(TestSuiteExecutor.java:106)
	at com.kms.katalon.core.main.TestCaseMain.startTestSuite(TestCaseMain.java:187)
	at com.kms.katalon.core.main.TestCaseMain$startTestSuite$0.call(Unknown Source)
	at TempTestSuite1696305328923.run(TempTestSuite1696305328923.groovy:36)
Caused by: com.kms.katalon.core.exception.StepFailedException: Text 'plese input an valid username' is not present on page 
	at com.kms.katalon.core.webui.keyword.internal.WebUIKeywordMain.stepFailed(WebUIKeywordMain.groovy:64)
	at com.kms.katalon.core.webui.keyword.builtin.VerifyTextPresentKeyword$_verifyTextPresent_closure1.doCall(VerifyTextPresentKeyword.groovy:79)
	at com.kms.katalon.core.webui.keyword.builtin.VerifyTextPresentKeyword$_verifyTextPresent_closure1.call(VerifyTextPresentKeyword.groovy)
	at com.kms.katalon.core.webui.keyword.internal.WebUIKeywordMain.runKeyword(WebUIKeywordMain.groovy:20)
	... 19 more
)

2023-10-03 11:04:26 - [MESSAGE][FAILED] - Text 'plese input an valid username' is not present on page  (Root cause: com.kms.katalon.core.exception.StepFailedException: Text 'plese input an valid username' is not present on page 
	at com.kms.katalon.core.webui.keyword.internal.WebUIKeywordMain.stepFailed(WebUIKeywordMain.groovy:64)
	at com.kms.katalon.core.webui.keyword.builtin.VerifyTextPresentKeyword$_verifyTextPresent_closure1.doCall(VerifyTextPresentKeyword.groovy:79)
	at com.kms.katalon.core.webui.keyword.builtin.VerifyTextPresentKeyword$_verifyTextPresent_closure1.call(VerifyTextPresentKeyword.groovy)
	at com.kms.katalon.core.webui.keyword.internal.WebUIKeywordMain.runKeyword(WebUIKeywordMain.groovy:20)
	at com.kms.katalon.core.webui.keyword.builtin.VerifyTextPresentKeyword.verifyTextPresent(VerifyTextPresentKeyword.groovy:83)
	at com.kms.katalon.core.webui.keyword.builtin.VerifyTextPresentKeyword.execute(VerifyTextPresentKeyword.groovy:68)
	at com.kms.katalon.core.keyword.internal.KeywordExecutor.executeKeywordForPlatform(KeywordExecutor.groovy:74)
	at com.kms.katalon.core.webui.keyword.WebUiBuiltInKeywords.verifyTextPresent(WebUiBuiltInKeywords.groovy:1723)
	at com.kms.katalon.core.webui.keyword.WebUiBuiltInKeywords$verifyTextPresent$8.call(Unknown Source)
	at TC-ESMF-011.run(TC-ESMF-011:32)
	at com.kms.katalon.core.main.ScriptEngine.run(ScriptEngine.java:194)
	at com.kms.katalon.core.main.ScriptEngine.runScriptAsRawText(ScriptEngine.java:119)
	at com.kms.katalon.core.main.TestCaseExecutor.runScript(TestCaseExecutor.java:448)
	at com.kms.katalon.core.main.TestCaseExecutor.doExecute(TestCaseExecutor.java:439)
	at com.kms.katalon.core.main.TestCaseExecutor.processExecutionPhase(TestCaseExecutor.java:418)
	at com.kms.katalon.core.main.TestCaseExecutor.accessMainPhase(TestCaseExecutor.java:410)
	at com.kms.katalon.core.main.TestCaseExecutor.execute(TestCaseExecutor.java:285)
	at com.kms.katalon.core.common.CommonExecutor.accessTestCaseMainPhase(CommonExecutor.java:65)
	at com.kms.katalon.core.main.TestSuiteExecutor.accessTestSuiteMainPhase(TestSuiteExecutor.java:148)
	at com.kms.katalon.core.main.TestSuiteExecutor.execute(TestSuiteExecutor.java:106)
	at com.kms.katalon.core.main.TestCaseMain.startTestSuite(TestCaseMain.java:187)
	at com.kms.katalon.core.main.TestCaseMain$startTestSuite$0.call(Unknown Source)
	at TempTestSuite1696305328923.run(TempTestSuite1696305328923.groovy:36)
)

2023-10-03 11:04:27 - [MESSAGE][FAILED] - Unable to verify text 'plese input an valid username' is present  (Root cause: com.kms.katalon.core.exception.StepFailedException: Unable to verify text 'plese input an valid username' is present 
	at com.kms.katalon.core.webui.keyword.internal.WebUIKeywordMain.stepFailed(WebUIKeywordMain.groovy:64)
	at com.kms.katalon.core.webui.keyword.internal.WebUIKeywordMain.runKeyword(WebUIKeywordMain.groovy:26)
	at com.kms.katalon.core.webui.keyword.builtin.VerifyTextPresentKeyword.verifyTextPresent(VerifyTextPresentKeyword.groovy:83)
	at com.kms.katalon.core.webui.keyword.builtin.VerifyTextPresentKeyword.execute(VerifyTextPresentKeyword.groovy:68)
	at com.kms.katalon.core.keyword.internal.KeywordExecutor.executeKeywordForPlatform(KeywordExecutor.groovy:74)
	at com.kms.katalon.core.webui.keyword.WebUiBuiltInKeywords.verifyTextPresent(WebUiBuiltInKeywords.groovy:1723)
	at com.kms.katalon.core.webui.keyword.WebUiBuiltInKeywords$verifyTextPresent$8.call(Unknown Source)
	at TC-ESMF-011.run(TC-ESMF-011:32)
	at com.kms.katalon.core.main.ScriptEngine.run(ScriptEngine.java:194)
	at com.kms.katalon.core.main.ScriptEngine.runScriptAsRawText(ScriptEngine.java:119)
	at com.kms.katalon.core.main.TestCaseExecutor.runScript(TestCaseExecutor.java:448)
	at com.kms.katalon.core.main.TestCaseExecutor.doExecute(TestCaseExecutor.java:439)
	at com.kms.katalon.core.main.TestCaseExecutor.processExecutionPhase(TestCaseExecutor.java:418)
	at com.kms.katalon.core.main.TestCaseExecutor.accessMainPhase(TestCaseExecutor.java:410)
	at com.kms.katalon.core.main.TestCaseExecutor.execute(TestCaseExecutor.java:285)
	at com.kms.katalon.core.common.CommonExecutor.accessTestCaseMainPhase(CommonExecutor.java:65)
	at com.kms.katalon.core.main.TestSuiteExecutor.accessTestSuiteMainPhase(TestSuiteExecutor.java:148)
	at com.kms.katalon.core.main.TestSuiteExecutor.execute(TestSuiteExecutor.java:106)
	at com.kms.katalon.core.main.TestCaseMain.startTestSuite(TestCaseMain.java:187)
	at com.kms.katalon.core.main.TestCaseMain$startTestSuite$0.call(Unknown Source)
	at TempTestSuite1696305328923.run(TempTestSuite1696305328923.groovy:36)
Caused by: com.kms.katalon.core.exception.StepFailedException: Text 'plese input an valid username' is not present on page 
	at com.kms.katalon.core.webui.keyword.internal.WebUIKeywordMain.stepFailed(WebUIKeywordMain.groovy:64)
	at com.kms.katalon.core.webui.keyword.builtin.VerifyTextPresentKeyword$_verifyTextPresent_closure1.doCall(VerifyTextPresentKeyword.groovy:79)
	at com.kms.katalon.core.webui.keyword.builtin.VerifyTextPresentKeyword$_verifyTextPresent_closure1.call(VerifyTextPresentKeyword.groovy)
	at com.kms.katalon.core.webui.keyword.internal.WebUIKeywordMain.runKeyword(WebUIKeywordMain.groovy:20)
	... 19 more
)
[[ATTACHMENT|F:\\bootcamp\\Miniproject\\Tajalapak\\Reports\\20231003_105528\\M05 - Edit Sosial Media\\20231003_105528\\1696305866677.png]]]]></system-out>
         <system-err><![CDATA[2023-10-03 11:04:01 - [TEST_CASE][FAILED] - Test Cases/M05 -Edit Sosial Media/TC-ESMF-011: Test Cases/M05 -Edit Sosial Media/TC-ESMF-011 FAILED.
Reason:
com.kms.katalon.core.exception.StepFailedException: Unable to verify text 'plese input an valid username' is present 
	at com.kms.katalon.core.webui.keyword.internal.WebUIKeywordMain.stepFailed(WebUIKeywordMain.groovy:64)
	at com.kms.katalon.core.webui.keyword.internal.WebUIKeywordMain.runKeyword(WebUIKeywordMain.groovy:26)
	at com.kms.katalon.core.webui.keyword.builtin.VerifyTextPresentKeyword.verifyTextPresent(VerifyTextPresentKeyword.groovy:83)
	at com.kms.katalon.core.webui.keyword.builtin.VerifyTextPresentKeyword.execute(VerifyTextPresentKeyword.groovy:68)
	at com.kms.katalon.core.keyword.internal.KeywordExecutor.executeKeywordForPlatform(KeywordExecutor.groovy:74)
	at com.kms.katalon.core.webui.keyword.WebUiBuiltInKeywords.verifyTextPresent(WebUiBuiltInKeywords.groovy:1723)
	at com.kms.katalon.core.webui.keyword.WebUiBuiltInKeywords$verifyTextPresent$8.call(Unknown Source)
	at TC-ESMF-011.run(TC-ESMF-011:32)
	at com.kms.katalon.core.main.ScriptEngine.run(ScriptEngine.java:194)
	at com.kms.katalon.core.main.ScriptEngine.runScriptAsRawText(ScriptEngine.java:119)
	at com.kms.katalon.core.main.TestCaseExecutor.runScript(TestCaseExecutor.java:448)
	at com.kms.katalon.core.main.TestCaseExecutor.doExecute(TestCaseExecutor.java:439)
	at com.kms.katalon.core.main.TestCaseExecutor.processExecutionPhase(TestCaseExecutor.java:418)
	at com.kms.katalon.core.main.TestCaseExecutor.accessMainPhase(TestCaseExecutor.java:410)
	at com.kms.katalon.core.main.TestCaseExecutor.execute(TestCaseExecutor.java:285)
	at com.kms.katalon.core.common.CommonExecutor.accessTestCaseMainPhase(CommonExecutor.java:65)
	at com.kms.katalon.core.main.TestSuiteExecutor.accessTestSuiteMainPhase(TestSuiteExecutor.java:148)
	at com.kms.katalon.core.main.TestSuiteExecutor.execute(TestSuiteExecutor.java:106)
	at com.kms.katalon.core.main.TestCaseMain.startTestSuite(TestCaseMain.java:187)
	at com.kms.katalon.core.main.TestCaseMain$startTestSuite$0.call(Unknown Source)
	at TempTestSuite1696305328923.run(TempTestSuite1696305328923.groovy:36)
Caused by: com.kms.katalon.core.exception.StepFailedException: Text 'plese input an valid username' is not present on page 
	at com.kms.katalon.core.webui.keyword.internal.WebUIKeywordMain.stepFailed(WebUIKeywordMain.groovy:64)
	at com.kms.katalon.core.webui.keyword.builtin.VerifyTextPresentKeyword$_verifyTextPresent_closure1.doCall(VerifyTextPresentKeyword.groovy:79)
	at com.kms.katalon.core.webui.keyword.builtin.VerifyTextPresentKeyword$_verifyTextPresent_closure1.call(VerifyTextPresentKeyword.groovy)
	at com.kms.katalon.core.webui.keyword.internal.WebUIKeywordMain.runKeyword(WebUIKeywordMain.groovy:20)
	... 19 more]]></system-err>
      </testcase>
      <system-out><![CDATA[2023-10-03 10:55:42 - [TEST_SUITE][FAILED] - M05 - Edit Sosial Media: Test Cases/M05 -Edit Sosial Media/TC-ESMS-003 FAILED.
Reason:
Assertion failed: 

assert twit.toString().trim().equalsIgnoreCase(twitter.trim())
       |    |          |      |                |       |
       -    -          -      false            ""      ""

	at TC-ESMS-003.run(TC-ESMS-003:36)
	at com.kms.katalon.core.main.ScriptEngine.run(ScriptEngine.java:194)
	at com.kms.katalon.core.main.ScriptEngine.runScriptAsRawText(ScriptEngine.java:119)
	at com.kms.katalon.core.main.TestCaseExecutor.runScript(TestCaseExecutor.java:448)
	at com.kms.katalon.core.main.TestCaseExecutor.doExecute(TestCaseExecutor.java:439)
	at com.kms.katalon.core.main.TestCaseExecutor.processExecutionPhase(TestCaseExecutor.java:418)
	at com.kms.katalon.core.main.TestCaseExecutor.accessMainPhase(TestCaseExecutor.java:410)
	at com.kms.katalon.core.main.TestCaseExecutor.execute(TestCaseExecutor.java:285)
	at com.kms.katalon.core.common.CommonExecutor.accessTestCaseMainPhase(CommonExecutor.java:65)
	at com.kms.katalon.core.main.TestSuiteExecutor.accessTestSuiteMainPhase(TestSuiteExecutor.java:148)
	at com.kms.katalon.core.main.TestSuiteExecutor.execute(TestSuiteExecutor.java:106)
	at com.kms.katalon.core.main.TestCaseMain.startTestSuite(TestCaseMain.java:187)
	at com.kms.katalon.core.main.TestCaseMain$startTestSuite$0.call(Unknown Source)
	at TempTestSuite1696305328923.run(TempTestSuite1696305328923.groovy:36)]]></system-out>
      <system-err><![CDATA[2023-10-03 10:55:42 - [TEST_SUITE][FAILED] - M05 - Edit Sosial Media: Test Cases/M05 -Edit Sosial Media/TC-ESMS-003 FAILED.
Reason:
Assertion failed: 

assert twit.toString().trim().equalsIgnoreCase(twitter.trim())
       |    |          |      |                |       |
       -    -          -      false            ""      ""

	at TC-ESMS-003.run(TC-ESMS-003:36)
	at com.kms.katalon.core.main.ScriptEngine.run(ScriptEngine.java:194)
	at com.kms.katalon.core.main.ScriptEngine.runScriptAsRawText(ScriptEngine.java:119)
	at com.kms.katalon.core.main.TestCaseExecutor.runScript(TestCaseExecutor.java:448)
	at com.kms.katalon.core.main.TestCaseExecutor.doExecute(TestCaseExecutor.java:439)
	at com.kms.katalon.core.main.TestCaseExecutor.processExecutionPhase(TestCaseExecutor.java:418)
	at com.kms.katalon.core.main.TestCaseExecutor.accessMainPhase(TestCaseExecutor.java:410)
	at com.kms.katalon.core.main.TestCaseExecutor.execute(TestCaseExecutor.java:285)
	at com.kms.katalon.core.common.CommonExecutor.accessTestCaseMainPhase(CommonExecutor.java:65)
	at com.kms.katalon.core.main.TestSuiteExecutor.accessTestSuiteMainPhase(TestSuiteExecutor.java:148)
	at com.kms.katalon.core.main.TestSuiteExecutor.execute(TestSuiteExecutor.java:106)
	at com.kms.katalon.core.main.TestCaseMain.startTestSuite(TestCaseMain.java:187)
	at com.kms.katalon.core.main.TestCaseMain$startTestSuite$0.call(Unknown Source)
	at TempTestSuite1696305328923.run(TempTestSuite1696305328923.groovy:36)]]></system-err>
   </testsuite>
</testsuites>
