<?xml version="1.0" encoding="UTF-8"?>
<testsuites name="T05 Sedekah Online" time="642.758" tests="22" failures="10" errors="0">
   <testsuite name="T05 Sedekah Online" tests="22" failures="10" errors="0" time="642.758" skipped="0" timestamp="2023-10-05 15:23:48" hostname="USER - DESKTOP-22KTP91" id="Test Suites/T05 Sedekah Online">
      <properties>
         <property name="deviceName" value=""/>
         <property name="devicePlatform" value=""/>
         <property name="logFolder" value="F:\\bootcamp\\Miniproject\\Tajalapak\\Reports\\20231005_152257\\T05 Sedekah Online\\20231005_152258"/>
         <property name="logFiles" value="F:\\bootcamp\\Miniproject\\Tajalapak\\Reports\\20231005_152257\\T05 Sedekah Online\\20231005_152258\\execution0.log"/>
         <property name="attachments" value="F:\\bootcamp\\Miniproject\\Tajalapak\\Reports\\20231005_152257\\T05 Sedekah Online\\20231005_152258\\1696494284766.png, F:\\bootcamp\\Miniproject\\Tajalapak\\Reports\\20231005_152257\\T05 Sedekah Online\\20231005_152258\\1696494285311.png, F:\\bootcamp\\Miniproject\\Tajalapak\\Reports\\20231005_152257\\T05 Sedekah Online\\20231005_152258\\1696494380255.png, F:\\bootcamp\\Miniproject\\Tajalapak\\Reports\\20231005_152257\\T05 Sedekah Online\\20231005_152258\\1696494408498.png, F:\\bootcamp\\Miniproject\\Tajalapak\\Reports\\20231005_152257\\T05 Sedekah Online\\20231005_152258\\1696494684344.png, F:\\bootcamp\\Miniproject\\Tajalapak\\Reports\\20231005_152257\\T05 Sedekah Online\\20231005_152258\\1696494714828.png, F:\\bootcamp\\Miniproject\\Tajalapak\\Reports\\20231005_152257\\T05 Sedekah Online\\20231005_152258\\1696494870814.png"/>
         <property name="hostName" value="USER - DESKTOP-22KTP91"/>
         <property name="os" value="Windows 10 64bit"/>
         <property name="katalonVersion" value="8.6.5.208"/>
         <property name="browser" value="Firefox 117.0"/>
         <property name="hostAddress" value="10.9.2.52"/>
         <property name="sessionId" value="40c9fdc4-512e-41a4-a5ef-57fb4445dd1f"/>
         <property name="seleniumVersion" value="3.141.59"/>
         <property name="proxyInformation" value="ProxyInformation { proxyOption=NO_PROXY, proxyServerType=HTTP, username=, password=********, proxyServerAddress=, proxyServerPort=0, executionList=&quot;&quot;, isApplyToDesiredCapabilities=true }"/>
         <property name="platform" value="Windows 10"/>
      </properties>
      <testcase name="Test Cases/T05 - Sedekah Online/TC-SO-001" time="29.081" classname="Test Cases/T05 - Sedekah Online/TC-SO-001" status="PASSED">
         <system-out><![CDATA[2023-10-05 15:23:49 - [TEST_CASE][PASSED] - Test Cases/T05 - Sedekah Online/TC-SO-001: Test Cases/T05 - Sedekah Online/TC-SO-001

2023-10-05 15:23:50 - [TEST_STEP][PASSED] - openBrowser(urlWeb): Browser is opened with url: 'https://10.9.2.63/ecommerce/'

2023-10-05 15:23:50 - [MESSAGE][INFO] - Starting 'Firefox' driver

2023-10-05 15:23:51 - [MESSAGE][INFO] - User set preference: ['args', '[window-size=1500,1000, ignore-certificate-errors, UnexpectedAlertBehaviour=ignore]']

2023-10-05 15:23:51 - [MESSAGE][INFO] - Action delay is set to 0 milliseconds

2023-10-05 15:24:03 - [MESSAGE][PASSED] - Browser is opened with url: 'https://10.9.2.63/ecommerce/'

2023-10-05 15:24:03 - [TEST_STEP][PASSED] - maximizeWindow(): Current window maximized

2023-10-05 15:24:03 - [MESSAGE][PASSED] - Current window maximized

2023-10-05 15:24:03 - [TEST_STEP][PASSED] - verifyElementPresent(findTestObject("verifikasi masuk website tajalapk"), 0): Object 'Object Repository/verifikasi masuk website tajalapk' is present

2023-10-05 15:24:04 - [MESSAGE][WARNING] - Timeout '0' is invalid. Using default page load timeout: '30'

2023-10-05 15:24:04 - [MESSAGE][PASSED] - Object 'Object Repository/verifikasi masuk website tajalapk' is present

2023-10-05 15:24:04 - [TEST_STEP][PASSED] - click(findTestObject("sedekah online/a_Donasi (di halaman utama)")): Object: 'Object Repository/sedekah online/a_Donasi (di halaman utama)' is clicked on

2023-10-05 15:24:05 - [MESSAGE][PASSED] - Object: 'Object Repository/sedekah online/a_Donasi (di halaman utama)' is clicked on

2023-10-05 15:24:05 - [TEST_STEP][PASSED] - verifyElementClickable(findTestObject("sedekah online/a_Sedekah Online"), STOP_ON_FAILURE): Object 'Object Repository/sedekah online/a_Sedekah Online' is clickable

2023-10-05 15:24:05 - [MESSAGE][PASSED] - Object 'Object Repository/sedekah online/a_Sedekah Online' is clickable

2023-10-05 15:24:05 - [TEST_STEP][PASSED] - click(findTestObject("sedekah online/a_Sedekah Online")): Object: 'Object Repository/sedekah online/a_Sedekah Online' is clicked on

2023-10-05 15:24:07 - [MESSAGE][PASSED] - Object: 'Object Repository/sedekah online/a_Sedekah Online' is clicked on

2023-10-05 15:24:07 - [TEST_STEP][PASSED] - verifyElementPresent(findTestObject("sedekah online/verifikasi halaman sedekah Online"), 0): Object 'Object Repository/sedekah online/verifikasi halaman sedekah Online' is present

2023-10-05 15:24:07 - [MESSAGE][WARNING] - Timeout '0' is invalid. Using default page load timeout: '30'

2023-10-05 15:24:07 - [MESSAGE][PASSED] - Object 'Object Repository/sedekah online/verifikasi halaman sedekah Online' is present

2023-10-05 15:24:07 - [TEST_STEP][PASSED] - setText(findTestObject("sedekah online/input_Sedekah"), NominalSedekah): Text '25000' is set on object 'Object Repository/sedekah online/input_Sedekah'

2023-10-05 15:24:08 - [MESSAGE][PASSED] - Text '25000' is set on object 'Object Repository/sedekah online/input_Sedekah'

2023-10-05 15:24:08 - [TEST_STEP][PASSED] - setText(findTestObject("sedekah online/input_Nama lengkap (di sedekah online)"), namaLengkap): Text 'ikana' is set on object 'Object Repository/sedekah online/input_Nama lengkap (di sedekah online)'

2023-10-05 15:24:09 - [MESSAGE][PASSED] - Text 'ikana' is set on object 'Object Repository/sedekah online/input_Nama lengkap (di sedekah online)'

2023-10-05 15:24:09 - [TEST_STEP][PASSED] - setText(findTestObject("sedekah online/input_No Handphone (di sedekah online)"), noHp): Text '086754321234' is set on object 'Object Repository/sedekah online/input_No Handphone (di sedekah online)'

2023-10-05 15:24:10 - [MESSAGE][PASSED] - Text '086754321234' is set on object 'Object Repository/sedekah online/input_No Handphone (di sedekah online)'

2023-10-05 15:24:10 - [TEST_STEP][PASSED] - setText(findTestObject("sedekah online/input_Alamat Email (di sedekah online)"), email): Text 'anata71@gmail.com' is set on object 'Object Repository/sedekah online/input_Alamat Email (di sedekah online)'

2023-10-05 15:24:11 - [MESSAGE][PASSED] - Text 'anata71@gmail.com' is set on object 'Object Repository/sedekah online/input_Alamat Email (di sedekah online)'

2023-10-05 15:24:11 - [TEST_STEP][PASSED] - selectOptionByValue(findTestObject("Object Repository/sedekah online/dropdown metode pembayaraan"), pembayaran, false): All options with value '1' are selected in object 'Object Repository/sedekah online/dropdown metode pembayaraan' 

2023-10-05 15:24:12 - [MESSAGE][PASSED] - All options with value '1' are selected in object 'Object Repository/sedekah online/dropdown metode pembayaraan' 

2023-10-05 15:24:12 - [TEST_STEP][PASSED] - selectOptionByValue(findTestObject("Object Repository/sedekah online/sedekah ditunjukan untuk keluarga"), sedekahUntuk, false): All options with value 'Orang Tua' are selected in object 'Object Repository/sedekah online/sedekah ditunjukan untuk keluarga' 

2023-10-05 15:24:13 - [MESSAGE][PASSED] - All options with value 'Orang Tua' are selected in object 'Object Repository/sedekah online/sedekah ditunjukan untuk keluarga' 

2023-10-05 15:24:13 - [TEST_STEP][PASSED] - setText(findTestObject("sedekah online/input isi doa terbaik anda"), doa): Text 'Semoga Bermanfaat' is set on object 'Object Repository/sedekah online/input isi doa terbaik anda'

2023-10-05 15:24:14 - [MESSAGE][PASSED] - Text 'Semoga Bermanfaat' is set on object 'Object Repository/sedekah online/input isi doa terbaik anda'

2023-10-05 15:24:14 - [TEST_STEP][PASSED] - setText(findTestObject("sedekah online/input 2 digit terakhir nomor hp"), digitAkhir): Text '34' is set on object 'Object Repository/sedekah online/input 2 digit terakhir nomor hp'

2023-10-05 15:24:15 - [MESSAGE][PASSED] - Text '34' is set on object 'Object Repository/sedekah online/input 2 digit terakhir nomor hp'

2023-10-05 15:24:15 - [TEST_STEP][PASSED] - click(findTestObject("sedekah online/button_Sedekah Sekarang")): Object: 'Object Repository/sedekah online/button_Sedekah Sekarang' is clicked on

2023-10-05 15:24:17 - [MESSAGE][PASSED] - Object: 'Object Repository/sedekah online/button_Sedekah Sekarang' is clicked on

2023-10-05 15:24:17 - [TEST_STEP][PASSED] - verifyElementText(findTestObject("sedekah online/verifikasi sukses berdonasi"), "Sukses Proses Bersedekah, kami akan segera menghubungi anda! Terima kasih"): Actual text and expected text of test object 'Object Repository/sedekah online/verifikasi sukses berdonasi' are matched.

2023-10-05 15:24:18 - [MESSAGE][PASSED] - Actual text and expected text of test object 'Object Repository/sedekah online/verifikasi sukses berdonasi' are matched.]]></system-out>
         <system-err><![CDATA[]]></system-err>
      </testcase>
      <testcase name="Test Cases/T05 - Sedekah Online/TC-SO-002" time="26.935" classname="Test Cases/T05 - Sedekah Online/TC-SO-002" status="FAILED">
         <failure type="FAILED" message="Test Cases/T05 - Sedekah Online/TC-SO-002 FAILED.
Reason:
com.kms.katalon.core.exception.StepFailedException: Verify element text of test object 'Object Repository/sedekah online/verifikasi sukses berdonasi' FAILED.
	at com.kms.katalon.core.webui.keyword.internal.WebUIKeywordMain.stepFailed(WebUIKeywordMain.groovy:64)
	at com.kms.katalon.core.webui.keyword.internal.WebUIKeywordMain.runKeyword(WebUIKeywordMain.groovy:26)
	at com.kms.katalon.core.webui.keyword.builtin.VerifyElementTextKeyword.verifyElementText(VerifyElementTextKeyword.groovy:72)
	at com.kms.katalon.core.webui.keyword.builtin.VerifyElementTextKeyword.execute(VerifyElementTextKeyword.groovy:40)
	at com.kms.katalon.core.keyword.internal.KeywordExecutor.executeKeywordForPlatform(KeywordExecutor.groovy:74)
	at com.kms.katalon.core.webui.keyword.WebUiBuiltInKeywords.verifyElementText(WebUiBuiltInKeywords.groovy:4749)
	at com.kms.katalon.core.webui.keyword.WebUiBuiltInKeywords$verifyElementText$6.call(Unknown Source)
	at TC-SO-002.run(TC-SO-002:54)
	at com.kms.katalon.core.main.ScriptEngine.run(ScriptEngine.java:194)
	at com.kms.katalon.core.main.ScriptEngine.runScriptAsRawText(ScriptEngine.java:119)
	at com.kms.katalon.core.main.TestCaseExecutor.runScript(TestCaseExecutor.java:448)
	at com.kms.katalon.core.main.TestCaseExecutor.doExecute(TestCaseExecutor.java:439)
	at com.kms.katalon.core.main.TestCaseExecutor.processExecutionPhase(TestCaseExecutor.java:418)
	at com.kms.katalon.core.main.TestCaseExecutor.accessMainPhase(TestCaseExecutor.java:410)
	at com.kms.katalon.core.main.TestCaseExecutor.execute(TestCaseExecutor.java:285)
	at com.kms.katalon.core.common.CommonExecutor.accessTestCaseMainPhase(CommonExecutor.java:65)
	at com.kms.katalon.core.main.TestSuiteExecutor.accessTestSuiteMainPhase(TestSuiteExecutor.java:148)
	at com.kms.katalon.core.main.TestSuiteExecutor.execute(TestSuiteExecutor.java:106)
	at com.kms.katalon.core.main.TestCaseMain.startTestSuite(TestCaseMain.java:187)
	at com.kms.katalon.core.main.TestCaseMain$startTestSuite$0.call(Unknown Source)
	at TempTestSuite1696494178011.run(TempTestSuite1696494178011.groovy:36)
Caused by: com.kms.katalon.core.exception.StepFailedException: Actual text 'Sukses Proses Bersedekah, kami akan segera menghubungi anda! Terima kasih' and expected text 'Minimal nominal sedekah Online Rp 25.000' of test object 'Object Repository/sedekah online/verifikasi sukses berdonasi' are NOT matched.
	at com.kms.katalon.core.webui.keyword.internal.WebUIKeywordMain.stepFailed(WebUIKeywordMain.groovy:64)
	at com.kms.katalon.core.webui.keyword.builtin.VerifyElementTextKeyword$_verifyElementText_closure1.doCall(VerifyElementTextKeyword.groovy:57)
	at com.kms.katalon.core.webui.keyword.builtin.VerifyElementTextKeyword$_verifyElementText_closure1.call(VerifyElementTextKeyword.groovy)
	at com.kms.katalon.core.webui.keyword.internal.WebUIKeywordMain.runKeyword(WebUIKeywordMain.groovy:20)
	... 19 more
"/>
         <system-out><![CDATA[2023-10-05 15:24:18 - [TEST_CASE][FAILED] - Test Cases/T05 - Sedekah Online/TC-SO-002: Test Cases/T05 - Sedekah Online/TC-SO-002 FAILED.
Reason:
com.kms.katalon.core.exception.StepFailedException: Verify element text of test object 'Object Repository/sedekah online/verifikasi sukses berdonasi' FAILED.
	at com.kms.katalon.core.webui.keyword.internal.WebUIKeywordMain.stepFailed(WebUIKeywordMain.groovy:64)
	at com.kms.katalon.core.webui.keyword.internal.WebUIKeywordMain.runKeyword(WebUIKeywordMain.groovy:26)
	at com.kms.katalon.core.webui.keyword.builtin.VerifyElementTextKeyword.verifyElementText(VerifyElementTextKeyword.groovy:72)
	at com.kms.katalon.core.webui.keyword.builtin.VerifyElementTextKeyword.execute(VerifyElementTextKeyword.groovy:40)
	at com.kms.katalon.core.keyword.internal.KeywordExecutor.executeKeywordForPlatform(KeywordExecutor.groovy:74)
	at com.kms.katalon.core.webui.keyword.WebUiBuiltInKeywords.verifyElementText(WebUiBuiltInKeywords.groovy:4749)
	at com.kms.katalon.core.webui.keyword.WebUiBuiltInKeywords$verifyElementText$6.call(Unknown Source)
	at TC-SO-002.run(TC-SO-002:54)
	at com.kms.katalon.core.main.ScriptEngine.run(ScriptEngine.java:194)
	at com.kms.katalon.core.main.ScriptEngine.runScriptAsRawText(ScriptEngine.java:119)
	at com.kms.katalon.core.main.TestCaseExecutor.runScript(TestCaseExecutor.java:448)
	at com.kms.katalon.core.main.TestCaseExecutor.doExecute(TestCaseExecutor.java:439)
	at com.kms.katalon.core.main.TestCaseExecutor.processExecutionPhase(TestCaseExecutor.java:418)
	at com.kms.katalon.core.main.TestCaseExecutor.accessMainPhase(TestCaseExecutor.java:410)
	at com.kms.katalon.core.main.TestCaseExecutor.execute(TestCaseExecutor.java:285)
	at com.kms.katalon.core.common.CommonExecutor.accessTestCaseMainPhase(CommonExecutor.java:65)
	at com.kms.katalon.core.main.TestSuiteExecutor.accessTestSuiteMainPhase(TestSuiteExecutor.java:148)
	at com.kms.katalon.core.main.TestSuiteExecutor.execute(TestSuiteExecutor.java:106)
	at com.kms.katalon.core.main.TestCaseMain.startTestSuite(TestCaseMain.java:187)
	at com.kms.katalon.core.main.TestCaseMain$startTestSuite$0.call(Unknown Source)
	at TempTestSuite1696494178011.run(TempTestSuite1696494178011.groovy:36)
Caused by: com.kms.katalon.core.exception.StepFailedException: Actual text 'Sukses Proses Bersedekah, kami akan segera menghubungi anda! Terima kasih' and expected text 'Minimal nominal sedekah Online Rp 25.000' of test object 'Object Repository/sedekah online/verifikasi sukses berdonasi' are NOT matched.
	at com.kms.katalon.core.webui.keyword.internal.WebUIKeywordMain.stepFailed(WebUIKeywordMain.groovy:64)
	at com.kms.katalon.core.webui.keyword.builtin.VerifyElementTextKeyword$_verifyElementText_closure1.doCall(VerifyElementTextKeyword.groovy:57)
	at com.kms.katalon.core.webui.keyword.builtin.VerifyElementTextKeyword$_verifyElementText_closure1.call(VerifyElementTextKeyword.groovy)
	at com.kms.katalon.core.webui.keyword.internal.WebUIKeywordMain.runKeyword(WebUIKeywordMain.groovy:20)
	... 19 more


2023-10-05 15:24:19 - [TEST_STEP][PASSED] - openBrowser(urlWeb): Browser is opened with url: 'https://10.9.2.63/ecommerce/'

2023-10-05 15:24:19 - [MESSAGE][WARNING] - A browser is already opened. Closing browser and opening a new one

2023-10-05 15:24:21 - [MESSAGE][INFO] - Starting 'Firefox' driver

2023-10-05 15:24:21 - [MESSAGE][INFO] - User set preference: ['args', '[window-size=1500,1000, ignore-certificate-errors, UnexpectedAlertBehaviour=ignore]']

2023-10-05 15:24:21 - [MESSAGE][INFO] - Action delay is set to 0 milliseconds

2023-10-05 15:24:30 - [MESSAGE][PASSED] - Browser is opened with url: 'https://10.9.2.63/ecommerce/'

2023-10-05 15:24:30 - [TEST_STEP][PASSED] - maximizeWindow(): Current window maximized

2023-10-05 15:24:30 - [MESSAGE][PASSED] - Current window maximized

2023-10-05 15:24:30 - [TEST_STEP][PASSED] - verifyElementPresent(findTestObject("verifikasi masuk website tajalapk"), 0): Object 'Object Repository/verifikasi masuk website tajalapk' is present

2023-10-05 15:24:30 - [MESSAGE][WARNING] - Timeout '0' is invalid. Using default page load timeout: '30'

2023-10-05 15:24:31 - [MESSAGE][PASSED] - Object 'Object Repository/verifikasi masuk website tajalapk' is present

2023-10-05 15:24:31 - [TEST_STEP][PASSED] - click(findTestObject("sedekah online/a_Donasi (di halaman utama)")): Object: 'Object Repository/sedekah online/a_Donasi (di halaman utama)' is clicked on

2023-10-05 15:24:31 - [MESSAGE][PASSED] - Object: 'Object Repository/sedekah online/a_Donasi (di halaman utama)' is clicked on

2023-10-05 15:24:31 - [TEST_STEP][PASSED] - click(findTestObject("sedekah online/a_Sedekah Online")): Object: 'Object Repository/sedekah online/a_Sedekah Online' is clicked on

2023-10-05 15:24:33 - [MESSAGE][PASSED] - Object: 'Object Repository/sedekah online/a_Sedekah Online' is clicked on

2023-10-05 15:24:33 - [TEST_STEP][PASSED] - verifyElementPresent(findTestObject("sedekah online/verifikasi halaman sedekah Online"), 0): Object 'Object Repository/sedekah online/verifikasi halaman sedekah Online' is present

2023-10-05 15:24:33 - [MESSAGE][WARNING] - Timeout '0' is invalid. Using default page load timeout: '30'

2023-10-05 15:24:34 - [MESSAGE][PASSED] - Object 'Object Repository/sedekah online/verifikasi halaman sedekah Online' is present

2023-10-05 15:24:34 - [TEST_STEP][PASSED] - setText(findTestObject("sedekah online/input_Sedekah"), NominalSedekah): Text '5000' is set on object 'Object Repository/sedekah online/input_Sedekah'

2023-10-05 15:24:34 - [MESSAGE][PASSED] - Text '5000' is set on object 'Object Repository/sedekah online/input_Sedekah'

2023-10-05 15:24:34 - [TEST_STEP][PASSED] - setText(findTestObject("sedekah online/input_Nama lengkap (di sedekah online)"), namaLengkap): Text 'ikana' is set on object 'Object Repository/sedekah online/input_Nama lengkap (di sedekah online)'

2023-10-05 15:24:36 - [MESSAGE][PASSED] - Text 'ikana' is set on object 'Object Repository/sedekah online/input_Nama lengkap (di sedekah online)'

2023-10-05 15:24:36 - [TEST_STEP][PASSED] - setText(findTestObject("sedekah online/input_No Handphone (di sedekah online)"), noHp): Text '086754321234' is set on object 'Object Repository/sedekah online/input_No Handphone (di sedekah online)'

2023-10-05 15:24:37 - [MESSAGE][PASSED] - Text '086754321234' is set on object 'Object Repository/sedekah online/input_No Handphone (di sedekah online)'

2023-10-05 15:24:37 - [TEST_STEP][PASSED] - setText(findTestObject("sedekah online/input_Alamat Email (di sedekah online)"), email): Text 'anata71@gmail.com' is set on object 'Object Repository/sedekah online/input_Alamat Email (di sedekah online)'

2023-10-05 15:24:38 - [MESSAGE][PASSED] - Text 'anata71@gmail.com' is set on object 'Object Repository/sedekah online/input_Alamat Email (di sedekah online)'

2023-10-05 15:24:38 - [TEST_STEP][PASSED] - selectOptionByValue(findTestObject("Object Repository/sedekah online/dropdown metode pembayaraan"), pembayaran, false): All options with value '1' are selected in object 'Object Repository/sedekah online/dropdown metode pembayaraan' 

2023-10-05 15:24:39 - [MESSAGE][PASSED] - All options with value '1' are selected in object 'Object Repository/sedekah online/dropdown metode pembayaraan' 

2023-10-05 15:24:39 - [TEST_STEP][PASSED] - selectOptionByValue(findTestObject("Object Repository/sedekah online/sedekah ditunjukan untuk keluarga"), sedekahUntuk, false): All options with value 'Orang Tua' are selected in object 'Object Repository/sedekah online/sedekah ditunjukan untuk keluarga' 

2023-10-05 15:24:39 - [MESSAGE][PASSED] - All options with value 'Orang Tua' are selected in object 'Object Repository/sedekah online/sedekah ditunjukan untuk keluarga' 

2023-10-05 15:24:39 - [TEST_STEP][PASSED] - setText(findTestObject("sedekah online/input isi doa terbaik anda"), doa): Text 'Semoga Bermanfaat' is set on object 'Object Repository/sedekah online/input isi doa terbaik anda'

2023-10-05 15:24:41 - [MESSAGE][PASSED] - Text 'Semoga Bermanfaat' is set on object 'Object Repository/sedekah online/input isi doa terbaik anda'

2023-10-05 15:24:41 - [TEST_STEP][PASSED] - setText(findTestObject("sedekah online/input 2 digit terakhir nomor hp"), digitAkhir): Text '34' is set on object 'Object Repository/sedekah online/input 2 digit terakhir nomor hp'

2023-10-05 15:24:42 - [MESSAGE][PASSED] - Text '34' is set on object 'Object Repository/sedekah online/input 2 digit terakhir nomor hp'

2023-10-05 15:24:42 - [TEST_STEP][PASSED] - click(findTestObject("sedekah online/button_Sedekah Sekarang")): Object: 'Object Repository/sedekah online/button_Sedekah Sekarang' is clicked on

2023-10-05 15:24:43 - [MESSAGE][PASSED] - Object: 'Object Repository/sedekah online/button_Sedekah Sekarang' is clicked on

2023-10-05 15:24:43 - [TEST_STEP][FAILED] - verifyElementText(findTestObject("sedekah online/verifikasi sukses berdonasi"), "Minimal nominal sedekah Online Rp 25.000"): Verify element text of test object 'Object Repository/sedekah online/verifikasi sukses berdonasi' FAILED. (Root cause: com.kms.katalon.core.exception.StepFailedException: Verify element text of test object 'Object Repository/sedekah online/verifikasi sukses berdonasi' FAILED.
	at com.kms.katalon.core.webui.keyword.internal.WebUIKeywordMain.stepFailed(WebUIKeywordMain.groovy:64)
	at com.kms.katalon.core.webui.keyword.internal.WebUIKeywordMain.runKeyword(WebUIKeywordMain.groovy:26)
	at com.kms.katalon.core.webui.keyword.builtin.VerifyElementTextKeyword.verifyElementText(VerifyElementTextKeyword.groovy:72)
	at com.kms.katalon.core.webui.keyword.builtin.VerifyElementTextKeyword.execute(VerifyElementTextKeyword.groovy:40)
	at com.kms.katalon.core.keyword.internal.KeywordExecutor.executeKeywordForPlatform(KeywordExecutor.groovy:74)
	at com.kms.katalon.core.webui.keyword.WebUiBuiltInKeywords.verifyElementText(WebUiBuiltInKeywords.groovy:4749)
	at com.kms.katalon.core.webui.keyword.WebUiBuiltInKeywords$verifyElementText$6.call(Unknown Source)
	at TC-SO-002.run(TC-SO-002:54)
	at com.kms.katalon.core.main.ScriptEngine.run(ScriptEngine.java:194)
	at com.kms.katalon.core.main.ScriptEngine.runScriptAsRawText(ScriptEngine.java:119)
	at com.kms.katalon.core.main.TestCaseExecutor.runScript(TestCaseExecutor.java:448)
	at com.kms.katalon.core.main.TestCaseExecutor.doExecute(TestCaseExecutor.java:439)
	at com.kms.katalon.core.main.TestCaseExecutor.processExecutionPhase(TestCaseExecutor.java:418)
	at com.kms.katalon.core.main.TestCaseExecutor.accessMainPhase(TestCaseExecutor.java:410)
	at com.kms.katalon.core.main.TestCaseExecutor.execute(TestCaseExecutor.java:285)
	at com.kms.katalon.core.common.CommonExecutor.accessTestCaseMainPhase(CommonExecutor.java:65)
	at com.kms.katalon.core.main.TestSuiteExecutor.accessTestSuiteMainPhase(TestSuiteExecutor.java:148)
	at com.kms.katalon.core.main.TestSuiteExecutor.execute(TestSuiteExecutor.java:106)
	at com.kms.katalon.core.main.TestCaseMain.startTestSuite(TestCaseMain.java:187)
	at com.kms.katalon.core.main.TestCaseMain$startTestSuite$0.call(Unknown Source)
	at TempTestSuite1696494178011.run(TempTestSuite1696494178011.groovy:36)
Caused by: com.kms.katalon.core.exception.StepFailedException: Actual text 'Sukses Proses Bersedekah, kami akan segera menghubungi anda! Terima kasih' and expected text 'Minimal nominal sedekah Online Rp 25.000' of test object 'Object Repository/sedekah online/verifikasi sukses berdonasi' are NOT matched.
	at com.kms.katalon.core.webui.keyword.internal.WebUIKeywordMain.stepFailed(WebUIKeywordMain.groovy:64)
	at com.kms.katalon.core.webui.keyword.builtin.VerifyElementTextKeyword$_verifyElementText_closure1.doCall(VerifyElementTextKeyword.groovy:57)
	at com.kms.katalon.core.webui.keyword.builtin.VerifyElementTextKeyword$_verifyElementText_closure1.call(VerifyElementTextKeyword.groovy)
	at com.kms.katalon.core.webui.keyword.internal.WebUIKeywordMain.runKeyword(WebUIKeywordMain.groovy:20)
	... 19 more
)

2023-10-05 15:24:45 - [MESSAGE][FAILED] - Actual text 'Sukses Proses Bersedekah, kami akan segera menghubungi anda! Terima kasih' and expected text 'Minimal nominal sedekah Online Rp 25.000' of test object 'Object Repository/sedekah online/verifikasi sukses berdonasi' are NOT matched. (Root cause: com.kms.katalon.core.exception.StepFailedException: Actual text 'Sukses Proses Bersedekah, kami akan segera menghubungi anda! Terima kasih' and expected text 'Minimal nominal sedekah Online Rp 25.000' of test object 'Object Repository/sedekah online/verifikasi sukses berdonasi' are NOT matched.
	at com.kms.katalon.core.webui.keyword.internal.WebUIKeywordMain.stepFailed(WebUIKeywordMain.groovy:64)
	at com.kms.katalon.core.webui.keyword.builtin.VerifyElementTextKeyword$_verifyElementText_closure1.doCall(VerifyElementTextKeyword.groovy:57)
	at com.kms.katalon.core.webui.keyword.builtin.VerifyElementTextKeyword$_verifyElementText_closure1.call(VerifyElementTextKeyword.groovy)
	at com.kms.katalon.core.webui.keyword.internal.WebUIKeywordMain.runKeyword(WebUIKeywordMain.groovy:20)
	at com.kms.katalon.core.webui.keyword.builtin.VerifyElementTextKeyword.verifyElementText(VerifyElementTextKeyword.groovy:72)
	at com.kms.katalon.core.webui.keyword.builtin.VerifyElementTextKeyword.execute(VerifyElementTextKeyword.groovy:40)
	at com.kms.katalon.core.keyword.internal.KeywordExecutor.executeKeywordForPlatform(KeywordExecutor.groovy:74)
	at com.kms.katalon.core.webui.keyword.WebUiBuiltInKeywords.verifyElementText(WebUiBuiltInKeywords.groovy:4749)
	at com.kms.katalon.core.webui.keyword.WebUiBuiltInKeywords$verifyElementText$6.call(Unknown Source)
	at TC-SO-002.run(TC-SO-002:54)
	at com.kms.katalon.core.main.ScriptEngine.run(ScriptEngine.java:194)
	at com.kms.katalon.core.main.ScriptEngine.runScriptAsRawText(ScriptEngine.java:119)
	at com.kms.katalon.core.main.TestCaseExecutor.runScript(TestCaseExecutor.java:448)
	at com.kms.katalon.core.main.TestCaseExecutor.doExecute(TestCaseExecutor.java:439)
	at com.kms.katalon.core.main.TestCaseExecutor.processExecutionPhase(TestCaseExecutor.java:418)
	at com.kms.katalon.core.main.TestCaseExecutor.accessMainPhase(TestCaseExecutor.java:410)
	at com.kms.katalon.core.main.TestCaseExecutor.execute(TestCaseExecutor.java:285)
	at com.kms.katalon.core.common.CommonExecutor.accessTestCaseMainPhase(CommonExecutor.java:65)
	at com.kms.katalon.core.main.TestSuiteExecutor.accessTestSuiteMainPhase(TestSuiteExecutor.java:148)
	at com.kms.katalon.core.main.TestSuiteExecutor.execute(TestSuiteExecutor.java:106)
	at com.kms.katalon.core.main.TestCaseMain.startTestSuite(TestCaseMain.java:187)
	at com.kms.katalon.core.main.TestCaseMain$startTestSuite$0.call(Unknown Source)
	at TempTestSuite1696494178011.run(TempTestSuite1696494178011.groovy:36)
)
[[ATTACHMENT|F:\\bootcamp\\Miniproject\\Tajalapak\\Reports\\20231005_152257\\T05 Sedekah Online\\20231005_152258\\1696494284766.png]]

2023-10-05 15:24:45 - [MESSAGE][FAILED] - Verify element text of test object 'Object Repository/sedekah online/verifikasi sukses berdonasi' FAILED. (Root cause: com.kms.katalon.core.exception.StepFailedException: Verify element text of test object 'Object Repository/sedekah online/verifikasi sukses berdonasi' FAILED.
	at com.kms.katalon.core.webui.keyword.internal.WebUIKeywordMain.stepFailed(WebUIKeywordMain.groovy:64)
	at com.kms.katalon.core.webui.keyword.internal.WebUIKeywordMain.runKeyword(WebUIKeywordMain.groovy:26)
	at com.kms.katalon.core.webui.keyword.builtin.VerifyElementTextKeyword.verifyElementText(VerifyElementTextKeyword.groovy:72)
	at com.kms.katalon.core.webui.keyword.builtin.VerifyElementTextKeyword.execute(VerifyElementTextKeyword.groovy:40)
	at com.kms.katalon.core.keyword.internal.KeywordExecutor.executeKeywordForPlatform(KeywordExecutor.groovy:74)
	at com.kms.katalon.core.webui.keyword.WebUiBuiltInKeywords.verifyElementText(WebUiBuiltInKeywords.groovy:4749)
	at com.kms.katalon.core.webui.keyword.WebUiBuiltInKeywords$verifyElementText$6.call(Unknown Source)
	at TC-SO-002.run(TC-SO-002:54)
	at com.kms.katalon.core.main.ScriptEngine.run(ScriptEngine.java:194)
	at com.kms.katalon.core.main.ScriptEngine.runScriptAsRawText(ScriptEngine.java:119)
	at com.kms.katalon.core.main.TestCaseExecutor.runScript(TestCaseExecutor.java:448)
	at com.kms.katalon.core.main.TestCaseExecutor.doExecute(TestCaseExecutor.java:439)
	at com.kms.katalon.core.main.TestCaseExecutor.processExecutionPhase(TestCaseExecutor.java:418)
	at com.kms.katalon.core.main.TestCaseExecutor.accessMainPhase(TestCaseExecutor.java:410)
	at com.kms.katalon.core.main.TestCaseExecutor.execute(TestCaseExecutor.java:285)
	at com.kms.katalon.core.common.CommonExecutor.accessTestCaseMainPhase(CommonExecutor.java:65)
	at com.kms.katalon.core.main.TestSuiteExecutor.accessTestSuiteMainPhase(TestSuiteExecutor.java:148)
	at com.kms.katalon.core.main.TestSuiteExecutor.execute(TestSuiteExecutor.java:106)
	at com.kms.katalon.core.main.TestCaseMain.startTestSuite(TestCaseMain.java:187)
	at com.kms.katalon.core.main.TestCaseMain$startTestSuite$0.call(Unknown Source)
	at TempTestSuite1696494178011.run(TempTestSuite1696494178011.groovy:36)
Caused by: com.kms.katalon.core.exception.StepFailedException: Actual text 'Sukses Proses Bersedekah, kami akan segera menghubungi anda! Terima kasih' and expected text 'Minimal nominal sedekah Online Rp 25.000' of test object 'Object Repository/sedekah online/verifikasi sukses berdonasi' are NOT matched.
	at com.kms.katalon.core.webui.keyword.internal.WebUIKeywordMain.stepFailed(WebUIKeywordMain.groovy:64)
	at com.kms.katalon.core.webui.keyword.builtin.VerifyElementTextKeyword$_verifyElementText_closure1.doCall(VerifyElementTextKeyword.groovy:57)
	at com.kms.katalon.core.webui.keyword.builtin.VerifyElementTextKeyword$_verifyElementText_closure1.call(VerifyElementTextKeyword.groovy)
	at com.kms.katalon.core.webui.keyword.internal.WebUIKeywordMain.runKeyword(WebUIKeywordMain.groovy:20)
	... 19 more
)
[[ATTACHMENT|F:\\bootcamp\\Miniproject\\Tajalapak\\Reports\\20231005_152257\\T05 Sedekah Online\\20231005_152258\\1696494285311.png]]]]></system-out>
         <system-err><![CDATA[2023-10-05 15:24:18 - [TEST_CASE][FAILED] - Test Cases/T05 - Sedekah Online/TC-SO-002: Test Cases/T05 - Sedekah Online/TC-SO-002 FAILED.
Reason:
com.kms.katalon.core.exception.StepFailedException: Verify element text of test object 'Object Repository/sedekah online/verifikasi sukses berdonasi' FAILED.
	at com.kms.katalon.core.webui.keyword.internal.WebUIKeywordMain.stepFailed(WebUIKeywordMain.groovy:64)
	at com.kms.katalon.core.webui.keyword.internal.WebUIKeywordMain.runKeyword(WebUIKeywordMain.groovy:26)
	at com.kms.katalon.core.webui.keyword.builtin.VerifyElementTextKeyword.verifyElementText(VerifyElementTextKeyword.groovy:72)
	at com.kms.katalon.core.webui.keyword.builtin.VerifyElementTextKeyword.execute(VerifyElementTextKeyword.groovy:40)
	at com.kms.katalon.core.keyword.internal.KeywordExecutor.executeKeywordForPlatform(KeywordExecutor.groovy:74)
	at com.kms.katalon.core.webui.keyword.WebUiBuiltInKeywords.verifyElementText(WebUiBuiltInKeywords.groovy:4749)
	at com.kms.katalon.core.webui.keyword.WebUiBuiltInKeywords$verifyElementText$6.call(Unknown Source)
	at TC-SO-002.run(TC-SO-002:54)
	at com.kms.katalon.core.main.ScriptEngine.run(ScriptEngine.java:194)
	at com.kms.katalon.core.main.ScriptEngine.runScriptAsRawText(ScriptEngine.java:119)
	at com.kms.katalon.core.main.TestCaseExecutor.runScript(TestCaseExecutor.java:448)
	at com.kms.katalon.core.main.TestCaseExecutor.doExecute(TestCaseExecutor.java:439)
	at com.kms.katalon.core.main.TestCaseExecutor.processExecutionPhase(TestCaseExecutor.java:418)
	at com.kms.katalon.core.main.TestCaseExecutor.accessMainPhase(TestCaseExecutor.java:410)
	at com.kms.katalon.core.main.TestCaseExecutor.execute(TestCaseExecutor.java:285)
	at com.kms.katalon.core.common.CommonExecutor.accessTestCaseMainPhase(CommonExecutor.java:65)
	at com.kms.katalon.core.main.TestSuiteExecutor.accessTestSuiteMainPhase(TestSuiteExecutor.java:148)
	at com.kms.katalon.core.main.TestSuiteExecutor.execute(TestSuiteExecutor.java:106)
	at com.kms.katalon.core.main.TestCaseMain.startTestSuite(TestCaseMain.java:187)
	at com.kms.katalon.core.main.TestCaseMain$startTestSuite$0.call(Unknown Source)
	at TempTestSuite1696494178011.run(TempTestSuite1696494178011.groovy:36)
Caused by: com.kms.katalon.core.exception.StepFailedException: Actual text 'Sukses Proses Bersedekah, kami akan segera menghubungi anda! Terima kasih' and expected text 'Minimal nominal sedekah Online Rp 25.000' of test object 'Object Repository/sedekah online/verifikasi sukses berdonasi' are NOT matched.
	at com.kms.katalon.core.webui.keyword.internal.WebUIKeywordMain.stepFailed(WebUIKeywordMain.groovy:64)
	at com.kms.katalon.core.webui.keyword.builtin.VerifyElementTextKeyword$_verifyElementText_closure1.doCall(VerifyElementTextKeyword.groovy:57)
	at com.kms.katalon.core.webui.keyword.builtin.VerifyElementTextKeyword$_verifyElementText_closure1.call(VerifyElementTextKeyword.groovy)
	at com.kms.katalon.core.webui.keyword.internal.WebUIKeywordMain.runKeyword(WebUIKeywordMain.groovy:20)
	... 19 more]]></system-err>
      </testcase>
      <testcase name="Test Cases/T05 - Sedekah Online/TC-SO-003" time="25.758" classname="Test Cases/T05 - Sedekah Online/TC-SO-003" status="PASSED">
         <system-out><![CDATA[2023-10-05 15:24:45 - [TEST_CASE][PASSED] - Test Cases/T05 - Sedekah Online/TC-SO-003: Test Cases/T05 - Sedekah Online/TC-SO-003

2023-10-05 15:24:46 - [TEST_STEP][PASSED] - openBrowser(urlWeb): Browser is opened with url: 'https://10.9.2.63/ecommerce/'

2023-10-05 15:24:46 - [MESSAGE][WARNING] - A browser is already opened. Closing browser and opening a new one

2023-10-05 15:24:48 - [MESSAGE][INFO] - Starting 'Firefox' driver

2023-10-05 15:24:48 - [MESSAGE][INFO] - User set preference: ['args', '[window-size=1500,1000, ignore-certificate-errors, UnexpectedAlertBehaviour=ignore]']

2023-10-05 15:24:48 - [MESSAGE][INFO] - Action delay is set to 0 milliseconds

2023-10-05 15:24:56 - [MESSAGE][PASSED] - Browser is opened with url: 'https://10.9.2.63/ecommerce/'

2023-10-05 15:24:56 - [TEST_STEP][PASSED] - maximizeWindow(): Current window maximized

2023-10-05 15:24:56 - [MESSAGE][PASSED] - Current window maximized

2023-10-05 15:24:56 - [TEST_STEP][PASSED] - verifyElementPresent(findTestObject("verifikasi masuk website tajalapk"), 0): Object 'Object Repository/verifikasi masuk website tajalapk' is present

2023-10-05 15:24:56 - [MESSAGE][WARNING] - Timeout '0' is invalid. Using default page load timeout: '30'

2023-10-05 15:24:57 - [MESSAGE][PASSED] - Object 'Object Repository/verifikasi masuk website tajalapk' is present

2023-10-05 15:24:57 - [TEST_STEP][PASSED] - click(findTestObject("sedekah online/a_Donasi (di halaman utama)")): Object: 'Object Repository/sedekah online/a_Donasi (di halaman utama)' is clicked on

2023-10-05 15:24:57 - [MESSAGE][PASSED] - Object: 'Object Repository/sedekah online/a_Donasi (di halaman utama)' is clicked on

2023-10-05 15:24:57 - [TEST_STEP][PASSED] - click(findTestObject("sedekah online/a_Sedekah Online")): Object: 'Object Repository/sedekah online/a_Sedekah Online' is clicked on

2023-10-05 15:24:59 - [MESSAGE][PASSED] - Object: 'Object Repository/sedekah online/a_Sedekah Online' is clicked on

2023-10-05 15:24:59 - [TEST_STEP][PASSED] - verifyElementPresent(findTestObject("sedekah online/verifikasi halaman sedekah Online"), 0): Object 'Object Repository/sedekah online/verifikasi halaman sedekah Online' is present

2023-10-05 15:24:59 - [MESSAGE][WARNING] - Timeout '0' is invalid. Using default page load timeout: '30'

2023-10-05 15:25:00 - [MESSAGE][PASSED] - Object 'Object Repository/sedekah online/verifikasi halaman sedekah Online' is present

2023-10-05 15:25:00 - [TEST_STEP][PASSED] - setText(findTestObject("sedekah online/input_Sedekah"), NominalSedekah): Text '25000' is set on object 'Object Repository/sedekah online/input_Sedekah'

2023-10-05 15:25:00 - [MESSAGE][PASSED] - Text '25000' is set on object 'Object Repository/sedekah online/input_Sedekah'

2023-10-05 15:25:00 - [TEST_STEP][PASSED] - setText(findTestObject("sedekah online/input_Nama lengkap (di sedekah online)"), namaLengkap): Text 'ikana' is set on object 'Object Repository/sedekah online/input_Nama lengkap (di sedekah online)'

2023-10-05 15:25:02 - [MESSAGE][PASSED] - Text 'ikana' is set on object 'Object Repository/sedekah online/input_Nama lengkap (di sedekah online)'

2023-10-05 15:25:02 - [TEST_STEP][PASSED] - setText(findTestObject("sedekah online/input_No Handphone (di sedekah online)"), noHp): Text '086754321234' is set on object 'Object Repository/sedekah online/input_No Handphone (di sedekah online)'

2023-10-05 15:25:03 - [MESSAGE][PASSED] - Text '086754321234' is set on object 'Object Repository/sedekah online/input_No Handphone (di sedekah online)'

2023-10-05 15:25:03 - [TEST_STEP][PASSED] - setText(findTestObject("sedekah online/input_Alamat Email (di sedekah online)"), email): Text 'anata71@gmail.com' is set on object 'Object Repository/sedekah online/input_Alamat Email (di sedekah online)'

2023-10-05 15:25:04 - [MESSAGE][PASSED] - Text 'anata71@gmail.com' is set on object 'Object Repository/sedekah online/input_Alamat Email (di sedekah online)'

2023-10-05 15:25:04 - [TEST_STEP][PASSED] - selectOptionByValue(findTestObject("Object Repository/sedekah online/dropdown metode pembayaraan"), pembayaran, false): All options with value '1' are selected in object 'Object Repository/sedekah online/dropdown metode pembayaraan' 

2023-10-05 15:25:05 - [MESSAGE][PASSED] - All options with value '1' are selected in object 'Object Repository/sedekah online/dropdown metode pembayaraan' 

2023-10-05 15:25:05 - [TEST_STEP][PASSED] - selectOptionByValue(findTestObject("Object Repository/sedekah online/sedekah ditunjukan untuk keluarga"), sedekahUntuk, false): All options with value 'Orang Tua' are selected in object 'Object Repository/sedekah online/sedekah ditunjukan untuk keluarga' 

2023-10-05 15:25:05 - [MESSAGE][PASSED] - All options with value 'Orang Tua' are selected in object 'Object Repository/sedekah online/sedekah ditunjukan untuk keluarga' 

2023-10-05 15:25:05 - [TEST_STEP][PASSED] - setText(findTestObject("sedekah online/input isi doa terbaik anda"), doa): Text 'Semoga Bermanfaat' is set on object 'Object Repository/sedekah online/input isi doa terbaik anda'

2023-10-05 15:25:06 - [MESSAGE][PASSED] - Text 'Semoga Bermanfaat' is set on object 'Object Repository/sedekah online/input isi doa terbaik anda'

2023-10-05 15:25:06 - [TEST_STEP][PASSED] - setText(findTestObject("sedekah online/input 2 digit terakhir nomor hp"), digitAkhir): Text '43' is set on object 'Object Repository/sedekah online/input 2 digit terakhir nomor hp'

2023-10-05 15:25:07 - [MESSAGE][PASSED] - Text '43' is set on object 'Object Repository/sedekah online/input 2 digit terakhir nomor hp'

2023-10-05 15:25:07 - [TEST_STEP][PASSED] - click(findTestObject("sedekah online/button_Sedekah Sekarang")): Object: 'Object Repository/sedekah online/button_Sedekah Sekarang' is clicked on

2023-10-05 15:25:09 - [MESSAGE][PASSED] - Object: 'Object Repository/sedekah online/button_Sedekah Sekarang' is clicked on

2023-10-05 15:25:09 - [TEST_STEP][PASSED] - verifyElementText(findTestObject("sedekah online/verifikasi gagal bernoasi beda dua digit nomor hp"), "GAGAL Diproses, 2 Digit Terakhir No Handphone yang anda input salah!"): Actual text and expected text of test object 'Object Repository/sedekah online/verifikasi gagal bernoasi beda dua digit nomor hp' are matched.

2023-10-05 15:25:11 - [MESSAGE][PASSED] - Actual text and expected text of test object 'Object Repository/sedekah online/verifikasi gagal bernoasi beda dua digit nomor hp' are matched.]]></system-out>
         <system-err><![CDATA[]]></system-err>
      </testcase>
      <testcase name="Test Cases/T05 - Sedekah Online/TC-SO-004" time="32.808" classname="Test Cases/T05 - Sedekah Online/TC-SO-004" status="PASSED">
         <system-out><![CDATA[2023-10-05 15:25:11 - [TEST_CASE][PASSED] - Test Cases/T05 - Sedekah Online/TC-SO-004: Test Cases/T05 - Sedekah Online/TC-SO-004

2023-10-05 15:25:12 - [TEST_STEP][PASSED] - openBrowser(urlWeb): Browser is opened with url: 'https://10.9.2.63/ecommerce/'

2023-10-05 15:25:12 - [MESSAGE][WARNING] - A browser is already opened. Closing browser and opening a new one

2023-10-05 15:25:13 - [MESSAGE][INFO] - Starting 'Firefox' driver

2023-10-05 15:25:13 - [MESSAGE][INFO] - User set preference: ['args', '[window-size=1500,1000, ignore-certificate-errors, UnexpectedAlertBehaviour=ignore]']

2023-10-05 15:25:13 - [MESSAGE][INFO] - Action delay is set to 0 milliseconds

2023-10-05 15:25:31 - [MESSAGE][PASSED] - Browser is opened with url: 'https://10.9.2.63/ecommerce/'

2023-10-05 15:25:31 - [TEST_STEP][PASSED] - maximizeWindow(): Current window maximized

2023-10-05 15:25:31 - [MESSAGE][PASSED] - Current window maximized

2023-10-05 15:25:31 - [TEST_STEP][PASSED] - verifyElementPresent(findTestObject("verifikasi masuk website tajalapk"), 0): Object 'Object Repository/verifikasi masuk website tajalapk' is present

2023-10-05 15:25:31 - [MESSAGE][WARNING] - Timeout '0' is invalid. Using default page load timeout: '30'

2023-10-05 15:25:32 - [MESSAGE][PASSED] - Object 'Object Repository/verifikasi masuk website tajalapk' is present

2023-10-05 15:25:32 - [TEST_STEP][PASSED] - click(findTestObject("sedekah online/a_Donasi (di halaman utama)")): Object: 'Object Repository/sedekah online/a_Donasi (di halaman utama)' is clicked on

2023-10-05 15:25:32 - [MESSAGE][PASSED] - Object: 'Object Repository/sedekah online/a_Donasi (di halaman utama)' is clicked on

2023-10-05 15:25:32 - [TEST_STEP][PASSED] - click(findTestObject("sedekah online/a_Sedekah Online")): Object: 'Object Repository/sedekah online/a_Sedekah Online' is clicked on

2023-10-05 15:25:34 - [MESSAGE][PASSED] - Object: 'Object Repository/sedekah online/a_Sedekah Online' is clicked on

2023-10-05 15:25:34 - [TEST_STEP][PASSED] - verifyElementPresent(findTestObject("sedekah online/verifikasi halaman sedekah Online"), 0): Object 'Object Repository/sedekah online/verifikasi halaman sedekah Online' is present

2023-10-05 15:25:34 - [MESSAGE][WARNING] - Timeout '0' is invalid. Using default page load timeout: '30'

2023-10-05 15:25:34 - [MESSAGE][PASSED] - Object 'Object Repository/sedekah online/verifikasi halaman sedekah Online' is present

2023-10-05 15:25:34 - [TEST_STEP][PASSED] - setText(findTestObject("sedekah online/input_Sedekah"), NominalSedekah): Text '25000' is set on object 'Object Repository/sedekah online/input_Sedekah'

2023-10-05 15:25:35 - [MESSAGE][PASSED] - Text '25000' is set on object 'Object Repository/sedekah online/input_Sedekah'

2023-10-05 15:25:35 - [TEST_STEP][PASSED] - setText(findTestObject("sedekah online/input_Nama lengkap (di sedekah online)"), namaLengkap): Text 'ikana' is set on object 'Object Repository/sedekah online/input_Nama lengkap (di sedekah online)'

2023-10-05 15:25:36 - [MESSAGE][PASSED] - Text 'ikana' is set on object 'Object Repository/sedekah online/input_Nama lengkap (di sedekah online)'

2023-10-05 15:25:36 - [TEST_STEP][PASSED] - setText(findTestObject("sedekah online/input_No Handphone (di sedekah online)"), noHp): Text '086754321234' is set on object 'Object Repository/sedekah online/input_No Handphone (di sedekah online)'

2023-10-05 15:25:37 - [MESSAGE][PASSED] - Text '086754321234' is set on object 'Object Repository/sedekah online/input_No Handphone (di sedekah online)'

2023-10-05 15:25:37 - [TEST_STEP][PASSED] - setText(findTestObject("sedekah online/input_Alamat Email (di sedekah online)"), email): Text 'anata71' is set on object 'Object Repository/sedekah online/input_Alamat Email (di sedekah online)'

2023-10-05 15:25:38 - [MESSAGE][PASSED] - Text 'anata71' is set on object 'Object Repository/sedekah online/input_Alamat Email (di sedekah online)'

2023-10-05 15:25:38 - [TEST_STEP][PASSED] - selectOptionByValue(findTestObject("Object Repository/sedekah online/dropdown metode pembayaraan"), pembayaran, false): All options with value '1' are selected in object 'Object Repository/sedekah online/dropdown metode pembayaraan' 

2023-10-05 15:25:39 - [MESSAGE][PASSED] - All options with value '1' are selected in object 'Object Repository/sedekah online/dropdown metode pembayaraan' 

2023-10-05 15:25:39 - [TEST_STEP][PASSED] - selectOptionByValue(findTestObject("Object Repository/sedekah online/sedekah ditunjukan untuk keluarga"), sedekahUntuk, false): All options with value 'Orang Tua' are selected in object 'Object Repository/sedekah online/sedekah ditunjukan untuk keluarga' 

2023-10-05 15:25:40 - [MESSAGE][PASSED] - All options with value 'Orang Tua' are selected in object 'Object Repository/sedekah online/sedekah ditunjukan untuk keluarga' 

2023-10-05 15:25:40 - [TEST_STEP][PASSED] - setText(findTestObject("sedekah online/input isi doa terbaik anda"), doa): Text 'Semoga Bermanfaat' is set on object 'Object Repository/sedekah online/input isi doa terbaik anda'

2023-10-05 15:25:41 - [MESSAGE][PASSED] - Text 'Semoga Bermanfaat' is set on object 'Object Repository/sedekah online/input isi doa terbaik anda'

2023-10-05 15:25:41 - [TEST_STEP][PASSED] - setText(findTestObject("sedekah online/input 2 digit terakhir nomor hp"), digitAkhir): Text '34' is set on object 'Object Repository/sedekah online/input 2 digit terakhir nomor hp'

2023-10-05 15:25:42 - [MESSAGE][PASSED] - Text '34' is set on object 'Object Repository/sedekah online/input 2 digit terakhir nomor hp'

2023-10-05 15:25:42 - [TEST_STEP][PASSED] - click(findTestObject("sedekah online/button_Sedekah Sekarang")): Object: 'Object Repository/sedekah online/button_Sedekah Sekarang' is clicked on

2023-10-05 15:25:43 - [MESSAGE][PASSED] - Object: 'Object Repository/sedekah online/button_Sedekah Sekarang' is clicked on

2023-10-05 15:25:43 - [TEST_STEP][PASSED] - webDriver = getWebDriver(): null

2023-10-05 15:25:43 - [TEST_STEP][PASSED] - field_email = webDriver.findElement(By.xpath("//input[@name="alamat_email"]")): null

2023-10-05 15:25:44 - [TEST_STEP][PASSED] - error_message = webDriver.executeScript("return arguments[0].validationMessage", field_email): null

2023-10-05 15:25:44 - [TEST_STEP][PASSED] - println(error_message): null

2023-10-05 15:25:44 - [TEST_STEP][PASSED] - assert error_message == "Please enter an email address.": null]]></system-out>
         <system-err><![CDATA[]]></system-err>
      </testcase>
      <testcase name="Test Cases/T05 - Sedekah Online/TC-SO-005" time="36.364" classname="Test Cases/T05 - Sedekah Online/TC-SO-005" status="FAILED">
         <failure type="FAILED" message="Test Cases/T05 - Sedekah Online/TC-SO-005 FAILED.
Reason:
com.kms.katalon.core.exception.StepFailedException: Unable to verify text 'please enter an valid phone number' is present 
	at com.kms.katalon.core.webui.keyword.internal.WebUIKeywordMain.stepFailed(WebUIKeywordMain.groovy:64)
	at com.kms.katalon.core.webui.keyword.internal.WebUIKeywordMain.runKeyword(WebUIKeywordMain.groovy:26)
	at com.kms.katalon.core.webui.keyword.builtin.VerifyTextPresentKeyword.verifyTextPresent(VerifyTextPresentKeyword.groovy:83)
	at com.kms.katalon.core.webui.keyword.builtin.VerifyTextPresentKeyword.execute(VerifyTextPresentKeyword.groovy:68)
	at com.kms.katalon.core.keyword.internal.KeywordExecutor.executeKeywordForPlatform(KeywordExecutor.groovy:74)
	at com.kms.katalon.core.webui.keyword.WebUiBuiltInKeywords.verifyTextPresent(WebUiBuiltInKeywords.groovy:1723)
	at com.kms.katalon.core.webui.keyword.WebUiBuiltInKeywords$verifyTextPresent$7.call(Unknown Source)
	at TC-SO-005.run(TC-SO-005:53)
	at com.kms.katalon.core.main.ScriptEngine.run(ScriptEngine.java:194)
	at com.kms.katalon.core.main.ScriptEngine.runScriptAsRawText(ScriptEngine.java:119)
	at com.kms.katalon.core.main.TestCaseExecutor.runScript(TestCaseExecutor.java:448)
	at com.kms.katalon.core.main.TestCaseExecutor.doExecute(TestCaseExecutor.java:439)
	at com.kms.katalon.core.main.TestCaseExecutor.processExecutionPhase(TestCaseExecutor.java:418)
	at com.kms.katalon.core.main.TestCaseExecutor.accessMainPhase(TestCaseExecutor.java:410)
	at com.kms.katalon.core.main.TestCaseExecutor.execute(TestCaseExecutor.java:285)
	at com.kms.katalon.core.common.CommonExecutor.accessTestCaseMainPhase(CommonExecutor.java:65)
	at com.kms.katalon.core.main.TestSuiteExecutor.accessTestSuiteMainPhase(TestSuiteExecutor.java:148)
	at com.kms.katalon.core.main.TestSuiteExecutor.execute(TestSuiteExecutor.java:106)
	at com.kms.katalon.core.main.TestCaseMain.startTestSuite(TestCaseMain.java:187)
	at com.kms.katalon.core.main.TestCaseMain$startTestSuite$0.call(Unknown Source)
	at TempTestSuite1696494178011.run(TempTestSuite1696494178011.groovy:36)
Caused by: com.kms.katalon.core.exception.StepFailedException: Text 'please enter an valid phone number' is not present on page 
	at com.kms.katalon.core.webui.keyword.internal.WebUIKeywordMain.stepFailed(WebUIKeywordMain.groovy:64)
	at com.kms.katalon.core.webui.keyword.builtin.VerifyTextPresentKeyword$_verifyTextPresent_closure1.doCall(VerifyTextPresentKeyword.groovy:79)
	at com.kms.katalon.core.webui.keyword.builtin.VerifyTextPresentKeyword$_verifyTextPresent_closure1.call(VerifyTextPresentKeyword.groovy)
	at com.kms.katalon.core.webui.keyword.internal.WebUIKeywordMain.runKeyword(WebUIKeywordMain.groovy:20)
	... 19 more
"/>
         <system-out><![CDATA[2023-10-05 15:25:44 - [TEST_CASE][FAILED] - Test Cases/T05 - Sedekah Online/TC-SO-005: Test Cases/T05 - Sedekah Online/TC-SO-005 FAILED.
Reason:
com.kms.katalon.core.exception.StepFailedException: Unable to verify text 'please enter an valid phone number' is present 
	at com.kms.katalon.core.webui.keyword.internal.WebUIKeywordMain.stepFailed(WebUIKeywordMain.groovy:64)
	at com.kms.katalon.core.webui.keyword.internal.WebUIKeywordMain.runKeyword(WebUIKeywordMain.groovy:26)
	at com.kms.katalon.core.webui.keyword.builtin.VerifyTextPresentKeyword.verifyTextPresent(VerifyTextPresentKeyword.groovy:83)
	at com.kms.katalon.core.webui.keyword.builtin.VerifyTextPresentKeyword.execute(VerifyTextPresentKeyword.groovy:68)
	at com.kms.katalon.core.keyword.internal.KeywordExecutor.executeKeywordForPlatform(KeywordExecutor.groovy:74)
	at com.kms.katalon.core.webui.keyword.WebUiBuiltInKeywords.verifyTextPresent(WebUiBuiltInKeywords.groovy:1723)
	at com.kms.katalon.core.webui.keyword.WebUiBuiltInKeywords$verifyTextPresent$7.call(Unknown Source)
	at TC-SO-005.run(TC-SO-005:53)
	at com.kms.katalon.core.main.ScriptEngine.run(ScriptEngine.java:194)
	at com.kms.katalon.core.main.ScriptEngine.runScriptAsRawText(ScriptEngine.java:119)
	at com.kms.katalon.core.main.TestCaseExecutor.runScript(TestCaseExecutor.java:448)
	at com.kms.katalon.core.main.TestCaseExecutor.doExecute(TestCaseExecutor.java:439)
	at com.kms.katalon.core.main.TestCaseExecutor.processExecutionPhase(TestCaseExecutor.java:418)
	at com.kms.katalon.core.main.TestCaseExecutor.accessMainPhase(TestCaseExecutor.java:410)
	at com.kms.katalon.core.main.TestCaseExecutor.execute(TestCaseExecutor.java:285)
	at com.kms.katalon.core.common.CommonExecutor.accessTestCaseMainPhase(CommonExecutor.java:65)
	at com.kms.katalon.core.main.TestSuiteExecutor.accessTestSuiteMainPhase(TestSuiteExecutor.java:148)
	at com.kms.katalon.core.main.TestSuiteExecutor.execute(TestSuiteExecutor.java:106)
	at com.kms.katalon.core.main.TestCaseMain.startTestSuite(TestCaseMain.java:187)
	at com.kms.katalon.core.main.TestCaseMain$startTestSuite$0.call(Unknown Source)
	at TempTestSuite1696494178011.run(TempTestSuite1696494178011.groovy:36)
Caused by: com.kms.katalon.core.exception.StepFailedException: Text 'please enter an valid phone number' is not present on page 
	at com.kms.katalon.core.webui.keyword.internal.WebUIKeywordMain.stepFailed(WebUIKeywordMain.groovy:64)
	at com.kms.katalon.core.webui.keyword.builtin.VerifyTextPresentKeyword$_verifyTextPresent_closure1.doCall(VerifyTextPresentKeyword.groovy:79)
	at com.kms.katalon.core.webui.keyword.builtin.VerifyTextPresentKeyword$_verifyTextPresent_closure1.call(VerifyTextPresentKeyword.groovy)
	at com.kms.katalon.core.webui.keyword.internal.WebUIKeywordMain.runKeyword(WebUIKeywordMain.groovy:20)
	... 19 more


2023-10-05 15:25:45 - [TEST_STEP][PASSED] - openBrowser(urlWeb): Browser is opened with url: 'https://10.9.2.63/ecommerce/'

2023-10-05 15:25:45 - [MESSAGE][WARNING] - A browser is already opened. Closing browser and opening a new one

2023-10-05 15:25:47 - [MESSAGE][INFO] - Starting 'Firefox' driver

2023-10-05 15:25:47 - [MESSAGE][INFO] - User set preference: ['args', '[window-size=1500,1000, ignore-certificate-errors, UnexpectedAlertBehaviour=ignore]']

2023-10-05 15:25:47 - [MESSAGE][INFO] - Action delay is set to 0 milliseconds

2023-10-05 15:26:06 - [MESSAGE][PASSED] - Browser is opened with url: 'https://10.9.2.63/ecommerce/'

2023-10-05 15:26:06 - [TEST_STEP][PASSED] - maximizeWindow(): Current window maximized

2023-10-05 15:26:06 - [MESSAGE][PASSED] - Current window maximized

2023-10-05 15:26:06 - [TEST_STEP][PASSED] - verifyElementPresent(findTestObject("verifikasi masuk website tajalapk"), 0): Object 'Object Repository/verifikasi masuk website tajalapk' is present

2023-10-05 15:26:06 - [MESSAGE][WARNING] - Timeout '0' is invalid. Using default page load timeout: '30'

2023-10-05 15:26:06 - [MESSAGE][PASSED] - Object 'Object Repository/verifikasi masuk website tajalapk' is present

2023-10-05 15:26:06 - [TEST_STEP][PASSED] - click(findTestObject("sedekah online/a_Donasi (di halaman utama)")): Object: 'Object Repository/sedekah online/a_Donasi (di halaman utama)' is clicked on

2023-10-05 15:26:07 - [MESSAGE][PASSED] - Object: 'Object Repository/sedekah online/a_Donasi (di halaman utama)' is clicked on

2023-10-05 15:26:07 - [TEST_STEP][PASSED] - click(findTestObject("sedekah online/a_Sedekah Online")): Object: 'Object Repository/sedekah online/a_Sedekah Online' is clicked on

2023-10-05 15:26:09 - [MESSAGE][PASSED] - Object: 'Object Repository/sedekah online/a_Sedekah Online' is clicked on

2023-10-05 15:26:09 - [TEST_STEP][PASSED] - verifyElementPresent(findTestObject("sedekah online/verifikasi halaman sedekah Online"), 0): Object 'Object Repository/sedekah online/verifikasi halaman sedekah Online' is present

2023-10-05 15:26:09 - [MESSAGE][WARNING] - Timeout '0' is invalid. Using default page load timeout: '30'

2023-10-05 15:26:09 - [MESSAGE][PASSED] - Object 'Object Repository/sedekah online/verifikasi halaman sedekah Online' is present

2023-10-05 15:26:09 - [TEST_STEP][PASSED] - setText(findTestObject("sedekah online/input_Sedekah"), NominalSedekah): Text '25000' is set on object 'Object Repository/sedekah online/input_Sedekah'

2023-10-05 15:26:10 - [MESSAGE][PASSED] - Text '25000' is set on object 'Object Repository/sedekah online/input_Sedekah'

2023-10-05 15:26:10 - [TEST_STEP][PASSED] - setText(findTestObject("sedekah online/input_Nama lengkap (di sedekah online)"), namaLengkap): Text 'ikana' is set on object 'Object Repository/sedekah online/input_Nama lengkap (di sedekah online)'

2023-10-05 15:26:11 - [MESSAGE][PASSED] - Text 'ikana' is set on object 'Object Repository/sedekah online/input_Nama lengkap (di sedekah online)'

2023-10-05 15:26:11 - [TEST_STEP][PASSED] - setText(findTestObject("sedekah online/input_No Handphone (di sedekah online)"), noHp): Text '086754' is set on object 'Object Repository/sedekah online/input_No Handphone (di sedekah online)'

2023-10-05 15:26:12 - [MESSAGE][PASSED] - Text '086754' is set on object 'Object Repository/sedekah online/input_No Handphone (di sedekah online)'

2023-10-05 15:26:12 - [TEST_STEP][PASSED] - setText(findTestObject("sedekah online/input_Alamat Email (di sedekah online)"), email): Text 'anata71@gmail.com' is set on object 'Object Repository/sedekah online/input_Alamat Email (di sedekah online)'

2023-10-05 15:26:14 - [MESSAGE][PASSED] - Text 'anata71@gmail.com' is set on object 'Object Repository/sedekah online/input_Alamat Email (di sedekah online)'

2023-10-05 15:26:14 - [TEST_STEP][PASSED] - selectOptionByValue(findTestObject("Object Repository/sedekah online/dropdown metode pembayaraan"), pembayaran, false): All options with value '1' are selected in object 'Object Repository/sedekah online/dropdown metode pembayaraan' 

2023-10-05 15:26:14 - [MESSAGE][PASSED] - All options with value '1' are selected in object 'Object Repository/sedekah online/dropdown metode pembayaraan' 

2023-10-05 15:26:14 - [TEST_STEP][PASSED] - selectOptionByValue(findTestObject("Object Repository/sedekah online/sedekah ditunjukan untuk keluarga"), sedekahUntuk, false): All options with value 'Orang Tua' are selected in object 'Object Repository/sedekah online/sedekah ditunjukan untuk keluarga' 

2023-10-05 15:26:15 - [MESSAGE][PASSED] - All options with value 'Orang Tua' are selected in object 'Object Repository/sedekah online/sedekah ditunjukan untuk keluarga' 

2023-10-05 15:26:15 - [TEST_STEP][PASSED] - setText(findTestObject("sedekah online/input isi doa terbaik anda"), doa): Text 'Semoga Berkah' is set on object 'Object Repository/sedekah online/input isi doa terbaik anda'

2023-10-05 15:26:16 - [MESSAGE][PASSED] - Text 'Semoga Berkah' is set on object 'Object Repository/sedekah online/input isi doa terbaik anda'

2023-10-05 15:26:16 - [TEST_STEP][PASSED] - setText(findTestObject("sedekah online/input 2 digit terakhir nomor hp"), digitAkhir): Text '54' is set on object 'Object Repository/sedekah online/input 2 digit terakhir nomor hp'

2023-10-05 15:26:17 - [MESSAGE][PASSED] - Text '54' is set on object 'Object Repository/sedekah online/input 2 digit terakhir nomor hp'

2023-10-05 15:26:17 - [TEST_STEP][PASSED] - click(findTestObject("sedekah online/button_Sedekah Sekarang")): Object: 'Object Repository/sedekah online/button_Sedekah Sekarang' is clicked on

2023-10-05 15:26:19 - [MESSAGE][PASSED] - Object: 'Object Repository/sedekah online/button_Sedekah Sekarang' is clicked on

2023-10-05 15:26:19 - [TEST_STEP][FAILED] - verifyTextPresent("please enter an valid phone number", false): Unable to verify text 'please enter an valid phone number' is present  (Root cause: com.kms.katalon.core.exception.StepFailedException: Unable to verify text 'please enter an valid phone number' is present 
	at com.kms.katalon.core.webui.keyword.internal.WebUIKeywordMain.stepFailed(WebUIKeywordMain.groovy:64)
	at com.kms.katalon.core.webui.keyword.internal.WebUIKeywordMain.runKeyword(WebUIKeywordMain.groovy:26)
	at com.kms.katalon.core.webui.keyword.builtin.VerifyTextPresentKeyword.verifyTextPresent(VerifyTextPresentKeyword.groovy:83)
	at com.kms.katalon.core.webui.keyword.builtin.VerifyTextPresentKeyword.execute(VerifyTextPresentKeyword.groovy:68)
	at com.kms.katalon.core.keyword.internal.KeywordExecutor.executeKeywordForPlatform(KeywordExecutor.groovy:74)
	at com.kms.katalon.core.webui.keyword.WebUiBuiltInKeywords.verifyTextPresent(WebUiBuiltInKeywords.groovy:1723)
	at com.kms.katalon.core.webui.keyword.WebUiBuiltInKeywords$verifyTextPresent$7.call(Unknown Source)
	at TC-SO-005.run(TC-SO-005:53)
	at com.kms.katalon.core.main.ScriptEngine.run(ScriptEngine.java:194)
	at com.kms.katalon.core.main.ScriptEngine.runScriptAsRawText(ScriptEngine.java:119)
	at com.kms.katalon.core.main.TestCaseExecutor.runScript(TestCaseExecutor.java:448)
	at com.kms.katalon.core.main.TestCaseExecutor.doExecute(TestCaseExecutor.java:439)
	at com.kms.katalon.core.main.TestCaseExecutor.processExecutionPhase(TestCaseExecutor.java:418)
	at com.kms.katalon.core.main.TestCaseExecutor.accessMainPhase(TestCaseExecutor.java:410)
	at com.kms.katalon.core.main.TestCaseExecutor.execute(TestCaseExecutor.java:285)
	at com.kms.katalon.core.common.CommonExecutor.accessTestCaseMainPhase(CommonExecutor.java:65)
	at com.kms.katalon.core.main.TestSuiteExecutor.accessTestSuiteMainPhase(TestSuiteExecutor.java:148)
	at com.kms.katalon.core.main.TestSuiteExecutor.execute(TestSuiteExecutor.java:106)
	at com.kms.katalon.core.main.TestCaseMain.startTestSuite(TestCaseMain.java:187)
	at com.kms.katalon.core.main.TestCaseMain$startTestSuite$0.call(Unknown Source)
	at TempTestSuite1696494178011.run(TempTestSuite1696494178011.groovy:36)
Caused by: com.kms.katalon.core.exception.StepFailedException: Text 'please enter an valid phone number' is not present on page 
	at com.kms.katalon.core.webui.keyword.internal.WebUIKeywordMain.stepFailed(WebUIKeywordMain.groovy:64)
	at com.kms.katalon.core.webui.keyword.builtin.VerifyTextPresentKeyword$_verifyTextPresent_closure1.doCall(VerifyTextPresentKeyword.groovy:79)
	at com.kms.katalon.core.webui.keyword.builtin.VerifyTextPresentKeyword$_verifyTextPresent_closure1.call(VerifyTextPresentKeyword.groovy)
	at com.kms.katalon.core.webui.keyword.internal.WebUIKeywordMain.runKeyword(WebUIKeywordMain.groovy:20)
	... 19 more
)

2023-10-05 15:26:20 - [MESSAGE][FAILED] - Text 'please enter an valid phone number' is not present on page  (Root cause: com.kms.katalon.core.exception.StepFailedException: Text 'please enter an valid phone number' is not present on page 
	at com.kms.katalon.core.webui.keyword.internal.WebUIKeywordMain.stepFailed(WebUIKeywordMain.groovy:64)
	at com.kms.katalon.core.webui.keyword.builtin.VerifyTextPresentKeyword$_verifyTextPresent_closure1.doCall(VerifyTextPresentKeyword.groovy:79)
	at com.kms.katalon.core.webui.keyword.builtin.VerifyTextPresentKeyword$_verifyTextPresent_closure1.call(VerifyTextPresentKeyword.groovy)
	at com.kms.katalon.core.webui.keyword.internal.WebUIKeywordMain.runKeyword(WebUIKeywordMain.groovy:20)
	at com.kms.katalon.core.webui.keyword.builtin.VerifyTextPresentKeyword.verifyTextPresent(VerifyTextPresentKeyword.groovy:83)
	at com.kms.katalon.core.webui.keyword.builtin.VerifyTextPresentKeyword.execute(VerifyTextPresentKeyword.groovy:68)
	at com.kms.katalon.core.keyword.internal.KeywordExecutor.executeKeywordForPlatform(KeywordExecutor.groovy:74)
	at com.kms.katalon.core.webui.keyword.WebUiBuiltInKeywords.verifyTextPresent(WebUiBuiltInKeywords.groovy:1723)
	at com.kms.katalon.core.webui.keyword.WebUiBuiltInKeywords$verifyTextPresent$7.call(Unknown Source)
	at TC-SO-005.run(TC-SO-005:53)
	at com.kms.katalon.core.main.ScriptEngine.run(ScriptEngine.java:194)
	at com.kms.katalon.core.main.ScriptEngine.runScriptAsRawText(ScriptEngine.java:119)
	at com.kms.katalon.core.main.TestCaseExecutor.runScript(TestCaseExecutor.java:448)
	at com.kms.katalon.core.main.TestCaseExecutor.doExecute(TestCaseExecutor.java:439)
	at com.kms.katalon.core.main.TestCaseExecutor.processExecutionPhase(TestCaseExecutor.java:418)
	at com.kms.katalon.core.main.TestCaseExecutor.accessMainPhase(TestCaseExecutor.java:410)
	at com.kms.katalon.core.main.TestCaseExecutor.execute(TestCaseExecutor.java:285)
	at com.kms.katalon.core.common.CommonExecutor.accessTestCaseMainPhase(CommonExecutor.java:65)
	at com.kms.katalon.core.main.TestSuiteExecutor.accessTestSuiteMainPhase(TestSuiteExecutor.java:148)
	at com.kms.katalon.core.main.TestSuiteExecutor.execute(TestSuiteExecutor.java:106)
	at com.kms.katalon.core.main.TestCaseMain.startTestSuite(TestCaseMain.java:187)
	at com.kms.katalon.core.main.TestCaseMain$startTestSuite$0.call(Unknown Source)
	at TempTestSuite1696494178011.run(TempTestSuite1696494178011.groovy:36)
)

2023-10-05 15:26:20 - [MESSAGE][FAILED] - Unable to verify text 'please enter an valid phone number' is present  (Root cause: com.kms.katalon.core.exception.StepFailedException: Unable to verify text 'please enter an valid phone number' is present 
	at com.kms.katalon.core.webui.keyword.internal.WebUIKeywordMain.stepFailed(WebUIKeywordMain.groovy:64)
	at com.kms.katalon.core.webui.keyword.internal.WebUIKeywordMain.runKeyword(WebUIKeywordMain.groovy:26)
	at com.kms.katalon.core.webui.keyword.builtin.VerifyTextPresentKeyword.verifyTextPresent(VerifyTextPresentKeyword.groovy:83)
	at com.kms.katalon.core.webui.keyword.builtin.VerifyTextPresentKeyword.execute(VerifyTextPresentKeyword.groovy:68)
	at com.kms.katalon.core.keyword.internal.KeywordExecutor.executeKeywordForPlatform(KeywordExecutor.groovy:74)
	at com.kms.katalon.core.webui.keyword.WebUiBuiltInKeywords.verifyTextPresent(WebUiBuiltInKeywords.groovy:1723)
	at com.kms.katalon.core.webui.keyword.WebUiBuiltInKeywords$verifyTextPresent$7.call(Unknown Source)
	at TC-SO-005.run(TC-SO-005:53)
	at com.kms.katalon.core.main.ScriptEngine.run(ScriptEngine.java:194)
	at com.kms.katalon.core.main.ScriptEngine.runScriptAsRawText(ScriptEngine.java:119)
	at com.kms.katalon.core.main.TestCaseExecutor.runScript(TestCaseExecutor.java:448)
	at com.kms.katalon.core.main.TestCaseExecutor.doExecute(TestCaseExecutor.java:439)
	at com.kms.katalon.core.main.TestCaseExecutor.processExecutionPhase(TestCaseExecutor.java:418)
	at com.kms.katalon.core.main.TestCaseExecutor.accessMainPhase(TestCaseExecutor.java:410)
	at com.kms.katalon.core.main.TestCaseExecutor.execute(TestCaseExecutor.java:285)
	at com.kms.katalon.core.common.CommonExecutor.accessTestCaseMainPhase(CommonExecutor.java:65)
	at com.kms.katalon.core.main.TestSuiteExecutor.accessTestSuiteMainPhase(TestSuiteExecutor.java:148)
	at com.kms.katalon.core.main.TestSuiteExecutor.execute(TestSuiteExecutor.java:106)
	at com.kms.katalon.core.main.TestCaseMain.startTestSuite(TestCaseMain.java:187)
	at com.kms.katalon.core.main.TestCaseMain$startTestSuite$0.call(Unknown Source)
	at TempTestSuite1696494178011.run(TempTestSuite1696494178011.groovy:36)
Caused by: com.kms.katalon.core.exception.StepFailedException: Text 'please enter an valid phone number' is not present on page 
	at com.kms.katalon.core.webui.keyword.internal.WebUIKeywordMain.stepFailed(WebUIKeywordMain.groovy:64)
	at com.kms.katalon.core.webui.keyword.builtin.VerifyTextPresentKeyword$_verifyTextPresent_closure1.doCall(VerifyTextPresentKeyword.groovy:79)
	at com.kms.katalon.core.webui.keyword.builtin.VerifyTextPresentKeyword$_verifyTextPresent_closure1.call(VerifyTextPresentKeyword.groovy)
	at com.kms.katalon.core.webui.keyword.internal.WebUIKeywordMain.runKeyword(WebUIKeywordMain.groovy:20)
	... 19 more
)
[[ATTACHMENT|F:\\bootcamp\\Miniproject\\Tajalapak\\Reports\\20231005_152257\\T05 Sedekah Online\\20231005_152258\\1696494380255.png]]]]></system-out>
         <system-err><![CDATA[2023-10-05 15:25:44 - [TEST_CASE][FAILED] - Test Cases/T05 - Sedekah Online/TC-SO-005: Test Cases/T05 - Sedekah Online/TC-SO-005 FAILED.
Reason:
com.kms.katalon.core.exception.StepFailedException: Unable to verify text 'please enter an valid phone number' is present 
	at com.kms.katalon.core.webui.keyword.internal.WebUIKeywordMain.stepFailed(WebUIKeywordMain.groovy:64)
	at com.kms.katalon.core.webui.keyword.internal.WebUIKeywordMain.runKeyword(WebUIKeywordMain.groovy:26)
	at com.kms.katalon.core.webui.keyword.builtin.VerifyTextPresentKeyword.verifyTextPresent(VerifyTextPresentKeyword.groovy:83)
	at com.kms.katalon.core.webui.keyword.builtin.VerifyTextPresentKeyword.execute(VerifyTextPresentKeyword.groovy:68)
	at com.kms.katalon.core.keyword.internal.KeywordExecutor.executeKeywordForPlatform(KeywordExecutor.groovy:74)
	at com.kms.katalon.core.webui.keyword.WebUiBuiltInKeywords.verifyTextPresent(WebUiBuiltInKeywords.groovy:1723)
	at com.kms.katalon.core.webui.keyword.WebUiBuiltInKeywords$verifyTextPresent$7.call(Unknown Source)
	at TC-SO-005.run(TC-SO-005:53)
	at com.kms.katalon.core.main.ScriptEngine.run(ScriptEngine.java:194)
	at com.kms.katalon.core.main.ScriptEngine.runScriptAsRawText(ScriptEngine.java:119)
	at com.kms.katalon.core.main.TestCaseExecutor.runScript(TestCaseExecutor.java:448)
	at com.kms.katalon.core.main.TestCaseExecutor.doExecute(TestCaseExecutor.java:439)
	at com.kms.katalon.core.main.TestCaseExecutor.processExecutionPhase(TestCaseExecutor.java:418)
	at com.kms.katalon.core.main.TestCaseExecutor.accessMainPhase(TestCaseExecutor.java:410)
	at com.kms.katalon.core.main.TestCaseExecutor.execute(TestCaseExecutor.java:285)
	at com.kms.katalon.core.common.CommonExecutor.accessTestCaseMainPhase(CommonExecutor.java:65)
	at com.kms.katalon.core.main.TestSuiteExecutor.accessTestSuiteMainPhase(TestSuiteExecutor.java:148)
	at com.kms.katalon.core.main.TestSuiteExecutor.execute(TestSuiteExecutor.java:106)
	at com.kms.katalon.core.main.TestCaseMain.startTestSuite(TestCaseMain.java:187)
	at com.kms.katalon.core.main.TestCaseMain$startTestSuite$0.call(Unknown Source)
	at TempTestSuite1696494178011.run(TempTestSuite1696494178011.groovy:36)
Caused by: com.kms.katalon.core.exception.StepFailedException: Text 'please enter an valid phone number' is not present on page 
	at com.kms.katalon.core.webui.keyword.internal.WebUIKeywordMain.stepFailed(WebUIKeywordMain.groovy:64)
	at com.kms.katalon.core.webui.keyword.builtin.VerifyTextPresentKeyword$_verifyTextPresent_closure1.doCall(VerifyTextPresentKeyword.groovy:79)
	at com.kms.katalon.core.webui.keyword.builtin.VerifyTextPresentKeyword$_verifyTextPresent_closure1.call(VerifyTextPresentKeyword.groovy)
	at com.kms.katalon.core.webui.keyword.internal.WebUIKeywordMain.runKeyword(WebUIKeywordMain.groovy:20)
	... 19 more]]></system-err>
      </testcase>
      <testcase name="Test Cases/T05 - Sedekah Online/TC-SO-006" time="28.019" classname="Test Cases/T05 - Sedekah Online/TC-SO-006" status="FAILED">
         <failure type="FAILED" message="Test Cases/T05 - Sedekah Online/TC-SO-006 FAILED.
Reason:
com.kms.katalon.core.exception.StepFailedException: Unable to verify text 'please enter an valid phone number' is present 
	at com.kms.katalon.core.webui.keyword.internal.WebUIKeywordMain.stepFailed(WebUIKeywordMain.groovy:64)
	at com.kms.katalon.core.webui.keyword.internal.WebUIKeywordMain.runKeyword(WebUIKeywordMain.groovy:26)
	at com.kms.katalon.core.webui.keyword.builtin.VerifyTextPresentKeyword.verifyTextPresent(VerifyTextPresentKeyword.groovy:83)
	at com.kms.katalon.core.webui.keyword.builtin.VerifyTextPresentKeyword.execute(VerifyTextPresentKeyword.groovy:68)
	at com.kms.katalon.core.keyword.internal.KeywordExecutor.executeKeywordForPlatform(KeywordExecutor.groovy:74)
	at com.kms.katalon.core.webui.keyword.WebUiBuiltInKeywords.verifyTextPresent(WebUiBuiltInKeywords.groovy:1723)
	at com.kms.katalon.core.webui.keyword.WebUiBuiltInKeywords$verifyTextPresent$7.call(Unknown Source)
	at TC-SO-006.run(TC-SO-006:53)
	at com.kms.katalon.core.main.ScriptEngine.run(ScriptEngine.java:194)
	at com.kms.katalon.core.main.ScriptEngine.runScriptAsRawText(ScriptEngine.java:119)
	at com.kms.katalon.core.main.TestCaseExecutor.runScript(TestCaseExecutor.java:448)
	at com.kms.katalon.core.main.TestCaseExecutor.doExecute(TestCaseExecutor.java:439)
	at com.kms.katalon.core.main.TestCaseExecutor.processExecutionPhase(TestCaseExecutor.java:418)
	at com.kms.katalon.core.main.TestCaseExecutor.accessMainPhase(TestCaseExecutor.java:410)
	at com.kms.katalon.core.main.TestCaseExecutor.execute(TestCaseExecutor.java:285)
	at com.kms.katalon.core.common.CommonExecutor.accessTestCaseMainPhase(CommonExecutor.java:65)
	at com.kms.katalon.core.main.TestSuiteExecutor.accessTestSuiteMainPhase(TestSuiteExecutor.java:148)
	at com.kms.katalon.core.main.TestSuiteExecutor.execute(TestSuiteExecutor.java:106)
	at com.kms.katalon.core.main.TestCaseMain.startTestSuite(TestCaseMain.java:187)
	at com.kms.katalon.core.main.TestCaseMain$startTestSuite$0.call(Unknown Source)
	at TempTestSuite1696494178011.run(TempTestSuite1696494178011.groovy:36)
Caused by: com.kms.katalon.core.exception.StepFailedException: Text 'please enter an valid phone number' is not present on page 
	at com.kms.katalon.core.webui.keyword.internal.WebUIKeywordMain.stepFailed(WebUIKeywordMain.groovy:64)
	at com.kms.katalon.core.webui.keyword.builtin.VerifyTextPresentKeyword$_verifyTextPresent_closure1.doCall(VerifyTextPresentKeyword.groovy:79)
	at com.kms.katalon.core.webui.keyword.builtin.VerifyTextPresentKeyword$_verifyTextPresent_closure1.call(VerifyTextPresentKeyword.groovy)
	at com.kms.katalon.core.webui.keyword.internal.WebUIKeywordMain.runKeyword(WebUIKeywordMain.groovy:20)
	... 19 more
"/>
         <system-out><![CDATA[2023-10-05 15:26:20 - [TEST_CASE][FAILED] - Test Cases/T05 - Sedekah Online/TC-SO-006: Test Cases/T05 - Sedekah Online/TC-SO-006 FAILED.
Reason:
com.kms.katalon.core.exception.StepFailedException: Unable to verify text 'please enter an valid phone number' is present 
	at com.kms.katalon.core.webui.keyword.internal.WebUIKeywordMain.stepFailed(WebUIKeywordMain.groovy:64)
	at com.kms.katalon.core.webui.keyword.internal.WebUIKeywordMain.runKeyword(WebUIKeywordMain.groovy:26)
	at com.kms.katalon.core.webui.keyword.builtin.VerifyTextPresentKeyword.verifyTextPresent(VerifyTextPresentKeyword.groovy:83)
	at com.kms.katalon.core.webui.keyword.builtin.VerifyTextPresentKeyword.execute(VerifyTextPresentKeyword.groovy:68)
	at com.kms.katalon.core.keyword.internal.KeywordExecutor.executeKeywordForPlatform(KeywordExecutor.groovy:74)
	at com.kms.katalon.core.webui.keyword.WebUiBuiltInKeywords.verifyTextPresent(WebUiBuiltInKeywords.groovy:1723)
	at com.kms.katalon.core.webui.keyword.WebUiBuiltInKeywords$verifyTextPresent$7.call(Unknown Source)
	at TC-SO-006.run(TC-SO-006:53)
	at com.kms.katalon.core.main.ScriptEngine.run(ScriptEngine.java:194)
	at com.kms.katalon.core.main.ScriptEngine.runScriptAsRawText(ScriptEngine.java:119)
	at com.kms.katalon.core.main.TestCaseExecutor.runScript(TestCaseExecutor.java:448)
	at com.kms.katalon.core.main.TestCaseExecutor.doExecute(TestCaseExecutor.java:439)
	at com.kms.katalon.core.main.TestCaseExecutor.processExecutionPhase(TestCaseExecutor.java:418)
	at com.kms.katalon.core.main.TestCaseExecutor.accessMainPhase(TestCaseExecutor.java:410)
	at com.kms.katalon.core.main.TestCaseExecutor.execute(TestCaseExecutor.java:285)
	at com.kms.katalon.core.common.CommonExecutor.accessTestCaseMainPhase(CommonExecutor.java:65)
	at com.kms.katalon.core.main.TestSuiteExecutor.accessTestSuiteMainPhase(TestSuiteExecutor.java:148)
	at com.kms.katalon.core.main.TestSuiteExecutor.execute(TestSuiteExecutor.java:106)
	at com.kms.katalon.core.main.TestCaseMain.startTestSuite(TestCaseMain.java:187)
	at com.kms.katalon.core.main.TestCaseMain$startTestSuite$0.call(Unknown Source)
	at TempTestSuite1696494178011.run(TempTestSuite1696494178011.groovy:36)
Caused by: com.kms.katalon.core.exception.StepFailedException: Text 'please enter an valid phone number' is not present on page 
	at com.kms.katalon.core.webui.keyword.internal.WebUIKeywordMain.stepFailed(WebUIKeywordMain.groovy:64)
	at com.kms.katalon.core.webui.keyword.builtin.VerifyTextPresentKeyword$_verifyTextPresent_closure1.doCall(VerifyTextPresentKeyword.groovy:79)
	at com.kms.katalon.core.webui.keyword.builtin.VerifyTextPresentKeyword$_verifyTextPresent_closure1.call(VerifyTextPresentKeyword.groovy)
	at com.kms.katalon.core.webui.keyword.internal.WebUIKeywordMain.runKeyword(WebUIKeywordMain.groovy:20)
	... 19 more


2023-10-05 15:26:22 - [TEST_STEP][PASSED] - openBrowser(urlWeb): Browser is opened with url: 'https://10.9.2.63/ecommerce/'

2023-10-05 15:26:22 - [MESSAGE][WARNING] - A browser is already opened. Closing browser and opening a new one

2023-10-05 15:26:24 - [MESSAGE][INFO] - Starting 'Firefox' driver

2023-10-05 15:26:24 - [MESSAGE][INFO] - User set preference: ['args', '[window-size=1500,1000, ignore-certificate-errors, UnexpectedAlertBehaviour=ignore]']

2023-10-05 15:26:24 - [MESSAGE][INFO] - Action delay is set to 0 milliseconds

2023-10-05 15:26:33 - [MESSAGE][PASSED] - Browser is opened with url: 'https://10.9.2.63/ecommerce/'

2023-10-05 15:26:33 - [TEST_STEP][PASSED] - maximizeWindow(): Current window maximized

2023-10-05 15:26:33 - [MESSAGE][PASSED] - Current window maximized

2023-10-05 15:26:33 - [TEST_STEP][PASSED] - verifyElementPresent(findTestObject("verifikasi masuk website tajalapk"), 0): Object 'Object Repository/verifikasi masuk website tajalapk' is present

2023-10-05 15:26:33 - [MESSAGE][WARNING] - Timeout '0' is invalid. Using default page load timeout: '30'

2023-10-05 15:26:34 - [MESSAGE][PASSED] - Object 'Object Repository/verifikasi masuk website tajalapk' is present

2023-10-05 15:26:34 - [TEST_STEP][PASSED] - click(findTestObject("sedekah online/a_Donasi (di halaman utama)")): Object: 'Object Repository/sedekah online/a_Donasi (di halaman utama)' is clicked on

2023-10-05 15:26:34 - [MESSAGE][PASSED] - Object: 'Object Repository/sedekah online/a_Donasi (di halaman utama)' is clicked on

2023-10-05 15:26:34 - [TEST_STEP][PASSED] - click(findTestObject("sedekah online/a_Sedekah Online")): Object: 'Object Repository/sedekah online/a_Sedekah Online' is clicked on

2023-10-05 15:26:36 - [MESSAGE][PASSED] - Object: 'Object Repository/sedekah online/a_Sedekah Online' is clicked on

2023-10-05 15:26:36 - [TEST_STEP][PASSED] - verifyElementPresent(findTestObject("sedekah online/verifikasi halaman sedekah Online"), 0): Object 'Object Repository/sedekah online/verifikasi halaman sedekah Online' is present

2023-10-05 15:26:36 - [MESSAGE][WARNING] - Timeout '0' is invalid. Using default page load timeout: '30'

2023-10-05 15:26:36 - [MESSAGE][PASSED] - Object 'Object Repository/sedekah online/verifikasi halaman sedekah Online' is present

2023-10-05 15:26:36 - [TEST_STEP][PASSED] - setText(findTestObject("sedekah online/input_Sedekah"), NominalSedekah): Text '25000' is set on object 'Object Repository/sedekah online/input_Sedekah'

2023-10-05 15:26:38 - [MESSAGE][PASSED] - Text '25000' is set on object 'Object Repository/sedekah online/input_Sedekah'

2023-10-05 15:26:38 - [TEST_STEP][PASSED] - setText(findTestObject("sedekah online/input_Nama lengkap (di sedekah online)"), namaLengkap): Text 'ikana' is set on object 'Object Repository/sedekah online/input_Nama lengkap (di sedekah online)'

2023-10-05 15:26:39 - [MESSAGE][PASSED] - Text 'ikana' is set on object 'Object Repository/sedekah online/input_Nama lengkap (di sedekah online)'

2023-10-05 15:26:39 - [TEST_STEP][PASSED] - setText(findTestObject("sedekah online/input_No Handphone (di sedekah online)"), noHp): Text '0867543212343214' is set on object 'Object Repository/sedekah online/input_No Handphone (di sedekah online)'

2023-10-05 15:26:40 - [MESSAGE][PASSED] - Text '0867543212343214' is set on object 'Object Repository/sedekah online/input_No Handphone (di sedekah online)'

2023-10-05 15:26:40 - [TEST_STEP][PASSED] - setText(findTestObject("sedekah online/input_Alamat Email (di sedekah online)"), email): Text 'anata71@gmail.com' is set on object 'Object Repository/sedekah online/input_Alamat Email (di sedekah online)'

2023-10-05 15:26:41 - [MESSAGE][PASSED] - Text 'anata71@gmail.com' is set on object 'Object Repository/sedekah online/input_Alamat Email (di sedekah online)'

2023-10-05 15:26:41 - [TEST_STEP][PASSED] - selectOptionByValue(findTestObject("Object Repository/sedekah online/dropdown metode pembayaraan"), pembayaran, false): All options with value '1' are selected in object 'Object Repository/sedekah online/dropdown metode pembayaraan' 

2023-10-05 15:26:42 - [MESSAGE][PASSED] - All options with value '1' are selected in object 'Object Repository/sedekah online/dropdown metode pembayaraan' 

2023-10-05 15:26:42 - [TEST_STEP][PASSED] - selectOptionByValue(findTestObject("Object Repository/sedekah online/sedekah ditunjukan untuk keluarga"), sedekahUntuk, false): All options with value 'Orang Tua' are selected in object 'Object Repository/sedekah online/sedekah ditunjukan untuk keluarga' 

2023-10-05 15:26:43 - [MESSAGE][PASSED] - All options with value 'Orang Tua' are selected in object 'Object Repository/sedekah online/sedekah ditunjukan untuk keluarga' 

2023-10-05 15:26:43 - [TEST_STEP][PASSED] - setText(findTestObject("sedekah online/input isi doa terbaik anda"), doa): Text 'Semoga Bermanfaat' is set on object 'Object Repository/sedekah online/input isi doa terbaik anda'

2023-10-05 15:26:44 - [MESSAGE][PASSED] - Text 'Semoga Bermanfaat' is set on object 'Object Repository/sedekah online/input isi doa terbaik anda'

2023-10-05 15:26:44 - [TEST_STEP][PASSED] - setText(findTestObject("sedekah online/input 2 digit terakhir nomor hp"), digitAkhir): Text '14' is set on object 'Object Repository/sedekah online/input 2 digit terakhir nomor hp'

2023-10-05 15:26:45 - [MESSAGE][PASSED] - Text '14' is set on object 'Object Repository/sedekah online/input 2 digit terakhir nomor hp'

2023-10-05 15:26:45 - [TEST_STEP][PASSED] - click(findTestObject("sedekah online/button_Sedekah Sekarang")): Object: 'Object Repository/sedekah online/button_Sedekah Sekarang' is clicked on

2023-10-05 15:26:47 - [MESSAGE][PASSED] - Object: 'Object Repository/sedekah online/button_Sedekah Sekarang' is clicked on

2023-10-05 15:26:47 - [TEST_STEP][FAILED] - verifyTextPresent("please enter an valid phone number", false): Unable to verify text 'please enter an valid phone number' is present  (Root cause: com.kms.katalon.core.exception.StepFailedException: Unable to verify text 'please enter an valid phone number' is present 
	at com.kms.katalon.core.webui.keyword.internal.WebUIKeywordMain.stepFailed(WebUIKeywordMain.groovy:64)
	at com.kms.katalon.core.webui.keyword.internal.WebUIKeywordMain.runKeyword(WebUIKeywordMain.groovy:26)
	at com.kms.katalon.core.webui.keyword.builtin.VerifyTextPresentKeyword.verifyTextPresent(VerifyTextPresentKeyword.groovy:83)
	at com.kms.katalon.core.webui.keyword.builtin.VerifyTextPresentKeyword.execute(VerifyTextPresentKeyword.groovy:68)
	at com.kms.katalon.core.keyword.internal.KeywordExecutor.executeKeywordForPlatform(KeywordExecutor.groovy:74)
	at com.kms.katalon.core.webui.keyword.WebUiBuiltInKeywords.verifyTextPresent(WebUiBuiltInKeywords.groovy:1723)
	at com.kms.katalon.core.webui.keyword.WebUiBuiltInKeywords$verifyTextPresent$7.call(Unknown Source)
	at TC-SO-006.run(TC-SO-006:53)
	at com.kms.katalon.core.main.ScriptEngine.run(ScriptEngine.java:194)
	at com.kms.katalon.core.main.ScriptEngine.runScriptAsRawText(ScriptEngine.java:119)
	at com.kms.katalon.core.main.TestCaseExecutor.runScript(TestCaseExecutor.java:448)
	at com.kms.katalon.core.main.TestCaseExecutor.doExecute(TestCaseExecutor.java:439)
	at com.kms.katalon.core.main.TestCaseExecutor.processExecutionPhase(TestCaseExecutor.java:418)
	at com.kms.katalon.core.main.TestCaseExecutor.accessMainPhase(TestCaseExecutor.java:410)
	at com.kms.katalon.core.main.TestCaseExecutor.execute(TestCaseExecutor.java:285)
	at com.kms.katalon.core.common.CommonExecutor.accessTestCaseMainPhase(CommonExecutor.java:65)
	at com.kms.katalon.core.main.TestSuiteExecutor.accessTestSuiteMainPhase(TestSuiteExecutor.java:148)
	at com.kms.katalon.core.main.TestSuiteExecutor.execute(TestSuiteExecutor.java:106)
	at com.kms.katalon.core.main.TestCaseMain.startTestSuite(TestCaseMain.java:187)
	at com.kms.katalon.core.main.TestCaseMain$startTestSuite$0.call(Unknown Source)
	at TempTestSuite1696494178011.run(TempTestSuite1696494178011.groovy:36)
Caused by: com.kms.katalon.core.exception.StepFailedException: Text 'please enter an valid phone number' is not present on page 
	at com.kms.katalon.core.webui.keyword.internal.WebUIKeywordMain.stepFailed(WebUIKeywordMain.groovy:64)
	at com.kms.katalon.core.webui.keyword.builtin.VerifyTextPresentKeyword$_verifyTextPresent_closure1.doCall(VerifyTextPresentKeyword.groovy:79)
	at com.kms.katalon.core.webui.keyword.builtin.VerifyTextPresentKeyword$_verifyTextPresent_closure1.call(VerifyTextPresentKeyword.groovy)
	at com.kms.katalon.core.webui.keyword.internal.WebUIKeywordMain.runKeyword(WebUIKeywordMain.groovy:20)
	... 19 more
)

2023-10-05 15:26:48 - [MESSAGE][FAILED] - Text 'please enter an valid phone number' is not present on page  (Root cause: com.kms.katalon.core.exception.StepFailedException: Text 'please enter an valid phone number' is not present on page 
	at com.kms.katalon.core.webui.keyword.internal.WebUIKeywordMain.stepFailed(WebUIKeywordMain.groovy:64)
	at com.kms.katalon.core.webui.keyword.builtin.VerifyTextPresentKeyword$_verifyTextPresent_closure1.doCall(VerifyTextPresentKeyword.groovy:79)
	at com.kms.katalon.core.webui.keyword.builtin.VerifyTextPresentKeyword$_verifyTextPresent_closure1.call(VerifyTextPresentKeyword.groovy)
	at com.kms.katalon.core.webui.keyword.internal.WebUIKeywordMain.runKeyword(WebUIKeywordMain.groovy:20)
	at com.kms.katalon.core.webui.keyword.builtin.VerifyTextPresentKeyword.verifyTextPresent(VerifyTextPresentKeyword.groovy:83)
	at com.kms.katalon.core.webui.keyword.builtin.VerifyTextPresentKeyword.execute(VerifyTextPresentKeyword.groovy:68)
	at com.kms.katalon.core.keyword.internal.KeywordExecutor.executeKeywordForPlatform(KeywordExecutor.groovy:74)
	at com.kms.katalon.core.webui.keyword.WebUiBuiltInKeywords.verifyTextPresent(WebUiBuiltInKeywords.groovy:1723)
	at com.kms.katalon.core.webui.keyword.WebUiBuiltInKeywords$verifyTextPresent$7.call(Unknown Source)
	at TC-SO-006.run(TC-SO-006:53)
	at com.kms.katalon.core.main.ScriptEngine.run(ScriptEngine.java:194)
	at com.kms.katalon.core.main.ScriptEngine.runScriptAsRawText(ScriptEngine.java:119)
	at com.kms.katalon.core.main.TestCaseExecutor.runScript(TestCaseExecutor.java:448)
	at com.kms.katalon.core.main.TestCaseExecutor.doExecute(TestCaseExecutor.java:439)
	at com.kms.katalon.core.main.TestCaseExecutor.processExecutionPhase(TestCaseExecutor.java:418)
	at com.kms.katalon.core.main.TestCaseExecutor.accessMainPhase(TestCaseExecutor.java:410)
	at com.kms.katalon.core.main.TestCaseExecutor.execute(TestCaseExecutor.java:285)
	at com.kms.katalon.core.common.CommonExecutor.accessTestCaseMainPhase(CommonExecutor.java:65)
	at com.kms.katalon.core.main.TestSuiteExecutor.accessTestSuiteMainPhase(TestSuiteExecutor.java:148)
	at com.kms.katalon.core.main.TestSuiteExecutor.execute(TestSuiteExecutor.java:106)
	at com.kms.katalon.core.main.TestCaseMain.startTestSuite(TestCaseMain.java:187)
	at com.kms.katalon.core.main.TestCaseMain$startTestSuite$0.call(Unknown Source)
	at TempTestSuite1696494178011.run(TempTestSuite1696494178011.groovy:36)
)

2023-10-05 15:26:48 - [MESSAGE][FAILED] - Unable to verify text 'please enter an valid phone number' is present  (Root cause: com.kms.katalon.core.exception.StepFailedException: Unable to verify text 'please enter an valid phone number' is present 
	at com.kms.katalon.core.webui.keyword.internal.WebUIKeywordMain.stepFailed(WebUIKeywordMain.groovy:64)
	at com.kms.katalon.core.webui.keyword.internal.WebUIKeywordMain.runKeyword(WebUIKeywordMain.groovy:26)
	at com.kms.katalon.core.webui.keyword.builtin.VerifyTextPresentKeyword.verifyTextPresent(VerifyTextPresentKeyword.groovy:83)
	at com.kms.katalon.core.webui.keyword.builtin.VerifyTextPresentKeyword.execute(VerifyTextPresentKeyword.groovy:68)
	at com.kms.katalon.core.keyword.internal.KeywordExecutor.executeKeywordForPlatform(KeywordExecutor.groovy:74)
	at com.kms.katalon.core.webui.keyword.WebUiBuiltInKeywords.verifyTextPresent(WebUiBuiltInKeywords.groovy:1723)
	at com.kms.katalon.core.webui.keyword.WebUiBuiltInKeywords$verifyTextPresent$7.call(Unknown Source)
	at TC-SO-006.run(TC-SO-006:53)
	at com.kms.katalon.core.main.ScriptEngine.run(ScriptEngine.java:194)
	at com.kms.katalon.core.main.ScriptEngine.runScriptAsRawText(ScriptEngine.java:119)
	at com.kms.katalon.core.main.TestCaseExecutor.runScript(TestCaseExecutor.java:448)
	at com.kms.katalon.core.main.TestCaseExecutor.doExecute(TestCaseExecutor.java:439)
	at com.kms.katalon.core.main.TestCaseExecutor.processExecutionPhase(TestCaseExecutor.java:418)
	at com.kms.katalon.core.main.TestCaseExecutor.accessMainPhase(TestCaseExecutor.java:410)
	at com.kms.katalon.core.main.TestCaseExecutor.execute(TestCaseExecutor.java:285)
	at com.kms.katalon.core.common.CommonExecutor.accessTestCaseMainPhase(CommonExecutor.java:65)
	at com.kms.katalon.core.main.TestSuiteExecutor.accessTestSuiteMainPhase(TestSuiteExecutor.java:148)
	at com.kms.katalon.core.main.TestSuiteExecutor.execute(TestSuiteExecutor.java:106)
	at com.kms.katalon.core.main.TestCaseMain.startTestSuite(TestCaseMain.java:187)
	at com.kms.katalon.core.main.TestCaseMain$startTestSuite$0.call(Unknown Source)
	at TempTestSuite1696494178011.run(TempTestSuite1696494178011.groovy:36)
Caused by: com.kms.katalon.core.exception.StepFailedException: Text 'please enter an valid phone number' is not present on page 
	at com.kms.katalon.core.webui.keyword.internal.WebUIKeywordMain.stepFailed(WebUIKeywordMain.groovy:64)
	at com.kms.katalon.core.webui.keyword.builtin.VerifyTextPresentKeyword$_verifyTextPresent_closure1.doCall(VerifyTextPresentKeyword.groovy:79)
	at com.kms.katalon.core.webui.keyword.builtin.VerifyTextPresentKeyword$_verifyTextPresent_closure1.call(VerifyTextPresentKeyword.groovy)
	at com.kms.katalon.core.webui.keyword.internal.WebUIKeywordMain.runKeyword(WebUIKeywordMain.groovy:20)
	... 19 more
)
[[ATTACHMENT|F:\\bootcamp\\Miniproject\\Tajalapak\\Reports\\20231005_152257\\T05 Sedekah Online\\20231005_152258\\1696494408498.png]]]]></system-out>
         <system-err><![CDATA[2023-10-05 15:26:20 - [TEST_CASE][FAILED] - Test Cases/T05 - Sedekah Online/TC-SO-006: Test Cases/T05 - Sedekah Online/TC-SO-006 FAILED.
Reason:
com.kms.katalon.core.exception.StepFailedException: Unable to verify text 'please enter an valid phone number' is present 
	at com.kms.katalon.core.webui.keyword.internal.WebUIKeywordMain.stepFailed(WebUIKeywordMain.groovy:64)
	at com.kms.katalon.core.webui.keyword.internal.WebUIKeywordMain.runKeyword(WebUIKeywordMain.groovy:26)
	at com.kms.katalon.core.webui.keyword.builtin.VerifyTextPresentKeyword.verifyTextPresent(VerifyTextPresentKeyword.groovy:83)
	at com.kms.katalon.core.webui.keyword.builtin.VerifyTextPresentKeyword.execute(VerifyTextPresentKeyword.groovy:68)
	at com.kms.katalon.core.keyword.internal.KeywordExecutor.executeKeywordForPlatform(KeywordExecutor.groovy:74)
	at com.kms.katalon.core.webui.keyword.WebUiBuiltInKeywords.verifyTextPresent(WebUiBuiltInKeywords.groovy:1723)
	at com.kms.katalon.core.webui.keyword.WebUiBuiltInKeywords$verifyTextPresent$7.call(Unknown Source)
	at TC-SO-006.run(TC-SO-006:53)
	at com.kms.katalon.core.main.ScriptEngine.run(ScriptEngine.java:194)
	at com.kms.katalon.core.main.ScriptEngine.runScriptAsRawText(ScriptEngine.java:119)
	at com.kms.katalon.core.main.TestCaseExecutor.runScript(TestCaseExecutor.java:448)
	at com.kms.katalon.core.main.TestCaseExecutor.doExecute(TestCaseExecutor.java:439)
	at com.kms.katalon.core.main.TestCaseExecutor.processExecutionPhase(TestCaseExecutor.java:418)
	at com.kms.katalon.core.main.TestCaseExecutor.accessMainPhase(TestCaseExecutor.java:410)
	at com.kms.katalon.core.main.TestCaseExecutor.execute(TestCaseExecutor.java:285)
	at com.kms.katalon.core.common.CommonExecutor.accessTestCaseMainPhase(CommonExecutor.java:65)
	at com.kms.katalon.core.main.TestSuiteExecutor.accessTestSuiteMainPhase(TestSuiteExecutor.java:148)
	at com.kms.katalon.core.main.TestSuiteExecutor.execute(TestSuiteExecutor.java:106)
	at com.kms.katalon.core.main.TestCaseMain.startTestSuite(TestCaseMain.java:187)
	at com.kms.katalon.core.main.TestCaseMain$startTestSuite$0.call(Unknown Source)
	at TempTestSuite1696494178011.run(TempTestSuite1696494178011.groovy:36)
Caused by: com.kms.katalon.core.exception.StepFailedException: Text 'please enter an valid phone number' is not present on page 
	at com.kms.katalon.core.webui.keyword.internal.WebUIKeywordMain.stepFailed(WebUIKeywordMain.groovy:64)
	at com.kms.katalon.core.webui.keyword.builtin.VerifyTextPresentKeyword$_verifyTextPresent_closure1.doCall(VerifyTextPresentKeyword.groovy:79)
	at com.kms.katalon.core.webui.keyword.builtin.VerifyTextPresentKeyword$_verifyTextPresent_closure1.call(VerifyTextPresentKeyword.groovy)
	at com.kms.katalon.core.webui.keyword.internal.WebUIKeywordMain.runKeyword(WebUIKeywordMain.groovy:20)
	... 19 more]]></system-err>
      </testcase>
      <testcase name="Test Cases/T05 - Sedekah Online/TC-SO-007" time="35.421" classname="Test Cases/T05 - Sedekah Online/TC-SO-007" status="PASSED">
         <system-out><![CDATA[2023-10-05 15:26:48 - [TEST_CASE][PASSED] - Test Cases/T05 - Sedekah Online/TC-SO-007: Test Cases/T05 - Sedekah Online/TC-SO-007

2023-10-05 15:26:50 - [TEST_STEP][PASSED] - openBrowser(urlWeb): Browser is opened with url: 'https://10.9.2.63/ecommerce/'

2023-10-05 15:26:50 - [MESSAGE][WARNING] - A browser is already opened. Closing browser and opening a new one

2023-10-05 15:26:53 - [MESSAGE][INFO] - Starting 'Firefox' driver

2023-10-05 15:26:53 - [MESSAGE][INFO] - User set preference: ['args', '[window-size=1500,1000, ignore-certificate-errors, UnexpectedAlertBehaviour=ignore]']

2023-10-05 15:26:53 - [MESSAGE][INFO] - Action delay is set to 0 milliseconds

2023-10-05 15:27:10 - [MESSAGE][PASSED] - Browser is opened with url: 'https://10.9.2.63/ecommerce/'

2023-10-05 15:27:10 - [TEST_STEP][PASSED] - maximizeWindow(): Current window maximized

2023-10-05 15:27:10 - [MESSAGE][PASSED] - Current window maximized

2023-10-05 15:27:10 - [TEST_STEP][PASSED] - verifyElementPresent(findTestObject("verifikasi masuk website tajalapk"), 0): Object 'Object Repository/verifikasi masuk website tajalapk' is present

2023-10-05 15:27:10 - [MESSAGE][WARNING] - Timeout '0' is invalid. Using default page load timeout: '30'

2023-10-05 15:27:11 - [MESSAGE][PASSED] - Object 'Object Repository/verifikasi masuk website tajalapk' is present

2023-10-05 15:27:11 - [TEST_STEP][PASSED] - click(findTestObject("sedekah online/a_Donasi (di halaman utama)")): Object: 'Object Repository/sedekah online/a_Donasi (di halaman utama)' is clicked on

2023-10-05 15:27:12 - [MESSAGE][PASSED] - Object: 'Object Repository/sedekah online/a_Donasi (di halaman utama)' is clicked on

2023-10-05 15:27:12 - [TEST_STEP][PASSED] - click(findTestObject("sedekah online/a_Sedekah Online")): Object: 'Object Repository/sedekah online/a_Sedekah Online' is clicked on

2023-10-05 15:27:13 - [MESSAGE][PASSED] - Object: 'Object Repository/sedekah online/a_Sedekah Online' is clicked on

2023-10-05 15:27:13 - [TEST_STEP][PASSED] - verifyElementPresent(findTestObject("sedekah online/verifikasi halaman sedekah Online"), 0): Object 'Object Repository/sedekah online/verifikasi halaman sedekah Online' is present

2023-10-05 15:27:14 - [MESSAGE][WARNING] - Timeout '0' is invalid. Using default page load timeout: '30'

2023-10-05 15:27:14 - [MESSAGE][PASSED] - Object 'Object Repository/sedekah online/verifikasi halaman sedekah Online' is present

2023-10-05 15:27:14 - [TEST_STEP][PASSED] - setText(findTestObject("sedekah online/input_Sedekah"), NominalSedekah): Text '25000' is set on object 'Object Repository/sedekah online/input_Sedekah'

2023-10-05 15:27:15 - [MESSAGE][PASSED] - Text '25000' is set on object 'Object Repository/sedekah online/input_Sedekah'

2023-10-05 15:27:15 - [TEST_STEP][PASSED] - setText(findTestObject("sedekah online/input_Nama lengkap (di sedekah online)"), namaLengkap): Text 'ikana' is set on object 'Object Repository/sedekah online/input_Nama lengkap (di sedekah online)'

2023-10-05 15:27:16 - [MESSAGE][PASSED] - Text 'ikana' is set on object 'Object Repository/sedekah online/input_Nama lengkap (di sedekah online)'

2023-10-05 15:27:16 - [TEST_STEP][PASSED] - setText(findTestObject("sedekah online/input_No Handphone (di sedekah online)"), noHp): Text '086754321234' is set on object 'Object Repository/sedekah online/input_No Handphone (di sedekah online)'

2023-10-05 15:27:17 - [MESSAGE][PASSED] - Text '086754321234' is set on object 'Object Repository/sedekah online/input_No Handphone (di sedekah online)'

2023-10-05 15:27:17 - [TEST_STEP][PASSED] - setText(findTestObject("sedekah online/input_Alamat Email (di sedekah online)"), email): Text 'anata71@gmail.com' is set on object 'Object Repository/sedekah online/input_Alamat Email (di sedekah online)'

2023-10-05 15:27:19 - [MESSAGE][PASSED] - Text 'anata71@gmail.com' is set on object 'Object Repository/sedekah online/input_Alamat Email (di sedekah online)'

2023-10-05 15:27:19 - [TEST_STEP][PASSED] - selectOptionByValue(findTestObject("Object Repository/sedekah online/dropdown metode pembayaraan"), pembayaran, false): All options with value '1' are selected in object 'Object Repository/sedekah online/dropdown metode pembayaraan' 

2023-10-05 15:27:19 - [MESSAGE][PASSED] - All options with value '1' are selected in object 'Object Repository/sedekah online/dropdown metode pembayaraan' 

2023-10-05 15:27:19 - [TEST_STEP][PASSED] - selectOptionByValue(findTestObject("Object Repository/sedekah online/sedekah ditunjukan untuk keluarga"), sedekahUntuk, false): All options with value 'Orang Tua' are selected in object 'Object Repository/sedekah online/sedekah ditunjukan untuk keluarga' 

2023-10-05 15:27:20 - [MESSAGE][PASSED] - All options with value 'Orang Tua' are selected in object 'Object Repository/sedekah online/sedekah ditunjukan untuk keluarga' 

2023-10-05 15:27:20 - [TEST_STEP][PASSED] - setText(findTestObject("sedekah online/input isi doa terbaik anda"), doa): Text 'Semoga Bermanfaat' is set on object 'Object Repository/sedekah online/input isi doa terbaik anda'

2023-10-05 15:27:21 - [MESSAGE][PASSED] - Text 'Semoga Bermanfaat' is set on object 'Object Repository/sedekah online/input isi doa terbaik anda'

2023-10-05 15:27:21 - [TEST_STEP][PASSED] - setText(findTestObject("sedekah online/input 2 digit terakhir nomor hp"), digitAkhir): Text ',4' is set on object 'Object Repository/sedekah online/input 2 digit terakhir nomor hp'

2023-10-05 15:27:22 - [MESSAGE][PASSED] - Text ',4' is set on object 'Object Repository/sedekah online/input 2 digit terakhir nomor hp'

2023-10-05 15:27:22 - [TEST_STEP][PASSED] - click(findTestObject("sedekah online/button_Sedekah Sekarang")): Object: 'Object Repository/sedekah online/button_Sedekah Sekarang' is clicked on

2023-10-05 15:27:23 - [MESSAGE][PASSED] - Object: 'Object Repository/sedekah online/button_Sedekah Sekarang' is clicked on

2023-10-05 15:27:23 - [TEST_STEP][PASSED] - webDriver = getWebDriver(): null

2023-10-05 15:27:23 - [TEST_STEP][PASSED] - field_nomor = webDriver.findElement(By.xpath("//input[@name="validasi"]")): null

2023-10-05 15:27:24 - [TEST_STEP][PASSED] - error_message = webDriver.executeScript("return arguments[0].validationMessage", field_nomor): null

2023-10-05 15:27:24 - [TEST_STEP][PASSED] - println(error_message): null

2023-10-05 15:27:24 - [TEST_STEP][PASSED] - assert error_message == "Please select a valid value. The two nearest valid values are 0 and 1.": null]]></system-out>
         <system-err><![CDATA[]]></system-err>
      </testcase>
      <testcase name="Test Cases/T05 - Sedekah Online/TC-SO-008" time="25.1" classname="Test Cases/T05 - Sedekah Online/TC-SO-008" status="PASSED">
         <system-out><![CDATA[2023-10-05 15:27:24 - [TEST_CASE][PASSED] - Test Cases/T05 - Sedekah Online/TC-SO-008: Test Cases/T05 - Sedekah Online/TC-SO-008

2023-10-05 15:27:27 - [TEST_STEP][PASSED] - openBrowser(urlWeb): Browser is opened with url: 'https://10.9.2.63/ecommerce/'

2023-10-05 15:27:27 - [MESSAGE][WARNING] - A browser is already opened. Closing browser and opening a new one

2023-10-05 15:27:28 - [MESSAGE][INFO] - Starting 'Firefox' driver

2023-10-05 15:27:28 - [MESSAGE][INFO] - User set preference: ['args', '[window-size=1500,1000, ignore-certificate-errors, UnexpectedAlertBehaviour=ignore]']

2023-10-05 15:27:28 - [MESSAGE][INFO] - Action delay is set to 0 milliseconds

2023-10-05 15:27:37 - [MESSAGE][PASSED] - Browser is opened with url: 'https://10.9.2.63/ecommerce/'

2023-10-05 15:27:37 - [TEST_STEP][PASSED] - maximizeWindow(): Current window maximized

2023-10-05 15:27:37 - [MESSAGE][PASSED] - Current window maximized

2023-10-05 15:27:37 - [TEST_STEP][PASSED] - verifyElementPresent(findTestObject("verifikasi masuk website tajalapk"), 0): Object 'Object Repository/verifikasi masuk website tajalapk' is present

2023-10-05 15:27:37 - [MESSAGE][WARNING] - Timeout '0' is invalid. Using default page load timeout: '30'

2023-10-05 15:27:37 - [MESSAGE][PASSED] - Object 'Object Repository/verifikasi masuk website tajalapk' is present

2023-10-05 15:27:37 - [TEST_STEP][PASSED] - click(findTestObject("sedekah online/a_Donasi (di halaman utama)")): Object: 'Object Repository/sedekah online/a_Donasi (di halaman utama)' is clicked on

2023-10-05 15:27:38 - [MESSAGE][PASSED] - Object: 'Object Repository/sedekah online/a_Donasi (di halaman utama)' is clicked on

2023-10-05 15:27:38 - [TEST_STEP][PASSED] - click(findTestObject("sedekah online/a_Sedekah Online")): Object: 'Object Repository/sedekah online/a_Sedekah Online' is clicked on

2023-10-05 15:27:39 - [MESSAGE][PASSED] - Object: 'Object Repository/sedekah online/a_Sedekah Online' is clicked on

2023-10-05 15:27:39 - [TEST_STEP][PASSED] - verifyElementPresent(findTestObject("sedekah online/verifikasi halaman sedekah Online"), 0): Object 'Object Repository/sedekah online/verifikasi halaman sedekah Online' is present

2023-10-05 15:27:39 - [MESSAGE][WARNING] - Timeout '0' is invalid. Using default page load timeout: '30'

2023-10-05 15:27:40 - [MESSAGE][PASSED] - Object 'Object Repository/sedekah online/verifikasi halaman sedekah Online' is present

2023-10-05 15:27:40 - [TEST_STEP][PASSED] - setText(findTestObject("sedekah online/input_Sedekah"), NominalSedekah): Text '25000' is set on object 'Object Repository/sedekah online/input_Sedekah'

2023-10-05 15:27:41 - [MESSAGE][PASSED] - Text '25000' is set on object 'Object Repository/sedekah online/input_Sedekah'

2023-10-05 15:27:41 - [TEST_STEP][PASSED] - setText(findTestObject("sedekah online/input_No Handphone (di sedekah online)"), noHp): Text '086754321234' is set on object 'Object Repository/sedekah online/input_No Handphone (di sedekah online)'

2023-10-05 15:27:42 - [MESSAGE][PASSED] - Text '086754321234' is set on object 'Object Repository/sedekah online/input_No Handphone (di sedekah online)'

2023-10-05 15:27:42 - [TEST_STEP][PASSED] - setText(findTestObject("sedekah online/input_Alamat Email (di sedekah online)"), email): Text 'anata71@gmail.com' is set on object 'Object Repository/sedekah online/input_Alamat Email (di sedekah online)'

2023-10-05 15:27:43 - [MESSAGE][PASSED] - Text 'anata71@gmail.com' is set on object 'Object Repository/sedekah online/input_Alamat Email (di sedekah online)'

2023-10-05 15:27:43 - [TEST_STEP][PASSED] - selectOptionByValue(findTestObject("Object Repository/sedekah online/dropdown metode pembayaraan"), pembayaran, false): All options with value '1' are selected in object 'Object Repository/sedekah online/dropdown metode pembayaraan' 

2023-10-05 15:27:45 - [MESSAGE][PASSED] - All options with value '1' are selected in object 'Object Repository/sedekah online/dropdown metode pembayaraan' 

2023-10-05 15:27:45 - [TEST_STEP][PASSED] - selectOptionByValue(findTestObject("Object Repository/sedekah online/sedekah ditunjukan untuk keluarga"), sedekahUntuk, false): All options with value 'Orang Tua' are selected in object 'Object Repository/sedekah online/sedekah ditunjukan untuk keluarga' 

2023-10-05 15:27:46 - [MESSAGE][PASSED] - All options with value 'Orang Tua' are selected in object 'Object Repository/sedekah online/sedekah ditunjukan untuk keluarga' 

2023-10-05 15:27:46 - [TEST_STEP][PASSED] - setText(findTestObject("sedekah online/input isi doa terbaik anda"), doa): Text 'Semoga Bermanfaat' is set on object 'Object Repository/sedekah online/input isi doa terbaik anda'

2023-10-05 15:27:47 - [MESSAGE][PASSED] - Text 'Semoga Bermanfaat' is set on object 'Object Repository/sedekah online/input isi doa terbaik anda'

2023-10-05 15:27:47 - [TEST_STEP][PASSED] - setText(findTestObject("sedekah online/input 2 digit terakhir nomor hp"), digitAkhir): Text '34' is set on object 'Object Repository/sedekah online/input 2 digit terakhir nomor hp'

2023-10-05 15:27:48 - [MESSAGE][PASSED] - Text '34' is set on object 'Object Repository/sedekah online/input 2 digit terakhir nomor hp'

2023-10-05 15:27:48 - [TEST_STEP][PASSED] - click(findTestObject("sedekah online/button_Sedekah Sekarang")): Object: 'Object Repository/sedekah online/button_Sedekah Sekarang' is clicked on

2023-10-05 15:27:49 - [MESSAGE][PASSED] - Object: 'Object Repository/sedekah online/button_Sedekah Sekarang' is clicked on

2023-10-05 15:27:49 - [TEST_STEP][PASSED] - webDriber = getWebDriver(): null

2023-10-05 15:27:49 - [TEST_STEP][PASSED] - field_nmLengkap = webDriber.findElement(By.xpath("//input[@name="nama_lengkap"]")): null

2023-10-05 15:27:49 - [TEST_STEP][PASSED] - error_message = webDriber.executeScript("return arguments[0].validationMessage", field_nmLengkap): null

2023-10-05 15:27:49 - [TEST_STEP][PASSED] - println(error_message): null

2023-10-05 15:27:49 - [TEST_STEP][PASSED] - assert error_message == "Please fill out this field.": null]]></system-out>
         <system-err><![CDATA[]]></system-err>
      </testcase>
      <testcase name="Test Cases/T05 - Sedekah Online/TC-SO-009" time="28.757" classname="Test Cases/T05 - Sedekah Online/TC-SO-009" status="FAILED">
         <failure type="FAILED" message="Test Cases/T05 - Sedekah Online/TC-SO-009 FAILED.
Reason:
Assertion failed: 

assert validationMessage == &quot;Maximum length of this field must be equal or greater than 150 symbols&quot;
       |                 |
       &quot;&quot;                false

	at TC-SO-009.run(TC-SO-009:65)
	at com.kms.katalon.core.main.ScriptEngine.run(ScriptEngine.java:194)
	at com.kms.katalon.core.main.ScriptEngine.runScriptAsRawText(ScriptEngine.java:119)
	at com.kms.katalon.core.main.TestCaseExecutor.runScript(TestCaseExecutor.java:448)
	at com.kms.katalon.core.main.TestCaseExecutor.doExecute(TestCaseExecutor.java:439)
	at com.kms.katalon.core.main.TestCaseExecutor.processExecutionPhase(TestCaseExecutor.java:418)
	at com.kms.katalon.core.main.TestCaseExecutor.accessMainPhase(TestCaseExecutor.java:410)
	at com.kms.katalon.core.main.TestCaseExecutor.execute(TestCaseExecutor.java:285)
	at com.kms.katalon.core.common.CommonExecutor.accessTestCaseMainPhase(CommonExecutor.java:65)
	at com.kms.katalon.core.main.TestSuiteExecutor.accessTestSuiteMainPhase(TestSuiteExecutor.java:148)
	at com.kms.katalon.core.main.TestSuiteExecutor.execute(TestSuiteExecutor.java:106)
	at com.kms.katalon.core.main.TestCaseMain.startTestSuite(TestCaseMain.java:187)
	at com.kms.katalon.core.main.TestCaseMain$startTestSuite$0.call(Unknown Source)
	at TempTestSuite1696494178011.run(TempTestSuite1696494178011.groovy:36)
"/>
         <system-out><![CDATA[2023-10-05 15:27:49 - [TEST_CASE][FAILED] - Test Cases/T05 - Sedekah Online/TC-SO-009: Test Cases/T05 - Sedekah Online/TC-SO-009 FAILED.
Reason:
Assertion failed: 

assert validationMessage == "Maximum length of this field must be equal or greater than 150 symbols"
       |                 |
       ""                false

	at TC-SO-009.run(TC-SO-009:65)
	at com.kms.katalon.core.main.ScriptEngine.run(ScriptEngine.java:194)
	at com.kms.katalon.core.main.ScriptEngine.runScriptAsRawText(ScriptEngine.java:119)
	at com.kms.katalon.core.main.TestCaseExecutor.runScript(TestCaseExecutor.java:448)
	at com.kms.katalon.core.main.TestCaseExecutor.doExecute(TestCaseExecutor.java:439)
	at com.kms.katalon.core.main.TestCaseExecutor.processExecutionPhase(TestCaseExecutor.java:418)
	at com.kms.katalon.core.main.TestCaseExecutor.accessMainPhase(TestCaseExecutor.java:410)
	at com.kms.katalon.core.main.TestCaseExecutor.execute(TestCaseExecutor.java:285)
	at com.kms.katalon.core.common.CommonExecutor.accessTestCaseMainPhase(CommonExecutor.java:65)
	at com.kms.katalon.core.main.TestSuiteExecutor.accessTestSuiteMainPhase(TestSuiteExecutor.java:148)
	at com.kms.katalon.core.main.TestSuiteExecutor.execute(TestSuiteExecutor.java:106)
	at com.kms.katalon.core.main.TestCaseMain.startTestSuite(TestCaseMain.java:187)
	at com.kms.katalon.core.main.TestCaseMain$startTestSuite$0.call(Unknown Source)
	at TempTestSuite1696494178011.run(TempTestSuite1696494178011.groovy:36)


2023-10-05 15:27:51 - [TEST_STEP][PASSED] - openBrowser(urlWeb): Browser is opened with url: 'https://10.9.2.63/ecommerce/'

2023-10-05 15:27:51 - [MESSAGE][WARNING] - A browser is already opened. Closing browser and opening a new one

2023-10-05 15:27:53 - [MESSAGE][INFO] - Starting 'Firefox' driver

2023-10-05 15:27:53 - [MESSAGE][INFO] - User set preference: ['args', '[window-size=1500,1000, ignore-certificate-errors, UnexpectedAlertBehaviour=ignore]']

2023-10-05 15:27:53 - [MESSAGE][INFO] - Action delay is set to 0 milliseconds

2023-10-05 15:28:02 - [MESSAGE][PASSED] - Browser is opened with url: 'https://10.9.2.63/ecommerce/'

2023-10-05 15:28:02 - [TEST_STEP][PASSED] - maximizeWindow(): Current window maximized

2023-10-05 15:28:02 - [MESSAGE][PASSED] - Current window maximized

2023-10-05 15:28:02 - [TEST_STEP][PASSED] - verifyElementPresent(findTestObject("verifikasi masuk website tajalapk"), 0): Object 'Object Repository/verifikasi masuk website tajalapk' is present

2023-10-05 15:28:02 - [MESSAGE][WARNING] - Timeout '0' is invalid. Using default page load timeout: '30'

2023-10-05 15:28:02 - [MESSAGE][PASSED] - Object 'Object Repository/verifikasi masuk website tajalapk' is present

2023-10-05 15:28:02 - [TEST_STEP][PASSED] - click(findTestObject("sedekah online/a_Donasi (di halaman utama)")): Object: 'Object Repository/sedekah online/a_Donasi (di halaman utama)' is clicked on

2023-10-05 15:28:03 - [MESSAGE][PASSED] - Object: 'Object Repository/sedekah online/a_Donasi (di halaman utama)' is clicked on

2023-10-05 15:28:03 - [TEST_STEP][PASSED] - verifyElementClickable(findTestObject("sedekah online/a_Sedekah Online"), STOP_ON_FAILURE): Object 'Object Repository/sedekah online/a_Sedekah Online' is clickable

2023-10-05 15:28:04 - [MESSAGE][PASSED] - Object 'Object Repository/sedekah online/a_Sedekah Online' is clickable

2023-10-05 15:28:04 - [TEST_STEP][PASSED] - click(findTestObject("sedekah online/a_Sedekah Online")): Object: 'Object Repository/sedekah online/a_Sedekah Online' is clicked on

2023-10-05 15:28:05 - [MESSAGE][PASSED] - Object: 'Object Repository/sedekah online/a_Sedekah Online' is clicked on

2023-10-05 15:28:05 - [TEST_STEP][PASSED] - verifyElementPresent(findTestObject("sedekah online/verifikasi halaman sedekah Online"), 0): Object 'Object Repository/sedekah online/verifikasi halaman sedekah Online' is present

2023-10-05 15:28:05 - [MESSAGE][WARNING] - Timeout '0' is invalid. Using default page load timeout: '30'

2023-10-05 15:28:06 - [MESSAGE][PASSED] - Object 'Object Repository/sedekah online/verifikasi halaman sedekah Online' is present

2023-10-05 15:28:06 - [TEST_STEP][PASSED] - setText(findTestObject("sedekah online/input_Sedekah"), NominalSedekah): Text '25000' is set on object 'Object Repository/sedekah online/input_Sedekah'

2023-10-05 15:28:07 - [MESSAGE][PASSED] - Text '25000' is set on object 'Object Repository/sedekah online/input_Sedekah'

2023-10-05 15:28:07 - [TEST_STEP][PASSED] - setText(findTestObject("sedekah online/input_Nama lengkap (di sedekah online)"), namaLengkap): Text 'ikana' is set on object 'Object Repository/sedekah online/input_Nama lengkap (di sedekah online)'

2023-10-05 15:28:08 - [MESSAGE][PASSED] - Text 'ikana' is set on object 'Object Repository/sedekah online/input_Nama lengkap (di sedekah online)'

2023-10-05 15:28:08 - [TEST_STEP][PASSED] - setText(findTestObject("sedekah online/input_No Handphone (di sedekah online)"), noHp): Text '086754321234' is set on object 'Object Repository/sedekah online/input_No Handphone (di sedekah online)'

2023-10-05 15:28:09 - [MESSAGE][PASSED] - Text '086754321234' is set on object 'Object Repository/sedekah online/input_No Handphone (di sedekah online)'

2023-10-05 15:28:09 - [TEST_STEP][PASSED] - setText(findTestObject("sedekah online/input_Alamat Email (di sedekah online)"), email): Text 'anata71@gmail.com' is set on object 'Object Repository/sedekah online/input_Alamat Email (di sedekah online)'

2023-10-05 15:28:11 - [MESSAGE][PASSED] - Text 'anata71@gmail.com' is set on object 'Object Repository/sedekah online/input_Alamat Email (di sedekah online)'

2023-10-05 15:28:11 - [TEST_STEP][PASSED] - selectOptionByValue(findTestObject("Object Repository/sedekah online/dropdown metode pembayaraan"), pembayaran, false): All options with value '1' are selected in object 'Object Repository/sedekah online/dropdown metode pembayaraan' 

2023-10-05 15:28:12 - [MESSAGE][PASSED] - All options with value '1' are selected in object 'Object Repository/sedekah online/dropdown metode pembayaraan' 

2023-10-05 15:28:12 - [TEST_STEP][PASSED] - selectOptionByValue(findTestObject("Object Repository/sedekah online/sedekah ditunjukan untuk keluarga"), sedekahUntuk, false): All options with value 'Orang Tua' are selected in object 'Object Repository/sedekah online/sedekah ditunjukan untuk keluarga' 

2023-10-05 15:28:13 - [MESSAGE][PASSED] - All options with value 'Orang Tua' are selected in object 'Object Repository/sedekah online/sedekah ditunjukan untuk keluarga' 

2023-10-05 15:28:13 - [TEST_STEP][PASSED] - setText(findTestObject("sedekah online/input isi doa terbaik anda"), doa): Text ' Allah, tidak ada Tuhan (yang berhak disembah) melainkan Dia Yang Hidup kekal lagi terus menerus mengurus (makhluk-Nya); tidak mengantuk dan tidak tidur. Kepunyaan-Nya apa yang di langit dan di bumi.' is set on object 'Object Repository/sedekah online/input isi doa terbaik anda'

2023-10-05 15:28:14 - [MESSAGE][PASSED] - Text ' Allah, tidak ada Tuhan (yang berhak disembah) melainkan Dia Yang Hidup kekal lagi terus menerus mengurus (makhluk-Nya); tidak mengantuk dan tidak tidur. Kepunyaan-Nya apa yang di langit dan di bumi.' is set on object 'Object Repository/sedekah online/input isi doa terbaik anda'

2023-10-05 15:28:14 - [TEST_STEP][PASSED] - setText(findTestObject("sedekah online/input 2 digit terakhir nomor hp"), digitAkhir): Text '34' is set on object 'Object Repository/sedekah online/input 2 digit terakhir nomor hp'

2023-10-05 15:28:15 - [MESSAGE][PASSED] - Text '34' is set on object 'Object Repository/sedekah online/input 2 digit terakhir nomor hp'

2023-10-05 15:28:15 - [TEST_STEP][PASSED] - click(findTestObject("sedekah online/button_Sedekah Sekarang")): Object: 'Object Repository/sedekah online/button_Sedekah Sekarang' is clicked on

2023-10-05 15:28:17 - [MESSAGE][PASSED] - Object: 'Object Repository/sedekah online/button_Sedekah Sekarang' is clicked on

2023-10-05 15:28:17 - [TEST_STEP][PASSED] - webDriver = getWebDriver(): null

2023-10-05 15:28:17 - [TEST_STEP][PASSED] - field_doa = webDriver.findElement(By.xpath("//textarea[@name="doa_terbaik"]")): null

2023-10-05 15:28:18 - [TEST_STEP][PASSED] - validationMessage = executeJavaScript("return arguments[0].validationMessage", Arrays.asList(field_doa)): Execute JavaScript 'return arguments[0].validationMessage' successfully

2023-10-05 15:28:18 - [MESSAGE][PASSED] - Execute JavaScript 'return arguments[0].validationMessage' successfully

2023-10-05 15:28:18 - [TEST_STEP][FAILED] - assert validationMessage == "Maximum length of this field must be equal or greater than 150 symbols": Test Cases/T05 - Sedekah Online/TC-SO-009 FAILED.
Reason:
Assertion failed: 

assert validationMessage == "Maximum length of this field must be equal or greater than 150 symbols"
       |                 |
       ""                false

	at TC-SO-009.run(TC-SO-009:65)
	at com.kms.katalon.core.main.ScriptEngine.run(ScriptEngine.java:194)
	at com.kms.katalon.core.main.ScriptEngine.runScriptAsRawText(ScriptEngine.java:119)
	at com.kms.katalon.core.main.TestCaseExecutor.runScript(TestCaseExecutor.java:448)
	at com.kms.katalon.core.main.TestCaseExecutor.doExecute(TestCaseExecutor.java:439)
	at com.kms.katalon.core.main.TestCaseExecutor.processExecutionPhase(TestCaseExecutor.java:418)
	at com.kms.katalon.core.main.TestCaseExecutor.accessMainPhase(TestCaseExecutor.java:410)
	at com.kms.katalon.core.main.TestCaseExecutor.execute(TestCaseExecutor.java:285)
	at com.kms.katalon.core.common.CommonExecutor.accessTestCaseMainPhase(CommonExecutor.java:65)
	at com.kms.katalon.core.main.TestSuiteExecutor.accessTestSuiteMainPhase(TestSuiteExecutor.java:148)
	at com.kms.katalon.core.main.TestSuiteExecutor.execute(TestSuiteExecutor.java:106)
	at com.kms.katalon.core.main.TestCaseMain.startTestSuite(TestCaseMain.java:187)
	at com.kms.katalon.core.main.TestCaseMain$startTestSuite$0.call(Unknown Source)
	at TempTestSuite1696494178011.run(TempTestSuite1696494178011.groovy:36)


2023-10-05 15:28:18 - [MESSAGE][FAILED] - Test Cases/T05 - Sedekah Online/TC-SO-009 FAILED.
Reason:
Assertion failed: 

assert validationMessage == "Maximum length of this field must be equal or greater than 150 symbols"
       |                 |
       ""                false

	at TC-SO-009.run(TC-SO-009:65)
	at com.kms.katalon.core.main.ScriptEngine.run(ScriptEngine.java:194)
	at com.kms.katalon.core.main.ScriptEngine.runScriptAsRawText(ScriptEngine.java:119)
	at com.kms.katalon.core.main.TestCaseExecutor.runScript(TestCaseExecutor.java:448)
	at com.kms.katalon.core.main.TestCaseExecutor.doExecute(TestCaseExecutor.java:439)
	at com.kms.katalon.core.main.TestCaseExecutor.processExecutionPhase(TestCaseExecutor.java:418)
	at com.kms.katalon.core.main.TestCaseExecutor.accessMainPhase(TestCaseExecutor.java:410)
	at com.kms.katalon.core.main.TestCaseExecutor.execute(TestCaseExecutor.java:285)
	at com.kms.katalon.core.common.CommonExecutor.accessTestCaseMainPhase(CommonExecutor.java:65)
	at com.kms.katalon.core.main.TestSuiteExecutor.accessTestSuiteMainPhase(TestSuiteExecutor.java:148)
	at com.kms.katalon.core.main.TestSuiteExecutor.execute(TestSuiteExecutor.java:106)
	at com.kms.katalon.core.main.TestCaseMain.startTestSuite(TestCaseMain.java:187)
	at com.kms.katalon.core.main.TestCaseMain$startTestSuite$0.call(Unknown Source)
	at TempTestSuite1696494178011.run(TempTestSuite1696494178011.groovy:36)]]></system-out>
         <system-err><![CDATA[2023-10-05 15:27:49 - [TEST_CASE][FAILED] - Test Cases/T05 - Sedekah Online/TC-SO-009: Test Cases/T05 - Sedekah Online/TC-SO-009 FAILED.
Reason:
Assertion failed: 

assert validationMessage == "Maximum length of this field must be equal or greater than 150 symbols"
       |                 |
       ""                false

	at TC-SO-009.run(TC-SO-009:65)
	at com.kms.katalon.core.main.ScriptEngine.run(ScriptEngine.java:194)
	at com.kms.katalon.core.main.ScriptEngine.runScriptAsRawText(ScriptEngine.java:119)
	at com.kms.katalon.core.main.TestCaseExecutor.runScript(TestCaseExecutor.java:448)
	at com.kms.katalon.core.main.TestCaseExecutor.doExecute(TestCaseExecutor.java:439)
	at com.kms.katalon.core.main.TestCaseExecutor.processExecutionPhase(TestCaseExecutor.java:418)
	at com.kms.katalon.core.main.TestCaseExecutor.accessMainPhase(TestCaseExecutor.java:410)
	at com.kms.katalon.core.main.TestCaseExecutor.execute(TestCaseExecutor.java:285)
	at com.kms.katalon.core.common.CommonExecutor.accessTestCaseMainPhase(CommonExecutor.java:65)
	at com.kms.katalon.core.main.TestSuiteExecutor.accessTestSuiteMainPhase(TestSuiteExecutor.java:148)
	at com.kms.katalon.core.main.TestSuiteExecutor.execute(TestSuiteExecutor.java:106)
	at com.kms.katalon.core.main.TestCaseMain.startTestSuite(TestCaseMain.java:187)
	at com.kms.katalon.core.main.TestCaseMain$startTestSuite$0.call(Unknown Source)
	at TempTestSuite1696494178011.run(TempTestSuite1696494178011.groovy:36)]]></system-err>
      </testcase>
      <testcase name="Test Cases/T05 - Sedekah Online/TC-SO-010" time="26.798" classname="Test Cases/T05 - Sedekah Online/TC-SO-010" status="PASSED">
         <system-out><![CDATA[2023-10-05 15:28:18 - [TEST_CASE][PASSED] - Test Cases/T05 - Sedekah Online/TC-SO-010: Test Cases/T05 - Sedekah Online/TC-SO-010

2023-10-05 15:28:20 - [TEST_STEP][PASSED] - openBrowser(urlWeb): Browser is opened with url: 'https://10.9.2.63/ecommerce/'

2023-10-05 15:28:20 - [MESSAGE][WARNING] - A browser is already opened. Closing browser and opening a new one

2023-10-05 15:28:22 - [MESSAGE][INFO] - Starting 'Firefox' driver

2023-10-05 15:28:22 - [MESSAGE][INFO] - User set preference: ['args', '[window-size=1500,1000, ignore-certificate-errors, UnexpectedAlertBehaviour=ignore]']

2023-10-05 15:28:22 - [MESSAGE][INFO] - Action delay is set to 0 milliseconds

2023-10-05 15:28:32 - [MESSAGE][PASSED] - Browser is opened with url: 'https://10.9.2.63/ecommerce/'

2023-10-05 15:28:32 - [TEST_STEP][PASSED] - maximizeWindow(): Current window maximized

2023-10-05 15:28:32 - [MESSAGE][PASSED] - Current window maximized

2023-10-05 15:28:32 - [TEST_STEP][PASSED] - verifyElementPresent(findTestObject("verifikasi masuk website tajalapk"), 0): Object 'Object Repository/verifikasi masuk website tajalapk' is present

2023-10-05 15:28:32 - [MESSAGE][WARNING] - Timeout '0' is invalid. Using default page load timeout: '30'

2023-10-05 15:28:33 - [MESSAGE][PASSED] - Object 'Object Repository/verifikasi masuk website tajalapk' is present

2023-10-05 15:28:33 - [TEST_STEP][PASSED] - click(findTestObject("sedekah online/a_Donasi (di halaman utama)")): Object: 'Object Repository/sedekah online/a_Donasi (di halaman utama)' is clicked on

2023-10-05 15:28:33 - [MESSAGE][PASSED] - Object: 'Object Repository/sedekah online/a_Donasi (di halaman utama)' is clicked on

2023-10-05 15:28:33 - [TEST_STEP][PASSED] - verifyElementClickable(findTestObject("sedekah online/a_Sedekah Online"), STOP_ON_FAILURE): Object 'Object Repository/sedekah online/a_Sedekah Online' is clickable

2023-10-05 15:28:34 - [MESSAGE][PASSED] - Object 'Object Repository/sedekah online/a_Sedekah Online' is clickable

2023-10-05 15:28:34 - [TEST_STEP][PASSED] - click(findTestObject("sedekah online/a_Sedekah Online")): Object: 'Object Repository/sedekah online/a_Sedekah Online' is clicked on

2023-10-05 15:28:35 - [MESSAGE][PASSED] - Object: 'Object Repository/sedekah online/a_Sedekah Online' is clicked on

2023-10-05 15:28:35 - [TEST_STEP][PASSED] - verifyElementPresent(findTestObject("sedekah online/verifikasi halaman sedekah Online"), 0): Object 'Object Repository/sedekah online/verifikasi halaman sedekah Online' is present

2023-10-05 15:28:35 - [MESSAGE][WARNING] - Timeout '0' is invalid. Using default page load timeout: '30'

2023-10-05 15:28:35 - [MESSAGE][PASSED] - Object 'Object Repository/sedekah online/verifikasi halaman sedekah Online' is present

2023-10-05 15:28:35 - [TEST_STEP][PASSED] - setText(findTestObject("sedekah online/input_Sedekah"), NominalSedekah): Text '25000' is set on object 'Object Repository/sedekah online/input_Sedekah'

2023-10-05 15:28:36 - [MESSAGE][PASSED] - Text '25000' is set on object 'Object Repository/sedekah online/input_Sedekah'

2023-10-05 15:28:36 - [TEST_STEP][PASSED] - setText(findTestObject("sedekah online/input_Nama lengkap (di sedekah online)"), namaLengkap): Text 'ikana' is set on object 'Object Repository/sedekah online/input_Nama lengkap (di sedekah online)'

2023-10-05 15:28:37 - [MESSAGE][PASSED] - Text 'ikana' is set on object 'Object Repository/sedekah online/input_Nama lengkap (di sedekah online)'

2023-10-05 15:28:37 - [TEST_STEP][PASSED] - setText(findTestObject("sedekah online/input_No Handphone (di sedekah online)"), noHp): Text 'opqwerstuwxy' is set on object 'Object Repository/sedekah online/input_No Handphone (di sedekah online)'

2023-10-05 15:28:38 - [MESSAGE][PASSED] - Text 'opqwerstuwxy' is set on object 'Object Repository/sedekah online/input_No Handphone (di sedekah online)'

2023-10-05 15:28:38 - [TEST_STEP][PASSED] - setText(findTestObject("sedekah online/input_Alamat Email (di sedekah online)"), email): Text 'anata71@gmail.com' is set on object 'Object Repository/sedekah online/input_Alamat Email (di sedekah online)'

2023-10-05 15:28:39 - [MESSAGE][PASSED] - Text 'anata71@gmail.com' is set on object 'Object Repository/sedekah online/input_Alamat Email (di sedekah online)'

2023-10-05 15:28:39 - [TEST_STEP][PASSED] - selectOptionByValue(findTestObject("Object Repository/sedekah online/dropdown metode pembayaraan"), pembayaran, false): All options with value '1' are selected in object 'Object Repository/sedekah online/dropdown metode pembayaraan' 

2023-10-05 15:28:40 - [MESSAGE][PASSED] - All options with value '1' are selected in object 'Object Repository/sedekah online/dropdown metode pembayaraan' 

2023-10-05 15:28:40 - [TEST_STEP][PASSED] - selectOptionByValue(findTestObject("Object Repository/sedekah online/sedekah ditunjukan untuk keluarga"), sedekahUntuk, false): All options with value 'Orang Tua' are selected in object 'Object Repository/sedekah online/sedekah ditunjukan untuk keluarga' 

2023-10-05 15:28:41 - [MESSAGE][PASSED] - All options with value 'Orang Tua' are selected in object 'Object Repository/sedekah online/sedekah ditunjukan untuk keluarga' 

2023-10-05 15:28:41 - [TEST_STEP][PASSED] - setText(findTestObject("sedekah online/input isi doa terbaik anda"), doa): Text 'semoga bermanfaat' is set on object 'Object Repository/sedekah online/input isi doa terbaik anda'

2023-10-05 15:28:42 - [MESSAGE][PASSED] - Text 'semoga bermanfaat' is set on object 'Object Repository/sedekah online/input isi doa terbaik anda'

2023-10-05 15:28:42 - [TEST_STEP][PASSED] - setText(findTestObject("sedekah online/input 2 digit terakhir nomor hp"), digitAkhir): Text 'xy' is set on object 'Object Repository/sedekah online/input 2 digit terakhir nomor hp'

2023-10-05 15:28:43 - [MESSAGE][PASSED] - Text 'xy' is set on object 'Object Repository/sedekah online/input 2 digit terakhir nomor hp'

2023-10-05 15:28:43 - [TEST_STEP][PASSED] - click(findTestObject("sedekah online/button_Sedekah Sekarang")): Object: 'Object Repository/sedekah online/button_Sedekah Sekarang' is clicked on

2023-10-05 15:28:44 - [MESSAGE][PASSED] - Object: 'Object Repository/sedekah online/button_Sedekah Sekarang' is clicked on

2023-10-05 15:28:44 - [TEST_STEP][PASSED] - webDriver = getWebDriver(): null

2023-10-05 15:28:44 - [TEST_STEP][PASSED] - field_no = webDriver.findElement(By.xpath("//input[@name="no_handphone"]")): null

2023-10-05 15:28:45 - [TEST_STEP][PASSED] - error_message = webDriver.executeScript("return arguments[0].validationMessage", field_no): null

2023-10-05 15:28:45 - [TEST_STEP][PASSED] - println(error_message): null

2023-10-05 15:28:45 - [TEST_STEP][PASSED] - assert error_message == "Please enter a number.": null]]></system-out>
         <system-err><![CDATA[]]></system-err>
      </testcase>
      <testcase name="Test Cases/T05 - Sedekah Online/TC-SO-011" time="27.454" classname="Test Cases/T05 - Sedekah Online/TC-SO-011" status="FAILED">
         <failure type="FAILED" message="Test Cases/T05 - Sedekah Online/TC-SO-011 FAILED.
Reason:
Assertion failed: 

assert error_message == &quot;please input an valid number&quot;
       |             |
       &quot;&quot;            false

	at TC-SO-011.run(TC-SO-011:72)
	at com.kms.katalon.core.main.ScriptEngine.run(ScriptEngine.java:194)
	at com.kms.katalon.core.main.ScriptEngine.runScriptAsRawText(ScriptEngine.java:119)
	at com.kms.katalon.core.main.TestCaseExecutor.runScript(TestCaseExecutor.java:448)
	at com.kms.katalon.core.main.TestCaseExecutor.doExecute(TestCaseExecutor.java:439)
	at com.kms.katalon.core.main.TestCaseExecutor.processExecutionPhase(TestCaseExecutor.java:418)
	at com.kms.katalon.core.main.TestCaseExecutor.accessMainPhase(TestCaseExecutor.java:410)
	at com.kms.katalon.core.main.TestCaseExecutor.execute(TestCaseExecutor.java:285)
	at com.kms.katalon.core.common.CommonExecutor.accessTestCaseMainPhase(CommonExecutor.java:65)
	at com.kms.katalon.core.main.TestSuiteExecutor.accessTestSuiteMainPhase(TestSuiteExecutor.java:148)
	at com.kms.katalon.core.main.TestSuiteExecutor.execute(TestSuiteExecutor.java:106)
	at com.kms.katalon.core.main.TestCaseMain.startTestSuite(TestCaseMain.java:187)
	at com.kms.katalon.core.main.TestCaseMain$startTestSuite$0.call(Unknown Source)
	at TempTestSuite1696494178011.run(TempTestSuite1696494178011.groovy:36)
"/>
         <system-out><![CDATA[2023-10-05 15:28:45 - [TEST_CASE][FAILED] - Test Cases/T05 - Sedekah Online/TC-SO-011: Test Cases/T05 - Sedekah Online/TC-SO-011 FAILED.
Reason:
Assertion failed: 

assert error_message == "please input an valid number"
       |             |
       ""            false

	at TC-SO-011.run(TC-SO-011:72)
	at com.kms.katalon.core.main.ScriptEngine.run(ScriptEngine.java:194)
	at com.kms.katalon.core.main.ScriptEngine.runScriptAsRawText(ScriptEngine.java:119)
	at com.kms.katalon.core.main.TestCaseExecutor.runScript(TestCaseExecutor.java:448)
	at com.kms.katalon.core.main.TestCaseExecutor.doExecute(TestCaseExecutor.java:439)
	at com.kms.katalon.core.main.TestCaseExecutor.processExecutionPhase(TestCaseExecutor.java:418)
	at com.kms.katalon.core.main.TestCaseExecutor.accessMainPhase(TestCaseExecutor.java:410)
	at com.kms.katalon.core.main.TestCaseExecutor.execute(TestCaseExecutor.java:285)
	at com.kms.katalon.core.common.CommonExecutor.accessTestCaseMainPhase(CommonExecutor.java:65)
	at com.kms.katalon.core.main.TestSuiteExecutor.accessTestSuiteMainPhase(TestSuiteExecutor.java:148)
	at com.kms.katalon.core.main.TestSuiteExecutor.execute(TestSuiteExecutor.java:106)
	at com.kms.katalon.core.main.TestCaseMain.startTestSuite(TestCaseMain.java:187)
	at com.kms.katalon.core.main.TestCaseMain$startTestSuite$0.call(Unknown Source)
	at TempTestSuite1696494178011.run(TempTestSuite1696494178011.groovy:36)


2023-10-05 15:28:47 - [TEST_STEP][PASSED] - openBrowser(urlWeb): Browser is opened with url: 'https://10.9.2.63/ecommerce/'

2023-10-05 15:28:47 - [MESSAGE][WARNING] - A browser is already opened. Closing browser and opening a new one

2023-10-05 15:28:49 - [MESSAGE][INFO] - Starting 'Firefox' driver

2023-10-05 15:28:49 - [MESSAGE][INFO] - User set preference: ['args', '[window-size=1500,1000, ignore-certificate-errors, UnexpectedAlertBehaviour=ignore]']

2023-10-05 15:28:49 - [MESSAGE][INFO] - Action delay is set to 0 milliseconds

2023-10-05 15:28:57 - [MESSAGE][PASSED] - Browser is opened with url: 'https://10.9.2.63/ecommerce/'

2023-10-05 15:28:57 - [TEST_STEP][PASSED] - maximizeWindow(): Current window maximized

2023-10-05 15:28:57 - [MESSAGE][PASSED] - Current window maximized

2023-10-05 15:28:57 - [TEST_STEP][PASSED] - verifyElementPresent(findTestObject("verifikasi masuk website tajalapk"), 0): Object 'Object Repository/verifikasi masuk website tajalapk' is present

2023-10-05 15:28:57 - [MESSAGE][WARNING] - Timeout '0' is invalid. Using default page load timeout: '30'

2023-10-05 15:28:58 - [MESSAGE][PASSED] - Object 'Object Repository/verifikasi masuk website tajalapk' is present

2023-10-05 15:28:58 - [TEST_STEP][PASSED] - click(findTestObject("sedekah online/a_Donasi (di halaman utama)")): Object: 'Object Repository/sedekah online/a_Donasi (di halaman utama)' is clicked on

2023-10-05 15:28:59 - [MESSAGE][PASSED] - Object: 'Object Repository/sedekah online/a_Donasi (di halaman utama)' is clicked on

2023-10-05 15:28:59 - [TEST_STEP][PASSED] - verifyElementClickable(findTestObject("sedekah online/a_Sedekah Online"), STOP_ON_FAILURE): Object 'Object Repository/sedekah online/a_Sedekah Online' is clickable

2023-10-05 15:28:59 - [MESSAGE][PASSED] - Object 'Object Repository/sedekah online/a_Sedekah Online' is clickable

2023-10-05 15:28:59 - [TEST_STEP][PASSED] - click(findTestObject("sedekah online/a_Sedekah Online")): Object: 'Object Repository/sedekah online/a_Sedekah Online' is clicked on

2023-10-05 15:29:01 - [MESSAGE][PASSED] - Object: 'Object Repository/sedekah online/a_Sedekah Online' is clicked on

2023-10-05 15:29:01 - [TEST_STEP][PASSED] - verifyElementPresent(findTestObject("sedekah online/verifikasi halaman sedekah Online"), 0): Object 'Object Repository/sedekah online/verifikasi halaman sedekah Online' is present

2023-10-05 15:29:01 - [MESSAGE][WARNING] - Timeout '0' is invalid. Using default page load timeout: '30'

2023-10-05 15:29:01 - [MESSAGE][PASSED] - Object 'Object Repository/sedekah online/verifikasi halaman sedekah Online' is present

2023-10-05 15:29:02 - [TEST_STEP][PASSED] - setText(findTestObject("sedekah online/input_Sedekah"), NominalSedekah): Text '-25000' is set on object 'Object Repository/sedekah online/input_Sedekah'

2023-10-05 15:29:03 - [MESSAGE][PASSED] - Text '-25000' is set on object 'Object Repository/sedekah online/input_Sedekah'

2023-10-05 15:29:03 - [TEST_STEP][PASSED] - setText(findTestObject("sedekah online/input_Nama lengkap (di sedekah online)"), namaLengkap): Text 'ikana' is set on object 'Object Repository/sedekah online/input_Nama lengkap (di sedekah online)'

2023-10-05 15:29:04 - [MESSAGE][PASSED] - Text 'ikana' is set on object 'Object Repository/sedekah online/input_Nama lengkap (di sedekah online)'

2023-10-05 15:29:04 - [TEST_STEP][PASSED] - setText(findTestObject("sedekah online/input_No Handphone (di sedekah online)"), noHp): Text '086754321234' is set on object 'Object Repository/sedekah online/input_No Handphone (di sedekah online)'

2023-10-05 15:29:05 - [MESSAGE][PASSED] - Text '086754321234' is set on object 'Object Repository/sedekah online/input_No Handphone (di sedekah online)'

2023-10-05 15:29:05 - [TEST_STEP][PASSED] - setText(findTestObject("sedekah online/input_Alamat Email (di sedekah online)"), email): Text 'anata71@gmail.com' is set on object 'Object Repository/sedekah online/input_Alamat Email (di sedekah online)'

2023-10-05 15:29:06 - [MESSAGE][PASSED] - Text 'anata71@gmail.com' is set on object 'Object Repository/sedekah online/input_Alamat Email (di sedekah online)'

2023-10-05 15:29:06 - [TEST_STEP][PASSED] - selectOptionByValue(findTestObject("Object Repository/sedekah online/dropdown metode pembayaraan"), pembayaran, false): All options with value '1' are selected in object 'Object Repository/sedekah online/dropdown metode pembayaraan' 

2023-10-05 15:29:07 - [MESSAGE][PASSED] - All options with value '1' are selected in object 'Object Repository/sedekah online/dropdown metode pembayaraan' 

2023-10-05 15:29:07 - [TEST_STEP][PASSED] - selectOptionByValue(findTestObject("Object Repository/sedekah online/sedekah ditunjukan untuk keluarga"), sedekahUntuk, false): All options with value 'Orang Tua' are selected in object 'Object Repository/sedekah online/sedekah ditunjukan untuk keluarga' 

2023-10-05 15:29:08 - [MESSAGE][PASSED] - All options with value 'Orang Tua' are selected in object 'Object Repository/sedekah online/sedekah ditunjukan untuk keluarga' 

2023-10-05 15:29:08 - [TEST_STEP][PASSED] - setText(findTestObject("sedekah online/input isi doa terbaik anda"), doa): Text 'Semoga Bermanfaat' is set on object 'Object Repository/sedekah online/input isi doa terbaik anda'

2023-10-05 15:29:09 - [MESSAGE][PASSED] - Text 'Semoga Bermanfaat' is set on object 'Object Repository/sedekah online/input isi doa terbaik anda'

2023-10-05 15:29:09 - [TEST_STEP][PASSED] - setText(findTestObject("sedekah online/input 2 digit terakhir nomor hp"), digitAkhir): Text '34' is set on object 'Object Repository/sedekah online/input 2 digit terakhir nomor hp'

2023-10-05 15:29:10 - [MESSAGE][PASSED] - Text '34' is set on object 'Object Repository/sedekah online/input 2 digit terakhir nomor hp'

2023-10-05 15:29:10 - [TEST_STEP][PASSED] - click(findTestObject("sedekah online/button_Sedekah Sekarang")): Object: 'Object Repository/sedekah online/button_Sedekah Sekarang' is clicked on

2023-10-05 15:29:12 - [MESSAGE][PASSED] - Object: 'Object Repository/sedekah online/button_Sedekah Sekarang' is clicked on

2023-10-05 15:29:12 - [TEST_STEP][PASSED] - webDriver = getWebDriver(): null

2023-10-05 15:29:12 - [TEST_STEP][PASSED] - field_sedekah = webDriver.findElement(By.xpath("//input[@name="nominal"]")): null

2023-10-05 15:29:12 - [TEST_STEP][PASSED] - error_message = webDriver.executeScript("return arguments[0].validationMessage", field_sedekah): null

2023-10-05 15:29:12 - [TEST_STEP][PASSED] - println(error_message): null

2023-10-05 15:29:12 - [TEST_STEP][FAILED] - assert error_message == "please input an valid number": Test Cases/T05 - Sedekah Online/TC-SO-011 FAILED.
Reason:
Assertion failed: 

assert error_message == "please input an valid number"
       |             |
       ""            false

	at TC-SO-011.run(TC-SO-011:72)
	at com.kms.katalon.core.main.ScriptEngine.run(ScriptEngine.java:194)
	at com.kms.katalon.core.main.ScriptEngine.runScriptAsRawText(ScriptEngine.java:119)
	at com.kms.katalon.core.main.TestCaseExecutor.runScript(TestCaseExecutor.java:448)
	at com.kms.katalon.core.main.TestCaseExecutor.doExecute(TestCaseExecutor.java:439)
	at com.kms.katalon.core.main.TestCaseExecutor.processExecutionPhase(TestCaseExecutor.java:418)
	at com.kms.katalon.core.main.TestCaseExecutor.accessMainPhase(TestCaseExecutor.java:410)
	at com.kms.katalon.core.main.TestCaseExecutor.execute(TestCaseExecutor.java:285)
	at com.kms.katalon.core.common.CommonExecutor.accessTestCaseMainPhase(CommonExecutor.java:65)
	at com.kms.katalon.core.main.TestSuiteExecutor.accessTestSuiteMainPhase(TestSuiteExecutor.java:148)
	at com.kms.katalon.core.main.TestSuiteExecutor.execute(TestSuiteExecutor.java:106)
	at com.kms.katalon.core.main.TestCaseMain.startTestSuite(TestCaseMain.java:187)
	at com.kms.katalon.core.main.TestCaseMain$startTestSuite$0.call(Unknown Source)
	at TempTestSuite1696494178011.run(TempTestSuite1696494178011.groovy:36)


2023-10-05 15:29:12 - [MESSAGE][FAILED] - Test Cases/T05 - Sedekah Online/TC-SO-011 FAILED.
Reason:
Assertion failed: 

assert error_message == "please input an valid number"
       |             |
       ""            false

	at TC-SO-011.run(TC-SO-011:72)
	at com.kms.katalon.core.main.ScriptEngine.run(ScriptEngine.java:194)
	at com.kms.katalon.core.main.ScriptEngine.runScriptAsRawText(ScriptEngine.java:119)
	at com.kms.katalon.core.main.TestCaseExecutor.runScript(TestCaseExecutor.java:448)
	at com.kms.katalon.core.main.TestCaseExecutor.doExecute(TestCaseExecutor.java:439)
	at com.kms.katalon.core.main.TestCaseExecutor.processExecutionPhase(TestCaseExecutor.java:418)
	at com.kms.katalon.core.main.TestCaseExecutor.accessMainPhase(TestCaseExecutor.java:410)
	at com.kms.katalon.core.main.TestCaseExecutor.execute(TestCaseExecutor.java:285)
	at com.kms.katalon.core.common.CommonExecutor.accessTestCaseMainPhase(CommonExecutor.java:65)
	at com.kms.katalon.core.main.TestSuiteExecutor.accessTestSuiteMainPhase(TestSuiteExecutor.java:148)
	at com.kms.katalon.core.main.TestSuiteExecutor.execute(TestSuiteExecutor.java:106)
	at com.kms.katalon.core.main.TestCaseMain.startTestSuite(TestCaseMain.java:187)
	at com.kms.katalon.core.main.TestCaseMain$startTestSuite$0.call(Unknown Source)
	at TempTestSuite1696494178011.run(TempTestSuite1696494178011.groovy:36)]]></system-out>
         <system-err><![CDATA[2023-10-05 15:28:45 - [TEST_CASE][FAILED] - Test Cases/T05 - Sedekah Online/TC-SO-011: Test Cases/T05 - Sedekah Online/TC-SO-011 FAILED.
Reason:
Assertion failed: 

assert error_message == "please input an valid number"
       |             |
       ""            false

	at TC-SO-011.run(TC-SO-011:72)
	at com.kms.katalon.core.main.ScriptEngine.run(ScriptEngine.java:194)
	at com.kms.katalon.core.main.ScriptEngine.runScriptAsRawText(ScriptEngine.java:119)
	at com.kms.katalon.core.main.TestCaseExecutor.runScript(TestCaseExecutor.java:448)
	at com.kms.katalon.core.main.TestCaseExecutor.doExecute(TestCaseExecutor.java:439)
	at com.kms.katalon.core.main.TestCaseExecutor.processExecutionPhase(TestCaseExecutor.java:418)
	at com.kms.katalon.core.main.TestCaseExecutor.accessMainPhase(TestCaseExecutor.java:410)
	at com.kms.katalon.core.main.TestCaseExecutor.execute(TestCaseExecutor.java:285)
	at com.kms.katalon.core.common.CommonExecutor.accessTestCaseMainPhase(CommonExecutor.java:65)
	at com.kms.katalon.core.main.TestSuiteExecutor.accessTestSuiteMainPhase(TestSuiteExecutor.java:148)
	at com.kms.katalon.core.main.TestSuiteExecutor.execute(TestSuiteExecutor.java:106)
	at com.kms.katalon.core.main.TestCaseMain.startTestSuite(TestCaseMain.java:187)
	at com.kms.katalon.core.main.TestCaseMain$startTestSuite$0.call(Unknown Source)
	at TempTestSuite1696494178011.run(TempTestSuite1696494178011.groovy:36)]]></system-err>
      </testcase>
      <testcase name="Test Cases/T05 - Sedekah Online/TC-SO-012" time="26.171" classname="Test Cases/T05 - Sedekah Online/TC-SO-012" status="FAILED">
         <failure type="FAILED" message="Test Cases/T05 - Sedekah Online/TC-SO-012 FAILED.
Reason:
Assertion failed: 

assert error_message == &quot;please enter an alphabet&quot;
       |             |
       |             false
       Please fill out this field.

	at TC-SO-012.run(TC-SO-012:72)
	at com.kms.katalon.core.main.ScriptEngine.run(ScriptEngine.java:194)
	at com.kms.katalon.core.main.ScriptEngine.runScriptAsRawText(ScriptEngine.java:119)
	at com.kms.katalon.core.main.TestCaseExecutor.runScript(TestCaseExecutor.java:448)
	at com.kms.katalon.core.main.TestCaseExecutor.doExecute(TestCaseExecutor.java:439)
	at com.kms.katalon.core.main.TestCaseExecutor.processExecutionPhase(TestCaseExecutor.java:418)
	at com.kms.katalon.core.main.TestCaseExecutor.accessMainPhase(TestCaseExecutor.java:410)
	at com.kms.katalon.core.main.TestCaseExecutor.execute(TestCaseExecutor.java:285)
	at com.kms.katalon.core.common.CommonExecutor.accessTestCaseMainPhase(CommonExecutor.java:65)
	at com.kms.katalon.core.main.TestSuiteExecutor.accessTestSuiteMainPhase(TestSuiteExecutor.java:148)
	at com.kms.katalon.core.main.TestSuiteExecutor.execute(TestSuiteExecutor.java:106)
	at com.kms.katalon.core.main.TestCaseMain.startTestSuite(TestCaseMain.java:187)
	at com.kms.katalon.core.main.TestCaseMain$startTestSuite$0.call(Unknown Source)
	at TempTestSuite1696494178011.run(TempTestSuite1696494178011.groovy:36)
"/>
         <system-out><![CDATA[2023-10-05 15:29:12 - [TEST_CASE][FAILED] - Test Cases/T05 - Sedekah Online/TC-SO-012: Test Cases/T05 - Sedekah Online/TC-SO-012 FAILED.
Reason:
Assertion failed: 

assert error_message == "please enter an alphabet"
       |             |
       |             false
       Please fill out this field.

	at TC-SO-012.run(TC-SO-012:72)
	at com.kms.katalon.core.main.ScriptEngine.run(ScriptEngine.java:194)
	at com.kms.katalon.core.main.ScriptEngine.runScriptAsRawText(ScriptEngine.java:119)
	at com.kms.katalon.core.main.TestCaseExecutor.runScript(TestCaseExecutor.java:448)
	at com.kms.katalon.core.main.TestCaseExecutor.doExecute(TestCaseExecutor.java:439)
	at com.kms.katalon.core.main.TestCaseExecutor.processExecutionPhase(TestCaseExecutor.java:418)
	at com.kms.katalon.core.main.TestCaseExecutor.accessMainPhase(TestCaseExecutor.java:410)
	at com.kms.katalon.core.main.TestCaseExecutor.execute(TestCaseExecutor.java:285)
	at com.kms.katalon.core.common.CommonExecutor.accessTestCaseMainPhase(CommonExecutor.java:65)
	at com.kms.katalon.core.main.TestSuiteExecutor.accessTestSuiteMainPhase(TestSuiteExecutor.java:148)
	at com.kms.katalon.core.main.TestSuiteExecutor.execute(TestSuiteExecutor.java:106)
	at com.kms.katalon.core.main.TestCaseMain.startTestSuite(TestCaseMain.java:187)
	at com.kms.katalon.core.main.TestCaseMain$startTestSuite$0.call(Unknown Source)
	at TempTestSuite1696494178011.run(TempTestSuite1696494178011.groovy:36)


2023-10-05 15:29:14 - [TEST_STEP][PASSED] - openBrowser(urlWeb): Browser is opened with url: 'https://10.9.2.63/ecommerce/'

2023-10-05 15:29:14 - [MESSAGE][WARNING] - A browser is already opened. Closing browser and opening a new one

2023-10-05 15:29:16 - [MESSAGE][INFO] - Starting 'Firefox' driver

2023-10-05 15:29:16 - [MESSAGE][INFO] - User set preference: ['args', '[window-size=1500,1000, ignore-certificate-errors, UnexpectedAlertBehaviour=ignore]']

2023-10-05 15:29:16 - [MESSAGE][INFO] - Action delay is set to 0 milliseconds

2023-10-05 15:29:24 - [MESSAGE][PASSED] - Browser is opened with url: 'https://10.9.2.63/ecommerce/'

2023-10-05 15:29:24 - [TEST_STEP][PASSED] - maximizeWindow(): Current window maximized

2023-10-05 15:29:24 - [MESSAGE][PASSED] - Current window maximized

2023-10-05 15:29:24 - [TEST_STEP][PASSED] - verifyElementPresent(findTestObject("verifikasi masuk website tajalapk"), 0): Object 'Object Repository/verifikasi masuk website tajalapk' is present

2023-10-05 15:29:24 - [MESSAGE][WARNING] - Timeout '0' is invalid. Using default page load timeout: '30'

2023-10-05 15:29:25 - [MESSAGE][PASSED] - Object 'Object Repository/verifikasi masuk website tajalapk' is present

2023-10-05 15:29:25 - [TEST_STEP][PASSED] - click(findTestObject("sedekah online/a_Donasi (di halaman utama)")): Object: 'Object Repository/sedekah online/a_Donasi (di halaman utama)' is clicked on

2023-10-05 15:29:25 - [MESSAGE][PASSED] - Object: 'Object Repository/sedekah online/a_Donasi (di halaman utama)' is clicked on

2023-10-05 15:29:25 - [TEST_STEP][PASSED] - verifyElementClickable(findTestObject("sedekah online/a_Sedekah Online"), STOP_ON_FAILURE): Object 'Object Repository/sedekah online/a_Sedekah Online' is clickable

2023-10-05 15:29:26 - [MESSAGE][PASSED] - Object 'Object Repository/sedekah online/a_Sedekah Online' is clickable

2023-10-05 15:29:26 - [TEST_STEP][PASSED] - click(findTestObject("sedekah online/a_Sedekah Online")): Object: 'Object Repository/sedekah online/a_Sedekah Online' is clicked on

2023-10-05 15:29:27 - [MESSAGE][PASSED] - Object: 'Object Repository/sedekah online/a_Sedekah Online' is clicked on

2023-10-05 15:29:27 - [TEST_STEP][PASSED] - verifyElementPresent(findTestObject("sedekah online/verifikasi halaman sedekah Online"), 0): Object 'Object Repository/sedekah online/verifikasi halaman sedekah Online' is present

2023-10-05 15:29:27 - [MESSAGE][WARNING] - Timeout '0' is invalid. Using default page load timeout: '30'

2023-10-05 15:29:28 - [MESSAGE][PASSED] - Object 'Object Repository/sedekah online/verifikasi halaman sedekah Online' is present

2023-10-05 15:29:28 - [TEST_STEP][PASSED] - setText(findTestObject("sedekah online/input_Sedekah"), NominalSedekah): Text '25000' is set on object 'Object Repository/sedekah online/input_Sedekah'

2023-10-05 15:29:28 - [MESSAGE][PASSED] - Text '25000' is set on object 'Object Repository/sedekah online/input_Sedekah'

2023-10-05 15:29:28 - [TEST_STEP][PASSED] - setText(findTestObject("sedekah online/input_Nama lengkap (di sedekah online)"), namaLengkap): Text '!$#@()+_' is set on object 'Object Repository/sedekah online/input_Nama lengkap (di sedekah online)'

2023-10-05 15:29:30 - [MESSAGE][PASSED] - Text '!$#@()+_' is set on object 'Object Repository/sedekah online/input_Nama lengkap (di sedekah online)'

2023-10-05 15:29:30 - [TEST_STEP][PASSED] - setText(findTestObject("sedekah online/input_No Handphone (di sedekah online)"), noHp): Text '086754321234' is set on object 'Object Repository/sedekah online/input_No Handphone (di sedekah online)'

2023-10-05 15:29:31 - [MESSAGE][PASSED] - Text '086754321234' is set on object 'Object Repository/sedekah online/input_No Handphone (di sedekah online)'

2023-10-05 15:29:31 - [TEST_STEP][PASSED] - setText(findTestObject("sedekah online/input_Alamat Email (di sedekah online)"), email): Text 'anata71@gmail.com' is set on object 'Object Repository/sedekah online/input_Alamat Email (di sedekah online)'

2023-10-05 15:29:32 - [MESSAGE][PASSED] - Text 'anata71@gmail.com' is set on object 'Object Repository/sedekah online/input_Alamat Email (di sedekah online)'

2023-10-05 15:29:32 - [TEST_STEP][PASSED] - selectOptionByValue(findTestObject("Object Repository/sedekah online/dropdown metode pembayaraan"), pembayaran, false): All options with value '1' are selected in object 'Object Repository/sedekah online/dropdown metode pembayaraan' 

2023-10-05 15:29:33 - [MESSAGE][PASSED] - All options with value '1' are selected in object 'Object Repository/sedekah online/dropdown metode pembayaraan' 

2023-10-05 15:29:33 - [TEST_STEP][PASSED] - selectOptionByValue(findTestObject("Object Repository/sedekah online/sedekah ditunjukan untuk keluarga"), sedekahUntuk, false): All options with value 'Orang Tua' are selected in object 'Object Repository/sedekah online/sedekah ditunjukan untuk keluarga' 

2023-10-05 15:29:34 - [MESSAGE][PASSED] - All options with value 'Orang Tua' are selected in object 'Object Repository/sedekah online/sedekah ditunjukan untuk keluarga' 

2023-10-05 15:29:34 - [TEST_STEP][PASSED] - setText(findTestObject("sedekah online/input isi doa terbaik anda"), doa): Text 'Semoga Bermanfaat' is set on object 'Object Repository/sedekah online/input isi doa terbaik anda'

2023-10-05 15:29:35 - [MESSAGE][PASSED] - Text 'Semoga Bermanfaat' is set on object 'Object Repository/sedekah online/input isi doa terbaik anda'

2023-10-05 15:29:35 - [TEST_STEP][PASSED] - setText(findTestObject("sedekah online/input 2 digit terakhir nomor hp"), digitAkhir): Text '34' is set on object 'Object Repository/sedekah online/input 2 digit terakhir nomor hp'

2023-10-05 15:29:36 - [MESSAGE][PASSED] - Text '34' is set on object 'Object Repository/sedekah online/input 2 digit terakhir nomor hp'

2023-10-05 15:29:36 - [TEST_STEP][PASSED] - click(findTestObject("sedekah online/button_Sedekah Sekarang")): Object: 'Object Repository/sedekah online/button_Sedekah Sekarang' is clicked on

2023-10-05 15:29:38 - [MESSAGE][PASSED] - Object: 'Object Repository/sedekah online/button_Sedekah Sekarang' is clicked on

2023-10-05 15:29:38 - [TEST_STEP][PASSED] - webDriver = getWebDriver(): null

2023-10-05 15:29:38 - [TEST_STEP][PASSED] - field_username = webDriver.findElement(By.xpath("//input[@name="nama_lengkap"]")): null

2023-10-05 15:29:38 - [TEST_STEP][PASSED] - error_message = webDriver.executeScript("return arguments[0].validationMessage", field_username): null

2023-10-05 15:29:38 - [TEST_STEP][PASSED] - println(error_message): null

2023-10-05 15:29:38 - [TEST_STEP][FAILED] - assert error_message == "please enter an alphabet": Test Cases/T05 - Sedekah Online/TC-SO-012 FAILED.
Reason:
Assertion failed: 

assert error_message == "please enter an alphabet"
       |             |
       |             false
       Please fill out this field.

	at TC-SO-012.run(TC-SO-012:72)
	at com.kms.katalon.core.main.ScriptEngine.run(ScriptEngine.java:194)
	at com.kms.katalon.core.main.ScriptEngine.runScriptAsRawText(ScriptEngine.java:119)
	at com.kms.katalon.core.main.TestCaseExecutor.runScript(TestCaseExecutor.java:448)
	at com.kms.katalon.core.main.TestCaseExecutor.doExecute(TestCaseExecutor.java:439)
	at com.kms.katalon.core.main.TestCaseExecutor.processExecutionPhase(TestCaseExecutor.java:418)
	at com.kms.katalon.core.main.TestCaseExecutor.accessMainPhase(TestCaseExecutor.java:410)
	at com.kms.katalon.core.main.TestCaseExecutor.execute(TestCaseExecutor.java:285)
	at com.kms.katalon.core.common.CommonExecutor.accessTestCaseMainPhase(CommonExecutor.java:65)
	at com.kms.katalon.core.main.TestSuiteExecutor.accessTestSuiteMainPhase(TestSuiteExecutor.java:148)
	at com.kms.katalon.core.main.TestSuiteExecutor.execute(TestSuiteExecutor.java:106)
	at com.kms.katalon.core.main.TestCaseMain.startTestSuite(TestCaseMain.java:187)
	at com.kms.katalon.core.main.TestCaseMain$startTestSuite$0.call(Unknown Source)
	at TempTestSuite1696494178011.run(TempTestSuite1696494178011.groovy:36)


2023-10-05 15:29:38 - [MESSAGE][FAILED] - Test Cases/T05 - Sedekah Online/TC-SO-012 FAILED.
Reason:
Assertion failed: 

assert error_message == "please enter an alphabet"
       |             |
       |             false
       Please fill out this field.

	at TC-SO-012.run(TC-SO-012:72)
	at com.kms.katalon.core.main.ScriptEngine.run(ScriptEngine.java:194)
	at com.kms.katalon.core.main.ScriptEngine.runScriptAsRawText(ScriptEngine.java:119)
	at com.kms.katalon.core.main.TestCaseExecutor.runScript(TestCaseExecutor.java:448)
	at com.kms.katalon.core.main.TestCaseExecutor.doExecute(TestCaseExecutor.java:439)
	at com.kms.katalon.core.main.TestCaseExecutor.processExecutionPhase(TestCaseExecutor.java:418)
	at com.kms.katalon.core.main.TestCaseExecutor.accessMainPhase(TestCaseExecutor.java:410)
	at com.kms.katalon.core.main.TestCaseExecutor.execute(TestCaseExecutor.java:285)
	at com.kms.katalon.core.common.CommonExecutor.accessTestCaseMainPhase(CommonExecutor.java:65)
	at com.kms.katalon.core.main.TestSuiteExecutor.accessTestSuiteMainPhase(TestSuiteExecutor.java:148)
	at com.kms.katalon.core.main.TestSuiteExecutor.execute(TestSuiteExecutor.java:106)
	at com.kms.katalon.core.main.TestCaseMain.startTestSuite(TestCaseMain.java:187)
	at com.kms.katalon.core.main.TestCaseMain$startTestSuite$0.call(Unknown Source)
	at TempTestSuite1696494178011.run(TempTestSuite1696494178011.groovy:36)]]></system-out>
         <system-err><![CDATA[2023-10-05 15:29:12 - [TEST_CASE][FAILED] - Test Cases/T05 - Sedekah Online/TC-SO-012: Test Cases/T05 - Sedekah Online/TC-SO-012 FAILED.
Reason:
Assertion failed: 

assert error_message == "please enter an alphabet"
       |             |
       |             false
       Please fill out this field.

	at TC-SO-012.run(TC-SO-012:72)
	at com.kms.katalon.core.main.ScriptEngine.run(ScriptEngine.java:194)
	at com.kms.katalon.core.main.ScriptEngine.runScriptAsRawText(ScriptEngine.java:119)
	at com.kms.katalon.core.main.TestCaseExecutor.runScript(TestCaseExecutor.java:448)
	at com.kms.katalon.core.main.TestCaseExecutor.doExecute(TestCaseExecutor.java:439)
	at com.kms.katalon.core.main.TestCaseExecutor.processExecutionPhase(TestCaseExecutor.java:418)
	at com.kms.katalon.core.main.TestCaseExecutor.accessMainPhase(TestCaseExecutor.java:410)
	at com.kms.katalon.core.main.TestCaseExecutor.execute(TestCaseExecutor.java:285)
	at com.kms.katalon.core.common.CommonExecutor.accessTestCaseMainPhase(CommonExecutor.java:65)
	at com.kms.katalon.core.main.TestSuiteExecutor.accessTestSuiteMainPhase(TestSuiteExecutor.java:148)
	at com.kms.katalon.core.main.TestSuiteExecutor.execute(TestSuiteExecutor.java:106)
	at com.kms.katalon.core.main.TestCaseMain.startTestSuite(TestCaseMain.java:187)
	at com.kms.katalon.core.main.TestCaseMain$startTestSuite$0.call(Unknown Source)
	at TempTestSuite1696494178011.run(TempTestSuite1696494178011.groovy:36)]]></system-err>
      </testcase>
      <testcase name="Test Cases/T05 - Sedekah Online/TC-SO-013" time="24.015" classname="Test Cases/T05 - Sedekah Online/TC-SO-013" status="PASSED">
         <system-out><![CDATA[2023-10-05 15:29:38 - [TEST_CASE][PASSED] - Test Cases/T05 - Sedekah Online/TC-SO-013: Test Cases/T05 - Sedekah Online/TC-SO-013

2023-10-05 15:29:41 - [TEST_STEP][PASSED] - openBrowser(urlWeb): Browser is opened with url: 'https://10.9.2.63/ecommerce/'

2023-10-05 15:29:41 - [MESSAGE][WARNING] - A browser is already opened. Closing browser and opening a new one

2023-10-05 15:29:43 - [MESSAGE][INFO] - Starting 'Firefox' driver

2023-10-05 15:29:43 - [MESSAGE][INFO] - User set preference: ['args', '[window-size=1500,1000, ignore-certificate-errors, UnexpectedAlertBehaviour=ignore]']

2023-10-05 15:29:43 - [MESSAGE][INFO] - Action delay is set to 0 milliseconds

2023-10-05 15:29:50 - [MESSAGE][PASSED] - Browser is opened with url: 'https://10.9.2.63/ecommerce/'

2023-10-05 15:29:50 - [TEST_STEP][PASSED] - maximizeWindow(): Current window maximized

2023-10-05 15:29:50 - [MESSAGE][PASSED] - Current window maximized

2023-10-05 15:29:50 - [TEST_STEP][PASSED] - verifyElementPresent(findTestObject("verifikasi masuk website tajalapk"), 0): Object 'Object Repository/verifikasi masuk website tajalapk' is present

2023-10-05 15:29:50 - [MESSAGE][WARNING] - Timeout '0' is invalid. Using default page load timeout: '30'

2023-10-05 15:29:50 - [MESSAGE][PASSED] - Object 'Object Repository/verifikasi masuk website tajalapk' is present

2023-10-05 15:29:50 - [TEST_STEP][PASSED] - click(findTestObject("sedekah online/a_Donasi (di halaman utama)")): Object: 'Object Repository/sedekah online/a_Donasi (di halaman utama)' is clicked on

2023-10-05 15:29:51 - [MESSAGE][PASSED] - Object: 'Object Repository/sedekah online/a_Donasi (di halaman utama)' is clicked on

2023-10-05 15:29:51 - [TEST_STEP][PASSED] - verifyElementClickable(findTestObject("sedekah online/a_Sedekah Online"), STOP_ON_FAILURE): Object 'Object Repository/sedekah online/a_Sedekah Online' is clickable

2023-10-05 15:29:51 - [MESSAGE][PASSED] - Object 'Object Repository/sedekah online/a_Sedekah Online' is clickable

2023-10-05 15:29:51 - [TEST_STEP][PASSED] - click(findTestObject("sedekah online/a_Sedekah Online")): Object: 'Object Repository/sedekah online/a_Sedekah Online' is clicked on

2023-10-05 15:29:52 - [MESSAGE][PASSED] - Object: 'Object Repository/sedekah online/a_Sedekah Online' is clicked on

2023-10-05 15:29:52 - [TEST_STEP][PASSED] - verifyElementPresent(findTestObject("sedekah online/verifikasi halaman sedekah Online"), 0): Object 'Object Repository/sedekah online/verifikasi halaman sedekah Online' is present

2023-10-05 15:29:53 - [MESSAGE][WARNING] - Timeout '0' is invalid. Using default page load timeout: '30'

2023-10-05 15:29:53 - [MESSAGE][PASSED] - Object 'Object Repository/sedekah online/verifikasi halaman sedekah Online' is present

2023-10-05 15:29:53 - [TEST_STEP][PASSED] - setText(findTestObject("sedekah online/input_Sedekah"), NominalSedekah): Text '25000' is set on object 'Object Repository/sedekah online/input_Sedekah'

2023-10-05 15:29:54 - [MESSAGE][PASSED] - Text '25000' is set on object 'Object Repository/sedekah online/input_Sedekah'

2023-10-05 15:29:54 - [TEST_STEP][PASSED] - setText(findTestObject("sedekah online/input_Nama lengkap (di sedekah online)"), namaLengkap): Text 'ikana' is set on object 'Object Repository/sedekah online/input_Nama lengkap (di sedekah online)'

2023-10-05 15:29:55 - [MESSAGE][PASSED] - Text 'ikana' is set on object 'Object Repository/sedekah online/input_Nama lengkap (di sedekah online)'

2023-10-05 15:29:55 - [TEST_STEP][PASSED] - setText(findTestObject("sedekah online/input_No Handphone (di sedekah online)"), noHp): Text '08.75,=2!234' is set on object 'Object Repository/sedekah online/input_No Handphone (di sedekah online)'

2023-10-05 15:29:56 - [MESSAGE][PASSED] - Text '08.75,=2!234' is set on object 'Object Repository/sedekah online/input_No Handphone (di sedekah online)'

2023-10-05 15:29:56 - [TEST_STEP][PASSED] - setText(findTestObject("sedekah online/input_Alamat Email (di sedekah online)"), email): Text 'anata71@gmail.com' is set on object 'Object Repository/sedekah online/input_Alamat Email (di sedekah online)'

2023-10-05 15:29:57 - [MESSAGE][PASSED] - Text 'anata71@gmail.com' is set on object 'Object Repository/sedekah online/input_Alamat Email (di sedekah online)'

2023-10-05 15:29:57 - [TEST_STEP][PASSED] - selectOptionByValue(findTestObject("Object Repository/sedekah online/dropdown metode pembayaraan"), pembayaran, false): All options with value '1' are selected in object 'Object Repository/sedekah online/dropdown metode pembayaraan' 

2023-10-05 15:29:58 - [MESSAGE][PASSED] - All options with value '1' are selected in object 'Object Repository/sedekah online/dropdown metode pembayaraan' 

2023-10-05 15:29:58 - [TEST_STEP][PASSED] - selectOptionByValue(findTestObject("Object Repository/sedekah online/sedekah ditunjukan untuk keluarga"), sedekahUntuk, false): All options with value 'Orang Tua' are selected in object 'Object Repository/sedekah online/sedekah ditunjukan untuk keluarga' 

2023-10-05 15:29:59 - [MESSAGE][PASSED] - All options with value 'Orang Tua' are selected in object 'Object Repository/sedekah online/sedekah ditunjukan untuk keluarga' 

2023-10-05 15:29:59 - [TEST_STEP][PASSED] - setText(findTestObject("sedekah online/input isi doa terbaik anda"), doa): Text 'semoga bermanfaat' is set on object 'Object Repository/sedekah online/input isi doa terbaik anda'

2023-10-05 15:30:00 - [MESSAGE][PASSED] - Text 'semoga bermanfaat' is set on object 'Object Repository/sedekah online/input isi doa terbaik anda'

2023-10-05 15:30:00 - [TEST_STEP][PASSED] - setText(findTestObject("sedekah online/input 2 digit terakhir nomor hp"), digitAkhir): Text '34' is set on object 'Object Repository/sedekah online/input 2 digit terakhir nomor hp'

2023-10-05 15:30:01 - [MESSAGE][PASSED] - Text '34' is set on object 'Object Repository/sedekah online/input 2 digit terakhir nomor hp'

2023-10-05 15:30:01 - [TEST_STEP][PASSED] - click(findTestObject("sedekah online/button_Sedekah Sekarang")): Object: 'Object Repository/sedekah online/button_Sedekah Sekarang' is clicked on

2023-10-05 15:30:02 - [MESSAGE][PASSED] - Object: 'Object Repository/sedekah online/button_Sedekah Sekarang' is clicked on

2023-10-05 15:30:02 - [TEST_STEP][PASSED] - webDriver = getWebDriver(): null

2023-10-05 15:30:02 - [TEST_STEP][PASSED] - field_no = webDriver.findElement(By.xpath("//input[@name="no_handphone"]")): null

2023-10-05 15:30:02 - [TEST_STEP][PASSED] - error_message = webDriver.executeScript("return arguments[0].validationMessage", field_no): null

2023-10-05 15:30:02 - [TEST_STEP][PASSED] - println(error_message): null

2023-10-05 15:30:02 - [TEST_STEP][PASSED] - assert error_message == "Please enter a number.": null]]></system-out>
         <system-err><![CDATA[]]></system-err>
      </testcase>
      <testcase name="Test Cases/T05 - Sedekah Online/TC-SO-014" time="26.005" classname="Test Cases/T05 - Sedekah Online/TC-SO-014" status="FAILED">
         <failure type="FAILED" message="Test Cases/T05 - Sedekah Online/TC-SO-014 FAILED.
Reason:
Assertion failed: 

assert error_message == &quot;Please fill out this field.&quot;
       |             |
       &quot;&quot;            false

	at TC-SO-014.run(TC-SO-014:68)
	at com.kms.katalon.core.main.ScriptEngine.run(ScriptEngine.java:194)
	at com.kms.katalon.core.main.ScriptEngine.runScriptAsRawText(ScriptEngine.java:119)
	at com.kms.katalon.core.main.TestCaseExecutor.runScript(TestCaseExecutor.java:448)
	at com.kms.katalon.core.main.TestCaseExecutor.doExecute(TestCaseExecutor.java:439)
	at com.kms.katalon.core.main.TestCaseExecutor.processExecutionPhase(TestCaseExecutor.java:418)
	at com.kms.katalon.core.main.TestCaseExecutor.accessMainPhase(TestCaseExecutor.java:410)
	at com.kms.katalon.core.main.TestCaseExecutor.execute(TestCaseExecutor.java:285)
	at com.kms.katalon.core.common.CommonExecutor.accessTestCaseMainPhase(CommonExecutor.java:65)
	at com.kms.katalon.core.main.TestSuiteExecutor.accessTestSuiteMainPhase(TestSuiteExecutor.java:148)
	at com.kms.katalon.core.main.TestSuiteExecutor.execute(TestSuiteExecutor.java:106)
	at com.kms.katalon.core.main.TestCaseMain.startTestSuite(TestCaseMain.java:187)
	at com.kms.katalon.core.main.TestCaseMain$startTestSuite$0.call(Unknown Source)
	at TempTestSuite1696494178011.run(TempTestSuite1696494178011.groovy:36)
"/>
         <system-out><![CDATA[2023-10-05 15:30:03 - [TEST_CASE][FAILED] - Test Cases/T05 - Sedekah Online/TC-SO-014: Test Cases/T05 - Sedekah Online/TC-SO-014 FAILED.
Reason:
Assertion failed: 

assert error_message == "Please fill out this field."
       |             |
       ""            false

	at TC-SO-014.run(TC-SO-014:68)
	at com.kms.katalon.core.main.ScriptEngine.run(ScriptEngine.java:194)
	at com.kms.katalon.core.main.ScriptEngine.runScriptAsRawText(ScriptEngine.java:119)
	at com.kms.katalon.core.main.TestCaseExecutor.runScript(TestCaseExecutor.java:448)
	at com.kms.katalon.core.main.TestCaseExecutor.doExecute(TestCaseExecutor.java:439)
	at com.kms.katalon.core.main.TestCaseExecutor.processExecutionPhase(TestCaseExecutor.java:418)
	at com.kms.katalon.core.main.TestCaseExecutor.accessMainPhase(TestCaseExecutor.java:410)
	at com.kms.katalon.core.main.TestCaseExecutor.execute(TestCaseExecutor.java:285)
	at com.kms.katalon.core.common.CommonExecutor.accessTestCaseMainPhase(CommonExecutor.java:65)
	at com.kms.katalon.core.main.TestSuiteExecutor.accessTestSuiteMainPhase(TestSuiteExecutor.java:148)
	at com.kms.katalon.core.main.TestSuiteExecutor.execute(TestSuiteExecutor.java:106)
	at com.kms.katalon.core.main.TestCaseMain.startTestSuite(TestCaseMain.java:187)
	at com.kms.katalon.core.main.TestCaseMain$startTestSuite$0.call(Unknown Source)
	at TempTestSuite1696494178011.run(TempTestSuite1696494178011.groovy:36)


2023-10-05 15:30:04 - [TEST_STEP][PASSED] - openBrowser(urlWeb): Browser is opened with url: 'https://10.9.2.63/ecommerce/'

2023-10-05 15:30:04 - [MESSAGE][WARNING] - A browser is already opened. Closing browser and opening a new one

2023-10-05 15:30:06 - [MESSAGE][INFO] - Starting 'Firefox' driver

2023-10-05 15:30:06 - [MESSAGE][INFO] - User set preference: ['args', '[window-size=1500,1000, ignore-certificate-errors, UnexpectedAlertBehaviour=ignore]']

2023-10-05 15:30:06 - [MESSAGE][INFO] - Action delay is set to 0 milliseconds

2023-10-05 15:30:15 - [MESSAGE][PASSED] - Browser is opened with url: 'https://10.9.2.63/ecommerce/'

2023-10-05 15:30:15 - [TEST_STEP][PASSED] - maximizeWindow(): Current window maximized

2023-10-05 15:30:15 - [MESSAGE][PASSED] - Current window maximized

2023-10-05 15:30:15 - [TEST_STEP][PASSED] - verifyElementPresent(findTestObject("verifikasi masuk website tajalapk"), 0): Object 'Object Repository/verifikasi masuk website tajalapk' is present

2023-10-05 15:30:15 - [MESSAGE][WARNING] - Timeout '0' is invalid. Using default page load timeout: '30'

2023-10-05 15:30:15 - [MESSAGE][PASSED] - Object 'Object Repository/verifikasi masuk website tajalapk' is present

2023-10-05 15:30:15 - [TEST_STEP][PASSED] - click(findTestObject("sedekah online/a_Donasi (di halaman utama)")): Object: 'Object Repository/sedekah online/a_Donasi (di halaman utama)' is clicked on

2023-10-05 15:30:16 - [MESSAGE][PASSED] - Object: 'Object Repository/sedekah online/a_Donasi (di halaman utama)' is clicked on

2023-10-05 15:30:16 - [TEST_STEP][PASSED] - verifyElementClickable(findTestObject("sedekah online/a_Sedekah Online"), STOP_ON_FAILURE): Object 'Object Repository/sedekah online/a_Sedekah Online' is clickable

2023-10-05 15:30:17 - [MESSAGE][PASSED] - Object 'Object Repository/sedekah online/a_Sedekah Online' is clickable

2023-10-05 15:30:17 - [TEST_STEP][PASSED] - click(findTestObject("sedekah online/a_Sedekah Online")): Object: 'Object Repository/sedekah online/a_Sedekah Online' is clicked on

2023-10-05 15:30:18 - [MESSAGE][PASSED] - Object: 'Object Repository/sedekah online/a_Sedekah Online' is clicked on

2023-10-05 15:30:18 - [TEST_STEP][PASSED] - verifyElementPresent(findTestObject("sedekah online/verifikasi halaman sedekah Online"), 0): Object 'Object Repository/sedekah online/verifikasi halaman sedekah Online' is present

2023-10-05 15:30:18 - [MESSAGE][WARNING] - Timeout '0' is invalid. Using default page load timeout: '30'

2023-10-05 15:30:19 - [MESSAGE][PASSED] - Object 'Object Repository/sedekah online/verifikasi halaman sedekah Online' is present

2023-10-05 15:30:19 - [TEST_STEP][PASSED] - setText(findTestObject("sedekah online/input_Sedekah"), NominalSedekah): Text '25000' is set on object 'Object Repository/sedekah online/input_Sedekah'

2023-10-05 15:30:19 - [MESSAGE][PASSED] - Text '25000' is set on object 'Object Repository/sedekah online/input_Sedekah'

2023-10-05 15:30:19 - [TEST_STEP][PASSED] - setText(findTestObject("sedekah online/input_Nama lengkap (di sedekah online)"), namaLengkap): Text 'ikana' is set on object 'Object Repository/sedekah online/input_Nama lengkap (di sedekah online)'

2023-10-05 15:30:20 - [MESSAGE][PASSED] - Text 'ikana' is set on object 'Object Repository/sedekah online/input_Nama lengkap (di sedekah online)'

2023-10-05 15:30:20 - [TEST_STEP][PASSED] - setText(findTestObject("sedekah online/input_No Handphone (di sedekah online)"), noHp): Text '086754321234' is set on object 'Object Repository/sedekah online/input_No Handphone (di sedekah online)'

2023-10-05 15:30:22 - [MESSAGE][PASSED] - Text '086754321234' is set on object 'Object Repository/sedekah online/input_No Handphone (di sedekah online)'

2023-10-05 15:30:22 - [TEST_STEP][PASSED] - setText(findTestObject("sedekah online/input_Alamat Email (di sedekah online)"), email): Text 'anata71@gmail.com' is set on object 'Object Repository/sedekah online/input_Alamat Email (di sedekah online)'

2023-10-05 15:30:22 - [MESSAGE][PASSED] - Text 'anata71@gmail.com' is set on object 'Object Repository/sedekah online/input_Alamat Email (di sedekah online)'

2023-10-05 15:30:22 - [TEST_STEP][PASSED] - selectOptionByValue(findTestObject("Object Repository/sedekah online/dropdown metode pembayaraan"), pembayaran, false): All options with value '1' are selected in object 'Object Repository/sedekah online/dropdown metode pembayaraan' 

2023-10-05 15:30:23 - [MESSAGE][PASSED] - All options with value '1' are selected in object 'Object Repository/sedekah online/dropdown metode pembayaraan' 

2023-10-05 15:30:23 - [TEST_STEP][PASSED] - selectOptionByValue(findTestObject("Object Repository/sedekah online/sedekah ditunjukan untuk keluarga"), sedekahUntuk, false): All options with value 'Orang Tua' are selected in object 'Object Repository/sedekah online/sedekah ditunjukan untuk keluarga' 

2023-10-05 15:30:24 - [MESSAGE][PASSED] - All options with value 'Orang Tua' are selected in object 'Object Repository/sedekah online/sedekah ditunjukan untuk keluarga' 

2023-10-05 15:30:24 - [TEST_STEP][PASSED] - setText(findTestObject("sedekah online/input isi doa terbaik anda"), doa): Text '' is set on object 'Object Repository/sedekah online/input isi doa terbaik anda'

2023-10-05 15:30:26 - [MESSAGE][PASSED] - Text '' is set on object 'Object Repository/sedekah online/input isi doa terbaik anda'

2023-10-05 15:30:26 - [TEST_STEP][PASSED] - setText(findTestObject("sedekah online/input 2 digit terakhir nomor hp"), digitAkhir): Text '34' is set on object 'Object Repository/sedekah online/input 2 digit terakhir nomor hp'

2023-10-05 15:30:27 - [MESSAGE][PASSED] - Text '34' is set on object 'Object Repository/sedekah online/input 2 digit terakhir nomor hp'

2023-10-05 15:30:27 - [TEST_STEP][PASSED] - click(findTestObject("sedekah online/button_Sedekah Sekarang")): Object: 'Object Repository/sedekah online/button_Sedekah Sekarang' is clicked on

2023-10-05 15:30:28 - [MESSAGE][PASSED] - Object: 'Object Repository/sedekah online/button_Sedekah Sekarang' is clicked on

2023-10-05 15:30:28 - [TEST_STEP][PASSED] - webDriver = getWebDriver(): null

2023-10-05 15:30:28 - [TEST_STEP][PASSED] - field_doa = webDriver.findElement(By.xpath("//textarea[@name="doa_terbaik"]")): null

2023-10-05 15:30:28 - [TEST_STEP][PASSED] - error_message = webDriver.executeScript("return arguments[0].validationMessage", field_doa): null

2023-10-05 15:30:28 - [TEST_STEP][PASSED] - println(error_message): null

2023-10-05 15:30:28 - [TEST_STEP][FAILED] - assert error_message == "Please fill out this field.": Test Cases/T05 - Sedekah Online/TC-SO-014 FAILED.
Reason:
Assertion failed: 

assert error_message == "Please fill out this field."
       |             |
       ""            false

	at TC-SO-014.run(TC-SO-014:68)
	at com.kms.katalon.core.main.ScriptEngine.run(ScriptEngine.java:194)
	at com.kms.katalon.core.main.ScriptEngine.runScriptAsRawText(ScriptEngine.java:119)
	at com.kms.katalon.core.main.TestCaseExecutor.runScript(TestCaseExecutor.java:448)
	at com.kms.katalon.core.main.TestCaseExecutor.doExecute(TestCaseExecutor.java:439)
	at com.kms.katalon.core.main.TestCaseExecutor.processExecutionPhase(TestCaseExecutor.java:418)
	at com.kms.katalon.core.main.TestCaseExecutor.accessMainPhase(TestCaseExecutor.java:410)
	at com.kms.katalon.core.main.TestCaseExecutor.execute(TestCaseExecutor.java:285)
	at com.kms.katalon.core.common.CommonExecutor.accessTestCaseMainPhase(CommonExecutor.java:65)
	at com.kms.katalon.core.main.TestSuiteExecutor.accessTestSuiteMainPhase(TestSuiteExecutor.java:148)
	at com.kms.katalon.core.main.TestSuiteExecutor.execute(TestSuiteExecutor.java:106)
	at com.kms.katalon.core.main.TestCaseMain.startTestSuite(TestCaseMain.java:187)
	at com.kms.katalon.core.main.TestCaseMain$startTestSuite$0.call(Unknown Source)
	at TempTestSuite1696494178011.run(TempTestSuite1696494178011.groovy:36)


2023-10-05 15:30:28 - [MESSAGE][FAILED] - Test Cases/T05 - Sedekah Online/TC-SO-014 FAILED.
Reason:
Assertion failed: 

assert error_message == "Please fill out this field."
       |             |
       ""            false

	at TC-SO-014.run(TC-SO-014:68)
	at com.kms.katalon.core.main.ScriptEngine.run(ScriptEngine.java:194)
	at com.kms.katalon.core.main.ScriptEngine.runScriptAsRawText(ScriptEngine.java:119)
	at com.kms.katalon.core.main.TestCaseExecutor.runScript(TestCaseExecutor.java:448)
	at com.kms.katalon.core.main.TestCaseExecutor.doExecute(TestCaseExecutor.java:439)
	at com.kms.katalon.core.main.TestCaseExecutor.processExecutionPhase(TestCaseExecutor.java:418)
	at com.kms.katalon.core.main.TestCaseExecutor.accessMainPhase(TestCaseExecutor.java:410)
	at com.kms.katalon.core.main.TestCaseExecutor.execute(TestCaseExecutor.java:285)
	at com.kms.katalon.core.common.CommonExecutor.accessTestCaseMainPhase(CommonExecutor.java:65)
	at com.kms.katalon.core.main.TestSuiteExecutor.accessTestSuiteMainPhase(TestSuiteExecutor.java:148)
	at com.kms.katalon.core.main.TestSuiteExecutor.execute(TestSuiteExecutor.java:106)
	at com.kms.katalon.core.main.TestCaseMain.startTestSuite(TestCaseMain.java:187)
	at com.kms.katalon.core.main.TestCaseMain$startTestSuite$0.call(Unknown Source)
	at TempTestSuite1696494178011.run(TempTestSuite1696494178011.groovy:36)]]></system-out>
         <system-err><![CDATA[2023-10-05 15:30:03 - [TEST_CASE][FAILED] - Test Cases/T05 - Sedekah Online/TC-SO-014: Test Cases/T05 - Sedekah Online/TC-SO-014 FAILED.
Reason:
Assertion failed: 

assert error_message == "Please fill out this field."
       |             |
       ""            false

	at TC-SO-014.run(TC-SO-014:68)
	at com.kms.katalon.core.main.ScriptEngine.run(ScriptEngine.java:194)
	at com.kms.katalon.core.main.ScriptEngine.runScriptAsRawText(ScriptEngine.java:119)
	at com.kms.katalon.core.main.TestCaseExecutor.runScript(TestCaseExecutor.java:448)
	at com.kms.katalon.core.main.TestCaseExecutor.doExecute(TestCaseExecutor.java:439)
	at com.kms.katalon.core.main.TestCaseExecutor.processExecutionPhase(TestCaseExecutor.java:418)
	at com.kms.katalon.core.main.TestCaseExecutor.accessMainPhase(TestCaseExecutor.java:410)
	at com.kms.katalon.core.main.TestCaseExecutor.execute(TestCaseExecutor.java:285)
	at com.kms.katalon.core.common.CommonExecutor.accessTestCaseMainPhase(CommonExecutor.java:65)
	at com.kms.katalon.core.main.TestSuiteExecutor.accessTestSuiteMainPhase(TestSuiteExecutor.java:148)
	at com.kms.katalon.core.main.TestSuiteExecutor.execute(TestSuiteExecutor.java:106)
	at com.kms.katalon.core.main.TestCaseMain.startTestSuite(TestCaseMain.java:187)
	at com.kms.katalon.core.main.TestCaseMain$startTestSuite$0.call(Unknown Source)
	at TempTestSuite1696494178011.run(TempTestSuite1696494178011.groovy:36)]]></system-err>
      </testcase>
      <testcase name="Test Cases/T05 - Sedekah Online/TC-SO-015" time="25.062" classname="Test Cases/T05 - Sedekah Online/TC-SO-015" status="PASSED">
         <system-out><![CDATA[2023-10-05 15:30:29 - [TEST_CASE][PASSED] - Test Cases/T05 - Sedekah Online/TC-SO-015: Test Cases/T05 - Sedekah Online/TC-SO-015

2023-10-05 15:30:30 - [TEST_STEP][PASSED] - openBrowser(urlWeb): Browser is opened with url: 'https://10.9.2.63/ecommerce/'

2023-10-05 15:30:30 - [MESSAGE][WARNING] - A browser is already opened. Closing browser and opening a new one

2023-10-05 15:30:32 - [MESSAGE][INFO] - Starting 'Firefox' driver

2023-10-05 15:30:32 - [MESSAGE][INFO] - User set preference: ['args', '[window-size=1500,1000, ignore-certificate-errors, UnexpectedAlertBehaviour=ignore]']

2023-10-05 15:30:32 - [MESSAGE][INFO] - Action delay is set to 0 milliseconds

2023-10-05 15:30:40 - [MESSAGE][PASSED] - Browser is opened with url: 'https://10.9.2.63/ecommerce/'

2023-10-05 15:30:40 - [TEST_STEP][PASSED] - maximizeWindow(): Current window maximized

2023-10-05 15:30:40 - [MESSAGE][PASSED] - Current window maximized

2023-10-05 15:30:40 - [TEST_STEP][PASSED] - verifyElementPresent(findTestObject("verifikasi masuk website tajalapk"), 0): Object 'Object Repository/verifikasi masuk website tajalapk' is present

2023-10-05 15:30:41 - [MESSAGE][WARNING] - Timeout '0' is invalid. Using default page load timeout: '30'

2023-10-05 15:30:41 - [MESSAGE][PASSED] - Object 'Object Repository/verifikasi masuk website tajalapk' is present

2023-10-05 15:30:41 - [TEST_STEP][PASSED] - click(findTestObject("sedekah online/a_Donasi (di halaman utama)")): Object: 'Object Repository/sedekah online/a_Donasi (di halaman utama)' is clicked on

2023-10-05 15:30:42 - [MESSAGE][PASSED] - Object: 'Object Repository/sedekah online/a_Donasi (di halaman utama)' is clicked on

2023-10-05 15:30:42 - [TEST_STEP][PASSED] - click(findTestObject("sedekah online/a_Sedekah Online")): Object: 'Object Repository/sedekah online/a_Sedekah Online' is clicked on

2023-10-05 15:30:43 - [MESSAGE][PASSED] - Object: 'Object Repository/sedekah online/a_Sedekah Online' is clicked on

2023-10-05 15:30:43 - [TEST_STEP][PASSED] - verifyElementPresent(findTestObject("sedekah online/verifikasi halaman sedekah Online"), 0): Object 'Object Repository/sedekah online/verifikasi halaman sedekah Online' is present

2023-10-05 15:30:43 - [MESSAGE][WARNING] - Timeout '0' is invalid. Using default page load timeout: '30'

2023-10-05 15:30:44 - [MESSAGE][PASSED] - Object 'Object Repository/sedekah online/verifikasi halaman sedekah Online' is present

2023-10-05 15:30:44 - [TEST_STEP][PASSED] - setText(findTestObject("sedekah online/input_Sedekah"), NominalSedekah): Text '2so0@' is set on object 'Object Repository/sedekah online/input_Sedekah'

2023-10-05 15:30:45 - [MESSAGE][PASSED] - Text '2so0@' is set on object 'Object Repository/sedekah online/input_Sedekah'

2023-10-05 15:30:45 - [TEST_STEP][PASSED] - setText(findTestObject("sedekah online/input_Nama lengkap (di sedekah online)"), namaLengkap): Text 'ikana71@gmail.com' is set on object 'Object Repository/sedekah online/input_Nama lengkap (di sedekah online)'

2023-10-05 15:30:46 - [MESSAGE][PASSED] - Text 'ikana71@gmail.com' is set on object 'Object Repository/sedekah online/input_Nama lengkap (di sedekah online)'

2023-10-05 15:30:46 - [TEST_STEP][PASSED] - setText(findTestObject("sedekah online/input_No Handphone (di sedekah online)"), noHp): Text '086754321234' is set on object 'Object Repository/sedekah online/input_No Handphone (di sedekah online)'

2023-10-05 15:30:47 - [MESSAGE][PASSED] - Text '086754321234' is set on object 'Object Repository/sedekah online/input_No Handphone (di sedekah online)'

2023-10-05 15:30:47 - [TEST_STEP][PASSED] - setText(findTestObject("sedekah online/input_Alamat Email (di sedekah online)"), email): Text 'anata71' is set on object 'Object Repository/sedekah online/input_Alamat Email (di sedekah online)'

2023-10-05 15:30:48 - [MESSAGE][PASSED] - Text 'anata71' is set on object 'Object Repository/sedekah online/input_Alamat Email (di sedekah online)'

2023-10-05 15:30:48 - [TEST_STEP][PASSED] - selectOptionByValue(findTestObject("Object Repository/sedekah online/dropdown metode pembayaraan"), pembayaran, false): All options with value '1' are selected in object 'Object Repository/sedekah online/dropdown metode pembayaraan' 

2023-10-05 15:30:49 - [MESSAGE][PASSED] - All options with value '1' are selected in object 'Object Repository/sedekah online/dropdown metode pembayaraan' 

2023-10-05 15:30:49 - [TEST_STEP][PASSED] - selectOptionByValue(findTestObject("Object Repository/sedekah online/sedekah ditunjukan untuk keluarga"), sedekahUntuk, false): All options with value 'Orang Tua' are selected in object 'Object Repository/sedekah online/sedekah ditunjukan untuk keluarga' 

2023-10-05 15:30:50 - [MESSAGE][PASSED] - All options with value 'Orang Tua' are selected in object 'Object Repository/sedekah online/sedekah ditunjukan untuk keluarga' 

2023-10-05 15:30:50 - [TEST_STEP][PASSED] - setText(findTestObject("sedekah online/input isi doa terbaik anda"), doa): Text 'Semoga Bermanfaat' is set on object 'Object Repository/sedekah online/input isi doa terbaik anda'

2023-10-05 15:30:51 - [MESSAGE][PASSED] - Text 'Semoga Bermanfaat' is set on object 'Object Repository/sedekah online/input isi doa terbaik anda'

2023-10-05 15:30:51 - [TEST_STEP][PASSED] - setText(findTestObject("sedekah online/input 2 digit terakhir nomor hp"), digitAkhir): Text '34' is set on object 'Object Repository/sedekah online/input 2 digit terakhir nomor hp'

2023-10-05 15:30:52 - [MESSAGE][PASSED] - Text '34' is set on object 'Object Repository/sedekah online/input 2 digit terakhir nomor hp'

2023-10-05 15:30:52 - [TEST_STEP][PASSED] - click(findTestObject("sedekah online/button_Sedekah Sekarang")): Object: 'Object Repository/sedekah online/button_Sedekah Sekarang' is clicked on

2023-10-05 15:30:53 - [MESSAGE][PASSED] - Object: 'Object Repository/sedekah online/button_Sedekah Sekarang' is clicked on

2023-10-05 15:30:53 - [TEST_STEP][PASSED] - webDriver = getWebDriver(): null

2023-10-05 15:30:53 - [TEST_STEP][PASSED] - field_email = webDriver.findElement(By.xpath("//input[@name="nominal"]")): null

2023-10-05 15:30:54 - [TEST_STEP][PASSED] - error_message = webDriver.executeScript("return arguments[0].validationMessage", field_email): null

2023-10-05 15:30:54 - [TEST_STEP][PASSED] - println(error_message): null

2023-10-05 15:30:54 - [TEST_STEP][PASSED] - assert error_message == "Please enter a number.": null]]></system-out>
         <system-err><![CDATA[]]></system-err>
      </testcase>
      <testcase name="Test Cases/T05 - Sedekah Online/TC-SO-016" time="30.512" classname="Test Cases/T05 - Sedekah Online/TC-SO-016" status="FAILED">
         <failure type="FAILED" message="Test Cases/T05 - Sedekah Online/TC-SO-016 FAILED.
Reason:
com.kms.katalon.core.exception.StepFailedException: Unable to verify text 'Sukses Proses Bersedekah, kami akan segera menghubungi anda! Terima kasih' is present 
	at com.kms.katalon.core.webui.keyword.internal.WebUIKeywordMain.stepFailed(WebUIKeywordMain.groovy:64)
	at com.kms.katalon.core.webui.keyword.internal.WebUIKeywordMain.runKeyword(WebUIKeywordMain.groovy:26)
	at com.kms.katalon.core.webui.keyword.builtin.VerifyTextPresentKeyword.verifyTextPresent(VerifyTextPresentKeyword.groovy:83)
	at com.kms.katalon.core.webui.keyword.builtin.VerifyTextPresentKeyword.execute(VerifyTextPresentKeyword.groovy:68)
	at com.kms.katalon.core.keyword.internal.KeywordExecutor.executeKeywordForPlatform(KeywordExecutor.groovy:74)
	at com.kms.katalon.core.webui.keyword.WebUiBuiltInKeywords.verifyTextPresent(WebUiBuiltInKeywords.groovy:1723)
	at com.kms.katalon.core.webui.keyword.WebUiBuiltInKeywords$verifyTextPresent$7.call(Unknown Source)
	at TC-SO-016.run(TC-SO-016:51)
	at com.kms.katalon.core.main.ScriptEngine.run(ScriptEngine.java:194)
	at com.kms.katalon.core.main.ScriptEngine.runScriptAsRawText(ScriptEngine.java:119)
	at com.kms.katalon.core.main.TestCaseExecutor.runScript(TestCaseExecutor.java:448)
	at com.kms.katalon.core.main.TestCaseExecutor.doExecute(TestCaseExecutor.java:439)
	at com.kms.katalon.core.main.TestCaseExecutor.processExecutionPhase(TestCaseExecutor.java:418)
	at com.kms.katalon.core.main.TestCaseExecutor.accessMainPhase(TestCaseExecutor.java:410)
	at com.kms.katalon.core.main.TestCaseExecutor.execute(TestCaseExecutor.java:285)
	at com.kms.katalon.core.common.CommonExecutor.accessTestCaseMainPhase(CommonExecutor.java:65)
	at com.kms.katalon.core.main.TestSuiteExecutor.accessTestSuiteMainPhase(TestSuiteExecutor.java:148)
	at com.kms.katalon.core.main.TestSuiteExecutor.execute(TestSuiteExecutor.java:106)
	at com.kms.katalon.core.main.TestCaseMain.startTestSuite(TestCaseMain.java:187)
	at com.kms.katalon.core.main.TestCaseMain$startTestSuite$0.call(Unknown Source)
	at TempTestSuite1696494178011.run(TempTestSuite1696494178011.groovy:36)
Caused by: com.kms.katalon.core.exception.StepFailedException: Text 'Sukses Proses Bersedekah, kami akan segera menghubungi anda! Terima kasih' is not present on page 
	at com.kms.katalon.core.webui.keyword.internal.WebUIKeywordMain.stepFailed(WebUIKeywordMain.groovy:64)
	at com.kms.katalon.core.webui.keyword.builtin.VerifyTextPresentKeyword$_verifyTextPresent_closure1.doCall(VerifyTextPresentKeyword.groovy:79)
	at com.kms.katalon.core.webui.keyword.builtin.VerifyTextPresentKeyword$_verifyTextPresent_closure1.call(VerifyTextPresentKeyword.groovy)
	at com.kms.katalon.core.webui.keyword.internal.WebUIKeywordMain.runKeyword(WebUIKeywordMain.groovy:20)
	... 19 more
"/>
         <system-out><![CDATA[2023-10-05 15:30:54 - [TEST_CASE][FAILED] - Test Cases/T05 - Sedekah Online/TC-SO-016: Test Cases/T05 - Sedekah Online/TC-SO-016 FAILED.
Reason:
com.kms.katalon.core.exception.StepFailedException: Unable to verify text 'Sukses Proses Bersedekah, kami akan segera menghubungi anda! Terima kasih' is present 
	at com.kms.katalon.core.webui.keyword.internal.WebUIKeywordMain.stepFailed(WebUIKeywordMain.groovy:64)
	at com.kms.katalon.core.webui.keyword.internal.WebUIKeywordMain.runKeyword(WebUIKeywordMain.groovy:26)
	at com.kms.katalon.core.webui.keyword.builtin.VerifyTextPresentKeyword.verifyTextPresent(VerifyTextPresentKeyword.groovy:83)
	at com.kms.katalon.core.webui.keyword.builtin.VerifyTextPresentKeyword.execute(VerifyTextPresentKeyword.groovy:68)
	at com.kms.katalon.core.keyword.internal.KeywordExecutor.executeKeywordForPlatform(KeywordExecutor.groovy:74)
	at com.kms.katalon.core.webui.keyword.WebUiBuiltInKeywords.verifyTextPresent(WebUiBuiltInKeywords.groovy:1723)
	at com.kms.katalon.core.webui.keyword.WebUiBuiltInKeywords$verifyTextPresent$7.call(Unknown Source)
	at TC-SO-016.run(TC-SO-016:51)
	at com.kms.katalon.core.main.ScriptEngine.run(ScriptEngine.java:194)
	at com.kms.katalon.core.main.ScriptEngine.runScriptAsRawText(ScriptEngine.java:119)
	at com.kms.katalon.core.main.TestCaseExecutor.runScript(TestCaseExecutor.java:448)
	at com.kms.katalon.core.main.TestCaseExecutor.doExecute(TestCaseExecutor.java:439)
	at com.kms.katalon.core.main.TestCaseExecutor.processExecutionPhase(TestCaseExecutor.java:418)
	at com.kms.katalon.core.main.TestCaseExecutor.accessMainPhase(TestCaseExecutor.java:410)
	at com.kms.katalon.core.main.TestCaseExecutor.execute(TestCaseExecutor.java:285)
	at com.kms.katalon.core.common.CommonExecutor.accessTestCaseMainPhase(CommonExecutor.java:65)
	at com.kms.katalon.core.main.TestSuiteExecutor.accessTestSuiteMainPhase(TestSuiteExecutor.java:148)
	at com.kms.katalon.core.main.TestSuiteExecutor.execute(TestSuiteExecutor.java:106)
	at com.kms.katalon.core.main.TestCaseMain.startTestSuite(TestCaseMain.java:187)
	at com.kms.katalon.core.main.TestCaseMain$startTestSuite$0.call(Unknown Source)
	at TempTestSuite1696494178011.run(TempTestSuite1696494178011.groovy:36)
Caused by: com.kms.katalon.core.exception.StepFailedException: Text 'Sukses Proses Bersedekah, kami akan segera menghubungi anda! Terima kasih' is not present on page 
	at com.kms.katalon.core.webui.keyword.internal.WebUIKeywordMain.stepFailed(WebUIKeywordMain.groovy:64)
	at com.kms.katalon.core.webui.keyword.builtin.VerifyTextPresentKeyword$_verifyTextPresent_closure1.doCall(VerifyTextPresentKeyword.groovy:79)
	at com.kms.katalon.core.webui.keyword.builtin.VerifyTextPresentKeyword$_verifyTextPresent_closure1.call(VerifyTextPresentKeyword.groovy)
	at com.kms.katalon.core.webui.keyword.internal.WebUIKeywordMain.runKeyword(WebUIKeywordMain.groovy:20)
	... 19 more


2023-10-05 15:30:56 - [TEST_STEP][PASSED] - callTestCase(findTestCase("T05 - Sedekah Online/TC-LS-001"), [:], STOP_ON_FAILURE): Call Test Case 'Test Cases/T05 - Sedekah Online/TC-LS-001' successfully

2023-10-05 15:30:56 - [TEST_CASE][PASSED] - Test Cases/T05 - Sedekah Online/TC-LS-001: Test Cases/T05 - Sedekah Online/TC-LS-001

2023-10-05 15:30:57 - [TEST_STEP][PASSED] - openBrowser(urlWeb): Browser is opened with url: 'https://10.9.2.63/ecommerce/'

2023-10-05 15:30:57 - [MESSAGE][WARNING] - A browser is already opened. Closing browser and opening a new one

2023-10-05 15:30:59 - [MESSAGE][INFO] - Starting 'Firefox' driver

2023-10-05 15:30:59 - [MESSAGE][INFO] - User set preference: ['args', '[window-size=1500,1000, ignore-certificate-errors, UnexpectedAlertBehaviour=ignore]']

2023-10-05 15:30:59 - [MESSAGE][INFO] - Action delay is set to 0 milliseconds

2023-10-05 15:31:06 - [MESSAGE][PASSED] - Browser is opened with url: 'https://10.9.2.63/ecommerce/'

2023-10-05 15:31:06 - [TEST_STEP][PASSED] - maximizeWindow(): Current window maximized

2023-10-05 15:31:06 - [MESSAGE][PASSED] - Current window maximized

2023-10-05 15:31:06 - [TEST_STEP][PASSED] - click(findTestObject("Login/a_Login")): Object: 'Object Repository/Login/a_Login' is clicked on

2023-10-05 15:31:07 - [MESSAGE][PASSED] - Object: 'Object Repository/Login/a_Login' is clicked on

2023-10-05 15:31:07 - [TEST_STEP][PASSED] - setText(findTestObject("Login/input_Username, Email atau No. Handphone_a"), "runa36"): Text 'runa36' is set on object 'Object Repository/Login/input_Username, Email atau No. Handphone_a'

2023-10-05 15:31:08 - [MESSAGE][PASSED] - Text 'runa36' is set on object 'Object Repository/Login/input_Username, Email atau No. Handphone_a'

2023-10-05 15:31:08 - [TEST_STEP][PASSED] - setEncryptedText(findTestObject("Login/input_Password di Login(Masuk)"), "qbkrdMwyWE4="): Text ****** has been set on object 'Object Repository/Login/input_Password di Login(Masuk)'

2023-10-05 15:31:09 - [MESSAGE][PASSED] - Text ****** has been set on object 'Object Repository/Login/input_Password di Login(Masuk)'

2023-10-05 15:31:09 - [TEST_STEP][PASSED] - click(findTestObject("Login/button_Masuk di halaman login")): Object: 'Object Repository/Login/button_Masuk di halaman login' is clicked on

2023-10-05 15:31:11 - [MESSAGE][PASSED] - Object: 'Object Repository/Login/button_Masuk di halaman login' is clicked on

2023-10-05 15:31:11 - [TEST_STEP][PASSED] - verifyElementPresent(findTestObject("Pendaftaran/verifikasi MASUK di halaman Login"), 0): Object 'Object Repository/Pendaftaran/verifikasi MASUK di halaman Login' is present

2023-10-05 15:31:11 - [MESSAGE][WARNING] - Timeout '0' is invalid. Using default page load timeout: '30'

2023-10-05 15:31:11 - [MESSAGE][PASSED] - Object 'Object Repository/Pendaftaran/verifikasi MASUK di halaman Login' is present

2023-10-05 15:31:11 - [MESSAGE][PASSED] - Call Test Case 'Test Cases/T05 - Sedekah Online/TC-LS-001' successfully

2023-10-05 15:31:11 - [TEST_STEP][PASSED] - mouseOver(findTestObject("sedekah online/a_Donasi (di halaman utama)")): Object: 'Object Repository/sedekah online/a_Donasi (di halaman utama)' is hovered

2023-10-05 15:31:12 - [MESSAGE][PASSED] - Object: 'Object Repository/sedekah online/a_Donasi (di halaman utama)' is hovered

2023-10-05 15:31:12 - [TEST_STEP][PASSED] - verifyElementClickable(findTestObject("sedekah online/a_Sedekah Online"), STOP_ON_FAILURE): Object 'Object Repository/sedekah online/a_Sedekah Online' is clickable

2023-10-05 15:31:13 - [MESSAGE][PASSED] - Object 'Object Repository/sedekah online/a_Sedekah Online' is clickable

2023-10-05 15:31:13 - [TEST_STEP][PASSED] - click(findTestObject("sedekah online/a_Sedekah Online")): Object: 'Object Repository/sedekah online/a_Sedekah Online' is clicked on

2023-10-05 15:31:14 - [MESSAGE][PASSED] - Object: 'Object Repository/sedekah online/a_Sedekah Online' is clicked on

2023-10-05 15:31:14 - [TEST_STEP][PASSED] - verifyElementPresent(findTestObject("sedekah online/verifikasi halaman sedekah Online"), 0): Object 'Object Repository/sedekah online/verifikasi halaman sedekah Online' is present

2023-10-05 15:31:14 - [MESSAGE][WARNING] - Timeout '0' is invalid. Using default page load timeout: '30'

2023-10-05 15:31:15 - [MESSAGE][PASSED] - Object 'Object Repository/sedekah online/verifikasi halaman sedekah Online' is present

2023-10-05 15:31:15 - [TEST_STEP][PASSED] - setText(findTestObject("sedekah online/input_Sedekah"), NominalSedekah): Text '25.000,00' is set on object 'Object Repository/sedekah online/input_Sedekah'

2023-10-05 15:31:15 - [MESSAGE][PASSED] - Text '25.000,00' is set on object 'Object Repository/sedekah online/input_Sedekah'

2023-10-05 15:31:15 - [TEST_STEP][PASSED] - setText(findTestObject("sedekah online/input_Nama lengkap (di sedekah online)"), namaLengkap): Text 'ikana' is set on object 'Object Repository/sedekah online/input_Nama lengkap (di sedekah online)'

2023-10-05 15:31:17 - [MESSAGE][PASSED] - Text 'ikana' is set on object 'Object Repository/sedekah online/input_Nama lengkap (di sedekah online)'

2023-10-05 15:31:17 - [TEST_STEP][PASSED] - setText(findTestObject("sedekah online/input_No Handphone (di sedekah online)"), noHp): Text '086754321234' is set on object 'Object Repository/sedekah online/input_No Handphone (di sedekah online)'

2023-10-05 15:31:18 - [MESSAGE][PASSED] - Text '086754321234' is set on object 'Object Repository/sedekah online/input_No Handphone (di sedekah online)'

2023-10-05 15:31:18 - [TEST_STEP][PASSED] - setText(findTestObject("sedekah online/input_Alamat Email (di sedekah online)"), email): Text 'anata71@gmail.com' is set on object 'Object Repository/sedekah online/input_Alamat Email (di sedekah online)'

2023-10-05 15:31:19 - [MESSAGE][PASSED] - Text 'anata71@gmail.com' is set on object 'Object Repository/sedekah online/input_Alamat Email (di sedekah online)'

2023-10-05 15:31:19 - [TEST_STEP][PASSED] - selectOptionByValue(findTestObject("Object Repository/sedekah online/dropdown metode pembayaraan"), pembayaran, false): All options with value '1' are selected in object 'Object Repository/sedekah online/dropdown metode pembayaraan' 

2023-10-05 15:31:19 - [MESSAGE][PASSED] - All options with value '1' are selected in object 'Object Repository/sedekah online/dropdown metode pembayaraan' 

2023-10-05 15:31:19 - [TEST_STEP][PASSED] - selectOptionByValue(findTestObject("Object Repository/sedekah online/sedekah ditunjukan untuk keluarga"), sedekahUntuk, false): All options with value 'Orang Tua' are selected in object 'Object Repository/sedekah online/sedekah ditunjukan untuk keluarga' 

2023-10-05 15:31:20 - [MESSAGE][PASSED] - All options with value 'Orang Tua' are selected in object 'Object Repository/sedekah online/sedekah ditunjukan untuk keluarga' 

2023-10-05 15:31:20 - [TEST_STEP][PASSED] - setText(findTestObject("sedekah online/input isi doa terbaik anda"), doa): Text 'Semoga Bermanfaat' is set on object 'Object Repository/sedekah online/input isi doa terbaik anda'

2023-10-05 15:31:21 - [MESSAGE][PASSED] - Text 'Semoga Bermanfaat' is set on object 'Object Repository/sedekah online/input isi doa terbaik anda'

2023-10-05 15:31:21 - [TEST_STEP][PASSED] - setText(findTestObject("sedekah online/input 2 digit terakhir nomor hp"), digitAkhir): Text '34' is set on object 'Object Repository/sedekah online/input 2 digit terakhir nomor hp'

2023-10-05 15:31:22 - [MESSAGE][PASSED] - Text '34' is set on object 'Object Repository/sedekah online/input 2 digit terakhir nomor hp'

2023-10-05 15:31:22 - [TEST_STEP][PASSED] - click(findTestObject("sedekah online/button_Sedekah Sekarang")): Object: 'Object Repository/sedekah online/button_Sedekah Sekarang' is clicked on

2023-10-05 15:31:23 - [MESSAGE][PASSED] - Object: 'Object Repository/sedekah online/button_Sedekah Sekarang' is clicked on

2023-10-05 15:31:23 - [TEST_STEP][FAILED] - verifyTextPresent("Sukses Proses Bersedekah, kami akan segera menghubungi anda! Terima kasih", false): Unable to verify text 'Sukses Proses Bersedekah, kami akan segera menghubungi anda! Terima kasih' is present  (Root cause: com.kms.katalon.core.exception.StepFailedException: Unable to verify text 'Sukses Proses Bersedekah, kami akan segera menghubungi anda! Terima kasih' is present 
	at com.kms.katalon.core.webui.keyword.internal.WebUIKeywordMain.stepFailed(WebUIKeywordMain.groovy:64)
	at com.kms.katalon.core.webui.keyword.internal.WebUIKeywordMain.runKeyword(WebUIKeywordMain.groovy:26)
	at com.kms.katalon.core.webui.keyword.builtin.VerifyTextPresentKeyword.verifyTextPresent(VerifyTextPresentKeyword.groovy:83)
	at com.kms.katalon.core.webui.keyword.builtin.VerifyTextPresentKeyword.execute(VerifyTextPresentKeyword.groovy:68)
	at com.kms.katalon.core.keyword.internal.KeywordExecutor.executeKeywordForPlatform(KeywordExecutor.groovy:74)
	at com.kms.katalon.core.webui.keyword.WebUiBuiltInKeywords.verifyTextPresent(WebUiBuiltInKeywords.groovy:1723)
	at com.kms.katalon.core.webui.keyword.WebUiBuiltInKeywords$verifyTextPresent$7.call(Unknown Source)
	at TC-SO-016.run(TC-SO-016:51)
	at com.kms.katalon.core.main.ScriptEngine.run(ScriptEngine.java:194)
	at com.kms.katalon.core.main.ScriptEngine.runScriptAsRawText(ScriptEngine.java:119)
	at com.kms.katalon.core.main.TestCaseExecutor.runScript(TestCaseExecutor.java:448)
	at com.kms.katalon.core.main.TestCaseExecutor.doExecute(TestCaseExecutor.java:439)
	at com.kms.katalon.core.main.TestCaseExecutor.processExecutionPhase(TestCaseExecutor.java:418)
	at com.kms.katalon.core.main.TestCaseExecutor.accessMainPhase(TestCaseExecutor.java:410)
	at com.kms.katalon.core.main.TestCaseExecutor.execute(TestCaseExecutor.java:285)
	at com.kms.katalon.core.common.CommonExecutor.accessTestCaseMainPhase(CommonExecutor.java:65)
	at com.kms.katalon.core.main.TestSuiteExecutor.accessTestSuiteMainPhase(TestSuiteExecutor.java:148)
	at com.kms.katalon.core.main.TestSuiteExecutor.execute(TestSuiteExecutor.java:106)
	at com.kms.katalon.core.main.TestCaseMain.startTestSuite(TestCaseMain.java:187)
	at com.kms.katalon.core.main.TestCaseMain$startTestSuite$0.call(Unknown Source)
	at TempTestSuite1696494178011.run(TempTestSuite1696494178011.groovy:36)
Caused by: com.kms.katalon.core.exception.StepFailedException: Text 'Sukses Proses Bersedekah, kami akan segera menghubungi anda! Terima kasih' is not present on page 
	at com.kms.katalon.core.webui.keyword.internal.WebUIKeywordMain.stepFailed(WebUIKeywordMain.groovy:64)
	at com.kms.katalon.core.webui.keyword.builtin.VerifyTextPresentKeyword$_verifyTextPresent_closure1.doCall(VerifyTextPresentKeyword.groovy:79)
	at com.kms.katalon.core.webui.keyword.builtin.VerifyTextPresentKeyword$_verifyTextPresent_closure1.call(VerifyTextPresentKeyword.groovy)
	at com.kms.katalon.core.webui.keyword.internal.WebUIKeywordMain.runKeyword(WebUIKeywordMain.groovy:20)
	... 19 more
)

2023-10-05 15:31:24 - [MESSAGE][FAILED] - Text 'Sukses Proses Bersedekah, kami akan segera menghubungi anda! Terima kasih' is not present on page  (Root cause: com.kms.katalon.core.exception.StepFailedException: Text 'Sukses Proses Bersedekah, kami akan segera menghubungi anda! Terima kasih' is not present on page 
	at com.kms.katalon.core.webui.keyword.internal.WebUIKeywordMain.stepFailed(WebUIKeywordMain.groovy:64)
	at com.kms.katalon.core.webui.keyword.builtin.VerifyTextPresentKeyword$_verifyTextPresent_closure1.doCall(VerifyTextPresentKeyword.groovy:79)
	at com.kms.katalon.core.webui.keyword.builtin.VerifyTextPresentKeyword$_verifyTextPresent_closure1.call(VerifyTextPresentKeyword.groovy)
	at com.kms.katalon.core.webui.keyword.internal.WebUIKeywordMain.runKeyword(WebUIKeywordMain.groovy:20)
	at com.kms.katalon.core.webui.keyword.builtin.VerifyTextPresentKeyword.verifyTextPresent(VerifyTextPresentKeyword.groovy:83)
	at com.kms.katalon.core.webui.keyword.builtin.VerifyTextPresentKeyword.execute(VerifyTextPresentKeyword.groovy:68)
	at com.kms.katalon.core.keyword.internal.KeywordExecutor.executeKeywordForPlatform(KeywordExecutor.groovy:74)
	at com.kms.katalon.core.webui.keyword.WebUiBuiltInKeywords.verifyTextPresent(WebUiBuiltInKeywords.groovy:1723)
	at com.kms.katalon.core.webui.keyword.WebUiBuiltInKeywords$verifyTextPresent$7.call(Unknown Source)
	at TC-SO-016.run(TC-SO-016:51)
	at com.kms.katalon.core.main.ScriptEngine.run(ScriptEngine.java:194)
	at com.kms.katalon.core.main.ScriptEngine.runScriptAsRawText(ScriptEngine.java:119)
	at com.kms.katalon.core.main.TestCaseExecutor.runScript(TestCaseExecutor.java:448)
	at com.kms.katalon.core.main.TestCaseExecutor.doExecute(TestCaseExecutor.java:439)
	at com.kms.katalon.core.main.TestCaseExecutor.processExecutionPhase(TestCaseExecutor.java:418)
	at com.kms.katalon.core.main.TestCaseExecutor.accessMainPhase(TestCaseExecutor.java:410)
	at com.kms.katalon.core.main.TestCaseExecutor.execute(TestCaseExecutor.java:285)
	at com.kms.katalon.core.common.CommonExecutor.accessTestCaseMainPhase(CommonExecutor.java:65)
	at com.kms.katalon.core.main.TestSuiteExecutor.accessTestSuiteMainPhase(TestSuiteExecutor.java:148)
	at com.kms.katalon.core.main.TestSuiteExecutor.execute(TestSuiteExecutor.java:106)
	at com.kms.katalon.core.main.TestCaseMain.startTestSuite(TestCaseMain.java:187)
	at com.kms.katalon.core.main.TestCaseMain$startTestSuite$0.call(Unknown Source)
	at TempTestSuite1696494178011.run(TempTestSuite1696494178011.groovy:36)
)

2023-10-05 15:31:24 - [MESSAGE][FAILED] - Unable to verify text 'Sukses Proses Bersedekah, kami akan segera menghubungi anda! Terima kasih' is present  (Root cause: com.kms.katalon.core.exception.StepFailedException: Unable to verify text 'Sukses Proses Bersedekah, kami akan segera menghubungi anda! Terima kasih' is present 
	at com.kms.katalon.core.webui.keyword.internal.WebUIKeywordMain.stepFailed(WebUIKeywordMain.groovy:64)
	at com.kms.katalon.core.webui.keyword.internal.WebUIKeywordMain.runKeyword(WebUIKeywordMain.groovy:26)
	at com.kms.katalon.core.webui.keyword.builtin.VerifyTextPresentKeyword.verifyTextPresent(VerifyTextPresentKeyword.groovy:83)
	at com.kms.katalon.core.webui.keyword.builtin.VerifyTextPresentKeyword.execute(VerifyTextPresentKeyword.groovy:68)
	at com.kms.katalon.core.keyword.internal.KeywordExecutor.executeKeywordForPlatform(KeywordExecutor.groovy:74)
	at com.kms.katalon.core.webui.keyword.WebUiBuiltInKeywords.verifyTextPresent(WebUiBuiltInKeywords.groovy:1723)
	at com.kms.katalon.core.webui.keyword.WebUiBuiltInKeywords$verifyTextPresent$7.call(Unknown Source)
	at TC-SO-016.run(TC-SO-016:51)
	at com.kms.katalon.core.main.ScriptEngine.run(ScriptEngine.java:194)
	at com.kms.katalon.core.main.ScriptEngine.runScriptAsRawText(ScriptEngine.java:119)
	at com.kms.katalon.core.main.TestCaseExecutor.runScript(TestCaseExecutor.java:448)
	at com.kms.katalon.core.main.TestCaseExecutor.doExecute(TestCaseExecutor.java:439)
	at com.kms.katalon.core.main.TestCaseExecutor.processExecutionPhase(TestCaseExecutor.java:418)
	at com.kms.katalon.core.main.TestCaseExecutor.accessMainPhase(TestCaseExecutor.java:410)
	at com.kms.katalon.core.main.TestCaseExecutor.execute(TestCaseExecutor.java:285)
	at com.kms.katalon.core.common.CommonExecutor.accessTestCaseMainPhase(CommonExecutor.java:65)
	at com.kms.katalon.core.main.TestSuiteExecutor.accessTestSuiteMainPhase(TestSuiteExecutor.java:148)
	at com.kms.katalon.core.main.TestSuiteExecutor.execute(TestSuiteExecutor.java:106)
	at com.kms.katalon.core.main.TestCaseMain.startTestSuite(TestCaseMain.java:187)
	at com.kms.katalon.core.main.TestCaseMain$startTestSuite$0.call(Unknown Source)
	at TempTestSuite1696494178011.run(TempTestSuite1696494178011.groovy:36)
Caused by: com.kms.katalon.core.exception.StepFailedException: Text 'Sukses Proses Bersedekah, kami akan segera menghubungi anda! Terima kasih' is not present on page 
	at com.kms.katalon.core.webui.keyword.internal.WebUIKeywordMain.stepFailed(WebUIKeywordMain.groovy:64)
	at com.kms.katalon.core.webui.keyword.builtin.VerifyTextPresentKeyword$_verifyTextPresent_closure1.doCall(VerifyTextPresentKeyword.groovy:79)
	at com.kms.katalon.core.webui.keyword.builtin.VerifyTextPresentKeyword$_verifyTextPresent_closure1.call(VerifyTextPresentKeyword.groovy)
	at com.kms.katalon.core.webui.keyword.internal.WebUIKeywordMain.runKeyword(WebUIKeywordMain.groovy:20)
	... 19 more
)
[[ATTACHMENT|F:\\bootcamp\\Miniproject\\Tajalapak\\Reports\\20231005_152257\\T05 Sedekah Online\\20231005_152258\\1696494684344.png]]]]></system-out>
         <system-err><![CDATA[2023-10-05 15:30:54 - [TEST_CASE][FAILED] - Test Cases/T05 - Sedekah Online/TC-SO-016: Test Cases/T05 - Sedekah Online/TC-SO-016 FAILED.
Reason:
com.kms.katalon.core.exception.StepFailedException: Unable to verify text 'Sukses Proses Bersedekah, kami akan segera menghubungi anda! Terima kasih' is present 
	at com.kms.katalon.core.webui.keyword.internal.WebUIKeywordMain.stepFailed(WebUIKeywordMain.groovy:64)
	at com.kms.katalon.core.webui.keyword.internal.WebUIKeywordMain.runKeyword(WebUIKeywordMain.groovy:26)
	at com.kms.katalon.core.webui.keyword.builtin.VerifyTextPresentKeyword.verifyTextPresent(VerifyTextPresentKeyword.groovy:83)
	at com.kms.katalon.core.webui.keyword.builtin.VerifyTextPresentKeyword.execute(VerifyTextPresentKeyword.groovy:68)
	at com.kms.katalon.core.keyword.internal.KeywordExecutor.executeKeywordForPlatform(KeywordExecutor.groovy:74)
	at com.kms.katalon.core.webui.keyword.WebUiBuiltInKeywords.verifyTextPresent(WebUiBuiltInKeywords.groovy:1723)
	at com.kms.katalon.core.webui.keyword.WebUiBuiltInKeywords$verifyTextPresent$7.call(Unknown Source)
	at TC-SO-016.run(TC-SO-016:51)
	at com.kms.katalon.core.main.ScriptEngine.run(ScriptEngine.java:194)
	at com.kms.katalon.core.main.ScriptEngine.runScriptAsRawText(ScriptEngine.java:119)
	at com.kms.katalon.core.main.TestCaseExecutor.runScript(TestCaseExecutor.java:448)
	at com.kms.katalon.core.main.TestCaseExecutor.doExecute(TestCaseExecutor.java:439)
	at com.kms.katalon.core.main.TestCaseExecutor.processExecutionPhase(TestCaseExecutor.java:418)
	at com.kms.katalon.core.main.TestCaseExecutor.accessMainPhase(TestCaseExecutor.java:410)
	at com.kms.katalon.core.main.TestCaseExecutor.execute(TestCaseExecutor.java:285)
	at com.kms.katalon.core.common.CommonExecutor.accessTestCaseMainPhase(CommonExecutor.java:65)
	at com.kms.katalon.core.main.TestSuiteExecutor.accessTestSuiteMainPhase(TestSuiteExecutor.java:148)
	at com.kms.katalon.core.main.TestSuiteExecutor.execute(TestSuiteExecutor.java:106)
	at com.kms.katalon.core.main.TestCaseMain.startTestSuite(TestCaseMain.java:187)
	at com.kms.katalon.core.main.TestCaseMain$startTestSuite$0.call(Unknown Source)
	at TempTestSuite1696494178011.run(TempTestSuite1696494178011.groovy:36)
Caused by: com.kms.katalon.core.exception.StepFailedException: Text 'Sukses Proses Bersedekah, kami akan segera menghubungi anda! Terima kasih' is not present on page 
	at com.kms.katalon.core.webui.keyword.internal.WebUIKeywordMain.stepFailed(WebUIKeywordMain.groovy:64)
	at com.kms.katalon.core.webui.keyword.builtin.VerifyTextPresentKeyword$_verifyTextPresent_closure1.doCall(VerifyTextPresentKeyword.groovy:79)
	at com.kms.katalon.core.webui.keyword.builtin.VerifyTextPresentKeyword$_verifyTextPresent_closure1.call(VerifyTextPresentKeyword.groovy)
	at com.kms.katalon.core.webui.keyword.internal.WebUIKeywordMain.runKeyword(WebUIKeywordMain.groovy:20)
	... 19 more]]></system-err>
      </testcase>
      <testcase name="Test Cases/T05 - Sedekah Online/TC-SO-017" time="30.341" classname="Test Cases/T05 - Sedekah Online/TC-SO-017" status="FAILED">
         <failure type="FAILED" message="Test Cases/T05 - Sedekah Online/TC-SO-017 FAILED.
Reason:
com.kms.katalon.core.exception.StepFailedException: Unable to verify text 'Sukses Proses Bersedekah, kami akan segera menghubungi anda! Terima kasih' is present 
	at com.kms.katalon.core.webui.keyword.internal.WebUIKeywordMain.stepFailed(WebUIKeywordMain.groovy:64)
	at com.kms.katalon.core.webui.keyword.internal.WebUIKeywordMain.runKeyword(WebUIKeywordMain.groovy:26)
	at com.kms.katalon.core.webui.keyword.builtin.VerifyTextPresentKeyword.verifyTextPresent(VerifyTextPresentKeyword.groovy:83)
	at com.kms.katalon.core.webui.keyword.builtin.VerifyTextPresentKeyword.execute(VerifyTextPresentKeyword.groovy:68)
	at com.kms.katalon.core.keyword.internal.KeywordExecutor.executeKeywordForPlatform(KeywordExecutor.groovy:74)
	at com.kms.katalon.core.webui.keyword.WebUiBuiltInKeywords.verifyTextPresent(WebUiBuiltInKeywords.groovy:1723)
	at com.kms.katalon.core.webui.keyword.WebUiBuiltInKeywords$verifyTextPresent$7.call(Unknown Source)
	at TC-SO-017.run(TC-SO-017:51)
	at com.kms.katalon.core.main.ScriptEngine.run(ScriptEngine.java:194)
	at com.kms.katalon.core.main.ScriptEngine.runScriptAsRawText(ScriptEngine.java:119)
	at com.kms.katalon.core.main.TestCaseExecutor.runScript(TestCaseExecutor.java:448)
	at com.kms.katalon.core.main.TestCaseExecutor.doExecute(TestCaseExecutor.java:439)
	at com.kms.katalon.core.main.TestCaseExecutor.processExecutionPhase(TestCaseExecutor.java:418)
	at com.kms.katalon.core.main.TestCaseExecutor.accessMainPhase(TestCaseExecutor.java:410)
	at com.kms.katalon.core.main.TestCaseExecutor.execute(TestCaseExecutor.java:285)
	at com.kms.katalon.core.common.CommonExecutor.accessTestCaseMainPhase(CommonExecutor.java:65)
	at com.kms.katalon.core.main.TestSuiteExecutor.accessTestSuiteMainPhase(TestSuiteExecutor.java:148)
	at com.kms.katalon.core.main.TestSuiteExecutor.execute(TestSuiteExecutor.java:106)
	at com.kms.katalon.core.main.TestCaseMain.startTestSuite(TestCaseMain.java:187)
	at com.kms.katalon.core.main.TestCaseMain$startTestSuite$0.call(Unknown Source)
	at TempTestSuite1696494178011.run(TempTestSuite1696494178011.groovy:36)
Caused by: com.kms.katalon.core.exception.StepFailedException: Text 'Sukses Proses Bersedekah, kami akan segera menghubungi anda! Terima kasih' is not present on page 
	at com.kms.katalon.core.webui.keyword.internal.WebUIKeywordMain.stepFailed(WebUIKeywordMain.groovy:64)
	at com.kms.katalon.core.webui.keyword.builtin.VerifyTextPresentKeyword$_verifyTextPresent_closure1.doCall(VerifyTextPresentKeyword.groovy:79)
	at com.kms.katalon.core.webui.keyword.builtin.VerifyTextPresentKeyword$_verifyTextPresent_closure1.call(VerifyTextPresentKeyword.groovy)
	at com.kms.katalon.core.webui.keyword.internal.WebUIKeywordMain.runKeyword(WebUIKeywordMain.groovy:20)
	... 19 more
"/>
         <system-out><![CDATA[2023-10-05 15:31:24 - [TEST_CASE][FAILED] - Test Cases/T05 - Sedekah Online/TC-SO-017: Test Cases/T05 - Sedekah Online/TC-SO-017 FAILED.
Reason:
com.kms.katalon.core.exception.StepFailedException: Unable to verify text 'Sukses Proses Bersedekah, kami akan segera menghubungi anda! Terima kasih' is present 
	at com.kms.katalon.core.webui.keyword.internal.WebUIKeywordMain.stepFailed(WebUIKeywordMain.groovy:64)
	at com.kms.katalon.core.webui.keyword.internal.WebUIKeywordMain.runKeyword(WebUIKeywordMain.groovy:26)
	at com.kms.katalon.core.webui.keyword.builtin.VerifyTextPresentKeyword.verifyTextPresent(VerifyTextPresentKeyword.groovy:83)
	at com.kms.katalon.core.webui.keyword.builtin.VerifyTextPresentKeyword.execute(VerifyTextPresentKeyword.groovy:68)
	at com.kms.katalon.core.keyword.internal.KeywordExecutor.executeKeywordForPlatform(KeywordExecutor.groovy:74)
	at com.kms.katalon.core.webui.keyword.WebUiBuiltInKeywords.verifyTextPresent(WebUiBuiltInKeywords.groovy:1723)
	at com.kms.katalon.core.webui.keyword.WebUiBuiltInKeywords$verifyTextPresent$7.call(Unknown Source)
	at TC-SO-017.run(TC-SO-017:51)
	at com.kms.katalon.core.main.ScriptEngine.run(ScriptEngine.java:194)
	at com.kms.katalon.core.main.ScriptEngine.runScriptAsRawText(ScriptEngine.java:119)
	at com.kms.katalon.core.main.TestCaseExecutor.runScript(TestCaseExecutor.java:448)
	at com.kms.katalon.core.main.TestCaseExecutor.doExecute(TestCaseExecutor.java:439)
	at com.kms.katalon.core.main.TestCaseExecutor.processExecutionPhase(TestCaseExecutor.java:418)
	at com.kms.katalon.core.main.TestCaseExecutor.accessMainPhase(TestCaseExecutor.java:410)
	at com.kms.katalon.core.main.TestCaseExecutor.execute(TestCaseExecutor.java:285)
	at com.kms.katalon.core.common.CommonExecutor.accessTestCaseMainPhase(CommonExecutor.java:65)
	at com.kms.katalon.core.main.TestSuiteExecutor.accessTestSuiteMainPhase(TestSuiteExecutor.java:148)
	at com.kms.katalon.core.main.TestSuiteExecutor.execute(TestSuiteExecutor.java:106)
	at com.kms.katalon.core.main.TestCaseMain.startTestSuite(TestCaseMain.java:187)
	at com.kms.katalon.core.main.TestCaseMain$startTestSuite$0.call(Unknown Source)
	at TempTestSuite1696494178011.run(TempTestSuite1696494178011.groovy:36)
Caused by: com.kms.katalon.core.exception.StepFailedException: Text 'Sukses Proses Bersedekah, kami akan segera menghubungi anda! Terima kasih' is not present on page 
	at com.kms.katalon.core.webui.keyword.internal.WebUIKeywordMain.stepFailed(WebUIKeywordMain.groovy:64)
	at com.kms.katalon.core.webui.keyword.builtin.VerifyTextPresentKeyword$_verifyTextPresent_closure1.doCall(VerifyTextPresentKeyword.groovy:79)
	at com.kms.katalon.core.webui.keyword.builtin.VerifyTextPresentKeyword$_verifyTextPresent_closure1.call(VerifyTextPresentKeyword.groovy)
	at com.kms.katalon.core.webui.keyword.internal.WebUIKeywordMain.runKeyword(WebUIKeywordMain.groovy:20)
	... 19 more


2023-10-05 15:31:26 - [TEST_STEP][PASSED] - callTestCase(findTestCase("T05 - Sedekah Online/TC-LS-001"), [:], STOP_ON_FAILURE): Call Test Case 'Test Cases/T05 - Sedekah Online/TC-LS-001' successfully

2023-10-05 15:31:27 - [TEST_CASE][PASSED] - Test Cases/T05 - Sedekah Online/TC-LS-001: Test Cases/T05 - Sedekah Online/TC-LS-001

2023-10-05 15:31:27 - [TEST_STEP][PASSED] - openBrowser(urlWeb): Browser is opened with url: 'https://10.9.2.63/ecommerce/'

2023-10-05 15:31:27 - [MESSAGE][WARNING] - A browser is already opened. Closing browser and opening a new one

2023-10-05 15:31:28 - [MESSAGE][INFO] - Starting 'Firefox' driver

2023-10-05 15:31:28 - [MESSAGE][INFO] - User set preference: ['args', '[window-size=1500,1000, ignore-certificate-errors, UnexpectedAlertBehaviour=ignore]']

2023-10-05 15:31:28 - [MESSAGE][INFO] - Action delay is set to 0 milliseconds

2023-10-05 15:31:36 - [MESSAGE][PASSED] - Browser is opened with url: 'https://10.9.2.63/ecommerce/'

2023-10-05 15:31:36 - [TEST_STEP][PASSED] - maximizeWindow(): Current window maximized

2023-10-05 15:31:36 - [MESSAGE][PASSED] - Current window maximized

2023-10-05 15:31:36 - [TEST_STEP][PASSED] - click(findTestObject("Login/a_Login")): Object: 'Object Repository/Login/a_Login' is clicked on

2023-10-05 15:31:37 - [MESSAGE][PASSED] - Object: 'Object Repository/Login/a_Login' is clicked on

2023-10-05 15:31:37 - [TEST_STEP][PASSED] - setText(findTestObject("Login/input_Username, Email atau No. Handphone_a"), "runa36"): Text 'runa36' is set on object 'Object Repository/Login/input_Username, Email atau No. Handphone_a'

2023-10-05 15:31:38 - [MESSAGE][PASSED] - Text 'runa36' is set on object 'Object Repository/Login/input_Username, Email atau No. Handphone_a'

2023-10-05 15:31:38 - [TEST_STEP][PASSED] - setEncryptedText(findTestObject("Login/input_Password di Login(Masuk)"), "qbkrdMwyWE4="): Text ****** has been set on object 'Object Repository/Login/input_Password di Login(Masuk)'

2023-10-05 15:31:39 - [MESSAGE][PASSED] - Text ****** has been set on object 'Object Repository/Login/input_Password di Login(Masuk)'

2023-10-05 15:31:39 - [TEST_STEP][PASSED] - click(findTestObject("Login/button_Masuk di halaman login")): Object: 'Object Repository/Login/button_Masuk di halaman login' is clicked on

2023-10-05 15:31:40 - [MESSAGE][PASSED] - Object: 'Object Repository/Login/button_Masuk di halaman login' is clicked on

2023-10-05 15:31:40 - [TEST_STEP][PASSED] - verifyElementPresent(findTestObject("Pendaftaran/verifikasi MASUK di halaman Login"), 0): Object 'Object Repository/Pendaftaran/verifikasi MASUK di halaman Login' is present

2023-10-05 15:31:40 - [MESSAGE][WARNING] - Timeout '0' is invalid. Using default page load timeout: '30'

2023-10-05 15:31:40 - [MESSAGE][PASSED] - Object 'Object Repository/Pendaftaran/verifikasi MASUK di halaman Login' is present

2023-10-05 15:31:40 - [MESSAGE][PASSED] - Call Test Case 'Test Cases/T05 - Sedekah Online/TC-LS-001' successfully

2023-10-05 15:31:40 - [TEST_STEP][PASSED] - mouseOver(findTestObject("sedekah online/a_Donasi (di halaman utama)")): Object: 'Object Repository/sedekah online/a_Donasi (di halaman utama)' is hovered

2023-10-05 15:31:41 - [MESSAGE][PASSED] - Object: 'Object Repository/sedekah online/a_Donasi (di halaman utama)' is hovered

2023-10-05 15:31:41 - [TEST_STEP][PASSED] - verifyElementClickable(findTestObject("sedekah online/a_Sedekah Online"), STOP_ON_FAILURE): Object 'Object Repository/sedekah online/a_Sedekah Online' is clickable

2023-10-05 15:31:42 - [MESSAGE][PASSED] - Object 'Object Repository/sedekah online/a_Sedekah Online' is clickable

2023-10-05 15:31:42 - [TEST_STEP][PASSED] - click(findTestObject("sedekah online/a_Sedekah Online")): Object: 'Object Repository/sedekah online/a_Sedekah Online' is clicked on

2023-10-05 15:31:43 - [MESSAGE][PASSED] - Object: 'Object Repository/sedekah online/a_Sedekah Online' is clicked on

2023-10-05 15:31:43 - [TEST_STEP][PASSED] - verifyElementPresent(findTestObject("sedekah online/verifikasi halaman sedekah Online"), 0): Object 'Object Repository/sedekah online/verifikasi halaman sedekah Online' is present

2023-10-05 15:31:43 - [MESSAGE][WARNING] - Timeout '0' is invalid. Using default page load timeout: '30'

2023-10-05 15:31:44 - [MESSAGE][PASSED] - Object 'Object Repository/sedekah online/verifikasi halaman sedekah Online' is present

2023-10-05 15:31:44 - [TEST_STEP][PASSED] - setText(findTestObject("sedekah online/input_Sedekah"), NominalSedekah): Text 'Rp25000' is set on object 'Object Repository/sedekah online/input_Sedekah'

2023-10-05 15:31:45 - [MESSAGE][PASSED] - Text 'Rp25000' is set on object 'Object Repository/sedekah online/input_Sedekah'

2023-10-05 15:31:45 - [TEST_STEP][PASSED] - setText(findTestObject("sedekah online/input_Nama lengkap (di sedekah online)"), namaLengkap): Text 'ikana' is set on object 'Object Repository/sedekah online/input_Nama lengkap (di sedekah online)'

2023-10-05 15:31:46 - [MESSAGE][PASSED] - Text 'ikana' is set on object 'Object Repository/sedekah online/input_Nama lengkap (di sedekah online)'

2023-10-05 15:31:46 - [TEST_STEP][PASSED] - setText(findTestObject("sedekah online/input_No Handphone (di sedekah online)"), noHp): Text '086754321234' is set on object 'Object Repository/sedekah online/input_No Handphone (di sedekah online)'

2023-10-05 15:31:47 - [MESSAGE][PASSED] - Text '086754321234' is set on object 'Object Repository/sedekah online/input_No Handphone (di sedekah online)'

2023-10-05 15:31:47 - [TEST_STEP][PASSED] - setText(findTestObject("sedekah online/input_Alamat Email (di sedekah online)"), email): Text 'anata71@gmail.com' is set on object 'Object Repository/sedekah online/input_Alamat Email (di sedekah online)'

2023-10-05 15:31:48 - [MESSAGE][PASSED] - Text 'anata71@gmail.com' is set on object 'Object Repository/sedekah online/input_Alamat Email (di sedekah online)'

2023-10-05 15:31:48 - [TEST_STEP][PASSED] - selectOptionByValue(findTestObject("Object Repository/sedekah online/dropdown metode pembayaraan"), pembayaran, false): All options with value '1' are selected in object 'Object Repository/sedekah online/dropdown metode pembayaraan' 

2023-10-05 15:31:49 - [MESSAGE][PASSED] - All options with value '1' are selected in object 'Object Repository/sedekah online/dropdown metode pembayaraan' 

2023-10-05 15:31:49 - [TEST_STEP][PASSED] - selectOptionByValue(findTestObject("Object Repository/sedekah online/sedekah ditunjukan untuk keluarga"), sedekahUntuk, false): All options with value 'Orang Tua' are selected in object 'Object Repository/sedekah online/sedekah ditunjukan untuk keluarga' 

2023-10-05 15:31:50 - [MESSAGE][PASSED] - All options with value 'Orang Tua' are selected in object 'Object Repository/sedekah online/sedekah ditunjukan untuk keluarga' 

2023-10-05 15:31:50 - [TEST_STEP][PASSED] - setText(findTestObject("sedekah online/input isi doa terbaik anda"), doa): Text 'Semoga Bermanfaat' is set on object 'Object Repository/sedekah online/input isi doa terbaik anda'

2023-10-05 15:31:51 - [MESSAGE][PASSED] - Text 'Semoga Bermanfaat' is set on object 'Object Repository/sedekah online/input isi doa terbaik anda'

2023-10-05 15:31:51 - [TEST_STEP][PASSED] - setText(findTestObject("sedekah online/input 2 digit terakhir nomor hp"), digitAkhir): Text '34' is set on object 'Object Repository/sedekah online/input 2 digit terakhir nomor hp'

2023-10-05 15:31:52 - [MESSAGE][PASSED] - Text '34' is set on object 'Object Repository/sedekah online/input 2 digit terakhir nomor hp'

2023-10-05 15:31:52 - [TEST_STEP][PASSED] - click(findTestObject("sedekah online/button_Sedekah Sekarang")): Object: 'Object Repository/sedekah online/button_Sedekah Sekarang' is clicked on

2023-10-05 15:31:53 - [MESSAGE][PASSED] - Object: 'Object Repository/sedekah online/button_Sedekah Sekarang' is clicked on

2023-10-05 15:31:53 - [TEST_STEP][FAILED] - verifyTextPresent("Sukses Proses Bersedekah, kami akan segera menghubungi anda! Terima kasih", false): Unable to verify text 'Sukses Proses Bersedekah, kami akan segera menghubungi anda! Terima kasih' is present  (Root cause: com.kms.katalon.core.exception.StepFailedException: Unable to verify text 'Sukses Proses Bersedekah, kami akan segera menghubungi anda! Terima kasih' is present 
	at com.kms.katalon.core.webui.keyword.internal.WebUIKeywordMain.stepFailed(WebUIKeywordMain.groovy:64)
	at com.kms.katalon.core.webui.keyword.internal.WebUIKeywordMain.runKeyword(WebUIKeywordMain.groovy:26)
	at com.kms.katalon.core.webui.keyword.builtin.VerifyTextPresentKeyword.verifyTextPresent(VerifyTextPresentKeyword.groovy:83)
	at com.kms.katalon.core.webui.keyword.builtin.VerifyTextPresentKeyword.execute(VerifyTextPresentKeyword.groovy:68)
	at com.kms.katalon.core.keyword.internal.KeywordExecutor.executeKeywordForPlatform(KeywordExecutor.groovy:74)
	at com.kms.katalon.core.webui.keyword.WebUiBuiltInKeywords.verifyTextPresent(WebUiBuiltInKeywords.groovy:1723)
	at com.kms.katalon.core.webui.keyword.WebUiBuiltInKeywords$verifyTextPresent$7.call(Unknown Source)
	at TC-SO-017.run(TC-SO-017:51)
	at com.kms.katalon.core.main.ScriptEngine.run(ScriptEngine.java:194)
	at com.kms.katalon.core.main.ScriptEngine.runScriptAsRawText(ScriptEngine.java:119)
	at com.kms.katalon.core.main.TestCaseExecutor.runScript(TestCaseExecutor.java:448)
	at com.kms.katalon.core.main.TestCaseExecutor.doExecute(TestCaseExecutor.java:439)
	at com.kms.katalon.core.main.TestCaseExecutor.processExecutionPhase(TestCaseExecutor.java:418)
	at com.kms.katalon.core.main.TestCaseExecutor.accessMainPhase(TestCaseExecutor.java:410)
	at com.kms.katalon.core.main.TestCaseExecutor.execute(TestCaseExecutor.java:285)
	at com.kms.katalon.core.common.CommonExecutor.accessTestCaseMainPhase(CommonExecutor.java:65)
	at com.kms.katalon.core.main.TestSuiteExecutor.accessTestSuiteMainPhase(TestSuiteExecutor.java:148)
	at com.kms.katalon.core.main.TestSuiteExecutor.execute(TestSuiteExecutor.java:106)
	at com.kms.katalon.core.main.TestCaseMain.startTestSuite(TestCaseMain.java:187)
	at com.kms.katalon.core.main.TestCaseMain$startTestSuite$0.call(Unknown Source)
	at TempTestSuite1696494178011.run(TempTestSuite1696494178011.groovy:36)
Caused by: com.kms.katalon.core.exception.StepFailedException: Text 'Sukses Proses Bersedekah, kami akan segera menghubungi anda! Terima kasih' is not present on page 
	at com.kms.katalon.core.webui.keyword.internal.WebUIKeywordMain.stepFailed(WebUIKeywordMain.groovy:64)
	at com.kms.katalon.core.webui.keyword.builtin.VerifyTextPresentKeyword$_verifyTextPresent_closure1.doCall(VerifyTextPresentKeyword.groovy:79)
	at com.kms.katalon.core.webui.keyword.builtin.VerifyTextPresentKeyword$_verifyTextPresent_closure1.call(VerifyTextPresentKeyword.groovy)
	at com.kms.katalon.core.webui.keyword.internal.WebUIKeywordMain.runKeyword(WebUIKeywordMain.groovy:20)
	... 19 more
)

2023-10-05 15:31:54 - [MESSAGE][FAILED] - Text 'Sukses Proses Bersedekah, kami akan segera menghubungi anda! Terima kasih' is not present on page  (Root cause: com.kms.katalon.core.exception.StepFailedException: Text 'Sukses Proses Bersedekah, kami akan segera menghubungi anda! Terima kasih' is not present on page 
	at com.kms.katalon.core.webui.keyword.internal.WebUIKeywordMain.stepFailed(WebUIKeywordMain.groovy:64)
	at com.kms.katalon.core.webui.keyword.builtin.VerifyTextPresentKeyword$_verifyTextPresent_closure1.doCall(VerifyTextPresentKeyword.groovy:79)
	at com.kms.katalon.core.webui.keyword.builtin.VerifyTextPresentKeyword$_verifyTextPresent_closure1.call(VerifyTextPresentKeyword.groovy)
	at com.kms.katalon.core.webui.keyword.internal.WebUIKeywordMain.runKeyword(WebUIKeywordMain.groovy:20)
	at com.kms.katalon.core.webui.keyword.builtin.VerifyTextPresentKeyword.verifyTextPresent(VerifyTextPresentKeyword.groovy:83)
	at com.kms.katalon.core.webui.keyword.builtin.VerifyTextPresentKeyword.execute(VerifyTextPresentKeyword.groovy:68)
	at com.kms.katalon.core.keyword.internal.KeywordExecutor.executeKeywordForPlatform(KeywordExecutor.groovy:74)
	at com.kms.katalon.core.webui.keyword.WebUiBuiltInKeywords.verifyTextPresent(WebUiBuiltInKeywords.groovy:1723)
	at com.kms.katalon.core.webui.keyword.WebUiBuiltInKeywords$verifyTextPresent$7.call(Unknown Source)
	at TC-SO-017.run(TC-SO-017:51)
	at com.kms.katalon.core.main.ScriptEngine.run(ScriptEngine.java:194)
	at com.kms.katalon.core.main.ScriptEngine.runScriptAsRawText(ScriptEngine.java:119)
	at com.kms.katalon.core.main.TestCaseExecutor.runScript(TestCaseExecutor.java:448)
	at com.kms.katalon.core.main.TestCaseExecutor.doExecute(TestCaseExecutor.java:439)
	at com.kms.katalon.core.main.TestCaseExecutor.processExecutionPhase(TestCaseExecutor.java:418)
	at com.kms.katalon.core.main.TestCaseExecutor.accessMainPhase(TestCaseExecutor.java:410)
	at com.kms.katalon.core.main.TestCaseExecutor.execute(TestCaseExecutor.java:285)
	at com.kms.katalon.core.common.CommonExecutor.accessTestCaseMainPhase(CommonExecutor.java:65)
	at com.kms.katalon.core.main.TestSuiteExecutor.accessTestSuiteMainPhase(TestSuiteExecutor.java:148)
	at com.kms.katalon.core.main.TestSuiteExecutor.execute(TestSuiteExecutor.java:106)
	at com.kms.katalon.core.main.TestCaseMain.startTestSuite(TestCaseMain.java:187)
	at com.kms.katalon.core.main.TestCaseMain$startTestSuite$0.call(Unknown Source)
	at TempTestSuite1696494178011.run(TempTestSuite1696494178011.groovy:36)
)

2023-10-05 15:31:55 - [MESSAGE][FAILED] - Unable to verify text 'Sukses Proses Bersedekah, kami akan segera menghubungi anda! Terima kasih' is present  (Root cause: com.kms.katalon.core.exception.StepFailedException: Unable to verify text 'Sukses Proses Bersedekah, kami akan segera menghubungi anda! Terima kasih' is present 
	at com.kms.katalon.core.webui.keyword.internal.WebUIKeywordMain.stepFailed(WebUIKeywordMain.groovy:64)
	at com.kms.katalon.core.webui.keyword.internal.WebUIKeywordMain.runKeyword(WebUIKeywordMain.groovy:26)
	at com.kms.katalon.core.webui.keyword.builtin.VerifyTextPresentKeyword.verifyTextPresent(VerifyTextPresentKeyword.groovy:83)
	at com.kms.katalon.core.webui.keyword.builtin.VerifyTextPresentKeyword.execute(VerifyTextPresentKeyword.groovy:68)
	at com.kms.katalon.core.keyword.internal.KeywordExecutor.executeKeywordForPlatform(KeywordExecutor.groovy:74)
	at com.kms.katalon.core.webui.keyword.WebUiBuiltInKeywords.verifyTextPresent(WebUiBuiltInKeywords.groovy:1723)
	at com.kms.katalon.core.webui.keyword.WebUiBuiltInKeywords$verifyTextPresent$7.call(Unknown Source)
	at TC-SO-017.run(TC-SO-017:51)
	at com.kms.katalon.core.main.ScriptEngine.run(ScriptEngine.java:194)
	at com.kms.katalon.core.main.ScriptEngine.runScriptAsRawText(ScriptEngine.java:119)
	at com.kms.katalon.core.main.TestCaseExecutor.runScript(TestCaseExecutor.java:448)
	at com.kms.katalon.core.main.TestCaseExecutor.doExecute(TestCaseExecutor.java:439)
	at com.kms.katalon.core.main.TestCaseExecutor.processExecutionPhase(TestCaseExecutor.java:418)
	at com.kms.katalon.core.main.TestCaseExecutor.accessMainPhase(TestCaseExecutor.java:410)
	at com.kms.katalon.core.main.TestCaseExecutor.execute(TestCaseExecutor.java:285)
	at com.kms.katalon.core.common.CommonExecutor.accessTestCaseMainPhase(CommonExecutor.java:65)
	at com.kms.katalon.core.main.TestSuiteExecutor.accessTestSuiteMainPhase(TestSuiteExecutor.java:148)
	at com.kms.katalon.core.main.TestSuiteExecutor.execute(TestSuiteExecutor.java:106)
	at com.kms.katalon.core.main.TestCaseMain.startTestSuite(TestCaseMain.java:187)
	at com.kms.katalon.core.main.TestCaseMain$startTestSuite$0.call(Unknown Source)
	at TempTestSuite1696494178011.run(TempTestSuite1696494178011.groovy:36)
Caused by: com.kms.katalon.core.exception.StepFailedException: Text 'Sukses Proses Bersedekah, kami akan segera menghubungi anda! Terima kasih' is not present on page 
	at com.kms.katalon.core.webui.keyword.internal.WebUIKeywordMain.stepFailed(WebUIKeywordMain.groovy:64)
	at com.kms.katalon.core.webui.keyword.builtin.VerifyTextPresentKeyword$_verifyTextPresent_closure1.doCall(VerifyTextPresentKeyword.groovy:79)
	at com.kms.katalon.core.webui.keyword.builtin.VerifyTextPresentKeyword$_verifyTextPresent_closure1.call(VerifyTextPresentKeyword.groovy)
	at com.kms.katalon.core.webui.keyword.internal.WebUIKeywordMain.runKeyword(WebUIKeywordMain.groovy:20)
	... 19 more
)
[[ATTACHMENT|F:\\bootcamp\\Miniproject\\Tajalapak\\Reports\\20231005_152257\\T05 Sedekah Online\\20231005_152258\\1696494714828.png]]]]></system-out>
         <system-err><![CDATA[2023-10-05 15:31:24 - [TEST_CASE][FAILED] - Test Cases/T05 - Sedekah Online/TC-SO-017: Test Cases/T05 - Sedekah Online/TC-SO-017 FAILED.
Reason:
com.kms.katalon.core.exception.StepFailedException: Unable to verify text 'Sukses Proses Bersedekah, kami akan segera menghubungi anda! Terima kasih' is present 
	at com.kms.katalon.core.webui.keyword.internal.WebUIKeywordMain.stepFailed(WebUIKeywordMain.groovy:64)
	at com.kms.katalon.core.webui.keyword.internal.WebUIKeywordMain.runKeyword(WebUIKeywordMain.groovy:26)
	at com.kms.katalon.core.webui.keyword.builtin.VerifyTextPresentKeyword.verifyTextPresent(VerifyTextPresentKeyword.groovy:83)
	at com.kms.katalon.core.webui.keyword.builtin.VerifyTextPresentKeyword.execute(VerifyTextPresentKeyword.groovy:68)
	at com.kms.katalon.core.keyword.internal.KeywordExecutor.executeKeywordForPlatform(KeywordExecutor.groovy:74)
	at com.kms.katalon.core.webui.keyword.WebUiBuiltInKeywords.verifyTextPresent(WebUiBuiltInKeywords.groovy:1723)
	at com.kms.katalon.core.webui.keyword.WebUiBuiltInKeywords$verifyTextPresent$7.call(Unknown Source)
	at TC-SO-017.run(TC-SO-017:51)
	at com.kms.katalon.core.main.ScriptEngine.run(ScriptEngine.java:194)
	at com.kms.katalon.core.main.ScriptEngine.runScriptAsRawText(ScriptEngine.java:119)
	at com.kms.katalon.core.main.TestCaseExecutor.runScript(TestCaseExecutor.java:448)
	at com.kms.katalon.core.main.TestCaseExecutor.doExecute(TestCaseExecutor.java:439)
	at com.kms.katalon.core.main.TestCaseExecutor.processExecutionPhase(TestCaseExecutor.java:418)
	at com.kms.katalon.core.main.TestCaseExecutor.accessMainPhase(TestCaseExecutor.java:410)
	at com.kms.katalon.core.main.TestCaseExecutor.execute(TestCaseExecutor.java:285)
	at com.kms.katalon.core.common.CommonExecutor.accessTestCaseMainPhase(CommonExecutor.java:65)
	at com.kms.katalon.core.main.TestSuiteExecutor.accessTestSuiteMainPhase(TestSuiteExecutor.java:148)
	at com.kms.katalon.core.main.TestSuiteExecutor.execute(TestSuiteExecutor.java:106)
	at com.kms.katalon.core.main.TestCaseMain.startTestSuite(TestCaseMain.java:187)
	at com.kms.katalon.core.main.TestCaseMain$startTestSuite$0.call(Unknown Source)
	at TempTestSuite1696494178011.run(TempTestSuite1696494178011.groovy:36)
Caused by: com.kms.katalon.core.exception.StepFailedException: Text 'Sukses Proses Bersedekah, kami akan segera menghubungi anda! Terima kasih' is not present on page 
	at com.kms.katalon.core.webui.keyword.internal.WebUIKeywordMain.stepFailed(WebUIKeywordMain.groovy:64)
	at com.kms.katalon.core.webui.keyword.builtin.VerifyTextPresentKeyword$_verifyTextPresent_closure1.doCall(VerifyTextPresentKeyword.groovy:79)
	at com.kms.katalon.core.webui.keyword.builtin.VerifyTextPresentKeyword$_verifyTextPresent_closure1.call(VerifyTextPresentKeyword.groovy)
	at com.kms.katalon.core.webui.keyword.internal.WebUIKeywordMain.runKeyword(WebUIKeywordMain.groovy:20)
	... 19 more]]></system-err>
      </testcase>
      <testcase name="Test Cases/T05 - Sedekah Online/TC-SO-018" time="30.485" classname="Test Cases/T05 - Sedekah Online/TC-SO-018" status="PASSED">
         <system-out><![CDATA[2023-10-05 15:31:55 - [TEST_CASE][PASSED] - Test Cases/T05 - Sedekah Online/TC-SO-018: Test Cases/T05 - Sedekah Online/TC-SO-018

2023-10-05 15:31:56 - [TEST_STEP][PASSED] - callTestCase(findTestCase("T05 - Sedekah Online/TC-LS-001"), [:], STOP_ON_FAILURE): Call Test Case 'Test Cases/T05 - Sedekah Online/TC-LS-001' successfully

2023-10-05 15:31:56 - [TEST_CASE][PASSED] - Test Cases/T05 - Sedekah Online/TC-LS-001: Test Cases/T05 - Sedekah Online/TC-LS-001

2023-10-05 15:31:56 - [TEST_STEP][PASSED] - openBrowser(urlWeb): Browser is opened with url: 'https://10.9.2.63/ecommerce/'

2023-10-05 15:31:56 - [MESSAGE][WARNING] - A browser is already opened. Closing browser and opening a new one

2023-10-05 15:31:58 - [MESSAGE][INFO] - Starting 'Firefox' driver

2023-10-05 15:31:58 - [MESSAGE][INFO] - User set preference: ['args', '[window-size=1500,1000, ignore-certificate-errors, UnexpectedAlertBehaviour=ignore]']

2023-10-05 15:31:58 - [MESSAGE][INFO] - Action delay is set to 0 milliseconds

2023-10-05 15:32:07 - [MESSAGE][PASSED] - Browser is opened with url: 'https://10.9.2.63/ecommerce/'

2023-10-05 15:32:07 - [TEST_STEP][PASSED] - maximizeWindow(): Current window maximized

2023-10-05 15:32:07 - [MESSAGE][PASSED] - Current window maximized

2023-10-05 15:32:07 - [TEST_STEP][PASSED] - click(findTestObject("Login/a_Login")): Object: 'Object Repository/Login/a_Login' is clicked on

2023-10-05 15:32:08 - [MESSAGE][PASSED] - Object: 'Object Repository/Login/a_Login' is clicked on

2023-10-05 15:32:08 - [TEST_STEP][PASSED] - setText(findTestObject("Login/input_Username, Email atau No. Handphone_a"), "runa36"): Text 'runa36' is set on object 'Object Repository/Login/input_Username, Email atau No. Handphone_a'

2023-10-05 15:32:09 - [MESSAGE][PASSED] - Text 'runa36' is set on object 'Object Repository/Login/input_Username, Email atau No. Handphone_a'

2023-10-05 15:32:09 - [TEST_STEP][PASSED] - setEncryptedText(findTestObject("Login/input_Password di Login(Masuk)"), "qbkrdMwyWE4="): Text ****** has been set on object 'Object Repository/Login/input_Password di Login(Masuk)'

2023-10-05 15:32:10 - [MESSAGE][PASSED] - Text ****** has been set on object 'Object Repository/Login/input_Password di Login(Masuk)'

2023-10-05 15:32:10 - [TEST_STEP][PASSED] - click(findTestObject("Login/button_Masuk di halaman login")): Object: 'Object Repository/Login/button_Masuk di halaman login' is clicked on

2023-10-05 15:32:11 - [MESSAGE][PASSED] - Object: 'Object Repository/Login/button_Masuk di halaman login' is clicked on

2023-10-05 15:32:11 - [TEST_STEP][PASSED] - verifyElementPresent(findTestObject("Pendaftaran/verifikasi MASUK di halaman Login"), 0): Object 'Object Repository/Pendaftaran/verifikasi MASUK di halaman Login' is present

2023-10-05 15:32:11 - [MESSAGE][WARNING] - Timeout '0' is invalid. Using default page load timeout: '30'

2023-10-05 15:32:12 - [MESSAGE][PASSED] - Object 'Object Repository/Pendaftaran/verifikasi MASUK di halaman Login' is present

2023-10-05 15:32:12 - [MESSAGE][PASSED] - Call Test Case 'Test Cases/T05 - Sedekah Online/TC-LS-001' successfully

2023-10-05 15:32:12 - [TEST_STEP][PASSED] - mouseOver(findTestObject("sedekah online/a_Donasi (di halaman utama)")): Object: 'Object Repository/sedekah online/a_Donasi (di halaman utama)' is hovered

2023-10-05 15:32:12 - [MESSAGE][PASSED] - Object: 'Object Repository/sedekah online/a_Donasi (di halaman utama)' is hovered

2023-10-05 15:32:12 - [TEST_STEP][PASSED] - verifyElementClickable(findTestObject("sedekah online/a_Sedekah Online"), STOP_ON_FAILURE): Object 'Object Repository/sedekah online/a_Sedekah Online' is clickable

2023-10-05 15:32:13 - [MESSAGE][PASSED] - Object 'Object Repository/sedekah online/a_Sedekah Online' is clickable

2023-10-05 15:32:13 - [TEST_STEP][PASSED] - click(findTestObject("sedekah online/a_Sedekah Online")): Object: 'Object Repository/sedekah online/a_Sedekah Online' is clicked on

2023-10-05 15:32:14 - [MESSAGE][PASSED] - Object: 'Object Repository/sedekah online/a_Sedekah Online' is clicked on

2023-10-05 15:32:14 - [TEST_STEP][PASSED] - verifyElementPresent(findTestObject("sedekah online/verifikasi halaman sedekah Online"), 0): Object 'Object Repository/sedekah online/verifikasi halaman sedekah Online' is present

2023-10-05 15:32:15 - [MESSAGE][WARNING] - Timeout '0' is invalid. Using default page load timeout: '30'

2023-10-05 15:32:15 - [MESSAGE][PASSED] - Object 'Object Repository/sedekah online/verifikasi halaman sedekah Online' is present

2023-10-05 15:32:15 - [TEST_STEP][PASSED] - setText(findTestObject("sedekah online/input_Sedekah"), NominalSedekah): Text '25.000' is set on object 'Object Repository/sedekah online/input_Sedekah'

2023-10-05 15:32:16 - [MESSAGE][PASSED] - Text '25.000' is set on object 'Object Repository/sedekah online/input_Sedekah'

2023-10-05 15:32:16 - [TEST_STEP][PASSED] - setText(findTestObject("sedekah online/input_Nama lengkap (di sedekah online)"), namaLengkap): Text 'ikana' is set on object 'Object Repository/sedekah online/input_Nama lengkap (di sedekah online)'

2023-10-05 15:32:17 - [MESSAGE][PASSED] - Text 'ikana' is set on object 'Object Repository/sedekah online/input_Nama lengkap (di sedekah online)'

2023-10-05 15:32:17 - [TEST_STEP][PASSED] - setText(findTestObject("sedekah online/input_No Handphone (di sedekah online)"), noHp): Text '086754321234' is set on object 'Object Repository/sedekah online/input_No Handphone (di sedekah online)'

2023-10-05 15:32:18 - [MESSAGE][PASSED] - Text '086754321234' is set on object 'Object Repository/sedekah online/input_No Handphone (di sedekah online)'

2023-10-05 15:32:18 - [TEST_STEP][PASSED] - setText(findTestObject("sedekah online/input_Alamat Email (di sedekah online)"), email): Text 'anata71@gmail.com' is set on object 'Object Repository/sedekah online/input_Alamat Email (di sedekah online)'

2023-10-05 15:32:19 - [MESSAGE][PASSED] - Text 'anata71@gmail.com' is set on object 'Object Repository/sedekah online/input_Alamat Email (di sedekah online)'

2023-10-05 15:32:19 - [TEST_STEP][PASSED] - selectOptionByValue(findTestObject("Object Repository/sedekah online/dropdown metode pembayaraan"), pembayaran, false): All options with value '1' are selected in object 'Object Repository/sedekah online/dropdown metode pembayaraan' 

2023-10-05 15:32:20 - [MESSAGE][PASSED] - All options with value '1' are selected in object 'Object Repository/sedekah online/dropdown metode pembayaraan' 

2023-10-05 15:32:20 - [TEST_STEP][PASSED] - selectOptionByValue(findTestObject("Object Repository/sedekah online/sedekah ditunjukan untuk keluarga"), sedekahUntuk, false): All options with value 'Orang Tua' are selected in object 'Object Repository/sedekah online/sedekah ditunjukan untuk keluarga' 

2023-10-05 15:32:21 - [MESSAGE][PASSED] - All options with value 'Orang Tua' are selected in object 'Object Repository/sedekah online/sedekah ditunjukan untuk keluarga' 

2023-10-05 15:32:21 - [TEST_STEP][PASSED] - setText(findTestObject("sedekah online/input isi doa terbaik anda"), doa): Text 'Semoga Bermanfaat' is set on object 'Object Repository/sedekah online/input isi doa terbaik anda'

2023-10-05 15:32:22 - [MESSAGE][PASSED] - Text 'Semoga Bermanfaat' is set on object 'Object Repository/sedekah online/input isi doa terbaik anda'

2023-10-05 15:32:22 - [TEST_STEP][PASSED] - setText(findTestObject("sedekah online/input 2 digit terakhir nomor hp"), digitAkhir): Text '34' is set on object 'Object Repository/sedekah online/input 2 digit terakhir nomor hp'

2023-10-05 15:32:23 - [MESSAGE][PASSED] - Text '34' is set on object 'Object Repository/sedekah online/input 2 digit terakhir nomor hp'

2023-10-05 15:32:23 - [TEST_STEP][PASSED] - click(findTestObject("sedekah online/button_Sedekah Sekarang")): Object: 'Object Repository/sedekah online/button_Sedekah Sekarang' is clicked on

2023-10-05 15:32:24 - [MESSAGE][PASSED] - Object: 'Object Repository/sedekah online/button_Sedekah Sekarang' is clicked on

2023-10-05 15:32:24 - [TEST_STEP][PASSED] - verifyTextPresent("Sukses Proses Bersedekah, kami akan segera menghubungi anda! Terima kasih", false): Text 'Sukses Proses Bersedekah, kami akan segera menghubungi anda! Terima kasih' is present on page 

2023-10-05 15:32:25 - [MESSAGE][PASSED] - Text 'Sukses Proses Bersedekah, kami akan segera menghubungi anda! Terima kasih' is present on page]]></system-out>
         <system-err><![CDATA[]]></system-err>
      </testcase>
      <testcase name="Test Cases/T05 - Sedekah Online/TC-SO-019" time="31.526" classname="Test Cases/T05 - Sedekah Online/TC-SO-019" status="PASSED">
         <system-out><![CDATA[2023-10-05 15:32:25 - [TEST_CASE][PASSED] - Test Cases/T05 - Sedekah Online/TC-SO-019: Test Cases/T05 - Sedekah Online/TC-SO-019

2023-10-05 15:32:27 - [TEST_STEP][PASSED] - callTestCase(findTestCase("T05 - Sedekah Online/TC-LS-001"), [:], STOP_ON_FAILURE): Call Test Case 'Test Cases/T05 - Sedekah Online/TC-LS-001' successfully

2023-10-05 15:32:27 - [TEST_CASE][PASSED] - Test Cases/T05 - Sedekah Online/TC-LS-001: Test Cases/T05 - Sedekah Online/TC-LS-001

2023-10-05 15:32:27 - [TEST_STEP][PASSED] - openBrowser(urlWeb): Browser is opened with url: 'https://10.9.2.63/ecommerce/'

2023-10-05 15:32:27 - [MESSAGE][WARNING] - A browser is already opened. Closing browser and opening a new one

2023-10-05 15:32:28 - [MESSAGE][INFO] - Starting 'Firefox' driver

2023-10-05 15:32:28 - [MESSAGE][INFO] - User set preference: ['args', '[window-size=1500,1000, ignore-certificate-errors, UnexpectedAlertBehaviour=ignore]']

2023-10-05 15:32:28 - [MESSAGE][INFO] - Action delay is set to 0 milliseconds

2023-10-05 15:32:37 - [MESSAGE][PASSED] - Browser is opened with url: 'https://10.9.2.63/ecommerce/'

2023-10-05 15:32:37 - [TEST_STEP][PASSED] - maximizeWindow(): Current window maximized

2023-10-05 15:32:37 - [MESSAGE][PASSED] - Current window maximized

2023-10-05 15:32:37 - [TEST_STEP][PASSED] - click(findTestObject("Login/a_Login")): Object: 'Object Repository/Login/a_Login' is clicked on

2023-10-05 15:32:38 - [MESSAGE][PASSED] - Object: 'Object Repository/Login/a_Login' is clicked on

2023-10-05 15:32:38 - [TEST_STEP][PASSED] - setText(findTestObject("Login/input_Username, Email atau No. Handphone_a"), "runa36"): Text 'runa36' is set on object 'Object Repository/Login/input_Username, Email atau No. Handphone_a'

2023-10-05 15:32:39 - [MESSAGE][PASSED] - Text 'runa36' is set on object 'Object Repository/Login/input_Username, Email atau No. Handphone_a'

2023-10-05 15:32:39 - [TEST_STEP][PASSED] - setEncryptedText(findTestObject("Login/input_Password di Login(Masuk)"), "qbkrdMwyWE4="): Text ****** has been set on object 'Object Repository/Login/input_Password di Login(Masuk)'

2023-10-05 15:32:40 - [MESSAGE][PASSED] - Text ****** has been set on object 'Object Repository/Login/input_Password di Login(Masuk)'

2023-10-05 15:32:40 - [TEST_STEP][PASSED] - click(findTestObject("Login/button_Masuk di halaman login")): Object: 'Object Repository/Login/button_Masuk di halaman login' is clicked on

2023-10-05 15:32:42 - [MESSAGE][PASSED] - Object: 'Object Repository/Login/button_Masuk di halaman login' is clicked on

2023-10-05 15:32:42 - [TEST_STEP][PASSED] - verifyElementPresent(findTestObject("Pendaftaran/verifikasi MASUK di halaman Login"), 0): Object 'Object Repository/Pendaftaran/verifikasi MASUK di halaman Login' is present

2023-10-05 15:32:42 - [MESSAGE][WARNING] - Timeout '0' is invalid. Using default page load timeout: '30'

2023-10-05 15:32:42 - [MESSAGE][PASSED] - Object 'Object Repository/Pendaftaran/verifikasi MASUK di halaman Login' is present

2023-10-05 15:32:42 - [MESSAGE][PASSED] - Call Test Case 'Test Cases/T05 - Sedekah Online/TC-LS-001' successfully

2023-10-05 15:32:42 - [TEST_STEP][PASSED] - mouseOver(findTestObject("sedekah online/a_Donasi (di halaman utama)")): Object: 'Object Repository/sedekah online/a_Donasi (di halaman utama)' is hovered

2023-10-05 15:32:43 - [MESSAGE][PASSED] - Object: 'Object Repository/sedekah online/a_Donasi (di halaman utama)' is hovered

2023-10-05 15:32:43 - [TEST_STEP][PASSED] - verifyElementClickable(findTestObject("sedekah online/a_Sedekah Online"), STOP_ON_FAILURE): Object 'Object Repository/sedekah online/a_Sedekah Online' is clickable

2023-10-05 15:32:44 - [MESSAGE][PASSED] - Object 'Object Repository/sedekah online/a_Sedekah Online' is clickable

2023-10-05 15:32:44 - [TEST_STEP][PASSED] - click(findTestObject("sedekah online/a_Sedekah Online")): Object: 'Object Repository/sedekah online/a_Sedekah Online' is clicked on

2023-10-05 15:32:45 - [MESSAGE][PASSED] - Object: 'Object Repository/sedekah online/a_Sedekah Online' is clicked on

2023-10-05 15:32:45 - [TEST_STEP][PASSED] - verifyElementPresent(findTestObject("sedekah online/verifikasi halaman sedekah Online"), 0): Object 'Object Repository/sedekah online/verifikasi halaman sedekah Online' is present

2023-10-05 15:32:46 - [MESSAGE][WARNING] - Timeout '0' is invalid. Using default page load timeout: '30'

2023-10-05 15:32:46 - [MESSAGE][PASSED] - Object 'Object Repository/sedekah online/verifikasi halaman sedekah Online' is present

2023-10-05 15:32:46 - [TEST_STEP][PASSED] - setText(findTestObject("sedekah online/input_Sedekah"), NominalSedekah): Text '25,000' is set on object 'Object Repository/sedekah online/input_Sedekah'

2023-10-05 15:32:47 - [MESSAGE][PASSED] - Text '25,000' is set on object 'Object Repository/sedekah online/input_Sedekah'

2023-10-05 15:32:47 - [TEST_STEP][PASSED] - setText(findTestObject("sedekah online/input_Nama lengkap (di sedekah online)"), namaLengkap): Text 'ikana' is set on object 'Object Repository/sedekah online/input_Nama lengkap (di sedekah online)'

2023-10-05 15:32:48 - [MESSAGE][PASSED] - Text 'ikana' is set on object 'Object Repository/sedekah online/input_Nama lengkap (di sedekah online)'

2023-10-05 15:32:48 - [TEST_STEP][PASSED] - setText(findTestObject("sedekah online/input_No Handphone (di sedekah online)"), noHp): Text '086754321234' is set on object 'Object Repository/sedekah online/input_No Handphone (di sedekah online)'

2023-10-05 15:32:49 - [MESSAGE][PASSED] - Text '086754321234' is set on object 'Object Repository/sedekah online/input_No Handphone (di sedekah online)'

2023-10-05 15:32:49 - [TEST_STEP][PASSED] - setText(findTestObject("sedekah online/input_Alamat Email (di sedekah online)"), email): Text 'anata71@gmail.com' is set on object 'Object Repository/sedekah online/input_Alamat Email (di sedekah online)'

2023-10-05 15:32:50 - [MESSAGE][PASSED] - Text 'anata71@gmail.com' is set on object 'Object Repository/sedekah online/input_Alamat Email (di sedekah online)'

2023-10-05 15:32:50 - [TEST_STEP][PASSED] - selectOptionByValue(findTestObject("Object Repository/sedekah online/dropdown metode pembayaraan"), pembayaran, false): All options with value '1' are selected in object 'Object Repository/sedekah online/dropdown metode pembayaraan' 

2023-10-05 15:32:51 - [MESSAGE][PASSED] - All options with value '1' are selected in object 'Object Repository/sedekah online/dropdown metode pembayaraan' 

2023-10-05 15:32:51 - [TEST_STEP][PASSED] - selectOptionByValue(findTestObject("Object Repository/sedekah online/sedekah ditunjukan untuk keluarga"), sedekahUntuk, false): All options with value 'Orang Tua' are selected in object 'Object Repository/sedekah online/sedekah ditunjukan untuk keluarga' 

2023-10-05 15:32:52 - [MESSAGE][PASSED] - All options with value 'Orang Tua' are selected in object 'Object Repository/sedekah online/sedekah ditunjukan untuk keluarga' 

2023-10-05 15:32:52 - [TEST_STEP][PASSED] - setText(findTestObject("sedekah online/input isi doa terbaik anda"), doa): Text 'Semoga Bermanfaat' is set on object 'Object Repository/sedekah online/input isi doa terbaik anda'

2023-10-05 15:32:53 - [MESSAGE][PASSED] - Text 'Semoga Bermanfaat' is set on object 'Object Repository/sedekah online/input isi doa terbaik anda'

2023-10-05 15:32:53 - [TEST_STEP][PASSED] - setText(findTestObject("sedekah online/input 2 digit terakhir nomor hp"), digitAkhir): Text '34' is set on object 'Object Repository/sedekah online/input 2 digit terakhir nomor hp'

2023-10-05 15:32:54 - [MESSAGE][PASSED] - Text '34' is set on object 'Object Repository/sedekah online/input 2 digit terakhir nomor hp'

2023-10-05 15:32:54 - [TEST_STEP][PASSED] - click(findTestObject("sedekah online/button_Sedekah Sekarang")): Object: 'Object Repository/sedekah online/button_Sedekah Sekarang' is clicked on

2023-10-05 15:32:56 - [MESSAGE][PASSED] - Object: 'Object Repository/sedekah online/button_Sedekah Sekarang' is clicked on

2023-10-05 15:32:56 - [TEST_STEP][PASSED] - verifyTextPresent("Sukses Proses Bersedekah, kami akan segera menghubungi anda! Terima kasih", false): Text 'Sukses Proses Bersedekah, kami akan segera menghubungi anda! Terima kasih' is present on page 

2023-10-05 15:32:57 - [MESSAGE][PASSED] - Text 'Sukses Proses Bersedekah, kami akan segera menghubungi anda! Terima kasih' is present on page]]></system-out>
         <system-err><![CDATA[]]></system-err>
      </testcase>
      <testcase name="Test Cases/T05 - Sedekah Online/TC-SO-020" time="32.314" classname="Test Cases/T05 - Sedekah Online/TC-SO-020" status="PASSED">
         <system-out><![CDATA[2023-10-05 15:32:57 - [TEST_CASE][PASSED] - Test Cases/T05 - Sedekah Online/TC-SO-020: Test Cases/T05 - Sedekah Online/TC-SO-020

2023-10-05 15:32:59 - [TEST_STEP][PASSED] - callTestCase(findTestCase("T05 - Sedekah Online/TC-LS-001"), [:], STOP_ON_FAILURE): Call Test Case 'Test Cases/T05 - Sedekah Online/TC-LS-001' successfully

2023-10-05 15:32:59 - [TEST_CASE][PASSED] - Test Cases/T05 - Sedekah Online/TC-LS-001: Test Cases/T05 - Sedekah Online/TC-LS-001

2023-10-05 15:32:59 - [TEST_STEP][PASSED] - openBrowser(urlWeb): Browser is opened with url: 'https://10.9.2.63/ecommerce/'

2023-10-05 15:32:59 - [MESSAGE][WARNING] - A browser is already opened. Closing browser and opening a new one

2023-10-05 15:33:01 - [MESSAGE][INFO] - Starting 'Firefox' driver

2023-10-05 15:33:01 - [MESSAGE][INFO] - User set preference: ['args', '[window-size=1500,1000, ignore-certificate-errors, UnexpectedAlertBehaviour=ignore]']

2023-10-05 15:33:01 - [MESSAGE][INFO] - Action delay is set to 0 milliseconds

2023-10-05 15:33:09 - [MESSAGE][PASSED] - Browser is opened with url: 'https://10.9.2.63/ecommerce/'

2023-10-05 15:33:09 - [TEST_STEP][PASSED] - maximizeWindow(): Current window maximized

2023-10-05 15:33:09 - [MESSAGE][PASSED] - Current window maximized

2023-10-05 15:33:09 - [TEST_STEP][PASSED] - click(findTestObject("Login/a_Login")): Object: 'Object Repository/Login/a_Login' is clicked on

2023-10-05 15:33:10 - [MESSAGE][PASSED] - Object: 'Object Repository/Login/a_Login' is clicked on

2023-10-05 15:33:10 - [TEST_STEP][PASSED] - setText(findTestObject("Login/input_Username, Email atau No. Handphone_a"), "runa36"): Text 'runa36' is set on object 'Object Repository/Login/input_Username, Email atau No. Handphone_a'

2023-10-05 15:33:11 - [MESSAGE][PASSED] - Text 'runa36' is set on object 'Object Repository/Login/input_Username, Email atau No. Handphone_a'

2023-10-05 15:33:11 - [TEST_STEP][PASSED] - setEncryptedText(findTestObject("Login/input_Password di Login(Masuk)"), "qbkrdMwyWE4="): Text ****** has been set on object 'Object Repository/Login/input_Password di Login(Masuk)'

2023-10-05 15:33:12 - [MESSAGE][PASSED] - Text ****** has been set on object 'Object Repository/Login/input_Password di Login(Masuk)'

2023-10-05 15:33:12 - [TEST_STEP][PASSED] - click(findTestObject("Login/button_Masuk di halaman login")): Object: 'Object Repository/Login/button_Masuk di halaman login' is clicked on

2023-10-05 15:33:13 - [MESSAGE][PASSED] - Object: 'Object Repository/Login/button_Masuk di halaman login' is clicked on

2023-10-05 15:33:13 - [TEST_STEP][PASSED] - verifyElementPresent(findTestObject("Pendaftaran/verifikasi MASUK di halaman Login"), 0): Object 'Object Repository/Pendaftaran/verifikasi MASUK di halaman Login' is present

2023-10-05 15:33:14 - [MESSAGE][WARNING] - Timeout '0' is invalid. Using default page load timeout: '30'

2023-10-05 15:33:14 - [MESSAGE][PASSED] - Object 'Object Repository/Pendaftaran/verifikasi MASUK di halaman Login' is present

2023-10-05 15:33:14 - [MESSAGE][PASSED] - Call Test Case 'Test Cases/T05 - Sedekah Online/TC-LS-001' successfully

2023-10-05 15:33:14 - [TEST_STEP][PASSED] - mouseOver(findTestObject("sedekah online/a_Donasi (di halaman utama)")): Object: 'Object Repository/sedekah online/a_Donasi (di halaman utama)' is hovered

2023-10-05 15:33:15 - [MESSAGE][PASSED] - Object: 'Object Repository/sedekah online/a_Donasi (di halaman utama)' is hovered

2023-10-05 15:33:15 - [TEST_STEP][PASSED] - verifyElementClickable(findTestObject("sedekah online/a_Sedekah Online"), STOP_ON_FAILURE): Object 'Object Repository/sedekah online/a_Sedekah Online' is clickable

2023-10-05 15:33:15 - [MESSAGE][PASSED] - Object 'Object Repository/sedekah online/a_Sedekah Online' is clickable

2023-10-05 15:33:15 - [TEST_STEP][PASSED] - click(findTestObject("sedekah online/a_Sedekah Online")): Object: 'Object Repository/sedekah online/a_Sedekah Online' is clicked on

2023-10-05 15:33:17 - [MESSAGE][PASSED] - Object: 'Object Repository/sedekah online/a_Sedekah Online' is clicked on

2023-10-05 15:33:17 - [TEST_STEP][PASSED] - verifyElementPresent(findTestObject("sedekah online/verifikasi halaman sedekah Online"), 0): Object 'Object Repository/sedekah online/verifikasi halaman sedekah Online' is present

2023-10-05 15:33:17 - [MESSAGE][WARNING] - Timeout '0' is invalid. Using default page load timeout: '30'

2023-10-05 15:33:17 - [MESSAGE][PASSED] - Object 'Object Repository/sedekah online/verifikasi halaman sedekah Online' is present

2023-10-05 15:33:17 - [TEST_STEP][PASSED] - setText(findTestObject("sedekah online/input_Sedekah"), NominalSedekah): Text '25000' is set on object 'Object Repository/sedekah online/input_Sedekah'

2023-10-05 15:33:18 - [MESSAGE][PASSED] - Text '25000' is set on object 'Object Repository/sedekah online/input_Sedekah'

2023-10-05 15:33:18 - [TEST_STEP][PASSED] - setText(findTestObject("sedekah online/input_Nama lengkap (di sedekah online)"), namaLengkap): Text 'john due' is set on object 'Object Repository/sedekah online/input_Nama lengkap (di sedekah online)'

2023-10-05 15:33:19 - [MESSAGE][PASSED] - Text 'john due' is set on object 'Object Repository/sedekah online/input_Nama lengkap (di sedekah online)'

2023-10-05 15:33:19 - [TEST_STEP][PASSED] - setText(findTestObject("sedekah online/input_No Handphone (di sedekah online)"), noHp): Text '086754321234' is set on object 'Object Repository/sedekah online/input_No Handphone (di sedekah online)'

2023-10-05 15:33:21 - [MESSAGE][PASSED] - Text '086754321234' is set on object 'Object Repository/sedekah online/input_No Handphone (di sedekah online)'

2023-10-05 15:33:21 - [TEST_STEP][PASSED] - setText(findTestObject("sedekah online/input_Alamat Email (di sedekah online)"), email): Text 'johanduot@student.uin-suka.ac.id' is set on object 'Object Repository/sedekah online/input_Alamat Email (di sedekah online)'

2023-10-05 15:33:22 - [MESSAGE][PASSED] - Text 'johanduot@student.uin-suka.ac.id' is set on object 'Object Repository/sedekah online/input_Alamat Email (di sedekah online)'

2023-10-05 15:33:22 - [TEST_STEP][PASSED] - selectOptionByValue(findTestObject("Object Repository/sedekah online/dropdown metode pembayaraan"), pembayaran, false): All options with value '1' are selected in object 'Object Repository/sedekah online/dropdown metode pembayaraan' 

2023-10-05 15:33:23 - [MESSAGE][PASSED] - All options with value '1' are selected in object 'Object Repository/sedekah online/dropdown metode pembayaraan' 

2023-10-05 15:33:23 - [TEST_STEP][PASSED] - selectOptionByValue(findTestObject("Object Repository/sedekah online/sedekah ditunjukan untuk keluarga"), sedekahUntuk, false): All options with value 'Orang Tua' are selected in object 'Object Repository/sedekah online/sedekah ditunjukan untuk keluarga' 

2023-10-05 15:33:24 - [MESSAGE][PASSED] - All options with value 'Orang Tua' are selected in object 'Object Repository/sedekah online/sedekah ditunjukan untuk keluarga' 

2023-10-05 15:33:24 - [TEST_STEP][PASSED] - setText(findTestObject("sedekah online/input isi doa terbaik anda"), doa): Text 'Semoga Bermanfaat' is set on object 'Object Repository/sedekah online/input isi doa terbaik anda'

2023-10-05 15:33:25 - [MESSAGE][PASSED] - Text 'Semoga Bermanfaat' is set on object 'Object Repository/sedekah online/input isi doa terbaik anda'

2023-10-05 15:33:25 - [TEST_STEP][PASSED] - setText(findTestObject("sedekah online/input 2 digit terakhir nomor hp"), digitAkhir): Text '34' is set on object 'Object Repository/sedekah online/input 2 digit terakhir nomor hp'

2023-10-05 15:33:26 - [MESSAGE][PASSED] - Text '34' is set on object 'Object Repository/sedekah online/input 2 digit terakhir nomor hp'

2023-10-05 15:33:26 - [TEST_STEP][PASSED] - click(findTestObject("sedekah online/button_Sedekah Sekarang")): Object: 'Object Repository/sedekah online/button_Sedekah Sekarang' is clicked on

2023-10-05 15:33:28 - [MESSAGE][PASSED] - Object: 'Object Repository/sedekah online/button_Sedekah Sekarang' is clicked on

2023-10-05 15:33:28 - [TEST_STEP][PASSED] - verifyTextPresent("Sukses Proses Bersedekah, kami akan segera menghubungi anda! Terima kasih", false): Text 'Sukses Proses Bersedekah, kami akan segera menghubungi anda! Terima kasih' is present on page 

2023-10-05 15:33:29 - [MESSAGE][PASSED] - Text 'Sukses Proses Bersedekah, kami akan segera menghubungi anda! Terima kasih' is present on page]]></system-out>
         <system-err><![CDATA[]]></system-err>
      </testcase>
      <testcase name="Test Cases/T05 - Sedekah Online/TC-SO-021" time="30.293" classname="Test Cases/T05 - Sedekah Online/TC-SO-021" status="PASSED">
         <system-out><![CDATA[2023-10-05 15:33:29 - [TEST_CASE][PASSED] - Test Cases/T05 - Sedekah Online/TC-SO-021: Test Cases/T05 - Sedekah Online/TC-SO-021

2023-10-05 15:33:31 - [TEST_STEP][PASSED] - callTestCase(findTestCase("T05 - Sedekah Online/TC-LS-001"), [:], STOP_ON_FAILURE): Call Test Case 'Test Cases/T05 - Sedekah Online/TC-LS-001' successfully

2023-10-05 15:33:31 - [TEST_CASE][PASSED] - Test Cases/T05 - Sedekah Online/TC-LS-001: Test Cases/T05 - Sedekah Online/TC-LS-001

2023-10-05 15:33:31 - [TEST_STEP][PASSED] - openBrowser(urlWeb): Browser is opened with url: 'https://10.9.2.63/ecommerce/'

2023-10-05 15:33:31 - [MESSAGE][WARNING] - A browser is already opened. Closing browser and opening a new one

2023-10-05 15:33:33 - [MESSAGE][INFO] - Starting 'Firefox' driver

2023-10-05 15:33:33 - [MESSAGE][INFO] - User set preference: ['args', '[window-size=1500,1000, ignore-certificate-errors, UnexpectedAlertBehaviour=ignore]']

2023-10-05 15:33:33 - [MESSAGE][INFO] - Action delay is set to 0 milliseconds

2023-10-05 15:33:41 - [MESSAGE][PASSED] - Browser is opened with url: 'https://10.9.2.63/ecommerce/'

2023-10-05 15:33:41 - [TEST_STEP][PASSED] - maximizeWindow(): Current window maximized

2023-10-05 15:33:41 - [MESSAGE][PASSED] - Current window maximized

2023-10-05 15:33:41 - [TEST_STEP][PASSED] - click(findTestObject("Login/a_Login")): Object: 'Object Repository/Login/a_Login' is clicked on

2023-10-05 15:33:42 - [MESSAGE][PASSED] - Object: 'Object Repository/Login/a_Login' is clicked on

2023-10-05 15:33:42 - [TEST_STEP][PASSED] - setText(findTestObject("Login/input_Username, Email atau No. Handphone_a"), "runa36"): Text 'runa36' is set on object 'Object Repository/Login/input_Username, Email atau No. Handphone_a'

2023-10-05 15:33:43 - [MESSAGE][PASSED] - Text 'runa36' is set on object 'Object Repository/Login/input_Username, Email atau No. Handphone_a'

2023-10-05 15:33:43 - [TEST_STEP][PASSED] - setEncryptedText(findTestObject("Login/input_Password di Login(Masuk)"), "qbkrdMwyWE4="): Text ****** has been set on object 'Object Repository/Login/input_Password di Login(Masuk)'

2023-10-05 15:33:44 - [MESSAGE][PASSED] - Text ****** has been set on object 'Object Repository/Login/input_Password di Login(Masuk)'

2023-10-05 15:33:44 - [TEST_STEP][PASSED] - click(findTestObject("Login/button_Masuk di halaman login")): Object: 'Object Repository/Login/button_Masuk di halaman login' is clicked on

2023-10-05 15:33:45 - [MESSAGE][PASSED] - Object: 'Object Repository/Login/button_Masuk di halaman login' is clicked on

2023-10-05 15:33:45 - [TEST_STEP][PASSED] - verifyElementPresent(findTestObject("Pendaftaran/verifikasi MASUK di halaman Login"), 0): Object 'Object Repository/Pendaftaran/verifikasi MASUK di halaman Login' is present

2023-10-05 15:33:46 - [MESSAGE][WARNING] - Timeout '0' is invalid. Using default page load timeout: '30'

2023-10-05 15:33:46 - [MESSAGE][PASSED] - Object 'Object Repository/Pendaftaran/verifikasi MASUK di halaman Login' is present

2023-10-05 15:33:46 - [MESSAGE][PASSED] - Call Test Case 'Test Cases/T05 - Sedekah Online/TC-LS-001' successfully

2023-10-05 15:33:46 - [TEST_STEP][PASSED] - mouseOver(findTestObject("sedekah online/a_Donasi (di halaman utama)")): Object: 'Object Repository/sedekah online/a_Donasi (di halaman utama)' is hovered

2023-10-05 15:33:47 - [MESSAGE][PASSED] - Object: 'Object Repository/sedekah online/a_Donasi (di halaman utama)' is hovered

2023-10-05 15:33:47 - [TEST_STEP][PASSED] - verifyElementClickable(findTestObject("sedekah online/a_Sedekah Online"), STOP_ON_FAILURE): Object 'Object Repository/sedekah online/a_Sedekah Online' is clickable

2023-10-05 15:33:48 - [MESSAGE][PASSED] - Object 'Object Repository/sedekah online/a_Sedekah Online' is clickable

2023-10-05 15:33:48 - [TEST_STEP][PASSED] - click(findTestObject("sedekah online/a_Sedekah Online")): Object: 'Object Repository/sedekah online/a_Sedekah Online' is clicked on

2023-10-05 15:33:49 - [MESSAGE][PASSED] - Object: 'Object Repository/sedekah online/a_Sedekah Online' is clicked on

2023-10-05 15:33:49 - [TEST_STEP][PASSED] - verifyElementPresent(findTestObject("sedekah online/verifikasi halaman sedekah Online"), 0): Object 'Object Repository/sedekah online/verifikasi halaman sedekah Online' is present

2023-10-05 15:33:49 - [MESSAGE][WARNING] - Timeout '0' is invalid. Using default page load timeout: '30'

2023-10-05 15:33:49 - [MESSAGE][PASSED] - Object 'Object Repository/sedekah online/verifikasi halaman sedekah Online' is present

2023-10-05 15:33:49 - [TEST_STEP][PASSED] - setText(findTestObject("sedekah online/input_Sedekah"), NominalSedekah): Text '25000' is set on object 'Object Repository/sedekah online/input_Sedekah'

2023-10-05 15:33:50 - [MESSAGE][PASSED] - Text '25000' is set on object 'Object Repository/sedekah online/input_Sedekah'

2023-10-05 15:33:50 - [TEST_STEP][PASSED] - setText(findTestObject("sedekah online/input_Nama lengkap (di sedekah online)"), namaLengkap): Text 'john due' is set on object 'Object Repository/sedekah online/input_Nama lengkap (di sedekah online)'

2023-10-05 15:33:52 - [MESSAGE][PASSED] - Text 'john due' is set on object 'Object Repository/sedekah online/input_Nama lengkap (di sedekah online)'

2023-10-05 15:33:52 - [TEST_STEP][PASSED] - setText(findTestObject("sedekah online/input_No Handphone (di sedekah online)"), noHp): Text '086754321234' is set on object 'Object Repository/sedekah online/input_No Handphone (di sedekah online)'

2023-10-05 15:33:53 - [MESSAGE][PASSED] - Text '086754321234' is set on object 'Object Repository/sedekah online/input_No Handphone (di sedekah online)'

2023-10-05 15:33:53 - [TEST_STEP][PASSED] - setText(findTestObject("sedekah online/input_Alamat Email (di sedekah online)"), email): Text 'john@xsis.co.id' is set on object 'Object Repository/sedekah online/input_Alamat Email (di sedekah online)'

2023-10-05 15:33:54 - [MESSAGE][PASSED] - Text 'john@xsis.co.id' is set on object 'Object Repository/sedekah online/input_Alamat Email (di sedekah online)'

2023-10-05 15:33:54 - [TEST_STEP][PASSED] - selectOptionByValue(findTestObject("Object Repository/sedekah online/dropdown metode pembayaraan"), pembayaran, false): All options with value '1' are selected in object 'Object Repository/sedekah online/dropdown metode pembayaraan' 

2023-10-05 15:33:55 - [MESSAGE][PASSED] - All options with value '1' are selected in object 'Object Repository/sedekah online/dropdown metode pembayaraan' 

2023-10-05 15:33:55 - [TEST_STEP][PASSED] - selectOptionByValue(findTestObject("Object Repository/sedekah online/sedekah ditunjukan untuk keluarga"), sedekahUntuk, false): All options with value 'Orang Tua' are selected in object 'Object Repository/sedekah online/sedekah ditunjukan untuk keluarga' 

2023-10-05 15:33:55 - [MESSAGE][PASSED] - All options with value 'Orang Tua' are selected in object 'Object Repository/sedekah online/sedekah ditunjukan untuk keluarga' 

2023-10-05 15:33:55 - [TEST_STEP][PASSED] - setText(findTestObject("sedekah online/input isi doa terbaik anda"), doa): Text 'Semoga Bermanfaat' is set on object 'Object Repository/sedekah online/input isi doa terbaik anda'

2023-10-05 15:33:56 - [MESSAGE][PASSED] - Text 'Semoga Bermanfaat' is set on object 'Object Repository/sedekah online/input isi doa terbaik anda'

2023-10-05 15:33:56 - [TEST_STEP][PASSED] - setText(findTestObject("sedekah online/input 2 digit terakhir nomor hp"), digitAkhir): Text '34' is set on object 'Object Repository/sedekah online/input 2 digit terakhir nomor hp'

2023-10-05 15:33:57 - [MESSAGE][PASSED] - Text '34' is set on object 'Object Repository/sedekah online/input 2 digit terakhir nomor hp'

2023-10-05 15:33:57 - [TEST_STEP][PASSED] - click(findTestObject("sedekah online/button_Sedekah Sekarang")): Object: 'Object Repository/sedekah online/button_Sedekah Sekarang' is clicked on

2023-10-05 15:33:59 - [MESSAGE][PASSED] - Object: 'Object Repository/sedekah online/button_Sedekah Sekarang' is clicked on

2023-10-05 15:33:59 - [TEST_STEP][PASSED] - verifyTextPresent("Sukses Proses Bersedekah, kami akan segera menghubungi anda! Terima kasih", false): Text 'Sukses Proses Bersedekah, kami akan segera menghubungi anda! Terima kasih' is present on page 

2023-10-05 15:34:00 - [MESSAGE][PASSED] - Text 'Sukses Proses Bersedekah, kami akan segera menghubungi anda! Terima kasih' is present on page]]></system-out>
         <system-err><![CDATA[]]></system-err>
      </testcase>
      <testcase name="Test Cases/T05 - Sedekah Online/TC-SO-022" time="31.015" classname="Test Cases/T05 - Sedekah Online/TC-SO-022" status="FAILED">
         <failure type="FAILED" message="Test Cases/T05 - Sedekah Online/TC-SO-022 FAILED.
Reason:
com.kms.katalon.core.exception.StepFailedException: Unable to verify text 'Sukses Proses Bersedekah, kami akan segera menghubungi anda! Terima kasih' is present 
	at com.kms.katalon.core.webui.keyword.internal.WebUIKeywordMain.stepFailed(WebUIKeywordMain.groovy:64)
	at com.kms.katalon.core.webui.keyword.internal.WebUIKeywordMain.runKeyword(WebUIKeywordMain.groovy:26)
	at com.kms.katalon.core.webui.keyword.builtin.VerifyTextPresentKeyword.verifyTextPresent(VerifyTextPresentKeyword.groovy:83)
	at com.kms.katalon.core.webui.keyword.builtin.VerifyTextPresentKeyword.execute(VerifyTextPresentKeyword.groovy:68)
	at com.kms.katalon.core.keyword.internal.KeywordExecutor.executeKeywordForPlatform(KeywordExecutor.groovy:74)
	at com.kms.katalon.core.webui.keyword.WebUiBuiltInKeywords.verifyTextPresent(WebUiBuiltInKeywords.groovy:1723)
	at com.kms.katalon.core.webui.keyword.WebUiBuiltInKeywords$verifyTextPresent$7.call(Unknown Source)
	at TC-SO-022.run(TC-SO-022:51)
	at com.kms.katalon.core.main.ScriptEngine.run(ScriptEngine.java:194)
	at com.kms.katalon.core.main.ScriptEngine.runScriptAsRawText(ScriptEngine.java:119)
	at com.kms.katalon.core.main.TestCaseExecutor.runScript(TestCaseExecutor.java:448)
	at com.kms.katalon.core.main.TestCaseExecutor.doExecute(TestCaseExecutor.java:439)
	at com.kms.katalon.core.main.TestCaseExecutor.processExecutionPhase(TestCaseExecutor.java:418)
	at com.kms.katalon.core.main.TestCaseExecutor.accessMainPhase(TestCaseExecutor.java:410)
	at com.kms.katalon.core.main.TestCaseExecutor.execute(TestCaseExecutor.java:285)
	at com.kms.katalon.core.common.CommonExecutor.accessTestCaseMainPhase(CommonExecutor.java:65)
	at com.kms.katalon.core.main.TestSuiteExecutor.accessTestSuiteMainPhase(TestSuiteExecutor.java:148)
	at com.kms.katalon.core.main.TestSuiteExecutor.execute(TestSuiteExecutor.java:106)
	at com.kms.katalon.core.main.TestCaseMain.startTestSuite(TestCaseMain.java:187)
	at com.kms.katalon.core.main.TestCaseMain$startTestSuite$0.call(Unknown Source)
	at TempTestSuite1696494178011.run(TempTestSuite1696494178011.groovy:36)
Caused by: com.kms.katalon.core.exception.StepFailedException: Text 'Sukses Proses Bersedekah, kami akan segera menghubungi anda! Terima kasih' is not present on page 
	at com.kms.katalon.core.webui.keyword.internal.WebUIKeywordMain.stepFailed(WebUIKeywordMain.groovy:64)
	at com.kms.katalon.core.webui.keyword.builtin.VerifyTextPresentKeyword$_verifyTextPresent_closure1.doCall(VerifyTextPresentKeyword.groovy:79)
	at com.kms.katalon.core.webui.keyword.builtin.VerifyTextPresentKeyword$_verifyTextPresent_closure1.call(VerifyTextPresentKeyword.groovy)
	at com.kms.katalon.core.webui.keyword.internal.WebUIKeywordMain.runKeyword(WebUIKeywordMain.groovy:20)
	... 19 more
"/>
         <system-out><![CDATA[2023-10-05 15:34:00 - [TEST_CASE][FAILED] - Test Cases/T05 - Sedekah Online/TC-SO-022: Test Cases/T05 - Sedekah Online/TC-SO-022 FAILED.
Reason:
com.kms.katalon.core.exception.StepFailedException: Unable to verify text 'Sukses Proses Bersedekah, kami akan segera menghubungi anda! Terima kasih' is present 
	at com.kms.katalon.core.webui.keyword.internal.WebUIKeywordMain.stepFailed(WebUIKeywordMain.groovy:64)
	at com.kms.katalon.core.webui.keyword.internal.WebUIKeywordMain.runKeyword(WebUIKeywordMain.groovy:26)
	at com.kms.katalon.core.webui.keyword.builtin.VerifyTextPresentKeyword.verifyTextPresent(VerifyTextPresentKeyword.groovy:83)
	at com.kms.katalon.core.webui.keyword.builtin.VerifyTextPresentKeyword.execute(VerifyTextPresentKeyword.groovy:68)
	at com.kms.katalon.core.keyword.internal.KeywordExecutor.executeKeywordForPlatform(KeywordExecutor.groovy:74)
	at com.kms.katalon.core.webui.keyword.WebUiBuiltInKeywords.verifyTextPresent(WebUiBuiltInKeywords.groovy:1723)
	at com.kms.katalon.core.webui.keyword.WebUiBuiltInKeywords$verifyTextPresent$7.call(Unknown Source)
	at TC-SO-022.run(TC-SO-022:51)
	at com.kms.katalon.core.main.ScriptEngine.run(ScriptEngine.java:194)
	at com.kms.katalon.core.main.ScriptEngine.runScriptAsRawText(ScriptEngine.java:119)
	at com.kms.katalon.core.main.TestCaseExecutor.runScript(TestCaseExecutor.java:448)
	at com.kms.katalon.core.main.TestCaseExecutor.doExecute(TestCaseExecutor.java:439)
	at com.kms.katalon.core.main.TestCaseExecutor.processExecutionPhase(TestCaseExecutor.java:418)
	at com.kms.katalon.core.main.TestCaseExecutor.accessMainPhase(TestCaseExecutor.java:410)
	at com.kms.katalon.core.main.TestCaseExecutor.execute(TestCaseExecutor.java:285)
	at com.kms.katalon.core.common.CommonExecutor.accessTestCaseMainPhase(CommonExecutor.java:65)
	at com.kms.katalon.core.main.TestSuiteExecutor.accessTestSuiteMainPhase(TestSuiteExecutor.java:148)
	at com.kms.katalon.core.main.TestSuiteExecutor.execute(TestSuiteExecutor.java:106)
	at com.kms.katalon.core.main.TestCaseMain.startTestSuite(TestCaseMain.java:187)
	at com.kms.katalon.core.main.TestCaseMain$startTestSuite$0.call(Unknown Source)
	at TempTestSuite1696494178011.run(TempTestSuite1696494178011.groovy:36)
Caused by: com.kms.katalon.core.exception.StepFailedException: Text 'Sukses Proses Bersedekah, kami akan segera menghubungi anda! Terima kasih' is not present on page 
	at com.kms.katalon.core.webui.keyword.internal.WebUIKeywordMain.stepFailed(WebUIKeywordMain.groovy:64)
	at com.kms.katalon.core.webui.keyword.builtin.VerifyTextPresentKeyword$_verifyTextPresent_closure1.doCall(VerifyTextPresentKeyword.groovy:79)
	at com.kms.katalon.core.webui.keyword.builtin.VerifyTextPresentKeyword$_verifyTextPresent_closure1.call(VerifyTextPresentKeyword.groovy)
	at com.kms.katalon.core.webui.keyword.internal.WebUIKeywordMain.runKeyword(WebUIKeywordMain.groovy:20)
	... 19 more


2023-10-05 15:34:01 - [TEST_STEP][PASSED] - callTestCase(findTestCase("T05 - Sedekah Online/TC-LS-001"), [:], STOP_ON_FAILURE): Call Test Case 'Test Cases/T05 - Sedekah Online/TC-LS-001' successfully

2023-10-05 15:34:01 - [TEST_CASE][PASSED] - Test Cases/T05 - Sedekah Online/TC-LS-001: Test Cases/T05 - Sedekah Online/TC-LS-001

2023-10-05 15:34:01 - [TEST_STEP][PASSED] - openBrowser(urlWeb): Browser is opened with url: 'https://10.9.2.63/ecommerce/'

2023-10-05 15:34:01 - [MESSAGE][WARNING] - A browser is already opened. Closing browser and opening a new one

2023-10-05 15:34:03 - [MESSAGE][INFO] - Starting 'Firefox' driver

2023-10-05 15:34:03 - [MESSAGE][INFO] - User set preference: ['args', '[window-size=1500,1000, ignore-certificate-errors, UnexpectedAlertBehaviour=ignore]']

2023-10-05 15:34:03 - [MESSAGE][INFO] - Action delay is set to 0 milliseconds

2023-10-05 15:34:12 - [MESSAGE][PASSED] - Browser is opened with url: 'https://10.9.2.63/ecommerce/'

2023-10-05 15:34:12 - [TEST_STEP][PASSED] - maximizeWindow(): Current window maximized

2023-10-05 15:34:12 - [MESSAGE][PASSED] - Current window maximized

2023-10-05 15:34:12 - [TEST_STEP][PASSED] - click(findTestObject("Login/a_Login")): Object: 'Object Repository/Login/a_Login' is clicked on

2023-10-05 15:34:13 - [MESSAGE][PASSED] - Object: 'Object Repository/Login/a_Login' is clicked on

2023-10-05 15:34:13 - [TEST_STEP][PASSED] - setText(findTestObject("Login/input_Username, Email atau No. Handphone_a"), "runa36"): Text 'runa36' is set on object 'Object Repository/Login/input_Username, Email atau No. Handphone_a'

2023-10-05 15:34:14 - [MESSAGE][PASSED] - Text 'runa36' is set on object 'Object Repository/Login/input_Username, Email atau No. Handphone_a'

2023-10-05 15:34:14 - [TEST_STEP][PASSED] - setEncryptedText(findTestObject("Login/input_Password di Login(Masuk)"), "qbkrdMwyWE4="): Text ****** has been set on object 'Object Repository/Login/input_Password di Login(Masuk)'

2023-10-05 15:34:15 - [MESSAGE][PASSED] - Text ****** has been set on object 'Object Repository/Login/input_Password di Login(Masuk)'

2023-10-05 15:34:15 - [TEST_STEP][PASSED] - click(findTestObject("Login/button_Masuk di halaman login")): Object: 'Object Repository/Login/button_Masuk di halaman login' is clicked on

2023-10-05 15:34:16 - [MESSAGE][PASSED] - Object: 'Object Repository/Login/button_Masuk di halaman login' is clicked on

2023-10-05 15:34:16 - [TEST_STEP][PASSED] - verifyElementPresent(findTestObject("Pendaftaran/verifikasi MASUK di halaman Login"), 0): Object 'Object Repository/Pendaftaran/verifikasi MASUK di halaman Login' is present

2023-10-05 15:34:16 - [MESSAGE][WARNING] - Timeout '0' is invalid. Using default page load timeout: '30'

2023-10-05 15:34:16 - [MESSAGE][PASSED] - Object 'Object Repository/Pendaftaran/verifikasi MASUK di halaman Login' is present

2023-10-05 15:34:16 - [MESSAGE][PASSED] - Call Test Case 'Test Cases/T05 - Sedekah Online/TC-LS-001' successfully

2023-10-05 15:34:16 - [TEST_STEP][PASSED] - mouseOver(findTestObject("sedekah online/a_Donasi (di halaman utama)")): Object: 'Object Repository/sedekah online/a_Donasi (di halaman utama)' is hovered

2023-10-05 15:34:17 - [MESSAGE][PASSED] - Object: 'Object Repository/sedekah online/a_Donasi (di halaman utama)' is hovered

2023-10-05 15:34:17 - [TEST_STEP][PASSED] - verifyElementClickable(findTestObject("sedekah online/a_Sedekah Online"), STOP_ON_FAILURE): Object 'Object Repository/sedekah online/a_Sedekah Online' is clickable

2023-10-05 15:34:18 - [MESSAGE][PASSED] - Object 'Object Repository/sedekah online/a_Sedekah Online' is clickable

2023-10-05 15:34:18 - [TEST_STEP][PASSED] - click(findTestObject("sedekah online/a_Sedekah Online")): Object: 'Object Repository/sedekah online/a_Sedekah Online' is clicked on

2023-10-05 15:34:19 - [MESSAGE][PASSED] - Object: 'Object Repository/sedekah online/a_Sedekah Online' is clicked on

2023-10-05 15:34:19 - [TEST_STEP][PASSED] - verifyElementPresent(findTestObject("sedekah online/verifikasi halaman sedekah Online"), 0): Object 'Object Repository/sedekah online/verifikasi halaman sedekah Online' is present

2023-10-05 15:34:20 - [MESSAGE][WARNING] - Timeout '0' is invalid. Using default page load timeout: '30'

2023-10-05 15:34:20 - [MESSAGE][PASSED] - Object 'Object Repository/sedekah online/verifikasi halaman sedekah Online' is present

2023-10-05 15:34:20 - [TEST_STEP][PASSED] - setText(findTestObject("sedekah online/input_Sedekah"), NominalSedekah): Text '25000' is set on object 'Object Repository/sedekah online/input_Sedekah'

2023-10-05 15:34:21 - [MESSAGE][PASSED] - Text '25000' is set on object 'Object Repository/sedekah online/input_Sedekah'

2023-10-05 15:34:21 - [TEST_STEP][PASSED] - setText(findTestObject("sedekah online/input_Nama lengkap (di sedekah online)"), namaLengkap): Text 'john due' is set on object 'Object Repository/sedekah online/input_Nama lengkap (di sedekah online)'

2023-10-05 15:34:22 - [MESSAGE][PASSED] - Text 'john due' is set on object 'Object Repository/sedekah online/input_Nama lengkap (di sedekah online)'

2023-10-05 15:34:22 - [TEST_STEP][PASSED] - setText(findTestObject("sedekah online/input_No Handphone (di sedekah online)"), noHp): Text '0867-5432-1234' is set on object 'Object Repository/sedekah online/input_No Handphone (di sedekah online)'

2023-10-05 15:34:23 - [MESSAGE][PASSED] - Text '0867-5432-1234' is set on object 'Object Repository/sedekah online/input_No Handphone (di sedekah online)'

2023-10-05 15:34:23 - [TEST_STEP][PASSED] - setText(findTestObject("sedekah online/input_Alamat Email (di sedekah online)"), email): Text 'john@gmail.com' is set on object 'Object Repository/sedekah online/input_Alamat Email (di sedekah online)'

2023-10-05 15:34:24 - [MESSAGE][PASSED] - Text 'john@gmail.com' is set on object 'Object Repository/sedekah online/input_Alamat Email (di sedekah online)'

2023-10-05 15:34:24 - [TEST_STEP][PASSED] - selectOptionByValue(findTestObject("Object Repository/sedekah online/dropdown metode pembayaraan"), pembayaran, false): All options with value '1' are selected in object 'Object Repository/sedekah online/dropdown metode pembayaraan' 

2023-10-05 15:34:25 - [MESSAGE][PASSED] - All options with value '1' are selected in object 'Object Repository/sedekah online/dropdown metode pembayaraan' 

2023-10-05 15:34:25 - [TEST_STEP][PASSED] - selectOptionByValue(findTestObject("Object Repository/sedekah online/sedekah ditunjukan untuk keluarga"), sedekahUntuk, false): All options with value 'Orang Tua' are selected in object 'Object Repository/sedekah online/sedekah ditunjukan untuk keluarga' 

2023-10-05 15:34:26 - [MESSAGE][PASSED] - All options with value 'Orang Tua' are selected in object 'Object Repository/sedekah online/sedekah ditunjukan untuk keluarga' 

2023-10-05 15:34:26 - [TEST_STEP][PASSED] - setText(findTestObject("sedekah online/input isi doa terbaik anda"), doa): Text 'Semoga Bermanfaat' is set on object 'Object Repository/sedekah online/input isi doa terbaik anda'

2023-10-05 15:34:27 - [MESSAGE][PASSED] - Text 'Semoga Bermanfaat' is set on object 'Object Repository/sedekah online/input isi doa terbaik anda'

2023-10-05 15:34:27 - [TEST_STEP][PASSED] - setText(findTestObject("sedekah online/input 2 digit terakhir nomor hp"), digitAkhir): Text '34' is set on object 'Object Repository/sedekah online/input 2 digit terakhir nomor hp'

2023-10-05 15:34:28 - [MESSAGE][PASSED] - Text '34' is set on object 'Object Repository/sedekah online/input 2 digit terakhir nomor hp'

2023-10-05 15:34:28 - [TEST_STEP][PASSED] - click(findTestObject("sedekah online/button_Sedekah Sekarang")): Object: 'Object Repository/sedekah online/button_Sedekah Sekarang' is clicked on

2023-10-05 15:34:29 - [MESSAGE][PASSED] - Object: 'Object Repository/sedekah online/button_Sedekah Sekarang' is clicked on

2023-10-05 15:34:29 - [TEST_STEP][FAILED] - verifyTextPresent("Sukses Proses Bersedekah, kami akan segera menghubungi anda! Terima kasih", false): Unable to verify text 'Sukses Proses Bersedekah, kami akan segera menghubungi anda! Terima kasih' is present  (Root cause: com.kms.katalon.core.exception.StepFailedException: Unable to verify text 'Sukses Proses Bersedekah, kami akan segera menghubungi anda! Terima kasih' is present 
	at com.kms.katalon.core.webui.keyword.internal.WebUIKeywordMain.stepFailed(WebUIKeywordMain.groovy:64)
	at com.kms.katalon.core.webui.keyword.internal.WebUIKeywordMain.runKeyword(WebUIKeywordMain.groovy:26)
	at com.kms.katalon.core.webui.keyword.builtin.VerifyTextPresentKeyword.verifyTextPresent(VerifyTextPresentKeyword.groovy:83)
	at com.kms.katalon.core.webui.keyword.builtin.VerifyTextPresentKeyword.execute(VerifyTextPresentKeyword.groovy:68)
	at com.kms.katalon.core.keyword.internal.KeywordExecutor.executeKeywordForPlatform(KeywordExecutor.groovy:74)
	at com.kms.katalon.core.webui.keyword.WebUiBuiltInKeywords.verifyTextPresent(WebUiBuiltInKeywords.groovy:1723)
	at com.kms.katalon.core.webui.keyword.WebUiBuiltInKeywords$verifyTextPresent$7.call(Unknown Source)
	at TC-SO-022.run(TC-SO-022:51)
	at com.kms.katalon.core.main.ScriptEngine.run(ScriptEngine.java:194)
	at com.kms.katalon.core.main.ScriptEngine.runScriptAsRawText(ScriptEngine.java:119)
	at com.kms.katalon.core.main.TestCaseExecutor.runScript(TestCaseExecutor.java:448)
	at com.kms.katalon.core.main.TestCaseExecutor.doExecute(TestCaseExecutor.java:439)
	at com.kms.katalon.core.main.TestCaseExecutor.processExecutionPhase(TestCaseExecutor.java:418)
	at com.kms.katalon.core.main.TestCaseExecutor.accessMainPhase(TestCaseExecutor.java:410)
	at com.kms.katalon.core.main.TestCaseExecutor.execute(TestCaseExecutor.java:285)
	at com.kms.katalon.core.common.CommonExecutor.accessTestCaseMainPhase(CommonExecutor.java:65)
	at com.kms.katalon.core.main.TestSuiteExecutor.accessTestSuiteMainPhase(TestSuiteExecutor.java:148)
	at com.kms.katalon.core.main.TestSuiteExecutor.execute(TestSuiteExecutor.java:106)
	at com.kms.katalon.core.main.TestCaseMain.startTestSuite(TestCaseMain.java:187)
	at com.kms.katalon.core.main.TestCaseMain$startTestSuite$0.call(Unknown Source)
	at TempTestSuite1696494178011.run(TempTestSuite1696494178011.groovy:36)
Caused by: com.kms.katalon.core.exception.StepFailedException: Text 'Sukses Proses Bersedekah, kami akan segera menghubungi anda! Terima kasih' is not present on page 
	at com.kms.katalon.core.webui.keyword.internal.WebUIKeywordMain.stepFailed(WebUIKeywordMain.groovy:64)
	at com.kms.katalon.core.webui.keyword.builtin.VerifyTextPresentKeyword$_verifyTextPresent_closure1.doCall(VerifyTextPresentKeyword.groovy:79)
	at com.kms.katalon.core.webui.keyword.builtin.VerifyTextPresentKeyword$_verifyTextPresent_closure1.call(VerifyTextPresentKeyword.groovy)
	at com.kms.katalon.core.webui.keyword.internal.WebUIKeywordMain.runKeyword(WebUIKeywordMain.groovy:20)
	... 19 more
)

2023-10-05 15:34:30 - [MESSAGE][FAILED] - Text 'Sukses Proses Bersedekah, kami akan segera menghubungi anda! Terima kasih' is not present on page  (Root cause: com.kms.katalon.core.exception.StepFailedException: Text 'Sukses Proses Bersedekah, kami akan segera menghubungi anda! Terima kasih' is not present on page 
	at com.kms.katalon.core.webui.keyword.internal.WebUIKeywordMain.stepFailed(WebUIKeywordMain.groovy:64)
	at com.kms.katalon.core.webui.keyword.builtin.VerifyTextPresentKeyword$_verifyTextPresent_closure1.doCall(VerifyTextPresentKeyword.groovy:79)
	at com.kms.katalon.core.webui.keyword.builtin.VerifyTextPresentKeyword$_verifyTextPresent_closure1.call(VerifyTextPresentKeyword.groovy)
	at com.kms.katalon.core.webui.keyword.internal.WebUIKeywordMain.runKeyword(WebUIKeywordMain.groovy:20)
	at com.kms.katalon.core.webui.keyword.builtin.VerifyTextPresentKeyword.verifyTextPresent(VerifyTextPresentKeyword.groovy:83)
	at com.kms.katalon.core.webui.keyword.builtin.VerifyTextPresentKeyword.execute(VerifyTextPresentKeyword.groovy:68)
	at com.kms.katalon.core.keyword.internal.KeywordExecutor.executeKeywordForPlatform(KeywordExecutor.groovy:74)
	at com.kms.katalon.core.webui.keyword.WebUiBuiltInKeywords.verifyTextPresent(WebUiBuiltInKeywords.groovy:1723)
	at com.kms.katalon.core.webui.keyword.WebUiBuiltInKeywords$verifyTextPresent$7.call(Unknown Source)
	at TC-SO-022.run(TC-SO-022:51)
	at com.kms.katalon.core.main.ScriptEngine.run(ScriptEngine.java:194)
	at com.kms.katalon.core.main.ScriptEngine.runScriptAsRawText(ScriptEngine.java:119)
	at com.kms.katalon.core.main.TestCaseExecutor.runScript(TestCaseExecutor.java:448)
	at com.kms.katalon.core.main.TestCaseExecutor.doExecute(TestCaseExecutor.java:439)
	at com.kms.katalon.core.main.TestCaseExecutor.processExecutionPhase(TestCaseExecutor.java:418)
	at com.kms.katalon.core.main.TestCaseExecutor.accessMainPhase(TestCaseExecutor.java:410)
	at com.kms.katalon.core.main.TestCaseExecutor.execute(TestCaseExecutor.java:285)
	at com.kms.katalon.core.common.CommonExecutor.accessTestCaseMainPhase(CommonExecutor.java:65)
	at com.kms.katalon.core.main.TestSuiteExecutor.accessTestSuiteMainPhase(TestSuiteExecutor.java:148)
	at com.kms.katalon.core.main.TestSuiteExecutor.execute(TestSuiteExecutor.java:106)
	at com.kms.katalon.core.main.TestCaseMain.startTestSuite(TestCaseMain.java:187)
	at com.kms.katalon.core.main.TestCaseMain$startTestSuite$0.call(Unknown Source)
	at TempTestSuite1696494178011.run(TempTestSuite1696494178011.groovy:36)
)

2023-10-05 15:34:31 - [MESSAGE][FAILED] - Unable to verify text 'Sukses Proses Bersedekah, kami akan segera menghubungi anda! Terima kasih' is present  (Root cause: com.kms.katalon.core.exception.StepFailedException: Unable to verify text 'Sukses Proses Bersedekah, kami akan segera menghubungi anda! Terima kasih' is present 
	at com.kms.katalon.core.webui.keyword.internal.WebUIKeywordMain.stepFailed(WebUIKeywordMain.groovy:64)
	at com.kms.katalon.core.webui.keyword.internal.WebUIKeywordMain.runKeyword(WebUIKeywordMain.groovy:26)
	at com.kms.katalon.core.webui.keyword.builtin.VerifyTextPresentKeyword.verifyTextPresent(VerifyTextPresentKeyword.groovy:83)
	at com.kms.katalon.core.webui.keyword.builtin.VerifyTextPresentKeyword.execute(VerifyTextPresentKeyword.groovy:68)
	at com.kms.katalon.core.keyword.internal.KeywordExecutor.executeKeywordForPlatform(KeywordExecutor.groovy:74)
	at com.kms.katalon.core.webui.keyword.WebUiBuiltInKeywords.verifyTextPresent(WebUiBuiltInKeywords.groovy:1723)
	at com.kms.katalon.core.webui.keyword.WebUiBuiltInKeywords$verifyTextPresent$7.call(Unknown Source)
	at TC-SO-022.run(TC-SO-022:51)
	at com.kms.katalon.core.main.ScriptEngine.run(ScriptEngine.java:194)
	at com.kms.katalon.core.main.ScriptEngine.runScriptAsRawText(ScriptEngine.java:119)
	at com.kms.katalon.core.main.TestCaseExecutor.runScript(TestCaseExecutor.java:448)
	at com.kms.katalon.core.main.TestCaseExecutor.doExecute(TestCaseExecutor.java:439)
	at com.kms.katalon.core.main.TestCaseExecutor.processExecutionPhase(TestCaseExecutor.java:418)
	at com.kms.katalon.core.main.TestCaseExecutor.accessMainPhase(TestCaseExecutor.java:410)
	at com.kms.katalon.core.main.TestCaseExecutor.execute(TestCaseExecutor.java:285)
	at com.kms.katalon.core.common.CommonExecutor.accessTestCaseMainPhase(CommonExecutor.java:65)
	at com.kms.katalon.core.main.TestSuiteExecutor.accessTestSuiteMainPhase(TestSuiteExecutor.java:148)
	at com.kms.katalon.core.main.TestSuiteExecutor.execute(TestSuiteExecutor.java:106)
	at com.kms.katalon.core.main.TestCaseMain.startTestSuite(TestCaseMain.java:187)
	at com.kms.katalon.core.main.TestCaseMain$startTestSuite$0.call(Unknown Source)
	at TempTestSuite1696494178011.run(TempTestSuite1696494178011.groovy:36)
Caused by: com.kms.katalon.core.exception.StepFailedException: Text 'Sukses Proses Bersedekah, kami akan segera menghubungi anda! Terima kasih' is not present on page 
	at com.kms.katalon.core.webui.keyword.internal.WebUIKeywordMain.stepFailed(WebUIKeywordMain.groovy:64)
	at com.kms.katalon.core.webui.keyword.builtin.VerifyTextPresentKeyword$_verifyTextPresent_closure1.doCall(VerifyTextPresentKeyword.groovy:79)
	at com.kms.katalon.core.webui.keyword.builtin.VerifyTextPresentKeyword$_verifyTextPresent_closure1.call(VerifyTextPresentKeyword.groovy)
	at com.kms.katalon.core.webui.keyword.internal.WebUIKeywordMain.runKeyword(WebUIKeywordMain.groovy:20)
	... 19 more
)
[[ATTACHMENT|F:\\bootcamp\\Miniproject\\Tajalapak\\Reports\\20231005_152257\\T05 Sedekah Online\\20231005_152258\\1696494870814.png]]]]></system-out>
         <system-err><![CDATA[2023-10-05 15:34:00 - [TEST_CASE][FAILED] - Test Cases/T05 - Sedekah Online/TC-SO-022: Test Cases/T05 - Sedekah Online/TC-SO-022 FAILED.
Reason:
com.kms.katalon.core.exception.StepFailedException: Unable to verify text 'Sukses Proses Bersedekah, kami akan segera menghubungi anda! Terima kasih' is present 
	at com.kms.katalon.core.webui.keyword.internal.WebUIKeywordMain.stepFailed(WebUIKeywordMain.groovy:64)
	at com.kms.katalon.core.webui.keyword.internal.WebUIKeywordMain.runKeyword(WebUIKeywordMain.groovy:26)
	at com.kms.katalon.core.webui.keyword.builtin.VerifyTextPresentKeyword.verifyTextPresent(VerifyTextPresentKeyword.groovy:83)
	at com.kms.katalon.core.webui.keyword.builtin.VerifyTextPresentKeyword.execute(VerifyTextPresentKeyword.groovy:68)
	at com.kms.katalon.core.keyword.internal.KeywordExecutor.executeKeywordForPlatform(KeywordExecutor.groovy:74)
	at com.kms.katalon.core.webui.keyword.WebUiBuiltInKeywords.verifyTextPresent(WebUiBuiltInKeywords.groovy:1723)
	at com.kms.katalon.core.webui.keyword.WebUiBuiltInKeywords$verifyTextPresent$7.call(Unknown Source)
	at TC-SO-022.run(TC-SO-022:51)
	at com.kms.katalon.core.main.ScriptEngine.run(ScriptEngine.java:194)
	at com.kms.katalon.core.main.ScriptEngine.runScriptAsRawText(ScriptEngine.java:119)
	at com.kms.katalon.core.main.TestCaseExecutor.runScript(TestCaseExecutor.java:448)
	at com.kms.katalon.core.main.TestCaseExecutor.doExecute(TestCaseExecutor.java:439)
	at com.kms.katalon.core.main.TestCaseExecutor.processExecutionPhase(TestCaseExecutor.java:418)
	at com.kms.katalon.core.main.TestCaseExecutor.accessMainPhase(TestCaseExecutor.java:410)
	at com.kms.katalon.core.main.TestCaseExecutor.execute(TestCaseExecutor.java:285)
	at com.kms.katalon.core.common.CommonExecutor.accessTestCaseMainPhase(CommonExecutor.java:65)
	at com.kms.katalon.core.main.TestSuiteExecutor.accessTestSuiteMainPhase(TestSuiteExecutor.java:148)
	at com.kms.katalon.core.main.TestSuiteExecutor.execute(TestSuiteExecutor.java:106)
	at com.kms.katalon.core.main.TestCaseMain.startTestSuite(TestCaseMain.java:187)
	at com.kms.katalon.core.main.TestCaseMain$startTestSuite$0.call(Unknown Source)
	at TempTestSuite1696494178011.run(TempTestSuite1696494178011.groovy:36)
Caused by: com.kms.katalon.core.exception.StepFailedException: Text 'Sukses Proses Bersedekah, kami akan segera menghubungi anda! Terima kasih' is not present on page 
	at com.kms.katalon.core.webui.keyword.internal.WebUIKeywordMain.stepFailed(WebUIKeywordMain.groovy:64)
	at com.kms.katalon.core.webui.keyword.builtin.VerifyTextPresentKeyword$_verifyTextPresent_closure1.doCall(VerifyTextPresentKeyword.groovy:79)
	at com.kms.katalon.core.webui.keyword.builtin.VerifyTextPresentKeyword$_verifyTextPresent_closure1.call(VerifyTextPresentKeyword.groovy)
	at com.kms.katalon.core.webui.keyword.internal.WebUIKeywordMain.runKeyword(WebUIKeywordMain.groovy:20)
	... 19 more]]></system-err>
      </testcase>
      <system-out><![CDATA[2023-10-05 15:23:48 - [TEST_SUITE][FAILED] - T05 Sedekah Online: Test Cases/T05 - Sedekah Online/TC-SO-002 FAILED.
Reason:
com.kms.katalon.core.exception.StepFailedException: Verify element text of test object 'Object Repository/sedekah online/verifikasi sukses berdonasi' FAILED.
	at com.kms.katalon.core.webui.keyword.internal.WebUIKeywordMain.stepFailed(WebUIKeywordMain.groovy:64)
	at com.kms.katalon.core.webui.keyword.internal.WebUIKeywordMain.runKeyword(WebUIKeywordMain.groovy:26)
	at com.kms.katalon.core.webui.keyword.builtin.VerifyElementTextKeyword.verifyElementText(VerifyElementTextKeyword.groovy:72)
	at com.kms.katalon.core.webui.keyword.builtin.VerifyElementTextKeyword.execute(VerifyElementTextKeyword.groovy:40)
	at com.kms.katalon.core.keyword.internal.KeywordExecutor.executeKeywordForPlatform(KeywordExecutor.groovy:74)
	at com.kms.katalon.core.webui.keyword.WebUiBuiltInKeywords.verifyElementText(WebUiBuiltInKeywords.groovy:4749)
	at com.kms.katalon.core.webui.keyword.WebUiBuiltInKeywords$verifyElementText$6.call(Unknown Source)
	at TC-SO-002.run(TC-SO-002:54)
	at com.kms.katalon.core.main.ScriptEngine.run(ScriptEngine.java:194)
	at com.kms.katalon.core.main.ScriptEngine.runScriptAsRawText(ScriptEngine.java:119)
	at com.kms.katalon.core.main.TestCaseExecutor.runScript(TestCaseExecutor.java:448)
	at com.kms.katalon.core.main.TestCaseExecutor.doExecute(TestCaseExecutor.java:439)
	at com.kms.katalon.core.main.TestCaseExecutor.processExecutionPhase(TestCaseExecutor.java:418)
	at com.kms.katalon.core.main.TestCaseExecutor.accessMainPhase(TestCaseExecutor.java:410)
	at com.kms.katalon.core.main.TestCaseExecutor.execute(TestCaseExecutor.java:285)
	at com.kms.katalon.core.common.CommonExecutor.accessTestCaseMainPhase(CommonExecutor.java:65)
	at com.kms.katalon.core.main.TestSuiteExecutor.accessTestSuiteMainPhase(TestSuiteExecutor.java:148)
	at com.kms.katalon.core.main.TestSuiteExecutor.execute(TestSuiteExecutor.java:106)
	at com.kms.katalon.core.main.TestCaseMain.startTestSuite(TestCaseMain.java:187)
	at com.kms.katalon.core.main.TestCaseMain$startTestSuite$0.call(Unknown Source)
	at TempTestSuite1696494178011.run(TempTestSuite1696494178011.groovy:36)
Caused by: com.kms.katalon.core.exception.StepFailedException: Actual text 'Sukses Proses Bersedekah, kami akan segera menghubungi anda! Terima kasih' and expected text 'Minimal nominal sedekah Online Rp 25.000' of test object 'Object Repository/sedekah online/verifikasi sukses berdonasi' are NOT matched.
	at com.kms.katalon.core.webui.keyword.internal.WebUIKeywordMain.stepFailed(WebUIKeywordMain.groovy:64)
	at com.kms.katalon.core.webui.keyword.builtin.VerifyElementTextKeyword$_verifyElementText_closure1.doCall(VerifyElementTextKeyword.groovy:57)
	at com.kms.katalon.core.webui.keyword.builtin.VerifyElementTextKeyword$_verifyElementText_closure1.call(VerifyElementTextKeyword.groovy)
	at com.kms.katalon.core.webui.keyword.internal.WebUIKeywordMain.runKeyword(WebUIKeywordMain.groovy:20)
	... 19 more]]></system-out>
      <system-err><![CDATA[2023-10-05 15:23:48 - [TEST_SUITE][FAILED] - T05 Sedekah Online: Test Cases/T05 - Sedekah Online/TC-SO-002 FAILED.
Reason:
com.kms.katalon.core.exception.StepFailedException: Verify element text of test object 'Object Repository/sedekah online/verifikasi sukses berdonasi' FAILED.
	at com.kms.katalon.core.webui.keyword.internal.WebUIKeywordMain.stepFailed(WebUIKeywordMain.groovy:64)
	at com.kms.katalon.core.webui.keyword.internal.WebUIKeywordMain.runKeyword(WebUIKeywordMain.groovy:26)
	at com.kms.katalon.core.webui.keyword.builtin.VerifyElementTextKeyword.verifyElementText(VerifyElementTextKeyword.groovy:72)
	at com.kms.katalon.core.webui.keyword.builtin.VerifyElementTextKeyword.execute(VerifyElementTextKeyword.groovy:40)
	at com.kms.katalon.core.keyword.internal.KeywordExecutor.executeKeywordForPlatform(KeywordExecutor.groovy:74)
	at com.kms.katalon.core.webui.keyword.WebUiBuiltInKeywords.verifyElementText(WebUiBuiltInKeywords.groovy:4749)
	at com.kms.katalon.core.webui.keyword.WebUiBuiltInKeywords$verifyElementText$6.call(Unknown Source)
	at TC-SO-002.run(TC-SO-002:54)
	at com.kms.katalon.core.main.ScriptEngine.run(ScriptEngine.java:194)
	at com.kms.katalon.core.main.ScriptEngine.runScriptAsRawText(ScriptEngine.java:119)
	at com.kms.katalon.core.main.TestCaseExecutor.runScript(TestCaseExecutor.java:448)
	at com.kms.katalon.core.main.TestCaseExecutor.doExecute(TestCaseExecutor.java:439)
	at com.kms.katalon.core.main.TestCaseExecutor.processExecutionPhase(TestCaseExecutor.java:418)
	at com.kms.katalon.core.main.TestCaseExecutor.accessMainPhase(TestCaseExecutor.java:410)
	at com.kms.katalon.core.main.TestCaseExecutor.execute(TestCaseExecutor.java:285)
	at com.kms.katalon.core.common.CommonExecutor.accessTestCaseMainPhase(CommonExecutor.java:65)
	at com.kms.katalon.core.main.TestSuiteExecutor.accessTestSuiteMainPhase(TestSuiteExecutor.java:148)
	at com.kms.katalon.core.main.TestSuiteExecutor.execute(TestSuiteExecutor.java:106)
	at com.kms.katalon.core.main.TestCaseMain.startTestSuite(TestCaseMain.java:187)
	at com.kms.katalon.core.main.TestCaseMain$startTestSuite$0.call(Unknown Source)
	at TempTestSuite1696494178011.run(TempTestSuite1696494178011.groovy:36)
Caused by: com.kms.katalon.core.exception.StepFailedException: Actual text 'Sukses Proses Bersedekah, kami akan segera menghubungi anda! Terima kasih' and expected text 'Minimal nominal sedekah Online Rp 25.000' of test object 'Object Repository/sedekah online/verifikasi sukses berdonasi' are NOT matched.
	at com.kms.katalon.core.webui.keyword.internal.WebUIKeywordMain.stepFailed(WebUIKeywordMain.groovy:64)
	at com.kms.katalon.core.webui.keyword.builtin.VerifyElementTextKeyword$_verifyElementText_closure1.doCall(VerifyElementTextKeyword.groovy:57)
	at com.kms.katalon.core.webui.keyword.builtin.VerifyElementTextKeyword$_verifyElementText_closure1.call(VerifyElementTextKeyword.groovy)
	at com.kms.katalon.core.webui.keyword.internal.WebUIKeywordMain.runKeyword(WebUIKeywordMain.groovy:20)
	... 19 more]]></system-err>
   </testsuite>
</testsuites>
