<?xml version="1.0" encoding="UTF-8"?>
<testsuites name="T08-Pendaftaran" time="501.372" tests="26" failures="7" errors="0">
   <testsuite name="T08-Pendaftaran" tests="26" failures="7" errors="0" time="501.372" skipped="0" timestamp="2023-10-05 16:32:25" hostname="USER - DESKTOP-22KTP91" id="Test Suites/T08-Pendaftaran">
      <properties>
         <property name="deviceName" value=""/>
         <property name="devicePlatform" value=""/>
         <property name="logFolder" value="F:\\bootcamp\\Miniproject\\Tajalapak\\Reports\\20231005_163214\\T08-Pendaftaran\\20231005_163215"/>
         <property name="logFiles" value="F:\\bootcamp\\Miniproject\\Tajalapak\\Reports\\20231005_163214\\T08-Pendaftaran\\20231005_163215\\execution0.log"/>
         <property name="attachments" value="F:\\bootcamp\\Miniproject\\Tajalapak\\Reports\\20231005_163214\\T08-Pendaftaran\\20231005_163215\\1696498466452.png, F:\\bootcamp\\Miniproject\\Tajalapak\\Reports\\20231005_163214\\T08-Pendaftaran\\20231005_163215\\1696498467347.png, F:\\bootcamp\\Miniproject\\Tajalapak\\Reports\\20231005_163214\\T08-Pendaftaran\\20231005_163215\\1696498513864.png, F:\\bootcamp\\Miniproject\\Tajalapak\\Reports\\20231005_163214\\T08-Pendaftaran\\20231005_163215\\1696498514387.png, F:\\bootcamp\\Miniproject\\Tajalapak\\Reports\\20231005_163214\\T08-Pendaftaran\\20231005_163215\\1696498682831.png, F:\\bootcamp\\Miniproject\\Tajalapak\\Reports\\20231005_163214\\T08-Pendaftaran\\20231005_163215\\1696498699023.png, F:\\bootcamp\\Miniproject\\Tajalapak\\Reports\\20231005_163214\\T08-Pendaftaran\\20231005_163215\\1696498745397.png, F:\\bootcamp\\Miniproject\\Tajalapak\\Reports\\20231005_163214\\T08-Pendaftaran\\20231005_163215\\1696498761624.png"/>
         <property name="hostName" value="USER - DESKTOP-22KTP91"/>
         <property name="os" value="Windows 10 64bit"/>
         <property name="katalonVersion" value="8.6.5.208"/>
         <property name="browser" value="Firefox 117.0"/>
         <property name="hostAddress" value="10.9.2.52"/>
         <property name="sessionId" value="2ea3a1ba-64f5-4bbf-90cb-7770e326f107"/>
         <property name="seleniumVersion" value="3.141.59"/>
         <property name="proxyInformation" value="ProxyInformation { proxyOption=NO_PROXY, proxyServerType=HTTP, username=, password=********, proxyServerAddress=, proxyServerPort=0, executionList=&quot;&quot;, isApplyToDesiredCapabilities=true }"/>
         <property name="platform" value="Windows 10"/>
      </properties>
      <testcase name="Test Cases/T08 - Pendaftaran/TC-PS-001" time="20.662" classname="Test Cases/T08 - Pendaftaran/TC-PS-001" status="PASSED">
         <system-out><![CDATA[2023-10-05 16:32:26 - [TEST_CASE][PASSED] - Test Cases/T08 - Pendaftaran/TC-PS-001: Test Cases/T08 - Pendaftaran/TC-PS-001

2023-10-05 16:32:26 - [TEST_STEP][PASSED] - openBrowser(urlWeb): Browser is opened with url: 'https://10.9.2.63/ecommerce/'

2023-10-05 16:32:27 - [MESSAGE][INFO] - Starting 'Firefox' driver

2023-10-05 16:32:27 - [MESSAGE][INFO] - User set preference: ['args', '[window-size=1500,1000, ignore-certificate-errors, UnexpectedAlertBehaviour=ignore]']

2023-10-05 16:32:27 - [MESSAGE][INFO] - Action delay is set to 0 milliseconds

2023-10-05 16:32:35 - [MESSAGE][PASSED] - Browser is opened with url: 'https://10.9.2.63/ecommerce/'

2023-10-05 16:32:35 - [TEST_STEP][PASSED] - maximizeWindow(): Current window maximized

2023-10-05 16:32:35 - [MESSAGE][PASSED] - Current window maximized

2023-10-05 16:32:35 - [TEST_STEP][PASSED] - verifyElementPresent(findTestObject("verifikasi halaman tajalapak sebelum daftar"), 0): Object 'Object Repository/verifikasi halaman tajalapak sebelum daftar' is present

2023-10-05 16:32:35 - [MESSAGE][WARNING] - Timeout '0' is invalid. Using default page load timeout: '30'

2023-10-05 16:32:35 - [MESSAGE][PASSED] - Object 'Object Repository/verifikasi halaman tajalapak sebelum daftar' is present

2023-10-05 16:32:35 - [TEST_STEP][PASSED] - click(findTestObject("Pendaftaran/button Register")): Object: 'Object Repository/Pendaftaran/button Register' is clicked on

2023-10-05 16:32:36 - [MESSAGE][PASSED] - Object: 'Object Repository/Pendaftaran/button Register' is clicked on

2023-10-05 16:32:36 - [TEST_STEP][PASSED] - verifyElementPresent(findTestObject("Pendaftaran/verifikasi masuk helamaan daftar"), 0): Object 'Object Repository/Pendaftaran/verifikasi masuk helamaan daftar' is present

2023-10-05 16:32:36 - [MESSAGE][WARNING] - Timeout '0' is invalid. Using default page load timeout: '30'

2023-10-05 16:32:37 - [MESSAGE][PASSED] - Object 'Object Repository/Pendaftaran/verifikasi masuk helamaan daftar' is present

2023-10-05 16:32:37 - [TEST_STEP][PASSED] - setText(findTestObject("Pendaftaran/input username"), username): Text 'ikana' is set on object 'Object Repository/Pendaftaran/input username'

2023-10-05 16:32:38 - [MESSAGE][PASSED] - Text 'ikana' is set on object 'Object Repository/Pendaftaran/input username'

2023-10-05 16:32:38 - [TEST_STEP][PASSED] - setText(findTestObject("Pendaftaran/input email"), email): Text 'ikana71@gmail.com' is set on object 'Object Repository/Pendaftaran/input email'

2023-10-05 16:32:38 - [MESSAGE][PASSED] - Text 'ikana71@gmail.com' is set on object 'Object Repository/Pendaftaran/input email'

2023-10-05 16:32:38 - [TEST_STEP][PASSED] - setText(findTestObject("Pendaftaran/input Nomor Telephon"), noHP): Text '085643955432' is set on object 'Object Repository/Pendaftaran/input Nomor Telephon'

2023-10-05 16:32:39 - [MESSAGE][PASSED] - Text '085643955432' is set on object 'Object Repository/Pendaftaran/input Nomor Telephon'

2023-10-05 16:32:39 - [TEST_STEP][PASSED] - if (toString().equalsIgnoreCase("Perempuan")): Object 'Object Repository/Pendaftaran/pilihan Wanita_jenis_kelamin' is checked

2023-10-05 16:32:39 - [TEST_STEP][PASSED] - check(findTestObject("Pendaftaran/pilihan Wanita_jenis_kelamin")): Object 'Object Repository/Pendaftaran/pilihan Wanita_jenis_kelamin' is checked

2023-10-05 16:32:40 - [MESSAGE][PASSED] - Object 'Object Repository/Pendaftaran/pilihan Wanita_jenis_kelamin' is checked

2023-10-05 16:32:40 - [TEST_STEP][PASSED] - setEncryptedText(findTestObject("Pendaftaran/input password"), "8MbLm3cRDkc/jsWL6sX6LA=="): Text ****** has been set on object 'Object Repository/Pendaftaran/input password'

2023-10-05 16:32:40 - [MESSAGE][PASSED] - Text ****** has been set on object 'Object Repository/Pendaftaran/input password'

2023-10-05 16:32:40 - [TEST_STEP][PASSED] - setEncryptedText(findTestObject("Pendaftaran/input konfirmasi password"), "8MbLm3cRDkc/jsWL6sX6LA=="): Text ****** has been set on object 'Object Repository/Pendaftaran/input konfirmasi password'

2023-10-05 16:32:41 - [MESSAGE][PASSED] - Text ****** has been set on object 'Object Repository/Pendaftaran/input konfirmasi password'

2023-10-05 16:32:41 - [TEST_STEP][PASSED] - click(findTestObject("Pendaftaran/button_Daftar")): Object: 'Object Repository/Pendaftaran/button_Daftar' is clicked on

2023-10-05 16:32:44 - [MESSAGE][PASSED] - Object: 'Object Repository/Pendaftaran/button_Daftar' is clicked on

2023-10-05 16:32:44 - [TEST_STEP][PASSED] - verifyElementPresent(findTestObject("Pendaftaran/verifikasi berhasil daftar"), 0): Object 'Object Repository/Pendaftaran/verifikasi berhasil daftar' is present

2023-10-05 16:32:44 - [MESSAGE][WARNING] - Timeout '0' is invalid. Using default page load timeout: '30'

2023-10-05 16:32:44 - [MESSAGE][PASSED] - Object 'Object Repository/Pendaftaran/verifikasi berhasil daftar' is present

2023-10-05 16:32:44 - [TEST_STEP][PASSED] - usn = getAttribute(findTestObject("Object Repository/Pendaftaran/hasil username NEW"), "value"): Attribute 'value' of object 'Object Repository/Pendaftaran/hasil username NEW' is: 'ikana'

2023-10-05 16:32:45 - [MESSAGE][PASSED] - Attribute 'value' of object 'Object Repository/Pendaftaran/hasil username NEW' is: 'ikana'

2023-10-05 16:32:45 - [TEST_STEP][PASSED] - Email = getAttribute(findTestObject("Object Repository/Pendaftaran/hasil email"), "value"): Attribute 'value' of object 'Object Repository/Pendaftaran/hasil email' is: 'ikana71@gmail.com'

2023-10-05 16:32:45 - [MESSAGE][PASSED] - Attribute 'value' of object 'Object Repository/Pendaftaran/hasil email' is: 'ikana71@gmail.com'

2023-10-05 16:32:45 - [TEST_STEP][PASSED] - nomorHp = getAttribute(findTestObject("Object Repository/Pendaftaran/hasil nomor hp"), "value"): Attribute 'value' of object 'Object Repository/Pendaftaran/hasil nomor hp' is: '085643955432'

2023-10-05 16:32:46 - [MESSAGE][PASSED] - Attribute 'value' of object 'Object Repository/Pendaftaran/hasil nomor hp' is: '085643955432'

2023-10-05 16:32:46 - [TEST_STEP][PASSED] - if (toString().equalsIgnoreCase("Perempuan")): Object 'Object Repository/Pendaftaran/input Perempuan' is checked

2023-10-05 16:32:46 - [TEST_STEP][PASSED] - verifyElementChecked(findTestObject("Object Repository/Pendaftaran/input Perempuan"), 2): Object 'Object Repository/Pendaftaran/input Perempuan' is checked

2023-10-05 16:32:46 - [MESSAGE][PASSED] - Object 'Object Repository/Pendaftaran/input Perempuan' is checked

2023-10-05 16:32:46 - [TEST_STEP][PASSED] - assert trim().equalsIgnoreCase(usn.trim()): null

2023-10-05 16:32:46 - [TEST_STEP][PASSED] - assert trim().equalsIgnoreCase(Email.trim()): null

2023-10-05 16:32:46 - [TEST_STEP][PASSED] - assert trim().equalsIgnoreCase(nomorHp.trim()): null]]></system-out>
         <system-err><![CDATA[]]></system-err>
      </testcase>
      <testcase name="Test Cases/T08 - Pendaftaran/TC-PS-002" time="19.467" classname="Test Cases/T08 - Pendaftaran/TC-PS-002" status="PASSED">
         <system-out><![CDATA[2023-10-05 16:32:46 - [TEST_CASE][PASSED] - Test Cases/T08 - Pendaftaran/TC-PS-002: Test Cases/T08 - Pendaftaran/TC-PS-002

2023-10-05 16:32:47 - [TEST_STEP][PASSED] - openBrowser(urlWeb): Browser is opened with url: 'https://10.9.2.63/ecommerce/'

2023-10-05 16:32:47 - [MESSAGE][WARNING] - A browser is already opened. Closing browser and opening a new one

2023-10-05 16:32:49 - [MESSAGE][INFO] - Starting 'Firefox' driver

2023-10-05 16:32:49 - [MESSAGE][INFO] - User set preference: ['args', '[window-size=1500,1000, ignore-certificate-errors, UnexpectedAlertBehaviour=ignore]']

2023-10-05 16:32:49 - [MESSAGE][INFO] - Action delay is set to 0 milliseconds

2023-10-05 16:32:54 - [MESSAGE][PASSED] - Browser is opened with url: 'https://10.9.2.63/ecommerce/'

2023-10-05 16:32:54 - [TEST_STEP][PASSED] - maximizeWindow(): Current window maximized

2023-10-05 16:32:54 - [MESSAGE][PASSED] - Current window maximized

2023-10-05 16:32:54 - [TEST_STEP][PASSED] - click(findTestObject("Pendaftaran/a_Login")): Object: 'Object Repository/Pendaftaran/a_Login' is clicked on

2023-10-05 16:32:55 - [MESSAGE][PASSED] - Object: 'Object Repository/Pendaftaran/a_Login' is clicked on

2023-10-05 16:32:55 - [TEST_STEP][PASSED] - verifyElementPresent(findTestObject("Pendaftaran/verifikasi MASUK di halaman Login"), 0): Object 'Object Repository/Pendaftaran/verifikasi MASUK di halaman Login' is present

2023-10-05 16:32:55 - [MESSAGE][WARNING] - Timeout '0' is invalid. Using default page load timeout: '30'

2023-10-05 16:32:55 - [MESSAGE][PASSED] - Object 'Object Repository/Pendaftaran/verifikasi MASUK di halaman Login' is present

2023-10-05 16:32:55 - [TEST_STEP][PASSED] - click(findTestObject("Pendaftaran/a_Daftar sekarang")): Object: 'Object Repository/Pendaftaran/a_Daftar sekarang' is clicked on

2023-10-05 16:32:56 - [MESSAGE][PASSED] - Object: 'Object Repository/Pendaftaran/a_Daftar sekarang' is clicked on

2023-10-05 16:32:56 - [TEST_STEP][PASSED] - verifyElementPresent(findTestObject("Pendaftaran/verifikasi masuk helamaan daftar"), 0): Object 'Object Repository/Pendaftaran/verifikasi masuk helamaan daftar' is present

2023-10-05 16:32:56 - [MESSAGE][WARNING] - Timeout '0' is invalid. Using default page load timeout: '30'

2023-10-05 16:32:57 - [MESSAGE][PASSED] - Object 'Object Repository/Pendaftaran/verifikasi masuk helamaan daftar' is present

2023-10-05 16:32:57 - [TEST_STEP][PASSED] - setText(findTestObject("Pendaftaran/input username"), username): Text 'nanaokta' is set on object 'Object Repository/Pendaftaran/input username'

2023-10-05 16:32:57 - [MESSAGE][PASSED] - Text 'nanaokta' is set on object 'Object Repository/Pendaftaran/input username'

2023-10-05 16:32:57 - [TEST_STEP][PASSED] - setText(findTestObject("Pendaftaran/input email"), email): Text 'nanaokta71@gmail.com' is set on object 'Object Repository/Pendaftaran/input email'

2023-10-05 16:32:58 - [MESSAGE][PASSED] - Text 'nanaokta71@gmail.com' is set on object 'Object Repository/Pendaftaran/input email'

2023-10-05 16:32:58 - [TEST_STEP][PASSED] - setText(findTestObject("Pendaftaran/input Nomor Telephon"), noHP): Text '085643217856' is set on object 'Object Repository/Pendaftaran/input Nomor Telephon'

2023-10-05 16:32:59 - [MESSAGE][PASSED] - Text '085643217856' is set on object 'Object Repository/Pendaftaran/input Nomor Telephon'

2023-10-05 16:32:59 - [TEST_STEP][PASSED] - if (toString().equalsIgnoreCase("Perempuan")): Object 'Object Repository/Pendaftaran/pilihan Wanita_jenis_kelamin' is checked

2023-10-05 16:32:59 - [TEST_STEP][PASSED] - check(findTestObject("Pendaftaran/pilihan Wanita_jenis_kelamin")): Object 'Object Repository/Pendaftaran/pilihan Wanita_jenis_kelamin' is checked

2023-10-05 16:32:59 - [MESSAGE][PASSED] - Object 'Object Repository/Pendaftaran/pilihan Wanita_jenis_kelamin' is checked

2023-10-05 16:32:59 - [TEST_STEP][PASSED] - check(findTestObject("Pendaftaran/pilihan Wanita_jenis_kelamin")): Object 'Object Repository/Pendaftaran/pilihan Wanita_jenis_kelamin' is checked

2023-10-05 16:33:00 - [MESSAGE][PASSED] - Object 'Object Repository/Pendaftaran/pilihan Wanita_jenis_kelamin' is checked

2023-10-05 16:33:00 - [TEST_STEP][PASSED] - setEncryptedText(findTestObject("Pendaftaran/input password"), "qbkrdMwyWE4="): Text ****** has been set on object 'Object Repository/Pendaftaran/input password'

2023-10-05 16:33:00 - [MESSAGE][PASSED] - Text ****** has been set on object 'Object Repository/Pendaftaran/input password'

2023-10-05 16:33:00 - [TEST_STEP][PASSED] - setEncryptedText(findTestObject("Pendaftaran/input konfirmasi password"), "qbkrdMwyWE4="): Text ****** has been set on object 'Object Repository/Pendaftaran/input konfirmasi password'

2023-10-05 16:33:01 - [MESSAGE][PASSED] - Text ****** has been set on object 'Object Repository/Pendaftaran/input konfirmasi password'

2023-10-05 16:33:01 - [TEST_STEP][PASSED] - click(findTestObject("Pendaftaran/button_Daftar")): Object: 'Object Repository/Pendaftaran/button_Daftar' is clicked on

2023-10-05 16:33:04 - [MESSAGE][PASSED] - Object: 'Object Repository/Pendaftaran/button_Daftar' is clicked on

2023-10-05 16:33:04 - [TEST_STEP][PASSED] - verifyElementPresent(findTestObject("Pendaftaran/verifikasi berhasil daftar NEW"), 0): Object 'Object Repository/Pendaftaran/verifikasi berhasil daftar NEW' is present

2023-10-05 16:33:04 - [MESSAGE][WARNING] - Timeout '0' is invalid. Using default page load timeout: '30'

2023-10-05 16:33:04 - [MESSAGE][PASSED] - Object 'Object Repository/Pendaftaran/verifikasi berhasil daftar NEW' is present

2023-10-05 16:33:04 - [TEST_STEP][PASSED] - usn = getAttribute(findTestObject("Object Repository/Pendaftaran/hasil username NEW"), "value"): Attribute 'value' of object 'Object Repository/Pendaftaran/hasil username NEW' is: 'nanaokta'

2023-10-05 16:33:05 - [MESSAGE][PASSED] - Attribute 'value' of object 'Object Repository/Pendaftaran/hasil username NEW' is: 'nanaokta'

2023-10-05 16:33:05 - [TEST_STEP][PASSED] - Email = getAttribute(findTestObject("Object Repository/Pendaftaran/hasil email"), "value"): Attribute 'value' of object 'Object Repository/Pendaftaran/hasil email' is: 'nanaokta71@gmail.com'

2023-10-05 16:33:05 - [MESSAGE][PASSED] - Attribute 'value' of object 'Object Repository/Pendaftaran/hasil email' is: 'nanaokta71@gmail.com'

2023-10-05 16:33:05 - [TEST_STEP][PASSED] - nomorHP = getAttribute(findTestObject("Object Repository/Pendaftaran/hasil nomor hp"), "value"): Attribute 'value' of object 'Object Repository/Pendaftaran/hasil nomor hp' is: '085643217856'

2023-10-05 16:33:05 - [MESSAGE][PASSED] - Attribute 'value' of object 'Object Repository/Pendaftaran/hasil nomor hp' is: '085643217856'

2023-10-05 16:33:05 - [TEST_STEP][PASSED] - if (toString().equalsIgnoreCase("Perempuan")): Object 'Object Repository/Pendaftaran/input Perempuan' is checked

2023-10-05 16:33:05 - [TEST_STEP][PASSED] - verifyElementChecked(findTestObject("Object Repository/Pendaftaran/input Perempuan"), 2): Object 'Object Repository/Pendaftaran/input Perempuan' is checked

2023-10-05 16:33:06 - [MESSAGE][PASSED] - Object 'Object Repository/Pendaftaran/input Perempuan' is checked

2023-10-05 16:33:06 - [TEST_STEP][PASSED] - assert trim().equalsIgnoreCase(username.trim()): null

2023-10-05 16:33:06 - [TEST_STEP][PASSED] - assert trim().equalsIgnoreCase(email.trim()): null

2023-10-05 16:33:06 - [TEST_STEP][PASSED] - assert trim().equalsIgnoreCase(noHP.trim()): null]]></system-out>
         <system-err><![CDATA[]]></system-err>
      </testcase>
      <testcase name="Test Cases/T08 - Pendaftaran/TC-PS-003" time="18.297" classname="Test Cases/T08 - Pendaftaran/TC-PS-003" status="PASSED">
         <system-out><![CDATA[2023-10-05 16:33:06 - [TEST_CASE][PASSED] - Test Cases/T08 - Pendaftaran/TC-PS-003: Test Cases/T08 - Pendaftaran/TC-PS-003

2023-10-05 16:33:07 - [TEST_STEP][PASSED] - openBrowser(urlWeb): Browser is opened with url: 'https://10.9.2.63/ecommerce/'

2023-10-05 16:33:07 - [MESSAGE][WARNING] - A browser is already opened. Closing browser and opening a new one

2023-10-05 16:33:08 - [MESSAGE][INFO] - Starting 'Firefox' driver

2023-10-05 16:33:08 - [MESSAGE][INFO] - User set preference: ['args', '[window-size=1500,1000, ignore-certificate-errors, UnexpectedAlertBehaviour=ignore]']

2023-10-05 16:33:08 - [MESSAGE][INFO] - Action delay is set to 0 milliseconds

2023-10-05 16:33:13 - [MESSAGE][PASSED] - Browser is opened with url: 'https://10.9.2.63/ecommerce/'

2023-10-05 16:33:13 - [TEST_STEP][PASSED] - maximizeWindow(): Current window maximized

2023-10-05 16:33:13 - [MESSAGE][PASSED] - Current window maximized

2023-10-05 16:33:13 - [TEST_STEP][PASSED] - verifyElementPresent(findTestObject("verifikasi halaman tajalapak sebelum daftar"), 0): Object 'Object Repository/verifikasi halaman tajalapak sebelum daftar' is present

2023-10-05 16:33:13 - [MESSAGE][WARNING] - Timeout '0' is invalid. Using default page load timeout: '30'

2023-10-05 16:33:14 - [MESSAGE][PASSED] - Object 'Object Repository/verifikasi halaman tajalapak sebelum daftar' is present

2023-10-05 16:33:14 - [TEST_STEP][PASSED] - click(findTestObject("Pendaftaran/button Register")): Object: 'Object Repository/Pendaftaran/button Register' is clicked on

2023-10-05 16:33:14 - [MESSAGE][PASSED] - Object: 'Object Repository/Pendaftaran/button Register' is clicked on

2023-10-05 16:33:14 - [TEST_STEP][PASSED] - verifyElementPresent(findTestObject("Pendaftaran/verifikasi masuk helamaan daftar"), 0): Object 'Object Repository/Pendaftaran/verifikasi masuk helamaan daftar' is present

2023-10-05 16:33:15 - [MESSAGE][WARNING] - Timeout '0' is invalid. Using default page load timeout: '30'

2023-10-05 16:33:15 - [MESSAGE][PASSED] - Object 'Object Repository/Pendaftaran/verifikasi masuk helamaan daftar' is present

2023-10-05 16:33:15 - [TEST_STEP][PASSED] - setText(findTestObject("Pendaftaran/input username"), username): Text 'john' is set on object 'Object Repository/Pendaftaran/input username'

2023-10-05 16:33:16 - [MESSAGE][PASSED] - Text 'john' is set on object 'Object Repository/Pendaftaran/input username'

2023-10-05 16:33:16 - [TEST_STEP][PASSED] - setText(findTestObject("Pendaftaran/input email"), email): Text 'john@xsis.co.id' is set on object 'Object Repository/Pendaftaran/input email'

2023-10-05 16:33:17 - [MESSAGE][PASSED] - Text 'john@xsis.co.id' is set on object 'Object Repository/Pendaftaran/input email'

2023-10-05 16:33:17 - [TEST_STEP][PASSED] - setText(findTestObject("Pendaftaran/input Nomor Telephon"), noHP): Text '085099990000' is set on object 'Object Repository/Pendaftaran/input Nomor Telephon'

2023-10-05 16:33:17 - [MESSAGE][PASSED] - Text '085099990000' is set on object 'Object Repository/Pendaftaran/input Nomor Telephon'

2023-10-05 16:33:17 - [TEST_STEP][PASSED] - if (toString().equalsIgnoreCase("Perempuan")): null

2023-10-05 16:33:17 - [TEST_STEP][PASSED] - else if (toString().equalsIgnoreCase("Laki-laki")): Object 'Object Repository/Pendaftaran/pilihan Pria' is checked

2023-10-05 16:33:17 - [TEST_STEP][PASSED] - check(findTestObject("Object Repository/Pendaftaran/pilihan Pria")): Object 'Object Repository/Pendaftaran/pilihan Pria' is checked

2023-10-05 16:33:18 - [MESSAGE][PASSED] - Object 'Object Repository/Pendaftaran/pilihan Pria' is checked

2023-10-05 16:33:18 - [TEST_STEP][PASSED] - setEncryptedText(findTestObject("Pendaftaran/input password"), "8MbLm3cRDkc/jsWL6sX6LA=="): Text ****** has been set on object 'Object Repository/Pendaftaran/input password'

2023-10-05 16:33:18 - [MESSAGE][PASSED] - Text ****** has been set on object 'Object Repository/Pendaftaran/input password'

2023-10-05 16:33:18 - [TEST_STEP][PASSED] - setEncryptedText(findTestObject("Pendaftaran/input konfirmasi password"), "8MbLm3cRDkc/jsWL6sX6LA=="): Text ****** has been set on object 'Object Repository/Pendaftaran/input konfirmasi password'

2023-10-05 16:33:18 - [MESSAGE][PASSED] - Text ****** has been set on object 'Object Repository/Pendaftaran/input konfirmasi password'

2023-10-05 16:33:18 - [TEST_STEP][PASSED] - click(findTestObject("Pendaftaran/button_Daftar")): Object: 'Object Repository/Pendaftaran/button_Daftar' is clicked on

2023-10-05 16:33:22 - [MESSAGE][PASSED] - Object: 'Object Repository/Pendaftaran/button_Daftar' is clicked on

2023-10-05 16:33:22 - [TEST_STEP][PASSED] - verifyElementPresent(findTestObject("Pendaftaran/verifikasi berhasil daftar"), 0): Object 'Object Repository/Pendaftaran/verifikasi berhasil daftar' is present

2023-10-05 16:33:22 - [MESSAGE][WARNING] - Timeout '0' is invalid. Using default page load timeout: '30'

2023-10-05 16:33:22 - [MESSAGE][PASSED] - Object 'Object Repository/Pendaftaran/verifikasi berhasil daftar' is present

2023-10-05 16:33:22 - [TEST_STEP][PASSED] - usn = getAttribute(findTestObject("Object Repository/Pendaftaran/hasil username NEW"), "value"): Attribute 'value' of object 'Object Repository/Pendaftaran/hasil username NEW' is: 'john'

2023-10-05 16:33:23 - [MESSAGE][PASSED] - Attribute 'value' of object 'Object Repository/Pendaftaran/hasil username NEW' is: 'john'

2023-10-05 16:33:23 - [TEST_STEP][PASSED] - Email = getAttribute(findTestObject("Object Repository/Pendaftaran/hasil email"), "value"): Attribute 'value' of object 'Object Repository/Pendaftaran/hasil email' is: 'john@xsis.co.id'

2023-10-05 16:33:23 - [MESSAGE][PASSED] - Attribute 'value' of object 'Object Repository/Pendaftaran/hasil email' is: 'john@xsis.co.id'

2023-10-05 16:33:23 - [TEST_STEP][PASSED] - nomorHp = getAttribute(findTestObject("Object Repository/Pendaftaran/hasil nomor hp"), "value"): Attribute 'value' of object 'Object Repository/Pendaftaran/hasil nomor hp' is: '085099990000'

2023-10-05 16:33:24 - [MESSAGE][PASSED] - Attribute 'value' of object 'Object Repository/Pendaftaran/hasil nomor hp' is: '085099990000'

2023-10-05 16:33:24 - [TEST_STEP][PASSED] - if (toString().equalsIgnoreCase("Perempuan")): null

2023-10-05 16:33:24 - [TEST_STEP][PASSED] - else if (toString().equalsIgnoreCase("Laki-laki")): Object 'Object Repository/Pendaftaran/input_Laki-laki' is checked

2023-10-05 16:33:24 - [TEST_STEP][PASSED] - verifyElementChecked(findTestObject("Object Repository/Pendaftaran/input_Laki-laki"), 2): Object 'Object Repository/Pendaftaran/input_Laki-laki' is checked

2023-10-05 16:33:24 - [MESSAGE][PASSED] - Object 'Object Repository/Pendaftaran/input_Laki-laki' is checked

2023-10-05 16:33:24 - [TEST_STEP][PASSED] - assert trim().equalsIgnoreCase(usn.trim()): null

2023-10-05 16:33:24 - [TEST_STEP][PASSED] - assert trim().equalsIgnoreCase(Email.trim()): null

2023-10-05 16:33:24 - [TEST_STEP][PASSED] - assert trim().equalsIgnoreCase(nomorHp.trim()): null]]></system-out>
         <system-err><![CDATA[]]></system-err>
      </testcase>
      <testcase name="Test Cases/T08 - Pendaftaran/TC-PS-004" time="17.506" classname="Test Cases/T08 - Pendaftaran/TC-PS-004" status="PASSED">
         <system-out><![CDATA[2023-10-05 16:33:24 - [TEST_CASE][PASSED] - Test Cases/T08 - Pendaftaran/TC-PS-004: Test Cases/T08 - Pendaftaran/TC-PS-004

2023-10-05 16:33:25 - [TEST_STEP][PASSED] - openBrowser(urlWeb): Browser is opened with url: 'https://10.9.2.63/ecommerce/'

2023-10-05 16:33:25 - [MESSAGE][WARNING] - A browser is already opened. Closing browser and opening a new one

2023-10-05 16:33:26 - [MESSAGE][INFO] - Starting 'Firefox' driver

2023-10-05 16:33:26 - [MESSAGE][INFO] - User set preference: ['args', '[window-size=1500,1000, ignore-certificate-errors, UnexpectedAlertBehaviour=ignore]']

2023-10-05 16:33:26 - [MESSAGE][INFO] - Action delay is set to 0 milliseconds

2023-10-05 16:33:31 - [MESSAGE][PASSED] - Browser is opened with url: 'https://10.9.2.63/ecommerce/'

2023-10-05 16:33:31 - [TEST_STEP][PASSED] - maximizeWindow(): Current window maximized

2023-10-05 16:33:31 - [MESSAGE][PASSED] - Current window maximized

2023-10-05 16:33:31 - [TEST_STEP][PASSED] - verifyElementPresent(findTestObject("verifikasi halaman tajalapak sebelum daftar"), 0): Object 'Object Repository/verifikasi halaman tajalapak sebelum daftar' is present

2023-10-05 16:33:31 - [MESSAGE][WARNING] - Timeout '0' is invalid. Using default page load timeout: '30'

2023-10-05 16:33:32 - [MESSAGE][PASSED] - Object 'Object Repository/verifikasi halaman tajalapak sebelum daftar' is present

2023-10-05 16:33:32 - [TEST_STEP][PASSED] - click(findTestObject("Pendaftaran/button Register")): Object: 'Object Repository/Pendaftaran/button Register' is clicked on

2023-10-05 16:33:33 - [MESSAGE][PASSED] - Object: 'Object Repository/Pendaftaran/button Register' is clicked on

2023-10-05 16:33:33 - [TEST_STEP][PASSED] - verifyElementPresent(findTestObject("Pendaftaran/verifikasi masuk helamaan daftar"), 0): Object 'Object Repository/Pendaftaran/verifikasi masuk helamaan daftar' is present

2023-10-05 16:33:33 - [MESSAGE][WARNING] - Timeout '0' is invalid. Using default page load timeout: '30'

2023-10-05 16:33:33 - [MESSAGE][PASSED] - Object 'Object Repository/Pendaftaran/verifikasi masuk helamaan daftar' is present

2023-10-05 16:33:33 - [TEST_STEP][PASSED] - setText(findTestObject("Pendaftaran/input username"), username): Text 'johanduot' is set on object 'Object Repository/Pendaftaran/input username'

2023-10-05 16:33:34 - [MESSAGE][PASSED] - Text 'johanduot' is set on object 'Object Repository/Pendaftaran/input username'

2023-10-05 16:33:34 - [TEST_STEP][PASSED] - setText(findTestObject("Pendaftaran/input email"), email): Text 'johanduot@student.uin-suka.ac.id' is set on object 'Object Repository/Pendaftaran/input email'

2023-10-05 16:33:34 - [MESSAGE][PASSED] - Text 'johanduot@student.uin-suka.ac.id' is set on object 'Object Repository/Pendaftaran/input email'

2023-10-05 16:33:34 - [TEST_STEP][PASSED] - setText(findTestObject("Pendaftaran/input Nomor Telephon"), noHP): Text '085155550000' is set on object 'Object Repository/Pendaftaran/input Nomor Telephon'

2023-10-05 16:33:35 - [MESSAGE][PASSED] - Text '085155550000' is set on object 'Object Repository/Pendaftaran/input Nomor Telephon'

2023-10-05 16:33:35 - [TEST_STEP][PASSED] - if (toString().equalsIgnoreCase("Perempuan")): null

2023-10-05 16:33:35 - [TEST_STEP][PASSED] - else if (toString().equalsIgnoreCase("Laki-laki")): Object 'Object Repository/Pendaftaran/pilihan Pria' is checked

2023-10-05 16:33:35 - [TEST_STEP][PASSED] - check(findTestObject("Object Repository/Pendaftaran/pilihan Pria")): Object 'Object Repository/Pendaftaran/pilihan Pria' is checked

2023-10-05 16:33:35 - [MESSAGE][PASSED] - Object 'Object Repository/Pendaftaran/pilihan Pria' is checked

2023-10-05 16:33:35 - [TEST_STEP][PASSED] - setEncryptedText(findTestObject("Pendaftaran/input password"), "8MbLm3cRDkc/jsWL6sX6LA=="): Text ****** has been set on object 'Object Repository/Pendaftaran/input password'

2023-10-05 16:33:36 - [MESSAGE][PASSED] - Text ****** has been set on object 'Object Repository/Pendaftaran/input password'

2023-10-05 16:33:36 - [TEST_STEP][PASSED] - setEncryptedText(findTestObject("Pendaftaran/input konfirmasi password"), "8MbLm3cRDkc/jsWL6sX6LA=="): Text ****** has been set on object 'Object Repository/Pendaftaran/input konfirmasi password'

2023-10-05 16:33:36 - [MESSAGE][PASSED] - Text ****** has been set on object 'Object Repository/Pendaftaran/input konfirmasi password'

2023-10-05 16:33:36 - [TEST_STEP][PASSED] - click(findTestObject("Pendaftaran/button_Daftar")): Object: 'Object Repository/Pendaftaran/button_Daftar' is clicked on

2023-10-05 16:33:39 - [MESSAGE][PASSED] - Object: 'Object Repository/Pendaftaran/button_Daftar' is clicked on

2023-10-05 16:33:39 - [TEST_STEP][PASSED] - verifyElementPresent(findTestObject("Pendaftaran/verifikasi berhasil daftar"), 0): Object 'Object Repository/Pendaftaran/verifikasi berhasil daftar' is present

2023-10-05 16:33:40 - [MESSAGE][WARNING] - Timeout '0' is invalid. Using default page load timeout: '30'

2023-10-05 16:33:40 - [MESSAGE][PASSED] - Object 'Object Repository/Pendaftaran/verifikasi berhasil daftar' is present

2023-10-05 16:33:40 - [TEST_STEP][PASSED] - usn = getAttribute(findTestObject("Object Repository/Pendaftaran/hasil username NEW"), "value"): Attribute 'value' of object 'Object Repository/Pendaftaran/hasil username NEW' is: 'johanduot'

2023-10-05 16:33:40 - [MESSAGE][PASSED] - Attribute 'value' of object 'Object Repository/Pendaftaran/hasil username NEW' is: 'johanduot'

2023-10-05 16:33:40 - [TEST_STEP][PASSED] - Email = getAttribute(findTestObject("Object Repository/Pendaftaran/hasil email"), "value"): Attribute 'value' of object 'Object Repository/Pendaftaran/hasil email' is: 'johanduot@student.uin-suka.ac.id'

2023-10-05 16:33:41 - [MESSAGE][PASSED] - Attribute 'value' of object 'Object Repository/Pendaftaran/hasil email' is: 'johanduot@student.uin-suka.ac.id'

2023-10-05 16:33:41 - [TEST_STEP][PASSED] - nomorHp = getAttribute(findTestObject("Object Repository/Pendaftaran/hasil nomor hp"), "value"): Attribute 'value' of object 'Object Repository/Pendaftaran/hasil nomor hp' is: '085155550000'

2023-10-05 16:33:41 - [MESSAGE][PASSED] - Attribute 'value' of object 'Object Repository/Pendaftaran/hasil nomor hp' is: '085155550000'

2023-10-05 16:33:41 - [TEST_STEP][PASSED] - if (toString().equalsIgnoreCase("Perempuan")): null

2023-10-05 16:33:41 - [TEST_STEP][PASSED] - else if (toString().equalsIgnoreCase("Laki-laki")): Object 'Object Repository/Pendaftaran/input_Laki-laki' is checked

2023-10-05 16:33:41 - [TEST_STEP][PASSED] - verifyElementChecked(findTestObject("Object Repository/Pendaftaran/input_Laki-laki"), 2): Object 'Object Repository/Pendaftaran/input_Laki-laki' is checked

2023-10-05 16:33:42 - [MESSAGE][PASSED] - Object 'Object Repository/Pendaftaran/input_Laki-laki' is checked

2023-10-05 16:33:42 - [TEST_STEP][PASSED] - assert trim().equalsIgnoreCase(usn.trim()): null

2023-10-05 16:33:42 - [TEST_STEP][PASSED] - assert trim().equalsIgnoreCase(Email.trim()): null

2023-10-05 16:33:42 - [TEST_STEP][PASSED] - assert trim().equalsIgnoreCase(nomorHp.trim()): null]]></system-out>
         <system-err><![CDATA[]]></system-err>
      </testcase>
      <testcase name="Test Cases/T08 - Pendaftaran/TC-PS-005" time="45.346" classname="Test Cases/T08 - Pendaftaran/TC-PS-005" status="FAILED">
         <failure type="FAILED" message="Test Cases/T08 - Pendaftaran/TC-PS-005 FAILED.
Reason:
com.kms.katalon.core.exception.StepFailedException: Unable to verify object 'Object Repository/Pendaftaran/verifikasi berhasil daftar' is present
	at com.kms.katalon.core.webui.keyword.internal.WebUIKeywordMain.stepFailed(WebUIKeywordMain.groovy:64)
	at com.kms.katalon.core.webui.keyword.internal.WebUIKeywordMain.runKeyword(WebUIKeywordMain.groovy:26)
	at com.kms.katalon.core.webui.keyword.builtin.VerifyElementPresentKeyword.verifyElementPresent(VerifyElementPresentKeyword.groovy:92)
	at com.kms.katalon.core.webui.keyword.builtin.VerifyElementPresentKeyword.execute(VerifyElementPresentKeyword.groovy:68)
	at com.kms.katalon.core.keyword.internal.KeywordExecutor.executeKeywordForPlatform(KeywordExecutor.groovy:74)
	at com.kms.katalon.core.webui.keyword.WebUiBuiltInKeywords.verifyElementPresent(WebUiBuiltInKeywords.groovy:1464)
	at com.kms.katalon.core.webui.keyword.WebUiBuiltInKeywords$verifyElementPresent$1.call(Unknown Source)
	at TC-PS-005.run(TC-PS-005:49)
	at com.kms.katalon.core.main.ScriptEngine.run(ScriptEngine.java:194)
	at com.kms.katalon.core.main.ScriptEngine.runScriptAsRawText(ScriptEngine.java:119)
	at com.kms.katalon.core.main.TestCaseExecutor.runScript(TestCaseExecutor.java:448)
	at com.kms.katalon.core.main.TestCaseExecutor.doExecute(TestCaseExecutor.java:439)
	at com.kms.katalon.core.main.TestCaseExecutor.processExecutionPhase(TestCaseExecutor.java:418)
	at com.kms.katalon.core.main.TestCaseExecutor.accessMainPhase(TestCaseExecutor.java:410)
	at com.kms.katalon.core.main.TestCaseExecutor.execute(TestCaseExecutor.java:285)
	at com.kms.katalon.core.common.CommonExecutor.accessTestCaseMainPhase(CommonExecutor.java:65)
	at com.kms.katalon.core.main.TestSuiteExecutor.accessTestSuiteMainPhase(TestSuiteExecutor.java:148)
	at com.kms.katalon.core.main.TestSuiteExecutor.execute(TestSuiteExecutor.java:106)
	at com.kms.katalon.core.main.TestCaseMain.startTestSuite(TestCaseMain.java:187)
	at com.kms.katalon.core.main.TestCaseMain$startTestSuite$0.call(Unknown Source)
	at TempTestSuite1696498335026.run(TempTestSuite1696498335026.groovy:36)
Caused by: com.kms.katalon.core.exception.StepFailedException: com.kms.katalon.core.webui.exception.WebElementNotFoundException: Web element with id: 'Object Repository/Pendaftaran/verifikasi berhasil daftar' located by '(.//*[normalize-space(text()) and normalize-space(.)='Simpan Perubahan'])[1]/following::center[1]' not found
	at com.kms.katalon.core.webui.keyword.internal.WebUIKeywordMain.stepFailed(WebUIKeywordMain.groovy:64)
	at com.kms.katalon.core.webui.keyword.builtin.VerifyElementPresentKeyword$_verifyElementPresent_closure1.doCall(VerifyElementPresentKeyword.groovy:85)
	at com.kms.katalon.core.webui.keyword.builtin.VerifyElementPresentKeyword$_verifyElementPresent_closure1.call(VerifyElementPresentKeyword.groovy)
	at com.kms.katalon.core.webui.keyword.internal.WebUIKeywordMain.runKeyword(WebUIKeywordMain.groovy:20)
	... 19 more
"/>
         <system-out><![CDATA[2023-10-05 16:33:42 - [TEST_CASE][FAILED] - Test Cases/T08 - Pendaftaran/TC-PS-005: Test Cases/T08 - Pendaftaran/TC-PS-005 FAILED.
Reason:
com.kms.katalon.core.exception.StepFailedException: Unable to verify object 'Object Repository/Pendaftaran/verifikasi berhasil daftar' is present
	at com.kms.katalon.core.webui.keyword.internal.WebUIKeywordMain.stepFailed(WebUIKeywordMain.groovy:64)
	at com.kms.katalon.core.webui.keyword.internal.WebUIKeywordMain.runKeyword(WebUIKeywordMain.groovy:26)
	at com.kms.katalon.core.webui.keyword.builtin.VerifyElementPresentKeyword.verifyElementPresent(VerifyElementPresentKeyword.groovy:92)
	at com.kms.katalon.core.webui.keyword.builtin.VerifyElementPresentKeyword.execute(VerifyElementPresentKeyword.groovy:68)
	at com.kms.katalon.core.keyword.internal.KeywordExecutor.executeKeywordForPlatform(KeywordExecutor.groovy:74)
	at com.kms.katalon.core.webui.keyword.WebUiBuiltInKeywords.verifyElementPresent(WebUiBuiltInKeywords.groovy:1464)
	at com.kms.katalon.core.webui.keyword.WebUiBuiltInKeywords$verifyElementPresent$1.call(Unknown Source)
	at TC-PS-005.run(TC-PS-005:49)
	at com.kms.katalon.core.main.ScriptEngine.run(ScriptEngine.java:194)
	at com.kms.katalon.core.main.ScriptEngine.runScriptAsRawText(ScriptEngine.java:119)
	at com.kms.katalon.core.main.TestCaseExecutor.runScript(TestCaseExecutor.java:448)
	at com.kms.katalon.core.main.TestCaseExecutor.doExecute(TestCaseExecutor.java:439)
	at com.kms.katalon.core.main.TestCaseExecutor.processExecutionPhase(TestCaseExecutor.java:418)
	at com.kms.katalon.core.main.TestCaseExecutor.accessMainPhase(TestCaseExecutor.java:410)
	at com.kms.katalon.core.main.TestCaseExecutor.execute(TestCaseExecutor.java:285)
	at com.kms.katalon.core.common.CommonExecutor.accessTestCaseMainPhase(CommonExecutor.java:65)
	at com.kms.katalon.core.main.TestSuiteExecutor.accessTestSuiteMainPhase(TestSuiteExecutor.java:148)
	at com.kms.katalon.core.main.TestSuiteExecutor.execute(TestSuiteExecutor.java:106)
	at com.kms.katalon.core.main.TestCaseMain.startTestSuite(TestCaseMain.java:187)
	at com.kms.katalon.core.main.TestCaseMain$startTestSuite$0.call(Unknown Source)
	at TempTestSuite1696498335026.run(TempTestSuite1696498335026.groovy:36)
Caused by: com.kms.katalon.core.exception.StepFailedException: com.kms.katalon.core.webui.exception.WebElementNotFoundException: Web element with id: 'Object Repository/Pendaftaran/verifikasi berhasil daftar' located by '(.//*[normalize-space(text()) and normalize-space(.)='Simpan Perubahan'])[1]/following::center[1]' not found
	at com.kms.katalon.core.webui.keyword.internal.WebUIKeywordMain.stepFailed(WebUIKeywordMain.groovy:64)
	at com.kms.katalon.core.webui.keyword.builtin.VerifyElementPresentKeyword$_verifyElementPresent_closure1.doCall(VerifyElementPresentKeyword.groovy:85)
	at com.kms.katalon.core.webui.keyword.builtin.VerifyElementPresentKeyword$_verifyElementPresent_closure1.call(VerifyElementPresentKeyword.groovy)
	at com.kms.katalon.core.webui.keyword.internal.WebUIKeywordMain.runKeyword(WebUIKeywordMain.groovy:20)
	... 19 more


2023-10-05 16:33:42 - [TEST_STEP][PASSED] - openBrowser(urlWeb): Browser is opened with url: 'https://10.9.2.63/ecommerce/'

2023-10-05 16:33:42 - [MESSAGE][WARNING] - A browser is already opened. Closing browser and opening a new one

2023-10-05 16:33:44 - [MESSAGE][INFO] - Starting 'Firefox' driver

2023-10-05 16:33:44 - [MESSAGE][INFO] - User set preference: ['args', '[window-size=1500,1000, ignore-certificate-errors, UnexpectedAlertBehaviour=ignore]']

2023-10-05 16:33:44 - [MESSAGE][INFO] - Action delay is set to 0 milliseconds

2023-10-05 16:33:49 - [MESSAGE][PASSED] - Browser is opened with url: 'https://10.9.2.63/ecommerce/'

2023-10-05 16:33:49 - [TEST_STEP][PASSED] - maximizeWindow(): Current window maximized

2023-10-05 16:33:49 - [MESSAGE][PASSED] - Current window maximized

2023-10-05 16:33:49 - [TEST_STEP][PASSED] - verifyElementPresent(findTestObject("verifikasi halaman tajalapak sebelum daftar"), 0): Object 'Object Repository/verifikasi halaman tajalapak sebelum daftar' is present

2023-10-05 16:33:49 - [MESSAGE][WARNING] - Timeout '0' is invalid. Using default page load timeout: '30'

2023-10-05 16:33:50 - [MESSAGE][PASSED] - Object 'Object Repository/verifikasi halaman tajalapak sebelum daftar' is present

2023-10-05 16:33:50 - [TEST_STEP][PASSED] - click(findTestObject("Pendaftaran/button Register")): Object: 'Object Repository/Pendaftaran/button Register' is clicked on

2023-10-05 16:33:50 - [MESSAGE][PASSED] - Object: 'Object Repository/Pendaftaran/button Register' is clicked on

2023-10-05 16:33:50 - [TEST_STEP][PASSED] - verifyElementPresent(findTestObject("Pendaftaran/verifikasi masuk helamaan daftar"), 0): Object 'Object Repository/Pendaftaran/verifikasi masuk helamaan daftar' is present

2023-10-05 16:33:50 - [MESSAGE][WARNING] - Timeout '0' is invalid. Using default page load timeout: '30'

2023-10-05 16:33:51 - [MESSAGE][PASSED] - Object 'Object Repository/Pendaftaran/verifikasi masuk helamaan daftar' is present

2023-10-05 16:33:51 - [TEST_STEP][PASSED] - setText(findTestObject("Pendaftaran/input username"), username): Text 'johendut' is set on object 'Object Repository/Pendaftaran/input username'

2023-10-05 16:33:52 - [MESSAGE][PASSED] - Text 'johendut' is set on object 'Object Repository/Pendaftaran/input username'

2023-10-05 16:33:52 - [TEST_STEP][PASSED] - setText(findTestObject("Pendaftaran/input email"), email): Text 'johendut@gmail.com' is set on object 'Object Repository/Pendaftaran/input email'

2023-10-05 16:33:52 - [MESSAGE][PASSED] - Text 'johendut@gmail.com' is set on object 'Object Repository/Pendaftaran/input email'

2023-10-05 16:33:52 - [TEST_STEP][PASSED] - setText(findTestObject("Pendaftaran/input Nomor Telephon"), noHP): Text '0856-0000-2222' is set on object 'Object Repository/Pendaftaran/input Nomor Telephon'

2023-10-05 16:33:53 - [MESSAGE][PASSED] - Text '0856-0000-2222' is set on object 'Object Repository/Pendaftaran/input Nomor Telephon'

2023-10-05 16:33:53 - [TEST_STEP][PASSED] - if (toString().equalsIgnoreCase("Perempuan")): null

2023-10-05 16:33:53 - [TEST_STEP][PASSED] - else if (toString().equalsIgnoreCase("Laki-laki")): Object 'Object Repository/Pendaftaran/pilihan Pria' is checked

2023-10-05 16:33:53 - [TEST_STEP][PASSED] - check(findTestObject("Object Repository/Pendaftaran/pilihan Pria")): Object 'Object Repository/Pendaftaran/pilihan Pria' is checked

2023-10-05 16:33:53 - [MESSAGE][PASSED] - Object 'Object Repository/Pendaftaran/pilihan Pria' is checked

2023-10-05 16:33:53 - [TEST_STEP][PASSED] - setEncryptedText(findTestObject("Pendaftaran/input password"), "8MbLm3cRDkc/jsWL6sX6LA=="): Text ****** has been set on object 'Object Repository/Pendaftaran/input password'

2023-10-05 16:33:54 - [MESSAGE][PASSED] - Text ****** has been set on object 'Object Repository/Pendaftaran/input password'

2023-10-05 16:33:54 - [TEST_STEP][PASSED] - setEncryptedText(findTestObject("Pendaftaran/input konfirmasi password"), "8MbLm3cRDkc/jsWL6sX6LA=="): Text ****** has been set on object 'Object Repository/Pendaftaran/input konfirmasi password'

2023-10-05 16:33:54 - [MESSAGE][PASSED] - Text ****** has been set on object 'Object Repository/Pendaftaran/input konfirmasi password'

2023-10-05 16:33:54 - [TEST_STEP][PASSED] - click(findTestObject("Pendaftaran/button_Daftar")): Object: 'Object Repository/Pendaftaran/button_Daftar' is clicked on

2023-10-05 16:33:55 - [MESSAGE][PASSED] - Object: 'Object Repository/Pendaftaran/button_Daftar' is clicked on

2023-10-05 16:33:55 - [TEST_STEP][FAILED] - verifyElementPresent(findTestObject("Pendaftaran/verifikasi berhasil daftar"), 0): Unable to verify object 'Object Repository/Pendaftaran/verifikasi berhasil daftar' is present (Root cause: com.kms.katalon.core.exception.StepFailedException: Unable to verify object 'Object Repository/Pendaftaran/verifikasi berhasil daftar' is present
	at com.kms.katalon.core.webui.keyword.internal.WebUIKeywordMain.stepFailed(WebUIKeywordMain.groovy:64)
	at com.kms.katalon.core.webui.keyword.internal.WebUIKeywordMain.runKeyword(WebUIKeywordMain.groovy:26)
	at com.kms.katalon.core.webui.keyword.builtin.VerifyElementPresentKeyword.verifyElementPresent(VerifyElementPresentKeyword.groovy:92)
	at com.kms.katalon.core.webui.keyword.builtin.VerifyElementPresentKeyword.execute(VerifyElementPresentKeyword.groovy:68)
	at com.kms.katalon.core.keyword.internal.KeywordExecutor.executeKeywordForPlatform(KeywordExecutor.groovy:74)
	at com.kms.katalon.core.webui.keyword.WebUiBuiltInKeywords.verifyElementPresent(WebUiBuiltInKeywords.groovy:1464)
	at com.kms.katalon.core.webui.keyword.WebUiBuiltInKeywords$verifyElementPresent$1.call(Unknown Source)
	at TC-PS-005.run(TC-PS-005:49)
	at com.kms.katalon.core.main.ScriptEngine.run(ScriptEngine.java:194)
	at com.kms.katalon.core.main.ScriptEngine.runScriptAsRawText(ScriptEngine.java:119)
	at com.kms.katalon.core.main.TestCaseExecutor.runScript(TestCaseExecutor.java:448)
	at com.kms.katalon.core.main.TestCaseExecutor.doExecute(TestCaseExecutor.java:439)
	at com.kms.katalon.core.main.TestCaseExecutor.processExecutionPhase(TestCaseExecutor.java:418)
	at com.kms.katalon.core.main.TestCaseExecutor.accessMainPhase(TestCaseExecutor.java:410)
	at com.kms.katalon.core.main.TestCaseExecutor.execute(TestCaseExecutor.java:285)
	at com.kms.katalon.core.common.CommonExecutor.accessTestCaseMainPhase(CommonExecutor.java:65)
	at com.kms.katalon.core.main.TestSuiteExecutor.accessTestSuiteMainPhase(TestSuiteExecutor.java:148)
	at com.kms.katalon.core.main.TestSuiteExecutor.execute(TestSuiteExecutor.java:106)
	at com.kms.katalon.core.main.TestCaseMain.startTestSuite(TestCaseMain.java:187)
	at com.kms.katalon.core.main.TestCaseMain$startTestSuite$0.call(Unknown Source)
	at TempTestSuite1696498335026.run(TempTestSuite1696498335026.groovy:36)
Caused by: com.kms.katalon.core.exception.StepFailedException: com.kms.katalon.core.webui.exception.WebElementNotFoundException: Web element with id: 'Object Repository/Pendaftaran/verifikasi berhasil daftar' located by '(.//*[normalize-space(text()) and normalize-space(.)='Simpan Perubahan'])[1]/following::center[1]' not found
	at com.kms.katalon.core.webui.keyword.internal.WebUIKeywordMain.stepFailed(WebUIKeywordMain.groovy:64)
	at com.kms.katalon.core.webui.keyword.builtin.VerifyElementPresentKeyword$_verifyElementPresent_closure1.doCall(VerifyElementPresentKeyword.groovy:85)
	at com.kms.katalon.core.webui.keyword.builtin.VerifyElementPresentKeyword$_verifyElementPresent_closure1.call(VerifyElementPresentKeyword.groovy)
	at com.kms.katalon.core.webui.keyword.internal.WebUIKeywordMain.runKeyword(WebUIKeywordMain.groovy:20)
	... 19 more
)

2023-10-05 16:33:55 - [MESSAGE][WARNING] - Timeout '0' is invalid. Using default page load timeout: '30'

2023-10-05 16:34:26 - [MESSAGE][INFO] - Unable to find the element located by 'By.xpath: (.//*[normalize-space(text()) and normalize-space(.)='Simpan Perubahan'])[1]/following::center[1]'. Please recheck the objects properties to make sure the desired element is located. 

2023-10-05 16:34:27 - [MESSAGE][FAILED] - com.kms.katalon.core.webui.exception.WebElementNotFoundException: Web element with id: 'Object Repository/Pendaftaran/verifikasi berhasil daftar' located by '(.//*[normalize-space(text()) and normalize-space(.)='Simpan Perubahan'])[1]/following::center[1]' not found (Root cause: com.kms.katalon.core.exception.StepFailedException: com.kms.katalon.core.webui.exception.WebElementNotFoundException: Web element with id: 'Object Repository/Pendaftaran/verifikasi berhasil daftar' located by '(.//*[normalize-space(text()) and normalize-space(.)='Simpan Perubahan'])[1]/following::center[1]' not found
	at com.kms.katalon.core.webui.keyword.internal.WebUIKeywordMain.stepFailed(WebUIKeywordMain.groovy:64)
	at com.kms.katalon.core.webui.keyword.builtin.VerifyElementPresentKeyword$_verifyElementPresent_closure1.doCall(VerifyElementPresentKeyword.groovy:85)
	at com.kms.katalon.core.webui.keyword.builtin.VerifyElementPresentKeyword$_verifyElementPresent_closure1.call(VerifyElementPresentKeyword.groovy)
	at com.kms.katalon.core.webui.keyword.internal.WebUIKeywordMain.runKeyword(WebUIKeywordMain.groovy:20)
	at com.kms.katalon.core.webui.keyword.builtin.VerifyElementPresentKeyword.verifyElementPresent(VerifyElementPresentKeyword.groovy:92)
	at com.kms.katalon.core.webui.keyword.builtin.VerifyElementPresentKeyword.execute(VerifyElementPresentKeyword.groovy:68)
	at com.kms.katalon.core.keyword.internal.KeywordExecutor.executeKeywordForPlatform(KeywordExecutor.groovy:74)
	at com.kms.katalon.core.webui.keyword.WebUiBuiltInKeywords.verifyElementPresent(WebUiBuiltInKeywords.groovy:1464)
	at com.kms.katalon.core.webui.keyword.WebUiBuiltInKeywords$verifyElementPresent$1.call(Unknown Source)
	at TC-PS-005.run(TC-PS-005:49)
	at com.kms.katalon.core.main.ScriptEngine.run(ScriptEngine.java:194)
	at com.kms.katalon.core.main.ScriptEngine.runScriptAsRawText(ScriptEngine.java:119)
	at com.kms.katalon.core.main.TestCaseExecutor.runScript(TestCaseExecutor.java:448)
	at com.kms.katalon.core.main.TestCaseExecutor.doExecute(TestCaseExecutor.java:439)
	at com.kms.katalon.core.main.TestCaseExecutor.processExecutionPhase(TestCaseExecutor.java:418)
	at com.kms.katalon.core.main.TestCaseExecutor.accessMainPhase(TestCaseExecutor.java:410)
	at com.kms.katalon.core.main.TestCaseExecutor.execute(TestCaseExecutor.java:285)
	at com.kms.katalon.core.common.CommonExecutor.accessTestCaseMainPhase(CommonExecutor.java:65)
	at com.kms.katalon.core.main.TestSuiteExecutor.accessTestSuiteMainPhase(TestSuiteExecutor.java:148)
	at com.kms.katalon.core.main.TestSuiteExecutor.execute(TestSuiteExecutor.java:106)
	at com.kms.katalon.core.main.TestCaseMain.startTestSuite(TestCaseMain.java:187)
	at com.kms.katalon.core.main.TestCaseMain$startTestSuite$0.call(Unknown Source)
	at TempTestSuite1696498335026.run(TempTestSuite1696498335026.groovy:36)
)
[[ATTACHMENT|F:\\bootcamp\\Miniproject\\Tajalapak\\Reports\\20231005_163214\\T08-Pendaftaran\\20231005_163215\\1696498466452.png]]

2023-10-05 16:34:27 - [MESSAGE][FAILED] - Unable to verify object 'Object Repository/Pendaftaran/verifikasi berhasil daftar' is present (Root cause: com.kms.katalon.core.exception.StepFailedException: Unable to verify object 'Object Repository/Pendaftaran/verifikasi berhasil daftar' is present
	at com.kms.katalon.core.webui.keyword.internal.WebUIKeywordMain.stepFailed(WebUIKeywordMain.groovy:64)
	at com.kms.katalon.core.webui.keyword.internal.WebUIKeywordMain.runKeyword(WebUIKeywordMain.groovy:26)
	at com.kms.katalon.core.webui.keyword.builtin.VerifyElementPresentKeyword.verifyElementPresent(VerifyElementPresentKeyword.groovy:92)
	at com.kms.katalon.core.webui.keyword.builtin.VerifyElementPresentKeyword.execute(VerifyElementPresentKeyword.groovy:68)
	at com.kms.katalon.core.keyword.internal.KeywordExecutor.executeKeywordForPlatform(KeywordExecutor.groovy:74)
	at com.kms.katalon.core.webui.keyword.WebUiBuiltInKeywords.verifyElementPresent(WebUiBuiltInKeywords.groovy:1464)
	at com.kms.katalon.core.webui.keyword.WebUiBuiltInKeywords$verifyElementPresent$1.call(Unknown Source)
	at TC-PS-005.run(TC-PS-005:49)
	at com.kms.katalon.core.main.ScriptEngine.run(ScriptEngine.java:194)
	at com.kms.katalon.core.main.ScriptEngine.runScriptAsRawText(ScriptEngine.java:119)
	at com.kms.katalon.core.main.TestCaseExecutor.runScript(TestCaseExecutor.java:448)
	at com.kms.katalon.core.main.TestCaseExecutor.doExecute(TestCaseExecutor.java:439)
	at com.kms.katalon.core.main.TestCaseExecutor.processExecutionPhase(TestCaseExecutor.java:418)
	at com.kms.katalon.core.main.TestCaseExecutor.accessMainPhase(TestCaseExecutor.java:410)
	at com.kms.katalon.core.main.TestCaseExecutor.execute(TestCaseExecutor.java:285)
	at com.kms.katalon.core.common.CommonExecutor.accessTestCaseMainPhase(CommonExecutor.java:65)
	at com.kms.katalon.core.main.TestSuiteExecutor.accessTestSuiteMainPhase(TestSuiteExecutor.java:148)
	at com.kms.katalon.core.main.TestSuiteExecutor.execute(TestSuiteExecutor.java:106)
	at com.kms.katalon.core.main.TestCaseMain.startTestSuite(TestCaseMain.java:187)
	at com.kms.katalon.core.main.TestCaseMain$startTestSuite$0.call(Unknown Source)
	at TempTestSuite1696498335026.run(TempTestSuite1696498335026.groovy:36)
Caused by: com.kms.katalon.core.exception.StepFailedException: com.kms.katalon.core.webui.exception.WebElementNotFoundException: Web element with id: 'Object Repository/Pendaftaran/verifikasi berhasil daftar' located by '(.//*[normalize-space(text()) and normalize-space(.)='Simpan Perubahan'])[1]/following::center[1]' not found
	at com.kms.katalon.core.webui.keyword.internal.WebUIKeywordMain.stepFailed(WebUIKeywordMain.groovy:64)
	at com.kms.katalon.core.webui.keyword.builtin.VerifyElementPresentKeyword$_verifyElementPresent_closure1.doCall(VerifyElementPresentKeyword.groovy:85)
	at com.kms.katalon.core.webui.keyword.builtin.VerifyElementPresentKeyword$_verifyElementPresent_closure1.call(VerifyElementPresentKeyword.groovy)
	at com.kms.katalon.core.webui.keyword.internal.WebUIKeywordMain.runKeyword(WebUIKeywordMain.groovy:20)
	... 19 more
)
[[ATTACHMENT|F:\\bootcamp\\Miniproject\\Tajalapak\\Reports\\20231005_163214\\T08-Pendaftaran\\20231005_163215\\1696498467347.png]]]]></system-out>
         <system-err><![CDATA[2023-10-05 16:33:42 - [TEST_CASE][FAILED] - Test Cases/T08 - Pendaftaran/TC-PS-005: Test Cases/T08 - Pendaftaran/TC-PS-005 FAILED.
Reason:
com.kms.katalon.core.exception.StepFailedException: Unable to verify object 'Object Repository/Pendaftaran/verifikasi berhasil daftar' is present
	at com.kms.katalon.core.webui.keyword.internal.WebUIKeywordMain.stepFailed(WebUIKeywordMain.groovy:64)
	at com.kms.katalon.core.webui.keyword.internal.WebUIKeywordMain.runKeyword(WebUIKeywordMain.groovy:26)
	at com.kms.katalon.core.webui.keyword.builtin.VerifyElementPresentKeyword.verifyElementPresent(VerifyElementPresentKeyword.groovy:92)
	at com.kms.katalon.core.webui.keyword.builtin.VerifyElementPresentKeyword.execute(VerifyElementPresentKeyword.groovy:68)
	at com.kms.katalon.core.keyword.internal.KeywordExecutor.executeKeywordForPlatform(KeywordExecutor.groovy:74)
	at com.kms.katalon.core.webui.keyword.WebUiBuiltInKeywords.verifyElementPresent(WebUiBuiltInKeywords.groovy:1464)
	at com.kms.katalon.core.webui.keyword.WebUiBuiltInKeywords$verifyElementPresent$1.call(Unknown Source)
	at TC-PS-005.run(TC-PS-005:49)
	at com.kms.katalon.core.main.ScriptEngine.run(ScriptEngine.java:194)
	at com.kms.katalon.core.main.ScriptEngine.runScriptAsRawText(ScriptEngine.java:119)
	at com.kms.katalon.core.main.TestCaseExecutor.runScript(TestCaseExecutor.java:448)
	at com.kms.katalon.core.main.TestCaseExecutor.doExecute(TestCaseExecutor.java:439)
	at com.kms.katalon.core.main.TestCaseExecutor.processExecutionPhase(TestCaseExecutor.java:418)
	at com.kms.katalon.core.main.TestCaseExecutor.accessMainPhase(TestCaseExecutor.java:410)
	at com.kms.katalon.core.main.TestCaseExecutor.execute(TestCaseExecutor.java:285)
	at com.kms.katalon.core.common.CommonExecutor.accessTestCaseMainPhase(CommonExecutor.java:65)
	at com.kms.katalon.core.main.TestSuiteExecutor.accessTestSuiteMainPhase(TestSuiteExecutor.java:148)
	at com.kms.katalon.core.main.TestSuiteExecutor.execute(TestSuiteExecutor.java:106)
	at com.kms.katalon.core.main.TestCaseMain.startTestSuite(TestCaseMain.java:187)
	at com.kms.katalon.core.main.TestCaseMain$startTestSuite$0.call(Unknown Source)
	at TempTestSuite1696498335026.run(TempTestSuite1696498335026.groovy:36)
Caused by: com.kms.katalon.core.exception.StepFailedException: com.kms.katalon.core.webui.exception.WebElementNotFoundException: Web element with id: 'Object Repository/Pendaftaran/verifikasi berhasil daftar' located by '(.//*[normalize-space(text()) and normalize-space(.)='Simpan Perubahan'])[1]/following::center[1]' not found
	at com.kms.katalon.core.webui.keyword.internal.WebUIKeywordMain.stepFailed(WebUIKeywordMain.groovy:64)
	at com.kms.katalon.core.webui.keyword.builtin.VerifyElementPresentKeyword$_verifyElementPresent_closure1.doCall(VerifyElementPresentKeyword.groovy:85)
	at com.kms.katalon.core.webui.keyword.builtin.VerifyElementPresentKeyword$_verifyElementPresent_closure1.call(VerifyElementPresentKeyword.groovy)
	at com.kms.katalon.core.webui.keyword.internal.WebUIKeywordMain.runKeyword(WebUIKeywordMain.groovy:20)
	... 19 more]]></system-err>
      </testcase>
      <testcase name="Test Cases/T08 - Pendaftaran/TC-PS-006" time="47.017" classname="Test Cases/T08 - Pendaftaran/TC-PS-006" status="FAILED">
         <failure type="FAILED" message="Test Cases/T08 - Pendaftaran/TC-PS-006 FAILED.
Reason:
com.kms.katalon.core.exception.StepFailedException: Unable to verify object 'Object Repository/Pendaftaran/verifikasi berhasil daftar' is present
	at com.kms.katalon.core.webui.keyword.internal.WebUIKeywordMain.stepFailed(WebUIKeywordMain.groovy:64)
	at com.kms.katalon.core.webui.keyword.internal.WebUIKeywordMain.runKeyword(WebUIKeywordMain.groovy:26)
	at com.kms.katalon.core.webui.keyword.builtin.VerifyElementPresentKeyword.verifyElementPresent(VerifyElementPresentKeyword.groovy:92)
	at com.kms.katalon.core.webui.keyword.builtin.VerifyElementPresentKeyword.execute(VerifyElementPresentKeyword.groovy:68)
	at com.kms.katalon.core.keyword.internal.KeywordExecutor.executeKeywordForPlatform(KeywordExecutor.groovy:74)
	at com.kms.katalon.core.webui.keyword.WebUiBuiltInKeywords.verifyElementPresent(WebUiBuiltInKeywords.groovy:1464)
	at com.kms.katalon.core.webui.keyword.WebUiBuiltInKeywords$verifyElementPresent$1.call(Unknown Source)
	at TC-PS-006.run(TC-PS-006:49)
	at com.kms.katalon.core.main.ScriptEngine.run(ScriptEngine.java:194)
	at com.kms.katalon.core.main.ScriptEngine.runScriptAsRawText(ScriptEngine.java:119)
	at com.kms.katalon.core.main.TestCaseExecutor.runScript(TestCaseExecutor.java:448)
	at com.kms.katalon.core.main.TestCaseExecutor.doExecute(TestCaseExecutor.java:439)
	at com.kms.katalon.core.main.TestCaseExecutor.processExecutionPhase(TestCaseExecutor.java:418)
	at com.kms.katalon.core.main.TestCaseExecutor.accessMainPhase(TestCaseExecutor.java:410)
	at com.kms.katalon.core.main.TestCaseExecutor.execute(TestCaseExecutor.java:285)
	at com.kms.katalon.core.common.CommonExecutor.accessTestCaseMainPhase(CommonExecutor.java:65)
	at com.kms.katalon.core.main.TestSuiteExecutor.accessTestSuiteMainPhase(TestSuiteExecutor.java:148)
	at com.kms.katalon.core.main.TestSuiteExecutor.execute(TestSuiteExecutor.java:106)
	at com.kms.katalon.core.main.TestCaseMain.startTestSuite(TestCaseMain.java:187)
	at com.kms.katalon.core.main.TestCaseMain$startTestSuite$0.call(Unknown Source)
	at TempTestSuite1696498335026.run(TempTestSuite1696498335026.groovy:36)
Caused by: com.kms.katalon.core.exception.StepFailedException: com.kms.katalon.core.webui.exception.WebElementNotFoundException: Web element with id: 'Object Repository/Pendaftaran/verifikasi berhasil daftar' located by '(.//*[normalize-space(text()) and normalize-space(.)='Simpan Perubahan'])[1]/following::center[1]' not found
	at com.kms.katalon.core.webui.keyword.internal.WebUIKeywordMain.stepFailed(WebUIKeywordMain.groovy:64)
	at com.kms.katalon.core.webui.keyword.builtin.VerifyElementPresentKeyword$_verifyElementPresent_closure1.doCall(VerifyElementPresentKeyword.groovy:85)
	at com.kms.katalon.core.webui.keyword.builtin.VerifyElementPresentKeyword$_verifyElementPresent_closure1.call(VerifyElementPresentKeyword.groovy)
	at com.kms.katalon.core.webui.keyword.internal.WebUIKeywordMain.runKeyword(WebUIKeywordMain.groovy:20)
	... 19 more
"/>
         <system-out><![CDATA[2023-10-05 16:34:27 - [TEST_CASE][FAILED] - Test Cases/T08 - Pendaftaran/TC-PS-006: Test Cases/T08 - Pendaftaran/TC-PS-006 FAILED.
Reason:
com.kms.katalon.core.exception.StepFailedException: Unable to verify object 'Object Repository/Pendaftaran/verifikasi berhasil daftar' is present
	at com.kms.katalon.core.webui.keyword.internal.WebUIKeywordMain.stepFailed(WebUIKeywordMain.groovy:64)
	at com.kms.katalon.core.webui.keyword.internal.WebUIKeywordMain.runKeyword(WebUIKeywordMain.groovy:26)
	at com.kms.katalon.core.webui.keyword.builtin.VerifyElementPresentKeyword.verifyElementPresent(VerifyElementPresentKeyword.groovy:92)
	at com.kms.katalon.core.webui.keyword.builtin.VerifyElementPresentKeyword.execute(VerifyElementPresentKeyword.groovy:68)
	at com.kms.katalon.core.keyword.internal.KeywordExecutor.executeKeywordForPlatform(KeywordExecutor.groovy:74)
	at com.kms.katalon.core.webui.keyword.WebUiBuiltInKeywords.verifyElementPresent(WebUiBuiltInKeywords.groovy:1464)
	at com.kms.katalon.core.webui.keyword.WebUiBuiltInKeywords$verifyElementPresent$1.call(Unknown Source)
	at TC-PS-006.run(TC-PS-006:49)
	at com.kms.katalon.core.main.ScriptEngine.run(ScriptEngine.java:194)
	at com.kms.katalon.core.main.ScriptEngine.runScriptAsRawText(ScriptEngine.java:119)
	at com.kms.katalon.core.main.TestCaseExecutor.runScript(TestCaseExecutor.java:448)
	at com.kms.katalon.core.main.TestCaseExecutor.doExecute(TestCaseExecutor.java:439)
	at com.kms.katalon.core.main.TestCaseExecutor.processExecutionPhase(TestCaseExecutor.java:418)
	at com.kms.katalon.core.main.TestCaseExecutor.accessMainPhase(TestCaseExecutor.java:410)
	at com.kms.katalon.core.main.TestCaseExecutor.execute(TestCaseExecutor.java:285)
	at com.kms.katalon.core.common.CommonExecutor.accessTestCaseMainPhase(CommonExecutor.java:65)
	at com.kms.katalon.core.main.TestSuiteExecutor.accessTestSuiteMainPhase(TestSuiteExecutor.java:148)
	at com.kms.katalon.core.main.TestSuiteExecutor.execute(TestSuiteExecutor.java:106)
	at com.kms.katalon.core.main.TestCaseMain.startTestSuite(TestCaseMain.java:187)
	at com.kms.katalon.core.main.TestCaseMain$startTestSuite$0.call(Unknown Source)
	at TempTestSuite1696498335026.run(TempTestSuite1696498335026.groovy:36)
Caused by: com.kms.katalon.core.exception.StepFailedException: com.kms.katalon.core.webui.exception.WebElementNotFoundException: Web element with id: 'Object Repository/Pendaftaran/verifikasi berhasil daftar' located by '(.//*[normalize-space(text()) and normalize-space(.)='Simpan Perubahan'])[1]/following::center[1]' not found
	at com.kms.katalon.core.webui.keyword.internal.WebUIKeywordMain.stepFailed(WebUIKeywordMain.groovy:64)
	at com.kms.katalon.core.webui.keyword.builtin.VerifyElementPresentKeyword$_verifyElementPresent_closure1.doCall(VerifyElementPresentKeyword.groovy:85)
	at com.kms.katalon.core.webui.keyword.builtin.VerifyElementPresentKeyword$_verifyElementPresent_closure1.call(VerifyElementPresentKeyword.groovy)
	at com.kms.katalon.core.webui.keyword.internal.WebUIKeywordMain.runKeyword(WebUIKeywordMain.groovy:20)
	... 19 more


2023-10-05 16:34:28 - [TEST_STEP][PASSED] - openBrowser(urlWeb): Browser is opened with url: 'https://10.9.2.63/ecommerce/'

2023-10-05 16:34:28 - [MESSAGE][WARNING] - A browser is already opened. Closing browser and opening a new one

2023-10-05 16:34:30 - [MESSAGE][INFO] - Starting 'Firefox' driver

2023-10-05 16:34:30 - [MESSAGE][INFO] - User set preference: ['args', '[window-size=1500,1000, ignore-certificate-errors, UnexpectedAlertBehaviour=ignore]']

2023-10-05 16:34:30 - [MESSAGE][INFO] - Action delay is set to 0 milliseconds

2023-10-05 16:34:35 - [MESSAGE][PASSED] - Browser is opened with url: 'https://10.9.2.63/ecommerce/'

2023-10-05 16:34:35 - [TEST_STEP][PASSED] - maximizeWindow(): Current window maximized

2023-10-05 16:34:35 - [MESSAGE][PASSED] - Current window maximized

2023-10-05 16:34:35 - [TEST_STEP][PASSED] - verifyElementPresent(findTestObject("verifikasi halaman tajalapak sebelum daftar"), 0): Object 'Object Repository/verifikasi halaman tajalapak sebelum daftar' is present

2023-10-05 16:34:35 - [MESSAGE][WARNING] - Timeout '0' is invalid. Using default page load timeout: '30'

2023-10-05 16:34:36 - [MESSAGE][PASSED] - Object 'Object Repository/verifikasi halaman tajalapak sebelum daftar' is present

2023-10-05 16:34:36 - [TEST_STEP][PASSED] - click(findTestObject("Pendaftaran/button Register")): Object: 'Object Repository/Pendaftaran/button Register' is clicked on

2023-10-05 16:34:37 - [MESSAGE][PASSED] - Object: 'Object Repository/Pendaftaran/button Register' is clicked on

2023-10-05 16:34:37 - [TEST_STEP][PASSED] - verifyElementPresent(findTestObject("Pendaftaran/verifikasi masuk helamaan daftar"), 0): Object 'Object Repository/Pendaftaran/verifikasi masuk helamaan daftar' is present

2023-10-05 16:34:37 - [MESSAGE][WARNING] - Timeout '0' is invalid. Using default page load timeout: '30'

2023-10-05 16:34:38 - [MESSAGE][PASSED] - Object 'Object Repository/Pendaftaran/verifikasi masuk helamaan daftar' is present

2023-10-05 16:34:38 - [TEST_STEP][PASSED] - setText(findTestObject("Pendaftaran/input username"), username): Text 'johun' is set on object 'Object Repository/Pendaftaran/input username'

2023-10-05 16:34:38 - [MESSAGE][PASSED] - Text 'johun' is set on object 'Object Repository/Pendaftaran/input username'

2023-10-05 16:34:38 - [TEST_STEP][PASSED] - setText(findTestObject("Pendaftaran/input email"), email): Text 'johun@gmail.com' is set on object 'Object Repository/Pendaftaran/input email'

2023-10-05 16:34:39 - [MESSAGE][PASSED] - Text 'johun@gmail.com' is set on object 'Object Repository/Pendaftaran/input email'

2023-10-05 16:34:39 - [TEST_STEP][PASSED] - setText(findTestObject("Pendaftaran/input Nomor Telephon"), noHP): Text '(08)1313131212' is set on object 'Object Repository/Pendaftaran/input Nomor Telephon'

2023-10-05 16:34:40 - [MESSAGE][PASSED] - Text '(08)1313131212' is set on object 'Object Repository/Pendaftaran/input Nomor Telephon'

2023-10-05 16:34:40 - [TEST_STEP][PASSED] - if (toString().equalsIgnoreCase("Perempuan")): null

2023-10-05 16:34:40 - [TEST_STEP][PASSED] - else if (toString().equalsIgnoreCase("Laki-laki")): Object 'Object Repository/Pendaftaran/pilihan Pria' is checked

2023-10-05 16:34:40 - [TEST_STEP][PASSED] - check(findTestObject("Object Repository/Pendaftaran/pilihan Pria")): Object 'Object Repository/Pendaftaran/pilihan Pria' is checked

2023-10-05 16:34:40 - [MESSAGE][PASSED] - Object 'Object Repository/Pendaftaran/pilihan Pria' is checked

2023-10-05 16:34:40 - [TEST_STEP][PASSED] - setEncryptedText(findTestObject("Pendaftaran/input password"), "8MbLm3cRDkc/jsWL6sX6LA=="): Text ****** has been set on object 'Object Repository/Pendaftaran/input password'

2023-10-05 16:34:41 - [MESSAGE][PASSED] - Text ****** has been set on object 'Object Repository/Pendaftaran/input password'

2023-10-05 16:34:41 - [TEST_STEP][PASSED] - setEncryptedText(findTestObject("Pendaftaran/input konfirmasi password"), "8MbLm3cRDkc/jsWL6sX6LA=="): Text ****** has been set on object 'Object Repository/Pendaftaran/input konfirmasi password'

2023-10-05 16:34:41 - [MESSAGE][PASSED] - Text ****** has been set on object 'Object Repository/Pendaftaran/input konfirmasi password'

2023-10-05 16:34:41 - [TEST_STEP][PASSED] - click(findTestObject("Pendaftaran/button_Daftar")): Object: 'Object Repository/Pendaftaran/button_Daftar' is clicked on

2023-10-05 16:34:42 - [MESSAGE][PASSED] - Object: 'Object Repository/Pendaftaran/button_Daftar' is clicked on

2023-10-05 16:34:42 - [TEST_STEP][FAILED] - verifyElementPresent(findTestObject("Pendaftaran/verifikasi berhasil daftar"), 0): Unable to verify object 'Object Repository/Pendaftaran/verifikasi berhasil daftar' is present (Root cause: com.kms.katalon.core.exception.StepFailedException: Unable to verify object 'Object Repository/Pendaftaran/verifikasi berhasil daftar' is present
	at com.kms.katalon.core.webui.keyword.internal.WebUIKeywordMain.stepFailed(WebUIKeywordMain.groovy:64)
	at com.kms.katalon.core.webui.keyword.internal.WebUIKeywordMain.runKeyword(WebUIKeywordMain.groovy:26)
	at com.kms.katalon.core.webui.keyword.builtin.VerifyElementPresentKeyword.verifyElementPresent(VerifyElementPresentKeyword.groovy:92)
	at com.kms.katalon.core.webui.keyword.builtin.VerifyElementPresentKeyword.execute(VerifyElementPresentKeyword.groovy:68)
	at com.kms.katalon.core.keyword.internal.KeywordExecutor.executeKeywordForPlatform(KeywordExecutor.groovy:74)
	at com.kms.katalon.core.webui.keyword.WebUiBuiltInKeywords.verifyElementPresent(WebUiBuiltInKeywords.groovy:1464)
	at com.kms.katalon.core.webui.keyword.WebUiBuiltInKeywords$verifyElementPresent$1.call(Unknown Source)
	at TC-PS-006.run(TC-PS-006:49)
	at com.kms.katalon.core.main.ScriptEngine.run(ScriptEngine.java:194)
	at com.kms.katalon.core.main.ScriptEngine.runScriptAsRawText(ScriptEngine.java:119)
	at com.kms.katalon.core.main.TestCaseExecutor.runScript(TestCaseExecutor.java:448)
	at com.kms.katalon.core.main.TestCaseExecutor.doExecute(TestCaseExecutor.java:439)
	at com.kms.katalon.core.main.TestCaseExecutor.processExecutionPhase(TestCaseExecutor.java:418)
	at com.kms.katalon.core.main.TestCaseExecutor.accessMainPhase(TestCaseExecutor.java:410)
	at com.kms.katalon.core.main.TestCaseExecutor.execute(TestCaseExecutor.java:285)
	at com.kms.katalon.core.common.CommonExecutor.accessTestCaseMainPhase(CommonExecutor.java:65)
	at com.kms.katalon.core.main.TestSuiteExecutor.accessTestSuiteMainPhase(TestSuiteExecutor.java:148)
	at com.kms.katalon.core.main.TestSuiteExecutor.execute(TestSuiteExecutor.java:106)
	at com.kms.katalon.core.main.TestCaseMain.startTestSuite(TestCaseMain.java:187)
	at com.kms.katalon.core.main.TestCaseMain$startTestSuite$0.call(Unknown Source)
	at TempTestSuite1696498335026.run(TempTestSuite1696498335026.groovy:36)
Caused by: com.kms.katalon.core.exception.StepFailedException: com.kms.katalon.core.webui.exception.WebElementNotFoundException: Web element with id: 'Object Repository/Pendaftaran/verifikasi berhasil daftar' located by '(.//*[normalize-space(text()) and normalize-space(.)='Simpan Perubahan'])[1]/following::center[1]' not found
	at com.kms.katalon.core.webui.keyword.internal.WebUIKeywordMain.stepFailed(WebUIKeywordMain.groovy:64)
	at com.kms.katalon.core.webui.keyword.builtin.VerifyElementPresentKeyword$_verifyElementPresent_closure1.doCall(VerifyElementPresentKeyword.groovy:85)
	at com.kms.katalon.core.webui.keyword.builtin.VerifyElementPresentKeyword$_verifyElementPresent_closure1.call(VerifyElementPresentKeyword.groovy)
	at com.kms.katalon.core.webui.keyword.internal.WebUIKeywordMain.runKeyword(WebUIKeywordMain.groovy:20)
	... 19 more
)

2023-10-05 16:34:42 - [MESSAGE][WARNING] - Timeout '0' is invalid. Using default page load timeout: '30'

2023-10-05 16:35:13 - [MESSAGE][INFO] - Unable to find the element located by 'By.xpath: (.//*[normalize-space(text()) and normalize-space(.)='Simpan Perubahan'])[1]/following::center[1]'. Please recheck the objects properties to make sure the desired element is located. 

2023-10-05 16:35:14 - [MESSAGE][FAILED] - com.kms.katalon.core.webui.exception.WebElementNotFoundException: Web element with id: 'Object Repository/Pendaftaran/verifikasi berhasil daftar' located by '(.//*[normalize-space(text()) and normalize-space(.)='Simpan Perubahan'])[1]/following::center[1]' not found (Root cause: com.kms.katalon.core.exception.StepFailedException: com.kms.katalon.core.webui.exception.WebElementNotFoundException: Web element with id: 'Object Repository/Pendaftaran/verifikasi berhasil daftar' located by '(.//*[normalize-space(text()) and normalize-space(.)='Simpan Perubahan'])[1]/following::center[1]' not found
	at com.kms.katalon.core.webui.keyword.internal.WebUIKeywordMain.stepFailed(WebUIKeywordMain.groovy:64)
	at com.kms.katalon.core.webui.keyword.builtin.VerifyElementPresentKeyword$_verifyElementPresent_closure1.doCall(VerifyElementPresentKeyword.groovy:85)
	at com.kms.katalon.core.webui.keyword.builtin.VerifyElementPresentKeyword$_verifyElementPresent_closure1.call(VerifyElementPresentKeyword.groovy)
	at com.kms.katalon.core.webui.keyword.internal.WebUIKeywordMain.runKeyword(WebUIKeywordMain.groovy:20)
	at com.kms.katalon.core.webui.keyword.builtin.VerifyElementPresentKeyword.verifyElementPresent(VerifyElementPresentKeyword.groovy:92)
	at com.kms.katalon.core.webui.keyword.builtin.VerifyElementPresentKeyword.execute(VerifyElementPresentKeyword.groovy:68)
	at com.kms.katalon.core.keyword.internal.KeywordExecutor.executeKeywordForPlatform(KeywordExecutor.groovy:74)
	at com.kms.katalon.core.webui.keyword.WebUiBuiltInKeywords.verifyElementPresent(WebUiBuiltInKeywords.groovy:1464)
	at com.kms.katalon.core.webui.keyword.WebUiBuiltInKeywords$verifyElementPresent$1.call(Unknown Source)
	at TC-PS-006.run(TC-PS-006:49)
	at com.kms.katalon.core.main.ScriptEngine.run(ScriptEngine.java:194)
	at com.kms.katalon.core.main.ScriptEngine.runScriptAsRawText(ScriptEngine.java:119)
	at com.kms.katalon.core.main.TestCaseExecutor.runScript(TestCaseExecutor.java:448)
	at com.kms.katalon.core.main.TestCaseExecutor.doExecute(TestCaseExecutor.java:439)
	at com.kms.katalon.core.main.TestCaseExecutor.processExecutionPhase(TestCaseExecutor.java:418)
	at com.kms.katalon.core.main.TestCaseExecutor.accessMainPhase(TestCaseExecutor.java:410)
	at com.kms.katalon.core.main.TestCaseExecutor.execute(TestCaseExecutor.java:285)
	at com.kms.katalon.core.common.CommonExecutor.accessTestCaseMainPhase(CommonExecutor.java:65)
	at com.kms.katalon.core.main.TestSuiteExecutor.accessTestSuiteMainPhase(TestSuiteExecutor.java:148)
	at com.kms.katalon.core.main.TestSuiteExecutor.execute(TestSuiteExecutor.java:106)
	at com.kms.katalon.core.main.TestCaseMain.startTestSuite(TestCaseMain.java:187)
	at com.kms.katalon.core.main.TestCaseMain$startTestSuite$0.call(Unknown Source)
	at TempTestSuite1696498335026.run(TempTestSuite1696498335026.groovy:36)
)
[[ATTACHMENT|F:\\bootcamp\\Miniproject\\Tajalapak\\Reports\\20231005_163214\\T08-Pendaftaran\\20231005_163215\\1696498513864.png]]

2023-10-05 16:35:14 - [MESSAGE][FAILED] - Unable to verify object 'Object Repository/Pendaftaran/verifikasi berhasil daftar' is present (Root cause: com.kms.katalon.core.exception.StepFailedException: Unable to verify object 'Object Repository/Pendaftaran/verifikasi berhasil daftar' is present
	at com.kms.katalon.core.webui.keyword.internal.WebUIKeywordMain.stepFailed(WebUIKeywordMain.groovy:64)
	at com.kms.katalon.core.webui.keyword.internal.WebUIKeywordMain.runKeyword(WebUIKeywordMain.groovy:26)
	at com.kms.katalon.core.webui.keyword.builtin.VerifyElementPresentKeyword.verifyElementPresent(VerifyElementPresentKeyword.groovy:92)
	at com.kms.katalon.core.webui.keyword.builtin.VerifyElementPresentKeyword.execute(VerifyElementPresentKeyword.groovy:68)
	at com.kms.katalon.core.keyword.internal.KeywordExecutor.executeKeywordForPlatform(KeywordExecutor.groovy:74)
	at com.kms.katalon.core.webui.keyword.WebUiBuiltInKeywords.verifyElementPresent(WebUiBuiltInKeywords.groovy:1464)
	at com.kms.katalon.core.webui.keyword.WebUiBuiltInKeywords$verifyElementPresent$1.call(Unknown Source)
	at TC-PS-006.run(TC-PS-006:49)
	at com.kms.katalon.core.main.ScriptEngine.run(ScriptEngine.java:194)
	at com.kms.katalon.core.main.ScriptEngine.runScriptAsRawText(ScriptEngine.java:119)
	at com.kms.katalon.core.main.TestCaseExecutor.runScript(TestCaseExecutor.java:448)
	at com.kms.katalon.core.main.TestCaseExecutor.doExecute(TestCaseExecutor.java:439)
	at com.kms.katalon.core.main.TestCaseExecutor.processExecutionPhase(TestCaseExecutor.java:418)
	at com.kms.katalon.core.main.TestCaseExecutor.accessMainPhase(TestCaseExecutor.java:410)
	at com.kms.katalon.core.main.TestCaseExecutor.execute(TestCaseExecutor.java:285)
	at com.kms.katalon.core.common.CommonExecutor.accessTestCaseMainPhase(CommonExecutor.java:65)
	at com.kms.katalon.core.main.TestSuiteExecutor.accessTestSuiteMainPhase(TestSuiteExecutor.java:148)
	at com.kms.katalon.core.main.TestSuiteExecutor.execute(TestSuiteExecutor.java:106)
	at com.kms.katalon.core.main.TestCaseMain.startTestSuite(TestCaseMain.java:187)
	at com.kms.katalon.core.main.TestCaseMain$startTestSuite$0.call(Unknown Source)
	at TempTestSuite1696498335026.run(TempTestSuite1696498335026.groovy:36)
Caused by: com.kms.katalon.core.exception.StepFailedException: com.kms.katalon.core.webui.exception.WebElementNotFoundException: Web element with id: 'Object Repository/Pendaftaran/verifikasi berhasil daftar' located by '(.//*[normalize-space(text()) and normalize-space(.)='Simpan Perubahan'])[1]/following::center[1]' not found
	at com.kms.katalon.core.webui.keyword.internal.WebUIKeywordMain.stepFailed(WebUIKeywordMain.groovy:64)
	at com.kms.katalon.core.webui.keyword.builtin.VerifyElementPresentKeyword$_verifyElementPresent_closure1.doCall(VerifyElementPresentKeyword.groovy:85)
	at com.kms.katalon.core.webui.keyword.builtin.VerifyElementPresentKeyword$_verifyElementPresent_closure1.call(VerifyElementPresentKeyword.groovy)
	at com.kms.katalon.core.webui.keyword.internal.WebUIKeywordMain.runKeyword(WebUIKeywordMain.groovy:20)
	... 19 more
)
[[ATTACHMENT|F:\\bootcamp\\Miniproject\\Tajalapak\\Reports\\20231005_163214\\T08-Pendaftaran\\20231005_163215\\1696498514387.png]]]]></system-out>
         <system-err><![CDATA[2023-10-05 16:34:27 - [TEST_CASE][FAILED] - Test Cases/T08 - Pendaftaran/TC-PS-006: Test Cases/T08 - Pendaftaran/TC-PS-006 FAILED.
Reason:
com.kms.katalon.core.exception.StepFailedException: Unable to verify object 'Object Repository/Pendaftaran/verifikasi berhasil daftar' is present
	at com.kms.katalon.core.webui.keyword.internal.WebUIKeywordMain.stepFailed(WebUIKeywordMain.groovy:64)
	at com.kms.katalon.core.webui.keyword.internal.WebUIKeywordMain.runKeyword(WebUIKeywordMain.groovy:26)
	at com.kms.katalon.core.webui.keyword.builtin.VerifyElementPresentKeyword.verifyElementPresent(VerifyElementPresentKeyword.groovy:92)
	at com.kms.katalon.core.webui.keyword.builtin.VerifyElementPresentKeyword.execute(VerifyElementPresentKeyword.groovy:68)
	at com.kms.katalon.core.keyword.internal.KeywordExecutor.executeKeywordForPlatform(KeywordExecutor.groovy:74)
	at com.kms.katalon.core.webui.keyword.WebUiBuiltInKeywords.verifyElementPresent(WebUiBuiltInKeywords.groovy:1464)
	at com.kms.katalon.core.webui.keyword.WebUiBuiltInKeywords$verifyElementPresent$1.call(Unknown Source)
	at TC-PS-006.run(TC-PS-006:49)
	at com.kms.katalon.core.main.ScriptEngine.run(ScriptEngine.java:194)
	at com.kms.katalon.core.main.ScriptEngine.runScriptAsRawText(ScriptEngine.java:119)
	at com.kms.katalon.core.main.TestCaseExecutor.runScript(TestCaseExecutor.java:448)
	at com.kms.katalon.core.main.TestCaseExecutor.doExecute(TestCaseExecutor.java:439)
	at com.kms.katalon.core.main.TestCaseExecutor.processExecutionPhase(TestCaseExecutor.java:418)
	at com.kms.katalon.core.main.TestCaseExecutor.accessMainPhase(TestCaseExecutor.java:410)
	at com.kms.katalon.core.main.TestCaseExecutor.execute(TestCaseExecutor.java:285)
	at com.kms.katalon.core.common.CommonExecutor.accessTestCaseMainPhase(CommonExecutor.java:65)
	at com.kms.katalon.core.main.TestSuiteExecutor.accessTestSuiteMainPhase(TestSuiteExecutor.java:148)
	at com.kms.katalon.core.main.TestSuiteExecutor.execute(TestSuiteExecutor.java:106)
	at com.kms.katalon.core.main.TestCaseMain.startTestSuite(TestCaseMain.java:187)
	at com.kms.katalon.core.main.TestCaseMain$startTestSuite$0.call(Unknown Source)
	at TempTestSuite1696498335026.run(TempTestSuite1696498335026.groovy:36)
Caused by: com.kms.katalon.core.exception.StepFailedException: com.kms.katalon.core.webui.exception.WebElementNotFoundException: Web element with id: 'Object Repository/Pendaftaran/verifikasi berhasil daftar' located by '(.//*[normalize-space(text()) and normalize-space(.)='Simpan Perubahan'])[1]/following::center[1]' not found
	at com.kms.katalon.core.webui.keyword.internal.WebUIKeywordMain.stepFailed(WebUIKeywordMain.groovy:64)
	at com.kms.katalon.core.webui.keyword.builtin.VerifyElementPresentKeyword$_verifyElementPresent_closure1.doCall(VerifyElementPresentKeyword.groovy:85)
	at com.kms.katalon.core.webui.keyword.builtin.VerifyElementPresentKeyword$_verifyElementPresent_closure1.call(VerifyElementPresentKeyword.groovy)
	at com.kms.katalon.core.webui.keyword.internal.WebUIKeywordMain.runKeyword(WebUIKeywordMain.groovy:20)
	... 19 more]]></system-err>
      </testcase>
      <testcase name="Test Cases/T08 - Pendaftaran/TC-PS-007" time="19.54" classname="Test Cases/T08 - Pendaftaran/TC-PS-007" status="PASSED">
         <system-out><![CDATA[2023-10-05 16:35:14 - [TEST_CASE][PASSED] - Test Cases/T08 - Pendaftaran/TC-PS-007: Test Cases/T08 - Pendaftaran/TC-PS-007

2023-10-05 16:35:15 - [TEST_STEP][PASSED] - openBrowser(urlWeb): Browser is opened with url: 'https://10.9.2.63/ecommerce/'

2023-10-05 16:35:15 - [MESSAGE][WARNING] - A browser is already opened. Closing browser and opening a new one

2023-10-05 16:35:17 - [MESSAGE][INFO] - Starting 'Firefox' driver

2023-10-05 16:35:17 - [MESSAGE][INFO] - User set preference: ['args', '[window-size=1500,1000, ignore-certificate-errors, UnexpectedAlertBehaviour=ignore]']

2023-10-05 16:35:17 - [MESSAGE][INFO] - Action delay is set to 0 milliseconds

2023-10-05 16:35:23 - [MESSAGE][PASSED] - Browser is opened with url: 'https://10.9.2.63/ecommerce/'

2023-10-05 16:35:23 - [TEST_STEP][PASSED] - maximizeWindow(): Current window maximized

2023-10-05 16:35:23 - [MESSAGE][PASSED] - Current window maximized

2023-10-05 16:35:23 - [TEST_STEP][PASSED] - verifyElementPresent(findTestObject("verifikasi halaman tajalapak sebelum daftar"), 0): Object 'Object Repository/verifikasi halaman tajalapak sebelum daftar' is present

2023-10-05 16:35:23 - [MESSAGE][WARNING] - Timeout '0' is invalid. Using default page load timeout: '30'

2023-10-05 16:35:23 - [MESSAGE][PASSED] - Object 'Object Repository/verifikasi halaman tajalapak sebelum daftar' is present

2023-10-05 16:35:23 - [TEST_STEP][PASSED] - click(findTestObject("Pendaftaran/button Register")): Object: 'Object Repository/Pendaftaran/button Register' is clicked on

2023-10-05 16:35:24 - [MESSAGE][PASSED] - Object: 'Object Repository/Pendaftaran/button Register' is clicked on

2023-10-05 16:35:24 - [TEST_STEP][PASSED] - verifyElementPresent(findTestObject("Pendaftaran/verifikasi masuk helamaan daftar"), 0): Object 'Object Repository/Pendaftaran/verifikasi masuk helamaan daftar' is present

2023-10-05 16:35:24 - [MESSAGE][WARNING] - Timeout '0' is invalid. Using default page load timeout: '30'

2023-10-05 16:35:25 - [MESSAGE][PASSED] - Object 'Object Repository/Pendaftaran/verifikasi masuk helamaan daftar' is present

2023-10-05 16:35:25 - [TEST_STEP][PASSED] - setText(findTestObject("Pendaftaran/input username"), usn): Text 'anata72' is set on object 'Object Repository/Pendaftaran/input username'

2023-10-05 16:35:26 - [MESSAGE][PASSED] - Text 'anata72' is set on object 'Object Repository/Pendaftaran/input username'

2023-10-05 16:35:26 - [TEST_STEP][PASSED] - setText(findTestObject("Pendaftaran/input email"), email): Text 'anata72@gmail.com' is set on object 'Object Repository/Pendaftaran/input email'

2023-10-05 16:35:26 - [MESSAGE][PASSED] - Text 'anata72@gmail.com' is set on object 'Object Repository/Pendaftaran/input email'

2023-10-05 16:35:26 - [TEST_STEP][PASSED] - setText(findTestObject("Pendaftaran/input Nomor Telephon"), noHp): Text '+6285643218765' is set on object 'Object Repository/Pendaftaran/input Nomor Telephon'

2023-10-05 16:35:27 - [MESSAGE][PASSED] - Text '+6285643218765' is set on object 'Object Repository/Pendaftaran/input Nomor Telephon'

2023-10-05 16:35:27 - [TEST_STEP][PASSED] - if (toString().equalsIgnoreCase("Perempuan")): Object 'Object Repository/Pendaftaran/pilihan Wanita_jenis_kelamin' is checked

2023-10-05 16:35:27 - [TEST_STEP][PASSED] - check(findTestObject("Pendaftaran/pilihan Wanita_jenis_kelamin")): Object 'Object Repository/Pendaftaran/pilihan Wanita_jenis_kelamin' is checked

2023-10-05 16:35:28 - [MESSAGE][PASSED] - Object 'Object Repository/Pendaftaran/pilihan Wanita_jenis_kelamin' is checked

2023-10-05 16:35:28 - [TEST_STEP][PASSED] - setEncryptedText(findTestObject("Pendaftaran/input password"), "qbkrdMwyWE4="): Text ****** has been set on object 'Object Repository/Pendaftaran/input password'

2023-10-05 16:35:28 - [MESSAGE][PASSED] - Text ****** has been set on object 'Object Repository/Pendaftaran/input password'

2023-10-05 16:35:28 - [TEST_STEP][PASSED] - setEncryptedText(findTestObject("Pendaftaran/input konfirmasi password"), "qbkrdMwyWE4="): Text ****** has been set on object 'Object Repository/Pendaftaran/input konfirmasi password'

2023-10-05 16:35:28 - [MESSAGE][PASSED] - Text ****** has been set on object 'Object Repository/Pendaftaran/input konfirmasi password'

2023-10-05 16:35:28 - [TEST_STEP][PASSED] - click(findTestObject("Pendaftaran/button_Daftar")): Object: 'Object Repository/Pendaftaran/button_Daftar' is clicked on

2023-10-05 16:35:32 - [MESSAGE][PASSED] - Object: 'Object Repository/Pendaftaran/button_Daftar' is clicked on

2023-10-05 16:35:32 - [TEST_STEP][PASSED] - username = getAttribute(findTestObject("Object Repository/Pendaftaran/hasil username NEW"), "value"): Attribute 'value' of object 'Object Repository/Pendaftaran/hasil username NEW' is: 'anata72'

2023-10-05 16:35:32 - [MESSAGE][PASSED] - Attribute 'value' of object 'Object Repository/Pendaftaran/hasil username NEW' is: 'anata72'

2023-10-05 16:35:32 - [TEST_STEP][PASSED] - Email = getAttribute(findTestObject("Object Repository/Pendaftaran/hasil email"), "value"): Attribute 'value' of object 'Object Repository/Pendaftaran/hasil email' is: 'anata72@gmail.com'

2023-10-05 16:35:33 - [MESSAGE][PASSED] - Attribute 'value' of object 'Object Repository/Pendaftaran/hasil email' is: 'anata72@gmail.com'

2023-10-05 16:35:33 - [TEST_STEP][PASSED] - nomorHp = getAttribute(findTestObject("Object Repository/Pendaftaran/hasil nomor hp"), "value"): Attribute 'value' of object 'Object Repository/Pendaftaran/hasil nomor hp' is: '+6285643218765'

2023-10-05 16:35:33 - [MESSAGE][PASSED] - Attribute 'value' of object 'Object Repository/Pendaftaran/hasil nomor hp' is: '+6285643218765'

2023-10-05 16:35:33 - [TEST_STEP][PASSED] - if (toString().equalsIgnoreCase("Perempuan")): Object 'Object Repository/Pendaftaran/input Perempuan' is checked

2023-10-05 16:35:33 - [TEST_STEP][PASSED] - verifyElementChecked(findTestObject("Object Repository/Pendaftaran/input Perempuan"), 2): Object 'Object Repository/Pendaftaran/input Perempuan' is checked

2023-10-05 16:35:34 - [MESSAGE][PASSED] - Object 'Object Repository/Pendaftaran/input Perempuan' is checked

2023-10-05 16:35:34 - [TEST_STEP][PASSED] - assert trim().equalsIgnoreCase(usn.trim()): null

2023-10-05 16:35:34 - [TEST_STEP][PASSED] - assert trim().equalsIgnoreCase(Email.trim()): null

2023-10-05 16:35:34 - [TEST_STEP][PASSED] - assert trim().equalsIgnoreCase(nomorHp.trim()): null]]></system-out>
         <system-err><![CDATA[]]></system-err>
      </testcase>
      <testcase name="Test Cases/T08 - Pendaftaran/TC-PC-001" time="48.141" classname="Test Cases/T08 - Pendaftaran/TC-PC-001" status="PASSED">
         <system-out><![CDATA[2023-10-05 16:35:34 - [TEST_CASE][PASSED] - Test Cases/T08 - Pendaftaran/TC-PC-001: Test Cases/T08 - Pendaftaran/TC-PC-001

2023-10-05 16:35:35 - [TEST_STEP][PASSED] - openBrowser("https://10.9.2.63/ecommerce/administrator/"): Browser is opened with url: 'https://10.9.2.63/ecommerce/administrator/'

2023-10-05 16:35:35 - [MESSAGE][WARNING] - A browser is already opened. Closing browser and opening a new one

2023-10-05 16:35:36 - [MESSAGE][INFO] - Starting 'Firefox' driver

2023-10-05 16:35:36 - [MESSAGE][INFO] - User set preference: ['args', '[window-size=1500,1000, ignore-certificate-errors, UnexpectedAlertBehaviour=ignore]']

2023-10-05 16:35:36 - [MESSAGE][INFO] - Action delay is set to 0 milliseconds

2023-10-05 16:35:40 - [MESSAGE][PASSED] - Browser is opened with url: 'https://10.9.2.63/ecommerce/administrator/'

2023-10-05 16:35:40 - [TEST_STEP][PASSED] - maximizeWindow(): Current window maximized

2023-10-05 16:35:40 - [MESSAGE][PASSED] - Current window maximized

2023-10-05 16:35:40 - [TEST_STEP][PASSED] - verifyElementPresent(findTestObject("halaman admin/verifikasi masuk masuk website admin"), 0): Object 'Object Repository/halaman admin/verifikasi masuk masuk website admin' is present

2023-10-05 16:35:40 - [MESSAGE][WARNING] - Timeout '0' is invalid. Using default page load timeout: '30'

2023-10-05 16:35:40 - [MESSAGE][PASSED] - Object 'Object Repository/halaman admin/verifikasi masuk masuk website admin' is present

2023-10-05 16:35:40 - [TEST_STEP][PASSED] - setText(findTestObject("halaman admin/input_ADMIN_a"), "admin"): Text 'admin' is set on object 'Object Repository/halaman admin/input_ADMIN_a'

2023-10-05 16:35:41 - [MESSAGE][PASSED] - Text 'admin' is set on object 'Object Repository/halaman admin/input_ADMIN_a'

2023-10-05 16:35:41 - [TEST_STEP][PASSED] - setEncryptedText(findTestObject("halaman admin/input_ADMIN_password"), "374mkdZ/lqyNS21oH+MJZQ=="): Text ****** has been set on object 'Object Repository/halaman admin/input_ADMIN_password'

2023-10-05 16:35:42 - [MESSAGE][PASSED] - Text ****** has been set on object 'Object Repository/halaman admin/input_ADMIN_password'

2023-10-05 16:35:42 - [TEST_STEP][PASSED] - delay(10): Delayed 10 second(s)

2023-10-05 16:35:52 - [MESSAGE][PASSED] - Delayed 10 second(s)

2023-10-05 16:35:52 - [TEST_STEP][PASSED] - click(findTestObject("halaman admin/input_login admin")): Object: 'Object Repository/halaman admin/input_login admin' is clicked on

2023-10-05 16:35:53 - [MESSAGE][PASSED] - Object: 'Object Repository/halaman admin/input_login admin' is clicked on

2023-10-05 16:35:53 - [TEST_STEP][PASSED] - click(findTestObject("konsumen/span_Master Market")): Object: 'Object Repository/konsumen/span_Master Market' is clicked on

2023-10-05 16:36:00 - [MESSAGE][PASSED] - Object: 'Object Repository/konsumen/span_Master Market' is clicked on

2023-10-05 16:36:00 - [TEST_STEP][PASSED] - click(findTestObject("konsumen/Konsumen master market")): Object: 'Object Repository/konsumen/Konsumen master market' is clicked on

2023-10-05 16:36:01 - [MESSAGE][PASSED] - Object: 'Object Repository/konsumen/Konsumen master market' is clicked on

2023-10-05 16:36:01 - [TEST_STEP][PASSED] - click(findTestObject("konsumen/search di konsumen")): Object: 'Object Repository/konsumen/search di konsumen' is clicked on

2023-10-05 16:36:07 - [MESSAGE][PASSED] - Object: 'Object Repository/konsumen/search di konsumen' is clicked on

2023-10-05 16:36:07 - [TEST_STEP][PASSED] - setText(findTestObject("konsumen/search di konsumen"), noHP): Text '085643955432' is set on object 'Object Repository/konsumen/search di konsumen'

2023-10-05 16:36:08 - [MESSAGE][PASSED] - Text '085643955432' is set on object 'Object Repository/konsumen/search di konsumen'

2023-10-05 16:36:08 - [TEST_STEP][PASSED] - click(findTestObject("konsumen/edit data konsumen")): Object: 'Object Repository/konsumen/edit data konsumen' is clicked on

2023-10-05 16:36:14 - [MESSAGE][PASSED] - Object: 'Object Repository/konsumen/edit data konsumen' is clicked on

2023-10-05 16:36:14 - [TEST_STEP][PASSED] - user = getAttribute(findTestObject("Object Repository/konsumen/input_Username_bb"), "value"): Attribute 'value' of object 'Object Repository/konsumen/input_Username_bb' is: 'ikana'

2023-10-05 16:36:21 - [MESSAGE][PASSED] - Attribute 'value' of object 'Object Repository/konsumen/input_Username_bb' is: 'ikana'

2023-10-05 16:36:21 - [TEST_STEP][PASSED] - println(user): null

2023-10-05 16:36:21 - [TEST_STEP][PASSED] - mail = getAttribute(findTestObject("Object Repository/konsumen/input_Alamat Email_c"), "value"): Attribute 'value' of object 'Object Repository/konsumen/input_Alamat Email_c' is: 'ikana71@gmail.com'

2023-10-05 16:36:21 - [MESSAGE][PASSED] - Attribute 'value' of object 'Object Repository/konsumen/input_Alamat Email_c' is: 'ikana71@gmail.com'

2023-10-05 16:36:21 - [TEST_STEP][PASSED] - number = getAttribute(findTestObject("Object Repository/konsumen/input_No Hp_k"), "value"): Attribute 'value' of object 'Object Repository/konsumen/input_No Hp_k' is: '085643955432'

2023-10-05 16:36:22 - [MESSAGE][PASSED] - Attribute 'value' of object 'Object Repository/konsumen/input_No Hp_k' is: '085643955432'

2023-10-05 16:36:22 - [TEST_STEP][PASSED] - assert trim().equalsIgnoreCase(username.trim()): null

2023-10-05 16:36:22 - [TEST_STEP][PASSED] - assert trim().equalsIgnoreCase(email.trim()): null

2023-10-05 16:36:22 - [TEST_STEP][PASSED] - assert trim().equalsIgnoreCase(noHP.trim()): null

2023-10-05 16:36:22 - [TEST_STEP][PASSED] - if (toString().equalsIgnoreCase("Perempuan")): null]]></system-out>
         <system-err><![CDATA[]]></system-err>
      </testcase>
      <testcase name="Test Cases/T08 - Pendaftaran/TC-PE-001" time="10.742" classname="Test Cases/T08 - Pendaftaran/TC-PE-001" status="PASSED">
         <system-out><![CDATA[2023-10-05 16:36:22 - [TEST_CASE][PASSED] - Test Cases/T08 - Pendaftaran/TC-PE-001: Test Cases/T08 - Pendaftaran/TC-PE-001

2023-10-05 16:36:23 - [TEST_STEP][PASSED] - openBrowser(urlWeb): Browser is opened with url: 'https://10.9.2.63/ecommerce/'

2023-10-05 16:36:23 - [MESSAGE][WARNING] - A browser is already opened. Closing browser and opening a new one

2023-10-05 16:36:25 - [MESSAGE][INFO] - Starting 'Firefox' driver

2023-10-05 16:36:25 - [MESSAGE][INFO] - User set preference: ['args', '[window-size=1500,1000, ignore-certificate-errors, UnexpectedAlertBehaviour=ignore]']

2023-10-05 16:36:25 - [MESSAGE][INFO] - Action delay is set to 0 milliseconds

2023-10-05 16:36:30 - [MESSAGE][PASSED] - Browser is opened with url: 'https://10.9.2.63/ecommerce/'

2023-10-05 16:36:30 - [TEST_STEP][PASSED] - maximizeWindow(): Current window maximized

2023-10-05 16:36:30 - [MESSAGE][PASSED] - Current window maximized

2023-10-05 16:36:30 - [TEST_STEP][PASSED] - verifyElementPresent(findTestObject("verifikasi halaman tajalapak sebelum daftar"), 0): Object 'Object Repository/verifikasi halaman tajalapak sebelum daftar' is present

2023-10-05 16:36:30 - [MESSAGE][WARNING] - Timeout '0' is invalid. Using default page load timeout: '30'

2023-10-05 16:36:30 - [MESSAGE][PASSED] - Object 'Object Repository/verifikasi halaman tajalapak sebelum daftar' is present

2023-10-05 16:36:30 - [TEST_STEP][PASSED] - click(findTestObject("Pendaftaran/button Register")): Object: 'Object Repository/Pendaftaran/button Register' is clicked on

2023-10-05 16:36:31 - [MESSAGE][PASSED] - Object: 'Object Repository/Pendaftaran/button Register' is clicked on

2023-10-05 16:36:31 - [TEST_STEP][PASSED] - verifyElementPresent(findTestObject("Pendaftaran/verifikasi masuk helamaan daftar"), 0): Object 'Object Repository/Pendaftaran/verifikasi masuk helamaan daftar' is present

2023-10-05 16:36:31 - [MESSAGE][WARNING] - Timeout '0' is invalid. Using default page load timeout: '30'

2023-10-05 16:36:32 - [MESSAGE][PASSED] - Object 'Object Repository/Pendaftaran/verifikasi masuk helamaan daftar' is present

2023-10-05 16:36:32 - [TEST_STEP][PASSED] - setText(findTestObject("Pendaftaran/input username"), "anata 71"): Text 'anata 71' is set on object 'Object Repository/Pendaftaran/input username'

2023-10-05 16:36:32 - [MESSAGE][PASSED] - Text 'anata 71' is set on object 'Object Repository/Pendaftaran/input username'

2023-10-05 16:36:32 - [TEST_STEP][PASSED] - alertText = getAlertText(): Get alert text successfully: 'Maaf, Tidak Boleh Menggunakan Spasi,..'

2023-10-05 16:36:33 - [MESSAGE][PASSED] - Get alert text successfully: 'Maaf, Tidak Boleh Menggunakan Spasi,..'

2023-10-05 16:36:33 - [TEST_STEP][PASSED] - verifyMatch(alertText, "Maaf, Tidak Boleh Menggunakan Spasi,..", false): Actual text 'Maaf, Tidak Boleh Menggunakan Spasi,..' and expected text 'Maaf, Tidak Boleh Menggunakan Spasi,..' are matched 

2023-10-05 16:36:33 - [MESSAGE][PASSED] - Actual text 'Maaf, Tidak Boleh Menggunakan Spasi,..' and expected text 'Maaf, Tidak Boleh Menggunakan Spasi,..' are matched]]></system-out>
         <system-err><![CDATA[]]></system-err>
      </testcase>
      <testcase name="Test Cases/T08 - Pendaftaran/TC-PE-002" time="10.759" classname="Test Cases/T08 - Pendaftaran/TC-PE-002" status="PASSED">
         <system-out><![CDATA[2023-10-05 16:36:33 - [TEST_CASE][PASSED] - Test Cases/T08 - Pendaftaran/TC-PE-002: Test Cases/T08 - Pendaftaran/TC-PE-002

2023-10-05 16:36:33 - [TEST_STEP][PASSED] - openBrowser(urlWeb): Browser is opened with url: 'https://10.9.2.63/ecommerce/'

2023-10-05 16:36:33 - [MESSAGE][WARNING] - A browser is already opened. Closing browser and opening a new one

2023-10-05 16:36:34 - [MESSAGE][INFO] - Starting 'Firefox' driver

2023-10-05 16:36:34 - [MESSAGE][INFO] - User set preference: ['args', '[window-size=1500,1000, ignore-certificate-errors, UnexpectedAlertBehaviour=ignore]']

2023-10-05 16:36:34 - [MESSAGE][INFO] - Action delay is set to 0 milliseconds

2023-10-05 16:36:39 - [MESSAGE][PASSED] - Browser is opened with url: 'https://10.9.2.63/ecommerce/'

2023-10-05 16:36:39 - [TEST_STEP][PASSED] - maximizeWindow(): Current window maximized

2023-10-05 16:36:39 - [MESSAGE][PASSED] - Current window maximized

2023-10-05 16:36:39 - [TEST_STEP][PASSED] - verifyElementPresent(findTestObject("verifikasi halaman tajalapak sebelum daftar"), 0): Object 'Object Repository/verifikasi halaman tajalapak sebelum daftar' is present

2023-10-05 16:36:39 - [MESSAGE][WARNING] - Timeout '0' is invalid. Using default page load timeout: '30'

2023-10-05 16:36:40 - [MESSAGE][PASSED] - Object 'Object Repository/verifikasi halaman tajalapak sebelum daftar' is present

2023-10-05 16:36:40 - [TEST_STEP][PASSED] - click(findTestObject("Pendaftaran/a_Login")): Object: 'Object Repository/Pendaftaran/a_Login' is clicked on

2023-10-05 16:36:40 - [MESSAGE][PASSED] - Object: 'Object Repository/Pendaftaran/a_Login' is clicked on

2023-10-05 16:36:40 - [TEST_STEP][PASSED] - verifyElementPresent(findTestObject("Pendaftaran/verifikasi MASUK di halaman Login"), 0): Object 'Object Repository/Pendaftaran/verifikasi MASUK di halaman Login' is present

2023-10-05 16:36:40 - [MESSAGE][WARNING] - Timeout '0' is invalid. Using default page load timeout: '30'

2023-10-05 16:36:41 - [MESSAGE][PASSED] - Object 'Object Repository/Pendaftaran/verifikasi MASUK di halaman Login' is present

2023-10-05 16:36:41 - [TEST_STEP][PASSED] - setText(findTestObject("Login/input_Username, Email atau No. Handphone_a"), "anata61"): Text 'anata61' is set on object 'Object Repository/Login/input_Username, Email atau No. Handphone_a'

2023-10-05 16:36:41 - [MESSAGE][PASSED] - Text 'anata61' is set on object 'Object Repository/Login/input_Username, Email atau No. Handphone_a'

2023-10-05 16:36:41 - [TEST_STEP][PASSED] - setEncryptedText(findTestObject("Login/input_Password di Login(Masuk)"), "qbkrdMwyWE4="): Text ****** has been set on object 'Object Repository/Login/input_Password di Login(Masuk)'

2023-10-05 16:36:42 - [MESSAGE][PASSED] - Text ****** has been set on object 'Object Repository/Login/input_Password di Login(Masuk)'

2023-10-05 16:36:42 - [TEST_STEP][PASSED] - click(findTestObject("Login/button_Masuk di halaman login")): Object: 'Object Repository/Login/button_Masuk di halaman login' is clicked on

2023-10-05 16:36:43 - [MESSAGE][PASSED] - Object: 'Object Repository/Login/button_Masuk di halaman login' is clicked on

2023-10-05 16:36:43 - [TEST_STEP][PASSED] - verifyElementPresent(findTestObject("Pendaftaran/verifikasi masuk helamaan daftar"), 0): Object 'Object Repository/Pendaftaran/verifikasi masuk helamaan daftar' is present

2023-10-05 16:36:43 - [MESSAGE][WARNING] - Timeout '0' is invalid. Using default page load timeout: '30'

2023-10-05 16:36:43 - [MESSAGE][PASSED] - Object 'Object Repository/Pendaftaran/verifikasi masuk helamaan daftar' is present]]></system-out>
         <system-err><![CDATA[]]></system-err>
      </testcase>
      <testcase name="Test Cases/T08 - Pendaftaran/TC-PE-003" time="9.124" classname="Test Cases/T08 - Pendaftaran/TC-PE-003" status="PASSED">
         <system-out><![CDATA[2023-10-05 16:36:43 - [TEST_CASE][PASSED] - Test Cases/T08 - Pendaftaran/TC-PE-003: Test Cases/T08 - Pendaftaran/TC-PE-003

2023-10-05 16:36:44 - [TEST_STEP][PASSED] - openBrowser(urlWeb): Browser is opened with url: 'https://10.9.2.63/ecommerce/'

2023-10-05 16:36:44 - [MESSAGE][WARNING] - A browser is already opened. Closing browser and opening a new one

2023-10-05 16:36:45 - [MESSAGE][INFO] - Starting 'Firefox' driver

2023-10-05 16:36:45 - [MESSAGE][INFO] - User set preference: ['args', '[window-size=1500,1000, ignore-certificate-errors, UnexpectedAlertBehaviour=ignore]']

2023-10-05 16:36:45 - [MESSAGE][INFO] - Action delay is set to 0 milliseconds

2023-10-05 16:36:50 - [MESSAGE][PASSED] - Browser is opened with url: 'https://10.9.2.63/ecommerce/'

2023-10-05 16:36:50 - [TEST_STEP][PASSED] - maximizeWindow(): Current window maximized

2023-10-05 16:36:50 - [MESSAGE][PASSED] - Current window maximized

2023-10-05 16:36:50 - [TEST_STEP][PASSED] - verifyElementPresent(findTestObject("verifikasi halaman tajalapak sebelum daftar"), 0): Object 'Object Repository/verifikasi halaman tajalapak sebelum daftar' is present

2023-10-05 16:36:50 - [MESSAGE][WARNING] - Timeout '0' is invalid. Using default page load timeout: '30'

2023-10-05 16:36:50 - [MESSAGE][PASSED] - Object 'Object Repository/verifikasi halaman tajalapak sebelum daftar' is present

2023-10-05 16:36:50 - [TEST_STEP][PASSED] - click(findTestObject("Pendaftaran/button Register")): Object: 'Object Repository/Pendaftaran/button Register' is clicked on

2023-10-05 16:36:51 - [MESSAGE][PASSED] - Object: 'Object Repository/Pendaftaran/button Register' is clicked on

2023-10-05 16:36:51 - [TEST_STEP][PASSED] - verifyElementPresent(findTestObject("Pendaftaran/verifikasi masuk helamaan daftar"), 0): Object 'Object Repository/Pendaftaran/verifikasi masuk helamaan daftar' is present

2023-10-05 16:36:51 - [MESSAGE][WARNING] - Timeout '0' is invalid. Using default page load timeout: '30'

2023-10-05 16:36:52 - [MESSAGE][PASSED] - Object 'Object Repository/Pendaftaran/verifikasi masuk helamaan daftar' is present

2023-10-05 16:36:52 - [TEST_STEP][PASSED] - click(findTestObject("Pendaftaran/button_Daftar")): Object: 'Object Repository/Pendaftaran/button_Daftar' is clicked on

2023-10-05 16:36:52 - [MESSAGE][PASSED] - Object: 'Object Repository/Pendaftaran/button_Daftar' is clicked on

2023-10-05 16:36:52 - [TEST_STEP][PASSED] - webDriver = getWebDriver(): null

2023-10-05 16:36:52 - [TEST_STEP][PASSED] - field_username = webDriver.findElement(By.xpath("//input[@name="username"]")): null

2023-10-05 16:36:52 - [TEST_STEP][PASSED] - error_message = webDriver.executeScript("return arguments[0].validationMessage", field_username): null

2023-10-05 16:36:52 - [TEST_STEP][PASSED] - println(error_message): null

2023-10-05 16:36:53 - [TEST_STEP][PASSED] - assert error_message == "Please fill out this field.": null]]></system-out>
         <system-err><![CDATA[]]></system-err>
      </testcase>
      <testcase name="Test Cases/T08 - Pendaftaran/TC-PF-001" time="12.615" classname="Test Cases/T08 - Pendaftaran/TC-PF-001" status="PASSED">
         <system-out><![CDATA[2023-10-05 16:36:53 - [TEST_CASE][PASSED] - Test Cases/T08 - Pendaftaran/TC-PF-001: Test Cases/T08 - Pendaftaran/TC-PF-001

2023-10-05 16:36:53 - [TEST_STEP][PASSED] - openBrowser(urlWeb): Browser is opened with url: 'https://10.9.2.63/ecommerce/'

2023-10-05 16:36:53 - [MESSAGE][WARNING] - A browser is already opened. Closing browser and opening a new one

2023-10-05 16:36:54 - [MESSAGE][INFO] - Starting 'Firefox' driver

2023-10-05 16:36:54 - [MESSAGE][INFO] - User set preference: ['args', '[window-size=1500,1000, ignore-certificate-errors, UnexpectedAlertBehaviour=ignore]']

2023-10-05 16:36:54 - [MESSAGE][INFO] - Action delay is set to 0 milliseconds

2023-10-05 16:36:59 - [MESSAGE][PASSED] - Browser is opened with url: 'https://10.9.2.63/ecommerce/'

2023-10-05 16:36:59 - [TEST_STEP][PASSED] - maximizeWindow(): Current window maximized

2023-10-05 16:36:59 - [MESSAGE][PASSED] - Current window maximized

2023-10-05 16:36:59 - [TEST_STEP][PASSED] - verifyElementPresent(findTestObject("verifikasi halaman tajalapak sebelum daftar"), 0): Object 'Object Repository/verifikasi halaman tajalapak sebelum daftar' is present

2023-10-05 16:36:59 - [MESSAGE][WARNING] - Timeout '0' is invalid. Using default page load timeout: '30'

2023-10-05 16:37:00 - [MESSAGE][PASSED] - Object 'Object Repository/verifikasi halaman tajalapak sebelum daftar' is present

2023-10-05 16:37:00 - [TEST_STEP][PASSED] - click(findTestObject("Pendaftaran/button Register")): Object: 'Object Repository/Pendaftaran/button Register' is clicked on

2023-10-05 16:37:00 - [MESSAGE][PASSED] - Object: 'Object Repository/Pendaftaran/button Register' is clicked on

2023-10-05 16:37:00 - [TEST_STEP][PASSED] - verifyElementPresent(findTestObject("Pendaftaran/verifikasi masuk helamaan daftar"), 0): Object 'Object Repository/Pendaftaran/verifikasi masuk helamaan daftar' is present

2023-10-05 16:37:00 - [MESSAGE][WARNING] - Timeout '0' is invalid. Using default page load timeout: '30'

2023-10-05 16:37:01 - [MESSAGE][PASSED] - Object 'Object Repository/Pendaftaran/verifikasi masuk helamaan daftar' is present

2023-10-05 16:37:01 - [TEST_STEP][PASSED] - setText(findTestObject("Pendaftaran/input username"), usn): Text 'ikana61' is set on object 'Object Repository/Pendaftaran/input username'

2023-10-05 16:37:02 - [MESSAGE][PASSED] - Text 'ikana61' is set on object 'Object Repository/Pendaftaran/input username'

2023-10-05 16:37:02 - [TEST_STEP][PASSED] - setText(findTestObject("Pendaftaran/input email"), email): Text 'ikana61' is set on object 'Object Repository/Pendaftaran/input email'

2023-10-05 16:37:02 - [MESSAGE][PASSED] - Text 'ikana61' is set on object 'Object Repository/Pendaftaran/input email'

2023-10-05 16:37:02 - [TEST_STEP][PASSED] - setText(findTestObject("Pendaftaran/input Nomor Telephon"), noHp): Text '085643219653' is set on object 'Object Repository/Pendaftaran/input Nomor Telephon'

2023-10-05 16:37:03 - [MESSAGE][PASSED] - Text '085643219653' is set on object 'Object Repository/Pendaftaran/input Nomor Telephon'

2023-10-05 16:37:03 - [TEST_STEP][PASSED] - if (toString().equalsIgnoreCase("Perempuan")): Object 'Object Repository/Pendaftaran/pilihan Wanita_jenis_kelamin' is checked

2023-10-05 16:37:03 - [TEST_STEP][PASSED] - check(findTestObject("Pendaftaran/pilihan Wanita_jenis_kelamin")): Object 'Object Repository/Pendaftaran/pilihan Wanita_jenis_kelamin' is checked

2023-10-05 16:37:03 - [MESSAGE][PASSED] - Object 'Object Repository/Pendaftaran/pilihan Wanita_jenis_kelamin' is checked

2023-10-05 16:37:03 - [TEST_STEP][PASSED] - setEncryptedText(findTestObject("Pendaftaran/input password"), "qbkrdMwyWE4="): Text ****** has been set on object 'Object Repository/Pendaftaran/input password'

2023-10-05 16:37:04 - [MESSAGE][PASSED] - Text ****** has been set on object 'Object Repository/Pendaftaran/input password'

2023-10-05 16:37:04 - [TEST_STEP][PASSED] - setEncryptedText(findTestObject("Pendaftaran/input konfirmasi password"), "qbkrdMwyWE4="): Text ****** has been set on object 'Object Repository/Pendaftaran/input konfirmasi password'

2023-10-05 16:37:04 - [MESSAGE][PASSED] - Text ****** has been set on object 'Object Repository/Pendaftaran/input konfirmasi password'

2023-10-05 16:37:04 - [TEST_STEP][PASSED] - click(findTestObject("Pendaftaran/button_Daftar")): Object: 'Object Repository/Pendaftaran/button_Daftar' is clicked on

2023-10-05 16:37:05 - [MESSAGE][PASSED] - Object: 'Object Repository/Pendaftaran/button_Daftar' is clicked on

2023-10-05 16:37:05 - [TEST_STEP][PASSED] - webDriver = getWebDriver(): null

2023-10-05 16:37:05 - [TEST_STEP][PASSED] - field_email = webDriver.findElement(By.xpath("(//input[@name="a"])[4]")): null

2023-10-05 16:37:05 - [TEST_STEP][PASSED] - error_message = webDriver.executeScript("return arguments[0].validationMessage", field_email): null

2023-10-05 16:37:05 - [TEST_STEP][PASSED] - println(error_message): null

2023-10-05 16:37:05 - [TEST_STEP][PASSED] - assert error_message == "Please enter an email address.": null]]></system-out>
         <system-err><![CDATA[]]></system-err>
      </testcase>
      <testcase name="Test Cases/T08 - Pendaftaran/TC-PF-002" time="14.042" classname="Test Cases/T08 - Pendaftaran/TC-PF-002" status="PASSED">
         <system-out><![CDATA[2023-10-05 16:37:05 - [TEST_CASE][PASSED] - Test Cases/T08 - Pendaftaran/TC-PF-002: Test Cases/T08 - Pendaftaran/TC-PF-002

2023-10-05 16:37:06 - [TEST_STEP][PASSED] - openBrowser(urlWeb): Browser is opened with url: 'https://10.9.2.63/ecommerce/'

2023-10-05 16:37:06 - [MESSAGE][WARNING] - A browser is already opened. Closing browser and opening a new one

2023-10-05 16:37:07 - [MESSAGE][INFO] - Starting 'Firefox' driver

2023-10-05 16:37:07 - [MESSAGE][INFO] - User set preference: ['args', '[window-size=1500,1000, ignore-certificate-errors, UnexpectedAlertBehaviour=ignore]']

2023-10-05 16:37:07 - [MESSAGE][INFO] - Action delay is set to 0 milliseconds

2023-10-05 16:37:12 - [MESSAGE][PASSED] - Browser is opened with url: 'https://10.9.2.63/ecommerce/'

2023-10-05 16:37:12 - [TEST_STEP][PASSED] - maximizeWindow(): Current window maximized

2023-10-05 16:37:12 - [MESSAGE][PASSED] - Current window maximized

2023-10-05 16:37:12 - [TEST_STEP][PASSED] - verifyElementPresent(findTestObject("verifikasi halaman tajalapak sebelum daftar"), 0): Object 'Object Repository/verifikasi halaman tajalapak sebelum daftar' is present

2023-10-05 16:37:13 - [MESSAGE][WARNING] - Timeout '0' is invalid. Using default page load timeout: '30'

2023-10-05 16:37:13 - [MESSAGE][PASSED] - Object 'Object Repository/verifikasi halaman tajalapak sebelum daftar' is present

2023-10-05 16:37:13 - [TEST_STEP][PASSED] - click(findTestObject("Pendaftaran/button Register")): Object: 'Object Repository/Pendaftaran/button Register' is clicked on

2023-10-05 16:37:14 - [MESSAGE][PASSED] - Object: 'Object Repository/Pendaftaran/button Register' is clicked on

2023-10-05 16:37:14 - [TEST_STEP][PASSED] - verifyElementPresent(findTestObject("Pendaftaran/verifikasi masuk helamaan daftar"), 0): Object 'Object Repository/Pendaftaran/verifikasi masuk helamaan daftar' is present

2023-10-05 16:37:14 - [MESSAGE][WARNING] - Timeout '0' is invalid. Using default page load timeout: '30'

2023-10-05 16:37:14 - [MESSAGE][PASSED] - Object 'Object Repository/Pendaftaran/verifikasi masuk helamaan daftar' is present

2023-10-05 16:37:14 - [TEST_STEP][PASSED] - setText(findTestObject("Pendaftaran/input username"), usn): Text 'ikana81' is set on object 'Object Repository/Pendaftaran/input username'

2023-10-05 16:37:15 - [MESSAGE][PASSED] - Text 'ikana81' is set on object 'Object Repository/Pendaftaran/input username'

2023-10-05 16:37:15 - [TEST_STEP][PASSED] - setText(findTestObject("Pendaftaran/input email"), email): Text 'ikana81@gmail.com' is set on object 'Object Repository/Pendaftaran/input email'

2023-10-05 16:37:16 - [MESSAGE][PASSED] - Text 'ikana81@gmail.com' is set on object 'Object Repository/Pendaftaran/input email'

2023-10-05 16:37:16 - [TEST_STEP][PASSED] - setText(findTestObject("Pendaftaran/input Nomor Telephon"), noHp): Text '085643219065' is set on object 'Object Repository/Pendaftaran/input Nomor Telephon'

2023-10-05 16:37:16 - [MESSAGE][PASSED] - Text '085643219065' is set on object 'Object Repository/Pendaftaran/input Nomor Telephon'

2023-10-05 16:37:16 - [TEST_STEP][PASSED] - if (toString().equalsIgnoreCase("Perempuan")): Object 'Object Repository/Pendaftaran/pilihan Wanita_jenis_kelamin' is checked

2023-10-05 16:37:16 - [TEST_STEP][PASSED] - check(findTestObject("Pendaftaran/pilihan Wanita_jenis_kelamin")): Object 'Object Repository/Pendaftaran/pilihan Wanita_jenis_kelamin' is checked

2023-10-05 16:37:17 - [MESSAGE][PASSED] - Object 'Object Repository/Pendaftaran/pilihan Wanita_jenis_kelamin' is checked

2023-10-05 16:37:17 - [TEST_STEP][PASSED] - setEncryptedText(findTestObject("Pendaftaran/input password"), "qbkrdMwyWE4="): Text ****** has been set on object 'Object Repository/Pendaftaran/input password'

2023-10-05 16:37:17 - [MESSAGE][PASSED] - Text ****** has been set on object 'Object Repository/Pendaftaran/input password'

2023-10-05 16:37:17 - [TEST_STEP][PASSED] - setEncryptedText(findTestObject("Pendaftaran/input konfirmasi password"), "cEZ5BwTAfeQ="): Text ****** has been set on object 'Object Repository/Pendaftaran/input konfirmasi password'

2023-10-05 16:37:18 - [MESSAGE][PASSED] - Text ****** has been set on object 'Object Repository/Pendaftaran/input konfirmasi password'

2023-10-05 16:37:18 - [TEST_STEP][PASSED] - click(findTestObject("Pendaftaran/button_Daftar")): Object: 'Object Repository/Pendaftaran/button_Daftar' is clicked on

2023-10-05 16:37:19 - [MESSAGE][PASSED] - Object: 'Object Repository/Pendaftaran/button_Daftar' is clicked on

2023-10-05 16:37:19 - [TEST_STEP][PASSED] - verifyElementText(findTestObject("Pendaftaran/verifikasi error untuk password dan konfirmasi password berbeda"), "Password anda tidak Valid!"): Actual text and expected text of test object 'Object Repository/Pendaftaran/verifikasi error untuk password dan konfirmasi password berbeda' are matched.

2023-10-05 16:37:19 - [MESSAGE][PASSED] - Actual text and expected text of test object 'Object Repository/Pendaftaran/verifikasi error untuk password dan konfirmasi password berbeda' are matched.]]></system-out>
         <system-err><![CDATA[]]></system-err>
      </testcase>
      <testcase name="Test Cases/T08 - Pendaftaran/TC-PF-003" time="13.712" classname="Test Cases/T08 - Pendaftaran/TC-PF-003" status="PASSED">
         <system-out><![CDATA[2023-10-05 16:37:19 - [TEST_CASE][PASSED] - Test Cases/T08 - Pendaftaran/TC-PF-003: Test Cases/T08 - Pendaftaran/TC-PF-003

2023-10-05 16:37:20 - [TEST_STEP][PASSED] - openBrowser(urlWeb): Browser is opened with url: 'https://10.9.2.63/ecommerce/'

2023-10-05 16:37:20 - [MESSAGE][WARNING] - A browser is already opened. Closing browser and opening a new one

2023-10-05 16:37:21 - [MESSAGE][INFO] - Starting 'Firefox' driver

2023-10-05 16:37:21 - [MESSAGE][INFO] - User set preference: ['args', '[window-size=1500,1000, ignore-certificate-errors, UnexpectedAlertBehaviour=ignore]']

2023-10-05 16:37:21 - [MESSAGE][INFO] - Action delay is set to 0 milliseconds

2023-10-05 16:37:27 - [MESSAGE][PASSED] - Browser is opened with url: 'https://10.9.2.63/ecommerce/'

2023-10-05 16:37:27 - [TEST_STEP][PASSED] - maximizeWindow(): Current window maximized

2023-10-05 16:37:27 - [MESSAGE][PASSED] - Current window maximized

2023-10-05 16:37:27 - [TEST_STEP][PASSED] - verifyElementPresent(findTestObject("verifikasi halaman tajalapak sebelum daftar"), 0): Object 'Object Repository/verifikasi halaman tajalapak sebelum daftar' is present

2023-10-05 16:37:27 - [MESSAGE][WARNING] - Timeout '0' is invalid. Using default page load timeout: '30'

2023-10-05 16:37:27 - [MESSAGE][PASSED] - Object 'Object Repository/verifikasi halaman tajalapak sebelum daftar' is present

2023-10-05 16:37:27 - [TEST_STEP][PASSED] - click(findTestObject("Pendaftaran/button Register")): Object: 'Object Repository/Pendaftaran/button Register' is clicked on

2023-10-05 16:37:28 - [MESSAGE][PASSED] - Object: 'Object Repository/Pendaftaran/button Register' is clicked on

2023-10-05 16:37:28 - [TEST_STEP][PASSED] - verifyElementPresent(findTestObject("Pendaftaran/verifikasi masuk helamaan daftar"), 0): Object 'Object Repository/Pendaftaran/verifikasi masuk helamaan daftar' is present

2023-10-05 16:37:28 - [MESSAGE][WARNING] - Timeout '0' is invalid. Using default page load timeout: '30'

2023-10-05 16:37:29 - [MESSAGE][PASSED] - Object 'Object Repository/Pendaftaran/verifikasi masuk helamaan daftar' is present

2023-10-05 16:37:29 - [TEST_STEP][PASSED] - setText(findTestObject("Pendaftaran/input username"), usn): Text 'ikana80' is set on object 'Object Repository/Pendaftaran/input username'

2023-10-05 16:37:29 - [MESSAGE][PASSED] - Text 'ikana80' is set on object 'Object Repository/Pendaftaran/input username'

2023-10-05 16:37:29 - [TEST_STEP][PASSED] - setText(findTestObject("Pendaftaran/input email"), email): Text 'ikana80@gmail.com' is set on object 'Object Repository/Pendaftaran/input email'

2023-10-05 16:37:30 - [MESSAGE][PASSED] - Text 'ikana80@gmail.com' is set on object 'Object Repository/Pendaftaran/input email'

2023-10-05 16:37:30 - [TEST_STEP][PASSED] - setText(findTestObject("Pendaftaran/input Nomor Telephon"), noHp): Text '085643219653' is set on object 'Object Repository/Pendaftaran/input Nomor Telephon'

2023-10-05 16:37:31 - [MESSAGE][PASSED] - Text '085643219653' is set on object 'Object Repository/Pendaftaran/input Nomor Telephon'

2023-10-05 16:37:31 - [TEST_STEP][PASSED] - if (toString().equalsIgnoreCase("Perempuan")): Object 'Object Repository/Pendaftaran/pilihan Wanita_jenis_kelamin' is checked

2023-10-05 16:37:31 - [TEST_STEP][PASSED] - check(findTestObject("Pendaftaran/pilihan Wanita_jenis_kelamin")): Object 'Object Repository/Pendaftaran/pilihan Wanita_jenis_kelamin' is checked

2023-10-05 16:37:31 - [MESSAGE][PASSED] - Object 'Object Repository/Pendaftaran/pilihan Wanita_jenis_kelamin' is checked

2023-10-05 16:37:31 - [TEST_STEP][PASSED] - setEncryptedText(findTestObject("Pendaftaran/input password"), "qbkrdMwyWE4="): Text ****** has been set on object 'Object Repository/Pendaftaran/input password'

2023-10-05 16:37:32 - [MESSAGE][PASSED] - Text ****** has been set on object 'Object Repository/Pendaftaran/input password'

2023-10-05 16:37:32 - [TEST_STEP][PASSED] - click(findTestObject("Pendaftaran/button_Daftar")): Object: 'Object Repository/Pendaftaran/button_Daftar' is clicked on

2023-10-05 16:37:33 - [MESSAGE][PASSED] - Object: 'Object Repository/Pendaftaran/button_Daftar' is clicked on

2023-10-05 16:37:33 - [TEST_STEP][PASSED] - webDriver = getWebDriver(): null

2023-10-05 16:37:33 - [TEST_STEP][PASSED] - field_konfrim_password = webDriver.findElement(By.xpath("//input[@name="repassword"]")): null

2023-10-05 16:37:33 - [TEST_STEP][PASSED] - error_message = webDriver.executeScript("return arguments[0].validationMessage", field_konfrim_password): null

2023-10-05 16:37:33 - [TEST_STEP][PASSED] - println(error_message): null

2023-10-05 16:37:33 - [TEST_STEP][PASSED] - assert error_message == "Please fill out this field.": null]]></system-out>
         <system-err><![CDATA[]]></system-err>
      </testcase>
      <testcase name="Test Cases/T08 - Pendaftaran/TC-PF-004" time="13.547" classname="Test Cases/T08 - Pendaftaran/TC-PF-004" status="PASSED">
         <system-out><![CDATA[2023-10-05 16:37:33 - [TEST_CASE][PASSED] - Test Cases/T08 - Pendaftaran/TC-PF-004: Test Cases/T08 - Pendaftaran/TC-PF-004

2023-10-05 16:37:34 - [TEST_STEP][PASSED] - openBrowser(urlWeb): Browser is opened with url: 'https://10.9.2.63/ecommerce/'

2023-10-05 16:37:34 - [MESSAGE][WARNING] - A browser is already opened. Closing browser and opening a new one

2023-10-05 16:37:35 - [MESSAGE][INFO] - Starting 'Firefox' driver

2023-10-05 16:37:35 - [MESSAGE][INFO] - User set preference: ['args', '[window-size=1500,1000, ignore-certificate-errors, UnexpectedAlertBehaviour=ignore]']

2023-10-05 16:37:35 - [MESSAGE][INFO] - Action delay is set to 0 milliseconds

2023-10-05 16:37:40 - [MESSAGE][PASSED] - Browser is opened with url: 'https://10.9.2.63/ecommerce/'

2023-10-05 16:37:40 - [TEST_STEP][PASSED] - maximizeWindow(): Current window maximized

2023-10-05 16:37:40 - [MESSAGE][PASSED] - Current window maximized

2023-10-05 16:37:40 - [TEST_STEP][PASSED] - verifyElementPresent(findTestObject("verifikasi halaman tajalapak sebelum daftar"), 0): Object 'Object Repository/verifikasi halaman tajalapak sebelum daftar' is present

2023-10-05 16:37:40 - [MESSAGE][WARNING] - Timeout '0' is invalid. Using default page load timeout: '30'

2023-10-05 16:37:40 - [MESSAGE][PASSED] - Object 'Object Repository/verifikasi halaman tajalapak sebelum daftar' is present

2023-10-05 16:37:40 - [TEST_STEP][PASSED] - click(findTestObject("Pendaftaran/button Register")): Object: 'Object Repository/Pendaftaran/button Register' is clicked on

2023-10-05 16:37:41 - [MESSAGE][PASSED] - Object: 'Object Repository/Pendaftaran/button Register' is clicked on

2023-10-05 16:37:41 - [TEST_STEP][PASSED] - verifyElementPresent(findTestObject("Pendaftaran/verifikasi masuk helamaan daftar"), 0): Object 'Object Repository/Pendaftaran/verifikasi masuk helamaan daftar' is present

2023-10-05 16:37:41 - [MESSAGE][WARNING] - Timeout '0' is invalid. Using default page load timeout: '30'

2023-10-05 16:37:42 - [MESSAGE][PASSED] - Object 'Object Repository/Pendaftaran/verifikasi masuk helamaan daftar' is present

2023-10-05 16:37:42 - [TEST_STEP][PASSED] - setText(findTestObject("Pendaftaran/input username"), usn): Text 'anata100' is set on object 'Object Repository/Pendaftaran/input username'

2023-10-05 16:37:42 - [MESSAGE][PASSED] - Text 'anata100' is set on object 'Object Repository/Pendaftaran/input username'

2023-10-05 16:37:42 - [TEST_STEP][PASSED] - setText(findTestObject("Pendaftaran/input email"), email): Text 'ikana100@gmail.com' is set on object 'Object Repository/Pendaftaran/input email'

2023-10-05 16:37:43 - [MESSAGE][PASSED] - Text 'ikana100@gmail.com' is set on object 'Object Repository/Pendaftaran/input email'

2023-10-05 16:37:43 - [TEST_STEP][PASSED] - setText(findTestObject("Pendaftaran/input Nomor Telephon"), noHp): Text '08564' is set on object 'Object Repository/Pendaftaran/input Nomor Telephon'

2023-10-05 16:37:44 - [MESSAGE][PASSED] - Text '08564' is set on object 'Object Repository/Pendaftaran/input Nomor Telephon'

2023-10-05 16:37:44 - [TEST_STEP][PASSED] - if (toString().equalsIgnoreCase("Perempuan")): Object 'Object Repository/Pendaftaran/pilihan Wanita_jenis_kelamin' is checked

2023-10-05 16:37:44 - [TEST_STEP][PASSED] - check(findTestObject("Pendaftaran/pilihan Wanita_jenis_kelamin")): Object 'Object Repository/Pendaftaran/pilihan Wanita_jenis_kelamin' is checked

2023-10-05 16:37:44 - [MESSAGE][PASSED] - Object 'Object Repository/Pendaftaran/pilihan Wanita_jenis_kelamin' is checked

2023-10-05 16:37:44 - [TEST_STEP][PASSED] - setEncryptedText(findTestObject("Pendaftaran/input password"), "qbkrdMwyWE4="): Text ****** has been set on object 'Object Repository/Pendaftaran/input password'

2023-10-05 16:37:45 - [MESSAGE][PASSED] - Text ****** has been set on object 'Object Repository/Pendaftaran/input password'

2023-10-05 16:37:45 - [TEST_STEP][PASSED] - setEncryptedText(findTestObject("Pendaftaran/input konfirmasi password"), "qbkrdMwyWE4="): Text ****** has been set on object 'Object Repository/Pendaftaran/input konfirmasi password'

2023-10-05 16:37:45 - [MESSAGE][PASSED] - Text ****** has been set on object 'Object Repository/Pendaftaran/input konfirmasi password'

2023-10-05 16:37:45 - [TEST_STEP][PASSED] - click(findTestObject("Pendaftaran/button_Daftar")): Object: 'Object Repository/Pendaftaran/button_Daftar' is clicked on

2023-10-05 16:37:46 - [MESSAGE][PASSED] - Object: 'Object Repository/Pendaftaran/button_Daftar' is clicked on

2023-10-05 16:37:46 - [TEST_STEP][PASSED] - verifyElementText(findTestObject("Pendaftaran/GAGAL - No telpon anda tidak valid(kurang dari 11)"), "GAGAL - No telpon anda tidak valid.."): Actual text and expected text of test object 'Object Repository/Pendaftaran/GAGAL - No telpon anda tidak valid(kurang dari 11)' are matched.

2023-10-05 16:37:47 - [MESSAGE][PASSED] - Actual text and expected text of test object 'Object Repository/Pendaftaran/GAGAL - No telpon anda tidak valid(kurang dari 11)' are matched.]]></system-out>
         <system-err><![CDATA[]]></system-err>
      </testcase>
      <testcase name="Test Cases/T08 - Pendaftaran/TC-PF-005" time="16.013" classname="Test Cases/T08 - Pendaftaran/TC-PF-005" status="FAILED">
         <failure type="FAILED" message="Test Cases/T08 - Pendaftaran/TC-PF-005 FAILED.
Reason:
com.kms.katalon.core.exception.StepFailedException: Unable to verify text 'please enter valid phone number' is present 
	at com.kms.katalon.core.webui.keyword.internal.WebUIKeywordMain.stepFailed(WebUIKeywordMain.groovy:64)
	at com.kms.katalon.core.webui.keyword.internal.WebUIKeywordMain.runKeyword(WebUIKeywordMain.groovy:26)
	at com.kms.katalon.core.webui.keyword.builtin.VerifyTextPresentKeyword.verifyTextPresent(VerifyTextPresentKeyword.groovy:83)
	at com.kms.katalon.core.webui.keyword.builtin.VerifyTextPresentKeyword.execute(VerifyTextPresentKeyword.groovy:68)
	at com.kms.katalon.core.keyword.internal.KeywordExecutor.executeKeywordForPlatform(KeywordExecutor.groovy:74)
	at com.kms.katalon.core.webui.keyword.WebUiBuiltInKeywords.verifyTextPresent(WebUiBuiltInKeywords.groovy:1723)
	at com.kms.katalon.core.webui.keyword.WebUiBuiltInKeywords$verifyTextPresent$10.call(Unknown Source)
	at TC-PF-005.run(TC-PF-005:49)
	at com.kms.katalon.core.main.ScriptEngine.run(ScriptEngine.java:194)
	at com.kms.katalon.core.main.ScriptEngine.runScriptAsRawText(ScriptEngine.java:119)
	at com.kms.katalon.core.main.TestCaseExecutor.runScript(TestCaseExecutor.java:448)
	at com.kms.katalon.core.main.TestCaseExecutor.doExecute(TestCaseExecutor.java:439)
	at com.kms.katalon.core.main.TestCaseExecutor.processExecutionPhase(TestCaseExecutor.java:418)
	at com.kms.katalon.core.main.TestCaseExecutor.accessMainPhase(TestCaseExecutor.java:410)
	at com.kms.katalon.core.main.TestCaseExecutor.execute(TestCaseExecutor.java:285)
	at com.kms.katalon.core.common.CommonExecutor.accessTestCaseMainPhase(CommonExecutor.java:65)
	at com.kms.katalon.core.main.TestSuiteExecutor.accessTestSuiteMainPhase(TestSuiteExecutor.java:148)
	at com.kms.katalon.core.main.TestSuiteExecutor.execute(TestSuiteExecutor.java:106)
	at com.kms.katalon.core.main.TestCaseMain.startTestSuite(TestCaseMain.java:187)
	at com.kms.katalon.core.main.TestCaseMain$startTestSuite$0.call(Unknown Source)
	at TempTestSuite1696498335026.run(TempTestSuite1696498335026.groovy:36)
Caused by: com.kms.katalon.core.exception.StepFailedException: Text 'please enter valid phone number' is not present on page 
	at com.kms.katalon.core.webui.keyword.internal.WebUIKeywordMain.stepFailed(WebUIKeywordMain.groovy:64)
	at com.kms.katalon.core.webui.keyword.builtin.VerifyTextPresentKeyword$_verifyTextPresent_closure1.doCall(VerifyTextPresentKeyword.groovy:79)
	at com.kms.katalon.core.webui.keyword.builtin.VerifyTextPresentKeyword$_verifyTextPresent_closure1.call(VerifyTextPresentKeyword.groovy)
	at com.kms.katalon.core.webui.keyword.internal.WebUIKeywordMain.runKeyword(WebUIKeywordMain.groovy:20)
	... 19 more
"/>
         <system-out><![CDATA[2023-10-05 16:37:47 - [TEST_CASE][FAILED] - Test Cases/T08 - Pendaftaran/TC-PF-005: Test Cases/T08 - Pendaftaran/TC-PF-005 FAILED.
Reason:
com.kms.katalon.core.exception.StepFailedException: Unable to verify text 'please enter valid phone number' is present 
	at com.kms.katalon.core.webui.keyword.internal.WebUIKeywordMain.stepFailed(WebUIKeywordMain.groovy:64)
	at com.kms.katalon.core.webui.keyword.internal.WebUIKeywordMain.runKeyword(WebUIKeywordMain.groovy:26)
	at com.kms.katalon.core.webui.keyword.builtin.VerifyTextPresentKeyword.verifyTextPresent(VerifyTextPresentKeyword.groovy:83)
	at com.kms.katalon.core.webui.keyword.builtin.VerifyTextPresentKeyword.execute(VerifyTextPresentKeyword.groovy:68)
	at com.kms.katalon.core.keyword.internal.KeywordExecutor.executeKeywordForPlatform(KeywordExecutor.groovy:74)
	at com.kms.katalon.core.webui.keyword.WebUiBuiltInKeywords.verifyTextPresent(WebUiBuiltInKeywords.groovy:1723)
	at com.kms.katalon.core.webui.keyword.WebUiBuiltInKeywords$verifyTextPresent$10.call(Unknown Source)
	at TC-PF-005.run(TC-PF-005:49)
	at com.kms.katalon.core.main.ScriptEngine.run(ScriptEngine.java:194)
	at com.kms.katalon.core.main.ScriptEngine.runScriptAsRawText(ScriptEngine.java:119)
	at com.kms.katalon.core.main.TestCaseExecutor.runScript(TestCaseExecutor.java:448)
	at com.kms.katalon.core.main.TestCaseExecutor.doExecute(TestCaseExecutor.java:439)
	at com.kms.katalon.core.main.TestCaseExecutor.processExecutionPhase(TestCaseExecutor.java:418)
	at com.kms.katalon.core.main.TestCaseExecutor.accessMainPhase(TestCaseExecutor.java:410)
	at com.kms.katalon.core.main.TestCaseExecutor.execute(TestCaseExecutor.java:285)
	at com.kms.katalon.core.common.CommonExecutor.accessTestCaseMainPhase(CommonExecutor.java:65)
	at com.kms.katalon.core.main.TestSuiteExecutor.accessTestSuiteMainPhase(TestSuiteExecutor.java:148)
	at com.kms.katalon.core.main.TestSuiteExecutor.execute(TestSuiteExecutor.java:106)
	at com.kms.katalon.core.main.TestCaseMain.startTestSuite(TestCaseMain.java:187)
	at com.kms.katalon.core.main.TestCaseMain$startTestSuite$0.call(Unknown Source)
	at TempTestSuite1696498335026.run(TempTestSuite1696498335026.groovy:36)
Caused by: com.kms.katalon.core.exception.StepFailedException: Text 'please enter valid phone number' is not present on page 
	at com.kms.katalon.core.webui.keyword.internal.WebUIKeywordMain.stepFailed(WebUIKeywordMain.groovy:64)
	at com.kms.katalon.core.webui.keyword.builtin.VerifyTextPresentKeyword$_verifyTextPresent_closure1.doCall(VerifyTextPresentKeyword.groovy:79)
	at com.kms.katalon.core.webui.keyword.builtin.VerifyTextPresentKeyword$_verifyTextPresent_closure1.call(VerifyTextPresentKeyword.groovy)
	at com.kms.katalon.core.webui.keyword.internal.WebUIKeywordMain.runKeyword(WebUIKeywordMain.groovy:20)
	... 19 more


2023-10-05 16:37:47 - [TEST_STEP][PASSED] - openBrowser(urlWeb): Browser is opened with url: 'https://10.9.2.63/ecommerce/'

2023-10-05 16:37:47 - [MESSAGE][WARNING] - A browser is already opened. Closing browser and opening a new one

2023-10-05 16:37:48 - [MESSAGE][INFO] - Starting 'Firefox' driver

2023-10-05 16:37:48 - [MESSAGE][INFO] - User set preference: ['args', '[window-size=1500,1000, ignore-certificate-errors, UnexpectedAlertBehaviour=ignore]']

2023-10-05 16:37:48 - [MESSAGE][INFO] - Action delay is set to 0 milliseconds

2023-10-05 16:37:53 - [MESSAGE][PASSED] - Browser is opened with url: 'https://10.9.2.63/ecommerce/'

2023-10-05 16:37:53 - [TEST_STEP][PASSED] - maximizeWindow(): Current window maximized

2023-10-05 16:37:53 - [MESSAGE][PASSED] - Current window maximized

2023-10-05 16:37:53 - [TEST_STEP][PASSED] - verifyElementPresent(findTestObject("verifikasi halaman tajalapak sebelum daftar"), 0): Object 'Object Repository/verifikasi halaman tajalapak sebelum daftar' is present

2023-10-05 16:37:53 - [MESSAGE][WARNING] - Timeout '0' is invalid. Using default page load timeout: '30'

2023-10-05 16:37:54 - [MESSAGE][PASSED] - Object 'Object Repository/verifikasi halaman tajalapak sebelum daftar' is present

2023-10-05 16:37:54 - [TEST_STEP][PASSED] - click(findTestObject("Pendaftaran/button Register")): Object: 'Object Repository/Pendaftaran/button Register' is clicked on

2023-10-05 16:37:54 - [MESSAGE][PASSED] - Object: 'Object Repository/Pendaftaran/button Register' is clicked on

2023-10-05 16:37:54 - [TEST_STEP][PASSED] - verifyElementPresent(findTestObject("Pendaftaran/verifikasi masuk helamaan daftar"), 0): Object 'Object Repository/Pendaftaran/verifikasi masuk helamaan daftar' is present

2023-10-05 16:37:54 - [MESSAGE][WARNING] - Timeout '0' is invalid. Using default page load timeout: '30'

2023-10-05 16:37:55 - [MESSAGE][PASSED] - Object 'Object Repository/Pendaftaran/verifikasi masuk helamaan daftar' is present

2023-10-05 16:37:55 - [TEST_STEP][PASSED] - setText(findTestObject("Pendaftaran/input username"), usn): Text 'anata90' is set on object 'Object Repository/Pendaftaran/input username'

2023-10-05 16:37:56 - [MESSAGE][PASSED] - Text 'anata90' is set on object 'Object Repository/Pendaftaran/input username'

2023-10-05 16:37:56 - [TEST_STEP][PASSED] - setText(findTestObject("Pendaftaran/input email"), email): Text 'anata90@gmail.com' is set on object 'Object Repository/Pendaftaran/input email'

2023-10-05 16:37:56 - [MESSAGE][PASSED] - Text 'anata90@gmail.com' is set on object 'Object Repository/Pendaftaran/input email'

2023-10-05 16:37:56 - [TEST_STEP][PASSED] - setText(findTestObject("Pendaftaran/input Nomor Telephon"), noHp): Text '0856432187654321' is set on object 'Object Repository/Pendaftaran/input Nomor Telephon'

2023-10-05 16:37:57 - [MESSAGE][PASSED] - Text '0856432187654321' is set on object 'Object Repository/Pendaftaran/input Nomor Telephon'

2023-10-05 16:37:57 - [TEST_STEP][PASSED] - if (toString().equalsIgnoreCase("Perempuan")): Object 'Object Repository/Pendaftaran/pilihan Wanita_jenis_kelamin' is checked

2023-10-05 16:37:57 - [TEST_STEP][PASSED] - check(findTestObject("Pendaftaran/pilihan Wanita_jenis_kelamin")): Object 'Object Repository/Pendaftaran/pilihan Wanita_jenis_kelamin' is checked

2023-10-05 16:37:57 - [MESSAGE][PASSED] - Object 'Object Repository/Pendaftaran/pilihan Wanita_jenis_kelamin' is checked

2023-10-05 16:37:57 - [TEST_STEP][PASSED] - setEncryptedText(findTestObject("Pendaftaran/input password"), "qbkrdMwyWE4="): Text ****** has been set on object 'Object Repository/Pendaftaran/input password'

2023-10-05 16:37:58 - [MESSAGE][PASSED] - Text ****** has been set on object 'Object Repository/Pendaftaran/input password'

2023-10-05 16:37:58 - [TEST_STEP][PASSED] - setEncryptedText(findTestObject("Pendaftaran/input konfirmasi password"), "qbkrdMwyWE4="): Text ****** has been set on object 'Object Repository/Pendaftaran/input konfirmasi password'

2023-10-05 16:37:58 - [MESSAGE][PASSED] - Text ****** has been set on object 'Object Repository/Pendaftaran/input konfirmasi password'

2023-10-05 16:37:58 - [TEST_STEP][PASSED] - click(findTestObject("Pendaftaran/button_Daftar")): Object: 'Object Repository/Pendaftaran/button_Daftar' is clicked on

2023-10-05 16:38:01 - [MESSAGE][PASSED] - Object: 'Object Repository/Pendaftaran/button_Daftar' is clicked on

2023-10-05 16:38:01 - [TEST_STEP][FAILED] - verifyTextPresent("please enter valid phone number", false): Unable to verify text 'please enter valid phone number' is present  (Root cause: com.kms.katalon.core.exception.StepFailedException: Unable to verify text 'please enter valid phone number' is present 
	at com.kms.katalon.core.webui.keyword.internal.WebUIKeywordMain.stepFailed(WebUIKeywordMain.groovy:64)
	at com.kms.katalon.core.webui.keyword.internal.WebUIKeywordMain.runKeyword(WebUIKeywordMain.groovy:26)
	at com.kms.katalon.core.webui.keyword.builtin.VerifyTextPresentKeyword.verifyTextPresent(VerifyTextPresentKeyword.groovy:83)
	at com.kms.katalon.core.webui.keyword.builtin.VerifyTextPresentKeyword.execute(VerifyTextPresentKeyword.groovy:68)
	at com.kms.katalon.core.keyword.internal.KeywordExecutor.executeKeywordForPlatform(KeywordExecutor.groovy:74)
	at com.kms.katalon.core.webui.keyword.WebUiBuiltInKeywords.verifyTextPresent(WebUiBuiltInKeywords.groovy:1723)
	at com.kms.katalon.core.webui.keyword.WebUiBuiltInKeywords$verifyTextPresent$10.call(Unknown Source)
	at TC-PF-005.run(TC-PF-005:49)
	at com.kms.katalon.core.main.ScriptEngine.run(ScriptEngine.java:194)
	at com.kms.katalon.core.main.ScriptEngine.runScriptAsRawText(ScriptEngine.java:119)
	at com.kms.katalon.core.main.TestCaseExecutor.runScript(TestCaseExecutor.java:448)
	at com.kms.katalon.core.main.TestCaseExecutor.doExecute(TestCaseExecutor.java:439)
	at com.kms.katalon.core.main.TestCaseExecutor.processExecutionPhase(TestCaseExecutor.java:418)
	at com.kms.katalon.core.main.TestCaseExecutor.accessMainPhase(TestCaseExecutor.java:410)
	at com.kms.katalon.core.main.TestCaseExecutor.execute(TestCaseExecutor.java:285)
	at com.kms.katalon.core.common.CommonExecutor.accessTestCaseMainPhase(CommonExecutor.java:65)
	at com.kms.katalon.core.main.TestSuiteExecutor.accessTestSuiteMainPhase(TestSuiteExecutor.java:148)
	at com.kms.katalon.core.main.TestSuiteExecutor.execute(TestSuiteExecutor.java:106)
	at com.kms.katalon.core.main.TestCaseMain.startTestSuite(TestCaseMain.java:187)
	at com.kms.katalon.core.main.TestCaseMain$startTestSuite$0.call(Unknown Source)
	at TempTestSuite1696498335026.run(TempTestSuite1696498335026.groovy:36)
Caused by: com.kms.katalon.core.exception.StepFailedException: Text 'please enter valid phone number' is not present on page 
	at com.kms.katalon.core.webui.keyword.internal.WebUIKeywordMain.stepFailed(WebUIKeywordMain.groovy:64)
	at com.kms.katalon.core.webui.keyword.builtin.VerifyTextPresentKeyword$_verifyTextPresent_closure1.doCall(VerifyTextPresentKeyword.groovy:79)
	at com.kms.katalon.core.webui.keyword.builtin.VerifyTextPresentKeyword$_verifyTextPresent_closure1.call(VerifyTextPresentKeyword.groovy)
	at com.kms.katalon.core.webui.keyword.internal.WebUIKeywordMain.runKeyword(WebUIKeywordMain.groovy:20)
	... 19 more
)

2023-10-05 16:38:02 - [MESSAGE][FAILED] - Text 'please enter valid phone number' is not present on page  (Root cause: com.kms.katalon.core.exception.StepFailedException: Text 'please enter valid phone number' is not present on page 
	at com.kms.katalon.core.webui.keyword.internal.WebUIKeywordMain.stepFailed(WebUIKeywordMain.groovy:64)
	at com.kms.katalon.core.webui.keyword.builtin.VerifyTextPresentKeyword$_verifyTextPresent_closure1.doCall(VerifyTextPresentKeyword.groovy:79)
	at com.kms.katalon.core.webui.keyword.builtin.VerifyTextPresentKeyword$_verifyTextPresent_closure1.call(VerifyTextPresentKeyword.groovy)
	at com.kms.katalon.core.webui.keyword.internal.WebUIKeywordMain.runKeyword(WebUIKeywordMain.groovy:20)
	at com.kms.katalon.core.webui.keyword.builtin.VerifyTextPresentKeyword.verifyTextPresent(VerifyTextPresentKeyword.groovy:83)
	at com.kms.katalon.core.webui.keyword.builtin.VerifyTextPresentKeyword.execute(VerifyTextPresentKeyword.groovy:68)
	at com.kms.katalon.core.keyword.internal.KeywordExecutor.executeKeywordForPlatform(KeywordExecutor.groovy:74)
	at com.kms.katalon.core.webui.keyword.WebUiBuiltInKeywords.verifyTextPresent(WebUiBuiltInKeywords.groovy:1723)
	at com.kms.katalon.core.webui.keyword.WebUiBuiltInKeywords$verifyTextPresent$10.call(Unknown Source)
	at TC-PF-005.run(TC-PF-005:49)
	at com.kms.katalon.core.main.ScriptEngine.run(ScriptEngine.java:194)
	at com.kms.katalon.core.main.ScriptEngine.runScriptAsRawText(ScriptEngine.java:119)
	at com.kms.katalon.core.main.TestCaseExecutor.runScript(TestCaseExecutor.java:448)
	at com.kms.katalon.core.main.TestCaseExecutor.doExecute(TestCaseExecutor.java:439)
	at com.kms.katalon.core.main.TestCaseExecutor.processExecutionPhase(TestCaseExecutor.java:418)
	at com.kms.katalon.core.main.TestCaseExecutor.accessMainPhase(TestCaseExecutor.java:410)
	at com.kms.katalon.core.main.TestCaseExecutor.execute(TestCaseExecutor.java:285)
	at com.kms.katalon.core.common.CommonExecutor.accessTestCaseMainPhase(CommonExecutor.java:65)
	at com.kms.katalon.core.main.TestSuiteExecutor.accessTestSuiteMainPhase(TestSuiteExecutor.java:148)
	at com.kms.katalon.core.main.TestSuiteExecutor.execute(TestSuiteExecutor.java:106)
	at com.kms.katalon.core.main.TestCaseMain.startTestSuite(TestCaseMain.java:187)
	at com.kms.katalon.core.main.TestCaseMain$startTestSuite$0.call(Unknown Source)
	at TempTestSuite1696498335026.run(TempTestSuite1696498335026.groovy:36)
)

2023-10-05 16:38:03 - [MESSAGE][FAILED] - Unable to verify text 'please enter valid phone number' is present  (Root cause: com.kms.katalon.core.exception.StepFailedException: Unable to verify text 'please enter valid phone number' is present 
	at com.kms.katalon.core.webui.keyword.internal.WebUIKeywordMain.stepFailed(WebUIKeywordMain.groovy:64)
	at com.kms.katalon.core.webui.keyword.internal.WebUIKeywordMain.runKeyword(WebUIKeywordMain.groovy:26)
	at com.kms.katalon.core.webui.keyword.builtin.VerifyTextPresentKeyword.verifyTextPresent(VerifyTextPresentKeyword.groovy:83)
	at com.kms.katalon.core.webui.keyword.builtin.VerifyTextPresentKeyword.execute(VerifyTextPresentKeyword.groovy:68)
	at com.kms.katalon.core.keyword.internal.KeywordExecutor.executeKeywordForPlatform(KeywordExecutor.groovy:74)
	at com.kms.katalon.core.webui.keyword.WebUiBuiltInKeywords.verifyTextPresent(WebUiBuiltInKeywords.groovy:1723)
	at com.kms.katalon.core.webui.keyword.WebUiBuiltInKeywords$verifyTextPresent$10.call(Unknown Source)
	at TC-PF-005.run(TC-PF-005:49)
	at com.kms.katalon.core.main.ScriptEngine.run(ScriptEngine.java:194)
	at com.kms.katalon.core.main.ScriptEngine.runScriptAsRawText(ScriptEngine.java:119)
	at com.kms.katalon.core.main.TestCaseExecutor.runScript(TestCaseExecutor.java:448)
	at com.kms.katalon.core.main.TestCaseExecutor.doExecute(TestCaseExecutor.java:439)
	at com.kms.katalon.core.main.TestCaseExecutor.processExecutionPhase(TestCaseExecutor.java:418)
	at com.kms.katalon.core.main.TestCaseExecutor.accessMainPhase(TestCaseExecutor.java:410)
	at com.kms.katalon.core.main.TestCaseExecutor.execute(TestCaseExecutor.java:285)
	at com.kms.katalon.core.common.CommonExecutor.accessTestCaseMainPhase(CommonExecutor.java:65)
	at com.kms.katalon.core.main.TestSuiteExecutor.accessTestSuiteMainPhase(TestSuiteExecutor.java:148)
	at com.kms.katalon.core.main.TestSuiteExecutor.execute(TestSuiteExecutor.java:106)
	at com.kms.katalon.core.main.TestCaseMain.startTestSuite(TestCaseMain.java:187)
	at com.kms.katalon.core.main.TestCaseMain$startTestSuite$0.call(Unknown Source)
	at TempTestSuite1696498335026.run(TempTestSuite1696498335026.groovy:36)
Caused by: com.kms.katalon.core.exception.StepFailedException: Text 'please enter valid phone number' is not present on page 
	at com.kms.katalon.core.webui.keyword.internal.WebUIKeywordMain.stepFailed(WebUIKeywordMain.groovy:64)
	at com.kms.katalon.core.webui.keyword.builtin.VerifyTextPresentKeyword$_verifyTextPresent_closure1.doCall(VerifyTextPresentKeyword.groovy:79)
	at com.kms.katalon.core.webui.keyword.builtin.VerifyTextPresentKeyword$_verifyTextPresent_closure1.call(VerifyTextPresentKeyword.groovy)
	at com.kms.katalon.core.webui.keyword.internal.WebUIKeywordMain.runKeyword(WebUIKeywordMain.groovy:20)
	... 19 more
)
[[ATTACHMENT|F:\\bootcamp\\Miniproject\\Tajalapak\\Reports\\20231005_163214\\T08-Pendaftaran\\20231005_163215\\1696498682831.png]]]]></system-out>
         <system-err><![CDATA[2023-10-05 16:37:47 - [TEST_CASE][FAILED] - Test Cases/T08 - Pendaftaran/TC-PF-005: Test Cases/T08 - Pendaftaran/TC-PF-005 FAILED.
Reason:
com.kms.katalon.core.exception.StepFailedException: Unable to verify text 'please enter valid phone number' is present 
	at com.kms.katalon.core.webui.keyword.internal.WebUIKeywordMain.stepFailed(WebUIKeywordMain.groovy:64)
	at com.kms.katalon.core.webui.keyword.internal.WebUIKeywordMain.runKeyword(WebUIKeywordMain.groovy:26)
	at com.kms.katalon.core.webui.keyword.builtin.VerifyTextPresentKeyword.verifyTextPresent(VerifyTextPresentKeyword.groovy:83)
	at com.kms.katalon.core.webui.keyword.builtin.VerifyTextPresentKeyword.execute(VerifyTextPresentKeyword.groovy:68)
	at com.kms.katalon.core.keyword.internal.KeywordExecutor.executeKeywordForPlatform(KeywordExecutor.groovy:74)
	at com.kms.katalon.core.webui.keyword.WebUiBuiltInKeywords.verifyTextPresent(WebUiBuiltInKeywords.groovy:1723)
	at com.kms.katalon.core.webui.keyword.WebUiBuiltInKeywords$verifyTextPresent$10.call(Unknown Source)
	at TC-PF-005.run(TC-PF-005:49)
	at com.kms.katalon.core.main.ScriptEngine.run(ScriptEngine.java:194)
	at com.kms.katalon.core.main.ScriptEngine.runScriptAsRawText(ScriptEngine.java:119)
	at com.kms.katalon.core.main.TestCaseExecutor.runScript(TestCaseExecutor.java:448)
	at com.kms.katalon.core.main.TestCaseExecutor.doExecute(TestCaseExecutor.java:439)
	at com.kms.katalon.core.main.TestCaseExecutor.processExecutionPhase(TestCaseExecutor.java:418)
	at com.kms.katalon.core.main.TestCaseExecutor.accessMainPhase(TestCaseExecutor.java:410)
	at com.kms.katalon.core.main.TestCaseExecutor.execute(TestCaseExecutor.java:285)
	at com.kms.katalon.core.common.CommonExecutor.accessTestCaseMainPhase(CommonExecutor.java:65)
	at com.kms.katalon.core.main.TestSuiteExecutor.accessTestSuiteMainPhase(TestSuiteExecutor.java:148)
	at com.kms.katalon.core.main.TestSuiteExecutor.execute(TestSuiteExecutor.java:106)
	at com.kms.katalon.core.main.TestCaseMain.startTestSuite(TestCaseMain.java:187)
	at com.kms.katalon.core.main.TestCaseMain$startTestSuite$0.call(Unknown Source)
	at TempTestSuite1696498335026.run(TempTestSuite1696498335026.groovy:36)
Caused by: com.kms.katalon.core.exception.StepFailedException: Text 'please enter valid phone number' is not present on page 
	at com.kms.katalon.core.webui.keyword.internal.WebUIKeywordMain.stepFailed(WebUIKeywordMain.groovy:64)
	at com.kms.katalon.core.webui.keyword.builtin.VerifyTextPresentKeyword$_verifyTextPresent_closure1.doCall(VerifyTextPresentKeyword.groovy:79)
	at com.kms.katalon.core.webui.keyword.builtin.VerifyTextPresentKeyword$_verifyTextPresent_closure1.call(VerifyTextPresentKeyword.groovy)
	at com.kms.katalon.core.webui.keyword.internal.WebUIKeywordMain.runKeyword(WebUIKeywordMain.groovy:20)
	... 19 more]]></system-err>
      </testcase>
      <testcase name="Test Cases/T08 - Pendaftaran/TC-PF-006" time="15.912" classname="Test Cases/T08 - Pendaftaran/TC-PF-006" status="FAILED">
         <failure type="FAILED" message="Test Cases/T08 - Pendaftaran/TC-PF-006 FAILED.
Reason:
com.kms.katalon.core.exception.StepFailedException: Unable to verify text 'password must include alpanumeric' is present 
	at com.kms.katalon.core.webui.keyword.internal.WebUIKeywordMain.stepFailed(WebUIKeywordMain.groovy:64)
	at com.kms.katalon.core.webui.keyword.internal.WebUIKeywordMain.runKeyword(WebUIKeywordMain.groovy:26)
	at com.kms.katalon.core.webui.keyword.builtin.VerifyTextPresentKeyword.verifyTextPresent(VerifyTextPresentKeyword.groovy:83)
	at com.kms.katalon.core.webui.keyword.builtin.VerifyTextPresentKeyword.execute(VerifyTextPresentKeyword.groovy:68)
	at com.kms.katalon.core.keyword.internal.KeywordExecutor.executeKeywordForPlatform(KeywordExecutor.groovy:74)
	at com.kms.katalon.core.webui.keyword.WebUiBuiltInKeywords.verifyTextPresent(WebUiBuiltInKeywords.groovy:1723)
	at com.kms.katalon.core.webui.keyword.WebUiBuiltInKeywords$verifyTextPresent$10.call(Unknown Source)
	at TC-PF-006.run(TC-PF-006:49)
	at com.kms.katalon.core.main.ScriptEngine.run(ScriptEngine.java:194)
	at com.kms.katalon.core.main.ScriptEngine.runScriptAsRawText(ScriptEngine.java:119)
	at com.kms.katalon.core.main.TestCaseExecutor.runScript(TestCaseExecutor.java:448)
	at com.kms.katalon.core.main.TestCaseExecutor.doExecute(TestCaseExecutor.java:439)
	at com.kms.katalon.core.main.TestCaseExecutor.processExecutionPhase(TestCaseExecutor.java:418)
	at com.kms.katalon.core.main.TestCaseExecutor.accessMainPhase(TestCaseExecutor.java:410)
	at com.kms.katalon.core.main.TestCaseExecutor.execute(TestCaseExecutor.java:285)
	at com.kms.katalon.core.common.CommonExecutor.accessTestCaseMainPhase(CommonExecutor.java:65)
	at com.kms.katalon.core.main.TestSuiteExecutor.accessTestSuiteMainPhase(TestSuiteExecutor.java:148)
	at com.kms.katalon.core.main.TestSuiteExecutor.execute(TestSuiteExecutor.java:106)
	at com.kms.katalon.core.main.TestCaseMain.startTestSuite(TestCaseMain.java:187)
	at com.kms.katalon.core.main.TestCaseMain$startTestSuite$0.call(Unknown Source)
	at TempTestSuite1696498335026.run(TempTestSuite1696498335026.groovy:36)
Caused by: com.kms.katalon.core.exception.StepFailedException: Text 'password must include alpanumeric' is not present on page 
	at com.kms.katalon.core.webui.keyword.internal.WebUIKeywordMain.stepFailed(WebUIKeywordMain.groovy:64)
	at com.kms.katalon.core.webui.keyword.builtin.VerifyTextPresentKeyword$_verifyTextPresent_closure1.doCall(VerifyTextPresentKeyword.groovy:79)
	at com.kms.katalon.core.webui.keyword.builtin.VerifyTextPresentKeyword$_verifyTextPresent_closure1.call(VerifyTextPresentKeyword.groovy)
	at com.kms.katalon.core.webui.keyword.internal.WebUIKeywordMain.runKeyword(WebUIKeywordMain.groovy:20)
	... 19 more
"/>
         <system-out><![CDATA[2023-10-05 16:38:03 - [TEST_CASE][FAILED] - Test Cases/T08 - Pendaftaran/TC-PF-006: Test Cases/T08 - Pendaftaran/TC-PF-006 FAILED.
Reason:
com.kms.katalon.core.exception.StepFailedException: Unable to verify text 'password must include alpanumeric' is present 
	at com.kms.katalon.core.webui.keyword.internal.WebUIKeywordMain.stepFailed(WebUIKeywordMain.groovy:64)
	at com.kms.katalon.core.webui.keyword.internal.WebUIKeywordMain.runKeyword(WebUIKeywordMain.groovy:26)
	at com.kms.katalon.core.webui.keyword.builtin.VerifyTextPresentKeyword.verifyTextPresent(VerifyTextPresentKeyword.groovy:83)
	at com.kms.katalon.core.webui.keyword.builtin.VerifyTextPresentKeyword.execute(VerifyTextPresentKeyword.groovy:68)
	at com.kms.katalon.core.keyword.internal.KeywordExecutor.executeKeywordForPlatform(KeywordExecutor.groovy:74)
	at com.kms.katalon.core.webui.keyword.WebUiBuiltInKeywords.verifyTextPresent(WebUiBuiltInKeywords.groovy:1723)
	at com.kms.katalon.core.webui.keyword.WebUiBuiltInKeywords$verifyTextPresent$10.call(Unknown Source)
	at TC-PF-006.run(TC-PF-006:49)
	at com.kms.katalon.core.main.ScriptEngine.run(ScriptEngine.java:194)
	at com.kms.katalon.core.main.ScriptEngine.runScriptAsRawText(ScriptEngine.java:119)
	at com.kms.katalon.core.main.TestCaseExecutor.runScript(TestCaseExecutor.java:448)
	at com.kms.katalon.core.main.TestCaseExecutor.doExecute(TestCaseExecutor.java:439)
	at com.kms.katalon.core.main.TestCaseExecutor.processExecutionPhase(TestCaseExecutor.java:418)
	at com.kms.katalon.core.main.TestCaseExecutor.accessMainPhase(TestCaseExecutor.java:410)
	at com.kms.katalon.core.main.TestCaseExecutor.execute(TestCaseExecutor.java:285)
	at com.kms.katalon.core.common.CommonExecutor.accessTestCaseMainPhase(CommonExecutor.java:65)
	at com.kms.katalon.core.main.TestSuiteExecutor.accessTestSuiteMainPhase(TestSuiteExecutor.java:148)
	at com.kms.katalon.core.main.TestSuiteExecutor.execute(TestSuiteExecutor.java:106)
	at com.kms.katalon.core.main.TestCaseMain.startTestSuite(TestCaseMain.java:187)
	at com.kms.katalon.core.main.TestCaseMain$startTestSuite$0.call(Unknown Source)
	at TempTestSuite1696498335026.run(TempTestSuite1696498335026.groovy:36)
Caused by: com.kms.katalon.core.exception.StepFailedException: Text 'password must include alpanumeric' is not present on page 
	at com.kms.katalon.core.webui.keyword.internal.WebUIKeywordMain.stepFailed(WebUIKeywordMain.groovy:64)
	at com.kms.katalon.core.webui.keyword.builtin.VerifyTextPresentKeyword$_verifyTextPresent_closure1.doCall(VerifyTextPresentKeyword.groovy:79)
	at com.kms.katalon.core.webui.keyword.builtin.VerifyTextPresentKeyword$_verifyTextPresent_closure1.call(VerifyTextPresentKeyword.groovy)
	at com.kms.katalon.core.webui.keyword.internal.WebUIKeywordMain.runKeyword(WebUIKeywordMain.groovy:20)
	... 19 more


2023-10-05 16:38:03 - [TEST_STEP][PASSED] - openBrowser(urlWeb): Browser is opened with url: 'https://10.9.2.63/ecommerce/'

2023-10-05 16:38:03 - [MESSAGE][WARNING] - A browser is already opened. Closing browser and opening a new one

2023-10-05 16:38:04 - [MESSAGE][INFO] - Starting 'Firefox' driver

2023-10-05 16:38:04 - [MESSAGE][INFO] - User set preference: ['args', '[window-size=1500,1000, ignore-certificate-errors, UnexpectedAlertBehaviour=ignore]']

2023-10-05 16:38:04 - [MESSAGE][INFO] - Action delay is set to 0 milliseconds

2023-10-05 16:38:09 - [MESSAGE][PASSED] - Browser is opened with url: 'https://10.9.2.63/ecommerce/'

2023-10-05 16:38:09 - [TEST_STEP][PASSED] - maximizeWindow(): Current window maximized

2023-10-05 16:38:09 - [MESSAGE][PASSED] - Current window maximized

2023-10-05 16:38:09 - [TEST_STEP][PASSED] - verifyElementPresent(findTestObject("verifikasi halaman tajalapak sebelum daftar"), 0): Object 'Object Repository/verifikasi halaman tajalapak sebelum daftar' is present

2023-10-05 16:38:09 - [MESSAGE][WARNING] - Timeout '0' is invalid. Using default page load timeout: '30'

2023-10-05 16:38:10 - [MESSAGE][PASSED] - Object 'Object Repository/verifikasi halaman tajalapak sebelum daftar' is present

2023-10-05 16:38:10 - [TEST_STEP][PASSED] - click(findTestObject("Pendaftaran/button Register")): Object: 'Object Repository/Pendaftaran/button Register' is clicked on

2023-10-05 16:38:11 - [MESSAGE][PASSED] - Object: 'Object Repository/Pendaftaran/button Register' is clicked on

2023-10-05 16:38:11 - [TEST_STEP][PASSED] - verifyElementPresent(findTestObject("Pendaftaran/verifikasi masuk helamaan daftar"), 0): Object 'Object Repository/Pendaftaran/verifikasi masuk helamaan daftar' is present

2023-10-05 16:38:11 - [MESSAGE][WARNING] - Timeout '0' is invalid. Using default page load timeout: '30'

2023-10-05 16:38:11 - [MESSAGE][PASSED] - Object 'Object Repository/Pendaftaran/verifikasi masuk helamaan daftar' is present

2023-10-05 16:38:11 - [TEST_STEP][PASSED] - setText(findTestObject("Pendaftaran/input username"), usn): Text 'anata73' is set on object 'Object Repository/Pendaftaran/input username'

2023-10-05 16:38:12 - [MESSAGE][PASSED] - Text 'anata73' is set on object 'Object Repository/Pendaftaran/input username'

2023-10-05 16:38:12 - [TEST_STEP][PASSED] - setText(findTestObject("Pendaftaran/input email"), email): Text 'anata73@gmail.com' is set on object 'Object Repository/Pendaftaran/input email'

2023-10-05 16:38:13 - [MESSAGE][PASSED] - Text 'anata73@gmail.com' is set on object 'Object Repository/Pendaftaran/input email'

2023-10-05 16:38:13 - [TEST_STEP][PASSED] - setText(findTestObject("Pendaftaran/input Nomor Telephon"), noHp): Text '085643218765' is set on object 'Object Repository/Pendaftaran/input Nomor Telephon'

2023-10-05 16:38:13 - [MESSAGE][PASSED] - Text '085643218765' is set on object 'Object Repository/Pendaftaran/input Nomor Telephon'

2023-10-05 16:38:13 - [TEST_STEP][PASSED] - if (toString().equalsIgnoreCase("Perempuan")): Object 'Object Repository/Pendaftaran/pilihan Wanita_jenis_kelamin' is checked

2023-10-05 16:38:13 - [TEST_STEP][PASSED] - check(findTestObject("Pendaftaran/pilihan Wanita_jenis_kelamin")): Object 'Object Repository/Pendaftaran/pilihan Wanita_jenis_kelamin' is checked

2023-10-05 16:38:14 - [MESSAGE][PASSED] - Object 'Object Repository/Pendaftaran/pilihan Wanita_jenis_kelamin' is checked

2023-10-05 16:38:14 - [TEST_STEP][PASSED] - setEncryptedText(findTestObject("Pendaftaran/input password"), "NqvfBr/61hkKg4Ngn0KWJw=="): Text ****** has been set on object 'Object Repository/Pendaftaran/input password'

2023-10-05 16:38:14 - [MESSAGE][PASSED] - Text ****** has been set on object 'Object Repository/Pendaftaran/input password'

2023-10-05 16:38:14 - [TEST_STEP][PASSED] - setEncryptedText(findTestObject("Pendaftaran/input konfirmasi password"), "NqvfBr/61hkKg4Ngn0KWJw=="): Text ****** has been set on object 'Object Repository/Pendaftaran/input konfirmasi password'

2023-10-05 16:38:15 - [MESSAGE][PASSED] - Text ****** has been set on object 'Object Repository/Pendaftaran/input konfirmasi password'

2023-10-05 16:38:15 - [TEST_STEP][PASSED] - click(findTestObject("Pendaftaran/button_Daftar")): Object: 'Object Repository/Pendaftaran/button_Daftar' is clicked on

2023-10-05 16:38:18 - [MESSAGE][PASSED] - Object: 'Object Repository/Pendaftaran/button_Daftar' is clicked on

2023-10-05 16:38:18 - [TEST_STEP][FAILED] - verifyTextPresent("password must include alpanumeric", false): Unable to verify text 'password must include alpanumeric' is present  (Root cause: com.kms.katalon.core.exception.StepFailedException: Unable to verify text 'password must include alpanumeric' is present 
	at com.kms.katalon.core.webui.keyword.internal.WebUIKeywordMain.stepFailed(WebUIKeywordMain.groovy:64)
	at com.kms.katalon.core.webui.keyword.internal.WebUIKeywordMain.runKeyword(WebUIKeywordMain.groovy:26)
	at com.kms.katalon.core.webui.keyword.builtin.VerifyTextPresentKeyword.verifyTextPresent(VerifyTextPresentKeyword.groovy:83)
	at com.kms.katalon.core.webui.keyword.builtin.VerifyTextPresentKeyword.execute(VerifyTextPresentKeyword.groovy:68)
	at com.kms.katalon.core.keyword.internal.KeywordExecutor.executeKeywordForPlatform(KeywordExecutor.groovy:74)
	at com.kms.katalon.core.webui.keyword.WebUiBuiltInKeywords.verifyTextPresent(WebUiBuiltInKeywords.groovy:1723)
	at com.kms.katalon.core.webui.keyword.WebUiBuiltInKeywords$verifyTextPresent$10.call(Unknown Source)
	at TC-PF-006.run(TC-PF-006:49)
	at com.kms.katalon.core.main.ScriptEngine.run(ScriptEngine.java:194)
	at com.kms.katalon.core.main.ScriptEngine.runScriptAsRawText(ScriptEngine.java:119)
	at com.kms.katalon.core.main.TestCaseExecutor.runScript(TestCaseExecutor.java:448)
	at com.kms.katalon.core.main.TestCaseExecutor.doExecute(TestCaseExecutor.java:439)
	at com.kms.katalon.core.main.TestCaseExecutor.processExecutionPhase(TestCaseExecutor.java:418)
	at com.kms.katalon.core.main.TestCaseExecutor.accessMainPhase(TestCaseExecutor.java:410)
	at com.kms.katalon.core.main.TestCaseExecutor.execute(TestCaseExecutor.java:285)
	at com.kms.katalon.core.common.CommonExecutor.accessTestCaseMainPhase(CommonExecutor.java:65)
	at com.kms.katalon.core.main.TestSuiteExecutor.accessTestSuiteMainPhase(TestSuiteExecutor.java:148)
	at com.kms.katalon.core.main.TestSuiteExecutor.execute(TestSuiteExecutor.java:106)
	at com.kms.katalon.core.main.TestCaseMain.startTestSuite(TestCaseMain.java:187)
	at com.kms.katalon.core.main.TestCaseMain$startTestSuite$0.call(Unknown Source)
	at TempTestSuite1696498335026.run(TempTestSuite1696498335026.groovy:36)
Caused by: com.kms.katalon.core.exception.StepFailedException: Text 'password must include alpanumeric' is not present on page 
	at com.kms.katalon.core.webui.keyword.internal.WebUIKeywordMain.stepFailed(WebUIKeywordMain.groovy:64)
	at com.kms.katalon.core.webui.keyword.builtin.VerifyTextPresentKeyword$_verifyTextPresent_closure1.doCall(VerifyTextPresentKeyword.groovy:79)
	at com.kms.katalon.core.webui.keyword.builtin.VerifyTextPresentKeyword$_verifyTextPresent_closure1.call(VerifyTextPresentKeyword.groovy)
	at com.kms.katalon.core.webui.keyword.internal.WebUIKeywordMain.runKeyword(WebUIKeywordMain.groovy:20)
	... 19 more
)

2023-10-05 16:38:19 - [MESSAGE][FAILED] - Text 'password must include alpanumeric' is not present on page  (Root cause: com.kms.katalon.core.exception.StepFailedException: Text 'password must include alpanumeric' is not present on page 
	at com.kms.katalon.core.webui.keyword.internal.WebUIKeywordMain.stepFailed(WebUIKeywordMain.groovy:64)
	at com.kms.katalon.core.webui.keyword.builtin.VerifyTextPresentKeyword$_verifyTextPresent_closure1.doCall(VerifyTextPresentKeyword.groovy:79)
	at com.kms.katalon.core.webui.keyword.builtin.VerifyTextPresentKeyword$_verifyTextPresent_closure1.call(VerifyTextPresentKeyword.groovy)
	at com.kms.katalon.core.webui.keyword.internal.WebUIKeywordMain.runKeyword(WebUIKeywordMain.groovy:20)
	at com.kms.katalon.core.webui.keyword.builtin.VerifyTextPresentKeyword.verifyTextPresent(VerifyTextPresentKeyword.groovy:83)
	at com.kms.katalon.core.webui.keyword.builtin.VerifyTextPresentKeyword.execute(VerifyTextPresentKeyword.groovy:68)
	at com.kms.katalon.core.keyword.internal.KeywordExecutor.executeKeywordForPlatform(KeywordExecutor.groovy:74)
	at com.kms.katalon.core.webui.keyword.WebUiBuiltInKeywords.verifyTextPresent(WebUiBuiltInKeywords.groovy:1723)
	at com.kms.katalon.core.webui.keyword.WebUiBuiltInKeywords$verifyTextPresent$10.call(Unknown Source)
	at TC-PF-006.run(TC-PF-006:49)
	at com.kms.katalon.core.main.ScriptEngine.run(ScriptEngine.java:194)
	at com.kms.katalon.core.main.ScriptEngine.runScriptAsRawText(ScriptEngine.java:119)
	at com.kms.katalon.core.main.TestCaseExecutor.runScript(TestCaseExecutor.java:448)
	at com.kms.katalon.core.main.TestCaseExecutor.doExecute(TestCaseExecutor.java:439)
	at com.kms.katalon.core.main.TestCaseExecutor.processExecutionPhase(TestCaseExecutor.java:418)
	at com.kms.katalon.core.main.TestCaseExecutor.accessMainPhase(TestCaseExecutor.java:410)
	at com.kms.katalon.core.main.TestCaseExecutor.execute(TestCaseExecutor.java:285)
	at com.kms.katalon.core.common.CommonExecutor.accessTestCaseMainPhase(CommonExecutor.java:65)
	at com.kms.katalon.core.main.TestSuiteExecutor.accessTestSuiteMainPhase(TestSuiteExecutor.java:148)
	at com.kms.katalon.core.main.TestSuiteExecutor.execute(TestSuiteExecutor.java:106)
	at com.kms.katalon.core.main.TestCaseMain.startTestSuite(TestCaseMain.java:187)
	at com.kms.katalon.core.main.TestCaseMain$startTestSuite$0.call(Unknown Source)
	at TempTestSuite1696498335026.run(TempTestSuite1696498335026.groovy:36)
)

2023-10-05 16:38:19 - [MESSAGE][FAILED] - Unable to verify text 'password must include alpanumeric' is present  (Root cause: com.kms.katalon.core.exception.StepFailedException: Unable to verify text 'password must include alpanumeric' is present 
	at com.kms.katalon.core.webui.keyword.internal.WebUIKeywordMain.stepFailed(WebUIKeywordMain.groovy:64)
	at com.kms.katalon.core.webui.keyword.internal.WebUIKeywordMain.runKeyword(WebUIKeywordMain.groovy:26)
	at com.kms.katalon.core.webui.keyword.builtin.VerifyTextPresentKeyword.verifyTextPresent(VerifyTextPresentKeyword.groovy:83)
	at com.kms.katalon.core.webui.keyword.builtin.VerifyTextPresentKeyword.execute(VerifyTextPresentKeyword.groovy:68)
	at com.kms.katalon.core.keyword.internal.KeywordExecutor.executeKeywordForPlatform(KeywordExecutor.groovy:74)
	at com.kms.katalon.core.webui.keyword.WebUiBuiltInKeywords.verifyTextPresent(WebUiBuiltInKeywords.groovy:1723)
	at com.kms.katalon.core.webui.keyword.WebUiBuiltInKeywords$verifyTextPresent$10.call(Unknown Source)
	at TC-PF-006.run(TC-PF-006:49)
	at com.kms.katalon.core.main.ScriptEngine.run(ScriptEngine.java:194)
	at com.kms.katalon.core.main.ScriptEngine.runScriptAsRawText(ScriptEngine.java:119)
	at com.kms.katalon.core.main.TestCaseExecutor.runScript(TestCaseExecutor.java:448)
	at com.kms.katalon.core.main.TestCaseExecutor.doExecute(TestCaseExecutor.java:439)
	at com.kms.katalon.core.main.TestCaseExecutor.processExecutionPhase(TestCaseExecutor.java:418)
	at com.kms.katalon.core.main.TestCaseExecutor.accessMainPhase(TestCaseExecutor.java:410)
	at com.kms.katalon.core.main.TestCaseExecutor.execute(TestCaseExecutor.java:285)
	at com.kms.katalon.core.common.CommonExecutor.accessTestCaseMainPhase(CommonExecutor.java:65)
	at com.kms.katalon.core.main.TestSuiteExecutor.accessTestSuiteMainPhase(TestSuiteExecutor.java:148)
	at com.kms.katalon.core.main.TestSuiteExecutor.execute(TestSuiteExecutor.java:106)
	at com.kms.katalon.core.main.TestCaseMain.startTestSuite(TestCaseMain.java:187)
	at com.kms.katalon.core.main.TestCaseMain$startTestSuite$0.call(Unknown Source)
	at TempTestSuite1696498335026.run(TempTestSuite1696498335026.groovy:36)
Caused by: com.kms.katalon.core.exception.StepFailedException: Text 'password must include alpanumeric' is not present on page 
	at com.kms.katalon.core.webui.keyword.internal.WebUIKeywordMain.stepFailed(WebUIKeywordMain.groovy:64)
	at com.kms.katalon.core.webui.keyword.builtin.VerifyTextPresentKeyword$_verifyTextPresent_closure1.doCall(VerifyTextPresentKeyword.groovy:79)
	at com.kms.katalon.core.webui.keyword.builtin.VerifyTextPresentKeyword$_verifyTextPresent_closure1.call(VerifyTextPresentKeyword.groovy)
	at com.kms.katalon.core.webui.keyword.internal.WebUIKeywordMain.runKeyword(WebUIKeywordMain.groovy:20)
	... 19 more
)
[[ATTACHMENT|F:\\bootcamp\\Miniproject\\Tajalapak\\Reports\\20231005_163214\\T08-Pendaftaran\\20231005_163215\\1696498699023.png]]]]></system-out>
         <system-err><![CDATA[2023-10-05 16:38:03 - [TEST_CASE][FAILED] - Test Cases/T08 - Pendaftaran/TC-PF-006: Test Cases/T08 - Pendaftaran/TC-PF-006 FAILED.
Reason:
com.kms.katalon.core.exception.StepFailedException: Unable to verify text 'password must include alpanumeric' is present 
	at com.kms.katalon.core.webui.keyword.internal.WebUIKeywordMain.stepFailed(WebUIKeywordMain.groovy:64)
	at com.kms.katalon.core.webui.keyword.internal.WebUIKeywordMain.runKeyword(WebUIKeywordMain.groovy:26)
	at com.kms.katalon.core.webui.keyword.builtin.VerifyTextPresentKeyword.verifyTextPresent(VerifyTextPresentKeyword.groovy:83)
	at com.kms.katalon.core.webui.keyword.builtin.VerifyTextPresentKeyword.execute(VerifyTextPresentKeyword.groovy:68)
	at com.kms.katalon.core.keyword.internal.KeywordExecutor.executeKeywordForPlatform(KeywordExecutor.groovy:74)
	at com.kms.katalon.core.webui.keyword.WebUiBuiltInKeywords.verifyTextPresent(WebUiBuiltInKeywords.groovy:1723)
	at com.kms.katalon.core.webui.keyword.WebUiBuiltInKeywords$verifyTextPresent$10.call(Unknown Source)
	at TC-PF-006.run(TC-PF-006:49)
	at com.kms.katalon.core.main.ScriptEngine.run(ScriptEngine.java:194)
	at com.kms.katalon.core.main.ScriptEngine.runScriptAsRawText(ScriptEngine.java:119)
	at com.kms.katalon.core.main.TestCaseExecutor.runScript(TestCaseExecutor.java:448)
	at com.kms.katalon.core.main.TestCaseExecutor.doExecute(TestCaseExecutor.java:439)
	at com.kms.katalon.core.main.TestCaseExecutor.processExecutionPhase(TestCaseExecutor.java:418)
	at com.kms.katalon.core.main.TestCaseExecutor.accessMainPhase(TestCaseExecutor.java:410)
	at com.kms.katalon.core.main.TestCaseExecutor.execute(TestCaseExecutor.java:285)
	at com.kms.katalon.core.common.CommonExecutor.accessTestCaseMainPhase(CommonExecutor.java:65)
	at com.kms.katalon.core.main.TestSuiteExecutor.accessTestSuiteMainPhase(TestSuiteExecutor.java:148)
	at com.kms.katalon.core.main.TestSuiteExecutor.execute(TestSuiteExecutor.java:106)
	at com.kms.katalon.core.main.TestCaseMain.startTestSuite(TestCaseMain.java:187)
	at com.kms.katalon.core.main.TestCaseMain$startTestSuite$0.call(Unknown Source)
	at TempTestSuite1696498335026.run(TempTestSuite1696498335026.groovy:36)
Caused by: com.kms.katalon.core.exception.StepFailedException: Text 'password must include alpanumeric' is not present on page 
	at com.kms.katalon.core.webui.keyword.internal.WebUIKeywordMain.stepFailed(WebUIKeywordMain.groovy:64)
	at com.kms.katalon.core.webui.keyword.builtin.VerifyTextPresentKeyword$_verifyTextPresent_closure1.doCall(VerifyTextPresentKeyword.groovy:79)
	at com.kms.katalon.core.webui.keyword.builtin.VerifyTextPresentKeyword$_verifyTextPresent_closure1.call(VerifyTextPresentKeyword.groovy)
	at com.kms.katalon.core.webui.keyword.internal.WebUIKeywordMain.runKeyword(WebUIKeywordMain.groovy:20)
	... 19 more]]></system-err>
      </testcase>
      <testcase name="Test Cases/T08 - Pendaftaran/TC-PF-007" time="14.59" classname="Test Cases/T08 - Pendaftaran/TC-PF-007" status="PASSED">
         <system-out><![CDATA[2023-10-05 16:38:19 - [TEST_CASE][PASSED] - Test Cases/T08 - Pendaftaran/TC-PF-007: Test Cases/T08 - Pendaftaran/TC-PF-007

2023-10-05 16:38:20 - [TEST_STEP][PASSED] - openBrowser(urlWeb): Browser is opened with url: 'https://10.9.2.63/ecommerce/'

2023-10-05 16:38:20 - [MESSAGE][WARNING] - A browser is already opened. Closing browser and opening a new one

2023-10-05 16:38:21 - [MESSAGE][INFO] - Starting 'Firefox' driver

2023-10-05 16:38:21 - [MESSAGE][INFO] - User set preference: ['args', '[window-size=1500,1000, ignore-certificate-errors, UnexpectedAlertBehaviour=ignore]']

2023-10-05 16:38:21 - [MESSAGE][INFO] - Action delay is set to 0 milliseconds

2023-10-05 16:38:26 - [MESSAGE][PASSED] - Browser is opened with url: 'https://10.9.2.63/ecommerce/'

2023-10-05 16:38:26 - [TEST_STEP][PASSED] - maximizeWindow(): Current window maximized

2023-10-05 16:38:26 - [MESSAGE][PASSED] - Current window maximized

2023-10-05 16:38:26 - [TEST_STEP][PASSED] - verifyElementPresent(findTestObject("verifikasi halaman tajalapak sebelum daftar"), 0): Object 'Object Repository/verifikasi halaman tajalapak sebelum daftar' is present

2023-10-05 16:38:27 - [MESSAGE][WARNING] - Timeout '0' is invalid. Using default page load timeout: '30'

2023-10-05 16:38:27 - [MESSAGE][PASSED] - Object 'Object Repository/verifikasi halaman tajalapak sebelum daftar' is present

2023-10-05 16:38:27 - [TEST_STEP][PASSED] - click(findTestObject("Pendaftaran/button Register")): Object: 'Object Repository/Pendaftaran/button Register' is clicked on

2023-10-05 16:38:28 - [MESSAGE][PASSED] - Object: 'Object Repository/Pendaftaran/button Register' is clicked on

2023-10-05 16:38:28 - [TEST_STEP][PASSED] - verifyElementPresent(findTestObject("Pendaftaran/verifikasi masuk helamaan daftar"), 0): Object 'Object Repository/Pendaftaran/verifikasi masuk helamaan daftar' is present

2023-10-05 16:38:28 - [MESSAGE][WARNING] - Timeout '0' is invalid. Using default page load timeout: '30'

2023-10-05 16:38:28 - [MESSAGE][PASSED] - Object 'Object Repository/Pendaftaran/verifikasi masuk helamaan daftar' is present

2023-10-05 16:38:28 - [TEST_STEP][PASSED] - setText(findTestObject("Pendaftaran/input username"), usn): Text 'ikanana' is set on object 'Object Repository/Pendaftaran/input username'

2023-10-05 16:38:29 - [MESSAGE][PASSED] - Text 'ikanana' is set on object 'Object Repository/Pendaftaran/input username'

2023-10-05 16:38:29 - [TEST_STEP][PASSED] - setText(findTestObject("Pendaftaran/input email"), email): Text 'ikana71@gmail.com' is set on object 'Object Repository/Pendaftaran/input email'

2023-10-05 16:38:30 - [MESSAGE][PASSED] - Text 'ikana71@gmail.com' is set on object 'Object Repository/Pendaftaran/input email'

2023-10-05 16:38:30 - [TEST_STEP][PASSED] - setText(findTestObject("Pendaftaran/input Nomor Telephon"), noHp): Text '085643218731' is set on object 'Object Repository/Pendaftaran/input Nomor Telephon'

2023-10-05 16:38:31 - [MESSAGE][PASSED] - Text '085643218731' is set on object 'Object Repository/Pendaftaran/input Nomor Telephon'

2023-10-05 16:38:31 - [TEST_STEP][PASSED] - if (toString().equalsIgnoreCase("Perempuan")): Object 'Object Repository/Pendaftaran/pilihan Wanita_jenis_kelamin' is checked

2023-10-05 16:38:31 - [TEST_STEP][PASSED] - check(findTestObject("Pendaftaran/pilihan Wanita_jenis_kelamin")): Object 'Object Repository/Pendaftaran/pilihan Wanita_jenis_kelamin' is checked

2023-10-05 16:38:31 - [MESSAGE][PASSED] - Object 'Object Repository/Pendaftaran/pilihan Wanita_jenis_kelamin' is checked

2023-10-05 16:38:31 - [TEST_STEP][PASSED] - setEncryptedText(findTestObject("Pendaftaran/input password"), "qbkrdMwyWE4="): Text ****** has been set on object 'Object Repository/Pendaftaran/input password'

2023-10-05 16:38:31 - [MESSAGE][PASSED] - Text ****** has been set on object 'Object Repository/Pendaftaran/input password'

2023-10-05 16:38:31 - [TEST_STEP][PASSED] - setEncryptedText(findTestObject("Pendaftaran/input konfirmasi password"), "qbkrdMwyWE4="): Text ****** has been set on object 'Object Repository/Pendaftaran/input konfirmasi password'

2023-10-05 16:38:32 - [MESSAGE][PASSED] - Text ****** has been set on object 'Object Repository/Pendaftaran/input konfirmasi password'

2023-10-05 16:38:32 - [TEST_STEP][PASSED] - click(findTestObject("Pendaftaran/button_Daftar")): Object: 'Object Repository/Pendaftaran/button_Daftar' is clicked on

2023-10-05 16:38:33 - [MESSAGE][PASSED] - Object: 'Object Repository/Pendaftaran/button_Daftar' is clicked on

2023-10-05 16:38:33 - [TEST_STEP][PASSED] - verifyElementText(findTestObject("Pendaftaran/daftar ulang dengan email username dan no hp yang sama"), "Username/Email/No Telpon Telah Digunakan!"): Actual text and expected text of test object 'Object Repository/Pendaftaran/daftar ulang dengan email username dan no hp yang sama' are matched.

2023-10-05 16:38:33 - [MESSAGE][PASSED] - Actual text and expected text of test object 'Object Repository/Pendaftaran/daftar ulang dengan email username dan no hp yang sama' are matched.]]></system-out>
         <system-err><![CDATA[]]></system-err>
      </testcase>
      <testcase name="Test Cases/T08 - Pendaftaran/TC-PF-008" time="15.562" classname="Test Cases/T08 - Pendaftaran/TC-PF-008" status="FAILED">
         <failure type="FAILED" message="Test Cases/T08 - Pendaftaran/TC-PF-008 FAILED.
Reason:
Assertion failed: 

assert validationMessage ==&quot;character length must not exceed 50 characters&quot;
       |                 |
       &quot;&quot;                false

	at TC-PF-008.run(TC-PF-008:60)
	at com.kms.katalon.core.main.ScriptEngine.run(ScriptEngine.java:194)
	at com.kms.katalon.core.main.ScriptEngine.runScriptAsRawText(ScriptEngine.java:119)
	at com.kms.katalon.core.main.TestCaseExecutor.runScript(TestCaseExecutor.java:448)
	at com.kms.katalon.core.main.TestCaseExecutor.doExecute(TestCaseExecutor.java:439)
	at com.kms.katalon.core.main.TestCaseExecutor.processExecutionPhase(TestCaseExecutor.java:418)
	at com.kms.katalon.core.main.TestCaseExecutor.accessMainPhase(TestCaseExecutor.java:410)
	at com.kms.katalon.core.main.TestCaseExecutor.execute(TestCaseExecutor.java:285)
	at com.kms.katalon.core.common.CommonExecutor.accessTestCaseMainPhase(CommonExecutor.java:65)
	at com.kms.katalon.core.main.TestSuiteExecutor.accessTestSuiteMainPhase(TestSuiteExecutor.java:148)
	at com.kms.katalon.core.main.TestSuiteExecutor.execute(TestSuiteExecutor.java:106)
	at com.kms.katalon.core.main.TestCaseMain.startTestSuite(TestCaseMain.java:187)
	at com.kms.katalon.core.main.TestCaseMain$startTestSuite$0.call(Unknown Source)
	at TempTestSuite1696498335026.run(TempTestSuite1696498335026.groovy:36)
"/>
         <system-out><![CDATA[2023-10-05 16:38:33 - [TEST_CASE][FAILED] - Test Cases/T08 - Pendaftaran/TC-PF-008: Test Cases/T08 - Pendaftaran/TC-PF-008 FAILED.
Reason:
Assertion failed: 

assert validationMessage =="character length must not exceed 50 characters"
       |                 |
       ""                false

	at TC-PF-008.run(TC-PF-008:60)
	at com.kms.katalon.core.main.ScriptEngine.run(ScriptEngine.java:194)
	at com.kms.katalon.core.main.ScriptEngine.runScriptAsRawText(ScriptEngine.java:119)
	at com.kms.katalon.core.main.TestCaseExecutor.runScript(TestCaseExecutor.java:448)
	at com.kms.katalon.core.main.TestCaseExecutor.doExecute(TestCaseExecutor.java:439)
	at com.kms.katalon.core.main.TestCaseExecutor.processExecutionPhase(TestCaseExecutor.java:418)
	at com.kms.katalon.core.main.TestCaseExecutor.accessMainPhase(TestCaseExecutor.java:410)
	at com.kms.katalon.core.main.TestCaseExecutor.execute(TestCaseExecutor.java:285)
	at com.kms.katalon.core.common.CommonExecutor.accessTestCaseMainPhase(CommonExecutor.java:65)
	at com.kms.katalon.core.main.TestSuiteExecutor.accessTestSuiteMainPhase(TestSuiteExecutor.java:148)
	at com.kms.katalon.core.main.TestSuiteExecutor.execute(TestSuiteExecutor.java:106)
	at com.kms.katalon.core.main.TestCaseMain.startTestSuite(TestCaseMain.java:187)
	at com.kms.katalon.core.main.TestCaseMain$startTestSuite$0.call(Unknown Source)
	at TempTestSuite1696498335026.run(TempTestSuite1696498335026.groovy:36)


2023-10-05 16:38:34 - [TEST_STEP][PASSED] - openBrowser(urlWeb): Browser is opened with url: 'https://10.9.2.63/ecommerce/'

2023-10-05 16:38:34 - [MESSAGE][WARNING] - A browser is already opened. Closing browser and opening a new one

2023-10-05 16:38:35 - [MESSAGE][INFO] - Starting 'Firefox' driver

2023-10-05 16:38:35 - [MESSAGE][INFO] - User set preference: ['args', '[window-size=1500,1000, ignore-certificate-errors, UnexpectedAlertBehaviour=ignore]']

2023-10-05 16:38:35 - [MESSAGE][INFO] - Action delay is set to 0 milliseconds

2023-10-05 16:38:40 - [MESSAGE][PASSED] - Browser is opened with url: 'https://10.9.2.63/ecommerce/'

2023-10-05 16:38:40 - [TEST_STEP][PASSED] - maximizeWindow(): Current window maximized

2023-10-05 16:38:40 - [MESSAGE][PASSED] - Current window maximized

2023-10-05 16:38:40 - [TEST_STEP][PASSED] - verifyElementPresent(findTestObject("verifikasi halaman tajalapak sebelum daftar"), 0): Object 'Object Repository/verifikasi halaman tajalapak sebelum daftar' is present

2023-10-05 16:38:40 - [MESSAGE][WARNING] - Timeout '0' is invalid. Using default page load timeout: '30'

2023-10-05 16:38:41 - [MESSAGE][PASSED] - Object 'Object Repository/verifikasi halaman tajalapak sebelum daftar' is present

2023-10-05 16:38:41 - [TEST_STEP][PASSED] - click(findTestObject("Pendaftaran/button Register")): Object: 'Object Repository/Pendaftaran/button Register' is clicked on

2023-10-05 16:38:41 - [MESSAGE][PASSED] - Object: 'Object Repository/Pendaftaran/button Register' is clicked on

2023-10-05 16:38:41 - [TEST_STEP][PASSED] - verifyElementPresent(findTestObject("Pendaftaran/verifikasi masuk helamaan daftar"), 0): Object 'Object Repository/Pendaftaran/verifikasi masuk helamaan daftar' is present

2023-10-05 16:38:41 - [MESSAGE][WARNING] - Timeout '0' is invalid. Using default page load timeout: '30'

2023-10-05 16:38:42 - [MESSAGE][PASSED] - Object 'Object Repository/Pendaftaran/verifikasi masuk helamaan daftar' is present

2023-10-05 16:38:42 - [TEST_STEP][PASSED] - setText(findTestObject("Pendaftaran/input username"), username): Text 'AkulahCintaDiLangitPrudenceLovelyPrincessOfAwanampwn' is set on object 'Object Repository/Pendaftaran/input username'

2023-10-05 16:38:43 - [MESSAGE][PASSED] - Text 'AkulahCintaDiLangitPrudenceLovelyPrincessOfAwanampwn' is set on object 'Object Repository/Pendaftaran/input username'

2023-10-05 16:38:43 - [TEST_STEP][PASSED] - setText(findTestObject("Pendaftaran/input email"), email): Text 'akulah@gmail.com' is set on object 'Object Repository/Pendaftaran/input email'

2023-10-05 16:38:43 - [MESSAGE][PASSED] - Text 'akulah@gmail.com' is set on object 'Object Repository/Pendaftaran/input email'

2023-10-05 16:38:43 - [TEST_STEP][PASSED] - setText(findTestObject("Pendaftaran/input Nomor Telephon"), noHP): Text '085643253214' is set on object 'Object Repository/Pendaftaran/input Nomor Telephon'

2023-10-05 16:38:44 - [MESSAGE][PASSED] - Text '085643253214' is set on object 'Object Repository/Pendaftaran/input Nomor Telephon'

2023-10-05 16:38:44 - [TEST_STEP][PASSED] - if (toString().equalsIgnoreCase("Perempuan")): Object 'Object Repository/Pendaftaran/pilihan Wanita_jenis_kelamin' is checked

2023-10-05 16:38:44 - [TEST_STEP][PASSED] - check(findTestObject("Pendaftaran/pilihan Wanita_jenis_kelamin")): Object 'Object Repository/Pendaftaran/pilihan Wanita_jenis_kelamin' is checked

2023-10-05 16:38:45 - [MESSAGE][PASSED] - Object 'Object Repository/Pendaftaran/pilihan Wanita_jenis_kelamin' is checked

2023-10-05 16:38:45 - [TEST_STEP][PASSED] - setEncryptedText(findTestObject("Pendaftaran/input password"), "8MbLm3cRDkc/jsWL6sX6LA=="): Text ****** has been set on object 'Object Repository/Pendaftaran/input password'

2023-10-05 16:38:45 - [MESSAGE][PASSED] - Text ****** has been set on object 'Object Repository/Pendaftaran/input password'

2023-10-05 16:38:45 - [TEST_STEP][PASSED] - setEncryptedText(findTestObject("Pendaftaran/input konfirmasi password"), "8MbLm3cRDkc/jsWL6sX6LA=="): Text ****** has been set on object 'Object Repository/Pendaftaran/input konfirmasi password'

2023-10-05 16:38:45 - [MESSAGE][PASSED] - Text ****** has been set on object 'Object Repository/Pendaftaran/input konfirmasi password'

2023-10-05 16:38:45 - [TEST_STEP][PASSED] - webDriver = getWebDriver(): null

2023-10-05 16:38:45 - [TEST_STEP][PASSED] - field_username = webDriver.findElement(By.xpath("//input[@name="username"]")): null

2023-10-05 16:38:46 - [TEST_STEP][PASSED] - validationMessage = executeJavaScript("return arguments[0].validationMessage", Arrays.asList(field_username)): Execute JavaScript 'return arguments[0].validationMessage' successfully

2023-10-05 16:38:46 - [MESSAGE][PASSED] - Execute JavaScript 'return arguments[0].validationMessage' successfully

2023-10-05 16:38:46 - [TEST_STEP][PASSED] - click(findTestObject("Pendaftaran/button_Daftar")): Object: 'Object Repository/Pendaftaran/button_Daftar' is clicked on

2023-10-05 16:38:49 - [MESSAGE][PASSED] - Object: 'Object Repository/Pendaftaran/button_Daftar' is clicked on

2023-10-05 16:38:49 - [TEST_STEP][FAILED] - assert validationMessage == "character length must not exceed 50 characters": Test Cases/T08 - Pendaftaran/TC-PF-008 FAILED.
Reason:
Assertion failed: 

assert validationMessage =="character length must not exceed 50 characters"
       |                 |
       ""                false

	at TC-PF-008.run(TC-PF-008:60)
	at com.kms.katalon.core.main.ScriptEngine.run(ScriptEngine.java:194)
	at com.kms.katalon.core.main.ScriptEngine.runScriptAsRawText(ScriptEngine.java:119)
	at com.kms.katalon.core.main.TestCaseExecutor.runScript(TestCaseExecutor.java:448)
	at com.kms.katalon.core.main.TestCaseExecutor.doExecute(TestCaseExecutor.java:439)
	at com.kms.katalon.core.main.TestCaseExecutor.processExecutionPhase(TestCaseExecutor.java:418)
	at com.kms.katalon.core.main.TestCaseExecutor.accessMainPhase(TestCaseExecutor.java:410)
	at com.kms.katalon.core.main.TestCaseExecutor.execute(TestCaseExecutor.java:285)
	at com.kms.katalon.core.common.CommonExecutor.accessTestCaseMainPhase(CommonExecutor.java:65)
	at com.kms.katalon.core.main.TestSuiteExecutor.accessTestSuiteMainPhase(TestSuiteExecutor.java:148)
	at com.kms.katalon.core.main.TestSuiteExecutor.execute(TestSuiteExecutor.java:106)
	at com.kms.katalon.core.main.TestCaseMain.startTestSuite(TestCaseMain.java:187)
	at com.kms.katalon.core.main.TestCaseMain$startTestSuite$0.call(Unknown Source)
	at TempTestSuite1696498335026.run(TempTestSuite1696498335026.groovy:36)


2023-10-05 16:38:49 - [MESSAGE][FAILED] - Test Cases/T08 - Pendaftaran/TC-PF-008 FAILED.
Reason:
Assertion failed: 

assert validationMessage =="character length must not exceed 50 characters"
       |                 |
       ""                false

	at TC-PF-008.run(TC-PF-008:60)
	at com.kms.katalon.core.main.ScriptEngine.run(ScriptEngine.java:194)
	at com.kms.katalon.core.main.ScriptEngine.runScriptAsRawText(ScriptEngine.java:119)
	at com.kms.katalon.core.main.TestCaseExecutor.runScript(TestCaseExecutor.java:448)
	at com.kms.katalon.core.main.TestCaseExecutor.doExecute(TestCaseExecutor.java:439)
	at com.kms.katalon.core.main.TestCaseExecutor.processExecutionPhase(TestCaseExecutor.java:418)
	at com.kms.katalon.core.main.TestCaseExecutor.accessMainPhase(TestCaseExecutor.java:410)
	at com.kms.katalon.core.main.TestCaseExecutor.execute(TestCaseExecutor.java:285)
	at com.kms.katalon.core.common.CommonExecutor.accessTestCaseMainPhase(CommonExecutor.java:65)
	at com.kms.katalon.core.main.TestSuiteExecutor.accessTestSuiteMainPhase(TestSuiteExecutor.java:148)
	at com.kms.katalon.core.main.TestSuiteExecutor.execute(TestSuiteExecutor.java:106)
	at com.kms.katalon.core.main.TestCaseMain.startTestSuite(TestCaseMain.java:187)
	at com.kms.katalon.core.main.TestCaseMain$startTestSuite$0.call(Unknown Source)
	at TempTestSuite1696498335026.run(TempTestSuite1696498335026.groovy:36)]]></system-out>
         <system-err><![CDATA[2023-10-05 16:38:33 - [TEST_CASE][FAILED] - Test Cases/T08 - Pendaftaran/TC-PF-008: Test Cases/T08 - Pendaftaran/TC-PF-008 FAILED.
Reason:
Assertion failed: 

assert validationMessage =="character length must not exceed 50 characters"
       |                 |
       ""                false

	at TC-PF-008.run(TC-PF-008:60)
	at com.kms.katalon.core.main.ScriptEngine.run(ScriptEngine.java:194)
	at com.kms.katalon.core.main.ScriptEngine.runScriptAsRawText(ScriptEngine.java:119)
	at com.kms.katalon.core.main.TestCaseExecutor.runScript(TestCaseExecutor.java:448)
	at com.kms.katalon.core.main.TestCaseExecutor.doExecute(TestCaseExecutor.java:439)
	at com.kms.katalon.core.main.TestCaseExecutor.processExecutionPhase(TestCaseExecutor.java:418)
	at com.kms.katalon.core.main.TestCaseExecutor.accessMainPhase(TestCaseExecutor.java:410)
	at com.kms.katalon.core.main.TestCaseExecutor.execute(TestCaseExecutor.java:285)
	at com.kms.katalon.core.common.CommonExecutor.accessTestCaseMainPhase(CommonExecutor.java:65)
	at com.kms.katalon.core.main.TestSuiteExecutor.accessTestSuiteMainPhase(TestSuiteExecutor.java:148)
	at com.kms.katalon.core.main.TestSuiteExecutor.execute(TestSuiteExecutor.java:106)
	at com.kms.katalon.core.main.TestCaseMain.startTestSuite(TestCaseMain.java:187)
	at com.kms.katalon.core.main.TestCaseMain$startTestSuite$0.call(Unknown Source)
	at TempTestSuite1696498335026.run(TempTestSuite1696498335026.groovy:36)]]></system-err>
      </testcase>
      <testcase name="Test Cases/T08 - Pendaftaran/TC-PF-009" time="16.156" classname="Test Cases/T08 - Pendaftaran/TC-PF-009" status="FAILED">
         <failure type="FAILED" message="Test Cases/T08 - Pendaftaran/TC-PF-009 FAILED.
Reason:
com.kms.katalon.core.exception.StepFailedException: Unable to verify text 'please input an valid usernme' is present 
	at com.kms.katalon.core.webui.keyword.internal.WebUIKeywordMain.stepFailed(WebUIKeywordMain.groovy:64)
	at com.kms.katalon.core.webui.keyword.internal.WebUIKeywordMain.runKeyword(WebUIKeywordMain.groovy:26)
	at com.kms.katalon.core.webui.keyword.builtin.VerifyTextPresentKeyword.verifyTextPresent(VerifyTextPresentKeyword.groovy:83)
	at com.kms.katalon.core.webui.keyword.builtin.VerifyTextPresentKeyword.execute(VerifyTextPresentKeyword.groovy:68)
	at com.kms.katalon.core.keyword.internal.KeywordExecutor.executeKeywordForPlatform(KeywordExecutor.groovy:74)
	at com.kms.katalon.core.webui.keyword.WebUiBuiltInKeywords.verifyTextPresent(WebUiBuiltInKeywords.groovy:1723)
	at com.kms.katalon.core.webui.keyword.WebUiBuiltInKeywords$verifyTextPresent$10.call(Unknown Source)
	at TC-PF-009.run(TC-PF-009:49)
	at com.kms.katalon.core.main.ScriptEngine.run(ScriptEngine.java:194)
	at com.kms.katalon.core.main.ScriptEngine.runScriptAsRawText(ScriptEngine.java:119)
	at com.kms.katalon.core.main.TestCaseExecutor.runScript(TestCaseExecutor.java:448)
	at com.kms.katalon.core.main.TestCaseExecutor.doExecute(TestCaseExecutor.java:439)
	at com.kms.katalon.core.main.TestCaseExecutor.processExecutionPhase(TestCaseExecutor.java:418)
	at com.kms.katalon.core.main.TestCaseExecutor.accessMainPhase(TestCaseExecutor.java:410)
	at com.kms.katalon.core.main.TestCaseExecutor.execute(TestCaseExecutor.java:285)
	at com.kms.katalon.core.common.CommonExecutor.accessTestCaseMainPhase(CommonExecutor.java:65)
	at com.kms.katalon.core.main.TestSuiteExecutor.accessTestSuiteMainPhase(TestSuiteExecutor.java:148)
	at com.kms.katalon.core.main.TestSuiteExecutor.execute(TestSuiteExecutor.java:106)
	at com.kms.katalon.core.main.TestCaseMain.startTestSuite(TestCaseMain.java:187)
	at com.kms.katalon.core.main.TestCaseMain$startTestSuite$0.call(Unknown Source)
	at TempTestSuite1696498335026.run(TempTestSuite1696498335026.groovy:36)
Caused by: com.kms.katalon.core.exception.StepFailedException: Text 'please input an valid usernme' is not present on page 
	at com.kms.katalon.core.webui.keyword.internal.WebUIKeywordMain.stepFailed(WebUIKeywordMain.groovy:64)
	at com.kms.katalon.core.webui.keyword.builtin.VerifyTextPresentKeyword$_verifyTextPresent_closure1.doCall(VerifyTextPresentKeyword.groovy:79)
	at com.kms.katalon.core.webui.keyword.builtin.VerifyTextPresentKeyword$_verifyTextPresent_closure1.call(VerifyTextPresentKeyword.groovy)
	at com.kms.katalon.core.webui.keyword.internal.WebUIKeywordMain.runKeyword(WebUIKeywordMain.groovy:20)
	... 19 more
"/>
         <system-out><![CDATA[2023-10-05 16:38:49 - [TEST_CASE][FAILED] - Test Cases/T08 - Pendaftaran/TC-PF-009: Test Cases/T08 - Pendaftaran/TC-PF-009 FAILED.
Reason:
com.kms.katalon.core.exception.StepFailedException: Unable to verify text 'please input an valid usernme' is present 
	at com.kms.katalon.core.webui.keyword.internal.WebUIKeywordMain.stepFailed(WebUIKeywordMain.groovy:64)
	at com.kms.katalon.core.webui.keyword.internal.WebUIKeywordMain.runKeyword(WebUIKeywordMain.groovy:26)
	at com.kms.katalon.core.webui.keyword.builtin.VerifyTextPresentKeyword.verifyTextPresent(VerifyTextPresentKeyword.groovy:83)
	at com.kms.katalon.core.webui.keyword.builtin.VerifyTextPresentKeyword.execute(VerifyTextPresentKeyword.groovy:68)
	at com.kms.katalon.core.keyword.internal.KeywordExecutor.executeKeywordForPlatform(KeywordExecutor.groovy:74)
	at com.kms.katalon.core.webui.keyword.WebUiBuiltInKeywords.verifyTextPresent(WebUiBuiltInKeywords.groovy:1723)
	at com.kms.katalon.core.webui.keyword.WebUiBuiltInKeywords$verifyTextPresent$10.call(Unknown Source)
	at TC-PF-009.run(TC-PF-009:49)
	at com.kms.katalon.core.main.ScriptEngine.run(ScriptEngine.java:194)
	at com.kms.katalon.core.main.ScriptEngine.runScriptAsRawText(ScriptEngine.java:119)
	at com.kms.katalon.core.main.TestCaseExecutor.runScript(TestCaseExecutor.java:448)
	at com.kms.katalon.core.main.TestCaseExecutor.doExecute(TestCaseExecutor.java:439)
	at com.kms.katalon.core.main.TestCaseExecutor.processExecutionPhase(TestCaseExecutor.java:418)
	at com.kms.katalon.core.main.TestCaseExecutor.accessMainPhase(TestCaseExecutor.java:410)
	at com.kms.katalon.core.main.TestCaseExecutor.execute(TestCaseExecutor.java:285)
	at com.kms.katalon.core.common.CommonExecutor.accessTestCaseMainPhase(CommonExecutor.java:65)
	at com.kms.katalon.core.main.TestSuiteExecutor.accessTestSuiteMainPhase(TestSuiteExecutor.java:148)
	at com.kms.katalon.core.main.TestSuiteExecutor.execute(TestSuiteExecutor.java:106)
	at com.kms.katalon.core.main.TestCaseMain.startTestSuite(TestCaseMain.java:187)
	at com.kms.katalon.core.main.TestCaseMain$startTestSuite$0.call(Unknown Source)
	at TempTestSuite1696498335026.run(TempTestSuite1696498335026.groovy:36)
Caused by: com.kms.katalon.core.exception.StepFailedException: Text 'please input an valid usernme' is not present on page 
	at com.kms.katalon.core.webui.keyword.internal.WebUIKeywordMain.stepFailed(WebUIKeywordMain.groovy:64)
	at com.kms.katalon.core.webui.keyword.builtin.VerifyTextPresentKeyword$_verifyTextPresent_closure1.doCall(VerifyTextPresentKeyword.groovy:79)
	at com.kms.katalon.core.webui.keyword.builtin.VerifyTextPresentKeyword$_verifyTextPresent_closure1.call(VerifyTextPresentKeyword.groovy)
	at com.kms.katalon.core.webui.keyword.internal.WebUIKeywordMain.runKeyword(WebUIKeywordMain.groovy:20)
	... 19 more


2023-10-05 16:38:49 - [TEST_STEP][PASSED] - openBrowser(urlWeb): Browser is opened with url: 'https://10.9.2.63/ecommerce/'

2023-10-05 16:38:49 - [MESSAGE][WARNING] - A browser is already opened. Closing browser and opening a new one

2023-10-05 16:38:51 - [MESSAGE][INFO] - Starting 'Firefox' driver

2023-10-05 16:38:51 - [MESSAGE][INFO] - User set preference: ['args', '[window-size=1500,1000, ignore-certificate-errors, UnexpectedAlertBehaviour=ignore]']

2023-10-05 16:38:51 - [MESSAGE][INFO] - Action delay is set to 0 milliseconds

2023-10-05 16:38:55 - [MESSAGE][PASSED] - Browser is opened with url: 'https://10.9.2.63/ecommerce/'

2023-10-05 16:38:55 - [TEST_STEP][PASSED] - maximizeWindow(): Current window maximized

2023-10-05 16:38:56 - [MESSAGE][PASSED] - Current window maximized

2023-10-05 16:38:56 - [TEST_STEP][PASSED] - verifyElementPresent(findTestObject("verifikasi halaman tajalapak sebelum daftar"), 0): Object 'Object Repository/verifikasi halaman tajalapak sebelum daftar' is present

2023-10-05 16:38:56 - [MESSAGE][WARNING] - Timeout '0' is invalid. Using default page load timeout: '30'

2023-10-05 16:38:56 - [MESSAGE][PASSED] - Object 'Object Repository/verifikasi halaman tajalapak sebelum daftar' is present

2023-10-05 16:38:56 - [TEST_STEP][PASSED] - click(findTestObject("Pendaftaran/button Register")): Object: 'Object Repository/Pendaftaran/button Register' is clicked on

2023-10-05 16:38:57 - [MESSAGE][PASSED] - Object: 'Object Repository/Pendaftaran/button Register' is clicked on

2023-10-05 16:38:57 - [TEST_STEP][PASSED] - verifyElementPresent(findTestObject("Pendaftaran/verifikasi masuk helamaan daftar"), 0): Object 'Object Repository/Pendaftaran/verifikasi masuk helamaan daftar' is present

2023-10-05 16:38:57 - [MESSAGE][WARNING] - Timeout '0' is invalid. Using default page load timeout: '30'

2023-10-05 16:38:57 - [MESSAGE][PASSED] - Object 'Object Repository/Pendaftaran/verifikasi masuk helamaan daftar' is present

2023-10-05 16:38:57 - [TEST_STEP][PASSED] - setText(findTestObject("Pendaftaran/input username"), username): Text '-' is set on object 'Object Repository/Pendaftaran/input username'

2023-10-05 16:38:58 - [MESSAGE][PASSED] - Text '-' is set on object 'Object Repository/Pendaftaran/input username'

2023-10-05 16:38:58 - [TEST_STEP][PASSED] - setText(findTestObject("Pendaftaran/input email"), email): Text 'jondu@gmail.com' is set on object 'Object Repository/Pendaftaran/input email'

2023-10-05 16:38:59 - [MESSAGE][PASSED] - Text 'jondu@gmail.com' is set on object 'Object Repository/Pendaftaran/input email'

2023-10-05 16:38:59 - [TEST_STEP][PASSED] - setText(findTestObject("Pendaftaran/input Nomor Telephon"), noHP): Text '085643565656' is set on object 'Object Repository/Pendaftaran/input Nomor Telephon'

2023-10-05 16:38:59 - [MESSAGE][PASSED] - Text '085643565656' is set on object 'Object Repository/Pendaftaran/input Nomor Telephon'

2023-10-05 16:38:59 - [TEST_STEP][PASSED] - if (toString().equalsIgnoreCase("Perempuan")): null

2023-10-05 16:38:59 - [TEST_STEP][PASSED] - else if (toString().equalsIgnoreCase("Laki-laki")): Object 'Object Repository/Pendaftaran/pilihan Pria' is checked

2023-10-05 16:38:59 - [TEST_STEP][PASSED] - check(findTestObject("Object Repository/Pendaftaran/pilihan Pria")): Object 'Object Repository/Pendaftaran/pilihan Pria' is checked

2023-10-05 16:39:00 - [MESSAGE][PASSED] - Object 'Object Repository/Pendaftaran/pilihan Pria' is checked

2023-10-05 16:39:00 - [TEST_STEP][PASSED] - setEncryptedText(findTestObject("Pendaftaran/input password"), "8MbLm3cRDkc/jsWL6sX6LA=="): Text ****** has been set on object 'Object Repository/Pendaftaran/input password'

2023-10-05 16:39:00 - [MESSAGE][PASSED] - Text ****** has been set on object 'Object Repository/Pendaftaran/input password'

2023-10-05 16:39:00 - [TEST_STEP][PASSED] - setEncryptedText(findTestObject("Pendaftaran/input konfirmasi password"), "8MbLm3cRDkc/jsWL6sX6LA=="): Text ****** has been set on object 'Object Repository/Pendaftaran/input konfirmasi password'

2023-10-05 16:39:01 - [MESSAGE][PASSED] - Text ****** has been set on object 'Object Repository/Pendaftaran/input konfirmasi password'

2023-10-05 16:39:01 - [TEST_STEP][PASSED] - click(findTestObject("Pendaftaran/button_Daftar")): Object: 'Object Repository/Pendaftaran/button_Daftar' is clicked on

2023-10-05 16:39:04 - [MESSAGE][PASSED] - Object: 'Object Repository/Pendaftaran/button_Daftar' is clicked on

2023-10-05 16:39:04 - [TEST_STEP][FAILED] - verifyTextPresent("please input an valid usernme", false): Unable to verify text 'please input an valid usernme' is present  (Root cause: com.kms.katalon.core.exception.StepFailedException: Unable to verify text 'please input an valid usernme' is present 
	at com.kms.katalon.core.webui.keyword.internal.WebUIKeywordMain.stepFailed(WebUIKeywordMain.groovy:64)
	at com.kms.katalon.core.webui.keyword.internal.WebUIKeywordMain.runKeyword(WebUIKeywordMain.groovy:26)
	at com.kms.katalon.core.webui.keyword.builtin.VerifyTextPresentKeyword.verifyTextPresent(VerifyTextPresentKeyword.groovy:83)
	at com.kms.katalon.core.webui.keyword.builtin.VerifyTextPresentKeyword.execute(VerifyTextPresentKeyword.groovy:68)
	at com.kms.katalon.core.keyword.internal.KeywordExecutor.executeKeywordForPlatform(KeywordExecutor.groovy:74)
	at com.kms.katalon.core.webui.keyword.WebUiBuiltInKeywords.verifyTextPresent(WebUiBuiltInKeywords.groovy:1723)
	at com.kms.katalon.core.webui.keyword.WebUiBuiltInKeywords$verifyTextPresent$10.call(Unknown Source)
	at TC-PF-009.run(TC-PF-009:49)
	at com.kms.katalon.core.main.ScriptEngine.run(ScriptEngine.java:194)
	at com.kms.katalon.core.main.ScriptEngine.runScriptAsRawText(ScriptEngine.java:119)
	at com.kms.katalon.core.main.TestCaseExecutor.runScript(TestCaseExecutor.java:448)
	at com.kms.katalon.core.main.TestCaseExecutor.doExecute(TestCaseExecutor.java:439)
	at com.kms.katalon.core.main.TestCaseExecutor.processExecutionPhase(TestCaseExecutor.java:418)
	at com.kms.katalon.core.main.TestCaseExecutor.accessMainPhase(TestCaseExecutor.java:410)
	at com.kms.katalon.core.main.TestCaseExecutor.execute(TestCaseExecutor.java:285)
	at com.kms.katalon.core.common.CommonExecutor.accessTestCaseMainPhase(CommonExecutor.java:65)
	at com.kms.katalon.core.main.TestSuiteExecutor.accessTestSuiteMainPhase(TestSuiteExecutor.java:148)
	at com.kms.katalon.core.main.TestSuiteExecutor.execute(TestSuiteExecutor.java:106)
	at com.kms.katalon.core.main.TestCaseMain.startTestSuite(TestCaseMain.java:187)
	at com.kms.katalon.core.main.TestCaseMain$startTestSuite$0.call(Unknown Source)
	at TempTestSuite1696498335026.run(TempTestSuite1696498335026.groovy:36)
Caused by: com.kms.katalon.core.exception.StepFailedException: Text 'please input an valid usernme' is not present on page 
	at com.kms.katalon.core.webui.keyword.internal.WebUIKeywordMain.stepFailed(WebUIKeywordMain.groovy:64)
	at com.kms.katalon.core.webui.keyword.builtin.VerifyTextPresentKeyword$_verifyTextPresent_closure1.doCall(VerifyTextPresentKeyword.groovy:79)
	at com.kms.katalon.core.webui.keyword.builtin.VerifyTextPresentKeyword$_verifyTextPresent_closure1.call(VerifyTextPresentKeyword.groovy)
	at com.kms.katalon.core.webui.keyword.internal.WebUIKeywordMain.runKeyword(WebUIKeywordMain.groovy:20)
	... 19 more
)

2023-10-05 16:39:05 - [MESSAGE][FAILED] - Text 'please input an valid usernme' is not present on page  (Root cause: com.kms.katalon.core.exception.StepFailedException: Text 'please input an valid usernme' is not present on page 
	at com.kms.katalon.core.webui.keyword.internal.WebUIKeywordMain.stepFailed(WebUIKeywordMain.groovy:64)
	at com.kms.katalon.core.webui.keyword.builtin.VerifyTextPresentKeyword$_verifyTextPresent_closure1.doCall(VerifyTextPresentKeyword.groovy:79)
	at com.kms.katalon.core.webui.keyword.builtin.VerifyTextPresentKeyword$_verifyTextPresent_closure1.call(VerifyTextPresentKeyword.groovy)
	at com.kms.katalon.core.webui.keyword.internal.WebUIKeywordMain.runKeyword(WebUIKeywordMain.groovy:20)
	at com.kms.katalon.core.webui.keyword.builtin.VerifyTextPresentKeyword.verifyTextPresent(VerifyTextPresentKeyword.groovy:83)
	at com.kms.katalon.core.webui.keyword.builtin.VerifyTextPresentKeyword.execute(VerifyTextPresentKeyword.groovy:68)
	at com.kms.katalon.core.keyword.internal.KeywordExecutor.executeKeywordForPlatform(KeywordExecutor.groovy:74)
	at com.kms.katalon.core.webui.keyword.WebUiBuiltInKeywords.verifyTextPresent(WebUiBuiltInKeywords.groovy:1723)
	at com.kms.katalon.core.webui.keyword.WebUiBuiltInKeywords$verifyTextPresent$10.call(Unknown Source)
	at TC-PF-009.run(TC-PF-009:49)
	at com.kms.katalon.core.main.ScriptEngine.run(ScriptEngine.java:194)
	at com.kms.katalon.core.main.ScriptEngine.runScriptAsRawText(ScriptEngine.java:119)
	at com.kms.katalon.core.main.TestCaseExecutor.runScript(TestCaseExecutor.java:448)
	at com.kms.katalon.core.main.TestCaseExecutor.doExecute(TestCaseExecutor.java:439)
	at com.kms.katalon.core.main.TestCaseExecutor.processExecutionPhase(TestCaseExecutor.java:418)
	at com.kms.katalon.core.main.TestCaseExecutor.accessMainPhase(TestCaseExecutor.java:410)
	at com.kms.katalon.core.main.TestCaseExecutor.execute(TestCaseExecutor.java:285)
	at com.kms.katalon.core.common.CommonExecutor.accessTestCaseMainPhase(CommonExecutor.java:65)
	at com.kms.katalon.core.main.TestSuiteExecutor.accessTestSuiteMainPhase(TestSuiteExecutor.java:148)
	at com.kms.katalon.core.main.TestSuiteExecutor.execute(TestSuiteExecutor.java:106)
	at com.kms.katalon.core.main.TestCaseMain.startTestSuite(TestCaseMain.java:187)
	at com.kms.katalon.core.main.TestCaseMain$startTestSuite$0.call(Unknown Source)
	at TempTestSuite1696498335026.run(TempTestSuite1696498335026.groovy:36)
)

2023-10-05 16:39:05 - [MESSAGE][FAILED] - Unable to verify text 'please input an valid usernme' is present  (Root cause: com.kms.katalon.core.exception.StepFailedException: Unable to verify text 'please input an valid usernme' is present 
	at com.kms.katalon.core.webui.keyword.internal.WebUIKeywordMain.stepFailed(WebUIKeywordMain.groovy:64)
	at com.kms.katalon.core.webui.keyword.internal.WebUIKeywordMain.runKeyword(WebUIKeywordMain.groovy:26)
	at com.kms.katalon.core.webui.keyword.builtin.VerifyTextPresentKeyword.verifyTextPresent(VerifyTextPresentKeyword.groovy:83)
	at com.kms.katalon.core.webui.keyword.builtin.VerifyTextPresentKeyword.execute(VerifyTextPresentKeyword.groovy:68)
	at com.kms.katalon.core.keyword.internal.KeywordExecutor.executeKeywordForPlatform(KeywordExecutor.groovy:74)
	at com.kms.katalon.core.webui.keyword.WebUiBuiltInKeywords.verifyTextPresent(WebUiBuiltInKeywords.groovy:1723)
	at com.kms.katalon.core.webui.keyword.WebUiBuiltInKeywords$verifyTextPresent$10.call(Unknown Source)
	at TC-PF-009.run(TC-PF-009:49)
	at com.kms.katalon.core.main.ScriptEngine.run(ScriptEngine.java:194)
	at com.kms.katalon.core.main.ScriptEngine.runScriptAsRawText(ScriptEngine.java:119)
	at com.kms.katalon.core.main.TestCaseExecutor.runScript(TestCaseExecutor.java:448)
	at com.kms.katalon.core.main.TestCaseExecutor.doExecute(TestCaseExecutor.java:439)
	at com.kms.katalon.core.main.TestCaseExecutor.processExecutionPhase(TestCaseExecutor.java:418)
	at com.kms.katalon.core.main.TestCaseExecutor.accessMainPhase(TestCaseExecutor.java:410)
	at com.kms.katalon.core.main.TestCaseExecutor.execute(TestCaseExecutor.java:285)
	at com.kms.katalon.core.common.CommonExecutor.accessTestCaseMainPhase(CommonExecutor.java:65)
	at com.kms.katalon.core.main.TestSuiteExecutor.accessTestSuiteMainPhase(TestSuiteExecutor.java:148)
	at com.kms.katalon.core.main.TestSuiteExecutor.execute(TestSuiteExecutor.java:106)
	at com.kms.katalon.core.main.TestCaseMain.startTestSuite(TestCaseMain.java:187)
	at com.kms.katalon.core.main.TestCaseMain$startTestSuite$0.call(Unknown Source)
	at TempTestSuite1696498335026.run(TempTestSuite1696498335026.groovy:36)
Caused by: com.kms.katalon.core.exception.StepFailedException: Text 'please input an valid usernme' is not present on page 
	at com.kms.katalon.core.webui.keyword.internal.WebUIKeywordMain.stepFailed(WebUIKeywordMain.groovy:64)
	at com.kms.katalon.core.webui.keyword.builtin.VerifyTextPresentKeyword$_verifyTextPresent_closure1.doCall(VerifyTextPresentKeyword.groovy:79)
	at com.kms.katalon.core.webui.keyword.builtin.VerifyTextPresentKeyword$_verifyTextPresent_closure1.call(VerifyTextPresentKeyword.groovy)
	at com.kms.katalon.core.webui.keyword.internal.WebUIKeywordMain.runKeyword(WebUIKeywordMain.groovy:20)
	... 19 more
)
[[ATTACHMENT|F:\\bootcamp\\Miniproject\\Tajalapak\\Reports\\20231005_163214\\T08-Pendaftaran\\20231005_163215\\1696498745397.png]]]]></system-out>
         <system-err><![CDATA[2023-10-05 16:38:49 - [TEST_CASE][FAILED] - Test Cases/T08 - Pendaftaran/TC-PF-009: Test Cases/T08 - Pendaftaran/TC-PF-009 FAILED.
Reason:
com.kms.katalon.core.exception.StepFailedException: Unable to verify text 'please input an valid usernme' is present 
	at com.kms.katalon.core.webui.keyword.internal.WebUIKeywordMain.stepFailed(WebUIKeywordMain.groovy:64)
	at com.kms.katalon.core.webui.keyword.internal.WebUIKeywordMain.runKeyword(WebUIKeywordMain.groovy:26)
	at com.kms.katalon.core.webui.keyword.builtin.VerifyTextPresentKeyword.verifyTextPresent(VerifyTextPresentKeyword.groovy:83)
	at com.kms.katalon.core.webui.keyword.builtin.VerifyTextPresentKeyword.execute(VerifyTextPresentKeyword.groovy:68)
	at com.kms.katalon.core.keyword.internal.KeywordExecutor.executeKeywordForPlatform(KeywordExecutor.groovy:74)
	at com.kms.katalon.core.webui.keyword.WebUiBuiltInKeywords.verifyTextPresent(WebUiBuiltInKeywords.groovy:1723)
	at com.kms.katalon.core.webui.keyword.WebUiBuiltInKeywords$verifyTextPresent$10.call(Unknown Source)
	at TC-PF-009.run(TC-PF-009:49)
	at com.kms.katalon.core.main.ScriptEngine.run(ScriptEngine.java:194)
	at com.kms.katalon.core.main.ScriptEngine.runScriptAsRawText(ScriptEngine.java:119)
	at com.kms.katalon.core.main.TestCaseExecutor.runScript(TestCaseExecutor.java:448)
	at com.kms.katalon.core.main.TestCaseExecutor.doExecute(TestCaseExecutor.java:439)
	at com.kms.katalon.core.main.TestCaseExecutor.processExecutionPhase(TestCaseExecutor.java:418)
	at com.kms.katalon.core.main.TestCaseExecutor.accessMainPhase(TestCaseExecutor.java:410)
	at com.kms.katalon.core.main.TestCaseExecutor.execute(TestCaseExecutor.java:285)
	at com.kms.katalon.core.common.CommonExecutor.accessTestCaseMainPhase(CommonExecutor.java:65)
	at com.kms.katalon.core.main.TestSuiteExecutor.accessTestSuiteMainPhase(TestSuiteExecutor.java:148)
	at com.kms.katalon.core.main.TestSuiteExecutor.execute(TestSuiteExecutor.java:106)
	at com.kms.katalon.core.main.TestCaseMain.startTestSuite(TestCaseMain.java:187)
	at com.kms.katalon.core.main.TestCaseMain$startTestSuite$0.call(Unknown Source)
	at TempTestSuite1696498335026.run(TempTestSuite1696498335026.groovy:36)
Caused by: com.kms.katalon.core.exception.StepFailedException: Text 'please input an valid usernme' is not present on page 
	at com.kms.katalon.core.webui.keyword.internal.WebUIKeywordMain.stepFailed(WebUIKeywordMain.groovy:64)
	at com.kms.katalon.core.webui.keyword.builtin.VerifyTextPresentKeyword$_verifyTextPresent_closure1.doCall(VerifyTextPresentKeyword.groovy:79)
	at com.kms.katalon.core.webui.keyword.builtin.VerifyTextPresentKeyword$_verifyTextPresent_closure1.call(VerifyTextPresentKeyword.groovy)
	at com.kms.katalon.core.webui.keyword.internal.WebUIKeywordMain.runKeyword(WebUIKeywordMain.groovy:20)
	... 19 more]]></system-err>
      </testcase>
      <testcase name="Test Cases/T08 - Pendaftaran/TC-PF-010" time="15.945" classname="Test Cases/T08 - Pendaftaran/TC-PF-010" status="FAILED">
         <failure type="FAILED" message="Test Cases/T08 - Pendaftaran/TC-PF-010 FAILED.
Reason:
com.kms.katalon.core.exception.StepFailedException: Unable to verify text 'Minimum length of this field must be equal or greater than 7 characters' is present 
	at com.kms.katalon.core.webui.keyword.internal.WebUIKeywordMain.stepFailed(WebUIKeywordMain.groovy:64)
	at com.kms.katalon.core.webui.keyword.internal.WebUIKeywordMain.runKeyword(WebUIKeywordMain.groovy:26)
	at com.kms.katalon.core.webui.keyword.builtin.VerifyTextPresentKeyword.verifyTextPresent(VerifyTextPresentKeyword.groovy:83)
	at com.kms.katalon.core.webui.keyword.builtin.VerifyTextPresentKeyword.execute(VerifyTextPresentKeyword.groovy:68)
	at com.kms.katalon.core.keyword.internal.KeywordExecutor.executeKeywordForPlatform(KeywordExecutor.groovy:74)
	at com.kms.katalon.core.webui.keyword.WebUiBuiltInKeywords.verifyTextPresent(WebUiBuiltInKeywords.groovy:1723)
	at com.kms.katalon.core.webui.keyword.WebUiBuiltInKeywords$verifyTextPresent$10.call(Unknown Source)
	at TC-PF-010.run(TC-PF-010:49)
	at com.kms.katalon.core.main.ScriptEngine.run(ScriptEngine.java:194)
	at com.kms.katalon.core.main.ScriptEngine.runScriptAsRawText(ScriptEngine.java:119)
	at com.kms.katalon.core.main.TestCaseExecutor.runScript(TestCaseExecutor.java:448)
	at com.kms.katalon.core.main.TestCaseExecutor.doExecute(TestCaseExecutor.java:439)
	at com.kms.katalon.core.main.TestCaseExecutor.processExecutionPhase(TestCaseExecutor.java:418)
	at com.kms.katalon.core.main.TestCaseExecutor.accessMainPhase(TestCaseExecutor.java:410)
	at com.kms.katalon.core.main.TestCaseExecutor.execute(TestCaseExecutor.java:285)
	at com.kms.katalon.core.common.CommonExecutor.accessTestCaseMainPhase(CommonExecutor.java:65)
	at com.kms.katalon.core.main.TestSuiteExecutor.accessTestSuiteMainPhase(TestSuiteExecutor.java:148)
	at com.kms.katalon.core.main.TestSuiteExecutor.execute(TestSuiteExecutor.java:106)
	at com.kms.katalon.core.main.TestCaseMain.startTestSuite(TestCaseMain.java:187)
	at com.kms.katalon.core.main.TestCaseMain$startTestSuite$0.call(Unknown Source)
	at TempTestSuite1696498335026.run(TempTestSuite1696498335026.groovy:36)
Caused by: com.kms.katalon.core.exception.StepFailedException: Text 'Minimum length of this field must be equal or greater than 7 characters' is not present on page 
	at com.kms.katalon.core.webui.keyword.internal.WebUIKeywordMain.stepFailed(WebUIKeywordMain.groovy:64)
	at com.kms.katalon.core.webui.keyword.builtin.VerifyTextPresentKeyword$_verifyTextPresent_closure1.doCall(VerifyTextPresentKeyword.groovy:79)
	at com.kms.katalon.core.webui.keyword.builtin.VerifyTextPresentKeyword$_verifyTextPresent_closure1.call(VerifyTextPresentKeyword.groovy)
	at com.kms.katalon.core.webui.keyword.internal.WebUIKeywordMain.runKeyword(WebUIKeywordMain.groovy:20)
	... 19 more
"/>
         <system-out><![CDATA[2023-10-05 16:39:05 - [TEST_CASE][FAILED] - Test Cases/T08 - Pendaftaran/TC-PF-010: Test Cases/T08 - Pendaftaran/TC-PF-010 FAILED.
Reason:
com.kms.katalon.core.exception.StepFailedException: Unable to verify text 'Minimum length of this field must be equal or greater than 7 characters' is present 
	at com.kms.katalon.core.webui.keyword.internal.WebUIKeywordMain.stepFailed(WebUIKeywordMain.groovy:64)
	at com.kms.katalon.core.webui.keyword.internal.WebUIKeywordMain.runKeyword(WebUIKeywordMain.groovy:26)
	at com.kms.katalon.core.webui.keyword.builtin.VerifyTextPresentKeyword.verifyTextPresent(VerifyTextPresentKeyword.groovy:83)
	at com.kms.katalon.core.webui.keyword.builtin.VerifyTextPresentKeyword.execute(VerifyTextPresentKeyword.groovy:68)
	at com.kms.katalon.core.keyword.internal.KeywordExecutor.executeKeywordForPlatform(KeywordExecutor.groovy:74)
	at com.kms.katalon.core.webui.keyword.WebUiBuiltInKeywords.verifyTextPresent(WebUiBuiltInKeywords.groovy:1723)
	at com.kms.katalon.core.webui.keyword.WebUiBuiltInKeywords$verifyTextPresent$10.call(Unknown Source)
	at TC-PF-010.run(TC-PF-010:49)
	at com.kms.katalon.core.main.ScriptEngine.run(ScriptEngine.java:194)
	at com.kms.katalon.core.main.ScriptEngine.runScriptAsRawText(ScriptEngine.java:119)
	at com.kms.katalon.core.main.TestCaseExecutor.runScript(TestCaseExecutor.java:448)
	at com.kms.katalon.core.main.TestCaseExecutor.doExecute(TestCaseExecutor.java:439)
	at com.kms.katalon.core.main.TestCaseExecutor.processExecutionPhase(TestCaseExecutor.java:418)
	at com.kms.katalon.core.main.TestCaseExecutor.accessMainPhase(TestCaseExecutor.java:410)
	at com.kms.katalon.core.main.TestCaseExecutor.execute(TestCaseExecutor.java:285)
	at com.kms.katalon.core.common.CommonExecutor.accessTestCaseMainPhase(CommonExecutor.java:65)
	at com.kms.katalon.core.main.TestSuiteExecutor.accessTestSuiteMainPhase(TestSuiteExecutor.java:148)
	at com.kms.katalon.core.main.TestSuiteExecutor.execute(TestSuiteExecutor.java:106)
	at com.kms.katalon.core.main.TestCaseMain.startTestSuite(TestCaseMain.java:187)
	at com.kms.katalon.core.main.TestCaseMain$startTestSuite$0.call(Unknown Source)
	at TempTestSuite1696498335026.run(TempTestSuite1696498335026.groovy:36)
Caused by: com.kms.katalon.core.exception.StepFailedException: Text 'Minimum length of this field must be equal or greater than 7 characters' is not present on page 
	at com.kms.katalon.core.webui.keyword.internal.WebUIKeywordMain.stepFailed(WebUIKeywordMain.groovy:64)
	at com.kms.katalon.core.webui.keyword.builtin.VerifyTextPresentKeyword$_verifyTextPresent_closure1.doCall(VerifyTextPresentKeyword.groovy:79)
	at com.kms.katalon.core.webui.keyword.builtin.VerifyTextPresentKeyword$_verifyTextPresent_closure1.call(VerifyTextPresentKeyword.groovy)
	at com.kms.katalon.core.webui.keyword.internal.WebUIKeywordMain.runKeyword(WebUIKeywordMain.groovy:20)
	... 19 more


2023-10-05 16:39:06 - [TEST_STEP][PASSED] - openBrowser(urlWeb): Browser is opened with url: 'https://10.9.2.63/ecommerce/'

2023-10-05 16:39:06 - [MESSAGE][WARNING] - A browser is already opened. Closing browser and opening a new one

2023-10-05 16:39:07 - [MESSAGE][INFO] - Starting 'Firefox' driver

2023-10-05 16:39:07 - [MESSAGE][INFO] - User set preference: ['args', '[window-size=1500,1000, ignore-certificate-errors, UnexpectedAlertBehaviour=ignore]']

2023-10-05 16:39:07 - [MESSAGE][INFO] - Action delay is set to 0 milliseconds

2023-10-05 16:39:12 - [MESSAGE][PASSED] - Browser is opened with url: 'https://10.9.2.63/ecommerce/'

2023-10-05 16:39:12 - [TEST_STEP][PASSED] - maximizeWindow(): Current window maximized

2023-10-05 16:39:12 - [MESSAGE][PASSED] - Current window maximized

2023-10-05 16:39:12 - [TEST_STEP][PASSED] - verifyElementPresent(findTestObject("verifikasi halaman tajalapak sebelum daftar"), 0): Object 'Object Repository/verifikasi halaman tajalapak sebelum daftar' is present

2023-10-05 16:39:12 - [MESSAGE][WARNING] - Timeout '0' is invalid. Using default page load timeout: '30'

2023-10-05 16:39:12 - [MESSAGE][PASSED] - Object 'Object Repository/verifikasi halaman tajalapak sebelum daftar' is present

2023-10-05 16:39:12 - [TEST_STEP][PASSED] - click(findTestObject("Pendaftaran/button Register")): Object: 'Object Repository/Pendaftaran/button Register' is clicked on

2023-10-05 16:39:13 - [MESSAGE][PASSED] - Object: 'Object Repository/Pendaftaran/button Register' is clicked on

2023-10-05 16:39:13 - [TEST_STEP][PASSED] - verifyElementPresent(findTestObject("Pendaftaran/verifikasi masuk helamaan daftar"), 0): Object 'Object Repository/Pendaftaran/verifikasi masuk helamaan daftar' is present

2023-10-05 16:39:13 - [MESSAGE][WARNING] - Timeout '0' is invalid. Using default page load timeout: '30'

2023-10-05 16:39:14 - [MESSAGE][PASSED] - Object 'Object Repository/Pendaftaran/verifikasi masuk helamaan daftar' is present

2023-10-05 16:39:14 - [TEST_STEP][PASSED] - setText(findTestObject("Pendaftaran/input username"), username): Text 'johndue' is set on object 'Object Repository/Pendaftaran/input username'

2023-10-05 16:39:15 - [MESSAGE][PASSED] - Text 'johndue' is set on object 'Object Repository/Pendaftaran/input username'

2023-10-05 16:39:15 - [TEST_STEP][PASSED] - setText(findTestObject("Pendaftaran/input email"), email): Text 'johndue@gmail.com' is set on object 'Object Repository/Pendaftaran/input email'

2023-10-05 16:39:15 - [MESSAGE][PASSED] - Text 'johndue@gmail.com' is set on object 'Object Repository/Pendaftaran/input email'

2023-10-05 16:39:15 - [TEST_STEP][PASSED] - setText(findTestObject("Pendaftaran/input Nomor Telephon"), noHP): Text '085621213131' is set on object 'Object Repository/Pendaftaran/input Nomor Telephon'

2023-10-05 16:39:16 - [MESSAGE][PASSED] - Text '085621213131' is set on object 'Object Repository/Pendaftaran/input Nomor Telephon'

2023-10-05 16:39:16 - [TEST_STEP][PASSED] - if (toString().equalsIgnoreCase("Perempuan")): null

2023-10-05 16:39:16 - [TEST_STEP][PASSED] - else if (toString().equalsIgnoreCase("Laki-laki")): Object 'Object Repository/Pendaftaran/pilihan Pria' is checked

2023-10-05 16:39:16 - [TEST_STEP][PASSED] - check(findTestObject("Object Repository/Pendaftaran/pilihan Pria")): Object 'Object Repository/Pendaftaran/pilihan Pria' is checked

2023-10-05 16:39:16 - [MESSAGE][PASSED] - Object 'Object Repository/Pendaftaran/pilihan Pria' is checked

2023-10-05 16:39:16 - [TEST_STEP][PASSED] - setEncryptedText(findTestObject("Pendaftaran/input password"), "3t/5BPxJM2g="): Text ****** has been set on object 'Object Repository/Pendaftaran/input password'

2023-10-05 16:39:17 - [MESSAGE][PASSED] - Text ****** has been set on object 'Object Repository/Pendaftaran/input password'

2023-10-05 16:39:17 - [TEST_STEP][PASSED] - setEncryptedText(findTestObject("Pendaftaran/input konfirmasi password"), "3t/5BPxJM2g="): Text ****** has been set on object 'Object Repository/Pendaftaran/input konfirmasi password'

2023-10-05 16:39:17 - [MESSAGE][PASSED] - Text ****** has been set on object 'Object Repository/Pendaftaran/input konfirmasi password'

2023-10-05 16:39:17 - [TEST_STEP][PASSED] - click(findTestObject("Pendaftaran/button_Daftar")): Object: 'Object Repository/Pendaftaran/button_Daftar' is clicked on

2023-10-05 16:39:20 - [MESSAGE][PASSED] - Object: 'Object Repository/Pendaftaran/button_Daftar' is clicked on

2023-10-05 16:39:20 - [TEST_STEP][FAILED] - verifyTextPresent("Minimum length of this field must be equal or greater than 7 characters", false): Unable to verify text 'Minimum length of this field must be equal or greater than 7 characters' is present  (Root cause: com.kms.katalon.core.exception.StepFailedException: Unable to verify text 'Minimum length of this field must be equal or greater than 7 characters' is present 
	at com.kms.katalon.core.webui.keyword.internal.WebUIKeywordMain.stepFailed(WebUIKeywordMain.groovy:64)
	at com.kms.katalon.core.webui.keyword.internal.WebUIKeywordMain.runKeyword(WebUIKeywordMain.groovy:26)
	at com.kms.katalon.core.webui.keyword.builtin.VerifyTextPresentKeyword.verifyTextPresent(VerifyTextPresentKeyword.groovy:83)
	at com.kms.katalon.core.webui.keyword.builtin.VerifyTextPresentKeyword.execute(VerifyTextPresentKeyword.groovy:68)
	at com.kms.katalon.core.keyword.internal.KeywordExecutor.executeKeywordForPlatform(KeywordExecutor.groovy:74)
	at com.kms.katalon.core.webui.keyword.WebUiBuiltInKeywords.verifyTextPresent(WebUiBuiltInKeywords.groovy:1723)
	at com.kms.katalon.core.webui.keyword.WebUiBuiltInKeywords$verifyTextPresent$10.call(Unknown Source)
	at TC-PF-010.run(TC-PF-010:49)
	at com.kms.katalon.core.main.ScriptEngine.run(ScriptEngine.java:194)
	at com.kms.katalon.core.main.ScriptEngine.runScriptAsRawText(ScriptEngine.java:119)
	at com.kms.katalon.core.main.TestCaseExecutor.runScript(TestCaseExecutor.java:448)
	at com.kms.katalon.core.main.TestCaseExecutor.doExecute(TestCaseExecutor.java:439)
	at com.kms.katalon.core.main.TestCaseExecutor.processExecutionPhase(TestCaseExecutor.java:418)
	at com.kms.katalon.core.main.TestCaseExecutor.accessMainPhase(TestCaseExecutor.java:410)
	at com.kms.katalon.core.main.TestCaseExecutor.execute(TestCaseExecutor.java:285)
	at com.kms.katalon.core.common.CommonExecutor.accessTestCaseMainPhase(CommonExecutor.java:65)
	at com.kms.katalon.core.main.TestSuiteExecutor.accessTestSuiteMainPhase(TestSuiteExecutor.java:148)
	at com.kms.katalon.core.main.TestSuiteExecutor.execute(TestSuiteExecutor.java:106)
	at com.kms.katalon.core.main.TestCaseMain.startTestSuite(TestCaseMain.java:187)
	at com.kms.katalon.core.main.TestCaseMain$startTestSuite$0.call(Unknown Source)
	at TempTestSuite1696498335026.run(TempTestSuite1696498335026.groovy:36)
Caused by: com.kms.katalon.core.exception.StepFailedException: Text 'Minimum length of this field must be equal or greater than 7 characters' is not present on page 
	at com.kms.katalon.core.webui.keyword.internal.WebUIKeywordMain.stepFailed(WebUIKeywordMain.groovy:64)
	at com.kms.katalon.core.webui.keyword.builtin.VerifyTextPresentKeyword$_verifyTextPresent_closure1.doCall(VerifyTextPresentKeyword.groovy:79)
	at com.kms.katalon.core.webui.keyword.builtin.VerifyTextPresentKeyword$_verifyTextPresent_closure1.call(VerifyTextPresentKeyword.groovy)
	at com.kms.katalon.core.webui.keyword.internal.WebUIKeywordMain.runKeyword(WebUIKeywordMain.groovy:20)
	... 19 more
)

2023-10-05 16:39:21 - [MESSAGE][FAILED] - Text 'Minimum length of this field must be equal or greater than 7 characters' is not present on page  (Root cause: com.kms.katalon.core.exception.StepFailedException: Text 'Minimum length of this field must be equal or greater than 7 characters' is not present on page 
	at com.kms.katalon.core.webui.keyword.internal.WebUIKeywordMain.stepFailed(WebUIKeywordMain.groovy:64)
	at com.kms.katalon.core.webui.keyword.builtin.VerifyTextPresentKeyword$_verifyTextPresent_closure1.doCall(VerifyTextPresentKeyword.groovy:79)
	at com.kms.katalon.core.webui.keyword.builtin.VerifyTextPresentKeyword$_verifyTextPresent_closure1.call(VerifyTextPresentKeyword.groovy)
	at com.kms.katalon.core.webui.keyword.internal.WebUIKeywordMain.runKeyword(WebUIKeywordMain.groovy:20)
	at com.kms.katalon.core.webui.keyword.builtin.VerifyTextPresentKeyword.verifyTextPresent(VerifyTextPresentKeyword.groovy:83)
	at com.kms.katalon.core.webui.keyword.builtin.VerifyTextPresentKeyword.execute(VerifyTextPresentKeyword.groovy:68)
	at com.kms.katalon.core.keyword.internal.KeywordExecutor.executeKeywordForPlatform(KeywordExecutor.groovy:74)
	at com.kms.katalon.core.webui.keyword.WebUiBuiltInKeywords.verifyTextPresent(WebUiBuiltInKeywords.groovy:1723)
	at com.kms.katalon.core.webui.keyword.WebUiBuiltInKeywords$verifyTextPresent$10.call(Unknown Source)
	at TC-PF-010.run(TC-PF-010:49)
	at com.kms.katalon.core.main.ScriptEngine.run(ScriptEngine.java:194)
	at com.kms.katalon.core.main.ScriptEngine.runScriptAsRawText(ScriptEngine.java:119)
	at com.kms.katalon.core.main.TestCaseExecutor.runScript(TestCaseExecutor.java:448)
	at com.kms.katalon.core.main.TestCaseExecutor.doExecute(TestCaseExecutor.java:439)
	at com.kms.katalon.core.main.TestCaseExecutor.processExecutionPhase(TestCaseExecutor.java:418)
	at com.kms.katalon.core.main.TestCaseExecutor.accessMainPhase(TestCaseExecutor.java:410)
	at com.kms.katalon.core.main.TestCaseExecutor.execute(TestCaseExecutor.java:285)
	at com.kms.katalon.core.common.CommonExecutor.accessTestCaseMainPhase(CommonExecutor.java:65)
	at com.kms.katalon.core.main.TestSuiteExecutor.accessTestSuiteMainPhase(TestSuiteExecutor.java:148)
	at com.kms.katalon.core.main.TestSuiteExecutor.execute(TestSuiteExecutor.java:106)
	at com.kms.katalon.core.main.TestCaseMain.startTestSuite(TestCaseMain.java:187)
	at com.kms.katalon.core.main.TestCaseMain$startTestSuite$0.call(Unknown Source)
	at TempTestSuite1696498335026.run(TempTestSuite1696498335026.groovy:36)
)

2023-10-05 16:39:21 - [MESSAGE][FAILED] - Unable to verify text 'Minimum length of this field must be equal or greater than 7 characters' is present  (Root cause: com.kms.katalon.core.exception.StepFailedException: Unable to verify text 'Minimum length of this field must be equal or greater than 7 characters' is present 
	at com.kms.katalon.core.webui.keyword.internal.WebUIKeywordMain.stepFailed(WebUIKeywordMain.groovy:64)
	at com.kms.katalon.core.webui.keyword.internal.WebUIKeywordMain.runKeyword(WebUIKeywordMain.groovy:26)
	at com.kms.katalon.core.webui.keyword.builtin.VerifyTextPresentKeyword.verifyTextPresent(VerifyTextPresentKeyword.groovy:83)
	at com.kms.katalon.core.webui.keyword.builtin.VerifyTextPresentKeyword.execute(VerifyTextPresentKeyword.groovy:68)
	at com.kms.katalon.core.keyword.internal.KeywordExecutor.executeKeywordForPlatform(KeywordExecutor.groovy:74)
	at com.kms.katalon.core.webui.keyword.WebUiBuiltInKeywords.verifyTextPresent(WebUiBuiltInKeywords.groovy:1723)
	at com.kms.katalon.core.webui.keyword.WebUiBuiltInKeywords$verifyTextPresent$10.call(Unknown Source)
	at TC-PF-010.run(TC-PF-010:49)
	at com.kms.katalon.core.main.ScriptEngine.run(ScriptEngine.java:194)
	at com.kms.katalon.core.main.ScriptEngine.runScriptAsRawText(ScriptEngine.java:119)
	at com.kms.katalon.core.main.TestCaseExecutor.runScript(TestCaseExecutor.java:448)
	at com.kms.katalon.core.main.TestCaseExecutor.doExecute(TestCaseExecutor.java:439)
	at com.kms.katalon.core.main.TestCaseExecutor.processExecutionPhase(TestCaseExecutor.java:418)
	at com.kms.katalon.core.main.TestCaseExecutor.accessMainPhase(TestCaseExecutor.java:410)
	at com.kms.katalon.core.main.TestCaseExecutor.execute(TestCaseExecutor.java:285)
	at com.kms.katalon.core.common.CommonExecutor.accessTestCaseMainPhase(CommonExecutor.java:65)
	at com.kms.katalon.core.main.TestSuiteExecutor.accessTestSuiteMainPhase(TestSuiteExecutor.java:148)
	at com.kms.katalon.core.main.TestSuiteExecutor.execute(TestSuiteExecutor.java:106)
	at com.kms.katalon.core.main.TestCaseMain.startTestSuite(TestCaseMain.java:187)
	at com.kms.katalon.core.main.TestCaseMain$startTestSuite$0.call(Unknown Source)
	at TempTestSuite1696498335026.run(TempTestSuite1696498335026.groovy:36)
Caused by: com.kms.katalon.core.exception.StepFailedException: Text 'Minimum length of this field must be equal or greater than 7 characters' is not present on page 
	at com.kms.katalon.core.webui.keyword.internal.WebUIKeywordMain.stepFailed(WebUIKeywordMain.groovy:64)
	at com.kms.katalon.core.webui.keyword.builtin.VerifyTextPresentKeyword$_verifyTextPresent_closure1.doCall(VerifyTextPresentKeyword.groovy:79)
	at com.kms.katalon.core.webui.keyword.builtin.VerifyTextPresentKeyword$_verifyTextPresent_closure1.call(VerifyTextPresentKeyword.groovy)
	at com.kms.katalon.core.webui.keyword.internal.WebUIKeywordMain.runKeyword(WebUIKeywordMain.groovy:20)
	... 19 more
)
[[ATTACHMENT|F:\\bootcamp\\Miniproject\\Tajalapak\\Reports\\20231005_163214\\T08-Pendaftaran\\20231005_163215\\1696498761624.png]]]]></system-out>
         <system-err><![CDATA[2023-10-05 16:39:05 - [TEST_CASE][FAILED] - Test Cases/T08 - Pendaftaran/TC-PF-010: Test Cases/T08 - Pendaftaran/TC-PF-010 FAILED.
Reason:
com.kms.katalon.core.exception.StepFailedException: Unable to verify text 'Minimum length of this field must be equal or greater than 7 characters' is present 
	at com.kms.katalon.core.webui.keyword.internal.WebUIKeywordMain.stepFailed(WebUIKeywordMain.groovy:64)
	at com.kms.katalon.core.webui.keyword.internal.WebUIKeywordMain.runKeyword(WebUIKeywordMain.groovy:26)
	at com.kms.katalon.core.webui.keyword.builtin.VerifyTextPresentKeyword.verifyTextPresent(VerifyTextPresentKeyword.groovy:83)
	at com.kms.katalon.core.webui.keyword.builtin.VerifyTextPresentKeyword.execute(VerifyTextPresentKeyword.groovy:68)
	at com.kms.katalon.core.keyword.internal.KeywordExecutor.executeKeywordForPlatform(KeywordExecutor.groovy:74)
	at com.kms.katalon.core.webui.keyword.WebUiBuiltInKeywords.verifyTextPresent(WebUiBuiltInKeywords.groovy:1723)
	at com.kms.katalon.core.webui.keyword.WebUiBuiltInKeywords$verifyTextPresent$10.call(Unknown Source)
	at TC-PF-010.run(TC-PF-010:49)
	at com.kms.katalon.core.main.ScriptEngine.run(ScriptEngine.java:194)
	at com.kms.katalon.core.main.ScriptEngine.runScriptAsRawText(ScriptEngine.java:119)
	at com.kms.katalon.core.main.TestCaseExecutor.runScript(TestCaseExecutor.java:448)
	at com.kms.katalon.core.main.TestCaseExecutor.doExecute(TestCaseExecutor.java:439)
	at com.kms.katalon.core.main.TestCaseExecutor.processExecutionPhase(TestCaseExecutor.java:418)
	at com.kms.katalon.core.main.TestCaseExecutor.accessMainPhase(TestCaseExecutor.java:410)
	at com.kms.katalon.core.main.TestCaseExecutor.execute(TestCaseExecutor.java:285)
	at com.kms.katalon.core.common.CommonExecutor.accessTestCaseMainPhase(CommonExecutor.java:65)
	at com.kms.katalon.core.main.TestSuiteExecutor.accessTestSuiteMainPhase(TestSuiteExecutor.java:148)
	at com.kms.katalon.core.main.TestSuiteExecutor.execute(TestSuiteExecutor.java:106)
	at com.kms.katalon.core.main.TestCaseMain.startTestSuite(TestCaseMain.java:187)
	at com.kms.katalon.core.main.TestCaseMain$startTestSuite$0.call(Unknown Source)
	at TempTestSuite1696498335026.run(TempTestSuite1696498335026.groovy:36)
Caused by: com.kms.katalon.core.exception.StepFailedException: Text 'Minimum length of this field must be equal or greater than 7 characters' is not present on page 
	at com.kms.katalon.core.webui.keyword.internal.WebUIKeywordMain.stepFailed(WebUIKeywordMain.groovy:64)
	at com.kms.katalon.core.webui.keyword.builtin.VerifyTextPresentKeyword$_verifyTextPresent_closure1.doCall(VerifyTextPresentKeyword.groovy:79)
	at com.kms.katalon.core.webui.keyword.builtin.VerifyTextPresentKeyword$_verifyTextPresent_closure1.call(VerifyTextPresentKeyword.groovy)
	at com.kms.katalon.core.webui.keyword.internal.WebUIKeywordMain.runKeyword(WebUIKeywordMain.groovy:20)
	... 19 more]]></system-err>
      </testcase>
      <testcase name="Test Cases/T08 - Pendaftaran/TC-PF-011" time="12.861" classname="Test Cases/T08 - Pendaftaran/TC-PF-011" status="PASSED">
         <system-out><![CDATA[2023-10-05 16:39:21 - [TEST_CASE][PASSED] - Test Cases/T08 - Pendaftaran/TC-PF-011: Test Cases/T08 - Pendaftaran/TC-PF-011

2023-10-05 16:39:22 - [TEST_STEP][PASSED] - openBrowser(urlWeb): Browser is opened with url: 'https://10.9.2.63/ecommerce/'

2023-10-05 16:39:22 - [MESSAGE][WARNING] - A browser is already opened. Closing browser and opening a new one

2023-10-05 16:39:23 - [MESSAGE][INFO] - Starting 'Firefox' driver

2023-10-05 16:39:23 - [MESSAGE][INFO] - User set preference: ['args', '[window-size=1500,1000, ignore-certificate-errors, UnexpectedAlertBehaviour=ignore]']

2023-10-05 16:39:23 - [MESSAGE][INFO] - Action delay is set to 0 milliseconds

2023-10-05 16:39:28 - [MESSAGE][PASSED] - Browser is opened with url: 'https://10.9.2.63/ecommerce/'

2023-10-05 16:39:28 - [TEST_STEP][PASSED] - maximizeWindow(): Current window maximized

2023-10-05 16:39:28 - [MESSAGE][PASSED] - Current window maximized

2023-10-05 16:39:28 - [TEST_STEP][PASSED] - verifyElementPresent(findTestObject("verifikasi halaman tajalapak sebelum daftar"), 0): Object 'Object Repository/verifikasi halaman tajalapak sebelum daftar' is present

2023-10-05 16:39:28 - [MESSAGE][WARNING] - Timeout '0' is invalid. Using default page load timeout: '30'

2023-10-05 16:39:28 - [MESSAGE][PASSED] - Object 'Object Repository/verifikasi halaman tajalapak sebelum daftar' is present

2023-10-05 16:39:28 - [TEST_STEP][PASSED] - click(findTestObject("Pendaftaran/button Register")): Object: 'Object Repository/Pendaftaran/button Register' is clicked on

2023-10-05 16:39:29 - [MESSAGE][PASSED] - Object: 'Object Repository/Pendaftaran/button Register' is clicked on

2023-10-05 16:39:29 - [TEST_STEP][PASSED] - verifyElementPresent(findTestObject("Pendaftaran/verifikasi masuk helamaan daftar"), 0): Object 'Object Repository/Pendaftaran/verifikasi masuk helamaan daftar' is present

2023-10-05 16:39:29 - [MESSAGE][WARNING] - Timeout '0' is invalid. Using default page load timeout: '30'

2023-10-05 16:39:30 - [MESSAGE][PASSED] - Object 'Object Repository/Pendaftaran/verifikasi masuk helamaan daftar' is present

2023-10-05 16:39:30 - [TEST_STEP][PASSED] - setText(findTestObject("Pendaftaran/input username"), username): Text 'johandangdue' is set on object 'Object Repository/Pendaftaran/input username'

2023-10-05 16:39:30 - [MESSAGE][PASSED] - Text 'johandangdue' is set on object 'Object Repository/Pendaftaran/input username'

2023-10-05 16:39:30 - [TEST_STEP][PASSED] - setText(findTestObject("Pendaftaran/input email"), email): Text 'johanduer@gmail.com' is set on object 'Object Repository/Pendaftaran/input email'

2023-10-05 16:39:31 - [MESSAGE][PASSED] - Text 'johanduer@gmail.com' is set on object 'Object Repository/Pendaftaran/input email'

2023-10-05 16:39:31 - [TEST_STEP][PASSED] - setText(findTestObject("Pendaftaran/input Nomor Telephon"), noHP): Text '085e4E9ss432' is set on object 'Object Repository/Pendaftaran/input Nomor Telephon'

2023-10-05 16:39:32 - [MESSAGE][PASSED] - Text '085e4E9ss432' is set on object 'Object Repository/Pendaftaran/input Nomor Telephon'

2023-10-05 16:39:32 - [TEST_STEP][PASSED] - if (toString().equalsIgnoreCase("Perempuan")): null

2023-10-05 16:39:32 - [TEST_STEP][PASSED] - else if (toString().equalsIgnoreCase("Laki-laki")): Object 'Object Repository/Pendaftaran/pilihan Pria' is checked

2023-10-05 16:39:32 - [TEST_STEP][PASSED] - check(findTestObject("Object Repository/Pendaftaran/pilihan Pria")): Object 'Object Repository/Pendaftaran/pilihan Pria' is checked

2023-10-05 16:39:32 - [MESSAGE][PASSED] - Object 'Object Repository/Pendaftaran/pilihan Pria' is checked

2023-10-05 16:39:32 - [TEST_STEP][PASSED] - setEncryptedText(findTestObject("Pendaftaran/input password"), "qbkrdMwyWE4="): Text ****** has been set on object 'Object Repository/Pendaftaran/input password'

2023-10-05 16:39:33 - [MESSAGE][PASSED] - Text ****** has been set on object 'Object Repository/Pendaftaran/input password'

2023-10-05 16:39:33 - [TEST_STEP][PASSED] - setEncryptedText(findTestObject("Pendaftaran/input konfirmasi password"), "qbkrdMwyWE4="): Text ****** has been set on object 'Object Repository/Pendaftaran/input konfirmasi password'

2023-10-05 16:39:33 - [MESSAGE][PASSED] - Text ****** has been set on object 'Object Repository/Pendaftaran/input konfirmasi password'

2023-10-05 16:39:33 - [TEST_STEP][PASSED] - click(findTestObject("Pendaftaran/button_Daftar")): Object: 'Object Repository/Pendaftaran/button_Daftar' is clicked on

2023-10-05 16:39:34 - [MESSAGE][PASSED] - Object: 'Object Repository/Pendaftaran/button_Daftar' is clicked on

2023-10-05 16:39:34 - [TEST_STEP][PASSED] - webDriver = getWebDriver(): null

2023-10-05 16:39:34 - [TEST_STEP][PASSED] - field_no = webDriver.findElement(By.xpath("(//input[@name="b"])[4]")): null

2023-10-05 16:39:34 - [TEST_STEP][PASSED] - error_message = webDriver.executeScript("return arguments[0].validationMessage", field_no): null

2023-10-05 16:39:34 - [TEST_STEP][PASSED] - println(error_message): null

2023-10-05 16:39:34 - [TEST_STEP][PASSED] - assert error_message == "Please enter a number.": null]]></system-out>
         <system-err><![CDATA[]]></system-err>
      </testcase>
      <testcase name="Test Cases/T08 - Pendaftaran/TC-PF-012" time="12.219" classname="Test Cases/T08 - Pendaftaran/TC-PF-012" status="PASSED">
         <system-out><![CDATA[2023-10-05 16:39:34 - [TEST_CASE][PASSED] - Test Cases/T08 - Pendaftaran/TC-PF-012: Test Cases/T08 - Pendaftaran/TC-PF-012

2023-10-05 16:39:35 - [TEST_STEP][PASSED] - openBrowser(urlWeb): Browser is opened with url: 'https://10.9.2.63/ecommerce/'

2023-10-05 16:39:35 - [MESSAGE][WARNING] - A browser is already opened. Closing browser and opening a new one

2023-10-05 16:39:36 - [MESSAGE][INFO] - Starting 'Firefox' driver

2023-10-05 16:39:36 - [MESSAGE][INFO] - User set preference: ['args', '[window-size=1500,1000, ignore-certificate-errors, UnexpectedAlertBehaviour=ignore]']

2023-10-05 16:39:36 - [MESSAGE][INFO] - Action delay is set to 0 milliseconds

2023-10-05 16:39:40 - [MESSAGE][PASSED] - Browser is opened with url: 'https://10.9.2.63/ecommerce/'

2023-10-05 16:39:40 - [TEST_STEP][PASSED] - maximizeWindow(): Current window maximized

2023-10-05 16:39:40 - [MESSAGE][PASSED] - Current window maximized

2023-10-05 16:39:40 - [TEST_STEP][PASSED] - verifyElementPresent(findTestObject("verifikasi halaman tajalapak sebelum daftar"), 0): Object 'Object Repository/verifikasi halaman tajalapak sebelum daftar' is present

2023-10-05 16:39:41 - [MESSAGE][WARNING] - Timeout '0' is invalid. Using default page load timeout: '30'

2023-10-05 16:39:41 - [MESSAGE][PASSED] - Object 'Object Repository/verifikasi halaman tajalapak sebelum daftar' is present

2023-10-05 16:39:41 - [TEST_STEP][PASSED] - click(findTestObject("Pendaftaran/button Register")): Object: 'Object Repository/Pendaftaran/button Register' is clicked on

2023-10-05 16:39:42 - [MESSAGE][PASSED] - Object: 'Object Repository/Pendaftaran/button Register' is clicked on

2023-10-05 16:39:42 - [TEST_STEP][PASSED] - verifyElementPresent(findTestObject("Pendaftaran/verifikasi masuk helamaan daftar"), 0): Object 'Object Repository/Pendaftaran/verifikasi masuk helamaan daftar' is present

2023-10-05 16:39:42 - [MESSAGE][WARNING] - Timeout '0' is invalid. Using default page load timeout: '30'

2023-10-05 16:39:42 - [MESSAGE][PASSED] - Object 'Object Repository/Pendaftaran/verifikasi masuk helamaan daftar' is present

2023-10-05 16:39:42 - [TEST_STEP][PASSED] - setText(findTestObject("Pendaftaran/input username"), username): Text 'johnduet' is set on object 'Object Repository/Pendaftaran/input username'

2023-10-05 16:39:43 - [MESSAGE][PASSED] - Text 'johnduet' is set on object 'Object Repository/Pendaftaran/input username'

2023-10-05 16:39:43 - [TEST_STEP][PASSED] - setText(findTestObject("Pendaftaran/input email"), email): Text 'johnduet@gmail.com' is set on object 'Object Repository/Pendaftaran/input email'

2023-10-05 16:39:44 - [MESSAGE][PASSED] - Text 'johnduet@gmail.com' is set on object 'Object Repository/Pendaftaran/input email'

2023-10-05 16:39:44 - [TEST_STEP][PASSED] - setText(findTestObject("Pendaftaran/input Nomor Telephon"), noHP): Text 'obsgziqwqwrt' is set on object 'Object Repository/Pendaftaran/input Nomor Telephon'

2023-10-05 16:39:44 - [MESSAGE][PASSED] - Text 'obsgziqwqwrt' is set on object 'Object Repository/Pendaftaran/input Nomor Telephon'

2023-10-05 16:39:44 - [TEST_STEP][PASSED] - if (toString().equalsIgnoreCase("Perempuan")): null

2023-10-05 16:39:44 - [TEST_STEP][PASSED] - else if (toString().equalsIgnoreCase("Laki-laki")): Object 'Object Repository/Pendaftaran/pilihan Pria' is checked

2023-10-05 16:39:44 - [TEST_STEP][PASSED] - check(findTestObject("Object Repository/Pendaftaran/pilihan Pria")): Object 'Object Repository/Pendaftaran/pilihan Pria' is checked

2023-10-05 16:39:45 - [MESSAGE][PASSED] - Object 'Object Repository/Pendaftaran/pilihan Pria' is checked

2023-10-05 16:39:45 - [TEST_STEP][PASSED] - setEncryptedText(findTestObject("Pendaftaran/input password"), "qbkrdMwyWE4="): Text ****** has been set on object 'Object Repository/Pendaftaran/input password'

2023-10-05 16:39:45 - [MESSAGE][PASSED] - Text ****** has been set on object 'Object Repository/Pendaftaran/input password'

2023-10-05 16:39:45 - [TEST_STEP][PASSED] - setEncryptedText(findTestObject("Pendaftaran/input konfirmasi password"), "qbkrdMwyWE4="): Text ****** has been set on object 'Object Repository/Pendaftaran/input konfirmasi password'

2023-10-05 16:39:46 - [MESSAGE][PASSED] - Text ****** has been set on object 'Object Repository/Pendaftaran/input konfirmasi password'

2023-10-05 16:39:46 - [TEST_STEP][PASSED] - click(findTestObject("Pendaftaran/button_Daftar")): Object: 'Object Repository/Pendaftaran/button_Daftar' is clicked on

2023-10-05 16:39:46 - [MESSAGE][PASSED] - Object: 'Object Repository/Pendaftaran/button_Daftar' is clicked on

2023-10-05 16:39:46 - [TEST_STEP][PASSED] - webDriver = getWebDriver(): null

2023-10-05 16:39:46 - [TEST_STEP][PASSED] - field_no = webDriver.findElement(By.xpath("(//input[@name="b"])[4]")): null

2023-10-05 16:39:46 - [TEST_STEP][PASSED] - error_message = webDriver.executeScript("return arguments[0].validationMessage", field_no): null

2023-10-05 16:39:46 - [TEST_STEP][PASSED] - println(error_message): null

2023-10-05 16:39:46 - [TEST_STEP][PASSED] - assert error_message == "Please enter a number.": null]]></system-out>
         <system-err><![CDATA[]]></system-err>
      </testcase>
      <testcase name="Test Cases/T08 - Pendaftaran/TC-PF-013" time="12.595" classname="Test Cases/T08 - Pendaftaran/TC-PF-013" status="PASSED">
         <system-out><![CDATA[2023-10-05 16:39:47 - [TEST_CASE][PASSED] - Test Cases/T08 - Pendaftaran/TC-PF-013: Test Cases/T08 - Pendaftaran/TC-PF-013

2023-10-05 16:39:47 - [TEST_STEP][PASSED] - openBrowser(urlWeb): Browser is opened with url: 'https://10.9.2.63/ecommerce/'

2023-10-05 16:39:47 - [MESSAGE][WARNING] - A browser is already opened. Closing browser and opening a new one

2023-10-05 16:39:48 - [MESSAGE][INFO] - Starting 'Firefox' driver

2023-10-05 16:39:48 - [MESSAGE][INFO] - User set preference: ['args', '[window-size=1500,1000, ignore-certificate-errors, UnexpectedAlertBehaviour=ignore]']

2023-10-05 16:39:48 - [MESSAGE][INFO] - Action delay is set to 0 milliseconds

2023-10-05 16:39:53 - [MESSAGE][PASSED] - Browser is opened with url: 'https://10.9.2.63/ecommerce/'

2023-10-05 16:39:53 - [TEST_STEP][PASSED] - maximizeWindow(): Current window maximized

2023-10-05 16:39:53 - [MESSAGE][PASSED] - Current window maximized

2023-10-05 16:39:53 - [TEST_STEP][PASSED] - verifyElementPresent(findTestObject("verifikasi halaman tajalapak sebelum daftar"), 0): Object 'Object Repository/verifikasi halaman tajalapak sebelum daftar' is present

2023-10-05 16:39:53 - [MESSAGE][WARNING] - Timeout '0' is invalid. Using default page load timeout: '30'

2023-10-05 16:39:54 - [MESSAGE][PASSED] - Object 'Object Repository/verifikasi halaman tajalapak sebelum daftar' is present

2023-10-05 16:39:54 - [TEST_STEP][PASSED] - click(findTestObject("Pendaftaran/button Register")): Object: 'Object Repository/Pendaftaran/button Register' is clicked on

2023-10-05 16:39:54 - [MESSAGE][PASSED] - Object: 'Object Repository/Pendaftaran/button Register' is clicked on

2023-10-05 16:39:54 - [TEST_STEP][PASSED] - verifyElementPresent(findTestObject("Pendaftaran/verifikasi masuk helamaan daftar"), 0): Object 'Object Repository/Pendaftaran/verifikasi masuk helamaan daftar' is present

2023-10-05 16:39:54 - [MESSAGE][WARNING] - Timeout '0' is invalid. Using default page load timeout: '30'

2023-10-05 16:39:55 - [MESSAGE][PASSED] - Object 'Object Repository/Pendaftaran/verifikasi masuk helamaan daftar' is present

2023-10-05 16:39:55 - [TEST_STEP][PASSED] - setText(findTestObject("Pendaftaran/input username"), username): Text 'johanduar' is set on object 'Object Repository/Pendaftaran/input username'

2023-10-05 16:39:56 - [MESSAGE][PASSED] - Text 'johanduar' is set on object 'Object Repository/Pendaftaran/input username'

2023-10-05 16:39:56 - [TEST_STEP][PASSED] - setText(findTestObject("Pendaftaran/input email"), email): Text 'johanduar@gmail.com' is set on object 'Object Repository/Pendaftaran/input email'

2023-10-05 16:39:56 - [MESSAGE][PASSED] - Text 'johanduar@gmail.com' is set on object 'Object Repository/Pendaftaran/input email'

2023-10-05 16:39:56 - [TEST_STEP][PASSED] - setText(findTestObject("Pendaftaran/input Nomor Telephon"), noHP): Text '085g2i@1%131' is set on object 'Object Repository/Pendaftaran/input Nomor Telephon'

2023-10-05 16:39:57 - [MESSAGE][PASSED] - Text '085g2i@1%131' is set on object 'Object Repository/Pendaftaran/input Nomor Telephon'

2023-10-05 16:39:57 - [TEST_STEP][PASSED] - if (toString().equalsIgnoreCase("Perempuan")): null

2023-10-05 16:39:57 - [TEST_STEP][PASSED] - else if (toString().equalsIgnoreCase("Laki-laki")): Object 'Object Repository/Pendaftaran/pilihan Pria' is checked

2023-10-05 16:39:57 - [TEST_STEP][PASSED] - check(findTestObject("Object Repository/Pendaftaran/pilihan Pria")): Object 'Object Repository/Pendaftaran/pilihan Pria' is checked

2023-10-05 16:39:57 - [MESSAGE][PASSED] - Object 'Object Repository/Pendaftaran/pilihan Pria' is checked

2023-10-05 16:39:57 - [TEST_STEP][PASSED] - setEncryptedText(findTestObject("Pendaftaran/input password"), "qbkrdMwyWE4="): Text ****** has been set on object 'Object Repository/Pendaftaran/input password'

2023-10-05 16:39:58 - [MESSAGE][PASSED] - Text ****** has been set on object 'Object Repository/Pendaftaran/input password'

2023-10-05 16:39:58 - [TEST_STEP][PASSED] - setEncryptedText(findTestObject("Pendaftaran/input konfirmasi password"), "qbkrdMwyWE4="): Text ****** has been set on object 'Object Repository/Pendaftaran/input konfirmasi password'

2023-10-05 16:39:58 - [MESSAGE][PASSED] - Text ****** has been set on object 'Object Repository/Pendaftaran/input konfirmasi password'

2023-10-05 16:39:58 - [TEST_STEP][PASSED] - click(findTestObject("Pendaftaran/button_Daftar")): Object: 'Object Repository/Pendaftaran/button_Daftar' is clicked on

2023-10-05 16:39:59 - [MESSAGE][PASSED] - Object: 'Object Repository/Pendaftaran/button_Daftar' is clicked on

2023-10-05 16:39:59 - [TEST_STEP][PASSED] - webDriver = getWebDriver(): null

2023-10-05 16:39:59 - [TEST_STEP][PASSED] - field_no = webDriver.findElement(By.xpath("(//input[@name="b"])[4]")): null

2023-10-05 16:39:59 - [TEST_STEP][PASSED] - error_message = webDriver.executeScript("return arguments[0].validationMessage", field_no): null

2023-10-05 16:39:59 - [TEST_STEP][PASSED] - println(error_message): null

2023-10-05 16:39:59 - [TEST_STEP][PASSED] - assert error_message == "Please enter a number.": null]]></system-out>
         <system-err><![CDATA[]]></system-err>
      </testcase>
      <testcase name="Test Cases/T08 - Pendaftaran/TC-PF-014" time="12.449" classname="Test Cases/T08 - Pendaftaran/TC-PF-014" status="PASSED">
         <system-out><![CDATA[2023-10-05 16:39:59 - [TEST_CASE][PASSED] - Test Cases/T08 - Pendaftaran/TC-PF-014: Test Cases/T08 - Pendaftaran/TC-PF-014

2023-10-05 16:40:00 - [TEST_STEP][PASSED] - openBrowser(urlWeb): Browser is opened with url: 'https://10.9.2.63/ecommerce/'

2023-10-05 16:40:00 - [MESSAGE][WARNING] - A browser is already opened. Closing browser and opening a new one

2023-10-05 16:40:01 - [MESSAGE][INFO] - Starting 'Firefox' driver

2023-10-05 16:40:01 - [MESSAGE][INFO] - User set preference: ['args', '[window-size=1500,1000, ignore-certificate-errors, UnexpectedAlertBehaviour=ignore]']

2023-10-05 16:40:01 - [MESSAGE][INFO] - Action delay is set to 0 milliseconds

2023-10-05 16:40:06 - [MESSAGE][PASSED] - Browser is opened with url: 'https://10.9.2.63/ecommerce/'

2023-10-05 16:40:06 - [TEST_STEP][PASSED] - maximizeWindow(): Current window maximized

2023-10-05 16:40:06 - [MESSAGE][PASSED] - Current window maximized

2023-10-05 16:40:06 - [TEST_STEP][PASSED] - verifyElementPresent(findTestObject("verifikasi halaman tajalapak sebelum daftar"), 0): Object 'Object Repository/verifikasi halaman tajalapak sebelum daftar' is present

2023-10-05 16:40:06 - [MESSAGE][WARNING] - Timeout '0' is invalid. Using default page load timeout: '30'

2023-10-05 16:40:06 - [MESSAGE][PASSED] - Object 'Object Repository/verifikasi halaman tajalapak sebelum daftar' is present

2023-10-05 16:40:06 - [TEST_STEP][PASSED] - click(findTestObject("Pendaftaran/button Register")): Object: 'Object Repository/Pendaftaran/button Register' is clicked on

2023-10-05 16:40:07 - [MESSAGE][PASSED] - Object: 'Object Repository/Pendaftaran/button Register' is clicked on

2023-10-05 16:40:07 - [TEST_STEP][PASSED] - verifyElementPresent(findTestObject("Pendaftaran/verifikasi masuk helamaan daftar"), 0): Object 'Object Repository/Pendaftaran/verifikasi masuk helamaan daftar' is present

2023-10-05 16:40:07 - [MESSAGE][WARNING] - Timeout '0' is invalid. Using default page load timeout: '30'

2023-10-05 16:40:08 - [MESSAGE][PASSED] - Object 'Object Repository/Pendaftaran/verifikasi masuk helamaan daftar' is present

2023-10-05 16:40:08 - [TEST_STEP][PASSED] - setText(findTestObject("Pendaftaran/input username"), username): Text 'johndoez' is set on object 'Object Repository/Pendaftaran/input username'

2023-10-05 16:40:08 - [MESSAGE][PASSED] - Text 'johndoez' is set on object 'Object Repository/Pendaftaran/input username'

2023-10-05 16:40:08 - [TEST_STEP][PASSED] - setText(findTestObject("Pendaftaran/input email"), email): Text 'johndoez@gmail.com' is set on object 'Object Repository/Pendaftaran/input email'

2023-10-05 16:40:09 - [MESSAGE][PASSED] - Text 'johndoez@gmail.com' is set on object 'Object Repository/Pendaftaran/input email'

2023-10-05 16:40:09 - [TEST_STEP][PASSED] - setText(findTestObject("Pendaftaran/input Nomor Telephon"), noHP): Text '%$#@!)(*&^!=' is set on object 'Object Repository/Pendaftaran/input Nomor Telephon'

2023-10-05 16:40:10 - [MESSAGE][PASSED] - Text '%$#@!)(*&^!=' is set on object 'Object Repository/Pendaftaran/input Nomor Telephon'

2023-10-05 16:40:10 - [TEST_STEP][PASSED] - if (toString().equalsIgnoreCase("Perempuan")): null

2023-10-05 16:40:10 - [TEST_STEP][PASSED] - else if (toString().equalsIgnoreCase("Laki-laki")): Object 'Object Repository/Pendaftaran/pilihan Pria' is checked

2023-10-05 16:40:10 - [TEST_STEP][PASSED] - check(findTestObject("Object Repository/Pendaftaran/pilihan Pria")): Object 'Object Repository/Pendaftaran/pilihan Pria' is checked

2023-10-05 16:40:10 - [MESSAGE][PASSED] - Object 'Object Repository/Pendaftaran/pilihan Pria' is checked

2023-10-05 16:40:10 - [TEST_STEP][PASSED] - setEncryptedText(findTestObject("Pendaftaran/input password"), "qbkrdMwyWE4="): Text ****** has been set on object 'Object Repository/Pendaftaran/input password'

2023-10-05 16:40:10 - [MESSAGE][PASSED] - Text ****** has been set on object 'Object Repository/Pendaftaran/input password'

2023-10-05 16:40:10 - [TEST_STEP][PASSED] - setEncryptedText(findTestObject("Pendaftaran/input konfirmasi password"), "qbkrdMwyWE4="): Text ****** has been set on object 'Object Repository/Pendaftaran/input konfirmasi password'

2023-10-05 16:40:11 - [MESSAGE][PASSED] - Text ****** has been set on object 'Object Repository/Pendaftaran/input konfirmasi password'

2023-10-05 16:40:11 - [TEST_STEP][PASSED] - click(findTestObject("Pendaftaran/button_Daftar")): Object: 'Object Repository/Pendaftaran/button_Daftar' is clicked on

2023-10-05 16:40:11 - [MESSAGE][PASSED] - Object: 'Object Repository/Pendaftaran/button_Daftar' is clicked on

2023-10-05 16:40:11 - [TEST_STEP][PASSED] - webDriver = getWebDriver(): null

2023-10-05 16:40:11 - [TEST_STEP][PASSED] - field_no = webDriver.findElement(By.xpath("(//input[@name="b"])[4]")): null

2023-10-05 16:40:12 - [TEST_STEP][PASSED] - error_message = webDriver.executeScript("return arguments[0].validationMessage", field_no): null

2023-10-05 16:40:12 - [TEST_STEP][PASSED] - println(error_message): null

2023-10-05 16:40:12 - [TEST_STEP][PASSED] - assert error_message == "Please enter a number.": null]]></system-out>
         <system-err><![CDATA[]]></system-err>
      </testcase>
      <testcase name="Test Cases/T08 - Pendaftaran/TC-PDS-001" time="34.803" classname="Test Cases/T08 - Pendaftaran/TC-PDS-001" status="PASSED">
         <system-out><![CDATA[2023-10-05 16:40:12 - [TEST_CASE][PASSED] - Test Cases/T08 - Pendaftaran/TC-PDS-001: Test Cases/T08 - Pendaftaran/TC-PDS-001

2023-10-05 16:40:12 - [TEST_STEP][PASSED] - openBrowser("https://10.9.2.63/ecommerce/administrator/"): Browser is opened with url: 'https://10.9.2.63/ecommerce/administrator/'

2023-10-05 16:40:12 - [MESSAGE][WARNING] - A browser is already opened. Closing browser and opening a new one

2023-10-05 16:40:13 - [MESSAGE][INFO] - Starting 'Firefox' driver

2023-10-05 16:40:13 - [MESSAGE][INFO] - User set preference: ['args', '[window-size=1500,1000, ignore-certificate-errors, UnexpectedAlertBehaviour=ignore]']

2023-10-05 16:40:13 - [MESSAGE][INFO] - Action delay is set to 0 milliseconds

2023-10-05 16:40:18 - [MESSAGE][PASSED] - Browser is opened with url: 'https://10.9.2.63/ecommerce/administrator/'

2023-10-05 16:40:18 - [TEST_STEP][PASSED] - maximizeWindow(): Current window maximized

2023-10-05 16:40:18 - [MESSAGE][PASSED] - Current window maximized

2023-10-05 16:40:18 - [TEST_STEP][PASSED] - setText(findTestObject("delete akun/input usn admin"), "admin"): Text 'admin' is set on object 'Object Repository/delete akun/input usn admin'

2023-10-05 16:40:19 - [MESSAGE][PASSED] - Text 'admin' is set on object 'Object Repository/delete akun/input usn admin'

2023-10-05 16:40:19 - [TEST_STEP][PASSED] - setEncryptedText(findTestObject("delete akun/input password admin"), "374mkdZ/lqyNS21oH+MJZQ=="): Text ****** has been set on object 'Object Repository/delete akun/input password admin'

2023-10-05 16:40:19 - [MESSAGE][PASSED] - Text ****** has been set on object 'Object Repository/delete akun/input password admin'

2023-10-05 16:40:19 - [TEST_STEP][PASSED] - delay(10): Delayed 10 second(s)

2023-10-05 16:40:29 - [MESSAGE][PASSED] - Delayed 10 second(s)

2023-10-05 16:40:29 - [TEST_STEP][PASSED] - click(findTestObject("delete akun/button signin di web admin")): Object: 'Object Repository/delete akun/button signin di web admin' is clicked on

2023-10-05 16:40:31 - [MESSAGE][PASSED] - Object: 'Object Repository/delete akun/button signin di web admin' is clicked on

2023-10-05 16:40:31 - [TEST_STEP][PASSED] - click(findTestObject("delete akun/a_Konsumen")): Object: 'Object Repository/delete akun/a_Konsumen' is clicked on

2023-10-05 16:40:39 - [MESSAGE][PASSED] - Object: 'Object Repository/delete akun/a_Konsumen' is clicked on

2023-10-05 16:40:39 - [TEST_STEP][PASSED] - setText(findTestObject("delete akun/input search nama konsumen"), noHp): Text '085643955432' is set on object 'Object Repository/delete akun/input search nama konsumen'

2023-10-05 16:40:46 - [MESSAGE][PASSED] - Text '085643955432' is set on object 'Object Repository/delete akun/input search nama konsumen'

2023-10-05 16:40:46 - [TEST_STEP][PASSED] - click(findTestObject("delete akun/untuk delete akun"), OPTIONAL): Object: 'Object Repository/delete akun/untuk delete akun' is clicked on

2023-10-05 16:40:47 - [MESSAGE][PASSED] - Object: 'Object Repository/delete akun/untuk delete akun' is clicked on

2023-10-05 16:40:47 - [TEST_STEP][PASSED] - waitForAlert(5): Alert is present after 5 second(s).

2023-10-05 16:40:47 - [MESSAGE][PASSED] - Alert is present after 5 second(s).

2023-10-05 16:40:47 - [TEST_STEP][PASSED] - acceptAlert(): Alert accepted

2023-10-05 16:40:47 - [MESSAGE][PASSED] - Alert accepted]]></system-out>
         <system-err><![CDATA[]]></system-err>
      </testcase>
      <system-out><![CDATA[2023-10-05 16:32:25 - [TEST_SUITE][FAILED] - T08-Pendaftaran: Test Cases/T08 - Pendaftaran/TC-PS-005 FAILED.
Reason:
com.kms.katalon.core.exception.StepFailedException: Unable to verify object 'Object Repository/Pendaftaran/verifikasi berhasil daftar' is present
	at com.kms.katalon.core.webui.keyword.internal.WebUIKeywordMain.stepFailed(WebUIKeywordMain.groovy:64)
	at com.kms.katalon.core.webui.keyword.internal.WebUIKeywordMain.runKeyword(WebUIKeywordMain.groovy:26)
	at com.kms.katalon.core.webui.keyword.builtin.VerifyElementPresentKeyword.verifyElementPresent(VerifyElementPresentKeyword.groovy:92)
	at com.kms.katalon.core.webui.keyword.builtin.VerifyElementPresentKeyword.execute(VerifyElementPresentKeyword.groovy:68)
	at com.kms.katalon.core.keyword.internal.KeywordExecutor.executeKeywordForPlatform(KeywordExecutor.groovy:74)
	at com.kms.katalon.core.webui.keyword.WebUiBuiltInKeywords.verifyElementPresent(WebUiBuiltInKeywords.groovy:1464)
	at com.kms.katalon.core.webui.keyword.WebUiBuiltInKeywords$verifyElementPresent$1.call(Unknown Source)
	at TC-PS-005.run(TC-PS-005:49)
	at com.kms.katalon.core.main.ScriptEngine.run(ScriptEngine.java:194)
	at com.kms.katalon.core.main.ScriptEngine.runScriptAsRawText(ScriptEngine.java:119)
	at com.kms.katalon.core.main.TestCaseExecutor.runScript(TestCaseExecutor.java:448)
	at com.kms.katalon.core.main.TestCaseExecutor.doExecute(TestCaseExecutor.java:439)
	at com.kms.katalon.core.main.TestCaseExecutor.processExecutionPhase(TestCaseExecutor.java:418)
	at com.kms.katalon.core.main.TestCaseExecutor.accessMainPhase(TestCaseExecutor.java:410)
	at com.kms.katalon.core.main.TestCaseExecutor.execute(TestCaseExecutor.java:285)
	at com.kms.katalon.core.common.CommonExecutor.accessTestCaseMainPhase(CommonExecutor.java:65)
	at com.kms.katalon.core.main.TestSuiteExecutor.accessTestSuiteMainPhase(TestSuiteExecutor.java:148)
	at com.kms.katalon.core.main.TestSuiteExecutor.execute(TestSuiteExecutor.java:106)
	at com.kms.katalon.core.main.TestCaseMain.startTestSuite(TestCaseMain.java:187)
	at com.kms.katalon.core.main.TestCaseMain$startTestSuite$0.call(Unknown Source)
	at TempTestSuite1696498335026.run(TempTestSuite1696498335026.groovy:36)
Caused by: com.kms.katalon.core.exception.StepFailedException: com.kms.katalon.core.webui.exception.WebElementNotFoundException: Web element with id: 'Object Repository/Pendaftaran/verifikasi berhasil daftar' located by '(.//*[normalize-space(text()) and normalize-space(.)='Simpan Perubahan'])[1]/following::center[1]' not found
	at com.kms.katalon.core.webui.keyword.internal.WebUIKeywordMain.stepFailed(WebUIKeywordMain.groovy:64)
	at com.kms.katalon.core.webui.keyword.builtin.VerifyElementPresentKeyword$_verifyElementPresent_closure1.doCall(VerifyElementPresentKeyword.groovy:85)
	at com.kms.katalon.core.webui.keyword.builtin.VerifyElementPresentKeyword$_verifyElementPresent_closure1.call(VerifyElementPresentKeyword.groovy)
	at com.kms.katalon.core.webui.keyword.internal.WebUIKeywordMain.runKeyword(WebUIKeywordMain.groovy:20)
	... 19 more]]></system-out>
      <system-err><![CDATA[2023-10-05 16:32:25 - [TEST_SUITE][FAILED] - T08-Pendaftaran: Test Cases/T08 - Pendaftaran/TC-PS-005 FAILED.
Reason:
com.kms.katalon.core.exception.StepFailedException: Unable to verify object 'Object Repository/Pendaftaran/verifikasi berhasil daftar' is present
	at com.kms.katalon.core.webui.keyword.internal.WebUIKeywordMain.stepFailed(WebUIKeywordMain.groovy:64)
	at com.kms.katalon.core.webui.keyword.internal.WebUIKeywordMain.runKeyword(WebUIKeywordMain.groovy:26)
	at com.kms.katalon.core.webui.keyword.builtin.VerifyElementPresentKeyword.verifyElementPresent(VerifyElementPresentKeyword.groovy:92)
	at com.kms.katalon.core.webui.keyword.builtin.VerifyElementPresentKeyword.execute(VerifyElementPresentKeyword.groovy:68)
	at com.kms.katalon.core.keyword.internal.KeywordExecutor.executeKeywordForPlatform(KeywordExecutor.groovy:74)
	at com.kms.katalon.core.webui.keyword.WebUiBuiltInKeywords.verifyElementPresent(WebUiBuiltInKeywords.groovy:1464)
	at com.kms.katalon.core.webui.keyword.WebUiBuiltInKeywords$verifyElementPresent$1.call(Unknown Source)
	at TC-PS-005.run(TC-PS-005:49)
	at com.kms.katalon.core.main.ScriptEngine.run(ScriptEngine.java:194)
	at com.kms.katalon.core.main.ScriptEngine.runScriptAsRawText(ScriptEngine.java:119)
	at com.kms.katalon.core.main.TestCaseExecutor.runScript(TestCaseExecutor.java:448)
	at com.kms.katalon.core.main.TestCaseExecutor.doExecute(TestCaseExecutor.java:439)
	at com.kms.katalon.core.main.TestCaseExecutor.processExecutionPhase(TestCaseExecutor.java:418)
	at com.kms.katalon.core.main.TestCaseExecutor.accessMainPhase(TestCaseExecutor.java:410)
	at com.kms.katalon.core.main.TestCaseExecutor.execute(TestCaseExecutor.java:285)
	at com.kms.katalon.core.common.CommonExecutor.accessTestCaseMainPhase(CommonExecutor.java:65)
	at com.kms.katalon.core.main.TestSuiteExecutor.accessTestSuiteMainPhase(TestSuiteExecutor.java:148)
	at com.kms.katalon.core.main.TestSuiteExecutor.execute(TestSuiteExecutor.java:106)
	at com.kms.katalon.core.main.TestCaseMain.startTestSuite(TestCaseMain.java:187)
	at com.kms.katalon.core.main.TestCaseMain$startTestSuite$0.call(Unknown Source)
	at TempTestSuite1696498335026.run(TempTestSuite1696498335026.groovy:36)
Caused by: com.kms.katalon.core.exception.StepFailedException: com.kms.katalon.core.webui.exception.WebElementNotFoundException: Web element with id: 'Object Repository/Pendaftaran/verifikasi berhasil daftar' located by '(.//*[normalize-space(text()) and normalize-space(.)='Simpan Perubahan'])[1]/following::center[1]' not found
	at com.kms.katalon.core.webui.keyword.internal.WebUIKeywordMain.stepFailed(WebUIKeywordMain.groovy:64)
	at com.kms.katalon.core.webui.keyword.builtin.VerifyElementPresentKeyword$_verifyElementPresent_closure1.doCall(VerifyElementPresentKeyword.groovy:85)
	at com.kms.katalon.core.webui.keyword.builtin.VerifyElementPresentKeyword$_verifyElementPresent_closure1.call(VerifyElementPresentKeyword.groovy)
	at com.kms.katalon.core.webui.keyword.internal.WebUIKeywordMain.runKeyword(WebUIKeywordMain.groovy:20)
	... 19 more]]></system-err>
   </testsuite>
</testsuites>
