<?xml version="1.0" encoding="UTF-8"?>
<testsuites name="T05 Sedekah Online" time="566.105" tests="23" failures="10" errors="0">
   <testsuite name="T05 Sedekah Online" tests="23" failures="10" errors="0" time="566.105" skipped="0" timestamp="2023-10-05 15:41:47" hostname="USER - DESKTOP-22KTP91" id="Test Suites/T05 Sedekah Online">
      <properties>
         <property name="deviceName" value=""/>
         <property name="devicePlatform" value=""/>
         <property name="logFolder" value="F:\\bootcamp\\Miniproject\\Tajalapak\\Reports\\20231005_154105\\T05 Sedekah Online\\20231005_154105"/>
         <property name="logFiles" value="F:\\bootcamp\\Miniproject\\Tajalapak\\Reports\\20231005_154105\\T05 Sedekah Online\\20231005_154105\\execution0.log"/>
         <property name="attachments" value="F:\\bootcamp\\Miniproject\\Tajalapak\\Reports\\20231005_154105\\T05 Sedekah Online\\20231005_154105\\1696495375106.png, F:\\bootcamp\\Miniproject\\Tajalapak\\Reports\\20231005_154105\\T05 Sedekah Online\\20231005_154105\\1696495375617.png, F:\\bootcamp\\Miniproject\\Tajalapak\\Reports\\20231005_154105\\T05 Sedekah Online\\20231005_154105\\1696495442763.png, F:\\bootcamp\\Miniproject\\Tajalapak\\Reports\\20231005_154105\\T05 Sedekah Online\\20231005_154105\\1696495465486.png, F:\\bootcamp\\Miniproject\\Tajalapak\\Reports\\20231005_154105\\T05 Sedekah Online\\20231005_154105\\1696495702392.png, F:\\bootcamp\\Miniproject\\Tajalapak\\Reports\\20231005_154105\\T05 Sedekah Online\\20231005_154105\\1696495729483.png, F:\\bootcamp\\Miniproject\\Tajalapak\\Reports\\20231005_154105\\T05 Sedekah Online\\20231005_154105\\1696495873016.png"/>
         <property name="hostName" value="USER - DESKTOP-22KTP91"/>
         <property name="os" value="Windows 10 64bit"/>
         <property name="katalonVersion" value="8.6.5.208"/>
         <property name="browser" value="Firefox 117.0"/>
         <property name="hostAddress" value="10.9.2.52"/>
         <property name="sessionId" value="db11a70c-5d75-49f0-9d2b-ea567bab7f81"/>
         <property name="seleniumVersion" value="3.141.59"/>
         <property name="proxyInformation" value="ProxyInformation { proxyOption=NO_PROXY, proxyServerType=HTTP, username=, password=********, proxyServerAddress=, proxyServerPort=0, executionList=&quot;&quot;, isApplyToDesiredCapabilities=true }"/>
         <property name="platform" value="Windows 10"/>
      </properties>
      <testcase name="Test Cases/T05 - Sedekah Online/TC-LS-001" time="18.321" classname="Test Cases/T05 - Sedekah Online/TC-LS-001" status="PASSED">
         <system-out><![CDATA[2023-10-05 15:41:48 - [TEST_CASE][PASSED] - Test Cases/T05 - Sedekah Online/TC-LS-001: Test Cases/T05 - Sedekah Online/TC-LS-001

2023-10-05 15:41:49 - [TEST_STEP][PASSED] - openBrowser(urlWeb): Browser is opened with url: 'https://10.9.2.63/ecommerce/'

2023-10-05 15:41:50 - [MESSAGE][INFO] - Starting 'Firefox' driver

2023-10-05 15:41:50 - [MESSAGE][INFO] - User set preference: ['args', '[window-size=1500,1000, ignore-certificate-errors, UnexpectedAlertBehaviour=ignore]']

2023-10-05 15:41:50 - [MESSAGE][INFO] - Action delay is set to 0 milliseconds

2023-10-05 15:42:01 - [MESSAGE][PASSED] - Browser is opened with url: 'https://10.9.2.63/ecommerce/'

2023-10-05 15:42:01 - [TEST_STEP][PASSED] - maximizeWindow(): Current window maximized

2023-10-05 15:42:02 - [MESSAGE][PASSED] - Current window maximized

2023-10-05 15:42:02 - [TEST_STEP][PASSED] - click(findTestObject("Login/a_Login")): Object: 'Object Repository/Login/a_Login' is clicked on

2023-10-05 15:42:02 - [MESSAGE][PASSED] - Object: 'Object Repository/Login/a_Login' is clicked on

2023-10-05 15:42:02 - [TEST_STEP][PASSED] - setText(findTestObject("Login/input_Username, Email atau No. Handphone_a"), "runa36"): Text 'runa36' is set on object 'Object Repository/Login/input_Username, Email atau No. Handphone_a'

2023-10-05 15:42:03 - [MESSAGE][PASSED] - Text 'runa36' is set on object 'Object Repository/Login/input_Username, Email atau No. Handphone_a'

2023-10-05 15:42:03 - [TEST_STEP][PASSED] - setEncryptedText(findTestObject("Login/input_Password di Login(Masuk)"), "qbkrdMwyWE4="): Text ****** has been set on object 'Object Repository/Login/input_Password di Login(Masuk)'

2023-10-05 15:42:04 - [MESSAGE][PASSED] - Text ****** has been set on object 'Object Repository/Login/input_Password di Login(Masuk)'

2023-10-05 15:42:04 - [TEST_STEP][PASSED] - click(findTestObject("Login/button_Masuk di halaman login")): Object: 'Object Repository/Login/button_Masuk di halaman login' is clicked on

2023-10-05 15:42:05 - [MESSAGE][PASSED] - Object: 'Object Repository/Login/button_Masuk di halaman login' is clicked on

2023-10-05 15:42:05 - [TEST_STEP][PASSED] - verifyElementPresent(findTestObject("Pendaftaran/verifikasi MASUK di halaman Login"), 0): Object 'Object Repository/Pendaftaran/verifikasi MASUK di halaman Login' is present

2023-10-05 15:42:05 - [MESSAGE][WARNING] - Timeout '0' is invalid. Using default page load timeout: '30'

2023-10-05 15:42:06 - [MESSAGE][PASSED] - Object 'Object Repository/Pendaftaran/verifikasi MASUK di halaman Login' is present]]></system-out>
         <system-err><![CDATA[]]></system-err>
      </testcase>
      <testcase name="Test Cases/T05 - Sedekah Online/TC-SO-001" time="24.947" classname="Test Cases/T05 - Sedekah Online/TC-SO-001" status="PASSED">
         <system-out><![CDATA[2023-10-05 15:42:06 - [TEST_CASE][PASSED] - Test Cases/T05 - Sedekah Online/TC-SO-001: Test Cases/T05 - Sedekah Online/TC-SO-001

2023-10-05 15:42:07 - [TEST_STEP][PASSED] - openBrowser(urlWeb): Browser is opened with url: 'https://10.9.2.63/ecommerce/'

2023-10-05 15:42:07 - [MESSAGE][WARNING] - A browser is already opened. Closing browser and opening a new one

2023-10-05 15:42:09 - [MESSAGE][INFO] - Starting 'Firefox' driver

2023-10-05 15:42:09 - [MESSAGE][INFO] - User set preference: ['args', '[window-size=1500,1000, ignore-certificate-errors, UnexpectedAlertBehaviour=ignore]']

2023-10-05 15:42:09 - [MESSAGE][INFO] - Action delay is set to 0 milliseconds

2023-10-05 15:42:17 - [MESSAGE][PASSED] - Browser is opened with url: 'https://10.9.2.63/ecommerce/'

2023-10-05 15:42:17 - [TEST_STEP][PASSED] - maximizeWindow(): Current window maximized

2023-10-05 15:42:17 - [MESSAGE][PASSED] - Current window maximized

2023-10-05 15:42:17 - [TEST_STEP][PASSED] - verifyElementPresent(findTestObject("verifikasi masuk website tajalapk"), 0): Object 'Object Repository/verifikasi masuk website tajalapk' is present

2023-10-05 15:42:17 - [MESSAGE][WARNING] - Timeout '0' is invalid. Using default page load timeout: '30'

2023-10-05 15:42:18 - [MESSAGE][PASSED] - Object 'Object Repository/verifikasi masuk website tajalapk' is present

2023-10-05 15:42:18 - [TEST_STEP][PASSED] - click(findTestObject("sedekah online/a_Donasi (di halaman utama)")): Object: 'Object Repository/sedekah online/a_Donasi (di halaman utama)' is clicked on

2023-10-05 15:42:18 - [MESSAGE][PASSED] - Object: 'Object Repository/sedekah online/a_Donasi (di halaman utama)' is clicked on

2023-10-05 15:42:18 - [TEST_STEP][PASSED] - verifyElementClickable(findTestObject("sedekah online/a_Sedekah Online"), STOP_ON_FAILURE): Object 'Object Repository/sedekah online/a_Sedekah Online' is clickable

2023-10-05 15:42:19 - [MESSAGE][PASSED] - Object 'Object Repository/sedekah online/a_Sedekah Online' is clickable

2023-10-05 15:42:19 - [TEST_STEP][PASSED] - click(findTestObject("sedekah online/a_Sedekah Online")): Object: 'Object Repository/sedekah online/a_Sedekah Online' is clicked on

2023-10-05 15:42:20 - [MESSAGE][PASSED] - Object: 'Object Repository/sedekah online/a_Sedekah Online' is clicked on

2023-10-05 15:42:20 - [TEST_STEP][PASSED] - verifyElementPresent(findTestObject("sedekah online/verifikasi halaman sedekah Online"), 0): Object 'Object Repository/sedekah online/verifikasi halaman sedekah Online' is present

2023-10-05 15:42:20 - [MESSAGE][WARNING] - Timeout '0' is invalid. Using default page load timeout: '30'

2023-10-05 15:42:21 - [MESSAGE][PASSED] - Object 'Object Repository/sedekah online/verifikasi halaman sedekah Online' is present

2023-10-05 15:42:21 - [TEST_STEP][PASSED] - setText(findTestObject("sedekah online/input_Sedekah"), NominalSedekah): Text '25000' is set on object 'Object Repository/sedekah online/input_Sedekah'

2023-10-05 15:42:22 - [MESSAGE][PASSED] - Text '25000' is set on object 'Object Repository/sedekah online/input_Sedekah'

2023-10-05 15:42:22 - [TEST_STEP][PASSED] - setText(findTestObject("sedekah online/input_Nama lengkap (di sedekah online)"), namaLengkap): Text 'ikana' is set on object 'Object Repository/sedekah online/input_Nama lengkap (di sedekah online)'

2023-10-05 15:42:23 - [MESSAGE][PASSED] - Text 'ikana' is set on object 'Object Repository/sedekah online/input_Nama lengkap (di sedekah online)'

2023-10-05 15:42:23 - [TEST_STEP][PASSED] - setText(findTestObject("sedekah online/input_No Handphone (di sedekah online)"), noHp): Text '086754321234' is set on object 'Object Repository/sedekah online/input_No Handphone (di sedekah online)'

2023-10-05 15:42:24 - [MESSAGE][PASSED] - Text '086754321234' is set on object 'Object Repository/sedekah online/input_No Handphone (di sedekah online)'

2023-10-05 15:42:24 - [TEST_STEP][PASSED] - setText(findTestObject("sedekah online/input_Alamat Email (di sedekah online)"), email): Text 'anata71@gmail.com' is set on object 'Object Repository/sedekah online/input_Alamat Email (di sedekah online)'

2023-10-05 15:42:25 - [MESSAGE][PASSED] - Text 'anata71@gmail.com' is set on object 'Object Repository/sedekah online/input_Alamat Email (di sedekah online)'

2023-10-05 15:42:25 - [TEST_STEP][PASSED] - selectOptionByValue(findTestObject("Object Repository/sedekah online/dropdown metode pembayaraan"), pembayaran, false): All options with value '1' are selected in object 'Object Repository/sedekah online/dropdown metode pembayaraan' 

2023-10-05 15:42:26 - [MESSAGE][PASSED] - All options with value '1' are selected in object 'Object Repository/sedekah online/dropdown metode pembayaraan' 

2023-10-05 15:42:26 - [TEST_STEP][PASSED] - selectOptionByValue(findTestObject("Object Repository/sedekah online/sedekah ditunjukan untuk keluarga"), sedekahUntuk, false): All options with value 'Orang Tua' are selected in object 'Object Repository/sedekah online/sedekah ditunjukan untuk keluarga' 

2023-10-05 15:42:27 - [MESSAGE][PASSED] - All options with value 'Orang Tua' are selected in object 'Object Repository/sedekah online/sedekah ditunjukan untuk keluarga' 

2023-10-05 15:42:27 - [TEST_STEP][PASSED] - setText(findTestObject("sedekah online/input isi doa terbaik anda"), doa): Text 'Semoga Bermanfaat' is set on object 'Object Repository/sedekah online/input isi doa terbaik anda'

2023-10-05 15:42:28 - [MESSAGE][PASSED] - Text 'Semoga Bermanfaat' is set on object 'Object Repository/sedekah online/input isi doa terbaik anda'

2023-10-05 15:42:28 - [TEST_STEP][PASSED] - setText(findTestObject("sedekah online/input 2 digit terakhir nomor hp"), digitAkhir): Text '34' is set on object 'Object Repository/sedekah online/input 2 digit terakhir nomor hp'

2023-10-05 15:42:29 - [MESSAGE][PASSED] - Text '34' is set on object 'Object Repository/sedekah online/input 2 digit terakhir nomor hp'

2023-10-05 15:42:29 - [TEST_STEP][PASSED] - click(findTestObject("sedekah online/button_Sedekah Sekarang")): Object: 'Object Repository/sedekah online/button_Sedekah Sekarang' is clicked on

2023-10-05 15:42:30 - [MESSAGE][PASSED] - Object: 'Object Repository/sedekah online/button_Sedekah Sekarang' is clicked on

2023-10-05 15:42:30 - [TEST_STEP][PASSED] - verifyElementText(findTestObject("sedekah online/verifikasi sukses berdonasi"), "Sukses Proses Bersedekah, kami akan segera menghubungi anda! Terima kasih"): Actual text and expected text of test object 'Object Repository/sedekah online/verifikasi sukses berdonasi' are matched.

2023-10-05 15:42:31 - [MESSAGE][PASSED] - Actual text and expected text of test object 'Object Repository/sedekah online/verifikasi sukses berdonasi' are matched.]]></system-out>
         <system-err><![CDATA[]]></system-err>
      </testcase>
      <testcase name="Test Cases/T05 - Sedekah Online/TC-SO-002" time="24.402" classname="Test Cases/T05 - Sedekah Online/TC-SO-002" status="FAILED">
         <failure type="FAILED" message="Test Cases/T05 - Sedekah Online/TC-SO-002 FAILED.
Reason:
com.kms.katalon.core.exception.StepFailedException: Verify element text of test object 'Object Repository/sedekah online/verifikasi sukses berdonasi' FAILED.
	at com.kms.katalon.core.webui.keyword.internal.WebUIKeywordMain.stepFailed(WebUIKeywordMain.groovy:64)
	at com.kms.katalon.core.webui.keyword.internal.WebUIKeywordMain.runKeyword(WebUIKeywordMain.groovy:26)
	at com.kms.katalon.core.webui.keyword.builtin.VerifyElementTextKeyword.verifyElementText(VerifyElementTextKeyword.groovy:72)
	at com.kms.katalon.core.webui.keyword.builtin.VerifyElementTextKeyword.execute(VerifyElementTextKeyword.groovy:40)
	at com.kms.katalon.core.keyword.internal.KeywordExecutor.executeKeywordForPlatform(KeywordExecutor.groovy:74)
	at com.kms.katalon.core.webui.keyword.WebUiBuiltInKeywords.verifyElementText(WebUiBuiltInKeywords.groovy:4749)
	at com.kms.katalon.core.webui.keyword.WebUiBuiltInKeywords$verifyElementText$7.call(Unknown Source)
	at TC-SO-002.run(TC-SO-002:54)
	at com.kms.katalon.core.main.ScriptEngine.run(ScriptEngine.java:194)
	at com.kms.katalon.core.main.ScriptEngine.runScriptAsRawText(ScriptEngine.java:119)
	at com.kms.katalon.core.main.TestCaseExecutor.runScript(TestCaseExecutor.java:448)
	at com.kms.katalon.core.main.TestCaseExecutor.doExecute(TestCaseExecutor.java:439)
	at com.kms.katalon.core.main.TestCaseExecutor.processExecutionPhase(TestCaseExecutor.java:418)
	at com.kms.katalon.core.main.TestCaseExecutor.accessMainPhase(TestCaseExecutor.java:410)
	at com.kms.katalon.core.main.TestCaseExecutor.execute(TestCaseExecutor.java:285)
	at com.kms.katalon.core.common.CommonExecutor.accessTestCaseMainPhase(CommonExecutor.java:65)
	at com.kms.katalon.core.main.TestSuiteExecutor.accessTestSuiteMainPhase(TestSuiteExecutor.java:148)
	at com.kms.katalon.core.main.TestSuiteExecutor.execute(TestSuiteExecutor.java:106)
	at com.kms.katalon.core.main.TestCaseMain.startTestSuite(TestCaseMain.java:187)
	at com.kms.katalon.core.main.TestCaseMain$startTestSuite$0.call(Unknown Source)
	at TempTestSuite1696495265556.run(TempTestSuite1696495265556.groovy:36)
Caused by: com.kms.katalon.core.exception.StepFailedException: Actual text 'Sukses Proses Bersedekah, kami akan segera menghubungi anda! Terima kasih' and expected text 'Minimal nominal sedekah Online Rp 25.000' of test object 'Object Repository/sedekah online/verifikasi sukses berdonasi' are NOT matched.
	at com.kms.katalon.core.webui.keyword.internal.WebUIKeywordMain.stepFailed(WebUIKeywordMain.groovy:64)
	at com.kms.katalon.core.webui.keyword.builtin.VerifyElementTextKeyword$_verifyElementText_closure1.doCall(VerifyElementTextKeyword.groovy:57)
	at com.kms.katalon.core.webui.keyword.builtin.VerifyElementTextKeyword$_verifyElementText_closure1.call(VerifyElementTextKeyword.groovy)
	at com.kms.katalon.core.webui.keyword.internal.WebUIKeywordMain.runKeyword(WebUIKeywordMain.groovy:20)
	... 19 more
"/>
         <system-out><![CDATA[2023-10-05 15:42:31 - [TEST_CASE][FAILED] - Test Cases/T05 - Sedekah Online/TC-SO-002: Test Cases/T05 - Sedekah Online/TC-SO-002 FAILED.
Reason:
com.kms.katalon.core.exception.StepFailedException: Verify element text of test object 'Object Repository/sedekah online/verifikasi sukses berdonasi' FAILED.
	at com.kms.katalon.core.webui.keyword.internal.WebUIKeywordMain.stepFailed(WebUIKeywordMain.groovy:64)
	at com.kms.katalon.core.webui.keyword.internal.WebUIKeywordMain.runKeyword(WebUIKeywordMain.groovy:26)
	at com.kms.katalon.core.webui.keyword.builtin.VerifyElementTextKeyword.verifyElementText(VerifyElementTextKeyword.groovy:72)
	at com.kms.katalon.core.webui.keyword.builtin.VerifyElementTextKeyword.execute(VerifyElementTextKeyword.groovy:40)
	at com.kms.katalon.core.keyword.internal.KeywordExecutor.executeKeywordForPlatform(KeywordExecutor.groovy:74)
	at com.kms.katalon.core.webui.keyword.WebUiBuiltInKeywords.verifyElementText(WebUiBuiltInKeywords.groovy:4749)
	at com.kms.katalon.core.webui.keyword.WebUiBuiltInKeywords$verifyElementText$7.call(Unknown Source)
	at TC-SO-002.run(TC-SO-002:54)
	at com.kms.katalon.core.main.ScriptEngine.run(ScriptEngine.java:194)
	at com.kms.katalon.core.main.ScriptEngine.runScriptAsRawText(ScriptEngine.java:119)
	at com.kms.katalon.core.main.TestCaseExecutor.runScript(TestCaseExecutor.java:448)
	at com.kms.katalon.core.main.TestCaseExecutor.doExecute(TestCaseExecutor.java:439)
	at com.kms.katalon.core.main.TestCaseExecutor.processExecutionPhase(TestCaseExecutor.java:418)
	at com.kms.katalon.core.main.TestCaseExecutor.accessMainPhase(TestCaseExecutor.java:410)
	at com.kms.katalon.core.main.TestCaseExecutor.execute(TestCaseExecutor.java:285)
	at com.kms.katalon.core.common.CommonExecutor.accessTestCaseMainPhase(CommonExecutor.java:65)
	at com.kms.katalon.core.main.TestSuiteExecutor.accessTestSuiteMainPhase(TestSuiteExecutor.java:148)
	at com.kms.katalon.core.main.TestSuiteExecutor.execute(TestSuiteExecutor.java:106)
	at com.kms.katalon.core.main.TestCaseMain.startTestSuite(TestCaseMain.java:187)
	at com.kms.katalon.core.main.TestCaseMain$startTestSuite$0.call(Unknown Source)
	at TempTestSuite1696495265556.run(TempTestSuite1696495265556.groovy:36)
Caused by: com.kms.katalon.core.exception.StepFailedException: Actual text 'Sukses Proses Bersedekah, kami akan segera menghubungi anda! Terima kasih' and expected text 'Minimal nominal sedekah Online Rp 25.000' of test object 'Object Repository/sedekah online/verifikasi sukses berdonasi' are NOT matched.
	at com.kms.katalon.core.webui.keyword.internal.WebUIKeywordMain.stepFailed(WebUIKeywordMain.groovy:64)
	at com.kms.katalon.core.webui.keyword.builtin.VerifyElementTextKeyword$_verifyElementText_closure1.doCall(VerifyElementTextKeyword.groovy:57)
	at com.kms.katalon.core.webui.keyword.builtin.VerifyElementTextKeyword$_verifyElementText_closure1.call(VerifyElementTextKeyword.groovy)
	at com.kms.katalon.core.webui.keyword.internal.WebUIKeywordMain.runKeyword(WebUIKeywordMain.groovy:20)
	... 19 more


2023-10-05 15:42:32 - [TEST_STEP][PASSED] - openBrowser(urlWeb): Browser is opened with url: 'https://10.9.2.63/ecommerce/'

2023-10-05 15:42:32 - [MESSAGE][WARNING] - A browser is already opened. Closing browser and opening a new one

2023-10-05 15:42:33 - [MESSAGE][INFO] - Starting 'Firefox' driver

2023-10-05 15:42:33 - [MESSAGE][INFO] - User set preference: ['args', '[window-size=1500,1000, ignore-certificate-errors, UnexpectedAlertBehaviour=ignore]']

2023-10-05 15:42:33 - [MESSAGE][INFO] - Action delay is set to 0 milliseconds

2023-10-05 15:42:42 - [MESSAGE][PASSED] - Browser is opened with url: 'https://10.9.2.63/ecommerce/'

2023-10-05 15:42:42 - [TEST_STEP][PASSED] - maximizeWindow(): Current window maximized

2023-10-05 15:42:42 - [MESSAGE][PASSED] - Current window maximized

2023-10-05 15:42:42 - [TEST_STEP][PASSED] - verifyElementPresent(findTestObject("verifikasi masuk website tajalapk"), 0): Object 'Object Repository/verifikasi masuk website tajalapk' is present

2023-10-05 15:42:42 - [MESSAGE][WARNING] - Timeout '0' is invalid. Using default page load timeout: '30'

2023-10-05 15:42:42 - [MESSAGE][PASSED] - Object 'Object Repository/verifikasi masuk website tajalapk' is present

2023-10-05 15:42:42 - [TEST_STEP][PASSED] - click(findTestObject("sedekah online/a_Donasi (di halaman utama)")): Object: 'Object Repository/sedekah online/a_Donasi (di halaman utama)' is clicked on

2023-10-05 15:42:43 - [MESSAGE][PASSED] - Object: 'Object Repository/sedekah online/a_Donasi (di halaman utama)' is clicked on

2023-10-05 15:42:43 - [TEST_STEP][PASSED] - click(findTestObject("sedekah online/a_Sedekah Online")): Object: 'Object Repository/sedekah online/a_Sedekah Online' is clicked on

2023-10-05 15:42:44 - [MESSAGE][PASSED] - Object: 'Object Repository/sedekah online/a_Sedekah Online' is clicked on

2023-10-05 15:42:44 - [TEST_STEP][PASSED] - verifyElementPresent(findTestObject("sedekah online/verifikasi halaman sedekah Online"), 0): Object 'Object Repository/sedekah online/verifikasi halaman sedekah Online' is present

2023-10-05 15:42:44 - [MESSAGE][WARNING] - Timeout '0' is invalid. Using default page load timeout: '30'

2023-10-05 15:42:45 - [MESSAGE][PASSED] - Object 'Object Repository/sedekah online/verifikasi halaman sedekah Online' is present

2023-10-05 15:42:45 - [TEST_STEP][PASSED] - setText(findTestObject("sedekah online/input_Sedekah"), NominalSedekah): Text '5000' is set on object 'Object Repository/sedekah online/input_Sedekah'

2023-10-05 15:42:46 - [MESSAGE][PASSED] - Text '5000' is set on object 'Object Repository/sedekah online/input_Sedekah'

2023-10-05 15:42:46 - [TEST_STEP][PASSED] - setText(findTestObject("sedekah online/input_Nama lengkap (di sedekah online)"), namaLengkap): Text 'ikana' is set on object 'Object Repository/sedekah online/input_Nama lengkap (di sedekah online)'

2023-10-05 15:42:47 - [MESSAGE][PASSED] - Text 'ikana' is set on object 'Object Repository/sedekah online/input_Nama lengkap (di sedekah online)'

2023-10-05 15:42:47 - [TEST_STEP][PASSED] - setText(findTestObject("sedekah online/input_No Handphone (di sedekah online)"), noHp): Text '086754321234' is set on object 'Object Repository/sedekah online/input_No Handphone (di sedekah online)'

2023-10-05 15:42:48 - [MESSAGE][PASSED] - Text '086754321234' is set on object 'Object Repository/sedekah online/input_No Handphone (di sedekah online)'

2023-10-05 15:42:48 - [TEST_STEP][PASSED] - setText(findTestObject("sedekah online/input_Alamat Email (di sedekah online)"), email): Text 'anata71@gmail.com' is set on object 'Object Repository/sedekah online/input_Alamat Email (di sedekah online)'

2023-10-05 15:42:49 - [MESSAGE][PASSED] - Text 'anata71@gmail.com' is set on object 'Object Repository/sedekah online/input_Alamat Email (di sedekah online)'

2023-10-05 15:42:49 - [TEST_STEP][PASSED] - selectOptionByValue(findTestObject("Object Repository/sedekah online/dropdown metode pembayaraan"), pembayaran, false): All options with value '1' are selected in object 'Object Repository/sedekah online/dropdown metode pembayaraan' 

2023-10-05 15:42:50 - [MESSAGE][PASSED] - All options with value '1' are selected in object 'Object Repository/sedekah online/dropdown metode pembayaraan' 

2023-10-05 15:42:50 - [TEST_STEP][PASSED] - selectOptionByValue(findTestObject("Object Repository/sedekah online/sedekah ditunjukan untuk keluarga"), sedekahUntuk, false): All options with value 'Orang Tua' are selected in object 'Object Repository/sedekah online/sedekah ditunjukan untuk keluarga' 

2023-10-05 15:42:51 - [MESSAGE][PASSED] - All options with value 'Orang Tua' are selected in object 'Object Repository/sedekah online/sedekah ditunjukan untuk keluarga' 

2023-10-05 15:42:51 - [TEST_STEP][PASSED] - setText(findTestObject("sedekah online/input isi doa terbaik anda"), doa): Text 'Semoga Bermanfaat' is set on object 'Object Repository/sedekah online/input isi doa terbaik anda'

2023-10-05 15:42:52 - [MESSAGE][PASSED] - Text 'Semoga Bermanfaat' is set on object 'Object Repository/sedekah online/input isi doa terbaik anda'

2023-10-05 15:42:52 - [TEST_STEP][PASSED] - setText(findTestObject("sedekah online/input 2 digit terakhir nomor hp"), digitAkhir): Text '34' is set on object 'Object Repository/sedekah online/input 2 digit terakhir nomor hp'

2023-10-05 15:42:53 - [MESSAGE][PASSED] - Text '34' is set on object 'Object Repository/sedekah online/input 2 digit terakhir nomor hp'

2023-10-05 15:42:53 - [TEST_STEP][PASSED] - click(findTestObject("sedekah online/button_Sedekah Sekarang")): Object: 'Object Repository/sedekah online/button_Sedekah Sekarang' is clicked on

2023-10-05 15:42:54 - [MESSAGE][PASSED] - Object: 'Object Repository/sedekah online/button_Sedekah Sekarang' is clicked on

2023-10-05 15:42:54 - [TEST_STEP][FAILED] - verifyElementText(findTestObject("sedekah online/verifikasi sukses berdonasi"), "Minimal nominal sedekah Online Rp 25.000"): Verify element text of test object 'Object Repository/sedekah online/verifikasi sukses berdonasi' FAILED. (Root cause: com.kms.katalon.core.exception.StepFailedException: Verify element text of test object 'Object Repository/sedekah online/verifikasi sukses berdonasi' FAILED.
	at com.kms.katalon.core.webui.keyword.internal.WebUIKeywordMain.stepFailed(WebUIKeywordMain.groovy:64)
	at com.kms.katalon.core.webui.keyword.internal.WebUIKeywordMain.runKeyword(WebUIKeywordMain.groovy:26)
	at com.kms.katalon.core.webui.keyword.builtin.VerifyElementTextKeyword.verifyElementText(VerifyElementTextKeyword.groovy:72)
	at com.kms.katalon.core.webui.keyword.builtin.VerifyElementTextKeyword.execute(VerifyElementTextKeyword.groovy:40)
	at com.kms.katalon.core.keyword.internal.KeywordExecutor.executeKeywordForPlatform(KeywordExecutor.groovy:74)
	at com.kms.katalon.core.webui.keyword.WebUiBuiltInKeywords.verifyElementText(WebUiBuiltInKeywords.groovy:4749)
	at com.kms.katalon.core.webui.keyword.WebUiBuiltInKeywords$verifyElementText$7.call(Unknown Source)
	at TC-SO-002.run(TC-SO-002:54)
	at com.kms.katalon.core.main.ScriptEngine.run(ScriptEngine.java:194)
	at com.kms.katalon.core.main.ScriptEngine.runScriptAsRawText(ScriptEngine.java:119)
	at com.kms.katalon.core.main.TestCaseExecutor.runScript(TestCaseExecutor.java:448)
	at com.kms.katalon.core.main.TestCaseExecutor.doExecute(TestCaseExecutor.java:439)
	at com.kms.katalon.core.main.TestCaseExecutor.processExecutionPhase(TestCaseExecutor.java:418)
	at com.kms.katalon.core.main.TestCaseExecutor.accessMainPhase(TestCaseExecutor.java:410)
	at com.kms.katalon.core.main.TestCaseExecutor.execute(TestCaseExecutor.java:285)
	at com.kms.katalon.core.common.CommonExecutor.accessTestCaseMainPhase(CommonExecutor.java:65)
	at com.kms.katalon.core.main.TestSuiteExecutor.accessTestSuiteMainPhase(TestSuiteExecutor.java:148)
	at com.kms.katalon.core.main.TestSuiteExecutor.execute(TestSuiteExecutor.java:106)
	at com.kms.katalon.core.main.TestCaseMain.startTestSuite(TestCaseMain.java:187)
	at com.kms.katalon.core.main.TestCaseMain$startTestSuite$0.call(Unknown Source)
	at TempTestSuite1696495265556.run(TempTestSuite1696495265556.groovy:36)
Caused by: com.kms.katalon.core.exception.StepFailedException: Actual text 'Sukses Proses Bersedekah, kami akan segera menghubungi anda! Terima kasih' and expected text 'Minimal nominal sedekah Online Rp 25.000' of test object 'Object Repository/sedekah online/verifikasi sukses berdonasi' are NOT matched.
	at com.kms.katalon.core.webui.keyword.internal.WebUIKeywordMain.stepFailed(WebUIKeywordMain.groovy:64)
	at com.kms.katalon.core.webui.keyword.builtin.VerifyElementTextKeyword$_verifyElementText_closure1.doCall(VerifyElementTextKeyword.groovy:57)
	at com.kms.katalon.core.webui.keyword.builtin.VerifyElementTextKeyword$_verifyElementText_closure1.call(VerifyElementTextKeyword.groovy)
	at com.kms.katalon.core.webui.keyword.internal.WebUIKeywordMain.runKeyword(WebUIKeywordMain.groovy:20)
	... 19 more
)

2023-10-05 15:42:55 - [MESSAGE][FAILED] - Actual text 'Sukses Proses Bersedekah, kami akan segera menghubungi anda! Terima kasih' and expected text 'Minimal nominal sedekah Online Rp 25.000' of test object 'Object Repository/sedekah online/verifikasi sukses berdonasi' are NOT matched. (Root cause: com.kms.katalon.core.exception.StepFailedException: Actual text 'Sukses Proses Bersedekah, kami akan segera menghubungi anda! Terima kasih' and expected text 'Minimal nominal sedekah Online Rp 25.000' of test object 'Object Repository/sedekah online/verifikasi sukses berdonasi' are NOT matched.
	at com.kms.katalon.core.webui.keyword.internal.WebUIKeywordMain.stepFailed(WebUIKeywordMain.groovy:64)
	at com.kms.katalon.core.webui.keyword.builtin.VerifyElementTextKeyword$_verifyElementText_closure1.doCall(VerifyElementTextKeyword.groovy:57)
	at com.kms.katalon.core.webui.keyword.builtin.VerifyElementTextKeyword$_verifyElementText_closure1.call(VerifyElementTextKeyword.groovy)
	at com.kms.katalon.core.webui.keyword.internal.WebUIKeywordMain.runKeyword(WebUIKeywordMain.groovy:20)
	at com.kms.katalon.core.webui.keyword.builtin.VerifyElementTextKeyword.verifyElementText(VerifyElementTextKeyword.groovy:72)
	at com.kms.katalon.core.webui.keyword.builtin.VerifyElementTextKeyword.execute(VerifyElementTextKeyword.groovy:40)
	at com.kms.katalon.core.keyword.internal.KeywordExecutor.executeKeywordForPlatform(KeywordExecutor.groovy:74)
	at com.kms.katalon.core.webui.keyword.WebUiBuiltInKeywords.verifyElementText(WebUiBuiltInKeywords.groovy:4749)
	at com.kms.katalon.core.webui.keyword.WebUiBuiltInKeywords$verifyElementText$7.call(Unknown Source)
	at TC-SO-002.run(TC-SO-002:54)
	at com.kms.katalon.core.main.ScriptEngine.run(ScriptEngine.java:194)
	at com.kms.katalon.core.main.ScriptEngine.runScriptAsRawText(ScriptEngine.java:119)
	at com.kms.katalon.core.main.TestCaseExecutor.runScript(TestCaseExecutor.java:448)
	at com.kms.katalon.core.main.TestCaseExecutor.doExecute(TestCaseExecutor.java:439)
	at com.kms.katalon.core.main.TestCaseExecutor.processExecutionPhase(TestCaseExecutor.java:418)
	at com.kms.katalon.core.main.TestCaseExecutor.accessMainPhase(TestCaseExecutor.java:410)
	at com.kms.katalon.core.main.TestCaseExecutor.execute(TestCaseExecutor.java:285)
	at com.kms.katalon.core.common.CommonExecutor.accessTestCaseMainPhase(CommonExecutor.java:65)
	at com.kms.katalon.core.main.TestSuiteExecutor.accessTestSuiteMainPhase(TestSuiteExecutor.java:148)
	at com.kms.katalon.core.main.TestSuiteExecutor.execute(TestSuiteExecutor.java:106)
	at com.kms.katalon.core.main.TestCaseMain.startTestSuite(TestCaseMain.java:187)
	at com.kms.katalon.core.main.TestCaseMain$startTestSuite$0.call(Unknown Source)
	at TempTestSuite1696495265556.run(TempTestSuite1696495265556.groovy:36)
)
[[ATTACHMENT|F:\\bootcamp\\Miniproject\\Tajalapak\\Reports\\20231005_154105\\T05 Sedekah Online\\20231005_154105\\1696495375106.png]]

2023-10-05 15:42:55 - [MESSAGE][FAILED] - Verify element text of test object 'Object Repository/sedekah online/verifikasi sukses berdonasi' FAILED. (Root cause: com.kms.katalon.core.exception.StepFailedException: Verify element text of test object 'Object Repository/sedekah online/verifikasi sukses berdonasi' FAILED.
	at com.kms.katalon.core.webui.keyword.internal.WebUIKeywordMain.stepFailed(WebUIKeywordMain.groovy:64)
	at com.kms.katalon.core.webui.keyword.internal.WebUIKeywordMain.runKeyword(WebUIKeywordMain.groovy:26)
	at com.kms.katalon.core.webui.keyword.builtin.VerifyElementTextKeyword.verifyElementText(VerifyElementTextKeyword.groovy:72)
	at com.kms.katalon.core.webui.keyword.builtin.VerifyElementTextKeyword.execute(VerifyElementTextKeyword.groovy:40)
	at com.kms.katalon.core.keyword.internal.KeywordExecutor.executeKeywordForPlatform(KeywordExecutor.groovy:74)
	at com.kms.katalon.core.webui.keyword.WebUiBuiltInKeywords.verifyElementText(WebUiBuiltInKeywords.groovy:4749)
	at com.kms.katalon.core.webui.keyword.WebUiBuiltInKeywords$verifyElementText$7.call(Unknown Source)
	at TC-SO-002.run(TC-SO-002:54)
	at com.kms.katalon.core.main.ScriptEngine.run(ScriptEngine.java:194)
	at com.kms.katalon.core.main.ScriptEngine.runScriptAsRawText(ScriptEngine.java:119)
	at com.kms.katalon.core.main.TestCaseExecutor.runScript(TestCaseExecutor.java:448)
	at com.kms.katalon.core.main.TestCaseExecutor.doExecute(TestCaseExecutor.java:439)
	at com.kms.katalon.core.main.TestCaseExecutor.processExecutionPhase(TestCaseExecutor.java:418)
	at com.kms.katalon.core.main.TestCaseExecutor.accessMainPhase(TestCaseExecutor.java:410)
	at com.kms.katalon.core.main.TestCaseExecutor.execute(TestCaseExecutor.java:285)
	at com.kms.katalon.core.common.CommonExecutor.accessTestCaseMainPhase(CommonExecutor.java:65)
	at com.kms.katalon.core.main.TestSuiteExecutor.accessTestSuiteMainPhase(TestSuiteExecutor.java:148)
	at com.kms.katalon.core.main.TestSuiteExecutor.execute(TestSuiteExecutor.java:106)
	at com.kms.katalon.core.main.TestCaseMain.startTestSuite(TestCaseMain.java:187)
	at com.kms.katalon.core.main.TestCaseMain$startTestSuite$0.call(Unknown Source)
	at TempTestSuite1696495265556.run(TempTestSuite1696495265556.groovy:36)
Caused by: com.kms.katalon.core.exception.StepFailedException: Actual text 'Sukses Proses Bersedekah, kami akan segera menghubungi anda! Terima kasih' and expected text 'Minimal nominal sedekah Online Rp 25.000' of test object 'Object Repository/sedekah online/verifikasi sukses berdonasi' are NOT matched.
	at com.kms.katalon.core.webui.keyword.internal.WebUIKeywordMain.stepFailed(WebUIKeywordMain.groovy:64)
	at com.kms.katalon.core.webui.keyword.builtin.VerifyElementTextKeyword$_verifyElementText_closure1.doCall(VerifyElementTextKeyword.groovy:57)
	at com.kms.katalon.core.webui.keyword.builtin.VerifyElementTextKeyword$_verifyElementText_closure1.call(VerifyElementTextKeyword.groovy)
	at com.kms.katalon.core.webui.keyword.internal.WebUIKeywordMain.runKeyword(WebUIKeywordMain.groovy:20)
	... 19 more
)
[[ATTACHMENT|F:\\bootcamp\\Miniproject\\Tajalapak\\Reports\\20231005_154105\\T05 Sedekah Online\\20231005_154105\\1696495375617.png]]]]></system-out>
         <system-err><![CDATA[2023-10-05 15:42:31 - [TEST_CASE][FAILED] - Test Cases/T05 - Sedekah Online/TC-SO-002: Test Cases/T05 - Sedekah Online/TC-SO-002 FAILED.
Reason:
com.kms.katalon.core.exception.StepFailedException: Verify element text of test object 'Object Repository/sedekah online/verifikasi sukses berdonasi' FAILED.
	at com.kms.katalon.core.webui.keyword.internal.WebUIKeywordMain.stepFailed(WebUIKeywordMain.groovy:64)
	at com.kms.katalon.core.webui.keyword.internal.WebUIKeywordMain.runKeyword(WebUIKeywordMain.groovy:26)
	at com.kms.katalon.core.webui.keyword.builtin.VerifyElementTextKeyword.verifyElementText(VerifyElementTextKeyword.groovy:72)
	at com.kms.katalon.core.webui.keyword.builtin.VerifyElementTextKeyword.execute(VerifyElementTextKeyword.groovy:40)
	at com.kms.katalon.core.keyword.internal.KeywordExecutor.executeKeywordForPlatform(KeywordExecutor.groovy:74)
	at com.kms.katalon.core.webui.keyword.WebUiBuiltInKeywords.verifyElementText(WebUiBuiltInKeywords.groovy:4749)
	at com.kms.katalon.core.webui.keyword.WebUiBuiltInKeywords$verifyElementText$7.call(Unknown Source)
	at TC-SO-002.run(TC-SO-002:54)
	at com.kms.katalon.core.main.ScriptEngine.run(ScriptEngine.java:194)
	at com.kms.katalon.core.main.ScriptEngine.runScriptAsRawText(ScriptEngine.java:119)
	at com.kms.katalon.core.main.TestCaseExecutor.runScript(TestCaseExecutor.java:448)
	at com.kms.katalon.core.main.TestCaseExecutor.doExecute(TestCaseExecutor.java:439)
	at com.kms.katalon.core.main.TestCaseExecutor.processExecutionPhase(TestCaseExecutor.java:418)
	at com.kms.katalon.core.main.TestCaseExecutor.accessMainPhase(TestCaseExecutor.java:410)
	at com.kms.katalon.core.main.TestCaseExecutor.execute(TestCaseExecutor.java:285)
	at com.kms.katalon.core.common.CommonExecutor.accessTestCaseMainPhase(CommonExecutor.java:65)
	at com.kms.katalon.core.main.TestSuiteExecutor.accessTestSuiteMainPhase(TestSuiteExecutor.java:148)
	at com.kms.katalon.core.main.TestSuiteExecutor.execute(TestSuiteExecutor.java:106)
	at com.kms.katalon.core.main.TestCaseMain.startTestSuite(TestCaseMain.java:187)
	at com.kms.katalon.core.main.TestCaseMain$startTestSuite$0.call(Unknown Source)
	at TempTestSuite1696495265556.run(TempTestSuite1696495265556.groovy:36)
Caused by: com.kms.katalon.core.exception.StepFailedException: Actual text 'Sukses Proses Bersedekah, kami akan segera menghubungi anda! Terima kasih' and expected text 'Minimal nominal sedekah Online Rp 25.000' of test object 'Object Repository/sedekah online/verifikasi sukses berdonasi' are NOT matched.
	at com.kms.katalon.core.webui.keyword.internal.WebUIKeywordMain.stepFailed(WebUIKeywordMain.groovy:64)
	at com.kms.katalon.core.webui.keyword.builtin.VerifyElementTextKeyword$_verifyElementText_closure1.doCall(VerifyElementTextKeyword.groovy:57)
	at com.kms.katalon.core.webui.keyword.builtin.VerifyElementTextKeyword$_verifyElementText_closure1.call(VerifyElementTextKeyword.groovy)
	at com.kms.katalon.core.webui.keyword.internal.WebUIKeywordMain.runKeyword(WebUIKeywordMain.groovy:20)
	... 19 more]]></system-err>
      </testcase>
      <testcase name="Test Cases/T05 - Sedekah Online/TC-SO-003" time="21.883" classname="Test Cases/T05 - Sedekah Online/TC-SO-003" status="PASSED">
         <system-out><![CDATA[2023-10-05 15:42:56 - [TEST_CASE][PASSED] - Test Cases/T05 - Sedekah Online/TC-SO-003: Test Cases/T05 - Sedekah Online/TC-SO-003

2023-10-05 15:42:57 - [TEST_STEP][PASSED] - openBrowser(urlWeb): Browser is opened with url: 'https://10.9.2.63/ecommerce/'

2023-10-05 15:42:57 - [MESSAGE][WARNING] - A browser is already opened. Closing browser and opening a new one

2023-10-05 15:42:58 - [MESSAGE][INFO] - Starting 'Firefox' driver

2023-10-05 15:42:58 - [MESSAGE][INFO] - User set preference: ['args', '[window-size=1500,1000, ignore-certificate-errors, UnexpectedAlertBehaviour=ignore]']

2023-10-05 15:42:58 - [MESSAGE][INFO] - Action delay is set to 0 milliseconds

2023-10-05 15:43:06 - [MESSAGE][PASSED] - Browser is opened with url: 'https://10.9.2.63/ecommerce/'

2023-10-05 15:43:06 - [TEST_STEP][PASSED] - maximizeWindow(): Current window maximized

2023-10-05 15:43:06 - [MESSAGE][PASSED] - Current window maximized

2023-10-05 15:43:06 - [TEST_STEP][PASSED] - verifyElementPresent(findTestObject("verifikasi masuk website tajalapk"), 0): Object 'Object Repository/verifikasi masuk website tajalapk' is present

2023-10-05 15:43:06 - [MESSAGE][WARNING] - Timeout '0' is invalid. Using default page load timeout: '30'

2023-10-05 15:43:06 - [MESSAGE][PASSED] - Object 'Object Repository/verifikasi masuk website tajalapk' is present

2023-10-05 15:43:06 - [TEST_STEP][PASSED] - click(findTestObject("sedekah online/a_Donasi (di halaman utama)")): Object: 'Object Repository/sedekah online/a_Donasi (di halaman utama)' is clicked on

2023-10-05 15:43:07 - [MESSAGE][PASSED] - Object: 'Object Repository/sedekah online/a_Donasi (di halaman utama)' is clicked on

2023-10-05 15:43:07 - [TEST_STEP][PASSED] - click(findTestObject("sedekah online/a_Sedekah Online")): Object: 'Object Repository/sedekah online/a_Sedekah Online' is clicked on

2023-10-05 15:43:08 - [MESSAGE][PASSED] - Object: 'Object Repository/sedekah online/a_Sedekah Online' is clicked on

2023-10-05 15:43:08 - [TEST_STEP][PASSED] - verifyElementPresent(findTestObject("sedekah online/verifikasi halaman sedekah Online"), 0): Object 'Object Repository/sedekah online/verifikasi halaman sedekah Online' is present

2023-10-05 15:43:08 - [MESSAGE][WARNING] - Timeout '0' is invalid. Using default page load timeout: '30'

2023-10-05 15:43:08 - [MESSAGE][PASSED] - Object 'Object Repository/sedekah online/verifikasi halaman sedekah Online' is present

2023-10-05 15:43:08 - [TEST_STEP][PASSED] - setText(findTestObject("sedekah online/input_Sedekah"), NominalSedekah): Text '25000' is set on object 'Object Repository/sedekah online/input_Sedekah'

2023-10-05 15:43:09 - [MESSAGE][PASSED] - Text '25000' is set on object 'Object Repository/sedekah online/input_Sedekah'

2023-10-05 15:43:09 - [TEST_STEP][PASSED] - setText(findTestObject("sedekah online/input_Nama lengkap (di sedekah online)"), namaLengkap): Text 'ikana' is set on object 'Object Repository/sedekah online/input_Nama lengkap (di sedekah online)'

2023-10-05 15:43:10 - [MESSAGE][PASSED] - Text 'ikana' is set on object 'Object Repository/sedekah online/input_Nama lengkap (di sedekah online)'

2023-10-05 15:43:10 - [TEST_STEP][PASSED] - setText(findTestObject("sedekah online/input_No Handphone (di sedekah online)"), noHp): Text '086754321234' is set on object 'Object Repository/sedekah online/input_No Handphone (di sedekah online)'

2023-10-05 15:43:11 - [MESSAGE][PASSED] - Text '086754321234' is set on object 'Object Repository/sedekah online/input_No Handphone (di sedekah online)'

2023-10-05 15:43:11 - [TEST_STEP][PASSED] - setText(findTestObject("sedekah online/input_Alamat Email (di sedekah online)"), email): Text 'anata71@gmail.com' is set on object 'Object Repository/sedekah online/input_Alamat Email (di sedekah online)'

2023-10-05 15:43:12 - [MESSAGE][PASSED] - Text 'anata71@gmail.com' is set on object 'Object Repository/sedekah online/input_Alamat Email (di sedekah online)'

2023-10-05 15:43:12 - [TEST_STEP][PASSED] - selectOptionByValue(findTestObject("Object Repository/sedekah online/dropdown metode pembayaraan"), pembayaran, false): All options with value '1' are selected in object 'Object Repository/sedekah online/dropdown metode pembayaraan' 

2023-10-05 15:43:13 - [MESSAGE][PASSED] - All options with value '1' are selected in object 'Object Repository/sedekah online/dropdown metode pembayaraan' 

2023-10-05 15:43:13 - [TEST_STEP][PASSED] - selectOptionByValue(findTestObject("Object Repository/sedekah online/sedekah ditunjukan untuk keluarga"), sedekahUntuk, false): All options with value 'Orang Tua' are selected in object 'Object Repository/sedekah online/sedekah ditunjukan untuk keluarga' 

2023-10-05 15:43:14 - [MESSAGE][PASSED] - All options with value 'Orang Tua' are selected in object 'Object Repository/sedekah online/sedekah ditunjukan untuk keluarga' 

2023-10-05 15:43:14 - [TEST_STEP][PASSED] - setText(findTestObject("sedekah online/input isi doa terbaik anda"), doa): Text 'Semoga Bermanfaat' is set on object 'Object Repository/sedekah online/input isi doa terbaik anda'

2023-10-05 15:43:15 - [MESSAGE][PASSED] - Text 'Semoga Bermanfaat' is set on object 'Object Repository/sedekah online/input isi doa terbaik anda'

2023-10-05 15:43:15 - [TEST_STEP][PASSED] - setText(findTestObject("sedekah online/input 2 digit terakhir nomor hp"), digitAkhir): Text '43' is set on object 'Object Repository/sedekah online/input 2 digit terakhir nomor hp'

2023-10-05 15:43:16 - [MESSAGE][PASSED] - Text '43' is set on object 'Object Repository/sedekah online/input 2 digit terakhir nomor hp'

2023-10-05 15:43:16 - [TEST_STEP][PASSED] - click(findTestObject("sedekah online/button_Sedekah Sekarang")): Object: 'Object Repository/sedekah online/button_Sedekah Sekarang' is clicked on

2023-10-05 15:43:17 - [MESSAGE][PASSED] - Object: 'Object Repository/sedekah online/button_Sedekah Sekarang' is clicked on

2023-10-05 15:43:17 - [TEST_STEP][PASSED] - verifyElementText(findTestObject("sedekah online/verifikasi gagal bernoasi beda dua digit nomor hp"), "GAGAL Diproses, 2 Digit Terakhir No Handphone yang anda input salah!"): Actual text and expected text of test object 'Object Repository/sedekah online/verifikasi gagal bernoasi beda dua digit nomor hp' are matched.

2023-10-05 15:43:18 - [MESSAGE][PASSED] - Actual text and expected text of test object 'Object Repository/sedekah online/verifikasi gagal bernoasi beda dua digit nomor hp' are matched.]]></system-out>
         <system-err><![CDATA[]]></system-err>
      </testcase>
      <testcase name="Test Cases/T05 - Sedekah Online/TC-SO-004" time="22.301" classname="Test Cases/T05 - Sedekah Online/TC-SO-004" status="PASSED">
         <system-out><![CDATA[2023-10-05 15:43:18 - [TEST_CASE][PASSED] - Test Cases/T05 - Sedekah Online/TC-SO-004: Test Cases/T05 - Sedekah Online/TC-SO-004

2023-10-05 15:43:19 - [TEST_STEP][PASSED] - openBrowser(urlWeb): Browser is opened with url: 'https://10.9.2.63/ecommerce/'

2023-10-05 15:43:19 - [MESSAGE][WARNING] - A browser is already opened. Closing browser and opening a new one

2023-10-05 15:43:20 - [MESSAGE][INFO] - Starting 'Firefox' driver

2023-10-05 15:43:20 - [MESSAGE][INFO] - User set preference: ['args', '[window-size=1500,1000, ignore-certificate-errors, UnexpectedAlertBehaviour=ignore]']

2023-10-05 15:43:20 - [MESSAGE][INFO] - Action delay is set to 0 milliseconds

2023-10-05 15:43:28 - [MESSAGE][PASSED] - Browser is opened with url: 'https://10.9.2.63/ecommerce/'

2023-10-05 15:43:28 - [TEST_STEP][PASSED] - maximizeWindow(): Current window maximized

2023-10-05 15:43:29 - [MESSAGE][PASSED] - Current window maximized

2023-10-05 15:43:29 - [TEST_STEP][PASSED] - verifyElementPresent(findTestObject("verifikasi masuk website tajalapk"), 0): Object 'Object Repository/verifikasi masuk website tajalapk' is present

2023-10-05 15:43:29 - [MESSAGE][WARNING] - Timeout '0' is invalid. Using default page load timeout: '30'

2023-10-05 15:43:29 - [MESSAGE][PASSED] - Object 'Object Repository/verifikasi masuk website tajalapk' is present

2023-10-05 15:43:29 - [TEST_STEP][PASSED] - click(findTestObject("sedekah online/a_Donasi (di halaman utama)")): Object: 'Object Repository/sedekah online/a_Donasi (di halaman utama)' is clicked on

2023-10-05 15:43:29 - [MESSAGE][PASSED] - Object: 'Object Repository/sedekah online/a_Donasi (di halaman utama)' is clicked on

2023-10-05 15:43:29 - [TEST_STEP][PASSED] - click(findTestObject("sedekah online/a_Sedekah Online")): Object: 'Object Repository/sedekah online/a_Sedekah Online' is clicked on

2023-10-05 15:43:31 - [MESSAGE][PASSED] - Object: 'Object Repository/sedekah online/a_Sedekah Online' is clicked on

2023-10-05 15:43:31 - [TEST_STEP][PASSED] - verifyElementPresent(findTestObject("sedekah online/verifikasi halaman sedekah Online"), 0): Object 'Object Repository/sedekah online/verifikasi halaman sedekah Online' is present

2023-10-05 15:43:31 - [MESSAGE][WARNING] - Timeout '0' is invalid. Using default page load timeout: '30'

2023-10-05 15:43:31 - [MESSAGE][PASSED] - Object 'Object Repository/sedekah online/verifikasi halaman sedekah Online' is present

2023-10-05 15:43:31 - [TEST_STEP][PASSED] - setText(findTestObject("sedekah online/input_Sedekah"), NominalSedekah): Text '25000' is set on object 'Object Repository/sedekah online/input_Sedekah'

2023-10-05 15:43:32 - [MESSAGE][PASSED] - Text '25000' is set on object 'Object Repository/sedekah online/input_Sedekah'

2023-10-05 15:43:32 - [TEST_STEP][PASSED] - setText(findTestObject("sedekah online/input_Nama lengkap (di sedekah online)"), namaLengkap): Text 'ikana' is set on object 'Object Repository/sedekah online/input_Nama lengkap (di sedekah online)'

2023-10-05 15:43:33 - [MESSAGE][PASSED] - Text 'ikana' is set on object 'Object Repository/sedekah online/input_Nama lengkap (di sedekah online)'

2023-10-05 15:43:33 - [TEST_STEP][PASSED] - setText(findTestObject("sedekah online/input_No Handphone (di sedekah online)"), noHp): Text '086754321234' is set on object 'Object Repository/sedekah online/input_No Handphone (di sedekah online)'

2023-10-05 15:43:34 - [MESSAGE][PASSED] - Text '086754321234' is set on object 'Object Repository/sedekah online/input_No Handphone (di sedekah online)'

2023-10-05 15:43:34 - [TEST_STEP][PASSED] - setText(findTestObject("sedekah online/input_Alamat Email (di sedekah online)"), email): Text 'anata71' is set on object 'Object Repository/sedekah online/input_Alamat Email (di sedekah online)'

2023-10-05 15:43:35 - [MESSAGE][PASSED] - Text 'anata71' is set on object 'Object Repository/sedekah online/input_Alamat Email (di sedekah online)'

2023-10-05 15:43:35 - [TEST_STEP][PASSED] - selectOptionByValue(findTestObject("Object Repository/sedekah online/dropdown metode pembayaraan"), pembayaran, false): All options with value '1' are selected in object 'Object Repository/sedekah online/dropdown metode pembayaraan' 

2023-10-05 15:43:36 - [MESSAGE][PASSED] - All options with value '1' are selected in object 'Object Repository/sedekah online/dropdown metode pembayaraan' 

2023-10-05 15:43:36 - [TEST_STEP][PASSED] - selectOptionByValue(findTestObject("Object Repository/sedekah online/sedekah ditunjukan untuk keluarga"), sedekahUntuk, false): All options with value 'Orang Tua' are selected in object 'Object Repository/sedekah online/sedekah ditunjukan untuk keluarga' 

2023-10-05 15:43:37 - [MESSAGE][PASSED] - All options with value 'Orang Tua' are selected in object 'Object Repository/sedekah online/sedekah ditunjukan untuk keluarga' 

2023-10-05 15:43:37 - [TEST_STEP][PASSED] - setText(findTestObject("sedekah online/input isi doa terbaik anda"), doa): Text 'Semoga Bermanfaat' is set on object 'Object Repository/sedekah online/input isi doa terbaik anda'

2023-10-05 15:43:38 - [MESSAGE][PASSED] - Text 'Semoga Bermanfaat' is set on object 'Object Repository/sedekah online/input isi doa terbaik anda'

2023-10-05 15:43:38 - [TEST_STEP][PASSED] - setText(findTestObject("sedekah online/input 2 digit terakhir nomor hp"), digitAkhir): Text '34' is set on object 'Object Repository/sedekah online/input 2 digit terakhir nomor hp'

2023-10-05 15:43:39 - [MESSAGE][PASSED] - Text '34' is set on object 'Object Repository/sedekah online/input 2 digit terakhir nomor hp'

2023-10-05 15:43:39 - [TEST_STEP][PASSED] - click(findTestObject("sedekah online/button_Sedekah Sekarang")): Object: 'Object Repository/sedekah online/button_Sedekah Sekarang' is clicked on

2023-10-05 15:43:40 - [MESSAGE][PASSED] - Object: 'Object Repository/sedekah online/button_Sedekah Sekarang' is clicked on

2023-10-05 15:43:40 - [TEST_STEP][PASSED] - webDriver = getWebDriver(): null

2023-10-05 15:43:40 - [TEST_STEP][PASSED] - field_email = webDriver.findElement(By.xpath("//input[@name="alamat_email"]")): null

2023-10-05 15:43:40 - [TEST_STEP][PASSED] - error_message = webDriver.executeScript("return arguments[0].validationMessage", field_email): null

2023-10-05 15:43:40 - [TEST_STEP][PASSED] - println(error_message): null

2023-10-05 15:43:40 - [TEST_STEP][PASSED] - assert error_message == "Please enter an email address.": null]]></system-out>
         <system-err><![CDATA[]]></system-err>
      </testcase>
      <testcase name="Test Cases/T05 - Sedekah Online/TC-SO-005" time="22.58" classname="Test Cases/T05 - Sedekah Online/TC-SO-005" status="FAILED">
         <failure type="FAILED" message="Test Cases/T05 - Sedekah Online/TC-SO-005 FAILED.
Reason:
com.kms.katalon.core.exception.StepFailedException: Unable to verify text 'please enter an valid phone number' is present 
	at com.kms.katalon.core.webui.keyword.internal.WebUIKeywordMain.stepFailed(WebUIKeywordMain.groovy:64)
	at com.kms.katalon.core.webui.keyword.internal.WebUIKeywordMain.runKeyword(WebUIKeywordMain.groovy:26)
	at com.kms.katalon.core.webui.keyword.builtin.VerifyTextPresentKeyword.verifyTextPresent(VerifyTextPresentKeyword.groovy:83)
	at com.kms.katalon.core.webui.keyword.builtin.VerifyTextPresentKeyword.execute(VerifyTextPresentKeyword.groovy:68)
	at com.kms.katalon.core.keyword.internal.KeywordExecutor.executeKeywordForPlatform(KeywordExecutor.groovy:74)
	at com.kms.katalon.core.webui.keyword.WebUiBuiltInKeywords.verifyTextPresent(WebUiBuiltInKeywords.groovy:1723)
	at com.kms.katalon.core.webui.keyword.WebUiBuiltInKeywords$verifyTextPresent$8.call(Unknown Source)
	at TC-SO-005.run(TC-SO-005:53)
	at com.kms.katalon.core.main.ScriptEngine.run(ScriptEngine.java:194)
	at com.kms.katalon.core.main.ScriptEngine.runScriptAsRawText(ScriptEngine.java:119)
	at com.kms.katalon.core.main.TestCaseExecutor.runScript(TestCaseExecutor.java:448)
	at com.kms.katalon.core.main.TestCaseExecutor.doExecute(TestCaseExecutor.java:439)
	at com.kms.katalon.core.main.TestCaseExecutor.processExecutionPhase(TestCaseExecutor.java:418)
	at com.kms.katalon.core.main.TestCaseExecutor.accessMainPhase(TestCaseExecutor.java:410)
	at com.kms.katalon.core.main.TestCaseExecutor.execute(TestCaseExecutor.java:285)
	at com.kms.katalon.core.common.CommonExecutor.accessTestCaseMainPhase(CommonExecutor.java:65)
	at com.kms.katalon.core.main.TestSuiteExecutor.accessTestSuiteMainPhase(TestSuiteExecutor.java:148)
	at com.kms.katalon.core.main.TestSuiteExecutor.execute(TestSuiteExecutor.java:106)
	at com.kms.katalon.core.main.TestCaseMain.startTestSuite(TestCaseMain.java:187)
	at com.kms.katalon.core.main.TestCaseMain$startTestSuite$0.call(Unknown Source)
	at TempTestSuite1696495265556.run(TempTestSuite1696495265556.groovy:36)
Caused by: com.kms.katalon.core.exception.StepFailedException: Text 'please enter an valid phone number' is not present on page 
	at com.kms.katalon.core.webui.keyword.internal.WebUIKeywordMain.stepFailed(WebUIKeywordMain.groovy:64)
	at com.kms.katalon.core.webui.keyword.builtin.VerifyTextPresentKeyword$_verifyTextPresent_closure1.doCall(VerifyTextPresentKeyword.groovy:79)
	at com.kms.katalon.core.webui.keyword.builtin.VerifyTextPresentKeyword$_verifyTextPresent_closure1.call(VerifyTextPresentKeyword.groovy)
	at com.kms.katalon.core.webui.keyword.internal.WebUIKeywordMain.runKeyword(WebUIKeywordMain.groovy:20)
	... 19 more
"/>
         <system-out><![CDATA[2023-10-05 15:43:40 - [TEST_CASE][FAILED] - Test Cases/T05 - Sedekah Online/TC-SO-005: Test Cases/T05 - Sedekah Online/TC-SO-005 FAILED.
Reason:
com.kms.katalon.core.exception.StepFailedException: Unable to verify text 'please enter an valid phone number' is present 
	at com.kms.katalon.core.webui.keyword.internal.WebUIKeywordMain.stepFailed(WebUIKeywordMain.groovy:64)
	at com.kms.katalon.core.webui.keyword.internal.WebUIKeywordMain.runKeyword(WebUIKeywordMain.groovy:26)
	at com.kms.katalon.core.webui.keyword.builtin.VerifyTextPresentKeyword.verifyTextPresent(VerifyTextPresentKeyword.groovy:83)
	at com.kms.katalon.core.webui.keyword.builtin.VerifyTextPresentKeyword.execute(VerifyTextPresentKeyword.groovy:68)
	at com.kms.katalon.core.keyword.internal.KeywordExecutor.executeKeywordForPlatform(KeywordExecutor.groovy:74)
	at com.kms.katalon.core.webui.keyword.WebUiBuiltInKeywords.verifyTextPresent(WebUiBuiltInKeywords.groovy:1723)
	at com.kms.katalon.core.webui.keyword.WebUiBuiltInKeywords$verifyTextPresent$8.call(Unknown Source)
	at TC-SO-005.run(TC-SO-005:53)
	at com.kms.katalon.core.main.ScriptEngine.run(ScriptEngine.java:194)
	at com.kms.katalon.core.main.ScriptEngine.runScriptAsRawText(ScriptEngine.java:119)
	at com.kms.katalon.core.main.TestCaseExecutor.runScript(TestCaseExecutor.java:448)
	at com.kms.katalon.core.main.TestCaseExecutor.doExecute(TestCaseExecutor.java:439)
	at com.kms.katalon.core.main.TestCaseExecutor.processExecutionPhase(TestCaseExecutor.java:418)
	at com.kms.katalon.core.main.TestCaseExecutor.accessMainPhase(TestCaseExecutor.java:410)
	at com.kms.katalon.core.main.TestCaseExecutor.execute(TestCaseExecutor.java:285)
	at com.kms.katalon.core.common.CommonExecutor.accessTestCaseMainPhase(CommonExecutor.java:65)
	at com.kms.katalon.core.main.TestSuiteExecutor.accessTestSuiteMainPhase(TestSuiteExecutor.java:148)
	at com.kms.katalon.core.main.TestSuiteExecutor.execute(TestSuiteExecutor.java:106)
	at com.kms.katalon.core.main.TestCaseMain.startTestSuite(TestCaseMain.java:187)
	at com.kms.katalon.core.main.TestCaseMain$startTestSuite$0.call(Unknown Source)
	at TempTestSuite1696495265556.run(TempTestSuite1696495265556.groovy:36)
Caused by: com.kms.katalon.core.exception.StepFailedException: Text 'please enter an valid phone number' is not present on page 
	at com.kms.katalon.core.webui.keyword.internal.WebUIKeywordMain.stepFailed(WebUIKeywordMain.groovy:64)
	at com.kms.katalon.core.webui.keyword.builtin.VerifyTextPresentKeyword$_verifyTextPresent_closure1.doCall(VerifyTextPresentKeyword.groovy:79)
	at com.kms.katalon.core.webui.keyword.builtin.VerifyTextPresentKeyword$_verifyTextPresent_closure1.call(VerifyTextPresentKeyword.groovy)
	at com.kms.katalon.core.webui.keyword.internal.WebUIKeywordMain.runKeyword(WebUIKeywordMain.groovy:20)
	... 19 more


2023-10-05 15:43:41 - [TEST_STEP][PASSED] - openBrowser(urlWeb): Browser is opened with url: 'https://10.9.2.63/ecommerce/'

2023-10-05 15:43:41 - [MESSAGE][WARNING] - A browser is already opened. Closing browser and opening a new one

2023-10-05 15:43:43 - [MESSAGE][INFO] - Starting 'Firefox' driver

2023-10-05 15:43:43 - [MESSAGE][INFO] - User set preference: ['args', '[window-size=1500,1000, ignore-certificate-errors, UnexpectedAlertBehaviour=ignore]']

2023-10-05 15:43:43 - [MESSAGE][INFO] - Action delay is set to 0 milliseconds

2023-10-05 15:43:50 - [MESSAGE][PASSED] - Browser is opened with url: 'https://10.9.2.63/ecommerce/'

2023-10-05 15:43:50 - [TEST_STEP][PASSED] - maximizeWindow(): Current window maximized

2023-10-05 15:43:50 - [MESSAGE][PASSED] - Current window maximized

2023-10-05 15:43:50 - [TEST_STEP][PASSED] - verifyElementPresent(findTestObject("verifikasi masuk website tajalapk"), 0): Object 'Object Repository/verifikasi masuk website tajalapk' is present

2023-10-05 15:43:50 - [MESSAGE][WARNING] - Timeout '0' is invalid. Using default page load timeout: '30'

2023-10-05 15:43:50 - [MESSAGE][PASSED] - Object 'Object Repository/verifikasi masuk website tajalapk' is present

2023-10-05 15:43:50 - [TEST_STEP][PASSED] - click(findTestObject("sedekah online/a_Donasi (di halaman utama)")): Object: 'Object Repository/sedekah online/a_Donasi (di halaman utama)' is clicked on

2023-10-05 15:43:51 - [MESSAGE][PASSED] - Object: 'Object Repository/sedekah online/a_Donasi (di halaman utama)' is clicked on

2023-10-05 15:43:51 - [TEST_STEP][PASSED] - click(findTestObject("sedekah online/a_Sedekah Online")): Object: 'Object Repository/sedekah online/a_Sedekah Online' is clicked on

2023-10-05 15:43:52 - [MESSAGE][PASSED] - Object: 'Object Repository/sedekah online/a_Sedekah Online' is clicked on

2023-10-05 15:43:52 - [TEST_STEP][PASSED] - verifyElementPresent(findTestObject("sedekah online/verifikasi halaman sedekah Online"), 0): Object 'Object Repository/sedekah online/verifikasi halaman sedekah Online' is present

2023-10-05 15:43:52 - [MESSAGE][WARNING] - Timeout '0' is invalid. Using default page load timeout: '30'

2023-10-05 15:43:52 - [MESSAGE][PASSED] - Object 'Object Repository/sedekah online/verifikasi halaman sedekah Online' is present

2023-10-05 15:43:52 - [TEST_STEP][PASSED] - setText(findTestObject("sedekah online/input_Sedekah"), NominalSedekah): Text '25000' is set on object 'Object Repository/sedekah online/input_Sedekah'

2023-10-05 15:43:53 - [MESSAGE][PASSED] - Text '25000' is set on object 'Object Repository/sedekah online/input_Sedekah'

2023-10-05 15:43:53 - [TEST_STEP][PASSED] - setText(findTestObject("sedekah online/input_Nama lengkap (di sedekah online)"), namaLengkap): Text 'ikana' is set on object 'Object Repository/sedekah online/input_Nama lengkap (di sedekah online)'

2023-10-05 15:43:54 - [MESSAGE][PASSED] - Text 'ikana' is set on object 'Object Repository/sedekah online/input_Nama lengkap (di sedekah online)'

2023-10-05 15:43:54 - [TEST_STEP][PASSED] - setText(findTestObject("sedekah online/input_No Handphone (di sedekah online)"), noHp): Text '086754' is set on object 'Object Repository/sedekah online/input_No Handphone (di sedekah online)'

2023-10-05 15:43:56 - [MESSAGE][PASSED] - Text '086754' is set on object 'Object Repository/sedekah online/input_No Handphone (di sedekah online)'

2023-10-05 15:43:56 - [TEST_STEP][PASSED] - setText(findTestObject("sedekah online/input_Alamat Email (di sedekah online)"), email): Text 'anata71@gmail.com' is set on object 'Object Repository/sedekah online/input_Alamat Email (di sedekah online)'

2023-10-05 15:43:56 - [MESSAGE][PASSED] - Text 'anata71@gmail.com' is set on object 'Object Repository/sedekah online/input_Alamat Email (di sedekah online)'

2023-10-05 15:43:56 - [TEST_STEP][PASSED] - selectOptionByValue(findTestObject("Object Repository/sedekah online/dropdown metode pembayaraan"), pembayaran, false): All options with value '1' are selected in object 'Object Repository/sedekah online/dropdown metode pembayaraan' 

2023-10-05 15:43:58 - [MESSAGE][PASSED] - All options with value '1' are selected in object 'Object Repository/sedekah online/dropdown metode pembayaraan' 

2023-10-05 15:43:58 - [TEST_STEP][PASSED] - selectOptionByValue(findTestObject("Object Repository/sedekah online/sedekah ditunjukan untuk keluarga"), sedekahUntuk, false): All options with value 'Orang Tua' are selected in object 'Object Repository/sedekah online/sedekah ditunjukan untuk keluarga' 

2023-10-05 15:43:58 - [MESSAGE][PASSED] - All options with value 'Orang Tua' are selected in object 'Object Repository/sedekah online/sedekah ditunjukan untuk keluarga' 

2023-10-05 15:43:58 - [TEST_STEP][PASSED] - setText(findTestObject("sedekah online/input isi doa terbaik anda"), doa): Text 'Semoga Berkah' is set on object 'Object Repository/sedekah online/input isi doa terbaik anda'

2023-10-05 15:43:59 - [MESSAGE][PASSED] - Text 'Semoga Berkah' is set on object 'Object Repository/sedekah online/input isi doa terbaik anda'

2023-10-05 15:43:59 - [TEST_STEP][PASSED] - setText(findTestObject("sedekah online/input 2 digit terakhir nomor hp"), digitAkhir): Text '54' is set on object 'Object Repository/sedekah online/input 2 digit terakhir nomor hp'

2023-10-05 15:44:00 - [MESSAGE][PASSED] - Text '54' is set on object 'Object Repository/sedekah online/input 2 digit terakhir nomor hp'

2023-10-05 15:44:00 - [TEST_STEP][PASSED] - click(findTestObject("sedekah online/button_Sedekah Sekarang")): Object: 'Object Repository/sedekah online/button_Sedekah Sekarang' is clicked on

2023-10-05 15:44:01 - [MESSAGE][PASSED] - Object: 'Object Repository/sedekah online/button_Sedekah Sekarang' is clicked on

2023-10-05 15:44:01 - [TEST_STEP][FAILED] - verifyTextPresent("please enter an valid phone number", false): Unable to verify text 'please enter an valid phone number' is present  (Root cause: com.kms.katalon.core.exception.StepFailedException: Unable to verify text 'please enter an valid phone number' is present 
	at com.kms.katalon.core.webui.keyword.internal.WebUIKeywordMain.stepFailed(WebUIKeywordMain.groovy:64)
	at com.kms.katalon.core.webui.keyword.internal.WebUIKeywordMain.runKeyword(WebUIKeywordMain.groovy:26)
	at com.kms.katalon.core.webui.keyword.builtin.VerifyTextPresentKeyword.verifyTextPresent(VerifyTextPresentKeyword.groovy:83)
	at com.kms.katalon.core.webui.keyword.builtin.VerifyTextPresentKeyword.execute(VerifyTextPresentKeyword.groovy:68)
	at com.kms.katalon.core.keyword.internal.KeywordExecutor.executeKeywordForPlatform(KeywordExecutor.groovy:74)
	at com.kms.katalon.core.webui.keyword.WebUiBuiltInKeywords.verifyTextPresent(WebUiBuiltInKeywords.groovy:1723)
	at com.kms.katalon.core.webui.keyword.WebUiBuiltInKeywords$verifyTextPresent$8.call(Unknown Source)
	at TC-SO-005.run(TC-SO-005:53)
	at com.kms.katalon.core.main.ScriptEngine.run(ScriptEngine.java:194)
	at com.kms.katalon.core.main.ScriptEngine.runScriptAsRawText(ScriptEngine.java:119)
	at com.kms.katalon.core.main.TestCaseExecutor.runScript(TestCaseExecutor.java:448)
	at com.kms.katalon.core.main.TestCaseExecutor.doExecute(TestCaseExecutor.java:439)
	at com.kms.katalon.core.main.TestCaseExecutor.processExecutionPhase(TestCaseExecutor.java:418)
	at com.kms.katalon.core.main.TestCaseExecutor.accessMainPhase(TestCaseExecutor.java:410)
	at com.kms.katalon.core.main.TestCaseExecutor.execute(TestCaseExecutor.java:285)
	at com.kms.katalon.core.common.CommonExecutor.accessTestCaseMainPhase(CommonExecutor.java:65)
	at com.kms.katalon.core.main.TestSuiteExecutor.accessTestSuiteMainPhase(TestSuiteExecutor.java:148)
	at com.kms.katalon.core.main.TestSuiteExecutor.execute(TestSuiteExecutor.java:106)
	at com.kms.katalon.core.main.TestCaseMain.startTestSuite(TestCaseMain.java:187)
	at com.kms.katalon.core.main.TestCaseMain$startTestSuite$0.call(Unknown Source)
	at TempTestSuite1696495265556.run(TempTestSuite1696495265556.groovy:36)
Caused by: com.kms.katalon.core.exception.StepFailedException: Text 'please enter an valid phone number' is not present on page 
	at com.kms.katalon.core.webui.keyword.internal.WebUIKeywordMain.stepFailed(WebUIKeywordMain.groovy:64)
	at com.kms.katalon.core.webui.keyword.builtin.VerifyTextPresentKeyword$_verifyTextPresent_closure1.doCall(VerifyTextPresentKeyword.groovy:79)
	at com.kms.katalon.core.webui.keyword.builtin.VerifyTextPresentKeyword$_verifyTextPresent_closure1.call(VerifyTextPresentKeyword.groovy)
	at com.kms.katalon.core.webui.keyword.internal.WebUIKeywordMain.runKeyword(WebUIKeywordMain.groovy:20)
	... 19 more
)

2023-10-05 15:44:02 - [MESSAGE][FAILED] - Text 'please enter an valid phone number' is not present on page  (Root cause: com.kms.katalon.core.exception.StepFailedException: Text 'please enter an valid phone number' is not present on page 
	at com.kms.katalon.core.webui.keyword.internal.WebUIKeywordMain.stepFailed(WebUIKeywordMain.groovy:64)
	at com.kms.katalon.core.webui.keyword.builtin.VerifyTextPresentKeyword$_verifyTextPresent_closure1.doCall(VerifyTextPresentKeyword.groovy:79)
	at com.kms.katalon.core.webui.keyword.builtin.VerifyTextPresentKeyword$_verifyTextPresent_closure1.call(VerifyTextPresentKeyword.groovy)
	at com.kms.katalon.core.webui.keyword.internal.WebUIKeywordMain.runKeyword(WebUIKeywordMain.groovy:20)
	at com.kms.katalon.core.webui.keyword.builtin.VerifyTextPresentKeyword.verifyTextPresent(VerifyTextPresentKeyword.groovy:83)
	at com.kms.katalon.core.webui.keyword.builtin.VerifyTextPresentKeyword.execute(VerifyTextPresentKeyword.groovy:68)
	at com.kms.katalon.core.keyword.internal.KeywordExecutor.executeKeywordForPlatform(KeywordExecutor.groovy:74)
	at com.kms.katalon.core.webui.keyword.WebUiBuiltInKeywords.verifyTextPresent(WebUiBuiltInKeywords.groovy:1723)
	at com.kms.katalon.core.webui.keyword.WebUiBuiltInKeywords$verifyTextPresent$8.call(Unknown Source)
	at TC-SO-005.run(TC-SO-005:53)
	at com.kms.katalon.core.main.ScriptEngine.run(ScriptEngine.java:194)
	at com.kms.katalon.core.main.ScriptEngine.runScriptAsRawText(ScriptEngine.java:119)
	at com.kms.katalon.core.main.TestCaseExecutor.runScript(TestCaseExecutor.java:448)
	at com.kms.katalon.core.main.TestCaseExecutor.doExecute(TestCaseExecutor.java:439)
	at com.kms.katalon.core.main.TestCaseExecutor.processExecutionPhase(TestCaseExecutor.java:418)
	at com.kms.katalon.core.main.TestCaseExecutor.accessMainPhase(TestCaseExecutor.java:410)
	at com.kms.katalon.core.main.TestCaseExecutor.execute(TestCaseExecutor.java:285)
	at com.kms.katalon.core.common.CommonExecutor.accessTestCaseMainPhase(CommonExecutor.java:65)
	at com.kms.katalon.core.main.TestSuiteExecutor.accessTestSuiteMainPhase(TestSuiteExecutor.java:148)
	at com.kms.katalon.core.main.TestSuiteExecutor.execute(TestSuiteExecutor.java:106)
	at com.kms.katalon.core.main.TestCaseMain.startTestSuite(TestCaseMain.java:187)
	at com.kms.katalon.core.main.TestCaseMain$startTestSuite$0.call(Unknown Source)
	at TempTestSuite1696495265556.run(TempTestSuite1696495265556.groovy:36)
)

2023-10-05 15:44:03 - [MESSAGE][FAILED] - Unable to verify text 'please enter an valid phone number' is present  (Root cause: com.kms.katalon.core.exception.StepFailedException: Unable to verify text 'please enter an valid phone number' is present 
	at com.kms.katalon.core.webui.keyword.internal.WebUIKeywordMain.stepFailed(WebUIKeywordMain.groovy:64)
	at com.kms.katalon.core.webui.keyword.internal.WebUIKeywordMain.runKeyword(WebUIKeywordMain.groovy:26)
	at com.kms.katalon.core.webui.keyword.builtin.VerifyTextPresentKeyword.verifyTextPresent(VerifyTextPresentKeyword.groovy:83)
	at com.kms.katalon.core.webui.keyword.builtin.VerifyTextPresentKeyword.execute(VerifyTextPresentKeyword.groovy:68)
	at com.kms.katalon.core.keyword.internal.KeywordExecutor.executeKeywordForPlatform(KeywordExecutor.groovy:74)
	at com.kms.katalon.core.webui.keyword.WebUiBuiltInKeywords.verifyTextPresent(WebUiBuiltInKeywords.groovy:1723)
	at com.kms.katalon.core.webui.keyword.WebUiBuiltInKeywords$verifyTextPresent$8.call(Unknown Source)
	at TC-SO-005.run(TC-SO-005:53)
	at com.kms.katalon.core.main.ScriptEngine.run(ScriptEngine.java:194)
	at com.kms.katalon.core.main.ScriptEngine.runScriptAsRawText(ScriptEngine.java:119)
	at com.kms.katalon.core.main.TestCaseExecutor.runScript(TestCaseExecutor.java:448)
	at com.kms.katalon.core.main.TestCaseExecutor.doExecute(TestCaseExecutor.java:439)
	at com.kms.katalon.core.main.TestCaseExecutor.processExecutionPhase(TestCaseExecutor.java:418)
	at com.kms.katalon.core.main.TestCaseExecutor.accessMainPhase(TestCaseExecutor.java:410)
	at com.kms.katalon.core.main.TestCaseExecutor.execute(TestCaseExecutor.java:285)
	at com.kms.katalon.core.common.CommonExecutor.accessTestCaseMainPhase(CommonExecutor.java:65)
	at com.kms.katalon.core.main.TestSuiteExecutor.accessTestSuiteMainPhase(TestSuiteExecutor.java:148)
	at com.kms.katalon.core.main.TestSuiteExecutor.execute(TestSuiteExecutor.java:106)
	at com.kms.katalon.core.main.TestCaseMain.startTestSuite(TestCaseMain.java:187)
	at com.kms.katalon.core.main.TestCaseMain$startTestSuite$0.call(Unknown Source)
	at TempTestSuite1696495265556.run(TempTestSuite1696495265556.groovy:36)
Caused by: com.kms.katalon.core.exception.StepFailedException: Text 'please enter an valid phone number' is not present on page 
	at com.kms.katalon.core.webui.keyword.internal.WebUIKeywordMain.stepFailed(WebUIKeywordMain.groovy:64)
	at com.kms.katalon.core.webui.keyword.builtin.VerifyTextPresentKeyword$_verifyTextPresent_closure1.doCall(VerifyTextPresentKeyword.groovy:79)
	at com.kms.katalon.core.webui.keyword.builtin.VerifyTextPresentKeyword$_verifyTextPresent_closure1.call(VerifyTextPresentKeyword.groovy)
	at com.kms.katalon.core.webui.keyword.internal.WebUIKeywordMain.runKeyword(WebUIKeywordMain.groovy:20)
	... 19 more
)
[[ATTACHMENT|F:\\bootcamp\\Miniproject\\Tajalapak\\Reports\\20231005_154105\\T05 Sedekah Online\\20231005_154105\\1696495442763.png]]]]></system-out>
         <system-err><![CDATA[2023-10-05 15:43:40 - [TEST_CASE][FAILED] - Test Cases/T05 - Sedekah Online/TC-SO-005: Test Cases/T05 - Sedekah Online/TC-SO-005 FAILED.
Reason:
com.kms.katalon.core.exception.StepFailedException: Unable to verify text 'please enter an valid phone number' is present 
	at com.kms.katalon.core.webui.keyword.internal.WebUIKeywordMain.stepFailed(WebUIKeywordMain.groovy:64)
	at com.kms.katalon.core.webui.keyword.internal.WebUIKeywordMain.runKeyword(WebUIKeywordMain.groovy:26)
	at com.kms.katalon.core.webui.keyword.builtin.VerifyTextPresentKeyword.verifyTextPresent(VerifyTextPresentKeyword.groovy:83)
	at com.kms.katalon.core.webui.keyword.builtin.VerifyTextPresentKeyword.execute(VerifyTextPresentKeyword.groovy:68)
	at com.kms.katalon.core.keyword.internal.KeywordExecutor.executeKeywordForPlatform(KeywordExecutor.groovy:74)
	at com.kms.katalon.core.webui.keyword.WebUiBuiltInKeywords.verifyTextPresent(WebUiBuiltInKeywords.groovy:1723)
	at com.kms.katalon.core.webui.keyword.WebUiBuiltInKeywords$verifyTextPresent$8.call(Unknown Source)
	at TC-SO-005.run(TC-SO-005:53)
	at com.kms.katalon.core.main.ScriptEngine.run(ScriptEngine.java:194)
	at com.kms.katalon.core.main.ScriptEngine.runScriptAsRawText(ScriptEngine.java:119)
	at com.kms.katalon.core.main.TestCaseExecutor.runScript(TestCaseExecutor.java:448)
	at com.kms.katalon.core.main.TestCaseExecutor.doExecute(TestCaseExecutor.java:439)
	at com.kms.katalon.core.main.TestCaseExecutor.processExecutionPhase(TestCaseExecutor.java:418)
	at com.kms.katalon.core.main.TestCaseExecutor.accessMainPhase(TestCaseExecutor.java:410)
	at com.kms.katalon.core.main.TestCaseExecutor.execute(TestCaseExecutor.java:285)
	at com.kms.katalon.core.common.CommonExecutor.accessTestCaseMainPhase(CommonExecutor.java:65)
	at com.kms.katalon.core.main.TestSuiteExecutor.accessTestSuiteMainPhase(TestSuiteExecutor.java:148)
	at com.kms.katalon.core.main.TestSuiteExecutor.execute(TestSuiteExecutor.java:106)
	at com.kms.katalon.core.main.TestCaseMain.startTestSuite(TestCaseMain.java:187)
	at com.kms.katalon.core.main.TestCaseMain$startTestSuite$0.call(Unknown Source)
	at TempTestSuite1696495265556.run(TempTestSuite1696495265556.groovy:36)
Caused by: com.kms.katalon.core.exception.StepFailedException: Text 'please enter an valid phone number' is not present on page 
	at com.kms.katalon.core.webui.keyword.internal.WebUIKeywordMain.stepFailed(WebUIKeywordMain.groovy:64)
	at com.kms.katalon.core.webui.keyword.builtin.VerifyTextPresentKeyword$_verifyTextPresent_closure1.doCall(VerifyTextPresentKeyword.groovy:79)
	at com.kms.katalon.core.webui.keyword.builtin.VerifyTextPresentKeyword$_verifyTextPresent_closure1.call(VerifyTextPresentKeyword.groovy)
	at com.kms.katalon.core.webui.keyword.internal.WebUIKeywordMain.runKeyword(WebUIKeywordMain.groovy:20)
	... 19 more]]></system-err>
      </testcase>
      <testcase name="Test Cases/T05 - Sedekah Online/TC-SO-006" time="22.411" classname="Test Cases/T05 - Sedekah Online/TC-SO-006" status="FAILED">
         <failure type="FAILED" message="Test Cases/T05 - Sedekah Online/TC-SO-006 FAILED.
Reason:
com.kms.katalon.core.exception.StepFailedException: Unable to verify text 'please enter an valid phone number' is present 
	at com.kms.katalon.core.webui.keyword.internal.WebUIKeywordMain.stepFailed(WebUIKeywordMain.groovy:64)
	at com.kms.katalon.core.webui.keyword.internal.WebUIKeywordMain.runKeyword(WebUIKeywordMain.groovy:26)
	at com.kms.katalon.core.webui.keyword.builtin.VerifyTextPresentKeyword.verifyTextPresent(VerifyTextPresentKeyword.groovy:83)
	at com.kms.katalon.core.webui.keyword.builtin.VerifyTextPresentKeyword.execute(VerifyTextPresentKeyword.groovy:68)
	at com.kms.katalon.core.keyword.internal.KeywordExecutor.executeKeywordForPlatform(KeywordExecutor.groovy:74)
	at com.kms.katalon.core.webui.keyword.WebUiBuiltInKeywords.verifyTextPresent(WebUiBuiltInKeywords.groovy:1723)
	at com.kms.katalon.core.webui.keyword.WebUiBuiltInKeywords$verifyTextPresent$8.call(Unknown Source)
	at TC-SO-006.run(TC-SO-006:53)
	at com.kms.katalon.core.main.ScriptEngine.run(ScriptEngine.java:194)
	at com.kms.katalon.core.main.ScriptEngine.runScriptAsRawText(ScriptEngine.java:119)
	at com.kms.katalon.core.main.TestCaseExecutor.runScript(TestCaseExecutor.java:448)
	at com.kms.katalon.core.main.TestCaseExecutor.doExecute(TestCaseExecutor.java:439)
	at com.kms.katalon.core.main.TestCaseExecutor.processExecutionPhase(TestCaseExecutor.java:418)
	at com.kms.katalon.core.main.TestCaseExecutor.accessMainPhase(TestCaseExecutor.java:410)
	at com.kms.katalon.core.main.TestCaseExecutor.execute(TestCaseExecutor.java:285)
	at com.kms.katalon.core.common.CommonExecutor.accessTestCaseMainPhase(CommonExecutor.java:65)
	at com.kms.katalon.core.main.TestSuiteExecutor.accessTestSuiteMainPhase(TestSuiteExecutor.java:148)
	at com.kms.katalon.core.main.TestSuiteExecutor.execute(TestSuiteExecutor.java:106)
	at com.kms.katalon.core.main.TestCaseMain.startTestSuite(TestCaseMain.java:187)
	at com.kms.katalon.core.main.TestCaseMain$startTestSuite$0.call(Unknown Source)
	at TempTestSuite1696495265556.run(TempTestSuite1696495265556.groovy:36)
Caused by: com.kms.katalon.core.exception.StepFailedException: Text 'please enter an valid phone number' is not present on page 
	at com.kms.katalon.core.webui.keyword.internal.WebUIKeywordMain.stepFailed(WebUIKeywordMain.groovy:64)
	at com.kms.katalon.core.webui.keyword.builtin.VerifyTextPresentKeyword$_verifyTextPresent_closure1.doCall(VerifyTextPresentKeyword.groovy:79)
	at com.kms.katalon.core.webui.keyword.builtin.VerifyTextPresentKeyword$_verifyTextPresent_closure1.call(VerifyTextPresentKeyword.groovy)
	at com.kms.katalon.core.webui.keyword.internal.WebUIKeywordMain.runKeyword(WebUIKeywordMain.groovy:20)
	... 19 more
"/>
         <system-out><![CDATA[2023-10-05 15:44:03 - [TEST_CASE][FAILED] - Test Cases/T05 - Sedekah Online/TC-SO-006: Test Cases/T05 - Sedekah Online/TC-SO-006 FAILED.
Reason:
com.kms.katalon.core.exception.StepFailedException: Unable to verify text 'please enter an valid phone number' is present 
	at com.kms.katalon.core.webui.keyword.internal.WebUIKeywordMain.stepFailed(WebUIKeywordMain.groovy:64)
	at com.kms.katalon.core.webui.keyword.internal.WebUIKeywordMain.runKeyword(WebUIKeywordMain.groovy:26)
	at com.kms.katalon.core.webui.keyword.builtin.VerifyTextPresentKeyword.verifyTextPresent(VerifyTextPresentKeyword.groovy:83)
	at com.kms.katalon.core.webui.keyword.builtin.VerifyTextPresentKeyword.execute(VerifyTextPresentKeyword.groovy:68)
	at com.kms.katalon.core.keyword.internal.KeywordExecutor.executeKeywordForPlatform(KeywordExecutor.groovy:74)
	at com.kms.katalon.core.webui.keyword.WebUiBuiltInKeywords.verifyTextPresent(WebUiBuiltInKeywords.groovy:1723)
	at com.kms.katalon.core.webui.keyword.WebUiBuiltInKeywords$verifyTextPresent$8.call(Unknown Source)
	at TC-SO-006.run(TC-SO-006:53)
	at com.kms.katalon.core.main.ScriptEngine.run(ScriptEngine.java:194)
	at com.kms.katalon.core.main.ScriptEngine.runScriptAsRawText(ScriptEngine.java:119)
	at com.kms.katalon.core.main.TestCaseExecutor.runScript(TestCaseExecutor.java:448)
	at com.kms.katalon.core.main.TestCaseExecutor.doExecute(TestCaseExecutor.java:439)
	at com.kms.katalon.core.main.TestCaseExecutor.processExecutionPhase(TestCaseExecutor.java:418)
	at com.kms.katalon.core.main.TestCaseExecutor.accessMainPhase(TestCaseExecutor.java:410)
	at com.kms.katalon.core.main.TestCaseExecutor.execute(TestCaseExecutor.java:285)
	at com.kms.katalon.core.common.CommonExecutor.accessTestCaseMainPhase(CommonExecutor.java:65)
	at com.kms.katalon.core.main.TestSuiteExecutor.accessTestSuiteMainPhase(TestSuiteExecutor.java:148)
	at com.kms.katalon.core.main.TestSuiteExecutor.execute(TestSuiteExecutor.java:106)
	at com.kms.katalon.core.main.TestCaseMain.startTestSuite(TestCaseMain.java:187)
	at com.kms.katalon.core.main.TestCaseMain$startTestSuite$0.call(Unknown Source)
	at TempTestSuite1696495265556.run(TempTestSuite1696495265556.groovy:36)
Caused by: com.kms.katalon.core.exception.StepFailedException: Text 'please enter an valid phone number' is not present on page 
	at com.kms.katalon.core.webui.keyword.internal.WebUIKeywordMain.stepFailed(WebUIKeywordMain.groovy:64)
	at com.kms.katalon.core.webui.keyword.builtin.VerifyTextPresentKeyword$_verifyTextPresent_closure1.doCall(VerifyTextPresentKeyword.groovy:79)
	at com.kms.katalon.core.webui.keyword.builtin.VerifyTextPresentKeyword$_verifyTextPresent_closure1.call(VerifyTextPresentKeyword.groovy)
	at com.kms.katalon.core.webui.keyword.internal.WebUIKeywordMain.runKeyword(WebUIKeywordMain.groovy:20)
	... 19 more


2023-10-05 15:44:04 - [TEST_STEP][PASSED] - openBrowser(urlWeb): Browser is opened with url: 'https://10.9.2.63/ecommerce/'

2023-10-05 15:44:04 - [MESSAGE][WARNING] - A browser is already opened. Closing browser and opening a new one

2023-10-05 15:44:05 - [MESSAGE][INFO] - Starting 'Firefox' driver

2023-10-05 15:44:05 - [MESSAGE][INFO] - User set preference: ['args', '[window-size=1500,1000, ignore-certificate-errors, UnexpectedAlertBehaviour=ignore]']

2023-10-05 15:44:05 - [MESSAGE][INFO] - Action delay is set to 0 milliseconds

2023-10-05 15:44:13 - [MESSAGE][PASSED] - Browser is opened with url: 'https://10.9.2.63/ecommerce/'

2023-10-05 15:44:13 - [TEST_STEP][PASSED] - maximizeWindow(): Current window maximized

2023-10-05 15:44:13 - [MESSAGE][PASSED] - Current window maximized

2023-10-05 15:44:13 - [TEST_STEP][PASSED] - verifyElementPresent(findTestObject("verifikasi masuk website tajalapk"), 0): Object 'Object Repository/verifikasi masuk website tajalapk' is present

2023-10-05 15:44:13 - [MESSAGE][WARNING] - Timeout '0' is invalid. Using default page load timeout: '30'

2023-10-05 15:44:13 - [MESSAGE][PASSED] - Object 'Object Repository/verifikasi masuk website tajalapk' is present

2023-10-05 15:44:13 - [TEST_STEP][PASSED] - click(findTestObject("sedekah online/a_Donasi (di halaman utama)")): Object: 'Object Repository/sedekah online/a_Donasi (di halaman utama)' is clicked on

2023-10-05 15:44:14 - [MESSAGE][PASSED] - Object: 'Object Repository/sedekah online/a_Donasi (di halaman utama)' is clicked on

2023-10-05 15:44:14 - [TEST_STEP][PASSED] - click(findTestObject("sedekah online/a_Sedekah Online")): Object: 'Object Repository/sedekah online/a_Sedekah Online' is clicked on

2023-10-05 15:44:15 - [MESSAGE][PASSED] - Object: 'Object Repository/sedekah online/a_Sedekah Online' is clicked on

2023-10-05 15:44:15 - [TEST_STEP][PASSED] - verifyElementPresent(findTestObject("sedekah online/verifikasi halaman sedekah Online"), 0): Object 'Object Repository/sedekah online/verifikasi halaman sedekah Online' is present

2023-10-05 15:44:15 - [MESSAGE][WARNING] - Timeout '0' is invalid. Using default page load timeout: '30'

2023-10-05 15:44:16 - [MESSAGE][PASSED] - Object 'Object Repository/sedekah online/verifikasi halaman sedekah Online' is present

2023-10-05 15:44:16 - [TEST_STEP][PASSED] - setText(findTestObject("sedekah online/input_Sedekah"), NominalSedekah): Text '25000' is set on object 'Object Repository/sedekah online/input_Sedekah'

2023-10-05 15:44:16 - [MESSAGE][PASSED] - Text '25000' is set on object 'Object Repository/sedekah online/input_Sedekah'

2023-10-05 15:44:16 - [TEST_STEP][PASSED] - setText(findTestObject("sedekah online/input_Nama lengkap (di sedekah online)"), namaLengkap): Text 'ikana' is set on object 'Object Repository/sedekah online/input_Nama lengkap (di sedekah online)'

2023-10-05 15:44:17 - [MESSAGE][PASSED] - Text 'ikana' is set on object 'Object Repository/sedekah online/input_Nama lengkap (di sedekah online)'

2023-10-05 15:44:17 - [TEST_STEP][PASSED] - setText(findTestObject("sedekah online/input_No Handphone (di sedekah online)"), noHp): Text '0867543212343214' is set on object 'Object Repository/sedekah online/input_No Handphone (di sedekah online)'

2023-10-05 15:44:18 - [MESSAGE][PASSED] - Text '0867543212343214' is set on object 'Object Repository/sedekah online/input_No Handphone (di sedekah online)'

2023-10-05 15:44:18 - [TEST_STEP][PASSED] - setText(findTestObject("sedekah online/input_Alamat Email (di sedekah online)"), email): Text 'anata71@gmail.com' is set on object 'Object Repository/sedekah online/input_Alamat Email (di sedekah online)'

2023-10-05 15:44:19 - [MESSAGE][PASSED] - Text 'anata71@gmail.com' is set on object 'Object Repository/sedekah online/input_Alamat Email (di sedekah online)'

2023-10-05 15:44:19 - [TEST_STEP][PASSED] - selectOptionByValue(findTestObject("Object Repository/sedekah online/dropdown metode pembayaraan"), pembayaran, false): All options with value '1' are selected in object 'Object Repository/sedekah online/dropdown metode pembayaraan' 

2023-10-05 15:44:20 - [MESSAGE][PASSED] - All options with value '1' are selected in object 'Object Repository/sedekah online/dropdown metode pembayaraan' 

2023-10-05 15:44:20 - [TEST_STEP][PASSED] - selectOptionByValue(findTestObject("Object Repository/sedekah online/sedekah ditunjukan untuk keluarga"), sedekahUntuk, false): All options with value 'Orang Tua' are selected in object 'Object Repository/sedekah online/sedekah ditunjukan untuk keluarga' 

2023-10-05 15:44:21 - [MESSAGE][PASSED] - All options with value 'Orang Tua' are selected in object 'Object Repository/sedekah online/sedekah ditunjukan untuk keluarga' 

2023-10-05 15:44:21 - [TEST_STEP][PASSED] - setText(findTestObject("sedekah online/input isi doa terbaik anda"), doa): Text 'Semoga Bermanfaat' is set on object 'Object Repository/sedekah online/input isi doa terbaik anda'

2023-10-05 15:44:22 - [MESSAGE][PASSED] - Text 'Semoga Bermanfaat' is set on object 'Object Repository/sedekah online/input isi doa terbaik anda'

2023-10-05 15:44:22 - [TEST_STEP][PASSED] - setText(findTestObject("sedekah online/input 2 digit terakhir nomor hp"), digitAkhir): Text '14' is set on object 'Object Repository/sedekah online/input 2 digit terakhir nomor hp'

2023-10-05 15:44:23 - [MESSAGE][PASSED] - Text '14' is set on object 'Object Repository/sedekah online/input 2 digit terakhir nomor hp'

2023-10-05 15:44:23 - [TEST_STEP][PASSED] - click(findTestObject("sedekah online/button_Sedekah Sekarang")): Object: 'Object Repository/sedekah online/button_Sedekah Sekarang' is clicked on

2023-10-05 15:44:24 - [MESSAGE][PASSED] - Object: 'Object Repository/sedekah online/button_Sedekah Sekarang' is clicked on

2023-10-05 15:44:24 - [TEST_STEP][FAILED] - verifyTextPresent("please enter an valid phone number", false): Unable to verify text 'please enter an valid phone number' is present  (Root cause: com.kms.katalon.core.exception.StepFailedException: Unable to verify text 'please enter an valid phone number' is present 
	at com.kms.katalon.core.webui.keyword.internal.WebUIKeywordMain.stepFailed(WebUIKeywordMain.groovy:64)
	at com.kms.katalon.core.webui.keyword.internal.WebUIKeywordMain.runKeyword(WebUIKeywordMain.groovy:26)
	at com.kms.katalon.core.webui.keyword.builtin.VerifyTextPresentKeyword.verifyTextPresent(VerifyTextPresentKeyword.groovy:83)
	at com.kms.katalon.core.webui.keyword.builtin.VerifyTextPresentKeyword.execute(VerifyTextPresentKeyword.groovy:68)
	at com.kms.katalon.core.keyword.internal.KeywordExecutor.executeKeywordForPlatform(KeywordExecutor.groovy:74)
	at com.kms.katalon.core.webui.keyword.WebUiBuiltInKeywords.verifyTextPresent(WebUiBuiltInKeywords.groovy:1723)
	at com.kms.katalon.core.webui.keyword.WebUiBuiltInKeywords$verifyTextPresent$8.call(Unknown Source)
	at TC-SO-006.run(TC-SO-006:53)
	at com.kms.katalon.core.main.ScriptEngine.run(ScriptEngine.java:194)
	at com.kms.katalon.core.main.ScriptEngine.runScriptAsRawText(ScriptEngine.java:119)
	at com.kms.katalon.core.main.TestCaseExecutor.runScript(TestCaseExecutor.java:448)
	at com.kms.katalon.core.main.TestCaseExecutor.doExecute(TestCaseExecutor.java:439)
	at com.kms.katalon.core.main.TestCaseExecutor.processExecutionPhase(TestCaseExecutor.java:418)
	at com.kms.katalon.core.main.TestCaseExecutor.accessMainPhase(TestCaseExecutor.java:410)
	at com.kms.katalon.core.main.TestCaseExecutor.execute(TestCaseExecutor.java:285)
	at com.kms.katalon.core.common.CommonExecutor.accessTestCaseMainPhase(CommonExecutor.java:65)
	at com.kms.katalon.core.main.TestSuiteExecutor.accessTestSuiteMainPhase(TestSuiteExecutor.java:148)
	at com.kms.katalon.core.main.TestSuiteExecutor.execute(TestSuiteExecutor.java:106)
	at com.kms.katalon.core.main.TestCaseMain.startTestSuite(TestCaseMain.java:187)
	at com.kms.katalon.core.main.TestCaseMain$startTestSuite$0.call(Unknown Source)
	at TempTestSuite1696495265556.run(TempTestSuite1696495265556.groovy:36)
Caused by: com.kms.katalon.core.exception.StepFailedException: Text 'please enter an valid phone number' is not present on page 
	at com.kms.katalon.core.webui.keyword.internal.WebUIKeywordMain.stepFailed(WebUIKeywordMain.groovy:64)
	at com.kms.katalon.core.webui.keyword.builtin.VerifyTextPresentKeyword$_verifyTextPresent_closure1.doCall(VerifyTextPresentKeyword.groovy:79)
	at com.kms.katalon.core.webui.keyword.builtin.VerifyTextPresentKeyword$_verifyTextPresent_closure1.call(VerifyTextPresentKeyword.groovy)
	at com.kms.katalon.core.webui.keyword.internal.WebUIKeywordMain.runKeyword(WebUIKeywordMain.groovy:20)
	... 19 more
)

2023-10-05 15:44:25 - [MESSAGE][FAILED] - Text 'please enter an valid phone number' is not present on page  (Root cause: com.kms.katalon.core.exception.StepFailedException: Text 'please enter an valid phone number' is not present on page 
	at com.kms.katalon.core.webui.keyword.internal.WebUIKeywordMain.stepFailed(WebUIKeywordMain.groovy:64)
	at com.kms.katalon.core.webui.keyword.builtin.VerifyTextPresentKeyword$_verifyTextPresent_closure1.doCall(VerifyTextPresentKeyword.groovy:79)
	at com.kms.katalon.core.webui.keyword.builtin.VerifyTextPresentKeyword$_verifyTextPresent_closure1.call(VerifyTextPresentKeyword.groovy)
	at com.kms.katalon.core.webui.keyword.internal.WebUIKeywordMain.runKeyword(WebUIKeywordMain.groovy:20)
	at com.kms.katalon.core.webui.keyword.builtin.VerifyTextPresentKeyword.verifyTextPresent(VerifyTextPresentKeyword.groovy:83)
	at com.kms.katalon.core.webui.keyword.builtin.VerifyTextPresentKeyword.execute(VerifyTextPresentKeyword.groovy:68)
	at com.kms.katalon.core.keyword.internal.KeywordExecutor.executeKeywordForPlatform(KeywordExecutor.groovy:74)
	at com.kms.katalon.core.webui.keyword.WebUiBuiltInKeywords.verifyTextPresent(WebUiBuiltInKeywords.groovy:1723)
	at com.kms.katalon.core.webui.keyword.WebUiBuiltInKeywords$verifyTextPresent$8.call(Unknown Source)
	at TC-SO-006.run(TC-SO-006:53)
	at com.kms.katalon.core.main.ScriptEngine.run(ScriptEngine.java:194)
	at com.kms.katalon.core.main.ScriptEngine.runScriptAsRawText(ScriptEngine.java:119)
	at com.kms.katalon.core.main.TestCaseExecutor.runScript(TestCaseExecutor.java:448)
	at com.kms.katalon.core.main.TestCaseExecutor.doExecute(TestCaseExecutor.java:439)
	at com.kms.katalon.core.main.TestCaseExecutor.processExecutionPhase(TestCaseExecutor.java:418)
	at com.kms.katalon.core.main.TestCaseExecutor.accessMainPhase(TestCaseExecutor.java:410)
	at com.kms.katalon.core.main.TestCaseExecutor.execute(TestCaseExecutor.java:285)
	at com.kms.katalon.core.common.CommonExecutor.accessTestCaseMainPhase(CommonExecutor.java:65)
	at com.kms.katalon.core.main.TestSuiteExecutor.accessTestSuiteMainPhase(TestSuiteExecutor.java:148)
	at com.kms.katalon.core.main.TestSuiteExecutor.execute(TestSuiteExecutor.java:106)
	at com.kms.katalon.core.main.TestCaseMain.startTestSuite(TestCaseMain.java:187)
	at com.kms.katalon.core.main.TestCaseMain$startTestSuite$0.call(Unknown Source)
	at TempTestSuite1696495265556.run(TempTestSuite1696495265556.groovy:36)
)

2023-10-05 15:44:25 - [MESSAGE][FAILED] - Unable to verify text 'please enter an valid phone number' is present  (Root cause: com.kms.katalon.core.exception.StepFailedException: Unable to verify text 'please enter an valid phone number' is present 
	at com.kms.katalon.core.webui.keyword.internal.WebUIKeywordMain.stepFailed(WebUIKeywordMain.groovy:64)
	at com.kms.katalon.core.webui.keyword.internal.WebUIKeywordMain.runKeyword(WebUIKeywordMain.groovy:26)
	at com.kms.katalon.core.webui.keyword.builtin.VerifyTextPresentKeyword.verifyTextPresent(VerifyTextPresentKeyword.groovy:83)
	at com.kms.katalon.core.webui.keyword.builtin.VerifyTextPresentKeyword.execute(VerifyTextPresentKeyword.groovy:68)
	at com.kms.katalon.core.keyword.internal.KeywordExecutor.executeKeywordForPlatform(KeywordExecutor.groovy:74)
	at com.kms.katalon.core.webui.keyword.WebUiBuiltInKeywords.verifyTextPresent(WebUiBuiltInKeywords.groovy:1723)
	at com.kms.katalon.core.webui.keyword.WebUiBuiltInKeywords$verifyTextPresent$8.call(Unknown Source)
	at TC-SO-006.run(TC-SO-006:53)
	at com.kms.katalon.core.main.ScriptEngine.run(ScriptEngine.java:194)
	at com.kms.katalon.core.main.ScriptEngine.runScriptAsRawText(ScriptEngine.java:119)
	at com.kms.katalon.core.main.TestCaseExecutor.runScript(TestCaseExecutor.java:448)
	at com.kms.katalon.core.main.TestCaseExecutor.doExecute(TestCaseExecutor.java:439)
	at com.kms.katalon.core.main.TestCaseExecutor.processExecutionPhase(TestCaseExecutor.java:418)
	at com.kms.katalon.core.main.TestCaseExecutor.accessMainPhase(TestCaseExecutor.java:410)
	at com.kms.katalon.core.main.TestCaseExecutor.execute(TestCaseExecutor.java:285)
	at com.kms.katalon.core.common.CommonExecutor.accessTestCaseMainPhase(CommonExecutor.java:65)
	at com.kms.katalon.core.main.TestSuiteExecutor.accessTestSuiteMainPhase(TestSuiteExecutor.java:148)
	at com.kms.katalon.core.main.TestSuiteExecutor.execute(TestSuiteExecutor.java:106)
	at com.kms.katalon.core.main.TestCaseMain.startTestSuite(TestCaseMain.java:187)
	at com.kms.katalon.core.main.TestCaseMain$startTestSuite$0.call(Unknown Source)
	at TempTestSuite1696495265556.run(TempTestSuite1696495265556.groovy:36)
Caused by: com.kms.katalon.core.exception.StepFailedException: Text 'please enter an valid phone number' is not present on page 
	at com.kms.katalon.core.webui.keyword.internal.WebUIKeywordMain.stepFailed(WebUIKeywordMain.groovy:64)
	at com.kms.katalon.core.webui.keyword.builtin.VerifyTextPresentKeyword$_verifyTextPresent_closure1.doCall(VerifyTextPresentKeyword.groovy:79)
	at com.kms.katalon.core.webui.keyword.builtin.VerifyTextPresentKeyword$_verifyTextPresent_closure1.call(VerifyTextPresentKeyword.groovy)
	at com.kms.katalon.core.webui.keyword.internal.WebUIKeywordMain.runKeyword(WebUIKeywordMain.groovy:20)
	... 19 more
)
[[ATTACHMENT|F:\\bootcamp\\Miniproject\\Tajalapak\\Reports\\20231005_154105\\T05 Sedekah Online\\20231005_154105\\1696495465486.png]]]]></system-out>
         <system-err><![CDATA[2023-10-05 15:44:03 - [TEST_CASE][FAILED] - Test Cases/T05 - Sedekah Online/TC-SO-006: Test Cases/T05 - Sedekah Online/TC-SO-006 FAILED.
Reason:
com.kms.katalon.core.exception.StepFailedException: Unable to verify text 'please enter an valid phone number' is present 
	at com.kms.katalon.core.webui.keyword.internal.WebUIKeywordMain.stepFailed(WebUIKeywordMain.groovy:64)
	at com.kms.katalon.core.webui.keyword.internal.WebUIKeywordMain.runKeyword(WebUIKeywordMain.groovy:26)
	at com.kms.katalon.core.webui.keyword.builtin.VerifyTextPresentKeyword.verifyTextPresent(VerifyTextPresentKeyword.groovy:83)
	at com.kms.katalon.core.webui.keyword.builtin.VerifyTextPresentKeyword.execute(VerifyTextPresentKeyword.groovy:68)
	at com.kms.katalon.core.keyword.internal.KeywordExecutor.executeKeywordForPlatform(KeywordExecutor.groovy:74)
	at com.kms.katalon.core.webui.keyword.WebUiBuiltInKeywords.verifyTextPresent(WebUiBuiltInKeywords.groovy:1723)
	at com.kms.katalon.core.webui.keyword.WebUiBuiltInKeywords$verifyTextPresent$8.call(Unknown Source)
	at TC-SO-006.run(TC-SO-006:53)
	at com.kms.katalon.core.main.ScriptEngine.run(ScriptEngine.java:194)
	at com.kms.katalon.core.main.ScriptEngine.runScriptAsRawText(ScriptEngine.java:119)
	at com.kms.katalon.core.main.TestCaseExecutor.runScript(TestCaseExecutor.java:448)
	at com.kms.katalon.core.main.TestCaseExecutor.doExecute(TestCaseExecutor.java:439)
	at com.kms.katalon.core.main.TestCaseExecutor.processExecutionPhase(TestCaseExecutor.java:418)
	at com.kms.katalon.core.main.TestCaseExecutor.accessMainPhase(TestCaseExecutor.java:410)
	at com.kms.katalon.core.main.TestCaseExecutor.execute(TestCaseExecutor.java:285)
	at com.kms.katalon.core.common.CommonExecutor.accessTestCaseMainPhase(CommonExecutor.java:65)
	at com.kms.katalon.core.main.TestSuiteExecutor.accessTestSuiteMainPhase(TestSuiteExecutor.java:148)
	at com.kms.katalon.core.main.TestSuiteExecutor.execute(TestSuiteExecutor.java:106)
	at com.kms.katalon.core.main.TestCaseMain.startTestSuite(TestCaseMain.java:187)
	at com.kms.katalon.core.main.TestCaseMain$startTestSuite$0.call(Unknown Source)
	at TempTestSuite1696495265556.run(TempTestSuite1696495265556.groovy:36)
Caused by: com.kms.katalon.core.exception.StepFailedException: Text 'please enter an valid phone number' is not present on page 
	at com.kms.katalon.core.webui.keyword.internal.WebUIKeywordMain.stepFailed(WebUIKeywordMain.groovy:64)
	at com.kms.katalon.core.webui.keyword.builtin.VerifyTextPresentKeyword$_verifyTextPresent_closure1.doCall(VerifyTextPresentKeyword.groovy:79)
	at com.kms.katalon.core.webui.keyword.builtin.VerifyTextPresentKeyword$_verifyTextPresent_closure1.call(VerifyTextPresentKeyword.groovy)
	at com.kms.katalon.core.webui.keyword.internal.WebUIKeywordMain.runKeyword(WebUIKeywordMain.groovy:20)
	... 19 more]]></system-err>
      </testcase>
      <testcase name="Test Cases/T05 - Sedekah Online/TC-SO-007" time="22.222" classname="Test Cases/T05 - Sedekah Online/TC-SO-007" status="PASSED">
         <system-out><![CDATA[2023-10-05 15:44:25 - [TEST_CASE][PASSED] - Test Cases/T05 - Sedekah Online/TC-SO-007: Test Cases/T05 - Sedekah Online/TC-SO-007

2023-10-05 15:44:26 - [TEST_STEP][PASSED] - openBrowser(urlWeb): Browser is opened with url: 'https://10.9.2.63/ecommerce/'

2023-10-05 15:44:26 - [MESSAGE][WARNING] - A browser is already opened. Closing browser and opening a new one

2023-10-05 15:44:28 - [MESSAGE][INFO] - Starting 'Firefox' driver

2023-10-05 15:44:28 - [MESSAGE][INFO] - User set preference: ['args', '[window-size=1500,1000, ignore-certificate-errors, UnexpectedAlertBehaviour=ignore]']

2023-10-05 15:44:28 - [MESSAGE][INFO] - Action delay is set to 0 milliseconds

2023-10-05 15:44:36 - [MESSAGE][PASSED] - Browser is opened with url: 'https://10.9.2.63/ecommerce/'

2023-10-05 15:44:36 - [TEST_STEP][PASSED] - maximizeWindow(): Current window maximized

2023-10-05 15:44:36 - [MESSAGE][PASSED] - Current window maximized

2023-10-05 15:44:36 - [TEST_STEP][PASSED] - verifyElementPresent(findTestObject("verifikasi masuk website tajalapk"), 0): Object 'Object Repository/verifikasi masuk website tajalapk' is present

2023-10-05 15:44:36 - [MESSAGE][WARNING] - Timeout '0' is invalid. Using default page load timeout: '30'

2023-10-05 15:44:36 - [MESSAGE][PASSED] - Object 'Object Repository/verifikasi masuk website tajalapk' is present

2023-10-05 15:44:36 - [TEST_STEP][PASSED] - click(findTestObject("sedekah online/a_Donasi (di halaman utama)")): Object: 'Object Repository/sedekah online/a_Donasi (di halaman utama)' is clicked on

2023-10-05 15:44:37 - [MESSAGE][PASSED] - Object: 'Object Repository/sedekah online/a_Donasi (di halaman utama)' is clicked on

2023-10-05 15:44:37 - [TEST_STEP][PASSED] - click(findTestObject("sedekah online/a_Sedekah Online")): Object: 'Object Repository/sedekah online/a_Sedekah Online' is clicked on

2023-10-05 15:44:38 - [MESSAGE][PASSED] - Object: 'Object Repository/sedekah online/a_Sedekah Online' is clicked on

2023-10-05 15:44:38 - [TEST_STEP][PASSED] - verifyElementPresent(findTestObject("sedekah online/verifikasi halaman sedekah Online"), 0): Object 'Object Repository/sedekah online/verifikasi halaman sedekah Online' is present

2023-10-05 15:44:38 - [MESSAGE][WARNING] - Timeout '0' is invalid. Using default page load timeout: '30'

2023-10-05 15:44:38 - [MESSAGE][PASSED] - Object 'Object Repository/sedekah online/verifikasi halaman sedekah Online' is present

2023-10-05 15:44:38 - [TEST_STEP][PASSED] - setText(findTestObject("sedekah online/input_Sedekah"), NominalSedekah): Text '25000' is set on object 'Object Repository/sedekah online/input_Sedekah'

2023-10-05 15:44:39 - [MESSAGE][PASSED] - Text '25000' is set on object 'Object Repository/sedekah online/input_Sedekah'

2023-10-05 15:44:39 - [TEST_STEP][PASSED] - setText(findTestObject("sedekah online/input_Nama lengkap (di sedekah online)"), namaLengkap): Text 'ikana' is set on object 'Object Repository/sedekah online/input_Nama lengkap (di sedekah online)'

2023-10-05 15:44:40 - [MESSAGE][PASSED] - Text 'ikana' is set on object 'Object Repository/sedekah online/input_Nama lengkap (di sedekah online)'

2023-10-05 15:44:40 - [TEST_STEP][PASSED] - setText(findTestObject("sedekah online/input_No Handphone (di sedekah online)"), noHp): Text '086754321234' is set on object 'Object Repository/sedekah online/input_No Handphone (di sedekah online)'

2023-10-05 15:44:41 - [MESSAGE][PASSED] - Text '086754321234' is set on object 'Object Repository/sedekah online/input_No Handphone (di sedekah online)'

2023-10-05 15:44:41 - [TEST_STEP][PASSED] - setText(findTestObject("sedekah online/input_Alamat Email (di sedekah online)"), email): Text 'anata71@gmail.com' is set on object 'Object Repository/sedekah online/input_Alamat Email (di sedekah online)'

2023-10-05 15:44:42 - [MESSAGE][PASSED] - Text 'anata71@gmail.com' is set on object 'Object Repository/sedekah online/input_Alamat Email (di sedekah online)'

2023-10-05 15:44:42 - [TEST_STEP][PASSED] - selectOptionByValue(findTestObject("Object Repository/sedekah online/dropdown metode pembayaraan"), pembayaran, false): All options with value '1' are selected in object 'Object Repository/sedekah online/dropdown metode pembayaraan' 

2023-10-05 15:44:43 - [MESSAGE][PASSED] - All options with value '1' are selected in object 'Object Repository/sedekah online/dropdown metode pembayaraan' 

2023-10-05 15:44:43 - [TEST_STEP][PASSED] - selectOptionByValue(findTestObject("Object Repository/sedekah online/sedekah ditunjukan untuk keluarga"), sedekahUntuk, false): All options with value 'Orang Tua' are selected in object 'Object Repository/sedekah online/sedekah ditunjukan untuk keluarga' 

2023-10-05 15:44:44 - [MESSAGE][PASSED] - All options with value 'Orang Tua' are selected in object 'Object Repository/sedekah online/sedekah ditunjukan untuk keluarga' 

2023-10-05 15:44:44 - [TEST_STEP][PASSED] - setText(findTestObject("sedekah online/input isi doa terbaik anda"), doa): Text 'Semoga Bermanfaat' is set on object 'Object Repository/sedekah online/input isi doa terbaik anda'

2023-10-05 15:44:45 - [MESSAGE][PASSED] - Text 'Semoga Bermanfaat' is set on object 'Object Repository/sedekah online/input isi doa terbaik anda'

2023-10-05 15:44:45 - [TEST_STEP][PASSED] - setText(findTestObject("sedekah online/input 2 digit terakhir nomor hp"), digitAkhir): Text ',4' is set on object 'Object Repository/sedekah online/input 2 digit terakhir nomor hp'

2023-10-05 15:44:46 - [MESSAGE][PASSED] - Text ',4' is set on object 'Object Repository/sedekah online/input 2 digit terakhir nomor hp'

2023-10-05 15:44:46 - [TEST_STEP][PASSED] - click(findTestObject("sedekah online/button_Sedekah Sekarang")): Object: 'Object Repository/sedekah online/button_Sedekah Sekarang' is clicked on

2023-10-05 15:44:47 - [MESSAGE][PASSED] - Object: 'Object Repository/sedekah online/button_Sedekah Sekarang' is clicked on

2023-10-05 15:44:47 - [TEST_STEP][PASSED] - webDriver = getWebDriver(): null

2023-10-05 15:44:47 - [TEST_STEP][PASSED] - field_nomor = webDriver.findElement(By.xpath("//input[@name="validasi"]")): null

2023-10-05 15:44:47 - [TEST_STEP][PASSED] - error_message = webDriver.executeScript("return arguments[0].validationMessage", field_nomor): null

2023-10-05 15:44:47 - [TEST_STEP][PASSED] - println(error_message): null

2023-10-05 15:44:47 - [TEST_STEP][PASSED] - assert error_message == "Please select a valid value. The two nearest valid values are 0 and 1.": null]]></system-out>
         <system-err><![CDATA[]]></system-err>
      </testcase>
      <testcase name="Test Cases/T05 - Sedekah Online/TC-SO-008" time="20.685" classname="Test Cases/T05 - Sedekah Online/TC-SO-008" status="PASSED">
         <system-out><![CDATA[2023-10-05 15:44:47 - [TEST_CASE][PASSED] - Test Cases/T05 - Sedekah Online/TC-SO-008: Test Cases/T05 - Sedekah Online/TC-SO-008

2023-10-05 15:44:49 - [TEST_STEP][PASSED] - openBrowser(urlWeb): Browser is opened with url: 'https://10.9.2.63/ecommerce/'

2023-10-05 15:44:49 - [MESSAGE][WARNING] - A browser is already opened. Closing browser and opening a new one

2023-10-05 15:44:50 - [MESSAGE][INFO] - Starting 'Firefox' driver

2023-10-05 15:44:50 - [MESSAGE][INFO] - User set preference: ['args', '[window-size=1500,1000, ignore-certificate-errors, UnexpectedAlertBehaviour=ignore]']

2023-10-05 15:44:50 - [MESSAGE][INFO] - Action delay is set to 0 milliseconds

2023-10-05 15:44:58 - [MESSAGE][PASSED] - Browser is opened with url: 'https://10.9.2.63/ecommerce/'

2023-10-05 15:44:58 - [TEST_STEP][PASSED] - maximizeWindow(): Current window maximized

2023-10-05 15:44:58 - [MESSAGE][PASSED] - Current window maximized

2023-10-05 15:44:58 - [TEST_STEP][PASSED] - verifyElementPresent(findTestObject("verifikasi masuk website tajalapk"), 0): Object 'Object Repository/verifikasi masuk website tajalapk' is present

2023-10-05 15:44:58 - [MESSAGE][WARNING] - Timeout '0' is invalid. Using default page load timeout: '30'

2023-10-05 15:44:59 - [MESSAGE][PASSED] - Object 'Object Repository/verifikasi masuk website tajalapk' is present

2023-10-05 15:44:59 - [TEST_STEP][PASSED] - click(findTestObject("sedekah online/a_Donasi (di halaman utama)")): Object: 'Object Repository/sedekah online/a_Donasi (di halaman utama)' is clicked on

2023-10-05 15:44:59 - [MESSAGE][PASSED] - Object: 'Object Repository/sedekah online/a_Donasi (di halaman utama)' is clicked on

2023-10-05 15:44:59 - [TEST_STEP][PASSED] - click(findTestObject("sedekah online/a_Sedekah Online")): Object: 'Object Repository/sedekah online/a_Sedekah Online' is clicked on

2023-10-05 15:45:00 - [MESSAGE][PASSED] - Object: 'Object Repository/sedekah online/a_Sedekah Online' is clicked on

2023-10-05 15:45:00 - [TEST_STEP][PASSED] - verifyElementPresent(findTestObject("sedekah online/verifikasi halaman sedekah Online"), 0): Object 'Object Repository/sedekah online/verifikasi halaman sedekah Online' is present

2023-10-05 15:45:00 - [MESSAGE][WARNING] - Timeout '0' is invalid. Using default page load timeout: '30'

2023-10-05 15:45:01 - [MESSAGE][PASSED] - Object 'Object Repository/sedekah online/verifikasi halaman sedekah Online' is present

2023-10-05 15:45:01 - [TEST_STEP][PASSED] - setText(findTestObject("sedekah online/input_Sedekah"), NominalSedekah): Text '25000' is set on object 'Object Repository/sedekah online/input_Sedekah'

2023-10-05 15:45:02 - [MESSAGE][PASSED] - Text '25000' is set on object 'Object Repository/sedekah online/input_Sedekah'

2023-10-05 15:45:02 - [TEST_STEP][PASSED] - setText(findTestObject("sedekah online/input_No Handphone (di sedekah online)"), noHp): Text '086754321234' is set on object 'Object Repository/sedekah online/input_No Handphone (di sedekah online)'

2023-10-05 15:45:03 - [MESSAGE][PASSED] - Text '086754321234' is set on object 'Object Repository/sedekah online/input_No Handphone (di sedekah online)'

2023-10-05 15:45:03 - [TEST_STEP][PASSED] - setText(findTestObject("sedekah online/input_Alamat Email (di sedekah online)"), email): Text 'anata71@gmail.com' is set on object 'Object Repository/sedekah online/input_Alamat Email (di sedekah online)'

2023-10-05 15:45:03 - [MESSAGE][PASSED] - Text 'anata71@gmail.com' is set on object 'Object Repository/sedekah online/input_Alamat Email (di sedekah online)'

2023-10-05 15:45:03 - [TEST_STEP][PASSED] - selectOptionByValue(findTestObject("Object Repository/sedekah online/dropdown metode pembayaraan"), pembayaran, false): All options with value '1' are selected in object 'Object Repository/sedekah online/dropdown metode pembayaraan' 

2023-10-05 15:45:04 - [MESSAGE][PASSED] - All options with value '1' are selected in object 'Object Repository/sedekah online/dropdown metode pembayaraan' 

2023-10-05 15:45:04 - [TEST_STEP][PASSED] - selectOptionByValue(findTestObject("Object Repository/sedekah online/sedekah ditunjukan untuk keluarga"), sedekahUntuk, false): All options with value 'Orang Tua' are selected in object 'Object Repository/sedekah online/sedekah ditunjukan untuk keluarga' 

2023-10-05 15:45:05 - [MESSAGE][PASSED] - All options with value 'Orang Tua' are selected in object 'Object Repository/sedekah online/sedekah ditunjukan untuk keluarga' 

2023-10-05 15:45:05 - [TEST_STEP][PASSED] - setText(findTestObject("sedekah online/input isi doa terbaik anda"), doa): Text 'Semoga Bermanfaat' is set on object 'Object Repository/sedekah online/input isi doa terbaik anda'

2023-10-05 15:45:06 - [MESSAGE][PASSED] - Text 'Semoga Bermanfaat' is set on object 'Object Repository/sedekah online/input isi doa terbaik anda'

2023-10-05 15:45:06 - [TEST_STEP][PASSED] - setText(findTestObject("sedekah online/input 2 digit terakhir nomor hp"), digitAkhir): Text '34' is set on object 'Object Repository/sedekah online/input 2 digit terakhir nomor hp'

2023-10-05 15:45:07 - [MESSAGE][PASSED] - Text '34' is set on object 'Object Repository/sedekah online/input 2 digit terakhir nomor hp'

2023-10-05 15:45:07 - [TEST_STEP][PASSED] - click(findTestObject("sedekah online/button_Sedekah Sekarang")): Object: 'Object Repository/sedekah online/button_Sedekah Sekarang' is clicked on

2023-10-05 15:45:08 - [MESSAGE][PASSED] - Object: 'Object Repository/sedekah online/button_Sedekah Sekarang' is clicked on

2023-10-05 15:45:08 - [TEST_STEP][PASSED] - webDriber = getWebDriver(): null

2023-10-05 15:45:08 - [TEST_STEP][PASSED] - field_nmLengkap = webDriber.findElement(By.xpath("//input[@name="nama_lengkap"]")): null

2023-10-05 15:45:08 - [TEST_STEP][PASSED] - error_message = webDriber.executeScript("return arguments[0].validationMessage", field_nmLengkap): null

2023-10-05 15:45:08 - [TEST_STEP][PASSED] - println(error_message): null

2023-10-05 15:45:08 - [TEST_STEP][PASSED] - assert error_message == "Please fill out this field.": null]]></system-out>
         <system-err><![CDATA[]]></system-err>
      </testcase>
      <testcase name="Test Cases/T05 - Sedekah Online/TC-SO-009" time="23.7" classname="Test Cases/T05 - Sedekah Online/TC-SO-009" status="FAILED">
         <failure type="FAILED" message="Test Cases/T05 - Sedekah Online/TC-SO-009 FAILED.
Reason:
Assertion failed: 

assert validationMessage == &quot;Maximum length of this field must be equal or greater than 150 symbols&quot;
       |                 |
       &quot;&quot;                false

	at TC-SO-009.run(TC-SO-009:65)
	at com.kms.katalon.core.main.ScriptEngine.run(ScriptEngine.java:194)
	at com.kms.katalon.core.main.ScriptEngine.runScriptAsRawText(ScriptEngine.java:119)
	at com.kms.katalon.core.main.TestCaseExecutor.runScript(TestCaseExecutor.java:448)
	at com.kms.katalon.core.main.TestCaseExecutor.doExecute(TestCaseExecutor.java:439)
	at com.kms.katalon.core.main.TestCaseExecutor.processExecutionPhase(TestCaseExecutor.java:418)
	at com.kms.katalon.core.main.TestCaseExecutor.accessMainPhase(TestCaseExecutor.java:410)
	at com.kms.katalon.core.main.TestCaseExecutor.execute(TestCaseExecutor.java:285)
	at com.kms.katalon.core.common.CommonExecutor.accessTestCaseMainPhase(CommonExecutor.java:65)
	at com.kms.katalon.core.main.TestSuiteExecutor.accessTestSuiteMainPhase(TestSuiteExecutor.java:148)
	at com.kms.katalon.core.main.TestSuiteExecutor.execute(TestSuiteExecutor.java:106)
	at com.kms.katalon.core.main.TestCaseMain.startTestSuite(TestCaseMain.java:187)
	at com.kms.katalon.core.main.TestCaseMain$startTestSuite$0.call(Unknown Source)
	at TempTestSuite1696495265556.run(TempTestSuite1696495265556.groovy:36)
"/>
         <system-out><![CDATA[2023-10-05 15:45:08 - [TEST_CASE][FAILED] - Test Cases/T05 - Sedekah Online/TC-SO-009: Test Cases/T05 - Sedekah Online/TC-SO-009 FAILED.
Reason:
Assertion failed: 

assert validationMessage == "Maximum length of this field must be equal or greater than 150 symbols"
       |                 |
       ""                false

	at TC-SO-009.run(TC-SO-009:65)
	at com.kms.katalon.core.main.ScriptEngine.run(ScriptEngine.java:194)
	at com.kms.katalon.core.main.ScriptEngine.runScriptAsRawText(ScriptEngine.java:119)
	at com.kms.katalon.core.main.TestCaseExecutor.runScript(TestCaseExecutor.java:448)
	at com.kms.katalon.core.main.TestCaseExecutor.doExecute(TestCaseExecutor.java:439)
	at com.kms.katalon.core.main.TestCaseExecutor.processExecutionPhase(TestCaseExecutor.java:418)
	at com.kms.katalon.core.main.TestCaseExecutor.accessMainPhase(TestCaseExecutor.java:410)
	at com.kms.katalon.core.main.TestCaseExecutor.execute(TestCaseExecutor.java:285)
	at com.kms.katalon.core.common.CommonExecutor.accessTestCaseMainPhase(CommonExecutor.java:65)
	at com.kms.katalon.core.main.TestSuiteExecutor.accessTestSuiteMainPhase(TestSuiteExecutor.java:148)
	at com.kms.katalon.core.main.TestSuiteExecutor.execute(TestSuiteExecutor.java:106)
	at com.kms.katalon.core.main.TestCaseMain.startTestSuite(TestCaseMain.java:187)
	at com.kms.katalon.core.main.TestCaseMain$startTestSuite$0.call(Unknown Source)
	at TempTestSuite1696495265556.run(TempTestSuite1696495265556.groovy:36)


2023-10-05 15:45:09 - [TEST_STEP][PASSED] - openBrowser(urlWeb): Browser is opened with url: 'https://10.9.2.63/ecommerce/'

2023-10-05 15:45:09 - [MESSAGE][WARNING] - A browser is already opened. Closing browser and opening a new one

2023-10-05 15:45:11 - [MESSAGE][INFO] - Starting 'Firefox' driver

2023-10-05 15:45:11 - [MESSAGE][INFO] - User set preference: ['args', '[window-size=1500,1000, ignore-certificate-errors, UnexpectedAlertBehaviour=ignore]']

2023-10-05 15:45:11 - [MESSAGE][INFO] - Action delay is set to 0 milliseconds

2023-10-05 15:45:19 - [MESSAGE][PASSED] - Browser is opened with url: 'https://10.9.2.63/ecommerce/'

2023-10-05 15:45:19 - [TEST_STEP][PASSED] - maximizeWindow(): Current window maximized

2023-10-05 15:45:19 - [MESSAGE][PASSED] - Current window maximized

2023-10-05 15:45:19 - [TEST_STEP][PASSED] - verifyElementPresent(findTestObject("verifikasi masuk website tajalapk"), 0): Object 'Object Repository/verifikasi masuk website tajalapk' is present

2023-10-05 15:45:19 - [MESSAGE][WARNING] - Timeout '0' is invalid. Using default page load timeout: '30'

2023-10-05 15:45:19 - [MESSAGE][PASSED] - Object 'Object Repository/verifikasi masuk website tajalapk' is present

2023-10-05 15:45:19 - [TEST_STEP][PASSED] - click(findTestObject("sedekah online/a_Donasi (di halaman utama)")): Object: 'Object Repository/sedekah online/a_Donasi (di halaman utama)' is clicked on

2023-10-05 15:45:20 - [MESSAGE][PASSED] - Object: 'Object Repository/sedekah online/a_Donasi (di halaman utama)' is clicked on

2023-10-05 15:45:20 - [TEST_STEP][PASSED] - verifyElementClickable(findTestObject("sedekah online/a_Sedekah Online"), STOP_ON_FAILURE): Object 'Object Repository/sedekah online/a_Sedekah Online' is clickable

2023-10-05 15:45:20 - [MESSAGE][PASSED] - Object 'Object Repository/sedekah online/a_Sedekah Online' is clickable

2023-10-05 15:45:20 - [TEST_STEP][PASSED] - click(findTestObject("sedekah online/a_Sedekah Online")): Object: 'Object Repository/sedekah online/a_Sedekah Online' is clicked on

2023-10-05 15:45:21 - [MESSAGE][PASSED] - Object: 'Object Repository/sedekah online/a_Sedekah Online' is clicked on

2023-10-05 15:45:21 - [TEST_STEP][PASSED] - verifyElementPresent(findTestObject("sedekah online/verifikasi halaman sedekah Online"), 0): Object 'Object Repository/sedekah online/verifikasi halaman sedekah Online' is present

2023-10-05 15:45:21 - [MESSAGE][WARNING] - Timeout '0' is invalid. Using default page load timeout: '30'

2023-10-05 15:45:22 - [MESSAGE][PASSED] - Object 'Object Repository/sedekah online/verifikasi halaman sedekah Online' is present

2023-10-05 15:45:22 - [TEST_STEP][PASSED] - setText(findTestObject("sedekah online/input_Sedekah"), NominalSedekah): Text '25000' is set on object 'Object Repository/sedekah online/input_Sedekah'

2023-10-05 15:45:23 - [MESSAGE][PASSED] - Text '25000' is set on object 'Object Repository/sedekah online/input_Sedekah'

2023-10-05 15:45:23 - [TEST_STEP][PASSED] - setText(findTestObject("sedekah online/input_Nama lengkap (di sedekah online)"), namaLengkap): Text 'ikana' is set on object 'Object Repository/sedekah online/input_Nama lengkap (di sedekah online)'

2023-10-05 15:45:24 - [MESSAGE][PASSED] - Text 'ikana' is set on object 'Object Repository/sedekah online/input_Nama lengkap (di sedekah online)'

2023-10-05 15:45:24 - [TEST_STEP][PASSED] - setText(findTestObject("sedekah online/input_No Handphone (di sedekah online)"), noHp): Text '086754321234' is set on object 'Object Repository/sedekah online/input_No Handphone (di sedekah online)'

2023-10-05 15:45:25 - [MESSAGE][PASSED] - Text '086754321234' is set on object 'Object Repository/sedekah online/input_No Handphone (di sedekah online)'

2023-10-05 15:45:25 - [TEST_STEP][PASSED] - setText(findTestObject("sedekah online/input_Alamat Email (di sedekah online)"), email): Text 'anata71@gmail.com' is set on object 'Object Repository/sedekah online/input_Alamat Email (di sedekah online)'

2023-10-05 15:45:26 - [MESSAGE][PASSED] - Text 'anata71@gmail.com' is set on object 'Object Repository/sedekah online/input_Alamat Email (di sedekah online)'

2023-10-05 15:45:26 - [TEST_STEP][PASSED] - selectOptionByValue(findTestObject("Object Repository/sedekah online/dropdown metode pembayaraan"), pembayaran, false): All options with value '1' are selected in object 'Object Repository/sedekah online/dropdown metode pembayaraan' 

2023-10-05 15:45:27 - [MESSAGE][PASSED] - All options with value '1' are selected in object 'Object Repository/sedekah online/dropdown metode pembayaraan' 

2023-10-05 15:45:27 - [TEST_STEP][PASSED] - selectOptionByValue(findTestObject("Object Repository/sedekah online/sedekah ditunjukan untuk keluarga"), sedekahUntuk, false): All options with value 'Orang Tua' are selected in object 'Object Repository/sedekah online/sedekah ditunjukan untuk keluarga' 

2023-10-05 15:45:27 - [MESSAGE][PASSED] - All options with value 'Orang Tua' are selected in object 'Object Repository/sedekah online/sedekah ditunjukan untuk keluarga' 

2023-10-05 15:45:27 - [TEST_STEP][PASSED] - setText(findTestObject("sedekah online/input isi doa terbaik anda"), doa): Text ' Allah, tidak ada Tuhan (yang berhak disembah) melainkan Dia Yang Hidup kekal lagi terus menerus mengurus (makhluk-Nya); tidak mengantuk dan tidak tidur. Kepunyaan-Nya apa yang di langit dan di bumi.' is set on object 'Object Repository/sedekah online/input isi doa terbaik anda'

2023-10-05 15:45:29 - [MESSAGE][PASSED] - Text ' Allah, tidak ada Tuhan (yang berhak disembah) melainkan Dia Yang Hidup kekal lagi terus menerus mengurus (makhluk-Nya); tidak mengantuk dan tidak tidur. Kepunyaan-Nya apa yang di langit dan di bumi.' is set on object 'Object Repository/sedekah online/input isi doa terbaik anda'

2023-10-05 15:45:29 - [TEST_STEP][PASSED] - setText(findTestObject("sedekah online/input 2 digit terakhir nomor hp"), digitAkhir): Text '34' is set on object 'Object Repository/sedekah online/input 2 digit terakhir nomor hp'

2023-10-05 15:45:30 - [MESSAGE][PASSED] - Text '34' is set on object 'Object Repository/sedekah online/input 2 digit terakhir nomor hp'

2023-10-05 15:45:30 - [TEST_STEP][PASSED] - click(findTestObject("sedekah online/button_Sedekah Sekarang")): Object: 'Object Repository/sedekah online/button_Sedekah Sekarang' is clicked on

2023-10-05 15:45:31 - [MESSAGE][PASSED] - Object: 'Object Repository/sedekah online/button_Sedekah Sekarang' is clicked on

2023-10-05 15:45:31 - [TEST_STEP][PASSED] - webDriver = getWebDriver(): null

2023-10-05 15:45:31 - [TEST_STEP][PASSED] - field_doa = webDriver.findElement(By.xpath("//textarea[@name="doa_terbaik"]")): null

2023-10-05 15:45:32 - [TEST_STEP][PASSED] - validationMessage = executeJavaScript("return arguments[0].validationMessage", Arrays.asList(field_doa)): Execute JavaScript 'return arguments[0].validationMessage' successfully

2023-10-05 15:45:32 - [MESSAGE][PASSED] - Execute JavaScript 'return arguments[0].validationMessage' successfully

2023-10-05 15:45:32 - [TEST_STEP][FAILED] - assert validationMessage == "Maximum length of this field must be equal or greater than 150 symbols": Test Cases/T05 - Sedekah Online/TC-SO-009 FAILED.
Reason:
Assertion failed: 

assert validationMessage == "Maximum length of this field must be equal or greater than 150 symbols"
       |                 |
       ""                false

	at TC-SO-009.run(TC-SO-009:65)
	at com.kms.katalon.core.main.ScriptEngine.run(ScriptEngine.java:194)
	at com.kms.katalon.core.main.ScriptEngine.runScriptAsRawText(ScriptEngine.java:119)
	at com.kms.katalon.core.main.TestCaseExecutor.runScript(TestCaseExecutor.java:448)
	at com.kms.katalon.core.main.TestCaseExecutor.doExecute(TestCaseExecutor.java:439)
	at com.kms.katalon.core.main.TestCaseExecutor.processExecutionPhase(TestCaseExecutor.java:418)
	at com.kms.katalon.core.main.TestCaseExecutor.accessMainPhase(TestCaseExecutor.java:410)
	at com.kms.katalon.core.main.TestCaseExecutor.execute(TestCaseExecutor.java:285)
	at com.kms.katalon.core.common.CommonExecutor.accessTestCaseMainPhase(CommonExecutor.java:65)
	at com.kms.katalon.core.main.TestSuiteExecutor.accessTestSuiteMainPhase(TestSuiteExecutor.java:148)
	at com.kms.katalon.core.main.TestSuiteExecutor.execute(TestSuiteExecutor.java:106)
	at com.kms.katalon.core.main.TestCaseMain.startTestSuite(TestCaseMain.java:187)
	at com.kms.katalon.core.main.TestCaseMain$startTestSuite$0.call(Unknown Source)
	at TempTestSuite1696495265556.run(TempTestSuite1696495265556.groovy:36)


2023-10-05 15:45:32 - [MESSAGE][FAILED] - Test Cases/T05 - Sedekah Online/TC-SO-009 FAILED.
Reason:
Assertion failed: 

assert validationMessage == "Maximum length of this field must be equal or greater than 150 symbols"
       |                 |
       ""                false

	at TC-SO-009.run(TC-SO-009:65)
	at com.kms.katalon.core.main.ScriptEngine.run(ScriptEngine.java:194)
	at com.kms.katalon.core.main.ScriptEngine.runScriptAsRawText(ScriptEngine.java:119)
	at com.kms.katalon.core.main.TestCaseExecutor.runScript(TestCaseExecutor.java:448)
	at com.kms.katalon.core.main.TestCaseExecutor.doExecute(TestCaseExecutor.java:439)
	at com.kms.katalon.core.main.TestCaseExecutor.processExecutionPhase(TestCaseExecutor.java:418)
	at com.kms.katalon.core.main.TestCaseExecutor.accessMainPhase(TestCaseExecutor.java:410)
	at com.kms.katalon.core.main.TestCaseExecutor.execute(TestCaseExecutor.java:285)
	at com.kms.katalon.core.common.CommonExecutor.accessTestCaseMainPhase(CommonExecutor.java:65)
	at com.kms.katalon.core.main.TestSuiteExecutor.accessTestSuiteMainPhase(TestSuiteExecutor.java:148)
	at com.kms.katalon.core.main.TestSuiteExecutor.execute(TestSuiteExecutor.java:106)
	at com.kms.katalon.core.main.TestCaseMain.startTestSuite(TestCaseMain.java:187)
	at com.kms.katalon.core.main.TestCaseMain$startTestSuite$0.call(Unknown Source)
	at TempTestSuite1696495265556.run(TempTestSuite1696495265556.groovy:36)]]></system-out>
         <system-err><![CDATA[2023-10-05 15:45:08 - [TEST_CASE][FAILED] - Test Cases/T05 - Sedekah Online/TC-SO-009: Test Cases/T05 - Sedekah Online/TC-SO-009 FAILED.
Reason:
Assertion failed: 

assert validationMessage == "Maximum length of this field must be equal or greater than 150 symbols"
       |                 |
       ""                false

	at TC-SO-009.run(TC-SO-009:65)
	at com.kms.katalon.core.main.ScriptEngine.run(ScriptEngine.java:194)
	at com.kms.katalon.core.main.ScriptEngine.runScriptAsRawText(ScriptEngine.java:119)
	at com.kms.katalon.core.main.TestCaseExecutor.runScript(TestCaseExecutor.java:448)
	at com.kms.katalon.core.main.TestCaseExecutor.doExecute(TestCaseExecutor.java:439)
	at com.kms.katalon.core.main.TestCaseExecutor.processExecutionPhase(TestCaseExecutor.java:418)
	at com.kms.katalon.core.main.TestCaseExecutor.accessMainPhase(TestCaseExecutor.java:410)
	at com.kms.katalon.core.main.TestCaseExecutor.execute(TestCaseExecutor.java:285)
	at com.kms.katalon.core.common.CommonExecutor.accessTestCaseMainPhase(CommonExecutor.java:65)
	at com.kms.katalon.core.main.TestSuiteExecutor.accessTestSuiteMainPhase(TestSuiteExecutor.java:148)
	at com.kms.katalon.core.main.TestSuiteExecutor.execute(TestSuiteExecutor.java:106)
	at com.kms.katalon.core.main.TestCaseMain.startTestSuite(TestCaseMain.java:187)
	at com.kms.katalon.core.main.TestCaseMain$startTestSuite$0.call(Unknown Source)
	at TempTestSuite1696495265556.run(TempTestSuite1696495265556.groovy:36)]]></system-err>
      </testcase>
      <testcase name="Test Cases/T05 - Sedekah Online/TC-SO-010" time="23.001" classname="Test Cases/T05 - Sedekah Online/TC-SO-010" status="PASSED">
         <system-out><![CDATA[2023-10-05 15:45:32 - [TEST_CASE][PASSED] - Test Cases/T05 - Sedekah Online/TC-SO-010: Test Cases/T05 - Sedekah Online/TC-SO-010

2023-10-05 15:45:33 - [TEST_STEP][PASSED] - openBrowser(urlWeb): Browser is opened with url: 'https://10.9.2.63/ecommerce/'

2023-10-05 15:45:33 - [MESSAGE][WARNING] - A browser is already opened. Closing browser and opening a new one

2023-10-05 15:45:35 - [MESSAGE][INFO] - Starting 'Firefox' driver

2023-10-05 15:45:35 - [MESSAGE][INFO] - User set preference: ['args', '[window-size=1500,1000, ignore-certificate-errors, UnexpectedAlertBehaviour=ignore]']

2023-10-05 15:45:35 - [MESSAGE][INFO] - Action delay is set to 0 milliseconds

2023-10-05 15:45:43 - [MESSAGE][PASSED] - Browser is opened with url: 'https://10.9.2.63/ecommerce/'

2023-10-05 15:45:43 - [TEST_STEP][PASSED] - maximizeWindow(): Current window maximized

2023-10-05 15:45:43 - [MESSAGE][PASSED] - Current window maximized

2023-10-05 15:45:43 - [TEST_STEP][PASSED] - verifyElementPresent(findTestObject("verifikasi masuk website tajalapk"), 0): Object 'Object Repository/verifikasi masuk website tajalapk' is present

2023-10-05 15:45:43 - [MESSAGE][WARNING] - Timeout '0' is invalid. Using default page load timeout: '30'

2023-10-05 15:45:44 - [MESSAGE][PASSED] - Object 'Object Repository/verifikasi masuk website tajalapk' is present

2023-10-05 15:45:44 - [TEST_STEP][PASSED] - click(findTestObject("sedekah online/a_Donasi (di halaman utama)")): Object: 'Object Repository/sedekah online/a_Donasi (di halaman utama)' is clicked on

2023-10-05 15:45:44 - [MESSAGE][PASSED] - Object: 'Object Repository/sedekah online/a_Donasi (di halaman utama)' is clicked on

2023-10-05 15:45:44 - [TEST_STEP][PASSED] - verifyElementClickable(findTestObject("sedekah online/a_Sedekah Online"), STOP_ON_FAILURE): Object 'Object Repository/sedekah online/a_Sedekah Online' is clickable

2023-10-05 15:45:45 - [MESSAGE][PASSED] - Object 'Object Repository/sedekah online/a_Sedekah Online' is clickable

2023-10-05 15:45:45 - [TEST_STEP][PASSED] - click(findTestObject("sedekah online/a_Sedekah Online")): Object: 'Object Repository/sedekah online/a_Sedekah Online' is clicked on

2023-10-05 15:45:46 - [MESSAGE][PASSED] - Object: 'Object Repository/sedekah online/a_Sedekah Online' is clicked on

2023-10-05 15:45:46 - [TEST_STEP][PASSED] - verifyElementPresent(findTestObject("sedekah online/verifikasi halaman sedekah Online"), 0): Object 'Object Repository/sedekah online/verifikasi halaman sedekah Online' is present

2023-10-05 15:45:46 - [MESSAGE][WARNING] - Timeout '0' is invalid. Using default page load timeout: '30'

2023-10-05 15:45:46 - [MESSAGE][PASSED] - Object 'Object Repository/sedekah online/verifikasi halaman sedekah Online' is present

2023-10-05 15:45:46 - [TEST_STEP][PASSED] - setText(findTestObject("sedekah online/input_Sedekah"), NominalSedekah): Text '25000' is set on object 'Object Repository/sedekah online/input_Sedekah'

2023-10-05 15:45:47 - [MESSAGE][PASSED] - Text '25000' is set on object 'Object Repository/sedekah online/input_Sedekah'

2023-10-05 15:45:47 - [TEST_STEP][PASSED] - setText(findTestObject("sedekah online/input_Nama lengkap (di sedekah online)"), namaLengkap): Text 'ikana' is set on object 'Object Repository/sedekah online/input_Nama lengkap (di sedekah online)'

2023-10-05 15:45:48 - [MESSAGE][PASSED] - Text 'ikana' is set on object 'Object Repository/sedekah online/input_Nama lengkap (di sedekah online)'

2023-10-05 15:45:48 - [TEST_STEP][PASSED] - setText(findTestObject("sedekah online/input_No Handphone (di sedekah online)"), noHp): Text 'opqwerstuwxy' is set on object 'Object Repository/sedekah online/input_No Handphone (di sedekah online)'

2023-10-05 15:45:49 - [MESSAGE][PASSED] - Text 'opqwerstuwxy' is set on object 'Object Repository/sedekah online/input_No Handphone (di sedekah online)'

2023-10-05 15:45:49 - [TEST_STEP][PASSED] - setText(findTestObject("sedekah online/input_Alamat Email (di sedekah online)"), email): Text 'anata71@gmail.com' is set on object 'Object Repository/sedekah online/input_Alamat Email (di sedekah online)'

2023-10-05 15:45:50 - [MESSAGE][PASSED] - Text 'anata71@gmail.com' is set on object 'Object Repository/sedekah online/input_Alamat Email (di sedekah online)'

2023-10-05 15:45:50 - [TEST_STEP][PASSED] - selectOptionByValue(findTestObject("Object Repository/sedekah online/dropdown metode pembayaraan"), pembayaran, false): All options with value '1' are selected in object 'Object Repository/sedekah online/dropdown metode pembayaraan' 

2023-10-05 15:45:51 - [MESSAGE][PASSED] - All options with value '1' are selected in object 'Object Repository/sedekah online/dropdown metode pembayaraan' 

2023-10-05 15:45:51 - [TEST_STEP][PASSED] - selectOptionByValue(findTestObject("Object Repository/sedekah online/sedekah ditunjukan untuk keluarga"), sedekahUntuk, false): All options with value 'Orang Tua' are selected in object 'Object Repository/sedekah online/sedekah ditunjukan untuk keluarga' 

2023-10-05 15:45:52 - [MESSAGE][PASSED] - All options with value 'Orang Tua' are selected in object 'Object Repository/sedekah online/sedekah ditunjukan untuk keluarga' 

2023-10-05 15:45:52 - [TEST_STEP][PASSED] - setText(findTestObject("sedekah online/input isi doa terbaik anda"), doa): Text 'semoga bermanfaat' is set on object 'Object Repository/sedekah online/input isi doa terbaik anda'

2023-10-05 15:45:53 - [MESSAGE][PASSED] - Text 'semoga bermanfaat' is set on object 'Object Repository/sedekah online/input isi doa terbaik anda'

2023-10-05 15:45:53 - [TEST_STEP][PASSED] - setText(findTestObject("sedekah online/input 2 digit terakhir nomor hp"), digitAkhir): Text 'xy' is set on object 'Object Repository/sedekah online/input 2 digit terakhir nomor hp'

2023-10-05 15:45:54 - [MESSAGE][PASSED] - Text 'xy' is set on object 'Object Repository/sedekah online/input 2 digit terakhir nomor hp'

2023-10-05 15:45:54 - [TEST_STEP][PASSED] - click(findTestObject("sedekah online/button_Sedekah Sekarang")): Object: 'Object Repository/sedekah online/button_Sedekah Sekarang' is clicked on

2023-10-05 15:45:55 - [MESSAGE][PASSED] - Object: 'Object Repository/sedekah online/button_Sedekah Sekarang' is clicked on

2023-10-05 15:45:55 - [TEST_STEP][PASSED] - webDriver = getWebDriver(): null

2023-10-05 15:45:55 - [TEST_STEP][PASSED] - field_no = webDriver.findElement(By.xpath("//input[@name="no_handphone"]")): null

2023-10-05 15:45:55 - [TEST_STEP][PASSED] - error_message = webDriver.executeScript("return arguments[0].validationMessage", field_no): null

2023-10-05 15:45:55 - [TEST_STEP][PASSED] - println(error_message): null

2023-10-05 15:45:55 - [TEST_STEP][PASSED] - assert error_message == "Please enter a number.": null]]></system-out>
         <system-err><![CDATA[]]></system-err>
      </testcase>
      <testcase name="Test Cases/T05 - Sedekah Online/TC-SO-011" time="25.554" classname="Test Cases/T05 - Sedekah Online/TC-SO-011" status="FAILED">
         <failure type="FAILED" message="Test Cases/T05 - Sedekah Online/TC-SO-011 FAILED.
Reason:
Assertion failed: 

assert error_message == &quot;please input an valid number&quot;
       |             |
       &quot;&quot;            false

	at TC-SO-011.run(TC-SO-011:72)
	at com.kms.katalon.core.main.ScriptEngine.run(ScriptEngine.java:194)
	at com.kms.katalon.core.main.ScriptEngine.runScriptAsRawText(ScriptEngine.java:119)
	at com.kms.katalon.core.main.TestCaseExecutor.runScript(TestCaseExecutor.java:448)
	at com.kms.katalon.core.main.TestCaseExecutor.doExecute(TestCaseExecutor.java:439)
	at com.kms.katalon.core.main.TestCaseExecutor.processExecutionPhase(TestCaseExecutor.java:418)
	at com.kms.katalon.core.main.TestCaseExecutor.accessMainPhase(TestCaseExecutor.java:410)
	at com.kms.katalon.core.main.TestCaseExecutor.execute(TestCaseExecutor.java:285)
	at com.kms.katalon.core.common.CommonExecutor.accessTestCaseMainPhase(CommonExecutor.java:65)
	at com.kms.katalon.core.main.TestSuiteExecutor.accessTestSuiteMainPhase(TestSuiteExecutor.java:148)
	at com.kms.katalon.core.main.TestSuiteExecutor.execute(TestSuiteExecutor.java:106)
	at com.kms.katalon.core.main.TestCaseMain.startTestSuite(TestCaseMain.java:187)
	at com.kms.katalon.core.main.TestCaseMain$startTestSuite$0.call(Unknown Source)
	at TempTestSuite1696495265556.run(TempTestSuite1696495265556.groovy:36)
"/>
         <system-out><![CDATA[2023-10-05 15:45:55 - [TEST_CASE][FAILED] - Test Cases/T05 - Sedekah Online/TC-SO-011: Test Cases/T05 - Sedekah Online/TC-SO-011 FAILED.
Reason:
Assertion failed: 

assert error_message == "please input an valid number"
       |             |
       ""            false

	at TC-SO-011.run(TC-SO-011:72)
	at com.kms.katalon.core.main.ScriptEngine.run(ScriptEngine.java:194)
	at com.kms.katalon.core.main.ScriptEngine.runScriptAsRawText(ScriptEngine.java:119)
	at com.kms.katalon.core.main.TestCaseExecutor.runScript(TestCaseExecutor.java:448)
	at com.kms.katalon.core.main.TestCaseExecutor.doExecute(TestCaseExecutor.java:439)
	at com.kms.katalon.core.main.TestCaseExecutor.processExecutionPhase(TestCaseExecutor.java:418)
	at com.kms.katalon.core.main.TestCaseExecutor.accessMainPhase(TestCaseExecutor.java:410)
	at com.kms.katalon.core.main.TestCaseExecutor.execute(TestCaseExecutor.java:285)
	at com.kms.katalon.core.common.CommonExecutor.accessTestCaseMainPhase(CommonExecutor.java:65)
	at com.kms.katalon.core.main.TestSuiteExecutor.accessTestSuiteMainPhase(TestSuiteExecutor.java:148)
	at com.kms.katalon.core.main.TestSuiteExecutor.execute(TestSuiteExecutor.java:106)
	at com.kms.katalon.core.main.TestCaseMain.startTestSuite(TestCaseMain.java:187)
	at com.kms.katalon.core.main.TestCaseMain$startTestSuite$0.call(Unknown Source)
	at TempTestSuite1696495265556.run(TempTestSuite1696495265556.groovy:36)


2023-10-05 15:45:56 - [TEST_STEP][PASSED] - openBrowser(urlWeb): Browser is opened with url: 'https://10.9.2.63/ecommerce/'

2023-10-05 15:45:56 - [MESSAGE][WARNING] - A browser is already opened. Closing browser and opening a new one

2023-10-05 15:45:58 - [MESSAGE][INFO] - Starting 'Firefox' driver

2023-10-05 15:45:58 - [MESSAGE][INFO] - User set preference: ['args', '[window-size=1500,1000, ignore-certificate-errors, UnexpectedAlertBehaviour=ignore]']

2023-10-05 15:45:58 - [MESSAGE][INFO] - Action delay is set to 0 milliseconds

2023-10-05 15:46:07 - [MESSAGE][PASSED] - Browser is opened with url: 'https://10.9.2.63/ecommerce/'

2023-10-05 15:46:07 - [TEST_STEP][PASSED] - maximizeWindow(): Current window maximized

2023-10-05 15:46:07 - [MESSAGE][PASSED] - Current window maximized

2023-10-05 15:46:07 - [TEST_STEP][PASSED] - verifyElementPresent(findTestObject("verifikasi masuk website tajalapk"), 0): Object 'Object Repository/verifikasi masuk website tajalapk' is present

2023-10-05 15:46:07 - [MESSAGE][WARNING] - Timeout '0' is invalid. Using default page load timeout: '30'

2023-10-05 15:46:08 - [MESSAGE][PASSED] - Object 'Object Repository/verifikasi masuk website tajalapk' is present

2023-10-05 15:46:08 - [TEST_STEP][PASSED] - click(findTestObject("sedekah online/a_Donasi (di halaman utama)")): Object: 'Object Repository/sedekah online/a_Donasi (di halaman utama)' is clicked on

2023-10-05 15:46:08 - [MESSAGE][PASSED] - Object: 'Object Repository/sedekah online/a_Donasi (di halaman utama)' is clicked on

2023-10-05 15:46:08 - [TEST_STEP][PASSED] - verifyElementClickable(findTestObject("sedekah online/a_Sedekah Online"), STOP_ON_FAILURE): Object 'Object Repository/sedekah online/a_Sedekah Online' is clickable

2023-10-05 15:46:09 - [MESSAGE][PASSED] - Object 'Object Repository/sedekah online/a_Sedekah Online' is clickable

2023-10-05 15:46:09 - [TEST_STEP][PASSED] - click(findTestObject("sedekah online/a_Sedekah Online")): Object: 'Object Repository/sedekah online/a_Sedekah Online' is clicked on

2023-10-05 15:46:10 - [MESSAGE][PASSED] - Object: 'Object Repository/sedekah online/a_Sedekah Online' is clicked on

2023-10-05 15:46:10 - [TEST_STEP][PASSED] - verifyElementPresent(findTestObject("sedekah online/verifikasi halaman sedekah Online"), 0): Object 'Object Repository/sedekah online/verifikasi halaman sedekah Online' is present

2023-10-05 15:46:10 - [MESSAGE][WARNING] - Timeout '0' is invalid. Using default page load timeout: '30'

2023-10-05 15:46:11 - [MESSAGE][PASSED] - Object 'Object Repository/sedekah online/verifikasi halaman sedekah Online' is present

2023-10-05 15:46:11 - [TEST_STEP][PASSED] - setText(findTestObject("sedekah online/input_Sedekah"), NominalSedekah): Text '-25000' is set on object 'Object Repository/sedekah online/input_Sedekah'

2023-10-05 15:46:12 - [MESSAGE][PASSED] - Text '-25000' is set on object 'Object Repository/sedekah online/input_Sedekah'

2023-10-05 15:46:12 - [TEST_STEP][PASSED] - setText(findTestObject("sedekah online/input_Nama lengkap (di sedekah online)"), namaLengkap): Text 'ikana' is set on object 'Object Repository/sedekah online/input_Nama lengkap (di sedekah online)'

2023-10-05 15:46:13 - [MESSAGE][PASSED] - Text 'ikana' is set on object 'Object Repository/sedekah online/input_Nama lengkap (di sedekah online)'

2023-10-05 15:46:13 - [TEST_STEP][PASSED] - setText(findTestObject("sedekah online/input_No Handphone (di sedekah online)"), noHp): Text '086754321234' is set on object 'Object Repository/sedekah online/input_No Handphone (di sedekah online)'

2023-10-05 15:46:14 - [MESSAGE][PASSED] - Text '086754321234' is set on object 'Object Repository/sedekah online/input_No Handphone (di sedekah online)'

2023-10-05 15:46:14 - [TEST_STEP][PASSED] - setText(findTestObject("sedekah online/input_Alamat Email (di sedekah online)"), email): Text 'anata71@gmail.com' is set on object 'Object Repository/sedekah online/input_Alamat Email (di sedekah online)'

2023-10-05 15:46:15 - [MESSAGE][PASSED] - Text 'anata71@gmail.com' is set on object 'Object Repository/sedekah online/input_Alamat Email (di sedekah online)'

2023-10-05 15:46:15 - [TEST_STEP][PASSED] - selectOptionByValue(findTestObject("Object Repository/sedekah online/dropdown metode pembayaraan"), pembayaran, false): All options with value '1' are selected in object 'Object Repository/sedekah online/dropdown metode pembayaraan' 

2023-10-05 15:46:16 - [MESSAGE][PASSED] - All options with value '1' are selected in object 'Object Repository/sedekah online/dropdown metode pembayaraan' 

2023-10-05 15:46:16 - [TEST_STEP][PASSED] - selectOptionByValue(findTestObject("Object Repository/sedekah online/sedekah ditunjukan untuk keluarga"), sedekahUntuk, false): All options with value 'Orang Tua' are selected in object 'Object Repository/sedekah online/sedekah ditunjukan untuk keluarga' 

2023-10-05 15:46:17 - [MESSAGE][PASSED] - All options with value 'Orang Tua' are selected in object 'Object Repository/sedekah online/sedekah ditunjukan untuk keluarga' 

2023-10-05 15:46:17 - [TEST_STEP][PASSED] - setText(findTestObject("sedekah online/input isi doa terbaik anda"), doa): Text 'Semoga Bermanfaat' is set on object 'Object Repository/sedekah online/input isi doa terbaik anda'

2023-10-05 15:46:18 - [MESSAGE][PASSED] - Text 'Semoga Bermanfaat' is set on object 'Object Repository/sedekah online/input isi doa terbaik anda'

2023-10-05 15:46:18 - [TEST_STEP][PASSED] - setText(findTestObject("sedekah online/input 2 digit terakhir nomor hp"), digitAkhir): Text '34' is set on object 'Object Repository/sedekah online/input 2 digit terakhir nomor hp'

2023-10-05 15:46:19 - [MESSAGE][PASSED] - Text '34' is set on object 'Object Repository/sedekah online/input 2 digit terakhir nomor hp'

2023-10-05 15:46:19 - [TEST_STEP][PASSED] - click(findTestObject("sedekah online/button_Sedekah Sekarang")): Object: 'Object Repository/sedekah online/button_Sedekah Sekarang' is clicked on

2023-10-05 15:46:20 - [MESSAGE][PASSED] - Object: 'Object Repository/sedekah online/button_Sedekah Sekarang' is clicked on

2023-10-05 15:46:20 - [TEST_STEP][PASSED] - webDriver = getWebDriver(): null

2023-10-05 15:46:20 - [TEST_STEP][PASSED] - field_sedekah = webDriver.findElement(By.xpath("//input[@name="nominal"]")): null

2023-10-05 15:46:20 - [TEST_STEP][PASSED] - error_message = webDriver.executeScript("return arguments[0].validationMessage", field_sedekah): null

2023-10-05 15:46:20 - [TEST_STEP][PASSED] - println(error_message): null

2023-10-05 15:46:20 - [TEST_STEP][FAILED] - assert error_message == "please input an valid number": Test Cases/T05 - Sedekah Online/TC-SO-011 FAILED.
Reason:
Assertion failed: 

assert error_message == "please input an valid number"
       |             |
       ""            false

	at TC-SO-011.run(TC-SO-011:72)
	at com.kms.katalon.core.main.ScriptEngine.run(ScriptEngine.java:194)
	at com.kms.katalon.core.main.ScriptEngine.runScriptAsRawText(ScriptEngine.java:119)
	at com.kms.katalon.core.main.TestCaseExecutor.runScript(TestCaseExecutor.java:448)
	at com.kms.katalon.core.main.TestCaseExecutor.doExecute(TestCaseExecutor.java:439)
	at com.kms.katalon.core.main.TestCaseExecutor.processExecutionPhase(TestCaseExecutor.java:418)
	at com.kms.katalon.core.main.TestCaseExecutor.accessMainPhase(TestCaseExecutor.java:410)
	at com.kms.katalon.core.main.TestCaseExecutor.execute(TestCaseExecutor.java:285)
	at com.kms.katalon.core.common.CommonExecutor.accessTestCaseMainPhase(CommonExecutor.java:65)
	at com.kms.katalon.core.main.TestSuiteExecutor.accessTestSuiteMainPhase(TestSuiteExecutor.java:148)
	at com.kms.katalon.core.main.TestSuiteExecutor.execute(TestSuiteExecutor.java:106)
	at com.kms.katalon.core.main.TestCaseMain.startTestSuite(TestCaseMain.java:187)
	at com.kms.katalon.core.main.TestCaseMain$startTestSuite$0.call(Unknown Source)
	at TempTestSuite1696495265556.run(TempTestSuite1696495265556.groovy:36)


2023-10-05 15:46:21 - [MESSAGE][FAILED] - Test Cases/T05 - Sedekah Online/TC-SO-011 FAILED.
Reason:
Assertion failed: 

assert error_message == "please input an valid number"
       |             |
       ""            false

	at TC-SO-011.run(TC-SO-011:72)
	at com.kms.katalon.core.main.ScriptEngine.run(ScriptEngine.java:194)
	at com.kms.katalon.core.main.ScriptEngine.runScriptAsRawText(ScriptEngine.java:119)
	at com.kms.katalon.core.main.TestCaseExecutor.runScript(TestCaseExecutor.java:448)
	at com.kms.katalon.core.main.TestCaseExecutor.doExecute(TestCaseExecutor.java:439)
	at com.kms.katalon.core.main.TestCaseExecutor.processExecutionPhase(TestCaseExecutor.java:418)
	at com.kms.katalon.core.main.TestCaseExecutor.accessMainPhase(TestCaseExecutor.java:410)
	at com.kms.katalon.core.main.TestCaseExecutor.execute(TestCaseExecutor.java:285)
	at com.kms.katalon.core.common.CommonExecutor.accessTestCaseMainPhase(CommonExecutor.java:65)
	at com.kms.katalon.core.main.TestSuiteExecutor.accessTestSuiteMainPhase(TestSuiteExecutor.java:148)
	at com.kms.katalon.core.main.TestSuiteExecutor.execute(TestSuiteExecutor.java:106)
	at com.kms.katalon.core.main.TestCaseMain.startTestSuite(TestCaseMain.java:187)
	at com.kms.katalon.core.main.TestCaseMain$startTestSuite$0.call(Unknown Source)
	at TempTestSuite1696495265556.run(TempTestSuite1696495265556.groovy:36)]]></system-out>
         <system-err><![CDATA[2023-10-05 15:45:55 - [TEST_CASE][FAILED] - Test Cases/T05 - Sedekah Online/TC-SO-011: Test Cases/T05 - Sedekah Online/TC-SO-011 FAILED.
Reason:
Assertion failed: 

assert error_message == "please input an valid number"
       |             |
       ""            false

	at TC-SO-011.run(TC-SO-011:72)
	at com.kms.katalon.core.main.ScriptEngine.run(ScriptEngine.java:194)
	at com.kms.katalon.core.main.ScriptEngine.runScriptAsRawText(ScriptEngine.java:119)
	at com.kms.katalon.core.main.TestCaseExecutor.runScript(TestCaseExecutor.java:448)
	at com.kms.katalon.core.main.TestCaseExecutor.doExecute(TestCaseExecutor.java:439)
	at com.kms.katalon.core.main.TestCaseExecutor.processExecutionPhase(TestCaseExecutor.java:418)
	at com.kms.katalon.core.main.TestCaseExecutor.accessMainPhase(TestCaseExecutor.java:410)
	at com.kms.katalon.core.main.TestCaseExecutor.execute(TestCaseExecutor.java:285)
	at com.kms.katalon.core.common.CommonExecutor.accessTestCaseMainPhase(CommonExecutor.java:65)
	at com.kms.katalon.core.main.TestSuiteExecutor.accessTestSuiteMainPhase(TestSuiteExecutor.java:148)
	at com.kms.katalon.core.main.TestSuiteExecutor.execute(TestSuiteExecutor.java:106)
	at com.kms.katalon.core.main.TestCaseMain.startTestSuite(TestCaseMain.java:187)
	at com.kms.katalon.core.main.TestCaseMain$startTestSuite$0.call(Unknown Source)
	at TempTestSuite1696495265556.run(TempTestSuite1696495265556.groovy:36)]]></system-err>
      </testcase>
      <testcase name="Test Cases/T05 - Sedekah Online/TC-SO-012" time="22.488" classname="Test Cases/T05 - Sedekah Online/TC-SO-012" status="FAILED">
         <failure type="FAILED" message="Test Cases/T05 - Sedekah Online/TC-SO-012 FAILED.
Reason:
Assertion failed: 

assert error_message == &quot;please enter an alphabet&quot;
       |             |
       |             false
       Please fill out this field.

	at TC-SO-012.run(TC-SO-012:72)
	at com.kms.katalon.core.main.ScriptEngine.run(ScriptEngine.java:194)
	at com.kms.katalon.core.main.ScriptEngine.runScriptAsRawText(ScriptEngine.java:119)
	at com.kms.katalon.core.main.TestCaseExecutor.runScript(TestCaseExecutor.java:448)
	at com.kms.katalon.core.main.TestCaseExecutor.doExecute(TestCaseExecutor.java:439)
	at com.kms.katalon.core.main.TestCaseExecutor.processExecutionPhase(TestCaseExecutor.java:418)
	at com.kms.katalon.core.main.TestCaseExecutor.accessMainPhase(TestCaseExecutor.java:410)
	at com.kms.katalon.core.main.TestCaseExecutor.execute(TestCaseExecutor.java:285)
	at com.kms.katalon.core.common.CommonExecutor.accessTestCaseMainPhase(CommonExecutor.java:65)
	at com.kms.katalon.core.main.TestSuiteExecutor.accessTestSuiteMainPhase(TestSuiteExecutor.java:148)
	at com.kms.katalon.core.main.TestSuiteExecutor.execute(TestSuiteExecutor.java:106)
	at com.kms.katalon.core.main.TestCaseMain.startTestSuite(TestCaseMain.java:187)
	at com.kms.katalon.core.main.TestCaseMain$startTestSuite$0.call(Unknown Source)
	at TempTestSuite1696495265556.run(TempTestSuite1696495265556.groovy:36)
"/>
         <system-out><![CDATA[2023-10-05 15:46:21 - [TEST_CASE][FAILED] - Test Cases/T05 - Sedekah Online/TC-SO-012: Test Cases/T05 - Sedekah Online/TC-SO-012 FAILED.
Reason:
Assertion failed: 

assert error_message == "please enter an alphabet"
       |             |
       |             false
       Please fill out this field.

	at TC-SO-012.run(TC-SO-012:72)
	at com.kms.katalon.core.main.ScriptEngine.run(ScriptEngine.java:194)
	at com.kms.katalon.core.main.ScriptEngine.runScriptAsRawText(ScriptEngine.java:119)
	at com.kms.katalon.core.main.TestCaseExecutor.runScript(TestCaseExecutor.java:448)
	at com.kms.katalon.core.main.TestCaseExecutor.doExecute(TestCaseExecutor.java:439)
	at com.kms.katalon.core.main.TestCaseExecutor.processExecutionPhase(TestCaseExecutor.java:418)
	at com.kms.katalon.core.main.TestCaseExecutor.accessMainPhase(TestCaseExecutor.java:410)
	at com.kms.katalon.core.main.TestCaseExecutor.execute(TestCaseExecutor.java:285)
	at com.kms.katalon.core.common.CommonExecutor.accessTestCaseMainPhase(CommonExecutor.java:65)
	at com.kms.katalon.core.main.TestSuiteExecutor.accessTestSuiteMainPhase(TestSuiteExecutor.java:148)
	at com.kms.katalon.core.main.TestSuiteExecutor.execute(TestSuiteExecutor.java:106)
	at com.kms.katalon.core.main.TestCaseMain.startTestSuite(TestCaseMain.java:187)
	at com.kms.katalon.core.main.TestCaseMain$startTestSuite$0.call(Unknown Source)
	at TempTestSuite1696495265556.run(TempTestSuite1696495265556.groovy:36)


2023-10-05 15:46:22 - [TEST_STEP][PASSED] - openBrowser(urlWeb): Browser is opened with url: 'https://10.9.2.63/ecommerce/'

2023-10-05 15:46:22 - [MESSAGE][WARNING] - A browser is already opened. Closing browser and opening a new one

2023-10-05 15:46:23 - [MESSAGE][INFO] - Starting 'Firefox' driver

2023-10-05 15:46:23 - [MESSAGE][INFO] - User set preference: ['args', '[window-size=1500,1000, ignore-certificate-errors, UnexpectedAlertBehaviour=ignore]']

2023-10-05 15:46:23 - [MESSAGE][INFO] - Action delay is set to 0 milliseconds

2023-10-05 15:46:30 - [MESSAGE][PASSED] - Browser is opened with url: 'https://10.9.2.63/ecommerce/'

2023-10-05 15:46:30 - [TEST_STEP][PASSED] - maximizeWindow(): Current window maximized

2023-10-05 15:46:30 - [MESSAGE][PASSED] - Current window maximized

2023-10-05 15:46:30 - [TEST_STEP][PASSED] - verifyElementPresent(findTestObject("verifikasi masuk website tajalapk"), 0): Object 'Object Repository/verifikasi masuk website tajalapk' is present

2023-10-05 15:46:30 - [MESSAGE][WARNING] - Timeout '0' is invalid. Using default page load timeout: '30'

2023-10-05 15:46:31 - [MESSAGE][PASSED] - Object 'Object Repository/verifikasi masuk website tajalapk' is present

2023-10-05 15:46:31 - [TEST_STEP][PASSED] - click(findTestObject("sedekah online/a_Donasi (di halaman utama)")): Object: 'Object Repository/sedekah online/a_Donasi (di halaman utama)' is clicked on

2023-10-05 15:46:31 - [MESSAGE][PASSED] - Object: 'Object Repository/sedekah online/a_Donasi (di halaman utama)' is clicked on

2023-10-05 15:46:31 - [TEST_STEP][PASSED] - verifyElementClickable(findTestObject("sedekah online/a_Sedekah Online"), STOP_ON_FAILURE): Object 'Object Repository/sedekah online/a_Sedekah Online' is clickable

2023-10-05 15:46:31 - [MESSAGE][PASSED] - Object 'Object Repository/sedekah online/a_Sedekah Online' is clickable

2023-10-05 15:46:31 - [TEST_STEP][PASSED] - click(findTestObject("sedekah online/a_Sedekah Online")): Object: 'Object Repository/sedekah online/a_Sedekah Online' is clicked on

2023-10-05 15:46:33 - [MESSAGE][PASSED] - Object: 'Object Repository/sedekah online/a_Sedekah Online' is clicked on

2023-10-05 15:46:33 - [TEST_STEP][PASSED] - verifyElementPresent(findTestObject("sedekah online/verifikasi halaman sedekah Online"), 0): Object 'Object Repository/sedekah online/verifikasi halaman sedekah Online' is present

2023-10-05 15:46:33 - [MESSAGE][WARNING] - Timeout '0' is invalid. Using default page load timeout: '30'

2023-10-05 15:46:33 - [MESSAGE][PASSED] - Object 'Object Repository/sedekah online/verifikasi halaman sedekah Online' is present

2023-10-05 15:46:33 - [TEST_STEP][PASSED] - setText(findTestObject("sedekah online/input_Sedekah"), NominalSedekah): Text '25000' is set on object 'Object Repository/sedekah online/input_Sedekah'

2023-10-05 15:46:34 - [MESSAGE][PASSED] - Text '25000' is set on object 'Object Repository/sedekah online/input_Sedekah'

2023-10-05 15:46:34 - [TEST_STEP][PASSED] - setText(findTestObject("sedekah online/input_Nama lengkap (di sedekah online)"), namaLengkap): Text '!$#@()+_' is set on object 'Object Repository/sedekah online/input_Nama lengkap (di sedekah online)'

2023-10-05 15:46:35 - [MESSAGE][PASSED] - Text '!$#@()+_' is set on object 'Object Repository/sedekah online/input_Nama lengkap (di sedekah online)'

2023-10-05 15:46:35 - [TEST_STEP][PASSED] - setText(findTestObject("sedekah online/input_No Handphone (di sedekah online)"), noHp): Text '086754321234' is set on object 'Object Repository/sedekah online/input_No Handphone (di sedekah online)'

2023-10-05 15:46:36 - [MESSAGE][PASSED] - Text '086754321234' is set on object 'Object Repository/sedekah online/input_No Handphone (di sedekah online)'

2023-10-05 15:46:36 - [TEST_STEP][PASSED] - setText(findTestObject("sedekah online/input_Alamat Email (di sedekah online)"), email): Text 'anata71@gmail.com' is set on object 'Object Repository/sedekah online/input_Alamat Email (di sedekah online)'

2023-10-05 15:46:37 - [MESSAGE][PASSED] - Text 'anata71@gmail.com' is set on object 'Object Repository/sedekah online/input_Alamat Email (di sedekah online)'

2023-10-05 15:46:37 - [TEST_STEP][PASSED] - selectOptionByValue(findTestObject("Object Repository/sedekah online/dropdown metode pembayaraan"), pembayaran, false): All options with value '1' are selected in object 'Object Repository/sedekah online/dropdown metode pembayaraan' 

2023-10-05 15:46:38 - [MESSAGE][PASSED] - All options with value '1' are selected in object 'Object Repository/sedekah online/dropdown metode pembayaraan' 

2023-10-05 15:46:38 - [TEST_STEP][PASSED] - selectOptionByValue(findTestObject("Object Repository/sedekah online/sedekah ditunjukan untuk keluarga"), sedekahUntuk, false): All options with value 'Orang Tua' are selected in object 'Object Repository/sedekah online/sedekah ditunjukan untuk keluarga' 

2023-10-05 15:46:39 - [MESSAGE][PASSED] - All options with value 'Orang Tua' are selected in object 'Object Repository/sedekah online/sedekah ditunjukan untuk keluarga' 

2023-10-05 15:46:39 - [TEST_STEP][PASSED] - setText(findTestObject("sedekah online/input isi doa terbaik anda"), doa): Text 'Semoga Bermanfaat' is set on object 'Object Repository/sedekah online/input isi doa terbaik anda'

2023-10-05 15:46:40 - [MESSAGE][PASSED] - Text 'Semoga Bermanfaat' is set on object 'Object Repository/sedekah online/input isi doa terbaik anda'

2023-10-05 15:46:40 - [TEST_STEP][PASSED] - setText(findTestObject("sedekah online/input 2 digit terakhir nomor hp"), digitAkhir): Text '34' is set on object 'Object Repository/sedekah online/input 2 digit terakhir nomor hp'

2023-10-05 15:46:41 - [MESSAGE][PASSED] - Text '34' is set on object 'Object Repository/sedekah online/input 2 digit terakhir nomor hp'

2023-10-05 15:46:41 - [TEST_STEP][PASSED] - click(findTestObject("sedekah online/button_Sedekah Sekarang")): Object: 'Object Repository/sedekah online/button_Sedekah Sekarang' is clicked on

2023-10-05 15:46:42 - [MESSAGE][PASSED] - Object: 'Object Repository/sedekah online/button_Sedekah Sekarang' is clicked on

2023-10-05 15:46:42 - [TEST_STEP][PASSED] - webDriver = getWebDriver(): null

2023-10-05 15:46:42 - [TEST_STEP][PASSED] - field_username = webDriver.findElement(By.xpath("//input[@name="nama_lengkap"]")): null

2023-10-05 15:46:43 - [TEST_STEP][PASSED] - error_message = webDriver.executeScript("return arguments[0].validationMessage", field_username): null

2023-10-05 15:46:43 - [TEST_STEP][PASSED] - println(error_message): null

2023-10-05 15:46:43 - [TEST_STEP][FAILED] - assert error_message == "please enter an alphabet": Test Cases/T05 - Sedekah Online/TC-SO-012 FAILED.
Reason:
Assertion failed: 

assert error_message == "please enter an alphabet"
       |             |
       |             false
       Please fill out this field.

	at TC-SO-012.run(TC-SO-012:72)
	at com.kms.katalon.core.main.ScriptEngine.run(ScriptEngine.java:194)
	at com.kms.katalon.core.main.ScriptEngine.runScriptAsRawText(ScriptEngine.java:119)
	at com.kms.katalon.core.main.TestCaseExecutor.runScript(TestCaseExecutor.java:448)
	at com.kms.katalon.core.main.TestCaseExecutor.doExecute(TestCaseExecutor.java:439)
	at com.kms.katalon.core.main.TestCaseExecutor.processExecutionPhase(TestCaseExecutor.java:418)
	at com.kms.katalon.core.main.TestCaseExecutor.accessMainPhase(TestCaseExecutor.java:410)
	at com.kms.katalon.core.main.TestCaseExecutor.execute(TestCaseExecutor.java:285)
	at com.kms.katalon.core.common.CommonExecutor.accessTestCaseMainPhase(CommonExecutor.java:65)
	at com.kms.katalon.core.main.TestSuiteExecutor.accessTestSuiteMainPhase(TestSuiteExecutor.java:148)
	at com.kms.katalon.core.main.TestSuiteExecutor.execute(TestSuiteExecutor.java:106)
	at com.kms.katalon.core.main.TestCaseMain.startTestSuite(TestCaseMain.java:187)
	at com.kms.katalon.core.main.TestCaseMain$startTestSuite$0.call(Unknown Source)
	at TempTestSuite1696495265556.run(TempTestSuite1696495265556.groovy:36)


2023-10-05 15:46:43 - [MESSAGE][FAILED] - Test Cases/T05 - Sedekah Online/TC-SO-012 FAILED.
Reason:
Assertion failed: 

assert error_message == "please enter an alphabet"
       |             |
       |             false
       Please fill out this field.

	at TC-SO-012.run(TC-SO-012:72)
	at com.kms.katalon.core.main.ScriptEngine.run(ScriptEngine.java:194)
	at com.kms.katalon.core.main.ScriptEngine.runScriptAsRawText(ScriptEngine.java:119)
	at com.kms.katalon.core.main.TestCaseExecutor.runScript(TestCaseExecutor.java:448)
	at com.kms.katalon.core.main.TestCaseExecutor.doExecute(TestCaseExecutor.java:439)
	at com.kms.katalon.core.main.TestCaseExecutor.processExecutionPhase(TestCaseExecutor.java:418)
	at com.kms.katalon.core.main.TestCaseExecutor.accessMainPhase(TestCaseExecutor.java:410)
	at com.kms.katalon.core.main.TestCaseExecutor.execute(TestCaseExecutor.java:285)
	at com.kms.katalon.core.common.CommonExecutor.accessTestCaseMainPhase(CommonExecutor.java:65)
	at com.kms.katalon.core.main.TestSuiteExecutor.accessTestSuiteMainPhase(TestSuiteExecutor.java:148)
	at com.kms.katalon.core.main.TestSuiteExecutor.execute(TestSuiteExecutor.java:106)
	at com.kms.katalon.core.main.TestCaseMain.startTestSuite(TestCaseMain.java:187)
	at com.kms.katalon.core.main.TestCaseMain$startTestSuite$0.call(Unknown Source)
	at TempTestSuite1696495265556.run(TempTestSuite1696495265556.groovy:36)]]></system-out>
         <system-err><![CDATA[2023-10-05 15:46:21 - [TEST_CASE][FAILED] - Test Cases/T05 - Sedekah Online/TC-SO-012: Test Cases/T05 - Sedekah Online/TC-SO-012 FAILED.
Reason:
Assertion failed: 

assert error_message == "please enter an alphabet"
       |             |
       |             false
       Please fill out this field.

	at TC-SO-012.run(TC-SO-012:72)
	at com.kms.katalon.core.main.ScriptEngine.run(ScriptEngine.java:194)
	at com.kms.katalon.core.main.ScriptEngine.runScriptAsRawText(ScriptEngine.java:119)
	at com.kms.katalon.core.main.TestCaseExecutor.runScript(TestCaseExecutor.java:448)
	at com.kms.katalon.core.main.TestCaseExecutor.doExecute(TestCaseExecutor.java:439)
	at com.kms.katalon.core.main.TestCaseExecutor.processExecutionPhase(TestCaseExecutor.java:418)
	at com.kms.katalon.core.main.TestCaseExecutor.accessMainPhase(TestCaseExecutor.java:410)
	at com.kms.katalon.core.main.TestCaseExecutor.execute(TestCaseExecutor.java:285)
	at com.kms.katalon.core.common.CommonExecutor.accessTestCaseMainPhase(CommonExecutor.java:65)
	at com.kms.katalon.core.main.TestSuiteExecutor.accessTestSuiteMainPhase(TestSuiteExecutor.java:148)
	at com.kms.katalon.core.main.TestSuiteExecutor.execute(TestSuiteExecutor.java:106)
	at com.kms.katalon.core.main.TestCaseMain.startTestSuite(TestCaseMain.java:187)
	at com.kms.katalon.core.main.TestCaseMain$startTestSuite$0.call(Unknown Source)
	at TempTestSuite1696495265556.run(TempTestSuite1696495265556.groovy:36)]]></system-err>
      </testcase>
      <testcase name="Test Cases/T05 - Sedekah Online/TC-SO-013" time="22.648" classname="Test Cases/T05 - Sedekah Online/TC-SO-013" status="PASSED">
         <system-out><![CDATA[2023-10-05 15:46:43 - [TEST_CASE][PASSED] - Test Cases/T05 - Sedekah Online/TC-SO-013: Test Cases/T05 - Sedekah Online/TC-SO-013

2023-10-05 15:46:44 - [TEST_STEP][PASSED] - openBrowser(urlWeb): Browser is opened with url: 'https://10.9.2.63/ecommerce/'

2023-10-05 15:46:44 - [MESSAGE][WARNING] - A browser is already opened. Closing browser and opening a new one

2023-10-05 15:46:46 - [MESSAGE][INFO] - Starting 'Firefox' driver

2023-10-05 15:46:46 - [MESSAGE][INFO] - User set preference: ['args', '[window-size=1500,1000, ignore-certificate-errors, UnexpectedAlertBehaviour=ignore]']

2023-10-05 15:46:46 - [MESSAGE][INFO] - Action delay is set to 0 milliseconds

2023-10-05 15:46:53 - [MESSAGE][PASSED] - Browser is opened with url: 'https://10.9.2.63/ecommerce/'

2023-10-05 15:46:53 - [TEST_STEP][PASSED] - maximizeWindow(): Current window maximized

2023-10-05 15:46:53 - [MESSAGE][PASSED] - Current window maximized

2023-10-05 15:46:53 - [TEST_STEP][PASSED] - verifyElementPresent(findTestObject("verifikasi masuk website tajalapk"), 0): Object 'Object Repository/verifikasi masuk website tajalapk' is present

2023-10-05 15:46:53 - [MESSAGE][WARNING] - Timeout '0' is invalid. Using default page load timeout: '30'

2023-10-05 15:46:54 - [MESSAGE][PASSED] - Object 'Object Repository/verifikasi masuk website tajalapk' is present

2023-10-05 15:46:54 - [TEST_STEP][PASSED] - click(findTestObject("sedekah online/a_Donasi (di halaman utama)")): Object: 'Object Repository/sedekah online/a_Donasi (di halaman utama)' is clicked on

2023-10-05 15:46:54 - [MESSAGE][PASSED] - Object: 'Object Repository/sedekah online/a_Donasi (di halaman utama)' is clicked on

2023-10-05 15:46:54 - [TEST_STEP][PASSED] - verifyElementClickable(findTestObject("sedekah online/a_Sedekah Online"), STOP_ON_FAILURE): Object 'Object Repository/sedekah online/a_Sedekah Online' is clickable

2023-10-05 15:46:55 - [MESSAGE][PASSED] - Object 'Object Repository/sedekah online/a_Sedekah Online' is clickable

2023-10-05 15:46:55 - [TEST_STEP][PASSED] - click(findTestObject("sedekah online/a_Sedekah Online")): Object: 'Object Repository/sedekah online/a_Sedekah Online' is clicked on

2023-10-05 15:46:56 - [MESSAGE][PASSED] - Object: 'Object Repository/sedekah online/a_Sedekah Online' is clicked on

2023-10-05 15:46:56 - [TEST_STEP][PASSED] - verifyElementPresent(findTestObject("sedekah online/verifikasi halaman sedekah Online"), 0): Object 'Object Repository/sedekah online/verifikasi halaman sedekah Online' is present

2023-10-05 15:46:56 - [MESSAGE][WARNING] - Timeout '0' is invalid. Using default page load timeout: '30'

2023-10-05 15:46:56 - [MESSAGE][PASSED] - Object 'Object Repository/sedekah online/verifikasi halaman sedekah Online' is present

2023-10-05 15:46:56 - [TEST_STEP][PASSED] - setText(findTestObject("sedekah online/input_Sedekah"), NominalSedekah): Text '25000' is set on object 'Object Repository/sedekah online/input_Sedekah'

2023-10-05 15:46:57 - [MESSAGE][PASSED] - Text '25000' is set on object 'Object Repository/sedekah online/input_Sedekah'

2023-10-05 15:46:57 - [TEST_STEP][PASSED] - setText(findTestObject("sedekah online/input_Nama lengkap (di sedekah online)"), namaLengkap): Text 'ikana' is set on object 'Object Repository/sedekah online/input_Nama lengkap (di sedekah online)'

2023-10-05 15:46:58 - [MESSAGE][PASSED] - Text 'ikana' is set on object 'Object Repository/sedekah online/input_Nama lengkap (di sedekah online)'

2023-10-05 15:46:58 - [TEST_STEP][PASSED] - setText(findTestObject("sedekah online/input_No Handphone (di sedekah online)"), noHp): Text '08.75,=2!234' is set on object 'Object Repository/sedekah online/input_No Handphone (di sedekah online)'

2023-10-05 15:46:59 - [MESSAGE][PASSED] - Text '08.75,=2!234' is set on object 'Object Repository/sedekah online/input_No Handphone (di sedekah online)'

2023-10-05 15:46:59 - [TEST_STEP][PASSED] - setText(findTestObject("sedekah online/input_Alamat Email (di sedekah online)"), email): Text 'anata71@gmail.com' is set on object 'Object Repository/sedekah online/input_Alamat Email (di sedekah online)'

2023-10-05 15:47:00 - [MESSAGE][PASSED] - Text 'anata71@gmail.com' is set on object 'Object Repository/sedekah online/input_Alamat Email (di sedekah online)'

2023-10-05 15:47:00 - [TEST_STEP][PASSED] - selectOptionByValue(findTestObject("Object Repository/sedekah online/dropdown metode pembayaraan"), pembayaran, false): All options with value '1' are selected in object 'Object Repository/sedekah online/dropdown metode pembayaraan' 

2023-10-05 15:47:02 - [MESSAGE][PASSED] - All options with value '1' are selected in object 'Object Repository/sedekah online/dropdown metode pembayaraan' 

2023-10-05 15:47:02 - [TEST_STEP][PASSED] - selectOptionByValue(findTestObject("Object Repository/sedekah online/sedekah ditunjukan untuk keluarga"), sedekahUntuk, false): All options with value 'Orang Tua' are selected in object 'Object Repository/sedekah online/sedekah ditunjukan untuk keluarga' 

2023-10-05 15:47:02 - [MESSAGE][PASSED] - All options with value 'Orang Tua' are selected in object 'Object Repository/sedekah online/sedekah ditunjukan untuk keluarga' 

2023-10-05 15:47:02 - [TEST_STEP][PASSED] - setText(findTestObject("sedekah online/input isi doa terbaik anda"), doa): Text 'semoga bermanfaat' is set on object 'Object Repository/sedekah online/input isi doa terbaik anda'

2023-10-05 15:47:04 - [MESSAGE][PASSED] - Text 'semoga bermanfaat' is set on object 'Object Repository/sedekah online/input isi doa terbaik anda'

2023-10-05 15:47:04 - [TEST_STEP][PASSED] - setText(findTestObject("sedekah online/input 2 digit terakhir nomor hp"), digitAkhir): Text '34' is set on object 'Object Repository/sedekah online/input 2 digit terakhir nomor hp'

2023-10-05 15:47:05 - [MESSAGE][PASSED] - Text '34' is set on object 'Object Repository/sedekah online/input 2 digit terakhir nomor hp'

2023-10-05 15:47:05 - [TEST_STEP][PASSED] - click(findTestObject("sedekah online/button_Sedekah Sekarang")): Object: 'Object Repository/sedekah online/button_Sedekah Sekarang' is clicked on

2023-10-05 15:47:06 - [MESSAGE][PASSED] - Object: 'Object Repository/sedekah online/button_Sedekah Sekarang' is clicked on

2023-10-05 15:47:06 - [TEST_STEP][PASSED] - webDriver = getWebDriver(): null

2023-10-05 15:47:06 - [TEST_STEP][PASSED] - field_no = webDriver.findElement(By.xpath("//input[@name="no_handphone"]")): null

2023-10-05 15:47:06 - [TEST_STEP][PASSED] - error_message = webDriver.executeScript("return arguments[0].validationMessage", field_no): null

2023-10-05 15:47:06 - [TEST_STEP][PASSED] - println(error_message): null

2023-10-05 15:47:06 - [TEST_STEP][PASSED] - assert error_message == "Please enter a number.": null]]></system-out>
         <system-err><![CDATA[]]></system-err>
      </testcase>
      <testcase name="Test Cases/T05 - Sedekah Online/TC-SO-014" time="24.548" classname="Test Cases/T05 - Sedekah Online/TC-SO-014" status="FAILED">
         <failure type="FAILED" message="Test Cases/T05 - Sedekah Online/TC-SO-014 FAILED.
Reason:
Assertion failed: 

assert error_message == &quot;Please fill out this field.&quot;
       |             |
       &quot;&quot;            false

	at TC-SO-014.run(TC-SO-014:68)
	at com.kms.katalon.core.main.ScriptEngine.run(ScriptEngine.java:194)
	at com.kms.katalon.core.main.ScriptEngine.runScriptAsRawText(ScriptEngine.java:119)
	at com.kms.katalon.core.main.TestCaseExecutor.runScript(TestCaseExecutor.java:448)
	at com.kms.katalon.core.main.TestCaseExecutor.doExecute(TestCaseExecutor.java:439)
	at com.kms.katalon.core.main.TestCaseExecutor.processExecutionPhase(TestCaseExecutor.java:418)
	at com.kms.katalon.core.main.TestCaseExecutor.accessMainPhase(TestCaseExecutor.java:410)
	at com.kms.katalon.core.main.TestCaseExecutor.execute(TestCaseExecutor.java:285)
	at com.kms.katalon.core.common.CommonExecutor.accessTestCaseMainPhase(CommonExecutor.java:65)
	at com.kms.katalon.core.main.TestSuiteExecutor.accessTestSuiteMainPhase(TestSuiteExecutor.java:148)
	at com.kms.katalon.core.main.TestSuiteExecutor.execute(TestSuiteExecutor.java:106)
	at com.kms.katalon.core.main.TestCaseMain.startTestSuite(TestCaseMain.java:187)
	at com.kms.katalon.core.main.TestCaseMain$startTestSuite$0.call(Unknown Source)
	at TempTestSuite1696495265556.run(TempTestSuite1696495265556.groovy:36)
"/>
         <system-out><![CDATA[2023-10-05 15:47:06 - [TEST_CASE][FAILED] - Test Cases/T05 - Sedekah Online/TC-SO-014: Test Cases/T05 - Sedekah Online/TC-SO-014 FAILED.
Reason:
Assertion failed: 

assert error_message == "Please fill out this field."
       |             |
       ""            false

	at TC-SO-014.run(TC-SO-014:68)
	at com.kms.katalon.core.main.ScriptEngine.run(ScriptEngine.java:194)
	at com.kms.katalon.core.main.ScriptEngine.runScriptAsRawText(ScriptEngine.java:119)
	at com.kms.katalon.core.main.TestCaseExecutor.runScript(TestCaseExecutor.java:448)
	at com.kms.katalon.core.main.TestCaseExecutor.doExecute(TestCaseExecutor.java:439)
	at com.kms.katalon.core.main.TestCaseExecutor.processExecutionPhase(TestCaseExecutor.java:418)
	at com.kms.katalon.core.main.TestCaseExecutor.accessMainPhase(TestCaseExecutor.java:410)
	at com.kms.katalon.core.main.TestCaseExecutor.execute(TestCaseExecutor.java:285)
	at com.kms.katalon.core.common.CommonExecutor.accessTestCaseMainPhase(CommonExecutor.java:65)
	at com.kms.katalon.core.main.TestSuiteExecutor.accessTestSuiteMainPhase(TestSuiteExecutor.java:148)
	at com.kms.katalon.core.main.TestSuiteExecutor.execute(TestSuiteExecutor.java:106)
	at com.kms.katalon.core.main.TestCaseMain.startTestSuite(TestCaseMain.java:187)
	at com.kms.katalon.core.main.TestCaseMain$startTestSuite$0.call(Unknown Source)
	at TempTestSuite1696495265556.run(TempTestSuite1696495265556.groovy:36)


2023-10-05 15:47:07 - [TEST_STEP][PASSED] - openBrowser(urlWeb): Browser is opened with url: 'https://10.9.2.63/ecommerce/'

2023-10-05 15:47:07 - [MESSAGE][WARNING] - A browser is already opened. Closing browser and opening a new one

2023-10-05 15:47:09 - [MESSAGE][INFO] - Starting 'Firefox' driver

2023-10-05 15:47:09 - [MESSAGE][INFO] - User set preference: ['args', '[window-size=1500,1000, ignore-certificate-errors, UnexpectedAlertBehaviour=ignore]']

2023-10-05 15:47:09 - [MESSAGE][INFO] - Action delay is set to 0 milliseconds

2023-10-05 15:47:18 - [MESSAGE][PASSED] - Browser is opened with url: 'https://10.9.2.63/ecommerce/'

2023-10-05 15:47:18 - [TEST_STEP][PASSED] - maximizeWindow(): Current window maximized

2023-10-05 15:47:18 - [MESSAGE][PASSED] - Current window maximized

2023-10-05 15:47:18 - [TEST_STEP][PASSED] - verifyElementPresent(findTestObject("verifikasi masuk website tajalapk"), 0): Object 'Object Repository/verifikasi masuk website tajalapk' is present

2023-10-05 15:47:18 - [MESSAGE][WARNING] - Timeout '0' is invalid. Using default page load timeout: '30'

2023-10-05 15:47:18 - [MESSAGE][PASSED] - Object 'Object Repository/verifikasi masuk website tajalapk' is present

2023-10-05 15:47:18 - [TEST_STEP][PASSED] - click(findTestObject("sedekah online/a_Donasi (di halaman utama)")): Object: 'Object Repository/sedekah online/a_Donasi (di halaman utama)' is clicked on

2023-10-05 15:47:19 - [MESSAGE][PASSED] - Object: 'Object Repository/sedekah online/a_Donasi (di halaman utama)' is clicked on

2023-10-05 15:47:19 - [TEST_STEP][PASSED] - verifyElementClickable(findTestObject("sedekah online/a_Sedekah Online"), STOP_ON_FAILURE): Object 'Object Repository/sedekah online/a_Sedekah Online' is clickable

2023-10-05 15:47:19 - [MESSAGE][PASSED] - Object 'Object Repository/sedekah online/a_Sedekah Online' is clickable

2023-10-05 15:47:19 - [TEST_STEP][PASSED] - click(findTestObject("sedekah online/a_Sedekah Online")): Object: 'Object Repository/sedekah online/a_Sedekah Online' is clicked on

2023-10-05 15:47:20 - [MESSAGE][PASSED] - Object: 'Object Repository/sedekah online/a_Sedekah Online' is clicked on

2023-10-05 15:47:20 - [TEST_STEP][PASSED] - verifyElementPresent(findTestObject("sedekah online/verifikasi halaman sedekah Online"), 0): Object 'Object Repository/sedekah online/verifikasi halaman sedekah Online' is present

2023-10-05 15:47:20 - [MESSAGE][WARNING] - Timeout '0' is invalid. Using default page load timeout: '30'

2023-10-05 15:47:21 - [MESSAGE][PASSED] - Object 'Object Repository/sedekah online/verifikasi halaman sedekah Online' is present

2023-10-05 15:47:21 - [TEST_STEP][PASSED] - setText(findTestObject("sedekah online/input_Sedekah"), NominalSedekah): Text '25000' is set on object 'Object Repository/sedekah online/input_Sedekah'

2023-10-05 15:47:21 - [MESSAGE][PASSED] - Text '25000' is set on object 'Object Repository/sedekah online/input_Sedekah'

2023-10-05 15:47:21 - [TEST_STEP][PASSED] - setText(findTestObject("sedekah online/input_Nama lengkap (di sedekah online)"), namaLengkap): Text 'ikana' is set on object 'Object Repository/sedekah online/input_Nama lengkap (di sedekah online)'

2023-10-05 15:47:22 - [MESSAGE][PASSED] - Text 'ikana' is set on object 'Object Repository/sedekah online/input_Nama lengkap (di sedekah online)'

2023-10-05 15:47:22 - [TEST_STEP][PASSED] - setText(findTestObject("sedekah online/input_No Handphone (di sedekah online)"), noHp): Text '086754321234' is set on object 'Object Repository/sedekah online/input_No Handphone (di sedekah online)'

2023-10-05 15:47:24 - [MESSAGE][PASSED] - Text '086754321234' is set on object 'Object Repository/sedekah online/input_No Handphone (di sedekah online)'

2023-10-05 15:47:24 - [TEST_STEP][PASSED] - setText(findTestObject("sedekah online/input_Alamat Email (di sedekah online)"), email): Text 'anata71@gmail.com' is set on object 'Object Repository/sedekah online/input_Alamat Email (di sedekah online)'

2023-10-05 15:47:24 - [MESSAGE][PASSED] - Text 'anata71@gmail.com' is set on object 'Object Repository/sedekah online/input_Alamat Email (di sedekah online)'

2023-10-05 15:47:24 - [TEST_STEP][PASSED] - selectOptionByValue(findTestObject("Object Repository/sedekah online/dropdown metode pembayaraan"), pembayaran, false): All options with value '1' are selected in object 'Object Repository/sedekah online/dropdown metode pembayaraan' 

2023-10-05 15:47:26 - [MESSAGE][PASSED] - All options with value '1' are selected in object 'Object Repository/sedekah online/dropdown metode pembayaraan' 

2023-10-05 15:47:26 - [TEST_STEP][PASSED] - selectOptionByValue(findTestObject("Object Repository/sedekah online/sedekah ditunjukan untuk keluarga"), sedekahUntuk, false): All options with value 'Orang Tua' are selected in object 'Object Repository/sedekah online/sedekah ditunjukan untuk keluarga' 

2023-10-05 15:47:26 - [MESSAGE][PASSED] - All options with value 'Orang Tua' are selected in object 'Object Repository/sedekah online/sedekah ditunjukan untuk keluarga' 

2023-10-05 15:47:26 - [TEST_STEP][PASSED] - setText(findTestObject("sedekah online/input isi doa terbaik anda"), doa): Text '' is set on object 'Object Repository/sedekah online/input isi doa terbaik anda'

2023-10-05 15:47:28 - [MESSAGE][PASSED] - Text '' is set on object 'Object Repository/sedekah online/input isi doa terbaik anda'

2023-10-05 15:47:28 - [TEST_STEP][PASSED] - setText(findTestObject("sedekah online/input 2 digit terakhir nomor hp"), digitAkhir): Text '34' is set on object 'Object Repository/sedekah online/input 2 digit terakhir nomor hp'

2023-10-05 15:47:29 - [MESSAGE][PASSED] - Text '34' is set on object 'Object Repository/sedekah online/input 2 digit terakhir nomor hp'

2023-10-05 15:47:29 - [TEST_STEP][PASSED] - click(findTestObject("sedekah online/button_Sedekah Sekarang")): Object: 'Object Repository/sedekah online/button_Sedekah Sekarang' is clicked on

2023-10-05 15:47:30 - [MESSAGE][PASSED] - Object: 'Object Repository/sedekah online/button_Sedekah Sekarang' is clicked on

2023-10-05 15:47:30 - [TEST_STEP][PASSED] - webDriver = getWebDriver(): null

2023-10-05 15:47:30 - [TEST_STEP][PASSED] - field_doa = webDriver.findElement(By.xpath("//textarea[@name="doa_terbaik"]")): null

2023-10-05 15:47:30 - [TEST_STEP][PASSED] - error_message = webDriver.executeScript("return arguments[0].validationMessage", field_doa): null

2023-10-05 15:47:30 - [TEST_STEP][PASSED] - println(error_message): null

2023-10-05 15:47:30 - [TEST_STEP][FAILED] - assert error_message == "Please fill out this field.": Test Cases/T05 - Sedekah Online/TC-SO-014 FAILED.
Reason:
Assertion failed: 

assert error_message == "Please fill out this field."
       |             |
       ""            false

	at TC-SO-014.run(TC-SO-014:68)
	at com.kms.katalon.core.main.ScriptEngine.run(ScriptEngine.java:194)
	at com.kms.katalon.core.main.ScriptEngine.runScriptAsRawText(ScriptEngine.java:119)
	at com.kms.katalon.core.main.TestCaseExecutor.runScript(TestCaseExecutor.java:448)
	at com.kms.katalon.core.main.TestCaseExecutor.doExecute(TestCaseExecutor.java:439)
	at com.kms.katalon.core.main.TestCaseExecutor.processExecutionPhase(TestCaseExecutor.java:418)
	at com.kms.katalon.core.main.TestCaseExecutor.accessMainPhase(TestCaseExecutor.java:410)
	at com.kms.katalon.core.main.TestCaseExecutor.execute(TestCaseExecutor.java:285)
	at com.kms.katalon.core.common.CommonExecutor.accessTestCaseMainPhase(CommonExecutor.java:65)
	at com.kms.katalon.core.main.TestSuiteExecutor.accessTestSuiteMainPhase(TestSuiteExecutor.java:148)
	at com.kms.katalon.core.main.TestSuiteExecutor.execute(TestSuiteExecutor.java:106)
	at com.kms.katalon.core.main.TestCaseMain.startTestSuite(TestCaseMain.java:187)
	at com.kms.katalon.core.main.TestCaseMain$startTestSuite$0.call(Unknown Source)
	at TempTestSuite1696495265556.run(TempTestSuite1696495265556.groovy:36)


2023-10-05 15:47:30 - [MESSAGE][FAILED] - Test Cases/T05 - Sedekah Online/TC-SO-014 FAILED.
Reason:
Assertion failed: 

assert error_message == "Please fill out this field."
       |             |
       ""            false

	at TC-SO-014.run(TC-SO-014:68)
	at com.kms.katalon.core.main.ScriptEngine.run(ScriptEngine.java:194)
	at com.kms.katalon.core.main.ScriptEngine.runScriptAsRawText(ScriptEngine.java:119)
	at com.kms.katalon.core.main.TestCaseExecutor.runScript(TestCaseExecutor.java:448)
	at com.kms.katalon.core.main.TestCaseExecutor.doExecute(TestCaseExecutor.java:439)
	at com.kms.katalon.core.main.TestCaseExecutor.processExecutionPhase(TestCaseExecutor.java:418)
	at com.kms.katalon.core.main.TestCaseExecutor.accessMainPhase(TestCaseExecutor.java:410)
	at com.kms.katalon.core.main.TestCaseExecutor.execute(TestCaseExecutor.java:285)
	at com.kms.katalon.core.common.CommonExecutor.accessTestCaseMainPhase(CommonExecutor.java:65)
	at com.kms.katalon.core.main.TestSuiteExecutor.accessTestSuiteMainPhase(TestSuiteExecutor.java:148)
	at com.kms.katalon.core.main.TestSuiteExecutor.execute(TestSuiteExecutor.java:106)
	at com.kms.katalon.core.main.TestCaseMain.startTestSuite(TestCaseMain.java:187)
	at com.kms.katalon.core.main.TestCaseMain$startTestSuite$0.call(Unknown Source)
	at TempTestSuite1696495265556.run(TempTestSuite1696495265556.groovy:36)]]></system-out>
         <system-err><![CDATA[2023-10-05 15:47:06 - [TEST_CASE][FAILED] - Test Cases/T05 - Sedekah Online/TC-SO-014: Test Cases/T05 - Sedekah Online/TC-SO-014 FAILED.
Reason:
Assertion failed: 

assert error_message == "Please fill out this field."
       |             |
       ""            false

	at TC-SO-014.run(TC-SO-014:68)
	at com.kms.katalon.core.main.ScriptEngine.run(ScriptEngine.java:194)
	at com.kms.katalon.core.main.ScriptEngine.runScriptAsRawText(ScriptEngine.java:119)
	at com.kms.katalon.core.main.TestCaseExecutor.runScript(TestCaseExecutor.java:448)
	at com.kms.katalon.core.main.TestCaseExecutor.doExecute(TestCaseExecutor.java:439)
	at com.kms.katalon.core.main.TestCaseExecutor.processExecutionPhase(TestCaseExecutor.java:418)
	at com.kms.katalon.core.main.TestCaseExecutor.accessMainPhase(TestCaseExecutor.java:410)
	at com.kms.katalon.core.main.TestCaseExecutor.execute(TestCaseExecutor.java:285)
	at com.kms.katalon.core.common.CommonExecutor.accessTestCaseMainPhase(CommonExecutor.java:65)
	at com.kms.katalon.core.main.TestSuiteExecutor.accessTestSuiteMainPhase(TestSuiteExecutor.java:148)
	at com.kms.katalon.core.main.TestSuiteExecutor.execute(TestSuiteExecutor.java:106)
	at com.kms.katalon.core.main.TestCaseMain.startTestSuite(TestCaseMain.java:187)
	at com.kms.katalon.core.main.TestCaseMain$startTestSuite$0.call(Unknown Source)
	at TempTestSuite1696495265556.run(TempTestSuite1696495265556.groovy:36)]]></system-err>
      </testcase>
      <testcase name="Test Cases/T05 - Sedekah Online/TC-SO-015" time="22.606" classname="Test Cases/T05 - Sedekah Online/TC-SO-015" status="PASSED">
         <system-out><![CDATA[2023-10-05 15:47:30 - [TEST_CASE][PASSED] - Test Cases/T05 - Sedekah Online/TC-SO-015: Test Cases/T05 - Sedekah Online/TC-SO-015

2023-10-05 15:47:32 - [TEST_STEP][PASSED] - openBrowser(urlWeb): Browser is opened with url: 'https://10.9.2.63/ecommerce/'

2023-10-05 15:47:32 - [MESSAGE][WARNING] - A browser is already opened. Closing browser and opening a new one

2023-10-05 15:47:34 - [MESSAGE][INFO] - Starting 'Firefox' driver

2023-10-05 15:47:34 - [MESSAGE][INFO] - User set preference: ['args', '[window-size=1500,1000, ignore-certificate-errors, UnexpectedAlertBehaviour=ignore]']

2023-10-05 15:47:34 - [MESSAGE][INFO] - Action delay is set to 0 milliseconds

2023-10-05 15:47:41 - [MESSAGE][PASSED] - Browser is opened with url: 'https://10.9.2.63/ecommerce/'

2023-10-05 15:47:41 - [TEST_STEP][PASSED] - maximizeWindow(): Current window maximized

2023-10-05 15:47:41 - [MESSAGE][PASSED] - Current window maximized

2023-10-05 15:47:41 - [TEST_STEP][PASSED] - verifyElementPresent(findTestObject("verifikasi masuk website tajalapk"), 0): Object 'Object Repository/verifikasi masuk website tajalapk' is present

2023-10-05 15:47:41 - [MESSAGE][WARNING] - Timeout '0' is invalid. Using default page load timeout: '30'

2023-10-05 15:47:42 - [MESSAGE][PASSED] - Object 'Object Repository/verifikasi masuk website tajalapk' is present

2023-10-05 15:47:42 - [TEST_STEP][PASSED] - click(findTestObject("sedekah online/a_Donasi (di halaman utama)")): Object: 'Object Repository/sedekah online/a_Donasi (di halaman utama)' is clicked on

2023-10-05 15:47:42 - [MESSAGE][PASSED] - Object: 'Object Repository/sedekah online/a_Donasi (di halaman utama)' is clicked on

2023-10-05 15:47:42 - [TEST_STEP][PASSED] - click(findTestObject("sedekah online/a_Sedekah Online")): Object: 'Object Repository/sedekah online/a_Sedekah Online' is clicked on

2023-10-05 15:47:43 - [MESSAGE][PASSED] - Object: 'Object Repository/sedekah online/a_Sedekah Online' is clicked on

2023-10-05 15:47:43 - [TEST_STEP][PASSED] - verifyElementPresent(findTestObject("sedekah online/verifikasi halaman sedekah Online"), 0): Object 'Object Repository/sedekah online/verifikasi halaman sedekah Online' is present

2023-10-05 15:47:43 - [MESSAGE][WARNING] - Timeout '0' is invalid. Using default page load timeout: '30'

2023-10-05 15:47:44 - [MESSAGE][PASSED] - Object 'Object Repository/sedekah online/verifikasi halaman sedekah Online' is present

2023-10-05 15:47:44 - [TEST_STEP][PASSED] - setText(findTestObject("sedekah online/input_Sedekah"), NominalSedekah): Text '2so0@' is set on object 'Object Repository/sedekah online/input_Sedekah'

2023-10-05 15:47:45 - [MESSAGE][PASSED] - Text '2so0@' is set on object 'Object Repository/sedekah online/input_Sedekah'

2023-10-05 15:47:45 - [TEST_STEP][PASSED] - setText(findTestObject("sedekah online/input_Nama lengkap (di sedekah online)"), namaLengkap): Text 'ikana71@gmail.com' is set on object 'Object Repository/sedekah online/input_Nama lengkap (di sedekah online)'

2023-10-05 15:47:46 - [MESSAGE][PASSED] - Text 'ikana71@gmail.com' is set on object 'Object Repository/sedekah online/input_Nama lengkap (di sedekah online)'

2023-10-05 15:47:46 - [TEST_STEP][PASSED] - setText(findTestObject("sedekah online/input_No Handphone (di sedekah online)"), noHp): Text '086754321234' is set on object 'Object Repository/sedekah online/input_No Handphone (di sedekah online)'

2023-10-05 15:47:47 - [MESSAGE][PASSED] - Text '086754321234' is set on object 'Object Repository/sedekah online/input_No Handphone (di sedekah online)'

2023-10-05 15:47:47 - [TEST_STEP][PASSED] - setText(findTestObject("sedekah online/input_Alamat Email (di sedekah online)"), email): Text 'anata71' is set on object 'Object Repository/sedekah online/input_Alamat Email (di sedekah online)'

2023-10-05 15:47:48 - [MESSAGE][PASSED] - Text 'anata71' is set on object 'Object Repository/sedekah online/input_Alamat Email (di sedekah online)'

2023-10-05 15:47:48 - [TEST_STEP][PASSED] - selectOptionByValue(findTestObject("Object Repository/sedekah online/dropdown metode pembayaraan"), pembayaran, false): All options with value '1' are selected in object 'Object Repository/sedekah online/dropdown metode pembayaraan' 

2023-10-05 15:47:49 - [MESSAGE][PASSED] - All options with value '1' are selected in object 'Object Repository/sedekah online/dropdown metode pembayaraan' 

2023-10-05 15:47:49 - [TEST_STEP][PASSED] - selectOptionByValue(findTestObject("Object Repository/sedekah online/sedekah ditunjukan untuk keluarga"), sedekahUntuk, false): All options with value 'Orang Tua' are selected in object 'Object Repository/sedekah online/sedekah ditunjukan untuk keluarga' 

2023-10-05 15:47:50 - [MESSAGE][PASSED] - All options with value 'Orang Tua' are selected in object 'Object Repository/sedekah online/sedekah ditunjukan untuk keluarga' 

2023-10-05 15:47:50 - [TEST_STEP][PASSED] - setText(findTestObject("sedekah online/input isi doa terbaik anda"), doa): Text 'Semoga Bermanfaat' is set on object 'Object Repository/sedekah online/input isi doa terbaik anda'

2023-10-05 15:47:51 - [MESSAGE][PASSED] - Text 'Semoga Bermanfaat' is set on object 'Object Repository/sedekah online/input isi doa terbaik anda'

2023-10-05 15:47:51 - [TEST_STEP][PASSED] - setText(findTestObject("sedekah online/input 2 digit terakhir nomor hp"), digitAkhir): Text '34' is set on object 'Object Repository/sedekah online/input 2 digit terakhir nomor hp'

2023-10-05 15:47:52 - [MESSAGE][PASSED] - Text '34' is set on object 'Object Repository/sedekah online/input 2 digit terakhir nomor hp'

2023-10-05 15:47:52 - [TEST_STEP][PASSED] - click(findTestObject("sedekah online/button_Sedekah Sekarang")): Object: 'Object Repository/sedekah online/button_Sedekah Sekarang' is clicked on

2023-10-05 15:47:53 - [MESSAGE][PASSED] - Object: 'Object Repository/sedekah online/button_Sedekah Sekarang' is clicked on

2023-10-05 15:47:53 - [TEST_STEP][PASSED] - webDriver = getWebDriver(): null

2023-10-05 15:47:53 - [TEST_STEP][PASSED] - field_email = webDriver.findElement(By.xpath("//input[@name="nominal"]")): null

2023-10-05 15:47:53 - [TEST_STEP][PASSED] - error_message = webDriver.executeScript("return arguments[0].validationMessage", field_email): null

2023-10-05 15:47:53 - [TEST_STEP][PASSED] - println(error_message): null

2023-10-05 15:47:53 - [TEST_STEP][PASSED] - assert error_message == "Please enter a number.": null]]></system-out>
         <system-err><![CDATA[]]></system-err>
      </testcase>
      <testcase name="Test Cases/T05 - Sedekah Online/TC-SO-016" time="29.224" classname="Test Cases/T05 - Sedekah Online/TC-SO-016" status="FAILED">
         <failure type="FAILED" message="Test Cases/T05 - Sedekah Online/TC-SO-016 FAILED.
Reason:
com.kms.katalon.core.exception.StepFailedException: Unable to verify text 'Sukses Proses Bersedekah, kami akan segera menghubungi anda! Terima kasih' is present 
	at com.kms.katalon.core.webui.keyword.internal.WebUIKeywordMain.stepFailed(WebUIKeywordMain.groovy:64)
	at com.kms.katalon.core.webui.keyword.internal.WebUIKeywordMain.runKeyword(WebUIKeywordMain.groovy:26)
	at com.kms.katalon.core.webui.keyword.builtin.VerifyTextPresentKeyword.verifyTextPresent(VerifyTextPresentKeyword.groovy:83)
	at com.kms.katalon.core.webui.keyword.builtin.VerifyTextPresentKeyword.execute(VerifyTextPresentKeyword.groovy:68)
	at com.kms.katalon.core.keyword.internal.KeywordExecutor.executeKeywordForPlatform(KeywordExecutor.groovy:74)
	at com.kms.katalon.core.webui.keyword.WebUiBuiltInKeywords.verifyTextPresent(WebUiBuiltInKeywords.groovy:1723)
	at com.kms.katalon.core.webui.keyword.WebUiBuiltInKeywords$verifyTextPresent$8.call(Unknown Source)
	at TC-SO-016.run(TC-SO-016:51)
	at com.kms.katalon.core.main.ScriptEngine.run(ScriptEngine.java:194)
	at com.kms.katalon.core.main.ScriptEngine.runScriptAsRawText(ScriptEngine.java:119)
	at com.kms.katalon.core.main.TestCaseExecutor.runScript(TestCaseExecutor.java:448)
	at com.kms.katalon.core.main.TestCaseExecutor.doExecute(TestCaseExecutor.java:439)
	at com.kms.katalon.core.main.TestCaseExecutor.processExecutionPhase(TestCaseExecutor.java:418)
	at com.kms.katalon.core.main.TestCaseExecutor.accessMainPhase(TestCaseExecutor.java:410)
	at com.kms.katalon.core.main.TestCaseExecutor.execute(TestCaseExecutor.java:285)
	at com.kms.katalon.core.common.CommonExecutor.accessTestCaseMainPhase(CommonExecutor.java:65)
	at com.kms.katalon.core.main.TestSuiteExecutor.accessTestSuiteMainPhase(TestSuiteExecutor.java:148)
	at com.kms.katalon.core.main.TestSuiteExecutor.execute(TestSuiteExecutor.java:106)
	at com.kms.katalon.core.main.TestCaseMain.startTestSuite(TestCaseMain.java:187)
	at com.kms.katalon.core.main.TestCaseMain$startTestSuite$0.call(Unknown Source)
	at TempTestSuite1696495265556.run(TempTestSuite1696495265556.groovy:36)
Caused by: com.kms.katalon.core.exception.StepFailedException: Text 'Sukses Proses Bersedekah, kami akan segera menghubungi anda! Terima kasih' is not present on page 
	at com.kms.katalon.core.webui.keyword.internal.WebUIKeywordMain.stepFailed(WebUIKeywordMain.groovy:64)
	at com.kms.katalon.core.webui.keyword.builtin.VerifyTextPresentKeyword$_verifyTextPresent_closure1.doCall(VerifyTextPresentKeyword.groovy:79)
	at com.kms.katalon.core.webui.keyword.builtin.VerifyTextPresentKeyword$_verifyTextPresent_closure1.call(VerifyTextPresentKeyword.groovy)
	at com.kms.katalon.core.webui.keyword.internal.WebUIKeywordMain.runKeyword(WebUIKeywordMain.groovy:20)
	... 19 more
"/>
         <system-out><![CDATA[2023-10-05 15:47:53 - [TEST_CASE][FAILED] - Test Cases/T05 - Sedekah Online/TC-SO-016: Test Cases/T05 - Sedekah Online/TC-SO-016 FAILED.
Reason:
com.kms.katalon.core.exception.StepFailedException: Unable to verify text 'Sukses Proses Bersedekah, kami akan segera menghubungi anda! Terima kasih' is present 
	at com.kms.katalon.core.webui.keyword.internal.WebUIKeywordMain.stepFailed(WebUIKeywordMain.groovy:64)
	at com.kms.katalon.core.webui.keyword.internal.WebUIKeywordMain.runKeyword(WebUIKeywordMain.groovy:26)
	at com.kms.katalon.core.webui.keyword.builtin.VerifyTextPresentKeyword.verifyTextPresent(VerifyTextPresentKeyword.groovy:83)
	at com.kms.katalon.core.webui.keyword.builtin.VerifyTextPresentKeyword.execute(VerifyTextPresentKeyword.groovy:68)
	at com.kms.katalon.core.keyword.internal.KeywordExecutor.executeKeywordForPlatform(KeywordExecutor.groovy:74)
	at com.kms.katalon.core.webui.keyword.WebUiBuiltInKeywords.verifyTextPresent(WebUiBuiltInKeywords.groovy:1723)
	at com.kms.katalon.core.webui.keyword.WebUiBuiltInKeywords$verifyTextPresent$8.call(Unknown Source)
	at TC-SO-016.run(TC-SO-016:51)
	at com.kms.katalon.core.main.ScriptEngine.run(ScriptEngine.java:194)
	at com.kms.katalon.core.main.ScriptEngine.runScriptAsRawText(ScriptEngine.java:119)
	at com.kms.katalon.core.main.TestCaseExecutor.runScript(TestCaseExecutor.java:448)
	at com.kms.katalon.core.main.TestCaseExecutor.doExecute(TestCaseExecutor.java:439)
	at com.kms.katalon.core.main.TestCaseExecutor.processExecutionPhase(TestCaseExecutor.java:418)
	at com.kms.katalon.core.main.TestCaseExecutor.accessMainPhase(TestCaseExecutor.java:410)
	at com.kms.katalon.core.main.TestCaseExecutor.execute(TestCaseExecutor.java:285)
	at com.kms.katalon.core.common.CommonExecutor.accessTestCaseMainPhase(CommonExecutor.java:65)
	at com.kms.katalon.core.main.TestSuiteExecutor.accessTestSuiteMainPhase(TestSuiteExecutor.java:148)
	at com.kms.katalon.core.main.TestSuiteExecutor.execute(TestSuiteExecutor.java:106)
	at com.kms.katalon.core.main.TestCaseMain.startTestSuite(TestCaseMain.java:187)
	at com.kms.katalon.core.main.TestCaseMain$startTestSuite$0.call(Unknown Source)
	at TempTestSuite1696495265556.run(TempTestSuite1696495265556.groovy:36)
Caused by: com.kms.katalon.core.exception.StepFailedException: Text 'Sukses Proses Bersedekah, kami akan segera menghubungi anda! Terima kasih' is not present on page 
	at com.kms.katalon.core.webui.keyword.internal.WebUIKeywordMain.stepFailed(WebUIKeywordMain.groovy:64)
	at com.kms.katalon.core.webui.keyword.builtin.VerifyTextPresentKeyword$_verifyTextPresent_closure1.doCall(VerifyTextPresentKeyword.groovy:79)
	at com.kms.katalon.core.webui.keyword.builtin.VerifyTextPresentKeyword$_verifyTextPresent_closure1.call(VerifyTextPresentKeyword.groovy)
	at com.kms.katalon.core.webui.keyword.internal.WebUIKeywordMain.runKeyword(WebUIKeywordMain.groovy:20)
	... 19 more


2023-10-05 15:47:54 - [TEST_STEP][PASSED] - callTestCase(findTestCase("T05 - Sedekah Online/TC-LS-001"), [:], STOP_ON_FAILURE): Call Test Case 'Test Cases/T05 - Sedekah Online/TC-LS-001' successfully

2023-10-05 15:47:54 - [TEST_CASE][PASSED] - Test Cases/T05 - Sedekah Online/TC-LS-001: Test Cases/T05 - Sedekah Online/TC-LS-001

2023-10-05 15:47:54 - [TEST_STEP][PASSED] - openBrowser(urlWeb): Browser is opened with url: 'https://10.9.2.63/ecommerce/'

2023-10-05 15:47:54 - [MESSAGE][WARNING] - A browser is already opened. Closing browser and opening a new one

2023-10-05 15:47:56 - [MESSAGE][INFO] - Starting 'Firefox' driver

2023-10-05 15:47:56 - [MESSAGE][INFO] - User set preference: ['args', '[window-size=1500,1000, ignore-certificate-errors, UnexpectedAlertBehaviour=ignore]']

2023-10-05 15:47:56 - [MESSAGE][INFO] - Action delay is set to 0 milliseconds

2023-10-05 15:48:05 - [MESSAGE][PASSED] - Browser is opened with url: 'https://10.9.2.63/ecommerce/'

2023-10-05 15:48:05 - [TEST_STEP][PASSED] - maximizeWindow(): Current window maximized

2023-10-05 15:48:05 - [MESSAGE][PASSED] - Current window maximized

2023-10-05 15:48:05 - [TEST_STEP][PASSED] - click(findTestObject("Login/a_Login")): Object: 'Object Repository/Login/a_Login' is clicked on

2023-10-05 15:48:06 - [MESSAGE][PASSED] - Object: 'Object Repository/Login/a_Login' is clicked on

2023-10-05 15:48:06 - [TEST_STEP][PASSED] - setText(findTestObject("Login/input_Username, Email atau No. Handphone_a"), "runa36"): Text 'runa36' is set on object 'Object Repository/Login/input_Username, Email atau No. Handphone_a'

2023-10-05 15:48:07 - [MESSAGE][PASSED] - Text 'runa36' is set on object 'Object Repository/Login/input_Username, Email atau No. Handphone_a'

2023-10-05 15:48:07 - [TEST_STEP][PASSED] - setEncryptedText(findTestObject("Login/input_Password di Login(Masuk)"), "qbkrdMwyWE4="): Text ****** has been set on object 'Object Repository/Login/input_Password di Login(Masuk)'

2023-10-05 15:48:07 - [MESSAGE][PASSED] - Text ****** has been set on object 'Object Repository/Login/input_Password di Login(Masuk)'

2023-10-05 15:48:07 - [TEST_STEP][PASSED] - click(findTestObject("Login/button_Masuk di halaman login")): Object: 'Object Repository/Login/button_Masuk di halaman login' is clicked on

2023-10-05 15:48:09 - [MESSAGE][PASSED] - Object: 'Object Repository/Login/button_Masuk di halaman login' is clicked on

2023-10-05 15:48:09 - [TEST_STEP][PASSED] - verifyElementPresent(findTestObject("Pendaftaran/verifikasi MASUK di halaman Login"), 0): Object 'Object Repository/Pendaftaran/verifikasi MASUK di halaman Login' is present

2023-10-05 15:48:09 - [MESSAGE][WARNING] - Timeout '0' is invalid. Using default page load timeout: '30'

2023-10-05 15:48:10 - [MESSAGE][PASSED] - Object 'Object Repository/Pendaftaran/verifikasi MASUK di halaman Login' is present

2023-10-05 15:48:10 - [MESSAGE][PASSED] - Call Test Case 'Test Cases/T05 - Sedekah Online/TC-LS-001' successfully

2023-10-05 15:48:10 - [TEST_STEP][PASSED] - mouseOver(findTestObject("sedekah online/a_Donasi (di halaman utama)")): Object: 'Object Repository/sedekah online/a_Donasi (di halaman utama)' is hovered

2023-10-05 15:48:11 - [MESSAGE][PASSED] - Object: 'Object Repository/sedekah online/a_Donasi (di halaman utama)' is hovered

2023-10-05 15:48:11 - [TEST_STEP][PASSED] - verifyElementClickable(findTestObject("sedekah online/a_Sedekah Online"), STOP_ON_FAILURE): Object 'Object Repository/sedekah online/a_Sedekah Online' is clickable

2023-10-05 15:48:11 - [MESSAGE][PASSED] - Object 'Object Repository/sedekah online/a_Sedekah Online' is clickable

2023-10-05 15:48:11 - [TEST_STEP][PASSED] - click(findTestObject("sedekah online/a_Sedekah Online")): Object: 'Object Repository/sedekah online/a_Sedekah Online' is clicked on

2023-10-05 15:48:12 - [MESSAGE][PASSED] - Object: 'Object Repository/sedekah online/a_Sedekah Online' is clicked on

2023-10-05 15:48:12 - [TEST_STEP][PASSED] - verifyElementPresent(findTestObject("sedekah online/verifikasi halaman sedekah Online"), 0): Object 'Object Repository/sedekah online/verifikasi halaman sedekah Online' is present

2023-10-05 15:48:13 - [MESSAGE][WARNING] - Timeout '0' is invalid. Using default page load timeout: '30'

2023-10-05 15:48:13 - [MESSAGE][PASSED] - Object 'Object Repository/sedekah online/verifikasi halaman sedekah Online' is present

2023-10-05 15:48:13 - [TEST_STEP][PASSED] - setText(findTestObject("sedekah online/input_Sedekah"), NominalSedekah): Text '25.000,00' is set on object 'Object Repository/sedekah online/input_Sedekah'

2023-10-05 15:48:14 - [MESSAGE][PASSED] - Text '25.000,00' is set on object 'Object Repository/sedekah online/input_Sedekah'

2023-10-05 15:48:14 - [TEST_STEP][PASSED] - setText(findTestObject("sedekah online/input_Nama lengkap (di sedekah online)"), namaLengkap): Text 'ikana' is set on object 'Object Repository/sedekah online/input_Nama lengkap (di sedekah online)'

2023-10-05 15:48:15 - [MESSAGE][PASSED] - Text 'ikana' is set on object 'Object Repository/sedekah online/input_Nama lengkap (di sedekah online)'

2023-10-05 15:48:15 - [TEST_STEP][PASSED] - setText(findTestObject("sedekah online/input_No Handphone (di sedekah online)"), noHp): Text '086754321234' is set on object 'Object Repository/sedekah online/input_No Handphone (di sedekah online)'

2023-10-05 15:48:16 - [MESSAGE][PASSED] - Text '086754321234' is set on object 'Object Repository/sedekah online/input_No Handphone (di sedekah online)'

2023-10-05 15:48:16 - [TEST_STEP][PASSED] - setText(findTestObject("sedekah online/input_Alamat Email (di sedekah online)"), email): Text 'anata71@gmail.com' is set on object 'Object Repository/sedekah online/input_Alamat Email (di sedekah online)'

2023-10-05 15:48:17 - [MESSAGE][PASSED] - Text 'anata71@gmail.com' is set on object 'Object Repository/sedekah online/input_Alamat Email (di sedekah online)'

2023-10-05 15:48:17 - [TEST_STEP][PASSED] - selectOptionByValue(findTestObject("Object Repository/sedekah online/dropdown metode pembayaraan"), pembayaran, false): All options with value '1' are selected in object 'Object Repository/sedekah online/dropdown metode pembayaraan' 

2023-10-05 15:48:17 - [MESSAGE][PASSED] - All options with value '1' are selected in object 'Object Repository/sedekah online/dropdown metode pembayaraan' 

2023-10-05 15:48:17 - [TEST_STEP][PASSED] - selectOptionByValue(findTestObject("Object Repository/sedekah online/sedekah ditunjukan untuk keluarga"), sedekahUntuk, false): All options with value 'Orang Tua' are selected in object 'Object Repository/sedekah online/sedekah ditunjukan untuk keluarga' 

2023-10-05 15:48:18 - [MESSAGE][PASSED] - All options with value 'Orang Tua' are selected in object 'Object Repository/sedekah online/sedekah ditunjukan untuk keluarga' 

2023-10-05 15:48:18 - [TEST_STEP][PASSED] - setText(findTestObject("sedekah online/input isi doa terbaik anda"), doa): Text 'Semoga Bermanfaat' is set on object 'Object Repository/sedekah online/input isi doa terbaik anda'

2023-10-05 15:48:19 - [MESSAGE][PASSED] - Text 'Semoga Bermanfaat' is set on object 'Object Repository/sedekah online/input isi doa terbaik anda'

2023-10-05 15:48:19 - [TEST_STEP][PASSED] - setText(findTestObject("sedekah online/input 2 digit terakhir nomor hp"), digitAkhir): Text '34' is set on object 'Object Repository/sedekah online/input 2 digit terakhir nomor hp'

2023-10-05 15:48:20 - [MESSAGE][PASSED] - Text '34' is set on object 'Object Repository/sedekah online/input 2 digit terakhir nomor hp'

2023-10-05 15:48:20 - [TEST_STEP][PASSED] - click(findTestObject("sedekah online/button_Sedekah Sekarang")): Object: 'Object Repository/sedekah online/button_Sedekah Sekarang' is clicked on

2023-10-05 15:48:21 - [MESSAGE][PASSED] - Object: 'Object Repository/sedekah online/button_Sedekah Sekarang' is clicked on

2023-10-05 15:48:21 - [TEST_STEP][FAILED] - verifyTextPresent("Sukses Proses Bersedekah, kami akan segera menghubungi anda! Terima kasih", false): Unable to verify text 'Sukses Proses Bersedekah, kami akan segera menghubungi anda! Terima kasih' is present  (Root cause: com.kms.katalon.core.exception.StepFailedException: Unable to verify text 'Sukses Proses Bersedekah, kami akan segera menghubungi anda! Terima kasih' is present 
	at com.kms.katalon.core.webui.keyword.internal.WebUIKeywordMain.stepFailed(WebUIKeywordMain.groovy:64)
	at com.kms.katalon.core.webui.keyword.internal.WebUIKeywordMain.runKeyword(WebUIKeywordMain.groovy:26)
	at com.kms.katalon.core.webui.keyword.builtin.VerifyTextPresentKeyword.verifyTextPresent(VerifyTextPresentKeyword.groovy:83)
	at com.kms.katalon.core.webui.keyword.builtin.VerifyTextPresentKeyword.execute(VerifyTextPresentKeyword.groovy:68)
	at com.kms.katalon.core.keyword.internal.KeywordExecutor.executeKeywordForPlatform(KeywordExecutor.groovy:74)
	at com.kms.katalon.core.webui.keyword.WebUiBuiltInKeywords.verifyTextPresent(WebUiBuiltInKeywords.groovy:1723)
	at com.kms.katalon.core.webui.keyword.WebUiBuiltInKeywords$verifyTextPresent$8.call(Unknown Source)
	at TC-SO-016.run(TC-SO-016:51)
	at com.kms.katalon.core.main.ScriptEngine.run(ScriptEngine.java:194)
	at com.kms.katalon.core.main.ScriptEngine.runScriptAsRawText(ScriptEngine.java:119)
	at com.kms.katalon.core.main.TestCaseExecutor.runScript(TestCaseExecutor.java:448)
	at com.kms.katalon.core.main.TestCaseExecutor.doExecute(TestCaseExecutor.java:439)
	at com.kms.katalon.core.main.TestCaseExecutor.processExecutionPhase(TestCaseExecutor.java:418)
	at com.kms.katalon.core.main.TestCaseExecutor.accessMainPhase(TestCaseExecutor.java:410)
	at com.kms.katalon.core.main.TestCaseExecutor.execute(TestCaseExecutor.java:285)
	at com.kms.katalon.core.common.CommonExecutor.accessTestCaseMainPhase(CommonExecutor.java:65)
	at com.kms.katalon.core.main.TestSuiteExecutor.accessTestSuiteMainPhase(TestSuiteExecutor.java:148)
	at com.kms.katalon.core.main.TestSuiteExecutor.execute(TestSuiteExecutor.java:106)
	at com.kms.katalon.core.main.TestCaseMain.startTestSuite(TestCaseMain.java:187)
	at com.kms.katalon.core.main.TestCaseMain$startTestSuite$0.call(Unknown Source)
	at TempTestSuite1696495265556.run(TempTestSuite1696495265556.groovy:36)
Caused by: com.kms.katalon.core.exception.StepFailedException: Text 'Sukses Proses Bersedekah, kami akan segera menghubungi anda! Terima kasih' is not present on page 
	at com.kms.katalon.core.webui.keyword.internal.WebUIKeywordMain.stepFailed(WebUIKeywordMain.groovy:64)
	at com.kms.katalon.core.webui.keyword.builtin.VerifyTextPresentKeyword$_verifyTextPresent_closure1.doCall(VerifyTextPresentKeyword.groovy:79)
	at com.kms.katalon.core.webui.keyword.builtin.VerifyTextPresentKeyword$_verifyTextPresent_closure1.call(VerifyTextPresentKeyword.groovy)
	at com.kms.katalon.core.webui.keyword.internal.WebUIKeywordMain.runKeyword(WebUIKeywordMain.groovy:20)
	... 19 more
)

2023-10-05 15:48:22 - [MESSAGE][FAILED] - Text 'Sukses Proses Bersedekah, kami akan segera menghubungi anda! Terima kasih' is not present on page  (Root cause: com.kms.katalon.core.exception.StepFailedException: Text 'Sukses Proses Bersedekah, kami akan segera menghubungi anda! Terima kasih' is not present on page 
	at com.kms.katalon.core.webui.keyword.internal.WebUIKeywordMain.stepFailed(WebUIKeywordMain.groovy:64)
	at com.kms.katalon.core.webui.keyword.builtin.VerifyTextPresentKeyword$_verifyTextPresent_closure1.doCall(VerifyTextPresentKeyword.groovy:79)
	at com.kms.katalon.core.webui.keyword.builtin.VerifyTextPresentKeyword$_verifyTextPresent_closure1.call(VerifyTextPresentKeyword.groovy)
	at com.kms.katalon.core.webui.keyword.internal.WebUIKeywordMain.runKeyword(WebUIKeywordMain.groovy:20)
	at com.kms.katalon.core.webui.keyword.builtin.VerifyTextPresentKeyword.verifyTextPresent(VerifyTextPresentKeyword.groovy:83)
	at com.kms.katalon.core.webui.keyword.builtin.VerifyTextPresentKeyword.execute(VerifyTextPresentKeyword.groovy:68)
	at com.kms.katalon.core.keyword.internal.KeywordExecutor.executeKeywordForPlatform(KeywordExecutor.groovy:74)
	at com.kms.katalon.core.webui.keyword.WebUiBuiltInKeywords.verifyTextPresent(WebUiBuiltInKeywords.groovy:1723)
	at com.kms.katalon.core.webui.keyword.WebUiBuiltInKeywords$verifyTextPresent$8.call(Unknown Source)
	at TC-SO-016.run(TC-SO-016:51)
	at com.kms.katalon.core.main.ScriptEngine.run(ScriptEngine.java:194)
	at com.kms.katalon.core.main.ScriptEngine.runScriptAsRawText(ScriptEngine.java:119)
	at com.kms.katalon.core.main.TestCaseExecutor.runScript(TestCaseExecutor.java:448)
	at com.kms.katalon.core.main.TestCaseExecutor.doExecute(TestCaseExecutor.java:439)
	at com.kms.katalon.core.main.TestCaseExecutor.processExecutionPhase(TestCaseExecutor.java:418)
	at com.kms.katalon.core.main.TestCaseExecutor.accessMainPhase(TestCaseExecutor.java:410)
	at com.kms.katalon.core.main.TestCaseExecutor.execute(TestCaseExecutor.java:285)
	at com.kms.katalon.core.common.CommonExecutor.accessTestCaseMainPhase(CommonExecutor.java:65)
	at com.kms.katalon.core.main.TestSuiteExecutor.accessTestSuiteMainPhase(TestSuiteExecutor.java:148)
	at com.kms.katalon.core.main.TestSuiteExecutor.execute(TestSuiteExecutor.java:106)
	at com.kms.katalon.core.main.TestCaseMain.startTestSuite(TestCaseMain.java:187)
	at com.kms.katalon.core.main.TestCaseMain$startTestSuite$0.call(Unknown Source)
	at TempTestSuite1696495265556.run(TempTestSuite1696495265556.groovy:36)
)

2023-10-05 15:48:22 - [MESSAGE][FAILED] - Unable to verify text 'Sukses Proses Bersedekah, kami akan segera menghubungi anda! Terima kasih' is present  (Root cause: com.kms.katalon.core.exception.StepFailedException: Unable to verify text 'Sukses Proses Bersedekah, kami akan segera menghubungi anda! Terima kasih' is present 
	at com.kms.katalon.core.webui.keyword.internal.WebUIKeywordMain.stepFailed(WebUIKeywordMain.groovy:64)
	at com.kms.katalon.core.webui.keyword.internal.WebUIKeywordMain.runKeyword(WebUIKeywordMain.groovy:26)
	at com.kms.katalon.core.webui.keyword.builtin.VerifyTextPresentKeyword.verifyTextPresent(VerifyTextPresentKeyword.groovy:83)
	at com.kms.katalon.core.webui.keyword.builtin.VerifyTextPresentKeyword.execute(VerifyTextPresentKeyword.groovy:68)
	at com.kms.katalon.core.keyword.internal.KeywordExecutor.executeKeywordForPlatform(KeywordExecutor.groovy:74)
	at com.kms.katalon.core.webui.keyword.WebUiBuiltInKeywords.verifyTextPresent(WebUiBuiltInKeywords.groovy:1723)
	at com.kms.katalon.core.webui.keyword.WebUiBuiltInKeywords$verifyTextPresent$8.call(Unknown Source)
	at TC-SO-016.run(TC-SO-016:51)
	at com.kms.katalon.core.main.ScriptEngine.run(ScriptEngine.java:194)
	at com.kms.katalon.core.main.ScriptEngine.runScriptAsRawText(ScriptEngine.java:119)
	at com.kms.katalon.core.main.TestCaseExecutor.runScript(TestCaseExecutor.java:448)
	at com.kms.katalon.core.main.TestCaseExecutor.doExecute(TestCaseExecutor.java:439)
	at com.kms.katalon.core.main.TestCaseExecutor.processExecutionPhase(TestCaseExecutor.java:418)
	at com.kms.katalon.core.main.TestCaseExecutor.accessMainPhase(TestCaseExecutor.java:410)
	at com.kms.katalon.core.main.TestCaseExecutor.execute(TestCaseExecutor.java:285)
	at com.kms.katalon.core.common.CommonExecutor.accessTestCaseMainPhase(CommonExecutor.java:65)
	at com.kms.katalon.core.main.TestSuiteExecutor.accessTestSuiteMainPhase(TestSuiteExecutor.java:148)
	at com.kms.katalon.core.main.TestSuiteExecutor.execute(TestSuiteExecutor.java:106)
	at com.kms.katalon.core.main.TestCaseMain.startTestSuite(TestCaseMain.java:187)
	at com.kms.katalon.core.main.TestCaseMain$startTestSuite$0.call(Unknown Source)
	at TempTestSuite1696495265556.run(TempTestSuite1696495265556.groovy:36)
Caused by: com.kms.katalon.core.exception.StepFailedException: Text 'Sukses Proses Bersedekah, kami akan segera menghubungi anda! Terima kasih' is not present on page 
	at com.kms.katalon.core.webui.keyword.internal.WebUIKeywordMain.stepFailed(WebUIKeywordMain.groovy:64)
	at com.kms.katalon.core.webui.keyword.builtin.VerifyTextPresentKeyword$_verifyTextPresent_closure1.doCall(VerifyTextPresentKeyword.groovy:79)
	at com.kms.katalon.core.webui.keyword.builtin.VerifyTextPresentKeyword$_verifyTextPresent_closure1.call(VerifyTextPresentKeyword.groovy)
	at com.kms.katalon.core.webui.keyword.internal.WebUIKeywordMain.runKeyword(WebUIKeywordMain.groovy:20)
	... 19 more
)
[[ATTACHMENT|F:\\bootcamp\\Miniproject\\Tajalapak\\Reports\\20231005_154105\\T05 Sedekah Online\\20231005_154105\\1696495702392.png]]]]></system-out>
         <system-err><![CDATA[2023-10-05 15:47:53 - [TEST_CASE][FAILED] - Test Cases/T05 - Sedekah Online/TC-SO-016: Test Cases/T05 - Sedekah Online/TC-SO-016 FAILED.
Reason:
com.kms.katalon.core.exception.StepFailedException: Unable to verify text 'Sukses Proses Bersedekah, kami akan segera menghubungi anda! Terima kasih' is present 
	at com.kms.katalon.core.webui.keyword.internal.WebUIKeywordMain.stepFailed(WebUIKeywordMain.groovy:64)
	at com.kms.katalon.core.webui.keyword.internal.WebUIKeywordMain.runKeyword(WebUIKeywordMain.groovy:26)
	at com.kms.katalon.core.webui.keyword.builtin.VerifyTextPresentKeyword.verifyTextPresent(VerifyTextPresentKeyword.groovy:83)
	at com.kms.katalon.core.webui.keyword.builtin.VerifyTextPresentKeyword.execute(VerifyTextPresentKeyword.groovy:68)
	at com.kms.katalon.core.keyword.internal.KeywordExecutor.executeKeywordForPlatform(KeywordExecutor.groovy:74)
	at com.kms.katalon.core.webui.keyword.WebUiBuiltInKeywords.verifyTextPresent(WebUiBuiltInKeywords.groovy:1723)
	at com.kms.katalon.core.webui.keyword.WebUiBuiltInKeywords$verifyTextPresent$8.call(Unknown Source)
	at TC-SO-016.run(TC-SO-016:51)
	at com.kms.katalon.core.main.ScriptEngine.run(ScriptEngine.java:194)
	at com.kms.katalon.core.main.ScriptEngine.runScriptAsRawText(ScriptEngine.java:119)
	at com.kms.katalon.core.main.TestCaseExecutor.runScript(TestCaseExecutor.java:448)
	at com.kms.katalon.core.main.TestCaseExecutor.doExecute(TestCaseExecutor.java:439)
	at com.kms.katalon.core.main.TestCaseExecutor.processExecutionPhase(TestCaseExecutor.java:418)
	at com.kms.katalon.core.main.TestCaseExecutor.accessMainPhase(TestCaseExecutor.java:410)
	at com.kms.katalon.core.main.TestCaseExecutor.execute(TestCaseExecutor.java:285)
	at com.kms.katalon.core.common.CommonExecutor.accessTestCaseMainPhase(CommonExecutor.java:65)
	at com.kms.katalon.core.main.TestSuiteExecutor.accessTestSuiteMainPhase(TestSuiteExecutor.java:148)
	at com.kms.katalon.core.main.TestSuiteExecutor.execute(TestSuiteExecutor.java:106)
	at com.kms.katalon.core.main.TestCaseMain.startTestSuite(TestCaseMain.java:187)
	at com.kms.katalon.core.main.TestCaseMain$startTestSuite$0.call(Unknown Source)
	at TempTestSuite1696495265556.run(TempTestSuite1696495265556.groovy:36)
Caused by: com.kms.katalon.core.exception.StepFailedException: Text 'Sukses Proses Bersedekah, kami akan segera menghubungi anda! Terima kasih' is not present on page 
	at com.kms.katalon.core.webui.keyword.internal.WebUIKeywordMain.stepFailed(WebUIKeywordMain.groovy:64)
	at com.kms.katalon.core.webui.keyword.builtin.VerifyTextPresentKeyword$_verifyTextPresent_closure1.doCall(VerifyTextPresentKeyword.groovy:79)
	at com.kms.katalon.core.webui.keyword.builtin.VerifyTextPresentKeyword$_verifyTextPresent_closure1.call(VerifyTextPresentKeyword.groovy)
	at com.kms.katalon.core.webui.keyword.internal.WebUIKeywordMain.runKeyword(WebUIKeywordMain.groovy:20)
	... 19 more]]></system-err>
      </testcase>
      <testcase name="Test Cases/T05 - Sedekah Online/TC-SO-017" time="26.847" classname="Test Cases/T05 - Sedekah Online/TC-SO-017" status="FAILED">
         <failure type="FAILED" message="Test Cases/T05 - Sedekah Online/TC-SO-017 FAILED.
Reason:
com.kms.katalon.core.exception.StepFailedException: Unable to verify text 'Sukses Proses Bersedekah, kami akan segera menghubungi anda! Terima kasih' is present 
	at com.kms.katalon.core.webui.keyword.internal.WebUIKeywordMain.stepFailed(WebUIKeywordMain.groovy:64)
	at com.kms.katalon.core.webui.keyword.internal.WebUIKeywordMain.runKeyword(WebUIKeywordMain.groovy:26)
	at com.kms.katalon.core.webui.keyword.builtin.VerifyTextPresentKeyword.verifyTextPresent(VerifyTextPresentKeyword.groovy:83)
	at com.kms.katalon.core.webui.keyword.builtin.VerifyTextPresentKeyword.execute(VerifyTextPresentKeyword.groovy:68)
	at com.kms.katalon.core.keyword.internal.KeywordExecutor.executeKeywordForPlatform(KeywordExecutor.groovy:74)
	at com.kms.katalon.core.webui.keyword.WebUiBuiltInKeywords.verifyTextPresent(WebUiBuiltInKeywords.groovy:1723)
	at com.kms.katalon.core.webui.keyword.WebUiBuiltInKeywords$verifyTextPresent$8.call(Unknown Source)
	at TC-SO-017.run(TC-SO-017:51)
	at com.kms.katalon.core.main.ScriptEngine.run(ScriptEngine.java:194)
	at com.kms.katalon.core.main.ScriptEngine.runScriptAsRawText(ScriptEngine.java:119)
	at com.kms.katalon.core.main.TestCaseExecutor.runScript(TestCaseExecutor.java:448)
	at com.kms.katalon.core.main.TestCaseExecutor.doExecute(TestCaseExecutor.java:439)
	at com.kms.katalon.core.main.TestCaseExecutor.processExecutionPhase(TestCaseExecutor.java:418)
	at com.kms.katalon.core.main.TestCaseExecutor.accessMainPhase(TestCaseExecutor.java:410)
	at com.kms.katalon.core.main.TestCaseExecutor.execute(TestCaseExecutor.java:285)
	at com.kms.katalon.core.common.CommonExecutor.accessTestCaseMainPhase(CommonExecutor.java:65)
	at com.kms.katalon.core.main.TestSuiteExecutor.accessTestSuiteMainPhase(TestSuiteExecutor.java:148)
	at com.kms.katalon.core.main.TestSuiteExecutor.execute(TestSuiteExecutor.java:106)
	at com.kms.katalon.core.main.TestCaseMain.startTestSuite(TestCaseMain.java:187)
	at com.kms.katalon.core.main.TestCaseMain$startTestSuite$0.call(Unknown Source)
	at TempTestSuite1696495265556.run(TempTestSuite1696495265556.groovy:36)
Caused by: com.kms.katalon.core.exception.StepFailedException: Text 'Sukses Proses Bersedekah, kami akan segera menghubungi anda! Terima kasih' is not present on page 
	at com.kms.katalon.core.webui.keyword.internal.WebUIKeywordMain.stepFailed(WebUIKeywordMain.groovy:64)
	at com.kms.katalon.core.webui.keyword.builtin.VerifyTextPresentKeyword$_verifyTextPresent_closure1.doCall(VerifyTextPresentKeyword.groovy:79)
	at com.kms.katalon.core.webui.keyword.builtin.VerifyTextPresentKeyword$_verifyTextPresent_closure1.call(VerifyTextPresentKeyword.groovy)
	at com.kms.katalon.core.webui.keyword.internal.WebUIKeywordMain.runKeyword(WebUIKeywordMain.groovy:20)
	... 19 more
"/>
         <system-out><![CDATA[2023-10-05 15:48:22 - [TEST_CASE][FAILED] - Test Cases/T05 - Sedekah Online/TC-SO-017: Test Cases/T05 - Sedekah Online/TC-SO-017 FAILED.
Reason:
com.kms.katalon.core.exception.StepFailedException: Unable to verify text 'Sukses Proses Bersedekah, kami akan segera menghubungi anda! Terima kasih' is present 
	at com.kms.katalon.core.webui.keyword.internal.WebUIKeywordMain.stepFailed(WebUIKeywordMain.groovy:64)
	at com.kms.katalon.core.webui.keyword.internal.WebUIKeywordMain.runKeyword(WebUIKeywordMain.groovy:26)
	at com.kms.katalon.core.webui.keyword.builtin.VerifyTextPresentKeyword.verifyTextPresent(VerifyTextPresentKeyword.groovy:83)
	at com.kms.katalon.core.webui.keyword.builtin.VerifyTextPresentKeyword.execute(VerifyTextPresentKeyword.groovy:68)
	at com.kms.katalon.core.keyword.internal.KeywordExecutor.executeKeywordForPlatform(KeywordExecutor.groovy:74)
	at com.kms.katalon.core.webui.keyword.WebUiBuiltInKeywords.verifyTextPresent(WebUiBuiltInKeywords.groovy:1723)
	at com.kms.katalon.core.webui.keyword.WebUiBuiltInKeywords$verifyTextPresent$8.call(Unknown Source)
	at TC-SO-017.run(TC-SO-017:51)
	at com.kms.katalon.core.main.ScriptEngine.run(ScriptEngine.java:194)
	at com.kms.katalon.core.main.ScriptEngine.runScriptAsRawText(ScriptEngine.java:119)
	at com.kms.katalon.core.main.TestCaseExecutor.runScript(TestCaseExecutor.java:448)
	at com.kms.katalon.core.main.TestCaseExecutor.doExecute(TestCaseExecutor.java:439)
	at com.kms.katalon.core.main.TestCaseExecutor.processExecutionPhase(TestCaseExecutor.java:418)
	at com.kms.katalon.core.main.TestCaseExecutor.accessMainPhase(TestCaseExecutor.java:410)
	at com.kms.katalon.core.main.TestCaseExecutor.execute(TestCaseExecutor.java:285)
	at com.kms.katalon.core.common.CommonExecutor.accessTestCaseMainPhase(CommonExecutor.java:65)
	at com.kms.katalon.core.main.TestSuiteExecutor.accessTestSuiteMainPhase(TestSuiteExecutor.java:148)
	at com.kms.katalon.core.main.TestSuiteExecutor.execute(TestSuiteExecutor.java:106)
	at com.kms.katalon.core.main.TestCaseMain.startTestSuite(TestCaseMain.java:187)
	at com.kms.katalon.core.main.TestCaseMain$startTestSuite$0.call(Unknown Source)
	at TempTestSuite1696495265556.run(TempTestSuite1696495265556.groovy:36)
Caused by: com.kms.katalon.core.exception.StepFailedException: Text 'Sukses Proses Bersedekah, kami akan segera menghubungi anda! Terima kasih' is not present on page 
	at com.kms.katalon.core.webui.keyword.internal.WebUIKeywordMain.stepFailed(WebUIKeywordMain.groovy:64)
	at com.kms.katalon.core.webui.keyword.builtin.VerifyTextPresentKeyword$_verifyTextPresent_closure1.doCall(VerifyTextPresentKeyword.groovy:79)
	at com.kms.katalon.core.webui.keyword.builtin.VerifyTextPresentKeyword$_verifyTextPresent_closure1.call(VerifyTextPresentKeyword.groovy)
	at com.kms.katalon.core.webui.keyword.internal.WebUIKeywordMain.runKeyword(WebUIKeywordMain.groovy:20)
	... 19 more


2023-10-05 15:48:23 - [TEST_STEP][PASSED] - callTestCase(findTestCase("T05 - Sedekah Online/TC-LS-001"), [:], STOP_ON_FAILURE): Call Test Case 'Test Cases/T05 - Sedekah Online/TC-LS-001' successfully

2023-10-05 15:48:24 - [TEST_CASE][PASSED] - Test Cases/T05 - Sedekah Online/TC-LS-001: Test Cases/T05 - Sedekah Online/TC-LS-001

2023-10-05 15:48:24 - [TEST_STEP][PASSED] - openBrowser(urlWeb): Browser is opened with url: 'https://10.9.2.63/ecommerce/'

2023-10-05 15:48:24 - [MESSAGE][WARNING] - A browser is already opened. Closing browser and opening a new one

2023-10-05 15:48:25 - [MESSAGE][INFO] - Starting 'Firefox' driver

2023-10-05 15:48:25 - [MESSAGE][INFO] - User set preference: ['args', '[window-size=1500,1000, ignore-certificate-errors, UnexpectedAlertBehaviour=ignore]']

2023-10-05 15:48:25 - [MESSAGE][INFO] - Action delay is set to 0 milliseconds

2023-10-05 15:48:32 - [MESSAGE][PASSED] - Browser is opened with url: 'https://10.9.2.63/ecommerce/'

2023-10-05 15:48:32 - [TEST_STEP][PASSED] - maximizeWindow(): Current window maximized

2023-10-05 15:48:32 - [MESSAGE][PASSED] - Current window maximized

2023-10-05 15:48:32 - [TEST_STEP][PASSED] - click(findTestObject("Login/a_Login")): Object: 'Object Repository/Login/a_Login' is clicked on

2023-10-05 15:48:33 - [MESSAGE][PASSED] - Object: 'Object Repository/Login/a_Login' is clicked on

2023-10-05 15:48:33 - [TEST_STEP][PASSED] - setText(findTestObject("Login/input_Username, Email atau No. Handphone_a"), "runa36"): Text 'runa36' is set on object 'Object Repository/Login/input_Username, Email atau No. Handphone_a'

2023-10-05 15:48:34 - [MESSAGE][PASSED] - Text 'runa36' is set on object 'Object Repository/Login/input_Username, Email atau No. Handphone_a'

2023-10-05 15:48:34 - [TEST_STEP][PASSED] - setEncryptedText(findTestObject("Login/input_Password di Login(Masuk)"), "qbkrdMwyWE4="): Text ****** has been set on object 'Object Repository/Login/input_Password di Login(Masuk)'

2023-10-05 15:48:35 - [MESSAGE][PASSED] - Text ****** has been set on object 'Object Repository/Login/input_Password di Login(Masuk)'

2023-10-05 15:48:35 - [TEST_STEP][PASSED] - click(findTestObject("Login/button_Masuk di halaman login")): Object: 'Object Repository/Login/button_Masuk di halaman login' is clicked on

2023-10-05 15:48:36 - [MESSAGE][PASSED] - Object: 'Object Repository/Login/button_Masuk di halaman login' is clicked on

2023-10-05 15:48:36 - [TEST_STEP][PASSED] - verifyElementPresent(findTestObject("Pendaftaran/verifikasi MASUK di halaman Login"), 0): Object 'Object Repository/Pendaftaran/verifikasi MASUK di halaman Login' is present

2023-10-05 15:48:36 - [MESSAGE][WARNING] - Timeout '0' is invalid. Using default page load timeout: '30'

2023-10-05 15:48:37 - [MESSAGE][PASSED] - Object 'Object Repository/Pendaftaran/verifikasi MASUK di halaman Login' is present

2023-10-05 15:48:37 - [MESSAGE][PASSED] - Call Test Case 'Test Cases/T05 - Sedekah Online/TC-LS-001' successfully

2023-10-05 15:48:37 - [TEST_STEP][PASSED] - mouseOver(findTestObject("sedekah online/a_Donasi (di halaman utama)")): Object: 'Object Repository/sedekah online/a_Donasi (di halaman utama)' is hovered

2023-10-05 15:48:37 - [MESSAGE][PASSED] - Object: 'Object Repository/sedekah online/a_Donasi (di halaman utama)' is hovered

2023-10-05 15:48:37 - [TEST_STEP][PASSED] - verifyElementClickable(findTestObject("sedekah online/a_Sedekah Online"), STOP_ON_FAILURE): Object 'Object Repository/sedekah online/a_Sedekah Online' is clickable

2023-10-05 15:48:38 - [MESSAGE][PASSED] - Object 'Object Repository/sedekah online/a_Sedekah Online' is clickable

2023-10-05 15:48:38 - [TEST_STEP][PASSED] - click(findTestObject("sedekah online/a_Sedekah Online")): Object: 'Object Repository/sedekah online/a_Sedekah Online' is clicked on

2023-10-05 15:48:39 - [MESSAGE][PASSED] - Object: 'Object Repository/sedekah online/a_Sedekah Online' is clicked on

2023-10-05 15:48:39 - [TEST_STEP][PASSED] - verifyElementPresent(findTestObject("sedekah online/verifikasi halaman sedekah Online"), 0): Object 'Object Repository/sedekah online/verifikasi halaman sedekah Online' is present

2023-10-05 15:48:39 - [MESSAGE][WARNING] - Timeout '0' is invalid. Using default page load timeout: '30'

2023-10-05 15:48:40 - [MESSAGE][PASSED] - Object 'Object Repository/sedekah online/verifikasi halaman sedekah Online' is present

2023-10-05 15:48:40 - [TEST_STEP][PASSED] - setText(findTestObject("sedekah online/input_Sedekah"), NominalSedekah): Text 'Rp25000' is set on object 'Object Repository/sedekah online/input_Sedekah'

2023-10-05 15:48:41 - [MESSAGE][PASSED] - Text 'Rp25000' is set on object 'Object Repository/sedekah online/input_Sedekah'

2023-10-05 15:48:41 - [TEST_STEP][PASSED] - setText(findTestObject("sedekah online/input_Nama lengkap (di sedekah online)"), namaLengkap): Text 'ikana' is set on object 'Object Repository/sedekah online/input_Nama lengkap (di sedekah online)'

2023-10-05 15:48:42 - [MESSAGE][PASSED] - Text 'ikana' is set on object 'Object Repository/sedekah online/input_Nama lengkap (di sedekah online)'

2023-10-05 15:48:42 - [TEST_STEP][PASSED] - setText(findTestObject("sedekah online/input_No Handphone (di sedekah online)"), noHp): Text '086754321234' is set on object 'Object Repository/sedekah online/input_No Handphone (di sedekah online)'

2023-10-05 15:48:43 - [MESSAGE][PASSED] - Text '086754321234' is set on object 'Object Repository/sedekah online/input_No Handphone (di sedekah online)'

2023-10-05 15:48:43 - [TEST_STEP][PASSED] - setText(findTestObject("sedekah online/input_Alamat Email (di sedekah online)"), email): Text 'anata71@gmail.com' is set on object 'Object Repository/sedekah online/input_Alamat Email (di sedekah online)'

2023-10-05 15:48:43 - [MESSAGE][PASSED] - Text 'anata71@gmail.com' is set on object 'Object Repository/sedekah online/input_Alamat Email (di sedekah online)'

2023-10-05 15:48:43 - [TEST_STEP][PASSED] - selectOptionByValue(findTestObject("Object Repository/sedekah online/dropdown metode pembayaraan"), pembayaran, false): All options with value '1' are selected in object 'Object Repository/sedekah online/dropdown metode pembayaraan' 

2023-10-05 15:48:44 - [MESSAGE][PASSED] - All options with value '1' are selected in object 'Object Repository/sedekah online/dropdown metode pembayaraan' 

2023-10-05 15:48:44 - [TEST_STEP][PASSED] - selectOptionByValue(findTestObject("Object Repository/sedekah online/sedekah ditunjukan untuk keluarga"), sedekahUntuk, false): All options with value 'Orang Tua' are selected in object 'Object Repository/sedekah online/sedekah ditunjukan untuk keluarga' 

2023-10-05 15:48:45 - [MESSAGE][PASSED] - All options with value 'Orang Tua' are selected in object 'Object Repository/sedekah online/sedekah ditunjukan untuk keluarga' 

2023-10-05 15:48:45 - [TEST_STEP][PASSED] - setText(findTestObject("sedekah online/input isi doa terbaik anda"), doa): Text 'Semoga Bermanfaat' is set on object 'Object Repository/sedekah online/input isi doa terbaik anda'

2023-10-05 15:48:46 - [MESSAGE][PASSED] - Text 'Semoga Bermanfaat' is set on object 'Object Repository/sedekah online/input isi doa terbaik anda'

2023-10-05 15:48:46 - [TEST_STEP][PASSED] - setText(findTestObject("sedekah online/input 2 digit terakhir nomor hp"), digitAkhir): Text '34' is set on object 'Object Repository/sedekah online/input 2 digit terakhir nomor hp'

2023-10-05 15:48:47 - [MESSAGE][PASSED] - Text '34' is set on object 'Object Repository/sedekah online/input 2 digit terakhir nomor hp'

2023-10-05 15:48:47 - [TEST_STEP][PASSED] - click(findTestObject("sedekah online/button_Sedekah Sekarang")): Object: 'Object Repository/sedekah online/button_Sedekah Sekarang' is clicked on

2023-10-05 15:48:48 - [MESSAGE][PASSED] - Object: 'Object Repository/sedekah online/button_Sedekah Sekarang' is clicked on

2023-10-05 15:48:48 - [TEST_STEP][FAILED] - verifyTextPresent("Sukses Proses Bersedekah, kami akan segera menghubungi anda! Terima kasih", false): Unable to verify text 'Sukses Proses Bersedekah, kami akan segera menghubungi anda! Terima kasih' is present  (Root cause: com.kms.katalon.core.exception.StepFailedException: Unable to verify text 'Sukses Proses Bersedekah, kami akan segera menghubungi anda! Terima kasih' is present 
	at com.kms.katalon.core.webui.keyword.internal.WebUIKeywordMain.stepFailed(WebUIKeywordMain.groovy:64)
	at com.kms.katalon.core.webui.keyword.internal.WebUIKeywordMain.runKeyword(WebUIKeywordMain.groovy:26)
	at com.kms.katalon.core.webui.keyword.builtin.VerifyTextPresentKeyword.verifyTextPresent(VerifyTextPresentKeyword.groovy:83)
	at com.kms.katalon.core.webui.keyword.builtin.VerifyTextPresentKeyword.execute(VerifyTextPresentKeyword.groovy:68)
	at com.kms.katalon.core.keyword.internal.KeywordExecutor.executeKeywordForPlatform(KeywordExecutor.groovy:74)
	at com.kms.katalon.core.webui.keyword.WebUiBuiltInKeywords.verifyTextPresent(WebUiBuiltInKeywords.groovy:1723)
	at com.kms.katalon.core.webui.keyword.WebUiBuiltInKeywords$verifyTextPresent$8.call(Unknown Source)
	at TC-SO-017.run(TC-SO-017:51)
	at com.kms.katalon.core.main.ScriptEngine.run(ScriptEngine.java:194)
	at com.kms.katalon.core.main.ScriptEngine.runScriptAsRawText(ScriptEngine.java:119)
	at com.kms.katalon.core.main.TestCaseExecutor.runScript(TestCaseExecutor.java:448)
	at com.kms.katalon.core.main.TestCaseExecutor.doExecute(TestCaseExecutor.java:439)
	at com.kms.katalon.core.main.TestCaseExecutor.processExecutionPhase(TestCaseExecutor.java:418)
	at com.kms.katalon.core.main.TestCaseExecutor.accessMainPhase(TestCaseExecutor.java:410)
	at com.kms.katalon.core.main.TestCaseExecutor.execute(TestCaseExecutor.java:285)
	at com.kms.katalon.core.common.CommonExecutor.accessTestCaseMainPhase(CommonExecutor.java:65)
	at com.kms.katalon.core.main.TestSuiteExecutor.accessTestSuiteMainPhase(TestSuiteExecutor.java:148)
	at com.kms.katalon.core.main.TestSuiteExecutor.execute(TestSuiteExecutor.java:106)
	at com.kms.katalon.core.main.TestCaseMain.startTestSuite(TestCaseMain.java:187)
	at com.kms.katalon.core.main.TestCaseMain$startTestSuite$0.call(Unknown Source)
	at TempTestSuite1696495265556.run(TempTestSuite1696495265556.groovy:36)
Caused by: com.kms.katalon.core.exception.StepFailedException: Text 'Sukses Proses Bersedekah, kami akan segera menghubungi anda! Terima kasih' is not present on page 
	at com.kms.katalon.core.webui.keyword.internal.WebUIKeywordMain.stepFailed(WebUIKeywordMain.groovy:64)
	at com.kms.katalon.core.webui.keyword.builtin.VerifyTextPresentKeyword$_verifyTextPresent_closure1.doCall(VerifyTextPresentKeyword.groovy:79)
	at com.kms.katalon.core.webui.keyword.builtin.VerifyTextPresentKeyword$_verifyTextPresent_closure1.call(VerifyTextPresentKeyword.groovy)
	at com.kms.katalon.core.webui.keyword.internal.WebUIKeywordMain.runKeyword(WebUIKeywordMain.groovy:20)
	... 19 more
)

2023-10-05 15:48:49 - [MESSAGE][FAILED] - Text 'Sukses Proses Bersedekah, kami akan segera menghubungi anda! Terima kasih' is not present on page  (Root cause: com.kms.katalon.core.exception.StepFailedException: Text 'Sukses Proses Bersedekah, kami akan segera menghubungi anda! Terima kasih' is not present on page 
	at com.kms.katalon.core.webui.keyword.internal.WebUIKeywordMain.stepFailed(WebUIKeywordMain.groovy:64)
	at com.kms.katalon.core.webui.keyword.builtin.VerifyTextPresentKeyword$_verifyTextPresent_closure1.doCall(VerifyTextPresentKeyword.groovy:79)
	at com.kms.katalon.core.webui.keyword.builtin.VerifyTextPresentKeyword$_verifyTextPresent_closure1.call(VerifyTextPresentKeyword.groovy)
	at com.kms.katalon.core.webui.keyword.internal.WebUIKeywordMain.runKeyword(WebUIKeywordMain.groovy:20)
	at com.kms.katalon.core.webui.keyword.builtin.VerifyTextPresentKeyword.verifyTextPresent(VerifyTextPresentKeyword.groovy:83)
	at com.kms.katalon.core.webui.keyword.builtin.VerifyTextPresentKeyword.execute(VerifyTextPresentKeyword.groovy:68)
	at com.kms.katalon.core.keyword.internal.KeywordExecutor.executeKeywordForPlatform(KeywordExecutor.groovy:74)
	at com.kms.katalon.core.webui.keyword.WebUiBuiltInKeywords.verifyTextPresent(WebUiBuiltInKeywords.groovy:1723)
	at com.kms.katalon.core.webui.keyword.WebUiBuiltInKeywords$verifyTextPresent$8.call(Unknown Source)
	at TC-SO-017.run(TC-SO-017:51)
	at com.kms.katalon.core.main.ScriptEngine.run(ScriptEngine.java:194)
	at com.kms.katalon.core.main.ScriptEngine.runScriptAsRawText(ScriptEngine.java:119)
	at com.kms.katalon.core.main.TestCaseExecutor.runScript(TestCaseExecutor.java:448)
	at com.kms.katalon.core.main.TestCaseExecutor.doExecute(TestCaseExecutor.java:439)
	at com.kms.katalon.core.main.TestCaseExecutor.processExecutionPhase(TestCaseExecutor.java:418)
	at com.kms.katalon.core.main.TestCaseExecutor.accessMainPhase(TestCaseExecutor.java:410)
	at com.kms.katalon.core.main.TestCaseExecutor.execute(TestCaseExecutor.java:285)
	at com.kms.katalon.core.common.CommonExecutor.accessTestCaseMainPhase(CommonExecutor.java:65)
	at com.kms.katalon.core.main.TestSuiteExecutor.accessTestSuiteMainPhase(TestSuiteExecutor.java:148)
	at com.kms.katalon.core.main.TestSuiteExecutor.execute(TestSuiteExecutor.java:106)
	at com.kms.katalon.core.main.TestCaseMain.startTestSuite(TestCaseMain.java:187)
	at com.kms.katalon.core.main.TestCaseMain$startTestSuite$0.call(Unknown Source)
	at TempTestSuite1696495265556.run(TempTestSuite1696495265556.groovy:36)
)

2023-10-05 15:48:49 - [MESSAGE][FAILED] - Unable to verify text 'Sukses Proses Bersedekah, kami akan segera menghubungi anda! Terima kasih' is present  (Root cause: com.kms.katalon.core.exception.StepFailedException: Unable to verify text 'Sukses Proses Bersedekah, kami akan segera menghubungi anda! Terima kasih' is present 
	at com.kms.katalon.core.webui.keyword.internal.WebUIKeywordMain.stepFailed(WebUIKeywordMain.groovy:64)
	at com.kms.katalon.core.webui.keyword.internal.WebUIKeywordMain.runKeyword(WebUIKeywordMain.groovy:26)
	at com.kms.katalon.core.webui.keyword.builtin.VerifyTextPresentKeyword.verifyTextPresent(VerifyTextPresentKeyword.groovy:83)
	at com.kms.katalon.core.webui.keyword.builtin.VerifyTextPresentKeyword.execute(VerifyTextPresentKeyword.groovy:68)
	at com.kms.katalon.core.keyword.internal.KeywordExecutor.executeKeywordForPlatform(KeywordExecutor.groovy:74)
	at com.kms.katalon.core.webui.keyword.WebUiBuiltInKeywords.verifyTextPresent(WebUiBuiltInKeywords.groovy:1723)
	at com.kms.katalon.core.webui.keyword.WebUiBuiltInKeywords$verifyTextPresent$8.call(Unknown Source)
	at TC-SO-017.run(TC-SO-017:51)
	at com.kms.katalon.core.main.ScriptEngine.run(ScriptEngine.java:194)
	at com.kms.katalon.core.main.ScriptEngine.runScriptAsRawText(ScriptEngine.java:119)
	at com.kms.katalon.core.main.TestCaseExecutor.runScript(TestCaseExecutor.java:448)
	at com.kms.katalon.core.main.TestCaseExecutor.doExecute(TestCaseExecutor.java:439)
	at com.kms.katalon.core.main.TestCaseExecutor.processExecutionPhase(TestCaseExecutor.java:418)
	at com.kms.katalon.core.main.TestCaseExecutor.accessMainPhase(TestCaseExecutor.java:410)
	at com.kms.katalon.core.main.TestCaseExecutor.execute(TestCaseExecutor.java:285)
	at com.kms.katalon.core.common.CommonExecutor.accessTestCaseMainPhase(CommonExecutor.java:65)
	at com.kms.katalon.core.main.TestSuiteExecutor.accessTestSuiteMainPhase(TestSuiteExecutor.java:148)
	at com.kms.katalon.core.main.TestSuiteExecutor.execute(TestSuiteExecutor.java:106)
	at com.kms.katalon.core.main.TestCaseMain.startTestSuite(TestCaseMain.java:187)
	at com.kms.katalon.core.main.TestCaseMain$startTestSuite$0.call(Unknown Source)
	at TempTestSuite1696495265556.run(TempTestSuite1696495265556.groovy:36)
Caused by: com.kms.katalon.core.exception.StepFailedException: Text 'Sukses Proses Bersedekah, kami akan segera menghubungi anda! Terima kasih' is not present on page 
	at com.kms.katalon.core.webui.keyword.internal.WebUIKeywordMain.stepFailed(WebUIKeywordMain.groovy:64)
	at com.kms.katalon.core.webui.keyword.builtin.VerifyTextPresentKeyword$_verifyTextPresent_closure1.doCall(VerifyTextPresentKeyword.groovy:79)
	at com.kms.katalon.core.webui.keyword.builtin.VerifyTextPresentKeyword$_verifyTextPresent_closure1.call(VerifyTextPresentKeyword.groovy)
	at com.kms.katalon.core.webui.keyword.internal.WebUIKeywordMain.runKeyword(WebUIKeywordMain.groovy:20)
	... 19 more
)
[[ATTACHMENT|F:\\bootcamp\\Miniproject\\Tajalapak\\Reports\\20231005_154105\\T05 Sedekah Online\\20231005_154105\\1696495729483.png]]]]></system-out>
         <system-err><![CDATA[2023-10-05 15:48:22 - [TEST_CASE][FAILED] - Test Cases/T05 - Sedekah Online/TC-SO-017: Test Cases/T05 - Sedekah Online/TC-SO-017 FAILED.
Reason:
com.kms.katalon.core.exception.StepFailedException: Unable to verify text 'Sukses Proses Bersedekah, kami akan segera menghubungi anda! Terima kasih' is present 
	at com.kms.katalon.core.webui.keyword.internal.WebUIKeywordMain.stepFailed(WebUIKeywordMain.groovy:64)
	at com.kms.katalon.core.webui.keyword.internal.WebUIKeywordMain.runKeyword(WebUIKeywordMain.groovy:26)
	at com.kms.katalon.core.webui.keyword.builtin.VerifyTextPresentKeyword.verifyTextPresent(VerifyTextPresentKeyword.groovy:83)
	at com.kms.katalon.core.webui.keyword.builtin.VerifyTextPresentKeyword.execute(VerifyTextPresentKeyword.groovy:68)
	at com.kms.katalon.core.keyword.internal.KeywordExecutor.executeKeywordForPlatform(KeywordExecutor.groovy:74)
	at com.kms.katalon.core.webui.keyword.WebUiBuiltInKeywords.verifyTextPresent(WebUiBuiltInKeywords.groovy:1723)
	at com.kms.katalon.core.webui.keyword.WebUiBuiltInKeywords$verifyTextPresent$8.call(Unknown Source)
	at TC-SO-017.run(TC-SO-017:51)
	at com.kms.katalon.core.main.ScriptEngine.run(ScriptEngine.java:194)
	at com.kms.katalon.core.main.ScriptEngine.runScriptAsRawText(ScriptEngine.java:119)
	at com.kms.katalon.core.main.TestCaseExecutor.runScript(TestCaseExecutor.java:448)
	at com.kms.katalon.core.main.TestCaseExecutor.doExecute(TestCaseExecutor.java:439)
	at com.kms.katalon.core.main.TestCaseExecutor.processExecutionPhase(TestCaseExecutor.java:418)
	at com.kms.katalon.core.main.TestCaseExecutor.accessMainPhase(TestCaseExecutor.java:410)
	at com.kms.katalon.core.main.TestCaseExecutor.execute(TestCaseExecutor.java:285)
	at com.kms.katalon.core.common.CommonExecutor.accessTestCaseMainPhase(CommonExecutor.java:65)
	at com.kms.katalon.core.main.TestSuiteExecutor.accessTestSuiteMainPhase(TestSuiteExecutor.java:148)
	at com.kms.katalon.core.main.TestSuiteExecutor.execute(TestSuiteExecutor.java:106)
	at com.kms.katalon.core.main.TestCaseMain.startTestSuite(TestCaseMain.java:187)
	at com.kms.katalon.core.main.TestCaseMain$startTestSuite$0.call(Unknown Source)
	at TempTestSuite1696495265556.run(TempTestSuite1696495265556.groovy:36)
Caused by: com.kms.katalon.core.exception.StepFailedException: Text 'Sukses Proses Bersedekah, kami akan segera menghubungi anda! Terima kasih' is not present on page 
	at com.kms.katalon.core.webui.keyword.internal.WebUIKeywordMain.stepFailed(WebUIKeywordMain.groovy:64)
	at com.kms.katalon.core.webui.keyword.builtin.VerifyTextPresentKeyword$_verifyTextPresent_closure1.doCall(VerifyTextPresentKeyword.groovy:79)
	at com.kms.katalon.core.webui.keyword.builtin.VerifyTextPresentKeyword$_verifyTextPresent_closure1.call(VerifyTextPresentKeyword.groovy)
	at com.kms.katalon.core.webui.keyword.internal.WebUIKeywordMain.runKeyword(WebUIKeywordMain.groovy:20)
	... 19 more]]></system-err>
      </testcase>
      <testcase name="Test Cases/T05 - Sedekah Online/TC-SO-018" time="27.464" classname="Test Cases/T05 - Sedekah Online/TC-SO-018" status="PASSED">
         <system-out><![CDATA[2023-10-05 15:48:49 - [TEST_CASE][PASSED] - Test Cases/T05 - Sedekah Online/TC-SO-018: Test Cases/T05 - Sedekah Online/TC-SO-018

2023-10-05 15:48:50 - [TEST_STEP][PASSED] - callTestCase(findTestCase("T05 - Sedekah Online/TC-LS-001"), [:], STOP_ON_FAILURE): Call Test Case 'Test Cases/T05 - Sedekah Online/TC-LS-001' successfully

2023-10-05 15:48:50 - [TEST_CASE][PASSED] - Test Cases/T05 - Sedekah Online/TC-LS-001: Test Cases/T05 - Sedekah Online/TC-LS-001

2023-10-05 15:48:50 - [TEST_STEP][PASSED] - openBrowser(urlWeb): Browser is opened with url: 'https://10.9.2.63/ecommerce/'

2023-10-05 15:48:50 - [MESSAGE][WARNING] - A browser is already opened. Closing browser and opening a new one

2023-10-05 15:48:52 - [MESSAGE][INFO] - Starting 'Firefox' driver

2023-10-05 15:48:52 - [MESSAGE][INFO] - User set preference: ['args', '[window-size=1500,1000, ignore-certificate-errors, UnexpectedAlertBehaviour=ignore]']

2023-10-05 15:48:52 - [MESSAGE][INFO] - Action delay is set to 0 milliseconds

2023-10-05 15:49:00 - [MESSAGE][PASSED] - Browser is opened with url: 'https://10.9.2.63/ecommerce/'

2023-10-05 15:49:00 - [TEST_STEP][PASSED] - maximizeWindow(): Current window maximized

2023-10-05 15:49:00 - [MESSAGE][PASSED] - Current window maximized

2023-10-05 15:49:00 - [TEST_STEP][PASSED] - click(findTestObject("Login/a_Login")): Object: 'Object Repository/Login/a_Login' is clicked on

2023-10-05 15:49:01 - [MESSAGE][PASSED] - Object: 'Object Repository/Login/a_Login' is clicked on

2023-10-05 15:49:01 - [TEST_STEP][PASSED] - setText(findTestObject("Login/input_Username, Email atau No. Handphone_a"), "runa36"): Text 'runa36' is set on object 'Object Repository/Login/input_Username, Email atau No. Handphone_a'

2023-10-05 15:49:02 - [MESSAGE][PASSED] - Text 'runa36' is set on object 'Object Repository/Login/input_Username, Email atau No. Handphone_a'

2023-10-05 15:49:02 - [TEST_STEP][PASSED] - setEncryptedText(findTestObject("Login/input_Password di Login(Masuk)"), "qbkrdMwyWE4="): Text ****** has been set on object 'Object Repository/Login/input_Password di Login(Masuk)'

2023-10-05 15:49:02 - [MESSAGE][PASSED] - Text ****** has been set on object 'Object Repository/Login/input_Password di Login(Masuk)'

2023-10-05 15:49:02 - [TEST_STEP][PASSED] - click(findTestObject("Login/button_Masuk di halaman login")): Object: 'Object Repository/Login/button_Masuk di halaman login' is clicked on

2023-10-05 15:49:03 - [MESSAGE][PASSED] - Object: 'Object Repository/Login/button_Masuk di halaman login' is clicked on

2023-10-05 15:49:03 - [TEST_STEP][PASSED] - verifyElementPresent(findTestObject("Pendaftaran/verifikasi MASUK di halaman Login"), 0): Object 'Object Repository/Pendaftaran/verifikasi MASUK di halaman Login' is present

2023-10-05 15:49:03 - [MESSAGE][WARNING] - Timeout '0' is invalid. Using default page load timeout: '30'

2023-10-05 15:49:04 - [MESSAGE][PASSED] - Object 'Object Repository/Pendaftaran/verifikasi MASUK di halaman Login' is present

2023-10-05 15:49:04 - [MESSAGE][PASSED] - Call Test Case 'Test Cases/T05 - Sedekah Online/TC-LS-001' successfully

2023-10-05 15:49:04 - [TEST_STEP][PASSED] - mouseOver(findTestObject("sedekah online/a_Donasi (di halaman utama)")): Object: 'Object Repository/sedekah online/a_Donasi (di halaman utama)' is hovered

2023-10-05 15:49:05 - [MESSAGE][PASSED] - Object: 'Object Repository/sedekah online/a_Donasi (di halaman utama)' is hovered

2023-10-05 15:49:05 - [TEST_STEP][PASSED] - verifyElementClickable(findTestObject("sedekah online/a_Sedekah Online"), STOP_ON_FAILURE): Object 'Object Repository/sedekah online/a_Sedekah Online' is clickable

2023-10-05 15:49:05 - [MESSAGE][PASSED] - Object 'Object Repository/sedekah online/a_Sedekah Online' is clickable

2023-10-05 15:49:05 - [TEST_STEP][PASSED] - click(findTestObject("sedekah online/a_Sedekah Online")): Object: 'Object Repository/sedekah online/a_Sedekah Online' is clicked on

2023-10-05 15:49:06 - [MESSAGE][PASSED] - Object: 'Object Repository/sedekah online/a_Sedekah Online' is clicked on

2023-10-05 15:49:06 - [TEST_STEP][PASSED] - verifyElementPresent(findTestObject("sedekah online/verifikasi halaman sedekah Online"), 0): Object 'Object Repository/sedekah online/verifikasi halaman sedekah Online' is present

2023-10-05 15:49:06 - [MESSAGE][WARNING] - Timeout '0' is invalid. Using default page load timeout: '30'

2023-10-05 15:49:07 - [MESSAGE][PASSED] - Object 'Object Repository/sedekah online/verifikasi halaman sedekah Online' is present

2023-10-05 15:49:07 - [TEST_STEP][PASSED] - setText(findTestObject("sedekah online/input_Sedekah"), NominalSedekah): Text '25.000' is set on object 'Object Repository/sedekah online/input_Sedekah'

2023-10-05 15:49:07 - [MESSAGE][PASSED] - Text '25.000' is set on object 'Object Repository/sedekah online/input_Sedekah'

2023-10-05 15:49:07 - [TEST_STEP][PASSED] - setText(findTestObject("sedekah online/input_Nama lengkap (di sedekah online)"), namaLengkap): Text 'ikana' is set on object 'Object Repository/sedekah online/input_Nama lengkap (di sedekah online)'

2023-10-05 15:49:08 - [MESSAGE][PASSED] - Text 'ikana' is set on object 'Object Repository/sedekah online/input_Nama lengkap (di sedekah online)'

2023-10-05 15:49:08 - [TEST_STEP][PASSED] - setText(findTestObject("sedekah online/input_No Handphone (di sedekah online)"), noHp): Text '086754321234' is set on object 'Object Repository/sedekah online/input_No Handphone (di sedekah online)'

2023-10-05 15:49:09 - [MESSAGE][PASSED] - Text '086754321234' is set on object 'Object Repository/sedekah online/input_No Handphone (di sedekah online)'

2023-10-05 15:49:09 - [TEST_STEP][PASSED] - setText(findTestObject("sedekah online/input_Alamat Email (di sedekah online)"), email): Text 'anata71@gmail.com' is set on object 'Object Repository/sedekah online/input_Alamat Email (di sedekah online)'

2023-10-05 15:49:10 - [MESSAGE][PASSED] - Text 'anata71@gmail.com' is set on object 'Object Repository/sedekah online/input_Alamat Email (di sedekah online)'

2023-10-05 15:49:10 - [TEST_STEP][PASSED] - selectOptionByValue(findTestObject("Object Repository/sedekah online/dropdown metode pembayaraan"), pembayaran, false): All options with value '1' are selected in object 'Object Repository/sedekah online/dropdown metode pembayaraan' 

2023-10-05 15:49:11 - [MESSAGE][PASSED] - All options with value '1' are selected in object 'Object Repository/sedekah online/dropdown metode pembayaraan' 

2023-10-05 15:49:11 - [TEST_STEP][PASSED] - selectOptionByValue(findTestObject("Object Repository/sedekah online/sedekah ditunjukan untuk keluarga"), sedekahUntuk, false): All options with value 'Orang Tua' are selected in object 'Object Repository/sedekah online/sedekah ditunjukan untuk keluarga' 

2023-10-05 15:49:12 - [MESSAGE][PASSED] - All options with value 'Orang Tua' are selected in object 'Object Repository/sedekah online/sedekah ditunjukan untuk keluarga' 

2023-10-05 15:49:12 - [TEST_STEP][PASSED] - setText(findTestObject("sedekah online/input isi doa terbaik anda"), doa): Text 'Semoga Bermanfaat' is set on object 'Object Repository/sedekah online/input isi doa terbaik anda'

2023-10-05 15:49:13 - [MESSAGE][PASSED] - Text 'Semoga Bermanfaat' is set on object 'Object Repository/sedekah online/input isi doa terbaik anda'

2023-10-05 15:49:13 - [TEST_STEP][PASSED] - setText(findTestObject("sedekah online/input 2 digit terakhir nomor hp"), digitAkhir): Text '34' is set on object 'Object Repository/sedekah online/input 2 digit terakhir nomor hp'

2023-10-05 15:49:14 - [MESSAGE][PASSED] - Text '34' is set on object 'Object Repository/sedekah online/input 2 digit terakhir nomor hp'

2023-10-05 15:49:14 - [TEST_STEP][PASSED] - click(findTestObject("sedekah online/button_Sedekah Sekarang")): Object: 'Object Repository/sedekah online/button_Sedekah Sekarang' is clicked on

2023-10-05 15:49:15 - [MESSAGE][PASSED] - Object: 'Object Repository/sedekah online/button_Sedekah Sekarang' is clicked on

2023-10-05 15:49:15 - [TEST_STEP][PASSED] - verifyTextPresent("Sukses Proses Bersedekah, kami akan segera menghubungi anda! Terima kasih", false): Text 'Sukses Proses Bersedekah, kami akan segera menghubungi anda! Terima kasih' is present on page 

2023-10-05 15:49:17 - [MESSAGE][PASSED] - Text 'Sukses Proses Bersedekah, kami akan segera menghubungi anda! Terima kasih' is present on page]]></system-out>
         <system-err><![CDATA[]]></system-err>
      </testcase>
      <testcase name="Test Cases/T05 - Sedekah Online/TC-SO-019" time="29.758" classname="Test Cases/T05 - Sedekah Online/TC-SO-019" status="PASSED">
         <system-out><![CDATA[2023-10-05 15:49:17 - [TEST_CASE][PASSED] - Test Cases/T05 - Sedekah Online/TC-SO-019: Test Cases/T05 - Sedekah Online/TC-SO-019

2023-10-05 15:49:18 - [TEST_STEP][PASSED] - callTestCase(findTestCase("T05 - Sedekah Online/TC-LS-001"), [:], STOP_ON_FAILURE): Call Test Case 'Test Cases/T05 - Sedekah Online/TC-LS-001' successfully

2023-10-05 15:49:18 - [TEST_CASE][PASSED] - Test Cases/T05 - Sedekah Online/TC-LS-001: Test Cases/T05 - Sedekah Online/TC-LS-001

2023-10-05 15:49:18 - [TEST_STEP][PASSED] - openBrowser(urlWeb): Browser is opened with url: 'https://10.9.2.63/ecommerce/'

2023-10-05 15:49:18 - [MESSAGE][WARNING] - A browser is already opened. Closing browser and opening a new one

2023-10-05 15:49:20 - [MESSAGE][INFO] - Starting 'Firefox' driver

2023-10-05 15:49:20 - [MESSAGE][INFO] - User set preference: ['args', '[window-size=1500,1000, ignore-certificate-errors, UnexpectedAlertBehaviour=ignore]']

2023-10-05 15:49:20 - [MESSAGE][INFO] - Action delay is set to 0 milliseconds

2023-10-05 15:49:27 - [MESSAGE][PASSED] - Browser is opened with url: 'https://10.9.2.63/ecommerce/'

2023-10-05 15:49:27 - [TEST_STEP][PASSED] - maximizeWindow(): Current window maximized

2023-10-05 15:49:27 - [MESSAGE][PASSED] - Current window maximized

2023-10-05 15:49:27 - [TEST_STEP][PASSED] - click(findTestObject("Login/a_Login")): Object: 'Object Repository/Login/a_Login' is clicked on

2023-10-05 15:49:28 - [MESSAGE][PASSED] - Object: 'Object Repository/Login/a_Login' is clicked on

2023-10-05 15:49:28 - [TEST_STEP][PASSED] - setText(findTestObject("Login/input_Username, Email atau No. Handphone_a"), "runa36"): Text 'runa36' is set on object 'Object Repository/Login/input_Username, Email atau No. Handphone_a'

2023-10-05 15:49:29 - [MESSAGE][PASSED] - Text 'runa36' is set on object 'Object Repository/Login/input_Username, Email atau No. Handphone_a'

2023-10-05 15:49:29 - [TEST_STEP][PASSED] - setEncryptedText(findTestObject("Login/input_Password di Login(Masuk)"), "qbkrdMwyWE4="): Text ****** has been set on object 'Object Repository/Login/input_Password di Login(Masuk)'

2023-10-05 15:49:30 - [MESSAGE][PASSED] - Text ****** has been set on object 'Object Repository/Login/input_Password di Login(Masuk)'

2023-10-05 15:49:30 - [TEST_STEP][PASSED] - click(findTestObject("Login/button_Masuk di halaman login")): Object: 'Object Repository/Login/button_Masuk di halaman login' is clicked on

2023-10-05 15:49:31 - [MESSAGE][PASSED] - Object: 'Object Repository/Login/button_Masuk di halaman login' is clicked on

2023-10-05 15:49:31 - [TEST_STEP][PASSED] - verifyElementPresent(findTestObject("Pendaftaran/verifikasi MASUK di halaman Login"), 0): Object 'Object Repository/Pendaftaran/verifikasi MASUK di halaman Login' is present

2023-10-05 15:49:31 - [MESSAGE][WARNING] - Timeout '0' is invalid. Using default page load timeout: '30'

2023-10-05 15:49:32 - [MESSAGE][PASSED] - Object 'Object Repository/Pendaftaran/verifikasi MASUK di halaman Login' is present

2023-10-05 15:49:32 - [MESSAGE][PASSED] - Call Test Case 'Test Cases/T05 - Sedekah Online/TC-LS-001' successfully

2023-10-05 15:49:32 - [TEST_STEP][PASSED] - mouseOver(findTestObject("sedekah online/a_Donasi (di halaman utama)")): Object: 'Object Repository/sedekah online/a_Donasi (di halaman utama)' is hovered

2023-10-05 15:49:33 - [MESSAGE][PASSED] - Object: 'Object Repository/sedekah online/a_Donasi (di halaman utama)' is hovered

2023-10-05 15:49:33 - [TEST_STEP][PASSED] - verifyElementClickable(findTestObject("sedekah online/a_Sedekah Online"), STOP_ON_FAILURE): Object 'Object Repository/sedekah online/a_Sedekah Online' is clickable

2023-10-05 15:49:33 - [MESSAGE][PASSED] - Object 'Object Repository/sedekah online/a_Sedekah Online' is clickable

2023-10-05 15:49:33 - [TEST_STEP][PASSED] - click(findTestObject("sedekah online/a_Sedekah Online")): Object: 'Object Repository/sedekah online/a_Sedekah Online' is clicked on

2023-10-05 15:49:35 - [MESSAGE][PASSED] - Object: 'Object Repository/sedekah online/a_Sedekah Online' is clicked on

2023-10-05 15:49:35 - [TEST_STEP][PASSED] - verifyElementPresent(findTestObject("sedekah online/verifikasi halaman sedekah Online"), 0): Object 'Object Repository/sedekah online/verifikasi halaman sedekah Online' is present

2023-10-05 15:49:35 - [MESSAGE][WARNING] - Timeout '0' is invalid. Using default page load timeout: '30'

2023-10-05 15:49:35 - [MESSAGE][PASSED] - Object 'Object Repository/sedekah online/verifikasi halaman sedekah Online' is present

2023-10-05 15:49:35 - [TEST_STEP][PASSED] - setText(findTestObject("sedekah online/input_Sedekah"), NominalSedekah): Text '25,000' is set on object 'Object Repository/sedekah online/input_Sedekah'

2023-10-05 15:49:36 - [MESSAGE][PASSED] - Text '25,000' is set on object 'Object Repository/sedekah online/input_Sedekah'

2023-10-05 15:49:36 - [TEST_STEP][PASSED] - setText(findTestObject("sedekah online/input_Nama lengkap (di sedekah online)"), namaLengkap): Text 'ikana' is set on object 'Object Repository/sedekah online/input_Nama lengkap (di sedekah online)'

2023-10-05 15:49:37 - [MESSAGE][PASSED] - Text 'ikana' is set on object 'Object Repository/sedekah online/input_Nama lengkap (di sedekah online)'

2023-10-05 15:49:37 - [TEST_STEP][PASSED] - setText(findTestObject("sedekah online/input_No Handphone (di sedekah online)"), noHp): Text '086754321234' is set on object 'Object Repository/sedekah online/input_No Handphone (di sedekah online)'

2023-10-05 15:49:38 - [MESSAGE][PASSED] - Text '086754321234' is set on object 'Object Repository/sedekah online/input_No Handphone (di sedekah online)'

2023-10-05 15:49:38 - [TEST_STEP][PASSED] - setText(findTestObject("sedekah online/input_Alamat Email (di sedekah online)"), email): Text 'anata71@gmail.com' is set on object 'Object Repository/sedekah online/input_Alamat Email (di sedekah online)'

2023-10-05 15:49:39 - [MESSAGE][PASSED] - Text 'anata71@gmail.com' is set on object 'Object Repository/sedekah online/input_Alamat Email (di sedekah online)'

2023-10-05 15:49:39 - [TEST_STEP][PASSED] - selectOptionByValue(findTestObject("Object Repository/sedekah online/dropdown metode pembayaraan"), pembayaran, false): All options with value '1' are selected in object 'Object Repository/sedekah online/dropdown metode pembayaraan' 

2023-10-05 15:49:41 - [MESSAGE][PASSED] - All options with value '1' are selected in object 'Object Repository/sedekah online/dropdown metode pembayaraan' 

2023-10-05 15:49:41 - [TEST_STEP][PASSED] - selectOptionByValue(findTestObject("Object Repository/sedekah online/sedekah ditunjukan untuk keluarga"), sedekahUntuk, false): All options with value 'Orang Tua' are selected in object 'Object Repository/sedekah online/sedekah ditunjukan untuk keluarga' 

2023-10-05 15:49:41 - [MESSAGE][PASSED] - All options with value 'Orang Tua' are selected in object 'Object Repository/sedekah online/sedekah ditunjukan untuk keluarga' 

2023-10-05 15:49:41 - [TEST_STEP][PASSED] - setText(findTestObject("sedekah online/input isi doa terbaik anda"), doa): Text 'Semoga Bermanfaat' is set on object 'Object Repository/sedekah online/input isi doa terbaik anda'

2023-10-05 15:49:42 - [MESSAGE][PASSED] - Text 'Semoga Bermanfaat' is set on object 'Object Repository/sedekah online/input isi doa terbaik anda'

2023-10-05 15:49:42 - [TEST_STEP][PASSED] - setText(findTestObject("sedekah online/input 2 digit terakhir nomor hp"), digitAkhir): Text '34' is set on object 'Object Repository/sedekah online/input 2 digit terakhir nomor hp'

2023-10-05 15:49:43 - [MESSAGE][PASSED] - Text '34' is set on object 'Object Repository/sedekah online/input 2 digit terakhir nomor hp'

2023-10-05 15:49:43 - [TEST_STEP][PASSED] - click(findTestObject("sedekah online/button_Sedekah Sekarang")): Object: 'Object Repository/sedekah online/button_Sedekah Sekarang' is clicked on

2023-10-05 15:49:45 - [MESSAGE][PASSED] - Object: 'Object Repository/sedekah online/button_Sedekah Sekarang' is clicked on

2023-10-05 15:49:45 - [TEST_STEP][PASSED] - verifyTextPresent("Sukses Proses Bersedekah, kami akan segera menghubungi anda! Terima kasih", false): Text 'Sukses Proses Bersedekah, kami akan segera menghubungi anda! Terima kasih' is present on page 

2023-10-05 15:49:46 - [MESSAGE][PASSED] - Text 'Sukses Proses Bersedekah, kami akan segera menghubungi anda! Terima kasih' is present on page]]></system-out>
         <system-err><![CDATA[]]></system-err>
      </testcase>
      <testcase name="Test Cases/T05 - Sedekah Online/TC-SO-020" time="28.781" classname="Test Cases/T05 - Sedekah Online/TC-SO-020" status="PASSED">
         <system-out><![CDATA[2023-10-05 15:49:46 - [TEST_CASE][PASSED] - Test Cases/T05 - Sedekah Online/TC-SO-020: Test Cases/T05 - Sedekah Online/TC-SO-020

2023-10-05 15:49:48 - [TEST_STEP][PASSED] - callTestCase(findTestCase("T05 - Sedekah Online/TC-LS-001"), [:], STOP_ON_FAILURE): Call Test Case 'Test Cases/T05 - Sedekah Online/TC-LS-001' successfully

2023-10-05 15:49:48 - [TEST_CASE][PASSED] - Test Cases/T05 - Sedekah Online/TC-LS-001: Test Cases/T05 - Sedekah Online/TC-LS-001

2023-10-05 15:49:48 - [TEST_STEP][PASSED] - openBrowser(urlWeb): Browser is opened with url: 'https://10.9.2.63/ecommerce/'

2023-10-05 15:49:48 - [MESSAGE][WARNING] - A browser is already opened. Closing browser and opening a new one

2023-10-05 15:49:49 - [MESSAGE][INFO] - Starting 'Firefox' driver

2023-10-05 15:49:49 - [MESSAGE][INFO] - User set preference: ['args', '[window-size=1500,1000, ignore-certificate-errors, UnexpectedAlertBehaviour=ignore]']

2023-10-05 15:49:49 - [MESSAGE][INFO] - Action delay is set to 0 milliseconds

2023-10-05 15:49:57 - [MESSAGE][PASSED] - Browser is opened with url: 'https://10.9.2.63/ecommerce/'

2023-10-05 15:49:57 - [TEST_STEP][PASSED] - maximizeWindow(): Current window maximized

2023-10-05 15:49:57 - [MESSAGE][PASSED] - Current window maximized

2023-10-05 15:49:57 - [TEST_STEP][PASSED] - click(findTestObject("Login/a_Login")): Object: 'Object Repository/Login/a_Login' is clicked on

2023-10-05 15:49:57 - [MESSAGE][PASSED] - Object: 'Object Repository/Login/a_Login' is clicked on

2023-10-05 15:49:57 - [TEST_STEP][PASSED] - setText(findTestObject("Login/input_Username, Email atau No. Handphone_a"), "runa36"): Text 'runa36' is set on object 'Object Repository/Login/input_Username, Email atau No. Handphone_a'

2023-10-05 15:49:58 - [MESSAGE][PASSED] - Text 'runa36' is set on object 'Object Repository/Login/input_Username, Email atau No. Handphone_a'

2023-10-05 15:49:58 - [TEST_STEP][PASSED] - setEncryptedText(findTestObject("Login/input_Password di Login(Masuk)"), "qbkrdMwyWE4="): Text ****** has been set on object 'Object Repository/Login/input_Password di Login(Masuk)'

2023-10-05 15:49:59 - [MESSAGE][PASSED] - Text ****** has been set on object 'Object Repository/Login/input_Password di Login(Masuk)'

2023-10-05 15:49:59 - [TEST_STEP][PASSED] - click(findTestObject("Login/button_Masuk di halaman login")): Object: 'Object Repository/Login/button_Masuk di halaman login' is clicked on

2023-10-05 15:50:01 - [MESSAGE][PASSED] - Object: 'Object Repository/Login/button_Masuk di halaman login' is clicked on

2023-10-05 15:50:01 - [TEST_STEP][PASSED] - verifyElementPresent(findTestObject("Pendaftaran/verifikasi MASUK di halaman Login"), 0): Object 'Object Repository/Pendaftaran/verifikasi MASUK di halaman Login' is present

2023-10-05 15:50:01 - [MESSAGE][WARNING] - Timeout '0' is invalid. Using default page load timeout: '30'

2023-10-05 15:50:01 - [MESSAGE][PASSED] - Object 'Object Repository/Pendaftaran/verifikasi MASUK di halaman Login' is present

2023-10-05 15:50:01 - [MESSAGE][PASSED] - Call Test Case 'Test Cases/T05 - Sedekah Online/TC-LS-001' successfully

2023-10-05 15:50:01 - [TEST_STEP][PASSED] - mouseOver(findTestObject("sedekah online/a_Donasi (di halaman utama)")): Object: 'Object Repository/sedekah online/a_Donasi (di halaman utama)' is hovered

2023-10-05 15:50:02 - [MESSAGE][PASSED] - Object: 'Object Repository/sedekah online/a_Donasi (di halaman utama)' is hovered

2023-10-05 15:50:02 - [TEST_STEP][PASSED] - verifyElementClickable(findTestObject("sedekah online/a_Sedekah Online"), STOP_ON_FAILURE): Object 'Object Repository/sedekah online/a_Sedekah Online' is clickable

2023-10-05 15:50:03 - [MESSAGE][PASSED] - Object 'Object Repository/sedekah online/a_Sedekah Online' is clickable

2023-10-05 15:50:03 - [TEST_STEP][PASSED] - click(findTestObject("sedekah online/a_Sedekah Online")): Object: 'Object Repository/sedekah online/a_Sedekah Online' is clicked on

2023-10-05 15:50:04 - [MESSAGE][PASSED] - Object: 'Object Repository/sedekah online/a_Sedekah Online' is clicked on

2023-10-05 15:50:04 - [TEST_STEP][PASSED] - verifyElementPresent(findTestObject("sedekah online/verifikasi halaman sedekah Online"), 0): Object 'Object Repository/sedekah online/verifikasi halaman sedekah Online' is present

2023-10-05 15:50:04 - [MESSAGE][WARNING] - Timeout '0' is invalid. Using default page load timeout: '30'

2023-10-05 15:50:05 - [MESSAGE][PASSED] - Object 'Object Repository/sedekah online/verifikasi halaman sedekah Online' is present

2023-10-05 15:50:05 - [TEST_STEP][PASSED] - setText(findTestObject("sedekah online/input_Sedekah"), NominalSedekah): Text '25000' is set on object 'Object Repository/sedekah online/input_Sedekah'

2023-10-05 15:50:06 - [MESSAGE][PASSED] - Text '25000' is set on object 'Object Repository/sedekah online/input_Sedekah'

2023-10-05 15:50:06 - [TEST_STEP][PASSED] - setText(findTestObject("sedekah online/input_Nama lengkap (di sedekah online)"), namaLengkap): Text 'john due' is set on object 'Object Repository/sedekah online/input_Nama lengkap (di sedekah online)'

2023-10-05 15:50:07 - [MESSAGE][PASSED] - Text 'john due' is set on object 'Object Repository/sedekah online/input_Nama lengkap (di sedekah online)'

2023-10-05 15:50:07 - [TEST_STEP][PASSED] - setText(findTestObject("sedekah online/input_No Handphone (di sedekah online)"), noHp): Text '086754321234' is set on object 'Object Repository/sedekah online/input_No Handphone (di sedekah online)'

2023-10-05 15:50:08 - [MESSAGE][PASSED] - Text '086754321234' is set on object 'Object Repository/sedekah online/input_No Handphone (di sedekah online)'

2023-10-05 15:50:08 - [TEST_STEP][PASSED] - setText(findTestObject("sedekah online/input_Alamat Email (di sedekah online)"), email): Text 'johanduot@student.uin-suka.ac.id' is set on object 'Object Repository/sedekah online/input_Alamat Email (di sedekah online)'

2023-10-05 15:50:09 - [MESSAGE][PASSED] - Text 'johanduot@student.uin-suka.ac.id' is set on object 'Object Repository/sedekah online/input_Alamat Email (di sedekah online)'

2023-10-05 15:50:09 - [TEST_STEP][PASSED] - selectOptionByValue(findTestObject("Object Repository/sedekah online/dropdown metode pembayaraan"), pembayaran, false): All options with value '1' are selected in object 'Object Repository/sedekah online/dropdown metode pembayaraan' 

2023-10-05 15:50:10 - [MESSAGE][PASSED] - All options with value '1' are selected in object 'Object Repository/sedekah online/dropdown metode pembayaraan' 

2023-10-05 15:50:10 - [TEST_STEP][PASSED] - selectOptionByValue(findTestObject("Object Repository/sedekah online/sedekah ditunjukan untuk keluarga"), sedekahUntuk, false): All options with value 'Orang Tua' are selected in object 'Object Repository/sedekah online/sedekah ditunjukan untuk keluarga' 

2023-10-05 15:50:11 - [MESSAGE][PASSED] - All options with value 'Orang Tua' are selected in object 'Object Repository/sedekah online/sedekah ditunjukan untuk keluarga' 

2023-10-05 15:50:11 - [TEST_STEP][PASSED] - setText(findTestObject("sedekah online/input isi doa terbaik anda"), doa): Text 'Semoga Bermanfaat' is set on object 'Object Repository/sedekah online/input isi doa terbaik anda'

2023-10-05 15:50:12 - [MESSAGE][PASSED] - Text 'Semoga Bermanfaat' is set on object 'Object Repository/sedekah online/input isi doa terbaik anda'

2023-10-05 15:50:12 - [TEST_STEP][PASSED] - setText(findTestObject("sedekah online/input 2 digit terakhir nomor hp"), digitAkhir): Text '34' is set on object 'Object Repository/sedekah online/input 2 digit terakhir nomor hp'

2023-10-05 15:50:13 - [MESSAGE][PASSED] - Text '34' is set on object 'Object Repository/sedekah online/input 2 digit terakhir nomor hp'

2023-10-05 15:50:13 - [TEST_STEP][PASSED] - click(findTestObject("sedekah online/button_Sedekah Sekarang")): Object: 'Object Repository/sedekah online/button_Sedekah Sekarang' is clicked on

2023-10-05 15:50:14 - [MESSAGE][PASSED] - Object: 'Object Repository/sedekah online/button_Sedekah Sekarang' is clicked on

2023-10-05 15:50:14 - [TEST_STEP][PASSED] - verifyTextPresent("Sukses Proses Bersedekah, kami akan segera menghubungi anda! Terima kasih", false): Text 'Sukses Proses Bersedekah, kami akan segera menghubungi anda! Terima kasih' is present on page 

2023-10-05 15:50:15 - [MESSAGE][PASSED] - Text 'Sukses Proses Bersedekah, kami akan segera menghubungi anda! Terima kasih' is present on page]]></system-out>
         <system-err><![CDATA[]]></system-err>
      </testcase>
      <testcase name="Test Cases/T05 - Sedekah Online/TC-SO-021" time="29.631" classname="Test Cases/T05 - Sedekah Online/TC-SO-021" status="PASSED">
         <system-out><![CDATA[2023-10-05 15:50:15 - [TEST_CASE][PASSED] - Test Cases/T05 - Sedekah Online/TC-SO-021: Test Cases/T05 - Sedekah Online/TC-SO-021

2023-10-05 15:50:16 - [TEST_STEP][PASSED] - callTestCase(findTestCase("T05 - Sedekah Online/TC-LS-001"), [:], STOP_ON_FAILURE): Call Test Case 'Test Cases/T05 - Sedekah Online/TC-LS-001' successfully

2023-10-05 15:50:16 - [TEST_CASE][PASSED] - Test Cases/T05 - Sedekah Online/TC-LS-001: Test Cases/T05 - Sedekah Online/TC-LS-001

2023-10-05 15:50:16 - [TEST_STEP][PASSED] - openBrowser(urlWeb): Browser is opened with url: 'https://10.9.2.63/ecommerce/'

2023-10-05 15:50:16 - [MESSAGE][WARNING] - A browser is already opened. Closing browser and opening a new one

2023-10-05 15:50:18 - [MESSAGE][INFO] - Starting 'Firefox' driver

2023-10-05 15:50:18 - [MESSAGE][INFO] - User set preference: ['args', '[window-size=1500,1000, ignore-certificate-errors, UnexpectedAlertBehaviour=ignore]']

2023-10-05 15:50:18 - [MESSAGE][INFO] - Action delay is set to 0 milliseconds

2023-10-05 15:50:27 - [MESSAGE][PASSED] - Browser is opened with url: 'https://10.9.2.63/ecommerce/'

2023-10-05 15:50:27 - [TEST_STEP][PASSED] - maximizeWindow(): Current window maximized

2023-10-05 15:50:27 - [MESSAGE][PASSED] - Current window maximized

2023-10-05 15:50:27 - [TEST_STEP][PASSED] - click(findTestObject("Login/a_Login")): Object: 'Object Repository/Login/a_Login' is clicked on

2023-10-05 15:50:28 - [MESSAGE][PASSED] - Object: 'Object Repository/Login/a_Login' is clicked on

2023-10-05 15:50:28 - [TEST_STEP][PASSED] - setText(findTestObject("Login/input_Username, Email atau No. Handphone_a"), "runa36"): Text 'runa36' is set on object 'Object Repository/Login/input_Username, Email atau No. Handphone_a'

2023-10-05 15:50:29 - [MESSAGE][PASSED] - Text 'runa36' is set on object 'Object Repository/Login/input_Username, Email atau No. Handphone_a'

2023-10-05 15:50:29 - [TEST_STEP][PASSED] - setEncryptedText(findTestObject("Login/input_Password di Login(Masuk)"), "qbkrdMwyWE4="): Text ****** has been set on object 'Object Repository/Login/input_Password di Login(Masuk)'

2023-10-05 15:50:29 - [MESSAGE][PASSED] - Text ****** has been set on object 'Object Repository/Login/input_Password di Login(Masuk)'

2023-10-05 15:50:29 - [TEST_STEP][PASSED] - click(findTestObject("Login/button_Masuk di halaman login")): Object: 'Object Repository/Login/button_Masuk di halaman login' is clicked on

2023-10-05 15:50:30 - [MESSAGE][PASSED] - Object: 'Object Repository/Login/button_Masuk di halaman login' is clicked on

2023-10-05 15:50:30 - [TEST_STEP][PASSED] - verifyElementPresent(findTestObject("Pendaftaran/verifikasi MASUK di halaman Login"), 0): Object 'Object Repository/Pendaftaran/verifikasi MASUK di halaman Login' is present

2023-10-05 15:50:31 - [MESSAGE][WARNING] - Timeout '0' is invalid. Using default page load timeout: '30'

2023-10-05 15:50:31 - [MESSAGE][PASSED] - Object 'Object Repository/Pendaftaran/verifikasi MASUK di halaman Login' is present

2023-10-05 15:50:31 - [MESSAGE][PASSED] - Call Test Case 'Test Cases/T05 - Sedekah Online/TC-LS-001' successfully

2023-10-05 15:50:31 - [TEST_STEP][PASSED] - mouseOver(findTestObject("sedekah online/a_Donasi (di halaman utama)")): Object: 'Object Repository/sedekah online/a_Donasi (di halaman utama)' is hovered

2023-10-05 15:50:32 - [MESSAGE][PASSED] - Object: 'Object Repository/sedekah online/a_Donasi (di halaman utama)' is hovered

2023-10-05 15:50:32 - [TEST_STEP][PASSED] - verifyElementClickable(findTestObject("sedekah online/a_Sedekah Online"), STOP_ON_FAILURE): Object 'Object Repository/sedekah online/a_Sedekah Online' is clickable

2023-10-05 15:50:32 - [MESSAGE][PASSED] - Object 'Object Repository/sedekah online/a_Sedekah Online' is clickable

2023-10-05 15:50:32 - [TEST_STEP][PASSED] - click(findTestObject("sedekah online/a_Sedekah Online")): Object: 'Object Repository/sedekah online/a_Sedekah Online' is clicked on

2023-10-05 15:50:33 - [MESSAGE][PASSED] - Object: 'Object Repository/sedekah online/a_Sedekah Online' is clicked on

2023-10-05 15:50:33 - [TEST_STEP][PASSED] - verifyElementPresent(findTestObject("sedekah online/verifikasi halaman sedekah Online"), 0): Object 'Object Repository/sedekah online/verifikasi halaman sedekah Online' is present

2023-10-05 15:50:34 - [MESSAGE][WARNING] - Timeout '0' is invalid. Using default page load timeout: '30'

2023-10-05 15:50:34 - [MESSAGE][PASSED] - Object 'Object Repository/sedekah online/verifikasi halaman sedekah Online' is present

2023-10-05 15:50:34 - [TEST_STEP][PASSED] - setText(findTestObject("sedekah online/input_Sedekah"), NominalSedekah): Text '25000' is set on object 'Object Repository/sedekah online/input_Sedekah'

2023-10-05 15:50:35 - [MESSAGE][PASSED] - Text '25000' is set on object 'Object Repository/sedekah online/input_Sedekah'

2023-10-05 15:50:35 - [TEST_STEP][PASSED] - setText(findTestObject("sedekah online/input_Nama lengkap (di sedekah online)"), namaLengkap): Text 'john due' is set on object 'Object Repository/sedekah online/input_Nama lengkap (di sedekah online)'

2023-10-05 15:50:36 - [MESSAGE][PASSED] - Text 'john due' is set on object 'Object Repository/sedekah online/input_Nama lengkap (di sedekah online)'

2023-10-05 15:50:36 - [TEST_STEP][PASSED] - setText(findTestObject("sedekah online/input_No Handphone (di sedekah online)"), noHp): Text '086754321234' is set on object 'Object Repository/sedekah online/input_No Handphone (di sedekah online)'

2023-10-05 15:50:37 - [MESSAGE][PASSED] - Text '086754321234' is set on object 'Object Repository/sedekah online/input_No Handphone (di sedekah online)'

2023-10-05 15:50:37 - [TEST_STEP][PASSED] - setText(findTestObject("sedekah online/input_Alamat Email (di sedekah online)"), email): Text 'john@xsis.co.id' is set on object 'Object Repository/sedekah online/input_Alamat Email (di sedekah online)'

2023-10-05 15:50:39 - [MESSAGE][PASSED] - Text 'john@xsis.co.id' is set on object 'Object Repository/sedekah online/input_Alamat Email (di sedekah online)'

2023-10-05 15:50:39 - [TEST_STEP][PASSED] - selectOptionByValue(findTestObject("Object Repository/sedekah online/dropdown metode pembayaraan"), pembayaran, false): All options with value '1' are selected in object 'Object Repository/sedekah online/dropdown metode pembayaraan' 

2023-10-05 15:50:40 - [MESSAGE][PASSED] - All options with value '1' are selected in object 'Object Repository/sedekah online/dropdown metode pembayaraan' 

2023-10-05 15:50:40 - [TEST_STEP][PASSED] - selectOptionByValue(findTestObject("Object Repository/sedekah online/sedekah ditunjukan untuk keluarga"), sedekahUntuk, false): All options with value 'Orang Tua' are selected in object 'Object Repository/sedekah online/sedekah ditunjukan untuk keluarga' 

2023-10-05 15:50:41 - [MESSAGE][PASSED] - All options with value 'Orang Tua' are selected in object 'Object Repository/sedekah online/sedekah ditunjukan untuk keluarga' 

2023-10-05 15:50:41 - [TEST_STEP][PASSED] - setText(findTestObject("sedekah online/input isi doa terbaik anda"), doa): Text 'Semoga Bermanfaat' is set on object 'Object Repository/sedekah online/input isi doa terbaik anda'

2023-10-05 15:50:42 - [MESSAGE][PASSED] - Text 'Semoga Bermanfaat' is set on object 'Object Repository/sedekah online/input isi doa terbaik anda'

2023-10-05 15:50:42 - [TEST_STEP][PASSED] - setText(findTestObject("sedekah online/input 2 digit terakhir nomor hp"), digitAkhir): Text '34' is set on object 'Object Repository/sedekah online/input 2 digit terakhir nomor hp'

2023-10-05 15:50:43 - [MESSAGE][PASSED] - Text '34' is set on object 'Object Repository/sedekah online/input 2 digit terakhir nomor hp'

2023-10-05 15:50:43 - [TEST_STEP][PASSED] - click(findTestObject("sedekah online/button_Sedekah Sekarang")): Object: 'Object Repository/sedekah online/button_Sedekah Sekarang' is clicked on

2023-10-05 15:50:44 - [MESSAGE][PASSED] - Object: 'Object Repository/sedekah online/button_Sedekah Sekarang' is clicked on

2023-10-05 15:50:44 - [TEST_STEP][PASSED] - verifyTextPresent("Sukses Proses Bersedekah, kami akan segera menghubungi anda! Terima kasih", false): Text 'Sukses Proses Bersedekah, kami akan segera menghubungi anda! Terima kasih' is present on page 

2023-10-05 15:50:45 - [MESSAGE][PASSED] - Text 'Sukses Proses Bersedekah, kami akan segera menghubungi anda! Terima kasih' is present on page]]></system-out>
         <system-err><![CDATA[]]></system-err>
      </testcase>
      <testcase name="Test Cases/T05 - Sedekah Online/TC-SO-022" time="28.097" classname="Test Cases/T05 - Sedekah Online/TC-SO-022" status="FAILED">
         <failure type="FAILED" message="Test Cases/T05 - Sedekah Online/TC-SO-022 FAILED.
Reason:
com.kms.katalon.core.exception.StepFailedException: Unable to verify text 'Sukses Proses Bersedekah, kami akan segera menghubungi anda! Terima kasih' is present 
	at com.kms.katalon.core.webui.keyword.internal.WebUIKeywordMain.stepFailed(WebUIKeywordMain.groovy:64)
	at com.kms.katalon.core.webui.keyword.internal.WebUIKeywordMain.runKeyword(WebUIKeywordMain.groovy:26)
	at com.kms.katalon.core.webui.keyword.builtin.VerifyTextPresentKeyword.verifyTextPresent(VerifyTextPresentKeyword.groovy:83)
	at com.kms.katalon.core.webui.keyword.builtin.VerifyTextPresentKeyword.execute(VerifyTextPresentKeyword.groovy:68)
	at com.kms.katalon.core.keyword.internal.KeywordExecutor.executeKeywordForPlatform(KeywordExecutor.groovy:74)
	at com.kms.katalon.core.webui.keyword.WebUiBuiltInKeywords.verifyTextPresent(WebUiBuiltInKeywords.groovy:1723)
	at com.kms.katalon.core.webui.keyword.WebUiBuiltInKeywords$verifyTextPresent$8.call(Unknown Source)
	at TC-SO-022.run(TC-SO-022:51)
	at com.kms.katalon.core.main.ScriptEngine.run(ScriptEngine.java:194)
	at com.kms.katalon.core.main.ScriptEngine.runScriptAsRawText(ScriptEngine.java:119)
	at com.kms.katalon.core.main.TestCaseExecutor.runScript(TestCaseExecutor.java:448)
	at com.kms.katalon.core.main.TestCaseExecutor.doExecute(TestCaseExecutor.java:439)
	at com.kms.katalon.core.main.TestCaseExecutor.processExecutionPhase(TestCaseExecutor.java:418)
	at com.kms.katalon.core.main.TestCaseExecutor.accessMainPhase(TestCaseExecutor.java:410)
	at com.kms.katalon.core.main.TestCaseExecutor.execute(TestCaseExecutor.java:285)
	at com.kms.katalon.core.common.CommonExecutor.accessTestCaseMainPhase(CommonExecutor.java:65)
	at com.kms.katalon.core.main.TestSuiteExecutor.accessTestSuiteMainPhase(TestSuiteExecutor.java:148)
	at com.kms.katalon.core.main.TestSuiteExecutor.execute(TestSuiteExecutor.java:106)
	at com.kms.katalon.core.main.TestCaseMain.startTestSuite(TestCaseMain.java:187)
	at com.kms.katalon.core.main.TestCaseMain$startTestSuite$0.call(Unknown Source)
	at TempTestSuite1696495265556.run(TempTestSuite1696495265556.groovy:36)
Caused by: com.kms.katalon.core.exception.StepFailedException: Text 'Sukses Proses Bersedekah, kami akan segera menghubungi anda! Terima kasih' is not present on page 
	at com.kms.katalon.core.webui.keyword.internal.WebUIKeywordMain.stepFailed(WebUIKeywordMain.groovy:64)
	at com.kms.katalon.core.webui.keyword.builtin.VerifyTextPresentKeyword$_verifyTextPresent_closure1.doCall(VerifyTextPresentKeyword.groovy:79)
	at com.kms.katalon.core.webui.keyword.builtin.VerifyTextPresentKeyword$_verifyTextPresent_closure1.call(VerifyTextPresentKeyword.groovy)
	at com.kms.katalon.core.webui.keyword.internal.WebUIKeywordMain.runKeyword(WebUIKeywordMain.groovy:20)
	... 19 more
"/>
         <system-out><![CDATA[2023-10-05 15:50:45 - [TEST_CASE][FAILED] - Test Cases/T05 - Sedekah Online/TC-SO-022: Test Cases/T05 - Sedekah Online/TC-SO-022 FAILED.
Reason:
com.kms.katalon.core.exception.StepFailedException: Unable to verify text 'Sukses Proses Bersedekah, kami akan segera menghubungi anda! Terima kasih' is present 
	at com.kms.katalon.core.webui.keyword.internal.WebUIKeywordMain.stepFailed(WebUIKeywordMain.groovy:64)
	at com.kms.katalon.core.webui.keyword.internal.WebUIKeywordMain.runKeyword(WebUIKeywordMain.groovy:26)
	at com.kms.katalon.core.webui.keyword.builtin.VerifyTextPresentKeyword.verifyTextPresent(VerifyTextPresentKeyword.groovy:83)
	at com.kms.katalon.core.webui.keyword.builtin.VerifyTextPresentKeyword.execute(VerifyTextPresentKeyword.groovy:68)
	at com.kms.katalon.core.keyword.internal.KeywordExecutor.executeKeywordForPlatform(KeywordExecutor.groovy:74)
	at com.kms.katalon.core.webui.keyword.WebUiBuiltInKeywords.verifyTextPresent(WebUiBuiltInKeywords.groovy:1723)
	at com.kms.katalon.core.webui.keyword.WebUiBuiltInKeywords$verifyTextPresent$8.call(Unknown Source)
	at TC-SO-022.run(TC-SO-022:51)
	at com.kms.katalon.core.main.ScriptEngine.run(ScriptEngine.java:194)
	at com.kms.katalon.core.main.ScriptEngine.runScriptAsRawText(ScriptEngine.java:119)
	at com.kms.katalon.core.main.TestCaseExecutor.runScript(TestCaseExecutor.java:448)
	at com.kms.katalon.core.main.TestCaseExecutor.doExecute(TestCaseExecutor.java:439)
	at com.kms.katalon.core.main.TestCaseExecutor.processExecutionPhase(TestCaseExecutor.java:418)
	at com.kms.katalon.core.main.TestCaseExecutor.accessMainPhase(TestCaseExecutor.java:410)
	at com.kms.katalon.core.main.TestCaseExecutor.execute(TestCaseExecutor.java:285)
	at com.kms.katalon.core.common.CommonExecutor.accessTestCaseMainPhase(CommonExecutor.java:65)
	at com.kms.katalon.core.main.TestSuiteExecutor.accessTestSuiteMainPhase(TestSuiteExecutor.java:148)
	at com.kms.katalon.core.main.TestSuiteExecutor.execute(TestSuiteExecutor.java:106)
	at com.kms.katalon.core.main.TestCaseMain.startTestSuite(TestCaseMain.java:187)
	at com.kms.katalon.core.main.TestCaseMain$startTestSuite$0.call(Unknown Source)
	at TempTestSuite1696495265556.run(TempTestSuite1696495265556.groovy:36)
Caused by: com.kms.katalon.core.exception.StepFailedException: Text 'Sukses Proses Bersedekah, kami akan segera menghubungi anda! Terima kasih' is not present on page 
	at com.kms.katalon.core.webui.keyword.internal.WebUIKeywordMain.stepFailed(WebUIKeywordMain.groovy:64)
	at com.kms.katalon.core.webui.keyword.builtin.VerifyTextPresentKeyword$_verifyTextPresent_closure1.doCall(VerifyTextPresentKeyword.groovy:79)
	at com.kms.katalon.core.webui.keyword.builtin.VerifyTextPresentKeyword$_verifyTextPresent_closure1.call(VerifyTextPresentKeyword.groovy)
	at com.kms.katalon.core.webui.keyword.internal.WebUIKeywordMain.runKeyword(WebUIKeywordMain.groovy:20)
	... 19 more


2023-10-05 15:50:46 - [TEST_STEP][PASSED] - callTestCase(findTestCase("T05 - Sedekah Online/TC-LS-001"), [:], STOP_ON_FAILURE): Call Test Case 'Test Cases/T05 - Sedekah Online/TC-LS-001' successfully

2023-10-05 15:50:46 - [TEST_CASE][PASSED] - Test Cases/T05 - Sedekah Online/TC-LS-001: Test Cases/T05 - Sedekah Online/TC-LS-001

2023-10-05 15:50:46 - [TEST_STEP][PASSED] - openBrowser(urlWeb): Browser is opened with url: 'https://10.9.2.63/ecommerce/'

2023-10-05 15:50:46 - [MESSAGE][WARNING] - A browser is already opened. Closing browser and opening a new one

2023-10-05 15:50:48 - [MESSAGE][INFO] - Starting 'Firefox' driver

2023-10-05 15:50:48 - [MESSAGE][INFO] - User set preference: ['args', '[window-size=1500,1000, ignore-certificate-errors, UnexpectedAlertBehaviour=ignore]']

2023-10-05 15:50:48 - [MESSAGE][INFO] - Action delay is set to 0 milliseconds

2023-10-05 15:50:55 - [MESSAGE][PASSED] - Browser is opened with url: 'https://10.9.2.63/ecommerce/'

2023-10-05 15:50:55 - [TEST_STEP][PASSED] - maximizeWindow(): Current window maximized

2023-10-05 15:50:55 - [MESSAGE][PASSED] - Current window maximized

2023-10-05 15:50:55 - [TEST_STEP][PASSED] - click(findTestObject("Login/a_Login")): Object: 'Object Repository/Login/a_Login' is clicked on

2023-10-05 15:50:56 - [MESSAGE][PASSED] - Object: 'Object Repository/Login/a_Login' is clicked on

2023-10-05 15:50:56 - [TEST_STEP][PASSED] - setText(findTestObject("Login/input_Username, Email atau No. Handphone_a"), "runa36"): Text 'runa36' is set on object 'Object Repository/Login/input_Username, Email atau No. Handphone_a'

2023-10-05 15:50:57 - [MESSAGE][PASSED] - Text 'runa36' is set on object 'Object Repository/Login/input_Username, Email atau No. Handphone_a'

2023-10-05 15:50:57 - [TEST_STEP][PASSED] - setEncryptedText(findTestObject("Login/input_Password di Login(Masuk)"), "qbkrdMwyWE4="): Text ****** has been set on object 'Object Repository/Login/input_Password di Login(Masuk)'

2023-10-05 15:50:58 - [MESSAGE][PASSED] - Text ****** has been set on object 'Object Repository/Login/input_Password di Login(Masuk)'

2023-10-05 15:50:58 - [TEST_STEP][PASSED] - click(findTestObject("Login/button_Masuk di halaman login")): Object: 'Object Repository/Login/button_Masuk di halaman login' is clicked on

2023-10-05 15:50:59 - [MESSAGE][PASSED] - Object: 'Object Repository/Login/button_Masuk di halaman login' is clicked on

2023-10-05 15:50:59 - [TEST_STEP][PASSED] - verifyElementPresent(findTestObject("Pendaftaran/verifikasi MASUK di halaman Login"), 0): Object 'Object Repository/Pendaftaran/verifikasi MASUK di halaman Login' is present

2023-10-05 15:50:59 - [MESSAGE][WARNING] - Timeout '0' is invalid. Using default page load timeout: '30'

2023-10-05 15:51:00 - [MESSAGE][PASSED] - Object 'Object Repository/Pendaftaran/verifikasi MASUK di halaman Login' is present

2023-10-05 15:51:00 - [MESSAGE][PASSED] - Call Test Case 'Test Cases/T05 - Sedekah Online/TC-LS-001' successfully

2023-10-05 15:51:00 - [TEST_STEP][PASSED] - mouseOver(findTestObject("sedekah online/a_Donasi (di halaman utama)")): Object: 'Object Repository/sedekah online/a_Donasi (di halaman utama)' is hovered

2023-10-05 15:51:01 - [MESSAGE][PASSED] - Object: 'Object Repository/sedekah online/a_Donasi (di halaman utama)' is hovered

2023-10-05 15:51:01 - [TEST_STEP][PASSED] - verifyElementClickable(findTestObject("sedekah online/a_Sedekah Online"), STOP_ON_FAILURE): Object 'Object Repository/sedekah online/a_Sedekah Online' is clickable

2023-10-05 15:51:01 - [MESSAGE][PASSED] - Object 'Object Repository/sedekah online/a_Sedekah Online' is clickable

2023-10-05 15:51:01 - [TEST_STEP][PASSED] - click(findTestObject("sedekah online/a_Sedekah Online")): Object: 'Object Repository/sedekah online/a_Sedekah Online' is clicked on

2023-10-05 15:51:02 - [MESSAGE][PASSED] - Object: 'Object Repository/sedekah online/a_Sedekah Online' is clicked on

2023-10-05 15:51:02 - [TEST_STEP][PASSED] - verifyElementPresent(findTestObject("sedekah online/verifikasi halaman sedekah Online"), 0): Object 'Object Repository/sedekah online/verifikasi halaman sedekah Online' is present

2023-10-05 15:51:03 - [MESSAGE][WARNING] - Timeout '0' is invalid. Using default page load timeout: '30'

2023-10-05 15:51:03 - [MESSAGE][PASSED] - Object 'Object Repository/sedekah online/verifikasi halaman sedekah Online' is present

2023-10-05 15:51:03 - [TEST_STEP][PASSED] - setText(findTestObject("sedekah online/input_Sedekah"), NominalSedekah): Text '25000' is set on object 'Object Repository/sedekah online/input_Sedekah'

2023-10-05 15:51:04 - [MESSAGE][PASSED] - Text '25000' is set on object 'Object Repository/sedekah online/input_Sedekah'

2023-10-05 15:51:04 - [TEST_STEP][PASSED] - setText(findTestObject("sedekah online/input_Nama lengkap (di sedekah online)"), namaLengkap): Text 'john due' is set on object 'Object Repository/sedekah online/input_Nama lengkap (di sedekah online)'

2023-10-05 15:51:05 - [MESSAGE][PASSED] - Text 'john due' is set on object 'Object Repository/sedekah online/input_Nama lengkap (di sedekah online)'

2023-10-05 15:51:05 - [TEST_STEP][PASSED] - setText(findTestObject("sedekah online/input_No Handphone (di sedekah online)"), noHp): Text '0867-5432-1234' is set on object 'Object Repository/sedekah online/input_No Handphone (di sedekah online)'

2023-10-05 15:51:06 - [MESSAGE][PASSED] - Text '0867-5432-1234' is set on object 'Object Repository/sedekah online/input_No Handphone (di sedekah online)'

2023-10-05 15:51:06 - [TEST_STEP][PASSED] - setText(findTestObject("sedekah online/input_Alamat Email (di sedekah online)"), email): Text 'john@gmail.com' is set on object 'Object Repository/sedekah online/input_Alamat Email (di sedekah online)'

2023-10-05 15:51:07 - [MESSAGE][PASSED] - Text 'john@gmail.com' is set on object 'Object Repository/sedekah online/input_Alamat Email (di sedekah online)'

2023-10-05 15:51:07 - [TEST_STEP][PASSED] - selectOptionByValue(findTestObject("Object Repository/sedekah online/dropdown metode pembayaraan"), pembayaran, false): All options with value '1' are selected in object 'Object Repository/sedekah online/dropdown metode pembayaraan' 

2023-10-05 15:51:08 - [MESSAGE][PASSED] - All options with value '1' are selected in object 'Object Repository/sedekah online/dropdown metode pembayaraan' 

2023-10-05 15:51:08 - [TEST_STEP][PASSED] - selectOptionByValue(findTestObject("Object Repository/sedekah online/sedekah ditunjukan untuk keluarga"), sedekahUntuk, false): All options with value 'Orang Tua' are selected in object 'Object Repository/sedekah online/sedekah ditunjukan untuk keluarga' 

2023-10-05 15:51:09 - [MESSAGE][PASSED] - All options with value 'Orang Tua' are selected in object 'Object Repository/sedekah online/sedekah ditunjukan untuk keluarga' 

2023-10-05 15:51:09 - [TEST_STEP][PASSED] - setText(findTestObject("sedekah online/input isi doa terbaik anda"), doa): Text 'Semoga Bermanfaat' is set on object 'Object Repository/sedekah online/input isi doa terbaik anda'

2023-10-05 15:51:10 - [MESSAGE][PASSED] - Text 'Semoga Bermanfaat' is set on object 'Object Repository/sedekah online/input isi doa terbaik anda'

2023-10-05 15:51:10 - [TEST_STEP][PASSED] - setText(findTestObject("sedekah online/input 2 digit terakhir nomor hp"), digitAkhir): Text '34' is set on object 'Object Repository/sedekah online/input 2 digit terakhir nomor hp'

2023-10-05 15:51:11 - [MESSAGE][PASSED] - Text '34' is set on object 'Object Repository/sedekah online/input 2 digit terakhir nomor hp'

2023-10-05 15:51:11 - [TEST_STEP][PASSED] - click(findTestObject("sedekah online/button_Sedekah Sekarang")): Object: 'Object Repository/sedekah online/button_Sedekah Sekarang' is clicked on

2023-10-05 15:51:11 - [MESSAGE][PASSED] - Object: 'Object Repository/sedekah online/button_Sedekah Sekarang' is clicked on

2023-10-05 15:51:11 - [TEST_STEP][FAILED] - verifyTextPresent("Sukses Proses Bersedekah, kami akan segera menghubungi anda! Terima kasih", false): Unable to verify text 'Sukses Proses Bersedekah, kami akan segera menghubungi anda! Terima kasih' is present  (Root cause: com.kms.katalon.core.exception.StepFailedException: Unable to verify text 'Sukses Proses Bersedekah, kami akan segera menghubungi anda! Terima kasih' is present 
	at com.kms.katalon.core.webui.keyword.internal.WebUIKeywordMain.stepFailed(WebUIKeywordMain.groovy:64)
	at com.kms.katalon.core.webui.keyword.internal.WebUIKeywordMain.runKeyword(WebUIKeywordMain.groovy:26)
	at com.kms.katalon.core.webui.keyword.builtin.VerifyTextPresentKeyword.verifyTextPresent(VerifyTextPresentKeyword.groovy:83)
	at com.kms.katalon.core.webui.keyword.builtin.VerifyTextPresentKeyword.execute(VerifyTextPresentKeyword.groovy:68)
	at com.kms.katalon.core.keyword.internal.KeywordExecutor.executeKeywordForPlatform(KeywordExecutor.groovy:74)
	at com.kms.katalon.core.webui.keyword.WebUiBuiltInKeywords.verifyTextPresent(WebUiBuiltInKeywords.groovy:1723)
	at com.kms.katalon.core.webui.keyword.WebUiBuiltInKeywords$verifyTextPresent$8.call(Unknown Source)
	at TC-SO-022.run(TC-SO-022:51)
	at com.kms.katalon.core.main.ScriptEngine.run(ScriptEngine.java:194)
	at com.kms.katalon.core.main.ScriptEngine.runScriptAsRawText(ScriptEngine.java:119)
	at com.kms.katalon.core.main.TestCaseExecutor.runScript(TestCaseExecutor.java:448)
	at com.kms.katalon.core.main.TestCaseExecutor.doExecute(TestCaseExecutor.java:439)
	at com.kms.katalon.core.main.TestCaseExecutor.processExecutionPhase(TestCaseExecutor.java:418)
	at com.kms.katalon.core.main.TestCaseExecutor.accessMainPhase(TestCaseExecutor.java:410)
	at com.kms.katalon.core.main.TestCaseExecutor.execute(TestCaseExecutor.java:285)
	at com.kms.katalon.core.common.CommonExecutor.accessTestCaseMainPhase(CommonExecutor.java:65)
	at com.kms.katalon.core.main.TestSuiteExecutor.accessTestSuiteMainPhase(TestSuiteExecutor.java:148)
	at com.kms.katalon.core.main.TestSuiteExecutor.execute(TestSuiteExecutor.java:106)
	at com.kms.katalon.core.main.TestCaseMain.startTestSuite(TestCaseMain.java:187)
	at com.kms.katalon.core.main.TestCaseMain$startTestSuite$0.call(Unknown Source)
	at TempTestSuite1696495265556.run(TempTestSuite1696495265556.groovy:36)
Caused by: com.kms.katalon.core.exception.StepFailedException: Text 'Sukses Proses Bersedekah, kami akan segera menghubungi anda! Terima kasih' is not present on page 
	at com.kms.katalon.core.webui.keyword.internal.WebUIKeywordMain.stepFailed(WebUIKeywordMain.groovy:64)
	at com.kms.katalon.core.webui.keyword.builtin.VerifyTextPresentKeyword$_verifyTextPresent_closure1.doCall(VerifyTextPresentKeyword.groovy:79)
	at com.kms.katalon.core.webui.keyword.builtin.VerifyTextPresentKeyword$_verifyTextPresent_closure1.call(VerifyTextPresentKeyword.groovy)
	at com.kms.katalon.core.webui.keyword.internal.WebUIKeywordMain.runKeyword(WebUIKeywordMain.groovy:20)
	... 19 more
)

2023-10-05 15:51:13 - [MESSAGE][FAILED] - Text 'Sukses Proses Bersedekah, kami akan segera menghubungi anda! Terima kasih' is not present on page  (Root cause: com.kms.katalon.core.exception.StepFailedException: Text 'Sukses Proses Bersedekah, kami akan segera menghubungi anda! Terima kasih' is not present on page 
	at com.kms.katalon.core.webui.keyword.internal.WebUIKeywordMain.stepFailed(WebUIKeywordMain.groovy:64)
	at com.kms.katalon.core.webui.keyword.builtin.VerifyTextPresentKeyword$_verifyTextPresent_closure1.doCall(VerifyTextPresentKeyword.groovy:79)
	at com.kms.katalon.core.webui.keyword.builtin.VerifyTextPresentKeyword$_verifyTextPresent_closure1.call(VerifyTextPresentKeyword.groovy)
	at com.kms.katalon.core.webui.keyword.internal.WebUIKeywordMain.runKeyword(WebUIKeywordMain.groovy:20)
	at com.kms.katalon.core.webui.keyword.builtin.VerifyTextPresentKeyword.verifyTextPresent(VerifyTextPresentKeyword.groovy:83)
	at com.kms.katalon.core.webui.keyword.builtin.VerifyTextPresentKeyword.execute(VerifyTextPresentKeyword.groovy:68)
	at com.kms.katalon.core.keyword.internal.KeywordExecutor.executeKeywordForPlatform(KeywordExecutor.groovy:74)
	at com.kms.katalon.core.webui.keyword.WebUiBuiltInKeywords.verifyTextPresent(WebUiBuiltInKeywords.groovy:1723)
	at com.kms.katalon.core.webui.keyword.WebUiBuiltInKeywords$verifyTextPresent$8.call(Unknown Source)
	at TC-SO-022.run(TC-SO-022:51)
	at com.kms.katalon.core.main.ScriptEngine.run(ScriptEngine.java:194)
	at com.kms.katalon.core.main.ScriptEngine.runScriptAsRawText(ScriptEngine.java:119)
	at com.kms.katalon.core.main.TestCaseExecutor.runScript(TestCaseExecutor.java:448)
	at com.kms.katalon.core.main.TestCaseExecutor.doExecute(TestCaseExecutor.java:439)
	at com.kms.katalon.core.main.TestCaseExecutor.processExecutionPhase(TestCaseExecutor.java:418)
	at com.kms.katalon.core.main.TestCaseExecutor.accessMainPhase(TestCaseExecutor.java:410)
	at com.kms.katalon.core.main.TestCaseExecutor.execute(TestCaseExecutor.java:285)
	at com.kms.katalon.core.common.CommonExecutor.accessTestCaseMainPhase(CommonExecutor.java:65)
	at com.kms.katalon.core.main.TestSuiteExecutor.accessTestSuiteMainPhase(TestSuiteExecutor.java:148)
	at com.kms.katalon.core.main.TestSuiteExecutor.execute(TestSuiteExecutor.java:106)
	at com.kms.katalon.core.main.TestCaseMain.startTestSuite(TestCaseMain.java:187)
	at com.kms.katalon.core.main.TestCaseMain$startTestSuite$0.call(Unknown Source)
	at TempTestSuite1696495265556.run(TempTestSuite1696495265556.groovy:36)
)

2023-10-05 15:51:13 - [MESSAGE][FAILED] - Unable to verify text 'Sukses Proses Bersedekah, kami akan segera menghubungi anda! Terima kasih' is present  (Root cause: com.kms.katalon.core.exception.StepFailedException: Unable to verify text 'Sukses Proses Bersedekah, kami akan segera menghubungi anda! Terima kasih' is present 
	at com.kms.katalon.core.webui.keyword.internal.WebUIKeywordMain.stepFailed(WebUIKeywordMain.groovy:64)
	at com.kms.katalon.core.webui.keyword.internal.WebUIKeywordMain.runKeyword(WebUIKeywordMain.groovy:26)
	at com.kms.katalon.core.webui.keyword.builtin.VerifyTextPresentKeyword.verifyTextPresent(VerifyTextPresentKeyword.groovy:83)
	at com.kms.katalon.core.webui.keyword.builtin.VerifyTextPresentKeyword.execute(VerifyTextPresentKeyword.groovy:68)
	at com.kms.katalon.core.keyword.internal.KeywordExecutor.executeKeywordForPlatform(KeywordExecutor.groovy:74)
	at com.kms.katalon.core.webui.keyword.WebUiBuiltInKeywords.verifyTextPresent(WebUiBuiltInKeywords.groovy:1723)
	at com.kms.katalon.core.webui.keyword.WebUiBuiltInKeywords$verifyTextPresent$8.call(Unknown Source)
	at TC-SO-022.run(TC-SO-022:51)
	at com.kms.katalon.core.main.ScriptEngine.run(ScriptEngine.java:194)
	at com.kms.katalon.core.main.ScriptEngine.runScriptAsRawText(ScriptEngine.java:119)
	at com.kms.katalon.core.main.TestCaseExecutor.runScript(TestCaseExecutor.java:448)
	at com.kms.katalon.core.main.TestCaseExecutor.doExecute(TestCaseExecutor.java:439)
	at com.kms.katalon.core.main.TestCaseExecutor.processExecutionPhase(TestCaseExecutor.java:418)
	at com.kms.katalon.core.main.TestCaseExecutor.accessMainPhase(TestCaseExecutor.java:410)
	at com.kms.katalon.core.main.TestCaseExecutor.execute(TestCaseExecutor.java:285)
	at com.kms.katalon.core.common.CommonExecutor.accessTestCaseMainPhase(CommonExecutor.java:65)
	at com.kms.katalon.core.main.TestSuiteExecutor.accessTestSuiteMainPhase(TestSuiteExecutor.java:148)
	at com.kms.katalon.core.main.TestSuiteExecutor.execute(TestSuiteExecutor.java:106)
	at com.kms.katalon.core.main.TestCaseMain.startTestSuite(TestCaseMain.java:187)
	at com.kms.katalon.core.main.TestCaseMain$startTestSuite$0.call(Unknown Source)
	at TempTestSuite1696495265556.run(TempTestSuite1696495265556.groovy:36)
Caused by: com.kms.katalon.core.exception.StepFailedException: Text 'Sukses Proses Bersedekah, kami akan segera menghubungi anda! Terima kasih' is not present on page 
	at com.kms.katalon.core.webui.keyword.internal.WebUIKeywordMain.stepFailed(WebUIKeywordMain.groovy:64)
	at com.kms.katalon.core.webui.keyword.builtin.VerifyTextPresentKeyword$_verifyTextPresent_closure1.doCall(VerifyTextPresentKeyword.groovy:79)
	at com.kms.katalon.core.webui.keyword.builtin.VerifyTextPresentKeyword$_verifyTextPresent_closure1.call(VerifyTextPresentKeyword.groovy)
	at com.kms.katalon.core.webui.keyword.internal.WebUIKeywordMain.runKeyword(WebUIKeywordMain.groovy:20)
	... 19 more
)
[[ATTACHMENT|F:\\bootcamp\\Miniproject\\Tajalapak\\Reports\\20231005_154105\\T05 Sedekah Online\\20231005_154105\\1696495873016.png]]]]></system-out>
         <system-err><![CDATA[2023-10-05 15:50:45 - [TEST_CASE][FAILED] - Test Cases/T05 - Sedekah Online/TC-SO-022: Test Cases/T05 - Sedekah Online/TC-SO-022 FAILED.
Reason:
com.kms.katalon.core.exception.StepFailedException: Unable to verify text 'Sukses Proses Bersedekah, kami akan segera menghubungi anda! Terima kasih' is present 
	at com.kms.katalon.core.webui.keyword.internal.WebUIKeywordMain.stepFailed(WebUIKeywordMain.groovy:64)
	at com.kms.katalon.core.webui.keyword.internal.WebUIKeywordMain.runKeyword(WebUIKeywordMain.groovy:26)
	at com.kms.katalon.core.webui.keyword.builtin.VerifyTextPresentKeyword.verifyTextPresent(VerifyTextPresentKeyword.groovy:83)
	at com.kms.katalon.core.webui.keyword.builtin.VerifyTextPresentKeyword.execute(VerifyTextPresentKeyword.groovy:68)
	at com.kms.katalon.core.keyword.internal.KeywordExecutor.executeKeywordForPlatform(KeywordExecutor.groovy:74)
	at com.kms.katalon.core.webui.keyword.WebUiBuiltInKeywords.verifyTextPresent(WebUiBuiltInKeywords.groovy:1723)
	at com.kms.katalon.core.webui.keyword.WebUiBuiltInKeywords$verifyTextPresent$8.call(Unknown Source)
	at TC-SO-022.run(TC-SO-022:51)
	at com.kms.katalon.core.main.ScriptEngine.run(ScriptEngine.java:194)
	at com.kms.katalon.core.main.ScriptEngine.runScriptAsRawText(ScriptEngine.java:119)
	at com.kms.katalon.core.main.TestCaseExecutor.runScript(TestCaseExecutor.java:448)
	at com.kms.katalon.core.main.TestCaseExecutor.doExecute(TestCaseExecutor.java:439)
	at com.kms.katalon.core.main.TestCaseExecutor.processExecutionPhase(TestCaseExecutor.java:418)
	at com.kms.katalon.core.main.TestCaseExecutor.accessMainPhase(TestCaseExecutor.java:410)
	at com.kms.katalon.core.main.TestCaseExecutor.execute(TestCaseExecutor.java:285)
	at com.kms.katalon.core.common.CommonExecutor.accessTestCaseMainPhase(CommonExecutor.java:65)
	at com.kms.katalon.core.main.TestSuiteExecutor.accessTestSuiteMainPhase(TestSuiteExecutor.java:148)
	at com.kms.katalon.core.main.TestSuiteExecutor.execute(TestSuiteExecutor.java:106)
	at com.kms.katalon.core.main.TestCaseMain.startTestSuite(TestCaseMain.java:187)
	at com.kms.katalon.core.main.TestCaseMain$startTestSuite$0.call(Unknown Source)
	at TempTestSuite1696495265556.run(TempTestSuite1696495265556.groovy:36)
Caused by: com.kms.katalon.core.exception.StepFailedException: Text 'Sukses Proses Bersedekah, kami akan segera menghubungi anda! Terima kasih' is not present on page 
	at com.kms.katalon.core.webui.keyword.internal.WebUIKeywordMain.stepFailed(WebUIKeywordMain.groovy:64)
	at com.kms.katalon.core.webui.keyword.builtin.VerifyTextPresentKeyword$_verifyTextPresent_closure1.doCall(VerifyTextPresentKeyword.groovy:79)
	at com.kms.katalon.core.webui.keyword.builtin.VerifyTextPresentKeyword$_verifyTextPresent_closure1.call(VerifyTextPresentKeyword.groovy)
	at com.kms.katalon.core.webui.keyword.internal.WebUIKeywordMain.runKeyword(WebUIKeywordMain.groovy:20)
	... 19 more]]></system-err>
      </testcase>
      <system-out><![CDATA[2023-10-05 15:41:47 - [TEST_SUITE][FAILED] - T05 Sedekah Online: Test Cases/T05 - Sedekah Online/TC-SO-002 FAILED.
Reason:
com.kms.katalon.core.exception.StepFailedException: Verify element text of test object 'Object Repository/sedekah online/verifikasi sukses berdonasi' FAILED.
	at com.kms.katalon.core.webui.keyword.internal.WebUIKeywordMain.stepFailed(WebUIKeywordMain.groovy:64)
	at com.kms.katalon.core.webui.keyword.internal.WebUIKeywordMain.runKeyword(WebUIKeywordMain.groovy:26)
	at com.kms.katalon.core.webui.keyword.builtin.VerifyElementTextKeyword.verifyElementText(VerifyElementTextKeyword.groovy:72)
	at com.kms.katalon.core.webui.keyword.builtin.VerifyElementTextKeyword.execute(VerifyElementTextKeyword.groovy:40)
	at com.kms.katalon.core.keyword.internal.KeywordExecutor.executeKeywordForPlatform(KeywordExecutor.groovy:74)
	at com.kms.katalon.core.webui.keyword.WebUiBuiltInKeywords.verifyElementText(WebUiBuiltInKeywords.groovy:4749)
	at com.kms.katalon.core.webui.keyword.WebUiBuiltInKeywords$verifyElementText$7.call(Unknown Source)
	at TC-SO-002.run(TC-SO-002:54)
	at com.kms.katalon.core.main.ScriptEngine.run(ScriptEngine.java:194)
	at com.kms.katalon.core.main.ScriptEngine.runScriptAsRawText(ScriptEngine.java:119)
	at com.kms.katalon.core.main.TestCaseExecutor.runScript(TestCaseExecutor.java:448)
	at com.kms.katalon.core.main.TestCaseExecutor.doExecute(TestCaseExecutor.java:439)
	at com.kms.katalon.core.main.TestCaseExecutor.processExecutionPhase(TestCaseExecutor.java:418)
	at com.kms.katalon.core.main.TestCaseExecutor.accessMainPhase(TestCaseExecutor.java:410)
	at com.kms.katalon.core.main.TestCaseExecutor.execute(TestCaseExecutor.java:285)
	at com.kms.katalon.core.common.CommonExecutor.accessTestCaseMainPhase(CommonExecutor.java:65)
	at com.kms.katalon.core.main.TestSuiteExecutor.accessTestSuiteMainPhase(TestSuiteExecutor.java:148)
	at com.kms.katalon.core.main.TestSuiteExecutor.execute(TestSuiteExecutor.java:106)
	at com.kms.katalon.core.main.TestCaseMain.startTestSuite(TestCaseMain.java:187)
	at com.kms.katalon.core.main.TestCaseMain$startTestSuite$0.call(Unknown Source)
	at TempTestSuite1696495265556.run(TempTestSuite1696495265556.groovy:36)
Caused by: com.kms.katalon.core.exception.StepFailedException: Actual text 'Sukses Proses Bersedekah, kami akan segera menghubungi anda! Terima kasih' and expected text 'Minimal nominal sedekah Online Rp 25.000' of test object 'Object Repository/sedekah online/verifikasi sukses berdonasi' are NOT matched.
	at com.kms.katalon.core.webui.keyword.internal.WebUIKeywordMain.stepFailed(WebUIKeywordMain.groovy:64)
	at com.kms.katalon.core.webui.keyword.builtin.VerifyElementTextKeyword$_verifyElementText_closure1.doCall(VerifyElementTextKeyword.groovy:57)
	at com.kms.katalon.core.webui.keyword.builtin.VerifyElementTextKeyword$_verifyElementText_closure1.call(VerifyElementTextKeyword.groovy)
	at com.kms.katalon.core.webui.keyword.internal.WebUIKeywordMain.runKeyword(WebUIKeywordMain.groovy:20)
	... 19 more]]></system-out>
      <system-err><![CDATA[2023-10-05 15:41:47 - [TEST_SUITE][FAILED] - T05 Sedekah Online: Test Cases/T05 - Sedekah Online/TC-SO-002 FAILED.
Reason:
com.kms.katalon.core.exception.StepFailedException: Verify element text of test object 'Object Repository/sedekah online/verifikasi sukses berdonasi' FAILED.
	at com.kms.katalon.core.webui.keyword.internal.WebUIKeywordMain.stepFailed(WebUIKeywordMain.groovy:64)
	at com.kms.katalon.core.webui.keyword.internal.WebUIKeywordMain.runKeyword(WebUIKeywordMain.groovy:26)
	at com.kms.katalon.core.webui.keyword.builtin.VerifyElementTextKeyword.verifyElementText(VerifyElementTextKeyword.groovy:72)
	at com.kms.katalon.core.webui.keyword.builtin.VerifyElementTextKeyword.execute(VerifyElementTextKeyword.groovy:40)
	at com.kms.katalon.core.keyword.internal.KeywordExecutor.executeKeywordForPlatform(KeywordExecutor.groovy:74)
	at com.kms.katalon.core.webui.keyword.WebUiBuiltInKeywords.verifyElementText(WebUiBuiltInKeywords.groovy:4749)
	at com.kms.katalon.core.webui.keyword.WebUiBuiltInKeywords$verifyElementText$7.call(Unknown Source)
	at TC-SO-002.run(TC-SO-002:54)
	at com.kms.katalon.core.main.ScriptEngine.run(ScriptEngine.java:194)
	at com.kms.katalon.core.main.ScriptEngine.runScriptAsRawText(ScriptEngine.java:119)
	at com.kms.katalon.core.main.TestCaseExecutor.runScript(TestCaseExecutor.java:448)
	at com.kms.katalon.core.main.TestCaseExecutor.doExecute(TestCaseExecutor.java:439)
	at com.kms.katalon.core.main.TestCaseExecutor.processExecutionPhase(TestCaseExecutor.java:418)
	at com.kms.katalon.core.main.TestCaseExecutor.accessMainPhase(TestCaseExecutor.java:410)
	at com.kms.katalon.core.main.TestCaseExecutor.execute(TestCaseExecutor.java:285)
	at com.kms.katalon.core.common.CommonExecutor.accessTestCaseMainPhase(CommonExecutor.java:65)
	at com.kms.katalon.core.main.TestSuiteExecutor.accessTestSuiteMainPhase(TestSuiteExecutor.java:148)
	at com.kms.katalon.core.main.TestSuiteExecutor.execute(TestSuiteExecutor.java:106)
	at com.kms.katalon.core.main.TestCaseMain.startTestSuite(TestCaseMain.java:187)
	at com.kms.katalon.core.main.TestCaseMain$startTestSuite$0.call(Unknown Source)
	at TempTestSuite1696495265556.run(TempTestSuite1696495265556.groovy:36)
Caused by: com.kms.katalon.core.exception.StepFailedException: Actual text 'Sukses Proses Bersedekah, kami akan segera menghubungi anda! Terima kasih' and expected text 'Minimal nominal sedekah Online Rp 25.000' of test object 'Object Repository/sedekah online/verifikasi sukses berdonasi' are NOT matched.
	at com.kms.katalon.core.webui.keyword.internal.WebUIKeywordMain.stepFailed(WebUIKeywordMain.groovy:64)
	at com.kms.katalon.core.webui.keyword.builtin.VerifyElementTextKeyword$_verifyElementText_closure1.doCall(VerifyElementTextKeyword.groovy:57)
	at com.kms.katalon.core.webui.keyword.builtin.VerifyElementTextKeyword$_verifyElementText_closure1.call(VerifyElementTextKeyword.groovy)
	at com.kms.katalon.core.webui.keyword.internal.WebUIKeywordMain.runKeyword(WebUIKeywordMain.groovy:20)
	... 19 more]]></system-err>
   </testsuite>
</testsuites>
